[START] 2026-03-18 20:46:08
[GPU] 3
[TASK] 5/60
[NAME] blue_splicing_promptad
[REPEAT] 5/10
[COMMAND] python train_hybrid.py --data_name blue_splicing --mask True --text True --double_encoder True --few_shot True --shot 1 --hybrid_model promptad --hybrid_weight 0.3 --hybrid_batch_size 16 --epoch 100 --log True --lr 5e-4 --detection True --preprocess True

/home/seungeon/miniconda3/envs/LAB/lib/python3.10/site-packages/timm/models/layers/__init__.py:48: FutureWarning: Importing from timm.models.layers is deprecated, please import via timm.layers
  warnings.warn(f"Importing from {__name__} is deprecated, please import via timm.layers", FutureWarning)
/home/seungeon/Workspace/side/vlm/train_hybrid.py:18: DeprecationWarning: The distutils package is deprecated and slated for removal in Python 3.12. Use setuptools or check PEP 632 for potential alternatives
  from distutils.util import strtobool
Torch version: 2.9.1+cu128
cuda is loaded for process
here?
In my local computer
Namespace(epoch=100, gpu_number='0', data_name='blue_splicing', lr=0.0005, batch_size=6, shuffle=True, seed=0, tag='default', model_name='ViT-B-32', pretrained_name='laion2b_s34b_b79k', lora=1, default=False, foundation='CLIP', detection=1, preprocess=1, num_rule=0, object_names=['a photo of orange connector', 'a photo of blue cable', 'a photo of yellow cable', 'a photo of red cable', 'a photo of metal panel'], objects_for_rules=[['a photo of orange connector'], ['a photo of orange connector'], ['a photo of blue cable'], ['a photo of blue cable'], ['a photo of orange connector'], ['a photo of orange connector', 'a photo of blue cable']], texts_for_rules=[['a photo of orange connector'], ['a photo of orange connector'], ['a photo of cable'], ['a photo of yellow cable'], ['a photo of blue cable'], ['a photo of orange connector and blue cable']], mask=1, text=1, score='mean', ciriculam_learning=False, few_shot=1, shot=1, log=1, neg_loss=0, double_encoder=1, pretrained_count_path=None, ris=0, rule_select='', rule_list=[], num_negative=5, hybrid_model='promptad', hybrid_weight=0.3, hybrid_class_name='', hybrid_batch_size=16, hybrid_backbone='ViT-B-16-plus-240', hybrid_pretrained_dataset='laion400m_e32', hybrid_scales=[2, 3], hybrid_img_resize=240, hybrid_img_cropsize=240, hybrid_resolution=400, hybrid_promptad_epoch=100, hybrid_promptad_lr=0.002, hybrid_promptad_momentum=0.9, hybrid_promptad_weight_decay=0.0005, hybrid_promptad_eta_min=1e-05, hybrid_promptad_lambda1=0.001, hybrid_promptad_n_ctx=4, hybrid_promptad_n_pro=3, hybrid_promptad_n_ctx_ab=1, hybrid_promptad_n_pro_ab=4, early_stop_k=10, result_log_path='./results/train_hybrid_result.csv')
[Hybrid] method=promptad, class_name=splicing_connectors, train=1, eval=70, base_path=/data3/seungeon/data/image/mvtec_loco_anomaly_detection/blue_splicing
[Hybrid-only] LA_AUC=0.72167, LA_AUPRC=0.76263, LA_F1=0.78431
[Data Description]
- Train: 1
- Test: 70

Train Start
[Test ROC-AUC]  -  SA: 0.00000,  LA: 0.54417
[Test AUPRC]  -  LA: 0.63255
[Test F1-max]  -  LA: 0.72727
Epoch: 0 | Loss: 10.360654830932617  | Negative Loss: 0.0
[Test ROC-AUC]  -  SA: 0.00000,  LA: 0.54750
[Test AUPRC]  -  LA: 0.66111
[Test F1-max]  -  LA: 0.72727
Epoch: 1 | Loss: 10.294073104858398  | Negative Loss: 0.0
[Test ROC-AUC]  -  SA: 0.00000,  LA: 0.59833
[Test AUPRC]  -  LA: 0.70345
[Test F1-max]  -  LA: 0.72897
Epoch: 2 | Loss: 9.474632263183594  | Negative Loss: 0.0
[Test ROC-AUC]  -  SA: 0.00000,  LA: 0.65583
[Test AUPRC]  -  LA: 0.71532
[Test F1-max]  -  LA: 0.74510
Epoch: 3 | Loss: 8.204574584960938  | Negative Loss: 0.0
[Test ROC-AUC]  -  SA: 0.00000,  LA: 0.68417
[Test AUPRC]  -  LA: 0.70638
[Test F1-max]  -  LA: 0.76289
Epoch: 4 | Loss: 6.734891891479492  | Negative Loss: 0.0
[Test ROC-AUC]  -  SA: 0.00000,  LA: 0.69583
[Test AUPRC]  -  LA: 0.72218
[Test F1-max]  -  LA: 0.77083
Epoch: 5 | Loss: 5.386032581329346  | Negative Loss: 0.0
[Test ROC-AUC]  -  SA: 0.00000,  LA: 0.69583
[Test AUPRC]  -  LA: 0.72234
[Test F1-max]  -  LA: 0.78723
Epoch: 6 | Loss: 4.214548587799072  | Negative Loss: 0.0
[Test ROC-AUC]  -  SA: 0.00000,  LA: 0.69917
[Test AUPRC]  -  LA: 0.72328
[Test F1-max]  -  LA: 0.78723
Epoch: 7 | Loss: 3.272718906402588  | Negative Loss: 0.0
[Test ROC-AUC]  -  SA: 0.00000,  LA: 0.69417
[Test AUPRC]  -  LA: 0.71755
[Test F1-max]  -  LA: 0.75728
Epoch: 8 | Loss: 2.514016628265381  | Negative Loss: 0.0
[Test ROC-AUC]  -  SA: 0.00000,  LA: 0.69250
[Test AUPRC]  -  LA: 0.71953
[Test F1-max]  -  LA: 0.76000
Epoch: 9 | Loss: 1.8890308141708374  | Negative Loss: 0.0
[Test ROC-AUC]  -  SA: 0.00000,  LA: 0.69667
[Test AUPRC]  -  LA: 0.71824
[Test F1-max]  -  LA: 0.77228
Epoch: 10 | Loss: 1.3945989608764648  | Negative Loss: 0.0
[Test ROC-AUC]  -  SA: 0.00000,  LA: 0.69583
[Test AUPRC]  -  LA: 0.72061
[Test F1-max]  -  LA: 0.78000
Epoch: 11 | Loss: 1.0130962133407593  | Negative Loss: 0.0
[Test ROC-AUC]  -  SA: 0.00000,  LA: 0.70333
[Test AUPRC]  -  LA: 0.72499
[Test F1-max]  -  LA: 0.78000
Epoch: 12 | Loss: 0.7269706726074219  | Negative Loss: 0.0
[Test ROC-AUC]  -  SA: 0.00000,  LA: 0.70583
[Test AUPRC]  -  LA: 0.72426
[Test F1-max]  -  LA: 0.78788
Epoch: 13 | Loss: 0.5142330527305603  | Negative Loss: 0.0
[Test ROC-AUC]  -  SA: 0.00000,  LA: 0.71000
[Test AUPRC]  -  LA: 0.73803
[Test F1-max]  -  LA: 0.78788
Epoch: 14 | Loss: 0.3557431399822235  | Negative Loss: 0.0
[Test ROC-AUC]  -  SA: 0.00000,  LA: 0.71250
[Test AUPRC]  -  LA: 0.74071
[Test F1-max]  -  LA: 0.78788
Epoch: 15 | Loss: 0.24149645864963531  | Negative Loss: 0.0
[Test ROC-AUC]  -  SA: 0.00000,  LA: 0.71250
[Test AUPRC]  -  LA: 0.74576
[Test F1-max]  -  LA: 0.78788
Epoch: 16 | Loss: 0.16195803880691528  | Negative Loss: 0.0
[Test ROC-AUC]  -  SA: 0.00000,  LA: 0.71333
[Test AUPRC]  -  LA: 0.74659
[Test F1-max]  -  LA: 0.78788
Epoch: 17 | Loss: 0.10767042636871338  | Negative Loss: 0.0
[Test ROC-AUC]  -  SA: 0.00000,  LA: 0.71500
[Test AUPRC]  -  LA: 0.75027
[Test F1-max]  -  LA: 0.78788
Epoch: 18 | Loss: 0.07116060703992844  | Negative Loss: 0.0
[Test ROC-AUC]  -  SA: 0.00000,  LA: 0.71083
[Test AUPRC]  -  LA: 0.74767
[Test F1-max]  -  LA: 0.78788
Epoch: 19 | Loss: 0.047053102403879166  | Negative Loss: 0.0
[Test ROC-AUC]  -  SA: 0.00000,  LA: 0.71000
[Test AUPRC]  -  LA: 0.74715
[Test F1-max]  -  LA: 0.78788
Epoch: 20 | Loss: 0.031080786138772964  | Negative Loss: 0.0
[Test ROC-AUC]  -  SA: 0.00000,  LA: 0.71167
[Test AUPRC]  -  LA: 0.74825
[Test F1-max]  -  LA: 0.78788
Epoch: 21 | Loss: 0.020688245072960854  | Negative Loss: 0.0
[Test ROC-AUC]  -  SA: 0.00000,  LA: 0.71250
[Test AUPRC]  -  LA: 0.74900
[Test F1-max]  -  LA: 0.78788
Epoch: 22 | Loss: 0.01384036522358656  | Negative Loss: 0.0
[Test ROC-AUC]  -  SA: 0.00000,  LA: 0.70833
[Test AUPRC]  -  LA: 0.74322
[Test F1-max]  -  LA: 0.78788
Epoch: 23 | Loss: 0.009330032393336296  | Negative Loss: 0.0
[Test ROC-AUC]  -  SA: 0.00000,  LA: 0.70500
[Test AUPRC]  -  LA: 0.74257
[Test F1-max]  -  LA: 0.78788
Epoch: 24 | Loss: 0.006356429308652878  | Negative Loss: 0.0
[Test ROC-AUC]  -  SA: 0.00000,  LA: 0.70417
[Test AUPRC]  -  LA: 0.74191
[Test F1-max]  -  LA: 0.78788
Epoch: 25 | Loss: 0.004382315557450056  | Negative Loss: 0.0
[Test ROC-AUC]  -  SA: 0.00000,  LA: 0.70250
[Test AUPRC]  -  LA: 0.74148
[Test F1-max]  -  LA: 0.78788
Epoch: 26 | Loss: 0.0030646498780697584  | Negative Loss: 0.0
[Test ROC-AUC]  -  SA: 0.00000,  LA: 0.69917
[Test AUPRC]  -  LA: 0.74223
[Test F1-max]  -  LA: 0.78788
Epoch: 27 | Loss: 0.0021761064417660236  | Negative Loss: 0.0
[Test ROC-AUC]  -  SA: 0.00000,  LA: 0.70083
[Test AUPRC]  -  LA: 0.74425
[Test F1-max]  -  LA: 0.78788
Epoch: 28 | Loss: 0.0015720796072855592  | Negative Loss: 0.0
[Test ROC-AUC]  -  SA: 0.00000,  LA: 0.69000
[Test AUPRC]  -  LA: 0.73718
[Test F1-max]  -  LA: 0.79592
Epoch: 29 | Loss: 0.001156578422524035  | Negative Loss: 0.0
[Test ROC-AUC]  -  SA: 0.00000,  LA: 0.68833
[Test AUPRC]  -  LA: 0.73493
[Test F1-max]  -  LA: 0.79592
Epoch: 30 | Loss: 0.0008657437283545732  | Negative Loss: 0.0
[Test ROC-AUC]  -  SA: 0.00000,  LA: 0.69333
[Test AUPRC]  -  LA: 0.74180
[Test F1-max]  -  LA: 0.79592
Epoch: 31 | Loss: 0.0006586405797861516  | Negative Loss: 0.0
[Test ROC-AUC]  -  SA: 0.00000,  LA: 0.69333
[Test AUPRC]  -  LA: 0.74665
[Test F1-max]  -  LA: 0.79592
Epoch: 32 | Loss: 0.0005089589394629002  | Negative Loss: 0.0
[Test ROC-AUC]  -  SA: 0.00000,  LA: 0.69250
[Test AUPRC]  -  LA: 0.74765
[Test F1-max]  -  LA: 0.79592
Epoch: 33 | Loss: 0.00039966939948499203  | Negative Loss: 0.0
[Test ROC-AUC]  -  SA: 0.00000,  LA: 0.69250
[Test AUPRC]  -  LA: 0.74859
[Test F1-max]  -  LA: 0.79592
Epoch: 34 | Loss: 0.0003187410475220531  | Negative Loss: 0.0
[Test ROC-AUC]  -  SA: 0.00000,  LA: 0.69167
[Test AUPRC]  -  LA: 0.74946
[Test F1-max]  -  LA: 0.78788
Epoch: 35 | Loss: 0.0002578338317107409  | Negative Loss: 0.0
[Test ROC-AUC]  -  SA: 0.00000,  LA: 0.68750
[Test AUPRC]  -  LA: 0.74772
[Test F1-max]  -  LA: 0.79208
Epoch: 36 | Loss: 0.00021182437194511294  | Negative Loss: 0.0
[Test ROC-AUC]  -  SA: 0.00000,  LA: 0.68250
[Test AUPRC]  -  LA: 0.74837
[Test F1-max]  -  LA: 0.78431
Epoch: 37 | Loss: 0.00017654174007475376  | Negative Loss: 0.0
[Test ROC-AUC]  -  SA: 0.00000,  LA: 0.67667
[Test AUPRC]  -  LA: 0.74510
[Test F1-max]  -  LA: 0.78431
Epoch: 38 | Loss: 0.00014888735313434154  | Negative Loss: 0.0
[Test ROC-AUC]  -  SA: 0.00000,  LA: 0.67083
[Test AUPRC]  -  LA: 0.74029
[Test F1-max]  -  LA: 0.78431
Epoch: 39 | Loss: 0.00012743107799906284  | Negative Loss: 0.0
[Test ROC-AUC]  -  SA: 0.00000,  LA: 0.67250
[Test AUPRC]  -  LA: 0.74337
[Test F1-max]  -  LA: 0.78431
Epoch: 40 | Loss: 0.00011002747487509623  | Negative Loss: 0.0
[Test ROC-AUC]  -  SA: 0.00000,  LA: 0.67583
[Test AUPRC]  -  LA: 0.74634
[Test F1-max]  -  LA: 0.78431
Epoch: 41 | Loss: 9.608065010979772e-05  | Negative Loss: 0.0
[Test ROC-AUC]  -  SA: 0.00000,  LA: 0.67583
[Test AUPRC]  -  LA: 0.75141
[Test F1-max]  -  LA: 0.78431
Epoch: 42 | Loss: 8.487544255331159e-05  | Negative Loss: 0.0
[Test ROC-AUC]  -  SA: 0.00000,  LA: 0.67417
[Test AUPRC]  -  LA: 0.74919
[Test F1-max]  -  LA: 0.78431
Epoch: 43 | Loss: 7.545824337285012e-05  | Negative Loss: 0.0
[Test ROC-AUC]  -  SA: 0.00000,  LA: 0.67417
[Test AUPRC]  -  LA: 0.74984
[Test F1-max]  -  LA: 0.78431
Epoch: 44 | Loss: 6.782908894820139e-05  | Negative Loss: 0.0
[Test ROC-AUC]  -  SA: 0.00000,  LA: 0.67417
[Test AUPRC]  -  LA: 0.74984
[Test F1-max]  -  LA: 0.78431
Epoch: 45 | Loss: 6.151117850095034e-05  | Negative Loss: 0.0
[Test ROC-AUC]  -  SA: 0.00000,  LA: 0.67667
[Test AUPRC]  -  LA: 0.75228
[Test F1-max]  -  LA: 0.78431
Epoch: 46 | Loss: 5.6027693062787876e-05  | Negative Loss: 0.0
[Test ROC-AUC]  -  SA: 0.00000,  LA: 0.67583
[Test AUPRC]  -  LA: 0.75354
[Test F1-max]  -  LA: 0.78431
Epoch: 47 | Loss: 5.1617054850794375e-05  | Negative Loss: 0.0
[Test ROC-AUC]  -  SA: 0.00000,  LA: 0.67750
[Test AUPRC]  -  LA: 0.75316
[Test F1-max]  -  LA: 0.78431
Epoch: 48 | Loss: 4.768323196913116e-05  | Negative Loss: 0.0
[Test ROC-AUC]  -  SA: 0.00000,  LA: 0.67750
[Test AUPRC]  -  LA: 0.75356
[Test F1-max]  -  LA: 0.78431
Epoch: 49 | Loss: 4.4226231693755835e-05  | Negative Loss: 0.0
[Test ROC-AUC]  -  SA: 0.00000,  LA: 0.67917
[Test AUPRC]  -  LA: 0.75657
[Test F1-max]  -  LA: 0.78431
Epoch: 50 | Loss: 4.160367461736314e-05  | Negative Loss: 0.0
[Test ROC-AUC]  -  SA: 0.00000,  LA: 0.68000
[Test AUPRC]  -  LA: 0.75721
[Test F1-max]  -  LA: 0.78431
Epoch: 51 | Loss: 3.898111390299164e-05  | Negative Loss: 0.0
[Test ROC-AUC]  -  SA: 0.00000,  LA: 0.68000
[Test AUPRC]  -  LA: 0.75732
[Test F1-max]  -  LA: 0.78431
Epoch: 52 | Loss: 3.6835383070865646e-05  | Negative Loss: 0.0
[Test ROC-AUC]  -  SA: 0.00000,  LA: 0.67917
[Test AUPRC]  -  LA: 0.75437
[Test F1-max]  -  LA: 0.78431
Epoch: 53 | Loss: 3.4928059903904796e-05  | Negative Loss: 0.0
[Test ROC-AUC]  -  SA: 0.00000,  LA: 0.68083
[Test AUPRC]  -  LA: 0.75345
[Test F1-max]  -  LA: 0.78431
Epoch: 54 | Loss: 3.3139946026494727e-05  | Negative Loss: 0.0
[Test ROC-AUC]  -  SA: 0.00000,  LA: 0.68083
[Test AUPRC]  -  LA: 0.75345
[Test F1-max]  -  LA: 0.78431
Epoch: 55 | Loss: 3.1709456379758194e-05  | Negative Loss: 0.0
[Test ROC-AUC]  -  SA: 0.00000,  LA: 0.68167
[Test AUPRC]  -  LA: 0.75373
[Test F1-max]  -  LA: 0.78431
Epoch: 56 | Loss: 3.0398170565604232e-05  | Negative Loss: 0.0
[Test ROC-AUC]  -  SA: 0.00000,  LA: 0.68000
[Test AUPRC]  -  LA: 0.75310
[Test F1-max]  -  LA: 0.78431
Epoch: 57 | Loss: 2.9325299692573026e-05  | Negative Loss: 0.0
[Test ROC-AUC]  -  SA: 0.00000,  LA: 0.68125
[Test AUPRC]  -  LA: 0.75409
[Test F1-max]  -  LA: 0.78431
Epoch: 58 | Loss: 2.825242881954182e-05  | Negative Loss: 0.0
[Test ROC-AUC]  -  SA: 0.00000,  LA: 0.68167
[Test AUPRC]  -  LA: 0.75431
[Test F1-max]  -  LA: 0.78431
Epoch: 59 | Loss: 2.7298767236061394e-05  | Negative Loss: 0.0
[Test ROC-AUC]  -  SA: 0.00000,  LA: 0.68167
[Test AUPRC]  -  LA: 0.75431
[Test F1-max]  -  LA: 0.78431
Epoch: 60 | Loss: 2.6345102014602162e-05  | Negative Loss: 0.0
[Test ROC-AUC]  -  SA: 0.00000,  LA: 0.68250
[Test AUPRC]  -  LA: 0.75486
[Test F1-max]  -  LA: 0.78431
Epoch: 61 | Loss: 2.5629855372244492e-05  | Negative Loss: 0.0
[Test ROC-AUC]  -  SA: 0.00000,  LA: 0.68250
[Test AUPRC]  -  LA: 0.75510
[Test F1-max]  -  LA: 0.78431
Epoch: 62 | Loss: 2.5153023671009578e-05  | Negative Loss: 0.0
[Test ROC-AUC]  -  SA: 0.00000,  LA: 0.68333
[Test AUPRC]  -  LA: 0.75572
[Test F1-max]  -  LA: 0.78431
Epoch: 63 | Loss: 2.4318565920111723e-05  | Negative Loss: 0.0
[Test ROC-AUC]  -  SA: 0.00000,  LA: 0.68250
[Test AUPRC]  -  LA: 0.75375
[Test F1-max]  -  LA: 0.78431
Epoch: 64 | Loss: 2.384173421887681e-05  | Negative Loss: 0.0
[Test ROC-AUC]  -  SA: 0.00000,  LA: 0.68250
[Test AUPRC]  -  LA: 0.75273
[Test F1-max]  -  LA: 0.78431
Epoch: 65 | Loss: 2.3364902517641895e-05  | Negative Loss: 0.0
[Test ROC-AUC]  -  SA: 0.00000,  LA: 0.68250
[Test AUPRC]  -  LA: 0.75273
[Test F1-max]  -  LA: 0.78431
Epoch: 66 | Loss: 2.3007276467978954e-05  | Negative Loss: 0.0
[Test ROC-AUC]  -  SA: 0.00000,  LA: 0.68250
[Test AUPRC]  -  LA: 0.75273
[Test F1-max]  -  LA: 0.78431
Epoch: 67 | Loss: 2.253044476674404e-05  | Negative Loss: 0.0
[Test ROC-AUC]  -  SA: 0.00000,  LA: 0.68250
[Test AUPRC]  -  LA: 0.75273
[Test F1-max]  -  LA: 0.78431
Epoch: 68 | Loss: 2.181519266741816e-05  | Negative Loss: 0.0
[Test ROC-AUC]  -  SA: 0.00000,  LA: 0.68250
[Test AUPRC]  -  LA: 0.75273
[Test F1-max]  -  LA: 0.78431
Epoch: 69 | Loss: 2.1457570255734026e-05  | Negative Loss: 0.0
[Test ROC-AUC]  -  SA: 0.00000,  LA: 0.68250
[Test AUPRC]  -  LA: 0.75273
[Test F1-max]  -  LA: 0.78431
Epoch: 70 | Loss: 2.1219153495621867e-05  | Negative Loss: 0.0
[Test ROC-AUC]  -  SA: 0.00000,  LA: 0.68250
[Test AUPRC]  -  LA: 0.75375
[Test F1-max]  -  LA: 0.78431
Epoch: 71 | Loss: 2.0861525626969524e-05  | Negative Loss: 0.0
[Test ROC-AUC]  -  SA: 0.00000,  LA: 0.68333
[Test AUPRC]  -  LA: 0.75475
[Test F1-max]  -  LA: 0.78431
Epoch: 72 | Loss: 2.0503901396295987e-05  | Negative Loss: 0.0
[Test ROC-AUC]  -  SA: 0.00000,  LA: 0.68333
[Test AUPRC]  -  LA: 0.75475
[Test F1-max]  -  LA: 0.78431
Epoch: 73 | Loss: 2.038469392573461e-05  | Negative Loss: 0.0
[Test ROC-AUC]  -  SA: 0.00000,  LA: 0.68333
[Test AUPRC]  -  LA: 0.75475
[Test F1-max]  -  LA: 0.78431
Epoch: 74 | Loss: 2.0146278984611854e-05  | Negative Loss: 0.0
[Test ROC-AUC]  -  SA: 0.00000,  LA: 0.68417
[Test AUPRC]  -  LA: 0.75502
[Test F1-max]  -  LA: 0.79208
Epoch: 75 | Loss: 1.9788652934948914e-05  | Negative Loss: 0.0
[Test ROC-AUC]  -  SA: 0.00000,  LA: 0.68458
[Test AUPRC]  -  LA: 0.75229
[Test F1-max]  -  LA: 0.79208
Epoch: 76 | Loss: 1.9431026885285974e-05  | Negative Loss: 0.0
[Test ROC-AUC]  -  SA: 0.00000,  LA: 0.68333
[Test AUPRC]  -  LA: 0.75167
[Test F1-max]  -  LA: 0.79208
Epoch: 77 | Loss: 1.9311819414724596e-05  | Negative Loss: 0.0
[Test ROC-AUC]  -  SA: 0.00000,  LA: 0.68333
[Test AUPRC]  -  LA: 0.75167
[Test F1-max]  -  LA: 0.79208
Epoch: 78 | Loss: 1.9073402654612437e-05  | Negative Loss: 0.0
[Test ROC-AUC]  -  SA: 0.00000,  LA: 0.68333
[Test AUPRC]  -  LA: 0.75167
[Test F1-max]  -  LA: 0.79208
Epoch: 79 | Loss: 1.895419518405106e-05  | Negative Loss: 0.0
[Test ROC-AUC]  -  SA: 0.00000,  LA: 0.68333
[Test AUPRC]  -  LA: 0.75167
[Test F1-max]  -  LA: 0.79208
Epoch: 80 | Loss: 1.8715776604949497e-05  | Negative Loss: 0.0
[Test ROC-AUC]  -  SA: 0.00000,  LA: 0.68500
[Test AUPRC]  -  LA: 0.75274
[Test F1-max]  -  LA: 0.79208
Epoch: 81 | Loss: 1.8477359844837338e-05  | Negative Loss: 0.0
[Test ROC-AUC]  -  SA: 0.00000,  LA: 0.68500
[Test AUPRC]  -  LA: 0.75274
[Test F1-max]  -  LA: 0.79208
Epoch: 82 | Loss: 1.835815237427596e-05  | Negative Loss: 0.0
[Test ROC-AUC]  -  SA: 0.00000,  LA: 0.68500
[Test AUPRC]  -  LA: 0.75274
[Test F1-max]  -  LA: 0.79208
Epoch: 83 | Loss: 1.823894308472518e-05  | Negative Loss: 0.0
[Test ROC-AUC]  -  SA: 0.00000,  LA: 0.68500
[Test AUPRC]  -  LA: 0.75274
[Test F1-max]  -  LA: 0.79208
Epoch: 84 | Loss: 1.800052632461302e-05  | Negative Loss: 0.0
[Test ROC-AUC]  -  SA: 0.00000,  LA: 0.68500
[Test AUPRC]  -  LA: 0.75274
[Test F1-max]  -  LA: 0.79208
Epoch: 85 | Loss: 1.800052632461302e-05  | Negative Loss: 0.0
[Test ROC-AUC]  -  SA: 0.00000,  LA: 0.68500
[Test AUPRC]  -  LA: 0.75274
[Test F1-max]  -  LA: 0.79208
Epoch: 86 | Loss: 1.776210956450086e-05  | Negative Loss: 0.0
[Test ROC-AUC]  -  SA: 0.00000,  LA: 0.68500
[Test AUPRC]  -  LA: 0.75274
[Test F1-max]  -  LA: 0.79208
Epoch: 87 | Loss: 1.740448351483792e-05  | Negative Loss: 0.0
[Test ROC-AUC]  -  SA: 0.00000,  LA: 0.68583
[Test AUPRC]  -  LA: 0.75362
[Test F1-max]  -  LA: 0.79208
Epoch: 88 | Loss: 1.728527422528714e-05  | Negative Loss: 0.0
[Test ROC-AUC]  -  SA: 0.00000,  LA: 0.68417
[Test AUPRC]  -  LA: 0.75169
[Test F1-max]  -  LA: 0.79208
Epoch: 89 | Loss: 1.7166066754725762e-05  | Negative Loss: 0.0
[Test ROC-AUC]  -  SA: 0.00000,  LA: 0.68417
[Test AUPRC]  -  LA: 0.75169
[Test F1-max]  -  LA: 0.79208
Epoch: 90 | Loss: 1.704685746517498e-05  | Negative Loss: 0.0
[Test ROC-AUC]  -  SA: 0.00000,  LA: 0.68500
[Test AUPRC]  -  LA: 0.75119
[Test F1-max]  -  LA: 0.79208
Epoch: 91 | Loss: 1.6927649994613603e-05  | Negative Loss: 0.0
[Test ROC-AUC]  -  SA: 0.00000,  LA: 0.68500
[Test AUPRC]  -  LA: 0.75119
[Test F1-max]  -  LA: 0.79208
Epoch: 92 | Loss: 1.6927649994613603e-05  | Negative Loss: 0.0
[Test ROC-AUC]  -  SA: 0.00000,  LA: 0.68500
[Test AUPRC]  -  LA: 0.75119
[Test F1-max]  -  LA: 0.79208
Epoch: 93 | Loss: 1.6570023944950663e-05  | Negative Loss: 0.0
[Test ROC-AUC]  -  SA: 0.00000,  LA: 0.68500
[Test AUPRC]  -  LA: 0.75119
[Test F1-max]  -  LA: 0.79208
Epoch: 94 | Loss: 1.6450816474389285e-05  | Negative Loss: 0.0
[Test ROC-AUC]  -  SA: 0.00000,  LA: 0.68500
[Test AUPRC]  -  LA: 0.75119
[Test F1-max]  -  LA: 0.79208
Epoch: 95 | Loss: 1.6331607184838504e-05  | Negative Loss: 0.0
[Test ROC-AUC]  -  SA: 0.00000,  LA: 0.68500
[Test AUPRC]  -  LA: 0.75119
[Test F1-max]  -  LA: 0.79208
Epoch: 96 | Loss: 1.6212397895287722e-05  | Negative Loss: 0.0
[Test ROC-AUC]  -  SA: 0.00000,  LA: 0.68500
[Test AUPRC]  -  LA: 0.75119
[Test F1-max]  -  LA: 0.79208
Epoch: 97 | Loss: 1.6212397895287722e-05  | Negative Loss: 0.0
[Test ROC-AUC]  -  SA: 0.00000,  LA: 0.68583
[Test AUPRC]  -  LA: 0.75158
[Test F1-max]  -  LA: 0.79208
Epoch: 98 | Loss: 1.6093192243715748e-05  | Negative Loss: 0.0
[Test ROC-AUC]  -  SA: 0.00000,  LA: 0.68583
[Test AUPRC]  -  LA: 0.75158
[Test F1-max]  -  LA: 0.79208
Epoch: 99 | Loss: 1.5973982954164967e-05  | Negative Loss: 0.0
Time consumption: 96.91134881973267
Best LA AUC: 0.7150000000000001
Best LA AUPC: 0.7573245118505335
Best LA F1-max: 0.7959183673469388
[Result] Experiment result appended to ./results/train_hybrid_result.csv

[END] 2026-03-18 20:49:12
[RETURN CODE] 0
