[START] 2026-03-18 21:18:49
[GPU] 3
[TASK] 44/60
[NAME] yellow_splicing_promptad
[REPEAT] 4/10
[COMMAND] python train_hybrid.py --data_name yellow_splicing --mask True --text True --double_encoder True --few_shot True --shot 1 --hybrid_model promptad --hybrid_weight 0.3 --hybrid_batch_size 16 --epoch 100 --log True --lr 5e-4 --detection True --preprocess True

/home/seungeon/miniconda3/envs/LAB/lib/python3.10/site-packages/timm/models/layers/__init__.py:48: FutureWarning: Importing from timm.models.layers is deprecated, please import via timm.layers
  warnings.warn(f"Importing from {__name__} is deprecated, please import via timm.layers", FutureWarning)
/home/seungeon/Workspace/side/vlm/train_hybrid.py:18: DeprecationWarning: The distutils package is deprecated and slated for removal in Python 3.12. Use setuptools or check PEP 632 for potential alternatives
  from distutils.util import strtobool
Torch version: 2.9.1+cu128
cuda is loaded for process
here?
In my local computer
Namespace(epoch=100, gpu_number='0', data_name='yellow_splicing', lr=0.0005, batch_size=6, shuffle=True, seed=0, tag='default', model_name='ViT-B-32', pretrained_name='laion2b_s34b_b79k', lora=1, default=False, foundation='CLIP', detection=1, preprocess=1, num_rule=0, object_names=['a photo of orange connector', 'a photo of yellow cable', 'a photo of red cable', 'a photo of blue cable', 'a photo of metal panel'], objects_for_rules=[['a photo of orange connector'], ['a photo of orange connector'], ['a photo of yellow cable'], ['a photo of yellow cable'], ['a photo of orange connector'], ['a photo of orange connector', 'a photo of yellow cable']], texts_for_rules=[['a photo of orange connector'], ['a photo of orange connector'], ['a photo of yellow cable'], ['a photo of yellow cable'], ['a photo of orange connector'], ['a photo of orange connector and yellow cable']], mask=1, text=1, score='mean', ciriculam_learning=False, few_shot=1, shot=1, log=1, neg_loss=0, double_encoder=1, pretrained_count_path=None, ris=0, rule_select='', rule_list=[], num_negative=5, hybrid_model='promptad', hybrid_weight=0.3, hybrid_class_name='', hybrid_batch_size=16, hybrid_backbone='ViT-B-16-plus-240', hybrid_pretrained_dataset='laion400m_e32', hybrid_scales=[2, 3], hybrid_img_resize=240, hybrid_img_cropsize=240, hybrid_resolution=400, hybrid_promptad_epoch=100, hybrid_promptad_lr=0.002, hybrid_promptad_momentum=0.9, hybrid_promptad_weight_decay=0.0005, hybrid_promptad_eta_min=1e-05, hybrid_promptad_lambda1=0.001, hybrid_promptad_n_ctx=4, hybrid_promptad_n_pro=3, hybrid_promptad_n_ctx_ab=1, hybrid_promptad_n_pro_ab=4, early_stop_k=10, result_log_path='./results/train_hybrid_result.csv')
[Hybrid] method=promptad, class_name=splicing_connectors, train=1, eval=68, base_path=/data3/seungeon/data/image/mvtec_loco_anomaly_detection/yellow_splicing
[Hybrid-only] LA_AUC=0.77807, LA_AUPRC=0.80651, LA_F1=0.78723
[Data Description]
- Train: 1
- Test: 68

Train Start
[Test ROC-AUC]  -  SA: 0.00000,  LA: 0.66401
[Test AUPRC]  -  LA: 0.74174
[Test F1-max]  -  LA: 0.73469
Epoch: 0 | Loss: 15.662181854248047  | Negative Loss: 0.0
[Test ROC-AUC]  -  SA: 0.00000,  LA: 0.66313
[Test AUPRC]  -  LA: 0.74081
[Test F1-max]  -  LA: 0.73469
Epoch: 1 | Loss: 15.569796562194824  | Negative Loss: 0.0
[Test ROC-AUC]  -  SA: 0.00000,  LA: 0.66844
[Test AUPRC]  -  LA: 0.74340
[Test F1-max]  -  LA: 0.73469
Epoch: 2 | Loss: 14.311055183410645  | Negative Loss: 0.0
[Test ROC-AUC]  -  SA: 0.00000,  LA: 0.64721
[Test AUPRC]  -  LA: 0.73259
[Test F1-max]  -  LA: 0.74286
Epoch: 3 | Loss: 12.297611236572266  | Negative Loss: 0.0
[Test ROC-AUC]  -  SA: 0.00000,  LA: 0.62776
[Test AUPRC]  -  LA: 0.73969
[Test F1-max]  -  LA: 0.75000
Epoch: 4 | Loss: 9.851337432861328  | Negative Loss: 0.0
[Test ROC-AUC]  -  SA: 0.00000,  LA: 0.60654
[Test AUPRC]  -  LA: 0.73192
[Test F1-max]  -  LA: 0.74286
Epoch: 5 | Loss: 7.541871070861816  | Negative Loss: 0.0
[Test ROC-AUC]  -  SA: 0.00000,  LA: 0.60389
[Test AUPRC]  -  LA: 0.72588
[Test F1-max]  -  LA: 0.74286
Epoch: 6 | Loss: 5.6713738441467285  | Negative Loss: 0.0
[Test ROC-AUC]  -  SA: 0.00000,  LA: 0.60831
[Test AUPRC]  -  LA: 0.73988
[Test F1-max]  -  LA: 0.74286
Epoch: 7 | Loss: 4.2670159339904785  | Negative Loss: 0.0
[Test ROC-AUC]  -  SA: 0.00000,  LA: 0.60743
[Test AUPRC]  -  LA: 0.73979
[Test F1-max]  -  LA: 0.74286
Epoch: 8 | Loss: 3.225520133972168  | Negative Loss: 0.0
[Test ROC-AUC]  -  SA: 0.00000,  LA: 0.60566
[Test AUPRC]  -  LA: 0.73749
[Test F1-max]  -  LA: 0.74286
Epoch: 9 | Loss: 2.4163479804992676  | Negative Loss: 0.0
[Test ROC-AUC]  -  SA: 0.00000,  LA: 0.60212
[Test AUPRC]  -  LA: 0.73535
[Test F1-max]  -  LA: 0.74286
Epoch: 10 | Loss: 1.7816342115402222  | Negative Loss: 0.0
[Test ROC-AUC]  -  SA: 0.00000,  LA: 0.60389
[Test AUPRC]  -  LA: 0.73441
[Test F1-max]  -  LA: 0.74286
Epoch: 11 | Loss: 1.2813301086425781  | Negative Loss: 0.0
[Test ROC-AUC]  -  SA: 0.00000,  LA: 0.60566
[Test AUPRC]  -  LA: 0.73539
[Test F1-max]  -  LA: 0.74286
Epoch: 12 | Loss: 0.8987293243408203  | Negative Loss: 0.0
[Test ROC-AUC]  -  SA: 0.00000,  LA: 0.61185
[Test AUPRC]  -  LA: 0.73993
[Test F1-max]  -  LA: 0.74510
Epoch: 13 | Loss: 0.6151813864707947  | Negative Loss: 0.0
[Test ROC-AUC]  -  SA: 0.00000,  LA: 0.61627
[Test AUPRC]  -  LA: 0.74183
[Test F1-max]  -  LA: 0.75728
Epoch: 14 | Loss: 0.4104025065898895  | Negative Loss: 0.0
[Test ROC-AUC]  -  SA: 0.00000,  LA: 0.61627
[Test AUPRC]  -  LA: 0.74084
[Test F1-max]  -  LA: 0.75728
Epoch: 15 | Loss: 0.2672538757324219  | Negative Loss: 0.0
[Test ROC-AUC]  -  SA: 0.00000,  LA: 0.62246
[Test AUPRC]  -  LA: 0.74461
[Test F1-max]  -  LA: 0.75000
Epoch: 16 | Loss: 0.17066793143749237  | Negative Loss: 0.0
[Test ROC-AUC]  -  SA: 0.00000,  LA: 0.63484
[Test AUPRC]  -  LA: 0.75160
[Test F1-max]  -  LA: 0.75728
Epoch: 17 | Loss: 0.10777132213115692  | Negative Loss: 0.0
[Test ROC-AUC]  -  SA: 0.00000,  LA: 0.63307
[Test AUPRC]  -  LA: 0.74603
[Test F1-max]  -  LA: 0.75728
Epoch: 18 | Loss: 0.06779298931360245  | Negative Loss: 0.0
[Test ROC-AUC]  -  SA: 0.00000,  LA: 0.63307
[Test AUPRC]  -  LA: 0.74531
[Test F1-max]  -  LA: 0.76471
Epoch: 19 | Loss: 0.042608652263879776  | Negative Loss: 0.0
[Test ROC-AUC]  -  SA: 0.00000,  LA: 0.64103
[Test AUPRC]  -  LA: 0.74936
[Test F1-max]  -  LA: 0.77228
Epoch: 20 | Loss: 0.026792626827955246  | Negative Loss: 0.0
[Test ROC-AUC]  -  SA: 0.00000,  LA: 0.64279
[Test AUPRC]  -  LA: 0.75126
[Test F1-max]  -  LA: 0.76471
Epoch: 21 | Loss: 0.01697438769042492  | Negative Loss: 0.0
[Test ROC-AUC]  -  SA: 0.00000,  LA: 0.65340
[Test AUPRC]  -  LA: 0.75774
[Test F1-max]  -  LA: 0.76471
Epoch: 22 | Loss: 0.01086689718067646  | Negative Loss: 0.0
[Test ROC-AUC]  -  SA: 0.00000,  LA: 0.65694
[Test AUPRC]  -  LA: 0.75838
[Test F1-max]  -  LA: 0.76471
Epoch: 23 | Loss: 0.00703975185751915  | Negative Loss: 0.0
[Test ROC-AUC]  -  SA: 0.00000,  LA: 0.67020
[Test AUPRC]  -  LA: 0.76614
[Test F1-max]  -  LA: 0.77228
Epoch: 24 | Loss: 0.004620580933988094  | Negative Loss: 0.0
[Test ROC-AUC]  -  SA: 0.00000,  LA: 0.67286
[Test AUPRC]  -  LA: 0.76547
[Test F1-max]  -  LA: 0.77228
Epoch: 25 | Loss: 0.003078474896028638  | Negative Loss: 0.0
[Test ROC-AUC]  -  SA: 0.00000,  LA: 0.68523
[Test AUPRC]  -  LA: 0.77299
[Test F1-max]  -  LA: 0.78000
Epoch: 26 | Loss: 0.002085627056658268  | Negative Loss: 0.0
[Test ROC-AUC]  -  SA: 0.00000,  LA: 0.69761
[Test AUPRC]  -  LA: 0.77839
[Test F1-max]  -  LA: 0.78000
Epoch: 27 | Loss: 0.0014377047773450613  | Negative Loss: 0.0
[Test ROC-AUC]  -  SA: 0.00000,  LA: 0.69761
[Test AUPRC]  -  LA: 0.77207
[Test F1-max]  -  LA: 0.77228
Epoch: 28 | Loss: 0.0010086478432640433  | Negative Loss: 0.0
[Test ROC-AUC]  -  SA: 0.00000,  LA: 0.70292
[Test AUPRC]  -  LA: 0.77552
[Test F1-max]  -  LA: 0.77228
Epoch: 29 | Loss: 0.0007194323115982115  | Negative Loss: 0.0
[Test ROC-AUC]  -  SA: 0.00000,  LA: 0.70822
[Test AUPRC]  -  LA: 0.77785
[Test F1-max]  -  LA: 0.77228
Epoch: 30 | Loss: 0.0005231474060565233  | Negative Loss: 0.0
[Test ROC-AUC]  -  SA: 0.00000,  LA: 0.71795
[Test AUPRC]  -  LA: 0.78149
[Test F1-max]  -  LA: 0.77895
Epoch: 31 | Loss: 0.00038739535375498235  | Negative Loss: 0.0
[Test ROC-AUC]  -  SA: 0.00000,  LA: 0.72237
[Test AUPRC]  -  LA: 0.78314
[Test F1-max]  -  LA: 0.78000
Epoch: 32 | Loss: 0.0002919233520515263  | Negative Loss: 0.0
[Test ROC-AUC]  -  SA: 0.00000,  LA: 0.72679
[Test AUPRC]  -  LA: 0.78402
[Test F1-max]  -  LA: 0.78723
Epoch: 33 | Loss: 0.00022410134261008352  | Negative Loss: 0.0
[Test ROC-AUC]  -  SA: 0.00000,  LA: 0.73563
[Test AUPRC]  -  LA: 0.78947
[Test F1-max]  -  LA: 0.79570
Epoch: 34 | Loss: 0.00017487251898273826  | Negative Loss: 0.0
[Test ROC-AUC]  -  SA: 0.00000,  LA: 0.74005
[Test AUPRC]  -  LA: 0.78492
[Test F1-max]  -  LA: 0.79570
Epoch: 35 | Loss: 0.00013863560161553323  | Negative Loss: 0.0
[Test ROC-AUC]  -  SA: 0.00000,  LA: 0.74447
[Test AUPRC]  -  LA: 0.78697
[Test F1-max]  -  LA: 0.79570
Epoch: 36 | Loss: 0.00011181514128111303  | Negative Loss: 0.0
[Test ROC-AUC]  -  SA: 0.00000,  LA: 0.74978
[Test AUPRC]  -  LA: 0.79023
[Test F1-max]  -  LA: 0.80435
Epoch: 37 | Loss: 9.155058796750382e-05  | Negative Loss: 0.0
[Test ROC-AUC]  -  SA: 0.00000,  LA: 0.75332
[Test AUPRC]  -  LA: 0.79166
[Test F1-max]  -  LA: 0.80435
Epoch: 38 | Loss: 7.593481859657913e-05  | Negative Loss: 0.0
[Test ROC-AUC]  -  SA: 0.00000,  LA: 0.75597
[Test AUPRC]  -  LA: 0.79326
[Test F1-max]  -  LA: 0.80435
Epoch: 39 | Loss: 6.389510963344947e-05  | Negative Loss: 0.0
[Test ROC-AUC]  -  SA: 0.00000,  LA: 0.75597
[Test AUPRC]  -  LA: 0.79324
[Test F1-max]  -  LA: 0.80435
Epoch: 40 | Loss: 5.447785588330589e-05  | Negative Loss: 0.0
[Test ROC-AUC]  -  SA: 0.00000,  LA: 0.75950
[Test AUPRC]  -  LA: 0.79592
[Test F1-max]  -  LA: 0.80435
Epoch: 41 | Loss: 4.7087080019991845e-05  | Negative Loss: 0.0
[Test ROC-AUC]  -  SA: 0.00000,  LA: 0.76393
[Test AUPRC]  -  LA: 0.79945
[Test F1-max]  -  LA: 0.81319
Epoch: 42 | Loss: 4.100754449609667e-05  | Negative Loss: 0.0
[Test ROC-AUC]  -  SA: 0.00000,  LA: 0.76481
[Test AUPRC]  -  LA: 0.80062
[Test F1-max]  -  LA: 0.81319
Epoch: 43 | Loss: 3.600084892241284e-05  | Negative Loss: 0.0
[Test ROC-AUC]  -  SA: 0.00000,  LA: 0.76746
[Test AUPRC]  -  LA: 0.80232
[Test F1-max]  -  LA: 0.81319
Epoch: 44 | Loss: 3.20670151268132e-05  | Negative Loss: 0.0
[Test ROC-AUC]  -  SA: 0.00000,  LA: 0.76746
[Test AUPRC]  -  LA: 0.80232
[Test F1-max]  -  LA: 0.81319
Epoch: 45 | Loss: 2.8848418878624216e-05  | Negative Loss: 0.0
[Test ROC-AUC]  -  SA: 0.00000,  LA: 0.76569
[Test AUPRC]  -  LA: 0.80151
[Test F1-max]  -  LA: 0.81319
Epoch: 46 | Loss: 2.5987437766161747e-05  | Negative Loss: 0.0
[Test ROC-AUC]  -  SA: 0.00000,  LA: 0.76790
[Test AUPRC]  -  LA: 0.80297
[Test F1-max]  -  LA: 0.81319
Epoch: 47 | Loss: 2.3960910766618326e-05  | Negative Loss: 0.0
[Test ROC-AUC]  -  SA: 0.00000,  LA: 0.76923
[Test AUPRC]  -  LA: 0.80267
[Test F1-max]  -  LA: 0.81319
Epoch: 48 | Loss: 2.1934374672127888e-05  | Negative Loss: 0.0
[Test ROC-AUC]  -  SA: 0.00000,  LA: 0.76923
[Test AUPRC]  -  LA: 0.80267
[Test F1-max]  -  LA: 0.81319
Epoch: 49 | Loss: 2.0146255337749608e-05  | Negative Loss: 0.0
[Test ROC-AUC]  -  SA: 0.00000,  LA: 0.77011
[Test AUPRC]  -  LA: 0.80318
[Test F1-max]  -  LA: 0.81319
Epoch: 50 | Loss: 1.895417517516762e-05  | Negative Loss: 0.0
[Test ROC-AUC]  -  SA: 0.00000,  LA: 0.77100
[Test AUPRC]  -  LA: 0.80386
[Test F1-max]  -  LA: 0.81319
Epoch: 51 | Loss: 1.7642887542024255e-05  | Negative Loss: 0.0
[Test ROC-AUC]  -  SA: 0.00000,  LA: 0.77100
[Test AUPRC]  -  LA: 0.80386
[Test F1-max]  -  LA: 0.81319
Epoch: 52 | Loss: 1.657001303101424e-05  | Negative Loss: 0.0
[Test ROC-AUC]  -  SA: 0.00000,  LA: 0.77277
[Test AUPRC]  -  LA: 0.80468
[Test F1-max]  -  LA: 0.81319
Epoch: 53 | Loss: 1.5735555280116387e-05  | Negative Loss: 0.0
[Test ROC-AUC]  -  SA: 0.00000,  LA: 0.77365
[Test AUPRC]  -  LA: 0.80540
[Test F1-max]  -  LA: 0.81319
Epoch: 54 | Loss: 1.4901098438713234e-05  | Negative Loss: 0.0
[Test ROC-AUC]  -  SA: 0.00000,  LA: 0.77365
[Test AUPRC]  -  LA: 0.80540
[Test F1-max]  -  LA: 0.81319
Epoch: 55 | Loss: 1.4185848158376757e-05  | Negative Loss: 0.0
[Test ROC-AUC]  -  SA: 0.00000,  LA: 0.77454
[Test AUPRC]  -  LA: 0.80638
[Test F1-max]  -  LA: 0.81319
Epoch: 56 | Loss: 1.358980625809636e-05  | Negative Loss: 0.0
[Test ROC-AUC]  -  SA: 0.00000,  LA: 0.77365
[Test AUPRC]  -  LA: 0.80606
[Test F1-max]  -  LA: 0.81319
Epoch: 57 | Loss: 1.3232182027422823e-05  | Negative Loss: 0.0
[Test ROC-AUC]  -  SA: 0.00000,  LA: 0.77454
[Test AUPRC]  -  LA: 0.80653
[Test F1-max]  -  LA: 0.81319
Epoch: 58 | Loss: 1.2636139217647724e-05  | Negative Loss: 0.0
[Test ROC-AUC]  -  SA: 0.00000,  LA: 0.77542
[Test AUPRC]  -  LA: 0.80708
[Test F1-max]  -  LA: 0.81319
Epoch: 59 | Loss: 1.2159305697423406e-05  | Negative Loss: 0.0
[Test ROC-AUC]  -  SA: 0.00000,  LA: 0.77542
[Test AUPRC]  -  LA: 0.80708
[Test F1-max]  -  LA: 0.81319
Epoch: 60 | Loss: 1.1920888937311247e-05  | Negative Loss: 0.0
[Test ROC-AUC]  -  SA: 0.00000,  LA: 0.77365
[Test AUPRC]  -  LA: 0.80554
[Test F1-max]  -  LA: 0.81319
Epoch: 61 | Loss: 1.1444054507592227e-05  | Negative Loss: 0.0
[Test ROC-AUC]  -  SA: 0.00000,  LA: 0.77454
[Test AUPRC]  -  LA: 0.80626
[Test F1-max]  -  LA: 0.81319
Epoch: 62 | Loss: 1.1205637747480068e-05  | Negative Loss: 0.0
[Test ROC-AUC]  -  SA: 0.00000,  LA: 0.77454
[Test AUPRC]  -  LA: 0.80626
[Test F1-max]  -  LA: 0.81319
Epoch: 63 | Loss: 1.096722098736791e-05  | Negative Loss: 0.0
[Test ROC-AUC]  -  SA: 0.00000,  LA: 0.77454
[Test AUPRC]  -  LA: 0.80626
[Test F1-max]  -  LA: 0.81319
Epoch: 64 | Loss: 1.049038655764889e-05  | Negative Loss: 0.0
[Test ROC-AUC]  -  SA: 0.00000,  LA: 0.77542
[Test AUPRC]  -  LA: 0.80676
[Test F1-max]  -  LA: 0.81319
Epoch: 65 | Loss: 1.0371177268098108e-05  | Negative Loss: 0.0
[Test ROC-AUC]  -  SA: 0.00000,  LA: 0.77542
[Test AUPRC]  -  LA: 0.80681
[Test F1-max]  -  LA: 0.81319
Epoch: 66 | Loss: 1.0013551218435168e-05  | Negative Loss: 0.0
[Test ROC-AUC]  -  SA: 0.00000,  LA: 0.77630
[Test AUPRC]  -  LA: 0.80736
[Test F1-max]  -  LA: 0.81319
Epoch: 67 | Loss: 9.89434374787379e-06  | Negative Loss: 0.0
[Test ROC-AUC]  -  SA: 0.00000,  LA: 0.77630
[Test AUPRC]  -  LA: 0.80736
[Test F1-max]  -  LA: 0.81319
Epoch: 68 | Loss: 9.65592607826693e-06  | Negative Loss: 0.0
[Test ROC-AUC]  -  SA: 0.00000,  LA: 0.77630
[Test AUPRC]  -  LA: 0.80736
[Test F1-max]  -  LA: 0.81319
Epoch: 69 | Loss: 9.53671769821085e-06  | Negative Loss: 0.0
[Test ROC-AUC]  -  SA: 0.00000,  LA: 0.77630
[Test AUPRC]  -  LA: 0.80736
[Test F1-max]  -  LA: 0.81319
Epoch: 70 | Loss: 9.417508408660069e-06  | Negative Loss: 0.0
[Test ROC-AUC]  -  SA: 0.00000,  LA: 0.77542
[Test AUPRC]  -  LA: 0.80638
[Test F1-max]  -  LA: 0.81319
Epoch: 71 | Loss: 9.29830002860399e-06  | Negative Loss: 0.0
[Test ROC-AUC]  -  SA: 0.00000,  LA: 0.77542
[Test AUPRC]  -  LA: 0.80638
[Test F1-max]  -  LA: 0.81319
Epoch: 72 | Loss: 9.17909164854791e-06  | Negative Loss: 0.0
[Test ROC-AUC]  -  SA: 0.00000,  LA: 0.77675
[Test AUPRC]  -  LA: 0.80744
[Test F1-max]  -  LA: 0.81319
Epoch: 73 | Loss: 9.059882358997129e-06  | Negative Loss: 0.0
[Test ROC-AUC]  -  SA: 0.00000,  LA: 0.77719
[Test AUPRC]  -  LA: 0.80799
[Test F1-max]  -  LA: 0.81319
Epoch: 74 | Loss: 8.94067397894105e-06  | Negative Loss: 0.0
[Test ROC-AUC]  -  SA: 0.00000,  LA: 0.77719
[Test AUPRC]  -  LA: 0.80799
[Test F1-max]  -  LA: 0.81319
Epoch: 75 | Loss: 8.82146559888497e-06  | Negative Loss: 0.0
[Test ROC-AUC]  -  SA: 0.00000,  LA: 0.77719
[Test AUPRC]  -  LA: 0.80799
[Test F1-max]  -  LA: 0.81319
Epoch: 76 | Loss: 8.82146559888497e-06  | Negative Loss: 0.0
[Test ROC-AUC]  -  SA: 0.00000,  LA: 0.77542
[Test AUPRC]  -  LA: 0.80699
[Test F1-max]  -  LA: 0.81319
Epoch: 77 | Loss: 8.70225721882889e-06  | Negative Loss: 0.0
[Test ROC-AUC]  -  SA: 0.00000,  LA: 0.77454
[Test AUPRC]  -  LA: 0.80587
[Test F1-max]  -  LA: 0.81319
Epoch: 78 | Loss: 8.70225721882889e-06  | Negative Loss: 0.0
[Test ROC-AUC]  -  SA: 0.00000,  LA: 0.77630
[Test AUPRC]  -  LA: 0.80677
[Test F1-max]  -  LA: 0.81319
Epoch: 79 | Loss: 8.583048838772811e-06  | Negative Loss: 0.0
[Test ROC-AUC]  -  SA: 0.00000,  LA: 0.77630
[Test AUPRC]  -  LA: 0.80630
[Test F1-max]  -  LA: 0.81319
Epoch: 80 | Loss: 8.46383954922203e-06  | Negative Loss: 0.0
[Test ROC-AUC]  -  SA: 0.00000,  LA: 0.77542
[Test AUPRC]  -  LA: 0.80575
[Test F1-max]  -  LA: 0.81319
Epoch: 81 | Loss: 8.344630259671248e-06  | Negative Loss: 0.0
[Test ROC-AUC]  -  SA: 0.00000,  LA: 0.77719
[Test AUPRC]  -  LA: 0.80652
[Test F1-max]  -  LA: 0.81720
Epoch: 82 | Loss: 8.225420970120467e-06  | Negative Loss: 0.0
[Test ROC-AUC]  -  SA: 0.00000,  LA: 0.77719
[Test AUPRC]  -  LA: 0.80652
[Test F1-max]  -  LA: 0.81720
Epoch: 83 | Loss: 8.10621349955909e-06  | Negative Loss: 0.0
[Test ROC-AUC]  -  SA: 0.00000,  LA: 0.77719
[Test AUPRC]  -  LA: 0.80652
[Test F1-max]  -  LA: 0.81720
Epoch: 84 | Loss: 8.10621349955909e-06  | Negative Loss: 0.0
[Test ROC-AUC]  -  SA: 0.00000,  LA: 0.77719
[Test AUPRC]  -  LA: 0.80571
[Test F1-max]  -  LA: 0.81720
Epoch: 85 | Loss: 7.987004210008308e-06  | Negative Loss: 0.0
[Test ROC-AUC]  -  SA: 0.00000,  LA: 0.77896
[Test AUPRC]  -  LA: 0.80685
[Test F1-max]  -  LA: 0.81720
Epoch: 86 | Loss: 7.987004210008308e-06  | Negative Loss: 0.0
[Test ROC-AUC]  -  SA: 0.00000,  LA: 0.77896
[Test AUPRC]  -  LA: 0.80645
[Test F1-max]  -  LA: 0.81720
Epoch: 87 | Loss: 7.867795829952229e-06  | Negative Loss: 0.0
[Test ROC-AUC]  -  SA: 0.00000,  LA: 0.77896
[Test AUPRC]  -  LA: 0.80645
[Test F1-max]  -  LA: 0.81720
Epoch: 88 | Loss: 7.867795829952229e-06  | Negative Loss: 0.0
[Test ROC-AUC]  -  SA: 0.00000,  LA: 0.77896
[Test AUPRC]  -  LA: 0.80645
[Test F1-max]  -  LA: 0.81720
Epoch: 89 | Loss: 7.867795829952229e-06  | Negative Loss: 0.0
[Test ROC-AUC]  -  SA: 0.00000,  LA: 0.78073
[Test AUPRC]  -  LA: 0.80725
[Test F1-max]  -  LA: 0.82222
Epoch: 90 | Loss: 7.74858744989615e-06  | Negative Loss: 0.0
[Test ROC-AUC]  -  SA: 0.00000,  LA: 0.77896
[Test AUPRC]  -  LA: 0.80622
[Test F1-max]  -  LA: 0.82222
Epoch: 91 | Loss: 7.74858744989615e-06  | Negative Loss: 0.0
[Test ROC-AUC]  -  SA: 0.00000,  LA: 0.77630
[Test AUPRC]  -  LA: 0.80451
[Test F1-max]  -  LA: 0.82222
Epoch: 92 | Loss: 7.629378615092719e-06  | Negative Loss: 0.0
[Test ROC-AUC]  -  SA: 0.00000,  LA: 0.77719
[Test AUPRC]  -  LA: 0.80556
[Test F1-max]  -  LA: 0.82222
Epoch: 93 | Loss: 7.510169780289289e-06  | Negative Loss: 0.0
[Test ROC-AUC]  -  SA: 0.00000,  LA: 0.77630
[Test AUPRC]  -  LA: 0.80508
[Test F1-max]  -  LA: 0.82222
Epoch: 94 | Loss: 7.390960490738507e-06  | Negative Loss: 0.0
[Test ROC-AUC]  -  SA: 0.00000,  LA: 0.77630
[Test AUPRC]  -  LA: 0.80508
[Test F1-max]  -  LA: 0.82222
Epoch: 95 | Loss: 7.271751201187726e-06  | Negative Loss: 0.0
[Test ROC-AUC]  -  SA: 0.00000,  LA: 0.77807
[Test AUPRC]  -  LA: 0.80627
[Test F1-max]  -  LA: 0.82222
Epoch: 96 | Loss: 7.271751201187726e-06  | Negative Loss: 0.0
[Test ROC-AUC]  -  SA: 0.00000,  LA: 0.77719
[Test AUPRC]  -  LA: 0.80597
[Test F1-max]  -  LA: 0.82222
Epoch: 97 | Loss: 7.152542821131647e-06  | Negative Loss: 0.0
[Test ROC-AUC]  -  SA: 0.00000,  LA: 0.77719
[Test AUPRC]  -  LA: 0.80597
[Test F1-max]  -  LA: 0.82222
Epoch: 98 | Loss: 7.152542821131647e-06  | Negative Loss: 0.0
[Test ROC-AUC]  -  SA: 0.00000,  LA: 0.77719
[Test AUPRC]  -  LA: 0.80597
[Test F1-max]  -  LA: 0.82222
Epoch: 99 | Loss: 7.152542821131647e-06  | Negative Loss: 0.0
Time consumption: 94.35991835594177
Best LA AUC: 0.7807250221043325
Best LA AUPC: 0.8079892391379215
Best LA F1-max: 0.8222222222222223
[Result] Experiment result appended to ./results/train_hybrid_result.csv

[END] 2026-03-18 21:21:49
[RETURN CODE] 0
