[START] 2026-03-18 20:49:12
[GPU] 3
[TASK] 9/60
[NAME] blue_splicing_promptad
[REPEAT] 9/10
[COMMAND] python train_hybrid.py --data_name blue_splicing --mask True --text True --double_encoder True --few_shot True --shot 1 --hybrid_model promptad --hybrid_weight 0.3 --hybrid_batch_size 16 --epoch 100 --log True --lr 5e-4 --detection True --preprocess True

/home/seungeon/miniconda3/envs/LAB/lib/python3.10/site-packages/timm/models/layers/__init__.py:48: FutureWarning: Importing from timm.models.layers is deprecated, please import via timm.layers
  warnings.warn(f"Importing from {__name__} is deprecated, please import via timm.layers", FutureWarning)
/home/seungeon/Workspace/side/vlm/train_hybrid.py:18: DeprecationWarning: The distutils package is deprecated and slated for removal in Python 3.12. Use setuptools or check PEP 632 for potential alternatives
  from distutils.util import strtobool
Torch version: 2.9.1+cu128
cuda is loaded for process
here?
In my local computer
Namespace(epoch=100, gpu_number='0', data_name='blue_splicing', lr=0.0005, batch_size=6, shuffle=True, seed=0, tag='default', model_name='ViT-B-32', pretrained_name='laion2b_s34b_b79k', lora=1, default=False, foundation='CLIP', detection=1, preprocess=1, num_rule=0, object_names=['a photo of orange connector', 'a photo of blue cable', 'a photo of yellow cable', 'a photo of red cable', 'a photo of metal panel'], objects_for_rules=[['a photo of orange connector'], ['a photo of orange connector'], ['a photo of blue cable'], ['a photo of blue cable'], ['a photo of orange connector'], ['a photo of orange connector', 'a photo of blue cable']], texts_for_rules=[['a photo of orange connector'], ['a photo of orange connector'], ['a photo of cable'], ['a photo of yellow cable'], ['a photo of blue cable'], ['a photo of orange connector and blue cable']], mask=1, text=1, score='mean', ciriculam_learning=False, few_shot=1, shot=1, log=1, neg_loss=0, double_encoder=1, pretrained_count_path=None, ris=0, rule_select='', rule_list=[], num_negative=5, hybrid_model='promptad', hybrid_weight=0.3, hybrid_class_name='', hybrid_batch_size=16, hybrid_backbone='ViT-B-16-plus-240', hybrid_pretrained_dataset='laion400m_e32', hybrid_scales=[2, 3], hybrid_img_resize=240, hybrid_img_cropsize=240, hybrid_resolution=400, hybrid_promptad_epoch=100, hybrid_promptad_lr=0.002, hybrid_promptad_momentum=0.9, hybrid_promptad_weight_decay=0.0005, hybrid_promptad_eta_min=1e-05, hybrid_promptad_lambda1=0.001, hybrid_promptad_n_ctx=4, hybrid_promptad_n_pro=3, hybrid_promptad_n_ctx_ab=1, hybrid_promptad_n_pro_ab=4, early_stop_k=10, result_log_path='./results/train_hybrid_result.csv')
[Hybrid] method=promptad, class_name=splicing_connectors, train=1, eval=70, base_path=/data3/seungeon/data/image/mvtec_loco_anomaly_detection/blue_splicing
[Hybrid-only] LA_AUC=0.61833, LA_AUPRC=0.69867, LA_F1=0.76471
[Data Description]
- Train: 1
- Test: 70

Train Start
[Test ROC-AUC]  -  SA: 0.00000,  LA: 0.45333
[Test AUPRC]  -  LA: 0.51200
[Test F1-max]  -  LA: 0.74766
Epoch: 0 | Loss: 11.857614517211914  | Negative Loss: 0.0
[Test ROC-AUC]  -  SA: 0.00000,  LA: 0.45833
[Test AUPRC]  -  LA: 0.51222
[Test F1-max]  -  LA: 0.74766
Epoch: 1 | Loss: 11.76264476776123  | Negative Loss: 0.0
[Test ROC-AUC]  -  SA: 0.00000,  LA: 0.48917
[Test AUPRC]  -  LA: 0.52753
[Test F1-max]  -  LA: 0.75728
Epoch: 2 | Loss: 10.78577709197998  | Negative Loss: 0.0
[Test ROC-AUC]  -  SA: 0.00000,  LA: 0.54500
[Test AUPRC]  -  LA: 0.57737
[Test F1-max]  -  LA: 0.75000
Epoch: 3 | Loss: 9.27194595336914  | Negative Loss: 0.0
[Test ROC-AUC]  -  SA: 0.00000,  LA: 0.59333
[Test AUPRC]  -  LA: 0.61340
[Test F1-max]  -  LA: 0.74766
Epoch: 4 | Loss: 7.547944068908691  | Negative Loss: 0.0
[Test ROC-AUC]  -  SA: 0.00000,  LA: 0.62000
[Test AUPRC]  -  LA: 0.62593
[Test F1-max]  -  LA: 0.75248
Epoch: 5 | Loss: 5.9131340980529785  | Negative Loss: 0.0
[Test ROC-AUC]  -  SA: 0.00000,  LA: 0.62583
[Test AUPRC]  -  LA: 0.65709
[Test F1-max]  -  LA: 0.74766
Epoch: 6 | Loss: 4.561970233917236  | Negative Loss: 0.0
[Test ROC-AUC]  -  SA: 0.00000,  LA: 0.63500
[Test AUPRC]  -  LA: 0.66710
[Test F1-max]  -  LA: 0.74766
Epoch: 7 | Loss: 3.4656195640563965  | Negative Loss: 0.0
[Test ROC-AUC]  -  SA: 0.00000,  LA: 0.63417
[Test AUPRC]  -  LA: 0.66695
[Test F1-max]  -  LA: 0.74766
Epoch: 8 | Loss: 2.576766014099121  | Negative Loss: 0.0
[Test ROC-AUC]  -  SA: 0.00000,  LA: 0.64000
[Test AUPRC]  -  LA: 0.67596
[Test F1-max]  -  LA: 0.75000
Epoch: 9 | Loss: 1.894545555114746  | Negative Loss: 0.0
[Test ROC-AUC]  -  SA: 0.00000,  LA: 0.64333
[Test AUPRC]  -  LA: 0.66120
[Test F1-max]  -  LA: 0.75728
Epoch: 10 | Loss: 1.3859989643096924  | Negative Loss: 0.0
[Test ROC-AUC]  -  SA: 0.00000,  LA: 0.64833
[Test AUPRC]  -  LA: 0.66251
[Test F1-max]  -  LA: 0.76190
Epoch: 11 | Loss: 0.9961361885070801  | Negative Loss: 0.0
[Test ROC-AUC]  -  SA: 0.00000,  LA: 0.65417
[Test AUPRC]  -  LA: 0.66807
[Test F1-max]  -  LA: 0.76923
Epoch: 12 | Loss: 0.7024011611938477  | Negative Loss: 0.0
[Test ROC-AUC]  -  SA: 0.00000,  LA: 0.65333
[Test AUPRC]  -  LA: 0.66973
[Test F1-max]  -  LA: 0.76923
Epoch: 13 | Loss: 0.4886311888694763  | Negative Loss: 0.0
[Test ROC-AUC]  -  SA: 0.00000,  LA: 0.66083
[Test AUPRC]  -  LA: 0.69207
[Test F1-max]  -  LA: 0.76923
Epoch: 14 | Loss: 0.3330061733722687  | Negative Loss: 0.0
[Test ROC-AUC]  -  SA: 0.00000,  LA: 0.67000
[Test AUPRC]  -  LA: 0.69503
[Test F1-max]  -  LA: 0.76923
Epoch: 15 | Loss: 0.22211596369743347  | Negative Loss: 0.0
[Test ROC-AUC]  -  SA: 0.00000,  LA: 0.67083
[Test AUPRC]  -  LA: 0.69346
[Test F1-max]  -  LA: 0.76923
Epoch: 16 | Loss: 0.14526842534542084  | Negative Loss: 0.0
[Test ROC-AUC]  -  SA: 0.00000,  LA: 0.67500
[Test AUPRC]  -  LA: 0.69719
[Test F1-max]  -  LA: 0.76923
Epoch: 17 | Loss: 0.09337805956602097  | Negative Loss: 0.0
[Test ROC-AUC]  -  SA: 0.00000,  LA: 0.67250
[Test AUPRC]  -  LA: 0.69512
[Test F1-max]  -  LA: 0.77419
Epoch: 18 | Loss: 0.05944235250353813  | Negative Loss: 0.0
[Test ROC-AUC]  -  SA: 0.00000,  LA: 0.67417
[Test AUPRC]  -  LA: 0.69630
[Test F1-max]  -  LA: 0.77419
Epoch: 19 | Loss: 0.03772987425327301  | Negative Loss: 0.0
[Test ROC-AUC]  -  SA: 0.00000,  LA: 0.67250
[Test AUPRC]  -  LA: 0.69430
[Test F1-max]  -  LA: 0.77419
Epoch: 20 | Loss: 0.02391798049211502  | Negative Loss: 0.0
[Test ROC-AUC]  -  SA: 0.00000,  LA: 0.67417
[Test AUPRC]  -  LA: 0.69785
[Test F1-max]  -  LA: 0.77419
Epoch: 21 | Loss: 0.015263243578374386  | Negative Loss: 0.0
[Test ROC-AUC]  -  SA: 0.00000,  LA: 0.67250
[Test AUPRC]  -  LA: 0.69686
[Test F1-max]  -  LA: 0.77419
Epoch: 22 | Loss: 0.009834268130362034  | Negative Loss: 0.0
[Test ROC-AUC]  -  SA: 0.00000,  LA: 0.67167
[Test AUPRC]  -  LA: 0.69639
[Test F1-max]  -  LA: 0.77419
Epoch: 23 | Loss: 0.0064086285419762135  | Negative Loss: 0.0
[Test ROC-AUC]  -  SA: 0.00000,  LA: 0.66917
[Test AUPRC]  -  LA: 0.70377
[Test F1-max]  -  LA: 0.76596
Epoch: 24 | Loss: 0.004219280555844307  | Negative Loss: 0.0
[Test ROC-AUC]  -  SA: 0.00000,  LA: 0.66750
[Test AUPRC]  -  LA: 0.69198
[Test F1-max]  -  LA: 0.76596
Epoch: 25 | Loss: 0.0028218072839081287  | Negative Loss: 0.0
[Test ROC-AUC]  -  SA: 0.00000,  LA: 0.66583
[Test AUPRC]  -  LA: 0.69121
[Test F1-max]  -  LA: 0.76596
Epoch: 26 | Loss: 0.0019190311431884766  | Negative Loss: 0.0
[Test ROC-AUC]  -  SA: 0.00000,  LA: 0.66667
[Test AUPRC]  -  LA: 0.69170
[Test F1-max]  -  LA: 0.76596
Epoch: 27 | Loss: 0.0013278848491609097  | Negative Loss: 0.0
[Test ROC-AUC]  -  SA: 0.00000,  LA: 0.66750
[Test AUPRC]  -  LA: 0.69172
[Test F1-max]  -  LA: 0.76596
Epoch: 28 | Loss: 0.0009350825566798449  | Negative Loss: 0.0
[Test ROC-AUC]  -  SA: 0.00000,  LA: 0.66667
[Test AUPRC]  -  LA: 0.69138
[Test F1-max]  -  LA: 0.76596
Epoch: 29 | Loss: 0.0006701924721710384  | Negative Loss: 0.0
[Test ROC-AUC]  -  SA: 0.00000,  LA: 0.66250
[Test AUPRC]  -  LA: 0.68890
[Test F1-max]  -  LA: 0.76596
Epoch: 30 | Loss: 0.0004892888246104121  | Negative Loss: 0.0
[Test ROC-AUC]  -  SA: 0.00000,  LA: 0.66000
[Test AUPRC]  -  LA: 0.68791
[Test F1-max]  -  LA: 0.75472
Epoch: 31 | Loss: 0.00036331359297037125  | Negative Loss: 0.0
[Test ROC-AUC]  -  SA: 0.00000,  LA: 0.65583
[Test AUPRC]  -  LA: 0.68560
[Test F1-max]  -  LA: 0.75472
Epoch: 32 | Loss: 0.0002749948762357235  | Negative Loss: 0.0
[Test ROC-AUC]  -  SA: 0.00000,  LA: 0.65667
[Test AUPRC]  -  LA: 0.68628
[Test F1-max]  -  LA: 0.75472
Epoch: 33 | Loss: 0.00021146482322365046  | Negative Loss: 0.0
[Test ROC-AUC]  -  SA: 0.00000,  LA: 0.65250
[Test AUPRC]  -  LA: 0.68347
[Test F1-max]  -  LA: 0.75472
Epoch: 34 | Loss: 0.00016533561574760824  | Negative Loss: 0.0
[Test ROC-AUC]  -  SA: 0.00000,  LA: 0.65167
[Test AUPRC]  -  LA: 0.68356
[Test F1-max]  -  LA: 0.75472
Epoch: 35 | Loss: 0.00013172139006201178  | Negative Loss: 0.0
[Test ROC-AUC]  -  SA: 0.00000,  LA: 0.65167
[Test AUPRC]  -  LA: 0.68250
[Test F1-max]  -  LA: 0.75472
Epoch: 36 | Loss: 0.00010633148485794663  | Negative Loss: 0.0
[Test ROC-AUC]  -  SA: 0.00000,  LA: 0.64917
[Test AUPRC]  -  LA: 0.68125
[Test F1-max]  -  LA: 0.75472
Epoch: 37 | Loss: 8.725903899176046e-05  | Negative Loss: 0.0
[Test ROC-AUC]  -  SA: 0.00000,  LA: 0.64583
[Test AUPRC]  -  LA: 0.67865
[Test F1-max]  -  LA: 0.75472
Epoch: 38 | Loss: 7.259695848915726e-05  | Negative Loss: 0.0
[Test ROC-AUC]  -  SA: 0.00000,  LA: 0.64583
[Test AUPRC]  -  LA: 0.68872
[Test F1-max]  -  LA: 0.75472
Epoch: 39 | Loss: 6.115330324973911e-05  | Negative Loss: 0.0
[Test ROC-AUC]  -  SA: 0.00000,  LA: 0.64417
[Test AUPRC]  -  LA: 0.67407
[Test F1-max]  -  LA: 0.76190
Epoch: 40 | Loss: 5.2212897571735084e-05  | Negative Loss: 0.0
[Test ROC-AUC]  -  SA: 0.00000,  LA: 0.64500
[Test AUPRC]  -  LA: 0.67449
[Test F1-max]  -  LA: 0.75728
Epoch: 41 | Loss: 4.482211443246342e-05  | Negative Loss: 0.0
[Test ROC-AUC]  -  SA: 0.00000,  LA: 0.64333
[Test AUPRC]  -  LA: 0.67334
[Test F1-max]  -  LA: 0.75728
Epoch: 42 | Loss: 3.9219412428792566e-05  | Negative Loss: 0.0
[Test ROC-AUC]  -  SA: 0.00000,  LA: 0.64167
[Test AUPRC]  -  LA: 0.67269
[Test F1-max]  -  LA: 0.75728
Epoch: 43 | Loss: 3.4570351999718696e-05  | Negative Loss: 0.0
[Test ROC-AUC]  -  SA: 0.00000,  LA: 0.64167
[Test AUPRC]  -  LA: 0.67269
[Test F1-max]  -  LA: 0.75728
Epoch: 44 | Loss: 3.075572385569103e-05  | Negative Loss: 0.0
[Test ROC-AUC]  -  SA: 0.00000,  LA: 0.64333
[Test AUPRC]  -  LA: 0.67397
[Test F1-max]  -  LA: 0.75728
Epoch: 45 | Loss: 2.7656336897052824e-05  | Negative Loss: 0.0
[Test ROC-AUC]  -  SA: 0.00000,  LA: 0.64333
[Test AUPRC]  -  LA: 0.67405
[Test F1-max]  -  LA: 0.75728
Epoch: 46 | Loss: 2.5033772544702515e-05  | Negative Loss: 0.0
[Test ROC-AUC]  -  SA: 0.00000,  LA: 0.64083
[Test AUPRC]  -  LA: 0.67278
[Test F1-max]  -  LA: 0.75728
Epoch: 47 | Loss: 2.2888032617629506e-05  | Negative Loss: 0.0
[Test ROC-AUC]  -  SA: 0.00000,  LA: 0.64000
[Test AUPRC]  -  LA: 0.67251
[Test F1-max]  -  LA: 0.75728
Epoch: 48 | Loss: 2.0861501980107278e-05  | Negative Loss: 0.0
[Test ROC-AUC]  -  SA: 0.00000,  LA: 0.63917
[Test AUPRC]  -  LA: 0.67210
[Test F1-max]  -  LA: 0.75728
Epoch: 49 | Loss: 1.9431006876402535e-05  | Negative Loss: 0.0
[Test ROC-AUC]  -  SA: 0.00000,  LA: 0.63917
[Test AUPRC]  -  LA: 0.67210
[Test F1-max]  -  LA: 0.75728
Epoch: 50 | Loss: 1.8000509953708388e-05  | Negative Loss: 0.0
[Test ROC-AUC]  -  SA: 0.00000,  LA: 0.63833
[Test AUPRC]  -  LA: 0.67162
[Test F1-max]  -  LA: 0.75728
Epoch: 51 | Loss: 1.692763908067718e-05  | Negative Loss: 0.0
[Test ROC-AUC]  -  SA: 0.00000,  LA: 0.63667
[Test AUPRC]  -  LA: 0.67078
[Test F1-max]  -  LA: 0.75728
Epoch: 52 | Loss: 1.5854762750677764e-05  | Negative Loss: 0.0
[Test ROC-AUC]  -  SA: 0.00000,  LA: 0.63667
[Test AUPRC]  -  LA: 0.67091
[Test F1-max]  -  LA: 0.75728
Epoch: 53 | Loss: 1.502030499977991e-05  | Negative Loss: 0.0
[Test ROC-AUC]  -  SA: 0.00000,  LA: 0.63583
[Test AUPRC]  -  LA: 0.67052
[Test F1-max]  -  LA: 0.75728
Epoch: 54 | Loss: 1.4305056538432837e-05  | Negative Loss: 0.0
[Test ROC-AUC]  -  SA: 0.00000,  LA: 0.63417
[Test AUPRC]  -  LA: 0.66970
[Test F1-max]  -  LA: 0.75472
Epoch: 55 | Loss: 1.3709015547647141e-05  | Negative Loss: 0.0
[Test ROC-AUC]  -  SA: 0.00000,  LA: 0.63417
[Test AUPRC]  -  LA: 0.66996
[Test F1-max]  -  LA: 0.75472
Epoch: 56 | Loss: 1.3112973647366744e-05  | Negative Loss: 0.0
[Test ROC-AUC]  -  SA: 0.00000,  LA: 0.63417
[Test AUPRC]  -  LA: 0.66996
[Test F1-max]  -  LA: 0.75472
Epoch: 57 | Loss: 1.2516931747086346e-05  | Negative Loss: 0.0
[Test ROC-AUC]  -  SA: 0.00000,  LA: 0.63500
[Test AUPRC]  -  LA: 0.67035
[Test F1-max]  -  LA: 0.75472
Epoch: 58 | Loss: 1.2159305697423406e-05  | Negative Loss: 0.0
[Test ROC-AUC]  -  SA: 0.00000,  LA: 0.63417
[Test AUPRC]  -  LA: 0.67006
[Test F1-max]  -  LA: 0.75472
Epoch: 59 | Loss: 1.180168146674987e-05  | Negative Loss: 0.0
[Test ROC-AUC]  -  SA: 0.00000,  LA: 0.63333
[Test AUPRC]  -  LA: 0.66979
[Test F1-max]  -  LA: 0.75472
Epoch: 60 | Loss: 1.132484703703085e-05  | Negative Loss: 0.0
[Test ROC-AUC]  -  SA: 0.00000,  LA: 0.63250
[Test AUPRC]  -  LA: 0.66940
[Test F1-max]  -  LA: 0.75472
Epoch: 61 | Loss: 1.096722098736791e-05  | Negative Loss: 0.0
[Test ROC-AUC]  -  SA: 0.00000,  LA: 0.63333
[Test AUPRC]  -  LA: 0.66993
[Test F1-max]  -  LA: 0.75472
Epoch: 62 | Loss: 1.072880422725575e-05  | Negative Loss: 0.0
[Test ROC-AUC]  -  SA: 0.00000,  LA: 0.63250
[Test AUPRC]  -  LA: 0.66956
[Test F1-max]  -  LA: 0.75472
Epoch: 63 | Loss: 1.0609595847199671e-05  | Negative Loss: 0.0
[Test ROC-AUC]  -  SA: 0.00000,  LA: 0.63250
[Test AUPRC]  -  LA: 0.66975
[Test F1-max]  -  LA: 0.75472
Epoch: 64 | Loss: 1.025196979753673e-05  | Negative Loss: 0.0
[Test ROC-AUC]  -  SA: 0.00000,  LA: 0.63083
[Test AUPRC]  -  LA: 0.66764
[Test F1-max]  -  LA: 0.75472
Epoch: 65 | Loss: 1.001355212792987e-05  | Negative Loss: 0.0
[Test ROC-AUC]  -  SA: 0.00000,  LA: 0.63083
[Test AUPRC]  -  LA: 0.66764
[Test F1-max]  -  LA: 0.75472
Epoch: 66 | Loss: 9.89434374787379e-06  | Negative Loss: 0.0
[Test ROC-AUC]  -  SA: 0.00000,  LA: 0.63083
[Test AUPRC]  -  LA: 0.66764
[Test F1-max]  -  LA: 0.75472
Epoch: 67 | Loss: 9.655926987761632e-06  | Negative Loss: 0.0
[Test ROC-AUC]  -  SA: 0.00000,  LA: 0.63083
[Test AUPRC]  -  LA: 0.66764
[Test F1-max]  -  LA: 0.75472
Epoch: 68 | Loss: 9.536718607705552e-06  | Negative Loss: 0.0
[Test ROC-AUC]  -  SA: 0.00000,  LA: 0.63167
[Test AUPRC]  -  LA: 0.66803
[Test F1-max]  -  LA: 0.75472
Epoch: 69 | Loss: 9.298300938098691e-06  | Negative Loss: 0.0
[Test ROC-AUC]  -  SA: 0.00000,  LA: 0.63083
[Test AUPRC]  -  LA: 0.66761
[Test F1-max]  -  LA: 0.75472
Epoch: 70 | Loss: 9.05988326849183e-06  | Negative Loss: 0.0
[Test ROC-AUC]  -  SA: 0.00000,  LA: 0.63000
[Test AUPRC]  -  LA: 0.66708
[Test F1-max]  -  LA: 0.75472
Epoch: 71 | Loss: 9.05988326849183e-06  | Negative Loss: 0.0
[Test ROC-AUC]  -  SA: 0.00000,  LA: 0.63000
[Test AUPRC]  -  LA: 0.66708
[Test F1-max]  -  LA: 0.75472
Epoch: 72 | Loss: 8.82146559888497e-06  | Negative Loss: 0.0
[Test ROC-AUC]  -  SA: 0.00000,  LA: 0.63000
[Test AUPRC]  -  LA: 0.66708
[Test F1-max]  -  LA: 0.75472
Epoch: 73 | Loss: 8.70225721882889e-06  | Negative Loss: 0.0
[Test ROC-AUC]  -  SA: 0.00000,  LA: 0.62917
[Test AUPRC]  -  LA: 0.66681
[Test F1-max]  -  LA: 0.75472
Epoch: 74 | Loss: 8.583048838772811e-06  | Negative Loss: 0.0
[Test ROC-AUC]  -  SA: 0.00000,  LA: 0.62833
[Test AUPRC]  -  LA: 0.66642
[Test F1-max]  -  LA: 0.75472
Epoch: 75 | Loss: 8.583048838772811e-06  | Negative Loss: 0.0
[Test ROC-AUC]  -  SA: 0.00000,  LA: 0.62833
[Test AUPRC]  -  LA: 0.66642
[Test F1-max]  -  LA: 0.75472
Epoch: 76 | Loss: 8.46383954922203e-06  | Negative Loss: 0.0
[Test ROC-AUC]  -  SA: 0.00000,  LA: 0.62792
[Test AUPRC]  -  LA: 0.66624
[Test F1-max]  -  LA: 0.75472
Epoch: 77 | Loss: 8.344630259671248e-06  | Negative Loss: 0.0
[Test ROC-AUC]  -  SA: 0.00000,  LA: 0.62833
[Test AUPRC]  -  LA: 0.66634
[Test F1-max]  -  LA: 0.75472
Epoch: 78 | Loss: 8.225421879615169e-06  | Negative Loss: 0.0
[Test ROC-AUC]  -  SA: 0.00000,  LA: 0.62833
[Test AUPRC]  -  LA: 0.66634
[Test F1-max]  -  LA: 0.75472
Epoch: 79 | Loss: 8.10621349955909e-06  | Negative Loss: 0.0
[Test ROC-AUC]  -  SA: 0.00000,  LA: 0.62917
[Test AUPRC]  -  LA: 0.66662
[Test F1-max]  -  LA: 0.75472
Epoch: 80 | Loss: 8.10621349955909e-06  | Negative Loss: 0.0
[Test ROC-AUC]  -  SA: 0.00000,  LA: 0.62917
[Test AUPRC]  -  LA: 0.66662
[Test F1-max]  -  LA: 0.75472
Epoch: 81 | Loss: 7.867795829952229e-06  | Negative Loss: 0.0
[Test ROC-AUC]  -  SA: 0.00000,  LA: 0.62833
[Test AUPRC]  -  LA: 0.66608
[Test F1-max]  -  LA: 0.75472
Epoch: 82 | Loss: 7.867795829952229e-06  | Negative Loss: 0.0
[Test ROC-AUC]  -  SA: 0.00000,  LA: 0.62667
[Test AUPRC]  -  LA: 0.66535
[Test F1-max]  -  LA: 0.75472
Epoch: 83 | Loss: 7.748586540401448e-06  | Negative Loss: 0.0
[Test ROC-AUC]  -  SA: 0.00000,  LA: 0.62667
[Test AUPRC]  -  LA: 0.66535
[Test F1-max]  -  LA: 0.75472
Epoch: 84 | Loss: 7.629377705598017e-06  | Negative Loss: 0.0
[Test ROC-AUC]  -  SA: 0.00000,  LA: 0.62583
[Test AUPRC]  -  LA: 0.66512
[Test F1-max]  -  LA: 0.74766
Epoch: 85 | Loss: 7.629377705598017e-06  | Negative Loss: 0.0
[Test ROC-AUC]  -  SA: 0.00000,  LA: 0.62667
[Test AUPRC]  -  LA: 0.66546
[Test F1-max]  -  LA: 0.74766
Epoch: 86 | Loss: 7.510169325541938e-06  | Negative Loss: 0.0
[Test ROC-AUC]  -  SA: 0.00000,  LA: 0.62583
[Test AUPRC]  -  LA: 0.66492
[Test F1-max]  -  LA: 0.74766
Epoch: 87 | Loss: 7.510169325541938e-06  | Negative Loss: 0.0
[Test ROC-AUC]  -  SA: 0.00000,  LA: 0.62500
[Test AUPRC]  -  LA: 0.66458
[Test F1-max]  -  LA: 0.74766
Epoch: 88 | Loss: 7.510169325541938e-06  | Negative Loss: 0.0
[Test ROC-AUC]  -  SA: 0.00000,  LA: 0.62500
[Test AUPRC]  -  LA: 0.66458
[Test F1-max]  -  LA: 0.74766
Epoch: 89 | Loss: 7.390960490738507e-06  | Negative Loss: 0.0
[Test ROC-AUC]  -  SA: 0.00000,  LA: 0.62333
[Test AUPRC]  -  LA: 0.66351
[Test F1-max]  -  LA: 0.74766
Epoch: 90 | Loss: 7.390960490738507e-06  | Negative Loss: 0.0
[Test ROC-AUC]  -  SA: 0.00000,  LA: 0.62333
[Test AUPRC]  -  LA: 0.66351
[Test F1-max]  -  LA: 0.74766
Epoch: 91 | Loss: 7.271751201187726e-06  | Negative Loss: 0.0
[Test ROC-AUC]  -  SA: 0.00000,  LA: 0.62417
[Test AUPRC]  -  LA: 0.66405
[Test F1-max]  -  LA: 0.74766
Epoch: 92 | Loss: 7.271751201187726e-06  | Negative Loss: 0.0
[Test ROC-AUC]  -  SA: 0.00000,  LA: 0.62417
[Test AUPRC]  -  LA: 0.66405
[Test F1-max]  -  LA: 0.74766
Epoch: 93 | Loss: 7.152542821131647e-06  | Negative Loss: 0.0
[Test ROC-AUC]  -  SA: 0.00000,  LA: 0.62333
[Test AUPRC]  -  LA: 0.66323
[Test F1-max]  -  LA: 0.74766
Epoch: 94 | Loss: 7.152542821131647e-06  | Negative Loss: 0.0
[Test ROC-AUC]  -  SA: 0.00000,  LA: 0.62333
[Test AUPRC]  -  LA: 0.66323
[Test F1-max]  -  LA: 0.74766
Epoch: 95 | Loss: 7.152542821131647e-06  | Negative Loss: 0.0
[Test ROC-AUC]  -  SA: 0.00000,  LA: 0.62250
[Test AUPRC]  -  LA: 0.66268
[Test F1-max]  -  LA: 0.74766
Epoch: 96 | Loss: 7.033333986328216e-06  | Negative Loss: 0.0
[Test ROC-AUC]  -  SA: 0.00000,  LA: 0.62250
[Test AUPRC]  -  LA: 0.66268
[Test F1-max]  -  LA: 0.74766
Epoch: 97 | Loss: 7.033333986328216e-06  | Negative Loss: 0.0
[Test ROC-AUC]  -  SA: 0.00000,  LA: 0.62250
[Test AUPRC]  -  LA: 0.66268
[Test F1-max]  -  LA: 0.74766
Epoch: 98 | Loss: 7.033333986328216e-06  | Negative Loss: 0.0
[Test ROC-AUC]  -  SA: 0.00000,  LA: 0.62083
[Test AUPRC]  -  LA: 0.66192
[Test F1-max]  -  LA: 0.74766
Epoch: 99 | Loss: 7.033333986328216e-06  | Negative Loss: 0.0
Time consumption: 95.9019684791565
Best LA AUC: 0.675
Best LA AUPC: 0.7037683526174611
Best LA F1-max: 0.7741935483870968
[Result] Experiment result appended to ./results/train_hybrid_result.csv

[END] 2026-03-18 20:52:14
[RETURN CODE] 0
