[START] 2026-03-18 21:02:30
[GPU] 3
[TASK] 26/60
[NAME] red_splicing_promptad
[REPEAT] 6/10
[COMMAND] python train_hybrid.py --data_name red_splicing --mask True --text True --double_encoder True --few_shot True --shot 1 --hybrid_model promptad --hybrid_weight 0.3 --hybrid_batch_size 16 --epoch 100 --log True --lr 5e-4 --detection True --preprocess True

/home/seungeon/miniconda3/envs/LAB/lib/python3.10/site-packages/timm/models/layers/__init__.py:48: FutureWarning: Importing from timm.models.layers is deprecated, please import via timm.layers
  warnings.warn(f"Importing from {__name__} is deprecated, please import via timm.layers", FutureWarning)
/home/seungeon/Workspace/side/vlm/train_hybrid.py:18: DeprecationWarning: The distutils package is deprecated and slated for removal in Python 3.12. Use setuptools or check PEP 632 for potential alternatives
  from distutils.util import strtobool
Torch version: 2.9.1+cu128
cuda is loaded for process
here?
In my local computer
Namespace(epoch=100, gpu_number='0', data_name='red_splicing', lr=0.0005, batch_size=6, shuffle=True, seed=0, tag='default', model_name='ViT-B-32', pretrained_name='laion2b_s34b_b79k', lora=1, default=False, foundation='CLIP', detection=1, preprocess=1, num_rule=0, object_names=['a photo of orange connector', 'a photo of red cable', 'a photo of yellow cable', 'a photo of blue cable', 'a photo of metal panel'], objects_for_rules=[['a photo of orange connector'], ['a photo of orange connector'], ['a photo of red cable'], ['a photo of red cable'], ['a photo of orange connector'], ['a photo of orange connector', 'a photo of red cable']], texts_for_rules=[['a photo of orange connector'], ['a photo of orange connector'], ['a photo of red cable'], ['a photo of red cable'], ['a photo of orange connector'], ['a photo of orange connector and red cable']], mask=1, text=1, score='mean', ciriculam_learning=False, few_shot=1, shot=1, log=1, neg_loss=0, double_encoder=1, pretrained_count_path=None, ris=0, rule_select='', rule_list=[], num_negative=5, hybrid_model='promptad', hybrid_weight=0.3, hybrid_class_name='', hybrid_batch_size=16, hybrid_backbone='ViT-B-16-plus-240', hybrid_pretrained_dataset='laion400m_e32', hybrid_scales=[2, 3], hybrid_img_resize=240, hybrid_img_cropsize=240, hybrid_resolution=400, hybrid_promptad_epoch=100, hybrid_promptad_lr=0.002, hybrid_promptad_momentum=0.9, hybrid_promptad_weight_decay=0.0005, hybrid_promptad_eta_min=1e-05, hybrid_promptad_lambda1=0.001, hybrid_promptad_n_ctx=4, hybrid_promptad_n_pro=3, hybrid_promptad_n_ctx_ab=1, hybrid_promptad_n_pro_ab=4, early_stop_k=10, result_log_path='./results/train_hybrid_result.csv')
[Hybrid] method=promptad, class_name=splicing_connectors, train=1, eval=89, base_path=/data3/seungeon/data/image/mvtec_loco_anomaly_detection/red_splicing
[Hybrid-only] LA_AUC=0.84719, LA_AUPRC=0.78386, LA_F1=0.81720
[Data Description]
- Train: 1
- Test: 89

Train Start
[Test ROC-AUC]  -  SA: 0.00000,  LA: 0.63878
[Test AUPRC]  -  LA: 0.59843
[Test F1-max]  -  LA: 0.64516
Epoch: 0 | Loss: 8.596881866455078  | Negative Loss: 0.0
[Test ROC-AUC]  -  SA: 0.00000,  LA: 0.64235
[Test AUPRC]  -  LA: 0.59884
[Test F1-max]  -  LA: 0.64516
Epoch: 1 | Loss: 8.533526420593262  | Negative Loss: 0.0
[Test ROC-AUC]  -  SA: 0.00000,  LA: 0.68163
[Test AUPRC]  -  LA: 0.63356
[Test F1-max]  -  LA: 0.67257
Epoch: 2 | Loss: 7.664151191711426  | Negative Loss: 0.0
[Test ROC-AUC]  -  SA: 0.00000,  LA: 0.71429
[Test AUPRC]  -  LA: 0.65323
[Test F1-max]  -  LA: 0.69091
Epoch: 3 | Loss: 6.43671989440918  | Negative Loss: 0.0
[Test ROC-AUC]  -  SA: 0.00000,  LA: 0.70357
[Test AUPRC]  -  LA: 0.64378
[Test F1-max]  -  LA: 0.67890
Epoch: 4 | Loss: 5.170835494995117  | Negative Loss: 0.0
[Test ROC-AUC]  -  SA: 0.00000,  LA: 0.69158
[Test AUPRC]  -  LA: 0.63118
[Test F1-max]  -  LA: 0.68571
Epoch: 5 | Loss: 4.112187385559082  | Negative Loss: 0.0
[Test ROC-AUC]  -  SA: 0.00000,  LA: 0.68776
[Test AUPRC]  -  LA: 0.62353
[Test F1-max]  -  LA: 0.69307
Epoch: 6 | Loss: 3.2963247299194336  | Negative Loss: 0.0
[Test ROC-AUC]  -  SA: 0.00000,  LA: 0.68827
[Test AUPRC]  -  LA: 0.62896
[Test F1-max]  -  LA: 0.71154
Epoch: 7 | Loss: 2.685903549194336  | Negative Loss: 0.0
[Test ROC-AUC]  -  SA: 0.00000,  LA: 0.69490
[Test AUPRC]  -  LA: 0.63890
[Test F1-max]  -  LA: 0.70588
Epoch: 8 | Loss: 2.1974728107452393  | Negative Loss: 0.0
[Test ROC-AUC]  -  SA: 0.00000,  LA: 0.70459
[Test AUPRC]  -  LA: 0.64458
[Test F1-max]  -  LA: 0.71287
Epoch: 9 | Loss: 1.78329598903656  | Negative Loss: 0.0
[Test ROC-AUC]  -  SA: 0.00000,  LA: 0.71276
[Test AUPRC]  -  LA: 0.65144
[Test F1-max]  -  LA: 0.70588
Epoch: 10 | Loss: 1.4237594604492188  | Negative Loss: 0.0
[Test ROC-AUC]  -  SA: 0.00000,  LA: 0.72194
[Test AUPRC]  -  LA: 0.66183
[Test F1-max]  -  LA: 0.71560
Epoch: 11 | Loss: 1.1210510730743408  | Negative Loss: 0.0
[Test ROC-AUC]  -  SA: 0.00000,  LA: 0.72806
[Test AUPRC]  -  LA: 0.66602
[Test F1-max]  -  LA: 0.72222
Epoch: 12 | Loss: 0.8594463467597961  | Negative Loss: 0.0
[Test ROC-AUC]  -  SA: 0.00000,  LA: 0.73112
[Test AUPRC]  -  LA: 0.66700
[Test F1-max]  -  LA: 0.72222
Epoch: 13 | Loss: 0.6403104066848755  | Negative Loss: 0.0
[Test ROC-AUC]  -  SA: 0.00000,  LA: 0.72908
[Test AUPRC]  -  LA: 0.66702
[Test F1-max]  -  LA: 0.72897
Epoch: 14 | Loss: 0.4646570682525635  | Negative Loss: 0.0
[Test ROC-AUC]  -  SA: 0.00000,  LA: 0.72398
[Test AUPRC]  -  LA: 0.66439
[Test F1-max]  -  LA: 0.72222
Epoch: 15 | Loss: 0.3298477530479431  | Negative Loss: 0.0
[Test ROC-AUC]  -  SA: 0.00000,  LA: 0.72908
[Test AUPRC]  -  LA: 0.66852
[Test F1-max]  -  LA: 0.72222
Epoch: 16 | Loss: 0.2279660850763321  | Negative Loss: 0.0
[Test ROC-AUC]  -  SA: 0.00000,  LA: 0.73724
[Test AUPRC]  -  LA: 0.67551
[Test F1-max]  -  LA: 0.72897
Epoch: 17 | Loss: 0.15375512838363647  | Negative Loss: 0.0
[Test ROC-AUC]  -  SA: 0.00000,  LA: 0.73878
[Test AUPRC]  -  LA: 0.67732
[Test F1-max]  -  LA: 0.73585
Epoch: 18 | Loss: 0.10146987438201904  | Negative Loss: 0.0
[Test ROC-AUC]  -  SA: 0.00000,  LA: 0.74082
[Test AUPRC]  -  LA: 0.67874
[Test F1-max]  -  LA: 0.74286
Epoch: 19 | Loss: 0.06594046950340271  | Negative Loss: 0.0
[Test ROC-AUC]  -  SA: 0.00000,  LA: 0.74235
[Test AUPRC]  -  LA: 0.68023
[Test F1-max]  -  LA: 0.73585
Epoch: 20 | Loss: 0.0423407182097435  | Negative Loss: 0.0
[Test ROC-AUC]  -  SA: 0.00000,  LA: 0.74337
[Test AUPRC]  -  LA: 0.68099
[Test F1-max]  -  LA: 0.73585
Epoch: 21 | Loss: 0.02704109065234661  | Negative Loss: 0.0
[Test ROC-AUC]  -  SA: 0.00000,  LA: 0.74490
[Test AUPRC]  -  LA: 0.68511
[Test F1-max]  -  LA: 0.74000
Epoch: 22 | Loss: 0.017244970425963402  | Negative Loss: 0.0
[Test ROC-AUC]  -  SA: 0.00000,  LA: 0.74643
[Test AUPRC]  -  LA: 0.68642
[Test F1-max]  -  LA: 0.74000
Epoch: 23 | Loss: 0.011022897437214851  | Negative Loss: 0.0
[Test ROC-AUC]  -  SA: 0.00000,  LA: 0.74643
[Test AUPRC]  -  LA: 0.68793
[Test F1-max]  -  LA: 0.74227
Epoch: 24 | Loss: 0.007087745703756809  | Negative Loss: 0.0
[Test ROC-AUC]  -  SA: 0.00000,  LA: 0.74694
[Test AUPRC]  -  LA: 0.68854
[Test F1-max]  -  LA: 0.74227
Epoch: 25 | Loss: 0.004605337977409363  | Negative Loss: 0.0
[Test ROC-AUC]  -  SA: 0.00000,  LA: 0.74847
[Test AUPRC]  -  LA: 0.68968
[Test F1-max]  -  LA: 0.74227
Epoch: 26 | Loss: 0.0030339136719703674  | Negative Loss: 0.0
[Test ROC-AUC]  -  SA: 0.00000,  LA: 0.74847
[Test AUPRC]  -  LA: 0.68899
[Test F1-max]  -  LA: 0.74227
Epoch: 27 | Loss: 0.002025736728683114  | Negative Loss: 0.0
[Test ROC-AUC]  -  SA: 0.00000,  LA: 0.75051
[Test AUPRC]  -  LA: 0.68656
[Test F1-max]  -  LA: 0.74227
Epoch: 28 | Loss: 0.0013756583211943507  | Negative Loss: 0.0
[Test ROC-AUC]  -  SA: 0.00000,  LA: 0.75255
[Test AUPRC]  -  LA: 0.68911
[Test F1-max]  -  LA: 0.74510
Epoch: 29 | Loss: 0.0009500994929112494  | Negative Loss: 0.0
[Test ROC-AUC]  -  SA: 0.00000,  LA: 0.75357
[Test AUPRC]  -  LA: 0.69120
[Test F1-max]  -  LA: 0.74510
Epoch: 30 | Loss: 0.0006678118952549994  | Negative Loss: 0.0
[Test ROC-AUC]  -  SA: 0.00000,  LA: 0.75306
[Test AUPRC]  -  LA: 0.69000
[Test F1-max]  -  LA: 0.74510
Epoch: 31 | Loss: 0.0004785646451637149  | Negative Loss: 0.0
[Test ROC-AUC]  -  SA: 0.00000,  LA: 0.75051
[Test AUPRC]  -  LA: 0.68413
[Test F1-max]  -  LA: 0.74510
Epoch: 32 | Loss: 0.0003492508549243212  | Negative Loss: 0.0
[Test ROC-AUC]  -  SA: 0.00000,  LA: 0.75102
[Test AUPRC]  -  LA: 0.68527
[Test F1-max]  -  LA: 0.74510
Epoch: 33 | Loss: 0.00025950081180781126  | Negative Loss: 0.0
[Test ROC-AUC]  -  SA: 0.00000,  LA: 0.75051
[Test AUPRC]  -  LA: 0.68669
[Test F1-max]  -  LA: 0.74510
Epoch: 34 | Loss: 0.0001962083188118413  | Negative Loss: 0.0
[Test ROC-AUC]  -  SA: 0.00000,  LA: 0.75000
[Test AUPRC]  -  LA: 0.68096
[Test F1-max]  -  LA: 0.74510
Epoch: 35 | Loss: 0.00015091296518221498  | Negative Loss: 0.0
[Test ROC-AUC]  -  SA: 0.00000,  LA: 0.74949
[Test AUPRC]  -  LA: 0.68036
[Test F1-max]  -  LA: 0.74510
Epoch: 36 | Loss: 0.00011801355140050873  | Negative Loss: 0.0
[Test ROC-AUC]  -  SA: 0.00000,  LA: 0.75000
[Test AUPRC]  -  LA: 0.68367
[Test F1-max]  -  LA: 0.74510
Epoch: 37 | Loss: 9.381542622577399e-05  | Negative Loss: 0.0
[Test ROC-AUC]  -  SA: 0.00000,  LA: 0.75000
[Test AUPRC]  -  LA: 0.68301
[Test F1-max]  -  LA: 0.74510
Epoch: 38 | Loss: 7.581562385894358e-05  | Negative Loss: 0.0
[Test ROC-AUC]  -  SA: 0.00000,  LA: 0.74745
[Test AUPRC]  -  LA: 0.68079
[Test F1-max]  -  LA: 0.74286
Epoch: 39 | Loss: 6.21070503257215e-05  | Negative Loss: 0.0
[Test ROC-AUC]  -  SA: 0.00000,  LA: 0.74898
[Test AUPRC]  -  LA: 0.68182
[Test F1-max]  -  LA: 0.74286
Epoch: 40 | Loss: 5.1616942073451355e-05  | Negative Loss: 0.0
[Test ROC-AUC]  -  SA: 0.00000,  LA: 0.74796
[Test AUPRC]  -  LA: 0.68346
[Test F1-max]  -  LA: 0.74286
Epoch: 41 | Loss: 4.36301197623834e-05  | Negative Loss: 0.0
[Test ROC-AUC]  -  SA: 0.00000,  LA: 0.74694
[Test AUPRC]  -  LA: 0.68258
[Test F1-max]  -  LA: 0.74286
Epoch: 42 | Loss: 3.7192952731857076e-05  | Negative Loss: 0.0
[Test ROC-AUC]  -  SA: 0.00000,  LA: 0.74745
[Test AUPRC]  -  LA: 0.68439
[Test F1-max]  -  LA: 0.74286
Epoch: 43 | Loss: 3.218625352019444e-05  | Negative Loss: 0.0
[Test ROC-AUC]  -  SA: 0.00000,  LA: 0.74847
[Test AUPRC]  -  LA: 0.68660
[Test F1-max]  -  LA: 0.74286
Epoch: 44 | Loss: 2.8013988412567414e-05  | Negative Loss: 0.0
[Test ROC-AUC]  -  SA: 0.00000,  LA: 0.74898
[Test AUPRC]  -  LA: 0.68772
[Test F1-max]  -  LA: 0.74286
Epoch: 45 | Loss: 2.4676171960891224e-05  | Negative Loss: 0.0
[Test ROC-AUC]  -  SA: 0.00000,  LA: 0.74898
[Test AUPRC]  -  LA: 0.68747
[Test F1-max]  -  LA: 0.74286
Epoch: 46 | Loss: 2.2172809622134082e-05  | Negative Loss: 0.0
[Test ROC-AUC]  -  SA: 0.00000,  LA: 0.74847
[Test AUPRC]  -  LA: 0.68710
[Test F1-max]  -  LA: 0.74286
Epoch: 47 | Loss: 1.990785494854208e-05  | Negative Loss: 0.0
[Test ROC-AUC]  -  SA: 0.00000,  LA: 0.74847
[Test AUPRC]  -  LA: 0.68724
[Test F1-max]  -  LA: 0.74286
Epoch: 48 | Loss: 1.8000524505623616e-05  | Negative Loss: 0.0
[Test ROC-AUC]  -  SA: 0.00000,  LA: 0.74796
[Test AUPRC]  -  LA: 0.68689
[Test F1-max]  -  LA: 0.74286
Epoch: 49 | Loss: 1.6570025763940066e-05  | Negative Loss: 0.0
[Test ROC-AUC]  -  SA: 0.00000,  LA: 0.74796
[Test AUPRC]  -  LA: 0.68689
[Test F1-max]  -  LA: 0.74286
Epoch: 50 | Loss: 1.5020316823211033e-05  | Negative Loss: 0.0
[Test ROC-AUC]  -  SA: 0.00000,  LA: 0.74796
[Test AUPRC]  -  LA: 0.68689
[Test F1-max]  -  LA: 0.74286
Epoch: 51 | Loss: 1.4066648873267695e-05  | Negative Loss: 0.0
[Test ROC-AUC]  -  SA: 0.00000,  LA: 0.74847
[Test AUPRC]  -  LA: 0.68723
[Test F1-max]  -  LA: 0.74286
Epoch: 52 | Loss: 1.3112980923324358e-05  | Negative Loss: 0.0
[Test ROC-AUC]  -  SA: 0.00000,  LA: 0.74898
[Test AUPRC]  -  LA: 0.68795
[Test F1-max]  -  LA: 0.74286
Epoch: 53 | Loss: 1.22785213534371e-05  | Negative Loss: 0.0
[Test ROC-AUC]  -  SA: 0.00000,  LA: 0.74949
[Test AUPRC]  -  LA: 0.68828
[Test F1-max]  -  LA: 0.74286
Epoch: 54 | Loss: 1.1801687833212782e-05  | Negative Loss: 0.0
[Test ROC-AUC]  -  SA: 0.00000,  LA: 0.74949
[Test AUPRC]  -  LA: 0.68833
[Test F1-max]  -  LA: 0.74286
Epoch: 55 | Loss: 1.1086436643381603e-05  | Negative Loss: 0.0
[Test ROC-AUC]  -  SA: 0.00000,  LA: 0.75051
[Test AUPRC]  -  LA: 0.68892
[Test F1-max]  -  LA: 0.74286
Epoch: 56 | Loss: 1.0371182725066319e-05  | Negative Loss: 0.0
[Test ROC-AUC]  -  SA: 0.00000,  LA: 0.75102
[Test AUPRC]  -  LA: 0.69057
[Test F1-max]  -  LA: 0.74286
Epoch: 57 | Loss: 1.0013556675403379e-05  | Negative Loss: 0.0
[Test ROC-AUC]  -  SA: 0.00000,  LA: 0.75153
[Test AUPRC]  -  LA: 0.69082
[Test F1-max]  -  LA: 0.74286
Epoch: 58 | Loss: 9.417512956133578e-06  | Negative Loss: 0.0
[Test ROC-AUC]  -  SA: 0.00000,  LA: 0.75051
[Test AUPRC]  -  LA: 0.68967
[Test F1-max]  -  LA: 0.74286
Epoch: 59 | Loss: 9.179096196021419e-06  | Negative Loss: 0.0
[Test ROC-AUC]  -  SA: 0.00000,  LA: 0.75000
[Test AUPRC]  -  LA: 0.68873
[Test F1-max]  -  LA: 0.74286
Epoch: 60 | Loss: 9.059886906470638e-06  | Negative Loss: 0.0
[Test ROC-AUC]  -  SA: 0.00000,  LA: 0.75051
[Test AUPRC]  -  LA: 0.68897
[Test F1-max]  -  LA: 0.74286
Epoch: 61 | Loss: 8.702260856807698e-06  | Negative Loss: 0.0
[Test ROC-AUC]  -  SA: 0.00000,  LA: 0.75051
[Test AUPRC]  -  LA: 0.68897
[Test F1-max]  -  LA: 0.74286
Epoch: 62 | Loss: 8.225424608099274e-06  | Negative Loss: 0.0
[Test ROC-AUC]  -  SA: 0.00000,  LA: 0.75000
[Test AUPRC]  -  LA: 0.68871
[Test F1-max]  -  LA: 0.74286
Epoch: 63 | Loss: 8.106216228043195e-06  | Negative Loss: 0.0
[Test ROC-AUC]  -  SA: 0.00000,  LA: 0.75000
[Test AUPRC]  -  LA: 0.68871
[Test F1-max]  -  LA: 0.74286
Epoch: 64 | Loss: 7.867798558436334e-06  | Negative Loss: 0.0
[Test ROC-AUC]  -  SA: 0.00000,  LA: 0.75051
[Test AUPRC]  -  LA: 0.68898
[Test F1-max]  -  LA: 0.74286
Epoch: 65 | Loss: 7.629380888829473e-06  | Negative Loss: 0.0
[Test ROC-AUC]  -  SA: 0.00000,  LA: 0.75051
[Test AUPRC]  -  LA: 0.68898
[Test F1-max]  -  LA: 0.74286
Epoch: 66 | Loss: 7.510172508773394e-06  | Negative Loss: 0.0
[Test ROC-AUC]  -  SA: 0.00000,  LA: 0.75051
[Test AUPRC]  -  LA: 0.68898
[Test F1-max]  -  LA: 0.74286
Epoch: 67 | Loss: 7.3909636739699636e-06  | Negative Loss: 0.0
[Test ROC-AUC]  -  SA: 0.00000,  LA: 0.75051
[Test AUPRC]  -  LA: 0.68898
[Test F1-max]  -  LA: 0.74286
Epoch: 68 | Loss: 7.271754839166533e-06  | Negative Loss: 0.0
[Test ROC-AUC]  -  SA: 0.00000,  LA: 0.75051
[Test AUPRC]  -  LA: 0.68898
[Test F1-max]  -  LA: 0.74286
Epoch: 69 | Loss: 7.271754839166533e-06  | Negative Loss: 0.0
[Test ROC-AUC]  -  SA: 0.00000,  LA: 0.75102
[Test AUPRC]  -  LA: 0.68922
[Test F1-max]  -  LA: 0.74286
Epoch: 70 | Loss: 7.152546004363103e-06  | Negative Loss: 0.0
[Test ROC-AUC]  -  SA: 0.00000,  LA: 0.75102
[Test AUPRC]  -  LA: 0.68922
[Test F1-max]  -  LA: 0.74286
Epoch: 71 | Loss: 7.033336714812322e-06  | Negative Loss: 0.0
[Test ROC-AUC]  -  SA: 0.00000,  LA: 0.75153
[Test AUPRC]  -  LA: 0.69078
[Test F1-max]  -  LA: 0.74286
Epoch: 72 | Loss: 6.914128334756242e-06  | Negative Loss: 0.0
[Test ROC-AUC]  -  SA: 0.00000,  LA: 0.75153
[Test AUPRC]  -  LA: 0.69078
[Test F1-max]  -  LA: 0.74286
Epoch: 73 | Loss: 6.794919045205461e-06  | Negative Loss: 0.0
[Test ROC-AUC]  -  SA: 0.00000,  LA: 0.75153
[Test AUPRC]  -  LA: 0.69083
[Test F1-max]  -  LA: 0.74286
Epoch: 74 | Loss: 6.6757102104020305e-06  | Negative Loss: 0.0
[Test ROC-AUC]  -  SA: 0.00000,  LA: 0.75255
[Test AUPRC]  -  LA: 0.69204
[Test F1-max]  -  LA: 0.74286
Epoch: 75 | Loss: 6.6757102104020305e-06  | Negative Loss: 0.0
[Test ROC-AUC]  -  SA: 0.00000,  LA: 0.75255
[Test AUPRC]  -  LA: 0.69204
[Test F1-max]  -  LA: 0.74286
Epoch: 76 | Loss: 6.43729254079517e-06  | Negative Loss: 0.0
[Test ROC-AUC]  -  SA: 0.00000,  LA: 0.75255
[Test AUPRC]  -  LA: 0.69204
[Test F1-max]  -  LA: 0.74286
Epoch: 77 | Loss: 6.43729254079517e-06  | Negative Loss: 0.0
[Test ROC-AUC]  -  SA: 0.00000,  LA: 0.75357
[Test AUPRC]  -  LA: 0.69375
[Test F1-max]  -  LA: 0.74286
Epoch: 78 | Loss: 6.43729254079517e-06  | Negative Loss: 0.0
[Test ROC-AUC]  -  SA: 0.00000,  LA: 0.75357
[Test AUPRC]  -  LA: 0.69366
[Test F1-max]  -  LA: 0.74286
Epoch: 79 | Loss: 6.3180832512443885e-06  | Negative Loss: 0.0
[Test ROC-AUC]  -  SA: 0.00000,  LA: 0.75357
[Test AUPRC]  -  LA: 0.69366
[Test F1-max]  -  LA: 0.74286
Epoch: 80 | Loss: 6.3180832512443885e-06  | Negative Loss: 0.0
[Test ROC-AUC]  -  SA: 0.00000,  LA: 0.75357
[Test AUPRC]  -  LA: 0.69366
[Test F1-max]  -  LA: 0.74286
Epoch: 81 | Loss: 6.079664672142826e-06  | Negative Loss: 0.0
[Test ROC-AUC]  -  SA: 0.00000,  LA: 0.75357
[Test AUPRC]  -  LA: 0.69366
[Test F1-max]  -  LA: 0.74286
Epoch: 82 | Loss: 5.9604562920867465e-06  | Negative Loss: 0.0
[Test ROC-AUC]  -  SA: 0.00000,  LA: 0.75357
[Test AUPRC]  -  LA: 0.69412
[Test F1-max]  -  LA: 0.74286
Epoch: 83 | Loss: 5.9604562920867465e-06  | Negative Loss: 0.0
[Test ROC-AUC]  -  SA: 0.00000,  LA: 0.75357
[Test AUPRC]  -  LA: 0.69412
[Test F1-max]  -  LA: 0.74286
Epoch: 84 | Loss: 5.9604562920867465e-06  | Negative Loss: 0.0
[Test ROC-AUC]  -  SA: 0.00000,  LA: 0.75408
[Test AUPRC]  -  LA: 0.69436
[Test F1-max]  -  LA: 0.74286
Epoch: 85 | Loss: 5.9604562920867465e-06  | Negative Loss: 0.0
[Test ROC-AUC]  -  SA: 0.00000,  LA: 0.75408
[Test AUPRC]  -  LA: 0.69436
[Test F1-max]  -  LA: 0.74286
Epoch: 86 | Loss: 5.841247002535965e-06  | Negative Loss: 0.0
[Test ROC-AUC]  -  SA: 0.00000,  LA: 0.75408
[Test AUPRC]  -  LA: 0.69436
[Test F1-max]  -  LA: 0.74286
Epoch: 87 | Loss: 5.841247002535965e-06  | Negative Loss: 0.0
[Test ROC-AUC]  -  SA: 0.00000,  LA: 0.75485
[Test AUPRC]  -  LA: 0.69475
[Test F1-max]  -  LA: 0.74286
Epoch: 88 | Loss: 5.841247002535965e-06  | Negative Loss: 0.0
[Test ROC-AUC]  -  SA: 0.00000,  LA: 0.75536
[Test AUPRC]  -  LA: 0.69541
[Test F1-max]  -  LA: 0.74286
Epoch: 89 | Loss: 5.841247002535965e-06  | Negative Loss: 0.0
[Test ROC-AUC]  -  SA: 0.00000,  LA: 0.75561
[Test AUPRC]  -  LA: 0.69592
[Test F1-max]  -  LA: 0.74286
Epoch: 90 | Loss: 5.841247002535965e-06  | Negative Loss: 0.0
[Test ROC-AUC]  -  SA: 0.00000,  LA: 0.75612
[Test AUPRC]  -  LA: 0.69630
[Test F1-max]  -  LA: 0.74286
Epoch: 91 | Loss: 5.722038622479886e-06  | Negative Loss: 0.0
[Test ROC-AUC]  -  SA: 0.00000,  LA: 0.75612
[Test AUPRC]  -  LA: 0.69630
[Test F1-max]  -  LA: 0.74286
Epoch: 92 | Loss: 5.722038622479886e-06  | Negative Loss: 0.0
[Test ROC-AUC]  -  SA: 0.00000,  LA: 0.75663
[Test AUPRC]  -  LA: 0.69730
[Test F1-max]  -  LA: 0.74286
Epoch: 93 | Loss: 5.722038622479886e-06  | Negative Loss: 0.0
[Test ROC-AUC]  -  SA: 0.00000,  LA: 0.75663
[Test AUPRC]  -  LA: 0.69730
[Test F1-max]  -  LA: 0.74286
Epoch: 94 | Loss: 5.722038622479886e-06  | Negative Loss: 0.0
[Test ROC-AUC]  -  SA: 0.00000,  LA: 0.75663
[Test AUPRC]  -  LA: 0.69730
[Test F1-max]  -  LA: 0.74286
Epoch: 95 | Loss: 5.722038622479886e-06  | Negative Loss: 0.0
[Test ROC-AUC]  -  SA: 0.00000,  LA: 0.75765
[Test AUPRC]  -  LA: 0.69783
[Test F1-max]  -  LA: 0.74510
Epoch: 96 | Loss: 5.722038622479886e-06  | Negative Loss: 0.0
[Test ROC-AUC]  -  SA: 0.00000,  LA: 0.75816
[Test AUPRC]  -  LA: 0.69812
[Test F1-max]  -  LA: 0.74510
Epoch: 97 | Loss: 5.6028293329291046e-06  | Negative Loss: 0.0
[Test ROC-AUC]  -  SA: 0.00000,  LA: 0.75816
[Test AUPRC]  -  LA: 0.69812
[Test F1-max]  -  LA: 0.74510
Epoch: 98 | Loss: 5.6028293329291046e-06  | Negative Loss: 0.0
[Test ROC-AUC]  -  SA: 0.00000,  LA: 0.75816
[Test AUPRC]  -  LA: 0.69812
[Test F1-max]  -  LA: 0.74510
Epoch: 99 | Loss: 5.483620952873025e-06  | Negative Loss: 0.0
Time consumption: 107.2658908367157
Best LA AUC: 0.7581632653061224
Best LA AUPC: 0.6981165081779175
Best LA F1-max: 0.7450980392156863
[Result] Experiment result appended to ./results/train_hybrid_result.csv

[END] 2026-03-18 21:06:16
[RETURN CODE] 0
