[START] 2026-03-18 21:24:49
[GPU] 3
[TASK] 52/60
[NAME] yellow_splicing_winclip
[REPEAT] 2/10
[COMMAND] python train_hybrid.py --data_name yellow_splicing --mask True --text True --double_encoder True --few_shot True --shot 1 --hybrid_model winclip --hybrid_weight 0.3 --hybrid_batch_size 16 --epoch 100 --log True --lr 5e-4 --detection True --preprocess True

/home/seungeon/miniconda3/envs/LAB/lib/python3.10/site-packages/timm/models/layers/__init__.py:48: FutureWarning: Importing from timm.models.layers is deprecated, please import via timm.layers
  warnings.warn(f"Importing from {__name__} is deprecated, please import via timm.layers", FutureWarning)
/home/seungeon/Workspace/side/vlm/train_hybrid.py:18: DeprecationWarning: The distutils package is deprecated and slated for removal in Python 3.12. Use setuptools or check PEP 632 for potential alternatives
  from distutils.util import strtobool
Torch version: 2.9.1+cu128
cuda is loaded for process
here?
In my local computer
Namespace(epoch=100, gpu_number='0', data_name='yellow_splicing', lr=0.0005, batch_size=6, shuffle=True, seed=0, tag='default', model_name='ViT-B-32', pretrained_name='laion2b_s34b_b79k', lora=1, default=False, foundation='CLIP', detection=1, preprocess=1, num_rule=0, object_names=['a photo of orange connector', 'a photo of yellow cable', 'a photo of red cable', 'a photo of blue cable', 'a photo of metal panel'], objects_for_rules=[['a photo of orange connector'], ['a photo of orange connector'], ['a photo of yellow cable'], ['a photo of yellow cable'], ['a photo of orange connector'], ['a photo of orange connector', 'a photo of yellow cable']], texts_for_rules=[['a photo of orange connector'], ['a photo of orange connector'], ['a photo of yellow cable'], ['a photo of yellow cable'], ['a photo of orange connector'], ['a photo of orange connector and yellow cable']], mask=1, text=1, score='mean', ciriculam_learning=False, few_shot=1, shot=1, log=1, neg_loss=0, double_encoder=1, pretrained_count_path=None, ris=0, rule_select='', rule_list=[], num_negative=5, hybrid_model='winclip', hybrid_weight=0.3, hybrid_class_name='', hybrid_batch_size=16, hybrid_backbone='ViT-B-16-plus-240', hybrid_pretrained_dataset='laion400m_e32', hybrid_scales=[2, 3], hybrid_img_resize=240, hybrid_img_cropsize=240, hybrid_resolution=400, hybrid_promptad_epoch=100, hybrid_promptad_lr=0.002, hybrid_promptad_momentum=0.9, hybrid_promptad_weight_decay=0.0005, hybrid_promptad_eta_min=1e-05, hybrid_promptad_lambda1=0.001, hybrid_promptad_n_ctx=4, hybrid_promptad_n_pro=3, hybrid_promptad_n_ctx_ab=1, hybrid_promptad_n_pro_ab=4, early_stop_k=10, result_log_path='./results/train_hybrid_result.csv')
[Hybrid] method=winclip, class_name=splicing_connectors, train=1, eval=68, base_path=/data3/seungeon/data/image/mvtec_loco_anomaly_detection/yellow_splicing
grid 240 16 (15, 15)
[Hybrid-only] LA_AUC=0.78603, LA_AUPRC=0.86011, LA_F1=0.78571
[Data Description]
- Train: 1
- Test: 68

Train Start
[Test ROC-AUC]  -  SA: 0.00000,  LA: 0.71972
[Test AUPRC]  -  LA: 0.81892
[Test F1-max]  -  LA: 0.74157
Epoch: 0 | Loss: 12.440442085266113  | Negative Loss: 0.0
[Test ROC-AUC]  -  SA: 0.00000,  LA: 0.72060
[Test AUPRC]  -  LA: 0.81956
[Test F1-max]  -  LA: 0.74157
Epoch: 1 | Loss: 12.363585472106934  | Negative Loss: 0.0
[Test ROC-AUC]  -  SA: 0.00000,  LA: 0.74447
[Test AUPRC]  -  LA: 0.83518
[Test F1-max]  -  LA: 0.74286
Epoch: 2 | Loss: 11.456624031066895  | Negative Loss: 0.0
[Test ROC-AUC]  -  SA: 0.00000,  LA: 0.73828
[Test AUPRC]  -  LA: 0.82683
[Test F1-max]  -  LA: 0.74286
Epoch: 3 | Loss: 10.129363059997559  | Negative Loss: 0.0
[Test ROC-AUC]  -  SA: 0.00000,  LA: 0.72325
[Test AUPRC]  -  LA: 0.80416
[Test F1-max]  -  LA: 0.75248
Epoch: 4 | Loss: 8.65891170501709  | Negative Loss: 0.0
[Test ROC-AUC]  -  SA: 0.00000,  LA: 0.71706
[Test AUPRC]  -  LA: 0.79201
[Test F1-max]  -  LA: 0.76000
Epoch: 5 | Loss: 7.302819728851318  | Negative Loss: 0.0
[Test ROC-AUC]  -  SA: 0.00000,  LA: 0.70734
[Test AUPRC]  -  LA: 0.78078
[Test F1-max]  -  LA: 0.76768
Epoch: 6 | Loss: 6.104916572570801  | Negative Loss: 0.0
[Test ROC-AUC]  -  SA: 0.00000,  LA: 0.70203
[Test AUPRC]  -  LA: 0.77603
[Test F1-max]  -  LA: 0.77083
Epoch: 7 | Loss: 5.012369632720947  | Negative Loss: 0.0
[Test ROC-AUC]  -  SA: 0.00000,  LA: 0.70999
[Test AUPRC]  -  LA: 0.78293
[Test F1-max]  -  LA: 0.77083
Epoch: 8 | Loss: 4.007070064544678  | Negative Loss: 0.0
[Test ROC-AUC]  -  SA: 0.00000,  LA: 0.71972
[Test AUPRC]  -  LA: 0.78663
[Test F1-max]  -  LA: 0.77083
Epoch: 9 | Loss: 3.125082492828369  | Negative Loss: 0.0
[Test ROC-AUC]  -  SA: 0.00000,  LA: 0.72856
[Test AUPRC]  -  LA: 0.79346
[Test F1-max]  -  LA: 0.77228
Epoch: 10 | Loss: 2.349984884262085  | Negative Loss: 0.0
[Test ROC-AUC]  -  SA: 0.00000,  LA: 0.72944
[Test AUPRC]  -  LA: 0.79328
[Test F1-max]  -  LA: 0.77228
Epoch: 11 | Loss: 1.7086714506149292  | Negative Loss: 0.0
[Test ROC-AUC]  -  SA: 0.00000,  LA: 0.73210
[Test AUPRC]  -  LA: 0.79643
[Test F1-max]  -  LA: 0.77419
Epoch: 12 | Loss: 1.1985691785812378  | Negative Loss: 0.0
[Test ROC-AUC]  -  SA: 0.00000,  LA: 0.73298
[Test AUPRC]  -  LA: 0.79837
[Test F1-max]  -  LA: 0.78261
Epoch: 13 | Loss: 0.81467604637146  | Negative Loss: 0.0
[Test ROC-AUC]  -  SA: 0.00000,  LA: 0.74005
[Test AUPRC]  -  LA: 0.80214
[Test F1-max]  -  LA: 0.78652
Epoch: 14 | Loss: 0.5343821048736572  | Negative Loss: 0.0
[Test ROC-AUC]  -  SA: 0.00000,  LA: 0.74359
[Test AUPRC]  -  LA: 0.80270
[Test F1-max]  -  LA: 0.78652
Epoch: 15 | Loss: 0.342495858669281  | Negative Loss: 0.0
[Test ROC-AUC]  -  SA: 0.00000,  LA: 0.74624
[Test AUPRC]  -  LA: 0.80346
[Test F1-max]  -  LA: 0.79121
Epoch: 16 | Loss: 0.21580979228019714  | Negative Loss: 0.0
[Test ROC-AUC]  -  SA: 0.00000,  LA: 0.74978
[Test AUPRC]  -  LA: 0.80194
[Test F1-max]  -  LA: 0.79121
Epoch: 17 | Loss: 0.1342407464981079  | Negative Loss: 0.0
[Test ROC-AUC]  -  SA: 0.00000,  LA: 0.76039
[Test AUPRC]  -  LA: 0.80679
[Test F1-max]  -  LA: 0.79545
Epoch: 18 | Loss: 0.0825359895825386  | Negative Loss: 0.0
[Test ROC-AUC]  -  SA: 0.00000,  LA: 0.77277
[Test AUPRC]  -  LA: 0.82042
[Test F1-max]  -  LA: 0.79545
Epoch: 19 | Loss: 0.050352685153484344  | Negative Loss: 0.0
[Test ROC-AUC]  -  SA: 0.00000,  LA: 0.78073
[Test AUPRC]  -  LA: 0.82110
[Test F1-max]  -  LA: 0.80000
Epoch: 20 | Loss: 0.030522141605615616  | Negative Loss: 0.0
[Test ROC-AUC]  -  SA: 0.00000,  LA: 0.78868
[Test AUPRC]  -  LA: 0.82414
[Test F1-max]  -  LA: 0.80952
Epoch: 21 | Loss: 0.018559738993644714  | Negative Loss: 0.0
[Test ROC-AUC]  -  SA: 0.00000,  LA: 0.79841
[Test AUPRC]  -  LA: 0.83165
[Test F1-max]  -  LA: 0.80952
Epoch: 22 | Loss: 0.01138036884367466  | Negative Loss: 0.0
[Test ROC-AUC]  -  SA: 0.00000,  LA: 0.80283
[Test AUPRC]  -  LA: 0.83399
[Test F1-max]  -  LA: 0.80899
Epoch: 23 | Loss: 0.0070541733875870705  | Negative Loss: 0.0
[Test ROC-AUC]  -  SA: 0.00000,  LA: 0.80990
[Test AUPRC]  -  LA: 0.84010
[Test F1-max]  -  LA: 0.81818
Epoch: 24 | Loss: 0.004413459915667772  | Negative Loss: 0.0
[Test ROC-AUC]  -  SA: 0.00000,  LA: 0.81698
[Test AUPRC]  -  LA: 0.84398
[Test F1-max]  -  LA: 0.81818
Epoch: 25 | Loss: 0.0027955174446105957  | Negative Loss: 0.0
[Test ROC-AUC]  -  SA: 0.00000,  LA: 0.81874
[Test AUPRC]  -  LA: 0.84582
[Test F1-max]  -  LA: 0.82051
Epoch: 26 | Loss: 0.00180319813080132  | Negative Loss: 0.0
[Test ROC-AUC]  -  SA: 0.00000,  LA: 0.81963
[Test AUPRC]  -  LA: 0.84592
[Test F1-max]  -  LA: 0.82051
Epoch: 27 | Loss: 0.0011860157828778028  | Negative Loss: 0.0
[Test ROC-AUC]  -  SA: 0.00000,  LA: 0.82493
[Test AUPRC]  -  LA: 0.84796
[Test F1-max]  -  LA: 0.82051
Epoch: 28 | Loss: 0.0007957959896884859  | Negative Loss: 0.0
[Test ROC-AUC]  -  SA: 0.00000,  LA: 0.82847
[Test AUPRC]  -  LA: 0.85072
[Test F1-max]  -  LA: 0.82051
Epoch: 29 | Loss: 0.0005447074072435498  | Negative Loss: 0.0
[Test ROC-AUC]  -  SA: 0.00000,  LA: 0.83024
[Test AUPRC]  -  LA: 0.85437
[Test F1-max]  -  LA: 0.82051
Epoch: 30 | Loss: 0.0003799999540206045  | Negative Loss: 0.0
[Test ROC-AUC]  -  SA: 0.00000,  LA: 0.83112
[Test AUPRC]  -  LA: 0.85440
[Test F1-max]  -  LA: 0.82051
Epoch: 31 | Loss: 0.00027022717404179275  | Negative Loss: 0.0
[Test ROC-AUC]  -  SA: 0.00000,  LA: 0.83378
[Test AUPRC]  -  LA: 0.85586
[Test F1-max]  -  LA: 0.83544
Epoch: 32 | Loss: 0.0001963268150575459  | Negative Loss: 0.0
[Test ROC-AUC]  -  SA: 0.00000,  LA: 0.83378
[Test AUPRC]  -  LA: 0.85659
[Test F1-max]  -  LA: 0.83544
Epoch: 33 | Loss: 0.000145071666338481  | Negative Loss: 0.0
[Test ROC-AUC]  -  SA: 0.00000,  LA: 0.83378
[Test AUPRC]  -  LA: 0.85648
[Test F1-max]  -  LA: 0.83544
Epoch: 34 | Loss: 0.00010931143333436921  | Negative Loss: 0.0
[Test ROC-AUC]  -  SA: 0.00000,  LA: 0.83378
[Test AUPRC]  -  LA: 0.85648
[Test F1-max]  -  LA: 0.83544
Epoch: 35 | Loss: 8.392126619582996e-05  | Negative Loss: 0.0
[Test ROC-AUC]  -  SA: 0.00000,  LA: 0.83554
[Test AUPRC]  -  LA: 0.85839
[Test F1-max]  -  LA: 0.83544
Epoch: 36 | Loss: 6.556382868438959e-05  | Negative Loss: 0.0
[Test ROC-AUC]  -  SA: 0.00000,  LA: 0.83643
[Test AUPRC]  -  LA: 0.85906
[Test F1-max]  -  LA: 0.83544
Epoch: 37 | Loss: 5.209364462643862e-05  | Negative Loss: 0.0
[Test ROC-AUC]  -  SA: 0.00000,  LA: 0.83643
[Test AUPRC]  -  LA: 0.86043
[Test F1-max]  -  LA: 0.83544
Epoch: 38 | Loss: 4.2080348066519946e-05  | Negative Loss: 0.0
[Test ROC-AUC]  -  SA: 0.00000,  LA: 0.83908
[Test AUPRC]  -  LA: 0.86420
[Test F1-max]  -  LA: 0.83544
Epoch: 39 | Loss: 3.445112088229507e-05  | Negative Loss: 0.0
[Test ROC-AUC]  -  SA: 0.00000,  LA: 0.83908
[Test AUPRC]  -  LA: 0.86166
[Test F1-max]  -  LA: 0.83951
Epoch: 40 | Loss: 2.872918594221119e-05  | Negative Loss: 0.0
[Test ROC-AUC]  -  SA: 0.00000,  LA: 0.84085
[Test AUPRC]  -  LA: 0.86309
[Test F1-max]  -  LA: 0.83951
Epoch: 41 | Loss: 2.419930387986824e-05  | Negative Loss: 0.0
[Test ROC-AUC]  -  SA: 0.00000,  LA: 0.83996
[Test AUPRC]  -  LA: 0.86276
[Test F1-max]  -  LA: 0.83951
Epoch: 42 | Loss: 2.0623074306058697e-05  | Negative Loss: 0.0
[Test ROC-AUC]  -  SA: 0.00000,  LA: 0.83996
[Test AUPRC]  -  LA: 0.86196
[Test F1-max]  -  LA: 0.83951
Epoch: 43 | Loss: 1.8000502677750774e-05  | Negative Loss: 0.0
[Test ROC-AUC]  -  SA: 0.00000,  LA: 0.84173
[Test AUPRC]  -  LA: 0.86426
[Test F1-max]  -  LA: 0.83951
Epoch: 44 | Loss: 1.5616340533597395e-05  | Negative Loss: 0.0
[Test ROC-AUC]  -  SA: 0.00000,  LA: 0.84173
[Test AUPRC]  -  LA: 0.86426
[Test F1-max]  -  LA: 0.83951
Epoch: 45 | Loss: 1.370901009067893e-05  | Negative Loss: 0.0
[Test ROC-AUC]  -  SA: 0.00000,  LA: 0.84173
[Test AUPRC]  -  LA: 0.86426
[Test F1-max]  -  LA: 0.83951
Epoch: 46 | Loss: 1.2278509530005977e-05  | Negative Loss: 0.0
[Test ROC-AUC]  -  SA: 0.00000,  LA: 0.83908
[Test AUPRC]  -  LA: 0.86338
[Test F1-max]  -  LA: 0.83951
Epoch: 47 | Loss: 1.1086425729445182e-05  | Negative Loss: 0.0
[Test ROC-AUC]  -  SA: 0.00000,  LA: 0.83908
[Test AUPRC]  -  LA: 0.86338
[Test F1-max]  -  LA: 0.83951
Epoch: 48 | Loss: 9.894340109894983e-06  | Negative Loss: 0.0
[Test ROC-AUC]  -  SA: 0.00000,  LA: 0.83908
[Test AUPRC]  -  LA: 0.86338
[Test F1-max]  -  LA: 0.83951
Epoch: 49 | Loss: 9.179088920063805e-06  | Negative Loss: 0.0
[Test ROC-AUC]  -  SA: 0.00000,  LA: 0.83908
[Test AUPRC]  -  LA: 0.86338
[Test F1-max]  -  LA: 0.83951
Epoch: 50 | Loss: 8.344628440681845e-06  | Negative Loss: 0.0
[Test ROC-AUC]  -  SA: 0.00000,  LA: 0.83996
[Test AUPRC]  -  LA: 0.86446
[Test F1-max]  -  LA: 0.83951
Epoch: 51 | Loss: 7.748584721412044e-06  | Negative Loss: 0.0
[Test ROC-AUC]  -  SA: 0.00000,  LA: 0.84173
[Test AUPRC]  -  LA: 0.86852
[Test F1-max]  -  LA: 0.83951
Epoch: 52 | Loss: 7.271750291693024e-06  | Negative Loss: 0.0
[Test ROC-AUC]  -  SA: 0.00000,  LA: 0.84173
[Test AUPRC]  -  LA: 0.86852
[Test F1-max]  -  LA: 0.83951
Epoch: 53 | Loss: 6.794915407226654e-06  | Negative Loss: 0.0
[Test ROC-AUC]  -  SA: 0.00000,  LA: 0.84173
[Test AUPRC]  -  LA: 0.86852
[Test F1-max]  -  LA: 0.83951
Epoch: 54 | Loss: 6.437288448069012e-06  | Negative Loss: 0.0
[Test ROC-AUC]  -  SA: 0.00000,  LA: 0.84173
[Test AUPRC]  -  LA: 0.86852
[Test F1-max]  -  LA: 0.83951
Epoch: 55 | Loss: 5.96045310885529e-06  | Negative Loss: 0.0
[Test ROC-AUC]  -  SA: 0.00000,  LA: 0.84262
[Test AUPRC]  -  LA: 0.86932
[Test F1-max]  -  LA: 0.83951
Epoch: 56 | Loss: 5.7220358939957805e-06  | Negative Loss: 0.0
[Test ROC-AUC]  -  SA: 0.00000,  LA: 0.84262
[Test AUPRC]  -  LA: 0.86932
[Test F1-max]  -  LA: 0.83951
Epoch: 57 | Loss: 5.60282705919235e-06  | Negative Loss: 0.0
[Test ROC-AUC]  -  SA: 0.00000,  LA: 0.84262
[Test AUPRC]  -  LA: 0.86932
[Test F1-max]  -  LA: 0.83951
Epoch: 58 | Loss: 5.245200100034708e-06  | Negative Loss: 0.0
[Test ROC-AUC]  -  SA: 0.00000,  LA: 0.84262
[Test AUPRC]  -  LA: 0.86932
[Test F1-max]  -  LA: 0.83951
Epoch: 59 | Loss: 5.125991265231278e-06  | Negative Loss: 0.0
[Test ROC-AUC]  -  SA: 0.00000,  LA: 0.84262
[Test AUPRC]  -  LA: 0.86932
[Test F1-max]  -  LA: 0.83951
Epoch: 60 | Loss: 4.887573595624417e-06  | Negative Loss: 0.0
[Test ROC-AUC]  -  SA: 0.00000,  LA: 0.84173
[Test AUPRC]  -  LA: 0.86852
[Test F1-max]  -  LA: 0.83951
Epoch: 61 | Loss: 4.6491554712702055e-06  | Negative Loss: 0.0
[Test ROC-AUC]  -  SA: 0.00000,  LA: 0.84262
[Test AUPRC]  -  LA: 0.87123
[Test F1-max]  -  LA: 0.83951
Epoch: 62 | Loss: 4.410737346915994e-06  | Negative Loss: 0.0
[Test ROC-AUC]  -  SA: 0.00000,  LA: 0.84262
[Test AUPRC]  -  LA: 0.87123
[Test F1-max]  -  LA: 0.83951
Epoch: 63 | Loss: 4.291528966859914e-06  | Negative Loss: 0.0
[Test ROC-AUC]  -  SA: 0.00000,  LA: 0.84262
[Test AUPRC]  -  LA: 0.87123
[Test F1-max]  -  LA: 0.83951
Epoch: 64 | Loss: 4.291528966859914e-06  | Negative Loss: 0.0
[Test ROC-AUC]  -  SA: 0.00000,  LA: 0.84262
[Test AUPRC]  -  LA: 0.87123
[Test F1-max]  -  LA: 0.83951
Epoch: 65 | Loss: 4.172319677309133e-06  | Negative Loss: 0.0
[Test ROC-AUC]  -  SA: 0.00000,  LA: 0.84262
[Test AUPRC]  -  LA: 0.87123
[Test F1-max]  -  LA: 0.83951
Epoch: 66 | Loss: 4.053110842505703e-06  | Negative Loss: 0.0
[Test ROC-AUC]  -  SA: 0.00000,  LA: 0.84262
[Test AUPRC]  -  LA: 0.87123
[Test F1-max]  -  LA: 0.83951
Epoch: 67 | Loss: 4.053110842505703e-06  | Negative Loss: 0.0
[Test ROC-AUC]  -  SA: 0.00000,  LA: 0.84173
[Test AUPRC]  -  LA: 0.86852
[Test F1-max]  -  LA: 0.83951
Epoch: 68 | Loss: 3.9339015529549215e-06  | Negative Loss: 0.0
[Test ROC-AUC]  -  SA: 0.00000,  LA: 0.84262
[Test AUPRC]  -  LA: 0.86952
[Test F1-max]  -  LA: 0.83951
Epoch: 69 | Loss: 3.9339015529549215e-06  | Negative Loss: 0.0
[Test ROC-AUC]  -  SA: 0.00000,  LA: 0.84262
[Test AUPRC]  -  LA: 0.86952
[Test F1-max]  -  LA: 0.83951
Epoch: 70 | Loss: 3.8146929455251666e-06  | Negative Loss: 0.0
[Test ROC-AUC]  -  SA: 0.00000,  LA: 0.84262
[Test AUPRC]  -  LA: 0.86952
[Test F1-max]  -  LA: 0.83951
Epoch: 71 | Loss: 3.6954836559743853e-06  | Negative Loss: 0.0
[Test ROC-AUC]  -  SA: 0.00000,  LA: 0.84262
[Test AUPRC]  -  LA: 0.86952
[Test F1-max]  -  LA: 0.83951
Epoch: 72 | Loss: 3.5762745937972795e-06  | Negative Loss: 0.0
[Test ROC-AUC]  -  SA: 0.00000,  LA: 0.84262
[Test AUPRC]  -  LA: 0.86952
[Test F1-max]  -  LA: 0.83951
Epoch: 73 | Loss: 3.5762745937972795e-06  | Negative Loss: 0.0
[Test ROC-AUC]  -  SA: 0.00000,  LA: 0.84262
[Test AUPRC]  -  LA: 0.86952
[Test F1-max]  -  LA: 0.83951
Epoch: 74 | Loss: 3.5762745937972795e-06  | Negative Loss: 0.0
[Test ROC-AUC]  -  SA: 0.00000,  LA: 0.84262
[Test AUPRC]  -  LA: 0.86952
[Test F1-max]  -  LA: 0.83951
Epoch: 75 | Loss: 3.457065758993849e-06  | Negative Loss: 0.0
[Test ROC-AUC]  -  SA: 0.00000,  LA: 0.84262
[Test AUPRC]  -  LA: 0.86952
[Test F1-max]  -  LA: 0.83951
Epoch: 76 | Loss: 3.457065758993849e-06  | Negative Loss: 0.0
[Test ROC-AUC]  -  SA: 0.00000,  LA: 0.84262
[Test AUPRC]  -  LA: 0.86952
[Test F1-max]  -  LA: 0.83951
Epoch: 77 | Loss: 3.457065758993849e-06  | Negative Loss: 0.0
[Test ROC-AUC]  -  SA: 0.00000,  LA: 0.84262
[Test AUPRC]  -  LA: 0.86952
[Test F1-max]  -  LA: 0.83951
Epoch: 78 | Loss: 3.3378566968167434e-06  | Negative Loss: 0.0
[Test ROC-AUC]  -  SA: 0.00000,  LA: 0.84262
[Test AUPRC]  -  LA: 0.86952
[Test F1-max]  -  LA: 0.83951
Epoch: 79 | Loss: 3.3378566968167434e-06  | Negative Loss: 0.0
[Test ROC-AUC]  -  SA: 0.00000,  LA: 0.84350
[Test AUPRC]  -  LA: 0.87007
[Test F1-max]  -  LA: 0.84615
Epoch: 80 | Loss: 3.3378566968167434e-06  | Negative Loss: 0.0
[Test ROC-AUC]  -  SA: 0.00000,  LA: 0.84350
[Test AUPRC]  -  LA: 0.87007
[Test F1-max]  -  LA: 0.84615
Epoch: 81 | Loss: 3.3378566968167434e-06  | Negative Loss: 0.0
[Test ROC-AUC]  -  SA: 0.00000,  LA: 0.84350
[Test AUPRC]  -  LA: 0.87007
[Test F1-max]  -  LA: 0.84615
Epoch: 82 | Loss: 3.3378566968167434e-06  | Negative Loss: 0.0
[Test ROC-AUC]  -  SA: 0.00000,  LA: 0.84439
[Test AUPRC]  -  LA: 0.87102
[Test F1-max]  -  LA: 0.84615
Epoch: 83 | Loss: 3.218647862013313e-06  | Negative Loss: 0.0
[Test ROC-AUC]  -  SA: 0.00000,  LA: 0.84439
[Test AUPRC]  -  LA: 0.87102
[Test F1-max]  -  LA: 0.84615
Epoch: 84 | Loss: 3.218647862013313e-06  | Negative Loss: 0.0
[Test ROC-AUC]  -  SA: 0.00000,  LA: 0.84439
[Test AUPRC]  -  LA: 0.87102
[Test F1-max]  -  LA: 0.84615
Epoch: 85 | Loss: 3.218647862013313e-06  | Negative Loss: 0.0
[Test ROC-AUC]  -  SA: 0.00000,  LA: 0.84439
[Test AUPRC]  -  LA: 0.87102
[Test F1-max]  -  LA: 0.84615
Epoch: 86 | Loss: 3.218647862013313e-06  | Negative Loss: 0.0
[Test ROC-AUC]  -  SA: 0.00000,  LA: 0.84439
[Test AUPRC]  -  LA: 0.87102
[Test F1-max]  -  LA: 0.84615
Epoch: 87 | Loss: 3.218647862013313e-06  | Negative Loss: 0.0
[Test ROC-AUC]  -  SA: 0.00000,  LA: 0.84439
[Test AUPRC]  -  LA: 0.87102
[Test F1-max]  -  LA: 0.84615
Epoch: 88 | Loss: 3.099438799836207e-06  | Negative Loss: 0.0
[Test ROC-AUC]  -  SA: 0.00000,  LA: 0.84439
[Test AUPRC]  -  LA: 0.87102
[Test F1-max]  -  LA: 0.84615
Epoch: 89 | Loss: 3.099438799836207e-06  | Negative Loss: 0.0
[Test ROC-AUC]  -  SA: 0.00000,  LA: 0.84439
[Test AUPRC]  -  LA: 0.87102
[Test F1-max]  -  LA: 0.84615
Epoch: 90 | Loss: 3.099438799836207e-06  | Negative Loss: 0.0
[Test ROC-AUC]  -  SA: 0.00000,  LA: 0.84439
[Test AUPRC]  -  LA: 0.87102
[Test F1-max]  -  LA: 0.84615
Epoch: 91 | Loss: 3.099438799836207e-06  | Negative Loss: 0.0
[Test ROC-AUC]  -  SA: 0.00000,  LA: 0.84439
[Test AUPRC]  -  LA: 0.87102
[Test F1-max]  -  LA: 0.84615
Epoch: 92 | Loss: 3.099438799836207e-06  | Negative Loss: 0.0
[Test ROC-AUC]  -  SA: 0.00000,  LA: 0.84439
[Test AUPRC]  -  LA: 0.87102
[Test F1-max]  -  LA: 0.84615
Epoch: 93 | Loss: 3.099438799836207e-06  | Negative Loss: 0.0
[Test ROC-AUC]  -  SA: 0.00000,  LA: 0.84350
[Test AUPRC]  -  LA: 0.87035
[Test F1-max]  -  LA: 0.84615
Epoch: 94 | Loss: 3.099438799836207e-06  | Negative Loss: 0.0
[Test ROC-AUC]  -  SA: 0.00000,  LA: 0.84394
[Test AUPRC]  -  LA: 0.87178
[Test F1-max]  -  LA: 0.84615
Epoch: 95 | Loss: 2.9802297376591014e-06  | Negative Loss: 0.0
[Test ROC-AUC]  -  SA: 0.00000,  LA: 0.84439
[Test AUPRC]  -  LA: 0.87306
[Test F1-max]  -  LA: 0.84615
Epoch: 96 | Loss: 2.9802297376591014e-06  | Negative Loss: 0.0
[Test ROC-AUC]  -  SA: 0.00000,  LA: 0.84439
[Test AUPRC]  -  LA: 0.87306
[Test F1-max]  -  LA: 0.84615
Epoch: 97 | Loss: 2.9802297376591014e-06  | Negative Loss: 0.0
[Test ROC-AUC]  -  SA: 0.00000,  LA: 0.84350
[Test AUPRC]  -  LA: 0.87210
[Test F1-max]  -  LA: 0.84615
Epoch: 98 | Loss: 2.9802297376591014e-06  | Negative Loss: 0.0
[Test ROC-AUC]  -  SA: 0.00000,  LA: 0.84350
[Test AUPRC]  -  LA: 0.87210
[Test F1-max]  -  LA: 0.84615
Epoch: 99 | Loss: 2.9802297376591014e-06  | Negative Loss: 0.0
Time consumption: 94.93374800682068
Best LA AUC: 0.8443854995579134
Best LA AUPC: 0.8730581366871473
Best LA F1-max: 0.8461538461538461
[Result] Experiment result appended to ./results/train_hybrid_result.csv

[END] 2026-03-18 21:28:18
[RETURN CODE] 0
