[START] 2026-03-18 20:42:59
[GPU] 3
[TASK] 4/60
[NAME] blue_splicing_promptad
[REPEAT] 4/10
[COMMAND] python train_hybrid.py --data_name blue_splicing --mask True --text True --double_encoder True --few_shot True --shot 1 --hybrid_model promptad --hybrid_weight 0.3 --hybrid_batch_size 16 --epoch 100 --log True --lr 5e-4 --detection True --preprocess True

/home/seungeon/miniconda3/envs/LAB/lib/python3.10/site-packages/timm/models/layers/__init__.py:48: FutureWarning: Importing from timm.models.layers is deprecated, please import via timm.layers
  warnings.warn(f"Importing from {__name__} is deprecated, please import via timm.layers", FutureWarning)
/home/seungeon/Workspace/side/vlm/train_hybrid.py:18: DeprecationWarning: The distutils package is deprecated and slated for removal in Python 3.12. Use setuptools or check PEP 632 for potential alternatives
  from distutils.util import strtobool
Torch version: 2.9.1+cu128
cuda is loaded for process
here?
In my local computer
Namespace(epoch=100, gpu_number='0', data_name='blue_splicing', lr=0.0005, batch_size=6, shuffle=True, seed=0, tag='default', model_name='ViT-B-32', pretrained_name='laion2b_s34b_b79k', lora=1, default=False, foundation='CLIP', detection=1, preprocess=1, num_rule=0, object_names=['a photo of orange connector', 'a photo of blue cable', 'a photo of yellow cable', 'a photo of red cable', 'a photo of metal panel'], objects_for_rules=[['a photo of orange connector'], ['a photo of orange connector'], ['a photo of blue cable'], ['a photo of blue cable'], ['a photo of orange connector'], ['a photo of orange connector', 'a photo of blue cable']], texts_for_rules=[['a photo of orange connector'], ['a photo of orange connector'], ['a photo of cable'], ['a photo of yellow cable'], ['a photo of blue cable'], ['a photo of orange connector and blue cable']], mask=1, text=1, score='mean', ciriculam_learning=False, few_shot=1, shot=1, log=1, neg_loss=0, double_encoder=1, pretrained_count_path=None, ris=0, rule_select='', rule_list=[], num_negative=5, hybrid_model='promptad', hybrid_weight=0.3, hybrid_class_name='', hybrid_batch_size=16, hybrid_backbone='ViT-B-16-plus-240', hybrid_pretrained_dataset='laion400m_e32', hybrid_scales=[2, 3], hybrid_img_resize=240, hybrid_img_cropsize=240, hybrid_resolution=400, hybrid_promptad_epoch=100, hybrid_promptad_lr=0.002, hybrid_promptad_momentum=0.9, hybrid_promptad_weight_decay=0.0005, hybrid_promptad_eta_min=1e-05, hybrid_promptad_lambda1=0.001, hybrid_promptad_n_ctx=4, hybrid_promptad_n_pro=3, hybrid_promptad_n_ctx_ab=1, hybrid_promptad_n_pro_ab=4, early_stop_k=10, result_log_path='./results/train_hybrid_result.csv')
[Hybrid] method=promptad, class_name=splicing_connectors, train=1, eval=70, base_path=/data3/seungeon/data/image/mvtec_loco_anomaly_detection/blue_splicing
[Hybrid-only] LA_AUC=0.58042, LA_AUPRC=0.67229, LA_F1=0.75472
[Data Description]
- Train: 1
- Test: 70

Train Start
[Test ROC-AUC]  -  SA: 0.00000,  LA: 0.46750
[Test AUPRC]  -  LA: 0.53074
[Test F1-max]  -  LA: 0.72727
Epoch: 0 | Loss: 9.6369047164917  | Negative Loss: 0.0
[Test ROC-AUC]  -  SA: 0.00000,  LA: 0.46917
[Test AUPRC]  -  LA: 0.53201
[Test F1-max]  -  LA: 0.72727
Epoch: 1 | Loss: 9.564835548400879  | Negative Loss: 0.0
[Test ROC-AUC]  -  SA: 0.00000,  LA: 0.50250
[Test AUPRC]  -  LA: 0.58525
[Test F1-max]  -  LA: 0.72727
Epoch: 2 | Loss: 8.695032119750977  | Negative Loss: 0.0
[Test ROC-AUC]  -  SA: 0.00000,  LA: 0.54250
[Test AUPRC]  -  LA: 0.62815
[Test F1-max]  -  LA: 0.72897
Epoch: 3 | Loss: 7.346872329711914  | Negative Loss: 0.0
[Test ROC-AUC]  -  SA: 0.00000,  LA: 0.59083
[Test AUPRC]  -  LA: 0.65267
[Test F1-max]  -  LA: 0.73585
Epoch: 4 | Loss: 5.7668914794921875  | Negative Loss: 0.0
[Test ROC-AUC]  -  SA: 0.00000,  LA: 0.60500
[Test AUPRC]  -  LA: 0.66477
[Test F1-max]  -  LA: 0.74766
Epoch: 5 | Loss: 4.297276973724365  | Negative Loss: 0.0
[Test ROC-AUC]  -  SA: 0.00000,  LA: 0.61500
[Test AUPRC]  -  LA: 0.66409
[Test F1-max]  -  LA: 0.75472
Epoch: 6 | Loss: 3.1884913444519043  | Negative Loss: 0.0
[Test ROC-AUC]  -  SA: 0.00000,  LA: 0.61500
[Test AUPRC]  -  LA: 0.66878
[Test F1-max]  -  LA: 0.75472
Epoch: 7 | Loss: 2.3978569507598877  | Negative Loss: 0.0
[Test ROC-AUC]  -  SA: 0.00000,  LA: 0.61333
[Test AUPRC]  -  LA: 0.66541
[Test F1-max]  -  LA: 0.75472
Epoch: 8 | Loss: 1.817665696144104  | Negative Loss: 0.0
[Test ROC-AUC]  -  SA: 0.00000,  LA: 0.61083
[Test AUPRC]  -  LA: 0.66711
[Test F1-max]  -  LA: 0.75472
Epoch: 9 | Loss: 1.36548912525177  | Negative Loss: 0.0
[Test ROC-AUC]  -  SA: 0.00000,  LA: 0.61750
[Test AUPRC]  -  LA: 0.66661
[Test F1-max]  -  LA: 0.76190
Epoch: 10 | Loss: 1.010041356086731  | Negative Loss: 0.0
[Test ROC-AUC]  -  SA: 0.00000,  LA: 0.62250
[Test AUPRC]  -  LA: 0.66620
[Test F1-max]  -  LA: 0.76190
Epoch: 11 | Loss: 0.7248929738998413  | Negative Loss: 0.0
[Test ROC-AUC]  -  SA: 0.00000,  LA: 0.63667
[Test AUPRC]  -  LA: 0.68757
[Test F1-max]  -  LA: 0.76190
Epoch: 12 | Loss: 0.5086930394172668  | Negative Loss: 0.0
[Test ROC-AUC]  -  SA: 0.00000,  LA: 0.63500
[Test AUPRC]  -  LA: 0.68428
[Test F1-max]  -  LA: 0.76190
Epoch: 13 | Loss: 0.34915444254875183  | Negative Loss: 0.0
[Test ROC-AUC]  -  SA: 0.00000,  LA: 0.63583
[Test AUPRC]  -  LA: 0.67321
[Test F1-max]  -  LA: 0.76923
Epoch: 14 | Loss: 0.2364012598991394  | Negative Loss: 0.0
[Test ROC-AUC]  -  SA: 0.00000,  LA: 0.64000
[Test AUPRC]  -  LA: 0.67381
[Test F1-max]  -  LA: 0.76923
Epoch: 15 | Loss: 0.15722498297691345  | Negative Loss: 0.0
[Test ROC-AUC]  -  SA: 0.00000,  LA: 0.64667
[Test AUPRC]  -  LA: 0.67549
[Test F1-max]  -  LA: 0.76923
Epoch: 16 | Loss: 0.10347497463226318  | Negative Loss: 0.0
[Test ROC-AUC]  -  SA: 0.00000,  LA: 0.65417
[Test AUPRC]  -  LA: 0.67794
[Test F1-max]  -  LA: 0.76923
Epoch: 17 | Loss: 0.06775010377168655  | Negative Loss: 0.0
[Test ROC-AUC]  -  SA: 0.00000,  LA: 0.66000
[Test AUPRC]  -  LA: 0.68019
[Test F1-max]  -  LA: 0.76923
Epoch: 18 | Loss: 0.043986864387989044  | Negative Loss: 0.0
[Test ROC-AUC]  -  SA: 0.00000,  LA: 0.66250
[Test AUPRC]  -  LA: 0.69053
[Test F1-max]  -  LA: 0.76923
Epoch: 19 | Loss: 0.028567424044013023  | Negative Loss: 0.0
[Test ROC-AUC]  -  SA: 0.00000,  LA: 0.66667
[Test AUPRC]  -  LA: 0.69190
[Test F1-max]  -  LA: 0.76923
Epoch: 20 | Loss: 0.018668990582227707  | Negative Loss: 0.0
[Test ROC-AUC]  -  SA: 0.00000,  LA: 0.67583
[Test AUPRC]  -  LA: 0.69362
[Test F1-max]  -  LA: 0.77670
Epoch: 21 | Loss: 0.012283341959118843  | Negative Loss: 0.0
[Test ROC-AUC]  -  SA: 0.00000,  LA: 0.67917
[Test AUPRC]  -  LA: 0.69195
[Test F1-max]  -  LA: 0.77670
Epoch: 22 | Loss: 0.008143897168338299  | Negative Loss: 0.0
[Test ROC-AUC]  -  SA: 0.00000,  LA: 0.68167
[Test AUPRC]  -  LA: 0.68184
[Test F1-max]  -  LA: 0.78000
Epoch: 23 | Loss: 0.0054649910889565945  | Negative Loss: 0.0
[Test ROC-AUC]  -  SA: 0.00000,  LA: 0.68750
[Test AUPRC]  -  LA: 0.68726
[Test F1-max]  -  LA: 0.78431
Epoch: 24 | Loss: 0.0037171037402004004  | Negative Loss: 0.0
[Test ROC-AUC]  -  SA: 0.00000,  LA: 0.68000
[Test AUPRC]  -  LA: 0.67465
[Test F1-max]  -  LA: 0.79208
Epoch: 25 | Loss: 0.002566130831837654  | Negative Loss: 0.0
[Test ROC-AUC]  -  SA: 0.00000,  LA: 0.68333
[Test AUPRC]  -  LA: 0.68462
[Test F1-max]  -  LA: 0.79208
Epoch: 26 | Loss: 0.0017990774940699339  | Negative Loss: 0.0
[Test ROC-AUC]  -  SA: 0.00000,  LA: 0.68500
[Test AUPRC]  -  LA: 0.68410
[Test F1-max]  -  LA: 0.80000
Epoch: 27 | Loss: 0.0012826728634536266  | Negative Loss: 0.0
[Test ROC-AUC]  -  SA: 0.00000,  LA: 0.68417
[Test AUPRC]  -  LA: 0.68527
[Test F1-max]  -  LA: 0.80000
Epoch: 28 | Loss: 0.0009308271110057831  | Negative Loss: 0.0
[Test ROC-AUC]  -  SA: 0.00000,  LA: 0.68833
[Test AUPRC]  -  LA: 0.68931
[Test F1-max]  -  LA: 0.80412
Epoch: 29 | Loss: 0.000687134568579495  | Negative Loss: 0.0
[Test ROC-AUC]  -  SA: 0.00000,  LA: 0.68750
[Test AUPRC]  -  LA: 0.68112
[Test F1-max]  -  LA: 0.80412
Epoch: 30 | Loss: 0.0005158779094927013  | Negative Loss: 0.0
[Test ROC-AUC]  -  SA: 0.00000,  LA: 0.68750
[Test AUPRC]  -  LA: 0.68185
[Test F1-max]  -  LA: 0.80412
Epoch: 31 | Loss: 0.0003937136207241565  | Negative Loss: 0.0
[Test ROC-AUC]  -  SA: 0.00000,  LA: 0.68250
[Test AUPRC]  -  LA: 0.67249
[Test F1-max]  -  LA: 0.80412
Epoch: 32 | Loss: 0.0003050358791369945  | Negative Loss: 0.0
[Test ROC-AUC]  -  SA: 0.00000,  LA: 0.68083
[Test AUPRC]  -  LA: 0.67115
[Test F1-max]  -  LA: 0.80412
Epoch: 33 | Loss: 0.00024031318025663495  | Negative Loss: 0.0
[Test ROC-AUC]  -  SA: 0.00000,  LA: 0.67833
[Test AUPRC]  -  LA: 0.67377
[Test F1-max]  -  LA: 0.79592
Epoch: 34 | Loss: 0.00019203804549761117  | Negative Loss: 0.0
[Test ROC-AUC]  -  SA: 0.00000,  LA: 0.67583
[Test AUPRC]  -  LA: 0.67104
[Test F1-max]  -  LA: 0.79592
Epoch: 35 | Loss: 0.00015603966312482953  | Negative Loss: 0.0
[Test ROC-AUC]  -  SA: 0.00000,  LA: 0.67583
[Test AUPRC]  -  LA: 0.67116
[Test F1-max]  -  LA: 0.79570
Epoch: 36 | Loss: 0.00012838482507504523  | Negative Loss: 0.0
[Test ROC-AUC]  -  SA: 0.00000,  LA: 0.67417
[Test AUPRC]  -  LA: 0.67420
[Test F1-max]  -  LA: 0.79570
Epoch: 37 | Loss: 0.00010704746091505513  | Negative Loss: 0.0
[Test ROC-AUC]  -  SA: 0.00000,  LA: 0.67583
[Test AUPRC]  -  LA: 0.67879
[Test F1-max]  -  LA: 0.79570
Epoch: 38 | Loss: 9.047808998730034e-05  | Negative Loss: 0.0
[Test ROC-AUC]  -  SA: 0.00000,  LA: 0.67750
[Test AUPRC]  -  LA: 0.68310
[Test F1-max]  -  LA: 0.79570
Epoch: 39 | Loss: 7.712713704677299e-05  | Negative Loss: 0.0
[Test ROC-AUC]  -  SA: 0.00000,  LA: 0.67958
[Test AUPRC]  -  LA: 0.68418
[Test F1-max]  -  LA: 0.79570
Epoch: 40 | Loss: 6.675625627394766e-05  | Negative Loss: 0.0
[Test ROC-AUC]  -  SA: 0.00000,  LA: 0.68083
[Test AUPRC]  -  LA: 0.68475
[Test F1-max]  -  LA: 0.79570
Epoch: 41 | Loss: 5.841183156007901e-05  | Negative Loss: 0.0
[Test ROC-AUC]  -  SA: 0.00000,  LA: 0.68250
[Test AUPRC]  -  LA: 0.68609
[Test F1-max]  -  LA: 0.79570
Epoch: 42 | Loss: 5.14978491992224e-05  | Negative Loss: 0.0
[Test ROC-AUC]  -  SA: 0.00000,  LA: 0.68250
[Test AUPRC]  -  LA: 0.68685
[Test F1-max]  -  LA: 0.79570
Epoch: 43 | Loss: 4.589512900565751e-05  | Negative Loss: 0.0
[Test ROC-AUC]  -  SA: 0.00000,  LA: 0.68333
[Test AUPRC]  -  LA: 0.68777
[Test F1-max]  -  LA: 0.79570
Epoch: 44 | Loss: 4.124605766264722e-05  | Negative Loss: 0.0
[Test ROC-AUC]  -  SA: 0.00000,  LA: 0.68417
[Test AUPRC]  -  LA: 0.69104
[Test F1-max]  -  LA: 0.79570
Epoch: 45 | Loss: 3.7312216591089964e-05  | Negative Loss: 0.0
[Test ROC-AUC]  -  SA: 0.00000,  LA: 0.68417
[Test AUPRC]  -  LA: 0.69146
[Test F1-max]  -  LA: 0.79570
Epoch: 46 | Loss: 3.397440741537139e-05  | Negative Loss: 0.0
[Test ROC-AUC]  -  SA: 0.00000,  LA: 0.68417
[Test AUPRC]  -  LA: 0.69169
[Test F1-max]  -  LA: 0.79570
Epoch: 47 | Loss: 3.135183942504227e-05  | Negative Loss: 0.0
[Test ROC-AUC]  -  SA: 0.00000,  LA: 0.68083
[Test AUPRC]  -  LA: 0.68867
[Test F1-max]  -  LA: 0.79208
Epoch: 48 | Loss: 2.908689020841848e-05  | Negative Loss: 0.0
[Test ROC-AUC]  -  SA: 0.00000,  LA: 0.67917
[Test AUPRC]  -  LA: 0.68794
[Test F1-max]  -  LA: 0.79208
Epoch: 49 | Loss: 2.6941146643366665e-05  | Negative Loss: 0.0
[Test ROC-AUC]  -  SA: 0.00000,  LA: 0.68000
[Test AUPRC]  -  LA: 0.68872
[Test F1-max]  -  LA: 0.79208
Epoch: 50 | Loss: 2.5391445888089947e-05  | Negative Loss: 0.0
[Test ROC-AUC]  -  SA: 0.00000,  LA: 0.68250
[Test AUPRC]  -  LA: 0.69161
[Test F1-max]  -  LA: 0.79208
Epoch: 51 | Loss: 2.3722532205283642e-05  | Negative Loss: 0.0
[Test ROC-AUC]  -  SA: 0.00000,  LA: 0.68417
[Test AUPRC]  -  LA: 0.69248
[Test F1-max]  -  LA: 0.79208
Epoch: 52 | Loss: 2.253045022371225e-05  | Negative Loss: 0.0
[Test ROC-AUC]  -  SA: 0.00000,  LA: 0.68583
[Test AUPRC]  -  LA: 0.69617
[Test F1-max]  -  LA: 0.79208
Epoch: 53 | Loss: 2.1219158952590078e-05  | Negative Loss: 0.0
[Test ROC-AUC]  -  SA: 0.00000,  LA: 0.68750
[Test AUPRC]  -  LA: 0.69801
[Test F1-max]  -  LA: 0.79208
Epoch: 54 | Loss: 2.0146284441580065e-05  | Negative Loss: 0.0
[Test ROC-AUC]  -  SA: 0.00000,  LA: 0.68667
[Test AUPRC]  -  LA: 0.69744
[Test F1-max]  -  LA: 0.79208
Epoch: 55 | Loss: 1.931182669068221e-05  | Negative Loss: 0.0
[Test ROC-AUC]  -  SA: 0.00000,  LA: 0.68750
[Test AUPRC]  -  LA: 0.69824
[Test F1-max]  -  LA: 0.79208
Epoch: 56 | Loss: 1.8477368939784355e-05  | Negative Loss: 0.0
[Test ROC-AUC]  -  SA: 0.00000,  LA: 0.68583
[Test AUPRC]  -  LA: 0.69727
[Test F1-max]  -  LA: 0.79208
Epoch: 57 | Loss: 1.7881326130009256e-05  | Negative Loss: 0.0
[Test ROC-AUC]  -  SA: 0.00000,  LA: 0.68667
[Test AUPRC]  -  LA: 0.69799
[Test F1-max]  -  LA: 0.79208
Epoch: 58 | Loss: 1.716607584967278e-05  | Negative Loss: 0.0
[Test ROC-AUC]  -  SA: 0.00000,  LA: 0.68583
[Test AUPRC]  -  LA: 0.69749
[Test F1-max]  -  LA: 0.79208
Epoch: 59 | Loss: 1.6689240510459058e-05  | Negative Loss: 0.0
[Test ROC-AUC]  -  SA: 0.00000,  LA: 0.68583
[Test AUPRC]  -  LA: 0.69749
[Test F1-max]  -  LA: 0.79208
Epoch: 60 | Loss: 1.6212408809224144e-05  | Negative Loss: 0.0
[Test ROC-AUC]  -  SA: 0.00000,  LA: 0.68500
[Test AUPRC]  -  LA: 0.69712
[Test F1-max]  -  LA: 0.79208
Epoch: 61 | Loss: 1.5735575288999826e-05  | Negative Loss: 0.0
[Test ROC-AUC]  -  SA: 0.00000,  LA: 0.68500
[Test AUPRC]  -  LA: 0.69755
[Test F1-max]  -  LA: 0.79208
Epoch: 62 | Loss: 1.5258739949786104e-05  | Negative Loss: 0.0
[Test ROC-AUC]  -  SA: 0.00000,  LA: 0.68333
[Test AUPRC]  -  LA: 0.69476
[Test F1-max]  -  LA: 0.79208
Epoch: 63 | Loss: 1.5139531569730025e-05  | Negative Loss: 0.0
[Test ROC-AUC]  -  SA: 0.00000,  LA: 0.68250
[Test AUPRC]  -  LA: 0.69441
[Test F1-max]  -  LA: 0.79208
Epoch: 64 | Loss: 1.4662698049505707e-05  | Negative Loss: 0.0
[Test ROC-AUC]  -  SA: 0.00000,  LA: 0.68250
[Test AUPRC]  -  LA: 0.69436
[Test F1-max]  -  LA: 0.79208
Epoch: 65 | Loss: 1.4424280379898846e-05  | Negative Loss: 0.0
[Test ROC-AUC]  -  SA: 0.00000,  LA: 0.68167
[Test AUPRC]  -  LA: 0.69391
[Test F1-max]  -  LA: 0.79208
Epoch: 66 | Loss: 1.4066654330235906e-05  | Negative Loss: 0.0
[Test ROC-AUC]  -  SA: 0.00000,  LA: 0.68083
[Test AUPRC]  -  LA: 0.69361
[Test F1-max]  -  LA: 0.79208
Epoch: 67 | Loss: 1.3828237570123747e-05  | Negative Loss: 0.0
[Test ROC-AUC]  -  SA: 0.00000,  LA: 0.68000
[Test AUPRC]  -  LA: 0.69334
[Test F1-max]  -  LA: 0.78431
Epoch: 68 | Loss: 1.3589819900516886e-05  | Negative Loss: 0.0
[Test ROC-AUC]  -  SA: 0.00000,  LA: 0.68083
[Test AUPRC]  -  LA: 0.69399
[Test F1-max]  -  LA: 0.78431
Epoch: 69 | Loss: 1.3351402230910026e-05  | Negative Loss: 0.0
[Test ROC-AUC]  -  SA: 0.00000,  LA: 0.68083
[Test AUPRC]  -  LA: 0.69399
[Test F1-max]  -  LA: 0.78431
Epoch: 70 | Loss: 1.3112984561303165e-05  | Negative Loss: 0.0
[Test ROC-AUC]  -  SA: 0.00000,  LA: 0.67833
[Test AUPRC]  -  LA: 0.69234
[Test F1-max]  -  LA: 0.78431
Epoch: 71 | Loss: 1.2755357602145523e-05  | Negative Loss: 0.0
[Test ROC-AUC]  -  SA: 0.00000,  LA: 0.67833
[Test AUPRC]  -  LA: 0.69234
[Test F1-max]  -  LA: 0.78431
Epoch: 72 | Loss: 1.2755357602145523e-05  | Negative Loss: 0.0
[Test ROC-AUC]  -  SA: 0.00000,  LA: 0.67833
[Test AUPRC]  -  LA: 0.69234
[Test F1-max]  -  LA: 0.78431
Epoch: 73 | Loss: 1.2516941751528066e-05  | Negative Loss: 0.0
[Test ROC-AUC]  -  SA: 0.00000,  LA: 0.67750
[Test AUPRC]  -  LA: 0.69175
[Test F1-max]  -  LA: 0.78431
Epoch: 74 | Loss: 1.2397732461977284e-05  | Negative Loss: 0.0
[Test ROC-AUC]  -  SA: 0.00000,  LA: 0.67750
[Test AUPRC]  -  LA: 0.69167
[Test F1-max]  -  LA: 0.78431
Epoch: 75 | Loss: 1.2278524081921205e-05  | Negative Loss: 0.0
[Test ROC-AUC]  -  SA: 0.00000,  LA: 0.67833
[Test AUPRC]  -  LA: 0.69193
[Test F1-max]  -  LA: 0.79208
Epoch: 76 | Loss: 1.2040106412314344e-05  | Negative Loss: 0.0
[Test ROC-AUC]  -  SA: 0.00000,  LA: 0.67917
[Test AUPRC]  -  LA: 0.69214
[Test F1-max]  -  LA: 0.79208
Epoch: 77 | Loss: 1.2040106412314344e-05  | Negative Loss: 0.0
[Test ROC-AUC]  -  SA: 0.00000,  LA: 0.67917
[Test AUPRC]  -  LA: 0.69214
[Test F1-max]  -  LA: 0.79208
Epoch: 78 | Loss: 1.1920898032258265e-05  | Negative Loss: 0.0
[Test ROC-AUC]  -  SA: 0.00000,  LA: 0.68000
[Test AUPRC]  -  LA: 0.69259
[Test F1-max]  -  LA: 0.79208
Epoch: 79 | Loss: 1.1682479453156702e-05  | Negative Loss: 0.0
[Test ROC-AUC]  -  SA: 0.00000,  LA: 0.68000
[Test AUPRC]  -  LA: 0.69274
[Test F1-max]  -  LA: 0.78431
Epoch: 80 | Loss: 1.1563271982595325e-05  | Negative Loss: 0.0
[Test ROC-AUC]  -  SA: 0.00000,  LA: 0.68000
[Test AUPRC]  -  LA: 0.69274
[Test F1-max]  -  LA: 0.78431
Epoch: 81 | Loss: 1.1563271982595325e-05  | Negative Loss: 0.0
[Test ROC-AUC]  -  SA: 0.00000,  LA: 0.68000
[Test AUPRC]  -  LA: 0.69295
[Test F1-max]  -  LA: 0.78431
Epoch: 82 | Loss: 1.1444062693044543e-05  | Negative Loss: 0.0
[Test ROC-AUC]  -  SA: 0.00000,  LA: 0.67917
[Test AUPRC]  -  LA: 0.69258
[Test F1-max]  -  LA: 0.78431
Epoch: 83 | Loss: 1.1324854312988464e-05  | Negative Loss: 0.0
[Test ROC-AUC]  -  SA: 0.00000,  LA: 0.67917
[Test AUPRC]  -  LA: 0.69258
[Test F1-max]  -  LA: 0.78431
Epoch: 84 | Loss: 1.1086436643381603e-05  | Negative Loss: 0.0
[Test ROC-AUC]  -  SA: 0.00000,  LA: 0.67750
[Test AUPRC]  -  LA: 0.69194
[Test F1-max]  -  LA: 0.78351
Epoch: 85 | Loss: 1.1086436643381603e-05  | Negative Loss: 0.0
[Test ROC-AUC]  -  SA: 0.00000,  LA: 0.67833
[Test AUPRC]  -  LA: 0.69300
[Test F1-max]  -  LA: 0.78351
Epoch: 86 | Loss: 1.0967228263325524e-05  | Negative Loss: 0.0
[Test ROC-AUC]  -  SA: 0.00000,  LA: 0.67833
[Test AUPRC]  -  LA: 0.69300
[Test F1-max]  -  LA: 0.78351
Epoch: 87 | Loss: 1.0848018973774742e-05  | Negative Loss: 0.0
[Test ROC-AUC]  -  SA: 0.00000,  LA: 0.67750
[Test AUPRC]  -  LA: 0.69194
[Test F1-max]  -  LA: 0.78351
Epoch: 88 | Loss: 1.0848018973774742e-05  | Negative Loss: 0.0
[Test ROC-AUC]  -  SA: 0.00000,  LA: 0.67667
[Test AUPRC]  -  LA: 0.69124
[Test F1-max]  -  LA: 0.78351
Epoch: 89 | Loss: 1.0728810593718663e-05  | Negative Loss: 0.0
[Test ROC-AUC]  -  SA: 0.00000,  LA: 0.67667
[Test AUPRC]  -  LA: 0.69124
[Test F1-max]  -  LA: 0.78351
Epoch: 90 | Loss: 1.0609601304167882e-05  | Negative Loss: 0.0
[Test ROC-AUC]  -  SA: 0.00000,  LA: 0.67583
[Test AUPRC]  -  LA: 0.69059
[Test F1-max]  -  LA: 0.78351
Epoch: 91 | Loss: 1.0609601304167882e-05  | Negative Loss: 0.0
[Test ROC-AUC]  -  SA: 0.00000,  LA: 0.67667
[Test AUPRC]  -  LA: 0.69124
[Test F1-max]  -  LA: 0.78351
Epoch: 92 | Loss: 1.0371183634561021e-05  | Negative Loss: 0.0
[Test ROC-AUC]  -  SA: 0.00000,  LA: 0.67667
[Test AUPRC]  -  LA: 0.69124
[Test F1-max]  -  LA: 0.78351
Epoch: 93 | Loss: 1.0371183634561021e-05  | Negative Loss: 0.0
[Test ROC-AUC]  -  SA: 0.00000,  LA: 0.67500
[Test AUPRC]  -  LA: 0.69043
[Test F1-max]  -  LA: 0.78351
Epoch: 94 | Loss: 1.0371183634561021e-05  | Negative Loss: 0.0
[Test ROC-AUC]  -  SA: 0.00000,  LA: 0.67583
[Test AUPRC]  -  LA: 0.69088
[Test F1-max]  -  LA: 0.78351
Epoch: 95 | Loss: 1.013276596495416e-05  | Negative Loss: 0.0
[Test ROC-AUC]  -  SA: 0.00000,  LA: 0.67667
[Test AUPRC]  -  LA: 0.69152
[Test F1-max]  -  LA: 0.78351
Epoch: 96 | Loss: 1.0013556675403379e-05  | Negative Loss: 0.0
[Test ROC-AUC]  -  SA: 0.00000,  LA: 0.67667
[Test AUPRC]  -  LA: 0.69152
[Test F1-max]  -  LA: 0.78351
Epoch: 97 | Loss: 1.0013556675403379e-05  | Negative Loss: 0.0
[Test ROC-AUC]  -  SA: 0.00000,  LA: 0.67667
[Test AUPRC]  -  LA: 0.69152
[Test F1-max]  -  LA: 0.78351
Epoch: 98 | Loss: 9.894349204842001e-06  | Negative Loss: 0.0
[Test ROC-AUC]  -  SA: 0.00000,  LA: 0.67667
[Test AUPRC]  -  LA: 0.69152
[Test F1-max]  -  LA: 0.78351
Epoch: 99 | Loss: 9.894349204842001e-06  | Negative Loss: 0.0
Time consumption: 101.18642830848694
Best LA AUC: 0.6883333333333332
Best LA AUPC: 0.6982445934195521
Best LA F1-max: 0.8041237113402062
[Result] Experiment result appended to ./results/train_hybrid_result.csv

[END] 2026-03-18 20:46:08
[RETURN CODE] 0
