[START] 2026-03-18 21:09:36
[GPU] 3
[TASK] 34/60
[NAME] red_splicing_winclip
[REPEAT] 4/10
[COMMAND] python train_hybrid.py --data_name red_splicing --mask True --text True --double_encoder True --few_shot True --shot 1 --hybrid_model winclip --hybrid_weight 0.3 --hybrid_batch_size 16 --epoch 100 --log True --lr 5e-4 --detection True --preprocess True

/home/seungeon/miniconda3/envs/LAB/lib/python3.10/site-packages/timm/models/layers/__init__.py:48: FutureWarning: Importing from timm.models.layers is deprecated, please import via timm.layers
  warnings.warn(f"Importing from {__name__} is deprecated, please import via timm.layers", FutureWarning)
/home/seungeon/Workspace/side/vlm/train_hybrid.py:18: DeprecationWarning: The distutils package is deprecated and slated for removal in Python 3.12. Use setuptools or check PEP 632 for potential alternatives
  from distutils.util import strtobool
Torch version: 2.9.1+cu128
cuda is loaded for process
here?
In my local computer
Namespace(epoch=100, gpu_number='0', data_name='red_splicing', lr=0.0005, batch_size=6, shuffle=True, seed=0, tag='default', model_name='ViT-B-32', pretrained_name='laion2b_s34b_b79k', lora=1, default=False, foundation='CLIP', detection=1, preprocess=1, num_rule=0, object_names=['a photo of orange connector', 'a photo of red cable', 'a photo of yellow cable', 'a photo of blue cable', 'a photo of metal panel'], objects_for_rules=[['a photo of orange connector'], ['a photo of orange connector'], ['a photo of red cable'], ['a photo of red cable'], ['a photo of orange connector'], ['a photo of orange connector', 'a photo of red cable']], texts_for_rules=[['a photo of orange connector'], ['a photo of orange connector'], ['a photo of red cable'], ['a photo of red cable'], ['a photo of orange connector'], ['a photo of orange connector and red cable']], mask=1, text=1, score='mean', ciriculam_learning=False, few_shot=1, shot=1, log=1, neg_loss=0, double_encoder=1, pretrained_count_path=None, ris=0, rule_select='', rule_list=[], num_negative=5, hybrid_model='winclip', hybrid_weight=0.3, hybrid_class_name='', hybrid_batch_size=16, hybrid_backbone='ViT-B-16-plus-240', hybrid_pretrained_dataset='laion400m_e32', hybrid_scales=[2, 3], hybrid_img_resize=240, hybrid_img_cropsize=240, hybrid_resolution=400, hybrid_promptad_epoch=100, hybrid_promptad_lr=0.002, hybrid_promptad_momentum=0.9, hybrid_promptad_weight_decay=0.0005, hybrid_promptad_eta_min=1e-05, hybrid_promptad_lambda1=0.001, hybrid_promptad_n_ctx=4, hybrid_promptad_n_pro=3, hybrid_promptad_n_ctx_ab=1, hybrid_promptad_n_pro_ab=4, early_stop_k=10, result_log_path='./results/train_hybrid_result.csv')
[Hybrid] method=winclip, class_name=splicing_connectors, train=1, eval=89, base_path=/data3/seungeon/data/image/mvtec_loco_anomaly_detection/red_splicing
grid 240 16 (15, 15)
[Hybrid-only] LA_AUC=0.53673, LA_AUPRC=0.44027, LA_F1=0.64516
[Data Description]
- Train: 1
- Test: 89

Train Start
[Test ROC-AUC]  -  SA: 0.00000,  LA: 0.54847
[Test AUPRC]  -  LA: 0.46663
[Test F1-max]  -  LA: 0.64957
Epoch: 0 | Loss: 12.108800888061523  | Negative Loss: 0.0
[Test ROC-AUC]  -  SA: 0.00000,  LA: 0.54796
[Test AUPRC]  -  LA: 0.46667
[Test F1-max]  -  LA: 0.64957
Epoch: 1 | Loss: 12.026557922363281  | Negative Loss: 0.0
[Test ROC-AUC]  -  SA: 0.00000,  LA: 0.57296
[Test AUPRC]  -  LA: 0.48556
[Test F1-max]  -  LA: 0.66667
Epoch: 2 | Loss: 10.950729370117188  | Negative Loss: 0.0
[Test ROC-AUC]  -  SA: 0.00000,  LA: 0.60306
[Test AUPRC]  -  LA: 0.51771
[Test F1-max]  -  LA: 0.66087
Epoch: 3 | Loss: 9.307929992675781  | Negative Loss: 0.0
[Test ROC-AUC]  -  SA: 0.00000,  LA: 0.61939
[Test AUPRC]  -  LA: 0.56834
[Test F1-max]  -  LA: 0.66116
Epoch: 4 | Loss: 7.538857460021973  | Negative Loss: 0.0
[Test ROC-AUC]  -  SA: 0.00000,  LA: 0.62347
[Test AUPRC]  -  LA: 0.58339
[Test F1-max]  -  LA: 0.67257
Epoch: 5 | Loss: 6.061349391937256  | Negative Loss: 0.0
[Test ROC-AUC]  -  SA: 0.00000,  LA: 0.62602
[Test AUPRC]  -  LA: 0.60539
[Test F1-max]  -  LA: 0.67826
Epoch: 6 | Loss: 4.9049458503723145  | Negative Loss: 0.0
[Test ROC-AUC]  -  SA: 0.00000,  LA: 0.64031
[Test AUPRC]  -  LA: 0.62008
[Test F1-max]  -  LA: 0.68468
Epoch: 7 | Loss: 3.9854230880737305  | Negative Loss: 0.0
[Test ROC-AUC]  -  SA: 0.00000,  LA: 0.65867
[Test AUPRC]  -  LA: 0.63016
[Test F1-max]  -  LA: 0.68421
Epoch: 8 | Loss: 3.209897518157959  | Negative Loss: 0.0
[Test ROC-AUC]  -  SA: 0.00000,  LA: 0.67500
[Test AUPRC]  -  LA: 0.64676
[Test F1-max]  -  LA: 0.68571
Epoch: 9 | Loss: 2.5235071182250977  | Negative Loss: 0.0
[Test ROC-AUC]  -  SA: 0.00000,  LA: 0.68980
[Test AUPRC]  -  LA: 0.65805
[Test F1-max]  -  LA: 0.69903
Epoch: 10 | Loss: 1.9305095672607422  | Negative Loss: 0.0
[Test ROC-AUC]  -  SA: 0.00000,  LA: 0.69694
[Test AUPRC]  -  LA: 0.66183
[Test F1-max]  -  LA: 0.70588
Epoch: 11 | Loss: 1.4162166118621826  | Negative Loss: 0.0
[Test ROC-AUC]  -  SA: 0.00000,  LA: 0.70816
[Test AUPRC]  -  LA: 0.66735
[Test F1-max]  -  LA: 0.70707
Epoch: 12 | Loss: 0.9988036155700684  | Negative Loss: 0.0
[Test ROC-AUC]  -  SA: 0.00000,  LA: 0.71939
[Test AUPRC]  -  LA: 0.67739
[Test F1-max]  -  LA: 0.71429
Epoch: 13 | Loss: 0.679875373840332  | Negative Loss: 0.0
[Test ROC-AUC]  -  SA: 0.00000,  LA: 0.73010
[Test AUPRC]  -  LA: 0.68398
[Test F1-max]  -  LA: 0.71429
Epoch: 14 | Loss: 0.45153307914733887  | Negative Loss: 0.0
[Test ROC-AUC]  -  SA: 0.00000,  LA: 0.73367
[Test AUPRC]  -  LA: 0.68618
[Test F1-max]  -  LA: 0.72549
Epoch: 15 | Loss: 0.29522329568862915  | Negative Loss: 0.0
[Test ROC-AUC]  -  SA: 0.00000,  LA: 0.73929
[Test AUPRC]  -  LA: 0.68495
[Test F1-max]  -  LA: 0.72549
Epoch: 16 | Loss: 0.1905411034822464  | Negative Loss: 0.0
[Test ROC-AUC]  -  SA: 0.00000,  LA: 0.74592
[Test AUPRC]  -  LA: 0.68608
[Test F1-max]  -  LA: 0.72000
Epoch: 17 | Loss: 0.122295081615448  | Negative Loss: 0.0
[Test ROC-AUC]  -  SA: 0.00000,  LA: 0.75255
[Test AUPRC]  -  LA: 0.69179
[Test F1-max]  -  LA: 0.72000
Epoch: 18 | Loss: 0.07805755734443665  | Negative Loss: 0.0
[Test ROC-AUC]  -  SA: 0.00000,  LA: 0.75918
[Test AUPRC]  -  LA: 0.69639
[Test F1-max]  -  LA: 0.72000
Epoch: 19 | Loss: 0.04993027076125145  | Negative Loss: 0.0
[Test ROC-AUC]  -  SA: 0.00000,  LA: 0.76327
[Test AUPRC]  -  LA: 0.70064
[Test F1-max]  -  LA: 0.71845
Epoch: 20 | Loss: 0.03211679682135582  | Negative Loss: 0.0
[Test ROC-AUC]  -  SA: 0.00000,  LA: 0.76378
[Test AUPRC]  -  LA: 0.68850
[Test F1-max]  -  LA: 0.71845
Epoch: 21 | Loss: 0.020779460668563843  | Negative Loss: 0.0
[Test ROC-AUC]  -  SA: 0.00000,  LA: 0.76684
[Test AUPRC]  -  LA: 0.68272
[Test F1-max]  -  LA: 0.72381
Epoch: 22 | Loss: 0.013563512824475765  | Negative Loss: 0.0
[Test ROC-AUC]  -  SA: 0.00000,  LA: 0.76327
[Test AUPRC]  -  LA: 0.67966
[Test F1-max]  -  LA: 0.72549
Epoch: 23 | Loss: 0.008929049596190453  | Negative Loss: 0.0
[Test ROC-AUC]  -  SA: 0.00000,  LA: 0.76173
[Test AUPRC]  -  LA: 0.68228
[Test F1-max]  -  LA: 0.72165
Epoch: 24 | Loss: 0.0059585170820355415  | Negative Loss: 0.0
[Test ROC-AUC]  -  SA: 0.00000,  LA: 0.76020
[Test AUPRC]  -  LA: 0.65174
[Test F1-max]  -  LA: 0.72549
Epoch: 25 | Loss: 0.004034345969557762  | Negative Loss: 0.0
[Test ROC-AUC]  -  SA: 0.00000,  LA: 0.75867
[Test AUPRC]  -  LA: 0.65036
[Test F1-max]  -  LA: 0.73267
Epoch: 26 | Loss: 0.0027767904102802277  | Negative Loss: 0.0
[Test ROC-AUC]  -  SA: 0.00000,  LA: 0.75612
[Test AUPRC]  -  LA: 0.65361
[Test F1-max]  -  LA: 0.71154
Epoch: 27 | Loss: 0.0019443377386778593  | Negative Loss: 0.0
[Test ROC-AUC]  -  SA: 0.00000,  LA: 0.75612
[Test AUPRC]  -  LA: 0.65512
[Test F1-max]  -  LA: 0.70588
Epoch: 28 | Loss: 0.0013851618859916925  | Negative Loss: 0.0
[Test ROC-AUC]  -  SA: 0.00000,  LA: 0.75561
[Test AUPRC]  -  LA: 0.65553
[Test F1-max]  -  LA: 0.70588
Epoch: 29 | Loss: 0.0010042424546554685  | Negative Loss: 0.0
[Test ROC-AUC]  -  SA: 0.00000,  LA: 0.75510
[Test AUPRC]  -  LA: 0.65426
[Test F1-max]  -  LA: 0.70588
Epoch: 30 | Loss: 0.0007413643761537969  | Negative Loss: 0.0
[Test ROC-AUC]  -  SA: 0.00000,  LA: 0.75459
[Test AUPRC]  -  LA: 0.65417
[Test F1-max]  -  LA: 0.70588
Epoch: 31 | Loss: 0.0005560451536439359  | Negative Loss: 0.0
[Test ROC-AUC]  -  SA: 0.00000,  LA: 0.75714
[Test AUPRC]  -  LA: 0.65682
[Test F1-max]  -  LA: 0.70588
Epoch: 32 | Loss: 0.00042363133979961276  | Negative Loss: 0.0
[Test ROC-AUC]  -  SA: 0.00000,  LA: 0.75663
[Test AUPRC]  -  LA: 0.65480
[Test F1-max]  -  LA: 0.70796
Epoch: 33 | Loss: 0.0003276832867413759  | Negative Loss: 0.0
[Test ROC-AUC]  -  SA: 0.00000,  LA: 0.75510
[Test AUPRC]  -  LA: 0.65376
[Test F1-max]  -  LA: 0.70796
Epoch: 34 | Loss: 0.0002573585952632129  | Negative Loss: 0.0
[Test ROC-AUC]  -  SA: 0.00000,  LA: 0.75306
[Test AUPRC]  -  LA: 0.65217
[Test F1-max]  -  LA: 0.70796
Epoch: 35 | Loss: 0.0002056269149761647  | Negative Loss: 0.0
[Test ROC-AUC]  -  SA: 0.00000,  LA: 0.75153
[Test AUPRC]  -  LA: 0.65043
[Test F1-max]  -  LA: 0.71429
Epoch: 36 | Loss: 0.00016676780069246888  | Negative Loss: 0.0
[Test ROC-AUC]  -  SA: 0.00000,  LA: 0.74949
[Test AUPRC]  -  LA: 0.64816
[Test F1-max]  -  LA: 0.71429
Epoch: 37 | Loss: 0.00013696741370949894  | Negative Loss: 0.0
[Test ROC-AUC]  -  SA: 0.00000,  LA: 0.74796
[Test AUPRC]  -  LA: 0.64720
[Test F1-max]  -  LA: 0.71429
Epoch: 38 | Loss: 0.00011408047430450097  | Negative Loss: 0.0
[Test ROC-AUC]  -  SA: 0.00000,  LA: 0.74617
[Test AUPRC]  -  LA: 0.64165
[Test F1-max]  -  LA: 0.71429
Epoch: 39 | Loss: 9.619988850317895e-05  | Negative Loss: 0.0
[Test ROC-AUC]  -  SA: 0.00000,  LA: 0.74286
[Test AUPRC]  -  LA: 0.63807
[Test F1-max]  -  LA: 0.71429
Epoch: 40 | Loss: 8.213374530896544e-05  | Negative Loss: 0.0
[Test ROC-AUC]  -  SA: 0.00000,  LA: 0.74082
[Test AUPRC]  -  LA: 0.63577
[Test F1-max]  -  LA: 0.71429
Epoch: 41 | Loss: 7.092843588907272e-05  | Negative Loss: 0.0
[Test ROC-AUC]  -  SA: 0.00000,  LA: 0.73929
[Test AUPRC]  -  LA: 0.63320
[Test F1-max]  -  LA: 0.71429
[Early Stopping] LA AUROC dropped for 10 consecutive epochs. Stop at epoch 43/100.
Time consumption: 47.455814838409424
Best LA AUC: 0.7668367346938776
Best LA AUPC: 0.7006431602652982
Best LA F1-max: 0.7326732673267327
[Result] Experiment result appended to ./results/train_hybrid_result.csv

[END] 2026-03-18 21:12:51
[RETURN CODE] 0
