[START] 2026-03-18 20:49:14
[GPU] 1
[TASK] 10/60
[NAME] blue_splicing_promptad
[REPEAT] 10/10
[COMMAND] python train_hybrid.py --data_name blue_splicing --mask True --text True --double_encoder True --few_shot True --shot 1 --hybrid_model promptad --hybrid_weight 0.3 --hybrid_batch_size 16 --epoch 100 --log True --lr 5e-4 --detection True --preprocess True

/home/seungeon/miniconda3/envs/LAB/lib/python3.10/site-packages/timm/models/layers/__init__.py:48: FutureWarning: Importing from timm.models.layers is deprecated, please import via timm.layers
  warnings.warn(f"Importing from {__name__} is deprecated, please import via timm.layers", FutureWarning)
/home/seungeon/Workspace/side/vlm/train_hybrid.py:18: DeprecationWarning: The distutils package is deprecated and slated for removal in Python 3.12. Use setuptools or check PEP 632 for potential alternatives
  from distutils.util import strtobool
Torch version: 2.9.1+cu128
cuda is loaded for process
here?
In my local computer
Namespace(epoch=100, gpu_number='0', data_name='blue_splicing', lr=0.0005, batch_size=6, shuffle=True, seed=0, tag='default', model_name='ViT-B-32', pretrained_name='laion2b_s34b_b79k', lora=1, default=False, foundation='CLIP', detection=1, preprocess=1, num_rule=0, object_names=['a photo of orange connector', 'a photo of blue cable', 'a photo of yellow cable', 'a photo of red cable', 'a photo of metal panel'], objects_for_rules=[['a photo of orange connector'], ['a photo of orange connector'], ['a photo of blue cable'], ['a photo of blue cable'], ['a photo of orange connector'], ['a photo of orange connector', 'a photo of blue cable']], texts_for_rules=[['a photo of orange connector'], ['a photo of orange connector'], ['a photo of cable'], ['a photo of yellow cable'], ['a photo of blue cable'], ['a photo of orange connector and blue cable']], mask=1, text=1, score='mean', ciriculam_learning=False, few_shot=1, shot=1, log=1, neg_loss=0, double_encoder=1, pretrained_count_path=None, ris=0, rule_select='', rule_list=[], num_negative=5, hybrid_model='promptad', hybrid_weight=0.3, hybrid_class_name='', hybrid_batch_size=16, hybrid_backbone='ViT-B-16-plus-240', hybrid_pretrained_dataset='laion400m_e32', hybrid_scales=[2, 3], hybrid_img_resize=240, hybrid_img_cropsize=240, hybrid_resolution=400, hybrid_promptad_epoch=100, hybrid_promptad_lr=0.002, hybrid_promptad_momentum=0.9, hybrid_promptad_weight_decay=0.0005, hybrid_promptad_eta_min=1e-05, hybrid_promptad_lambda1=0.001, hybrid_promptad_n_ctx=4, hybrid_promptad_n_pro=3, hybrid_promptad_n_ctx_ab=1, hybrid_promptad_n_pro_ab=4, early_stop_k=10, result_log_path='./results/train_hybrid_result.csv')
[Hybrid] method=promptad, class_name=splicing_connectors, train=1, eval=70, base_path=/data3/seungeon/data/image/mvtec_loco_anomaly_detection/blue_splicing
[Hybrid-only] LA_AUC=0.64417, LA_AUPRC=0.65149, LA_F1=0.75510
[Data Description]
- Train: 1
- Test: 70

Train Start
[Test ROC-AUC]  -  SA: 0.00000,  LA: 0.47417
[Test AUPRC]  -  LA: 0.56114
[Test F1-max]  -  LA: 0.72727
Epoch: 0 | Loss: 10.318597793579102  | Negative Loss: 0.0
[Test ROC-AUC]  -  SA: 0.00000,  LA: 0.47583
[Test AUPRC]  -  LA: 0.55968
[Test F1-max]  -  LA: 0.72727
Epoch: 1 | Loss: 10.234554290771484  | Negative Loss: 0.0
[Test ROC-AUC]  -  SA: 0.00000,  LA: 0.50917
[Test AUPRC]  -  LA: 0.60634
[Test F1-max]  -  LA: 0.72727
Epoch: 2 | Loss: 9.255213737487793  | Negative Loss: 0.0
[Test ROC-AUC]  -  SA: 0.00000,  LA: 0.54500
[Test AUPRC]  -  LA: 0.60909
[Test F1-max]  -  LA: 0.73394
Epoch: 3 | Loss: 7.754509925842285  | Negative Loss: 0.0
[Test ROC-AUC]  -  SA: 0.00000,  LA: 0.57583
[Test AUPRC]  -  LA: 0.63467
[Test F1-max]  -  LA: 0.74766
Epoch: 4 | Loss: 6.068882465362549  | Negative Loss: 0.0
[Test ROC-AUC]  -  SA: 0.00000,  LA: 0.59250
[Test AUPRC]  -  LA: 0.63493
[Test F1-max]  -  LA: 0.75472
Epoch: 5 | Loss: 4.565591812133789  | Negative Loss: 0.0
[Test ROC-AUC]  -  SA: 0.00000,  LA: 0.60833
[Test AUPRC]  -  LA: 0.63925
[Test F1-max]  -  LA: 0.77670
Epoch: 6 | Loss: 3.4077885150909424  | Negative Loss: 0.0
[Test ROC-AUC]  -  SA: 0.00000,  LA: 0.61500
[Test AUPRC]  -  LA: 0.63170
[Test F1-max]  -  LA: 0.78431
Epoch: 7 | Loss: 2.5567684173583984  | Negative Loss: 0.0
[Test ROC-AUC]  -  SA: 0.00000,  LA: 0.62083
[Test AUPRC]  -  LA: 0.62594
[Test F1-max]  -  LA: 0.79208
Epoch: 8 | Loss: 1.9298689365386963  | Negative Loss: 0.0
[Test ROC-AUC]  -  SA: 0.00000,  LA: 0.63000
[Test AUPRC]  -  LA: 0.63033
[Test F1-max]  -  LA: 0.79208
Epoch: 9 | Loss: 1.4523838758468628  | Negative Loss: 0.0
[Test ROC-AUC]  -  SA: 0.00000,  LA: 0.63917
[Test AUPRC]  -  LA: 0.63762
[Test F1-max]  -  LA: 0.79208
Epoch: 10 | Loss: 1.1002650260925293  | Negative Loss: 0.0
[Test ROC-AUC]  -  SA: 0.00000,  LA: 0.64167
[Test AUPRC]  -  LA: 0.63819
[Test F1-max]  -  LA: 0.79208
Epoch: 11 | Loss: 0.8214861750602722  | Negative Loss: 0.0
[Test ROC-AUC]  -  SA: 0.00000,  LA: 0.64000
[Test AUPRC]  -  LA: 0.63557
[Test F1-max]  -  LA: 0.79208
Epoch: 12 | Loss: 0.6011363863945007  | Negative Loss: 0.0
[Test ROC-AUC]  -  SA: 0.00000,  LA: 0.63750
[Test AUPRC]  -  LA: 0.63343
[Test F1-max]  -  LA: 0.79208
Epoch: 13 | Loss: 0.4303649663925171  | Negative Loss: 0.0
[Test ROC-AUC]  -  SA: 0.00000,  LA: 0.64000
[Test AUPRC]  -  LA: 0.63813
[Test F1-max]  -  LA: 0.79208
Epoch: 14 | Loss: 0.3009747862815857  | Negative Loss: 0.0
[Test ROC-AUC]  -  SA: 0.00000,  LA: 0.64083
[Test AUPRC]  -  LA: 0.63797
[Test F1-max]  -  LA: 0.79208
Epoch: 15 | Loss: 0.2076733410358429  | Negative Loss: 0.0
[Test ROC-AUC]  -  SA: 0.00000,  LA: 0.64167
[Test AUPRC]  -  LA: 0.63841
[Test F1-max]  -  LA: 0.79208
Epoch: 16 | Loss: 0.1420823037624359  | Negative Loss: 0.0
[Test ROC-AUC]  -  SA: 0.00000,  LA: 0.64167
[Test AUPRC]  -  LA: 0.63867
[Test F1-max]  -  LA: 0.79208
Epoch: 17 | Loss: 0.09711599349975586  | Negative Loss: 0.0
[Test ROC-AUC]  -  SA: 0.00000,  LA: 0.64083
[Test AUPRC]  -  LA: 0.63990
[Test F1-max]  -  LA: 0.78431
Epoch: 18 | Loss: 0.06621286273002625  | Negative Loss: 0.0
[Test ROC-AUC]  -  SA: 0.00000,  LA: 0.64167
[Test AUPRC]  -  LA: 0.64038
[Test F1-max]  -  LA: 0.78431
Epoch: 19 | Loss: 0.04486571624875069  | Negative Loss: 0.0
[Test ROC-AUC]  -  SA: 0.00000,  LA: 0.63750
[Test AUPRC]  -  LA: 0.63813
[Test F1-max]  -  LA: 0.78431
Epoch: 20 | Loss: 0.03033512458205223  | Negative Loss: 0.0
[Test ROC-AUC]  -  SA: 0.00000,  LA: 0.63750
[Test AUPRC]  -  LA: 0.63288
[Test F1-max]  -  LA: 0.78431
Epoch: 21 | Loss: 0.02053624391555786  | Negative Loss: 0.0
[Test ROC-AUC]  -  SA: 0.00000,  LA: 0.63750
[Test AUPRC]  -  LA: 0.63285
[Test F1-max]  -  LA: 0.78431
Epoch: 22 | Loss: 0.013912178575992584  | Negative Loss: 0.0
[Test ROC-AUC]  -  SA: 0.00000,  LA: 0.63917
[Test AUPRC]  -  LA: 0.63310
[Test F1-max]  -  LA: 0.78788
Epoch: 23 | Loss: 0.009468980133533478  | Negative Loss: 0.0
[Test ROC-AUC]  -  SA: 0.00000,  LA: 0.63750
[Test AUPRC]  -  LA: 0.62700
[Test F1-max]  -  LA: 0.78788
Epoch: 24 | Loss: 0.006489366292953491  | Negative Loss: 0.0
[Test ROC-AUC]  -  SA: 0.00000,  LA: 0.63250
[Test AUPRC]  -  LA: 0.62487
[Test F1-max]  -  LA: 0.78431
Epoch: 25 | Loss: 0.004497913643717766  | Negative Loss: 0.0
[Test ROC-AUC]  -  SA: 0.00000,  LA: 0.63167
[Test AUPRC]  -  LA: 0.62488
[Test F1-max]  -  LA: 0.78431
Epoch: 26 | Loss: 0.003155677579343319  | Negative Loss: 0.0
[Test ROC-AUC]  -  SA: 0.00000,  LA: 0.63167
[Test AUPRC]  -  LA: 0.62479
[Test F1-max]  -  LA: 0.78431
Epoch: 27 | Loss: 0.0022433712147176266  | Negative Loss: 0.0
[Test ROC-AUC]  -  SA: 0.00000,  LA: 0.63167
[Test AUPRC]  -  LA: 0.62479
[Test F1-max]  -  LA: 0.78431
Epoch: 28 | Loss: 0.0016188296722248197  | Negative Loss: 0.0
[Test ROC-AUC]  -  SA: 0.00000,  LA: 0.62750
[Test AUPRC]  -  LA: 0.62016
[Test F1-max]  -  LA: 0.78431
Epoch: 29 | Loss: 0.0011856828350573778  | Negative Loss: 0.0
[Test ROC-AUC]  -  SA: 0.00000,  LA: 0.62667
[Test AUPRC]  -  LA: 0.62008
[Test F1-max]  -  LA: 0.78431
Epoch: 30 | Loss: 0.0008826266275718808  | Negative Loss: 0.0
[Test ROC-AUC]  -  SA: 0.00000,  LA: 0.62417
[Test AUPRC]  -  LA: 0.61915
[Test F1-max]  -  LA: 0.78431
Epoch: 31 | Loss: 0.0006686955457553267  | Negative Loss: 0.0
[Test ROC-AUC]  -  SA: 0.00000,  LA: 0.62417
[Test AUPRC]  -  LA: 0.61915
[Test F1-max]  -  LA: 0.78431
Epoch: 32 | Loss: 0.0005150622455403209  | Negative Loss: 0.0
[Test ROC-AUC]  -  SA: 0.00000,  LA: 0.62333
[Test AUPRC]  -  LA: 0.61700
[Test F1-max]  -  LA: 0.78431
Epoch: 33 | Loss: 0.0004030211130157113  | Negative Loss: 0.0
[Test ROC-AUC]  -  SA: 0.00000,  LA: 0.62250
[Test AUPRC]  -  LA: 0.61597
[Test F1-max]  -  LA: 0.78431
Epoch: 34 | Loss: 0.00032041827216744423  | Negative Loss: 0.0
[Test ROC-AUC]  -  SA: 0.00000,  LA: 0.62250
[Test AUPRC]  -  LA: 0.61625
[Test F1-max]  -  LA: 0.78431
Epoch: 35 | Loss: 0.0002583158202469349  | Negative Loss: 0.0
[Test ROC-AUC]  -  SA: 0.00000,  LA: 0.62250
[Test AUPRC]  -  LA: 0.61625
[Test F1-max]  -  LA: 0.78431
Epoch: 36 | Loss: 0.00021099322475492954  | Negative Loss: 0.0
[Test ROC-AUC]  -  SA: 0.00000,  LA: 0.62250
[Test AUPRC]  -  LA: 0.61625
[Test F1-max]  -  LA: 0.78431
Epoch: 37 | Loss: 0.00017499423120170832  | Negative Loss: 0.0
[Test ROC-AUC]  -  SA: 0.00000,  LA: 0.62167
[Test AUPRC]  -  LA: 0.61584
[Test F1-max]  -  LA: 0.78431
Epoch: 38 | Loss: 0.00014698148879688233  | Negative Loss: 0.0
[Test ROC-AUC]  -  SA: 0.00000,  LA: 0.62167
[Test AUPRC]  -  LA: 0.61584
[Test F1-max]  -  LA: 0.78431
Epoch: 39 | Loss: 0.00012480953591875732  | Negative Loss: 0.0
[Test ROC-AUC]  -  SA: 0.00000,  LA: 0.61917
[Test AUPRC]  -  LA: 0.61229
[Test F1-max]  -  LA: 0.78431
Epoch: 40 | Loss: 0.0001071672304533422  | Negative Loss: 0.0
[Test ROC-AUC]  -  SA: 0.00000,  LA: 0.61917
[Test AUPRC]  -  LA: 0.61245
[Test F1-max]  -  LA: 0.78431
Epoch: 41 | Loss: 9.322020196123049e-05  | Negative Loss: 0.0
[Test ROC-AUC]  -  SA: 0.00000,  LA: 0.61917
[Test AUPRC]  -  LA: 0.61245
[Test F1-max]  -  LA: 0.78431
Epoch: 42 | Loss: 8.177643758244812e-05  | Negative Loss: 0.0
[Test ROC-AUC]  -  SA: 0.00000,  LA: 0.61917
[Test AUPRC]  -  LA: 0.61245
[Test F1-max]  -  LA: 0.78431
Epoch: 43 | Loss: 7.235913653858006e-05  | Negative Loss: 0.0
[Test ROC-AUC]  -  SA: 0.00000,  LA: 0.61667
[Test AUPRC]  -  LA: 0.61041
[Test F1-max]  -  LA: 0.78431
Epoch: 44 | Loss: 6.472992390627041e-05  | Negative Loss: 0.0
[Test ROC-AUC]  -  SA: 0.00000,  LA: 0.61583
[Test AUPRC]  -  LA: 0.60942
[Test F1-max]  -  LA: 0.78431
Epoch: 45 | Loss: 5.841196616529487e-05  | Negative Loss: 0.0
[Test ROC-AUC]  -  SA: 0.00000,  LA: 0.61583
[Test AUPRC]  -  LA: 0.60942
[Test F1-max]  -  LA: 0.78431
Epoch: 46 | Loss: 5.316685565048829e-05  | Negative Loss: 0.0
[Test ROC-AUC]  -  SA: 0.00000,  LA: 0.61500
[Test AUPRC]  -  LA: 0.60904
[Test F1-max]  -  LA: 0.78431
Epoch: 47 | Loss: 4.863697904511355e-05  | Negative Loss: 0.0
[Test ROC-AUC]  -  SA: 0.00000,  LA: 0.61500
[Test AUPRC]  -  LA: 0.60895
[Test F1-max]  -  LA: 0.78431
Epoch: 48 | Loss: 4.482234362512827e-05  | Negative Loss: 0.0
[Test ROC-AUC]  -  SA: 0.00000,  LA: 0.61417
[Test AUPRC]  -  LA: 0.60859
[Test F1-max]  -  LA: 0.78431
Epoch: 49 | Loss: 4.172294575255364e-05  | Negative Loss: 0.0
[Test ROC-AUC]  -  SA: 0.00000,  LA: 0.61500
[Test AUPRC]  -  LA: 0.60953
[Test F1-max]  -  LA: 0.78431
Epoch: 50 | Loss: 3.886196282110177e-05  | Negative Loss: 0.0
[Test ROC-AUC]  -  SA: 0.00000,  LA: 0.61583
[Test AUPRC]  -  LA: 0.61046
[Test F1-max]  -  LA: 0.78431
Epoch: 51 | Loss: 3.659701906144619e-05  | Negative Loss: 0.0
[Test ROC-AUC]  -  SA: 0.00000,  LA: 0.61583
[Test AUPRC]  -  LA: 0.61046
[Test F1-max]  -  LA: 0.78431
Epoch: 52 | Loss: 3.457048660493456e-05  | Negative Loss: 0.0
[Test ROC-AUC]  -  SA: 0.00000,  LA: 0.61417
[Test AUPRC]  -  LA: 0.60923
[Test F1-max]  -  LA: 0.78431
Epoch: 53 | Loss: 3.26631597999949e-05  | Negative Loss: 0.0
[Test ROC-AUC]  -  SA: 0.00000,  LA: 0.61542
[Test AUPRC]  -  LA: 0.60980
[Test F1-max]  -  LA: 0.78431
Epoch: 54 | Loss: 3.0994247936178e-05  | Negative Loss: 0.0
[Test ROC-AUC]  -  SA: 0.00000,  LA: 0.61500
[Test AUPRC]  -  LA: 0.60960
[Test F1-max]  -  LA: 0.78431
Epoch: 55 | Loss: 2.968295848404523e-05  | Negative Loss: 0.0
[Test ROC-AUC]  -  SA: 0.00000,  LA: 0.61500
[Test AUPRC]  -  LA: 0.60960
[Test F1-max]  -  LA: 0.78431
Epoch: 56 | Loss: 2.8490878321463242e-05  | Negative Loss: 0.0
[Test ROC-AUC]  -  SA: 0.00000,  LA: 0.61417
[Test AUPRC]  -  LA: 0.60931
[Test F1-max]  -  LA: 0.78431
Epoch: 57 | Loss: 2.7298794520902447e-05  | Negative Loss: 0.0
[Test ROC-AUC]  -  SA: 0.00000,  LA: 0.61500
[Test AUPRC]  -  LA: 0.61070
[Test F1-max]  -  LA: 0.78431
Epoch: 58 | Loss: 2.6345129299443215e-05  | Negative Loss: 0.0
[Test ROC-AUC]  -  SA: 0.00000,  LA: 0.61500
[Test AUPRC]  -  LA: 0.61070
[Test F1-max]  -  LA: 0.78431
Epoch: 59 | Loss: 2.5391465896973386e-05  | Negative Loss: 0.0
[Test ROC-AUC]  -  SA: 0.00000,  LA: 0.61500
[Test AUPRC]  -  LA: 0.61070
[Test F1-max]  -  LA: 0.78431
Epoch: 60 | Loss: 2.467621561663691e-05  | Negative Loss: 0.0
[Test ROC-AUC]  -  SA: 0.00000,  LA: 0.61500
[Test AUPRC]  -  LA: 0.61070
[Test F1-max]  -  LA: 0.78431
Epoch: 61 | Loss: 2.4080174625851214e-05  | Negative Loss: 0.0
[Test ROC-AUC]  -  SA: 0.00000,  LA: 0.61500
[Test AUPRC]  -  LA: 0.61070
[Test F1-max]  -  LA: 0.78431
Epoch: 62 | Loss: 2.348413363506552e-05  | Negative Loss: 0.0
[Test ROC-AUC]  -  SA: 0.00000,  LA: 0.61417
[Test AUPRC]  -  LA: 0.61029
[Test F1-max]  -  LA: 0.78431
Epoch: 63 | Loss: 2.2768881535739638e-05  | Negative Loss: 0.0
[Test ROC-AUC]  -  SA: 0.00000,  LA: 0.61417
[Test AUPRC]  -  LA: 0.61029
[Test F1-max]  -  LA: 0.78431
Epoch: 64 | Loss: 2.24112573050661e-05  | Negative Loss: 0.0
[Test ROC-AUC]  -  SA: 0.00000,  LA: 0.61417
[Test AUPRC]  -  LA: 0.61029
[Test F1-max]  -  LA: 0.78431
Epoch: 65 | Loss: 2.1815216314280406e-05  | Negative Loss: 0.0
[Test ROC-AUC]  -  SA: 0.00000,  LA: 0.61417
[Test AUPRC]  -  LA: 0.61029
[Test F1-max]  -  LA: 0.78431
Epoch: 66 | Loss: 2.1338380975066684e-05  | Negative Loss: 0.0
[Test ROC-AUC]  -  SA: 0.00000,  LA: 0.61417
[Test AUPRC]  -  LA: 0.61029
[Test F1-max]  -  LA: 0.78431
Epoch: 67 | Loss: 2.074233998428099e-05  | Negative Loss: 0.0
[Test ROC-AUC]  -  SA: 0.00000,  LA: 0.61417
[Test AUPRC]  -  LA: 0.61029
[Test F1-max]  -  LA: 0.78431
Epoch: 68 | Loss: 2.062313251371961e-05  | Negative Loss: 0.0
[Test ROC-AUC]  -  SA: 0.00000,  LA: 0.61417
[Test AUPRC]  -  LA: 0.61029
[Test F1-max]  -  LA: 0.78431
Epoch: 69 | Loss: 2.026550646405667e-05  | Negative Loss: 0.0
[Test ROC-AUC]  -  SA: 0.00000,  LA: 0.61417
[Test AUPRC]  -  LA: 0.61029
[Test F1-max]  -  LA: 0.78431
Epoch: 70 | Loss: 1.9907882233383134e-05  | Negative Loss: 0.0
[Test ROC-AUC]  -  SA: 0.00000,  LA: 0.61417
[Test AUPRC]  -  LA: 0.61029
[Test F1-max]  -  LA: 0.78431
Epoch: 71 | Loss: 1.9550256183720194e-05  | Negative Loss: 0.0
[Test ROC-AUC]  -  SA: 0.00000,  LA: 0.61417
[Test AUPRC]  -  LA: 0.61029
[Test F1-max]  -  LA: 0.78431
Epoch: 72 | Loss: 1.9431048713158816e-05  | Negative Loss: 0.0
[Test ROC-AUC]  -  SA: 0.00000,  LA: 0.61417
[Test AUPRC]  -  LA: 0.61029
[Test F1-max]  -  LA: 0.78431
Epoch: 73 | Loss: 1.8954213373945095e-05  | Negative Loss: 0.0
[Test ROC-AUC]  -  SA: 0.00000,  LA: 0.61417
[Test AUPRC]  -  LA: 0.61029
[Test F1-max]  -  LA: 0.78431
Epoch: 74 | Loss: 1.8835005903383717e-05  | Negative Loss: 0.0
[Test ROC-AUC]  -  SA: 0.00000,  LA: 0.61417
[Test AUPRC]  -  LA: 0.61029
[Test F1-max]  -  LA: 0.78431
Epoch: 75 | Loss: 1.8715796613832936e-05  | Negative Loss: 0.0
[Test ROC-AUC]  -  SA: 0.00000,  LA: 0.61417
[Test AUPRC]  -  LA: 0.61029
[Test F1-max]  -  LA: 0.78431
Epoch: 76 | Loss: 1.8477379853720777e-05  | Negative Loss: 0.0
[Test ROC-AUC]  -  SA: 0.00000,  LA: 0.61417
[Test AUPRC]  -  LA: 0.61029
[Test F1-max]  -  LA: 0.78431
Epoch: 77 | Loss: 1.83581723831594e-05  | Negative Loss: 0.0
[Test ROC-AUC]  -  SA: 0.00000,  LA: 0.61417
[Test AUPRC]  -  LA: 0.61029
[Test F1-max]  -  LA: 0.78431
Epoch: 78 | Loss: 1.8000544514507055e-05  | Negative Loss: 0.0
[Test ROC-AUC]  -  SA: 0.00000,  LA: 0.61417
[Test AUPRC]  -  LA: 0.61029
[Test F1-max]  -  LA: 0.78431
Epoch: 79 | Loss: 1.77621295733843e-05  | Negative Loss: 0.0
[Test ROC-AUC]  -  SA: 0.00000,  LA: 0.61417
[Test AUPRC]  -  LA: 0.61029
[Test F1-max]  -  LA: 0.78431
Epoch: 80 | Loss: 1.764292028383352e-05  | Negative Loss: 0.0
[Test ROC-AUC]  -  SA: 0.00000,  LA: 0.61417
[Test AUPRC]  -  LA: 0.61029
[Test F1-max]  -  LA: 0.78431
Epoch: 81 | Loss: 1.764292028383352e-05  | Negative Loss: 0.0
[Test ROC-AUC]  -  SA: 0.00000,  LA: 0.61417
[Test AUPRC]  -  LA: 0.61029
[Test F1-max]  -  LA: 0.78431
Epoch: 82 | Loss: 1.740450352372136e-05  | Negative Loss: 0.0
[Test ROC-AUC]  -  SA: 0.00000,  LA: 0.61417
[Test AUPRC]  -  LA: 0.61029
[Test F1-max]  -  LA: 0.78431
Epoch: 83 | Loss: 1.71660867636092e-05  | Negative Loss: 0.0
[Test ROC-AUC]  -  SA: 0.00000,  LA: 0.61417
[Test AUPRC]  -  LA: 0.61029
[Test F1-max]  -  LA: 0.78431
Epoch: 84 | Loss: 1.704687747405842e-05  | Negative Loss: 0.0
[Test ROC-AUC]  -  SA: 0.00000,  LA: 0.61500
[Test AUPRC]  -  LA: 0.61086
[Test F1-max]  -  LA: 0.78431
Epoch: 85 | Loss: 1.6927668184507638e-05  | Negative Loss: 0.0
[Test ROC-AUC]  -  SA: 0.00000,  LA: 0.61500
[Test AUPRC]  -  LA: 0.61086
[Test F1-max]  -  LA: 0.78431
Epoch: 86 | Loss: 1.680846071394626e-05  | Negative Loss: 0.0
[Test ROC-AUC]  -  SA: 0.00000,  LA: 0.61500
[Test AUPRC]  -  LA: 0.61086
[Test F1-max]  -  LA: 0.78431
Epoch: 87 | Loss: 1.65700439538341e-05  | Negative Loss: 0.0
[Test ROC-AUC]  -  SA: 0.00000,  LA: 0.61500
[Test AUPRC]  -  LA: 0.61086
[Test F1-max]  -  LA: 0.78431
Epoch: 88 | Loss: 1.65700439538341e-05  | Negative Loss: 0.0
[Test ROC-AUC]  -  SA: 0.00000,  LA: 0.61500
[Test AUPRC]  -  LA: 0.61086
[Test F1-max]  -  LA: 0.78431
Epoch: 89 | Loss: 1.645083466428332e-05  | Negative Loss: 0.0
[Test ROC-AUC]  -  SA: 0.00000,  LA: 0.61500
[Test AUPRC]  -  LA: 0.61086
[Test F1-max]  -  LA: 0.78431
Epoch: 90 | Loss: 1.621241790417116e-05  | Negative Loss: 0.0
[Test ROC-AUC]  -  SA: 0.00000,  LA: 0.61500
[Test AUPRC]  -  LA: 0.61086
[Test F1-max]  -  LA: 0.78431
Epoch: 91 | Loss: 1.609320861462038e-05  | Negative Loss: 0.0
[Test ROC-AUC]  -  SA: 0.00000,  LA: 0.61500
[Test AUPRC]  -  LA: 0.61086
[Test F1-max]  -  LA: 0.78431
Epoch: 92 | Loss: 1.585479185450822e-05  | Negative Loss: 0.0
[Test ROC-AUC]  -  SA: 0.00000,  LA: 0.61500
[Test AUPRC]  -  LA: 0.61086
[Test F1-max]  -  LA: 0.78431
Epoch: 93 | Loss: 1.573558256495744e-05  | Negative Loss: 0.0
[Test ROC-AUC]  -  SA: 0.00000,  LA: 0.61500
[Test AUPRC]  -  LA: 0.61086
[Test F1-max]  -  LA: 0.78431
Epoch: 94 | Loss: 1.573558256495744e-05  | Negative Loss: 0.0
[Test ROC-AUC]  -  SA: 0.00000,  LA: 0.61500
[Test AUPRC]  -  LA: 0.61086
[Test F1-max]  -  LA: 0.78431
Epoch: 95 | Loss: 1.5616375094396062e-05  | Negative Loss: 0.0
[Test ROC-AUC]  -  SA: 0.00000,  LA: 0.61500
[Test AUPRC]  -  LA: 0.61086
[Test F1-max]  -  LA: 0.78431
Epoch: 96 | Loss: 1.5616375094396062e-05  | Negative Loss: 0.0
[Test ROC-AUC]  -  SA: 0.00000,  LA: 0.61500
[Test AUPRC]  -  LA: 0.61086
[Test F1-max]  -  LA: 0.78431
Epoch: 97 | Loss: 1.53779565152945e-05  | Negative Loss: 0.0
[Test ROC-AUC]  -  SA: 0.00000,  LA: 0.61500
[Test AUPRC]  -  LA: 0.61086
[Test F1-max]  -  LA: 0.78431
Epoch: 98 | Loss: 1.5139540664677043e-05  | Negative Loss: 0.0
[Test ROC-AUC]  -  SA: 0.00000,  LA: 0.61500
[Test AUPRC]  -  LA: 0.61086
[Test F1-max]  -  LA: 0.78431
Epoch: 99 | Loss: 1.5139540664677043e-05  | Negative Loss: 0.0
Time consumption: 97.61677575111389
Best LA AUC: 0.6416666666666667
Best LA AUPC: 0.6403758209208088
Best LA F1-max: 0.7920792079207921
[Result] Experiment result appended to ./results/train_hybrid_result.csv

[END] 2026-03-18 20:52:19
[RETURN CODE] 0
