[START] 2026-03-18 21:10:42
[GPU] 1
[TASK] 35/60
[NAME] red_splicing_winclip
[REPEAT] 5/10
[COMMAND] python train_hybrid.py --data_name red_splicing --mask True --text True --double_encoder True --few_shot True --shot 1 --hybrid_model winclip --hybrid_weight 0.3 --hybrid_batch_size 16 --epoch 100 --log True --lr 5e-4 --detection True --preprocess True

/home/seungeon/miniconda3/envs/LAB/lib/python3.10/site-packages/timm/models/layers/__init__.py:48: FutureWarning: Importing from timm.models.layers is deprecated, please import via timm.layers
  warnings.warn(f"Importing from {__name__} is deprecated, please import via timm.layers", FutureWarning)
/home/seungeon/Workspace/side/vlm/train_hybrid.py:18: DeprecationWarning: The distutils package is deprecated and slated for removal in Python 3.12. Use setuptools or check PEP 632 for potential alternatives
  from distutils.util import strtobool
Torch version: 2.9.1+cu128
cuda is loaded for process
here?
In my local computer
Namespace(epoch=100, gpu_number='0', data_name='red_splicing', lr=0.0005, batch_size=6, shuffle=True, seed=0, tag='default', model_name='ViT-B-32', pretrained_name='laion2b_s34b_b79k', lora=1, default=False, foundation='CLIP', detection=1, preprocess=1, num_rule=0, object_names=['a photo of orange connector', 'a photo of red cable', 'a photo of yellow cable', 'a photo of blue cable', 'a photo of metal panel'], objects_for_rules=[['a photo of orange connector'], ['a photo of orange connector'], ['a photo of red cable'], ['a photo of red cable'], ['a photo of orange connector'], ['a photo of orange connector', 'a photo of red cable']], texts_for_rules=[['a photo of orange connector'], ['a photo of orange connector'], ['a photo of red cable'], ['a photo of red cable'], ['a photo of orange connector'], ['a photo of orange connector and red cable']], mask=1, text=1, score='mean', ciriculam_learning=False, few_shot=1, shot=1, log=1, neg_loss=0, double_encoder=1, pretrained_count_path=None, ris=0, rule_select='', rule_list=[], num_negative=5, hybrid_model='winclip', hybrid_weight=0.3, hybrid_class_name='', hybrid_batch_size=16, hybrid_backbone='ViT-B-16-plus-240', hybrid_pretrained_dataset='laion400m_e32', hybrid_scales=[2, 3], hybrid_img_resize=240, hybrid_img_cropsize=240, hybrid_resolution=400, hybrid_promptad_epoch=100, hybrid_promptad_lr=0.002, hybrid_promptad_momentum=0.9, hybrid_promptad_weight_decay=0.0005, hybrid_promptad_eta_min=1e-05, hybrid_promptad_lambda1=0.001, hybrid_promptad_n_ctx=4, hybrid_promptad_n_pro=3, hybrid_promptad_n_ctx_ab=1, hybrid_promptad_n_pro_ab=4, early_stop_k=10, result_log_path='./results/train_hybrid_result.csv')
[Hybrid] method=winclip, class_name=splicing_connectors, train=1, eval=89, base_path=/data3/seungeon/data/image/mvtec_loco_anomaly_detection/red_splicing
grid 240 16 (15, 15)
[Hybrid-only] LA_AUC=0.66633, LA_AUPRC=0.54122, LA_F1=0.67227
[Data Description]
- Train: 1
- Test: 89

Train Start
[Test ROC-AUC]  -  SA: 0.00000,  LA: 0.59082
[Test AUPRC]  -  LA: 0.48768
[Test F1-max]  -  LA: 0.64516
Epoch: 0 | Loss: 14.164285659790039  | Negative Loss: 0.0
[Test ROC-AUC]  -  SA: 0.00000,  LA: 0.59133
[Test AUPRC]  -  LA: 0.48760
[Test F1-max]  -  LA: 0.65041
Epoch: 1 | Loss: 14.049272537231445  | Negative Loss: 0.0
[Test ROC-AUC]  -  SA: 0.00000,  LA: 0.62755
[Test AUPRC]  -  LA: 0.50474
[Test F1-max]  -  LA: 0.67890
Epoch: 2 | Loss: 12.809937477111816  | Negative Loss: 0.0
[Test ROC-AUC]  -  SA: 0.00000,  LA: 0.66276
[Test AUPRC]  -  LA: 0.52850
[Test F1-max]  -  LA: 0.69307
Epoch: 3 | Loss: 10.806145668029785  | Negative Loss: 0.0
[Test ROC-AUC]  -  SA: 0.00000,  LA: 0.67143
[Test AUPRC]  -  LA: 0.57775
[Test F1-max]  -  LA: 0.68889
Epoch: 4 | Loss: 8.458043098449707  | Negative Loss: 0.0
[Test ROC-AUC]  -  SA: 0.00000,  LA: 0.65051
[Test AUPRC]  -  LA: 0.57755
[Test F1-max]  -  LA: 0.66667
Epoch: 5 | Loss: 6.275473117828369  | Negative Loss: 0.0
[Test ROC-AUC]  -  SA: 0.00000,  LA: 0.62959
[Test AUPRC]  -  LA: 0.55232
[Test F1-max]  -  LA: 0.66667
Epoch: 6 | Loss: 4.617938041687012  | Negative Loss: 0.0
[Test ROC-AUC]  -  SA: 0.00000,  LA: 0.62194
[Test AUPRC]  -  LA: 0.55353
[Test F1-max]  -  LA: 0.66116
Epoch: 7 | Loss: 3.5066945552825928  | Negative Loss: 0.0
[Test ROC-AUC]  -  SA: 0.00000,  LA: 0.62347
[Test AUPRC]  -  LA: 0.55607
[Test F1-max]  -  LA: 0.66116
Epoch: 8 | Loss: 2.7043354511260986  | Negative Loss: 0.0
[Test ROC-AUC]  -  SA: 0.00000,  LA: 0.62653
[Test AUPRC]  -  LA: 0.55901
[Test F1-max]  -  LA: 0.66116
Epoch: 9 | Loss: 2.0826828479766846  | Negative Loss: 0.0
[Test ROC-AUC]  -  SA: 0.00000,  LA: 0.63214
[Test AUPRC]  -  LA: 0.56148
[Test F1-max]  -  LA: 0.66116
Epoch: 10 | Loss: 1.573897123336792  | Negative Loss: 0.0
[Test ROC-AUC]  -  SA: 0.00000,  LA: 0.63520
[Test AUPRC]  -  LA: 0.56391
[Test F1-max]  -  LA: 0.66116
Epoch: 11 | Loss: 1.1561341285705566  | Negative Loss: 0.0
[Test ROC-AUC]  -  SA: 0.00000,  LA: 0.63980
[Test AUPRC]  -  LA: 0.56463
[Test F1-max]  -  LA: 0.66116
Epoch: 12 | Loss: 0.8293659090995789  | Negative Loss: 0.0
[Test ROC-AUC]  -  SA: 0.00000,  LA: 0.64643
[Test AUPRC]  -  LA: 0.57176
[Test F1-max]  -  LA: 0.66116
Epoch: 13 | Loss: 0.5832831263542175  | Negative Loss: 0.0
[Test ROC-AUC]  -  SA: 0.00000,  LA: 0.64949
[Test AUPRC]  -  LA: 0.57453
[Test F1-max]  -  LA: 0.66116
Epoch: 14 | Loss: 0.40310603380203247  | Negative Loss: 0.0
[Test ROC-AUC]  -  SA: 0.00000,  LA: 0.65255
[Test AUPRC]  -  LA: 0.57523
[Test F1-max]  -  LA: 0.66116
Epoch: 15 | Loss: 0.2728131115436554  | Negative Loss: 0.0
[Test ROC-AUC]  -  SA: 0.00000,  LA: 0.66020
[Test AUPRC]  -  LA: 0.58176
[Test F1-max]  -  LA: 0.66116
Epoch: 16 | Loss: 0.1808510720729828  | Negative Loss: 0.0
[Test ROC-AUC]  -  SA: 0.00000,  LA: 0.66633
[Test AUPRC]  -  LA: 0.58299
[Test F1-max]  -  LA: 0.66116
Epoch: 17 | Loss: 0.11816269904375076  | Negative Loss: 0.0
[Test ROC-AUC]  -  SA: 0.00000,  LA: 0.66990
[Test AUPRC]  -  LA: 0.58210
[Test F1-max]  -  LA: 0.66116
Epoch: 18 | Loss: 0.07617060095071793  | Negative Loss: 0.0
[Test ROC-AUC]  -  SA: 0.00000,  LA: 0.67602
[Test AUPRC]  -  LA: 0.58172
[Test F1-max]  -  LA: 0.66667
Epoch: 19 | Loss: 0.04882900044322014  | Negative Loss: 0.0
[Test ROC-AUC]  -  SA: 0.00000,  LA: 0.67857
[Test AUPRC]  -  LA: 0.58039
[Test F1-max]  -  LA: 0.66667
Epoch: 20 | Loss: 0.03135247528553009  | Negative Loss: 0.0
[Test ROC-AUC]  -  SA: 0.00000,  LA: 0.68469
[Test AUPRC]  -  LA: 0.58528
[Test F1-max]  -  LA: 0.66667
Epoch: 21 | Loss: 0.020169800147414207  | Negative Loss: 0.0
[Test ROC-AUC]  -  SA: 0.00000,  LA: 0.69337
[Test AUPRC]  -  LA: 0.59168
[Test F1-max]  -  LA: 0.66667
Epoch: 22 | Loss: 0.013061917386949062  | Negative Loss: 0.0
[Test ROC-AUC]  -  SA: 0.00000,  LA: 0.69413
[Test AUPRC]  -  LA: 0.59189
[Test F1-max]  -  LA: 0.66667
Epoch: 23 | Loss: 0.00855628214776516  | Negative Loss: 0.0
[Test ROC-AUC]  -  SA: 0.00000,  LA: 0.70051
[Test AUPRC]  -  LA: 0.59827
[Test F1-max]  -  LA: 0.66667
Epoch: 24 | Loss: 0.005687055643647909  | Negative Loss: 0.0
[Test ROC-AUC]  -  SA: 0.00000,  LA: 0.70357
[Test AUPRC]  -  LA: 0.59782
[Test F1-max]  -  LA: 0.67227
Epoch: 25 | Loss: 0.0038313004188239574  | Negative Loss: 0.0
[Test ROC-AUC]  -  SA: 0.00000,  LA: 0.70816
[Test AUPRC]  -  LA: 0.60216
[Test F1-max]  -  LA: 0.67797
Epoch: 26 | Loss: 0.002620199928060174  | Negative Loss: 0.0
[Test ROC-AUC]  -  SA: 0.00000,  LA: 0.70816
[Test AUPRC]  -  LA: 0.60258
[Test F1-max]  -  LA: 0.68376
Epoch: 27 | Loss: 0.0018232745351269841  | Negative Loss: 0.0
[Test ROC-AUC]  -  SA: 0.00000,  LA: 0.71020
[Test AUPRC]  -  LA: 0.60178
[Test F1-max]  -  LA: 0.68376
Epoch: 28 | Loss: 0.0012916799169033766  | Negative Loss: 0.0
[Test ROC-AUC]  -  SA: 0.00000,  LA: 0.71173
[Test AUPRC]  -  LA: 0.60327
[Test F1-max]  -  LA: 0.68966
Epoch: 29 | Loss: 0.0009314002236351371  | Negative Loss: 0.0
[Test ROC-AUC]  -  SA: 0.00000,  LA: 0.71224
[Test AUPRC]  -  LA: 0.60367
[Test F1-max]  -  LA: 0.68966
Epoch: 30 | Loss: 0.0006843825103715062  | Negative Loss: 0.0
[Test ROC-AUC]  -  SA: 0.00000,  LA: 0.71327
[Test AUPRC]  -  LA: 0.60333
[Test F1-max]  -  LA: 0.68966
Epoch: 31 | Loss: 0.0005120584974065423  | Negative Loss: 0.0
[Test ROC-AUC]  -  SA: 0.00000,  LA: 0.71684
[Test AUPRC]  -  LA: 0.60506
[Test F1-max]  -  LA: 0.68966
Epoch: 32 | Loss: 0.0003900158917531371  | Negative Loss: 0.0
[Test ROC-AUC]  -  SA: 0.00000,  LA: 0.71837
[Test AUPRC]  -  LA: 0.60659
[Test F1-max]  -  LA: 0.68966
Epoch: 33 | Loss: 0.00030229290132410824  | Negative Loss: 0.0
[Test ROC-AUC]  -  SA: 0.00000,  LA: 0.71837
[Test AUPRC]  -  LA: 0.60615
[Test F1-max]  -  LA: 0.68966
Epoch: 34 | Loss: 0.00023816677276045084  | Negative Loss: 0.0
[Test ROC-AUC]  -  SA: 0.00000,  LA: 0.71888
[Test AUPRC]  -  LA: 0.60666
[Test F1-max]  -  LA: 0.68966
Epoch: 35 | Loss: 0.00019048799003940076  | Negative Loss: 0.0
[Test ROC-AUC]  -  SA: 0.00000,  LA: 0.71837
[Test AUPRC]  -  LA: 0.60614
[Test F1-max]  -  LA: 0.68966
Epoch: 36 | Loss: 0.00015484733739867806  | Negative Loss: 0.0
[Test ROC-AUC]  -  SA: 0.00000,  LA: 0.71531
[Test AUPRC]  -  LA: 0.60212
[Test F1-max]  -  LA: 0.68966
Epoch: 37 | Loss: 0.00012790784239768982  | Negative Loss: 0.0
[Test ROC-AUC]  -  SA: 0.00000,  LA: 0.71684
[Test AUPRC]  -  LA: 0.60336
[Test F1-max]  -  LA: 0.68966
Epoch: 38 | Loss: 0.00010680894774850458  | Negative Loss: 0.0
[Test ROC-AUC]  -  SA: 0.00000,  LA: 0.71837
[Test AUPRC]  -  LA: 0.60504
[Test F1-max]  -  LA: 0.69565
Epoch: 39 | Loss: 9.059723379323259e-05  | Negative Loss: 0.0
[Test ROC-AUC]  -  SA: 0.00000,  LA: 0.72041
[Test AUPRC]  -  LA: 0.60716
[Test F1-max]  -  LA: 0.69565
Epoch: 40 | Loss: 7.748470670776442e-05  | Negative Loss: 0.0
[Test ROC-AUC]  -  SA: 0.00000,  LA: 0.72041
[Test AUPRC]  -  LA: 0.60619
[Test F1-max]  -  LA: 0.69565
Epoch: 41 | Loss: 6.71138332108967e-05  | Negative Loss: 0.0
[Test ROC-AUC]  -  SA: 0.00000,  LA: 0.71939
[Test AUPRC]  -  LA: 0.60461
[Test F1-max]  -  LA: 0.69565
Epoch: 42 | Loss: 5.9007841628044844e-05  | Negative Loss: 0.0
[Test ROC-AUC]  -  SA: 0.00000,  LA: 0.71888
[Test AUPRC]  -  LA: 0.60347
[Test F1-max]  -  LA: 0.69565
Epoch: 43 | Loss: 5.2213072194717824e-05  | Negative Loss: 0.0
[Test ROC-AUC]  -  SA: 0.00000,  LA: 0.71939
[Test AUPRC]  -  LA: 0.60447
[Test F1-max]  -  LA: 0.69565
Epoch: 44 | Loss: 4.661035927711055e-05  | Negative Loss: 0.0
[Test ROC-AUC]  -  SA: 0.00000,  LA: 0.71888
[Test AUPRC]  -  LA: 0.60385
[Test F1-max]  -  LA: 0.69565
Epoch: 45 | Loss: 4.196129157207906e-05  | Negative Loss: 0.0
[Test ROC-AUC]  -  SA: 0.00000,  LA: 0.71837
[Test AUPRC]  -  LA: 0.60430
[Test F1-max]  -  LA: 0.69565
Epoch: 46 | Loss: 3.814665979007259e-05  | Negative Loss: 0.0
[Test ROC-AUC]  -  SA: 0.00000,  LA: 0.71837
[Test AUPRC]  -  LA: 0.60381
[Test F1-max]  -  LA: 0.69565
Epoch: 47 | Loss: 3.504726919345558e-05  | Negative Loss: 0.0
[Test ROC-AUC]  -  SA: 0.00000,  LA: 0.71837
[Test AUPRC]  -  LA: 0.60381
[Test F1-max]  -  LA: 0.69565
Epoch: 48 | Loss: 3.2305495551554486e-05  | Negative Loss: 0.0
[Test ROC-AUC]  -  SA: 0.00000,  LA: 0.71939
[Test AUPRC]  -  LA: 0.60445
[Test F1-max]  -  LA: 0.69565
Epoch: 49 | Loss: 2.9682923923246562e-05  | Negative Loss: 0.0
[Test ROC-AUC]  -  SA: 0.00000,  LA: 0.71939
[Test AUPRC]  -  LA: 0.60445
[Test F1-max]  -  LA: 0.69565
Epoch: 50 | Loss: 2.765639146673493e-05  | Negative Loss: 0.0
[Test ROC-AUC]  -  SA: 0.00000,  LA: 0.71888
[Test AUPRC]  -  LA: 0.60405
[Test F1-max]  -  LA: 0.69565
Epoch: 51 | Loss: 2.5987481421907432e-05  | Negative Loss: 0.0
[Test ROC-AUC]  -  SA: 0.00000,  LA: 0.71939
[Test AUPRC]  -  LA: 0.60436
[Test F1-max]  -  LA: 0.69565
Epoch: 52 | Loss: 2.455698631820269e-05  | Negative Loss: 0.0
[Test ROC-AUC]  -  SA: 0.00000,  LA: 0.71990
[Test AUPRC]  -  LA: 0.60483
[Test F1-max]  -  LA: 0.69565
Epoch: 53 | Loss: 2.312648757651914e-05  | Negative Loss: 0.0
[Test ROC-AUC]  -  SA: 0.00000,  LA: 0.72041
[Test AUPRC]  -  LA: 0.60461
[Test F1-max]  -  LA: 0.69565
Epoch: 54 | Loss: 2.2053616703487933e-05  | Negative Loss: 0.0
[Test ROC-AUC]  -  SA: 0.00000,  LA: 0.72143
[Test AUPRC]  -  LA: 0.60558
[Test F1-max]  -  LA: 0.70175
Epoch: 55 | Loss: 2.1099949663039297e-05  | Negative Loss: 0.0
[Test ROC-AUC]  -  SA: 0.00000,  LA: 0.72143
[Test AUPRC]  -  LA: 0.60558
[Test F1-max]  -  LA: 0.70175
Epoch: 56 | Loss: 2.014628262259066e-05  | Negative Loss: 0.0
[Test ROC-AUC]  -  SA: 0.00000,  LA: 0.72143
[Test AUPRC]  -  LA: 0.60686
[Test F1-max]  -  LA: 0.70175
Epoch: 57 | Loss: 1.9311824871692806e-05  | Negative Loss: 0.0
[Test ROC-AUC]  -  SA: 0.00000,  LA: 0.72143
[Test AUPRC]  -  LA: 0.60686
[Test F1-max]  -  LA: 0.70175
Epoch: 58 | Loss: 1.8715785699896514e-05  | Negative Loss: 0.0
[Test ROC-AUC]  -  SA: 0.00000,  LA: 0.72143
[Test AUPRC]  -  LA: 0.60686
[Test F1-max]  -  LA: 0.70175
Epoch: 59 | Loss: 1.8119742890121415e-05  | Negative Loss: 0.0
[Test ROC-AUC]  -  SA: 0.00000,  LA: 0.72143
[Test AUPRC]  -  LA: 0.60686
[Test F1-max]  -  LA: 0.70175
Epoch: 60 | Loss: 1.740449260978494e-05  | Negative Loss: 0.0
[Test ROC-AUC]  -  SA: 0.00000,  LA: 0.72092
[Test AUPRC]  -  LA: 0.60632
[Test F1-max]  -  LA: 0.70175
Epoch: 61 | Loss: 1.680844980000984e-05  | Negative Loss: 0.0
[Test ROC-AUC]  -  SA: 0.00000,  LA: 0.72092
[Test AUPRC]  -  LA: 0.60632
[Test F1-max]  -  LA: 0.70175
Epoch: 62 | Loss: 1.64508237503469e-05  | Negative Loss: 0.0
[Test ROC-AUC]  -  SA: 0.00000,  LA: 0.72143
[Test AUPRC]  -  LA: 0.60667
[Test F1-max]  -  LA: 0.70175
Epoch: 63 | Loss: 1.5973992049111985e-05  | Negative Loss: 0.0
[Test ROC-AUC]  -  SA: 0.00000,  LA: 0.72143
[Test AUPRC]  -  LA: 0.60626
[Test F1-max]  -  LA: 0.70175
Epoch: 64 | Loss: 1.5735573470010422e-05  | Negative Loss: 0.0
[Test ROC-AUC]  -  SA: 0.00000,  LA: 0.72194
[Test AUPRC]  -  LA: 0.60658
[Test F1-max]  -  LA: 0.70175
Epoch: 65 | Loss: 1.5377947420347482e-05  | Negative Loss: 0.0
[Test ROC-AUC]  -  SA: 0.00000,  LA: 0.72143
[Test AUPRC]  -  LA: 0.60603
[Test F1-max]  -  LA: 0.70175
Epoch: 66 | Loss: 1.5020322280179244e-05  | Negative Loss: 0.0
[Test ROC-AUC]  -  SA: 0.00000,  LA: 0.72245
[Test AUPRC]  -  LA: 0.60671
[Test F1-max]  -  LA: 0.70330
Epoch: 67 | Loss: 1.4662697140011005e-05  | Negative Loss: 0.0
[Test ROC-AUC]  -  SA: 0.00000,  LA: 0.72245
[Test AUPRC]  -  LA: 0.60671
[Test F1-max]  -  LA: 0.70330
Epoch: 68 | Loss: 1.4424280379898846e-05  | Negative Loss: 0.0
[Test ROC-AUC]  -  SA: 0.00000,  LA: 0.72245
[Test AUPRC]  -  LA: 0.60671
[Test F1-max]  -  LA: 0.70330
Epoch: 69 | Loss: 1.4185863619786687e-05  | Negative Loss: 0.0
[Test ROC-AUC]  -  SA: 0.00000,  LA: 0.72296
[Test AUPRC]  -  LA: 0.60689
[Test F1-max]  -  LA: 0.70330
Epoch: 70 | Loss: 1.3947445040685125e-05  | Negative Loss: 0.0
[Test ROC-AUC]  -  SA: 0.00000,  LA: 0.72245
[Test AUPRC]  -  LA: 0.60572
[Test F1-max]  -  LA: 0.70330
Epoch: 71 | Loss: 1.3709028280572966e-05  | Negative Loss: 0.0
[Test ROC-AUC]  -  SA: 0.00000,  LA: 0.72245
[Test AUPRC]  -  LA: 0.60603
[Test F1-max]  -  LA: 0.70330
Epoch: 72 | Loss: 1.3470611520460807e-05  | Negative Loss: 0.0
[Test ROC-AUC]  -  SA: 0.00000,  LA: 0.72143
[Test AUPRC]  -  LA: 0.60484
[Test F1-max]  -  LA: 0.70330
Epoch: 73 | Loss: 1.3351402230910026e-05  | Negative Loss: 0.0
[Test ROC-AUC]  -  SA: 0.00000,  LA: 0.72143
[Test AUPRC]  -  LA: 0.60484
[Test F1-max]  -  LA: 0.70330
Epoch: 74 | Loss: 1.3112984561303165e-05  | Negative Loss: 0.0
[Test ROC-AUC]  -  SA: 0.00000,  LA: 0.72092
[Test AUPRC]  -  LA: 0.60433
[Test F1-max]  -  LA: 0.70330
Epoch: 75 | Loss: 1.2993776181247085e-05  | Negative Loss: 0.0
[Test ROC-AUC]  -  SA: 0.00000,  LA: 0.72092
[Test AUPRC]  -  LA: 0.60433
[Test F1-max]  -  LA: 0.70330
Epoch: 76 | Loss: 1.2755358511640225e-05  | Negative Loss: 0.0
[Test ROC-AUC]  -  SA: 0.00000,  LA: 0.72092
[Test AUPRC]  -  LA: 0.60433
[Test F1-max]  -  LA: 0.70330
Epoch: 77 | Loss: 1.2755358511640225e-05  | Negative Loss: 0.0
[Test ROC-AUC]  -  SA: 0.00000,  LA: 0.72092
[Test AUPRC]  -  LA: 0.60433
[Test F1-max]  -  LA: 0.70330
Epoch: 78 | Loss: 1.2516941751528066e-05  | Negative Loss: 0.0
[Test ROC-AUC]  -  SA: 0.00000,  LA: 0.72092
[Test AUPRC]  -  LA: 0.60433
[Test F1-max]  -  LA: 0.70330
Epoch: 79 | Loss: 1.2516941751528066e-05  | Negative Loss: 0.0
[Test ROC-AUC]  -  SA: 0.00000,  LA: 0.72092
[Test AUPRC]  -  LA: 0.60433
[Test F1-max]  -  LA: 0.70330
Epoch: 80 | Loss: 1.2397733371471986e-05  | Negative Loss: 0.0
[Test ROC-AUC]  -  SA: 0.00000,  LA: 0.72092
[Test AUPRC]  -  LA: 0.60433
[Test F1-max]  -  LA: 0.70330
Epoch: 81 | Loss: 1.2040106412314344e-05  | Negative Loss: 0.0
[Test ROC-AUC]  -  SA: 0.00000,  LA: 0.72092
[Test AUPRC]  -  LA: 0.60433
[Test F1-max]  -  LA: 0.70330
Epoch: 82 | Loss: 1.2040106412314344e-05  | Negative Loss: 0.0
[Test ROC-AUC]  -  SA: 0.00000,  LA: 0.72092
[Test AUPRC]  -  LA: 0.60433
[Test F1-max]  -  LA: 0.70330
Epoch: 83 | Loss: 1.1920898941752966e-05  | Negative Loss: 0.0
[Test ROC-AUC]  -  SA: 0.00000,  LA: 0.72092
[Test AUPRC]  -  LA: 0.60433
[Test F1-max]  -  LA: 0.70330
Epoch: 84 | Loss: 1.1801690561696887e-05  | Negative Loss: 0.0
[Test ROC-AUC]  -  SA: 0.00000,  LA: 0.72092
[Test AUPRC]  -  LA: 0.60433
[Test F1-max]  -  LA: 0.70330
Epoch: 85 | Loss: 1.1801690561696887e-05  | Negative Loss: 0.0
[Test ROC-AUC]  -  SA: 0.00000,  LA: 0.72092
[Test AUPRC]  -  LA: 0.60433
[Test F1-max]  -  LA: 0.70330
Epoch: 86 | Loss: 1.1682481272146106e-05  | Negative Loss: 0.0
[Test ROC-AUC]  -  SA: 0.00000,  LA: 0.72041
[Test AUPRC]  -  LA: 0.60376
[Test F1-max]  -  LA: 0.70330
Epoch: 87 | Loss: 1.1563271982595325e-05  | Negative Loss: 0.0
[Test ROC-AUC]  -  SA: 0.00000,  LA: 0.72041
[Test AUPRC]  -  LA: 0.60376
[Test F1-max]  -  LA: 0.70330
Epoch: 88 | Loss: 1.1444063602539245e-05  | Negative Loss: 0.0
[Test ROC-AUC]  -  SA: 0.00000,  LA: 0.72041
[Test AUPRC]  -  LA: 0.60376
[Test F1-max]  -  LA: 0.70330
Epoch: 89 | Loss: 1.1324854312988464e-05  | Negative Loss: 0.0
[Test ROC-AUC]  -  SA: 0.00000,  LA: 0.72041
[Test AUPRC]  -  LA: 0.60376
[Test F1-max]  -  LA: 0.70330
Epoch: 90 | Loss: 1.1205645932932384e-05  | Negative Loss: 0.0
[Test ROC-AUC]  -  SA: 0.00000,  LA: 0.71990
[Test AUPRC]  -  LA: 0.60324
[Test F1-max]  -  LA: 0.70330
Epoch: 91 | Loss: 1.1086436643381603e-05  | Negative Loss: 0.0
[Test ROC-AUC]  -  SA: 0.00000,  LA: 0.71990
[Test AUPRC]  -  LA: 0.60324
[Test F1-max]  -  LA: 0.70330
Epoch: 92 | Loss: 1.1086436643381603e-05  | Negative Loss: 0.0
[Test ROC-AUC]  -  SA: 0.00000,  LA: 0.71990
[Test AUPRC]  -  LA: 0.60324
[Test F1-max]  -  LA: 0.70330
Epoch: 93 | Loss: 1.0967228263325524e-05  | Negative Loss: 0.0
[Test ROC-AUC]  -  SA: 0.00000,  LA: 0.71990
[Test AUPRC]  -  LA: 0.60324
[Test F1-max]  -  LA: 0.70330
Epoch: 94 | Loss: 1.0967228263325524e-05  | Negative Loss: 0.0
[Test ROC-AUC]  -  SA: 0.00000,  LA: 0.71990
[Test AUPRC]  -  LA: 0.60324
[Test F1-max]  -  LA: 0.70330
Epoch: 95 | Loss: 1.0728810593718663e-05  | Negative Loss: 0.0
[Test ROC-AUC]  -  SA: 0.00000,  LA: 0.71990
[Test AUPRC]  -  LA: 0.60324
[Test F1-max]  -  LA: 0.70330
Epoch: 96 | Loss: 1.0728810593718663e-05  | Negative Loss: 0.0
[Test ROC-AUC]  -  SA: 0.00000,  LA: 0.71990
[Test AUPRC]  -  LA: 0.60324
[Test F1-max]  -  LA: 0.70330
Epoch: 97 | Loss: 1.0728810593718663e-05  | Negative Loss: 0.0
[Test ROC-AUC]  -  SA: 0.00000,  LA: 0.71939
[Test AUPRC]  -  LA: 0.60277
[Test F1-max]  -  LA: 0.70330
Epoch: 98 | Loss: 1.0609603123157285e-05  | Negative Loss: 0.0
[Test ROC-AUC]  -  SA: 0.00000,  LA: 0.71939
[Test AUPRC]  -  LA: 0.60277
[Test F1-max]  -  LA: 0.70330
Epoch: 99 | Loss: 1.0371184544055723e-05  | Negative Loss: 0.0
Time consumption: 109.95460748672485
Best LA AUC: 0.7229591836734695
Best LA AUPC: 0.6071565034428676
Best LA F1-max: 0.7032967032967032
[Result] Experiment result appended to ./results/train_hybrid_result.csv

[END] 2026-03-18 21:14:37
[RETURN CODE] 0
