[START] 2026-03-18 20:55:49
[GPU] 1
[TASK] 18/60
[NAME] blue_splicing_winclip
[REPEAT] 8/10
[COMMAND] python train_hybrid.py --data_name blue_splicing --mask True --text True --double_encoder True --few_shot True --shot 1 --hybrid_model winclip --hybrid_weight 0.3 --hybrid_batch_size 16 --epoch 100 --log True --lr 5e-4 --detection True --preprocess True

/home/seungeon/miniconda3/envs/LAB/lib/python3.10/site-packages/timm/models/layers/__init__.py:48: FutureWarning: Importing from timm.models.layers is deprecated, please import via timm.layers
  warnings.warn(f"Importing from {__name__} is deprecated, please import via timm.layers", FutureWarning)
/home/seungeon/Workspace/side/vlm/train_hybrid.py:18: DeprecationWarning: The distutils package is deprecated and slated for removal in Python 3.12. Use setuptools or check PEP 632 for potential alternatives
  from distutils.util import strtobool
Torch version: 2.9.1+cu128
cuda is loaded for process
here?
In my local computer
Namespace(epoch=100, gpu_number='0', data_name='blue_splicing', lr=0.0005, batch_size=6, shuffle=True, seed=0, tag='default', model_name='ViT-B-32', pretrained_name='laion2b_s34b_b79k', lora=1, default=False, foundation='CLIP', detection=1, preprocess=1, num_rule=0, object_names=['a photo of orange connector', 'a photo of blue cable', 'a photo of yellow cable', 'a photo of red cable', 'a photo of metal panel'], objects_for_rules=[['a photo of orange connector'], ['a photo of orange connector'], ['a photo of blue cable'], ['a photo of blue cable'], ['a photo of orange connector'], ['a photo of orange connector', 'a photo of blue cable']], texts_for_rules=[['a photo of orange connector'], ['a photo of orange connector'], ['a photo of cable'], ['a photo of yellow cable'], ['a photo of blue cable'], ['a photo of orange connector and blue cable']], mask=1, text=1, score='mean', ciriculam_learning=False, few_shot=1, shot=1, log=1, neg_loss=0, double_encoder=1, pretrained_count_path=None, ris=0, rule_select='', rule_list=[], num_negative=5, hybrid_model='winclip', hybrid_weight=0.3, hybrid_class_name='', hybrid_batch_size=16, hybrid_backbone='ViT-B-16-plus-240', hybrid_pretrained_dataset='laion400m_e32', hybrid_scales=[2, 3], hybrid_img_resize=240, hybrid_img_cropsize=240, hybrid_resolution=400, hybrid_promptad_epoch=100, hybrid_promptad_lr=0.002, hybrid_promptad_momentum=0.9, hybrid_promptad_weight_decay=0.0005, hybrid_promptad_eta_min=1e-05, hybrid_promptad_lambda1=0.001, hybrid_promptad_n_ctx=4, hybrid_promptad_n_pro=3, hybrid_promptad_n_ctx_ab=1, hybrid_promptad_n_pro_ab=4, early_stop_k=10, result_log_path='./results/train_hybrid_result.csv')
[Hybrid] method=winclip, class_name=splicing_connectors, train=1, eval=70, base_path=/data3/seungeon/data/image/mvtec_loco_anomaly_detection/blue_splicing
grid 240 16 (15, 15)
[Hybrid-only] LA_AUC=0.69167, LA_AUPRC=0.72985, LA_F1=0.77228
[Data Description]
- Train: 1
- Test: 70

Train Start
[Test ROC-AUC]  -  SA: 0.00000,  LA: 0.73417
[Test AUPRC]  -  LA: 0.78530
[Test F1-max]  -  LA: 0.76543
Epoch: 0 | Loss: 16.46942901611328  | Negative Loss: 0.0
[Test ROC-AUC]  -  SA: 0.00000,  LA: 0.73167
[Test AUPRC]  -  LA: 0.78382
[Test F1-max]  -  LA: 0.76543
Epoch: 1 | Loss: 16.342134475708008  | Negative Loss: 0.0
[Test ROC-AUC]  -  SA: 0.00000,  LA: 0.71583
[Test AUPRC]  -  LA: 0.78928
[Test F1-max]  -  LA: 0.75728
Epoch: 2 | Loss: 14.705205917358398  | Negative Loss: 0.0
[Test ROC-AUC]  -  SA: 0.00000,  LA: 0.69583
[Test AUPRC]  -  LA: 0.78008
[Test F1-max]  -  LA: 0.76471
Epoch: 3 | Loss: 12.255332946777344  | Negative Loss: 0.0
[Test ROC-AUC]  -  SA: 0.00000,  LA: 0.67250
[Test AUPRC]  -  LA: 0.75998
[Test F1-max]  -  LA: 0.75472
Epoch: 4 | Loss: 9.625990867614746  | Negative Loss: 0.0
[Test ROC-AUC]  -  SA: 0.00000,  LA: 0.65333
[Test AUPRC]  -  LA: 0.72862
[Test F1-max]  -  LA: 0.76190
Epoch: 5 | Loss: 7.314147472381592  | Negative Loss: 0.0
[Test ROC-AUC]  -  SA: 0.00000,  LA: 0.64167
[Test AUPRC]  -  LA: 0.71374
[Test F1-max]  -  LA: 0.76190
Epoch: 6 | Loss: 5.520230293273926  | Negative Loss: 0.0
[Test ROC-AUC]  -  SA: 0.00000,  LA: 0.63917
[Test AUPRC]  -  LA: 0.70991
[Test F1-max]  -  LA: 0.76471
Epoch: 7 | Loss: 4.130232810974121  | Negative Loss: 0.0
[Test ROC-AUC]  -  SA: 0.00000,  LA: 0.62667
[Test AUPRC]  -  LA: 0.70556
[Test F1-max]  -  LA: 0.76768
Epoch: 8 | Loss: 3.138425827026367  | Negative Loss: 0.0
[Test ROC-AUC]  -  SA: 0.00000,  LA: 0.63000
[Test AUPRC]  -  LA: 0.70805
[Test F1-max]  -  LA: 0.76768
Epoch: 9 | Loss: 2.4086551666259766  | Negative Loss: 0.0
[Test ROC-AUC]  -  SA: 0.00000,  LA: 0.63167
[Test AUPRC]  -  LA: 0.70401
[Test F1-max]  -  LA: 0.77551
Epoch: 10 | Loss: 1.851867437362671  | Negative Loss: 0.0
[Test ROC-AUC]  -  SA: 0.00000,  LA: 0.63833
[Test AUPRC]  -  LA: 0.70740
[Test F1-max]  -  LA: 0.78351
Epoch: 11 | Loss: 1.41002357006073  | Negative Loss: 0.0
[Test ROC-AUC]  -  SA: 0.00000,  LA: 0.64083
[Test AUPRC]  -  LA: 0.70827
[Test F1-max]  -  LA: 0.78351
Epoch: 12 | Loss: 1.060620903968811  | Negative Loss: 0.0
[Test ROC-AUC]  -  SA: 0.00000,  LA: 0.64750
[Test AUPRC]  -  LA: 0.71067
[Test F1-max]  -  LA: 0.79167
Epoch: 13 | Loss: 0.7938116788864136  | Negative Loss: 0.0
[Test ROC-AUC]  -  SA: 0.00000,  LA: 0.65333
[Test AUPRC]  -  LA: 0.71148
[Test F1-max]  -  LA: 0.79167
Epoch: 14 | Loss: 0.5853860378265381  | Negative Loss: 0.0
[Test ROC-AUC]  -  SA: 0.00000,  LA: 0.65083
[Test AUPRC]  -  LA: 0.70654
[Test F1-max]  -  LA: 0.79167
Epoch: 15 | Loss: 0.4278287887573242  | Negative Loss: 0.0
[Test ROC-AUC]  -  SA: 0.00000,  LA: 0.65250
[Test AUPRC]  -  LA: 0.70882
[Test F1-max]  -  LA: 0.78351
Epoch: 16 | Loss: 0.31019383668899536  | Negative Loss: 0.0
[Test ROC-AUC]  -  SA: 0.00000,  LA: 0.65750
[Test AUPRC]  -  LA: 0.71147
[Test F1-max]  -  LA: 0.78351
Epoch: 17 | Loss: 0.2237115204334259  | Negative Loss: 0.0
[Test ROC-AUC]  -  SA: 0.00000,  LA: 0.65250
[Test AUPRC]  -  LA: 0.71107
[Test F1-max]  -  LA: 0.78351
Epoch: 18 | Loss: 0.16053642332553864  | Negative Loss: 0.0
[Test ROC-AUC]  -  SA: 0.00000,  LA: 0.64833
[Test AUPRC]  -  LA: 0.70863
[Test F1-max]  -  LA: 0.78788
Epoch: 19 | Loss: 0.11414527893066406  | Negative Loss: 0.0
[Test ROC-AUC]  -  SA: 0.00000,  LA: 0.64750
[Test AUPRC]  -  LA: 0.70399
[Test F1-max]  -  LA: 0.78788
Epoch: 20 | Loss: 0.08040498942136765  | Negative Loss: 0.0
[Test ROC-AUC]  -  SA: 0.00000,  LA: 0.64750
[Test AUPRC]  -  LA: 0.70396
[Test F1-max]  -  LA: 0.78788
Epoch: 21 | Loss: 0.05635590851306915  | Negative Loss: 0.0
[Test ROC-AUC]  -  SA: 0.00000,  LA: 0.64750
[Test AUPRC]  -  LA: 0.70341
[Test F1-max]  -  LA: 0.78788
Epoch: 22 | Loss: 0.03941379487514496  | Negative Loss: 0.0
[Test ROC-AUC]  -  SA: 0.00000,  LA: 0.65250
[Test AUPRC]  -  LA: 0.71309
[Test F1-max]  -  LA: 0.78788
Epoch: 23 | Loss: 0.02771264873445034  | Negative Loss: 0.0
[Test ROC-AUC]  -  SA: 0.00000,  LA: 0.65167
[Test AUPRC]  -  LA: 0.71290
[Test F1-max]  -  LA: 0.78788
Epoch: 24 | Loss: 0.019649062305688858  | Negative Loss: 0.0
[Test ROC-AUC]  -  SA: 0.00000,  LA: 0.65250
[Test AUPRC]  -  LA: 0.71562
[Test F1-max]  -  LA: 0.78788
Epoch: 25 | Loss: 0.014044445008039474  | Negative Loss: 0.0
[Test ROC-AUC]  -  SA: 0.00000,  LA: 0.65833
[Test AUPRC]  -  LA: 0.72161
[Test F1-max]  -  LA: 0.79592
Epoch: 26 | Loss: 0.010156432166695595  | Negative Loss: 0.0
[Test ROC-AUC]  -  SA: 0.00000,  LA: 0.66250
[Test AUPRC]  -  LA: 0.72496
[Test F1-max]  -  LA: 0.79592
Epoch: 27 | Loss: 0.007423450239002705  | Negative Loss: 0.0
[Test ROC-AUC]  -  SA: 0.00000,  LA: 0.66583
[Test AUPRC]  -  LA: 0.72710
[Test F1-max]  -  LA: 0.79592
Epoch: 28 | Loss: 0.005488705821335316  | Negative Loss: 0.0
[Test ROC-AUC]  -  SA: 0.00000,  LA: 0.66917
[Test AUPRC]  -  LA: 0.73201
[Test F1-max]  -  LA: 0.79592
Epoch: 29 | Loss: 0.004111954942345619  | Negative Loss: 0.0
[Test ROC-AUC]  -  SA: 0.00000,  LA: 0.67000
[Test AUPRC]  -  LA: 0.73269
[Test F1-max]  -  LA: 0.79592
Epoch: 30 | Loss: 0.003123090136796236  | Negative Loss: 0.0
[Test ROC-AUC]  -  SA: 0.00000,  LA: 0.67167
[Test AUPRC]  -  LA: 0.73761
[Test F1-max]  -  LA: 0.79592
Epoch: 31 | Loss: 0.0024054860696196556  | Negative Loss: 0.0
[Test ROC-AUC]  -  SA: 0.00000,  LA: 0.67083
[Test AUPRC]  -  LA: 0.73739
[Test F1-max]  -  LA: 0.79592
Epoch: 32 | Loss: 0.0018834949005395174  | Negative Loss: 0.0
[Test ROC-AUC]  -  SA: 0.00000,  LA: 0.67167
[Test AUPRC]  -  LA: 0.73782
[Test F1-max]  -  LA: 0.79592
Epoch: 33 | Loss: 0.001494579017162323  | Negative Loss: 0.0
[Test ROC-AUC]  -  SA: 0.00000,  LA: 0.67250
[Test AUPRC]  -  LA: 0.73673
[Test F1-max]  -  LA: 0.79592
Epoch: 34 | Loss: 0.0012021060101687908  | Negative Loss: 0.0
[Test ROC-AUC]  -  SA: 0.00000,  LA: 0.67417
[Test AUPRC]  -  LA: 0.74017
[Test F1-max]  -  LA: 0.78788
Epoch: 35 | Loss: 0.0009793012868613005  | Negative Loss: 0.0
[Test ROC-AUC]  -  SA: 0.00000,  LA: 0.67167
[Test AUPRC]  -  LA: 0.73987
[Test F1-max]  -  LA: 0.78788
Epoch: 36 | Loss: 0.000807833974249661  | Negative Loss: 0.0
[Test ROC-AUC]  -  SA: 0.00000,  LA: 0.67250
[Test AUPRC]  -  LA: 0.74099
[Test F1-max]  -  LA: 0.78788
Epoch: 37 | Loss: 0.000674964627251029  | Negative Loss: 0.0
[Test ROC-AUC]  -  SA: 0.00000,  LA: 0.67583
[Test AUPRC]  -  LA: 0.74521
[Test F1-max]  -  LA: 0.78788
Epoch: 38 | Loss: 0.0005702124326489866  | Negative Loss: 0.0
[Test ROC-AUC]  -  SA: 0.00000,  LA: 0.67583
[Test AUPRC]  -  LA: 0.74521
[Test F1-max]  -  LA: 0.78788
Epoch: 39 | Loss: 0.00048726508975960314  | Negative Loss: 0.0
[Test ROC-AUC]  -  SA: 0.00000,  LA: 0.67417
[Test AUPRC]  -  LA: 0.74448
[Test F1-max]  -  LA: 0.78788
Epoch: 40 | Loss: 0.00042076187673956156  | Negative Loss: 0.0
[Test ROC-AUC]  -  SA: 0.00000,  LA: 0.67417
[Test AUPRC]  -  LA: 0.74448
[Test F1-max]  -  LA: 0.78788
Epoch: 41 | Loss: 0.0003670095175039023  | Negative Loss: 0.0
[Test ROC-AUC]  -  SA: 0.00000,  LA: 0.67583
[Test AUPRC]  -  LA: 0.74654
[Test F1-max]  -  LA: 0.78788
Epoch: 42 | Loss: 0.00032291008392348886  | Negative Loss: 0.0
[Test ROC-AUC]  -  SA: 0.00000,  LA: 0.67667
[Test AUPRC]  -  LA: 0.74735
[Test F1-max]  -  LA: 0.78788
Epoch: 43 | Loss: 0.0002869146701414138  | Negative Loss: 0.0
[Test ROC-AUC]  -  SA: 0.00000,  LA: 0.67833
[Test AUPRC]  -  LA: 0.74821
[Test F1-max]  -  LA: 0.79208
Epoch: 44 | Loss: 0.00025711662601679564  | Negative Loss: 0.0
[Test ROC-AUC]  -  SA: 0.00000,  LA: 0.67833
[Test AUPRC]  -  LA: 0.74821
[Test F1-max]  -  LA: 0.79208
Epoch: 45 | Loss: 0.00023208594939205796  | Negative Loss: 0.0
[Test ROC-AUC]  -  SA: 0.00000,  LA: 0.67750
[Test AUPRC]  -  LA: 0.74793
[Test F1-max]  -  LA: 0.79208
Epoch: 46 | Loss: 0.00021122679754626006  | Negative Loss: 0.0
[Test ROC-AUC]  -  SA: 0.00000,  LA: 0.67667
[Test AUPRC]  -  LA: 0.74764
[Test F1-max]  -  LA: 0.79208
Epoch: 47 | Loss: 0.0001934665342560038  | Negative Loss: 0.0
[Test ROC-AUC]  -  SA: 0.00000,  LA: 0.67583
[Test AUPRC]  -  LA: 0.74733
[Test F1-max]  -  LA: 0.79208
Epoch: 48 | Loss: 0.00017856687190942466  | Negative Loss: 0.0
[Test ROC-AUC]  -  SA: 0.00000,  LA: 0.67583
[Test AUPRC]  -  LA: 0.74733
[Test F1-max]  -  LA: 0.79208
Epoch: 49 | Loss: 0.00016557426715735346  | Negative Loss: 0.0
[Test ROC-AUC]  -  SA: 0.00000,  LA: 0.67417
[Test AUPRC]  -  LA: 0.74645
[Test F1-max]  -  LA: 0.79208
Epoch: 50 | Loss: 0.00015436956891790032  | Negative Loss: 0.0
[Test ROC-AUC]  -  SA: 0.00000,  LA: 0.67417
[Test AUPRC]  -  LA: 0.74645
[Test F1-max]  -  LA: 0.79208
Epoch: 51 | Loss: 0.00014483361155726016  | Negative Loss: 0.0
[Test ROC-AUC]  -  SA: 0.00000,  LA: 0.67500
[Test AUPRC]  -  LA: 0.74711
[Test F1-max]  -  LA: 0.79208
Epoch: 52 | Loss: 0.00013648960157297552  | Negative Loss: 0.0
[Test ROC-AUC]  -  SA: 0.00000,  LA: 0.67583
[Test AUPRC]  -  LA: 0.74756
[Test F1-max]  -  LA: 0.79208
Epoch: 53 | Loss: 0.00012874153617303818  | Negative Loss: 0.0
[Test ROC-AUC]  -  SA: 0.00000,  LA: 0.67583
[Test AUPRC]  -  LA: 0.74756
[Test F1-max]  -  LA: 0.79208
Epoch: 54 | Loss: 0.00012230467109475285  | Negative Loss: 0.0
[Test ROC-AUC]  -  SA: 0.00000,  LA: 0.67583
[Test AUPRC]  -  LA: 0.74756
[Test F1-max]  -  LA: 0.79208
Epoch: 55 | Loss: 0.00011646380880847573  | Negative Loss: 0.0
[Test ROC-AUC]  -  SA: 0.00000,  LA: 0.67583
[Test AUPRC]  -  LA: 0.74777
[Test F1-max]  -  LA: 0.79208
Epoch: 56 | Loss: 0.00011145733151352033  | Negative Loss: 0.0
[Test ROC-AUC]  -  SA: 0.00000,  LA: 0.67583
[Test AUPRC]  -  LA: 0.74777
[Test F1-max]  -  LA: 0.79208
Epoch: 57 | Loss: 0.00010692764772102237  | Negative Loss: 0.0
[Test ROC-AUC]  -  SA: 0.00000,  LA: 0.67583
[Test AUPRC]  -  LA: 0.74777
[Test F1-max]  -  LA: 0.79208
Epoch: 58 | Loss: 0.00010287476470693946  | Negative Loss: 0.0
[Test ROC-AUC]  -  SA: 0.00000,  LA: 0.67583
[Test AUPRC]  -  LA: 0.74701
[Test F1-max]  -  LA: 0.79208
Epoch: 59 | Loss: 9.906027844408527e-05  | Negative Loss: 0.0
[Test ROC-AUC]  -  SA: 0.00000,  LA: 0.67583
[Test AUPRC]  -  LA: 0.74701
[Test F1-max]  -  LA: 0.79208
Epoch: 60 | Loss: 9.596100426279008e-05  | Negative Loss: 0.0
[Test ROC-AUC]  -  SA: 0.00000,  LA: 0.67583
[Test AUPRC]  -  LA: 0.74701
[Test F1-max]  -  LA: 0.79208
Epoch: 61 | Loss: 9.298093209508806e-05  | Negative Loss: 0.0
[Test ROC-AUC]  -  SA: 0.00000,  LA: 0.67417
[Test AUPRC]  -  LA: 0.74533
[Test F1-max]  -  LA: 0.79208
Epoch: 62 | Loss: 9.035845869220793e-05  | Negative Loss: 0.0
[Test ROC-AUC]  -  SA: 0.00000,  LA: 0.67333
[Test AUPRC]  -  LA: 0.74497
[Test F1-max]  -  LA: 0.79208
Epoch: 63 | Loss: 8.77359852893278e-05  | Negative Loss: 0.0
[Test ROC-AUC]  -  SA: 0.00000,  LA: 0.67250
[Test AUPRC]  -  LA: 0.74490
[Test F1-max]  -  LA: 0.79208
Epoch: 64 | Loss: 8.559031994082034e-05  | Negative Loss: 0.0
[Test ROC-AUC]  -  SA: 0.00000,  LA: 0.67250
[Test AUPRC]  -  LA: 0.74490
[Test F1-max]  -  LA: 0.79208
Epoch: 65 | Loss: 8.344464731635526e-05  | Negative Loss: 0.0
[Test ROC-AUC]  -  SA: 0.00000,  LA: 0.67250
[Test AUPRC]  -  LA: 0.74490
[Test F1-max]  -  LA: 0.79208
Epoch: 66 | Loss: 8.177580457413569e-05  | Negative Loss: 0.0
[Test ROC-AUC]  -  SA: 0.00000,  LA: 0.67167
[Test AUPRC]  -  LA: 0.74435
[Test F1-max]  -  LA: 0.79208
Epoch: 67 | Loss: 7.998773799045011e-05  | Negative Loss: 0.0
[Test ROC-AUC]  -  SA: 0.00000,  LA: 0.67167
[Test AUPRC]  -  LA: 0.74435
[Test F1-max]  -  LA: 0.79208
Epoch: 68 | Loss: 7.831888069631532e-05  | Negative Loss: 0.0
[Test ROC-AUC]  -  SA: 0.00000,  LA: 0.67167
[Test AUPRC]  -  LA: 0.74435
[Test F1-max]  -  LA: 0.79208
Epoch: 69 | Loss: 7.688843470532447e-05  | Negative Loss: 0.0
[Test ROC-AUC]  -  SA: 0.00000,  LA: 0.67167
[Test AUPRC]  -  LA: 0.74435
[Test F1-max]  -  LA: 0.79208
Epoch: 70 | Loss: 7.533877214882523e-05  | Negative Loss: 0.0
[Test ROC-AUC]  -  SA: 0.00000,  LA: 0.67167
[Test AUPRC]  -  LA: 0.74435
[Test F1-max]  -  LA: 0.79208
Epoch: 71 | Loss: 7.426594675052911e-05  | Negative Loss: 0.0
[Test ROC-AUC]  -  SA: 0.00000,  LA: 0.67167
[Test AUPRC]  -  LA: 0.74435
[Test F1-max]  -  LA: 0.79208
Epoch: 72 | Loss: 7.307389751076698e-05  | Negative Loss: 0.0
[Test ROC-AUC]  -  SA: 0.00000,  LA: 0.67167
[Test AUPRC]  -  LA: 0.74435
[Test F1-max]  -  LA: 0.79208
Epoch: 73 | Loss: 7.212026685010642e-05  | Negative Loss: 0.0
[Test ROC-AUC]  -  SA: 0.00000,  LA: 0.67333
[Test AUPRC]  -  LA: 0.74507
[Test F1-max]  -  LA: 0.79208
Epoch: 74 | Loss: 7.080901559675112e-05  | Negative Loss: 0.0
[Test ROC-AUC]  -  SA: 0.00000,  LA: 0.67333
[Test AUPRC]  -  LA: 0.74507
[Test F1-max]  -  LA: 0.79208
Epoch: 75 | Loss: 6.985537766013294e-05  | Negative Loss: 0.0
[Test ROC-AUC]  -  SA: 0.00000,  LA: 0.67333
[Test AUPRC]  -  LA: 0.74507
[Test F1-max]  -  LA: 0.79208
Epoch: 76 | Loss: 6.902095628902316e-05  | Negative Loss: 0.0
[Test ROC-AUC]  -  SA: 0.00000,  LA: 0.67333
[Test AUPRC]  -  LA: 0.74507
[Test F1-max]  -  LA: 0.79208
Epoch: 77 | Loss: 6.806731107644737e-05  | Negative Loss: 0.0
[Test ROC-AUC]  -  SA: 0.00000,  LA: 0.67333
[Test AUPRC]  -  LA: 0.74507
[Test F1-max]  -  LA: 0.79208
Epoch: 78 | Loss: 6.711366586387157e-05  | Negative Loss: 0.0
[Test ROC-AUC]  -  SA: 0.00000,  LA: 0.67333
[Test AUPRC]  -  LA: 0.74507
[Test F1-max]  -  LA: 0.79208
Epoch: 79 | Loss: 6.639843923039734e-05  | Negative Loss: 0.0
[Test ROC-AUC]  -  SA: 0.00000,  LA: 0.67333
[Test AUPRC]  -  LA: 0.74507
[Test F1-max]  -  LA: 0.79208
Epoch: 80 | Loss: 6.556400330737233e-05  | Negative Loss: 0.0
[Test ROC-AUC]  -  SA: 0.00000,  LA: 0.67333
[Test AUPRC]  -  LA: 0.74507
[Test F1-max]  -  LA: 0.79208
Epoch: 81 | Loss: 6.472956738434732e-05  | Negative Loss: 0.0
[Test ROC-AUC]  -  SA: 0.00000,  LA: 0.67417
[Test AUPRC]  -  LA: 0.74536
[Test F1-max]  -  LA: 0.79208
Epoch: 82 | Loss: 6.425275205401704e-05  | Negative Loss: 0.0
[Test ROC-AUC]  -  SA: 0.00000,  LA: 0.67417
[Test AUPRC]  -  LA: 0.74536
[Test F1-max]  -  LA: 0.79208
Epoch: 83 | Loss: 6.341831613099203e-05  | Negative Loss: 0.0
[Test ROC-AUC]  -  SA: 0.00000,  LA: 0.67417
[Test AUPRC]  -  LA: 0.74536
[Test F1-max]  -  LA: 0.79208
Epoch: 84 | Loss: 6.270308222156018e-05  | Negative Loss: 0.0
[Test ROC-AUC]  -  SA: 0.00000,  LA: 0.67417
[Test AUPRC]  -  LA: 0.74536
[Test F1-max]  -  LA: 0.79208
Epoch: 85 | Loss: 6.21070503257215e-05  | Negative Loss: 0.0
[Test ROC-AUC]  -  SA: 0.00000,  LA: 0.67417
[Test AUPRC]  -  LA: 0.74536
[Test F1-max]  -  LA: 0.79208
Epoch: 86 | Loss: 6.151102570584044e-05  | Negative Loss: 0.0
[Test ROC-AUC]  -  SA: 0.00000,  LA: 0.67417
[Test AUPRC]  -  LA: 0.74536
[Test F1-max]  -  LA: 0.79208
Epoch: 87 | Loss: 6.07957954343874e-05  | Negative Loss: 0.0
[Test ROC-AUC]  -  SA: 0.00000,  LA: 0.67417
[Test AUPRC]  -  LA: 0.74536
[Test F1-max]  -  LA: 0.79208
Epoch: 88 | Loss: 6.031897646607831e-05  | Negative Loss: 0.0
[Test ROC-AUC]  -  SA: 0.00000,  LA: 0.67417
[Test AUPRC]  -  LA: 0.74536
[Test F1-max]  -  LA: 0.79208
Epoch: 89 | Loss: 5.972295184619725e-05  | Negative Loss: 0.0
[Test ROC-AUC]  -  SA: 0.00000,  LA: 0.67417
[Test AUPRC]  -  LA: 0.74536
[Test F1-max]  -  LA: 0.79208
Epoch: 90 | Loss: 5.924612923990935e-05  | Negative Loss: 0.0
[Test ROC-AUC]  -  SA: 0.00000,  LA: 0.67417
[Test AUPRC]  -  LA: 0.74536
[Test F1-max]  -  LA: 0.79208
Epoch: 91 | Loss: 5.85308916924987e-05  | Negative Loss: 0.0
[Test ROC-AUC]  -  SA: 0.00000,  LA: 0.67417
[Test AUPRC]  -  LA: 0.74536
[Test F1-max]  -  LA: 0.79208
Epoch: 92 | Loss: 5.793486343463883e-05  | Negative Loss: 0.0
[Test ROC-AUC]  -  SA: 0.00000,  LA: 0.67417
[Test AUPRC]  -  LA: 0.74536
[Test F1-max]  -  LA: 0.79208
Epoch: 93 | Loss: 5.757725011790171e-05  | Negative Loss: 0.0
[Test ROC-AUC]  -  SA: 0.00000,  LA: 0.67417
[Test AUPRC]  -  LA: 0.74536
[Test F1-max]  -  LA: 0.79208
Epoch: 94 | Loss: 5.698122549802065e-05  | Negative Loss: 0.0
[Test ROC-AUC]  -  SA: 0.00000,  LA: 0.67417
[Test AUPRC]  -  LA: 0.74536
[Test F1-max]  -  LA: 0.79208
Epoch: 95 | Loss: 5.6623612181283534e-05  | Negative Loss: 0.0
[Test ROC-AUC]  -  SA: 0.00000,  LA: 0.67417
[Test AUPRC]  -  LA: 0.74536
[Test F1-max]  -  LA: 0.79208
Epoch: 96 | Loss: 5.6027580285444856e-05  | Negative Loss: 0.0
[Test ROC-AUC]  -  SA: 0.00000,  LA: 0.67500
[Test AUPRC]  -  LA: 0.74571
[Test F1-max]  -  LA: 0.79208
Epoch: 97 | Loss: 5.555075767915696e-05  | Negative Loss: 0.0
[Test ROC-AUC]  -  SA: 0.00000,  LA: 0.67500
[Test AUPRC]  -  LA: 0.74571
[Test F1-max]  -  LA: 0.79208
Epoch: 98 | Loss: 5.507393507286906e-05  | Negative Loss: 0.0
[Test ROC-AUC]  -  SA: 0.00000,  LA: 0.67500
[Test AUPRC]  -  LA: 0.74571
[Test F1-max]  -  LA: 0.79208
Epoch: 99 | Loss: 5.4597112466581166e-05  | Negative Loss: 0.0
Time consumption: 102.06007885932922
Best LA AUC: 0.7341666666666666
Best LA AUPC: 0.7892832035319588
Best LA F1-max: 0.7959183673469388
[Result] Experiment result appended to ./results/train_hybrid_result.csv

[END] 2026-03-18 20:59:38
[RETURN CODE] 0
