[START] 2026-03-19 11:06:11
[GPU] 0
[TASK] 117/160
[NAME] red_splicing_winclip
[REPEAT] 7/10
[COMMAND] python train_hybrid.py --data_name red_splicing --mask True --text True --double_encoder True --few_shot True --shot 5 --hybrid_model winclip --hybrid_weight 0.3 --hybrid_batch_size 16 --epoch 100 --log True --lr 5e-4 --detection True --preprocess True

/home/seungeon/miniconda3/envs/LAB/lib/python3.10/site-packages/timm/models/layers/__init__.py:48: FutureWarning: Importing from timm.models.layers is deprecated, please import via timm.layers
  warnings.warn(f"Importing from {__name__} is deprecated, please import via timm.layers", FutureWarning)
/home/seungeon/Workspace/side/vlm/train_hybrid.py:18: DeprecationWarning: The distutils package is deprecated and slated for removal in Python 3.12. Use setuptools or check PEP 632 for potential alternatives
  from distutils.util import strtobool
Torch version: 2.9.1+cu128
cuda is loaded for process
here?
In my local computer
Namespace(epoch=100, gpu_number='0', data_name='red_splicing', lr=0.0005, batch_size=6, shuffle=True, seed=0, tag='default', model_name='ViT-B-32', pretrained_name='laion2b_s34b_b79k', lora=1, default=False, foundation='CLIP', detection=1, preprocess=1, num_rule=0, object_names=['a photo of orange connector', 'a photo of red cable', 'a photo of yellow cable', 'a photo of blue cable', 'a photo of metal panel'], objects_for_rules=[['a photo of orange connector'], ['a photo of orange connector'], ['a photo of red cable'], ['a photo of red cable'], ['a photo of orange connector'], ['a photo of orange connector', 'a photo of red cable']], texts_for_rules=[['a photo of orange connector'], ['a photo of orange connector'], ['a photo of red cable'], ['a photo of red cable'], ['a photo of orange connector'], ['a photo of orange connector and red cable']], mask=1, text=1, score='mean', ciriculam_learning=False, few_shot=1, shot=5, log=1, neg_loss=0, double_encoder=1, pretrained_count_path=None, ris=0, rule_select='', rule_list=[], num_negative=5, hybrid_model='winclip', hybrid_weight=0.3, hybrid_class_name='', hybrid_batch_size=16, hybrid_backbone='ViT-B-16-plus-240', hybrid_pretrained_dataset='laion400m_e32', hybrid_scales=[2, 3], hybrid_img_resize=240, hybrid_img_cropsize=240, hybrid_resolution=400, hybrid_promptad_epoch=100, hybrid_promptad_lr=0.002, hybrid_promptad_momentum=0.9, hybrid_promptad_weight_decay=0.0005, hybrid_promptad_eta_min=1e-05, hybrid_promptad_lambda1=0.001, hybrid_promptad_n_ctx=4, hybrid_promptad_n_pro=3, hybrid_promptad_n_ctx_ab=1, hybrid_promptad_n_pro_ab=4, early_stop_k=10, result_log_path='./results/train_hybrid_result.csv')
[Hybrid] method=winclip, class_name=splicing_connectors, train=5, eval=89, base_path=/data3/seungeon/data/image/mvtec_loco_anomaly_detection/red_splicing
grid 240 16 (15, 15)
[Hybrid-only] LA_AUC=0.66173, LA_AUPRC=0.54293, LA_F1=0.68750
[Data Description]
- Train: 5
- Test: 89

Train Start
[Test ROC-AUC]  -  SA: 0.00000,  LA: 0.69286
[Test AUPRC]  -  LA: 0.56428
[Test F1-max]  -  LA: 0.74468
Epoch: 0 | Loss: 17.027095794677734  | Negative Loss: 0.0
[Test ROC-AUC]  -  SA: 0.00000,  LA: 0.69388
[Test AUPRC]  -  LA: 0.58263
[Test F1-max]  -  LA: 0.73684
Epoch: 1 | Loss: 16.935029983520508  | Negative Loss: 0.0
[Test ROC-AUC]  -  SA: 0.00000,  LA: 0.69745
[Test AUPRC]  -  LA: 0.60863
[Test F1-max]  -  LA: 0.72165
Epoch: 2 | Loss: 15.972113609313965  | Negative Loss: 0.0
[Test ROC-AUC]  -  SA: 0.00000,  LA: 0.72143
[Test AUPRC]  -  LA: 0.65780
[Test F1-max]  -  LA: 0.71154
Epoch: 3 | Loss: 14.321442604064941  | Negative Loss: 0.0
[Test ROC-AUC]  -  SA: 0.00000,  LA: 0.73724
[Test AUPRC]  -  LA: 0.71068
[Test F1-max]  -  LA: 0.71845
Epoch: 4 | Loss: 12.112842559814453  | Negative Loss: 0.0
[Test ROC-AUC]  -  SA: 0.00000,  LA: 0.73367
[Test AUPRC]  -  LA: 0.70083
[Test F1-max]  -  LA: 0.69474
Epoch: 5 | Loss: 9.650433540344238  | Negative Loss: 0.0
[Test ROC-AUC]  -  SA: 0.00000,  LA: 0.73163
[Test AUPRC]  -  LA: 0.69652
[Test F1-max]  -  LA: 0.69159
Epoch: 6 | Loss: 7.438896179199219  | Negative Loss: 0.0
[Test ROC-AUC]  -  SA: 0.00000,  LA: 0.74439
[Test AUPRC]  -  LA: 0.70187
[Test F1-max]  -  LA: 0.70000
Epoch: 7 | Loss: 5.746611595153809  | Negative Loss: 0.0
[Test ROC-AUC]  -  SA: 0.00000,  LA: 0.74949
[Test AUPRC]  -  LA: 0.71071
[Test F1-max]  -  LA: 0.71287
Epoch: 8 | Loss: 4.433471202850342  | Negative Loss: 0.0
[Test ROC-AUC]  -  SA: 0.00000,  LA: 0.76071
[Test AUPRC]  -  LA: 0.72448
[Test F1-max]  -  LA: 0.72549
Epoch: 9 | Loss: 3.339291572570801  | Negative Loss: 0.0
[Test ROC-AUC]  -  SA: 0.00000,  LA: 0.76122
[Test AUPRC]  -  LA: 0.71913
[Test F1-max]  -  LA: 0.73267
Epoch: 10 | Loss: 2.4394054412841797  | Negative Loss: 0.0
[Test ROC-AUC]  -  SA: 0.00000,  LA: 0.76122
[Test AUPRC]  -  LA: 0.72477
[Test F1-max]  -  LA: 0.72549
Epoch: 11 | Loss: 1.7247555255889893  | Negative Loss: 0.0
[Test ROC-AUC]  -  SA: 0.00000,  LA: 0.76531
[Test AUPRC]  -  LA: 0.72834
[Test F1-max]  -  LA: 0.72549
Epoch: 12 | Loss: 1.1767187118530273  | Negative Loss: 0.0
[Test ROC-AUC]  -  SA: 0.00000,  LA: 0.77908
[Test AUPRC]  -  LA: 0.73805
[Test F1-max]  -  LA: 0.72897
Epoch: 13 | Loss: 0.7689043879508972  | Negative Loss: 0.0
[Test ROC-AUC]  -  SA: 0.00000,  LA: 0.79235
[Test AUPRC]  -  LA: 0.74489
[Test F1-max]  -  LA: 0.72897
Epoch: 14 | Loss: 0.4801962673664093  | Negative Loss: 0.0
[Test ROC-AUC]  -  SA: 0.00000,  LA: 0.79949
[Test AUPRC]  -  LA: 0.73529
[Test F1-max]  -  LA: 0.73469
Epoch: 15 | Loss: 0.28909918665885925  | Negative Loss: 0.0
[Test ROC-AUC]  -  SA: 0.00000,  LA: 0.80714
[Test AUPRC]  -  LA: 0.73917
[Test F1-max]  -  LA: 0.74725
Epoch: 16 | Loss: 0.16881191730499268  | Negative Loss: 0.0
[Test ROC-AUC]  -  SA: 0.00000,  LA: 0.80969
[Test AUPRC]  -  LA: 0.73604
[Test F1-max]  -  LA: 0.76596
Epoch: 17 | Loss: 0.09669362753629684  | Negative Loss: 0.0
[Test ROC-AUC]  -  SA: 0.00000,  LA: 0.81327
[Test AUPRC]  -  LA: 0.73611
[Test F1-max]  -  LA: 0.77419
Epoch: 18 | Loss: 0.0546041876077652  | Negative Loss: 0.0
[Test ROC-AUC]  -  SA: 0.00000,  LA: 0.81224
[Test AUPRC]  -  LA: 0.73722
[Test F1-max]  -  LA: 0.78261
Epoch: 19 | Loss: 0.030573135241866112  | Negative Loss: 0.0
[Test ROC-AUC]  -  SA: 0.00000,  LA: 0.80816
[Test AUPRC]  -  LA: 0.73416
[Test F1-max]  -  LA: 0.76596
Epoch: 20 | Loss: 0.017071310430765152  | Negative Loss: 0.0
[Test ROC-AUC]  -  SA: 0.00000,  LA: 0.80357
[Test AUPRC]  -  LA: 0.72641
[Test F1-max]  -  LA: 0.76596
Epoch: 21 | Loss: 0.00957831833511591  | Negative Loss: 0.0
[Test ROC-AUC]  -  SA: 0.00000,  LA: 0.79847
[Test AUPRC]  -  LA: 0.71666
[Test F1-max]  -  LA: 0.75862
Epoch: 22 | Loss: 0.0054428959265351295  | Negative Loss: 0.0
[Test ROC-AUC]  -  SA: 0.00000,  LA: 0.79439
[Test AUPRC]  -  LA: 0.70136
[Test F1-max]  -  LA: 0.76404
Epoch: 23 | Loss: 0.003139614826068282  | Negative Loss: 0.0
[Test ROC-AUC]  -  SA: 0.00000,  LA: 0.78469
[Test AUPRC]  -  LA: 0.68484
[Test F1-max]  -  LA: 0.75862
Epoch: 24 | Loss: 0.0018420987762510777  | Negative Loss: 0.0
[Test ROC-AUC]  -  SA: 0.00000,  LA: 0.78163
[Test AUPRC]  -  LA: 0.68391
[Test F1-max]  -  LA: 0.76744
Epoch: 25 | Loss: 0.0011007586726918817  | Negative Loss: 0.0
[Test ROC-AUC]  -  SA: 0.00000,  LA: 0.77653
[Test AUPRC]  -  LA: 0.67736
[Test F1-max]  -  LA: 0.76744
Epoch: 26 | Loss: 0.0006708090077154338  | Negative Loss: 0.0
[Test ROC-AUC]  -  SA: 0.00000,  LA: 0.77602
[Test AUPRC]  -  LA: 0.67931
[Test F1-max]  -  LA: 0.76744
Epoch: 27 | Loss: 0.0004179504176136106  | Negative Loss: 0.0
[Test ROC-AUC]  -  SA: 0.00000,  LA: 0.77500
[Test AUPRC]  -  LA: 0.67660
[Test F1-max]  -  LA: 0.76744
[Early Stopping] LA AUROC dropped for 10 consecutive epochs. Stop at epoch 29/100.
Time consumption: 31.637798070907593
Best LA AUC: 0.813265306122449
Best LA AUPC: 0.7448903789489509
Best LA F1-max: 0.7826086956521738
[Result] Experiment result appended to ./results/train_hybrid_result.csv

[END] 2026-03-19 11:08:52
[RETURN CODE] 0
