[START] 2026-03-19 09:29:38
[GPU] 0
[TASK] 11/160
[NAME] breakfast_winclip
[REPEAT] 1/10
[COMMAND] python train_hybrid.py --data_name breakfast --mask True --text True --double_encoder True --few_shot True --shot 1 --hybrid_model winclip --hybrid_weight 0.3 --hybrid_batch_size 16 --epoch 100 --log True --lr 5e-4 --detection True --preprocess True

/home/seungeon/miniconda3/envs/LAB/lib/python3.10/site-packages/timm/models/layers/__init__.py:48: FutureWarning: Importing from timm.models.layers is deprecated, please import via timm.layers
  warnings.warn(f"Importing from {__name__} is deprecated, please import via timm.layers", FutureWarning)
/home/seungeon/Workspace/side/vlm/train_hybrid.py:18: DeprecationWarning: The distutils package is deprecated and slated for removal in Python 3.12. Use setuptools or check PEP 632 for potential alternatives
  from distutils.util import strtobool
Torch version: 2.9.1+cu128
cuda is loaded for process
here?
In my local computer
Namespace(epoch=100, gpu_number='0', data_name='breakfast', lr=0.0005, batch_size=6, shuffle=True, seed=0, tag='default', model_name='ViT-B-32', pretrained_name='laion2b_s34b_b79k', lora=1, default=False, foundation='CLIP', detection=1, preprocess=1, num_rule=0, object_names=['a mandarin', 'a peach', 'an almonds', 'a banana chips', 'an oat cereal'], objects_for_rules=[['a mandarin'], ['a peach'], ['an oat cereal'], ['an almonds'], ['a banana chips'], ['an almonds', 'a banana chips', 'an oat cereal'], ['an almonds', 'a banana chips']], texts_for_rules=[['mandarins'], ['peach'], ['oat cereal'], ['almonds'], ['banana chips'], ['almonds, banana chips and oat cereal'], ['almonds and banana chips']], mask=1, text=1, score='mean', ciriculam_learning=False, few_shot=1, shot=1, log=1, neg_loss=0, double_encoder=1, pretrained_count_path=None, ris=0, rule_select='', rule_list=[], num_negative=5, hybrid_model='winclip', hybrid_weight=0.3, hybrid_class_name='', hybrid_batch_size=16, hybrid_backbone='ViT-B-16-plus-240', hybrid_pretrained_dataset='laion400m_e32', hybrid_scales=[2, 3], hybrid_img_resize=240, hybrid_img_cropsize=240, hybrid_resolution=400, hybrid_promptad_epoch=100, hybrid_promptad_lr=0.002, hybrid_promptad_momentum=0.9, hybrid_promptad_weight_decay=0.0005, hybrid_promptad_eta_min=1e-05, hybrid_promptad_lambda1=0.001, hybrid_promptad_n_ctx=4, hybrid_promptad_n_pro=3, hybrid_promptad_n_ctx_ab=1, hybrid_promptad_n_pro_ab=4, early_stop_k=10, result_log_path='./results/train_hybrid_result.csv')
[Hybrid] method=winclip, class_name=breakfast_box, train=1, eval=185, base_path=/data3/seungeon/data/image/mvtec_loco_anomaly_detection/breakfast_box
grid 240 16 (15, 15)
[Hybrid-only] LA_AUC=0.65143, LA_AUPRC=0.66824, LA_F1=0.76336
[Data Description]
- Train: 1
- Test: 185

Train Start
[Test ROC-AUC]  -  SA: 0.00000,  LA: 0.62166
[Test AUPRC]  -  LA: 0.63088
[Test F1-max]  -  LA: 0.75373
Epoch: 0 | Loss: 15.000493049621582  | Negative Loss: 0.0
[Test ROC-AUC]  -  SA: 0.00000,  LA: 0.62639
[Test AUPRC]  -  LA: 0.63452
[Test F1-max]  -  LA: 0.75373
Epoch: 1 | Loss: 14.886648178100586  | Negative Loss: 0.0
[Test ROC-AUC]  -  SA: 0.00000,  LA: 0.67139
[Test AUPRC]  -  LA: 0.67004
[Test F1-max]  -  LA: 0.77099
Epoch: 2 | Loss: 13.37271785736084  | Negative Loss: 0.0
[Test ROC-AUC]  -  SA: 0.00000,  LA: 0.73151
[Test AUPRC]  -  LA: 0.72803
[Test F1-max]  -  LA: 0.77395
Epoch: 3 | Loss: 11.024957656860352  | Negative Loss: 0.0
[Test ROC-AUC]  -  SA: 0.00000,  LA: 0.78798
[Test AUPRC]  -  LA: 0.77674
[Test F1-max]  -  LA: 0.80717
Epoch: 4 | Loss: 8.299760818481445  | Negative Loss: 0.0
[Test ROC-AUC]  -  SA: 0.00000,  LA: 0.82802
[Test AUPRC]  -  LA: 0.81434
[Test F1-max]  -  LA: 0.82609
Epoch: 5 | Loss: 5.857538223266602  | Negative Loss: 0.0
[Test ROC-AUC]  -  SA: 0.00000,  LA: 0.84975
[Test AUPRC]  -  LA: 0.84161
[Test F1-max]  -  LA: 0.84956
Epoch: 6 | Loss: 3.9537811279296875  | Negative Loss: 0.0
[Test ROC-AUC]  -  SA: 0.00000,  LA: 0.86121
[Test AUPRC]  -  LA: 0.85190
[Test F1-max]  -  LA: 0.85714
Epoch: 7 | Loss: 2.6497650146484375  | Negative Loss: 0.0
[Test ROC-AUC]  -  SA: 0.00000,  LA: 0.86641
[Test AUPRC]  -  LA: 0.85776
[Test F1-max]  -  LA: 0.86344
Epoch: 8 | Loss: 1.8375853300094604  | Negative Loss: 0.0
[Test ROC-AUC]  -  SA: 0.00000,  LA: 0.86936
[Test AUPRC]  -  LA: 0.86015
[Test F1-max]  -  LA: 0.86580
Epoch: 9 | Loss: 1.353337287902832  | Negative Loss: 0.0
[Test ROC-AUC]  -  SA: 0.00000,  LA: 0.86960
[Test AUPRC]  -  LA: 0.85855
[Test F1-max]  -  LA: 0.86344
Epoch: 10 | Loss: 1.0387592315673828  | Negative Loss: 0.0
[Test ROC-AUC]  -  SA: 0.00000,  LA: 0.86723
[Test AUPRC]  -  LA: 0.85210
[Test F1-max]  -  LA: 0.86364
Epoch: 11 | Loss: 0.8240838050842285  | Negative Loss: 0.0
[Test ROC-AUC]  -  SA: 0.00000,  LA: 0.86523
[Test AUPRC]  -  LA: 0.84623
[Test F1-max]  -  LA: 0.85973
Epoch: 12 | Loss: 0.6679059863090515  | Negative Loss: 0.0
[Test ROC-AUC]  -  SA: 0.00000,  LA: 0.86617
[Test AUPRC]  -  LA: 0.84348
[Test F1-max]  -  LA: 0.86385
Epoch: 13 | Loss: 0.5487473607063293  | Negative Loss: 0.0
[Test ROC-AUC]  -  SA: 0.00000,  LA: 0.86960
[Test AUPRC]  -  LA: 0.84668
[Test F1-max]  -  LA: 0.87619
Epoch: 14 | Loss: 0.4545404314994812  | Negative Loss: 0.0
[Test ROC-AUC]  -  SA: 0.00000,  LA: 0.86936
[Test AUPRC]  -  LA: 0.84218
[Test F1-max]  -  LA: 0.87081
Epoch: 15 | Loss: 0.37565645575523376  | Negative Loss: 0.0
[Test ROC-AUC]  -  SA: 0.00000,  LA: 0.86723
[Test AUPRC]  -  LA: 0.83773
[Test F1-max]  -  LA: 0.86256
Epoch: 16 | Loss: 0.30896052718162537  | Negative Loss: 0.0
[Test ROC-AUC]  -  SA: 0.00000,  LA: 0.86475
[Test AUPRC]  -  LA: 0.83667
[Test F1-max]  -  LA: 0.85581
Epoch: 17 | Loss: 0.25135159492492676  | Negative Loss: 0.0
[Test ROC-AUC]  -  SA: 0.00000,  LA: 0.86251
[Test AUPRC]  -  LA: 0.83864
[Test F1-max]  -  LA: 0.85714
Epoch: 18 | Loss: 0.2023419290781021  | Negative Loss: 0.0
[Test ROC-AUC]  -  SA: 0.00000,  LA: 0.86097
[Test AUPRC]  -  LA: 0.83805
[Test F1-max]  -  LA: 0.85590
Epoch: 19 | Loss: 0.16081254184246063  | Negative Loss: 0.0
[Test ROC-AUC]  -  SA: 0.00000,  LA: 0.85637
[Test AUPRC]  -  LA: 0.83247
[Test F1-max]  -  LA: 0.85345
Epoch: 20 | Loss: 0.12640400230884552  | Negative Loss: 0.0
[Test ROC-AUC]  -  SA: 0.00000,  LA: 0.85141
[Test AUPRC]  -  LA: 0.82860
[Test F1-max]  -  LA: 0.85217
Epoch: 21 | Loss: 0.09831905364990234  | Negative Loss: 0.0
[Test ROC-AUC]  -  SA: 0.00000,  LA: 0.84893
[Test AUPRC]  -  LA: 0.82567
[Test F1-max]  -  LA: 0.85088
Epoch: 22 | Loss: 0.07589345425367355  | Negative Loss: 0.0
[Test ROC-AUC]  -  SA: 0.00000,  LA: 0.84373
[Test AUPRC]  -  LA: 0.82232
[Test F1-max]  -  LA: 0.84615
Epoch: 23 | Loss: 0.05828569456934929  | Negative Loss: 0.0
[Test ROC-AUC]  -  SA: 0.00000,  LA: 0.83936
[Test AUPRC]  -  LA: 0.81914
[Test F1-max]  -  LA: 0.84545
[Early Stopping] LA AUROC dropped for 10 consecutive epochs. Stop at epoch 25/100.
Time consumption: 45.413392782211304
Best LA AUC: 0.8695960311835578
Best LA AUPC: 0.8601466513310193
Best LA F1-max: 0.8761904761904761
[Result] Experiment result appended to ./results/train_hybrid_result.csv

[END] 2026-03-19 09:33:53
[RETURN CODE] 0
