[START] 2026-03-19 11:16:07
[GPU] 0
[TASK] 129/160
[NAME] yellow_splicing_promptad
[REPEAT] 9/10
[COMMAND] python train_hybrid.py --data_name yellow_splicing --mask True --text True --double_encoder True --few_shot True --shot 1 --hybrid_model promptad --hybrid_weight 0.3 --hybrid_batch_size 16 --epoch 100 --log True --lr 5e-4 --detection True --preprocess True

/home/seungeon/miniconda3/envs/LAB/lib/python3.10/site-packages/timm/models/layers/__init__.py:48: FutureWarning: Importing from timm.models.layers is deprecated, please import via timm.layers
  warnings.warn(f"Importing from {__name__} is deprecated, please import via timm.layers", FutureWarning)
/home/seungeon/Workspace/side/vlm/train_hybrid.py:18: DeprecationWarning: The distutils package is deprecated and slated for removal in Python 3.12. Use setuptools or check PEP 632 for potential alternatives
  from distutils.util import strtobool
Torch version: 2.9.1+cu128
cuda is loaded for process
here?
In my local computer
Namespace(epoch=100, gpu_number='0', data_name='yellow_splicing', lr=0.0005, batch_size=6, shuffle=True, seed=0, tag='default', model_name='ViT-B-32', pretrained_name='laion2b_s34b_b79k', lora=1, default=False, foundation='CLIP', detection=1, preprocess=1, num_rule=0, object_names=['a photo of orange connector', 'a photo of yellow cable', 'a photo of red cable', 'a photo of blue cable', 'a photo of metal panel'], objects_for_rules=[['a photo of orange connector'], ['a photo of orange connector'], ['a photo of yellow cable'], ['a photo of yellow cable'], ['a photo of orange connector'], ['a photo of orange connector', 'a photo of yellow cable']], texts_for_rules=[['a photo of orange connector'], ['a photo of orange connector'], ['a photo of yellow cable'], ['a photo of yellow cable'], ['a photo of orange connector'], ['a photo of orange connector and yellow cable']], mask=1, text=1, score='mean', ciriculam_learning=False, few_shot=1, shot=1, log=1, neg_loss=0, double_encoder=1, pretrained_count_path=None, ris=0, rule_select='', rule_list=[], num_negative=5, hybrid_model='promptad', hybrid_weight=0.3, hybrid_class_name='', hybrid_batch_size=16, hybrid_backbone='ViT-B-16-plus-240', hybrid_pretrained_dataset='laion400m_e32', hybrid_scales=[2, 3], hybrid_img_resize=240, hybrid_img_cropsize=240, hybrid_resolution=400, hybrid_promptad_epoch=100, hybrid_promptad_lr=0.002, hybrid_promptad_momentum=0.9, hybrid_promptad_weight_decay=0.0005, hybrid_promptad_eta_min=1e-05, hybrid_promptad_lambda1=0.001, hybrid_promptad_n_ctx=4, hybrid_promptad_n_pro=3, hybrid_promptad_n_ctx_ab=1, hybrid_promptad_n_pro_ab=4, early_stop_k=10, result_log_path='./results/train_hybrid_result.csv')
[Hybrid] method=promptad, class_name=splicing_connectors, train=1, eval=68, base_path=/data3/seungeon/data/image/mvtec_loco_anomaly_detection/yellow_splicing
[Hybrid-only] LA_AUC=0.70292, LA_AUPRC=0.76473, LA_F1=0.76596
[Data Description]
- Train: 1
- Test: 68

Train Start
[Test ROC-AUC]  -  SA: 0.00000,  LA: 0.49514
[Test AUPRC]  -  LA: 0.56974
[Test F1-max]  -  LA: 0.73469
Epoch: 0 | Loss: 14.71174430847168  | Negative Loss: 0.0
[Test ROC-AUC]  -  SA: 0.00000,  LA: 0.49602
[Test AUPRC]  -  LA: 0.57060
[Test F1-max]  -  LA: 0.73469
Epoch: 1 | Loss: 14.623552322387695  | Negative Loss: 0.0
[Test ROC-AUC]  -  SA: 0.00000,  LA: 0.52608
[Test AUPRC]  -  LA: 0.59975
[Test F1-max]  -  LA: 0.74747
Epoch: 2 | Loss: 13.577520370483398  | Negative Loss: 0.0
[Test ROC-AUC]  -  SA: 0.00000,  LA: 0.54642
[Test AUPRC]  -  LA: 0.60963
[Test F1-max]  -  LA: 0.75248
Epoch: 3 | Loss: 11.975225448608398  | Negative Loss: 0.0
[Test ROC-AUC]  -  SA: 0.00000,  LA: 0.56057
[Test AUPRC]  -  LA: 0.58610
[Test F1-max]  -  LA: 0.75000
Epoch: 4 | Loss: 10.042040824890137  | Negative Loss: 0.0
[Test ROC-AUC]  -  SA: 0.00000,  LA: 0.58002
[Test AUPRC]  -  LA: 0.61047
[Test F1-max]  -  LA: 0.75728
Epoch: 5 | Loss: 8.086812973022461  | Negative Loss: 0.0
[Test ROC-AUC]  -  SA: 0.00000,  LA: 0.58090
[Test AUPRC]  -  LA: 0.62277
[Test F1-max]  -  LA: 0.75000
Epoch: 6 | Loss: 6.289869785308838  | Negative Loss: 0.0
[Test ROC-AUC]  -  SA: 0.00000,  LA: 0.57648
[Test AUPRC]  -  LA: 0.62635
[Test F1-max]  -  LA: 0.74510
Epoch: 7 | Loss: 4.841977119445801  | Negative Loss: 0.0
[Test ROC-AUC]  -  SA: 0.00000,  LA: 0.57737
[Test AUPRC]  -  LA: 0.63046
[Test F1-max]  -  LA: 0.74510
Epoch: 8 | Loss: 3.73132586479187  | Negative Loss: 0.0
[Test ROC-AUC]  -  SA: 0.00000,  LA: 0.57294
[Test AUPRC]  -  LA: 0.62310
[Test F1-max]  -  LA: 0.74510
Epoch: 9 | Loss: 2.8977222442626953  | Negative Loss: 0.0
[Test ROC-AUC]  -  SA: 0.00000,  LA: 0.57737
[Test AUPRC]  -  LA: 0.66001
[Test F1-max]  -  LA: 0.74510
Epoch: 10 | Loss: 2.2231812477111816  | Negative Loss: 0.0
[Test ROC-AUC]  -  SA: 0.00000,  LA: 0.58090
[Test AUPRC]  -  LA: 0.63250
[Test F1-max]  -  LA: 0.76000
Epoch: 11 | Loss: 1.6623084545135498  | Negative Loss: 0.0
[Test ROC-AUC]  -  SA: 0.00000,  LA: 0.58974
[Test AUPRC]  -  LA: 0.64586
[Test F1-max]  -  LA: 0.76768
Epoch: 12 | Loss: 1.209813117980957  | Negative Loss: 0.0
[Test ROC-AUC]  -  SA: 0.00000,  LA: 0.58179
[Test AUPRC]  -  LA: 0.63957
[Test F1-max]  -  LA: 0.76768
Epoch: 13 | Loss: 0.8573134541511536  | Negative Loss: 0.0
[Test ROC-AUC]  -  SA: 0.00000,  LA: 0.58444
[Test AUPRC]  -  LA: 0.63871
[Test F1-max]  -  LA: 0.76768
Epoch: 14 | Loss: 0.5873880386352539  | Negative Loss: 0.0
[Test ROC-AUC]  -  SA: 0.00000,  LA: 0.59063
[Test AUPRC]  -  LA: 0.64550
[Test F1-max]  -  LA: 0.76768
Epoch: 15 | Loss: 0.3925645351409912  | Negative Loss: 0.0
[Test ROC-AUC]  -  SA: 0.00000,  LA: 0.58974
[Test AUPRC]  -  LA: 0.64125
[Test F1-max]  -  LA: 0.76768
Epoch: 16 | Loss: 0.2573389708995819  | Negative Loss: 0.0
[Test ROC-AUC]  -  SA: 0.00000,  LA: 0.59416
[Test AUPRC]  -  LA: 0.64371
[Test F1-max]  -  LA: 0.76768
Epoch: 17 | Loss: 0.16623958945274353  | Negative Loss: 0.0
[Test ROC-AUC]  -  SA: 0.00000,  LA: 0.59328
[Test AUPRC]  -  LA: 0.64076
[Test F1-max]  -  LA: 0.76768
Epoch: 18 | Loss: 0.1071765273809433  | Negative Loss: 0.0
[Test ROC-AUC]  -  SA: 0.00000,  LA: 0.58621
[Test AUPRC]  -  LA: 0.63465
[Test F1-max]  -  LA: 0.76000
Epoch: 19 | Loss: 0.0685972049832344  | Negative Loss: 0.0
[Test ROC-AUC]  -  SA: 0.00000,  LA: 0.58974
[Test AUPRC]  -  LA: 0.63698
[Test F1-max]  -  LA: 0.76000
Epoch: 20 | Loss: 0.043784014880657196  | Negative Loss: 0.0
[Test ROC-AUC]  -  SA: 0.00000,  LA: 0.59505
[Test AUPRC]  -  LA: 0.63898
[Test F1-max]  -  LA: 0.76000
Epoch: 21 | Loss: 0.027948688715696335  | Negative Loss: 0.0
[Test ROC-AUC]  -  SA: 0.00000,  LA: 0.59682
[Test AUPRC]  -  LA: 0.63539
[Test F1-max]  -  LA: 0.76000
Epoch: 22 | Loss: 0.017972305417060852  | Negative Loss: 0.0
[Test ROC-AUC]  -  SA: 0.00000,  LA: 0.59947
[Test AUPRC]  -  LA: 0.63849
[Test F1-max]  -  LA: 0.76000
Epoch: 23 | Loss: 0.01164427399635315  | Negative Loss: 0.0
[Test ROC-AUC]  -  SA: 0.00000,  LA: 0.60212
[Test AUPRC]  -  LA: 0.63805
[Test F1-max]  -  LA: 0.76000
Epoch: 24 | Loss: 0.007625764701515436  | Negative Loss: 0.0
[Test ROC-AUC]  -  SA: 0.00000,  LA: 0.60301
[Test AUPRC]  -  LA: 0.63789
[Test F1-max]  -  LA: 0.76768
Epoch: 25 | Loss: 0.005055159330368042  | Negative Loss: 0.0
[Test ROC-AUC]  -  SA: 0.00000,  LA: 0.60831
[Test AUPRC]  -  LA: 0.64058
[Test F1-max]  -  LA: 0.76768
Epoch: 26 | Loss: 0.003396578598767519  | Negative Loss: 0.0
[Test ROC-AUC]  -  SA: 0.00000,  LA: 0.60920
[Test AUPRC]  -  LA: 0.64125
[Test F1-max]  -  LA: 0.76768
Epoch: 27 | Loss: 0.0023198286071419716  | Negative Loss: 0.0
[Test ROC-AUC]  -  SA: 0.00000,  LA: 0.60920
[Test AUPRC]  -  LA: 0.64178
[Test F1-max]  -  LA: 0.76768
Epoch: 28 | Loss: 0.0016104908427223563  | Negative Loss: 0.0
[Test ROC-AUC]  -  SA: 0.00000,  LA: 0.60920
[Test AUPRC]  -  LA: 0.64253
[Test F1-max]  -  LA: 0.76768
Epoch: 29 | Loss: 0.0011373620945960283  | Negative Loss: 0.0
[Test ROC-AUC]  -  SA: 0.00000,  LA: 0.61362
[Test AUPRC]  -  LA: 0.64513
[Test F1-max]  -  LA: 0.76768
Epoch: 30 | Loss: 0.0008169876527972519  | Negative Loss: 0.0
[Test ROC-AUC]  -  SA: 0.00000,  LA: 0.61627
[Test AUPRC]  -  LA: 0.64469
[Test F1-max]  -  LA: 0.76471
Epoch: 31 | Loss: 0.0005973740480840206  | Negative Loss: 0.0
[Test ROC-AUC]  -  SA: 0.00000,  LA: 0.61538
[Test AUPRC]  -  LA: 0.64331
[Test F1-max]  -  LA: 0.76471
Epoch: 32 | Loss: 0.00044507021084427834  | Negative Loss: 0.0
[Test ROC-AUC]  -  SA: 0.00000,  LA: 0.61450
[Test AUPRC]  -  LA: 0.64122
[Test F1-max]  -  LA: 0.76471
Epoch: 33 | Loss: 0.0003372100763954222  | Negative Loss: 0.0
[Test ROC-AUC]  -  SA: 0.00000,  LA: 0.61538
[Test AUPRC]  -  LA: 0.63820
[Test F1-max]  -  LA: 0.77083
Epoch: 34 | Loss: 0.00026009499561041594  | Negative Loss: 0.0
[Test ROC-AUC]  -  SA: 0.00000,  LA: 0.61627
[Test AUPRC]  -  LA: 0.63781
[Test F1-max]  -  LA: 0.77083
Epoch: 35 | Loss: 0.00020371656864881516  | Negative Loss: 0.0
[Test ROC-AUC]  -  SA: 0.00000,  LA: 0.61804
[Test AUPRC]  -  LA: 0.63640
[Test F1-max]  -  LA: 0.77895
Epoch: 36 | Loss: 0.00016223613056354225  | Negative Loss: 0.0
[Test ROC-AUC]  -  SA: 0.00000,  LA: 0.61804
[Test AUPRC]  -  LA: 0.63707
[Test F1-max]  -  LA: 0.77895
Epoch: 37 | Loss: 0.00013112516899127513  | Negative Loss: 0.0
[Test ROC-AUC]  -  SA: 0.00000,  LA: 0.61804
[Test AUPRC]  -  LA: 0.63727
[Test F1-max]  -  LA: 0.77895
Epoch: 38 | Loss: 0.00010752337402664125  | Negative Loss: 0.0
[Test ROC-AUC]  -  SA: 0.00000,  LA: 0.61892
[Test AUPRC]  -  LA: 0.63744
[Test F1-max]  -  LA: 0.77895
Epoch: 39 | Loss: 8.940460975281894e-05  | Negative Loss: 0.0
[Test ROC-AUC]  -  SA: 0.00000,  LA: 0.61892
[Test AUPRC]  -  LA: 0.63744
[Test F1-max]  -  LA: 0.77895
Epoch: 40 | Loss: 7.52193882362917e-05  | Negative Loss: 0.0
[Test ROC-AUC]  -  SA: 0.00000,  LA: 0.62069
[Test AUPRC]  -  LA: 0.63849
[Test F1-max]  -  LA: 0.77895
Epoch: 41 | Loss: 6.413337541744113e-05  | Negative Loss: 0.0
[Test ROC-AUC]  -  SA: 0.00000,  LA: 0.62157
[Test AUPRC]  -  LA: 0.63979
[Test F1-max]  -  LA: 0.77895
Epoch: 42 | Loss: 5.531220085686073e-05  | Negative Loss: 0.0
[Test ROC-AUC]  -  SA: 0.00000,  LA: 0.62069
[Test AUPRC]  -  LA: 0.63890
[Test F1-max]  -  LA: 0.77895
Epoch: 43 | Loss: 4.8398273065686226e-05  | Negative Loss: 0.0
[Test ROC-AUC]  -  SA: 0.00000,  LA: 0.62246
[Test AUPRC]  -  LA: 0.63956
[Test F1-max]  -  LA: 0.77895
Epoch: 44 | Loss: 4.2437968659214675e-05  | Negative Loss: 0.0
[Test ROC-AUC]  -  SA: 0.00000,  LA: 0.62157
[Test AUPRC]  -  LA: 0.63865
[Test F1-max]  -  LA: 0.77895
Epoch: 45 | Loss: 3.766970621654764e-05  | Negative Loss: 0.0
[Test ROC-AUC]  -  SA: 0.00000,  LA: 0.62246
[Test AUPRC]  -  LA: 0.63937
[Test F1-max]  -  LA: 0.77895
Epoch: 46 | Loss: 3.38550926244352e-05  | Negative Loss: 0.0
[Test ROC-AUC]  -  SA: 0.00000,  LA: 0.62069
[Test AUPRC]  -  LA: 0.63611
[Test F1-max]  -  LA: 0.77895
Epoch: 47 | Loss: 3.063650365220383e-05  | Negative Loss: 0.0
[Test ROC-AUC]  -  SA: 0.00000,  LA: 0.62069
[Test AUPRC]  -  LA: 0.63579
[Test F1-max]  -  LA: 0.77895
Epoch: 48 | Loss: 2.8013946575811133e-05  | Negative Loss: 0.0
[Test ROC-AUC]  -  SA: 0.00000,  LA: 0.62246
[Test AUPRC]  -  LA: 0.63694
[Test F1-max]  -  LA: 0.77895
Epoch: 49 | Loss: 2.5749004635144956e-05  | Negative Loss: 0.0
[Test ROC-AUC]  -  SA: 0.00000,  LA: 0.62157
[Test AUPRC]  -  LA: 0.63618
[Test F1-max]  -  LA: 0.77895
Epoch: 50 | Loss: 2.3722475816612132e-05  | Negative Loss: 0.0
[Test ROC-AUC]  -  SA: 0.00000,  LA: 0.62334
[Test AUPRC]  -  LA: 0.63697
[Test F1-max]  -  LA: 0.77895
Epoch: 51 | Loss: 2.193436012021266e-05  | Negative Loss: 0.0
[Test ROC-AUC]  -  SA: 0.00000,  LA: 0.62423
[Test AUPRC]  -  LA: 0.63678
[Test F1-max]  -  LA: 0.77895
Epoch: 52 | Loss: 2.0623077944037504e-05  | Negative Loss: 0.0
[Test ROC-AUC]  -  SA: 0.00000,  LA: 0.62334
[Test AUPRC]  -  LA: 0.63491
[Test F1-max]  -  LA: 0.77895
Epoch: 53 | Loss: 1.9430997781455517e-05  | Negative Loss: 0.0
[Test ROC-AUC]  -  SA: 0.00000,  LA: 0.62423
[Test AUPRC]  -  LA: 0.63590
[Test F1-max]  -  LA: 0.77895
Epoch: 54 | Loss: 1.835812690842431e-05  | Negative Loss: 0.0
[Test ROC-AUC]  -  SA: 0.00000,  LA: 0.62423
[Test AUPRC]  -  LA: 0.63590
[Test F1-max]  -  LA: 0.77895
Epoch: 55 | Loss: 1.72852542164037e-05  | Negative Loss: 0.0
[Test ROC-AUC]  -  SA: 0.00000,  LA: 0.62511
[Test AUPRC]  -  LA: 0.65513
[Test F1-max]  -  LA: 0.77895
Epoch: 56 | Loss: 1.6570005755056627e-05  | Negative Loss: 0.0
[Test ROC-AUC]  -  SA: 0.00000,  LA: 0.62423
[Test AUPRC]  -  LA: 0.65473
[Test F1-max]  -  LA: 0.77895
Epoch: 57 | Loss: 1.5854757293709554e-05  | Negative Loss: 0.0
[Test ROC-AUC]  -  SA: 0.00000,  LA: 0.62511
[Test AUPRC]  -  LA: 0.65517
[Test F1-max]  -  LA: 0.77895
Epoch: 58 | Loss: 1.5139507922867779e-05  | Negative Loss: 0.0
[Test ROC-AUC]  -  SA: 0.00000,  LA: 0.62511
[Test AUPRC]  -  LA: 0.65564
[Test F1-max]  -  LA: 0.77895
Epoch: 59 | Loss: 1.4543466932082083e-05  | Negative Loss: 0.0
[Test ROC-AUC]  -  SA: 0.00000,  LA: 0.62511
[Test AUPRC]  -  LA: 0.65564
[Test F1-max]  -  LA: 0.77895
Epoch: 60 | Loss: 1.4066634321352467e-05  | Negative Loss: 0.0
[Test ROC-AUC]  -  SA: 0.00000,  LA: 0.62599
[Test AUPRC]  -  LA: 0.65612
[Test F1-max]  -  LA: 0.77895
Epoch: 61 | Loss: 1.370901009067893e-05  | Negative Loss: 0.0
[Test ROC-AUC]  -  SA: 0.00000,  LA: 0.62511
[Test AUPRC]  -  LA: 0.65529
[Test F1-max]  -  LA: 0.77895
Epoch: 62 | Loss: 1.3351384950510692e-05  | Negative Loss: 0.0
[Test ROC-AUC]  -  SA: 0.00000,  LA: 0.62511
[Test AUPRC]  -  LA: 0.65559
[Test F1-max]  -  LA: 0.77895
Epoch: 63 | Loss: 1.2874551430286374e-05  | Negative Loss: 0.0
[Test ROC-AUC]  -  SA: 0.00000,  LA: 0.62423
[Test AUPRC]  -  LA: 0.65507
[Test F1-max]  -  LA: 0.77895
Epoch: 64 | Loss: 1.2636135579668917e-05  | Negative Loss: 0.0
[Test ROC-AUC]  -  SA: 0.00000,  LA: 0.62423
[Test AUPRC]  -  LA: 0.65507
[Test F1-max]  -  LA: 0.77895
Epoch: 65 | Loss: 1.2159300240455195e-05  | Negative Loss: 0.0
[Test ROC-AUC]  -  SA: 0.00000,  LA: 0.62423
[Test AUPRC]  -  LA: 0.65501
[Test F1-max]  -  LA: 0.77895
Epoch: 66 | Loss: 1.192088529933244e-05  | Negative Loss: 0.0
[Test ROC-AUC]  -  SA: 0.00000,  LA: 0.62511
[Test AUPRC]  -  LA: 0.65576
[Test F1-max]  -  LA: 0.77895
Epoch: 67 | Loss: 1.168246762972558e-05  | Negative Loss: 0.0
[Test ROC-AUC]  -  SA: 0.00000,  LA: 0.62511
[Test AUPRC]  -  LA: 0.65576
[Test F1-max]  -  LA: 0.77895
Epoch: 68 | Loss: 1.144405086961342e-05  | Negative Loss: 0.0
[Test ROC-AUC]  -  SA: 0.00000,  LA: 0.62511
[Test AUPRC]  -  LA: 0.65576
[Test F1-max]  -  LA: 0.77895
Epoch: 69 | Loss: 1.120563320000656e-05  | Negative Loss: 0.0
[Test ROC-AUC]  -  SA: 0.00000,  LA: 0.62599
[Test AUPRC]  -  LA: 0.65608
[Test F1-max]  -  LA: 0.77895
Epoch: 70 | Loss: 1.0967217349389102e-05  | Negative Loss: 0.0
[Test ROC-AUC]  -  SA: 0.00000,  LA: 0.62599
[Test AUPRC]  -  LA: 0.65608
[Test F1-max]  -  LA: 0.77895
Epoch: 71 | Loss: 1.0728799679782242e-05  | Negative Loss: 0.0
[Test ROC-AUC]  -  SA: 0.00000,  LA: 0.62511
[Test AUPRC]  -  LA: 0.65569
[Test F1-max]  -  LA: 0.77895
Epoch: 72 | Loss: 1.0609591299726162e-05  | Negative Loss: 0.0
[Test ROC-AUC]  -  SA: 0.00000,  LA: 0.62511
[Test AUPRC]  -  LA: 0.65569
[Test F1-max]  -  LA: 0.77895
Epoch: 73 | Loss: 1.0371173630119301e-05  | Negative Loss: 0.0
[Test ROC-AUC]  -  SA: 0.00000,  LA: 0.62511
[Test AUPRC]  -  LA: 0.65569
[Test F1-max]  -  LA: 0.77895
Epoch: 74 | Loss: 1.0251965250063222e-05  | Negative Loss: 0.0
[Test ROC-AUC]  -  SA: 0.00000,  LA: 0.62511
[Test AUPRC]  -  LA: 0.65569
[Test F1-max]  -  LA: 0.77895
Epoch: 75 | Loss: 1.0132756870007142e-05  | Negative Loss: 0.0
[Test ROC-AUC]  -  SA: 0.00000,  LA: 0.62511
[Test AUPRC]  -  LA: 0.65569
[Test F1-max]  -  LA: 0.77895
Epoch: 76 | Loss: 1.0013548489951063e-05  | Negative Loss: 0.0
[Test ROC-AUC]  -  SA: 0.00000,  LA: 0.62599
[Test AUPRC]  -  LA: 0.65613
[Test F1-max]  -  LA: 0.77895
Epoch: 77 | Loss: 9.775130820344202e-06  | Negative Loss: 0.0
[Test ROC-AUC]  -  SA: 0.00000,  LA: 0.62599
[Test AUPRC]  -  LA: 0.65613
[Test F1-max]  -  LA: 0.77895
Epoch: 78 | Loss: 9.775130820344202e-06  | Negative Loss: 0.0
[Test ROC-AUC]  -  SA: 0.00000,  LA: 0.62511
[Test AUPRC]  -  LA: 0.65250
[Test F1-max]  -  LA: 0.77895
Epoch: 79 | Loss: 9.655923349782825e-06  | Negative Loss: 0.0
[Test ROC-AUC]  -  SA: 0.00000,  LA: 0.62511
[Test AUPRC]  -  LA: 0.65250
[Test F1-max]  -  LA: 0.77895
Epoch: 80 | Loss: 9.536714060232043e-06  | Negative Loss: 0.0
[Test ROC-AUC]  -  SA: 0.00000,  LA: 0.62511
[Test AUPRC]  -  LA: 0.65250
[Test F1-max]  -  LA: 0.77895
Epoch: 81 | Loss: 9.417506589670666e-06  | Negative Loss: 0.0
[Test ROC-AUC]  -  SA: 0.00000,  LA: 0.62423
[Test AUPRC]  -  LA: 0.65175
[Test F1-max]  -  LA: 0.77895
Epoch: 82 | Loss: 9.417506589670666e-06  | Negative Loss: 0.0
[Test ROC-AUC]  -  SA: 0.00000,  LA: 0.62423
[Test AUPRC]  -  LA: 0.65175
[Test F1-max]  -  LA: 0.77895
Epoch: 83 | Loss: 9.179088920063805e-06  | Negative Loss: 0.0
[Test ROC-AUC]  -  SA: 0.00000,  LA: 0.62423
[Test AUPRC]  -  LA: 0.65175
[Test F1-max]  -  LA: 0.77895
Epoch: 84 | Loss: 9.059880540007725e-06  | Negative Loss: 0.0
[Test ROC-AUC]  -  SA: 0.00000,  LA: 0.62334
[Test AUPRC]  -  LA: 0.65122
[Test F1-max]  -  LA: 0.77895
Epoch: 85 | Loss: 9.059880540007725e-06  | Negative Loss: 0.0
[Test ROC-AUC]  -  SA: 0.00000,  LA: 0.62246
[Test AUPRC]  -  LA: 0.65064
[Test F1-max]  -  LA: 0.77895
Epoch: 86 | Loss: 8.940671250456944e-06  | Negative Loss: 0.0
[Test ROC-AUC]  -  SA: 0.00000,  LA: 0.62334
[Test AUPRC]  -  LA: 0.65139
[Test F1-max]  -  LA: 0.77895
Epoch: 87 | Loss: 8.940671250456944e-06  | Negative Loss: 0.0
[Test ROC-AUC]  -  SA: 0.00000,  LA: 0.62334
[Test AUPRC]  -  LA: 0.65139
[Test F1-max]  -  LA: 0.77895
Epoch: 88 | Loss: 8.821462870400865e-06  | Negative Loss: 0.0
[Test ROC-AUC]  -  SA: 0.00000,  LA: 0.62423
[Test AUPRC]  -  LA: 0.65178
[Test F1-max]  -  LA: 0.77895
Epoch: 89 | Loss: 8.821462870400865e-06  | Negative Loss: 0.0
[Test ROC-AUC]  -  SA: 0.00000,  LA: 0.62423
[Test AUPRC]  -  LA: 0.65178
[Test F1-max]  -  LA: 0.77895
Epoch: 90 | Loss: 8.702254490344785e-06  | Negative Loss: 0.0
[Test ROC-AUC]  -  SA: 0.00000,  LA: 0.62423
[Test AUPRC]  -  LA: 0.65178
[Test F1-max]  -  LA: 0.77895
Epoch: 91 | Loss: 8.583045200794004e-06  | Negative Loss: 0.0
[Test ROC-AUC]  -  SA: 0.00000,  LA: 0.62511
[Test AUPRC]  -  LA: 0.65213
[Test F1-max]  -  LA: 0.77895
Epoch: 92 | Loss: 8.463836820737924e-06  | Negative Loss: 0.0
[Test ROC-AUC]  -  SA: 0.00000,  LA: 0.62511
[Test AUPRC]  -  LA: 0.65213
[Test F1-max]  -  LA: 0.77895
Epoch: 93 | Loss: 8.463836820737924e-06  | Negative Loss: 0.0
[Test ROC-AUC]  -  SA: 0.00000,  LA: 0.62511
[Test AUPRC]  -  LA: 0.65213
[Test F1-max]  -  LA: 0.77895
Epoch: 94 | Loss: 8.344628440681845e-06  | Negative Loss: 0.0
[Test ROC-AUC]  -  SA: 0.00000,  LA: 0.62599
[Test AUPRC]  -  LA: 0.65254
[Test F1-max]  -  LA: 0.77895
Epoch: 95 | Loss: 8.344628440681845e-06  | Negative Loss: 0.0
[Test ROC-AUC]  -  SA: 0.00000,  LA: 0.62599
[Test AUPRC]  -  LA: 0.65254
[Test F1-max]  -  LA: 0.77895
Epoch: 96 | Loss: 8.225420060625765e-06  | Negative Loss: 0.0
[Test ROC-AUC]  -  SA: 0.00000,  LA: 0.62511
[Test AUPRC]  -  LA: 0.65213
[Test F1-max]  -  LA: 0.77895
Epoch: 97 | Loss: 8.225420060625765e-06  | Negative Loss: 0.0
[Test ROC-AUC]  -  SA: 0.00000,  LA: 0.62511
[Test AUPRC]  -  LA: 0.65213
[Test F1-max]  -  LA: 0.77895
Epoch: 98 | Loss: 8.106211680569686e-06  | Negative Loss: 0.0
[Test ROC-AUC]  -  SA: 0.00000,  LA: 0.62599
[Test AUPRC]  -  LA: 0.65245
[Test F1-max]  -  LA: 0.77895
Epoch: 99 | Loss: 8.106211680569686e-06  | Negative Loss: 0.0
Time consumption: 95.62207055091858
Best LA AUC: 0.6259946949602122
Best LA AUPC: 0.6600052521618422
Best LA F1-max: 0.7789473684210526
[Result] Experiment result appended to ./results/train_hybrid_result.csv

[END] 2026-03-19 11:19:08
[RETURN CODE] 0
