[START] 2026-03-19 09:38:04
[GPU] 0
[TASK] 18/160
[NAME] breakfast_winclip
[REPEAT] 8/10
[COMMAND] python train_hybrid.py --data_name breakfast --mask True --text True --double_encoder True --few_shot True --shot 1 --hybrid_model winclip --hybrid_weight 0.3 --hybrid_batch_size 16 --epoch 100 --log True --lr 5e-4 --detection True --preprocess True

/home/seungeon/miniconda3/envs/LAB/lib/python3.10/site-packages/timm/models/layers/__init__.py:48: FutureWarning: Importing from timm.models.layers is deprecated, please import via timm.layers
  warnings.warn(f"Importing from {__name__} is deprecated, please import via timm.layers", FutureWarning)
/home/seungeon/Workspace/side/vlm/train_hybrid.py:18: DeprecationWarning: The distutils package is deprecated and slated for removal in Python 3.12. Use setuptools or check PEP 632 for potential alternatives
  from distutils.util import strtobool
Torch version: 2.9.1+cu128
cuda is loaded for process
here?
In my local computer
Namespace(epoch=100, gpu_number='0', data_name='breakfast', lr=0.0005, batch_size=6, shuffle=True, seed=0, tag='default', model_name='ViT-B-32', pretrained_name='laion2b_s34b_b79k', lora=1, default=False, foundation='CLIP', detection=1, preprocess=1, num_rule=0, object_names=['a mandarin', 'a peach', 'an almonds', 'a banana chips', 'an oat cereal'], objects_for_rules=[['a mandarin'], ['a peach'], ['an oat cereal'], ['an almonds'], ['a banana chips'], ['an almonds', 'a banana chips', 'an oat cereal'], ['an almonds', 'a banana chips']], texts_for_rules=[['mandarins'], ['peach'], ['oat cereal'], ['almonds'], ['banana chips'], ['almonds, banana chips and oat cereal'], ['almonds and banana chips']], mask=1, text=1, score='mean', ciriculam_learning=False, few_shot=1, shot=1, log=1, neg_loss=0, double_encoder=1, pretrained_count_path=None, ris=0, rule_select='', rule_list=[], num_negative=5, hybrid_model='winclip', hybrid_weight=0.3, hybrid_class_name='', hybrid_batch_size=16, hybrid_backbone='ViT-B-16-plus-240', hybrid_pretrained_dataset='laion400m_e32', hybrid_scales=[2, 3], hybrid_img_resize=240, hybrid_img_cropsize=240, hybrid_resolution=400, hybrid_promptad_epoch=100, hybrid_promptad_lr=0.002, hybrid_promptad_momentum=0.9, hybrid_promptad_weight_decay=0.0005, hybrid_promptad_eta_min=1e-05, hybrid_promptad_lambda1=0.001, hybrid_promptad_n_ctx=4, hybrid_promptad_n_pro=3, hybrid_promptad_n_ctx_ab=1, hybrid_promptad_n_pro_ab=4, early_stop_k=10, result_log_path='./results/train_hybrid_result.csv')
[Hybrid] method=winclip, class_name=breakfast_box, train=1, eval=185, base_path=/data3/seungeon/data/image/mvtec_loco_anomaly_detection/breakfast_box
grid 240 16 (15, 15)
[Hybrid-only] LA_AUC=0.66879, LA_AUPRC=0.65665, LA_F1=0.76190
[Data Description]
- Train: 1
- Test: 185

Train Start
[Test ROC-AUC]  -  SA: 0.00000,  LA: 0.56910
[Test AUPRC]  -  LA: 0.58114
[Test F1-max]  -  LA: 0.73408
Epoch: 0 | Loss: 15.174553871154785  | Negative Loss: 0.0
[Test ROC-AUC]  -  SA: 0.00000,  LA: 0.57288
[Test AUPRC]  -  LA: 0.58425
[Test F1-max]  -  LA: 0.73408
Epoch: 1 | Loss: 15.030130386352539  | Negative Loss: 0.0
[Test ROC-AUC]  -  SA: 0.00000,  LA: 0.61528
[Test AUPRC]  -  LA: 0.61082
[Test F1-max]  -  LA: 0.75194
Epoch: 2 | Loss: 13.402012825012207  | Negative Loss: 0.0
[Test ROC-AUC]  -  SA: 0.00000,  LA: 0.67234
[Test AUPRC]  -  LA: 0.64728
[Test F1-max]  -  LA: 0.77519
Epoch: 3 | Loss: 10.920536041259766  | Negative Loss: 0.0
[Test ROC-AUC]  -  SA: 0.00000,  LA: 0.73541
[Test AUPRC]  -  LA: 0.70673
[Test F1-max]  -  LA: 0.81124
Epoch: 4 | Loss: 8.16208553314209  | Negative Loss: 0.0
[Test ROC-AUC]  -  SA: 0.00000,  LA: 0.78821
[Test AUPRC]  -  LA: 0.77819
[Test F1-max]  -  LA: 0.82906
Epoch: 5 | Loss: 5.819424629211426  | Negative Loss: 0.0
[Test ROC-AUC]  -  SA: 0.00000,  LA: 0.82329
[Test AUPRC]  -  LA: 0.83465
[Test F1-max]  -  LA: 0.83051
Epoch: 6 | Loss: 4.123520851135254  | Negative Loss: 0.0
[Test ROC-AUC]  -  SA: 0.00000,  LA: 0.83829
[Test AUPRC]  -  LA: 0.85387
[Test F1-max]  -  LA: 0.83117
Epoch: 7 | Loss: 2.9611032009124756  | Negative Loss: 0.0
[Test ROC-AUC]  -  SA: 0.00000,  LA: 0.84538
[Test AUPRC]  -  LA: 0.86302
[Test F1-max]  -  LA: 0.83333
Epoch: 8 | Loss: 2.2026655673980713  | Negative Loss: 0.0
[Test ROC-AUC]  -  SA: 0.00000,  LA: 0.85011
[Test AUPRC]  -  LA: 0.86813
[Test F1-max]  -  LA: 0.82609
Epoch: 9 | Loss: 1.701329231262207  | Negative Loss: 0.0
[Test ROC-AUC]  -  SA: 0.00000,  LA: 0.85164
[Test AUPRC]  -  LA: 0.87002
[Test F1-max]  -  LA: 0.82609
Epoch: 10 | Loss: 1.339362382888794  | Negative Loss: 0.0
[Test ROC-AUC]  -  SA: 0.00000,  LA: 0.85672
[Test AUPRC]  -  LA: 0.87592
[Test F1-max]  -  LA: 0.83117
Epoch: 11 | Loss: 1.0694304704666138  | Negative Loss: 0.0
[Test ROC-AUC]  -  SA: 0.00000,  LA: 0.86357
[Test AUPRC]  -  LA: 0.88099
[Test F1-max]  -  LA: 0.82969
Epoch: 12 | Loss: 0.859564483165741  | Negative Loss: 0.0
[Test ROC-AUC]  -  SA: 0.00000,  LA: 0.86652
[Test AUPRC]  -  LA: 0.88285
[Test F1-max]  -  LA: 0.82969
Epoch: 13 | Loss: 0.6956226825714111  | Negative Loss: 0.0
[Test ROC-AUC]  -  SA: 0.00000,  LA: 0.87019
[Test AUPRC]  -  LA: 0.88539
[Test F1-max]  -  LA: 0.82883
Epoch: 14 | Loss: 0.5707283616065979  | Negative Loss: 0.0
[Test ROC-AUC]  -  SA: 0.00000,  LA: 0.87385
[Test AUPRC]  -  LA: 0.88823
[Test F1-max]  -  LA: 0.83117
Epoch: 15 | Loss: 0.4701411724090576  | Negative Loss: 0.0
[Test ROC-AUC]  -  SA: 0.00000,  LA: 0.87574
[Test AUPRC]  -  LA: 0.89023
[Test F1-max]  -  LA: 0.83761
Epoch: 16 | Loss: 0.3854065537452698  | Negative Loss: 0.0
[Test ROC-AUC]  -  SA: 0.00000,  LA: 0.87586
[Test AUPRC]  -  LA: 0.88946
[Test F1-max]  -  LA: 0.83262
Epoch: 17 | Loss: 0.3143403232097626  | Negative Loss: 0.0
[Test ROC-AUC]  -  SA: 0.00000,  LA: 0.87668
[Test AUPRC]  -  LA: 0.89105
[Test F1-max]  -  LA: 0.83621
Epoch: 18 | Loss: 0.25449296832084656  | Negative Loss: 0.0
[Test ROC-AUC]  -  SA: 0.00000,  LA: 0.87385
[Test AUPRC]  -  LA: 0.88921
[Test F1-max]  -  LA: 0.83983
Epoch: 19 | Loss: 0.2041640430688858  | Negative Loss: 0.0
[Test ROC-AUC]  -  SA: 0.00000,  LA: 0.87219
[Test AUPRC]  -  LA: 0.88833
[Test F1-max]  -  LA: 0.83700
Epoch: 20 | Loss: 0.16215293109416962  | Negative Loss: 0.0
[Test ROC-AUC]  -  SA: 0.00000,  LA: 0.86830
[Test AUPRC]  -  LA: 0.88484
[Test F1-max]  -  LA: 0.83333
Epoch: 21 | Loss: 0.12751589715480804  | Negative Loss: 0.0
[Test ROC-AUC]  -  SA: 0.00000,  LA: 0.86393
[Test AUPRC]  -  LA: 0.88181
[Test F1-max]  -  LA: 0.83117
Epoch: 22 | Loss: 0.09956581145524979  | Negative Loss: 0.0
[Test ROC-AUC]  -  SA: 0.00000,  LA: 0.85855
[Test AUPRC]  -  LA: 0.87768
[Test F1-max]  -  LA: 0.82301
Epoch: 23 | Loss: 0.07726892083883286  | Negative Loss: 0.0
[Test ROC-AUC]  -  SA: 0.00000,  LA: 0.85377
[Test AUPRC]  -  LA: 0.87316
[Test F1-max]  -  LA: 0.82301
Epoch: 24 | Loss: 0.059606313705444336  | Negative Loss: 0.0
[Test ROC-AUC]  -  SA: 0.00000,  LA: 0.84893
[Test AUPRC]  -  LA: 0.86708
[Test F1-max]  -  LA: 0.82301
Epoch: 25 | Loss: 0.04580555856227875  | Negative Loss: 0.0
[Test ROC-AUC]  -  SA: 0.00000,  LA: 0.84373
[Test AUPRC]  -  LA: 0.86109
[Test F1-max]  -  LA: 0.81702
Epoch: 26 | Loss: 0.03520749509334564  | Negative Loss: 0.0
[Test ROC-AUC]  -  SA: 0.00000,  LA: 0.83888
[Test AUPRC]  -  LA: 0.85621
[Test F1-max]  -  LA: 0.81513
Epoch: 27 | Loss: 0.02713354490697384  | Negative Loss: 0.0
[Test ROC-AUC]  -  SA: 0.00000,  LA: 0.83575
[Test AUPRC]  -  LA: 0.85208
[Test F1-max]  -  LA: 0.81513
[Early Stopping] LA AUROC dropped for 10 consecutive epochs. Stop at epoch 29/100.
Time consumption: 52.445985078811646
Best LA AUC: 0.8766832034018427
Best LA AUPC: 0.8910462993359283
Best LA F1-max: 0.8398268398268398
[Result] Experiment result appended to ./results/train_hybrid_result.csv

[END] 2026-03-19 09:42:15
[RETURN CODE] 0
