[START] 2026-03-19 10:03:53
[GPU] 0
[TASK] 44/160
[NAME] blue_splicing_promptad
[REPEAT] 4/10
[COMMAND] python train_hybrid.py --data_name blue_splicing --mask True --text True --double_encoder True --few_shot True --shot 1 --hybrid_model promptad --hybrid_weight 0.3 --hybrid_batch_size 16 --epoch 100 --log True --lr 5e-4 --detection True --preprocess True

/home/seungeon/miniconda3/envs/LAB/lib/python3.10/site-packages/timm/models/layers/__init__.py:48: FutureWarning: Importing from timm.models.layers is deprecated, please import via timm.layers
  warnings.warn(f"Importing from {__name__} is deprecated, please import via timm.layers", FutureWarning)
/home/seungeon/Workspace/side/vlm/train_hybrid.py:18: DeprecationWarning: The distutils package is deprecated and slated for removal in Python 3.12. Use setuptools or check PEP 632 for potential alternatives
  from distutils.util import strtobool
Torch version: 2.9.1+cu128
cuda is loaded for process
here?
In my local computer
Namespace(epoch=100, gpu_number='0', data_name='blue_splicing', lr=0.0005, batch_size=6, shuffle=True, seed=0, tag='default', model_name='ViT-B-32', pretrained_name='laion2b_s34b_b79k', lora=1, default=False, foundation='CLIP', detection=1, preprocess=1, num_rule=0, object_names=['a photo of orange connector', 'a photo of blue cable', 'a photo of yellow cable', 'a photo of red cable', 'a photo of metal panel'], objects_for_rules=[['a photo of orange connector'], ['a photo of orange connector'], ['a photo of blue cable'], ['a photo of blue cable'], ['a photo of orange connector'], ['a photo of orange connector', 'a photo of blue cable']], texts_for_rules=[['a photo of orange connector'], ['a photo of orange connector'], ['a photo of cable'], ['a photo of yellow cable'], ['a photo of blue cable'], ['a photo of orange connector and blue cable']], mask=1, text=1, score='mean', ciriculam_learning=False, few_shot=1, shot=1, log=1, neg_loss=0, double_encoder=1, pretrained_count_path=None, ris=0, rule_select='', rule_list=[], num_negative=5, hybrid_model='promptad', hybrid_weight=0.3, hybrid_class_name='', hybrid_batch_size=16, hybrid_backbone='ViT-B-16-plus-240', hybrid_pretrained_dataset='laion400m_e32', hybrid_scales=[2, 3], hybrid_img_resize=240, hybrid_img_cropsize=240, hybrid_resolution=400, hybrid_promptad_epoch=100, hybrid_promptad_lr=0.002, hybrid_promptad_momentum=0.9, hybrid_promptad_weight_decay=0.0005, hybrid_promptad_eta_min=1e-05, hybrid_promptad_lambda1=0.001, hybrid_promptad_n_ctx=4, hybrid_promptad_n_pro=3, hybrid_promptad_n_ctx_ab=1, hybrid_promptad_n_pro_ab=4, early_stop_k=10, result_log_path='./results/train_hybrid_result.csv')
[Hybrid] method=promptad, class_name=splicing_connectors, train=1, eval=70, base_path=/data3/seungeon/data/image/mvtec_loco_anomaly_detection/blue_splicing
[Hybrid-only] LA_AUC=0.75625, LA_AUPRC=0.74873, LA_F1=0.81319
[Data Description]
- Train: 1
- Test: 70

Train Start
[Test ROC-AUC]  -  SA: 0.00000,  LA: 0.61250
[Test AUPRC]  -  LA: 0.61612
[Test F1-max]  -  LA: 0.74747
Epoch: 0 | Loss: 18.983896255493164  | Negative Loss: 0.0
[Test ROC-AUC]  -  SA: 0.00000,  LA: 0.61583
[Test AUPRC]  -  LA: 0.61727
[Test F1-max]  -  LA: 0.74747
Epoch: 1 | Loss: 18.839794158935547  | Negative Loss: 0.0
[Test ROC-AUC]  -  SA: 0.00000,  LA: 0.64167
[Test AUPRC]  -  LA: 0.62861
[Test F1-max]  -  LA: 0.77551
Epoch: 2 | Loss: 17.281253814697266  | Negative Loss: 0.0
[Test ROC-AUC]  -  SA: 0.00000,  LA: 0.66417
[Test AUPRC]  -  LA: 0.64549
[Test F1-max]  -  LA: 0.79208
Epoch: 3 | Loss: 14.79207992553711  | Negative Loss: 0.0
[Test ROC-AUC]  -  SA: 0.00000,  LA: 0.68500
[Test AUPRC]  -  LA: 0.69472
[Test F1-max]  -  LA: 0.77670
Epoch: 4 | Loss: 11.78376579284668  | Negative Loss: 0.0
[Test ROC-AUC]  -  SA: 0.00000,  LA: 0.70833
[Test AUPRC]  -  LA: 0.74651
[Test F1-max]  -  LA: 0.79208
Epoch: 5 | Loss: 8.861550331115723  | Negative Loss: 0.0
[Test ROC-AUC]  -  SA: 0.00000,  LA: 0.71917
[Test AUPRC]  -  LA: 0.76773
[Test F1-max]  -  LA: 0.78431
Epoch: 6 | Loss: 6.483336925506592  | Negative Loss: 0.0
[Test ROC-AUC]  -  SA: 0.00000,  LA: 0.72750
[Test AUPRC]  -  LA: 0.78517
[Test F1-max]  -  LA: 0.77551
Epoch: 7 | Loss: 4.71967887878418  | Negative Loss: 0.0
[Test ROC-AUC]  -  SA: 0.00000,  LA: 0.73167
[Test AUPRC]  -  LA: 0.79841
[Test F1-max]  -  LA: 0.76923
Epoch: 8 | Loss: 3.3900599479675293  | Negative Loss: 0.0
[Test ROC-AUC]  -  SA: 0.00000,  LA: 0.73917
[Test AUPRC]  -  LA: 0.80755
[Test F1-max]  -  LA: 0.76923
Epoch: 9 | Loss: 2.445568799972534  | Negative Loss: 0.0
[Test ROC-AUC]  -  SA: 0.00000,  LA: 0.73417
[Test AUPRC]  -  LA: 0.80245
[Test F1-max]  -  LA: 0.77228
Epoch: 10 | Loss: 1.770850658416748  | Negative Loss: 0.0
[Test ROC-AUC]  -  SA: 0.00000,  LA: 0.74083
[Test AUPRC]  -  LA: 0.80677
[Test F1-max]  -  LA: 0.77228
Epoch: 11 | Loss: 1.2789702415466309  | Negative Loss: 0.0
[Test ROC-AUC]  -  SA: 0.00000,  LA: 0.74167
[Test AUPRC]  -  LA: 0.80442
[Test F1-max]  -  LA: 0.77670
Epoch: 12 | Loss: 0.910698413848877  | Negative Loss: 0.0
[Test ROC-AUC]  -  SA: 0.00000,  LA: 0.74000
[Test AUPRC]  -  LA: 0.80249
[Test F1-max]  -  LA: 0.77670
Epoch: 13 | Loss: 0.634256899356842  | Negative Loss: 0.0
[Test ROC-AUC]  -  SA: 0.00000,  LA: 0.73750
[Test AUPRC]  -  LA: 0.79750
[Test F1-max]  -  LA: 0.78000
Epoch: 14 | Loss: 0.432201623916626  | Negative Loss: 0.0
[Test ROC-AUC]  -  SA: 0.00000,  LA: 0.73667
[Test AUPRC]  -  LA: 0.79282
[Test F1-max]  -  LA: 0.78000
Epoch: 15 | Loss: 0.2893069386482239  | Negative Loss: 0.0
[Test ROC-AUC]  -  SA: 0.00000,  LA: 0.73417
[Test AUPRC]  -  LA: 0.78903
[Test F1-max]  -  LA: 0.78000
Epoch: 16 | Loss: 0.1906883865594864  | Negative Loss: 0.0
[Test ROC-AUC]  -  SA: 0.00000,  LA: 0.73333
[Test AUPRC]  -  LA: 0.78738
[Test F1-max]  -  LA: 0.78000
Epoch: 17 | Loss: 0.12371479719877243  | Negative Loss: 0.0
[Test ROC-AUC]  -  SA: 0.00000,  LA: 0.73333
[Test AUPRC]  -  LA: 0.78700
[Test F1-max]  -  LA: 0.78431
Epoch: 18 | Loss: 0.07995439320802689  | Negative Loss: 0.0
[Test ROC-AUC]  -  SA: 0.00000,  LA: 0.73500
[Test AUPRC]  -  LA: 0.78674
[Test F1-max]  -  LA: 0.78431
Epoch: 19 | Loss: 0.051867078989744186  | Negative Loss: 0.0
[Test ROC-AUC]  -  SA: 0.00000,  LA: 0.73667
[Test AUPRC]  -  LA: 0.78603
[Test F1-max]  -  LA: 0.78788
Epoch: 20 | Loss: 0.033750489354133606  | Negative Loss: 0.0
[Test ROC-AUC]  -  SA: 0.00000,  LA: 0.73500
[Test AUPRC]  -  LA: 0.78442
[Test F1-max]  -  LA: 0.78788
Epoch: 21 | Loss: 0.022136250510811806  | Negative Loss: 0.0
[Test ROC-AUC]  -  SA: 0.00000,  LA: 0.73500
[Test AUPRC]  -  LA: 0.78249
[Test F1-max]  -  LA: 0.78431
Epoch: 22 | Loss: 0.014637215062975883  | Negative Loss: 0.0
[Test ROC-AUC]  -  SA: 0.00000,  LA: 0.73417
[Test AUPRC]  -  LA: 0.77934
[Test F1-max]  -  LA: 0.78431
Epoch: 23 | Loss: 0.009770899079740047  | Negative Loss: 0.0
[Test ROC-AUC]  -  SA: 0.00000,  LA: 0.73333
[Test AUPRC]  -  LA: 0.77844
[Test F1-max]  -  LA: 0.78431
Epoch: 24 | Loss: 0.006601785775274038  | Negative Loss: 0.0
[Test ROC-AUC]  -  SA: 0.00000,  LA: 0.73500
[Test AUPRC]  -  LA: 0.77471
[Test F1-max]  -  LA: 0.79208
Epoch: 25 | Loss: 0.0045273518189787865  | Negative Loss: 0.0
[Test ROC-AUC]  -  SA: 0.00000,  LA: 0.73583
[Test AUPRC]  -  LA: 0.77416
[Test F1-max]  -  LA: 0.79208
Epoch: 26 | Loss: 0.00315668317489326  | Negative Loss: 0.0
[Test ROC-AUC]  -  SA: 0.00000,  LA: 0.73583
[Test AUPRC]  -  LA: 0.77356
[Test F1-max]  -  LA: 0.79208
Epoch: 27 | Loss: 0.002239581663161516  | Negative Loss: 0.0
[Test ROC-AUC]  -  SA: 0.00000,  LA: 0.73583
[Test AUPRC]  -  LA: 0.77335
[Test F1-max]  -  LA: 0.79208
Epoch: 28 | Loss: 0.001616920460946858  | Negative Loss: 0.0
[Test ROC-AUC]  -  SA: 0.00000,  LA: 0.73583
[Test AUPRC]  -  LA: 0.77407
[Test F1-max]  -  LA: 0.79208
Epoch: 29 | Loss: 0.0011895995121449232  | Negative Loss: 0.0
[Test ROC-AUC]  -  SA: 0.00000,  LA: 0.73583
[Test AUPRC]  -  LA: 0.77407
[Test F1-max]  -  LA: 0.79208
Epoch: 30 | Loss: 0.000889758113771677  | Negative Loss: 0.0
[Test ROC-AUC]  -  SA: 0.00000,  LA: 0.73667
[Test AUPRC]  -  LA: 0.77399
[Test F1-max]  -  LA: 0.79208
Epoch: 31 | Loss: 0.0006771995685994625  | Negative Loss: 0.0
[Test ROC-AUC]  -  SA: 0.00000,  LA: 0.73917
[Test AUPRC]  -  LA: 0.77658
[Test F1-max]  -  LA: 0.79208
Epoch: 32 | Loss: 0.0005246720975264907  | Negative Loss: 0.0
[Test ROC-AUC]  -  SA: 0.00000,  LA: 0.74083
[Test AUPRC]  -  LA: 0.77769
[Test F1-max]  -  LA: 0.79208
Epoch: 33 | Loss: 0.0004134837363380939  | Negative Loss: 0.0
[Test ROC-AUC]  -  SA: 0.00000,  LA: 0.74083
[Test AUPRC]  -  LA: 0.77769
[Test F1-max]  -  LA: 0.79208
Epoch: 34 | Loss: 0.00033136821002699435  | Negative Loss: 0.0
[Test ROC-AUC]  -  SA: 0.00000,  LA: 0.74167
[Test AUPRC]  -  LA: 0.77658
[Test F1-max]  -  LA: 0.79208
Epoch: 35 | Loss: 0.0002696295268833637  | Negative Loss: 0.0
[Test ROC-AUC]  -  SA: 0.00000,  LA: 0.74333
[Test AUPRC]  -  LA: 0.77724
[Test F1-max]  -  LA: 0.79208
Epoch: 36 | Loss: 0.00022266831365413964  | Negative Loss: 0.0
[Test ROC-AUC]  -  SA: 0.00000,  LA: 0.74417
[Test AUPRC]  -  LA: 0.77425
[Test F1-max]  -  LA: 0.79208
Epoch: 37 | Loss: 0.00018631404964253306  | Negative Loss: 0.0
[Test ROC-AUC]  -  SA: 0.00000,  LA: 0.74333
[Test AUPRC]  -  LA: 0.77128
[Test F1-max]  -  LA: 0.79208
Epoch: 38 | Loss: 0.00015818361134734005  | Negative Loss: 0.0
[Test ROC-AUC]  -  SA: 0.00000,  LA: 0.74333
[Test AUPRC]  -  LA: 0.77128
[Test F1-max]  -  LA: 0.79208
Epoch: 39 | Loss: 0.00013589342415798455  | Negative Loss: 0.0
[Test ROC-AUC]  -  SA: 0.00000,  LA: 0.74417
[Test AUPRC]  -  LA: 0.77159
[Test F1-max]  -  LA: 0.79208
Epoch: 40 | Loss: 0.00011801336222561076  | Negative Loss: 0.0
[Test ROC-AUC]  -  SA: 0.00000,  LA: 0.74417
[Test AUPRC]  -  LA: 0.77159
[Test F1-max]  -  LA: 0.79208
Epoch: 41 | Loss: 0.00010382836626376957  | Negative Loss: 0.0
[Test ROC-AUC]  -  SA: 0.00000,  LA: 0.74417
[Test AUPRC]  -  LA: 0.76901
[Test F1-max]  -  LA: 0.79208
Epoch: 42 | Loss: 9.226572001352906e-05  | Negative Loss: 0.0
[Test ROC-AUC]  -  SA: 0.00000,  LA: 0.74500
[Test AUPRC]  -  LA: 0.76979
[Test F1-max]  -  LA: 0.79208
Epoch: 43 | Loss: 8.249103848356754e-05  | Negative Loss: 0.0
[Test ROC-AUC]  -  SA: 0.00000,  LA: 0.74667
[Test AUPRC]  -  LA: 0.77129
[Test F1-max]  -  LA: 0.79208
Epoch: 44 | Loss: 7.438515604007989e-05  | Negative Loss: 0.0
[Test ROC-AUC]  -  SA: 0.00000,  LA: 0.74667
[Test AUPRC]  -  LA: 0.77129
[Test F1-max]  -  LA: 0.79208
Epoch: 45 | Loss: 6.782889977330342e-05  | Negative Loss: 0.0
[Test ROC-AUC]  -  SA: 0.00000,  LA: 0.74667
[Test AUPRC]  -  LA: 0.77129
[Test F1-max]  -  LA: 0.79208
Epoch: 46 | Loss: 6.234546890482306e-05  | Negative Loss: 0.0
[Test ROC-AUC]  -  SA: 0.00000,  LA: 0.74667
[Test AUPRC]  -  LA: 0.76981
[Test F1-max]  -  LA: 0.79208
Epoch: 47 | Loss: 5.757725011790171e-05  | Negative Loss: 0.0
[Test ROC-AUC]  -  SA: 0.00000,  LA: 0.74750
[Test AUPRC]  -  LA: 0.77169
[Test F1-max]  -  LA: 0.79208
Epoch: 48 | Loss: 5.340504867490381e-05  | Negative Loss: 0.0
[Test ROC-AUC]  -  SA: 0.00000,  LA: 0.74750
[Test AUPRC]  -  LA: 0.77169
[Test F1-max]  -  LA: 0.79208
Epoch: 49 | Loss: 5.006727951695211e-05  | Negative Loss: 0.0
[Test ROC-AUC]  -  SA: 0.00000,  LA: 0.74750
[Test AUPRC]  -  LA: 0.77169
[Test F1-max]  -  LA: 0.79208
Epoch: 50 | Loss: 4.6967918024165556e-05  | Negative Loss: 0.0
[Test ROC-AUC]  -  SA: 0.00000,  LA: 0.74833
[Test AUPRC]  -  LA: 0.77201
[Test F1-max]  -  LA: 0.79208
Epoch: 51 | Loss: 4.434537186170928e-05  | Negative Loss: 0.0
[Test ROC-AUC]  -  SA: 0.00000,  LA: 0.74833
[Test AUPRC]  -  LA: 0.77201
[Test F1-max]  -  LA: 0.79208
Epoch: 52 | Loss: 4.219965558149852e-05  | Negative Loss: 0.0
[Test ROC-AUC]  -  SA: 0.00000,  LA: 0.74833
[Test AUPRC]  -  LA: 0.77201
[Test F1-max]  -  LA: 0.79208
Epoch: 53 | Loss: 4.0173137676902115e-05  | Negative Loss: 0.0
[Test ROC-AUC]  -  SA: 0.00000,  LA: 0.74833
[Test AUPRC]  -  LA: 0.77201
[Test F1-max]  -  LA: 0.79208
Epoch: 54 | Loss: 3.8265825423877686e-05  | Negative Loss: 0.0
[Test ROC-AUC]  -  SA: 0.00000,  LA: 0.74833
[Test AUPRC]  -  LA: 0.77201
[Test F1-max]  -  LA: 0.79208
Epoch: 55 | Loss: 3.6716137401526794e-05  | Negative Loss: 0.0
[Test ROC-AUC]  -  SA: 0.00000,  LA: 0.74833
[Test AUPRC]  -  LA: 0.77201
[Test F1-max]  -  LA: 0.79208
Epoch: 56 | Loss: 3.540485704434104e-05  | Negative Loss: 0.0
[Test ROC-AUC]  -  SA: 0.00000,  LA: 0.74833
[Test AUPRC]  -  LA: 0.77201
[Test F1-max]  -  LA: 0.79208
Epoch: 57 | Loss: 3.421278597670607e-05  | Negative Loss: 0.0
[Test ROC-AUC]  -  SA: 0.00000,  LA: 0.74750
[Test AUPRC]  -  LA: 0.77104
[Test F1-max]  -  LA: 0.79208
Epoch: 58 | Loss: 3.3020711271092296e-05  | Negative Loss: 0.0
[Test ROC-AUC]  -  SA: 0.00000,  LA: 0.74750
[Test AUPRC]  -  LA: 0.77104
[Test F1-max]  -  LA: 0.79208
Epoch: 59 | Loss: 3.194784221705049e-05  | Negative Loss: 0.0
[Test ROC-AUC]  -  SA: 0.00000,  LA: 0.74750
[Test AUPRC]  -  LA: 0.77104
[Test F1-max]  -  LA: 0.79208
Epoch: 60 | Loss: 3.1232601031661034e-05  | Negative Loss: 0.0
[Test ROC-AUC]  -  SA: 0.00000,  LA: 0.74833
[Test AUPRC]  -  LA: 0.77132
[Test F1-max]  -  LA: 0.79208
Epoch: 61 | Loss: 3.015973197761923e-05  | Negative Loss: 0.0
[Test ROC-AUC]  -  SA: 0.00000,  LA: 0.74750
[Test AUPRC]  -  LA: 0.77058
[Test F1-max]  -  LA: 0.79208
Epoch: 62 | Loss: 2.9563696443801746e-05  | Negative Loss: 0.0
[Test ROC-AUC]  -  SA: 0.00000,  LA: 0.74750
[Test AUPRC]  -  LA: 0.77058
[Test F1-max]  -  LA: 0.79208
Epoch: 63 | Loss: 2.8729240511893295e-05  | Negative Loss: 0.0
[Test ROC-AUC]  -  SA: 0.00000,  LA: 0.74750
[Test AUPRC]  -  LA: 0.77057
[Test F1-max]  -  LA: 0.79208
Epoch: 64 | Loss: 2.8252410629647784e-05  | Negative Loss: 0.0
[Test ROC-AUC]  -  SA: 0.00000,  LA: 0.74750
[Test AUPRC]  -  LA: 0.77058
[Test F1-max]  -  LA: 0.79208
Epoch: 65 | Loss: 2.7775580747402273e-05  | Negative Loss: 0.0
[Test ROC-AUC]  -  SA: 0.00000,  LA: 0.74750
[Test AUPRC]  -  LA: 0.77058
[Test F1-max]  -  LA: 0.79208
Epoch: 66 | Loss: 2.70603322860552e-05  | Negative Loss: 0.0
[Test ROC-AUC]  -  SA: 0.00000,  LA: 0.74750
[Test AUPRC]  -  LA: 0.77058
[Test F1-max]  -  LA: 0.79208
Epoch: 67 | Loss: 2.6702708055381663e-05  | Negative Loss: 0.0
[Test ROC-AUC]  -  SA: 0.00000,  LA: 0.74667
[Test AUPRC]  -  LA: 0.77031
[Test F1-max]  -  LA: 0.78481
Epoch: 68 | Loss: 2.6225879992125556e-05  | Negative Loss: 0.0
[Test ROC-AUC]  -  SA: 0.00000,  LA: 0.74667
[Test AUPRC]  -  LA: 0.77031
[Test F1-max]  -  LA: 0.78481
Epoch: 69 | Loss: 2.5749046471901238e-05  | Negative Loss: 0.0
[Test ROC-AUC]  -  SA: 0.00000,  LA: 0.74667
[Test AUPRC]  -  LA: 0.77031
[Test F1-max]  -  LA: 0.78481
Epoch: 70 | Loss: 2.53914222412277e-05  | Negative Loss: 0.0
[Test ROC-AUC]  -  SA: 0.00000,  LA: 0.74667
[Test AUPRC]  -  LA: 0.77031
[Test F1-max]  -  LA: 0.78481
Epoch: 71 | Loss: 2.5033798010554165e-05  | Negative Loss: 0.0
[Test ROC-AUC]  -  SA: 0.00000,  LA: 0.74667
[Test AUPRC]  -  LA: 0.77031
[Test F1-max]  -  LA: 0.78481
Epoch: 72 | Loss: 2.467617559887003e-05  | Negative Loss: 0.0
[Test ROC-AUC]  -  SA: 0.00000,  LA: 0.74750
[Test AUPRC]  -  LA: 0.77314
[Test F1-max]  -  LA: 0.78481
Epoch: 73 | Loss: 2.4318551368196495e-05  | Negative Loss: 0.0
[Test ROC-AUC]  -  SA: 0.00000,  LA: 0.74750
[Test AUPRC]  -  LA: 0.77313
[Test F1-max]  -  LA: 0.78481
Epoch: 74 | Loss: 2.3960927137522958e-05  | Negative Loss: 0.0
[Test ROC-AUC]  -  SA: 0.00000,  LA: 0.74833
[Test AUPRC]  -  LA: 0.77388
[Test F1-max]  -  LA: 0.78481
Epoch: 75 | Loss: 2.3722512196400203e-05  | Negative Loss: 0.0
[Test ROC-AUC]  -  SA: 0.00000,  LA: 0.74917
[Test AUPRC]  -  LA: 0.77460
[Test F1-max]  -  LA: 0.78481
Epoch: 76 | Loss: 2.3484095436288044e-05  | Negative Loss: 0.0
[Test ROC-AUC]  -  SA: 0.00000,  LA: 0.74917
[Test AUPRC]  -  LA: 0.77460
[Test F1-max]  -  LA: 0.78481
Epoch: 77 | Loss: 2.3126471205614507e-05  | Negative Loss: 0.0
[Test ROC-AUC]  -  SA: 0.00000,  LA: 0.74917
[Test AUPRC]  -  LA: 0.77460
[Test F1-max]  -  LA: 0.78481
Epoch: 78 | Loss: 2.300726373505313e-05  | Negative Loss: 0.0
[Test ROC-AUC]  -  SA: 0.00000,  LA: 0.74917
[Test AUPRC]  -  LA: 0.77460
[Test F1-max]  -  LA: 0.78481
Epoch: 79 | Loss: 2.276884697494097e-05  | Negative Loss: 0.0
[Test ROC-AUC]  -  SA: 0.00000,  LA: 0.74917
[Test AUPRC]  -  LA: 0.77460
[Test F1-max]  -  LA: 0.78481
Epoch: 80 | Loss: 2.253043021482881e-05  | Negative Loss: 0.0
[Test ROC-AUC]  -  SA: 0.00000,  LA: 0.74917
[Test AUPRC]  -  LA: 0.77460
[Test F1-max]  -  LA: 0.78481
Epoch: 81 | Loss: 2.217280416516587e-05  | Negative Loss: 0.0
[Test ROC-AUC]  -  SA: 0.00000,  LA: 0.75000
[Test AUPRC]  -  LA: 0.77503
[Test F1-max]  -  LA: 0.78481
Epoch: 82 | Loss: 2.2053596694604494e-05  | Negative Loss: 0.0
[Test ROC-AUC]  -  SA: 0.00000,  LA: 0.75000
[Test AUPRC]  -  LA: 0.77503
[Test F1-max]  -  LA: 0.78481
Epoch: 83 | Loss: 2.1815181753481738e-05  | Negative Loss: 0.0
[Test ROC-AUC]  -  SA: 0.00000,  LA: 0.75000
[Test AUPRC]  -  LA: 0.77503
[Test F1-max]  -  LA: 0.78481
Epoch: 84 | Loss: 2.1695972463930957e-05  | Negative Loss: 0.0
[Test ROC-AUC]  -  SA: 0.00000,  LA: 0.75000
[Test AUPRC]  -  LA: 0.77503
[Test F1-max]  -  LA: 0.78481
Epoch: 85 | Loss: 2.14575575228082e-05  | Negative Loss: 0.0
[Test ROC-AUC]  -  SA: 0.00000,  LA: 0.75000
[Test AUPRC]  -  LA: 0.77503
[Test F1-max]  -  LA: 0.78481
Epoch: 86 | Loss: 2.14575575228082e-05  | Negative Loss: 0.0
[Test ROC-AUC]  -  SA: 0.00000,  LA: 0.75000
[Test AUPRC]  -  LA: 0.77503
[Test F1-max]  -  LA: 0.78481
Epoch: 87 | Loss: 2.1219140762696043e-05  | Negative Loss: 0.0
[Test ROC-AUC]  -  SA: 0.00000,  LA: 0.75000
[Test AUPRC]  -  LA: 0.77503
[Test F1-max]  -  LA: 0.78481
Epoch: 88 | Loss: 2.0861514713033102e-05  | Negative Loss: 0.0
[Test ROC-AUC]  -  SA: 0.00000,  LA: 0.75000
[Test AUPRC]  -  LA: 0.77503
[Test F1-max]  -  LA: 0.78481
Epoch: 89 | Loss: 2.0742307242471725e-05  | Negative Loss: 0.0
[Test ROC-AUC]  -  SA: 0.00000,  LA: 0.75083
[Test AUPRC]  -  LA: 0.77588
[Test F1-max]  -  LA: 0.78481
Epoch: 90 | Loss: 2.0623099771910347e-05  | Negative Loss: 0.0
[Test ROC-AUC]  -  SA: 0.00000,  LA: 0.75083
[Test AUPRC]  -  LA: 0.77588
[Test F1-max]  -  LA: 0.78481
Epoch: 91 | Loss: 2.0503890482359566e-05  | Negative Loss: 0.0
[Test ROC-AUC]  -  SA: 0.00000,  LA: 0.75083
[Test AUPRC]  -  LA: 0.77588
[Test F1-max]  -  LA: 0.78481
Epoch: 92 | Loss: 2.0384683011798188e-05  | Negative Loss: 0.0
[Test ROC-AUC]  -  SA: 0.00000,  LA: 0.75083
[Test AUPRC]  -  LA: 0.77588
[Test F1-max]  -  LA: 0.78481
Epoch: 93 | Loss: 2.014626625168603e-05  | Negative Loss: 0.0
[Test ROC-AUC]  -  SA: 0.00000,  LA: 0.75000
[Test AUPRC]  -  LA: 0.77503
[Test F1-max]  -  LA: 0.78481
Epoch: 94 | Loss: 1.990784949157387e-05  | Negative Loss: 0.0
[Test ROC-AUC]  -  SA: 0.00000,  LA: 0.75083
[Test AUPRC]  -  LA: 0.77758
[Test F1-max]  -  LA: 0.78481
Epoch: 95 | Loss: 1.990784949157387e-05  | Negative Loss: 0.0
[Test ROC-AUC]  -  SA: 0.00000,  LA: 0.75000
[Test AUPRC]  -  LA: 0.77686
[Test F1-max]  -  LA: 0.78481
Epoch: 96 | Loss: 1.966943273146171e-05  | Negative Loss: 0.0
[Test ROC-AUC]  -  SA: 0.00000,  LA: 0.74833
[Test AUPRC]  -  LA: 0.77607
[Test F1-max]  -  LA: 0.78481
Epoch: 97 | Loss: 1.9431015971349552e-05  | Negative Loss: 0.0
[Test ROC-AUC]  -  SA: 0.00000,  LA: 0.74750
[Test AUPRC]  -  LA: 0.77533
[Test F1-max]  -  LA: 0.78481
Epoch: 98 | Loss: 1.9431015971349552e-05  | Negative Loss: 0.0
[Test ROC-AUC]  -  SA: 0.00000,  LA: 0.74667
[Test AUPRC]  -  LA: 0.77498
[Test F1-max]  -  LA: 0.78481
Epoch: 99 | Loss: 1.9192599211237393e-05  | Negative Loss: 0.0
Time consumption: 96.31535506248474
Best LA AUC: 0.7508333333333334
Best LA AUPC: 0.8075536199234913
Best LA F1-max: 0.7920792079207921
[Result] Experiment result appended to ./results/train_hybrid_result.csv

[END] 2026-03-19 10:06:56
[RETURN CODE] 0
