[START] 2026-03-19 11:30:00
[GPU] 2
[TASK] 143/160
[NAME] yellow_splicing_promptad
[REPEAT] 3/10
[COMMAND] python train_hybrid.py --data_name yellow_splicing --mask True --text True --double_encoder True --few_shot True --shot 5 --hybrid_model promptad --hybrid_weight 0.3 --hybrid_batch_size 16 --epoch 100 --log True --lr 5e-4 --detection True --preprocess True

/home/seungeon/miniconda3/envs/LAB/lib/python3.10/site-packages/timm/models/layers/__init__.py:48: FutureWarning: Importing from timm.models.layers is deprecated, please import via timm.layers
  warnings.warn(f"Importing from {__name__} is deprecated, please import via timm.layers", FutureWarning)
/home/seungeon/Workspace/side/vlm/train_hybrid.py:18: DeprecationWarning: The distutils package is deprecated and slated for removal in Python 3.12. Use setuptools or check PEP 632 for potential alternatives
  from distutils.util import strtobool
Torch version: 2.9.1+cu128
cuda is loaded for process
here?
In my local computer
Namespace(epoch=100, gpu_number='0', data_name='yellow_splicing', lr=0.0005, batch_size=6, shuffle=True, seed=0, tag='default', model_name='ViT-B-32', pretrained_name='laion2b_s34b_b79k', lora=1, default=False, foundation='CLIP', detection=1, preprocess=1, num_rule=0, object_names=['a photo of orange connector', 'a photo of yellow cable', 'a photo of red cable', 'a photo of blue cable', 'a photo of metal panel'], objects_for_rules=[['a photo of orange connector'], ['a photo of orange connector'], ['a photo of yellow cable'], ['a photo of yellow cable'], ['a photo of orange connector'], ['a photo of orange connector', 'a photo of yellow cable']], texts_for_rules=[['a photo of orange connector'], ['a photo of orange connector'], ['a photo of yellow cable'], ['a photo of yellow cable'], ['a photo of orange connector'], ['a photo of orange connector and yellow cable']], mask=1, text=1, score='mean', ciriculam_learning=False, few_shot=1, shot=5, log=1, neg_loss=0, double_encoder=1, pretrained_count_path=None, ris=0, rule_select='', rule_list=[], num_negative=5, hybrid_model='promptad', hybrid_weight=0.3, hybrid_class_name='', hybrid_batch_size=16, hybrid_backbone='ViT-B-16-plus-240', hybrid_pretrained_dataset='laion400m_e32', hybrid_scales=[2, 3], hybrid_img_resize=240, hybrid_img_cropsize=240, hybrid_resolution=400, hybrid_promptad_epoch=100, hybrid_promptad_lr=0.002, hybrid_promptad_momentum=0.9, hybrid_promptad_weight_decay=0.0005, hybrid_promptad_eta_min=1e-05, hybrid_promptad_lambda1=0.001, hybrid_promptad_n_ctx=4, hybrid_promptad_n_pro=3, hybrid_promptad_n_ctx_ab=1, hybrid_promptad_n_pro_ab=4, early_stop_k=10, result_log_path='./results/train_hybrid_result.csv')
[Hybrid] method=promptad, class_name=splicing_connectors, train=5, eval=68, base_path=/data3/seungeon/data/image/mvtec_loco_anomaly_detection/yellow_splicing
[Hybrid-only] LA_AUC=0.77056, LA_AUPRC=0.73395, LA_F1=0.80460
[Data Description]
- Train: 5
- Test: 68

Train Start
[Test ROC-AUC]  -  SA: 0.00000,  LA: 0.47834
[Test AUPRC]  -  LA: 0.56733
[Test F1-max]  -  LA: 0.73267
Epoch: 0 | Loss: 12.91794490814209  | Negative Loss: 0.0
[Test ROC-AUC]  -  SA: 0.00000,  LA: 0.47922
[Test AUPRC]  -  LA: 0.56633
[Test F1-max]  -  LA: 0.73267
Epoch: 1 | Loss: 12.850757598876953  | Negative Loss: 0.0
[Test ROC-AUC]  -  SA: 0.00000,  LA: 0.49956
[Test AUPRC]  -  LA: 0.58174
[Test F1-max]  -  LA: 0.74510
Epoch: 2 | Loss: 12.032906532287598  | Negative Loss: 0.0
[Test ROC-AUC]  -  SA: 0.00000,  LA: 0.52874
[Test AUPRC]  -  LA: 0.58778
[Test F1-max]  -  LA: 0.75000
Epoch: 3 | Loss: 10.538676261901855  | Negative Loss: 0.0
[Test ROC-AUC]  -  SA: 0.00000,  LA: 0.58090
[Test AUPRC]  -  LA: 0.63013
[Test F1-max]  -  LA: 0.75728
Epoch: 4 | Loss: 8.433561325073242  | Negative Loss: 0.0
[Test ROC-AUC]  -  SA: 0.00000,  LA: 0.59682
[Test AUPRC]  -  LA: 0.65995
[Test F1-max]  -  LA: 0.76000
Epoch: 5 | Loss: 6.135784149169922  | Negative Loss: 0.0
[Test ROC-AUC]  -  SA: 0.00000,  LA: 0.62599
[Test AUPRC]  -  LA: 0.69251
[Test F1-max]  -  LA: 0.76471
Epoch: 6 | Loss: 4.345037460327148  | Negative Loss: 0.0
[Test ROC-AUC]  -  SA: 0.00000,  LA: 0.64103
[Test AUPRC]  -  LA: 0.73271
[Test F1-max]  -  LA: 0.75728
Epoch: 7 | Loss: 3.193204879760742  | Negative Loss: 0.0
[Test ROC-AUC]  -  SA: 0.00000,  LA: 0.62865
[Test AUPRC]  -  LA: 0.72517
[Test F1-max]  -  LA: 0.75728
Epoch: 8 | Loss: 2.3750710487365723  | Negative Loss: 0.0
[Test ROC-AUC]  -  SA: 0.00000,  LA: 0.62865
[Test AUPRC]  -  LA: 0.72532
[Test F1-max]  -  LA: 0.75728
Epoch: 9 | Loss: 1.7415101528167725  | Negative Loss: 0.0
[Test ROC-AUC]  -  SA: 0.00000,  LA: 0.62688
[Test AUPRC]  -  LA: 0.72211
[Test F1-max]  -  LA: 0.75728
Epoch: 10 | Loss: 1.263209342956543  | Negative Loss: 0.0
[Test ROC-AUC]  -  SA: 0.00000,  LA: 0.63218
[Test AUPRC]  -  LA: 0.72807
[Test F1-max]  -  LA: 0.75248
Epoch: 11 | Loss: 0.9024583697319031  | Negative Loss: 0.0
[Test ROC-AUC]  -  SA: 0.00000,  LA: 0.64368
[Test AUPRC]  -  LA: 0.73587
[Test F1-max]  -  LA: 0.76000
Epoch: 12 | Loss: 0.632891058921814  | Negative Loss: 0.0
[Test ROC-AUC]  -  SA: 0.00000,  LA: 0.64721
[Test AUPRC]  -  LA: 0.72412
[Test F1-max]  -  LA: 0.76000
Epoch: 13 | Loss: 0.43426841497421265  | Negative Loss: 0.0
[Test ROC-AUC]  -  SA: 0.00000,  LA: 0.65075
[Test AUPRC]  -  LA: 0.71522
[Test F1-max]  -  LA: 0.76000
Epoch: 14 | Loss: 0.2900592088699341  | Negative Loss: 0.0
[Test ROC-AUC]  -  SA: 0.00000,  LA: 0.64987
[Test AUPRC]  -  LA: 0.70893
[Test F1-max]  -  LA: 0.76471
Epoch: 15 | Loss: 0.18883784115314484  | Negative Loss: 0.0
[Test ROC-AUC]  -  SA: 0.00000,  LA: 0.64545
[Test AUPRC]  -  LA: 0.70352
[Test F1-max]  -  LA: 0.76471
Epoch: 16 | Loss: 0.12062902748584747  | Negative Loss: 0.0
[Test ROC-AUC]  -  SA: 0.00000,  LA: 0.64721
[Test AUPRC]  -  LA: 0.69382
[Test F1-max]  -  LA: 0.76471
Epoch: 17 | Loss: 0.0759982317686081  | Negative Loss: 0.0
[Test ROC-AUC]  -  SA: 0.00000,  LA: 0.64633
[Test AUPRC]  -  LA: 0.68684
[Test F1-max]  -  LA: 0.76768
Epoch: 18 | Loss: 0.04767956584692001  | Negative Loss: 0.0
[Test ROC-AUC]  -  SA: 0.00000,  LA: 0.64545
[Test AUPRC]  -  LA: 0.68446
[Test F1-max]  -  LA: 0.76768
Epoch: 19 | Loss: 0.02998519130051136  | Negative Loss: 0.0
[Test ROC-AUC]  -  SA: 0.00000,  LA: 0.64456
[Test AUPRC]  -  LA: 0.68006
[Test F1-max]  -  LA: 0.77228
Epoch: 20 | Loss: 0.018965471535921097  | Negative Loss: 0.0
[Test ROC-AUC]  -  SA: 0.00000,  LA: 0.64545
[Test AUPRC]  -  LA: 0.66842
[Test F1-max]  -  LA: 0.77228
Epoch: 21 | Loss: 0.012115816585719585  | Negative Loss: 0.0
[Test ROC-AUC]  -  SA: 0.00000,  LA: 0.64633
[Test AUPRC]  -  LA: 0.66401
[Test F1-max]  -  LA: 0.78788
Epoch: 22 | Loss: 0.007855130359530449  | Negative Loss: 0.0
[Test ROC-AUC]  -  SA: 0.00000,  LA: 0.64456
[Test AUPRC]  -  LA: 0.65867
[Test F1-max]  -  LA: 0.78788
Epoch: 23 | Loss: 0.005185146816074848  | Negative Loss: 0.0
[Test ROC-AUC]  -  SA: 0.00000,  LA: 0.63926
[Test AUPRC]  -  LA: 0.64918
[Test F1-max]  -  LA: 0.78788
Epoch: 24 | Loss: 0.003508256748318672  | Negative Loss: 0.0
[Test ROC-AUC]  -  SA: 0.00000,  LA: 0.63130
[Test AUPRC]  -  LA: 0.62655
[Test F1-max]  -  LA: 0.78000
Epoch: 25 | Loss: 0.0024260487407445908  | Negative Loss: 0.0
[Test ROC-AUC]  -  SA: 0.00000,  LA: 0.63307
[Test AUPRC]  -  LA: 0.62404
[Test F1-max]  -  LA: 0.78000
Epoch: 26 | Loss: 0.0017113367794081569  | Negative Loss: 0.0
[Test ROC-AUC]  -  SA: 0.00000,  LA: 0.63572
[Test AUPRC]  -  LA: 0.62328
[Test F1-max]  -  LA: 0.78351
Epoch: 27 | Loss: 0.0012312830658629537  | Negative Loss: 0.0
[Test ROC-AUC]  -  SA: 0.00000,  LA: 0.63307
[Test AUPRC]  -  LA: 0.61832
[Test F1-max]  -  LA: 0.79167
Epoch: 28 | Loss: 0.0009027594933286309  | Negative Loss: 0.0
[Test ROC-AUC]  -  SA: 0.00000,  LA: 0.63218
[Test AUPRC]  -  LA: 0.61532
[Test F1-max]  -  LA: 0.79167
Epoch: 29 | Loss: 0.0006744105485267937  | Negative Loss: 0.0
[Test ROC-AUC]  -  SA: 0.00000,  LA: 0.63130
[Test AUPRC]  -  LA: 0.61539
[Test F1-max]  -  LA: 0.79167
Epoch: 30 | Loss: 0.000513054896146059  | Negative Loss: 0.0
[Test ROC-AUC]  -  SA: 0.00000,  LA: 0.62953
[Test AUPRC]  -  LA: 0.61333
[Test F1-max]  -  LA: 0.79167
Epoch: 31 | Loss: 0.00039711681893095374  | Negative Loss: 0.0
[Test ROC-AUC]  -  SA: 0.00000,  LA: 0.62865
[Test AUPRC]  -  LA: 0.60927
[Test F1-max]  -  LA: 0.79167
Epoch: 32 | Loss: 0.00031263724667951465  | Negative Loss: 0.0
[Test ROC-AUC]  -  SA: 0.00000,  LA: 0.62953
[Test AUPRC]  -  LA: 0.60904
[Test F1-max]  -  LA: 0.79167
Epoch: 33 | Loss: 0.0002500138361938298  | Negative Loss: 0.0
[Test ROC-AUC]  -  SA: 0.00000,  LA: 0.63484
[Test AUPRC]  -  LA: 0.61260
[Test F1-max]  -  LA: 0.79167
Epoch: 34 | Loss: 0.0002028601011261344  | Negative Loss: 0.0
[Test ROC-AUC]  -  SA: 0.00000,  LA: 0.63218
[Test AUPRC]  -  LA: 0.60761
[Test F1-max]  -  LA: 0.79167
Epoch: 35 | Loss: 0.00016690994380041957  | Negative Loss: 0.0
[Test ROC-AUC]  -  SA: 0.00000,  LA: 0.63572
[Test AUPRC]  -  LA: 0.60984
[Test F1-max]  -  LA: 0.79167
Epoch: 36 | Loss: 0.00013908861728850752  | Negative Loss: 0.0
[Test ROC-AUC]  -  SA: 0.00000,  LA: 0.64014
[Test AUPRC]  -  LA: 0.61238
[Test F1-max]  -  LA: 0.80000
Epoch: 37 | Loss: 0.00011737007298506796  | Negative Loss: 0.0
[Test ROC-AUC]  -  SA: 0.00000,  LA: 0.64368
[Test AUPRC]  -  LA: 0.61504
[Test F1-max]  -  LA: 0.80000
Epoch: 38 | Loss: 0.00010025253868661821  | Negative Loss: 0.0
[Test ROC-AUC]  -  SA: 0.00000,  LA: 0.64324
[Test AUPRC]  -  LA: 0.61427
[Test F1-max]  -  LA: 0.80000
Epoch: 39 | Loss: 8.652026008348912e-05  | Negative Loss: 0.0
[Test ROC-AUC]  -  SA: 0.00000,  LA: 0.64279
[Test AUPRC]  -  LA: 0.61322
[Test F1-max]  -  LA: 0.80000
Epoch: 40 | Loss: 7.548191933892667e-05  | Negative Loss: 0.0
[Test ROC-AUC]  -  SA: 0.00000,  LA: 0.64191
[Test AUPRC]  -  LA: 0.61293
[Test F1-max]  -  LA: 0.80000
Epoch: 41 | Loss: 6.637464684899896e-05  | Negative Loss: 0.0
[Test ROC-AUC]  -  SA: 0.00000,  LA: 0.64368
[Test AUPRC]  -  LA: 0.61424
[Test F1-max]  -  LA: 0.80000
Epoch: 42 | Loss: 5.88646944379434e-05  | Negative Loss: 0.0
[Test ROC-AUC]  -  SA: 0.00000,  LA: 0.64633
[Test AUPRC]  -  LA: 0.61664
[Test F1-max]  -  LA: 0.80851
Epoch: 43 | Loss: 5.2809024055022746e-05  | Negative Loss: 0.0
[Test ROC-AUC]  -  SA: 0.00000,  LA: 0.64633
[Test AUPRC]  -  LA: 0.61554
[Test F1-max]  -  LA: 0.80851
Epoch: 44 | Loss: 4.756394264404662e-05  | Negative Loss: 0.0
[Test ROC-AUC]  -  SA: 0.00000,  LA: 0.64721
[Test AUPRC]  -  LA: 0.61595
[Test F1-max]  -  LA: 0.80851
Epoch: 45 | Loss: 4.3320193071849644e-05  | Negative Loss: 0.0
[Test ROC-AUC]  -  SA: 0.00000,  LA: 0.64633
[Test AUPRC]  -  LA: 0.61561
[Test F1-max]  -  LA: 0.80851
Epoch: 46 | Loss: 3.962477785535157e-05  | Negative Loss: 0.0
[Test ROC-AUC]  -  SA: 0.00000,  LA: 0.64589
[Test AUPRC]  -  LA: 0.61529
[Test F1-max]  -  LA: 0.80851
Epoch: 47 | Loss: 3.647771154646762e-05  | Negative Loss: 0.0
[Test ROC-AUC]  -  SA: 0.00000,  LA: 0.64633
[Test AUPRC]  -  LA: 0.61500
[Test F1-max]  -  LA: 0.80851
Epoch: 48 | Loss: 3.375978485564701e-05  | Negative Loss: 0.0
[Test ROC-AUC]  -  SA: 0.00000,  LA: 0.64721
[Test AUPRC]  -  LA: 0.61656
[Test F1-max]  -  LA: 0.80851
Epoch: 49 | Loss: 3.144716174574569e-05  | Negative Loss: 0.0
[Test ROC-AUC]  -  SA: 0.00000,  LA: 0.64898
[Test AUPRC]  -  LA: 0.61743
[Test F1-max]  -  LA: 0.80851
Epoch: 50 | Loss: 2.9396795071079396e-05  | Negative Loss: 0.0
[Test ROC-AUC]  -  SA: 0.00000,  LA: 0.64810
[Test AUPRC]  -  LA: 0.61705
[Test F1-max]  -  LA: 0.80851
Epoch: 51 | Loss: 2.7727888664230704e-05  | Negative Loss: 0.0
[Test ROC-AUC]  -  SA: 0.00000,  LA: 0.64545
[Test AUPRC]  -  LA: 0.61580
[Test F1-max]  -  LA: 0.80000
Epoch: 52 | Loss: 2.615434641484171e-05  | Negative Loss: 0.0
[Test ROC-AUC]  -  SA: 0.00000,  LA: 0.64633
[Test AUPRC]  -  LA: 0.61620
[Test F1-max]  -  LA: 0.80000
Epoch: 53 | Loss: 2.474769644322805e-05  | Negative Loss: 0.0
[Test ROC-AUC]  -  SA: 0.00000,  LA: 0.64633
[Test AUPRC]  -  LA: 0.61629
[Test F1-max]  -  LA: 0.80000
Epoch: 54 | Loss: 2.3555618099635467e-05  | Negative Loss: 0.0
[Test ROC-AUC]  -  SA: 0.00000,  LA: 0.64721
[Test AUPRC]  -  LA: 0.61714
[Test F1-max]  -  LA: 0.80000
Epoch: 55 | Loss: 2.2458905732491985e-05  | Negative Loss: 0.0
[Test ROC-AUC]  -  SA: 0.00000,  LA: 0.64810
[Test AUPRC]  -  LA: 0.61758
[Test F1-max]  -  LA: 0.80000
Epoch: 56 | Loss: 2.1529082005145028e-05  | Negative Loss: 0.0
[Test ROC-AUC]  -  SA: 0.00000,  LA: 0.64898
[Test AUPRC]  -  LA: 0.61794
[Test F1-max]  -  LA: 0.80000
Epoch: 57 | Loss: 2.0718467567348853e-05  | Negative Loss: 0.0
[Test ROC-AUC]  -  SA: 0.00000,  LA: 0.64898
[Test AUPRC]  -  LA: 0.61796
[Test F1-max]  -  LA: 0.80000
Epoch: 58 | Loss: 1.9907853129552677e-05  | Negative Loss: 0.0
[Test ROC-AUC]  -  SA: 0.00000,  LA: 0.64987
[Test AUPRC]  -  LA: 0.61853
[Test F1-max]  -  LA: 0.80000
Epoch: 59 | Loss: 1.9240287656430155e-05  | Negative Loss: 0.0
[Test ROC-AUC]  -  SA: 0.00000,  LA: 0.64987
[Test AUPRC]  -  LA: 0.61956
[Test F1-max]  -  LA: 0.80000
Epoch: 60 | Loss: 1.8668088159756735e-05  | Negative Loss: 0.0
[Test ROC-AUC]  -  SA: 0.00000,  LA: 0.65075
[Test AUPRC]  -  LA: 0.62033
[Test F1-max]  -  LA: 0.80000
Epoch: 61 | Loss: 1.8095888663083315e-05  | Negative Loss: 0.0
[Test ROC-AUC]  -  SA: 0.00000,  LA: 0.65164
[Test AUPRC]  -  LA: 0.62071
[Test F1-max]  -  LA: 0.80000
Epoch: 62 | Loss: 1.7571372154634446e-05  | Negative Loss: 0.0
[Test ROC-AUC]  -  SA: 0.00000,  LA: 0.65164
[Test AUPRC]  -  LA: 0.62071
[Test F1-max]  -  LA: 0.80000
Epoch: 63 | Loss: 1.7118380128522404e-05  | Negative Loss: 0.0
[Test ROC-AUC]  -  SA: 0.00000,  LA: 0.65252
[Test AUPRC]  -  LA: 0.62115
[Test F1-max]  -  LA: 0.80000
Epoch: 64 | Loss: 1.6689229596522637e-05  | Negative Loss: 0.0
[Test ROC-AUC]  -  SA: 0.00000,  LA: 0.65164
[Test AUPRC]  -  LA: 0.62074
[Test F1-max]  -  LA: 0.80000
Epoch: 65 | Loss: 1.6283920558635145e-05  | Negative Loss: 0.0
[Test ROC-AUC]  -  SA: 0.00000,  LA: 0.65164
[Test AUPRC]  -  LA: 0.62074
[Test F1-max]  -  LA: 0.80000
Epoch: 66 | Loss: 1.592629632796161e-05  | Negative Loss: 0.0
[Test ROC-AUC]  -  SA: 0.00000,  LA: 0.65164
[Test AUPRC]  -  LA: 0.62092
[Test F1-max]  -  LA: 0.80000
Epoch: 67 | Loss: 1.5592513591400348e-05  | Negative Loss: 0.0
[Test ROC-AUC]  -  SA: 0.00000,  LA: 0.65075
[Test AUPRC]  -  LA: 0.62034
[Test F1-max]  -  LA: 0.80000
Epoch: 68 | Loss: 1.5306413843063638e-05  | Negative Loss: 0.0
[Test ROC-AUC]  -  SA: 0.00000,  LA: 0.65075
[Test AUPRC]  -  LA: 0.62034
[Test F1-max]  -  LA: 0.80000
Epoch: 69 | Loss: 1.499647169111995e-05  | Negative Loss: 0.0
[Test ROC-AUC]  -  SA: 0.00000,  LA: 0.65075
[Test AUPRC]  -  LA: 0.62034
[Test F1-max]  -  LA: 0.80000
Epoch: 70 | Loss: 1.4734212527400814e-05  | Negative Loss: 0.0
[Test ROC-AUC]  -  SA: 0.00000,  LA: 0.65075
[Test AUPRC]  -  LA: 0.62034
[Test F1-max]  -  LA: 0.80000
Epoch: 71 | Loss: 1.454348057450261e-05  | Negative Loss: 0.0
[Test ROC-AUC]  -  SA: 0.00000,  LA: 0.65075
[Test AUPRC]  -  LA: 0.62034
[Test F1-max]  -  LA: 0.80000
Epoch: 72 | Loss: 1.4257379007176496e-05  | Negative Loss: 0.0
[Test ROC-AUC]  -  SA: 0.00000,  LA: 0.65075
[Test AUPRC]  -  LA: 0.62034
[Test F1-max]  -  LA: 0.80000
Epoch: 73 | Loss: 1.4042803741176613e-05  | Negative Loss: 0.0
[Test ROC-AUC]  -  SA: 0.00000,  LA: 0.65075
[Test AUPRC]  -  LA: 0.62034
[Test F1-max]  -  LA: 0.80000
Epoch: 74 | Loss: 1.3875912372895982e-05  | Negative Loss: 0.0
[Test ROC-AUC]  -  SA: 0.00000,  LA: 0.65075
[Test AUPRC]  -  LA: 0.62034
[Test F1-max]  -  LA: 0.80000
Epoch: 75 | Loss: 1.3637495612783823e-05  | Negative Loss: 0.0
[Test ROC-AUC]  -  SA: 0.00000,  LA: 0.65075
[Test AUPRC]  -  LA: 0.62034
[Test F1-max]  -  LA: 0.80000
Epoch: 76 | Loss: 1.3470604244503193e-05  | Negative Loss: 0.0
[Test ROC-AUC]  -  SA: 0.00000,  LA: 0.65075
[Test AUPRC]  -  LA: 0.62034
[Test F1-max]  -  LA: 0.80000
Epoch: 77 | Loss: 1.3327553460840136e-05  | Negative Loss: 0.0
[Test ROC-AUC]  -  SA: 0.00000,  LA: 0.65075
[Test AUPRC]  -  LA: 0.62034
[Test F1-max]  -  LA: 0.80000
Epoch: 78 | Loss: 1.3184504496166483e-05  | Negative Loss: 0.0
[Test ROC-AUC]  -  SA: 0.00000,  LA: 0.65075
[Test AUPRC]  -  LA: 0.62034
[Test F1-max]  -  LA: 0.80000
Epoch: 79 | Loss: 1.2969927411177196e-05  | Negative Loss: 0.0
[Test ROC-AUC]  -  SA: 0.00000,  LA: 0.65164
[Test AUPRC]  -  LA: 0.62068
[Test F1-max]  -  LA: 0.80000
Epoch: 80 | Loss: 1.282687753700884e-05  | Negative Loss: 0.0
[Test ROC-AUC]  -  SA: 0.00000,  LA: 0.65429
[Test AUPRC]  -  LA: 0.62236
[Test F1-max]  -  LA: 0.80000
Epoch: 81 | Loss: 1.2707669156952761e-05  | Negative Loss: 0.0
[Test ROC-AUC]  -  SA: 0.00000,  LA: 0.65429
[Test AUPRC]  -  LA: 0.62236
[Test F1-max]  -  LA: 0.80000
Epoch: 82 | Loss: 1.258845986740198e-05  | Negative Loss: 0.0
[Test ROC-AUC]  -  SA: 0.00000,  LA: 0.65429
[Test AUPRC]  -  LA: 0.62236
[Test F1-max]  -  LA: 0.80000
Epoch: 83 | Loss: 1.242156849912135e-05  | Negative Loss: 0.0
[Test ROC-AUC]  -  SA: 0.00000,  LA: 0.65429
[Test AUPRC]  -  LA: 0.62236
[Test F1-max]  -  LA: 0.80000
Epoch: 84 | Loss: 1.2326201613177545e-05  | Negative Loss: 0.0
[Test ROC-AUC]  -  SA: 0.00000,  LA: 0.65429
[Test AUPRC]  -  LA: 0.62236
[Test F1-max]  -  LA: 0.80000
Epoch: 85 | Loss: 1.223083381773904e-05  | Negative Loss: 0.0
[Test ROC-AUC]  -  SA: 0.00000,  LA: 0.65429
[Test AUPRC]  -  LA: 0.62235
[Test F1-max]  -  LA: 0.80000
Epoch: 86 | Loss: 1.2087784853065386e-05  | Negative Loss: 0.0
[Test ROC-AUC]  -  SA: 0.00000,  LA: 0.65429
[Test AUPRC]  -  LA: 0.62236
[Test F1-max]  -  LA: 0.80000
Epoch: 87 | Loss: 1.199241705762688e-05  | Negative Loss: 0.0
[Test ROC-AUC]  -  SA: 0.00000,  LA: 0.65429
[Test AUPRC]  -  LA: 0.62236
[Test F1-max]  -  LA: 0.80000
Epoch: 88 | Loss: 1.1897050171683077e-05  | Negative Loss: 0.0
[Test ROC-AUC]  -  SA: 0.00000,  LA: 0.65429
[Test AUPRC]  -  LA: 0.62236
[Test F1-max]  -  LA: 0.80000
Epoch: 89 | Loss: 1.1777841791626997e-05  | Negative Loss: 0.0
[Test ROC-AUC]  -  SA: 0.00000,  LA: 0.65429
[Test AUPRC]  -  LA: 0.62236
[Test F1-max]  -  LA: 0.80000
Epoch: 90 | Loss: 1.1682474905683193e-05  | Negative Loss: 0.0
[Test ROC-AUC]  -  SA: 0.00000,  LA: 0.65606
[Test AUPRC]  -  LA: 0.62373
[Test F1-max]  -  LA: 0.80000
Epoch: 91 | Loss: 1.158710801973939e-05  | Negative Loss: 0.0
[Test ROC-AUC]  -  SA: 0.00000,  LA: 0.65606
[Test AUPRC]  -  LA: 0.62352
[Test F1-max]  -  LA: 0.80435
Epoch: 92 | Loss: 1.1515582627907861e-05  | Negative Loss: 0.0
[Test ROC-AUC]  -  SA: 0.00000,  LA: 0.65606
[Test AUPRC]  -  LA: 0.62352
[Test F1-max]  -  LA: 0.80435
Epoch: 93 | Loss: 1.1396374247851782e-05  | Negative Loss: 0.0
[Test ROC-AUC]  -  SA: 0.00000,  LA: 0.65606
[Test AUPRC]  -  LA: 0.62352
[Test F1-max]  -  LA: 0.80435
Epoch: 94 | Loss: 1.1372532753739506e-05  | Negative Loss: 0.0
[Test ROC-AUC]  -  SA: 0.00000,  LA: 0.65606
[Test AUPRC]  -  LA: 0.62352
[Test F1-max]  -  LA: 0.80435
Epoch: 95 | Loss: 1.1205640475964174e-05  | Negative Loss: 0.0
[Test ROC-AUC]  -  SA: 0.00000,  LA: 0.65606
[Test AUPRC]  -  LA: 0.62352
[Test F1-max]  -  LA: 0.80435
Epoch: 96 | Loss: 1.1110274499515072e-05  | Negative Loss: 0.0
[Test ROC-AUC]  -  SA: 0.00000,  LA: 0.65606
[Test AUPRC]  -  LA: 0.62352
[Test F1-max]  -  LA: 0.80435
Epoch: 97 | Loss: 1.1086431186413392e-05  | Negative Loss: 0.0
[Test ROC-AUC]  -  SA: 0.00000,  LA: 0.65694
[Test AUPRC]  -  LA: 0.62406
[Test F1-max]  -  LA: 0.80435
Epoch: 98 | Loss: 1.0967222806357313e-05  | Negative Loss: 0.0
[Test ROC-AUC]  -  SA: 0.00000,  LA: 0.65694
[Test AUPRC]  -  LA: 0.62406
[Test F1-max]  -  LA: 0.80435
Epoch: 99 | Loss: 1.091953890863806e-05  | Negative Loss: 0.0
Time consumption: 96.74870133399963
Best LA AUC: 0.6569407603890363
Best LA AUPC: 0.7358703571456273
Best LA F1-max: 0.8085106382978723
[Result] Experiment result appended to ./results/train_hybrid_result.csv

[END] 2026-03-19 11:33:31
[RETURN CODE] 0
