[START] 2026-03-19 09:51:55
[GPU] 2
[TASK] 32/160
[NAME] breakfast_winclip
[REPEAT] 2/10
[COMMAND] python train_hybrid.py --data_name breakfast --mask True --text True --double_encoder True --few_shot True --shot 5 --hybrid_model winclip --hybrid_weight 0.3 --hybrid_batch_size 16 --epoch 100 --log True --lr 5e-4 --detection True --preprocess True

/home/seungeon/miniconda3/envs/LAB/lib/python3.10/site-packages/timm/models/layers/__init__.py:48: FutureWarning: Importing from timm.models.layers is deprecated, please import via timm.layers
  warnings.warn(f"Importing from {__name__} is deprecated, please import via timm.layers", FutureWarning)
/home/seungeon/Workspace/side/vlm/train_hybrid.py:18: DeprecationWarning: The distutils package is deprecated and slated for removal in Python 3.12. Use setuptools or check PEP 632 for potential alternatives
  from distutils.util import strtobool
Torch version: 2.9.1+cu128
cuda is loaded for process
here?
In my local computer
Namespace(epoch=100, gpu_number='0', data_name='breakfast', lr=0.0005, batch_size=6, shuffle=True, seed=0, tag='default', model_name='ViT-B-32', pretrained_name='laion2b_s34b_b79k', lora=1, default=False, foundation='CLIP', detection=1, preprocess=1, num_rule=0, object_names=['a mandarin', 'a peach', 'an almonds', 'a banana chips', 'an oat cereal'], objects_for_rules=[['a mandarin'], ['a peach'], ['an oat cereal'], ['an almonds'], ['a banana chips'], ['an almonds', 'a banana chips', 'an oat cereal'], ['an almonds', 'a banana chips']], texts_for_rules=[['mandarins'], ['peach'], ['oat cereal'], ['almonds'], ['banana chips'], ['almonds, banana chips and oat cereal'], ['almonds and banana chips']], mask=1, text=1, score='mean', ciriculam_learning=False, few_shot=1, shot=5, log=1, neg_loss=0, double_encoder=1, pretrained_count_path=None, ris=0, rule_select='', rule_list=[], num_negative=5, hybrid_model='winclip', hybrid_weight=0.3, hybrid_class_name='', hybrid_batch_size=16, hybrid_backbone='ViT-B-16-plus-240', hybrid_pretrained_dataset='laion400m_e32', hybrid_scales=[2, 3], hybrid_img_resize=240, hybrid_img_cropsize=240, hybrid_resolution=400, hybrid_promptad_epoch=100, hybrid_promptad_lr=0.002, hybrid_promptad_momentum=0.9, hybrid_promptad_weight_decay=0.0005, hybrid_promptad_eta_min=1e-05, hybrid_promptad_lambda1=0.001, hybrid_promptad_n_ctx=4, hybrid_promptad_n_pro=3, hybrid_promptad_n_ctx_ab=1, hybrid_promptad_n_pro_ab=4, early_stop_k=10, result_log_path='./results/train_hybrid_result.csv')
[Hybrid] method=winclip, class_name=breakfast_box, train=5, eval=185, base_path=/data3/seungeon/data/image/mvtec_loco_anomaly_detection/breakfast_box
grid 240 16 (15, 15)
[Hybrid-only] LA_AUC=0.68805, LA_AUPRC=0.69094, LA_F1=0.76033
[Data Description]
- Train: 5
- Test: 185

Train Start
[Test ROC-AUC]  -  SA: 0.00000,  LA: 0.69490
[Test AUPRC]  -  LA: 0.66167
[Test F1-max]  -  LA: 0.76628
Epoch: 0 | Loss: 23.244646072387695  | Negative Loss: 0.0
[Test ROC-AUC]  -  SA: 0.00000,  LA: 0.69643
[Test AUPRC]  -  LA: 0.66211
[Test F1-max]  -  LA: 0.76628
Epoch: 1 | Loss: 23.113502502441406  | Negative Loss: 0.0
[Test ROC-AUC]  -  SA: 0.00000,  LA: 0.72147
[Test AUPRC]  -  LA: 0.68538
[Test F1-max]  -  LA: 0.77953
Epoch: 2 | Loss: 21.73744010925293  | Negative Loss: 0.0
[Test ROC-AUC]  -  SA: 0.00000,  LA: 0.76234
[Test AUPRC]  -  LA: 0.72240
[Test F1-max]  -  LA: 0.81667
Epoch: 3 | Loss: 19.295381546020508  | Negative Loss: 0.0
[Test ROC-AUC]  -  SA: 0.00000,  LA: 0.79813
[Test AUPRC]  -  LA: 0.76351
[Test F1-max]  -  LA: 0.84255
Epoch: 4 | Loss: 15.948282241821289  | Negative Loss: 0.0
[Test ROC-AUC]  -  SA: 0.00000,  LA: 0.82613
[Test AUPRC]  -  LA: 0.82092
[Test F1-max]  -  LA: 0.85463
Epoch: 5 | Loss: 12.292987823486328  | Negative Loss: 0.0
[Test ROC-AUC]  -  SA: 0.00000,  LA: 0.85625
[Test AUPRC]  -  LA: 0.86496
[Test F1-max]  -  LA: 0.85088
Epoch: 6 | Loss: 9.071019172668457  | Negative Loss: 0.0
[Test ROC-AUC]  -  SA: 0.00000,  LA: 0.87810
[Test AUPRC]  -  LA: 0.89242
[Test F1-max]  -  LA: 0.85957
Epoch: 7 | Loss: 6.455511093139648  | Negative Loss: 0.0
[Test ROC-AUC]  -  SA: 0.00000,  LA: 0.88637
[Test AUPRC]  -  LA: 0.90085
[Test F1-max]  -  LA: 0.85590
Epoch: 8 | Loss: 4.387492656707764  | Negative Loss: 0.0
[Test ROC-AUC]  -  SA: 0.00000,  LA: 0.88200
[Test AUPRC]  -  LA: 0.89710
[Test F1-max]  -  LA: 0.84120
Epoch: 9 | Loss: 2.837008476257324  | Negative Loss: 0.0
[Test ROC-AUC]  -  SA: 0.00000,  LA: 0.88401
[Test AUPRC]  -  LA: 0.89826
[Test F1-max]  -  LA: 0.84979
Epoch: 10 | Loss: 1.8333219289779663  | Negative Loss: 0.0
[Test ROC-AUC]  -  SA: 0.00000,  LA: 0.88678
[Test AUPRC]  -  LA: 0.90177
[Test F1-max]  -  LA: 0.84615
Epoch: 11 | Loss: 1.2235077619552612  | Negative Loss: 0.0
[Test ROC-AUC]  -  SA: 0.00000,  LA: 0.88684
[Test AUPRC]  -  LA: 0.90192
[Test F1-max]  -  LA: 0.85333
Epoch: 12 | Loss: 0.8345259428024292  | Negative Loss: 0.0
[Test ROC-AUC]  -  SA: 0.00000,  LA: 0.88613
[Test AUPRC]  -  LA: 0.90205
[Test F1-max]  -  LA: 0.84716
Epoch: 13 | Loss: 0.5843799114227295  | Negative Loss: 0.0
[Test ROC-AUC]  -  SA: 0.00000,  LA: 0.88731
[Test AUPRC]  -  LA: 0.90149
[Test F1-max]  -  LA: 0.84956
Epoch: 14 | Loss: 0.42322415113449097  | Negative Loss: 0.0
[Test ROC-AUC]  -  SA: 0.00000,  LA: 0.88318
[Test AUPRC]  -  LA: 0.89566
[Test F1-max]  -  LA: 0.85463
Epoch: 15 | Loss: 0.31493598222732544  | Negative Loss: 0.0
[Test ROC-AUC]  -  SA: 0.00000,  LA: 0.87621
[Test AUPRC]  -  LA: 0.88887
[Test F1-max]  -  LA: 0.85463
Epoch: 16 | Loss: 0.23732949793338776  | Negative Loss: 0.0
[Test ROC-AUC]  -  SA: 0.00000,  LA: 0.86971
[Test AUPRC]  -  LA: 0.87931
[Test F1-max]  -  LA: 0.85463
Epoch: 17 | Loss: 0.18008717894554138  | Negative Loss: 0.0
[Test ROC-AUC]  -  SA: 0.00000,  LA: 0.86086
[Test AUPRC]  -  LA: 0.86966
[Test F1-max]  -  LA: 0.85088
Epoch: 18 | Loss: 0.13634732365608215  | Negative Loss: 0.0
[Test ROC-AUC]  -  SA: 0.00000,  LA: 0.85353
[Test AUPRC]  -  LA: 0.86126
[Test F1-max]  -  LA: 0.84211
Epoch: 19 | Loss: 0.1023593470454216  | Negative Loss: 0.0
[Test ROC-AUC]  -  SA: 0.00000,  LA: 0.84621
[Test AUPRC]  -  LA: 0.85528
[Test F1-max]  -  LA: 0.83478
Epoch: 20 | Loss: 0.07605861872434616  | Negative Loss: 0.0
[Test ROC-AUC]  -  SA: 0.00000,  LA: 0.83888
[Test AUPRC]  -  LA: 0.84876
[Test F1-max]  -  LA: 0.82609
Epoch: 21 | Loss: 0.056026604026556015  | Negative Loss: 0.0
[Test ROC-AUC]  -  SA: 0.00000,  LA: 0.83097
[Test AUPRC]  -  LA: 0.84116
[Test F1-max]  -  LA: 0.82609
Epoch: 22 | Loss: 0.04107189178466797  | Negative Loss: 0.0
[Test ROC-AUC]  -  SA: 0.00000,  LA: 0.82554
[Test AUPRC]  -  LA: 0.83562
[Test F1-max]  -  LA: 0.82143
Epoch: 23 | Loss: 0.03002149611711502  | Negative Loss: 0.0
[Test ROC-AUC]  -  SA: 0.00000,  LA: 0.81869
[Test AUPRC]  -  LA: 0.82705
[Test F1-max]  -  LA: 0.81778
[Early Stopping] LA AUROC dropped for 10 consecutive epochs. Stop at epoch 25/100.
Time consumption: 45.71545457839966
Best LA AUC: 0.8873139617292701
Best LA AUPC: 0.902049805863493
Best LA F1-max: 0.8595744680851064
[Result] Experiment result appended to ./results/train_hybrid_result.csv

[END] 2026-03-19 09:56:02
[RETURN CODE] 0
