[START] 2026-03-19 11:12:28
[GPU] 2
[TASK] 123/160
[NAME] yellow_splicing_promptad
[REPEAT] 3/10
[COMMAND] python train_hybrid.py --data_name yellow_splicing --mask True --text True --double_encoder True --few_shot True --shot 1 --hybrid_model promptad --hybrid_weight 0.3 --hybrid_batch_size 16 --epoch 100 --log True --lr 5e-4 --detection True --preprocess True

/home/seungeon/miniconda3/envs/LAB/lib/python3.10/site-packages/timm/models/layers/__init__.py:48: FutureWarning: Importing from timm.models.layers is deprecated, please import via timm.layers
  warnings.warn(f"Importing from {__name__} is deprecated, please import via timm.layers", FutureWarning)
/home/seungeon/Workspace/side/vlm/train_hybrid.py:18: DeprecationWarning: The distutils package is deprecated and slated for removal in Python 3.12. Use setuptools or check PEP 632 for potential alternatives
  from distutils.util import strtobool
Torch version: 2.9.1+cu128
cuda is loaded for process
here?
In my local computer
Namespace(epoch=100, gpu_number='0', data_name='yellow_splicing', lr=0.0005, batch_size=6, shuffle=True, seed=0, tag='default', model_name='ViT-B-32', pretrained_name='laion2b_s34b_b79k', lora=1, default=False, foundation='CLIP', detection=1, preprocess=1, num_rule=0, object_names=['a photo of orange connector', 'a photo of yellow cable', 'a photo of red cable', 'a photo of blue cable', 'a photo of metal panel'], objects_for_rules=[['a photo of orange connector'], ['a photo of orange connector'], ['a photo of yellow cable'], ['a photo of yellow cable'], ['a photo of orange connector'], ['a photo of orange connector', 'a photo of yellow cable']], texts_for_rules=[['a photo of orange connector'], ['a photo of orange connector'], ['a photo of yellow cable'], ['a photo of yellow cable'], ['a photo of orange connector'], ['a photo of orange connector and yellow cable']], mask=1, text=1, score='mean', ciriculam_learning=False, few_shot=1, shot=1, log=1, neg_loss=0, double_encoder=1, pretrained_count_path=None, ris=0, rule_select='', rule_list=[], num_negative=5, hybrid_model='promptad', hybrid_weight=0.3, hybrid_class_name='', hybrid_batch_size=16, hybrid_backbone='ViT-B-16-plus-240', hybrid_pretrained_dataset='laion400m_e32', hybrid_scales=[2, 3], hybrid_img_resize=240, hybrid_img_cropsize=240, hybrid_resolution=400, hybrid_promptad_epoch=100, hybrid_promptad_lr=0.002, hybrid_promptad_momentum=0.9, hybrid_promptad_weight_decay=0.0005, hybrid_promptad_eta_min=1e-05, hybrid_promptad_lambda1=0.001, hybrid_promptad_n_ctx=4, hybrid_promptad_n_pro=3, hybrid_promptad_n_ctx_ab=1, hybrid_promptad_n_pro_ab=4, early_stop_k=10, result_log_path='./results/train_hybrid_result.csv')
[Hybrid] method=promptad, class_name=splicing_connectors, train=1, eval=68, base_path=/data3/seungeon/data/image/mvtec_loco_anomaly_detection/yellow_splicing
[Hybrid-only] LA_AUC=0.79664, LA_AUPRC=0.82688, LA_F1=0.82609
[Data Description]
- Train: 1
- Test: 68

Train Start
[Test ROC-AUC]  -  SA: 0.00000,  LA: 0.64987
[Test AUPRC]  -  LA: 0.63391
[Test F1-max]  -  LA: 0.74510
Epoch: 0 | Loss: 17.895248413085938  | Negative Loss: 0.0
[Test ROC-AUC]  -  SA: 0.00000,  LA: 0.64810
[Test AUPRC]  -  LA: 0.63321
[Test F1-max]  -  LA: 0.74510
Epoch: 1 | Loss: 17.781360626220703  | Negative Loss: 0.0
[Test ROC-AUC]  -  SA: 0.00000,  LA: 0.65517
[Test AUPRC]  -  LA: 0.64776
[Test F1-max]  -  LA: 0.75000
Epoch: 2 | Loss: 16.13764762878418  | Negative Loss: 0.0
[Test ROC-AUC]  -  SA: 0.00000,  LA: 0.66932
[Test AUPRC]  -  LA: 0.70768
[Test F1-max]  -  LA: 0.75728
Epoch: 3 | Loss: 13.588312149047852  | Negative Loss: 0.0
[Test ROC-AUC]  -  SA: 0.00000,  LA: 0.68258
[Test AUPRC]  -  LA: 0.75264
[Test F1-max]  -  LA: 0.76000
Epoch: 4 | Loss: 10.67431640625  | Negative Loss: 0.0
[Test ROC-AUC]  -  SA: 0.00000,  LA: 0.65075
[Test AUPRC]  -  LA: 0.74591
[Test F1-max]  -  LA: 0.76471
Epoch: 5 | Loss: 7.9393310546875  | Negative Loss: 0.0
[Test ROC-AUC]  -  SA: 0.00000,  LA: 0.63837
[Test AUPRC]  -  LA: 0.74993
[Test F1-max]  -  LA: 0.75000
Epoch: 6 | Loss: 5.725849151611328  | Negative Loss: 0.0
[Test ROC-AUC]  -  SA: 0.00000,  LA: 0.63572
[Test AUPRC]  -  LA: 0.74933
[Test F1-max]  -  LA: 0.75000
Epoch: 7 | Loss: 4.060965538024902  | Negative Loss: 0.0
[Test ROC-AUC]  -  SA: 0.00000,  LA: 0.63130
[Test AUPRC]  -  LA: 0.74784
[Test F1-max]  -  LA: 0.75000
Epoch: 8 | Loss: 2.899221897125244  | Negative Loss: 0.0
[Test ROC-AUC]  -  SA: 0.00000,  LA: 0.62069
[Test AUPRC]  -  LA: 0.74212
[Test F1-max]  -  LA: 0.75000
Epoch: 9 | Loss: 2.0705621242523193  | Negative Loss: 0.0
[Test ROC-AUC]  -  SA: 0.00000,  LA: 0.62246
[Test AUPRC]  -  LA: 0.73940
[Test F1-max]  -  LA: 0.75000
Epoch: 10 | Loss: 1.499956727027893  | Negative Loss: 0.0
[Test ROC-AUC]  -  SA: 0.00000,  LA: 0.62776
[Test AUPRC]  -  LA: 0.74429
[Test F1-max]  -  LA: 0.75000
Epoch: 11 | Loss: 1.0969738960266113  | Negative Loss: 0.0
[Test ROC-AUC]  -  SA: 0.00000,  LA: 0.62688
[Test AUPRC]  -  LA: 0.74537
[Test F1-max]  -  LA: 0.75000
Epoch: 12 | Loss: 0.7941443920135498  | Negative Loss: 0.0
[Test ROC-AUC]  -  SA: 0.00000,  LA: 0.62334
[Test AUPRC]  -  LA: 0.74045
[Test F1-max]  -  LA: 0.75000
Epoch: 13 | Loss: 0.5633816123008728  | Negative Loss: 0.0
[Test ROC-AUC]  -  SA: 0.00000,  LA: 0.61892
[Test AUPRC]  -  LA: 0.73724
[Test F1-max]  -  LA: 0.75000
Epoch: 14 | Loss: 0.3915167450904846  | Negative Loss: 0.0
[Test ROC-AUC]  -  SA: 0.00000,  LA: 0.62423
[Test AUPRC]  -  LA: 0.74455
[Test F1-max]  -  LA: 0.75248
Epoch: 15 | Loss: 0.2688968777656555  | Negative Loss: 0.0
[Test ROC-AUC]  -  SA: 0.00000,  LA: 0.62423
[Test AUPRC]  -  LA: 0.74036
[Test F1-max]  -  LA: 0.75728
Epoch: 16 | Loss: 0.18247008323669434  | Negative Loss: 0.0
[Test ROC-AUC]  -  SA: 0.00000,  LA: 0.62776
[Test AUPRC]  -  LA: 0.74108
[Test F1-max]  -  LA: 0.75728
Epoch: 17 | Loss: 0.12318678200244904  | Negative Loss: 0.0
[Test ROC-AUC]  -  SA: 0.00000,  LA: 0.62865
[Test AUPRC]  -  LA: 0.74218
[Test F1-max]  -  LA: 0.75728
Epoch: 18 | Loss: 0.08389216661453247  | Negative Loss: 0.0
[Test ROC-AUC]  -  SA: 0.00000,  LA: 0.63218
[Test AUPRC]  -  LA: 0.74467
[Test F1-max]  -  LA: 0.75728
Epoch: 19 | Loss: 0.05750711262226105  | Negative Loss: 0.0
[Test ROC-AUC]  -  SA: 0.00000,  LA: 0.63307
[Test AUPRC]  -  LA: 0.74444
[Test F1-max]  -  LA: 0.75728
Epoch: 20 | Loss: 0.03971252590417862  | Negative Loss: 0.0
[Test ROC-AUC]  -  SA: 0.00000,  LA: 0.63307
[Test AUPRC]  -  LA: 0.74452
[Test F1-max]  -  LA: 0.75728
Epoch: 21 | Loss: 0.027670450508594513  | Negative Loss: 0.0
[Test ROC-AUC]  -  SA: 0.00000,  LA: 0.63572
[Test AUPRC]  -  LA: 0.74557
[Test F1-max]  -  LA: 0.75728
Epoch: 22 | Loss: 0.019459521397948265  | Negative Loss: 0.0
[Test ROC-AUC]  -  SA: 0.00000,  LA: 0.63572
[Test AUPRC]  -  LA: 0.74501
[Test F1-max]  -  LA: 0.75728
Epoch: 23 | Loss: 0.013814391568303108  | Negative Loss: 0.0
[Test ROC-AUC]  -  SA: 0.00000,  LA: 0.63484
[Test AUPRC]  -  LA: 0.74277
[Test F1-max]  -  LA: 0.76000
Epoch: 24 | Loss: 0.009943665936589241  | Negative Loss: 0.0
[Test ROC-AUC]  -  SA: 0.00000,  LA: 0.64191
[Test AUPRC]  -  LA: 0.74608
[Test F1-max]  -  LA: 0.76768
Epoch: 25 | Loss: 0.007242606487125158  | Negative Loss: 0.0
[Test ROC-AUC]  -  SA: 0.00000,  LA: 0.64279
[Test AUPRC]  -  LA: 0.74548
[Test F1-max]  -  LA: 0.77228
Epoch: 26 | Loss: 0.0053426288068294525  | Negative Loss: 0.0
[Test ROC-AUC]  -  SA: 0.00000,  LA: 0.64898
[Test AUPRC]  -  LA: 0.74835
[Test F1-max]  -  LA: 0.78000
Epoch: 27 | Loss: 0.003993569873273373  | Negative Loss: 0.0
[Test ROC-AUC]  -  SA: 0.00000,  LA: 0.65340
[Test AUPRC]  -  LA: 0.75421
[Test F1-max]  -  LA: 0.78000
Epoch: 28 | Loss: 0.0030275648459792137  | Negative Loss: 0.0
[Test ROC-AUC]  -  SA: 0.00000,  LA: 0.65517
[Test AUPRC]  -  LA: 0.75405
[Test F1-max]  -  LA: 0.78000
Epoch: 29 | Loss: 0.002325715497136116  | Negative Loss: 0.0
[Test ROC-AUC]  -  SA: 0.00000,  LA: 0.65429
[Test AUPRC]  -  LA: 0.75325
[Test F1-max]  -  LA: 0.78000
Epoch: 30 | Loss: 0.001810099696740508  | Negative Loss: 0.0
[Test ROC-AUC]  -  SA: 0.00000,  LA: 0.65606
[Test AUPRC]  -  LA: 0.75311
[Test F1-max]  -  LA: 0.77228
Epoch: 31 | Loss: 0.0014282919000834227  | Negative Loss: 0.0
[Test ROC-AUC]  -  SA: 0.00000,  LA: 0.65782
[Test AUPRC]  -  LA: 0.75435
[Test F1-max]  -  LA: 0.77228
Epoch: 32 | Loss: 0.0011422246461734176  | Negative Loss: 0.0
[Test ROC-AUC]  -  SA: 0.00000,  LA: 0.65871
[Test AUPRC]  -  LA: 0.75440
[Test F1-max]  -  LA: 0.77228
Epoch: 33 | Loss: 0.0009260732913389802  | Negative Loss: 0.0
[Test ROC-AUC]  -  SA: 0.00000,  LA: 0.66225
[Test AUPRC]  -  LA: 0.75558
[Test F1-max]  -  LA: 0.77228
Epoch: 34 | Loss: 0.0007600740063935518  | Negative Loss: 0.0
[Test ROC-AUC]  -  SA: 0.00000,  LA: 0.66225
[Test AUPRC]  -  LA: 0.75346
[Test F1-max]  -  LA: 0.77228
Epoch: 35 | Loss: 0.0006320811226032674  | Negative Loss: 0.0
[Test ROC-AUC]  -  SA: 0.00000,  LA: 0.66401
[Test AUPRC]  -  LA: 0.75406
[Test F1-max]  -  LA: 0.77228
Epoch: 36 | Loss: 0.0005316125461831689  | Negative Loss: 0.0
[Test ROC-AUC]  -  SA: 0.00000,  LA: 0.66844
[Test AUPRC]  -  LA: 0.75593
[Test F1-max]  -  LA: 0.77228
Epoch: 37 | Loss: 0.0004523550742305815  | Negative Loss: 0.0
[Test ROC-AUC]  -  SA: 0.00000,  LA: 0.67065
[Test AUPRC]  -  LA: 0.75624
[Test F1-max]  -  LA: 0.77228
Epoch: 38 | Loss: 0.00038906632107682526  | Negative Loss: 0.0
[Test ROC-AUC]  -  SA: 0.00000,  LA: 0.67286
[Test AUPRC]  -  LA: 0.75783
[Test F1-max]  -  LA: 0.77228
Epoch: 39 | Loss: 0.00033817195799201727  | Negative Loss: 0.0
[Test ROC-AUC]  -  SA: 0.00000,  LA: 0.67197
[Test AUPRC]  -  LA: 0.75741
[Test F1-max]  -  LA: 0.77228
Epoch: 40 | Loss: 0.000296692771371454  | Negative Loss: 0.0
[Test ROC-AUC]  -  SA: 0.00000,  LA: 0.67286
[Test AUPRC]  -  LA: 0.75533
[Test F1-max]  -  LA: 0.77228
Epoch: 41 | Loss: 0.00026307982625439763  | Negative Loss: 0.0
[Test ROC-AUC]  -  SA: 0.00000,  LA: 0.67816
[Test AUPRC]  -  LA: 0.76020
[Test F1-max]  -  LA: 0.77228
Epoch: 42 | Loss: 0.00023483022232539952  | Negative Loss: 0.0
[Test ROC-AUC]  -  SA: 0.00000,  LA: 0.67816
[Test AUPRC]  -  LA: 0.76020
[Test F1-max]  -  LA: 0.77228
Epoch: 43 | Loss: 0.0002115866809617728  | Negative Loss: 0.0
[Test ROC-AUC]  -  SA: 0.00000,  LA: 0.67905
[Test AUPRC]  -  LA: 0.76035
[Test F1-max]  -  LA: 0.77228
Epoch: 44 | Loss: 0.00019215725478716195  | Negative Loss: 0.0
[Test ROC-AUC]  -  SA: 0.00000,  LA: 0.68081
[Test AUPRC]  -  LA: 0.76156
[Test F1-max]  -  LA: 0.77228
Epoch: 45 | Loss: 0.0001755884732119739  | Negative Loss: 0.0
[Test ROC-AUC]  -  SA: 0.00000,  LA: 0.68170
[Test AUPRC]  -  LA: 0.76192
[Test F1-max]  -  LA: 0.77228
Epoch: 46 | Loss: 0.00016176121425814927  | Negative Loss: 0.0
[Test ROC-AUC]  -  SA: 0.00000,  LA: 0.68170
[Test AUPRC]  -  LA: 0.76135
[Test F1-max]  -  LA: 0.77228
Epoch: 47 | Loss: 0.00014972190547268838  | Negative Loss: 0.0
[Test ROC-AUC]  -  SA: 0.00000,  LA: 0.68258
[Test AUPRC]  -  LA: 0.76238
[Test F1-max]  -  LA: 0.77228
Epoch: 48 | Loss: 0.00013947056140750647  | Negative Loss: 0.0
[Test ROC-AUC]  -  SA: 0.00000,  LA: 0.68170
[Test AUPRC]  -  LA: 0.76100
[Test F1-max]  -  LA: 0.77228
Epoch: 49 | Loss: 0.00013041116471868008  | Negative Loss: 0.0
[Test ROC-AUC]  -  SA: 0.00000,  LA: 0.68258
[Test AUPRC]  -  LA: 0.76141
[Test F1-max]  -  LA: 0.77228
Epoch: 50 | Loss: 0.0001227821921929717  | Negative Loss: 0.0
[Test ROC-AUC]  -  SA: 0.00000,  LA: 0.68347
[Test AUPRC]  -  LA: 0.76179
[Test F1-max]  -  LA: 0.77228
Epoch: 51 | Loss: 0.00011610682850005105  | Negative Loss: 0.0
[Test ROC-AUC]  -  SA: 0.00000,  LA: 0.68258
[Test AUPRC]  -  LA: 0.76086
[Test F1-max]  -  LA: 0.77228
Epoch: 52 | Loss: 0.00011014666233677417  | Negative Loss: 0.0
[Test ROC-AUC]  -  SA: 0.00000,  LA: 0.68347
[Test AUPRC]  -  LA: 0.76064
[Test F1-max]  -  LA: 0.77228
Epoch: 53 | Loss: 0.00010466328239999712  | Negative Loss: 0.0
[Test ROC-AUC]  -  SA: 0.00000,  LA: 0.68302
[Test AUPRC]  -  LA: 0.76037
[Test F1-max]  -  LA: 0.77228
Epoch: 54 | Loss: 0.00010001432383432984  | Negative Loss: 0.0
[Test ROC-AUC]  -  SA: 0.00000,  LA: 0.68258
[Test AUPRC]  -  LA: 0.76037
[Test F1-max]  -  LA: 0.77228
Epoch: 55 | Loss: 9.584217332303524e-05  | Negative Loss: 0.0
[Test ROC-AUC]  -  SA: 0.00000,  LA: 0.68435
[Test AUPRC]  -  LA: 0.76110
[Test F1-max]  -  LA: 0.77228
Epoch: 56 | Loss: 9.214684541802853e-05  | Negative Loss: 0.0
[Test ROC-AUC]  -  SA: 0.00000,  LA: 0.68523
[Test AUPRC]  -  LA: 0.76141
[Test F1-max]  -  LA: 0.77228
Epoch: 57 | Loss: 8.880912355380133e-05  | Negative Loss: 0.0
[Test ROC-AUC]  -  SA: 0.00000,  LA: 0.68789
[Test AUPRC]  -  LA: 0.76358
[Test F1-max]  -  LA: 0.77228
Epoch: 58 | Loss: 8.570979116484523e-05  | Negative Loss: 0.0
[Test ROC-AUC]  -  SA: 0.00000,  LA: 0.68700
[Test AUPRC]  -  LA: 0.76323
[Test F1-max]  -  LA: 0.77228
Epoch: 59 | Loss: 8.296807936858386e-05  | Negative Loss: 0.0
[Test ROC-AUC]  -  SA: 0.00000,  LA: 0.68789
[Test AUPRC]  -  LA: 0.76363
[Test F1-max]  -  LA: 0.77228
Epoch: 60 | Loss: 8.070319017861038e-05  | Negative Loss: 0.0
[Test ROC-AUC]  -  SA: 0.00000,  LA: 0.68789
[Test AUPRC]  -  LA: 0.76363
[Test F1-max]  -  LA: 0.77228
Epoch: 61 | Loss: 7.855749572627246e-05  | Negative Loss: 0.0
[Test ROC-AUC]  -  SA: 0.00000,  LA: 0.68612
[Test AUPRC]  -  LA: 0.76256
[Test F1-max]  -  LA: 0.77228
Epoch: 62 | Loss: 7.629259198438376e-05  | Negative Loss: 0.0
[Test ROC-AUC]  -  SA: 0.00000,  LA: 0.68612
[Test AUPRC]  -  LA: 0.76256
[Test F1-max]  -  LA: 0.77228
Epoch: 63 | Loss: 7.450451084878296e-05  | Negative Loss: 0.0
[Test ROC-AUC]  -  SA: 0.00000,  LA: 0.68435
[Test AUPRC]  -  LA: 0.76175
[Test F1-max]  -  LA: 0.77228
Epoch: 64 | Loss: 7.271642243722454e-05  | Negative Loss: 0.0
[Test ROC-AUC]  -  SA: 0.00000,  LA: 0.68347
[Test AUPRC]  -  LA: 0.76068
[Test F1-max]  -  LA: 0.77228
Epoch: 65 | Loss: 7.128596189431846e-05  | Negative Loss: 0.0
[Test ROC-AUC]  -  SA: 0.00000,  LA: 0.68347
[Test AUPRC]  -  LA: 0.76068
[Test F1-max]  -  LA: 0.77228
Epoch: 66 | Loss: 6.973628478590399e-05  | Negative Loss: 0.0
[Test ROC-AUC]  -  SA: 0.00000,  LA: 0.68435
[Test AUPRC]  -  LA: 0.76112
[Test F1-max]  -  LA: 0.77228
Epoch: 67 | Loss: 6.854423554614186e-05  | Negative Loss: 0.0
[Test ROC-AUC]  -  SA: 0.00000,  LA: 0.68612
[Test AUPRC]  -  LA: 0.76192
[Test F1-max]  -  LA: 0.77228
Epoch: 68 | Loss: 6.735217175446451e-05  | Negative Loss: 0.0
[Test ROC-AUC]  -  SA: 0.00000,  LA: 0.68612
[Test AUPRC]  -  LA: 0.76192
[Test F1-max]  -  LA: 0.77228
Epoch: 69 | Loss: 6.60409132251516e-05  | Negative Loss: 0.0
[Test ROC-AUC]  -  SA: 0.00000,  LA: 0.68700
[Test AUPRC]  -  LA: 0.76220
[Test F1-max]  -  LA: 0.77228
Epoch: 70 | Loss: 6.496805872302502e-05  | Negative Loss: 0.0
[Test ROC-AUC]  -  SA: 0.00000,  LA: 0.68700
[Test AUPRC]  -  LA: 0.76220
[Test F1-max]  -  LA: 0.77228
Epoch: 71 | Loss: 6.389521149685606e-05  | Negative Loss: 0.0
[Test ROC-AUC]  -  SA: 0.00000,  LA: 0.68700
[Test AUPRC]  -  LA: 0.76220
[Test F1-max]  -  LA: 0.77228
Epoch: 72 | Loss: 6.306076829787344e-05  | Negative Loss: 0.0
[Test ROC-AUC]  -  SA: 0.00000,  LA: 0.68700
[Test AUPRC]  -  LA: 0.76220
[Test F1-max]  -  LA: 0.77228
Epoch: 73 | Loss: 6.210712308529764e-05  | Negative Loss: 0.0
[Test ROC-AUC]  -  SA: 0.00000,  LA: 0.68700
[Test AUPRC]  -  LA: 0.76220
[Test F1-max]  -  LA: 0.77228
Epoch: 74 | Loss: 6.139188189990819e-05  | Negative Loss: 0.0
[Test ROC-AUC]  -  SA: 0.00000,  LA: 0.68523
[Test AUPRC]  -  LA: 0.76086
[Test F1-max]  -  LA: 0.77228
Epoch: 75 | Loss: 6.0557442338904366e-05  | Negative Loss: 0.0
[Test ROC-AUC]  -  SA: 0.00000,  LA: 0.68435
[Test AUPRC]  -  LA: 0.76006
[Test F1-max]  -  LA: 0.77228
Epoch: 76 | Loss: 5.972300277790055e-05  | Negative Loss: 0.0
[Test ROC-AUC]  -  SA: 0.00000,  LA: 0.68347
[Test AUPRC]  -  LA: 0.75938
[Test F1-max]  -  LA: 0.77228
Epoch: 77 | Loss: 5.912697088206187e-05  | Negative Loss: 0.0
[Test ROC-AUC]  -  SA: 0.00000,  LA: 0.68347
[Test AUPRC]  -  LA: 0.75940
[Test F1-max]  -  LA: 0.77228
Epoch: 78 | Loss: 5.829252768307924e-05  | Negative Loss: 0.0
[Test ROC-AUC]  -  SA: 0.00000,  LA: 0.68435
[Test AUPRC]  -  LA: 0.76047
[Test F1-max]  -  LA: 0.77228
Epoch: 79 | Loss: 5.7696495787240565e-05  | Negative Loss: 0.0
[Test ROC-AUC]  -  SA: 0.00000,  LA: 0.68435
[Test AUPRC]  -  LA: 0.76047
[Test F1-max]  -  LA: 0.77228
Epoch: 80 | Loss: 5.698126187780872e-05  | Negative Loss: 0.0
[Test ROC-AUC]  -  SA: 0.00000,  LA: 0.68435
[Test AUPRC]  -  LA: 0.76047
[Test F1-max]  -  LA: 0.77228
Epoch: 81 | Loss: 5.638522998197004e-05  | Negative Loss: 0.0
[Test ROC-AUC]  -  SA: 0.00000,  LA: 0.68435
[Test AUPRC]  -  LA: 0.76047
[Test F1-max]  -  LA: 0.77228
Epoch: 82 | Loss: 5.5908407375682145e-05  | Negative Loss: 0.0
[Test ROC-AUC]  -  SA: 0.00000,  LA: 0.68523
[Test AUPRC]  -  LA: 0.76087
[Test F1-max]  -  LA: 0.77228
Epoch: 83 | Loss: 5.5193166190292686e-05  | Negative Loss: 0.0
[Test ROC-AUC]  -  SA: 0.00000,  LA: 0.68523
[Test AUPRC]  -  LA: 0.76087
[Test F1-max]  -  LA: 0.77228
Epoch: 84 | Loss: 5.459713429445401e-05  | Negative Loss: 0.0
[Test ROC-AUC]  -  SA: 0.00000,  LA: 0.68523
[Test AUPRC]  -  LA: 0.76087
[Test F1-max]  -  LA: 0.77228
Epoch: 85 | Loss: 5.400110603659414e-05  | Negative Loss: 0.0
[Test ROC-AUC]  -  SA: 0.00000,  LA: 0.68523
[Test AUPRC]  -  LA: 0.76087
[Test F1-max]  -  LA: 0.77228
Epoch: 86 | Loss: 5.364348544389941e-05  | Negative Loss: 0.0
[Test ROC-AUC]  -  SA: 0.00000,  LA: 0.68523
[Test AUPRC]  -  LA: 0.76087
[Test F1-max]  -  LA: 0.77228
Epoch: 87 | Loss: 5.2928247896488756e-05  | Negative Loss: 0.0
[Test ROC-AUC]  -  SA: 0.00000,  LA: 0.68700
[Test AUPRC]  -  LA: 0.76171
[Test F1-max]  -  LA: 0.77228
Epoch: 88 | Loss: 5.245142165222205e-05  | Negative Loss: 0.0
[Test ROC-AUC]  -  SA: 0.00000,  LA: 0.68700
[Test AUPRC]  -  LA: 0.76171
[Test F1-max]  -  LA: 0.77228
Epoch: 89 | Loss: 5.197459540795535e-05  | Negative Loss: 0.0
[Test ROC-AUC]  -  SA: 0.00000,  LA: 0.68523
[Test AUPRC]  -  LA: 0.76061
[Test F1-max]  -  LA: 0.77228
Epoch: 90 | Loss: 5.149777280166745e-05  | Negative Loss: 0.0
[Test ROC-AUC]  -  SA: 0.00000,  LA: 0.68435
[Test AUPRC]  -  LA: 0.75954
[Test F1-max]  -  LA: 0.77228
Epoch: 91 | Loss: 5.090173726784997e-05  | Negative Loss: 0.0
[Test ROC-AUC]  -  SA: 0.00000,  LA: 0.68435
[Test AUPRC]  -  LA: 0.75954
[Test F1-max]  -  LA: 0.77228
Epoch: 92 | Loss: 5.042491102358326e-05  | Negative Loss: 0.0
[Test ROC-AUC]  -  SA: 0.00000,  LA: 0.68435
[Test AUPRC]  -  LA: 0.75954
[Test F1-max]  -  LA: 0.77228
Epoch: 93 | Loss: 4.9828879127744585e-05  | Negative Loss: 0.0
[Test ROC-AUC]  -  SA: 0.00000,  LA: 0.68347
[Test AUPRC]  -  LA: 0.75921
[Test F1-max]  -  LA: 0.77228
Epoch: 94 | Loss: 4.9471258535049856e-05  | Negative Loss: 0.0
[Test ROC-AUC]  -  SA: 0.00000,  LA: 0.68435
[Test AUPRC]  -  LA: 0.75964
[Test F1-max]  -  LA: 0.77228
Epoch: 95 | Loss: 4.8875230277189985e-05  | Negative Loss: 0.0
[Test ROC-AUC]  -  SA: 0.00000,  LA: 0.68435
[Test AUPRC]  -  LA: 0.75964
[Test F1-max]  -  LA: 0.77228
Epoch: 96 | Loss: 4.82791947433725e-05  | Negative Loss: 0.0
[Test ROC-AUC]  -  SA: 0.00000,  LA: 0.68435
[Test AUPRC]  -  LA: 0.75964
[Test F1-max]  -  LA: 0.77228
Epoch: 97 | Loss: 4.792157415067777e-05  | Negative Loss: 0.0
[Test ROC-AUC]  -  SA: 0.00000,  LA: 0.68435
[Test AUPRC]  -  LA: 0.75964
[Test F1-max]  -  LA: 0.77228
Epoch: 98 | Loss: 4.732554225483909e-05  | Negative Loss: 0.0
[Test ROC-AUC]  -  SA: 0.00000,  LA: 0.68523
[Test AUPRC]  -  LA: 0.76004
[Test F1-max]  -  LA: 0.77228
Epoch: 99 | Loss: 4.696792166214436e-05  | Negative Loss: 0.0
Time consumption: 99.18481779098511
Best LA AUC: 0.6878868258178603
Best LA AUPC: 0.7636321062268792
Best LA F1-max: 0.78
[Result] Experiment result appended to ./results/train_hybrid_result.csv

[END] 2026-03-19 11:15:33
[RETURN CODE] 0
