[START] 2026-03-19 09:37:02
[GPU] 2
[TASK] 16/160
[NAME] breakfast_winclip
[REPEAT] 6/10
[COMMAND] python train_hybrid.py --data_name breakfast --mask True --text True --double_encoder True --few_shot True --shot 1 --hybrid_model winclip --hybrid_weight 0.3 --hybrid_batch_size 16 --epoch 100 --log True --lr 5e-4 --detection True --preprocess True

/home/seungeon/miniconda3/envs/LAB/lib/python3.10/site-packages/timm/models/layers/__init__.py:48: FutureWarning: Importing from timm.models.layers is deprecated, please import via timm.layers
  warnings.warn(f"Importing from {__name__} is deprecated, please import via timm.layers", FutureWarning)
/home/seungeon/Workspace/side/vlm/train_hybrid.py:18: DeprecationWarning: The distutils package is deprecated and slated for removal in Python 3.12. Use setuptools or check PEP 632 for potential alternatives
  from distutils.util import strtobool
Torch version: 2.9.1+cu128
cuda is loaded for process
here?
In my local computer
Namespace(epoch=100, gpu_number='0', data_name='breakfast', lr=0.0005, batch_size=6, shuffle=True, seed=0, tag='default', model_name='ViT-B-32', pretrained_name='laion2b_s34b_b79k', lora=1, default=False, foundation='CLIP', detection=1, preprocess=1, num_rule=0, object_names=['a mandarin', 'a peach', 'an almonds', 'a banana chips', 'an oat cereal'], objects_for_rules=[['a mandarin'], ['a peach'], ['an oat cereal'], ['an almonds'], ['a banana chips'], ['an almonds', 'a banana chips', 'an oat cereal'], ['an almonds', 'a banana chips']], texts_for_rules=[['mandarins'], ['peach'], ['oat cereal'], ['almonds'], ['banana chips'], ['almonds, banana chips and oat cereal'], ['almonds and banana chips']], mask=1, text=1, score='mean', ciriculam_learning=False, few_shot=1, shot=1, log=1, neg_loss=0, double_encoder=1, pretrained_count_path=None, ris=0, rule_select='', rule_list=[], num_negative=5, hybrid_model='winclip', hybrid_weight=0.3, hybrid_class_name='', hybrid_batch_size=16, hybrid_backbone='ViT-B-16-plus-240', hybrid_pretrained_dataset='laion400m_e32', hybrid_scales=[2, 3], hybrid_img_resize=240, hybrid_img_cropsize=240, hybrid_resolution=400, hybrid_promptad_epoch=100, hybrid_promptad_lr=0.002, hybrid_promptad_momentum=0.9, hybrid_promptad_weight_decay=0.0005, hybrid_promptad_eta_min=1e-05, hybrid_promptad_lambda1=0.001, hybrid_promptad_n_ctx=4, hybrid_promptad_n_pro=3, hybrid_promptad_n_ctx_ab=1, hybrid_promptad_n_pro_ab=4, early_stop_k=10, result_log_path='./results/train_hybrid_result.csv')
[Hybrid] method=winclip, class_name=breakfast_box, train=1, eval=185, base_path=/data3/seungeon/data/image/mvtec_loco_anomaly_detection/breakfast_box
grid 240 16 (15, 15)
[Hybrid-only] LA_AUC=0.66915, LA_AUPRC=0.65359, LA_F1=0.76190
[Data Description]
- Train: 1
- Test: 185

Train Start
[Test ROC-AUC]  -  SA: 0.00000,  LA: 0.70376
[Test AUPRC]  -  LA: 0.74004
[Test F1-max]  -  LA: 0.75285
Epoch: 0 | Loss: 14.515942573547363  | Negative Loss: 0.0
[Test ROC-AUC]  -  SA: 0.00000,  LA: 0.70506
[Test AUPRC]  -  LA: 0.74104
[Test F1-max]  -  LA: 0.75472
Epoch: 1 | Loss: 14.403812408447266  | Negative Loss: 0.0
[Test ROC-AUC]  -  SA: 0.00000,  LA: 0.71391
[Test AUPRC]  -  LA: 0.74720
[Test F1-max]  -  LA: 0.75573
Epoch: 2 | Loss: 12.943031311035156  | Negative Loss: 0.0
[Test ROC-AUC]  -  SA: 0.00000,  LA: 0.72325
[Test AUPRC]  -  LA: 0.75357
[Test F1-max]  -  LA: 0.76923
Epoch: 3 | Loss: 10.656949996948242  | Negative Loss: 0.0
[Test ROC-AUC]  -  SA: 0.00000,  LA: 0.72242
[Test AUPRC]  -  LA: 0.74774
[Test F1-max]  -  LA: 0.78599
Epoch: 4 | Loss: 8.056771278381348  | Negative Loss: 0.0
[Test ROC-AUC]  -  SA: 0.00000,  LA: 0.72230
[Test AUPRC]  -  LA: 0.74203
[Test F1-max]  -  LA: 0.79681
Epoch: 5 | Loss: 5.816422939300537  | Negative Loss: 0.0
[Test ROC-AUC]  -  SA: 0.00000,  LA: 0.72667
[Test AUPRC]  -  LA: 0.73853
[Test F1-max]  -  LA: 0.80000
Epoch: 6 | Loss: 4.180880069732666  | Negative Loss: 0.0
[Test ROC-AUC]  -  SA: 0.00000,  LA: 0.73175
[Test AUPRC]  -  LA: 0.73837
[Test F1-max]  -  LA: 0.80000
Epoch: 7 | Loss: 2.9984021186828613  | Negative Loss: 0.0
[Test ROC-AUC]  -  SA: 0.00000,  LA: 0.73789
[Test AUPRC]  -  LA: 0.74448
[Test F1-max]  -  LA: 0.80321
Epoch: 8 | Loss: 2.177377223968506  | Negative Loss: 0.0
[Test ROC-AUC]  -  SA: 0.00000,  LA: 0.74592
[Test AUPRC]  -  LA: 0.74917
[Test F1-max]  -  LA: 0.80800
Epoch: 9 | Loss: 1.6009151935577393  | Negative Loss: 0.0
[Test ROC-AUC]  -  SA: 0.00000,  LA: 0.75360
[Test AUPRC]  -  LA: 0.75712
[Test F1-max]  -  LA: 0.80800
Epoch: 10 | Loss: 1.173971176147461  | Negative Loss: 0.0
[Test ROC-AUC]  -  SA: 0.00000,  LA: 0.76069
[Test AUPRC]  -  LA: 0.76470
[Test F1-max]  -  LA: 0.80952
Epoch: 11 | Loss: 0.8603568077087402  | Negative Loss: 0.0
[Test ROC-AUC]  -  SA: 0.00000,  LA: 0.76246
[Test AUPRC]  -  LA: 0.76739
[Test F1-max]  -  LA: 0.81275
Epoch: 12 | Loss: 0.636555016040802  | Negative Loss: 0.0
[Test ROC-AUC]  -  SA: 0.00000,  LA: 0.76778
[Test AUPRC]  -  LA: 0.77483
[Test F1-max]  -  LA: 0.81600
Epoch: 13 | Loss: 0.48167142271995544  | Negative Loss: 0.0
[Test ROC-AUC]  -  SA: 0.00000,  LA: 0.77356
[Test AUPRC]  -  LA: 0.78179
[Test F1-max]  -  LA: 0.81148
Epoch: 14 | Loss: 0.37526124715805054  | Negative Loss: 0.0
[Test ROC-AUC]  -  SA: 0.00000,  LA: 0.77622
[Test AUPRC]  -  LA: 0.78446
[Test F1-max]  -  LA: 0.81633
Epoch: 15 | Loss: 0.2962990403175354  | Negative Loss: 0.0
[Test ROC-AUC]  -  SA: 0.00000,  LA: 0.77935
[Test AUPRC]  -  LA: 0.78851
[Test F1-max]  -  LA: 0.81301
Epoch: 16 | Loss: 0.23424090445041656  | Negative Loss: 0.0
[Test ROC-AUC]  -  SA: 0.00000,  LA: 0.78219
[Test AUPRC]  -  LA: 0.79191
[Test F1-max]  -  LA: 0.81667
Epoch: 17 | Loss: 0.18422800302505493  | Negative Loss: 0.0
[Test ROC-AUC]  -  SA: 0.00000,  LA: 0.78148
[Test AUPRC]  -  LA: 0.79293
[Test F1-max]  -  LA: 0.81328
Epoch: 18 | Loss: 0.14306235313415527  | Negative Loss: 0.0
[Test ROC-AUC]  -  SA: 0.00000,  LA: 0.78018
[Test AUPRC]  -  LA: 0.79314
[Test F1-max]  -  LA: 0.81034
Epoch: 19 | Loss: 0.109678253531456  | Negative Loss: 0.0
[Test ROC-AUC]  -  SA: 0.00000,  LA: 0.77947
[Test AUPRC]  -  LA: 0.79408
[Test F1-max]  -  LA: 0.80816
Epoch: 20 | Loss: 0.08301737159490585  | Negative Loss: 0.0
[Test ROC-AUC]  -  SA: 0.00000,  LA: 0.77900
[Test AUPRC]  -  LA: 0.79423
[Test F1-max]  -  LA: 0.80816
Epoch: 21 | Loss: 0.06214521452784538  | Negative Loss: 0.0
[Test ROC-AUC]  -  SA: 0.00000,  LA: 0.77864
[Test AUPRC]  -  LA: 0.79749
[Test F1-max]  -  LA: 0.80816
Epoch: 22 | Loss: 0.04617435485124588  | Negative Loss: 0.0
[Test ROC-AUC]  -  SA: 0.00000,  LA: 0.77841
[Test AUPRC]  -  LA: 0.79504
[Test F1-max]  -  LA: 0.81013
Epoch: 23 | Loss: 0.03423281013965607  | Negative Loss: 0.0
[Test ROC-AUC]  -  SA: 0.00000,  LA: 0.77640
[Test AUPRC]  -  LA: 0.79332
[Test F1-max]  -  LA: 0.80816
Epoch: 24 | Loss: 0.02539704367518425  | Negative Loss: 0.0
[Test ROC-AUC]  -  SA: 0.00000,  LA: 0.77557
[Test AUPRC]  -  LA: 0.78968
[Test F1-max]  -  LA: 0.81481
Epoch: 25 | Loss: 0.018888559192419052  | Negative Loss: 0.0
[Test ROC-AUC]  -  SA: 0.00000,  LA: 0.77309
[Test AUPRC]  -  LA: 0.78675
[Test F1-max]  -  LA: 0.81148
Epoch: 26 | Loss: 0.01413651928305626  | Negative Loss: 0.0
[Test ROC-AUC]  -  SA: 0.00000,  LA: 0.77085
[Test AUPRC]  -  LA: 0.78237
[Test F1-max]  -  LA: 0.80658
[Early Stopping] LA AUROC dropped for 10 consecutive epochs. Stop at epoch 28/100.
Time consumption: 50.78409552574158
Best LA AUC: 0.7821875738247106
Best LA AUPC: 0.7974944370379518
Best LA F1-max: 0.8166666666666667
[Result] Experiment result appended to ./results/train_hybrid_result.csv

[END] 2026-03-19 09:41:13
[RETURN CODE] 0
