[START] 2026-03-19 10:54:07
[GPU] 2
[TASK] 103/160
[NAME] red_splicing_promptad
[REPEAT] 3/10
[COMMAND] python train_hybrid.py --data_name red_splicing --mask True --text True --double_encoder True --few_shot True --shot 5 --hybrid_model promptad --hybrid_weight 0.3 --hybrid_batch_size 16 --epoch 100 --log True --lr 5e-4 --detection True --preprocess True

/home/seungeon/miniconda3/envs/LAB/lib/python3.10/site-packages/timm/models/layers/__init__.py:48: FutureWarning: Importing from timm.models.layers is deprecated, please import via timm.layers
  warnings.warn(f"Importing from {__name__} is deprecated, please import via timm.layers", FutureWarning)
/home/seungeon/Workspace/side/vlm/train_hybrid.py:18: DeprecationWarning: The distutils package is deprecated and slated for removal in Python 3.12. Use setuptools or check PEP 632 for potential alternatives
  from distutils.util import strtobool
Torch version: 2.9.1+cu128
cuda is loaded for process
here?
In my local computer
Namespace(epoch=100, gpu_number='0', data_name='red_splicing', lr=0.0005, batch_size=6, shuffle=True, seed=0, tag='default', model_name='ViT-B-32', pretrained_name='laion2b_s34b_b79k', lora=1, default=False, foundation='CLIP', detection=1, preprocess=1, num_rule=0, object_names=['a photo of orange connector', 'a photo of red cable', 'a photo of yellow cable', 'a photo of blue cable', 'a photo of metal panel'], objects_for_rules=[['a photo of orange connector'], ['a photo of orange connector'], ['a photo of red cable'], ['a photo of red cable'], ['a photo of orange connector'], ['a photo of orange connector', 'a photo of red cable']], texts_for_rules=[['a photo of orange connector'], ['a photo of orange connector'], ['a photo of red cable'], ['a photo of red cable'], ['a photo of orange connector'], ['a photo of orange connector and red cable']], mask=1, text=1, score='mean', ciriculam_learning=False, few_shot=1, shot=5, log=1, neg_loss=0, double_encoder=1, pretrained_count_path=None, ris=0, rule_select='', rule_list=[], num_negative=5, hybrid_model='promptad', hybrid_weight=0.3, hybrid_class_name='', hybrid_batch_size=16, hybrid_backbone='ViT-B-16-plus-240', hybrid_pretrained_dataset='laion400m_e32', hybrid_scales=[2, 3], hybrid_img_resize=240, hybrid_img_cropsize=240, hybrid_resolution=400, hybrid_promptad_epoch=100, hybrid_promptad_lr=0.002, hybrid_promptad_momentum=0.9, hybrid_promptad_weight_decay=0.0005, hybrid_promptad_eta_min=1e-05, hybrid_promptad_lambda1=0.001, hybrid_promptad_n_ctx=4, hybrid_promptad_n_pro=3, hybrid_promptad_n_ctx_ab=1, hybrid_promptad_n_pro_ab=4, early_stop_k=10, result_log_path='./results/train_hybrid_result.csv')
[Hybrid] method=promptad, class_name=splicing_connectors, train=5, eval=89, base_path=/data3/seungeon/data/image/mvtec_loco_anomaly_detection/red_splicing
[Hybrid-only] LA_AUC=0.81658, LA_AUPRC=0.70464, LA_F1=0.80808
[Data Description]
- Train: 5
- Test: 89

Train Start
[Test ROC-AUC]  -  SA: 0.00000,  LA: 0.66990
[Test AUPRC]  -  LA: 0.62961
[Test F1-max]  -  LA: 0.67347
Epoch: 0 | Loss: 13.000330924987793  | Negative Loss: 0.0
[Test ROC-AUC]  -  SA: 0.00000,  LA: 0.67602
[Test AUPRC]  -  LA: 0.63391
[Test F1-max]  -  LA: 0.68000
Epoch: 1 | Loss: 12.9163818359375  | Negative Loss: 0.0
[Test ROC-AUC]  -  SA: 0.00000,  LA: 0.71786
[Test AUPRC]  -  LA: 0.66120
[Test F1-max]  -  LA: 0.70476
Epoch: 2 | Loss: 12.142585754394531  | Negative Loss: 0.0
[Test ROC-AUC]  -  SA: 0.00000,  LA: 0.74388
[Test AUPRC]  -  LA: 0.70229
[Test F1-max]  -  LA: 0.71429
Epoch: 3 | Loss: 10.821385383605957  | Negative Loss: 0.0
[Test ROC-AUC]  -  SA: 0.00000,  LA: 0.73827
[Test AUPRC]  -  LA: 0.69501
[Test F1-max]  -  LA: 0.69811
Epoch: 4 | Loss: 9.145017623901367  | Negative Loss: 0.0
[Test ROC-AUC]  -  SA: 0.00000,  LA: 0.72959
[Test AUPRC]  -  LA: 0.68820
[Test F1-max]  -  LA: 0.71560
Epoch: 5 | Loss: 7.482999801635742  | Negative Loss: 0.0
[Test ROC-AUC]  -  SA: 0.00000,  LA: 0.73929
[Test AUPRC]  -  LA: 0.70645
[Test F1-max]  -  LA: 0.71845
Epoch: 6 | Loss: 6.011441230773926  | Negative Loss: 0.0
[Test ROC-AUC]  -  SA: 0.00000,  LA: 0.75969
[Test AUPRC]  -  LA: 0.71483
[Test F1-max]  -  LA: 0.73684
Epoch: 7 | Loss: 4.772583961486816  | Negative Loss: 0.0
[Test ROC-AUC]  -  SA: 0.00000,  LA: 0.76327
[Test AUPRC]  -  LA: 0.71139
[Test F1-max]  -  LA: 0.74510
Epoch: 8 | Loss: 3.751117467880249  | Negative Loss: 0.0
[Test ROC-AUC]  -  SA: 0.00000,  LA: 0.76837
[Test AUPRC]  -  LA: 0.70817
[Test F1-max]  -  LA: 0.76000
Epoch: 9 | Loss: 2.9102985858917236  | Negative Loss: 0.0
[Test ROC-AUC]  -  SA: 0.00000,  LA: 0.77602
[Test AUPRC]  -  LA: 0.70531
[Test F1-max]  -  LA: 0.76471
Epoch: 10 | Loss: 2.203908920288086  | Negative Loss: 0.0
[Test ROC-AUC]  -  SA: 0.00000,  LA: 0.78163
[Test AUPRC]  -  LA: 0.70714
[Test F1-max]  -  LA: 0.77670
Epoch: 11 | Loss: 1.620086669921875  | Negative Loss: 0.0
[Test ROC-AUC]  -  SA: 0.00000,  LA: 0.78520
[Test AUPRC]  -  LA: 0.70676
[Test F1-max]  -  LA: 0.78431
Epoch: 12 | Loss: 1.139230728149414  | Negative Loss: 0.0
[Test ROC-AUC]  -  SA: 0.00000,  LA: 0.78724
[Test AUPRC]  -  LA: 0.69825
[Test F1-max]  -  LA: 0.78431
Epoch: 13 | Loss: 0.7566546201705933  | Negative Loss: 0.0
[Test ROC-AUC]  -  SA: 0.00000,  LA: 0.78724
[Test AUPRC]  -  LA: 0.69075
[Test F1-max]  -  LA: 0.79208
Epoch: 14 | Loss: 0.4750368893146515  | Negative Loss: 0.0
[Test ROC-AUC]  -  SA: 0.00000,  LA: 0.79031
[Test AUPRC]  -  LA: 0.67883
[Test F1-max]  -  LA: 0.79208
Epoch: 15 | Loss: 0.2836921811103821  | Negative Loss: 0.0
[Test ROC-AUC]  -  SA: 0.00000,  LA: 0.79592
[Test AUPRC]  -  LA: 0.68744
[Test F1-max]  -  LA: 0.79208
Epoch: 16 | Loss: 0.16235820949077606  | Negative Loss: 0.0
[Test ROC-AUC]  -  SA: 0.00000,  LA: 0.79643
[Test AUPRC]  -  LA: 0.66977
[Test F1-max]  -  LA: 0.79208
Epoch: 17 | Loss: 0.09030000120401382  | Negative Loss: 0.0
[Test ROC-AUC]  -  SA: 0.00000,  LA: 0.79745
[Test AUPRC]  -  LA: 0.68491
[Test F1-max]  -  LA: 0.79208
Epoch: 18 | Loss: 0.04921308159828186  | Negative Loss: 0.0
[Test ROC-AUC]  -  SA: 0.00000,  LA: 0.80000
[Test AUPRC]  -  LA: 0.68301
[Test F1-max]  -  LA: 0.79208
Epoch: 19 | Loss: 0.026591498404741287  | Negative Loss: 0.0
[Test ROC-AUC]  -  SA: 0.00000,  LA: 0.80255
[Test AUPRC]  -  LA: 0.68222
[Test F1-max]  -  LA: 0.78000
Epoch: 20 | Loss: 0.014399345964193344  | Negative Loss: 0.0
[Test ROC-AUC]  -  SA: 0.00000,  LA: 0.80255
[Test AUPRC]  -  LA: 0.67965
[Test F1-max]  -  LA: 0.77895
Epoch: 21 | Loss: 0.007852907292544842  | Negative Loss: 0.0
[Test ROC-AUC]  -  SA: 0.00000,  LA: 0.80357
[Test AUPRC]  -  LA: 0.68294
[Test F1-max]  -  LA: 0.77895
Epoch: 22 | Loss: 0.004327218979597092  | Negative Loss: 0.0
[Test ROC-AUC]  -  SA: 0.00000,  LA: 0.80204
[Test AUPRC]  -  LA: 0.69211
[Test F1-max]  -  LA: 0.77895
Epoch: 23 | Loss: 0.0024223874788731337  | Negative Loss: 0.0
[Test ROC-AUC]  -  SA: 0.00000,  LA: 0.80255
[Test AUPRC]  -  LA: 0.69436
[Test F1-max]  -  LA: 0.78723
Epoch: 24 | Loss: 0.0013823939952999353  | Negative Loss: 0.0
[Test ROC-AUC]  -  SA: 0.00000,  LA: 0.80561
[Test AUPRC]  -  LA: 0.70017
[Test F1-max]  -  LA: 0.78723
Epoch: 25 | Loss: 0.0008065158035606146  | Negative Loss: 0.0
[Test ROC-AUC]  -  SA: 0.00000,  LA: 0.80357
[Test AUPRC]  -  LA: 0.69886
[Test F1-max]  -  LA: 0.78723
Epoch: 26 | Loss: 0.00048220643657259643  | Negative Loss: 0.0
[Test ROC-AUC]  -  SA: 0.00000,  LA: 0.81020
[Test AUPRC]  -  LA: 0.71404
[Test F1-max]  -  LA: 0.78723
Epoch: 27 | Loss: 0.00029586206073872745  | Negative Loss: 0.0
[Test ROC-AUC]  -  SA: 0.00000,  LA: 0.81071
[Test AUPRC]  -  LA: 0.71513
[Test F1-max]  -  LA: 0.78723
Epoch: 28 | Loss: 0.00018641367205418646  | Negative Loss: 0.0
[Test ROC-AUC]  -  SA: 0.00000,  LA: 0.81020
[Test AUPRC]  -  LA: 0.71476
[Test F1-max]  -  LA: 0.78723
Epoch: 29 | Loss: 0.00012054209219058976  | Negative Loss: 0.0
[Test ROC-AUC]  -  SA: 0.00000,  LA: 0.81429
[Test AUPRC]  -  LA: 0.72113
[Test F1-max]  -  LA: 0.78723
Epoch: 30 | Loss: 8.013148908503354e-05  | Negative Loss: 0.0
[Test ROC-AUC]  -  SA: 0.00000,  LA: 0.81429
[Test AUPRC]  -  LA: 0.72429
[Test F1-max]  -  LA: 0.78723
Epoch: 31 | Loss: 5.476429214468226e-05  | Negative Loss: 0.0
[Test ROC-AUC]  -  SA: 0.00000,  LA: 0.81480
[Test AUPRC]  -  LA: 0.72738
[Test F1-max]  -  LA: 0.78723
Epoch: 32 | Loss: 3.8289806980174035e-05  | Negative Loss: 0.0
[Test ROC-AUC]  -  SA: 0.00000,  LA: 0.81327
[Test AUPRC]  -  LA: 0.72626
[Test F1-max]  -  LA: 0.78723
Epoch: 33 | Loss: 2.7465708626550622e-05  | Negative Loss: 0.0
[Test ROC-AUC]  -  SA: 0.00000,  LA: 0.81531
[Test AUPRC]  -  LA: 0.73050
[Test F1-max]  -  LA: 0.78723
Epoch: 34 | Loss: 2.019399471464567e-05  | Negative Loss: 0.0
[Test ROC-AUC]  -  SA: 0.00000,  LA: 0.81786
[Test AUPRC]  -  LA: 0.74053
[Test F1-max]  -  LA: 0.78723
Epoch: 35 | Loss: 1.516338852525223e-05  | Negative Loss: 0.0
[Test ROC-AUC]  -  SA: 0.00000,  LA: 0.81837
[Test AUPRC]  -  LA: 0.74085
[Test F1-max]  -  LA: 0.78723
Epoch: 36 | Loss: 1.1610965884756297e-05  | Negative Loss: 0.0
[Test ROC-AUC]  -  SA: 0.00000,  LA: 0.82194
[Test AUPRC]  -  LA: 0.74979
[Test F1-max]  -  LA: 0.78723
Epoch: 37 | Loss: 9.13141957425978e-06  | Negative Loss: 0.0
[Test ROC-AUC]  -  SA: 0.00000,  LA: 0.82041
[Test AUPRC]  -  LA: 0.75003
[Test F1-max]  -  LA: 0.78261
Epoch: 38 | Loss: 7.152550097089261e-06  | Negative Loss: 0.0
[Test ROC-AUC]  -  SA: 0.00000,  LA: 0.82041
[Test AUPRC]  -  LA: 0.74365
[Test F1-max]  -  LA: 0.78261
Epoch: 39 | Loss: 5.865092134627048e-06  | Negative Loss: 0.0
[Test ROC-AUC]  -  SA: 0.00000,  LA: 0.81990
[Test AUPRC]  -  LA: 0.74493
[Test F1-max]  -  LA: 0.78261
Epoch: 40 | Loss: 4.673000603361288e-06  | Negative Loss: 0.0
[Test ROC-AUC]  -  SA: 0.00000,  LA: 0.82092
[Test AUPRC]  -  LA: 0.74732
[Test F1-max]  -  LA: 0.78652
Epoch: 41 | Loss: 3.886220383719774e-06  | Negative Loss: 0.0
[Test ROC-AUC]  -  SA: 0.00000,  LA: 0.82194
[Test AUPRC]  -  LA: 0.74940
[Test F1-max]  -  LA: 0.78652
Epoch: 42 | Loss: 3.337858515806147e-06  | Negative Loss: 0.0
[Test ROC-AUC]  -  SA: 0.00000,  LA: 0.82551
[Test AUPRC]  -  LA: 0.75948
[Test F1-max]  -  LA: 0.78652
Epoch: 43 | Loss: 2.8848633064626483e-06  | Negative Loss: 0.0
[Test ROC-AUC]  -  SA: 0.00000,  LA: 0.82449
[Test AUPRC]  -  LA: 0.75808
[Test F1-max]  -  LA: 0.78652
Epoch: 44 | Loss: 2.4795524495857535e-06  | Negative Loss: 0.0
[Test ROC-AUC]  -  SA: 0.00000,  LA: 0.82653
[Test AUPRC]  -  LA: 0.76319
[Test F1-max]  -  LA: 0.79121
Epoch: 45 | Loss: 2.145766529793036e-06  | Negative Loss: 0.0
[Test ROC-AUC]  -  SA: 0.00000,  LA: 0.82704
[Test AUPRC]  -  LA: 0.76386
[Test F1-max]  -  LA: 0.79121
Epoch: 46 | Loss: 1.9311898995511e-06  | Negative Loss: 0.0
[Test ROC-AUC]  -  SA: 0.00000,  LA: 0.82704
[Test AUPRC]  -  LA: 0.76493
[Test F1-max]  -  LA: 0.79121
Epoch: 47 | Loss: 1.7881388885143679e-06  | Negative Loss: 0.0
[Test ROC-AUC]  -  SA: 0.00000,  LA: 0.82755
[Test AUPRC]  -  LA: 0.76557
[Test F1-max]  -  LA: 0.79121
Epoch: 48 | Loss: 1.549720423099643e-06  | Negative Loss: 0.0
[Test ROC-AUC]  -  SA: 0.00000,  LA: 0.82653
[Test AUPRC]  -  LA: 0.76514
[Test F1-max]  -  LA: 0.79121
Epoch: 49 | Loss: 1.4543530824084883e-06  | Negative Loss: 0.0
[Test ROC-AUC]  -  SA: 0.00000,  LA: 0.82653
[Test AUPRC]  -  LA: 0.76514
[Test F1-max]  -  LA: 0.79121
Epoch: 50 | Loss: 1.2636181736525032e-06  | Negative Loss: 0.0
[Test ROC-AUC]  -  SA: 0.00000,  LA: 0.82602
[Test AUPRC]  -  LA: 0.76428
[Test F1-max]  -  LA: 0.79121
Epoch: 51 | Loss: 1.192092668134137e-06  | Negative Loss: 0.0
[Test ROC-AUC]  -  SA: 0.00000,  LA: 0.82602
[Test AUPRC]  -  LA: 0.76459
[Test F1-max]  -  LA: 0.79121
Epoch: 52 | Loss: 1.1682508329613484e-06  | Negative Loss: 0.0
[Test ROC-AUC]  -  SA: 0.00000,  LA: 0.82602
[Test AUPRC]  -  LA: 0.76442
[Test F1-max]  -  LA: 0.80000
Epoch: 53 | Loss: 1.0967253274429822e-06  | Negative Loss: 0.0
[Test ROC-AUC]  -  SA: 0.00000,  LA: 0.82628
[Test AUPRC]  -  LA: 0.76476
[Test F1-max]  -  LA: 0.80000
Epoch: 54 | Loss: 9.536742027194123e-07  | Negative Loss: 0.0
[Test ROC-AUC]  -  SA: 0.00000,  LA: 0.82653
[Test AUPRC]  -  LA: 0.76553
[Test F1-max]  -  LA: 0.80000
Epoch: 55 | Loss: 9.059904186869971e-07  | Negative Loss: 0.0
[Test ROC-AUC]  -  SA: 0.00000,  LA: 0.82602
[Test AUPRC]  -  LA: 0.76479
[Test F1-max]  -  LA: 0.80000
Epoch: 56 | Loss: 8.821485835142084e-07  | Negative Loss: 0.0
[Test ROC-AUC]  -  SA: 0.00000,  LA: 0.82602
[Test AUPRC]  -  LA: 0.76479
[Test F1-max]  -  LA: 0.80000
Epoch: 57 | Loss: 8.583067483414197e-07  | Negative Loss: 0.0
[Test ROC-AUC]  -  SA: 0.00000,  LA: 0.82602
[Test AUPRC]  -  LA: 0.76479
[Test F1-max]  -  LA: 0.80000
Epoch: 58 | Loss: 8.106230211524235e-07  | Negative Loss: 0.0
[Test ROC-AUC]  -  SA: 0.00000,  LA: 0.82602
[Test AUPRC]  -  LA: 0.76479
[Test F1-max]  -  LA: 0.80000
Epoch: 59 | Loss: 7.867811859796348e-07  | Negative Loss: 0.0
[Test ROC-AUC]  -  SA: 0.00000,  LA: 0.82602
[Test AUPRC]  -  LA: 0.76479
[Test F1-max]  -  LA: 0.80000
Epoch: 60 | Loss: 7.867811859796348e-07  | Negative Loss: 0.0
[Test ROC-AUC]  -  SA: 0.00000,  LA: 0.82602
[Test AUPRC]  -  LA: 0.76479
[Test F1-max]  -  LA: 0.80000
Epoch: 61 | Loss: 7.390975156340573e-07  | Negative Loss: 0.0
[Test ROC-AUC]  -  SA: 0.00000,  LA: 0.82653
[Test AUPRC]  -  LA: 0.76553
[Test F1-max]  -  LA: 0.80000
Epoch: 62 | Loss: 7.152556236178498e-07  | Negative Loss: 0.0
[Test ROC-AUC]  -  SA: 0.00000,  LA: 0.82704
[Test AUPRC]  -  LA: 0.76647
[Test F1-max]  -  LA: 0.80000
Epoch: 63 | Loss: 6.675719532722724e-07  | Negative Loss: 0.0
[Test ROC-AUC]  -  SA: 0.00000,  LA: 0.82755
[Test AUPRC]  -  LA: 0.76719
[Test F1-max]  -  LA: 0.80000
Epoch: 64 | Loss: 6.675719532722724e-07  | Negative Loss: 0.0
[Test ROC-AUC]  -  SA: 0.00000,  LA: 0.82755
[Test AUPRC]  -  LA: 0.76719
[Test F1-max]  -  LA: 0.80000
Epoch: 65 | Loss: 6.675719532722724e-07  | Negative Loss: 0.0
[Test ROC-AUC]  -  SA: 0.00000,  LA: 0.82755
[Test AUPRC]  -  LA: 0.76718
[Test F1-max]  -  LA: 0.80000
Epoch: 66 | Loss: 6.675719532722724e-07  | Negative Loss: 0.0
[Test ROC-AUC]  -  SA: 0.00000,  LA: 0.82755
[Test AUPRC]  -  LA: 0.76719
[Test F1-max]  -  LA: 0.80000
Epoch: 67 | Loss: 6.675719532722724e-07  | Negative Loss: 0.0
[Test ROC-AUC]  -  SA: 0.00000,  LA: 0.82755
[Test AUPRC]  -  LA: 0.76719
[Test F1-max]  -  LA: 0.80000
Epoch: 68 | Loss: 6.198882260832761e-07  | Negative Loss: 0.0
[Test ROC-AUC]  -  SA: 0.00000,  LA: 0.82781
[Test AUPRC]  -  LA: 0.76726
[Test F1-max]  -  LA: 0.80000
Epoch: 69 | Loss: 6.198882260832761e-07  | Negative Loss: 0.0
[Test ROC-AUC]  -  SA: 0.00000,  LA: 0.82755
[Test AUPRC]  -  LA: 0.76617
[Test F1-max]  -  LA: 0.80000
Epoch: 70 | Loss: 6.198882260832761e-07  | Negative Loss: 0.0
[Test ROC-AUC]  -  SA: 0.00000,  LA: 0.82755
[Test AUPRC]  -  LA: 0.76617
[Test F1-max]  -  LA: 0.80000
Epoch: 71 | Loss: 6.198882260832761e-07  | Negative Loss: 0.0
[Test ROC-AUC]  -  SA: 0.00000,  LA: 0.82806
[Test AUPRC]  -  LA: 0.76777
[Test F1-max]  -  LA: 0.80000
Epoch: 72 | Loss: 6.198882260832761e-07  | Negative Loss: 0.0
[Test ROC-AUC]  -  SA: 0.00000,  LA: 0.82806
[Test AUPRC]  -  LA: 0.76777
[Test F1-max]  -  LA: 0.80000
Epoch: 73 | Loss: 5.960463340670685e-07  | Negative Loss: 0.0
[Test ROC-AUC]  -  SA: 0.00000,  LA: 0.82704
[Test AUPRC]  -  LA: 0.76478
[Test F1-max]  -  LA: 0.80000
Epoch: 74 | Loss: 5.483626637214911e-07  | Negative Loss: 0.0
[Test ROC-AUC]  -  SA: 0.00000,  LA: 0.82704
[Test AUPRC]  -  LA: 0.76478
[Test F1-max]  -  LA: 0.80000
Epoch: 75 | Loss: 5.483626637214911e-07  | Negative Loss: 0.0
[Test ROC-AUC]  -  SA: 0.00000,  LA: 0.82704
[Test AUPRC]  -  LA: 0.76478
[Test F1-max]  -  LA: 0.80000
Epoch: 76 | Loss: 5.483626637214911e-07  | Negative Loss: 0.0
[Test ROC-AUC]  -  SA: 0.00000,  LA: 0.82704
[Test AUPRC]  -  LA: 0.76478
[Test F1-max]  -  LA: 0.80000
Epoch: 77 | Loss: 5.483626637214911e-07  | Negative Loss: 0.0
[Test ROC-AUC]  -  SA: 0.00000,  LA: 0.82704
[Test AUPRC]  -  LA: 0.76478
[Test F1-max]  -  LA: 0.80000
Epoch: 78 | Loss: 5.483626637214911e-07  | Negative Loss: 0.0
[Test ROC-AUC]  -  SA: 0.00000,  LA: 0.82704
[Test AUPRC]  -  LA: 0.76478
[Test F1-max]  -  LA: 0.80000
Epoch: 79 | Loss: 5.245208285487024e-07  | Negative Loss: 0.0
[Test ROC-AUC]  -  SA: 0.00000,  LA: 0.82704
[Test AUPRC]  -  LA: 0.76478
[Test F1-max]  -  LA: 0.80000
Epoch: 80 | Loss: 5.245208285487024e-07  | Negative Loss: 0.0
[Test ROC-AUC]  -  SA: 0.00000,  LA: 0.82704
[Test AUPRC]  -  LA: 0.76478
[Test F1-max]  -  LA: 0.80000
Epoch: 81 | Loss: 5.245208285487024e-07  | Negative Loss: 0.0
[Test ROC-AUC]  -  SA: 0.00000,  LA: 0.82704
[Test AUPRC]  -  LA: 0.76478
[Test F1-max]  -  LA: 0.80000
Epoch: 82 | Loss: 5.245208285487024e-07  | Negative Loss: 0.0
[Test ROC-AUC]  -  SA: 0.00000,  LA: 0.82755
[Test AUPRC]  -  LA: 0.76617
[Test F1-max]  -  LA: 0.80000
Epoch: 83 | Loss: 5.006789933759137e-07  | Negative Loss: 0.0
[Test ROC-AUC]  -  SA: 0.00000,  LA: 0.82781
[Test AUPRC]  -  LA: 0.76643
[Test F1-max]  -  LA: 0.80000
Epoch: 84 | Loss: 5.006789933759137e-07  | Negative Loss: 0.0
[Test ROC-AUC]  -  SA: 0.00000,  LA: 0.82806
[Test AUPRC]  -  LA: 0.76668
[Test F1-max]  -  LA: 0.80000
Epoch: 85 | Loss: 5.006789933759137e-07  | Negative Loss: 0.0
[Test ROC-AUC]  -  SA: 0.00000,  LA: 0.82806
[Test AUPRC]  -  LA: 0.76668
[Test F1-max]  -  LA: 0.80000
Epoch: 86 | Loss: 5.006789933759137e-07  | Negative Loss: 0.0
[Test ROC-AUC]  -  SA: 0.00000,  LA: 0.82806
[Test AUPRC]  -  LA: 0.76668
[Test F1-max]  -  LA: 0.80000
Epoch: 87 | Loss: 5.006789933759137e-07  | Negative Loss: 0.0
[Test ROC-AUC]  -  SA: 0.00000,  LA: 0.82755
[Test AUPRC]  -  LA: 0.76498
[Test F1-max]  -  LA: 0.80000
Epoch: 88 | Loss: 5.006789933759137e-07  | Negative Loss: 0.0
[Test ROC-AUC]  -  SA: 0.00000,  LA: 0.82755
[Test AUPRC]  -  LA: 0.76498
[Test F1-max]  -  LA: 0.80000
Epoch: 89 | Loss: 5.006789933759137e-07  | Negative Loss: 0.0
[Test ROC-AUC]  -  SA: 0.00000,  LA: 0.82857
[Test AUPRC]  -  LA: 0.76756
[Test F1-max]  -  LA: 0.80000
Epoch: 90 | Loss: 5.006789933759137e-07  | Negative Loss: 0.0
[Test ROC-AUC]  -  SA: 0.00000,  LA: 0.82857
[Test AUPRC]  -  LA: 0.76756
[Test F1-max]  -  LA: 0.80000
Epoch: 91 | Loss: 5.006789933759137e-07  | Negative Loss: 0.0
[Test ROC-AUC]  -  SA: 0.00000,  LA: 0.82857
[Test AUPRC]  -  LA: 0.76756
[Test F1-max]  -  LA: 0.80000
Epoch: 92 | Loss: 5.006789933759137e-07  | Negative Loss: 0.0
[Test ROC-AUC]  -  SA: 0.00000,  LA: 0.82908
[Test AUPRC]  -  LA: 0.77485
[Test F1-max]  -  LA: 0.80000
Epoch: 93 | Loss: 4.52995237765208e-07  | Negative Loss: 0.0
[Test ROC-AUC]  -  SA: 0.00000,  LA: 0.82985
[Test AUPRC]  -  LA: 0.77738
[Test F1-max]  -  LA: 0.80000
Epoch: 94 | Loss: 4.52995237765208e-07  | Negative Loss: 0.0
[Test ROC-AUC]  -  SA: 0.00000,  LA: 0.83010
[Test AUPRC]  -  LA: 0.77815
[Test F1-max]  -  LA: 0.80000
Epoch: 95 | Loss: 4.52995237765208e-07  | Negative Loss: 0.0
[Test ROC-AUC]  -  SA: 0.00000,  LA: 0.83112
[Test AUPRC]  -  LA: 0.78049
[Test F1-max]  -  LA: 0.80000
Epoch: 96 | Loss: 4.52995237765208e-07  | Negative Loss: 0.0
[Test ROC-AUC]  -  SA: 0.00000,  LA: 0.83112
[Test AUPRC]  -  LA: 0.78068
[Test F1-max]  -  LA: 0.80000
Epoch: 97 | Loss: 4.52995237765208e-07  | Negative Loss: 0.0
[Test ROC-AUC]  -  SA: 0.00000,  LA: 0.83163
[Test AUPRC]  -  LA: 0.78155
[Test F1-max]  -  LA: 0.80000
Epoch: 98 | Loss: 4.52995237765208e-07  | Negative Loss: 0.0
[Test ROC-AUC]  -  SA: 0.00000,  LA: 0.83316
[Test AUPRC]  -  LA: 0.78478
[Test F1-max]  -  LA: 0.80000
Epoch: 99 | Loss: 4.52995237765208e-07  | Negative Loss: 0.0
Time consumption: 110.28745007514954
Best LA AUC: 0.8331632653061225
Best LA AUPC: 0.7847751116172724
Best LA F1-max: 0.7999999999999999
[Result] Experiment result appended to ./results/train_hybrid_result.csv

[END] 2026-03-19 10:57:51
[RETURN CODE] 0
