[START] 2026-03-19 10:19:53
[GPU] 2
[TASK] 65/160
[NAME] blue_splicing_promptad
[REPEAT] 5/10
[COMMAND] python train_hybrid.py --data_name blue_splicing --mask True --text True --double_encoder True --few_shot True --shot 5 --hybrid_model promptad --hybrid_weight 0.3 --hybrid_batch_size 16 --epoch 100 --log True --lr 5e-4 --detection True --preprocess True

/home/seungeon/miniconda3/envs/LAB/lib/python3.10/site-packages/timm/models/layers/__init__.py:48: FutureWarning: Importing from timm.models.layers is deprecated, please import via timm.layers
  warnings.warn(f"Importing from {__name__} is deprecated, please import via timm.layers", FutureWarning)
/home/seungeon/Workspace/side/vlm/train_hybrid.py:18: DeprecationWarning: The distutils package is deprecated and slated for removal in Python 3.12. Use setuptools or check PEP 632 for potential alternatives
  from distutils.util import strtobool
Torch version: 2.9.1+cu128
cuda is loaded for process
here?
In my local computer
Namespace(epoch=100, gpu_number='0', data_name='blue_splicing', lr=0.0005, batch_size=6, shuffle=True, seed=0, tag='default', model_name='ViT-B-32', pretrained_name='laion2b_s34b_b79k', lora=1, default=False, foundation='CLIP', detection=1, preprocess=1, num_rule=0, object_names=['a photo of orange connector', 'a photo of blue cable', 'a photo of yellow cable', 'a photo of red cable', 'a photo of metal panel'], objects_for_rules=[['a photo of orange connector'], ['a photo of orange connector'], ['a photo of blue cable'], ['a photo of blue cable'], ['a photo of orange connector'], ['a photo of orange connector', 'a photo of blue cable']], texts_for_rules=[['a photo of orange connector'], ['a photo of orange connector'], ['a photo of cable'], ['a photo of yellow cable'], ['a photo of blue cable'], ['a photo of orange connector and blue cable']], mask=1, text=1, score='mean', ciriculam_learning=False, few_shot=1, shot=5, log=1, neg_loss=0, double_encoder=1, pretrained_count_path=None, ris=0, rule_select='', rule_list=[], num_negative=5, hybrid_model='promptad', hybrid_weight=0.3, hybrid_class_name='', hybrid_batch_size=16, hybrid_backbone='ViT-B-16-plus-240', hybrid_pretrained_dataset='laion400m_e32', hybrid_scales=[2, 3], hybrid_img_resize=240, hybrid_img_cropsize=240, hybrid_resolution=400, hybrid_promptad_epoch=100, hybrid_promptad_lr=0.002, hybrid_promptad_momentum=0.9, hybrid_promptad_weight_decay=0.0005, hybrid_promptad_eta_min=1e-05, hybrid_promptad_lambda1=0.001, hybrid_promptad_n_ctx=4, hybrid_promptad_n_pro=3, hybrid_promptad_n_ctx_ab=1, hybrid_promptad_n_pro_ab=4, early_stop_k=10, result_log_path='./results/train_hybrid_result.csv')
[Hybrid] method=promptad, class_name=splicing_connectors, train=5, eval=70, base_path=/data3/seungeon/data/image/mvtec_loco_anomaly_detection/blue_splicing
[Hybrid-only] LA_AUC=0.72667, LA_AUPRC=0.75847, LA_F1=0.78788
[Data Description]
- Train: 5
- Test: 70

Train Start
[Test ROC-AUC]  -  SA: 0.00000,  LA: 0.54333
[Test AUPRC]  -  LA: 0.58711
[Test F1-max]  -  LA: 0.75000
Epoch: 0 | Loss: 13.963881492614746  | Negative Loss: 0.0
[Test ROC-AUC]  -  SA: 0.00000,  LA: 0.54750
[Test AUPRC]  -  LA: 0.59399
[Test F1-max]  -  LA: 0.75000
Epoch: 1 | Loss: 13.889325141906738  | Negative Loss: 0.0
[Test ROC-AUC]  -  SA: 0.00000,  LA: 0.56667
[Test AUPRC]  -  LA: 0.59752
[Test F1-max]  -  LA: 0.75472
Epoch: 2 | Loss: 13.02139949798584  | Negative Loss: 0.0
[Test ROC-AUC]  -  SA: 0.00000,  LA: 0.59000
[Test AUPRC]  -  LA: 0.62197
[Test F1-max]  -  LA: 0.75728
Epoch: 3 | Loss: 11.558629035949707  | Negative Loss: 0.0
[Test ROC-AUC]  -  SA: 0.00000,  LA: 0.62333
[Test AUPRC]  -  LA: 0.64713
[Test F1-max]  -  LA: 0.76471
Epoch: 4 | Loss: 9.625460624694824  | Negative Loss: 0.0
[Test ROC-AUC]  -  SA: 0.00000,  LA: 0.64167
[Test AUPRC]  -  LA: 0.66777
[Test F1-max]  -  LA: 0.77228
Epoch: 5 | Loss: 7.634624481201172  | Negative Loss: 0.0
[Test ROC-AUC]  -  SA: 0.00000,  LA: 0.64417
[Test AUPRC]  -  LA: 0.66448
[Test F1-max]  -  LA: 0.78000
Epoch: 6 | Loss: 5.915393352508545  | Negative Loss: 0.0
[Test ROC-AUC]  -  SA: 0.00000,  LA: 0.64000
[Test AUPRC]  -  LA: 0.65734
[Test F1-max]  -  LA: 0.77670
Epoch: 7 | Loss: 4.5706610679626465  | Negative Loss: 0.0
[Test ROC-AUC]  -  SA: 0.00000,  LA: 0.64583
[Test AUPRC]  -  LA: 0.67041
[Test F1-max]  -  LA: 0.77670
Epoch: 8 | Loss: 3.51780366897583  | Negative Loss: 0.0
[Test ROC-AUC]  -  SA: 0.00000,  LA: 0.64417
[Test AUPRC]  -  LA: 0.67165
[Test F1-max]  -  LA: 0.77670
Epoch: 9 | Loss: 2.6525158882141113  | Negative Loss: 0.0
[Test ROC-AUC]  -  SA: 0.00000,  LA: 0.65167
[Test AUPRC]  -  LA: 0.67777
[Test F1-max]  -  LA: 0.78431
Epoch: 10 | Loss: 1.931855320930481  | Negative Loss: 0.0
[Test ROC-AUC]  -  SA: 0.00000,  LA: 0.65583
[Test AUPRC]  -  LA: 0.68455
[Test F1-max]  -  LA: 0.79208
Epoch: 11 | Loss: 1.3399908542633057  | Negative Loss: 0.0
[Test ROC-AUC]  -  SA: 0.00000,  LA: 0.65917
[Test AUPRC]  -  LA: 0.68431
[Test F1-max]  -  LA: 0.79208
Epoch: 12 | Loss: 0.8721702098846436  | Negative Loss: 0.0
[Test ROC-AUC]  -  SA: 0.00000,  LA: 0.66333
[Test AUPRC]  -  LA: 0.68792
[Test F1-max]  -  LA: 0.79208
Epoch: 13 | Loss: 0.5344370603561401  | Negative Loss: 0.0
[Test ROC-AUC]  -  SA: 0.00000,  LA: 0.67083
[Test AUPRC]  -  LA: 0.69166
[Test F1-max]  -  LA: 0.79208
Epoch: 14 | Loss: 0.3119922876358032  | Negative Loss: 0.0
[Test ROC-AUC]  -  SA: 0.00000,  LA: 0.67500
[Test AUPRC]  -  LA: 0.71354
[Test F1-max]  -  LA: 0.79208
Epoch: 15 | Loss: 0.17592597007751465  | Negative Loss: 0.0
[Test ROC-AUC]  -  SA: 0.00000,  LA: 0.67250
[Test AUPRC]  -  LA: 0.70778
[Test F1-max]  -  LA: 0.78431
Epoch: 16 | Loss: 0.09669555723667145  | Negative Loss: 0.0
[Test ROC-AUC]  -  SA: 0.00000,  LA: 0.67750
[Test AUPRC]  -  LA: 0.72315
[Test F1-max]  -  LA: 0.79592
Epoch: 17 | Loss: 0.05233141779899597  | Negative Loss: 0.0
[Test ROC-AUC]  -  SA: 0.00000,  LA: 0.68250
[Test AUPRC]  -  LA: 0.73087
[Test F1-max]  -  LA: 0.79592
Epoch: 18 | Loss: 0.02821246162056923  | Negative Loss: 0.0
[Test ROC-AUC]  -  SA: 0.00000,  LA: 0.68417
[Test AUPRC]  -  LA: 0.73503
[Test F1-max]  -  LA: 0.79592
Epoch: 19 | Loss: 0.015298612415790558  | Negative Loss: 0.0
[Test ROC-AUC]  -  SA: 0.00000,  LA: 0.68417
[Test AUPRC]  -  LA: 0.72823
[Test F1-max]  -  LA: 0.79208
Epoch: 20 | Loss: 0.008414268493652344  | Negative Loss: 0.0
[Test ROC-AUC]  -  SA: 0.00000,  LA: 0.68500
[Test AUPRC]  -  LA: 0.73740
[Test F1-max]  -  LA: 0.79208
Epoch: 21 | Loss: 0.004719749558717012  | Negative Loss: 0.0
[Test ROC-AUC]  -  SA: 0.00000,  LA: 0.69167
[Test AUPRC]  -  LA: 0.74151
[Test F1-max]  -  LA: 0.80000
Epoch: 22 | Loss: 0.002710090484470129  | Negative Loss: 0.0
[Test ROC-AUC]  -  SA: 0.00000,  LA: 0.68833
[Test AUPRC]  -  LA: 0.73607
[Test F1-max]  -  LA: 0.80000
Epoch: 23 | Loss: 0.001596971764229238  | Negative Loss: 0.0
[Test ROC-AUC]  -  SA: 0.00000,  LA: 0.70000
[Test AUPRC]  -  LA: 0.74068
[Test F1-max]  -  LA: 0.80000
Epoch: 24 | Loss: 0.0009687786223366857  | Negative Loss: 0.0
[Test ROC-AUC]  -  SA: 0.00000,  LA: 0.70417
[Test AUPRC]  -  LA: 0.74287
[Test F1-max]  -  LA: 0.80808
Epoch: 25 | Loss: 0.0006048454088158906  | Negative Loss: 0.0
[Test ROC-AUC]  -  SA: 0.00000,  LA: 0.70333
[Test AUPRC]  -  LA: 0.74778
[Test F1-max]  -  LA: 0.81633
Epoch: 26 | Loss: 0.0003881638986058533  | Negative Loss: 0.0
[Test ROC-AUC]  -  SA: 0.00000,  LA: 0.70417
[Test AUPRC]  -  LA: 0.74772
[Test F1-max]  -  LA: 0.81633
Epoch: 27 | Loss: 0.00025564341922290623  | Negative Loss: 0.0
[Test ROC-AUC]  -  SA: 0.00000,  LA: 0.70083
[Test AUPRC]  -  LA: 0.74152
[Test F1-max]  -  LA: 0.81633
Epoch: 28 | Loss: 0.00017299057799391448  | Negative Loss: 0.0
[Test ROC-AUC]  -  SA: 0.00000,  LA: 0.70500
[Test AUPRC]  -  LA: 0.74085
[Test F1-max]  -  LA: 0.81633
Epoch: 29 | Loss: 0.00012013621744699776  | Negative Loss: 0.0
[Test ROC-AUC]  -  SA: 0.00000,  LA: 0.70417
[Test AUPRC]  -  LA: 0.73851
[Test F1-max]  -  LA: 0.80412
Epoch: 30 | Loss: 8.528084435965866e-05  | Negative Loss: 0.0
[Test ROC-AUC]  -  SA: 0.00000,  LA: 0.70250
[Test AUPRC]  -  LA: 0.73415
[Test F1-max]  -  LA: 0.80412
Epoch: 31 | Loss: 6.198804476298392e-05  | Negative Loss: 0.0
[Test ROC-AUC]  -  SA: 0.00000,  LA: 0.70333
[Test AUPRC]  -  LA: 0.73756
[Test F1-max]  -  LA: 0.80412
Epoch: 32 | Loss: 4.58236136182677e-05  | Negative Loss: 0.0
[Test ROC-AUC]  -  SA: 0.00000,  LA: 0.70083
[Test AUPRC]  -  LA: 0.73637
[Test F1-max]  -  LA: 0.80412
Epoch: 33 | Loss: 3.4689652238739654e-05  | Negative Loss: 0.0
[Test ROC-AUC]  -  SA: 0.00000,  LA: 0.69667
[Test AUPRC]  -  LA: 0.73464
[Test F1-max]  -  LA: 0.80412
Epoch: 34 | Loss: 2.6702729883254506e-05  | Negative Loss: 0.0
[Test ROC-AUC]  -  SA: 0.00000,  LA: 0.69583
[Test AUPRC]  -  LA: 0.73691
[Test F1-max]  -  LA: 0.80000
Epoch: 35 | Loss: 2.0933059204253368e-05  | Negative Loss: 0.0
[Test ROC-AUC]  -  SA: 0.00000,  LA: 0.69083
[Test AUPRC]  -  LA: 0.73100
[Test F1-max]  -  LA: 0.79592
Epoch: 36 | Loss: 1.6665400835336186e-05  | Negative Loss: 0.0
[Test ROC-AUC]  -  SA: 0.00000,  LA: 0.69000
[Test AUPRC]  -  LA: 0.73323
[Test F1-max]  -  LA: 0.79592
Epoch: 37 | Loss: 1.332756073679775e-05  | Negative Loss: 0.0
[Test ROC-AUC]  -  SA: 0.00000,  LA: 0.68417
[Test AUPRC]  -  LA: 0.73157
[Test F1-max]  -  LA: 0.79592
Epoch: 38 | Loss: 1.0943386769213248e-05  | Negative Loss: 0.0
[Test ROC-AUC]  -  SA: 0.00000,  LA: 0.68583
[Test AUPRC]  -  LA: 0.73361
[Test F1-max]  -  LA: 0.79592
Epoch: 39 | Loss: 9.083729310077615e-06  | Negative Loss: 0.0
[Test ROC-AUC]  -  SA: 0.00000,  LA: 0.68333
[Test AUPRC]  -  LA: 0.73102
[Test F1-max]  -  LA: 0.79592
Epoch: 40 | Loss: 7.677065696043428e-06  | Negative Loss: 0.0
[Test ROC-AUC]  -  SA: 0.00000,  LA: 0.68375
[Test AUPRC]  -  LA: 0.73418
[Test F1-max]  -  LA: 0.79592
Epoch: 41 | Loss: 6.532659881486325e-06  | Negative Loss: 0.0
[Test ROC-AUC]  -  SA: 0.00000,  LA: 0.68417
[Test AUPRC]  -  LA: 0.73385
[Test F1-max]  -  LA: 0.79592
Epoch: 42 | Loss: 5.507462446985301e-06  | Negative Loss: 0.0
[Test ROC-AUC]  -  SA: 0.00000,  LA: 0.68583
[Test AUPRC]  -  LA: 0.73508
[Test F1-max]  -  LA: 0.79592
Epoch: 43 | Loss: 4.839891971641919e-06  | Negative Loss: 0.0
[Test ROC-AUC]  -  SA: 0.00000,  LA: 0.68083
[Test AUPRC]  -  LA: 0.72815
[Test F1-max]  -  LA: 0.79167
Epoch: 44 | Loss: 4.196162990410812e-06  | Negative Loss: 0.0
[Test ROC-AUC]  -  SA: 0.00000,  LA: 0.67583
[Test AUPRC]  -  LA: 0.72510
[Test F1-max]  -  LA: 0.79167
Epoch: 45 | Loss: 3.6954847928427625e-06  | Negative Loss: 0.0
[Test ROC-AUC]  -  SA: 0.00000,  LA: 0.67500
[Test AUPRC]  -  LA: 0.72294
[Test F1-max]  -  LA: 0.79167
Epoch: 46 | Loss: 3.409383225516649e-06  | Negative Loss: 0.0
[Test ROC-AUC]  -  SA: 0.00000,  LA: 0.67583
[Test AUPRC]  -  LA: 0.72324
[Test F1-max]  -  LA: 0.79167
Epoch: 47 | Loss: 3.0040721412660787e-06  | Negative Loss: 0.0
[Test ROC-AUC]  -  SA: 0.00000,  LA: 0.67750
[Test AUPRC]  -  LA: 0.72525
[Test F1-max]  -  LA: 0.79167
Epoch: 48 | Loss: 2.7179703465662897e-06  | Negative Loss: 0.0
[Test ROC-AUC]  -  SA: 0.00000,  LA: 0.67667
[Test AUPRC]  -  LA: 0.72956
[Test F1-max]  -  LA: 0.78431
Epoch: 49 | Loss: 2.5033937163243536e-06  | Negative Loss: 0.0
[Test ROC-AUC]  -  SA: 0.00000,  LA: 0.67625
[Test AUPRC]  -  LA: 0.73142
[Test F1-max]  -  LA: 0.78431
Epoch: 50 | Loss: 2.312659034942044e-06  | Negative Loss: 0.0
[Test ROC-AUC]  -  SA: 0.00000,  LA: 0.67500
[Test AUPRC]  -  LA: 0.73074
[Test F1-max]  -  LA: 0.78431
Epoch: 51 | Loss: 2.1696080239053117e-06  | Negative Loss: 0.0
[Test ROC-AUC]  -  SA: 0.00000,  LA: 0.67417
[Test AUPRC]  -  LA: 0.73001
[Test F1-max]  -  LA: 0.78431
Epoch: 52 | Loss: 2.002715064008953e-06  | Negative Loss: 0.0
[Test ROC-AUC]  -  SA: 0.00000,  LA: 0.67417
[Test AUPRC]  -  LA: 0.73001
[Test F1-max]  -  LA: 0.78431
Epoch: 53 | Loss: 1.8358223314862698e-06  | Negative Loss: 0.0
[Test ROC-AUC]  -  SA: 0.00000,  LA: 0.67333
[Test AUPRC]  -  LA: 0.72957
[Test F1-max]  -  LA: 0.78431
Epoch: 54 | Loss: 1.7166130419354886e-06  | Negative Loss: 0.0
[Test ROC-AUC]  -  SA: 0.00000,  LA: 0.67333
[Test AUPRC]  -  LA: 0.72899
[Test F1-max]  -  LA: 0.78431
Epoch: 55 | Loss: 1.6450876501039602e-06  | Negative Loss: 0.0
[Test ROC-AUC]  -  SA: 0.00000,  LA: 0.67250
[Test AUPRC]  -  LA: 0.72864
[Test F1-max]  -  LA: 0.78431
Epoch: 56 | Loss: 1.5497203094128054e-06  | Negative Loss: 0.0
[Test ROC-AUC]  -  SA: 0.00000,  LA: 0.67250
[Test AUPRC]  -  LA: 0.72864
[Test F1-max]  -  LA: 0.78431
Epoch: 57 | Loss: 1.4781948038944392e-06  | Negative Loss: 0.0
[Test ROC-AUC]  -  SA: 0.00000,  LA: 0.67417
[Test AUPRC]  -  LA: 0.73236
[Test F1-max]  -  LA: 0.78431
Epoch: 58 | Loss: 1.4066692983760731e-06  | Negative Loss: 0.0
[Test ROC-AUC]  -  SA: 0.00000,  LA: 0.67250
[Test AUPRC]  -  LA: 0.72944
[Test F1-max]  -  LA: 0.78431
Epoch: 59 | Loss: 1.3589854006568203e-06  | Negative Loss: 0.0
[Test ROC-AUC]  -  SA: 0.00000,  LA: 0.67083
[Test AUPRC]  -  LA: 0.72823
[Test F1-max]  -  LA: 0.78431
Epoch: 60 | Loss: 1.3351436791708693e-06  | Negative Loss: 0.0
[Test ROC-AUC]  -  SA: 0.00000,  LA: 0.66875
[Test AUPRC]  -  LA: 0.72535
[Test F1-max]  -  LA: 0.78431
Epoch: 61 | Loss: 1.2874600088252919e-06  | Negative Loss: 0.0
[Test ROC-AUC]  -  SA: 0.00000,  LA: 0.66917
[Test AUPRC]  -  LA: 0.72552
[Test F1-max]  -  LA: 0.78431
Epoch: 62 | Loss: 1.2636180599656655e-06  | Negative Loss: 0.0
[Test ROC-AUC]  -  SA: 0.00000,  LA: 0.66917
[Test AUPRC]  -  LA: 0.72552
[Test F1-max]  -  LA: 0.78431
Epoch: 63 | Loss: 1.192092668134137e-06  | Negative Loss: 0.0
[Test ROC-AUC]  -  SA: 0.00000,  LA: 0.66833
[Test AUPRC]  -  LA: 0.72485
[Test F1-max]  -  LA: 0.78431
Epoch: 64 | Loss: 1.1682507192745106e-06  | Negative Loss: 0.0
[Test ROC-AUC]  -  SA: 0.00000,  LA: 0.66750
[Test AUPRC]  -  LA: 0.72447
[Test F1-max]  -  LA: 0.78431
Epoch: 65 | Loss: 1.144408884101722e-06  | Negative Loss: 0.0
[Test ROC-AUC]  -  SA: 0.00000,  LA: 0.66833
[Test AUPRC]  -  LA: 0.72514
[Test F1-max]  -  LA: 0.78431
Epoch: 66 | Loss: 1.0967251000693068e-06  | Negative Loss: 0.0
[Test ROC-AUC]  -  SA: 0.00000,  LA: 0.66917
[Test AUPRC]  -  LA: 0.72614
[Test F1-max]  -  LA: 0.78431
Epoch: 67 | Loss: 1.0967251000693068e-06  | Negative Loss: 0.0
[Test ROC-AUC]  -  SA: 0.00000,  LA: 0.66917
[Test AUPRC]  -  LA: 0.72631
[Test F1-max]  -  LA: 0.78431
Epoch: 68 | Loss: 1.0728833785833558e-06  | Negative Loss: 0.0
[Test ROC-AUC]  -  SA: 0.00000,  LA: 0.67167
[Test AUPRC]  -  LA: 0.73093
[Test F1-max]  -  LA: 0.78431
Epoch: 69 | Loss: 1.049041543410567e-06  | Negative Loss: 0.0
[Test ROC-AUC]  -  SA: 0.00000,  LA: 0.67250
[Test AUPRC]  -  LA: 0.73131
[Test F1-max]  -  LA: 0.78431
Epoch: 70 | Loss: 1.049041543410567e-06  | Negative Loss: 0.0
[Test ROC-AUC]  -  SA: 0.00000,  LA: 0.67417
[Test AUPRC]  -  LA: 0.73361
[Test F1-max]  -  LA: 0.78431
Epoch: 71 | Loss: 1.0251997082377784e-06  | Negative Loss: 0.0
[Test ROC-AUC]  -  SA: 0.00000,  LA: 0.67583
[Test AUPRC]  -  LA: 0.73513
[Test F1-max]  -  LA: 0.78431
Epoch: 72 | Loss: 1.001357759378152e-06  | Negative Loss: 0.0
[Test ROC-AUC]  -  SA: 0.00000,  LA: 0.67583
[Test AUPRC]  -  LA: 0.73513
[Test F1-max]  -  LA: 0.78431
Epoch: 73 | Loss: 9.77516037892201e-07  | Negative Loss: 0.0
[Test ROC-AUC]  -  SA: 0.00000,  LA: 0.67500
[Test AUPRC]  -  LA: 0.73458
[Test F1-max]  -  LA: 0.78431
Epoch: 74 | Loss: 9.536741458759934e-07  | Negative Loss: 0.0
[Test ROC-AUC]  -  SA: 0.00000,  LA: 0.67583
[Test AUPRC]  -  LA: 0.73672
[Test F1-max]  -  LA: 0.78431
Epoch: 75 | Loss: 9.536741458759934e-07  | Negative Loss: 0.0
[Test ROC-AUC]  -  SA: 0.00000,  LA: 0.67583
[Test AUPRC]  -  LA: 0.73672
[Test F1-max]  -  LA: 0.78431
Epoch: 76 | Loss: 9.298323107032047e-07  | Negative Loss: 0.0
[Test ROC-AUC]  -  SA: 0.00000,  LA: 0.67583
[Test AUPRC]  -  LA: 0.73729
[Test F1-max]  -  LA: 0.78431
Epoch: 77 | Loss: 9.298323107032047e-07  | Negative Loss: 0.0
[Test ROC-AUC]  -  SA: 0.00000,  LA: 0.67583
[Test AUPRC]  -  LA: 0.73747
[Test F1-max]  -  LA: 0.78431
Epoch: 78 | Loss: 9.059904186869971e-07  | Negative Loss: 0.0
[Test ROC-AUC]  -  SA: 0.00000,  LA: 0.67500
[Test AUPRC]  -  LA: 0.73680
[Test F1-max]  -  LA: 0.78431
Epoch: 79 | Loss: 9.059904186869971e-07  | Negative Loss: 0.0
[Test ROC-AUC]  -  SA: 0.00000,  LA: 0.67500
[Test AUPRC]  -  LA: 0.73680
[Test F1-max]  -  LA: 0.78431
Epoch: 80 | Loss: 9.05990475530416e-07  | Negative Loss: 0.0
[Test ROC-AUC]  -  SA: 0.00000,  LA: 0.67500
[Test AUPRC]  -  LA: 0.73680
[Test F1-max]  -  LA: 0.78431
Epoch: 81 | Loss: 8.821485835142084e-07  | Negative Loss: 0.0
[Test ROC-AUC]  -  SA: 0.00000,  LA: 0.67542
[Test AUPRC]  -  LA: 0.73698
[Test F1-max]  -  LA: 0.78431
Epoch: 82 | Loss: 8.583067483414197e-07  | Negative Loss: 0.0
[Test ROC-AUC]  -  SA: 0.00000,  LA: 0.67583
[Test AUPRC]  -  LA: 0.73597
[Test F1-max]  -  LA: 0.78431
Epoch: 83 | Loss: 8.583067483414197e-07  | Negative Loss: 0.0
[Test ROC-AUC]  -  SA: 0.00000,  LA: 0.67500
[Test AUPRC]  -  LA: 0.73243
[Test F1-max]  -  LA: 0.78431
Epoch: 84 | Loss: 8.583067483414197e-07  | Negative Loss: 0.0
[Test ROC-AUC]  -  SA: 0.00000,  LA: 0.67500
[Test AUPRC]  -  LA: 0.73243
[Test F1-max]  -  LA: 0.78431
Epoch: 85 | Loss: 8.583067483414197e-07  | Negative Loss: 0.0
[Test ROC-AUC]  -  SA: 0.00000,  LA: 0.67583
[Test AUPRC]  -  LA: 0.73284
[Test F1-max]  -  LA: 0.78431
Epoch: 86 | Loss: 8.344648563252122e-07  | Negative Loss: 0.0
[Test ROC-AUC]  -  SA: 0.00000,  LA: 0.67583
[Test AUPRC]  -  LA: 0.73284
[Test F1-max]  -  LA: 0.78431
Epoch: 87 | Loss: 8.106230211524235e-07  | Negative Loss: 0.0
[Test ROC-AUC]  -  SA: 0.00000,  LA: 0.67500
[Test AUPRC]  -  LA: 0.73243
[Test F1-max]  -  LA: 0.78431
Epoch: 88 | Loss: 7.867811859796348e-07  | Negative Loss: 0.0
[Test ROC-AUC]  -  SA: 0.00000,  LA: 0.67583
[Test AUPRC]  -  LA: 0.73284
[Test F1-max]  -  LA: 0.78431
Epoch: 89 | Loss: 7.867811859796348e-07  | Negative Loss: 0.0
[Test ROC-AUC]  -  SA: 0.00000,  LA: 0.67500
[Test AUPRC]  -  LA: 0.73051
[Test F1-max]  -  LA: 0.78431
Epoch: 90 | Loss: 7.867811859796348e-07  | Negative Loss: 0.0
[Test ROC-AUC]  -  SA: 0.00000,  LA: 0.67583
[Test AUPRC]  -  LA: 0.73100
[Test F1-max]  -  LA: 0.78431
Epoch: 91 | Loss: 7.867811859796348e-07  | Negative Loss: 0.0
[Test ROC-AUC]  -  SA: 0.00000,  LA: 0.67500
[Test AUPRC]  -  LA: 0.72844
[Test F1-max]  -  LA: 0.78431
Epoch: 92 | Loss: 7.629392939634272e-07  | Negative Loss: 0.0
[Test ROC-AUC]  -  SA: 0.00000,  LA: 0.67500
[Test AUPRC]  -  LA: 0.72844
[Test F1-max]  -  LA: 0.78431
Epoch: 93 | Loss: 7.629392939634272e-07  | Negative Loss: 0.0
[Test ROC-AUC]  -  SA: 0.00000,  LA: 0.67500
[Test AUPRC]  -  LA: 0.72844
[Test F1-max]  -  LA: 0.78431
Epoch: 94 | Loss: 7.629392939634272e-07  | Negative Loss: 0.0
[Test ROC-AUC]  -  SA: 0.00000,  LA: 0.67333
[Test AUPRC]  -  LA: 0.72630
[Test F1-max]  -  LA: 0.78431
Epoch: 95 | Loss: 7.629392939634272e-07  | Negative Loss: 0.0
[Test ROC-AUC]  -  SA: 0.00000,  LA: 0.67417
[Test AUPRC]  -  LA: 0.72678
[Test F1-max]  -  LA: 0.78431
Epoch: 96 | Loss: 7.629392939634272e-07  | Negative Loss: 0.0
[Test ROC-AUC]  -  SA: 0.00000,  LA: 0.67417
[Test AUPRC]  -  LA: 0.72678
[Test F1-max]  -  LA: 0.78431
Epoch: 97 | Loss: 7.629392939634272e-07  | Negative Loss: 0.0
[Test ROC-AUC]  -  SA: 0.00000,  LA: 0.67417
[Test AUPRC]  -  LA: 0.72678
[Test F1-max]  -  LA: 0.78431
Epoch: 98 | Loss: 7.629392939634272e-07  | Negative Loss: 0.0
[Test ROC-AUC]  -  SA: 0.00000,  LA: 0.67333
[Test AUPRC]  -  LA: 0.72603
[Test F1-max]  -  LA: 0.78431
Epoch: 99 | Loss: 7.629392939634272e-07  | Negative Loss: 0.0
Time consumption: 99.16325950622559
Best LA AUC: 0.7050000000000001
Best LA AUPC: 0.7477815409481937
Best LA F1-max: 0.8163265306122449
[Result] Experiment result appended to ./results/train_hybrid_result.csv

[END] 2026-03-19 10:23:28
[RETURN CODE] 0
