[START] 2026-03-19 10:32:57
[GPU] 2
[TASK] 79/160
[NAME] blue_splicing_winclip
[REPEAT] 9/10
[COMMAND] python train_hybrid.py --data_name blue_splicing --mask True --text True --double_encoder True --few_shot True --shot 5 --hybrid_model winclip --hybrid_weight 0.3 --hybrid_batch_size 16 --epoch 100 --log True --lr 5e-4 --detection True --preprocess True

/home/seungeon/miniconda3/envs/LAB/lib/python3.10/site-packages/timm/models/layers/__init__.py:48: FutureWarning: Importing from timm.models.layers is deprecated, please import via timm.layers
  warnings.warn(f"Importing from {__name__} is deprecated, please import via timm.layers", FutureWarning)
/home/seungeon/Workspace/side/vlm/train_hybrid.py:18: DeprecationWarning: The distutils package is deprecated and slated for removal in Python 3.12. Use setuptools or check PEP 632 for potential alternatives
  from distutils.util import strtobool
Torch version: 2.9.1+cu128
cuda is loaded for process
here?
In my local computer
Namespace(epoch=100, gpu_number='0', data_name='blue_splicing', lr=0.0005, batch_size=6, shuffle=True, seed=0, tag='default', model_name='ViT-B-32', pretrained_name='laion2b_s34b_b79k', lora=1, default=False, foundation='CLIP', detection=1, preprocess=1, num_rule=0, object_names=['a photo of orange connector', 'a photo of blue cable', 'a photo of yellow cable', 'a photo of red cable', 'a photo of metal panel'], objects_for_rules=[['a photo of orange connector'], ['a photo of orange connector'], ['a photo of blue cable'], ['a photo of blue cable'], ['a photo of orange connector'], ['a photo of orange connector', 'a photo of blue cable']], texts_for_rules=[['a photo of orange connector'], ['a photo of orange connector'], ['a photo of cable'], ['a photo of yellow cable'], ['a photo of blue cable'], ['a photo of orange connector and blue cable']], mask=1, text=1, score='mean', ciriculam_learning=False, few_shot=1, shot=5, log=1, neg_loss=0, double_encoder=1, pretrained_count_path=None, ris=0, rule_select='', rule_list=[], num_negative=5, hybrid_model='winclip', hybrid_weight=0.3, hybrid_class_name='', hybrid_batch_size=16, hybrid_backbone='ViT-B-16-plus-240', hybrid_pretrained_dataset='laion400m_e32', hybrid_scales=[2, 3], hybrid_img_resize=240, hybrid_img_cropsize=240, hybrid_resolution=400, hybrid_promptad_epoch=100, hybrid_promptad_lr=0.002, hybrid_promptad_momentum=0.9, hybrid_promptad_weight_decay=0.0005, hybrid_promptad_eta_min=1e-05, hybrid_promptad_lambda1=0.001, hybrid_promptad_n_ctx=4, hybrid_promptad_n_pro=3, hybrid_promptad_n_ctx_ab=1, hybrid_promptad_n_pro_ab=4, early_stop_k=10, result_log_path='./results/train_hybrid_result.csv')
[Hybrid] method=winclip, class_name=splicing_connectors, train=5, eval=70, base_path=/data3/seungeon/data/image/mvtec_loco_anomaly_detection/blue_splicing
grid 240 16 (15, 15)
[Hybrid-only] LA_AUC=0.69833, LA_AUPRC=0.72968, LA_F1=0.79592
[Data Description]
- Train: 5
- Test: 70

Train Start
[Test ROC-AUC]  -  SA: 0.00000,  LA: 0.56167
[Test AUPRC]  -  LA: 0.60236
[Test F1-max]  -  LA: 0.77551
Epoch: 0 | Loss: 14.43205451965332  | Negative Loss: 0.0
[Test ROC-AUC]  -  SA: 0.00000,  LA: 0.56667
[Test AUPRC]  -  LA: 0.60642
[Test F1-max]  -  LA: 0.78000
Epoch: 1 | Loss: 14.337438583374023  | Negative Loss: 0.0
[Test ROC-AUC]  -  SA: 0.00000,  LA: 0.59250
[Test AUPRC]  -  LA: 0.60964
[Test F1-max]  -  LA: 0.78788
Epoch: 2 | Loss: 13.38975715637207  | Negative Loss: 0.0
[Test ROC-AUC]  -  SA: 0.00000,  LA: 0.64000
[Test AUPRC]  -  LA: 0.64868
[Test F1-max]  -  LA: 0.79592
Epoch: 3 | Loss: 11.791601181030273  | Negative Loss: 0.0
[Test ROC-AUC]  -  SA: 0.00000,  LA: 0.67750
[Test AUPRC]  -  LA: 0.68790
[Test F1-max]  -  LA: 0.78351
Epoch: 4 | Loss: 9.719120025634766  | Negative Loss: 0.0
[Test ROC-AUC]  -  SA: 0.00000,  LA: 0.70833
[Test AUPRC]  -  LA: 0.72975
[Test F1-max]  -  LA: 0.78000
Epoch: 5 | Loss: 7.523463249206543  | Negative Loss: 0.0
[Test ROC-AUC]  -  SA: 0.00000,  LA: 0.72167
[Test AUPRC]  -  LA: 0.75458
[Test F1-max]  -  LA: 0.78723
Epoch: 6 | Loss: 5.517728328704834  | Negative Loss: 0.0
[Test ROC-AUC]  -  SA: 0.00000,  LA: 0.74417
[Test AUPRC]  -  LA: 0.78425
[Test F1-max]  -  LA: 0.78431
Epoch: 7 | Loss: 3.9579029083251953  | Negative Loss: 0.0
[Test ROC-AUC]  -  SA: 0.00000,  LA: 0.75833
[Test AUPRC]  -  LA: 0.80044
[Test F1-max]  -  LA: 0.79592
Epoch: 8 | Loss: 2.869641065597534  | Negative Loss: 0.0
[Test ROC-AUC]  -  SA: 0.00000,  LA: 0.75583
[Test AUPRC]  -  LA: 0.79817
[Test F1-max]  -  LA: 0.79592
Epoch: 9 | Loss: 2.0982091426849365  | Negative Loss: 0.0
[Test ROC-AUC]  -  SA: 0.00000,  LA: 0.75917
[Test AUPRC]  -  LA: 0.79552
[Test F1-max]  -  LA: 0.80000
Epoch: 10 | Loss: 1.512363314628601  | Negative Loss: 0.0
[Test ROC-AUC]  -  SA: 0.00000,  LA: 0.75500
[Test AUPRC]  -  LA: 0.79037
[Test F1-max]  -  LA: 0.80000
Epoch: 11 | Loss: 1.0541921854019165  | Negative Loss: 0.0
[Test ROC-AUC]  -  SA: 0.00000,  LA: 0.75583
[Test AUPRC]  -  LA: 0.78884
[Test F1-max]  -  LA: 0.81633
Epoch: 12 | Loss: 0.7083866000175476  | Negative Loss: 0.0
[Test ROC-AUC]  -  SA: 0.00000,  LA: 0.76250
[Test AUPRC]  -  LA: 0.79394
[Test F1-max]  -  LA: 0.82474
Epoch: 13 | Loss: 0.45883700251579285  | Negative Loss: 0.0
[Test ROC-AUC]  -  SA: 0.00000,  LA: 0.76250
[Test AUPRC]  -  LA: 0.79172
[Test F1-max]  -  LA: 0.82474
Epoch: 14 | Loss: 0.2881568372249603  | Negative Loss: 0.0
[Test ROC-AUC]  -  SA: 0.00000,  LA: 0.76083
[Test AUPRC]  -  LA: 0.78830
[Test F1-max]  -  LA: 0.83333
Epoch: 15 | Loss: 0.1768670678138733  | Negative Loss: 0.0
[Test ROC-AUC]  -  SA: 0.00000,  LA: 0.75667
[Test AUPRC]  -  LA: 0.78221
[Test F1-max]  -  LA: 0.83333
Epoch: 16 | Loss: 0.10627851635217667  | Negative Loss: 0.0
[Test ROC-AUC]  -  SA: 0.00000,  LA: 0.75083
[Test AUPRC]  -  LA: 0.77108
[Test F1-max]  -  LA: 0.82474
Epoch: 17 | Loss: 0.0630929246544838  | Negative Loss: 0.0
[Test ROC-AUC]  -  SA: 0.00000,  LA: 0.75250
[Test AUPRC]  -  LA: 0.77455
[Test F1-max]  -  LA: 0.82474
Epoch: 18 | Loss: 0.03706968203186989  | Negative Loss: 0.0
[Test ROC-AUC]  -  SA: 0.00000,  LA: 0.75250
[Test AUPRC]  -  LA: 0.77233
[Test F1-max]  -  LA: 0.83871
Epoch: 19 | Loss: 0.021662823855876923  | Negative Loss: 0.0
[Test ROC-AUC]  -  SA: 0.00000,  LA: 0.74667
[Test AUPRC]  -  LA: 0.76716
[Test F1-max]  -  LA: 0.83871
Epoch: 20 | Loss: 0.012666335329413414  | Negative Loss: 0.0
[Test ROC-AUC]  -  SA: 0.00000,  LA: 0.74583
[Test AUPRC]  -  LA: 0.75929
[Test F1-max]  -  LA: 0.83871
Epoch: 21 | Loss: 0.007458635605871677  | Negative Loss: 0.0
[Test ROC-AUC]  -  SA: 0.00000,  LA: 0.73917
[Test AUPRC]  -  LA: 0.75122
[Test F1-max]  -  LA: 0.83333
Epoch: 22 | Loss: 0.0044370898976922035  | Negative Loss: 0.0
[Test ROC-AUC]  -  SA: 0.00000,  LA: 0.73333
[Test AUPRC]  -  LA: 0.74209
[Test F1-max]  -  LA: 0.82979
Epoch: 23 | Loss: 0.0026766620576381683  | Negative Loss: 0.0
[Test ROC-AUC]  -  SA: 0.00000,  LA: 0.73167
[Test AUPRC]  -  LA: 0.74062
[Test F1-max]  -  LA: 0.83333
Epoch: 24 | Loss: 0.0016423207707703114  | Negative Loss: 0.0
[Test ROC-AUC]  -  SA: 0.00000,  LA: 0.72917
[Test AUPRC]  -  LA: 0.73964
[Test F1-max]  -  LA: 0.83333
Epoch: 25 | Loss: 0.001026779878884554  | Negative Loss: 0.0
[Test ROC-AUC]  -  SA: 0.00000,  LA: 0.72333
[Test AUPRC]  -  LA: 0.73584
[Test F1-max]  -  LA: 0.83333
Epoch: 26 | Loss: 0.0006545683136209846  | Negative Loss: 0.0
[Test ROC-AUC]  -  SA: 0.00000,  LA: 0.72167
[Test AUPRC]  -  LA: 0.72806
[Test F1-max]  -  LA: 0.83333
Epoch: 27 | Loss: 0.0004260566784068942  | Negative Loss: 0.0
[Test ROC-AUC]  -  SA: 0.00000,  LA: 0.72083
[Test AUPRC]  -  LA: 0.73045
[Test F1-max]  -  LA: 0.83333
Epoch: 28 | Loss: 0.00028343574376776814  | Negative Loss: 0.0
[Test ROC-AUC]  -  SA: 0.00000,  LA: 0.72083
[Test AUPRC]  -  LA: 0.72191
[Test F1-max]  -  LA: 0.83333
Epoch: 29 | Loss: 0.00019272821373306215  | Negative Loss: 0.0
[Test ROC-AUC]  -  SA: 0.00000,  LA: 0.71833
[Test AUPRC]  -  LA: 0.72019
[Test F1-max]  -  LA: 0.83333
Epoch: 30 | Loss: 0.00013389131345320493  | Negative Loss: 0.0
[Test ROC-AUC]  -  SA: 0.00000,  LA: 0.71583
[Test AUPRC]  -  LA: 0.71897
[Test F1-max]  -  LA: 0.83333
Epoch: 31 | Loss: 9.500749001745135e-05  | Negative Loss: 0.0
[Test ROC-AUC]  -  SA: 0.00000,  LA: 0.71500
[Test AUPRC]  -  LA: 0.71863
[Test F1-max]  -  LA: 0.83333
Epoch: 32 | Loss: 6.880638102302328e-05  | Negative Loss: 0.0
[Test ROC-AUC]  -  SA: 0.00000,  LA: 0.71500
[Test AUPRC]  -  LA: 0.71918
[Test F1-max]  -  LA: 0.83333
Epoch: 33 | Loss: 5.090169725008309e-05  | Negative Loss: 0.0
[Test ROC-AUC]  -  SA: 0.00000,  LA: 0.71500
[Test AUPRC]  -  LA: 0.71918
[Test F1-max]  -  LA: 0.83333
Epoch: 34 | Loss: 3.836116593447514e-05  | Negative Loss: 0.0
[Test ROC-AUC]  -  SA: 0.00000,  LA: 0.71750
[Test AUPRC]  -  LA: 0.72101
[Test F1-max]  -  LA: 0.83333
Epoch: 35 | Loss: 2.9539831302827224e-05  | Negative Loss: 0.0
[Test ROC-AUC]  -  SA: 0.00000,  LA: 0.71750
[Test AUPRC]  -  LA: 0.72406
[Test F1-max]  -  LA: 0.82474
Epoch: 36 | Loss: 2.3150303604779765e-05  | Negative Loss: 0.0
[Test ROC-AUC]  -  SA: 0.00000,  LA: 0.71750
[Test AUPRC]  -  LA: 0.72483
[Test F1-max]  -  LA: 0.82474
Epoch: 37 | Loss: 1.852503373811487e-05  | Negative Loss: 0.0
[Test ROC-AUC]  -  SA: 0.00000,  LA: 0.71667
[Test AUPRC]  -  LA: 0.72421
[Test F1-max]  -  LA: 0.82474
Epoch: 38 | Loss: 1.497262746852357e-05  | Negative Loss: 0.0
[Test ROC-AUC]  -  SA: 0.00000,  LA: 0.71667
[Test AUPRC]  -  LA: 0.72488
[Test F1-max]  -  LA: 0.82474
Epoch: 39 | Loss: 1.2326199794188142e-05  | Negative Loss: 0.0
[Test ROC-AUC]  -  SA: 0.00000,  LA: 0.71500
[Test AUPRC]  -  LA: 0.72394
[Test F1-max]  -  LA: 0.82474
Epoch: 40 | Loss: 1.0371179087087512e-05  | Negative Loss: 0.0
[Test ROC-AUC]  -  SA: 0.00000,  LA: 0.71750
[Test AUPRC]  -  LA: 0.72696
[Test F1-max]  -  LA: 0.82474
Epoch: 41 | Loss: 8.749942026042845e-06  | Negative Loss: 0.0
[Test ROC-AUC]  -  SA: 0.00000,  LA: 0.71667
[Test AUPRC]  -  LA: 0.72639
[Test F1-max]  -  LA: 0.82474
Epoch: 42 | Loss: 7.51017068978399e-06  | Negative Loss: 0.0
[Test ROC-AUC]  -  SA: 0.00000,  LA: 0.71583
[Test AUPRC]  -  LA: 0.72601
[Test F1-max]  -  LA: 0.82474
Epoch: 43 | Loss: 6.628025403188076e-06  | Negative Loss: 0.0
[Test ROC-AUC]  -  SA: 0.00000,  LA: 0.71583
[Test AUPRC]  -  LA: 0.72601
[Test F1-max]  -  LA: 0.82474
Epoch: 44 | Loss: 5.769720701209735e-06  | Negative Loss: 0.0
[Test ROC-AUC]  -  SA: 0.00000,  LA: 0.71583
[Test AUPRC]  -  LA: 0.72601
[Test F1-max]  -  LA: 0.82474
Epoch: 45 | Loss: 5.102150680613704e-06  | Negative Loss: 0.0
[Test ROC-AUC]  -  SA: 0.00000,  LA: 0.71500
[Test AUPRC]  -  LA: 0.72562
[Test F1-max]  -  LA: 0.82474
Epoch: 46 | Loss: 4.5061055971018504e-06  | Negative Loss: 0.0
[Test ROC-AUC]  -  SA: 0.00000,  LA: 0.71500
[Test AUPRC]  -  LA: 0.72562
[Test F1-max]  -  LA: 0.82474
Epoch: 47 | Loss: 4.124636689084582e-06  | Negative Loss: 0.0
[Test ROC-AUC]  -  SA: 0.00000,  LA: 0.71500
[Test AUPRC]  -  LA: 0.72562
[Test F1-max]  -  LA: 0.82474
Epoch: 48 | Loss: 3.6954841107217362e-06  | Negative Loss: 0.0
[Test ROC-AUC]  -  SA: 0.00000,  LA: 0.71500
[Test AUPRC]  -  LA: 0.72562
[Test F1-max]  -  LA: 0.82474
Epoch: 49 | Loss: 3.4332242648815736e-06  | Negative Loss: 0.0
[Test ROC-AUC]  -  SA: 0.00000,  LA: 0.71500
[Test AUPRC]  -  LA: 0.72562
[Test F1-max]  -  LA: 0.82474
Epoch: 50 | Loss: 3.1709641916677356e-06  | Negative Loss: 0.0
[Test ROC-AUC]  -  SA: 0.00000,  LA: 0.71500
[Test AUPRC]  -  LA: 0.72562
[Test F1-max]  -  LA: 0.82474
Epoch: 51 | Loss: 2.9325462946871994e-06  | Negative Loss: 0.0
[Test ROC-AUC]  -  SA: 0.00000,  LA: 0.71500
[Test AUPRC]  -  LA: 0.72562
[Test F1-max]  -  LA: 0.82474
Epoch: 52 | Loss: 2.7656537895381916e-06  | Negative Loss: 0.0
[Test ROC-AUC]  -  SA: 0.00000,  LA: 0.71500
[Test AUPRC]  -  LA: 0.72562
[Test F1-max]  -  LA: 0.82474
Epoch: 53 | Loss: 2.5987606022681575e-06  | Negative Loss: 0.0
[Test ROC-AUC]  -  SA: 0.00000,  LA: 0.71500
[Test AUPRC]  -  LA: 0.72562
[Test F1-max]  -  LA: 0.82474
Epoch: 54 | Loss: 2.4795515400910517e-06  | Negative Loss: 0.0
[Test ROC-AUC]  -  SA: 0.00000,  LA: 0.71500
[Test AUPRC]  -  LA: 0.72562
[Test F1-max]  -  LA: 0.82474
Epoch: 55 | Loss: 2.336500301680644e-06  | Negative Loss: 0.0
[Test ROC-AUC]  -  SA: 0.00000,  LA: 0.71417
[Test AUPRC]  -  LA: 0.72477
[Test F1-max]  -  LA: 0.82474
Epoch: 56 | Loss: 2.3126588075683685e-06  | Negative Loss: 0.0
[Test ROC-AUC]  -  SA: 0.00000,  LA: 0.71417
[Test AUPRC]  -  LA: 0.72477
[Test F1-max]  -  LA: 0.82474
Epoch: 57 | Loss: 2.1934495180175873e-06  | Negative Loss: 0.0
[Test ROC-AUC]  -  SA: 0.00000,  LA: 0.71417
[Test AUPRC]  -  LA: 0.72477
[Test F1-max]  -  LA: 0.82474
Epoch: 58 | Loss: 2.0265565581212286e-06  | Negative Loss: 0.0
[Test ROC-AUC]  -  SA: 0.00000,  LA: 0.71417
[Test AUPRC]  -  LA: 0.72477
[Test F1-max]  -  LA: 0.82474
Epoch: 59 | Loss: 1.9550311662897e-06  | Negative Loss: 0.0
[Test ROC-AUC]  -  SA: 0.00000,  LA: 0.71417
[Test AUPRC]  -  LA: 0.72477
[Test F1-max]  -  LA: 0.82474
Epoch: 60 | Loss: 1.931189444803749e-06  | Negative Loss: 0.0
[Test ROC-AUC]  -  SA: 0.00000,  LA: 0.71417
[Test AUPRC]  -  LA: 0.72477
[Test F1-max]  -  LA: 0.82474
Epoch: 61 | Loss: 1.9073474959441228e-06  | Negative Loss: 0.0
[Test ROC-AUC]  -  SA: 0.00000,  LA: 0.71417
[Test AUPRC]  -  LA: 0.72477
[Test F1-max]  -  LA: 0.82474
Epoch: 62 | Loss: 1.859663939285383e-06  | Negative Loss: 0.0
[Test ROC-AUC]  -  SA: 0.00000,  LA: 0.71417
[Test AUPRC]  -  LA: 0.72477
[Test F1-max]  -  LA: 0.82474
Epoch: 63 | Loss: 1.764296712281066e-06  | Negative Loss: 0.0
[Test ROC-AUC]  -  SA: 0.00000,  LA: 0.71417
[Test AUPRC]  -  LA: 0.72477
[Test F1-max]  -  LA: 0.82474
Epoch: 64 | Loss: 1.7404547634214396e-06  | Negative Loss: 0.0
[Test ROC-AUC]  -  SA: 0.00000,  LA: 0.71417
[Test AUPRC]  -  LA: 0.72477
[Test F1-max]  -  LA: 0.82474
Epoch: 65 | Loss: 1.6450874227302847e-06  | Negative Loss: 0.0
[Test ROC-AUC]  -  SA: 0.00000,  LA: 0.71417
[Test AUPRC]  -  LA: 0.72477
[Test F1-max]  -  LA: 0.82474
Epoch: 66 | Loss: 1.6450874227302847e-06  | Negative Loss: 0.0
[Test ROC-AUC]  -  SA: 0.00000,  LA: 0.71333
[Test AUPRC]  -  LA: 0.72445
[Test F1-max]  -  LA: 0.82474
Epoch: 67 | Loss: 1.621245587557496e-06  | Negative Loss: 0.0
[Test ROC-AUC]  -  SA: 0.00000,  LA: 0.71333
[Test AUPRC]  -  LA: 0.72445
[Test F1-max]  -  LA: 0.82474
Epoch: 68 | Loss: 1.5974037523847073e-06  | Negative Loss: 0.0
[Test ROC-AUC]  -  SA: 0.00000,  LA: 0.71333
[Test AUPRC]  -  LA: 0.72445
[Test F1-max]  -  LA: 0.82474
Epoch: 69 | Loss: 1.597403866071545e-06  | Negative Loss: 0.0
[Test ROC-AUC]  -  SA: 0.00000,  LA: 0.71333
[Test AUPRC]  -  LA: 0.72445
[Test F1-max]  -  LA: 0.82474
Epoch: 70 | Loss: 1.5735619172119186e-06  | Negative Loss: 0.0
[Test ROC-AUC]  -  SA: 0.00000,  LA: 0.71333
[Test AUPRC]  -  LA: 0.72445
[Test F1-max]  -  LA: 0.82474
Epoch: 71 | Loss: 1.5735619172119186e-06  | Negative Loss: 0.0
[Test ROC-AUC]  -  SA: 0.00000,  LA: 0.71333
[Test AUPRC]  -  LA: 0.72445
[Test F1-max]  -  LA: 0.82474
Epoch: 72 | Loss: 1.5020364116935525e-06  | Negative Loss: 0.0
[Test ROC-AUC]  -  SA: 0.00000,  LA: 0.71333
[Test AUPRC]  -  LA: 0.72445
[Test F1-max]  -  LA: 0.82474
Epoch: 73 | Loss: 1.4781946902076015e-06  | Negative Loss: 0.0
[Test ROC-AUC]  -  SA: 0.00000,  LA: 0.71333
[Test AUPRC]  -  LA: 0.72445
[Test F1-max]  -  LA: 0.82474
Epoch: 74 | Loss: 1.454352741347975e-06  | Negative Loss: 0.0
[Test ROC-AUC]  -  SA: 0.00000,  LA: 0.71333
[Test AUPRC]  -  LA: 0.72445
[Test F1-max]  -  LA: 0.82474
Epoch: 75 | Loss: 1.454352741347975e-06  | Negative Loss: 0.0
[Test ROC-AUC]  -  SA: 0.00000,  LA: 0.71333
[Test AUPRC]  -  LA: 0.72445
[Test F1-max]  -  LA: 0.82474
Epoch: 76 | Loss: 1.454352741347975e-06  | Negative Loss: 0.0
[Test ROC-AUC]  -  SA: 0.00000,  LA: 0.71333
[Test AUPRC]  -  LA: 0.72445
[Test F1-max]  -  LA: 0.82474
Epoch: 77 | Loss: 1.454352741347975e-06  | Negative Loss: 0.0
[Test ROC-AUC]  -  SA: 0.00000,  LA: 0.71250
[Test AUPRC]  -  LA: 0.72397
[Test F1-max]  -  LA: 0.82474
Epoch: 78 | Loss: 1.454352741347975e-06  | Negative Loss: 0.0
[Test ROC-AUC]  -  SA: 0.00000,  LA: 0.71250
[Test AUPRC]  -  LA: 0.72397
[Test F1-max]  -  LA: 0.82474
Epoch: 79 | Loss: 1.4305107924883487e-06  | Negative Loss: 0.0
[Test ROC-AUC]  -  SA: 0.00000,  LA: 0.71250
[Test AUPRC]  -  LA: 0.72397
[Test F1-max]  -  LA: 0.82474
Epoch: 80 | Loss: 1.4066688436287222e-06  | Negative Loss: 0.0
[Test ROC-AUC]  -  SA: 0.00000,  LA: 0.71292
[Test AUPRC]  -  LA: 0.72425
[Test F1-max]  -  LA: 0.82474
Epoch: 81 | Loss: 1.4066688436287222e-06  | Negative Loss: 0.0
[Test ROC-AUC]  -  SA: 0.00000,  LA: 0.71417
[Test AUPRC]  -  LA: 0.72514
[Test F1-max]  -  LA: 0.82474
Epoch: 82 | Loss: 1.4066688436287222e-06  | Negative Loss: 0.0
[Test ROC-AUC]  -  SA: 0.00000,  LA: 0.71417
[Test AUPRC]  -  LA: 0.72515
[Test F1-max]  -  LA: 0.82474
Epoch: 83 | Loss: 1.3828271221427713e-06  | Negative Loss: 0.0
[Test ROC-AUC]  -  SA: 0.00000,  LA: 0.71417
[Test AUPRC]  -  LA: 0.72515
[Test F1-max]  -  LA: 0.82474
Epoch: 84 | Loss: 1.3589851732831448e-06  | Negative Loss: 0.0
[Test ROC-AUC]  -  SA: 0.00000,  LA: 0.71500
[Test AUPRC]  -  LA: 0.72691
[Test F1-max]  -  LA: 0.82474
Epoch: 85 | Loss: 1.3589851732831448e-06  | Negative Loss: 0.0
[Test ROC-AUC]  -  SA: 0.00000,  LA: 0.71500
[Test AUPRC]  -  LA: 0.72691
[Test F1-max]  -  LA: 0.82474
Epoch: 86 | Loss: 1.3589851732831448e-06  | Negative Loss: 0.0
[Test ROC-AUC]  -  SA: 0.00000,  LA: 0.71500
[Test AUPRC]  -  LA: 0.72691
[Test F1-max]  -  LA: 0.82474
Epoch: 87 | Loss: 1.3589851732831448e-06  | Negative Loss: 0.0
[Test ROC-AUC]  -  SA: 0.00000,  LA: 0.71500
[Test AUPRC]  -  LA: 0.72691
[Test F1-max]  -  LA: 0.82474
Epoch: 88 | Loss: 1.3351433381103561e-06  | Negative Loss: 0.0
[Test ROC-AUC]  -  SA: 0.00000,  LA: 0.71500
[Test AUPRC]  -  LA: 0.72691
[Test F1-max]  -  LA: 0.82474
Epoch: 89 | Loss: 1.3351433381103561e-06  | Negative Loss: 0.0
[Test ROC-AUC]  -  SA: 0.00000,  LA: 0.71500
[Test AUPRC]  -  LA: 0.72691
[Test F1-max]  -  LA: 0.82474
Epoch: 90 | Loss: 1.3113016166244051e-06  | Negative Loss: 0.0
[Test ROC-AUC]  -  SA: 0.00000,  LA: 0.71417
[Test AUPRC]  -  LA: 0.72630
[Test F1-max]  -  LA: 0.82474
Epoch: 91 | Loss: 1.3113016166244051e-06  | Negative Loss: 0.0
[Test ROC-AUC]  -  SA: 0.00000,  LA: 0.71417
[Test AUPRC]  -  LA: 0.72630
[Test F1-max]  -  LA: 0.82474
Epoch: 92 | Loss: 1.3113017303112429e-06  | Negative Loss: 0.0
[Test ROC-AUC]  -  SA: 0.00000,  LA: 0.71417
[Test AUPRC]  -  LA: 0.72630
[Test F1-max]  -  LA: 0.82474
Epoch: 93 | Loss: 1.3113016166244051e-06  | Negative Loss: 0.0
[Test ROC-AUC]  -  SA: 0.00000,  LA: 0.71417
[Test AUPRC]  -  LA: 0.72630
[Test F1-max]  -  LA: 0.82474
Epoch: 94 | Loss: 1.3113016166244051e-06  | Negative Loss: 0.0
[Test ROC-AUC]  -  SA: 0.00000,  LA: 0.71417
[Test AUPRC]  -  LA: 0.72630
[Test F1-max]  -  LA: 0.82474
Epoch: 95 | Loss: 1.3113016166244051e-06  | Negative Loss: 0.0
[Test ROC-AUC]  -  SA: 0.00000,  LA: 0.71417
[Test AUPRC]  -  LA: 0.72630
[Test F1-max]  -  LA: 0.82474
Epoch: 96 | Loss: 1.3113017303112429e-06  | Negative Loss: 0.0
[Test ROC-AUC]  -  SA: 0.00000,  LA: 0.71417
[Test AUPRC]  -  LA: 0.72630
[Test F1-max]  -  LA: 0.82474
Epoch: 97 | Loss: 1.3113016166244051e-06  | Negative Loss: 0.0
[Test ROC-AUC]  -  SA: 0.00000,  LA: 0.71333
[Test AUPRC]  -  LA: 0.72573
[Test F1-max]  -  LA: 0.82474
Epoch: 98 | Loss: 1.3113015029375674e-06  | Negative Loss: 0.0
[Test ROC-AUC]  -  SA: 0.00000,  LA: 0.71333
[Test AUPRC]  -  LA: 0.72573
[Test F1-max]  -  LA: 0.82474
Epoch: 99 | Loss: 1.3113017303112429e-06  | Negative Loss: 0.0
Time consumption: 99.17444396018982
Best LA AUC: 0.7625
Best LA AUPC: 0.8004421095515967
Best LA F1-max: 0.8387096774193549
[Result] Experiment result appended to ./results/train_hybrid_result.csv

[END] 2026-03-19 10:36:34
[RETURN CODE] 0
