[START] 2026-03-19 09:48:43
[GPU] 2
[TASK] 28/160
[NAME] breakfast_promptad
[REPEAT] 8/10
[COMMAND] python train_hybrid.py --data_name breakfast --mask True --text True --double_encoder True --few_shot True --shot 5 --hybrid_model promptad --hybrid_weight 0.3 --hybrid_batch_size 16 --epoch 100 --log True --lr 5e-4 --detection True --preprocess True

/home/seungeon/miniconda3/envs/LAB/lib/python3.10/site-packages/timm/models/layers/__init__.py:48: FutureWarning: Importing from timm.models.layers is deprecated, please import via timm.layers
  warnings.warn(f"Importing from {__name__} is deprecated, please import via timm.layers", FutureWarning)
/home/seungeon/Workspace/side/vlm/train_hybrid.py:18: DeprecationWarning: The distutils package is deprecated and slated for removal in Python 3.12. Use setuptools or check PEP 632 for potential alternatives
  from distutils.util import strtobool
Torch version: 2.9.1+cu128
cuda is loaded for process
here?
In my local computer
Namespace(epoch=100, gpu_number='0', data_name='breakfast', lr=0.0005, batch_size=6, shuffle=True, seed=0, tag='default', model_name='ViT-B-32', pretrained_name='laion2b_s34b_b79k', lora=1, default=False, foundation='CLIP', detection=1, preprocess=1, num_rule=0, object_names=['a mandarin', 'a peach', 'an almonds', 'a banana chips', 'an oat cereal'], objects_for_rules=[['a mandarin'], ['a peach'], ['an oat cereal'], ['an almonds'], ['a banana chips'], ['an almonds', 'a banana chips', 'an oat cereal'], ['an almonds', 'a banana chips']], texts_for_rules=[['mandarins'], ['peach'], ['oat cereal'], ['almonds'], ['banana chips'], ['almonds, banana chips and oat cereal'], ['almonds and banana chips']], mask=1, text=1, score='mean', ciriculam_learning=False, few_shot=1, shot=5, log=1, neg_loss=0, double_encoder=1, pretrained_count_path=None, ris=0, rule_select='', rule_list=[], num_negative=5, hybrid_model='promptad', hybrid_weight=0.3, hybrid_class_name='', hybrid_batch_size=16, hybrid_backbone='ViT-B-16-plus-240', hybrid_pretrained_dataset='laion400m_e32', hybrid_scales=[2, 3], hybrid_img_resize=240, hybrid_img_cropsize=240, hybrid_resolution=400, hybrid_promptad_epoch=100, hybrid_promptad_lr=0.002, hybrid_promptad_momentum=0.9, hybrid_promptad_weight_decay=0.0005, hybrid_promptad_eta_min=1e-05, hybrid_promptad_lambda1=0.001, hybrid_promptad_n_ctx=4, hybrid_promptad_n_pro=3, hybrid_promptad_n_ctx_ab=1, hybrid_promptad_n_pro_ab=4, early_stop_k=10, result_log_path='./results/train_hybrid_result.csv')
[Hybrid] method=promptad, class_name=breakfast_box, train=5, eval=185, base_path=/data3/seungeon/data/image/mvtec_loco_anomaly_detection/breakfast_box
[Hybrid-only] LA_AUC=0.70966, LA_AUPRC=0.67806, LA_F1=0.79681
[Data Description]
- Train: 5
- Test: 185

Train Start
[Test ROC-AUC]  -  SA: 0.00000,  LA: 0.61800
[Test AUPRC]  -  LA: 0.63556
[Test F1-max]  -  LA: 0.73563
Epoch: 0 | Loss: 14.965765953063965  | Negative Loss: 0.0
[Test ROC-AUC]  -  SA: 0.00000,  LA: 0.62556
[Test AUPRC]  -  LA: 0.64099
[Test F1-max]  -  LA: 0.73563
Epoch: 1 | Loss: 14.850445747375488  | Negative Loss: 0.0
[Test ROC-AUC]  -  SA: 0.00000,  LA: 0.69891
[Test AUPRC]  -  LA: 0.70862
[Test F1-max]  -  LA: 0.76423
Epoch: 2 | Loss: 13.702580451965332  | Negative Loss: 0.0
[Test ROC-AUC]  -  SA: 0.00000,  LA: 0.76034
[Test AUPRC]  -  LA: 0.74619
[Test F1-max]  -  LA: 0.78814
Epoch: 3 | Loss: 11.774998664855957  | Negative Loss: 0.0
[Test ROC-AUC]  -  SA: 0.00000,  LA: 0.78750
[Test AUPRC]  -  LA: 0.75705
[Test F1-max]  -  LA: 0.81057
Epoch: 4 | Loss: 9.389156341552734  | Negative Loss: 0.0
[Test ROC-AUC]  -  SA: 0.00000,  LA: 0.79707
[Test AUPRC]  -  LA: 0.78182
[Test F1-max]  -  LA: 0.81148
Epoch: 5 | Loss: 7.070623874664307  | Negative Loss: 0.0
[Test ROC-AUC]  -  SA: 0.00000,  LA: 0.81006
[Test AUPRC]  -  LA: 0.80630
[Test F1-max]  -  LA: 0.81481
Epoch: 6 | Loss: 5.1364946365356445  | Negative Loss: 0.0
[Test ROC-AUC]  -  SA: 0.00000,  LA: 0.81467
[Test AUPRC]  -  LA: 0.81033
[Test F1-max]  -  LA: 0.82700
Epoch: 7 | Loss: 3.6254470348358154  | Negative Loss: 0.0
[Test ROC-AUC]  -  SA: 0.00000,  LA: 0.82506
[Test AUPRC]  -  LA: 0.81218
[Test F1-max]  -  LA: 0.83898
Epoch: 8 | Loss: 2.526850700378418  | Negative Loss: 0.0
[Test ROC-AUC]  -  SA: 0.00000,  LA: 0.83865
[Test AUPRC]  -  LA: 0.81525
[Test F1-max]  -  LA: 0.84034
Epoch: 9 | Loss: 1.7993383407592773  | Negative Loss: 0.0
[Test ROC-AUC]  -  SA: 0.00000,  LA: 0.85495
[Test AUPRC]  -  LA: 0.82018
[Test F1-max]  -  LA: 0.84979
Epoch: 10 | Loss: 1.3261268138885498  | Negative Loss: 0.0
[Test ROC-AUC]  -  SA: 0.00000,  LA: 0.86995
[Test AUPRC]  -  LA: 0.84163
[Test F1-max]  -  LA: 0.86607
Epoch: 11 | Loss: 0.993803083896637  | Negative Loss: 0.0
[Test ROC-AUC]  -  SA: 0.00000,  LA: 0.87845
[Test AUPRC]  -  LA: 0.85432
[Test F1-max]  -  LA: 0.87336
Epoch: 12 | Loss: 0.7519677877426147  | Negative Loss: 0.0
[Test ROC-AUC]  -  SA: 0.00000,  LA: 0.88590
[Test AUPRC]  -  LA: 0.85869
[Test F1-max]  -  LA: 0.88106
Epoch: 13 | Loss: 0.5768442153930664  | Negative Loss: 0.0
[Test ROC-AUC]  -  SA: 0.00000,  LA: 0.88968
[Test AUPRC]  -  LA: 0.86695
[Test F1-max]  -  LA: 0.88393
Epoch: 14 | Loss: 0.4488414227962494  | Negative Loss: 0.0
[Test ROC-AUC]  -  SA: 0.00000,  LA: 0.89050
[Test AUPRC]  -  LA: 0.86437
[Test F1-max]  -  LA: 0.88000
Epoch: 15 | Loss: 0.34925323724746704  | Negative Loss: 0.0
[Test ROC-AUC]  -  SA: 0.00000,  LA: 0.89529
[Test AUPRC]  -  LA: 0.86242
[Test F1-max]  -  LA: 0.87850
Epoch: 16 | Loss: 0.26786062121391296  | Negative Loss: 0.0
[Test ROC-AUC]  -  SA: 0.00000,  LA: 0.89759
[Test AUPRC]  -  LA: 0.86320
[Test F1-max]  -  LA: 0.88584
Epoch: 17 | Loss: 0.20148392021656036  | Negative Loss: 0.0
[Test ROC-AUC]  -  SA: 0.00000,  LA: 0.89617
[Test AUPRC]  -  LA: 0.86402
[Test F1-max]  -  LA: 0.88584
Epoch: 18 | Loss: 0.14770784974098206  | Negative Loss: 0.0
[Test ROC-AUC]  -  SA: 0.00000,  LA: 0.89121
[Test AUPRC]  -  LA: 0.86100
[Test F1-max]  -  LA: 0.88688
Epoch: 19 | Loss: 0.10545609891414642  | Negative Loss: 0.0
[Test ROC-AUC]  -  SA: 0.00000,  LA: 0.88306
[Test AUPRC]  -  LA: 0.85554
[Test F1-max]  -  LA: 0.87611
Epoch: 20 | Loss: 0.07371747493743896  | Negative Loss: 0.0
[Test ROC-AUC]  -  SA: 0.00000,  LA: 0.87208
[Test AUPRC]  -  LA: 0.84414
[Test F1-max]  -  LA: 0.87719
Epoch: 21 | Loss: 0.05078653618693352  | Negative Loss: 0.0
[Test ROC-AUC]  -  SA: 0.00000,  LA: 0.86440
[Test AUPRC]  -  LA: 0.84373
[Test F1-max]  -  LA: 0.87225
Epoch: 22 | Loss: 0.03466169163584709  | Negative Loss: 0.0
[Test ROC-AUC]  -  SA: 0.00000,  LA: 0.85436
[Test AUPRC]  -  LA: 0.83676
[Test F1-max]  -  LA: 0.86580
Epoch: 23 | Loss: 0.023572511970996857  | Negative Loss: 0.0
[Test ROC-AUC]  -  SA: 0.00000,  LA: 0.84290
[Test AUPRC]  -  LA: 0.82781
[Test F1-max]  -  LA: 0.85714
Epoch: 24 | Loss: 0.01606426201760769  | Negative Loss: 0.0
[Test ROC-AUC]  -  SA: 0.00000,  LA: 0.82471
[Test AUPRC]  -  LA: 0.81363
[Test F1-max]  -  LA: 0.82845
Epoch: 25 | Loss: 0.01098355371505022  | Negative Loss: 0.0
[Test ROC-AUC]  -  SA: 0.00000,  LA: 0.80392
[Test AUPRC]  -  LA: 0.80147
[Test F1-max]  -  LA: 0.82114
Epoch: 26 | Loss: 0.007559002842754126  | Negative Loss: 0.0
[Test ROC-AUC]  -  SA: 0.00000,  LA: 0.78195
[Test AUPRC]  -  LA: 0.78463
[Test F1-max]  -  LA: 0.81452
[Early Stopping] LA AUROC dropped for 10 consecutive epochs. Stop at epoch 28/100.
Time consumption: 51.74676442146301
Best LA AUC: 0.8975903614457831
Best LA AUPC: 0.8669469766522908
Best LA F1-max: 0.8868778280542987
[Result] Experiment result appended to ./results/train_hybrid_result.csv

[END] 2026-03-19 09:51:55
[RETURN CODE] 0
