[START] 2026-03-19 11:37:15
[GPU] 1
[TASK] 154/160
[NAME] yellow_splicing_winclip
[REPEAT] 4/10
[COMMAND] python train_hybrid.py --data_name yellow_splicing --mask True --text True --double_encoder True --few_shot True --shot 5 --hybrid_model winclip --hybrid_weight 0.3 --hybrid_batch_size 16 --epoch 100 --log True --lr 5e-4 --detection True --preprocess True

/home/seungeon/miniconda3/envs/LAB/lib/python3.10/site-packages/timm/models/layers/__init__.py:48: FutureWarning: Importing from timm.models.layers is deprecated, please import via timm.layers
  warnings.warn(f"Importing from {__name__} is deprecated, please import via timm.layers", FutureWarning)
/home/seungeon/Workspace/side/vlm/train_hybrid.py:18: DeprecationWarning: The distutils package is deprecated and slated for removal in Python 3.12. Use setuptools or check PEP 632 for potential alternatives
  from distutils.util import strtobool
Torch version: 2.9.1+cu128
cuda is loaded for process
here?
In my local computer
Namespace(epoch=100, gpu_number='0', data_name='yellow_splicing', lr=0.0005, batch_size=6, shuffle=True, seed=0, tag='default', model_name='ViT-B-32', pretrained_name='laion2b_s34b_b79k', lora=1, default=False, foundation='CLIP', detection=1, preprocess=1, num_rule=0, object_names=['a photo of orange connector', 'a photo of yellow cable', 'a photo of red cable', 'a photo of blue cable', 'a photo of metal panel'], objects_for_rules=[['a photo of orange connector'], ['a photo of orange connector'], ['a photo of yellow cable'], ['a photo of yellow cable'], ['a photo of orange connector'], ['a photo of orange connector', 'a photo of yellow cable']], texts_for_rules=[['a photo of orange connector'], ['a photo of orange connector'], ['a photo of yellow cable'], ['a photo of yellow cable'], ['a photo of orange connector'], ['a photo of orange connector and yellow cable']], mask=1, text=1, score='mean', ciriculam_learning=False, few_shot=1, shot=5, log=1, neg_loss=0, double_encoder=1, pretrained_count_path=None, ris=0, rule_select='', rule_list=[], num_negative=5, hybrid_model='winclip', hybrid_weight=0.3, hybrid_class_name='', hybrid_batch_size=16, hybrid_backbone='ViT-B-16-plus-240', hybrid_pretrained_dataset='laion400m_e32', hybrid_scales=[2, 3], hybrid_img_resize=240, hybrid_img_cropsize=240, hybrid_resolution=400, hybrid_promptad_epoch=100, hybrid_promptad_lr=0.002, hybrid_promptad_momentum=0.9, hybrid_promptad_weight_decay=0.0005, hybrid_promptad_eta_min=1e-05, hybrid_promptad_lambda1=0.001, hybrid_promptad_n_ctx=4, hybrid_promptad_n_pro=3, hybrid_promptad_n_ctx_ab=1, hybrid_promptad_n_pro_ab=4, early_stop_k=10, result_log_path='./results/train_hybrid_result.csv')
[Hybrid] method=winclip, class_name=splicing_connectors, train=5, eval=68, base_path=/data3/seungeon/data/image/mvtec_loco_anomaly_detection/yellow_splicing
grid 240 16 (15, 15)
[Hybrid-only] LA_AUC=0.56410, LA_AUPRC=0.72607, LA_F1=0.73077
[Data Description]
- Train: 5
- Test: 68

Train Start
[Test ROC-AUC]  -  SA: 0.00000,  LA: 0.53316
[Test AUPRC]  -  LA: 0.65200
[Test F1-max]  -  LA: 0.72897
Epoch: 0 | Loss: 13.342071533203125  | Negative Loss: 0.0
[Test ROC-AUC]  -  SA: 0.00000,  LA: 0.53050
[Test AUPRC]  -  LA: 0.64382
[Test F1-max]  -  LA: 0.72897
Epoch: 1 | Loss: 13.272058486938477  | Negative Loss: 0.0
[Test ROC-AUC]  -  SA: 0.00000,  LA: 0.52608
[Test AUPRC]  -  LA: 0.62731
[Test F1-max]  -  LA: 0.73077
Epoch: 2 | Loss: 12.491477966308594  | Negative Loss: 0.0
[Test ROC-AUC]  -  SA: 0.00000,  LA: 0.53404
[Test AUPRC]  -  LA: 0.62987
[Test F1-max]  -  LA: 0.73585
Epoch: 3 | Loss: 11.202399253845215  | Negative Loss: 0.0
[Test ROC-AUC]  -  SA: 0.00000,  LA: 0.54553
[Test AUPRC]  -  LA: 0.64762
[Test F1-max]  -  LA: 0.74286
Epoch: 4 | Loss: 9.55592155456543  | Negative Loss: 0.0
[Test ROC-AUC]  -  SA: 0.00000,  LA: 0.56676
[Test AUPRC]  -  LA: 0.67160
[Test F1-max]  -  LA: 0.74286
Epoch: 5 | Loss: 7.825993061065674  | Negative Loss: 0.0
[Test ROC-AUC]  -  SA: 0.00000,  LA: 0.57648
[Test AUPRC]  -  LA: 0.68268
[Test F1-max]  -  LA: 0.75000
Epoch: 6 | Loss: 6.263981342315674  | Negative Loss: 0.0
[Test ROC-AUC]  -  SA: 0.00000,  LA: 0.58179
[Test AUPRC]  -  LA: 0.68356
[Test F1-max]  -  LA: 0.75000
Epoch: 7 | Loss: 4.942351818084717  | Negative Loss: 0.0
[Test ROC-AUC]  -  SA: 0.00000,  LA: 0.58798
[Test AUPRC]  -  LA: 0.69169
[Test F1-max]  -  LA: 0.75000
Epoch: 8 | Loss: 3.824275016784668  | Negative Loss: 0.0
[Test ROC-AUC]  -  SA: 0.00000,  LA: 0.59416
[Test AUPRC]  -  LA: 0.69248
[Test F1-max]  -  LA: 0.75000
Epoch: 9 | Loss: 2.8591949939727783  | Negative Loss: 0.0
[Test ROC-AUC]  -  SA: 0.00000,  LA: 0.59770
[Test AUPRC]  -  LA: 0.69288
[Test F1-max]  -  LA: 0.75000
Epoch: 10 | Loss: 2.0292112827301025  | Negative Loss: 0.0
[Test ROC-AUC]  -  SA: 0.00000,  LA: 0.60389
[Test AUPRC]  -  LA: 0.69930
[Test F1-max]  -  LA: 0.75000
Epoch: 11 | Loss: 1.3596218824386597  | Negative Loss: 0.0
[Test ROC-AUC]  -  SA: 0.00000,  LA: 0.60743
[Test AUPRC]  -  LA: 0.70184
[Test F1-max]  -  LA: 0.75000
Epoch: 12 | Loss: 0.8648613691329956  | Negative Loss: 0.0
[Test ROC-AUC]  -  SA: 0.00000,  LA: 0.60920
[Test AUPRC]  -  LA: 0.70086
[Test F1-max]  -  LA: 0.75000
Epoch: 13 | Loss: 0.5273956656455994  | Negative Loss: 0.0
[Test ROC-AUC]  -  SA: 0.00000,  LA: 0.61627
[Test AUPRC]  -  LA: 0.69931
[Test F1-max]  -  LA: 0.75000
Epoch: 14 | Loss: 0.3118193745613098  | Negative Loss: 0.0
[Test ROC-AUC]  -  SA: 0.00000,  LA: 0.61096
[Test AUPRC]  -  LA: 0.69250
[Test F1-max]  -  LA: 0.75000
Epoch: 15 | Loss: 0.18182724714279175  | Negative Loss: 0.0
[Test ROC-AUC]  -  SA: 0.00000,  LA: 0.61185
[Test AUPRC]  -  LA: 0.69355
[Test F1-max]  -  LA: 0.76596
Epoch: 16 | Loss: 0.10547324270009995  | Negative Loss: 0.0
[Test ROC-AUC]  -  SA: 0.00000,  LA: 0.61096
[Test AUPRC]  -  LA: 0.69468
[Test F1-max]  -  LA: 0.75789
Epoch: 17 | Loss: 0.06104998290538788  | Negative Loss: 0.0
[Test ROC-AUC]  -  SA: 0.00000,  LA: 0.60035
[Test AUPRC]  -  LA: 0.68384
[Test F1-max]  -  LA: 0.75000
Epoch: 18 | Loss: 0.035073861479759216  | Negative Loss: 0.0
[Test ROC-AUC]  -  SA: 0.00000,  LA: 0.59947
[Test AUPRC]  -  LA: 0.68336
[Test F1-max]  -  LA: 0.75728
Epoch: 19 | Loss: 0.02002618834376335  | Negative Loss: 0.0
[Test ROC-AUC]  -  SA: 0.00000,  LA: 0.60389
[Test AUPRC]  -  LA: 0.68937
[Test F1-max]  -  LA: 0.75728
Epoch: 20 | Loss: 0.011433850042521954  | Negative Loss: 0.0
[Test ROC-AUC]  -  SA: 0.00000,  LA: 0.60124
[Test AUPRC]  -  LA: 0.69111
[Test F1-max]  -  LA: 0.75728
Epoch: 21 | Loss: 0.006549050100147724  | Negative Loss: 0.0
[Test ROC-AUC]  -  SA: 0.00000,  LA: 0.60212
[Test AUPRC]  -  LA: 0.70296
[Test F1-max]  -  LA: 0.75000
Epoch: 22 | Loss: 0.0037794283125549555  | Negative Loss: 0.0
[Test ROC-AUC]  -  SA: 0.00000,  LA: 0.60831
[Test AUPRC]  -  LA: 0.71183
[Test F1-max]  -  LA: 0.75000
Epoch: 23 | Loss: 0.002205297350883484  | Negative Loss: 0.0
[Test ROC-AUC]  -  SA: 0.00000,  LA: 0.60831
[Test AUPRC]  -  LA: 0.71041
[Test F1-max]  -  LA: 0.75000
Epoch: 24 | Loss: 0.0013064764207229018  | Negative Loss: 0.0
[Test ROC-AUC]  -  SA: 0.00000,  LA: 0.60389
[Test AUPRC]  -  LA: 0.70872
[Test F1-max]  -  LA: 0.75000
Epoch: 25 | Loss: 0.0007885287050157785  | Negative Loss: 0.0
[Test ROC-AUC]  -  SA: 0.00000,  LA: 0.60389
[Test AUPRC]  -  LA: 0.70684
[Test F1-max]  -  LA: 0.75000
Epoch: 26 | Loss: 0.00048532013897784054  | Negative Loss: 0.0
[Test ROC-AUC]  -  SA: 0.00000,  LA: 0.59859
[Test AUPRC]  -  LA: 0.70579
[Test F1-max]  -  LA: 0.74286
Epoch: 27 | Loss: 0.0003051547100767493  | Negative Loss: 0.0
[Test ROC-AUC]  -  SA: 0.00000,  LA: 0.59682
[Test AUPRC]  -  LA: 0.70871
[Test F1-max]  -  LA: 0.74286
Epoch: 28 | Loss: 0.00019640036043711007  | Negative Loss: 0.0
[Test ROC-AUC]  -  SA: 0.00000,  LA: 0.59593
[Test AUPRC]  -  LA: 0.70884
[Test F1-max]  -  LA: 0.74286
Epoch: 29 | Loss: 0.00012936201528646052  | Negative Loss: 0.0
[Test ROC-AUC]  -  SA: 0.00000,  LA: 0.60035
[Test AUPRC]  -  LA: 0.71639
[Test F1-max]  -  LA: 0.74286
Epoch: 30 | Loss: 8.72117088874802e-05  | Negative Loss: 0.0
[Test ROC-AUC]  -  SA: 0.00000,  LA: 0.59770
[Test AUPRC]  -  LA: 0.71557
[Test F1-max]  -  LA: 0.74286
Epoch: 31 | Loss: 6.0080612456658855e-05  | Negative Loss: 0.0
[Test ROC-AUC]  -  SA: 0.00000,  LA: 0.59328
[Test AUPRC]  -  LA: 0.71020
[Test F1-max]  -  LA: 0.74286
Epoch: 32 | Loss: 4.2438070522621274e-05  | Negative Loss: 0.0
[Test ROC-AUC]  -  SA: 0.00000,  LA: 0.59151
[Test AUPRC]  -  LA: 0.71121
[Test F1-max]  -  LA: 0.74286
Epoch: 33 | Loss: 3.0588871595682576e-05  | Negative Loss: 0.0
[Test ROC-AUC]  -  SA: 0.00000,  LA: 0.58886
[Test AUPRC]  -  LA: 0.70587
[Test F1-max]  -  LA: 0.74286
Epoch: 34 | Loss: 2.2554269889951684e-05  | Negative Loss: 0.0
[Test ROC-AUC]  -  SA: 0.00000,  LA: 0.58886
[Test AUPRC]  -  LA: 0.70603
[Test F1-max]  -  LA: 0.74286
Epoch: 35 | Loss: 1.6975329344859347e-05  | Negative Loss: 0.0
[Test ROC-AUC]  -  SA: 0.00000,  LA: 0.58798
[Test AUPRC]  -  LA: 0.70656
[Test F1-max]  -  LA: 0.74286
Epoch: 36 | Loss: 1.3065295206615701e-05  | Negative Loss: 0.0
[Test ROC-AUC]  -  SA: 0.00000,  LA: 0.59063
[Test AUPRC]  -  LA: 0.70905
[Test F1-max]  -  LA: 0.74286
Epoch: 37 | Loss: 1.0180445315199904e-05  | Negative Loss: 0.0
[Test ROC-AUC]  -  SA: 0.00000,  LA: 0.59063
[Test AUPRC]  -  LA: 0.70982
[Test F1-max]  -  LA: 0.74286
Epoch: 38 | Loss: 8.010847523109987e-06  | Negative Loss: 0.0
[Test ROC-AUC]  -  SA: 0.00000,  LA: 0.59063
[Test AUPRC]  -  LA: 0.71018
[Test F1-max]  -  LA: 0.74286
Epoch: 39 | Loss: 6.508815658889944e-06  | Negative Loss: 0.0
[Test ROC-AUC]  -  SA: 0.00000,  LA: 0.58974
[Test AUPRC]  -  LA: 0.70920
[Test F1-max]  -  LA: 0.74286
Epoch: 40 | Loss: 5.340568350220565e-06  | Negative Loss: 0.0
[Test ROC-AUC]  -  SA: 0.00000,  LA: 0.59063
[Test AUPRC]  -  LA: 0.71043
[Test F1-max]  -  LA: 0.74286
Epoch: 41 | Loss: 4.4584221541299485e-06  | Negative Loss: 0.0
[Test ROC-AUC]  -  SA: 0.00000,  LA: 0.59240
[Test AUPRC]  -  LA: 0.71246
[Test F1-max]  -  LA: 0.74286
Epoch: 42 | Loss: 3.7908516787865665e-06  | Negative Loss: 0.0
[Test ROC-AUC]  -  SA: 0.00000,  LA: 0.59063
[Test AUPRC]  -  LA: 0.71140
[Test F1-max]  -  LA: 0.74286
Epoch: 43 | Loss: 3.218647862013313e-06  | Negative Loss: 0.0
[Test ROC-AUC]  -  SA: 0.00000,  LA: 0.59240
[Test AUPRC]  -  LA: 0.71305
[Test F1-max]  -  LA: 0.74286
Epoch: 44 | Loss: 2.837178726622369e-06  | Negative Loss: 0.0
[Test ROC-AUC]  -  SA: 0.00000,  LA: 0.59416
[Test AUPRC]  -  LA: 0.71432
[Test F1-max]  -  LA: 0.74286
Epoch: 45 | Loss: 2.503393488950678e-06  | Negative Loss: 0.0
[Test ROC-AUC]  -  SA: 0.00000,  LA: 0.59416
[Test AUPRC]  -  LA: 0.71481
[Test F1-max]  -  LA: 0.74286
Epoch: 46 | Loss: 2.2411331883631647e-06  | Negative Loss: 0.0
[Test ROC-AUC]  -  SA: 0.00000,  LA: 0.59416
[Test AUPRC]  -  LA: 0.71818
[Test F1-max]  -  LA: 0.74286
Epoch: 47 | Loss: 2.050398506980855e-06  | Negative Loss: 0.0
[Test ROC-AUC]  -  SA: 0.00000,  LA: 0.59505
[Test AUPRC]  -  LA: 0.71852
[Test F1-max]  -  LA: 0.74286
Epoch: 48 | Loss: 1.811980155252968e-06  | Negative Loss: 0.0
[Test ROC-AUC]  -  SA: 0.00000,  LA: 0.59416
[Test AUPRC]  -  LA: 0.71822
[Test F1-max]  -  LA: 0.74286
Epoch: 49 | Loss: 1.6927710930758622e-06  | Negative Loss: 0.0
[Test ROC-AUC]  -  SA: 0.00000,  LA: 0.59416
[Test AUPRC]  -  LA: 0.71822
[Test F1-max]  -  LA: 0.74286
Epoch: 50 | Loss: 1.54972008203913e-06  | Negative Loss: 0.0
[Test ROC-AUC]  -  SA: 0.00000,  LA: 0.59416
[Test AUPRC]  -  LA: 0.71858
[Test F1-max]  -  LA: 0.74286
Epoch: 51 | Loss: 1.4066690710023977e-06  | Negative Loss: 0.0
[Test ROC-AUC]  -  SA: 0.00000,  LA: 0.59505
[Test AUPRC]  -  LA: 0.71948
[Test F1-max]  -  LA: 0.74286
Epoch: 52 | Loss: 1.2159342759332503e-06  | Negative Loss: 0.0
[Test ROC-AUC]  -  SA: 0.00000,  LA: 0.59505
[Test AUPRC]  -  LA: 0.72011
[Test F1-max]  -  LA: 0.74286
Epoch: 53 | Loss: 1.1205669352420955e-06  | Negative Loss: 0.0
[Test ROC-AUC]  -  SA: 0.00000,  LA: 0.59416
[Test AUPRC]  -  LA: 0.71988
[Test F1-max]  -  LA: 0.73786
Epoch: 54 | Loss: 1.0490413160368917e-06  | Negative Loss: 0.0
[Test ROC-AUC]  -  SA: 0.00000,  LA: 0.59416
[Test AUPRC]  -  LA: 0.71988
[Test F1-max]  -  LA: 0.73786
Epoch: 55 | Loss: 1.0490414297237294e-06  | Negative Loss: 0.0
[Test ROC-AUC]  -  SA: 0.00000,  LA: 0.59416
[Test AUPRC]  -  LA: 0.71988
[Test F1-max]  -  LA: 0.73786
Epoch: 56 | Loss: 9.775159242053633e-07  | Negative Loss: 0.0
[Test ROC-AUC]  -  SA: 0.00000,  LA: 0.59416
[Test AUPRC]  -  LA: 0.71988
[Test F1-max]  -  LA: 0.73786
Epoch: 57 | Loss: 9.775159242053633e-07  | Negative Loss: 0.0
[Test ROC-AUC]  -  SA: 0.00000,  LA: 0.59328
[Test AUPRC]  -  LA: 0.71901
[Test F1-max]  -  LA: 0.73786
Epoch: 58 | Loss: 9.298322538597859e-07  | Negative Loss: 0.0
[Test ROC-AUC]  -  SA: 0.00000,  LA: 0.59240
[Test AUPRC]  -  LA: 0.71875
[Test F1-max]  -  LA: 0.73786
Epoch: 59 | Loss: 9.059903618435783e-07  | Negative Loss: 0.0
[Test ROC-AUC]  -  SA: 0.00000,  LA: 0.59063
[Test AUPRC]  -  LA: 0.71818
[Test F1-max]  -  LA: 0.73786
Epoch: 60 | Loss: 8.583066914980009e-07  | Negative Loss: 0.0
[Test ROC-AUC]  -  SA: 0.00000,  LA: 0.59063
[Test AUPRC]  -  LA: 0.71818
[Test F1-max]  -  LA: 0.73786
Epoch: 61 | Loss: 8.583066914980009e-07  | Negative Loss: 0.0
[Test ROC-AUC]  -  SA: 0.00000,  LA: 0.58974
[Test AUPRC]  -  LA: 0.71790
[Test F1-max]  -  LA: 0.73786
Epoch: 62 | Loss: 8.583066914980009e-07  | Negative Loss: 0.0
[Test ROC-AUC]  -  SA: 0.00000,  LA: 0.58974
[Test AUPRC]  -  LA: 0.71790
[Test F1-max]  -  LA: 0.73786
Epoch: 63 | Loss: 8.583066914980009e-07  | Negative Loss: 0.0
[Test ROC-AUC]  -  SA: 0.00000,  LA: 0.58974
[Test AUPRC]  -  LA: 0.71790
[Test F1-max]  -  LA: 0.73786
Epoch: 64 | Loss: 8.106229643090046e-07  | Negative Loss: 0.0
[Test ROC-AUC]  -  SA: 0.00000,  LA: 0.58974
[Test AUPRC]  -  LA: 0.71790
[Test F1-max]  -  LA: 0.73786
Epoch: 65 | Loss: 8.106230211524235e-07  | Negative Loss: 0.0
[Test ROC-AUC]  -  SA: 0.00000,  LA: 0.58974
[Test AUPRC]  -  LA: 0.71790
[Test F1-max]  -  LA: 0.73786
Epoch: 66 | Loss: 7.867811859796348e-07  | Negative Loss: 0.0
[Test ROC-AUC]  -  SA: 0.00000,  LA: 0.59063
[Test AUPRC]  -  LA: 0.71910
[Test F1-max]  -  LA: 0.73786
Epoch: 67 | Loss: 7.629392939634272e-07  | Negative Loss: 0.0
[Test ROC-AUC]  -  SA: 0.00000,  LA: 0.59151
[Test AUPRC]  -  LA: 0.72025
[Test F1-max]  -  LA: 0.73786
Epoch: 68 | Loss: 7.390975156340573e-07  | Negative Loss: 0.0
[Test ROC-AUC]  -  SA: 0.00000,  LA: 0.59151
[Test AUPRC]  -  LA: 0.72025
[Test F1-max]  -  LA: 0.73786
Epoch: 69 | Loss: 7.390975156340573e-07  | Negative Loss: 0.0
[Test ROC-AUC]  -  SA: 0.00000,  LA: 0.59063
[Test AUPRC]  -  LA: 0.71997
[Test F1-max]  -  LA: 0.73786
Epoch: 70 | Loss: 7.390974587906385e-07  | Negative Loss: 0.0
[Test ROC-AUC]  -  SA: 0.00000,  LA: 0.59063
[Test AUPRC]  -  LA: 0.71997
[Test F1-max]  -  LA: 0.73786
Epoch: 71 | Loss: 7.390975156340573e-07  | Negative Loss: 0.0
[Test ROC-AUC]  -  SA: 0.00000,  LA: 0.59063
[Test AUPRC]  -  LA: 0.71997
[Test F1-max]  -  LA: 0.73786
Epoch: 72 | Loss: 7.390974587906385e-07  | Negative Loss: 0.0
[Test ROC-AUC]  -  SA: 0.00000,  LA: 0.59063
[Test AUPRC]  -  LA: 0.71997
[Test F1-max]  -  LA: 0.73786
Epoch: 73 | Loss: 7.390975156340573e-07  | Negative Loss: 0.0
[Test ROC-AUC]  -  SA: 0.00000,  LA: 0.59063
[Test AUPRC]  -  LA: 0.71997
[Test F1-max]  -  LA: 0.73786
Epoch: 74 | Loss: 7.390974587906385e-07  | Negative Loss: 0.0
[Test ROC-AUC]  -  SA: 0.00000,  LA: 0.58974
[Test AUPRC]  -  LA: 0.71968
[Test F1-max]  -  LA: 0.73786
Epoch: 75 | Loss: 7.390975156340573e-07  | Negative Loss: 0.0
[Test ROC-AUC]  -  SA: 0.00000,  LA: 0.58974
[Test AUPRC]  -  LA: 0.71968
[Test F1-max]  -  LA: 0.73786
Epoch: 76 | Loss: 7.390975156340573e-07  | Negative Loss: 0.0
[Test ROC-AUC]  -  SA: 0.00000,  LA: 0.58974
[Test AUPRC]  -  LA: 0.71968
[Test F1-max]  -  LA: 0.73786
Epoch: 77 | Loss: 7.390975156340573e-07  | Negative Loss: 0.0
[Test ROC-AUC]  -  SA: 0.00000,  LA: 0.58974
[Test AUPRC]  -  LA: 0.71968
[Test F1-max]  -  LA: 0.73786
Epoch: 78 | Loss: 7.390974587906385e-07  | Negative Loss: 0.0
[Test ROC-AUC]  -  SA: 0.00000,  LA: 0.58974
[Test AUPRC]  -  LA: 0.71968
[Test F1-max]  -  LA: 0.73786
Epoch: 79 | Loss: 7.152556236178498e-07  | Negative Loss: 0.0
[Test ROC-AUC]  -  SA: 0.00000,  LA: 0.58974
[Test AUPRC]  -  LA: 0.71925
[Test F1-max]  -  LA: 0.73786
Epoch: 80 | Loss: 7.152556236178498e-07  | Negative Loss: 0.0
[Test ROC-AUC]  -  SA: 0.00000,  LA: 0.58886
[Test AUPRC]  -  LA: 0.71898
[Test F1-max]  -  LA: 0.73786
Epoch: 81 | Loss: 6.914137884450611e-07  | Negative Loss: 0.0
[Test ROC-AUC]  -  SA: 0.00000,  LA: 0.58709
[Test AUPRC]  -  LA: 0.71754
[Test F1-max]  -  LA: 0.73786
Epoch: 82 | Loss: 6.675719532722724e-07  | Negative Loss: 0.0
[Test ROC-AUC]  -  SA: 0.00000,  LA: 0.58709
[Test AUPRC]  -  LA: 0.71754
[Test F1-max]  -  LA: 0.73786
Epoch: 83 | Loss: 6.198882260832761e-07  | Negative Loss: 0.0
[Test ROC-AUC]  -  SA: 0.00000,  LA: 0.58709
[Test AUPRC]  -  LA: 0.71754
[Test F1-max]  -  LA: 0.73786
Epoch: 84 | Loss: 5.960463340670685e-07  | Negative Loss: 0.0
[Test ROC-AUC]  -  SA: 0.00000,  LA: 0.58709
[Test AUPRC]  -  LA: 0.71754
[Test F1-max]  -  LA: 0.73786
Epoch: 85 | Loss: 5.960463340670685e-07  | Negative Loss: 0.0
[Test ROC-AUC]  -  SA: 0.00000,  LA: 0.58709
[Test AUPRC]  -  LA: 0.71754
[Test F1-max]  -  LA: 0.73786
Epoch: 86 | Loss: 5.960463340670685e-07  | Negative Loss: 0.0
[Test ROC-AUC]  -  SA: 0.00000,  LA: 0.58709
[Test AUPRC]  -  LA: 0.71754
[Test F1-max]  -  LA: 0.73786
Epoch: 87 | Loss: 5.960463340670685e-07  | Negative Loss: 0.0
[Test ROC-AUC]  -  SA: 0.00000,  LA: 0.58709
[Test AUPRC]  -  LA: 0.71754
[Test F1-max]  -  LA: 0.73786
Epoch: 88 | Loss: 5.960463340670685e-07  | Negative Loss: 0.0
[Test ROC-AUC]  -  SA: 0.00000,  LA: 0.58798
[Test AUPRC]  -  LA: 0.71826
[Test F1-max]  -  LA: 0.73786
Epoch: 89 | Loss: 5.960463340670685e-07  | Negative Loss: 0.0
[Test ROC-AUC]  -  SA: 0.00000,  LA: 0.58798
[Test AUPRC]  -  LA: 0.71826
[Test F1-max]  -  LA: 0.73786
Epoch: 90 | Loss: 5.960463340670685e-07  | Negative Loss: 0.0
[Test ROC-AUC]  -  SA: 0.00000,  LA: 0.58798
[Test AUPRC]  -  LA: 0.71826
[Test F1-max]  -  LA: 0.73786
Epoch: 91 | Loss: 5.960463340670685e-07  | Negative Loss: 0.0
[Test ROC-AUC]  -  SA: 0.00000,  LA: 0.58798
[Test AUPRC]  -  LA: 0.71826
[Test F1-max]  -  LA: 0.73786
Epoch: 92 | Loss: 5.960463340670685e-07  | Negative Loss: 0.0
[Test ROC-AUC]  -  SA: 0.00000,  LA: 0.58798
[Test AUPRC]  -  LA: 0.71826
[Test F1-max]  -  LA: 0.73786
Epoch: 93 | Loss: 5.960463340670685e-07  | Negative Loss: 0.0
[Test ROC-AUC]  -  SA: 0.00000,  LA: 0.58798
[Test AUPRC]  -  LA: 0.71826
[Test F1-max]  -  LA: 0.73786
Epoch: 94 | Loss: 5.960463340670685e-07  | Negative Loss: 0.0
[Test ROC-AUC]  -  SA: 0.00000,  LA: 0.58886
[Test AUPRC]  -  LA: 0.71941
[Test F1-max]  -  LA: 0.73786
Epoch: 95 | Loss: 5.960463340670685e-07  | Negative Loss: 0.0
[Test ROC-AUC]  -  SA: 0.00000,  LA: 0.58886
[Test AUPRC]  -  LA: 0.71941
[Test F1-max]  -  LA: 0.73786
Epoch: 96 | Loss: 5.960463340670685e-07  | Negative Loss: 0.0
[Test ROC-AUC]  -  SA: 0.00000,  LA: 0.58886
[Test AUPRC]  -  LA: 0.71941
[Test F1-max]  -  LA: 0.73786
Epoch: 97 | Loss: 5.960463340670685e-07  | Negative Loss: 0.0
[Test ROC-AUC]  -  SA: 0.00000,  LA: 0.58798
[Test AUPRC]  -  LA: 0.71914
[Test F1-max]  -  LA: 0.73786
Epoch: 98 | Loss: 5.960463340670685e-07  | Negative Loss: 0.0
[Test ROC-AUC]  -  SA: 0.00000,  LA: 0.58798
[Test AUPRC]  -  LA: 0.71914
[Test F1-max]  -  LA: 0.73786
Epoch: 99 | Loss: 5.722044988942798e-07  | Negative Loss: 0.0
Time consumption: 97.74440097808838
Best LA AUC: 0.6162687886825817
Best LA AUPC: 0.7202522308116877
Best LA F1-max: 0.7659574468085106
[Result] Experiment result appended to ./results/train_hybrid_result.csv

[END] 2026-03-19 11:40:48
[RETURN CODE] 0
