[START] 2026-03-19 11:30:07
[GPU] 1
[TASK] 145/160
[NAME] yellow_splicing_promptad
[REPEAT] 5/10
[COMMAND] python train_hybrid.py --data_name yellow_splicing --mask True --text True --double_encoder True --few_shot True --shot 5 --hybrid_model promptad --hybrid_weight 0.3 --hybrid_batch_size 16 --epoch 100 --log True --lr 5e-4 --detection True --preprocess True

/home/seungeon/miniconda3/envs/LAB/lib/python3.10/site-packages/timm/models/layers/__init__.py:48: FutureWarning: Importing from timm.models.layers is deprecated, please import via timm.layers
  warnings.warn(f"Importing from {__name__} is deprecated, please import via timm.layers", FutureWarning)
/home/seungeon/Workspace/side/vlm/train_hybrid.py:18: DeprecationWarning: The distutils package is deprecated and slated for removal in Python 3.12. Use setuptools or check PEP 632 for potential alternatives
  from distutils.util import strtobool
Torch version: 2.9.1+cu128
cuda is loaded for process
here?
In my local computer
Namespace(epoch=100, gpu_number='0', data_name='yellow_splicing', lr=0.0005, batch_size=6, shuffle=True, seed=0, tag='default', model_name='ViT-B-32', pretrained_name='laion2b_s34b_b79k', lora=1, default=False, foundation='CLIP', detection=1, preprocess=1, num_rule=0, object_names=['a photo of orange connector', 'a photo of yellow cable', 'a photo of red cable', 'a photo of blue cable', 'a photo of metal panel'], objects_for_rules=[['a photo of orange connector'], ['a photo of orange connector'], ['a photo of yellow cable'], ['a photo of yellow cable'], ['a photo of orange connector'], ['a photo of orange connector', 'a photo of yellow cable']], texts_for_rules=[['a photo of orange connector'], ['a photo of orange connector'], ['a photo of yellow cable'], ['a photo of yellow cable'], ['a photo of orange connector'], ['a photo of orange connector and yellow cable']], mask=1, text=1, score='mean', ciriculam_learning=False, few_shot=1, shot=5, log=1, neg_loss=0, double_encoder=1, pretrained_count_path=None, ris=0, rule_select='', rule_list=[], num_negative=5, hybrid_model='promptad', hybrid_weight=0.3, hybrid_class_name='', hybrid_batch_size=16, hybrid_backbone='ViT-B-16-plus-240', hybrid_pretrained_dataset='laion400m_e32', hybrid_scales=[2, 3], hybrid_img_resize=240, hybrid_img_cropsize=240, hybrid_resolution=400, hybrid_promptad_epoch=100, hybrid_promptad_lr=0.002, hybrid_promptad_momentum=0.9, hybrid_promptad_weight_decay=0.0005, hybrid_promptad_eta_min=1e-05, hybrid_promptad_lambda1=0.001, hybrid_promptad_n_ctx=4, hybrid_promptad_n_pro=3, hybrid_promptad_n_ctx_ab=1, hybrid_promptad_n_pro_ab=4, early_stop_k=10, result_log_path='./results/train_hybrid_result.csv')
[Hybrid] method=promptad, class_name=splicing_connectors, train=5, eval=68, base_path=/data3/seungeon/data/image/mvtec_loco_anomaly_detection/yellow_splicing
[Hybrid-only] LA_AUC=0.78028, LA_AUPRC=0.78132, LA_F1=0.83516
[Data Description]
- Train: 5
- Test: 68

Train Start
[Test ROC-AUC]  -  SA: 0.00000,  LA: 0.67639
[Test AUPRC]  -  LA: 0.68752
[Test F1-max]  -  LA: 0.74468
Epoch: 0 | Loss: 8.630382537841797  | Negative Loss: 0.0
[Test ROC-AUC]  -  SA: 0.00000,  LA: 0.67905
[Test AUPRC]  -  LA: 0.69097
[Test F1-max]  -  LA: 0.74468
Epoch: 1 | Loss: 8.575523376464844  | Negative Loss: 0.0
[Test ROC-AUC]  -  SA: 0.00000,  LA: 0.71706
[Test AUPRC]  -  LA: 0.70750
[Test F1-max]  -  LA: 0.76596
Epoch: 2 | Loss: 7.950582504272461  | Negative Loss: 0.0
[Test ROC-AUC]  -  SA: 0.00000,  LA: 0.73828
[Test AUPRC]  -  LA: 0.71034
[Test F1-max]  -  LA: 0.79592
Epoch: 3 | Loss: 6.906984806060791  | Negative Loss: 0.0
[Test ROC-AUC]  -  SA: 0.00000,  LA: 0.72944
[Test AUPRC]  -  LA: 0.73123
[Test F1-max]  -  LA: 0.80000
Epoch: 4 | Loss: 5.585652828216553  | Negative Loss: 0.0
[Test ROC-AUC]  -  SA: 0.00000,  LA: 0.70645
[Test AUPRC]  -  LA: 0.71194
[Test F1-max]  -  LA: 0.80000
Epoch: 5 | Loss: 4.272698402404785  | Negative Loss: 0.0
[Test ROC-AUC]  -  SA: 0.00000,  LA: 0.68612
[Test AUPRC]  -  LA: 0.70890
[Test F1-max]  -  LA: 0.77895
Epoch: 6 | Loss: 3.1963412761688232  | Negative Loss: 0.0
[Test ROC-AUC]  -  SA: 0.00000,  LA: 0.68523
[Test AUPRC]  -  LA: 0.71095
[Test F1-max]  -  LA: 0.77083
Epoch: 7 | Loss: 2.354006290435791  | Negative Loss: 0.0
[Test ROC-AUC]  -  SA: 0.00000,  LA: 0.69142
[Test AUPRC]  -  LA: 0.71399
[Test F1-max]  -  LA: 0.76768
Epoch: 8 | Loss: 1.7203216552734375  | Negative Loss: 0.0
[Test ROC-AUC]  -  SA: 0.00000,  LA: 0.69584
[Test AUPRC]  -  LA: 0.72313
[Test F1-max]  -  LA: 0.76768
Epoch: 9 | Loss: 1.2410132884979248  | Negative Loss: 0.0
[Test ROC-AUC]  -  SA: 0.00000,  LA: 0.69054
[Test AUPRC]  -  LA: 0.72359
[Test F1-max]  -  LA: 0.76768
Epoch: 10 | Loss: 0.8602399826049805  | Negative Loss: 0.0
[Test ROC-AUC]  -  SA: 0.00000,  LA: 0.70027
[Test AUPRC]  -  LA: 0.74082
[Test F1-max]  -  LA: 0.76471
Epoch: 11 | Loss: 0.5673577785491943  | Negative Loss: 0.0
[Test ROC-AUC]  -  SA: 0.00000,  LA: 0.69850
[Test AUPRC]  -  LA: 0.74358
[Test F1-max]  -  LA: 0.76289
Epoch: 12 | Loss: 0.35687339305877686  | Negative Loss: 0.0
[Test ROC-AUC]  -  SA: 0.00000,  LA: 0.68170
[Test AUPRC]  -  LA: 0.73911
[Test F1-max]  -  LA: 0.76289
Epoch: 13 | Loss: 0.21471764147281647  | Negative Loss: 0.0
[Test ROC-AUC]  -  SA: 0.00000,  LA: 0.68258
[Test AUPRC]  -  LA: 0.75488
[Test F1-max]  -  LA: 0.77083
Epoch: 14 | Loss: 0.1243627667427063  | Negative Loss: 0.0
[Test ROC-AUC]  -  SA: 0.00000,  LA: 0.68523
[Test AUPRC]  -  LA: 0.75886
[Test F1-max]  -  LA: 0.77083
Epoch: 15 | Loss: 0.07010601460933685  | Negative Loss: 0.0
[Test ROC-AUC]  -  SA: 0.00000,  LA: 0.68523
[Test AUPRC]  -  LA: 0.76251
[Test F1-max]  -  LA: 0.77083
Epoch: 16 | Loss: 0.038931675255298615  | Negative Loss: 0.0
[Test ROC-AUC]  -  SA: 0.00000,  LA: 0.68347
[Test AUPRC]  -  LA: 0.76148
[Test F1-max]  -  LA: 0.77083
Epoch: 17 | Loss: 0.021587762981653214  | Negative Loss: 0.0
[Test ROC-AUC]  -  SA: 0.00000,  LA: 0.68700
[Test AUPRC]  -  LA: 0.75914
[Test F1-max]  -  LA: 0.77083
Epoch: 18 | Loss: 0.011981107294559479  | Negative Loss: 0.0
[Test ROC-AUC]  -  SA: 0.00000,  LA: 0.69584
[Test AUPRC]  -  LA: 0.76381
[Test F1-max]  -  LA: 0.78000
Epoch: 19 | Loss: 0.006685985717922449  | Negative Loss: 0.0
[Test ROC-AUC]  -  SA: 0.00000,  LA: 0.68877
[Test AUPRC]  -  LA: 0.74821
[Test F1-max]  -  LA: 0.78000
Epoch: 20 | Loss: 0.0037786150351166725  | Negative Loss: 0.0
[Test ROC-AUC]  -  SA: 0.00000,  LA: 0.68435
[Test AUPRC]  -  LA: 0.72308
[Test F1-max]  -  LA: 0.78000
Epoch: 21 | Loss: 0.002169886603951454  | Negative Loss: 0.0
[Test ROC-AUC]  -  SA: 0.00000,  LA: 0.69319
[Test AUPRC]  -  LA: 0.71550
[Test F1-max]  -  LA: 0.78788
Epoch: 22 | Loss: 0.0012671692529693246  | Negative Loss: 0.0
[Test ROC-AUC]  -  SA: 0.00000,  LA: 0.70027
[Test AUPRC]  -  LA: 0.72119
[Test F1-max]  -  LA: 0.78788
Epoch: 23 | Loss: 0.0007547674467787147  | Negative Loss: 0.0
[Test ROC-AUC]  -  SA: 0.00000,  LA: 0.70557
[Test AUPRC]  -  LA: 0.71780
[Test F1-max]  -  LA: 0.78788
Epoch: 24 | Loss: 0.0004592145560309291  | Negative Loss: 0.0
[Test ROC-AUC]  -  SA: 0.00000,  LA: 0.71264
[Test AUPRC]  -  LA: 0.72108
[Test F1-max]  -  LA: 0.78788
Epoch: 25 | Loss: 0.0002858201914932579  | Negative Loss: 0.0
[Test ROC-AUC]  -  SA: 0.00000,  LA: 0.71883
[Test AUPRC]  -  LA: 0.70631
[Test F1-max]  -  LA: 0.78788
Epoch: 26 | Loss: 0.0001819291792344302  | Negative Loss: 0.0
[Test ROC-AUC]  -  SA: 0.00000,  LA: 0.72149
[Test AUPRC]  -  LA: 0.70577
[Test F1-max]  -  LA: 0.79167
Epoch: 27 | Loss: 0.00011868135334225371  | Negative Loss: 0.0
[Test ROC-AUC]  -  SA: 0.00000,  LA: 0.72591
[Test AUPRC]  -  LA: 0.70934
[Test F1-max]  -  LA: 0.79592
Epoch: 28 | Loss: 7.932033622637391e-05  | Negative Loss: 0.0
[Test ROC-AUC]  -  SA: 0.00000,  LA: 0.72944
[Test AUPRC]  -  LA: 0.71088
[Test F1-max]  -  LA: 0.79592
Epoch: 29 | Loss: 5.4239517339738086e-05  | Negative Loss: 0.0
[Test ROC-AUC]  -  SA: 0.00000,  LA: 0.72502
[Test AUPRC]  -  LA: 0.70732
[Test F1-max]  -  LA: 0.80412
Epoch: 30 | Loss: 3.793205178226344e-05  | Negative Loss: 0.0
[Test ROC-AUC]  -  SA: 0.00000,  LA: 0.72149
[Test AUPRC]  -  LA: 0.70501
[Test F1-max]  -  LA: 0.79592
Epoch: 31 | Loss: 2.7203383069718257e-05  | Negative Loss: 0.0
[Test ROC-AUC]  -  SA: 0.00000,  LA: 0.72325
[Test AUPRC]  -  LA: 0.70401
[Test F1-max]  -  LA: 0.80000
Epoch: 32 | Loss: 1.990785494854208e-05  | Negative Loss: 0.0
[Test ROC-AUC]  -  SA: 0.00000,  LA: 0.71883
[Test AUPRC]  -  LA: 0.70189
[Test F1-max]  -  LA: 0.80000
Epoch: 33 | Loss: 1.4924951756256633e-05  | Negative Loss: 0.0
[Test ROC-AUC]  -  SA: 0.00000,  LA: 0.71972
[Test AUPRC]  -  LA: 0.70086
[Test F1-max]  -  LA: 0.80000
Epoch: 34 | Loss: 1.1396377885830589e-05  | Negative Loss: 0.0
[Test ROC-AUC]  -  SA: 0.00000,  LA: 0.71530
[Test AUPRC]  -  LA: 0.69475
[Test F1-max]  -  LA: 0.80000
Epoch: 35 | Loss: 8.821469236863777e-06  | Negative Loss: 0.0
[Test ROC-AUC]  -  SA: 0.00000,  LA: 0.71353
[Test AUPRC]  -  LA: 0.69419
[Test F1-max]  -  LA: 0.80000
Epoch: 36 | Loss: 7.009495220700046e-06  | Negative Loss: 0.0
[Test ROC-AUC]  -  SA: 0.00000,  LA: 0.71353
[Test AUPRC]  -  LA: 0.69428
[Test F1-max]  -  LA: 0.80000
Epoch: 37 | Loss: 5.6028293329291046e-06  | Negative Loss: 0.0
[Test ROC-AUC]  -  SA: 0.00000,  LA: 0.71353
[Test AUPRC]  -  LA: 0.69433
[Test F1-max]  -  LA: 0.80000
Epoch: 38 | Loss: 4.649157290259609e-06  | Negative Loss: 0.0
[Test ROC-AUC]  -  SA: 0.00000,  LA: 0.71441
[Test AUPRC]  -  LA: 0.68910
[Test F1-max]  -  LA: 0.80000
Epoch: 39 | Loss: 3.862377525365446e-06  | Negative Loss: 0.0
[Test ROC-AUC]  -  SA: 0.00000,  LA: 0.71176
[Test AUPRC]  -  LA: 0.68666
[Test F1-max]  -  LA: 0.80000
Epoch: 40 | Loss: 3.2901739359658677e-06  | Negative Loss: 0.0
[Test ROC-AUC]  -  SA: 0.00000,  LA: 0.70911
[Test AUPRC]  -  LA: 0.68511
[Test F1-max]  -  LA: 0.80000
Epoch: 41 | Loss: 2.789495738397818e-06  | Negative Loss: 0.0
[Test ROC-AUC]  -  SA: 0.00000,  LA: 0.70557
[Test AUPRC]  -  LA: 0.68285
[Test F1-max]  -  LA: 0.80000
Epoch: 42 | Loss: 2.4080263756331988e-06  | Negative Loss: 0.0
[Test ROC-AUC]  -  SA: 0.00000,  LA: 0.70822
[Test AUPRC]  -  LA: 0.68492
[Test F1-max]  -  LA: 0.80000
Epoch: 43 | Loss: 2.074240683214157e-06  | Negative Loss: 0.0
[Test ROC-AUC]  -  SA: 0.00000,  LA: 0.70645
[Test AUPRC]  -  LA: 0.68394
[Test F1-max]  -  LA: 0.80000
Epoch: 44 | Loss: 1.9073479506914737e-06  | Negative Loss: 0.0
[Test ROC-AUC]  -  SA: 0.00000,  LA: 0.70734
[Test AUPRC]  -  LA: 0.68433
[Test F1-max]  -  LA: 0.80000
Epoch: 45 | Loss: 1.6212457012443338e-06  | Negative Loss: 0.0
[Test ROC-AUC]  -  SA: 0.00000,  LA: 0.70734
[Test AUPRC]  -  LA: 0.68433
[Test F1-max]  -  LA: 0.80000
Epoch: 46 | Loss: 1.5020365253803902e-06  | Negative Loss: 0.0
[Test ROC-AUC]  -  SA: 0.00000,  LA: 0.70424
[Test AUPRC]  -  LA: 0.68048
[Test F1-max]  -  LA: 0.80000
Epoch: 47 | Loss: 1.3351436791708693e-06  | Negative Loss: 0.0
[Test ROC-AUC]  -  SA: 0.00000,  LA: 0.70292
[Test AUPRC]  -  LA: 0.67968
[Test F1-max]  -  LA: 0.80000
Epoch: 48 | Loss: 1.2636180599656655e-06  | Negative Loss: 0.0
[Test ROC-AUC]  -  SA: 0.00000,  LA: 0.69938
[Test AUPRC]  -  LA: 0.67282
[Test F1-max]  -  LA: 0.80000
Epoch: 49 | Loss: 1.1205670489289332e-06  | Negative Loss: 0.0
[Test ROC-AUC]  -  SA: 0.00000,  LA: 0.69850
[Test AUPRC]  -  LA: 0.67284
[Test F1-max]  -  LA: 0.80000
Epoch: 50 | Loss: 1.0967252137561445e-06  | Negative Loss: 0.0
[Test ROC-AUC]  -  SA: 0.00000,  LA: 0.69850
[Test AUPRC]  -  LA: 0.67284
[Test F1-max]  -  LA: 0.80000
Epoch: 51 | Loss: 1.0251997082377784e-06  | Negative Loss: 0.0
[Test ROC-AUC]  -  SA: 0.00000,  LA: 0.69850
[Test AUPRC]  -  LA: 0.67284
[Test F1-max]  -  LA: 0.80000
Epoch: 52 | Loss: 9.059904186869971e-07  | Negative Loss: 0.0
[Test ROC-AUC]  -  SA: 0.00000,  LA: 0.69761
[Test AUPRC]  -  LA: 0.67334
[Test F1-max]  -  LA: 0.80000
Epoch: 53 | Loss: 8.821485835142084e-07  | Negative Loss: 0.0
[Test ROC-AUC]  -  SA: 0.00000,  LA: 0.69673
[Test AUPRC]  -  LA: 0.67295
[Test F1-max]  -  LA: 0.80000
Epoch: 54 | Loss: 8.106230211524235e-07  | Negative Loss: 0.0
[Test ROC-AUC]  -  SA: 0.00000,  LA: 0.69673
[Test AUPRC]  -  LA: 0.67301
[Test F1-max]  -  LA: 0.80000
Epoch: 55 | Loss: 7.390974587906385e-07  | Negative Loss: 0.0
[Test ROC-AUC]  -  SA: 0.00000,  LA: 0.69938
[Test AUPRC]  -  LA: 0.67508
[Test F1-max]  -  LA: 0.80000
Epoch: 56 | Loss: 7.390974587906385e-07  | Negative Loss: 0.0
[Test ROC-AUC]  -  SA: 0.00000,  LA: 0.70203
[Test AUPRC]  -  LA: 0.67682
[Test F1-max]  -  LA: 0.80000
Epoch: 57 | Loss: 6.914137316016422e-07  | Negative Loss: 0.0
[Test ROC-AUC]  -  SA: 0.00000,  LA: 0.70115
[Test AUPRC]  -  LA: 0.67508
[Test F1-max]  -  LA: 0.80000
Epoch: 58 | Loss: 6.914137316016422e-07  | Negative Loss: 0.0
[Test ROC-AUC]  -  SA: 0.00000,  LA: 0.70115
[Test AUPRC]  -  LA: 0.67508
[Test F1-max]  -  LA: 0.80000
Epoch: 59 | Loss: 6.198882260832761e-07  | Negative Loss: 0.0
[Test ROC-AUC]  -  SA: 0.00000,  LA: 0.70380
[Test AUPRC]  -  LA: 0.67807
[Test F1-max]  -  LA: 0.80000
Epoch: 60 | Loss: 6.198882260832761e-07  | Negative Loss: 0.0
[Test ROC-AUC]  -  SA: 0.00000,  LA: 0.70645
[Test AUPRC]  -  LA: 0.67960
[Test F1-max]  -  LA: 0.80000
Epoch: 61 | Loss: 6.198882260832761e-07  | Negative Loss: 0.0
[Test ROC-AUC]  -  SA: 0.00000,  LA: 0.70645
[Test AUPRC]  -  LA: 0.67960
[Test F1-max]  -  LA: 0.80000
Epoch: 62 | Loss: 6.198882260832761e-07  | Negative Loss: 0.0
[Test ROC-AUC]  -  SA: 0.00000,  LA: 0.70645
[Test AUPRC]  -  LA: 0.67957
[Test F1-max]  -  LA: 0.80000
Epoch: 63 | Loss: 5.960463909104874e-07  | Negative Loss: 0.0
[Test ROC-AUC]  -  SA: 0.00000,  LA: 0.70645
[Test AUPRC]  -  LA: 0.67923
[Test F1-max]  -  LA: 0.80000
Epoch: 64 | Loss: 5.960463909104874e-07  | Negative Loss: 0.0
[Test ROC-AUC]  -  SA: 0.00000,  LA: 0.70645
[Test AUPRC]  -  LA: 0.67923
[Test F1-max]  -  LA: 0.80000
Epoch: 65 | Loss: 5.722044988942798e-07  | Negative Loss: 0.0
[Test ROC-AUC]  -  SA: 0.00000,  LA: 0.70645
[Test AUPRC]  -  LA: 0.67920
[Test F1-max]  -  LA: 0.80000
Epoch: 66 | Loss: 5.722044988942798e-07  | Negative Loss: 0.0
[Test ROC-AUC]  -  SA: 0.00000,  LA: 0.70645
[Test AUPRC]  -  LA: 0.67923
[Test F1-max]  -  LA: 0.80000
Epoch: 67 | Loss: 5.483626637214911e-07  | Negative Loss: 0.0
[Test ROC-AUC]  -  SA: 0.00000,  LA: 0.70557
[Test AUPRC]  -  LA: 0.67877
[Test F1-max]  -  LA: 0.80000
Epoch: 68 | Loss: 5.483626637214911e-07  | Negative Loss: 0.0
[Test ROC-AUC]  -  SA: 0.00000,  LA: 0.70734
[Test AUPRC]  -  LA: 0.68113
[Test F1-max]  -  LA: 0.80000
Epoch: 69 | Loss: 5.245208285487024e-07  | Negative Loss: 0.0
[Test ROC-AUC]  -  SA: 0.00000,  LA: 0.70645
[Test AUPRC]  -  LA: 0.68067
[Test F1-max]  -  LA: 0.80000
Epoch: 70 | Loss: 5.245208285487024e-07  | Negative Loss: 0.0
[Test ROC-AUC]  -  SA: 0.00000,  LA: 0.70822
[Test AUPRC]  -  LA: 0.68172
[Test F1-max]  -  LA: 0.80000
Epoch: 71 | Loss: 5.245208285487024e-07  | Negative Loss: 0.0
[Test ROC-AUC]  -  SA: 0.00000,  LA: 0.70911
[Test AUPRC]  -  LA: 0.68205
[Test F1-max]  -  LA: 0.80000
Epoch: 72 | Loss: 4.7683710135970614e-07  | Negative Loss: 0.0
[Test ROC-AUC]  -  SA: 0.00000,  LA: 0.70911
[Test AUPRC]  -  LA: 0.68205
[Test F1-max]  -  LA: 0.80000
Epoch: 73 | Loss: 4.7683710135970614e-07  | Negative Loss: 0.0
[Test ROC-AUC]  -  SA: 0.00000,  LA: 0.70822
[Test AUPRC]  -  LA: 0.68120
[Test F1-max]  -  LA: 0.80000
Epoch: 74 | Loss: 4.2915337417070987e-07  | Negative Loss: 0.0
[Test ROC-AUC]  -  SA: 0.00000,  LA: 0.70911
[Test AUPRC]  -  LA: 0.68175
[Test F1-max]  -  LA: 0.80000
Epoch: 75 | Loss: 4.2915337417070987e-07  | Negative Loss: 0.0
[Test ROC-AUC]  -  SA: 0.00000,  LA: 0.70911
[Test AUPRC]  -  LA: 0.68175
[Test F1-max]  -  LA: 0.80000
Epoch: 76 | Loss: 4.2915337417070987e-07  | Negative Loss: 0.0
[Test ROC-AUC]  -  SA: 0.00000,  LA: 0.70911
[Test AUPRC]  -  LA: 0.67930
[Test F1-max]  -  LA: 0.80000
Epoch: 77 | Loss: 4.2915337417070987e-07  | Negative Loss: 0.0
[Test ROC-AUC]  -  SA: 0.00000,  LA: 0.70911
[Test AUPRC]  -  LA: 0.67930
[Test F1-max]  -  LA: 0.80000
Epoch: 78 | Loss: 4.2915337417070987e-07  | Negative Loss: 0.0
[Test ROC-AUC]  -  SA: 0.00000,  LA: 0.70999
[Test AUPRC]  -  LA: 0.68052
[Test F1-max]  -  LA: 0.80000
Epoch: 79 | Loss: 4.2915337417070987e-07  | Negative Loss: 0.0
[Test ROC-AUC]  -  SA: 0.00000,  LA: 0.70999
[Test AUPRC]  -  LA: 0.68052
[Test F1-max]  -  LA: 0.80000
Epoch: 80 | Loss: 4.2915337417070987e-07  | Negative Loss: 0.0
[Test ROC-AUC]  -  SA: 0.00000,  LA: 0.70999
[Test AUPRC]  -  LA: 0.68052
[Test F1-max]  -  LA: 0.80000
Epoch: 81 | Loss: 4.2915337417070987e-07  | Negative Loss: 0.0
[Test ROC-AUC]  -  SA: 0.00000,  LA: 0.70999
[Test AUPRC]  -  LA: 0.68052
[Test F1-max]  -  LA: 0.80000
Epoch: 82 | Loss: 4.2915337417070987e-07  | Negative Loss: 0.0
[Test ROC-AUC]  -  SA: 0.00000,  LA: 0.71088
[Test AUPRC]  -  LA: 0.68098
[Test F1-max]  -  LA: 0.80000
Epoch: 83 | Loss: 4.2915337417070987e-07  | Negative Loss: 0.0
[Test ROC-AUC]  -  SA: 0.00000,  LA: 0.71088
[Test AUPRC]  -  LA: 0.68098
[Test F1-max]  -  LA: 0.80000
Epoch: 84 | Loss: 4.2915337417070987e-07  | Negative Loss: 0.0
[Test ROC-AUC]  -  SA: 0.00000,  LA: 0.70999
[Test AUPRC]  -  LA: 0.68033
[Test F1-max]  -  LA: 0.80000
Epoch: 85 | Loss: 4.2915337417070987e-07  | Negative Loss: 0.0
[Test ROC-AUC]  -  SA: 0.00000,  LA: 0.70999
[Test AUPRC]  -  LA: 0.68033
[Test F1-max]  -  LA: 0.80000
Epoch: 86 | Loss: 4.2915337417070987e-07  | Negative Loss: 0.0
[Test ROC-AUC]  -  SA: 0.00000,  LA: 0.71088
[Test AUPRC]  -  LA: 0.68111
[Test F1-max]  -  LA: 0.80000
Epoch: 87 | Loss: 4.2915337417070987e-07  | Negative Loss: 0.0
[Test ROC-AUC]  -  SA: 0.00000,  LA: 0.71176
[Test AUPRC]  -  LA: 0.68187
[Test F1-max]  -  LA: 0.80000
Epoch: 88 | Loss: 4.2915337417070987e-07  | Negative Loss: 0.0
[Test ROC-AUC]  -  SA: 0.00000,  LA: 0.71264
[Test AUPRC]  -  LA: 0.68223
[Test F1-max]  -  LA: 0.80000
Epoch: 89 | Loss: 4.2915337417070987e-07  | Negative Loss: 0.0
[Test ROC-AUC]  -  SA: 0.00000,  LA: 0.71353
[Test AUPRC]  -  LA: 0.68297
[Test F1-max]  -  LA: 0.80000
Epoch: 90 | Loss: 4.2915337417070987e-07  | Negative Loss: 0.0
[Test ROC-AUC]  -  SA: 0.00000,  LA: 0.71353
[Test AUPRC]  -  LA: 0.68297
[Test F1-max]  -  LA: 0.80000
Epoch: 91 | Loss: 4.2915337417070987e-07  | Negative Loss: 0.0
[Test ROC-AUC]  -  SA: 0.00000,  LA: 0.71353
[Test AUPRC]  -  LA: 0.68297
[Test F1-max]  -  LA: 0.80000
Epoch: 92 | Loss: 4.2915337417070987e-07  | Negative Loss: 0.0
[Test ROC-AUC]  -  SA: 0.00000,  LA: 0.71353
[Test AUPRC]  -  LA: 0.68297
[Test F1-max]  -  LA: 0.80000
Epoch: 93 | Loss: 4.2915337417070987e-07  | Negative Loss: 0.0
[Test ROC-AUC]  -  SA: 0.00000,  LA: 0.71353
[Test AUPRC]  -  LA: 0.68297
[Test F1-max]  -  LA: 0.80000
Epoch: 94 | Loss: 4.2915337417070987e-07  | Negative Loss: 0.0
[Test ROC-AUC]  -  SA: 0.00000,  LA: 0.71353
[Test AUPRC]  -  LA: 0.68297
[Test F1-max]  -  LA: 0.80000
Epoch: 95 | Loss: 4.2915337417070987e-07  | Negative Loss: 0.0
[Test ROC-AUC]  -  SA: 0.00000,  LA: 0.71353
[Test AUPRC]  -  LA: 0.68297
[Test F1-max]  -  LA: 0.80000
Epoch: 96 | Loss: 4.2915337417070987e-07  | Negative Loss: 0.0
[Test ROC-AUC]  -  SA: 0.00000,  LA: 0.71353
[Test AUPRC]  -  LA: 0.68248
[Test F1-max]  -  LA: 0.80000
Epoch: 97 | Loss: 4.2915337417070987e-07  | Negative Loss: 0.0
[Test ROC-AUC]  -  SA: 0.00000,  LA: 0.71441
[Test AUPRC]  -  LA: 0.68331
[Test F1-max]  -  LA: 0.80000
Epoch: 98 | Loss: 4.2915337417070987e-07  | Negative Loss: 0.0
[Test ROC-AUC]  -  SA: 0.00000,  LA: 0.71441
[Test AUPRC]  -  LA: 0.68331
[Test F1-max]  -  LA: 0.80000
Epoch: 99 | Loss: 4.2915337417070987e-07  | Negative Loss: 0.0
Time consumption: 100.01215481758118
Best LA AUC: 0.7382847038019452
Best LA AUPC: 0.763805069102234
Best LA F1-max: 0.8041237113402061
[Result] Experiment result appended to ./results/train_hybrid_result.csv

[END] 2026-03-19 11:33:41
[RETURN CODE] 0
