[START] 2026-03-19 11:18:59
[GPU] 1
[TASK] 132/160
[NAME] yellow_splicing_winclip
[REPEAT] 2/10
[COMMAND] python train_hybrid.py --data_name yellow_splicing --mask True --text True --double_encoder True --few_shot True --shot 1 --hybrid_model winclip --hybrid_weight 0.3 --hybrid_batch_size 16 --epoch 100 --log True --lr 5e-4 --detection True --preprocess True

/home/seungeon/miniconda3/envs/LAB/lib/python3.10/site-packages/timm/models/layers/__init__.py:48: FutureWarning: Importing from timm.models.layers is deprecated, please import via timm.layers
  warnings.warn(f"Importing from {__name__} is deprecated, please import via timm.layers", FutureWarning)
/home/seungeon/Workspace/side/vlm/train_hybrid.py:18: DeprecationWarning: The distutils package is deprecated and slated for removal in Python 3.12. Use setuptools or check PEP 632 for potential alternatives
  from distutils.util import strtobool
Torch version: 2.9.1+cu128
cuda is loaded for process
here?
In my local computer
Namespace(epoch=100, gpu_number='0', data_name='yellow_splicing', lr=0.0005, batch_size=6, shuffle=True, seed=0, tag='default', model_name='ViT-B-32', pretrained_name='laion2b_s34b_b79k', lora=1, default=False, foundation='CLIP', detection=1, preprocess=1, num_rule=0, object_names=['a photo of orange connector', 'a photo of yellow cable', 'a photo of red cable', 'a photo of blue cable', 'a photo of metal panel'], objects_for_rules=[['a photo of orange connector'], ['a photo of orange connector'], ['a photo of yellow cable'], ['a photo of yellow cable'], ['a photo of orange connector'], ['a photo of orange connector', 'a photo of yellow cable']], texts_for_rules=[['a photo of orange connector'], ['a photo of orange connector'], ['a photo of yellow cable'], ['a photo of yellow cable'], ['a photo of orange connector'], ['a photo of orange connector and yellow cable']], mask=1, text=1, score='mean', ciriculam_learning=False, few_shot=1, shot=1, log=1, neg_loss=0, double_encoder=1, pretrained_count_path=None, ris=0, rule_select='', rule_list=[], num_negative=5, hybrid_model='winclip', hybrid_weight=0.3, hybrid_class_name='', hybrid_batch_size=16, hybrid_backbone='ViT-B-16-plus-240', hybrid_pretrained_dataset='laion400m_e32', hybrid_scales=[2, 3], hybrid_img_resize=240, hybrid_img_cropsize=240, hybrid_resolution=400, hybrid_promptad_epoch=100, hybrid_promptad_lr=0.002, hybrid_promptad_momentum=0.9, hybrid_promptad_weight_decay=0.0005, hybrid_promptad_eta_min=1e-05, hybrid_promptad_lambda1=0.001, hybrid_promptad_n_ctx=4, hybrid_promptad_n_pro=3, hybrid_promptad_n_ctx_ab=1, hybrid_promptad_n_pro_ab=4, early_stop_k=10, result_log_path='./results/train_hybrid_result.csv')
[Hybrid] method=winclip, class_name=splicing_connectors, train=1, eval=68, base_path=/data3/seungeon/data/image/mvtec_loco_anomaly_detection/yellow_splicing
grid 240 16 (15, 15)
[Hybrid-only] LA_AUC=0.57913, LA_AUPRC=0.74497, LA_F1=0.73077
[Data Description]
- Train: 1
- Test: 68

Train Start
[Test ROC-AUC]  -  SA: 0.00000,  LA: 0.55438
[Test AUPRC]  -  LA: 0.67371
[Test F1-max]  -  LA: 0.72897
Epoch: 0 | Loss: 11.456185340881348  | Negative Loss: 0.0
[Test ROC-AUC]  -  SA: 0.00000,  LA: 0.55703
[Test AUPRC]  -  LA: 0.67532
[Test F1-max]  -  LA: 0.72897
Epoch: 1 | Loss: 11.353693962097168  | Negative Loss: 0.0
[Test ROC-AUC]  -  SA: 0.00000,  LA: 0.57294
[Test AUPRC]  -  LA: 0.66804
[Test F1-max]  -  LA: 0.73077
Epoch: 2 | Loss: 10.215802192687988  | Negative Loss: 0.0
[Test ROC-AUC]  -  SA: 0.00000,  LA: 0.59682
[Test AUPRC]  -  LA: 0.67416
[Test F1-max]  -  LA: 0.75000
Epoch: 3 | Loss: 8.493525505065918  | Negative Loss: 0.0
[Test ROC-AUC]  -  SA: 0.00000,  LA: 0.59770
[Test AUPRC]  -  LA: 0.65061
[Test F1-max]  -  LA: 0.75000
Epoch: 4 | Loss: 6.64443826675415  | Negative Loss: 0.0
[Test ROC-AUC]  -  SA: 0.00000,  LA: 0.59770
[Test AUPRC]  -  LA: 0.66148
[Test F1-max]  -  LA: 0.75000
Epoch: 5 | Loss: 5.0460124015808105  | Negative Loss: 0.0
[Test ROC-AUC]  -  SA: 0.00000,  LA: 0.59328
[Test AUPRC]  -  LA: 0.68246
[Test F1-max]  -  LA: 0.75000
Epoch: 6 | Loss: 3.856454849243164  | Negative Loss: 0.0
[Test ROC-AUC]  -  SA: 0.00000,  LA: 0.59240
[Test AUPRC]  -  LA: 0.69333
[Test F1-max]  -  LA: 0.75000
Epoch: 7 | Loss: 2.9792325496673584  | Negative Loss: 0.0
[Test ROC-AUC]  -  SA: 0.00000,  LA: 0.59328
[Test AUPRC]  -  LA: 0.69457
[Test F1-max]  -  LA: 0.74286
Epoch: 8 | Loss: 2.3102259635925293  | Negative Loss: 0.0
[Test ROC-AUC]  -  SA: 0.00000,  LA: 0.59593
[Test AUPRC]  -  LA: 0.67821
[Test F1-max]  -  LA: 0.74286
Epoch: 9 | Loss: 1.7812001705169678  | Negative Loss: 0.0
[Test ROC-AUC]  -  SA: 0.00000,  LA: 0.60035
[Test AUPRC]  -  LA: 0.66058
[Test F1-max]  -  LA: 0.74286
Epoch: 10 | Loss: 1.348795771598816  | Negative Loss: 0.0
[Test ROC-AUC]  -  SA: 0.00000,  LA: 0.60920
[Test AUPRC]  -  LA: 0.66403
[Test F1-max]  -  LA: 0.74286
Epoch: 11 | Loss: 0.9942996501922607  | Negative Loss: 0.0
[Test ROC-AUC]  -  SA: 0.00000,  LA: 0.61185
[Test AUPRC]  -  LA: 0.66706
[Test F1-max]  -  LA: 0.74286
Epoch: 12 | Loss: 0.7095628380775452  | Negative Loss: 0.0
[Test ROC-AUC]  -  SA: 0.00000,  LA: 0.61362
[Test AUPRC]  -  LA: 0.66743
[Test F1-max]  -  LA: 0.75000
Epoch: 13 | Loss: 0.4948655366897583  | Negative Loss: 0.0
[Test ROC-AUC]  -  SA: 0.00000,  LA: 0.61981
[Test AUPRC]  -  LA: 0.66577
[Test F1-max]  -  LA: 0.75000
Epoch: 14 | Loss: 0.3382737636566162  | Negative Loss: 0.0
[Test ROC-AUC]  -  SA: 0.00000,  LA: 0.62246
[Test AUPRC]  -  LA: 0.65605
[Test F1-max]  -  LA: 0.75789
Epoch: 15 | Loss: 0.2289760857820511  | Negative Loss: 0.0
[Test ROC-AUC]  -  SA: 0.00000,  LA: 0.62865
[Test AUPRC]  -  LA: 0.65512
[Test F1-max]  -  LA: 0.76596
Epoch: 16 | Loss: 0.15314044058322906  | Negative Loss: 0.0
[Test ROC-AUC]  -  SA: 0.00000,  LA: 0.62599
[Test AUPRC]  -  LA: 0.64556
[Test F1-max]  -  LA: 0.75789
Epoch: 17 | Loss: 0.10160819441080093  | Negative Loss: 0.0
[Test ROC-AUC]  -  SA: 0.00000,  LA: 0.63130
[Test AUPRC]  -  LA: 0.66783
[Test F1-max]  -  LA: 0.75789
Epoch: 18 | Loss: 0.0672324001789093  | Negative Loss: 0.0
[Test ROC-AUC]  -  SA: 0.00000,  LA: 0.62246
[Test AUPRC]  -  LA: 0.66112
[Test F1-max]  -  LA: 0.75269
Epoch: 19 | Loss: 0.04429394006729126  | Negative Loss: 0.0
[Test ROC-AUC]  -  SA: 0.00000,  LA: 0.62157
[Test AUPRC]  -  LA: 0.65629
[Test F1-max]  -  LA: 0.75269
Epoch: 20 | Loss: 0.02921879105269909  | Negative Loss: 0.0
[Test ROC-AUC]  -  SA: 0.00000,  LA: 0.62599
[Test AUPRC]  -  LA: 0.66545
[Test F1-max]  -  LA: 0.75269
Epoch: 21 | Loss: 0.01937088929116726  | Negative Loss: 0.0
[Test ROC-AUC]  -  SA: 0.00000,  LA: 0.62157
[Test AUPRC]  -  LA: 0.66269
[Test F1-max]  -  LA: 0.74468
Epoch: 22 | Loss: 0.012938065454363823  | Negative Loss: 0.0
[Test ROC-AUC]  -  SA: 0.00000,  LA: 0.61981
[Test AUPRC]  -  LA: 0.65953
[Test F1-max]  -  LA: 0.75728
Epoch: 23 | Loss: 0.008731663227081299  | Negative Loss: 0.0
[Test ROC-AUC]  -  SA: 0.00000,  LA: 0.62246
[Test AUPRC]  -  LA: 0.67167
[Test F1-max]  -  LA: 0.75728
Epoch: 24 | Loss: 0.005962188821285963  | Negative Loss: 0.0
[Test ROC-AUC]  -  SA: 0.00000,  LA: 0.62069
[Test AUPRC]  -  LA: 0.67016
[Test F1-max]  -  LA: 0.75728
Epoch: 25 | Loss: 0.004130874294787645  | Negative Loss: 0.0
[Test ROC-AUC]  -  SA: 0.00000,  LA: 0.61538
[Test AUPRC]  -  LA: 0.67235
[Test F1-max]  -  LA: 0.75000
Epoch: 26 | Loss: 0.002907042158767581  | Negative Loss: 0.0
[Test ROC-AUC]  -  SA: 0.00000,  LA: 0.61185
[Test AUPRC]  -  LA: 0.66940
[Test F1-max]  -  LA: 0.75000
Epoch: 27 | Loss: 0.002076121047139168  | Negative Loss: 0.0
[Test ROC-AUC]  -  SA: 0.00000,  LA: 0.61185
[Test AUPRC]  -  LA: 0.67157
[Test F1-max]  -  LA: 0.75000
Epoch: 28 | Loss: 0.001505987485870719  | Negative Loss: 0.0
[Test ROC-AUC]  -  SA: 0.00000,  LA: 0.61185
[Test AUPRC]  -  LA: 0.67214
[Test F1-max]  -  LA: 0.75000
Epoch: 29 | Loss: 0.0011107767932116985  | Negative Loss: 0.0
[Test ROC-AUC]  -  SA: 0.00000,  LA: 0.61273
[Test AUPRC]  -  LA: 0.67341
[Test F1-max]  -  LA: 0.75000
Epoch: 30 | Loss: 0.0008319367771036923  | Negative Loss: 0.0
[Test ROC-AUC]  -  SA: 0.00000,  LA: 0.61185
[Test AUPRC]  -  LA: 0.67349
[Test F1-max]  -  LA: 0.75000
Epoch: 31 | Loss: 0.0006330361939035356  | Negative Loss: 0.0
[Test ROC-AUC]  -  SA: 0.00000,  LA: 0.61185
[Test AUPRC]  -  LA: 0.67750
[Test F1-max]  -  LA: 0.75000
Epoch: 32 | Loss: 0.0004896607715636492  | Negative Loss: 0.0
[Test ROC-AUC]  -  SA: 0.00000,  LA: 0.60566
[Test AUPRC]  -  LA: 0.67526
[Test F1-max]  -  LA: 0.75000
Epoch: 33 | Loss: 0.0003847757470794022  | Negative Loss: 0.0
[Test ROC-AUC]  -  SA: 0.00000,  LA: 0.60301
[Test AUPRC]  -  LA: 0.67392
[Test F1-max]  -  LA: 0.75000
Epoch: 34 | Loss: 0.0003065858327317983  | Negative Loss: 0.0
[Test ROC-AUC]  -  SA: 0.00000,  LA: 0.60124
[Test AUPRC]  -  LA: 0.67204
[Test F1-max]  -  LA: 0.75000
Epoch: 35 | Loss: 0.00024782263790257275  | Negative Loss: 0.0
[Test ROC-AUC]  -  SA: 0.00000,  LA: 0.60212
[Test AUPRC]  -  LA: 0.67368
[Test F1-max]  -  LA: 0.75000
Epoch: 36 | Loss: 0.0002031235198955983  | Negative Loss: 0.0
[Test ROC-AUC]  -  SA: 0.00000,  LA: 0.60124
[Test AUPRC]  -  LA: 0.67415
[Test F1-max]  -  LA: 0.75000
Epoch: 37 | Loss: 0.00016867478552740067  | Negative Loss: 0.0
[Test ROC-AUC]  -  SA: 0.00000,  LA: 0.59947
[Test AUPRC]  -  LA: 0.67260
[Test F1-max]  -  LA: 0.75000
Epoch: 38 | Loss: 0.00014185451436787844  | Negative Loss: 0.0
[Test ROC-AUC]  -  SA: 0.00000,  LA: 0.59859
[Test AUPRC]  -  LA: 0.67465
[Test F1-max]  -  LA: 0.75000
Epoch: 39 | Loss: 0.00012087490904377773  | Negative Loss: 0.0
[Test ROC-AUC]  -  SA: 0.00000,  LA: 0.59682
[Test AUPRC]  -  LA: 0.67596
[Test F1-max]  -  LA: 0.75000
Epoch: 40 | Loss: 0.00010406725050415844  | Negative Loss: 0.0
[Test ROC-AUC]  -  SA: 0.00000,  LA: 0.59770
[Test AUPRC]  -  LA: 0.67904
[Test F1-max]  -  LA: 0.75000
Epoch: 41 | Loss: 9.047797357197851e-05  | Negative Loss: 0.0
[Test ROC-AUC]  -  SA: 0.00000,  LA: 0.59505
[Test AUPRC]  -  LA: 0.67790
[Test F1-max]  -  LA: 0.75000
Epoch: 42 | Loss: 7.939192437333986e-05  | Negative Loss: 0.0
[Test ROC-AUC]  -  SA: 0.00000,  LA: 0.59505
[Test AUPRC]  -  LA: 0.67895
[Test F1-max]  -  LA: 0.75000
Epoch: 43 | Loss: 7.057074253680184e-05  | Negative Loss: 0.0
[Test ROC-AUC]  -  SA: 0.00000,  LA: 0.59505
[Test AUPRC]  -  LA: 0.67937
[Test F1-max]  -  LA: 0.75000
Epoch: 44 | Loss: 6.317999213933945e-05  | Negative Loss: 0.0
[Test ROC-AUC]  -  SA: 0.00000,  LA: 0.59593
[Test AUPRC]  -  LA: 0.68236
[Test F1-max]  -  LA: 0.75000
Epoch: 45 | Loss: 5.698127642972395e-05  | Negative Loss: 0.0
[Test ROC-AUC]  -  SA: 0.00000,  LA: 0.59593
[Test AUPRC]  -  LA: 0.68236
[Test F1-max]  -  LA: 0.75000
Epoch: 46 | Loss: 5.185540794627741e-05  | Negative Loss: 0.0
[Test ROC-AUC]  -  SA: 0.00000,  LA: 0.59593
[Test AUPRC]  -  LA: 0.68236
[Test F1-max]  -  LA: 0.75000
Epoch: 47 | Loss: 4.744475882034749e-05  | Negative Loss: 0.0
[Test ROC-AUC]  -  SA: 0.00000,  LA: 0.59682
[Test AUPRC]  -  LA: 0.68418
[Test F1-max]  -  LA: 0.75000
Epoch: 48 | Loss: 4.374935451778583e-05  | Negative Loss: 0.0
[Test ROC-AUC]  -  SA: 0.00000,  LA: 0.59859
[Test AUPRC]  -  LA: 0.68689
[Test F1-max]  -  LA: 0.75000
Epoch: 49 | Loss: 4.053076554555446e-05  | Negative Loss: 0.0
[Test ROC-AUC]  -  SA: 0.00000,  LA: 0.59770
[Test AUPRC]  -  LA: 0.68687
[Test F1-max]  -  LA: 0.75000
Epoch: 50 | Loss: 3.778899917961098e-05  | Negative Loss: 0.0
[Test ROC-AUC]  -  SA: 0.00000,  LA: 0.59770
[Test AUPRC]  -  LA: 0.68900
[Test F1-max]  -  LA: 0.75000
Epoch: 51 | Loss: 3.5524066333891824e-05  | Negative Loss: 0.0
[Test ROC-AUC]  -  SA: 0.00000,  LA: 0.59859
[Test AUPRC]  -  LA: 0.69040
[Test F1-max]  -  LA: 0.75000
Epoch: 52 | Loss: 3.361674680490978e-05  | Negative Loss: 0.0
[Test ROC-AUC]  -  SA: 0.00000,  LA: 0.59770
[Test AUPRC]  -  LA: 0.69001
[Test F1-max]  -  LA: 0.75000
Epoch: 53 | Loss: 3.182863656547852e-05  | Negative Loss: 0.0
[Test ROC-AUC]  -  SA: 0.00000,  LA: 0.59770
[Test AUPRC]  -  LA: 0.69001
[Test F1-max]  -  LA: 0.75000
Epoch: 54 | Loss: 3.0159730158629827e-05  | Negative Loss: 0.0
[Test ROC-AUC]  -  SA: 0.00000,  LA: 0.59770
[Test AUPRC]  -  LA: 0.69001
[Test F1-max]  -  LA: 0.75000
Epoch: 55 | Loss: 2.884844616346527e-05  | Negative Loss: 0.0
[Test ROC-AUC]  -  SA: 0.00000,  LA: 0.59770
[Test AUPRC]  -  LA: 0.69069
[Test F1-max]  -  LA: 0.74510
Epoch: 56 | Loss: 2.753716216830071e-05  | Negative Loss: 0.0
[Test ROC-AUC]  -  SA: 0.00000,  LA: 0.59770
[Test AUPRC]  -  LA: 0.69069
[Test F1-max]  -  LA: 0.74510
Epoch: 57 | Loss: 2.6464291295269504e-05  | Negative Loss: 0.0
[Test ROC-AUC]  -  SA: 0.00000,  LA: 0.59770
[Test AUPRC]  -  LA: 0.69069
[Test F1-max]  -  LA: 0.74510
Epoch: 58 | Loss: 2.5629837182350457e-05  | Negative Loss: 0.0
[Test ROC-AUC]  -  SA: 0.00000,  LA: 0.59859
[Test AUPRC]  -  LA: 0.69262
[Test F1-max]  -  LA: 0.74510
Epoch: 59 | Loss: 2.4676173779880628e-05  | Negative Loss: 0.0
[Test ROC-AUC]  -  SA: 0.00000,  LA: 0.59770
[Test AUPRC]  -  LA: 0.69225
[Test F1-max]  -  LA: 0.74510
Epoch: 60 | Loss: 2.3960925318533555e-05  | Negative Loss: 0.0
[Test ROC-AUC]  -  SA: 0.00000,  LA: 0.59770
[Test AUPRC]  -  LA: 0.69225
[Test F1-max]  -  LA: 0.74510
Epoch: 61 | Loss: 2.3245678676175885e-05  | Negative Loss: 0.0
[Test ROC-AUC]  -  SA: 0.00000,  LA: 0.59770
[Test AUPRC]  -  LA: 0.69225
[Test F1-max]  -  LA: 0.74510
Epoch: 62 | Loss: 2.2530432033818215e-05  | Negative Loss: 0.0
[Test ROC-AUC]  -  SA: 0.00000,  LA: 0.59682
[Test AUPRC]  -  LA: 0.69096
[Test F1-max]  -  LA: 0.74510
Epoch: 63 | Loss: 2.2172809622134082e-05  | Negative Loss: 0.0
[Test ROC-AUC]  -  SA: 0.00000,  LA: 0.59682
[Test AUPRC]  -  LA: 0.69096
[Test F1-max]  -  LA: 0.74510
Epoch: 64 | Loss: 2.1457559341797605e-05  | Negative Loss: 0.0
[Test ROC-AUC]  -  SA: 0.00000,  LA: 0.59682
[Test AUPRC]  -  LA: 0.69096
[Test F1-max]  -  LA: 0.74510
Epoch: 65 | Loss: 2.0980725821573287e-05  | Negative Loss: 0.0
[Test ROC-AUC]  -  SA: 0.00000,  LA: 0.59682
[Test AUPRC]  -  LA: 0.69096
[Test F1-max]  -  LA: 0.74510
Epoch: 66 | Loss: 2.0503895939327776e-05  | Negative Loss: 0.0
[Test ROC-AUC]  -  SA: 0.00000,  LA: 0.59682
[Test AUPRC]  -  LA: 0.69096
[Test F1-max]  -  LA: 0.74510
Epoch: 67 | Loss: 2.0146268070675433e-05  | Negative Loss: 0.0
[Test ROC-AUC]  -  SA: 0.00000,  LA: 0.59593
[Test AUPRC]  -  LA: 0.69070
[Test F1-max]  -  LA: 0.74510
Epoch: 68 | Loss: 1.97886456589913e-05  | Negative Loss: 0.0
[Test ROC-AUC]  -  SA: 0.00000,  LA: 0.59505
[Test AUPRC]  -  LA: 0.69035
[Test F1-max]  -  LA: 0.74510
Epoch: 69 | Loss: 1.9431021428317763e-05  | Negative Loss: 0.0
[Test ROC-AUC]  -  SA: 0.00000,  LA: 0.59505
[Test AUPRC]  -  LA: 0.69035
[Test F1-max]  -  LA: 0.74510
Epoch: 70 | Loss: 1.907339901663363e-05  | Negative Loss: 0.0
[Test ROC-AUC]  -  SA: 0.00000,  LA: 0.59770
[Test AUPRC]  -  LA: 0.69236
[Test F1-max]  -  LA: 0.74510
Epoch: 71 | Loss: 1.895418972708285e-05  | Negative Loss: 0.0
[Test ROC-AUC]  -  SA: 0.00000,  LA: 0.59770
[Test AUPRC]  -  LA: 0.69236
[Test F1-max]  -  LA: 0.74510
Epoch: 72 | Loss: 1.847735620685853e-05  | Negative Loss: 0.0
[Test ROC-AUC]  -  SA: 0.00000,  LA: 0.59859
[Test AUPRC]  -  LA: 0.69475
[Test F1-max]  -  LA: 0.74510
Epoch: 73 | Loss: 1.8358148736297153e-05  | Negative Loss: 0.0
[Test ROC-AUC]  -  SA: 0.00000,  LA: 0.59859
[Test AUPRC]  -  LA: 0.69475
[Test F1-max]  -  LA: 0.74510
Epoch: 74 | Loss: 1.8238941265735775e-05  | Negative Loss: 0.0
[Test ROC-AUC]  -  SA: 0.00000,  LA: 0.59859
[Test AUPRC]  -  LA: 0.69475
[Test F1-max]  -  LA: 0.74510
Epoch: 75 | Loss: 1.7762105926522054e-05  | Negative Loss: 0.0
[Test ROC-AUC]  -  SA: 0.00000,  LA: 0.59682
[Test AUPRC]  -  LA: 0.69362
[Test F1-max]  -  LA: 0.74510
Epoch: 76 | Loss: 1.7523689166409895e-05  | Negative Loss: 0.0
[Test ROC-AUC]  -  SA: 0.00000,  LA: 0.59682
[Test AUPRC]  -  LA: 0.69362
[Test F1-max]  -  LA: 0.74510
Epoch: 77 | Loss: 1.7404481695848517e-05  | Negative Loss: 0.0
[Test ROC-AUC]  -  SA: 0.00000,  LA: 0.59682
[Test AUPRC]  -  LA: 0.69362
[Test F1-max]  -  LA: 0.74510
Epoch: 78 | Loss: 1.728527422528714e-05  | Negative Loss: 0.0
[Test ROC-AUC]  -  SA: 0.00000,  LA: 0.59770
[Test AUPRC]  -  LA: 0.69388
[Test F1-max]  -  LA: 0.74510
Epoch: 79 | Loss: 1.7046855646185577e-05  | Negative Loss: 0.0
[Test ROC-AUC]  -  SA: 0.00000,  LA: 0.59770
[Test AUPRC]  -  LA: 0.69388
[Test F1-max]  -  LA: 0.74510
Epoch: 80 | Loss: 1.680844070506282e-05  | Negative Loss: 0.0
[Test ROC-AUC]  -  SA: 0.00000,  LA: 0.59770
[Test AUPRC]  -  LA: 0.69388
[Test F1-max]  -  LA: 0.74510
Epoch: 81 | Loss: 1.668923141551204e-05  | Negative Loss: 0.0
[Test ROC-AUC]  -  SA: 0.00000,  LA: 0.59859
[Test AUPRC]  -  LA: 0.69475
[Test F1-max]  -  LA: 0.74510
Epoch: 82 | Loss: 1.668923141551204e-05  | Negative Loss: 0.0
[Test ROC-AUC]  -  SA: 0.00000,  LA: 0.59770
[Test AUPRC]  -  LA: 0.69388
[Test F1-max]  -  LA: 0.74510
Epoch: 83 | Loss: 1.645081465539988e-05  | Negative Loss: 0.0
[Test ROC-AUC]  -  SA: 0.00000,  LA: 0.59859
[Test AUPRC]  -  LA: 0.69432
[Test F1-max]  -  LA: 0.74510
Epoch: 84 | Loss: 1.609318860573694e-05  | Negative Loss: 0.0
[Test ROC-AUC]  -  SA: 0.00000,  LA: 0.59859
[Test AUPRC]  -  LA: 0.69432
[Test F1-max]  -  LA: 0.74510
Epoch: 85 | Loss: 1.5973981135175563e-05  | Negative Loss: 0.0
[Test ROC-AUC]  -  SA: 0.00000,  LA: 0.59859
[Test AUPRC]  -  LA: 0.69432
[Test F1-max]  -  LA: 0.74510
Epoch: 86 | Loss: 1.5854771845624782e-05  | Negative Loss: 0.0
[Test ROC-AUC]  -  SA: 0.00000,  LA: 0.59859
[Test AUPRC]  -  LA: 0.69432
[Test F1-max]  -  LA: 0.74510
Epoch: 87 | Loss: 1.5735562556074e-05  | Negative Loss: 0.0
[Test ROC-AUC]  -  SA: 0.00000,  LA: 0.59947
[Test AUPRC]  -  LA: 0.69518
[Test F1-max]  -  LA: 0.74510
Epoch: 88 | Loss: 1.5616355085512623e-05  | Negative Loss: 0.0
[Test ROC-AUC]  -  SA: 0.00000,  LA: 0.59947
[Test AUPRC]  -  LA: 0.69518
[Test F1-max]  -  LA: 0.74510
Epoch: 89 | Loss: 1.5497147614951245e-05  | Negative Loss: 0.0
[Test ROC-AUC]  -  SA: 0.00000,  LA: 0.59947
[Test AUPRC]  -  LA: 0.69518
[Test F1-max]  -  LA: 0.74510
Epoch: 90 | Loss: 1.5377938325400464e-05  | Negative Loss: 0.0
[Test ROC-AUC]  -  SA: 0.00000,  LA: 0.59947
[Test AUPRC]  -  LA: 0.69518
[Test F1-max]  -  LA: 0.74510
Epoch: 91 | Loss: 1.5258730854839087e-05  | Negative Loss: 0.0
[Test ROC-AUC]  -  SA: 0.00000,  LA: 0.59947
[Test AUPRC]  -  LA: 0.69518
[Test F1-max]  -  LA: 0.74510
Epoch: 92 | Loss: 1.5020314094726928e-05  | Negative Loss: 0.0
[Test ROC-AUC]  -  SA: 0.00000,  LA: 0.59947
[Test AUPRC]  -  LA: 0.69518
[Test F1-max]  -  LA: 0.74510
Epoch: 93 | Loss: 1.5020314094726928e-05  | Negative Loss: 0.0
[Test ROC-AUC]  -  SA: 0.00000,  LA: 0.59947
[Test AUPRC]  -  LA: 0.69518
[Test F1-max]  -  LA: 0.74510
Epoch: 94 | Loss: 1.4901104805176146e-05  | Negative Loss: 0.0
[Test ROC-AUC]  -  SA: 0.00000,  LA: 0.59947
[Test AUPRC]  -  LA: 0.69518
[Test F1-max]  -  LA: 0.74510
Epoch: 95 | Loss: 1.4781897334614769e-05  | Negative Loss: 0.0
[Test ROC-AUC]  -  SA: 0.00000,  LA: 0.59947
[Test AUPRC]  -  LA: 0.69518
[Test F1-max]  -  LA: 0.74510
Epoch: 96 | Loss: 1.4781897334614769e-05  | Negative Loss: 0.0
[Test ROC-AUC]  -  SA: 0.00000,  LA: 0.59947
[Test AUPRC]  -  LA: 0.69518
[Test F1-max]  -  LA: 0.74510
Epoch: 97 | Loss: 1.4424271284951828e-05  | Negative Loss: 0.0
[Test ROC-AUC]  -  SA: 0.00000,  LA: 0.59947
[Test AUPRC]  -  LA: 0.69518
[Test F1-max]  -  LA: 0.74510
Epoch: 98 | Loss: 1.4305061995401047e-05  | Negative Loss: 0.0
[Test ROC-AUC]  -  SA: 0.00000,  LA: 0.59859
[Test AUPRC]  -  LA: 0.69475
[Test F1-max]  -  LA: 0.74510
Epoch: 99 | Loss: 1.4185853615344968e-05  | Negative Loss: 0.0
Time consumption: 97.07152938842773
Best LA AUC: 0.6312997347480107
Best LA AUPC: 0.6951825701795004
Best LA F1-max: 0.7659574468085106
[Result] Experiment result appended to ./results/train_hybrid_result.csv

[END] 2026-03-19 11:22:31
[RETURN CODE] 0
