[START] 2026-03-19 09:34:01
[GPU] 1
[TASK] 15/160
[NAME] breakfast_winclip
[REPEAT] 5/10
[COMMAND] python train_hybrid.py --data_name breakfast --mask True --text True --double_encoder True --few_shot True --shot 1 --hybrid_model winclip --hybrid_weight 0.3 --hybrid_batch_size 16 --epoch 100 --log True --lr 5e-4 --detection True --preprocess True

/home/seungeon/miniconda3/envs/LAB/lib/python3.10/site-packages/timm/models/layers/__init__.py:48: FutureWarning: Importing from timm.models.layers is deprecated, please import via timm.layers
  warnings.warn(f"Importing from {__name__} is deprecated, please import via timm.layers", FutureWarning)
/home/seungeon/Workspace/side/vlm/train_hybrid.py:18: DeprecationWarning: The distutils package is deprecated and slated for removal in Python 3.12. Use setuptools or check PEP 632 for potential alternatives
  from distutils.util import strtobool
Torch version: 2.9.1+cu128
cuda is loaded for process
here?
In my local computer
Namespace(epoch=100, gpu_number='0', data_name='breakfast', lr=0.0005, batch_size=6, shuffle=True, seed=0, tag='default', model_name='ViT-B-32', pretrained_name='laion2b_s34b_b79k', lora=1, default=False, foundation='CLIP', detection=1, preprocess=1, num_rule=0, object_names=['a mandarin', 'a peach', 'an almonds', 'a banana chips', 'an oat cereal'], objects_for_rules=[['a mandarin'], ['a peach'], ['an oat cereal'], ['an almonds'], ['a banana chips'], ['an almonds', 'a banana chips', 'an oat cereal'], ['an almonds', 'a banana chips']], texts_for_rules=[['mandarins'], ['peach'], ['oat cereal'], ['almonds'], ['banana chips'], ['almonds, banana chips and oat cereal'], ['almonds and banana chips']], mask=1, text=1, score='mean', ciriculam_learning=False, few_shot=1, shot=1, log=1, neg_loss=0, double_encoder=1, pretrained_count_path=None, ris=0, rule_select='', rule_list=[], num_negative=5, hybrid_model='winclip', hybrid_weight=0.3, hybrid_class_name='', hybrid_batch_size=16, hybrid_backbone='ViT-B-16-plus-240', hybrid_pretrained_dataset='laion400m_e32', hybrid_scales=[2, 3], hybrid_img_resize=240, hybrid_img_cropsize=240, hybrid_resolution=400, hybrid_promptad_epoch=100, hybrid_promptad_lr=0.002, hybrid_promptad_momentum=0.9, hybrid_promptad_weight_decay=0.0005, hybrid_promptad_eta_min=1e-05, hybrid_promptad_lambda1=0.001, hybrid_promptad_n_ctx=4, hybrid_promptad_n_pro=3, hybrid_promptad_n_ctx_ab=1, hybrid_promptad_n_pro_ab=4, early_stop_k=10, result_log_path='./results/train_hybrid_result.csv')
[Hybrid] method=winclip, class_name=breakfast_box, train=1, eval=185, base_path=/data3/seungeon/data/image/mvtec_loco_anomaly_detection/breakfast_box
grid 240 16 (15, 15)
[Hybrid-only] LA_AUC=0.66891, LA_AUPRC=0.67487, LA_F1=0.76806
[Data Description]
- Train: 1
- Test: 185

Train Start
[Test ROC-AUC]  -  SA: 0.00000,  LA: 0.60253
[Test AUPRC]  -  LA: 0.59723
[Test F1-max]  -  LA: 0.76806
Epoch: 0 | Loss: 22.662254333496094  | Negative Loss: 0.0
[Test ROC-AUC]  -  SA: 0.00000,  LA: 0.60465
[Test AUPRC]  -  LA: 0.60007
[Test F1-max]  -  LA: 0.76806
Epoch: 1 | Loss: 22.526031494140625  | Negative Loss: 0.0
[Test ROC-AUC]  -  SA: 0.00000,  LA: 0.61387
[Test AUPRC]  -  LA: 0.60162
[Test F1-max]  -  LA: 0.77395
Epoch: 2 | Loss: 20.753314971923828  | Negative Loss: 0.0
[Test ROC-AUC]  -  SA: 0.00000,  LA: 0.63596
[Test AUPRC]  -  LA: 0.64885
[Test F1-max]  -  LA: 0.77273
Epoch: 3 | Loss: 17.886423110961914  | Negative Loss: 0.0
[Test ROC-AUC]  -  SA: 0.00000,  LA: 0.65934
[Test AUPRC]  -  LA: 0.68137
[Test F1-max]  -  LA: 0.77863
Epoch: 4 | Loss: 14.328121185302734  | Negative Loss: 0.0
[Test ROC-AUC]  -  SA: 0.00000,  LA: 0.68521
[Test AUPRC]  -  LA: 0.69562
[Test F1-max]  -  LA: 0.77992
Epoch: 5 | Loss: 10.833396911621094  | Negative Loss: 0.0
[Test ROC-AUC]  -  SA: 0.00000,  LA: 0.70576
[Test AUPRC]  -  LA: 0.71046
[Test F1-max]  -  LA: 0.78764
Epoch: 6 | Loss: 7.893641471862793  | Negative Loss: 0.0
[Test ROC-AUC]  -  SA: 0.00000,  LA: 0.71793
[Test AUPRC]  -  LA: 0.71954
[Test F1-max]  -  LA: 0.78764
Epoch: 7 | Loss: 5.675325393676758  | Negative Loss: 0.0
[Test ROC-AUC]  -  SA: 0.00000,  LA: 0.72833
[Test AUPRC]  -  LA: 0.73457
[Test F1-max]  -  LA: 0.79842
Epoch: 8 | Loss: 4.074074745178223  | Negative Loss: 0.0
[Test ROC-AUC]  -  SA: 0.00000,  LA: 0.74037
[Test AUPRC]  -  LA: 0.74729
[Test F1-max]  -  LA: 0.79842
Epoch: 9 | Loss: 2.9206008911132812  | Negative Loss: 0.0
[Test ROC-AUC]  -  SA: 0.00000,  LA: 0.74711
[Test AUPRC]  -  LA: 0.75284
[Test F1-max]  -  LA: 0.79842
Epoch: 10 | Loss: 2.1348557472229004  | Negative Loss: 0.0
[Test ROC-AUC]  -  SA: 0.00000,  LA: 0.75148
[Test AUPRC]  -  LA: 0.75659
[Test F1-max]  -  LA: 0.79842
Epoch: 11 | Loss: 1.615208625793457  | Negative Loss: 0.0
[Test ROC-AUC]  -  SA: 0.00000,  LA: 0.75502
[Test AUPRC]  -  LA: 0.76053
[Test F1-max]  -  LA: 0.79842
Epoch: 12 | Loss: 1.2706243991851807  | Negative Loss: 0.0
[Test ROC-AUC]  -  SA: 0.00000,  LA: 0.75927
[Test AUPRC]  -  LA: 0.76622
[Test F1-max]  -  LA: 0.79842
Epoch: 13 | Loss: 1.036977767944336  | Negative Loss: 0.0
[Test ROC-AUC]  -  SA: 0.00000,  LA: 0.76181
[Test AUPRC]  -  LA: 0.76981
[Test F1-max]  -  LA: 0.79839
Epoch: 14 | Loss: 0.8741326332092285  | Negative Loss: 0.0
[Test ROC-AUC]  -  SA: 0.00000,  LA: 0.76435
[Test AUPRC]  -  LA: 0.77356
[Test F1-max]  -  LA: 0.79839
Epoch: 15 | Loss: 0.749426007270813  | Negative Loss: 0.0
[Test ROC-AUC]  -  SA: 0.00000,  LA: 0.76719
[Test AUPRC]  -  LA: 0.77815
[Test F1-max]  -  LA: 0.79835
Epoch: 16 | Loss: 0.6451887488365173  | Negative Loss: 0.0
[Test ROC-AUC]  -  SA: 0.00000,  LA: 0.77073
[Test AUPRC]  -  LA: 0.78375
[Test F1-max]  -  LA: 0.80000
Epoch: 17 | Loss: 0.551676332950592  | Negative Loss: 0.0
[Test ROC-AUC]  -  SA: 0.00000,  LA: 0.77510
[Test AUPRC]  -  LA: 0.79001
[Test F1-max]  -  LA: 0.80000
Epoch: 18 | Loss: 0.4642835557460785  | Negative Loss: 0.0
[Test ROC-AUC]  -  SA: 0.00000,  LA: 0.78042
[Test AUPRC]  -  LA: 0.79704
[Test F1-max]  -  LA: 0.80645
Epoch: 19 | Loss: 0.38389644026756287  | Negative Loss: 0.0
[Test ROC-AUC]  -  SA: 0.00000,  LA: 0.78420
[Test AUPRC]  -  LA: 0.80242
[Test F1-max]  -  LA: 0.80321
Epoch: 20 | Loss: 0.31103187799453735  | Negative Loss: 0.0
[Test ROC-AUC]  -  SA: 0.00000,  LA: 0.78526
[Test AUPRC]  -  LA: 0.80280
[Test F1-max]  -  LA: 0.80321
Epoch: 21 | Loss: 0.2466246634721756  | Negative Loss: 0.0
[Test ROC-AUC]  -  SA: 0.00000,  LA: 0.78656
[Test AUPRC]  -  LA: 0.80224
[Test F1-max]  -  LA: 0.80000
Epoch: 22 | Loss: 0.19223684072494507  | Negative Loss: 0.0
[Test ROC-AUC]  -  SA: 0.00000,  LA: 0.78868
[Test AUPRC]  -  LA: 0.80571
[Test F1-max]  -  LA: 0.80000
Epoch: 23 | Loss: 0.14767123758792877  | Negative Loss: 0.0
[Test ROC-AUC]  -  SA: 0.00000,  LA: 0.78880
[Test AUPRC]  -  LA: 0.80464
[Test F1-max]  -  LA: 0.80000
Epoch: 24 | Loss: 0.11238673329353333  | Negative Loss: 0.0
[Test ROC-AUC]  -  SA: 0.00000,  LA: 0.78998
[Test AUPRC]  -  LA: 0.80537
[Test F1-max]  -  LA: 0.80321
Epoch: 25 | Loss: 0.08465348929166794  | Negative Loss: 0.0
[Test ROC-AUC]  -  SA: 0.00000,  LA: 0.78975
[Test AUPRC]  -  LA: 0.80383
[Test F1-max]  -  LA: 0.80321
Epoch: 26 | Loss: 0.06321876496076584  | Negative Loss: 0.0
[Test ROC-AUC]  -  SA: 0.00000,  LA: 0.79034
[Test AUPRC]  -  LA: 0.80324
[Test F1-max]  -  LA: 0.80321
Epoch: 27 | Loss: 0.046994686126708984  | Negative Loss: 0.0
[Test ROC-AUC]  -  SA: 0.00000,  LA: 0.79010
[Test AUPRC]  -  LA: 0.80218
[Test F1-max]  -  LA: 0.80321
Epoch: 28 | Loss: 0.034907933324575424  | Negative Loss: 0.0
[Test ROC-AUC]  -  SA: 0.00000,  LA: 0.79022
[Test AUPRC]  -  LA: 0.80012
[Test F1-max]  -  LA: 0.80321
Epoch: 29 | Loss: 0.026038246229290962  | Negative Loss: 0.0
[Test ROC-AUC]  -  SA: 0.00000,  LA: 0.78786
[Test AUPRC]  -  LA: 0.79492
[Test F1-max]  -  LA: 0.80162
Epoch: 30 | Loss: 0.01953115500509739  | Negative Loss: 0.0
[Test ROC-AUC]  -  SA: 0.00000,  LA: 0.78868
[Test AUPRC]  -  LA: 0.79576
[Test F1-max]  -  LA: 0.80162
Epoch: 31 | Loss: 0.014746702276170254  | Negative Loss: 0.0
[Test ROC-AUC]  -  SA: 0.00000,  LA: 0.78762
[Test AUPRC]  -  LA: 0.79477
[Test F1-max]  -  LA: 0.80321
Epoch: 32 | Loss: 0.011212678626179695  | Negative Loss: 0.0
[Test ROC-AUC]  -  SA: 0.00000,  LA: 0.78526
[Test AUPRC]  -  LA: 0.79160
[Test F1-max]  -  LA: 0.80321
Epoch: 33 | Loss: 0.00861763022840023  | Negative Loss: 0.0
[Test ROC-AUC]  -  SA: 0.00000,  LA: 0.78490
[Test AUPRC]  -  LA: 0.79040
[Test F1-max]  -  LA: 0.80321
Epoch: 34 | Loss: 0.006702312733978033  | Negative Loss: 0.0
[Test ROC-AUC]  -  SA: 0.00000,  LA: 0.78443
[Test AUPRC]  -  LA: 0.78987
[Test F1-max]  -  LA: 0.80321
Epoch: 35 | Loss: 0.005272357724606991  | Negative Loss: 0.0
[Test ROC-AUC]  -  SA: 0.00000,  LA: 0.78431
[Test AUPRC]  -  LA: 0.79025
[Test F1-max]  -  LA: 0.80321
Epoch: 36 | Loss: 0.004200072959065437  | Negative Loss: 0.0
[Test ROC-AUC]  -  SA: 0.00000,  LA: 0.78384
[Test AUPRC]  -  LA: 0.79008
[Test F1-max]  -  LA: 0.80321
Epoch: 37 | Loss: 0.003384537762030959  | Negative Loss: 0.0
[Test ROC-AUC]  -  SA: 0.00000,  LA: 0.78420
[Test AUPRC]  -  LA: 0.79053
[Test F1-max]  -  LA: 0.80321
Epoch: 38 | Loss: 0.0027590785175561905  | Negative Loss: 0.0
[Test ROC-AUC]  -  SA: 0.00000,  LA: 0.78420
[Test AUPRC]  -  LA: 0.79048
[Test F1-max]  -  LA: 0.80321
Epoch: 39 | Loss: 0.002274088328704238  | Negative Loss: 0.0
[Test ROC-AUC]  -  SA: 0.00000,  LA: 0.78384
[Test AUPRC]  -  LA: 0.79084
[Test F1-max]  -  LA: 0.80321
Epoch: 40 | Loss: 0.0018950211815536022  | Negative Loss: 0.0
[Test ROC-AUC]  -  SA: 0.00000,  LA: 0.78325
[Test AUPRC]  -  LA: 0.79017
[Test F1-max]  -  LA: 0.80321
Epoch: 41 | Loss: 0.0015972370747476816  | Negative Loss: 0.0
[Test ROC-AUC]  -  SA: 0.00000,  LA: 0.78337
[Test AUPRC]  -  LA: 0.79053
[Test F1-max]  -  LA: 0.80321
Epoch: 42 | Loss: 0.0013612809125334024  | Negative Loss: 0.0
[Test ROC-AUC]  -  SA: 0.00000,  LA: 0.78313
[Test AUPRC]  -  LA: 0.79071
[Test F1-max]  -  LA: 0.80321
Epoch: 43 | Loss: 0.001171833835542202  | Negative Loss: 0.0
[Test ROC-AUC]  -  SA: 0.00000,  LA: 0.78325
[Test AUPRC]  -  LA: 0.78993
[Test F1-max]  -  LA: 0.80321
Epoch: 44 | Loss: 0.0010184412822127342  | Negative Loss: 0.0
[Test ROC-AUC]  -  SA: 0.00000,  LA: 0.78372
[Test AUPRC]  -  LA: 0.79098
[Test F1-max]  -  LA: 0.80321
Epoch: 45 | Loss: 0.0008930188487283885  | Negative Loss: 0.0
[Test ROC-AUC]  -  SA: 0.00000,  LA: 0.78408
[Test AUPRC]  -  LA: 0.79069
[Test F1-max]  -  LA: 0.80321
Epoch: 46 | Loss: 0.0007897396571934223  | Negative Loss: 0.0
[Test ROC-AUC]  -  SA: 0.00000,  LA: 0.78420
[Test AUPRC]  -  LA: 0.78969
[Test F1-max]  -  LA: 0.80321
Epoch: 47 | Loss: 0.0007040830096229911  | Negative Loss: 0.0
[Test ROC-AUC]  -  SA: 0.00000,  LA: 0.78396
[Test AUPRC]  -  LA: 0.78949
[Test F1-max]  -  LA: 0.80321
Epoch: 48 | Loss: 0.0006324787973426282  | Negative Loss: 0.0
[Test ROC-AUC]  -  SA: 0.00000,  LA: 0.78372
[Test AUPRC]  -  LA: 0.78754
[Test F1-max]  -  LA: 0.80321
Epoch: 49 | Loss: 0.0005724278162233531  | Negative Loss: 0.0
[Test ROC-AUC]  -  SA: 0.00000,  LA: 0.78420
[Test AUPRC]  -  LA: 0.78756
[Test F1-max]  -  LA: 0.80321
Epoch: 50 | Loss: 0.0005215487326495349  | Negative Loss: 0.0
[Test ROC-AUC]  -  SA: 0.00000,  LA: 0.78372
[Test AUPRC]  -  LA: 0.78617
[Test F1-max]  -  LA: 0.80321
Epoch: 51 | Loss: 0.0004781744792126119  | Negative Loss: 0.0
[Test ROC-AUC]  -  SA: 0.00000,  LA: 0.78349
[Test AUPRC]  -  LA: 0.78531
[Test F1-max]  -  LA: 0.80321
Epoch: 52 | Loss: 0.0004408760869409889  | Negative Loss: 0.0
[Test ROC-AUC]  -  SA: 0.00000,  LA: 0.78278
[Test AUPRC]  -  LA: 0.78447
[Test F1-max]  -  LA: 0.80321
Epoch: 53 | Loss: 0.0004087007837370038  | Negative Loss: 0.0
[Test ROC-AUC]  -  SA: 0.00000,  LA: 0.78254
[Test AUPRC]  -  LA: 0.78369
[Test F1-max]  -  LA: 0.80321
Epoch: 54 | Loss: 0.000380576413590461  | Negative Loss: 0.0
[Test ROC-AUC]  -  SA: 0.00000,  LA: 0.78148
[Test AUPRC]  -  LA: 0.78200
[Test F1-max]  -  LA: 0.80321
Epoch: 55 | Loss: 0.0003561457560863346  | Negative Loss: 0.0
[Test ROC-AUC]  -  SA: 0.00000,  LA: 0.78124
[Test AUPRC]  -  LA: 0.78150
[Test F1-max]  -  LA: 0.80321
Epoch: 56 | Loss: 0.00033493241062387824  | Negative Loss: 0.0
[Test ROC-AUC]  -  SA: 0.00000,  LA: 0.78065
[Test AUPRC]  -  LA: 0.78093
[Test F1-max]  -  LA: 0.80000
Epoch: 57 | Loss: 0.0003163406508974731  | Negative Loss: 0.0
[Test ROC-AUC]  -  SA: 0.00000,  LA: 0.78077
[Test AUPRC]  -  LA: 0.78103
[Test F1-max]  -  LA: 0.80000
Epoch: 58 | Loss: 0.00030001302366144955  | Negative Loss: 0.0
[Test ROC-AUC]  -  SA: 0.00000,  LA: 0.78065
[Test AUPRC]  -  LA: 0.78086
[Test F1-max]  -  LA: 0.80000
Epoch: 59 | Loss: 0.00028535371529869735  | Negative Loss: 0.0
[Test ROC-AUC]  -  SA: 0.00000,  LA: 0.77959
[Test AUPRC]  -  LA: 0.77977
[Test F1-max]  -  LA: 0.80000
Epoch: 60 | Loss: 0.00027224357472732663  | Negative Loss: 0.0
[Test ROC-AUC]  -  SA: 0.00000,  LA: 0.77876
[Test AUPRC]  -  LA: 0.77905
[Test F1-max]  -  LA: 0.80000
Epoch: 61 | Loss: 0.0002604443288873881  | Negative Loss: 0.0
[Test ROC-AUC]  -  SA: 0.00000,  LA: 0.77876
[Test AUPRC]  -  LA: 0.77894
[Test F1-max]  -  LA: 0.80000
Epoch: 62 | Loss: 0.0002500752452760935  | Negative Loss: 0.0
[Test ROC-AUC]  -  SA: 0.00000,  LA: 0.77841
[Test AUPRC]  -  LA: 0.77852
[Test F1-max]  -  LA: 0.80000
Epoch: 63 | Loss: 0.00024054035020526499  | Negative Loss: 0.0
[Test ROC-AUC]  -  SA: 0.00000,  LA: 0.77805
[Test AUPRC]  -  LA: 0.77835
[Test F1-max]  -  LA: 0.80000
Epoch: 64 | Loss: 0.0002320780768059194  | Negative Loss: 0.0
[Test ROC-AUC]  -  SA: 0.00000,  LA: 0.77794
[Test AUPRC]  -  LA: 0.77785
[Test F1-max]  -  LA: 0.80000
Epoch: 65 | Loss: 0.00022433085541706532  | Negative Loss: 0.0
[Test ROC-AUC]  -  SA: 0.00000,  LA: 0.77817
[Test AUPRC]  -  LA: 0.77814
[Test F1-max]  -  LA: 0.80000
Epoch: 66 | Loss: 0.00021729874424636364  | Negative Loss: 0.0
[Test ROC-AUC]  -  SA: 0.00000,  LA: 0.77764
[Test AUPRC]  -  LA: 0.77750
[Test F1-max]  -  LA: 0.80000
Epoch: 67 | Loss: 0.00021086251945234835  | Negative Loss: 0.0
[Test ROC-AUC]  -  SA: 0.00000,  LA: 0.77770
[Test AUPRC]  -  LA: 0.77773
[Test F1-max]  -  LA: 0.80000
Epoch: 68 | Loss: 0.00020502222469076514  | Negative Loss: 0.0
[Test ROC-AUC]  -  SA: 0.00000,  LA: 0.77758
[Test AUPRC]  -  LA: 0.77739
[Test F1-max]  -  LA: 0.80000
Epoch: 69 | Loss: 0.00019965866522397846  | Negative Loss: 0.0
[Test ROC-AUC]  -  SA: 0.00000,  LA: 0.77675
[Test AUPRC]  -  LA: 0.77671
[Test F1-max]  -  LA: 0.80000
Epoch: 70 | Loss: 0.00019465264631435275  | Negative Loss: 0.0
[Test ROC-AUC]  -  SA: 0.00000,  LA: 0.77640
[Test AUPRC]  -  LA: 0.77676
[Test F1-max]  -  LA: 0.80000
Epoch: 71 | Loss: 0.00019012336269952357  | Negative Loss: 0.0
[Test ROC-AUC]  -  SA: 0.00000,  LA: 0.77605
[Test AUPRC]  -  LA: 0.77603
[Test F1-max]  -  LA: 0.80000
Epoch: 72 | Loss: 0.0001858324685599655  | Negative Loss: 0.0
[Test ROC-AUC]  -  SA: 0.00000,  LA: 0.77605
[Test AUPRC]  -  LA: 0.77594
[Test F1-max]  -  LA: 0.80000
Epoch: 73 | Loss: 0.00018189914408139884  | Negative Loss: 0.0
[Test ROC-AUC]  -  SA: 0.00000,  LA: 0.77605
[Test AUPRC]  -  LA: 0.77563
[Test F1-max]  -  LA: 0.80000
Epoch: 74 | Loss: 0.00017832336015999317  | Negative Loss: 0.0
[Test ROC-AUC]  -  SA: 0.00000,  LA: 0.77616
[Test AUPRC]  -  LA: 0.77624
[Test F1-max]  -  LA: 0.80000
Epoch: 75 | Loss: 0.00017474759079050273  | Negative Loss: 0.0
[Test ROC-AUC]  -  SA: 0.00000,  LA: 0.77605
[Test AUPRC]  -  LA: 0.77613
[Test F1-max]  -  LA: 0.80000
Epoch: 76 | Loss: 0.00017164857126772404  | Negative Loss: 0.0
[Test ROC-AUC]  -  SA: 0.00000,  LA: 0.77593
[Test AUPRC]  -  LA: 0.77605
[Test F1-max]  -  LA: 0.80000
Epoch: 77 | Loss: 0.00016854953719303012  | Negative Loss: 0.0
[Test ROC-AUC]  -  SA: 0.00000,  LA: 0.77616
[Test AUPRC]  -  LA: 0.77652
[Test F1-max]  -  LA: 0.80000
Epoch: 78 | Loss: 0.00016568892169743776  | Negative Loss: 0.0
[Test ROC-AUC]  -  SA: 0.00000,  LA: 0.77628
[Test AUPRC]  -  LA: 0.77666
[Test F1-max]  -  LA: 0.80000
Epoch: 79 | Loss: 0.0001629474718356505  | Negative Loss: 0.0
[Test ROC-AUC]  -  SA: 0.00000,  LA: 0.77628
[Test AUPRC]  -  LA: 0.77736
[Test F1-max]  -  LA: 0.80000
Epoch: 80 | Loss: 0.0001603252167114988  | Negative Loss: 0.0
[Test ROC-AUC]  -  SA: 0.00000,  LA: 0.77640
[Test AUPRC]  -  LA: 0.77770
[Test F1-max]  -  LA: 0.80000
Epoch: 81 | Loss: 0.00015782215632498264  | Negative Loss: 0.0
[Test ROC-AUC]  -  SA: 0.00000,  LA: 0.77675
[Test AUPRC]  -  LA: 0.77816
[Test F1-max]  -  LA: 0.80000
Epoch: 82 | Loss: 0.00015543826157227159  | Negative Loss: 0.0
[Test ROC-AUC]  -  SA: 0.00000,  LA: 0.77711
[Test AUPRC]  -  LA: 0.77844
[Test F1-max]  -  LA: 0.80000
Epoch: 83 | Loss: 0.00015305436681956053  | Negative Loss: 0.0
[Test ROC-AUC]  -  SA: 0.00000,  LA: 0.77687
[Test AUPRC]  -  LA: 0.77821
[Test F1-max]  -  LA: 0.80000
Epoch: 84 | Loss: 0.0001509088760940358  | Negative Loss: 0.0
[Test ROC-AUC]  -  SA: 0.00000,  LA: 0.77699
[Test AUPRC]  -  LA: 0.77831
[Test F1-max]  -  LA: 0.80000
Epoch: 85 | Loss: 0.00014876335626468062  | Negative Loss: 0.0
[Test ROC-AUC]  -  SA: 0.00000,  LA: 0.77675
[Test AUPRC]  -  LA: 0.77787
[Test F1-max]  -  LA: 0.80000
Epoch: 86 | Loss: 0.00014673706027679145  | Negative Loss: 0.0
[Test ROC-AUC]  -  SA: 0.00000,  LA: 0.77640
[Test AUPRC]  -  LA: 0.77763
[Test F1-max]  -  LA: 0.80000
Epoch: 87 | Loss: 0.00014471074973698705  | Negative Loss: 0.0
[Test ROC-AUC]  -  SA: 0.00000,  LA: 0.77652
[Test AUPRC]  -  LA: 0.77776
[Test F1-max]  -  LA: 0.80000
Epoch: 88 | Loss: 0.0001428036339348182  | Negative Loss: 0.0
[Test ROC-AUC]  -  SA: 0.00000,  LA: 0.77652
[Test AUPRC]  -  LA: 0.77776
[Test F1-max]  -  LA: 0.80000
Epoch: 89 | Loss: 0.00014089650358073413  | Negative Loss: 0.0
[Test ROC-AUC]  -  SA: 0.00000,  LA: 0.77628
[Test AUPRC]  -  LA: 0.77761
[Test F1-max]  -  LA: 0.80000
Epoch: 90 | Loss: 0.0001392277772538364  | Negative Loss: 0.0
[Test ROC-AUC]  -  SA: 0.00000,  LA: 0.77628
[Test AUPRC]  -  LA: 0.77754
[Test F1-max]  -  LA: 0.80000
Epoch: 91 | Loss: 0.00013732064689975232  | Negative Loss: 0.0
[Test ROC-AUC]  -  SA: 0.00000,  LA: 0.77616
[Test AUPRC]  -  LA: 0.77697
[Test F1-max]  -  LA: 0.80000
Epoch: 92 | Loss: 0.00013577111531049013  | Negative Loss: 0.0
[Test ROC-AUC]  -  SA: 0.00000,  LA: 0.77616
[Test AUPRC]  -  LA: 0.77691
[Test F1-max]  -  LA: 0.80000
Epoch: 93 | Loss: 0.00013398316514212638  | Negative Loss: 0.0
[Test ROC-AUC]  -  SA: 0.00000,  LA: 0.77593
[Test AUPRC]  -  LA: 0.77686
[Test F1-max]  -  LA: 0.80000
Epoch: 94 | Loss: 0.00013231443881522864  | Negative Loss: 0.0
[Test ROC-AUC]  -  SA: 0.00000,  LA: 0.77593
[Test AUPRC]  -  LA: 0.77692
[Test F1-max]  -  LA: 0.80000
Epoch: 95 | Loss: 0.00013076489267405123  | Negative Loss: 0.0
[Test ROC-AUC]  -  SA: 0.00000,  LA: 0.77593
[Test AUPRC]  -  LA: 0.77701
[Test F1-max]  -  LA: 0.80000
Epoch: 96 | Loss: 0.00012909613724332303  | Negative Loss: 0.0
[Test ROC-AUC]  -  SA: 0.00000,  LA: 0.77581
[Test AUPRC]  -  LA: 0.77690
[Test F1-max]  -  LA: 0.80000
Epoch: 97 | Loss: 0.0001276658003916964  | Negative Loss: 0.0
[Test ROC-AUC]  -  SA: 0.00000,  LA: 0.77581
[Test AUPRC]  -  LA: 0.77690
[Test F1-max]  -  LA: 0.80000
Epoch: 98 | Loss: 0.00012611625425051898  | Negative Loss: 0.0
[Test ROC-AUC]  -  SA: 0.00000,  LA: 0.77593
[Test AUPRC]  -  LA: 0.77696
[Test F1-max]  -  LA: 0.80000
Epoch: 99 | Loss: 0.00012468588829506189  | Negative Loss: 0.0
Time consumption: 185.37662148475647
Best LA AUC: 0.7903378218757382
Best LA AUPC: 0.805705416759205
Best LA F1-max: 0.8064516129032259
[Result] Experiment result appended to ./results/train_hybrid_result.csv

[END] 2026-03-19 09:40:25
[RETURN CODE] 0
