[START] 2026-03-19 10:27:18
[GPU] 1
[TASK] 74/160
[NAME] blue_splicing_winclip
[REPEAT] 4/10
[COMMAND] python train_hybrid.py --data_name blue_splicing --mask True --text True --double_encoder True --few_shot True --shot 5 --hybrid_model winclip --hybrid_weight 0.3 --hybrid_batch_size 16 --epoch 100 --log True --lr 5e-4 --detection True --preprocess True

/home/seungeon/miniconda3/envs/LAB/lib/python3.10/site-packages/timm/models/layers/__init__.py:48: FutureWarning: Importing from timm.models.layers is deprecated, please import via timm.layers
  warnings.warn(f"Importing from {__name__} is deprecated, please import via timm.layers", FutureWarning)
/home/seungeon/Workspace/side/vlm/train_hybrid.py:18: DeprecationWarning: The distutils package is deprecated and slated for removal in Python 3.12. Use setuptools or check PEP 632 for potential alternatives
  from distutils.util import strtobool
Torch version: 2.9.1+cu128
cuda is loaded for process
here?
In my local computer
Namespace(epoch=100, gpu_number='0', data_name='blue_splicing', lr=0.0005, batch_size=6, shuffle=True, seed=0, tag='default', model_name='ViT-B-32', pretrained_name='laion2b_s34b_b79k', lora=1, default=False, foundation='CLIP', detection=1, preprocess=1, num_rule=0, object_names=['a photo of orange connector', 'a photo of blue cable', 'a photo of yellow cable', 'a photo of red cable', 'a photo of metal panel'], objects_for_rules=[['a photo of orange connector'], ['a photo of orange connector'], ['a photo of blue cable'], ['a photo of blue cable'], ['a photo of orange connector'], ['a photo of orange connector', 'a photo of blue cable']], texts_for_rules=[['a photo of orange connector'], ['a photo of orange connector'], ['a photo of cable'], ['a photo of yellow cable'], ['a photo of blue cable'], ['a photo of orange connector and blue cable']], mask=1, text=1, score='mean', ciriculam_learning=False, few_shot=1, shot=5, log=1, neg_loss=0, double_encoder=1, pretrained_count_path=None, ris=0, rule_select='', rule_list=[], num_negative=5, hybrid_model='winclip', hybrid_weight=0.3, hybrid_class_name='', hybrid_batch_size=16, hybrid_backbone='ViT-B-16-plus-240', hybrid_pretrained_dataset='laion400m_e32', hybrid_scales=[2, 3], hybrid_img_resize=240, hybrid_img_cropsize=240, hybrid_resolution=400, hybrid_promptad_epoch=100, hybrid_promptad_lr=0.002, hybrid_promptad_momentum=0.9, hybrid_promptad_weight_decay=0.0005, hybrid_promptad_eta_min=1e-05, hybrid_promptad_lambda1=0.001, hybrid_promptad_n_ctx=4, hybrid_promptad_n_pro=3, hybrid_promptad_n_ctx_ab=1, hybrid_promptad_n_pro_ab=4, early_stop_k=10, result_log_path='./results/train_hybrid_result.csv')
[Hybrid] method=winclip, class_name=splicing_connectors, train=5, eval=70, base_path=/data3/seungeon/data/image/mvtec_loco_anomaly_detection/blue_splicing
grid 240 16 (15, 15)
[Hybrid-only] LA_AUC=0.66833, LA_AUPRC=0.72896, LA_F1=0.79167
[Data Description]
- Train: 5
- Test: 70

Train Start
[Test ROC-AUC]  -  SA: 0.00000,  LA: 0.59000
[Test AUPRC]  -  LA: 0.63998
[Test F1-max]  -  LA: 0.75728
Epoch: 0 | Loss: 12.41154956817627  | Negative Loss: 0.0
[Test ROC-AUC]  -  SA: 0.00000,  LA: 0.59083
[Test AUPRC]  -  LA: 0.64260
[Test F1-max]  -  LA: 0.75728
Epoch: 1 | Loss: 12.32048511505127  | Negative Loss: 0.0
[Test ROC-AUC]  -  SA: 0.00000,  LA: 0.59417
[Test AUPRC]  -  LA: 0.64522
[Test F1-max]  -  LA: 0.76190
Epoch: 2 | Loss: 11.382345199584961  | Negative Loss: 0.0
[Test ROC-AUC]  -  SA: 0.00000,  LA: 0.62750
[Test AUPRC]  -  LA: 0.68230
[Test F1-max]  -  LA: 0.75472
Epoch: 3 | Loss: 9.813569068908691  | Negative Loss: 0.0
[Test ROC-AUC]  -  SA: 0.00000,  LA: 0.64500
[Test AUPRC]  -  LA: 0.69082
[Test F1-max]  -  LA: 0.74766
Epoch: 4 | Loss: 7.915987014770508  | Negative Loss: 0.0
[Test ROC-AUC]  -  SA: 0.00000,  LA: 0.65083
[Test AUPRC]  -  LA: 0.68923
[Test F1-max]  -  LA: 0.76289
Epoch: 5 | Loss: 6.08522891998291  | Negative Loss: 0.0
[Test ROC-AUC]  -  SA: 0.00000,  LA: 0.67917
[Test AUPRC]  -  LA: 0.68307
[Test F1-max]  -  LA: 0.77083
Epoch: 6 | Loss: 4.516751766204834  | Negative Loss: 0.0
[Test ROC-AUC]  -  SA: 0.00000,  LA: 0.70083
[Test AUPRC]  -  LA: 0.71168
[Test F1-max]  -  LA: 0.76768
Epoch: 7 | Loss: 3.270557403564453  | Negative Loss: 0.0
[Test ROC-AUC]  -  SA: 0.00000,  LA: 0.68750
[Test AUPRC]  -  LA: 0.69997
[Test F1-max]  -  LA: 0.77670
Epoch: 8 | Loss: 2.358572006225586  | Negative Loss: 0.0
[Test ROC-AUC]  -  SA: 0.00000,  LA: 0.68250
[Test AUPRC]  -  LA: 0.68227
[Test F1-max]  -  LA: 0.79208
Epoch: 9 | Loss: 1.7091655731201172  | Negative Loss: 0.0
[Test ROC-AUC]  -  SA: 0.00000,  LA: 0.69500
[Test AUPRC]  -  LA: 0.69049
[Test F1-max]  -  LA: 0.79208
Epoch: 10 | Loss: 1.2177867889404297  | Negative Loss: 0.0
[Test ROC-AUC]  -  SA: 0.00000,  LA: 0.69917
[Test AUPRC]  -  LA: 0.69632
[Test F1-max]  -  LA: 0.80808
Epoch: 11 | Loss: 0.8441522717475891  | Negative Loss: 0.0
[Test ROC-AUC]  -  SA: 0.00000,  LA: 0.69250
[Test AUPRC]  -  LA: 0.68762
[Test F1-max]  -  LA: 0.80808
Epoch: 12 | Loss: 0.5691741704940796  | Negative Loss: 0.0
[Test ROC-AUC]  -  SA: 0.00000,  LA: 0.69417
[Test AUPRC]  -  LA: 0.71284
[Test F1-max]  -  LA: 0.80808
Epoch: 13 | Loss: 0.373155415058136  | Negative Loss: 0.0
[Test ROC-AUC]  -  SA: 0.00000,  LA: 0.68917
[Test AUPRC]  -  LA: 0.70739
[Test F1-max]  -  LA: 0.81250
Epoch: 14 | Loss: 0.23850971460342407  | Negative Loss: 0.0
[Test ROC-AUC]  -  SA: 0.00000,  LA: 0.68833
[Test AUPRC]  -  LA: 0.71356
[Test F1-max]  -  LA: 0.81250
Epoch: 15 | Loss: 0.1497247815132141  | Negative Loss: 0.0
[Test ROC-AUC]  -  SA: 0.00000,  LA: 0.68000
[Test AUPRC]  -  LA: 0.70569
[Test F1-max]  -  LA: 0.80412
Epoch: 16 | Loss: 0.09215094149112701  | Negative Loss: 0.0
[Test ROC-AUC]  -  SA: 0.00000,  LA: 0.67750
[Test AUPRC]  -  LA: 0.71079
[Test F1-max]  -  LA: 0.80412
Epoch: 17 | Loss: 0.05594804883003235  | Negative Loss: 0.0
[Test ROC-AUC]  -  SA: 0.00000,  LA: 0.67917
[Test AUPRC]  -  LA: 0.71557
[Test F1-max]  -  LA: 0.80412
Epoch: 18 | Loss: 0.033714696764945984  | Negative Loss: 0.0
[Test ROC-AUC]  -  SA: 0.00000,  LA: 0.67667
[Test AUPRC]  -  LA: 0.71582
[Test F1-max]  -  LA: 0.80412
Epoch: 19 | Loss: 0.02028164640069008  | Negative Loss: 0.0
[Test ROC-AUC]  -  SA: 0.00000,  LA: 0.67583
[Test AUPRC]  -  LA: 0.71704
[Test F1-max]  -  LA: 0.80412
Epoch: 20 | Loss: 0.012256050482392311  | Negative Loss: 0.0
[Test ROC-AUC]  -  SA: 0.00000,  LA: 0.67250
[Test AUPRC]  -  LA: 0.72025
[Test F1-max]  -  LA: 0.80412
Epoch: 21 | Loss: 0.007480334024876356  | Negative Loss: 0.0
[Test ROC-AUC]  -  SA: 0.00000,  LA: 0.67500
[Test AUPRC]  -  LA: 0.72784
[Test F1-max]  -  LA: 0.80808
Epoch: 22 | Loss: 0.004633328877389431  | Negative Loss: 0.0
[Test ROC-AUC]  -  SA: 0.00000,  LA: 0.67583
[Test AUPRC]  -  LA: 0.72748
[Test F1-max]  -  LA: 0.80808
Epoch: 23 | Loss: 0.0029133562929928303  | Negative Loss: 0.0
[Test ROC-AUC]  -  SA: 0.00000,  LA: 0.67250
[Test AUPRC]  -  LA: 0.72681
[Test F1-max]  -  LA: 0.80808
Epoch: 24 | Loss: 0.0018633035942912102  | Negative Loss: 0.0
[Test ROC-AUC]  -  SA: 0.00000,  LA: 0.67083
[Test AUPRC]  -  LA: 0.72306
[Test F1-max]  -  LA: 0.80808
Epoch: 25 | Loss: 0.0012149179819971323  | Negative Loss: 0.0
[Test ROC-AUC]  -  SA: 0.00000,  LA: 0.67167
[Test AUPRC]  -  LA: 0.72570
[Test F1-max]  -  LA: 0.80808
Epoch: 26 | Loss: 0.000809140270575881  | Negative Loss: 0.0
[Test ROC-AUC]  -  SA: 0.00000,  LA: 0.67250
[Test AUPRC]  -  LA: 0.72725
[Test F1-max]  -  LA: 0.80412
Epoch: 27 | Loss: 0.0005509030888788402  | Negative Loss: 0.0
[Test ROC-AUC]  -  SA: 0.00000,  LA: 0.67583
[Test AUPRC]  -  LA: 0.73083
[Test F1-max]  -  LA: 0.80412
Epoch: 28 | Loss: 0.0003826686879619956  | Negative Loss: 0.0
[Test ROC-AUC]  -  SA: 0.00000,  LA: 0.67333
[Test AUPRC]  -  LA: 0.72794
[Test F1-max]  -  LA: 0.80412
Epoch: 29 | Loss: 0.0002714184520300478  | Negative Loss: 0.0
[Test ROC-AUC]  -  SA: 0.00000,  LA: 0.67333
[Test AUPRC]  -  LA: 0.72726
[Test F1-max]  -  LA: 0.80412
Epoch: 30 | Loss: 0.00019637407967820764  | Negative Loss: 0.0
[Test ROC-AUC]  -  SA: 0.00000,  LA: 0.67417
[Test AUPRC]  -  LA: 0.72618
[Test F1-max]  -  LA: 0.80412
Epoch: 31 | Loss: 0.00014492835907731205  | Negative Loss: 0.0
[Test ROC-AUC]  -  SA: 0.00000,  LA: 0.67250
[Test AUPRC]  -  LA: 0.72259
[Test F1-max]  -  LA: 0.80412
Epoch: 32 | Loss: 0.00010904902592301369  | Negative Loss: 0.0
[Test ROC-AUC]  -  SA: 0.00000,  LA: 0.67250
[Test AUPRC]  -  LA: 0.72342
[Test F1-max]  -  LA: 0.80412
Epoch: 33 | Loss: 8.363505912711844e-05  | Negative Loss: 0.0
[Test ROC-AUC]  -  SA: 0.00000,  LA: 0.67250
[Test AUPRC]  -  LA: 0.72342
[Test F1-max]  -  LA: 0.80412
Epoch: 34 | Loss: 6.52061280561611e-05  | Negative Loss: 0.0
[Test ROC-AUC]  -  SA: 0.00000,  LA: 0.67083
[Test AUPRC]  -  LA: 0.72147
[Test F1-max]  -  LA: 0.80412
Epoch: 35 | Loss: 5.185518239159137e-05  | Negative Loss: 0.0
[Test ROC-AUC]  -  SA: 0.00000,  LA: 0.67083
[Test AUPRC]  -  LA: 0.72147
[Test F1-max]  -  LA: 0.80412
Epoch: 36 | Loss: 4.1770374082261696e-05  | Negative Loss: 0.0
[Test ROC-AUC]  -  SA: 0.00000,  LA: 0.67167
[Test AUPRC]  -  LA: 0.72295
[Test F1-max]  -  LA: 0.80412
Epoch: 37 | Loss: 3.4331893402850255e-05  | Negative Loss: 0.0
[Test ROC-AUC]  -  SA: 0.00000,  LA: 0.67167
[Test AUPRC]  -  LA: 0.72014
[Test F1-max]  -  LA: 0.80412
Epoch: 38 | Loss: 2.853843579941895e-05  | Negative Loss: 0.0
[Test ROC-AUC]  -  SA: 0.00000,  LA: 0.67250
[Test AUPRC]  -  LA: 0.72100
[Test F1-max]  -  LA: 0.80412
Epoch: 39 | Loss: 2.4032400688156486e-05  | Negative Loss: 0.0
[Test ROC-AUC]  -  SA: 0.00000,  LA: 0.67250
[Test AUPRC]  -  LA: 0.72100
[Test F1-max]  -  LA: 0.80412
Epoch: 40 | Loss: 2.0551540728774853e-05  | Negative Loss: 0.0
[Test ROC-AUC]  -  SA: 0.00000,  LA: 0.67333
[Test AUPRC]  -  LA: 0.72146
[Test F1-max]  -  LA: 0.80412
Epoch: 41 | Loss: 1.7762076822691597e-05  | Negative Loss: 0.0
[Test ROC-AUC]  -  SA: 0.00000,  LA: 0.67167
[Test AUPRC]  -  LA: 0.72122
[Test F1-max]  -  LA: 0.80412
Epoch: 42 | Loss: 1.5520969100180082e-05  | Negative Loss: 0.0
[Test ROC-AUC]  -  SA: 0.00000,  LA: 0.67250
[Test AUPRC]  -  LA: 0.72225
[Test F1-max]  -  LA: 0.80412
Epoch: 43 | Loss: 1.3732847037317697e-05  | Negative Loss: 0.0
[Test ROC-AUC]  -  SA: 0.00000,  LA: 0.67250
[Test AUPRC]  -  LA: 0.72225
[Test F1-max]  -  LA: 0.80412
Epoch: 44 | Loss: 1.2254664397914894e-05  | Negative Loss: 0.0
[Test ROC-AUC]  -  SA: 0.00000,  LA: 0.67250
[Test AUPRC]  -  LA: 0.72225
[Test F1-max]  -  LA: 0.80412
Epoch: 45 | Loss: 1.10625805973541e-05  | Negative Loss: 0.0
[Test ROC-AUC]  -  SA: 0.00000,  LA: 0.67250
[Test AUPRC]  -  LA: 0.72225
[Test F1-max]  -  LA: 0.80412
Epoch: 46 | Loss: 1.0037387255579233e-05  | Negative Loss: 0.0
[Test ROC-AUC]  -  SA: 0.00000,  LA: 0.67250
[Test AUPRC]  -  LA: 0.72225
[Test F1-max]  -  LA: 0.80412
Epoch: 47 | Loss: 9.131403203355148e-06  | Negative Loss: 0.0
[Test ROC-AUC]  -  SA: 0.00000,  LA: 0.67167
[Test AUPRC]  -  LA: 0.72172
[Test F1-max]  -  LA: 0.80412
Epoch: 48 | Loss: 8.439992598141544e-06  | Negative Loss: 0.0
[Test ROC-AUC]  -  SA: 0.00000,  LA: 0.67167
[Test AUPRC]  -  LA: 0.72172
[Test F1-max]  -  LA: 0.80412
Epoch: 49 | Loss: 7.772424396534916e-06  | Negative Loss: 0.0
[Test ROC-AUC]  -  SA: 0.00000,  LA: 0.67333
[Test AUPRC]  -  LA: 0.72331
[Test F1-max]  -  LA: 0.80412
Epoch: 50 | Loss: 7.247906523843994e-06  | Negative Loss: 0.0
[Test ROC-AUC]  -  SA: 0.00000,  LA: 0.67333
[Test AUPRC]  -  LA: 0.72331
[Test F1-max]  -  LA: 0.80412
Epoch: 51 | Loss: 6.794913133489899e-06  | Negative Loss: 0.0
[Test ROC-AUC]  -  SA: 0.00000,  LA: 0.67333
[Test AUPRC]  -  LA: 0.72331
[Test F1-max]  -  LA: 0.80412
Epoch: 52 | Loss: 6.389603186107706e-06  | Negative Loss: 0.0
[Test ROC-AUC]  -  SA: 0.00000,  LA: 0.67333
[Test AUPRC]  -  LA: 0.72331
[Test F1-max]  -  LA: 0.80412
Epoch: 53 | Loss: 6.031976681697415e-06  | Negative Loss: 0.0
[Test ROC-AUC]  -  SA: 0.00000,  LA: 0.67333
[Test AUPRC]  -  LA: 0.72331
[Test F1-max]  -  LA: 0.80412
Epoch: 54 | Loss: 5.7458755691186525e-06  | Negative Loss: 0.0
[Test ROC-AUC]  -  SA: 0.00000,  LA: 0.67250
[Test AUPRC]  -  LA: 0.72245
[Test F1-max]  -  LA: 0.80412
Epoch: 55 | Loss: 5.507457899511792e-06  | Negative Loss: 0.0
[Test ROC-AUC]  -  SA: 0.00000,  LA: 0.67250
[Test AUPRC]  -  LA: 0.72245
[Test F1-max]  -  LA: 0.80412
Epoch: 56 | Loss: 5.269040684652282e-06  | Negative Loss: 0.0
[Test ROC-AUC]  -  SA: 0.00000,  LA: 0.67167
[Test AUPRC]  -  LA: 0.72179
[Test F1-max]  -  LA: 0.80412
Epoch: 57 | Loss: 5.125989900989225e-06  | Negative Loss: 0.0
[Test ROC-AUC]  -  SA: 0.00000,  LA: 0.67083
[Test AUPRC]  -  LA: 0.72129
[Test F1-max]  -  LA: 0.80412
Epoch: 58 | Loss: 4.982939117326168e-06  | Negative Loss: 0.0
[Test ROC-AUC]  -  SA: 0.00000,  LA: 0.67167
[Test AUPRC]  -  LA: 0.72171
[Test F1-max]  -  LA: 0.80412
Epoch: 59 | Loss: 4.768363396578934e-06  | Negative Loss: 0.0
[Test ROC-AUC]  -  SA: 0.00000,  LA: 0.67250
[Test AUPRC]  -  LA: 0.72257
[Test F1-max]  -  LA: 0.80412
Epoch: 60 | Loss: 4.553787221084349e-06  | Negative Loss: 0.0
[Test ROC-AUC]  -  SA: 0.00000,  LA: 0.67250
[Test AUPRC]  -  LA: 0.72257
[Test F1-max]  -  LA: 0.80412
Epoch: 61 | Loss: 4.434577931533568e-06  | Negative Loss: 0.0
[Test ROC-AUC]  -  SA: 0.00000,  LA: 0.67250
[Test AUPRC]  -  LA: 0.72257
[Test F1-max]  -  LA: 0.80412
Epoch: 62 | Loss: 4.36305299444939e-06  | Negative Loss: 0.0
[Test ROC-AUC]  -  SA: 0.00000,  LA: 0.67250
[Test AUPRC]  -  LA: 0.72257
[Test F1-max]  -  LA: 0.80412
Epoch: 63 | Loss: 4.267685653758235e-06  | Negative Loss: 0.0
[Test ROC-AUC]  -  SA: 0.00000,  LA: 0.67250
[Test AUPRC]  -  LA: 0.72257
[Test F1-max]  -  LA: 0.80412
Epoch: 64 | Loss: 4.196160261926707e-06  | Negative Loss: 0.0
[Test ROC-AUC]  -  SA: 0.00000,  LA: 0.67250
[Test AUPRC]  -  LA: 0.72257
[Test F1-max]  -  LA: 0.80412
Epoch: 65 | Loss: 4.100793375982903e-06  | Negative Loss: 0.0
[Test ROC-AUC]  -  SA: 0.00000,  LA: 0.67250
[Test AUPRC]  -  LA: 0.72257
[Test F1-max]  -  LA: 0.80412
Epoch: 66 | Loss: 4.053109933011001e-06  | Negative Loss: 0.0
[Test ROC-AUC]  -  SA: 0.00000,  LA: 0.67250
[Test AUPRC]  -  LA: 0.72257
[Test F1-max]  -  LA: 0.80412
Epoch: 67 | Loss: 3.933901098207571e-06  | Negative Loss: 0.0
[Test ROC-AUC]  -  SA: 0.00000,  LA: 0.67250
[Test AUPRC]  -  LA: 0.72257
[Test F1-max]  -  LA: 0.80412
Epoch: 68 | Loss: 3.910059149347944e-06  | Negative Loss: 0.0
[Test ROC-AUC]  -  SA: 0.00000,  LA: 0.67250
[Test AUPRC]  -  LA: 0.72257
[Test F1-max]  -  LA: 0.80412
Epoch: 69 | Loss: 3.814692036030465e-06  | Negative Loss: 0.0
[Test ROC-AUC]  -  SA: 0.00000,  LA: 0.67167
[Test AUPRC]  -  LA: 0.72215
[Test F1-max]  -  LA: 0.80412
Epoch: 70 | Loss: 3.814692036030465e-06  | Negative Loss: 0.0
[Test ROC-AUC]  -  SA: 0.00000,  LA: 0.67167
[Test AUPRC]  -  LA: 0.72215
[Test F1-max]  -  LA: 0.80412
Epoch: 71 | Loss: 3.7670083656848874e-06  | Negative Loss: 0.0
[Test ROC-AUC]  -  SA: 0.00000,  LA: 0.67167
[Test AUPRC]  -  LA: 0.72215
[Test F1-max]  -  LA: 0.80412
Epoch: 72 | Loss: 3.6954832012270344e-06  | Negative Loss: 0.0
[Test ROC-AUC]  -  SA: 0.00000,  LA: 0.67167
[Test AUPRC]  -  LA: 0.72215
[Test F1-max]  -  LA: 0.80412
Epoch: 73 | Loss: 3.671641252367408e-06  | Negative Loss: 0.0
[Test ROC-AUC]  -  SA: 0.00000,  LA: 0.67250
[Test AUPRC]  -  LA: 0.72274
[Test F1-max]  -  LA: 0.80412
Epoch: 74 | Loss: 3.6477997582551325e-06  | Negative Loss: 0.0
[Test ROC-AUC]  -  SA: 0.00000,  LA: 0.67083
[Test AUPRC]  -  LA: 0.72194
[Test F1-max]  -  LA: 0.80412
Epoch: 75 | Loss: 3.600116087909555e-06  | Negative Loss: 0.0
[Test ROC-AUC]  -  SA: 0.00000,  LA: 0.67083
[Test AUPRC]  -  LA: 0.72194
[Test F1-max]  -  LA: 0.80412
Epoch: 76 | Loss: 3.576274366423604e-06  | Negative Loss: 0.0
[Test ROC-AUC]  -  SA: 0.00000,  LA: 0.67083
[Test AUPRC]  -  LA: 0.72194
[Test F1-max]  -  LA: 0.80412
Epoch: 77 | Loss: 3.5285906960780267e-06  | Negative Loss: 0.0
[Test ROC-AUC]  -  SA: 0.00000,  LA: 0.67167
[Test AUPRC]  -  LA: 0.72291
[Test F1-max]  -  LA: 0.80412
Epoch: 78 | Loss: 3.528590923451702e-06  | Negative Loss: 0.0
[Test ROC-AUC]  -  SA: 0.00000,  LA: 0.67167
[Test AUPRC]  -  LA: 0.72291
[Test F1-max]  -  LA: 0.80412
Epoch: 79 | Loss: 3.5047487472184002e-06  | Negative Loss: 0.0
[Test ROC-AUC]  -  SA: 0.00000,  LA: 0.67167
[Test AUPRC]  -  LA: 0.72291
[Test F1-max]  -  LA: 0.80412
Epoch: 80 | Loss: 3.480906798358774e-06  | Negative Loss: 0.0
[Test ROC-AUC]  -  SA: 0.00000,  LA: 0.67167
[Test AUPRC]  -  LA: 0.72291
[Test F1-max]  -  LA: 0.80412
Epoch: 81 | Loss: 3.409381633900921e-06  | Negative Loss: 0.0
[Test ROC-AUC]  -  SA: 0.00000,  LA: 0.67167
[Test AUPRC]  -  LA: 0.72291
[Test F1-max]  -  LA: 0.80412
Epoch: 82 | Loss: 3.38553991241497e-06  | Negative Loss: 0.0
[Test ROC-AUC]  -  SA: 0.00000,  LA: 0.67167
[Test AUPRC]  -  LA: 0.72291
[Test F1-max]  -  LA: 0.80412
Epoch: 83 | Loss: 3.38553991241497e-06  | Negative Loss: 0.0
[Test ROC-AUC]  -  SA: 0.00000,  LA: 0.67167
[Test AUPRC]  -  LA: 0.72291
[Test F1-max]  -  LA: 0.80412
Epoch: 84 | Loss: 3.3855396850412944e-06  | Negative Loss: 0.0
[Test ROC-AUC]  -  SA: 0.00000,  LA: 0.67167
[Test AUPRC]  -  LA: 0.72291
[Test F1-max]  -  LA: 0.80412
Epoch: 85 | Loss: 3.3855396850412944e-06  | Negative Loss: 0.0
[Test ROC-AUC]  -  SA: 0.00000,  LA: 0.67167
[Test AUPRC]  -  LA: 0.72291
[Test F1-max]  -  LA: 0.80412
Epoch: 86 | Loss: 3.3378562420693925e-06  | Negative Loss: 0.0
[Test ROC-AUC]  -  SA: 0.00000,  LA: 0.67167
[Test AUPRC]  -  LA: 0.72291
[Test F1-max]  -  LA: 0.80412
Epoch: 87 | Loss: 3.290172571723815e-06  | Negative Loss: 0.0
[Test ROC-AUC]  -  SA: 0.00000,  LA: 0.67167
[Test AUPRC]  -  LA: 0.72291
[Test F1-max]  -  LA: 0.80412
Epoch: 88 | Loss: 3.290172571723815e-06  | Negative Loss: 0.0
[Test ROC-AUC]  -  SA: 0.00000,  LA: 0.67167
[Test AUPRC]  -  LA: 0.72291
[Test F1-max]  -  LA: 0.80412
Epoch: 89 | Loss: 3.266330850237864e-06  | Negative Loss: 0.0
[Test ROC-AUC]  -  SA: 0.00000,  LA: 0.67167
[Test AUPRC]  -  LA: 0.72291
[Test F1-max]  -  LA: 0.80412
Epoch: 90 | Loss: 3.266330850237864e-06  | Negative Loss: 0.0
[Test ROC-AUC]  -  SA: 0.00000,  LA: 0.67167
[Test AUPRC]  -  LA: 0.72291
[Test F1-max]  -  LA: 0.80412
Epoch: 91 | Loss: 3.266330850237864e-06  | Negative Loss: 0.0
[Test ROC-AUC]  -  SA: 0.00000,  LA: 0.67083
[Test AUPRC]  -  LA: 0.72194
[Test F1-max]  -  LA: 0.80412
Epoch: 92 | Loss: 3.2424889013782376e-06  | Negative Loss: 0.0
[Test ROC-AUC]  -  SA: 0.00000,  LA: 0.67083
[Test AUPRC]  -  LA: 0.72194
[Test F1-max]  -  LA: 0.80412
Epoch: 93 | Loss: 3.2186471798922867e-06  | Negative Loss: 0.0
[Test ROC-AUC]  -  SA: 0.00000,  LA: 0.67000
[Test AUPRC]  -  LA: 0.72119
[Test F1-max]  -  LA: 0.80412
Epoch: 94 | Loss: 3.1948054584063357e-06  | Negative Loss: 0.0
[Test ROC-AUC]  -  SA: 0.00000,  LA: 0.67000
[Test AUPRC]  -  LA: 0.72119
[Test F1-max]  -  LA: 0.80412
Epoch: 95 | Loss: 3.1948054584063357e-06  | Negative Loss: 0.0
[Test ROC-AUC]  -  SA: 0.00000,  LA: 0.67000
[Test AUPRC]  -  LA: 0.72119
[Test F1-max]  -  LA: 0.80412
Epoch: 96 | Loss: 3.1709637369203847e-06  | Negative Loss: 0.0
[Test ROC-AUC]  -  SA: 0.00000,  LA: 0.67000
[Test AUPRC]  -  LA: 0.72119
[Test F1-max]  -  LA: 0.80412
Epoch: 97 | Loss: 3.1471217880607583e-06  | Negative Loss: 0.0
[Test ROC-AUC]  -  SA: 0.00000,  LA: 0.67000
[Test AUPRC]  -  LA: 0.72119
[Test F1-max]  -  LA: 0.80412
Epoch: 98 | Loss: 3.123279839201132e-06  | Negative Loss: 0.0
[Test ROC-AUC]  -  SA: 0.00000,  LA: 0.67000
[Test AUPRC]  -  LA: 0.72119
[Test F1-max]  -  LA: 0.80412
Epoch: 99 | Loss: 3.123279839201132e-06  | Negative Loss: 0.0
Time consumption: 100.73204469680786
Best LA AUC: 0.7008333333333333
Best LA AUPC: 0.7308323514469993
Best LA F1-max: 0.8125
[Result] Experiment result appended to ./results/train_hybrid_result.csv

[END] 2026-03-19 10:30:53
[RETURN CODE] 0
