[START] 2026-03-19 10:06:25
[GPU] 1
[TASK] 48/160
[NAME] blue_splicing_promptad
[REPEAT] 8/10
[COMMAND] python train_hybrid.py --data_name blue_splicing --mask True --text True --double_encoder True --few_shot True --shot 1 --hybrid_model promptad --hybrid_weight 0.3 --hybrid_batch_size 16 --epoch 100 --log True --lr 5e-4 --detection True --preprocess True

/home/seungeon/miniconda3/envs/LAB/lib/python3.10/site-packages/timm/models/layers/__init__.py:48: FutureWarning: Importing from timm.models.layers is deprecated, please import via timm.layers
  warnings.warn(f"Importing from {__name__} is deprecated, please import via timm.layers", FutureWarning)
/home/seungeon/Workspace/side/vlm/train_hybrid.py:18: DeprecationWarning: The distutils package is deprecated and slated for removal in Python 3.12. Use setuptools or check PEP 632 for potential alternatives
  from distutils.util import strtobool
Torch version: 2.9.1+cu128
cuda is loaded for process
here?
In my local computer
Namespace(epoch=100, gpu_number='0', data_name='blue_splicing', lr=0.0005, batch_size=6, shuffle=True, seed=0, tag='default', model_name='ViT-B-32', pretrained_name='laion2b_s34b_b79k', lora=1, default=False, foundation='CLIP', detection=1, preprocess=1, num_rule=0, object_names=['a photo of orange connector', 'a photo of blue cable', 'a photo of yellow cable', 'a photo of red cable', 'a photo of metal panel'], objects_for_rules=[['a photo of orange connector'], ['a photo of orange connector'], ['a photo of blue cable'], ['a photo of blue cable'], ['a photo of orange connector'], ['a photo of orange connector', 'a photo of blue cable']], texts_for_rules=[['a photo of orange connector'], ['a photo of orange connector'], ['a photo of cable'], ['a photo of yellow cable'], ['a photo of blue cable'], ['a photo of orange connector and blue cable']], mask=1, text=1, score='mean', ciriculam_learning=False, few_shot=1, shot=1, log=1, neg_loss=0, double_encoder=1, pretrained_count_path=None, ris=0, rule_select='', rule_list=[], num_negative=5, hybrid_model='promptad', hybrid_weight=0.3, hybrid_class_name='', hybrid_batch_size=16, hybrid_backbone='ViT-B-16-plus-240', hybrid_pretrained_dataset='laion400m_e32', hybrid_scales=[2, 3], hybrid_img_resize=240, hybrid_img_cropsize=240, hybrid_resolution=400, hybrid_promptad_epoch=100, hybrid_promptad_lr=0.002, hybrid_promptad_momentum=0.9, hybrid_promptad_weight_decay=0.0005, hybrid_promptad_eta_min=1e-05, hybrid_promptad_lambda1=0.001, hybrid_promptad_n_ctx=4, hybrid_promptad_n_pro=3, hybrid_promptad_n_ctx_ab=1, hybrid_promptad_n_pro_ab=4, early_stop_k=10, result_log_path='./results/train_hybrid_result.csv')
[Hybrid] method=promptad, class_name=splicing_connectors, train=1, eval=70, base_path=/data3/seungeon/data/image/mvtec_loco_anomaly_detection/blue_splicing
[Hybrid-only] LA_AUC=0.63458, LA_AUPRC=0.64177, LA_F1=0.79208
[Data Description]
- Train: 1
- Test: 70

Train Start
[Test ROC-AUC]  -  SA: 0.00000,  LA: 0.45917
[Test AUPRC]  -  LA: 0.50354
[Test F1-max]  -  LA: 0.72727
Epoch: 0 | Loss: 15.710880279541016  | Negative Loss: 0.0
[Test ROC-AUC]  -  SA: 0.00000,  LA: 0.46083
[Test AUPRC]  -  LA: 0.50506
[Test F1-max]  -  LA: 0.72727
Epoch: 1 | Loss: 15.643747329711914  | Negative Loss: 0.0
[Test ROC-AUC]  -  SA: 0.00000,  LA: 0.50250
[Test AUPRC]  -  LA: 0.52473
[Test F1-max]  -  LA: 0.72897
Epoch: 2 | Loss: 14.465922355651855  | Negative Loss: 0.0
[Test ROC-AUC]  -  SA: 0.00000,  LA: 0.58417
[Test AUPRC]  -  LA: 0.57527
[Test F1-max]  -  LA: 0.75269
Epoch: 3 | Loss: 12.531657218933105  | Negative Loss: 0.0
[Test ROC-AUC]  -  SA: 0.00000,  LA: 0.61333
[Test AUPRC]  -  LA: 0.61789
[Test F1-max]  -  LA: 0.78261
Epoch: 4 | Loss: 10.171822547912598  | Negative Loss: 0.0
[Test ROC-AUC]  -  SA: 0.00000,  LA: 0.63250
[Test AUPRC]  -  LA: 0.65865
[Test F1-max]  -  LA: 0.78261
Epoch: 5 | Loss: 7.79044246673584  | Negative Loss: 0.0
[Test ROC-AUC]  -  SA: 0.00000,  LA: 0.63333
[Test AUPRC]  -  LA: 0.67727
[Test F1-max]  -  LA: 0.76596
Epoch: 6 | Loss: 5.757880210876465  | Negative Loss: 0.0
[Test ROC-AUC]  -  SA: 0.00000,  LA: 0.62917
[Test AUPRC]  -  LA: 0.67853
[Test F1-max]  -  LA: 0.77419
Epoch: 7 | Loss: 4.29055643081665  | Negative Loss: 0.0
[Test ROC-AUC]  -  SA: 0.00000,  LA: 0.62833
[Test AUPRC]  -  LA: 0.68972
[Test F1-max]  -  LA: 0.77419
Epoch: 8 | Loss: 3.307187795639038  | Negative Loss: 0.0
[Test ROC-AUC]  -  SA: 0.00000,  LA: 0.62750
[Test AUPRC]  -  LA: 0.69582
[Test F1-max]  -  LA: 0.77551
Epoch: 9 | Loss: 2.5977704524993896  | Negative Loss: 0.0
[Test ROC-AUC]  -  SA: 0.00000,  LA: 0.63250
[Test AUPRC]  -  LA: 0.69543
[Test F1-max]  -  LA: 0.78351
Epoch: 10 | Loss: 2.038891553878784  | Negative Loss: 0.0
[Test ROC-AUC]  -  SA: 0.00000,  LA: 0.63917
[Test AUPRC]  -  LA: 0.70419
[Test F1-max]  -  LA: 0.78351
Epoch: 11 | Loss: 1.5707675218582153  | Negative Loss: 0.0
[Test ROC-AUC]  -  SA: 0.00000,  LA: 0.64250
[Test AUPRC]  -  LA: 0.70034
[Test F1-max]  -  LA: 0.78788
Epoch: 12 | Loss: 1.1766397953033447  | Negative Loss: 0.0
[Test ROC-AUC]  -  SA: 0.00000,  LA: 0.64333
[Test AUPRC]  -  LA: 0.70116
[Test F1-max]  -  LA: 0.78788
Epoch: 13 | Loss: 0.8538324236869812  | Negative Loss: 0.0
[Test ROC-AUC]  -  SA: 0.00000,  LA: 0.64500
[Test AUPRC]  -  LA: 0.70218
[Test F1-max]  -  LA: 0.78788
Epoch: 14 | Loss: 0.5979660153388977  | Negative Loss: 0.0
[Test ROC-AUC]  -  SA: 0.00000,  LA: 0.64917
[Test AUPRC]  -  LA: 0.71249
[Test F1-max]  -  LA: 0.78000
Epoch: 15 | Loss: 0.4073755145072937  | Negative Loss: 0.0
[Test ROC-AUC]  -  SA: 0.00000,  LA: 0.65083
[Test AUPRC]  -  LA: 0.71621
[Test F1-max]  -  LA: 0.78000
Epoch: 16 | Loss: 0.2704104781150818  | Negative Loss: 0.0
[Test ROC-AUC]  -  SA: 0.00000,  LA: 0.64500
[Test AUPRC]  -  LA: 0.71401
[Test F1-max]  -  LA: 0.77228
Epoch: 17 | Loss: 0.17718467116355896  | Negative Loss: 0.0
[Test ROC-AUC]  -  SA: 0.00000,  LA: 0.64417
[Test AUPRC]  -  LA: 0.71943
[Test F1-max]  -  LA: 0.77228
Epoch: 18 | Loss: 0.11527525633573532  | Negative Loss: 0.0
[Test ROC-AUC]  -  SA: 0.00000,  LA: 0.64500
[Test AUPRC]  -  LA: 0.71487
[Test F1-max]  -  LA: 0.77228
Epoch: 19 | Loss: 0.07451197504997253  | Negative Loss: 0.0
[Test ROC-AUC]  -  SA: 0.00000,  LA: 0.64500
[Test AUPRC]  -  LA: 0.71497
[Test F1-max]  -  LA: 0.77228
Epoch: 20 | Loss: 0.04846588894724846  | Negative Loss: 0.0
[Test ROC-AUC]  -  SA: 0.00000,  LA: 0.64083
[Test AUPRC]  -  LA: 0.71238
[Test F1-max]  -  LA: 0.76471
Epoch: 21 | Loss: 0.03187635913491249  | Negative Loss: 0.0
[Test ROC-AUC]  -  SA: 0.00000,  LA: 0.64167
[Test AUPRC]  -  LA: 0.71210
[Test F1-max]  -  LA: 0.76471
Epoch: 22 | Loss: 0.021163351833820343  | Negative Loss: 0.0
[Test ROC-AUC]  -  SA: 0.00000,  LA: 0.64167
[Test AUPRC]  -  LA: 0.71206
[Test F1-max]  -  LA: 0.76471
Epoch: 23 | Loss: 0.014253666624426842  | Negative Loss: 0.0
[Test ROC-AUC]  -  SA: 0.00000,  LA: 0.63667
[Test AUPRC]  -  LA: 0.70972
[Test F1-max]  -  LA: 0.76471
Epoch: 24 | Loss: 0.009743168950080872  | Negative Loss: 0.0
[Test ROC-AUC]  -  SA: 0.00000,  LA: 0.63167
[Test AUPRC]  -  LA: 0.70727
[Test F1-max]  -  LA: 0.76471
Epoch: 25 | Loss: 0.006770534440875053  | Negative Loss: 0.0
[Test ROC-AUC]  -  SA: 0.00000,  LA: 0.63083
[Test AUPRC]  -  LA: 0.70690
[Test F1-max]  -  LA: 0.76471
Epoch: 26 | Loss: 0.004778413567692041  | Negative Loss: 0.0
[Test ROC-AUC]  -  SA: 0.00000,  LA: 0.62667
[Test AUPRC]  -  LA: 0.70476
[Test F1-max]  -  LA: 0.76471
Epoch: 27 | Loss: 0.003422692185267806  | Negative Loss: 0.0
[Test ROC-AUC]  -  SA: 0.00000,  LA: 0.62750
[Test AUPRC]  -  LA: 0.70641
[Test F1-max]  -  LA: 0.76471
Epoch: 28 | Loss: 0.0024898687843233347  | Negative Loss: 0.0
[Test ROC-AUC]  -  SA: 0.00000,  LA: 0.62417
[Test AUPRC]  -  LA: 0.70428
[Test F1-max]  -  LA: 0.76471
Epoch: 29 | Loss: 0.0018400513799861073  | Negative Loss: 0.0
[Test ROC-AUC]  -  SA: 0.00000,  LA: 0.62583
[Test AUPRC]  -  LA: 0.70496
[Test F1-max]  -  LA: 0.76471
Epoch: 30 | Loss: 0.0013802637113258243  | Negative Loss: 0.0
[Test ROC-AUC]  -  SA: 0.00000,  LA: 0.62667
[Test AUPRC]  -  LA: 0.70536
[Test F1-max]  -  LA: 0.76471
Epoch: 31 | Loss: 0.0010519700590521097  | Negative Loss: 0.0
[Test ROC-AUC]  -  SA: 0.00000,  LA: 0.62583
[Test AUPRC]  -  LA: 0.70509
[Test F1-max]  -  LA: 0.76471
Epoch: 32 | Loss: 0.0008139789570122957  | Negative Loss: 0.0
[Test ROC-AUC]  -  SA: 0.00000,  LA: 0.62500
[Test AUPRC]  -  LA: 0.70288
[Test F1-max]  -  LA: 0.76471
Epoch: 33 | Loss: 0.000639138394035399  | Negative Loss: 0.0
[Test ROC-AUC]  -  SA: 0.00000,  LA: 0.62583
[Test AUPRC]  -  LA: 0.70357
[Test F1-max]  -  LA: 0.76471
Epoch: 34 | Loss: 0.0005086272140033543  | Negative Loss: 0.0
[Test ROC-AUC]  -  SA: 0.00000,  LA: 0.62667
[Test AUPRC]  -  LA: 0.70411
[Test F1-max]  -  LA: 0.76471
Epoch: 35 | Loss: 0.00041053161839954555  | Negative Loss: 0.0
[Test ROC-AUC]  -  SA: 0.00000,  LA: 0.62583
[Test AUPRC]  -  LA: 0.70384
[Test F1-max]  -  LA: 0.76471
Epoch: 36 | Loss: 0.00033567665377631783  | Negative Loss: 0.0
[Test ROC-AUC]  -  SA: 0.00000,  LA: 0.62417
[Test AUPRC]  -  LA: 0.70324
[Test F1-max]  -  LA: 0.76471
Epoch: 37 | Loss: 0.0002781038056127727  | Negative Loss: 0.0
[Test ROC-AUC]  -  SA: 0.00000,  LA: 0.62333
[Test AUPRC]  -  LA: 0.70248
[Test F1-max]  -  LA: 0.76471
Epoch: 38 | Loss: 0.00023340375628322363  | Negative Loss: 0.0
[Test ROC-AUC]  -  SA: 0.00000,  LA: 0.62250
[Test AUPRC]  -  LA: 0.70208
[Test F1-max]  -  LA: 0.76471
Epoch: 39 | Loss: 0.00019812004757113755  | Negative Loss: 0.0
[Test ROC-AUC]  -  SA: 0.00000,  LA: 0.62167
[Test AUPRC]  -  LA: 0.70170
[Test F1-max]  -  LA: 0.76471
Epoch: 40 | Loss: 0.0001698689884506166  | Negative Loss: 0.0
[Test ROC-AUC]  -  SA: 0.00000,  LA: 0.62000
[Test AUPRC]  -  LA: 0.70102
[Test F1-max]  -  LA: 0.76471
Epoch: 41 | Loss: 0.00014745868975296617  | Negative Loss: 0.0
[Test ROC-AUC]  -  SA: 0.00000,  LA: 0.62083
[Test AUPRC]  -  LA: 0.70145
[Test F1-max]  -  LA: 0.76471
Epoch: 42 | Loss: 0.00012922041059937328  | Negative Loss: 0.0
[Test ROC-AUC]  -  SA: 0.00000,  LA: 0.62250
[Test AUPRC]  -  LA: 0.70354
[Test F1-max]  -  LA: 0.76471
Epoch: 43 | Loss: 0.00011431977327447385  | Negative Loss: 0.0
[Test ROC-AUC]  -  SA: 0.00000,  LA: 0.62167
[Test AUPRC]  -  LA: 0.70315
[Test F1-max]  -  LA: 0.76471
Epoch: 44 | Loss: 0.00010204160935245454  | Negative Loss: 0.0
[Test ROC-AUC]  -  SA: 0.00000,  LA: 0.62083
[Test AUPRC]  -  LA: 0.70311
[Test F1-max]  -  LA: 0.76471
Epoch: 45 | Loss: 9.178990148939192e-05  | Negative Loss: 0.0
[Test ROC-AUC]  -  SA: 0.00000,  LA: 0.61917
[Test AUPRC]  -  LA: 0.70253
[Test F1-max]  -  LA: 0.76471
Epoch: 46 | Loss: 8.320705819642171e-05  | Negative Loss: 0.0
[Test ROC-AUC]  -  SA: 0.00000,  LA: 0.61833
[Test AUPRC]  -  LA: 0.70217
[Test F1-max]  -  LA: 0.76471
Epoch: 47 | Loss: 7.593545888084918e-05  | Negative Loss: 0.0
[Test ROC-AUC]  -  SA: 0.00000,  LA: 0.61750
[Test AUPRC]  -  LA: 0.70149
[Test F1-max]  -  LA: 0.76471
Epoch: 48 | Loss: 6.997511809458956e-05  | Negative Loss: 0.0
[Test ROC-AUC]  -  SA: 0.00000,  LA: 0.61583
[Test AUPRC]  -  LA: 0.69994
[Test F1-max]  -  LA: 0.76471
Epoch: 49 | Loss: 6.473001121776178e-05  | Negative Loss: 0.0
[Test ROC-AUC]  -  SA: 0.00000,  LA: 0.61583
[Test AUPRC]  -  LA: 0.69994
[Test F1-max]  -  LA: 0.76471
Epoch: 50 | Loss: 6.020014188834466e-05  | Negative Loss: 0.0
[Test ROC-AUC]  -  SA: 0.00000,  LA: 0.61500
[Test AUPRC]  -  LA: 0.69882
[Test F1-max]  -  LA: 0.76471
Epoch: 51 | Loss: 5.6266304454766214e-05  | Negative Loss: 0.0
[Test ROC-AUC]  -  SA: 0.00000,  LA: 0.61500
[Test AUPRC]  -  LA: 0.69882
[Test F1-max]  -  LA: 0.76471
Epoch: 52 | Loss: 5.292850255500525e-05  | Negative Loss: 0.0
[Test ROC-AUC]  -  SA: 0.00000,  LA: 0.61417
[Test AUPRC]  -  LA: 0.69782
[Test F1-max]  -  LA: 0.76471
Epoch: 53 | Loss: 4.99483103340026e-05  | Negative Loss: 0.0
[Test ROC-AUC]  -  SA: 0.00000,  LA: 0.61417
[Test AUPRC]  -  LA: 0.69782
[Test F1-max]  -  LA: 0.76471
Epoch: 54 | Loss: 4.744495527120307e-05  | Negative Loss: 0.0
[Test ROC-AUC]  -  SA: 0.00000,  LA: 0.61500
[Test AUPRC]  -  LA: 0.69811
[Test F1-max]  -  LA: 0.76471
Epoch: 55 | Loss: 4.5180007873568684e-05  | Negative Loss: 0.0
[Test ROC-AUC]  -  SA: 0.00000,  LA: 0.61500
[Test AUPRC]  -  LA: 0.69811
[Test F1-max]  -  LA: 0.76471
Epoch: 56 | Loss: 4.3272681068629026e-05  | Negative Loss: 0.0
[Test ROC-AUC]  -  SA: 0.00000,  LA: 0.61583
[Test AUPRC]  -  LA: 0.69871
[Test F1-max]  -  LA: 0.76471
Epoch: 57 | Loss: 4.1365357901668176e-05  | Negative Loss: 0.0
[Test ROC-AUC]  -  SA: 0.00000,  LA: 0.61583
[Test AUPRC]  -  LA: 0.69871
[Test F1-max]  -  LA: 0.76471
Epoch: 58 | Loss: 3.9696446037851274e-05  | Negative Loss: 0.0
[Test ROC-AUC]  -  SA: 0.00000,  LA: 0.61583
[Test AUPRC]  -  LA: 0.69871
[Test F1-max]  -  LA: 0.76471
Epoch: 59 | Loss: 3.8265952753135934e-05  | Negative Loss: 0.0
[Test ROC-AUC]  -  SA: 0.00000,  LA: 0.61583
[Test AUPRC]  -  LA: 0.69871
[Test F1-max]  -  LA: 0.76471
Epoch: 60 | Loss: 3.707387077156454e-05  | Negative Loss: 0.0
[Test ROC-AUC]  -  SA: 0.00000,  LA: 0.61583
[Test AUPRC]  -  LA: 0.69871
[Test F1-max]  -  LA: 0.76471
Epoch: 61 | Loss: 3.600100171752274e-05  | Negative Loss: 0.0
[Test ROC-AUC]  -  SA: 0.00000,  LA: 0.61500
[Test AUPRC]  -  LA: 0.69838
[Test F1-max]  -  LA: 0.76471
Epoch: 62 | Loss: 3.492812902550213e-05  | Negative Loss: 0.0
[Test ROC-AUC]  -  SA: 0.00000,  LA: 0.61500
[Test AUPRC]  -  LA: 0.69838
[Test F1-max]  -  LA: 0.76471
Epoch: 63 | Loss: 3.39744656230323e-05  | Negative Loss: 0.0
[Test ROC-AUC]  -  SA: 0.00000,  LA: 0.61417
[Test AUPRC]  -  LA: 0.69805
[Test F1-max]  -  LA: 0.76471
Epoch: 64 | Loss: 3.314000787213445e-05  | Negative Loss: 0.0
[Test ROC-AUC]  -  SA: 0.00000,  LA: 0.61417
[Test AUPRC]  -  LA: 0.69805
[Test F1-max]  -  LA: 0.76471
Epoch: 65 | Loss: 3.230555012123659e-05  | Negative Loss: 0.0
[Test ROC-AUC]  -  SA: 0.00000,  LA: 0.61417
[Test AUPRC]  -  LA: 0.69805
[Test F1-max]  -  LA: 0.76471
Epoch: 66 | Loss: 3.170950731146149e-05  | Negative Loss: 0.0
[Test ROC-AUC]  -  SA: 0.00000,  LA: 0.61500
[Test AUPRC]  -  LA: 0.69851
[Test F1-max]  -  LA: 0.76471
Epoch: 67 | Loss: 3.11134681396652e-05  | Negative Loss: 0.0
[Test ROC-AUC]  -  SA: 0.00000,  LA: 0.61500
[Test AUPRC]  -  LA: 0.69851
[Test F1-max]  -  LA: 0.76471
Epoch: 68 | Loss: 3.0517427148879506e-05  | Negative Loss: 0.0
[Test ROC-AUC]  -  SA: 0.00000,  LA: 0.61417
[Test AUPRC]  -  LA: 0.69809
[Test F1-max]  -  LA: 0.76471
Epoch: 69 | Loss: 3.0040593628655188e-05  | Negative Loss: 0.0
[Test ROC-AUC]  -  SA: 0.00000,  LA: 0.61417
[Test AUPRC]  -  LA: 0.69798
[Test F1-max]  -  LA: 0.76471
Epoch: 70 | Loss: 2.9325345167308114e-05  | Negative Loss: 0.0
[Test ROC-AUC]  -  SA: 0.00000,  LA: 0.61417
[Test AUPRC]  -  LA: 0.69798
[Test F1-max]  -  LA: 0.76471
Epoch: 71 | Loss: 2.8848509828094393e-05  | Negative Loss: 0.0
[Test ROC-AUC]  -  SA: 0.00000,  LA: 0.61417
[Test AUPRC]  -  LA: 0.69798
[Test F1-max]  -  LA: 0.76471
Epoch: 72 | Loss: 2.8371679945848882e-05  | Negative Loss: 0.0
[Test ROC-AUC]  -  SA: 0.00000,  LA: 0.61417
[Test AUPRC]  -  LA: 0.69798
[Test F1-max]  -  LA: 0.76471
Epoch: 73 | Loss: 2.8133263185736723e-05  | Negative Loss: 0.0
[Test ROC-AUC]  -  SA: 0.00000,  LA: 0.61417
[Test AUPRC]  -  LA: 0.69798
[Test F1-max]  -  LA: 0.76471
Epoch: 74 | Loss: 2.7775637136073783e-05  | Negative Loss: 0.0
[Test ROC-AUC]  -  SA: 0.00000,  LA: 0.61417
[Test AUPRC]  -  LA: 0.69798
[Test F1-max]  -  LA: 0.76471
Epoch: 75 | Loss: 2.7418012905400246e-05  | Negative Loss: 0.0
[Test ROC-AUC]  -  SA: 0.00000,  LA: 0.61417
[Test AUPRC]  -  LA: 0.69798
[Test F1-max]  -  LA: 0.76471
Epoch: 76 | Loss: 2.7060386855737306e-05  | Negative Loss: 0.0
[Test ROC-AUC]  -  SA: 0.00000,  LA: 0.61500
[Test AUPRC]  -  LA: 0.69824
[Test F1-max]  -  LA: 0.76471
Epoch: 77 | Loss: 2.6702760806074366e-05  | Negative Loss: 0.0
[Test ROC-AUC]  -  SA: 0.00000,  LA: 0.61500
[Test AUPRC]  -  LA: 0.69824
[Test F1-max]  -  LA: 0.76471
Epoch: 78 | Loss: 2.646434586495161e-05  | Negative Loss: 0.0
[Test ROC-AUC]  -  SA: 0.00000,  LA: 0.61500
[Test AUPRC]  -  LA: 0.69824
[Test F1-max]  -  LA: 0.76471
Epoch: 79 | Loss: 2.6106717996299267e-05  | Negative Loss: 0.0
[Test ROC-AUC]  -  SA: 0.00000,  LA: 0.61500
[Test AUPRC]  -  LA: 0.69824
[Test F1-max]  -  LA: 0.76471
Epoch: 80 | Loss: 2.5749095584615134e-05  | Negative Loss: 0.0
[Test ROC-AUC]  -  SA: 0.00000,  LA: 0.61500
[Test AUPRC]  -  LA: 0.69824
[Test F1-max]  -  LA: 0.76471
Epoch: 81 | Loss: 2.5629886295064352e-05  | Negative Loss: 0.0
[Test ROC-AUC]  -  SA: 0.00000,  LA: 0.61500
[Test AUPRC]  -  LA: 0.69824
[Test F1-max]  -  LA: 0.76471
Epoch: 82 | Loss: 2.5391469534952193e-05  | Negative Loss: 0.0
[Test ROC-AUC]  -  SA: 0.00000,  LA: 0.61500
[Test AUPRC]  -  LA: 0.69824
[Test F1-max]  -  LA: 0.76471
Epoch: 83 | Loss: 2.5153054593829438e-05  | Negative Loss: 0.0
[Test ROC-AUC]  -  SA: 0.00000,  LA: 0.61583
[Test AUPRC]  -  LA: 0.69924
[Test F1-max]  -  LA: 0.76471
Epoch: 84 | Loss: 2.4914636014727876e-05  | Negative Loss: 0.0
[Test ROC-AUC]  -  SA: 0.00000,  LA: 0.61583
[Test AUPRC]  -  LA: 0.69924
[Test F1-max]  -  LA: 0.76471
Epoch: 85 | Loss: 2.467622107360512e-05  | Negative Loss: 0.0
[Test ROC-AUC]  -  SA: 0.00000,  LA: 0.61667
[Test AUPRC]  -  LA: 0.70011
[Test F1-max]  -  LA: 0.76471
Epoch: 86 | Loss: 2.443780431349296e-05  | Negative Loss: 0.0
[Test ROC-AUC]  -  SA: 0.00000,  LA: 0.61750
[Test AUPRC]  -  LA: 0.70043
[Test F1-max]  -  LA: 0.76471
Epoch: 87 | Loss: 2.4318596842931584e-05  | Negative Loss: 0.0
[Test ROC-AUC]  -  SA: 0.00000,  LA: 0.61667
[Test AUPRC]  -  LA: 0.70002
[Test F1-max]  -  LA: 0.76471
Epoch: 88 | Loss: 2.3960970793268643e-05  | Negative Loss: 0.0
[Test ROC-AUC]  -  SA: 0.00000,  LA: 0.61750
[Test AUPRC]  -  LA: 0.70043
[Test F1-max]  -  LA: 0.76471
Epoch: 89 | Loss: 2.3960970793268643e-05  | Negative Loss: 0.0
[Test ROC-AUC]  -  SA: 0.00000,  LA: 0.61667
[Test AUPRC]  -  LA: 0.69943
[Test F1-max]  -  LA: 0.76471
Epoch: 90 | Loss: 2.3484135454054922e-05  | Negative Loss: 0.0
[Test ROC-AUC]  -  SA: 0.00000,  LA: 0.61583
[Test AUPRC]  -  LA: 0.69915
[Test F1-max]  -  LA: 0.76471
Epoch: 91 | Loss: 2.3484135454054922e-05  | Negative Loss: 0.0
[Test ROC-AUC]  -  SA: 0.00000,  LA: 0.61583
[Test AUPRC]  -  LA: 0.69915
[Test F1-max]  -  LA: 0.76471
Epoch: 92 | Loss: 2.324571687495336e-05  | Negative Loss: 0.0
[Test ROC-AUC]  -  SA: 0.00000,  LA: 0.61583
[Test AUPRC]  -  LA: 0.69915
[Test F1-max]  -  LA: 0.76471
Epoch: 93 | Loss: 2.3126511223381385e-05  | Negative Loss: 0.0
[Test ROC-AUC]  -  SA: 0.00000,  LA: 0.61583
[Test AUPRC]  -  LA: 0.69915
[Test F1-max]  -  LA: 0.76471
Epoch: 94 | Loss: 2.264967406517826e-05  | Negative Loss: 0.0
[Test ROC-AUC]  -  SA: 0.00000,  LA: 0.61583
[Test AUPRC]  -  LA: 0.69915
[Test F1-max]  -  LA: 0.76471
Epoch: 95 | Loss: 2.2530466594616883e-05  | Negative Loss: 0.0
[Test ROC-AUC]  -  SA: 0.00000,  LA: 0.61583
[Test AUPRC]  -  LA: 0.69915
[Test F1-max]  -  LA: 0.76471
Epoch: 96 | Loss: 2.24112573050661e-05  | Negative Loss: 0.0
[Test ROC-AUC]  -  SA: 0.00000,  LA: 0.61500
[Test AUPRC]  -  LA: 0.69353
[Test F1-max]  -  LA: 0.76471
Epoch: 97 | Loss: 2.229204801551532e-05  | Negative Loss: 0.0
[Test ROC-AUC]  -  SA: 0.00000,  LA: 0.61500
[Test AUPRC]  -  LA: 0.69353
[Test F1-max]  -  LA: 0.76471
Epoch: 98 | Loss: 2.2172840544953942e-05  | Negative Loss: 0.0
[Test ROC-AUC]  -  SA: 0.00000,  LA: 0.61500
[Test AUPRC]  -  LA: 0.69353
[Test F1-max]  -  LA: 0.76471
Epoch: 99 | Loss: 2.205363125540316e-05  | Negative Loss: 0.0
Time consumption: 98.07382607460022
Best LA AUC: 0.6508333333333334
Best LA AUPC: 0.7194319581586185
Best LA F1-max: 0.7878787878787878
[Result] Experiment result appended to ./results/train_hybrid_result.csv

[END] 2026-03-19 10:09:28
[RETURN CODE] 0
