[START] 2026-03-19 10:20:09
[GPU] 1
[TASK] 66/160
[NAME] blue_splicing_promptad
[REPEAT] 6/10
[COMMAND] python train_hybrid.py --data_name blue_splicing --mask True --text True --double_encoder True --few_shot True --shot 5 --hybrid_model promptad --hybrid_weight 0.3 --hybrid_batch_size 16 --epoch 100 --log True --lr 5e-4 --detection True --preprocess True

/home/seungeon/miniconda3/envs/LAB/lib/python3.10/site-packages/timm/models/layers/__init__.py:48: FutureWarning: Importing from timm.models.layers is deprecated, please import via timm.layers
  warnings.warn(f"Importing from {__name__} is deprecated, please import via timm.layers", FutureWarning)
/home/seungeon/Workspace/side/vlm/train_hybrid.py:18: DeprecationWarning: The distutils package is deprecated and slated for removal in Python 3.12. Use setuptools or check PEP 632 for potential alternatives
  from distutils.util import strtobool
Torch version: 2.9.1+cu128
cuda is loaded for process
here?
In my local computer
Namespace(epoch=100, gpu_number='0', data_name='blue_splicing', lr=0.0005, batch_size=6, shuffle=True, seed=0, tag='default', model_name='ViT-B-32', pretrained_name='laion2b_s34b_b79k', lora=1, default=False, foundation='CLIP', detection=1, preprocess=1, num_rule=0, object_names=['a photo of orange connector', 'a photo of blue cable', 'a photo of yellow cable', 'a photo of red cable', 'a photo of metal panel'], objects_for_rules=[['a photo of orange connector'], ['a photo of orange connector'], ['a photo of blue cable'], ['a photo of blue cable'], ['a photo of orange connector'], ['a photo of orange connector', 'a photo of blue cable']], texts_for_rules=[['a photo of orange connector'], ['a photo of orange connector'], ['a photo of cable'], ['a photo of yellow cable'], ['a photo of blue cable'], ['a photo of orange connector and blue cable']], mask=1, text=1, score='mean', ciriculam_learning=False, few_shot=1, shot=5, log=1, neg_loss=0, double_encoder=1, pretrained_count_path=None, ris=0, rule_select='', rule_list=[], num_negative=5, hybrid_model='promptad', hybrid_weight=0.3, hybrid_class_name='', hybrid_batch_size=16, hybrid_backbone='ViT-B-16-plus-240', hybrid_pretrained_dataset='laion400m_e32', hybrid_scales=[2, 3], hybrid_img_resize=240, hybrid_img_cropsize=240, hybrid_resolution=400, hybrid_promptad_epoch=100, hybrid_promptad_lr=0.002, hybrid_promptad_momentum=0.9, hybrid_promptad_weight_decay=0.0005, hybrid_promptad_eta_min=1e-05, hybrid_promptad_lambda1=0.001, hybrid_promptad_n_ctx=4, hybrid_promptad_n_pro=3, hybrid_promptad_n_ctx_ab=1, hybrid_promptad_n_pro_ab=4, early_stop_k=10, result_log_path='./results/train_hybrid_result.csv')
[Hybrid] method=promptad, class_name=splicing_connectors, train=5, eval=70, base_path=/data3/seungeon/data/image/mvtec_loco_anomaly_detection/blue_splicing
[Hybrid-only] LA_AUC=0.71125, LA_AUPRC=0.71900, LA_F1=0.79570
[Data Description]
- Train: 5
- Test: 70

Train Start
[Test ROC-AUC]  -  SA: 0.00000,  LA: 0.54750
[Test AUPRC]  -  LA: 0.60031
[Test F1-max]  -  LA: 0.74074
Epoch: 0 | Loss: 17.386615753173828  | Negative Loss: 0.0
[Test ROC-AUC]  -  SA: 0.00000,  LA: 0.55250
[Test AUPRC]  -  LA: 0.61326
[Test F1-max]  -  LA: 0.74074
Epoch: 1 | Loss: 17.28436279296875  | Negative Loss: 0.0
[Test ROC-AUC]  -  SA: 0.00000,  LA: 0.63917
[Test AUPRC]  -  LA: 0.66042
[Test F1-max]  -  LA: 0.74074
Epoch: 2 | Loss: 16.23675537109375  | Negative Loss: 0.0
[Test ROC-AUC]  -  SA: 0.00000,  LA: 0.70500
[Test AUPRC]  -  LA: 0.71743
[Test F1-max]  -  LA: 0.76768
Epoch: 3 | Loss: 14.458346366882324  | Negative Loss: 0.0
[Test ROC-AUC]  -  SA: 0.00000,  LA: 0.73000
[Test AUPRC]  -  LA: 0.72995
[Test F1-max]  -  LA: 0.78351
Epoch: 4 | Loss: 12.174983978271484  | Negative Loss: 0.0
[Test ROC-AUC]  -  SA: 0.00000,  LA: 0.73833
[Test AUPRC]  -  LA: 0.74612
[Test F1-max]  -  LA: 0.80899
Epoch: 5 | Loss: 9.866086959838867  | Negative Loss: 0.0
[Test ROC-AUC]  -  SA: 0.00000,  LA: 0.70333
[Test AUPRC]  -  LA: 0.73236
[Test F1-max]  -  LA: 0.77670
Epoch: 6 | Loss: 7.804751396179199  | Negative Loss: 0.0
[Test ROC-AUC]  -  SA: 0.00000,  LA: 0.70750
[Test AUPRC]  -  LA: 0.76039
[Test F1-max]  -  LA: 0.78431
Epoch: 7 | Loss: 6.101940155029297  | Negative Loss: 0.0
[Test ROC-AUC]  -  SA: 0.00000,  LA: 0.69500
[Test AUPRC]  -  LA: 0.75615
[Test F1-max]  -  LA: 0.78431
Epoch: 8 | Loss: 4.768430233001709  | Negative Loss: 0.0
[Test ROC-AUC]  -  SA: 0.00000,  LA: 0.70000
[Test AUPRC]  -  LA: 0.75794
[Test F1-max]  -  LA: 0.77670
Epoch: 9 | Loss: 3.7260971069335938  | Negative Loss: 0.0
[Test ROC-AUC]  -  SA: 0.00000,  LA: 0.70250
[Test AUPRC]  -  LA: 0.75575
[Test F1-max]  -  LA: 0.77670
Epoch: 10 | Loss: 2.868497848510742  | Negative Loss: 0.0
[Test ROC-AUC]  -  SA: 0.00000,  LA: 0.71333
[Test AUPRC]  -  LA: 0.76583
[Test F1-max]  -  LA: 0.78431
Epoch: 11 | Loss: 2.1295166015625  | Negative Loss: 0.0
[Test ROC-AUC]  -  SA: 0.00000,  LA: 0.71833
[Test AUPRC]  -  LA: 0.77516
[Test F1-max]  -  LA: 0.79208
Epoch: 12 | Loss: 1.499499797821045  | Negative Loss: 0.0
[Test ROC-AUC]  -  SA: 0.00000,  LA: 0.71500
[Test AUPRC]  -  LA: 0.76879
[Test F1-max]  -  LA: 0.80000
Epoch: 13 | Loss: 1.0042316913604736  | Negative Loss: 0.0
[Test ROC-AUC]  -  SA: 0.00000,  LA: 0.72583
[Test AUPRC]  -  LA: 0.77749
[Test F1-max]  -  LA: 0.80000
Epoch: 14 | Loss: 0.6401064991950989  | Negative Loss: 0.0
[Test ROC-AUC]  -  SA: 0.00000,  LA: 0.72583
[Test AUPRC]  -  LA: 0.77256
[Test F1-max]  -  LA: 0.80000
Epoch: 15 | Loss: 0.38933002948760986  | Negative Loss: 0.0
[Test ROC-AUC]  -  SA: 0.00000,  LA: 0.72583
[Test AUPRC]  -  LA: 0.77613
[Test F1-max]  -  LA: 0.80000
Epoch: 16 | Loss: 0.2290283888578415  | Negative Loss: 0.0
[Test ROC-AUC]  -  SA: 0.00000,  LA: 0.72500
[Test AUPRC]  -  LA: 0.76854
[Test F1-max]  -  LA: 0.80000
Epoch: 17 | Loss: 0.13176481425762177  | Negative Loss: 0.0
[Test ROC-AUC]  -  SA: 0.00000,  LA: 0.73083
[Test AUPRC]  -  LA: 0.77126
[Test F1-max]  -  LA: 0.80000
Epoch: 18 | Loss: 0.07502159476280212  | Negative Loss: 0.0
[Test ROC-AUC]  -  SA: 0.00000,  LA: 0.72833
[Test AUPRC]  -  LA: 0.76630
[Test F1-max]  -  LA: 0.80000
Epoch: 19 | Loss: 0.042476922273635864  | Negative Loss: 0.0
[Test ROC-AUC]  -  SA: 0.00000,  LA: 0.72833
[Test AUPRC]  -  LA: 0.76780
[Test F1-max]  -  LA: 0.80000
Epoch: 20 | Loss: 0.024116339161992073  | Negative Loss: 0.0
[Test ROC-AUC]  -  SA: 0.00000,  LA: 0.71917
[Test AUPRC]  -  LA: 0.76109
[Test F1-max]  -  LA: 0.80000
Epoch: 21 | Loss: 0.013827258720993996  | Negative Loss: 0.0
[Test ROC-AUC]  -  SA: 0.00000,  LA: 0.72083
[Test AUPRC]  -  LA: 0.76769
[Test F1-max]  -  LA: 0.80000
Epoch: 22 | Loss: 0.008026735857129097  | Negative Loss: 0.0
[Test ROC-AUC]  -  SA: 0.00000,  LA: 0.72167
[Test AUPRC]  -  LA: 0.77063
[Test F1-max]  -  LA: 0.80000
Epoch: 23 | Loss: 0.0047312090173363686  | Negative Loss: 0.0
[Test ROC-AUC]  -  SA: 0.00000,  LA: 0.72500
[Test AUPRC]  -  LA: 0.77156
[Test F1-max]  -  LA: 0.80808
Epoch: 24 | Loss: 0.00284742983058095  | Negative Loss: 0.0
[Test ROC-AUC]  -  SA: 0.00000,  LA: 0.72583
[Test AUPRC]  -  LA: 0.77326
[Test F1-max]  -  LA: 0.80808
Epoch: 25 | Loss: 0.0017547026509419084  | Negative Loss: 0.0
[Test ROC-AUC]  -  SA: 0.00000,  LA: 0.72250
[Test AUPRC]  -  LA: 0.77334
[Test F1-max]  -  LA: 0.80808
Epoch: 26 | Loss: 0.0011079158866778016  | Negative Loss: 0.0
[Test ROC-AUC]  -  SA: 0.00000,  LA: 0.72083
[Test AUPRC]  -  LA: 0.77146
[Test F1-max]  -  LA: 0.80808
Epoch: 27 | Loss: 0.0007179651292972267  | Negative Loss: 0.0
[Test ROC-AUC]  -  SA: 0.00000,  LA: 0.71917
[Test AUPRC]  -  LA: 0.76960
[Test F1-max]  -  LA: 0.80808
Epoch: 28 | Loss: 0.00047717359848320484  | Negative Loss: 0.0
[Test ROC-AUC]  -  SA: 0.00000,  LA: 0.72083
[Test AUPRC]  -  LA: 0.77200
[Test F1-max]  -  LA: 0.80808
Epoch: 29 | Loss: 0.00032520617241971195  | Negative Loss: 0.0
[Test ROC-AUC]  -  SA: 0.00000,  LA: 0.72292
[Test AUPRC]  -  LA: 0.77371
[Test F1-max]  -  LA: 0.81250
Epoch: 30 | Loss: 0.00022689293837174773  | Negative Loss: 0.0
[Test ROC-AUC]  -  SA: 0.00000,  LA: 0.72500
[Test AUPRC]  -  LA: 0.77252
[Test F1-max]  -  LA: 0.81250
Epoch: 31 | Loss: 0.00016192879411391914  | Negative Loss: 0.0
[Test ROC-AUC]  -  SA: 0.00000,  LA: 0.72417
[Test AUPRC]  -  LA: 0.77127
[Test F1-max]  -  LA: 0.81250
Epoch: 32 | Loss: 0.00011806213296949863  | Negative Loss: 0.0
[Test ROC-AUC]  -  SA: 0.00000,  LA: 0.72667
[Test AUPRC]  -  LA: 0.77359
[Test F1-max]  -  LA: 0.81250
Epoch: 33 | Loss: 8.785571117186919e-05  | Negative Loss: 0.0
[Test ROC-AUC]  -  SA: 0.00000,  LA: 0.72833
[Test AUPRC]  -  LA: 0.77404
[Test F1-max]  -  LA: 0.81250
Epoch: 34 | Loss: 6.666093395324424e-05  | Negative Loss: 0.0
[Test ROC-AUC]  -  SA: 0.00000,  LA: 0.72583
[Test AUPRC]  -  LA: 0.76855
[Test F1-max]  -  LA: 0.81250
Epoch: 35 | Loss: 5.156939005246386e-05  | Negative Loss: 0.0
[Test ROC-AUC]  -  SA: 0.00000,  LA: 0.72833
[Test AUPRC]  -  LA: 0.77013
[Test F1-max]  -  LA: 0.81250
Epoch: 36 | Loss: 4.0530809201300144e-05  | Negative Loss: 0.0
[Test ROC-AUC]  -  SA: 0.00000,  LA: 0.73083
[Test AUPRC]  -  LA: 0.77172
[Test F1-max]  -  LA: 0.81250
Epoch: 37 | Loss: 3.244854451622814e-05  | Negative Loss: 0.0
[Test ROC-AUC]  -  SA: 0.00000,  LA: 0.73167
[Test AUPRC]  -  LA: 0.76334
[Test F1-max]  -  LA: 0.81250
Epoch: 38 | Loss: 2.6297417207388207e-05  | Negative Loss: 0.0
[Test ROC-AUC]  -  SA: 0.00000,  LA: 0.73000
[Test AUPRC]  -  LA: 0.76034
[Test F1-max]  -  LA: 0.81250
Epoch: 39 | Loss: 2.162445889553055e-05  | Negative Loss: 0.0
[Test ROC-AUC]  -  SA: 0.00000,  LA: 0.72833
[Test AUPRC]  -  LA: 0.75326
[Test F1-max]  -  LA: 0.81250
Epoch: 40 | Loss: 1.8024371456704102e-05  | Negative Loss: 0.0
[Test ROC-AUC]  -  SA: 0.00000,  LA: 0.73167
[Test AUPRC]  -  LA: 0.75328
[Test F1-max]  -  LA: 0.81250
Epoch: 41 | Loss: 1.5211053323582746e-05  | Negative Loss: 0.0
[Test ROC-AUC]  -  SA: 0.00000,  LA: 0.73000
[Test AUPRC]  -  LA: 0.75258
[Test F1-max]  -  LA: 0.80412
Epoch: 42 | Loss: 1.2946089555043727e-05  | Negative Loss: 0.0
[Test ROC-AUC]  -  SA: 0.00000,  LA: 0.73000
[Test AUPRC]  -  LA: 0.75173
[Test F1-max]  -  LA: 0.80412
Epoch: 43 | Loss: 1.1134118722111452e-05  | Negative Loss: 0.0
[Test ROC-AUC]  -  SA: 0.00000,  LA: 0.72917
[Test AUPRC]  -  LA: 0.74918
[Test F1-max]  -  LA: 0.80412
Epoch: 44 | Loss: 9.751296602189541e-06  | Negative Loss: 0.0
[Test ROC-AUC]  -  SA: 0.00000,  LA: 0.72583
[Test AUPRC]  -  LA: 0.74706
[Test F1-max]  -  LA: 0.80412
Epoch: 45 | Loss: 8.606893061369192e-06  | Negative Loss: 0.0
[Test ROC-AUC]  -  SA: 0.00000,  LA: 0.72583
[Test AUPRC]  -  LA: 0.74732
[Test F1-max]  -  LA: 0.80412
Epoch: 46 | Loss: 7.6293804340821225e-06  | Negative Loss: 0.0
[Test ROC-AUC]  -  SA: 0.00000,  LA: 0.72667
[Test AUPRC]  -  LA: 0.74871
[Test F1-max]  -  LA: 0.80412
Epoch: 47 | Loss: 6.842601578682661e-06  | Negative Loss: 0.0
[Test ROC-AUC]  -  SA: 0.00000,  LA: 0.72750
[Test AUPRC]  -  LA: 0.74993
[Test F1-max]  -  LA: 0.80412
Epoch: 48 | Loss: 6.151190518721705e-06  | Negative Loss: 0.0
[Test ROC-AUC]  -  SA: 0.00000,  LA: 0.72417
[Test AUPRC]  -  LA: 0.74832
[Test F1-max]  -  LA: 0.80412
Epoch: 49 | Loss: 5.50746199223795e-06  | Negative Loss: 0.0
[Test ROC-AUC]  -  SA: 0.00000,  LA: 0.72333
[Test AUPRC]  -  LA: 0.74824
[Test F1-max]  -  LA: 0.80412
Epoch: 50 | Loss: 5.0783091865014285e-06  | Negative Loss: 0.0
[Test ROC-AUC]  -  SA: 0.00000,  LA: 0.72167
[Test AUPRC]  -  LA: 0.74628
[Test F1-max]  -  LA: 0.80412
Epoch: 51 | Loss: 4.649156835512258e-06  | Negative Loss: 0.0
[Test ROC-AUC]  -  SA: 0.00000,  LA: 0.72250
[Test AUPRC]  -  LA: 0.74653
[Test F1-max]  -  LA: 0.80412
Epoch: 52 | Loss: 4.339213774073869e-06  | Negative Loss: 0.0
[Test ROC-AUC]  -  SA: 0.00000,  LA: 0.72250
[Test AUPRC]  -  LA: 0.74644
[Test F1-max]  -  LA: 0.80412
Epoch: 53 | Loss: 4.029270257888129e-06  | Negative Loss: 0.0
[Test ROC-AUC]  -  SA: 0.00000,  LA: 0.72250
[Test AUPRC]  -  LA: 0.74620
[Test F1-max]  -  LA: 0.80412
Epoch: 54 | Loss: 3.814694082393544e-06  | Negative Loss: 0.0
[Test ROC-AUC]  -  SA: 0.00000,  LA: 0.72333
[Test AUPRC]  -  LA: 0.74763
[Test F1-max]  -  LA: 0.80412
Epoch: 55 | Loss: 3.5285920603200793e-06  | Negative Loss: 0.0
[Test ROC-AUC]  -  SA: 0.00000,  LA: 0.72000
[Test AUPRC]  -  LA: 0.74304
[Test F1-max]  -  LA: 0.80412
Epoch: 56 | Loss: 3.3378573789377697e-06  | Negative Loss: 0.0
[Test ROC-AUC]  -  SA: 0.00000,  LA: 0.72000
[Test AUPRC]  -  LA: 0.74375
[Test F1-max]  -  LA: 0.80412
Epoch: 57 | Loss: 3.147123152302811e-06  | Negative Loss: 0.0
[Test ROC-AUC]  -  SA: 0.00000,  LA: 0.72167
[Test AUPRC]  -  LA: 0.74455
[Test F1-max]  -  LA: 0.80412
Epoch: 58 | Loss: 2.9802301924064523e-06  | Negative Loss: 0.0
[Test ROC-AUC]  -  SA: 0.00000,  LA: 0.72208
[Test AUPRC]  -  LA: 0.74426
[Test F1-max]  -  LA: 0.80412
Epoch: 59 | Loss: 2.8133372325100936e-06  | Negative Loss: 0.0
[Test ROC-AUC]  -  SA: 0.00000,  LA: 0.72083
[Test AUPRC]  -  LA: 0.74128
[Test F1-max]  -  LA: 0.80412
Epoch: 60 | Loss: 2.6941283977066632e-06  | Negative Loss: 0.0
[Test ROC-AUC]  -  SA: 0.00000,  LA: 0.71833
[Test AUPRC]  -  LA: 0.73672
[Test F1-max]  -  LA: 0.80412
Epoch: 61 | Loss: 2.574919108155882e-06  | Negative Loss: 0.0
[Test ROC-AUC]  -  SA: 0.00000,  LA: 0.72000
[Test AUPRC]  -  LA: 0.73753
[Test F1-max]  -  LA: 0.80412
Epoch: 62 | Loss: 2.479551767464727e-06  | Negative Loss: 0.0
[Test ROC-AUC]  -  SA: 0.00000,  LA: 0.72083
[Test AUPRC]  -  LA: 0.73792
[Test F1-max]  -  LA: 0.80412
Epoch: 63 | Loss: 2.3841844267735723e-06  | Negative Loss: 0.0
[Test ROC-AUC]  -  SA: 0.00000,  LA: 0.72167
[Test AUPRC]  -  LA: 0.73939
[Test F1-max]  -  LA: 0.80412
Epoch: 64 | Loss: 2.312659034942044e-06  | Negative Loss: 0.0
[Test ROC-AUC]  -  SA: 0.00000,  LA: 0.72167
[Test AUPRC]  -  LA: 0.73939
[Test F1-max]  -  LA: 0.80412
Epoch: 65 | Loss: 2.193449972764938e-06  | Negative Loss: 0.0
[Test ROC-AUC]  -  SA: 0.00000,  LA: 0.72333
[Test AUPRC]  -  LA: 0.74027
[Test F1-max]  -  LA: 0.80412
Epoch: 66 | Loss: 2.1696080239053117e-06  | Negative Loss: 0.0
[Test ROC-AUC]  -  SA: 0.00000,  LA: 0.72250
[Test AUPRC]  -  LA: 0.73976
[Test F1-max]  -  LA: 0.80412
Epoch: 67 | Loss: 2.098082404700108e-06  | Negative Loss: 0.0
[Test ROC-AUC]  -  SA: 0.00000,  LA: 0.72250
[Test AUPRC]  -  LA: 0.74015
[Test F1-max]  -  LA: 0.80412
Epoch: 68 | Loss: 2.0503987343545305e-06  | Negative Loss: 0.0
[Test ROC-AUC]  -  SA: 0.00000,  LA: 0.72333
[Test AUPRC]  -  LA: 0.74050
[Test F1-max]  -  LA: 0.80412
Epoch: 69 | Loss: 1.9311896721774247e-06  | Negative Loss: 0.0
[Test ROC-AUC]  -  SA: 0.00000,  LA: 0.72333
[Test AUPRC]  -  LA: 0.74050
[Test F1-max]  -  LA: 0.80412
Epoch: 70 | Loss: 1.9311896721774247e-06  | Negative Loss: 0.0
[Test ROC-AUC]  -  SA: 0.00000,  LA: 0.72167
[Test AUPRC]  -  LA: 0.73886
[Test F1-max]  -  LA: 0.80412
Epoch: 71 | Loss: 1.8596642803458963e-06  | Negative Loss: 0.0
[Test ROC-AUC]  -  SA: 0.00000,  LA: 0.72167
[Test AUPRC]  -  LA: 0.73886
[Test F1-max]  -  LA: 0.80412
Epoch: 72 | Loss: 1.8358223314862698e-06  | Negative Loss: 0.0
[Test ROC-AUC]  -  SA: 0.00000,  LA: 0.72333
[Test AUPRC]  -  LA: 0.73968
[Test F1-max]  -  LA: 0.80412
Epoch: 73 | Loss: 1.7881385474538547e-06  | Negative Loss: 0.0
[Test ROC-AUC]  -  SA: 0.00000,  LA: 0.72333
[Test AUPRC]  -  LA: 0.73968
[Test F1-max]  -  LA: 0.80412
Epoch: 74 | Loss: 1.7642968259679037e-06  | Negative Loss: 0.0
[Test ROC-AUC]  -  SA: 0.00000,  LA: 0.72167
[Test AUPRC]  -  LA: 0.73510
[Test F1-max]  -  LA: 0.80412
Epoch: 75 | Loss: 1.740454990795115e-06  | Negative Loss: 0.0
[Test ROC-AUC]  -  SA: 0.00000,  LA: 0.72167
[Test AUPRC]  -  LA: 0.73510
[Test F1-max]  -  LA: 0.80412
Epoch: 76 | Loss: 1.6927713204495376e-06  | Negative Loss: 0.0
[Test ROC-AUC]  -  SA: 0.00000,  LA: 0.72333
[Test AUPRC]  -  LA: 0.73670
[Test F1-max]  -  LA: 0.80412
Epoch: 77 | Loss: 1.6450876501039602e-06  | Negative Loss: 0.0
[Test ROC-AUC]  -  SA: 0.00000,  LA: 0.72333
[Test AUPRC]  -  LA: 0.73670
[Test F1-max]  -  LA: 0.80412
Epoch: 78 | Loss: 1.6212458149311715e-06  | Negative Loss: 0.0
[Test ROC-AUC]  -  SA: 0.00000,  LA: 0.72417
[Test AUPRC]  -  LA: 0.73707
[Test F1-max]  -  LA: 0.80412
Epoch: 79 | Loss: 1.6212458149311715e-06  | Negative Loss: 0.0
[Test ROC-AUC]  -  SA: 0.00000,  LA: 0.72417
[Test AUPRC]  -  LA: 0.73707
[Test F1-max]  -  LA: 0.80412
Epoch: 80 | Loss: 1.6212458149311715e-06  | Negative Loss: 0.0
[Test ROC-AUC]  -  SA: 0.00000,  LA: 0.72333
[Test AUPRC]  -  LA: 0.73666
[Test F1-max]  -  LA: 0.80412
Epoch: 81 | Loss: 1.54972008203913e-06  | Negative Loss: 0.0
[Test ROC-AUC]  -  SA: 0.00000,  LA: 0.72333
[Test AUPRC]  -  LA: 0.73689
[Test F1-max]  -  LA: 0.80412
Epoch: 82 | Loss: 1.4781946902076015e-06  | Negative Loss: 0.0
[Test ROC-AUC]  -  SA: 0.00000,  LA: 0.72333
[Test AUPRC]  -  LA: 0.73689
[Test F1-max]  -  LA: 0.80412
Epoch: 83 | Loss: 1.4305110198620241e-06  | Negative Loss: 0.0
[Test ROC-AUC]  -  SA: 0.00000,  LA: 0.72250
[Test AUPRC]  -  LA: 0.73642
[Test F1-max]  -  LA: 0.80412
Epoch: 84 | Loss: 1.4066690710023977e-06  | Negative Loss: 0.0
[Test ROC-AUC]  -  SA: 0.00000,  LA: 0.72167
[Test AUPRC]  -  LA: 0.73554
[Test F1-max]  -  LA: 0.80412
Epoch: 85 | Loss: 1.4066690710023977e-06  | Negative Loss: 0.0
[Test ROC-AUC]  -  SA: 0.00000,  LA: 0.72333
[Test AUPRC]  -  LA: 0.73628
[Test F1-max]  -  LA: 0.80412
Epoch: 86 | Loss: 1.3828273495164467e-06  | Negative Loss: 0.0
[Test ROC-AUC]  -  SA: 0.00000,  LA: 0.72333
[Test AUPRC]  -  LA: 0.73628
[Test F1-max]  -  LA: 0.80412
Epoch: 87 | Loss: 1.3828273495164467e-06  | Negative Loss: 0.0
[Test ROC-AUC]  -  SA: 0.00000,  LA: 0.72417
[Test AUPRC]  -  LA: 0.73706
[Test F1-max]  -  LA: 0.80412
Epoch: 88 | Loss: 1.3828273495164467e-06  | Negative Loss: 0.0
[Test ROC-AUC]  -  SA: 0.00000,  LA: 0.72417
[Test AUPRC]  -  LA: 0.73632
[Test F1-max]  -  LA: 0.80412
Epoch: 89 | Loss: 1.3589854006568203e-06  | Negative Loss: 0.0
[Test ROC-AUC]  -  SA: 0.00000,  LA: 0.72417
[Test AUPRC]  -  LA: 0.73632
[Test F1-max]  -  LA: 0.80412
Epoch: 90 | Loss: 1.3113018439980806e-06  | Negative Loss: 0.0
[Test ROC-AUC]  -  SA: 0.00000,  LA: 0.72500
[Test AUPRC]  -  LA: 0.73691
[Test F1-max]  -  LA: 0.80412
Epoch: 91 | Loss: 1.3113019576849183e-06  | Negative Loss: 0.0
[Test ROC-AUC]  -  SA: 0.00000,  LA: 0.72500
[Test AUPRC]  -  LA: 0.73691
[Test F1-max]  -  LA: 0.80412
Epoch: 92 | Loss: 1.3113018439980806e-06  | Negative Loss: 0.0
[Test ROC-AUC]  -  SA: 0.00000,  LA: 0.72333
[Test AUPRC]  -  LA: 0.73538
[Test F1-max]  -  LA: 0.80412
Epoch: 93 | Loss: 1.2636180599656655e-06  | Negative Loss: 0.0
[Test ROC-AUC]  -  SA: 0.00000,  LA: 0.72167
[Test AUPRC]  -  LA: 0.73419
[Test F1-max]  -  LA: 0.80412
Epoch: 94 | Loss: 1.2636180599656655e-06  | Negative Loss: 0.0
[Test ROC-AUC]  -  SA: 0.00000,  LA: 0.72000
[Test AUPRC]  -  LA: 0.73344
[Test F1-max]  -  LA: 0.80000
Epoch: 95 | Loss: 1.2636180599656655e-06  | Negative Loss: 0.0
[Test ROC-AUC]  -  SA: 0.00000,  LA: 0.71917
[Test AUPRC]  -  LA: 0.73254
[Test F1-max]  -  LA: 0.80000
Epoch: 96 | Loss: 1.2636180599656655e-06  | Negative Loss: 0.0
[Test ROC-AUC]  -  SA: 0.00000,  LA: 0.71833
[Test AUPRC]  -  LA: 0.73210
[Test F1-max]  -  LA: 0.80000
Epoch: 97 | Loss: 1.2397763384797145e-06  | Negative Loss: 0.0
[Test ROC-AUC]  -  SA: 0.00000,  LA: 0.72000
[Test AUPRC]  -  LA: 0.73391
[Test F1-max]  -  LA: 0.80000
Epoch: 98 | Loss: 1.215934389620088e-06  | Negative Loss: 0.0
[Test ROC-AUC]  -  SA: 0.00000,  LA: 0.72000
[Test AUPRC]  -  LA: 0.73391
[Test F1-max]  -  LA: 0.80000
Epoch: 99 | Loss: 1.1682507192745106e-06  | Negative Loss: 0.0
Time consumption: 101.72256565093994
Best LA AUC: 0.7383333333333333
Best LA AUPC: 0.7774923997573504
Best LA F1-max: 0.8125
[Result] Experiment result appended to ./results/train_hybrid_result.csv

[END] 2026-03-19 10:23:45
[RETURN CODE] 0
