[START] 2026-03-19 11:43:09
[GPU] 1
[TASK] 160/160
[NAME] yellow_splicing_winclip
[REPEAT] 10/10
[COMMAND] python train_hybrid.py --data_name yellow_splicing --mask True --text True --double_encoder True --few_shot True --shot 5 --hybrid_model winclip --hybrid_weight 0.3 --hybrid_batch_size 16 --epoch 100 --log True --lr 5e-4 --detection True --preprocess True

/home/seungeon/miniconda3/envs/LAB/lib/python3.10/site-packages/timm/models/layers/__init__.py:48: FutureWarning: Importing from timm.models.layers is deprecated, please import via timm.layers
  warnings.warn(f"Importing from {__name__} is deprecated, please import via timm.layers", FutureWarning)
/home/seungeon/Workspace/side/vlm/train_hybrid.py:18: DeprecationWarning: The distutils package is deprecated and slated for removal in Python 3.12. Use setuptools or check PEP 632 for potential alternatives
  from distutils.util import strtobool
Torch version: 2.9.1+cu128
cuda is loaded for process
here?
In my local computer
Namespace(epoch=100, gpu_number='0', data_name='yellow_splicing', lr=0.0005, batch_size=6, shuffle=True, seed=0, tag='default', model_name='ViT-B-32', pretrained_name='laion2b_s34b_b79k', lora=1, default=False, foundation='CLIP', detection=1, preprocess=1, num_rule=0, object_names=['a photo of orange connector', 'a photo of yellow cable', 'a photo of red cable', 'a photo of blue cable', 'a photo of metal panel'], objects_for_rules=[['a photo of orange connector'], ['a photo of orange connector'], ['a photo of yellow cable'], ['a photo of yellow cable'], ['a photo of orange connector'], ['a photo of orange connector', 'a photo of yellow cable']], texts_for_rules=[['a photo of orange connector'], ['a photo of orange connector'], ['a photo of yellow cable'], ['a photo of yellow cable'], ['a photo of orange connector'], ['a photo of orange connector and yellow cable']], mask=1, text=1, score='mean', ciriculam_learning=False, few_shot=1, shot=5, log=1, neg_loss=0, double_encoder=1, pretrained_count_path=None, ris=0, rule_select='', rule_list=[], num_negative=5, hybrid_model='winclip', hybrid_weight=0.3, hybrid_class_name='', hybrid_batch_size=16, hybrid_backbone='ViT-B-16-plus-240', hybrid_pretrained_dataset='laion400m_e32', hybrid_scales=[2, 3], hybrid_img_resize=240, hybrid_img_cropsize=240, hybrid_resolution=400, hybrid_promptad_epoch=100, hybrid_promptad_lr=0.002, hybrid_promptad_momentum=0.9, hybrid_promptad_weight_decay=0.0005, hybrid_promptad_eta_min=1e-05, hybrid_promptad_lambda1=0.001, hybrid_promptad_n_ctx=4, hybrid_promptad_n_pro=3, hybrid_promptad_n_ctx_ab=1, hybrid_promptad_n_pro_ab=4, early_stop_k=10, result_log_path='./results/train_hybrid_result.csv')
[Hybrid] method=winclip, class_name=splicing_connectors, train=5, eval=68, base_path=/data3/seungeon/data/image/mvtec_loco_anomaly_detection/yellow_splicing
grid 240 16 (15, 15)
[Hybrid-only] LA_AUC=0.62865, LA_AUPRC=0.78026, LA_F1=0.73077
[Data Description]
- Train: 5
- Test: 68

Train Start
[Test ROC-AUC]  -  SA: 0.00000,  LA: 0.65782
[Test AUPRC]  -  LA: 0.69094
[Test F1-max]  -  LA: 0.75248
Epoch: 0 | Loss: 13.011011123657227  | Negative Loss: 0.0
[Test ROC-AUC]  -  SA: 0.00000,  LA: 0.65871
[Test AUPRC]  -  LA: 0.69172
[Test F1-max]  -  LA: 0.75248
Epoch: 1 | Loss: 12.938608169555664  | Negative Loss: 0.0
[Test ROC-AUC]  -  SA: 0.00000,  LA: 0.66578
[Test AUPRC]  -  LA: 0.69210
[Test F1-max]  -  LA: 0.76744
Epoch: 2 | Loss: 12.123781204223633  | Negative Loss: 0.0
[Test ROC-AUC]  -  SA: 0.00000,  LA: 0.67551
[Test AUPRC]  -  LA: 0.70808
[Test F1-max]  -  LA: 0.77647
Epoch: 3 | Loss: 10.761534690856934  | Negative Loss: 0.0
[Test ROC-AUC]  -  SA: 0.00000,  LA: 0.68966
[Test AUPRC]  -  LA: 0.72246
[Test F1-max]  -  LA: 0.79121
Epoch: 4 | Loss: 9.013066291809082  | Negative Loss: 0.0
[Test ROC-AUC]  -  SA: 0.00000,  LA: 0.68877
[Test AUPRC]  -  LA: 0.72792
[Test F1-max]  -  LA: 0.77108
Epoch: 5 | Loss: 7.201807975769043  | Negative Loss: 0.0
[Test ROC-AUC]  -  SA: 0.00000,  LA: 0.68877
[Test AUPRC]  -  LA: 0.74745
[Test F1-max]  -  LA: 0.76404
Epoch: 6 | Loss: 5.5977253913879395  | Negative Loss: 0.0
[Test ROC-AUC]  -  SA: 0.00000,  LA: 0.67993
[Test AUPRC]  -  LA: 0.74186
[Test F1-max]  -  LA: 0.78161
Epoch: 7 | Loss: 4.22944450378418  | Negative Loss: 0.0
[Test ROC-AUC]  -  SA: 0.00000,  LA: 0.67728
[Test AUPRC]  -  LA: 0.74320
[Test F1-max]  -  LA: 0.78652
Epoch: 8 | Loss: 3.0954806804656982  | Negative Loss: 0.0
[Test ROC-AUC]  -  SA: 0.00000,  LA: 0.67728
[Test AUPRC]  -  LA: 0.75244
[Test F1-max]  -  LA: 0.77778
Epoch: 9 | Loss: 2.2097201347351074  | Negative Loss: 0.0
[Test ROC-AUC]  -  SA: 0.00000,  LA: 0.68081
[Test AUPRC]  -  LA: 0.74219
[Test F1-max]  -  LA: 0.78261
Epoch: 10 | Loss: 1.5322555303573608  | Negative Loss: 0.0
[Test ROC-AUC]  -  SA: 0.00000,  LA: 0.68170
[Test AUPRC]  -  LA: 0.73764
[Test F1-max]  -  LA: 0.79570
Epoch: 11 | Loss: 1.0058554410934448  | Negative Loss: 0.0
[Test ROC-AUC]  -  SA: 0.00000,  LA: 0.67462
[Test AUPRC]  -  LA: 0.72568
[Test F1-max]  -  LA: 0.79570
Epoch: 12 | Loss: 0.6240883469581604  | Negative Loss: 0.0
[Test ROC-AUC]  -  SA: 0.00000,  LA: 0.67374
[Test AUPRC]  -  LA: 0.72389
[Test F1-max]  -  LA: 0.78723
Epoch: 13 | Loss: 0.3702297806739807  | Negative Loss: 0.0
[Test ROC-AUC]  -  SA: 0.00000,  LA: 0.66313
[Test AUPRC]  -  LA: 0.71093
[Test F1-max]  -  LA: 0.78723
Epoch: 14 | Loss: 0.2135869264602661  | Negative Loss: 0.0
[Test ROC-AUC]  -  SA: 0.00000,  LA: 0.67462
[Test AUPRC]  -  LA: 0.72373
[Test F1-max]  -  LA: 0.77419
Epoch: 15 | Loss: 0.12234233319759369  | Negative Loss: 0.0
[Test ROC-AUC]  -  SA: 0.00000,  LA: 0.67109
[Test AUPRC]  -  LA: 0.72272
[Test F1-max]  -  LA: 0.77083
Epoch: 16 | Loss: 0.07078173756599426  | Negative Loss: 0.0
[Test ROC-AUC]  -  SA: 0.00000,  LA: 0.67551
[Test AUPRC]  -  LA: 0.73115
[Test F1-max]  -  LA: 0.77083
Epoch: 17 | Loss: 0.041787076741456985  | Negative Loss: 0.0
[Test ROC-AUC]  -  SA: 0.00000,  LA: 0.67020
[Test AUPRC]  -  LA: 0.73343
[Test F1-max]  -  LA: 0.77083
Epoch: 18 | Loss: 0.025084903463721275  | Negative Loss: 0.0
[Test ROC-AUC]  -  SA: 0.00000,  LA: 0.67462
[Test AUPRC]  -  LA: 0.73962
[Test F1-max]  -  LA: 0.77083
Epoch: 19 | Loss: 0.015188326127827168  | Negative Loss: 0.0
[Test ROC-AUC]  -  SA: 0.00000,  LA: 0.67109
[Test AUPRC]  -  LA: 0.74444
[Test F1-max]  -  LA: 0.76289
Epoch: 20 | Loss: 0.009187296964228153  | Negative Loss: 0.0
[Test ROC-AUC]  -  SA: 0.00000,  LA: 0.66932
[Test AUPRC]  -  LA: 0.75137
[Test F1-max]  -  LA: 0.75789
Epoch: 21 | Loss: 0.0055397991091012955  | Negative Loss: 0.0
[Test ROC-AUC]  -  SA: 0.00000,  LA: 0.66932
[Test AUPRC]  -  LA: 0.75559
[Test F1-max]  -  LA: 0.75000
Epoch: 22 | Loss: 0.0033376908395439386  | Negative Loss: 0.0
[Test ROC-AUC]  -  SA: 0.00000,  LA: 0.66932
[Test AUPRC]  -  LA: 0.75816
[Test F1-max]  -  LA: 0.75000
Epoch: 23 | Loss: 0.0020160386338829994  | Negative Loss: 0.0
[Test ROC-AUC]  -  SA: 0.00000,  LA: 0.66932
[Test AUPRC]  -  LA: 0.76532
[Test F1-max]  -  LA: 0.75000
Epoch: 24 | Loss: 0.0012271702289581299  | Negative Loss: 0.0
[Test ROC-AUC]  -  SA: 0.00000,  LA: 0.66667
[Test AUPRC]  -  LA: 0.76926
[Test F1-max]  -  LA: 0.74286
Epoch: 25 | Loss: 0.0007563115213997662  | Negative Loss: 0.0
[Test ROC-AUC]  -  SA: 0.00000,  LA: 0.66136
[Test AUPRC]  -  LA: 0.76726
[Test F1-max]  -  LA: 0.74286
Epoch: 26 | Loss: 0.00047356245340779424  | Negative Loss: 0.0
[Test ROC-AUC]  -  SA: 0.00000,  LA: 0.66401
[Test AUPRC]  -  LA: 0.77170
[Test F1-max]  -  LA: 0.74286
Epoch: 27 | Loss: 0.0003023634199053049  | Negative Loss: 0.0
[Test ROC-AUC]  -  SA: 0.00000,  LA: 0.66313
[Test AUPRC]  -  LA: 0.77260
[Test F1-max]  -  LA: 0.74286
Epoch: 28 | Loss: 0.00019706704188138247  | Negative Loss: 0.0
[Test ROC-AUC]  -  SA: 0.00000,  LA: 0.66225
[Test AUPRC]  -  LA: 0.77206
[Test F1-max]  -  LA: 0.74286
Epoch: 29 | Loss: 0.00013129277795087546  | Negative Loss: 0.0
[Test ROC-AUC]  -  SA: 0.00000,  LA: 0.65694
[Test AUPRC]  -  LA: 0.76899
[Test F1-max]  -  LA: 0.74286
Epoch: 30 | Loss: 8.935725782066584e-05  | Negative Loss: 0.0
[Test ROC-AUC]  -  SA: 0.00000,  LA: 0.65340
[Test AUPRC]  -  LA: 0.76863
[Test F1-max]  -  LA: 0.73786
Epoch: 31 | Loss: 6.234545435290784e-05  | Negative Loss: 0.0
[Test ROC-AUC]  -  SA: 0.00000,  LA: 0.65517
[Test AUPRC]  -  LA: 0.77113
[Test F1-max]  -  LA: 0.73786
Epoch: 32 | Loss: 4.444070509634912e-05  | Negative Loss: 0.0
[Test ROC-AUC]  -  SA: 0.00000,  LA: 0.65606
[Test AUPRC]  -  LA: 0.77242
[Test F1-max]  -  LA: 0.73786
Epoch: 33 | Loss: 3.2424646633444354e-05  | Negative Loss: 0.0
[Test ROC-AUC]  -  SA: 0.00000,  LA: 0.65606
[Test AUPRC]  -  LA: 0.77367
[Test F1-max]  -  LA: 0.73786
Epoch: 34 | Loss: 2.4223172658821568e-05  | Negative Loss: 0.0
[Test ROC-AUC]  -  SA: 0.00000,  LA: 0.65606
[Test AUPRC]  -  LA: 0.77410
[Test F1-max]  -  LA: 0.73786
Epoch: 35 | Loss: 1.8429664123686962e-05  | Negative Loss: 0.0
[Test ROC-AUC]  -  SA: 0.00000,  LA: 0.65340
[Test AUPRC]  -  LA: 0.77408
[Test F1-max]  -  LA: 0.73786
Epoch: 36 | Loss: 1.4257374459702987e-05  | Negative Loss: 0.0
[Test ROC-AUC]  -  SA: 0.00000,  LA: 0.65252
[Test AUPRC]  -  LA: 0.77457
[Test F1-max]  -  LA: 0.73786
Epoch: 37 | Loss: 1.1301004633423872e-05  | Negative Loss: 0.0
[Test ROC-AUC]  -  SA: 0.00000,  LA: 0.65252
[Test AUPRC]  -  LA: 0.77663
[Test F1-max]  -  LA: 0.73786
Epoch: 38 | Loss: 9.083723853109404e-06  | Negative Loss: 0.0
[Test ROC-AUC]  -  SA: 0.00000,  LA: 0.65164
[Test AUPRC]  -  LA: 0.77607
[Test F1-max]  -  LA: 0.73786
Epoch: 39 | Loss: 7.438643933710409e-06  | Negative Loss: 0.0
[Test ROC-AUC]  -  SA: 0.00000,  LA: 0.64898
[Test AUPRC]  -  LA: 0.77504
[Test F1-max]  -  LA: 0.73786
Epoch: 40 | Loss: 6.127346750872675e-06  | Negative Loss: 0.0
[Test ROC-AUC]  -  SA: 0.00000,  LA: 0.64987
[Test AUPRC]  -  LA: 0.77621
[Test F1-max]  -  LA: 0.73786
Epoch: 41 | Loss: 5.173675162950531e-06  | Negative Loss: 0.0
[Test ROC-AUC]  -  SA: 0.00000,  LA: 0.65075
[Test AUPRC]  -  LA: 0.77714
[Test F1-max]  -  LA: 0.73786
Epoch: 42 | Loss: 4.458421244635247e-06  | Negative Loss: 0.0
[Test ROC-AUC]  -  SA: 0.00000,  LA: 0.64898
[Test AUPRC]  -  LA: 0.77646
[Test F1-max]  -  LA: 0.73786
Epoch: 43 | Loss: 3.8385346670111176e-06  | Negative Loss: 0.0
[Test ROC-AUC]  -  SA: 0.00000,  LA: 0.64898
[Test AUPRC]  -  LA: 0.77646
[Test F1-max]  -  LA: 0.73786
Epoch: 44 | Loss: 3.385540594535996e-06  | Negative Loss: 0.0
[Test ROC-AUC]  -  SA: 0.00000,  LA: 0.64987
[Test AUPRC]  -  LA: 0.77800
[Test F1-max]  -  LA: 0.73786
Epoch: 45 | Loss: 3.004071231771377e-06  | Negative Loss: 0.0
[Test ROC-AUC]  -  SA: 0.00000,  LA: 0.64898
[Test AUPRC]  -  LA: 0.77773
[Test F1-max]  -  LA: 0.73786
Epoch: 46 | Loss: 2.6702857667260105e-06  | Negative Loss: 0.0
[Test ROC-AUC]  -  SA: 0.00000,  LA: 0.64810
[Test AUPRC]  -  LA: 0.77747
[Test F1-max]  -  LA: 0.73786
Epoch: 47 | Loss: 2.3841839720262215e-06  | Negative Loss: 0.0
[Test ROC-AUC]  -  SA: 0.00000,  LA: 0.64721
[Test AUPRC]  -  LA: 0.77686
[Test F1-max]  -  LA: 0.73786
Epoch: 48 | Loss: 2.193449290643912e-06  | Negative Loss: 0.0
[Test ROC-AUC]  -  SA: 0.00000,  LA: 0.64810
[Test AUPRC]  -  LA: 0.77831
[Test F1-max]  -  LA: 0.73786
Epoch: 49 | Loss: 2.002714609261602e-06  | Negative Loss: 0.0
[Test ROC-AUC]  -  SA: 0.00000,  LA: 0.64810
[Test AUPRC]  -  LA: 0.77831
[Test F1-max]  -  LA: 0.73786
Epoch: 50 | Loss: 1.8358219904257567e-06  | Negative Loss: 0.0
[Test ROC-AUC]  -  SA: 0.00000,  LA: 0.64810
[Test AUPRC]  -  LA: 0.77831
[Test F1-max]  -  LA: 0.73786
Epoch: 51 | Loss: 1.7166128145618131e-06  | Negative Loss: 0.0
[Test ROC-AUC]  -  SA: 0.00000,  LA: 0.64810
[Test AUPRC]  -  LA: 0.77831
[Test F1-max]  -  LA: 0.73786
Epoch: 52 | Loss: 1.6212454738706583e-06  | Negative Loss: 0.0
[Test ROC-AUC]  -  SA: 0.00000,  LA: 0.64721
[Test AUPRC]  -  LA: 0.77775
[Test F1-max]  -  LA: 0.73786
Epoch: 53 | Loss: 1.5258781331795035e-06  | Negative Loss: 0.0
[Test ROC-AUC]  -  SA: 0.00000,  LA: 0.64721
[Test AUPRC]  -  LA: 0.77775
[Test F1-max]  -  LA: 0.73786
Epoch: 54 | Loss: 1.4305107924883487e-06  | Negative Loss: 0.0
[Test ROC-AUC]  -  SA: 0.00000,  LA: 0.64721
[Test AUPRC]  -  LA: 0.77775
[Test F1-max]  -  LA: 0.73786
Epoch: 55 | Loss: 1.4066688436287222e-06  | Negative Loss: 0.0
[Test ROC-AUC]  -  SA: 0.00000,  LA: 0.64589
[Test AUPRC]  -  LA: 0.77732
[Test F1-max]  -  LA: 0.73786
Epoch: 56 | Loss: 1.3113016166244051e-06  | Negative Loss: 0.0
[Test ROC-AUC]  -  SA: 0.00000,  LA: 0.64545
[Test AUPRC]  -  LA: 0.77715
[Test F1-max]  -  LA: 0.73786
Epoch: 57 | Loss: 1.239776111106039e-06  | Negative Loss: 0.0
[Test ROC-AUC]  -  SA: 0.00000,  LA: 0.64545
[Test AUPRC]  -  LA: 0.77715
[Test F1-max]  -  LA: 0.73786
Epoch: 58 | Loss: 1.2159342759332503e-06  | Negative Loss: 0.0
[Test ROC-AUC]  -  SA: 0.00000,  LA: 0.64545
[Test AUPRC]  -  LA: 0.77715
[Test F1-max]  -  LA: 0.73786
Epoch: 59 | Loss: 1.2159342759332503e-06  | Negative Loss: 0.0
[Test ROC-AUC]  -  SA: 0.00000,  LA: 0.64545
[Test AUPRC]  -  LA: 0.77715
[Test F1-max]  -  LA: 0.73786
Epoch: 60 | Loss: 1.1205669352420955e-06  | Negative Loss: 0.0
[Test ROC-AUC]  -  SA: 0.00000,  LA: 0.64545
[Test AUPRC]  -  LA: 0.77715
[Test F1-max]  -  LA: 0.73786
Epoch: 61 | Loss: 1.0967251000693068e-06  | Negative Loss: 0.0
[Test ROC-AUC]  -  SA: 0.00000,  LA: 0.64545
[Test AUPRC]  -  LA: 0.77715
[Test F1-max]  -  LA: 0.73786
Epoch: 62 | Loss: 1.0967251000693068e-06  | Negative Loss: 0.0
[Test ROC-AUC]  -  SA: 0.00000,  LA: 0.64456
[Test AUPRC]  -  LA: 0.77690
[Test F1-max]  -  LA: 0.73786
Epoch: 63 | Loss: 1.0490413160368917e-06  | Negative Loss: 0.0
[Test ROC-AUC]  -  SA: 0.00000,  LA: 0.64456
[Test AUPRC]  -  LA: 0.77690
[Test F1-max]  -  LA: 0.73786
Epoch: 64 | Loss: 1.0013576456913142e-06  | Negative Loss: 0.0
[Test ROC-AUC]  -  SA: 0.00000,  LA: 0.64456
[Test AUPRC]  -  LA: 0.77690
[Test F1-max]  -  LA: 0.73786
Epoch: 65 | Loss: 1.0013576456913142e-06  | Negative Loss: 0.0
[Test ROC-AUC]  -  SA: 0.00000,  LA: 0.64456
[Test AUPRC]  -  LA: 0.77690
[Test F1-max]  -  LA: 0.73786
Epoch: 66 | Loss: 1.0013576456913142e-06  | Negative Loss: 0.0
[Test ROC-AUC]  -  SA: 0.00000,  LA: 0.64456
[Test AUPRC]  -  LA: 0.77690
[Test F1-max]  -  LA: 0.73786
Epoch: 67 | Loss: 1.0013576456913142e-06  | Negative Loss: 0.0
[Test ROC-AUC]  -  SA: 0.00000,  LA: 0.64456
[Test AUPRC]  -  LA: 0.77690
[Test F1-max]  -  LA: 0.73786
Epoch: 68 | Loss: 9.536739753457368e-07  | Negative Loss: 0.0
[Test ROC-AUC]  -  SA: 0.00000,  LA: 0.64456
[Test AUPRC]  -  LA: 0.77690
[Test F1-max]  -  LA: 0.73786
Epoch: 69 | Loss: 9.29832197016367e-07  | Negative Loss: 0.0
[Test ROC-AUC]  -  SA: 0.00000,  LA: 0.64456
[Test AUPRC]  -  LA: 0.77690
[Test F1-max]  -  LA: 0.73786
Epoch: 70 | Loss: 9.059903050001594e-07  | Negative Loss: 0.0
[Test ROC-AUC]  -  SA: 0.00000,  LA: 0.64456
[Test AUPRC]  -  LA: 0.77690
[Test F1-max]  -  LA: 0.73786
Epoch: 71 | Loss: 8.821484698273707e-07  | Negative Loss: 0.0
[Test ROC-AUC]  -  SA: 0.00000,  LA: 0.64456
[Test AUPRC]  -  LA: 0.77690
[Test F1-max]  -  LA: 0.73786
Epoch: 72 | Loss: 8.821485266707896e-07  | Negative Loss: 0.0
[Test ROC-AUC]  -  SA: 0.00000,  LA: 0.64456
[Test AUPRC]  -  LA: 0.77690
[Test F1-max]  -  LA: 0.73786
Epoch: 73 | Loss: 8.821484698273707e-07  | Negative Loss: 0.0
[Test ROC-AUC]  -  SA: 0.00000,  LA: 0.64456
[Test AUPRC]  -  LA: 0.77690
[Test F1-max]  -  LA: 0.73786
Epoch: 74 | Loss: 8.821484698273707e-07  | Negative Loss: 0.0
[Test ROC-AUC]  -  SA: 0.00000,  LA: 0.64456
[Test AUPRC]  -  LA: 0.77690
[Test F1-max]  -  LA: 0.73786
Epoch: 75 | Loss: 8.821484698273707e-07  | Negative Loss: 0.0
[Test ROC-AUC]  -  SA: 0.00000,  LA: 0.64456
[Test AUPRC]  -  LA: 0.77690
[Test F1-max]  -  LA: 0.73786
Epoch: 76 | Loss: 8.821484698273707e-07  | Negative Loss: 0.0
[Test ROC-AUC]  -  SA: 0.00000,  LA: 0.64456
[Test AUPRC]  -  LA: 0.77690
[Test F1-max]  -  LA: 0.73786
Epoch: 77 | Loss: 8.58306634654582e-07  | Negative Loss: 0.0
[Test ROC-AUC]  -  SA: 0.00000,  LA: 0.64545
[Test AUPRC]  -  LA: 0.77867
[Test F1-max]  -  LA: 0.73786
Epoch: 78 | Loss: 8.58306634654582e-07  | Negative Loss: 0.0
[Test ROC-AUC]  -  SA: 0.00000,  LA: 0.64545
[Test AUPRC]  -  LA: 0.77867
[Test F1-max]  -  LA: 0.73786
Epoch: 79 | Loss: 8.344646857949556e-07  | Negative Loss: 0.0
[Test ROC-AUC]  -  SA: 0.00000,  LA: 0.64545
[Test AUPRC]  -  LA: 0.77867
[Test F1-max]  -  LA: 0.73786
Epoch: 80 | Loss: 8.344646857949556e-07  | Negative Loss: 0.0
[Test ROC-AUC]  -  SA: 0.00000,  LA: 0.64545
[Test AUPRC]  -  LA: 0.77867
[Test F1-max]  -  LA: 0.73786
Epoch: 81 | Loss: 8.344647994817933e-07  | Negative Loss: 0.0
[Test ROC-AUC]  -  SA: 0.00000,  LA: 0.64545
[Test AUPRC]  -  LA: 0.77867
[Test F1-max]  -  LA: 0.73786
Epoch: 82 | Loss: 8.344647994817933e-07  | Negative Loss: 0.0
[Test ROC-AUC]  -  SA: 0.00000,  LA: 0.64545
[Test AUPRC]  -  LA: 0.77867
[Test F1-max]  -  LA: 0.73786
Epoch: 83 | Loss: 8.344647994817933e-07  | Negative Loss: 0.0
[Test ROC-AUC]  -  SA: 0.00000,  LA: 0.64545
[Test AUPRC]  -  LA: 0.77867
[Test F1-max]  -  LA: 0.73786
Epoch: 84 | Loss: 8.344646857949556e-07  | Negative Loss: 0.0
[Test ROC-AUC]  -  SA: 0.00000,  LA: 0.64545
[Test AUPRC]  -  LA: 0.77867
[Test F1-max]  -  LA: 0.73786
Epoch: 85 | Loss: 8.344646857949556e-07  | Negative Loss: 0.0
[Test ROC-AUC]  -  SA: 0.00000,  LA: 0.64633
[Test AUPRC]  -  LA: 0.77892
[Test F1-max]  -  LA: 0.73786
Epoch: 86 | Loss: 8.344647994817933e-07  | Negative Loss: 0.0
[Test ROC-AUC]  -  SA: 0.00000,  LA: 0.64633
[Test AUPRC]  -  LA: 0.77892
[Test F1-max]  -  LA: 0.73786
Epoch: 87 | Loss: 8.344647994817933e-07  | Negative Loss: 0.0
[Test ROC-AUC]  -  SA: 0.00000,  LA: 0.64633
[Test AUPRC]  -  LA: 0.77892
[Test F1-max]  -  LA: 0.73786
Epoch: 88 | Loss: 8.344646857949556e-07  | Negative Loss: 0.0
[Test ROC-AUC]  -  SA: 0.00000,  LA: 0.64545
[Test AUPRC]  -  LA: 0.77868
[Test F1-max]  -  LA: 0.73786
Epoch: 89 | Loss: 8.344647994817933e-07  | Negative Loss: 0.0
[Test ROC-AUC]  -  SA: 0.00000,  LA: 0.64545
[Test AUPRC]  -  LA: 0.77868
[Test F1-max]  -  LA: 0.73786
Epoch: 90 | Loss: 8.106228506221669e-07  | Negative Loss: 0.0
[Test ROC-AUC]  -  SA: 0.00000,  LA: 0.64633
[Test AUPRC]  -  LA: 0.77901
[Test F1-max]  -  LA: 0.73786
Epoch: 91 | Loss: 8.106229643090046e-07  | Negative Loss: 0.0
[Test ROC-AUC]  -  SA: 0.00000,  LA: 0.64633
[Test AUPRC]  -  LA: 0.77901
[Test F1-max]  -  LA: 0.73786
Epoch: 92 | Loss: 8.106229643090046e-07  | Negative Loss: 0.0
[Test ROC-AUC]  -  SA: 0.00000,  LA: 0.64633
[Test AUPRC]  -  LA: 0.77901
[Test F1-max]  -  LA: 0.73786
Epoch: 93 | Loss: 8.106229643090046e-07  | Negative Loss: 0.0
[Test ROC-AUC]  -  SA: 0.00000,  LA: 0.64633
[Test AUPRC]  -  LA: 0.77901
[Test F1-max]  -  LA: 0.73786
Epoch: 94 | Loss: 7.867811291362159e-07  | Negative Loss: 0.0
[Test ROC-AUC]  -  SA: 0.00000,  LA: 0.64633
[Test AUPRC]  -  LA: 0.77901
[Test F1-max]  -  LA: 0.73786
Epoch: 95 | Loss: 7.86781072292797e-07  | Negative Loss: 0.0
[Test ROC-AUC]  -  SA: 0.00000,  LA: 0.64633
[Test AUPRC]  -  LA: 0.77901
[Test F1-max]  -  LA: 0.73786
Epoch: 96 | Loss: 7.86781072292797e-07  | Negative Loss: 0.0
[Test ROC-AUC]  -  SA: 0.00000,  LA: 0.64545
[Test AUPRC]  -  LA: 0.77868
[Test F1-max]  -  LA: 0.73786
Epoch: 97 | Loss: 7.86781072292797e-07  | Negative Loss: 0.0
[Test ROC-AUC]  -  SA: 0.00000,  LA: 0.64545
[Test AUPRC]  -  LA: 0.77868
[Test F1-max]  -  LA: 0.73786
Epoch: 98 | Loss: 7.86781072292797e-07  | Negative Loss: 0.0
[Test ROC-AUC]  -  SA: 0.00000,  LA: 0.64545
[Test AUPRC]  -  LA: 0.77868
[Test F1-max]  -  LA: 0.73786
Epoch: 99 | Loss: 7.86781072292797e-07  | Negative Loss: 0.0
Time consumption: 97.31741094589233
Best LA AUC: 0.6896551724137931
Best LA AUPC: 0.779009384465874
Best LA F1-max: 0.7956989247311828
[Result] Experiment result appended to ./results/train_hybrid_result.csv

[END] 2026-03-19 11:46:39
[RETURN CODE] 0
