[START] 2026-03-19 11:33:41
[GPU] 1
[TASK] 150/160
[NAME] yellow_splicing_promptad
[REPEAT] 10/10
[COMMAND] python train_hybrid.py --data_name yellow_splicing --mask True --text True --double_encoder True --few_shot True --shot 5 --hybrid_model promptad --hybrid_weight 0.3 --hybrid_batch_size 16 --epoch 100 --log True --lr 5e-4 --detection True --preprocess True

/home/seungeon/miniconda3/envs/LAB/lib/python3.10/site-packages/timm/models/layers/__init__.py:48: FutureWarning: Importing from timm.models.layers is deprecated, please import via timm.layers
  warnings.warn(f"Importing from {__name__} is deprecated, please import via timm.layers", FutureWarning)
/home/seungeon/Workspace/side/vlm/train_hybrid.py:18: DeprecationWarning: The distutils package is deprecated and slated for removal in Python 3.12. Use setuptools or check PEP 632 for potential alternatives
  from distutils.util import strtobool
Torch version: 2.9.1+cu128
cuda is loaded for process
here?
In my local computer
Namespace(epoch=100, gpu_number='0', data_name='yellow_splicing', lr=0.0005, batch_size=6, shuffle=True, seed=0, tag='default', model_name='ViT-B-32', pretrained_name='laion2b_s34b_b79k', lora=1, default=False, foundation='CLIP', detection=1, preprocess=1, num_rule=0, object_names=['a photo of orange connector', 'a photo of yellow cable', 'a photo of red cable', 'a photo of blue cable', 'a photo of metal panel'], objects_for_rules=[['a photo of orange connector'], ['a photo of orange connector'], ['a photo of yellow cable'], ['a photo of yellow cable'], ['a photo of orange connector'], ['a photo of orange connector', 'a photo of yellow cable']], texts_for_rules=[['a photo of orange connector'], ['a photo of orange connector'], ['a photo of yellow cable'], ['a photo of yellow cable'], ['a photo of orange connector'], ['a photo of orange connector and yellow cable']], mask=1, text=1, score='mean', ciriculam_learning=False, few_shot=1, shot=5, log=1, neg_loss=0, double_encoder=1, pretrained_count_path=None, ris=0, rule_select='', rule_list=[], num_negative=5, hybrid_model='promptad', hybrid_weight=0.3, hybrid_class_name='', hybrid_batch_size=16, hybrid_backbone='ViT-B-16-plus-240', hybrid_pretrained_dataset='laion400m_e32', hybrid_scales=[2, 3], hybrid_img_resize=240, hybrid_img_cropsize=240, hybrid_resolution=400, hybrid_promptad_epoch=100, hybrid_promptad_lr=0.002, hybrid_promptad_momentum=0.9, hybrid_promptad_weight_decay=0.0005, hybrid_promptad_eta_min=1e-05, hybrid_promptad_lambda1=0.001, hybrid_promptad_n_ctx=4, hybrid_promptad_n_pro=3, hybrid_promptad_n_ctx_ab=1, hybrid_promptad_n_pro_ab=4, early_stop_k=10, result_log_path='./results/train_hybrid_result.csv')
[Hybrid] method=promptad, class_name=splicing_connectors, train=5, eval=68, base_path=/data3/seungeon/data/image/mvtec_loco_anomaly_detection/yellow_splicing
[Hybrid-only] LA_AUC=0.77498, LA_AUPRC=0.80319, LA_F1=0.81720
[Data Description]
- Train: 5
- Test: 68

Train Start
[Test ROC-AUC]  -  SA: 0.00000,  LA: 0.54288
[Test AUPRC]  -  LA: 0.57744
[Test F1-max]  -  LA: 0.76289
Epoch: 0 | Loss: 11.496044158935547  | Negative Loss: 0.0
[Test ROC-AUC]  -  SA: 0.00000,  LA: 0.54200
[Test AUPRC]  -  LA: 0.57538
[Test F1-max]  -  LA: 0.76289
Epoch: 1 | Loss: 11.439919471740723  | Negative Loss: 0.0
[Test ROC-AUC]  -  SA: 0.00000,  LA: 0.56322
[Test AUPRC]  -  LA: 0.58366
[Test F1-max]  -  LA: 0.75269
Epoch: 2 | Loss: 10.65054702758789  | Negative Loss: 0.0
[Test ROC-AUC]  -  SA: 0.00000,  LA: 0.59151
[Test AUPRC]  -  LA: 0.61196
[Test F1-max]  -  LA: 0.75789
Epoch: 3 | Loss: 9.350227355957031  | Negative Loss: 0.0
[Test ROC-AUC]  -  SA: 0.00000,  LA: 0.62776
[Test AUPRC]  -  LA: 0.68472
[Test F1-max]  -  LA: 0.75000
Epoch: 4 | Loss: 7.7351884841918945  | Negative Loss: 0.0
[Test ROC-AUC]  -  SA: 0.00000,  LA: 0.61892
[Test AUPRC]  -  LA: 0.69355
[Test F1-max]  -  LA: 0.75728
Epoch: 5 | Loss: 6.132524490356445  | Negative Loss: 0.0
[Test ROC-AUC]  -  SA: 0.00000,  LA: 0.61627
[Test AUPRC]  -  LA: 0.71215
[Test F1-max]  -  LA: 0.75248
Epoch: 6 | Loss: 4.740969657897949  | Negative Loss: 0.0
[Test ROC-AUC]  -  SA: 0.00000,  LA: 0.60831
[Test AUPRC]  -  LA: 0.71498
[Test F1-max]  -  LA: 0.75728
Epoch: 7 | Loss: 3.6128153800964355  | Negative Loss: 0.0
[Test ROC-AUC]  -  SA: 0.00000,  LA: 0.61008
[Test AUPRC]  -  LA: 0.72642
[Test F1-max]  -  LA: 0.75728
Epoch: 8 | Loss: 2.722101926803589  | Negative Loss: 0.0
[Test ROC-AUC]  -  SA: 0.00000,  LA: 0.61804
[Test AUPRC]  -  LA: 0.74363
[Test F1-max]  -  LA: 0.75728
Epoch: 9 | Loss: 2.0433976650238037  | Negative Loss: 0.0
[Test ROC-AUC]  -  SA: 0.00000,  LA: 0.63042
[Test AUPRC]  -  LA: 0.75800
[Test F1-max]  -  LA: 0.75728
Epoch: 10 | Loss: 1.5119178295135498  | Negative Loss: 0.0
[Test ROC-AUC]  -  SA: 0.00000,  LA: 0.63572
[Test AUPRC]  -  LA: 0.76167
[Test F1-max]  -  LA: 0.75728
Epoch: 11 | Loss: 1.0847501754760742  | Negative Loss: 0.0
[Test ROC-AUC]  -  SA: 0.00000,  LA: 0.63572
[Test AUPRC]  -  LA: 0.75688
[Test F1-max]  -  LA: 0.75728
Epoch: 12 | Loss: 0.74159836769104  | Negative Loss: 0.0
[Test ROC-AUC]  -  SA: 0.00000,  LA: 0.64014
[Test AUPRC]  -  LA: 0.75703
[Test F1-max]  -  LA: 0.75728
Epoch: 13 | Loss: 0.4822212755680084  | Negative Loss: 0.0
[Test ROC-AUC]  -  SA: 0.00000,  LA: 0.64279
[Test AUPRC]  -  LA: 0.75212
[Test F1-max]  -  LA: 0.75728
Epoch: 14 | Loss: 0.3017074465751648  | Negative Loss: 0.0
[Test ROC-AUC]  -  SA: 0.00000,  LA: 0.64191
[Test AUPRC]  -  LA: 0.74389
[Test F1-max]  -  LA: 0.76471
Epoch: 15 | Loss: 0.18149563670158386  | Negative Loss: 0.0
[Test ROC-AUC]  -  SA: 0.00000,  LA: 0.64545
[Test AUPRC]  -  LA: 0.74786
[Test F1-max]  -  LA: 0.77228
Epoch: 16 | Loss: 0.10602208971977234  | Negative Loss: 0.0
[Test ROC-AUC]  -  SA: 0.00000,  LA: 0.64545
[Test AUPRC]  -  LA: 0.74362
[Test F1-max]  -  LA: 0.77228
Epoch: 17 | Loss: 0.060664013028144836  | Negative Loss: 0.0
[Test ROC-AUC]  -  SA: 0.00000,  LA: 0.64368
[Test AUPRC]  -  LA: 0.73766
[Test F1-max]  -  LA: 0.77228
Epoch: 18 | Loss: 0.03433309867978096  | Negative Loss: 0.0
[Test ROC-AUC]  -  SA: 0.00000,  LA: 0.63926
[Test AUPRC]  -  LA: 0.73495
[Test F1-max]  -  LA: 0.77228
Epoch: 19 | Loss: 0.019422922283411026  | Negative Loss: 0.0
[Test ROC-AUC]  -  SA: 0.00000,  LA: 0.64014
[Test AUPRC]  -  LA: 0.72887
[Test F1-max]  -  LA: 0.77228
Epoch: 20 | Loss: 0.01101761031895876  | Negative Loss: 0.0
[Test ROC-AUC]  -  SA: 0.00000,  LA: 0.63660
[Test AUPRC]  -  LA: 0.72631
[Test F1-max]  -  LA: 0.77228
Epoch: 21 | Loss: 0.0063011422753334045  | Negative Loss: 0.0
[Test ROC-AUC]  -  SA: 0.00000,  LA: 0.63660
[Test AUPRC]  -  LA: 0.72445
[Test F1-max]  -  LA: 0.78000
Epoch: 22 | Loss: 0.003657704219222069  | Negative Loss: 0.0
[Test ROC-AUC]  -  SA: 0.00000,  LA: 0.63484
[Test AUPRC]  -  LA: 0.72347
[Test F1-max]  -  LA: 0.78000
Epoch: 23 | Loss: 0.002158441348001361  | Negative Loss: 0.0
[Test ROC-AUC]  -  SA: 0.00000,  LA: 0.64103
[Test AUPRC]  -  LA: 0.72753
[Test F1-max]  -  LA: 0.78000
Epoch: 24 | Loss: 0.0012967443326488137  | Negative Loss: 0.0
[Test ROC-AUC]  -  SA: 0.00000,  LA: 0.64191
[Test AUPRC]  -  LA: 0.72981
[Test F1-max]  -  LA: 0.78000
Epoch: 25 | Loss: 0.0007935148314572871  | Negative Loss: 0.0
[Test ROC-AUC]  -  SA: 0.00000,  LA: 0.64368
[Test AUPRC]  -  LA: 0.72936
[Test F1-max]  -  LA: 0.78000
Epoch: 26 | Loss: 0.0004956395132467151  | Negative Loss: 0.0
[Test ROC-AUC]  -  SA: 0.00000,  LA: 0.64898
[Test AUPRC]  -  LA: 0.73089
[Test F1-max]  -  LA: 0.78000
Epoch: 27 | Loss: 0.0003167061659041792  | Negative Loss: 0.0
[Test ROC-AUC]  -  SA: 0.00000,  LA: 0.64987
[Test AUPRC]  -  LA: 0.73549
[Test F1-max]  -  LA: 0.77228
Epoch: 28 | Loss: 0.00020707635849248618  | Negative Loss: 0.0
[Test ROC-AUC]  -  SA: 0.00000,  LA: 0.65075
[Test AUPRC]  -  LA: 0.74212
[Test F1-max]  -  LA: 0.77228
Epoch: 29 | Loss: 0.00013877719175070524  | Negative Loss: 0.0
[Test ROC-AUC]  -  SA: 0.00000,  LA: 0.64633
[Test AUPRC]  -  LA: 0.73231
[Test F1-max]  -  LA: 0.77228
Epoch: 30 | Loss: 9.507842332823202e-05  | Negative Loss: 0.0
[Test ROC-AUC]  -  SA: 0.00000,  LA: 0.64633
[Test AUPRC]  -  LA: 0.73149
[Test F1-max]  -  LA: 0.77228
Epoch: 31 | Loss: 6.680346996290609e-05  | Negative Loss: 0.0
[Test ROC-AUC]  -  SA: 0.00000,  LA: 0.64721
[Test AUPRC]  -  LA: 0.72983
[Test F1-max]  -  LA: 0.77228
Epoch: 32 | Loss: 4.804062336916104e-05  | Negative Loss: 0.0
[Test ROC-AUC]  -  SA: 0.00000,  LA: 0.64721
[Test AUPRC]  -  LA: 0.72999
[Test F1-max]  -  LA: 0.77228
Epoch: 33 | Loss: 3.5285567719256505e-05  | Negative Loss: 0.0
[Test ROC-AUC]  -  SA: 0.00000,  LA: 0.64545
[Test AUPRC]  -  LA: 0.72568
[Test F1-max]  -  LA: 0.77228
Epoch: 34 | Loss: 2.6535777578828856e-05  | Negative Loss: 0.0
[Test ROC-AUC]  -  SA: 0.00000,  LA: 0.64456
[Test AUPRC]  -  LA: 0.72284
[Test F1-max]  -  LA: 0.77228
Epoch: 35 | Loss: 2.036082514678128e-05  | Negative Loss: 0.0
[Test ROC-AUC]  -  SA: 0.00000,  LA: 0.64456
[Test AUPRC]  -  LA: 0.72480
[Test F1-max]  -  LA: 0.77228
Epoch: 36 | Loss: 1.587860424479004e-05  | Negative Loss: 0.0
[Test ROC-AUC]  -  SA: 0.00000,  LA: 0.64633
[Test AUPRC]  -  LA: 0.72567
[Test F1-max]  -  LA: 0.77228
Epoch: 37 | Loss: 1.2683823115366977e-05  | Negative Loss: 0.0
[Test ROC-AUC]  -  SA: 0.00000,  LA: 0.64721
[Test AUPRC]  -  LA: 0.72606
[Test F1-max]  -  LA: 0.77228
Epoch: 38 | Loss: 1.0275811291649006e-05  | Negative Loss: 0.0
[Test ROC-AUC]  -  SA: 0.00000,  LA: 0.64545
[Test AUPRC]  -  LA: 0.72217
[Test F1-max]  -  LA: 0.77228
Epoch: 39 | Loss: 8.559207344660535e-06  | Negative Loss: 0.0
[Test ROC-AUC]  -  SA: 0.00000,  LA: 0.64721
[Test AUPRC]  -  LA: 0.72467
[Test F1-max]  -  LA: 0.78000
Epoch: 40 | Loss: 7.128701781766722e-06  | Negative Loss: 0.0
[Test ROC-AUC]  -  SA: 0.00000,  LA: 0.64545
[Test AUPRC]  -  LA: 0.72454
[Test F1-max]  -  LA: 0.78000
Epoch: 41 | Loss: 6.008138825563947e-06  | Negative Loss: 0.0
[Test ROC-AUC]  -  SA: 0.00000,  LA: 0.64368
[Test AUPRC]  -  LA: 0.72355
[Test F1-max]  -  LA: 0.78000
Epoch: 42 | Loss: 5.173676527192583e-06  | Negative Loss: 0.0
[Test ROC-AUC]  -  SA: 0.00000,  LA: 0.64368
[Test AUPRC]  -  LA: 0.72355
[Test F1-max]  -  LA: 0.78000
Epoch: 43 | Loss: 4.4584221541299485e-06  | Negative Loss: 0.0
[Test ROC-AUC]  -  SA: 0.00000,  LA: 0.64456
[Test AUPRC]  -  LA: 0.72394
[Test F1-max]  -  LA: 0.78000
Epoch: 44 | Loss: 3.910060968337348e-06  | Negative Loss: 0.0
[Test ROC-AUC]  -  SA: 0.00000,  LA: 0.64368
[Test AUPRC]  -  LA: 0.72402
[Test F1-max]  -  LA: 0.78000
Epoch: 45 | Loss: 3.457066668488551e-06  | Negative Loss: 0.0
[Test ROC-AUC]  -  SA: 0.00000,  LA: 0.64456
[Test AUPRC]  -  LA: 0.72604
[Test F1-max]  -  LA: 0.78000
Epoch: 46 | Loss: 3.1948063679010374e-06  | Negative Loss: 0.0
[Test ROC-AUC]  -  SA: 0.00000,  LA: 0.64456
[Test AUPRC]  -  LA: 0.72604
[Test F1-max]  -  LA: 0.78000
Epoch: 47 | Loss: 2.884862624341622e-06  | Negative Loss: 0.0
[Test ROC-AUC]  -  SA: 0.00000,  LA: 0.64456
[Test AUPRC]  -  LA: 0.72501
[Test F1-max]  -  LA: 0.78788
Epoch: 48 | Loss: 2.670286448847037e-06  | Negative Loss: 0.0
[Test ROC-AUC]  -  SA: 0.00000,  LA: 0.64456
[Test AUPRC]  -  LA: 0.72487
[Test F1-max]  -  LA: 0.78788
Epoch: 49 | Loss: 2.4080263756331988e-06  | Negative Loss: 0.0
[Test ROC-AUC]  -  SA: 0.00000,  LA: 0.64456
[Test AUPRC]  -  LA: 0.72432
[Test F1-max]  -  LA: 0.78788
Epoch: 50 | Loss: 2.288817313456093e-06  | Negative Loss: 0.0
[Test ROC-AUC]  -  SA: 0.00000,  LA: 0.64456
[Test AUPRC]  -  LA: 0.72432
[Test F1-max]  -  LA: 0.78788
Epoch: 51 | Loss: 2.1457660750456853e-06  | Negative Loss: 0.0
[Test ROC-AUC]  -  SA: 0.00000,  LA: 0.64368
[Test AUPRC]  -  LA: 0.71808
[Test F1-max]  -  LA: 0.78788
Epoch: 52 | Loss: 1.978873342523002e-06  | Negative Loss: 0.0
[Test ROC-AUC]  -  SA: 0.00000,  LA: 0.64368
[Test AUPRC]  -  LA: 0.71808
[Test F1-max]  -  LA: 0.78788
Epoch: 53 | Loss: 1.8835060018318472e-06  | Negative Loss: 0.0
[Test ROC-AUC]  -  SA: 0.00000,  LA: 0.64103
[Test AUPRC]  -  LA: 0.70764
[Test F1-max]  -  LA: 0.78788
Epoch: 54 | Loss: 1.7881386611406924e-06  | Negative Loss: 0.0
[Test ROC-AUC]  -  SA: 0.00000,  LA: 0.64191
[Test AUPRC]  -  LA: 0.70823
[Test F1-max]  -  LA: 0.78788
Epoch: 55 | Loss: 1.6450875364171225e-06  | Negative Loss: 0.0
[Test ROC-AUC]  -  SA: 0.00000,  LA: 0.64191
[Test AUPRC]  -  LA: 0.70823
[Test F1-max]  -  LA: 0.78788
Epoch: 56 | Loss: 1.5974039797583828e-06  | Negative Loss: 0.0
[Test ROC-AUC]  -  SA: 0.00000,  LA: 0.64191
[Test AUPRC]  -  LA: 0.70823
[Test F1-max]  -  LA: 0.78788
Epoch: 57 | Loss: 1.4543528550348128e-06  | Negative Loss: 0.0
[Test ROC-AUC]  -  SA: 0.00000,  LA: 0.64279
[Test AUPRC]  -  LA: 0.71571
[Test F1-max]  -  LA: 0.78788
Epoch: 58 | Loss: 1.382827235829609e-06  | Negative Loss: 0.0
[Test ROC-AUC]  -  SA: 0.00000,  LA: 0.64368
[Test AUPRC]  -  LA: 0.71612
[Test F1-max]  -  LA: 0.78788
Epoch: 59 | Loss: 1.382827235829609e-06  | Negative Loss: 0.0
[Test ROC-AUC]  -  SA: 0.00000,  LA: 0.64368
[Test AUPRC]  -  LA: 0.71612
[Test F1-max]  -  LA: 0.78788
Epoch: 60 | Loss: 1.2874600088252919e-06  | Negative Loss: 0.0
[Test ROC-AUC]  -  SA: 0.00000,  LA: 0.64368
[Test AUPRC]  -  LA: 0.71612
[Test F1-max]  -  LA: 0.78788
Epoch: 61 | Loss: 1.2159342759332503e-06  | Negative Loss: 0.0
[Test ROC-AUC]  -  SA: 0.00000,  LA: 0.64368
[Test AUPRC]  -  LA: 0.71612
[Test F1-max]  -  LA: 0.78788
Epoch: 62 | Loss: 1.1444087704148842e-06  | Negative Loss: 0.0
[Test ROC-AUC]  -  SA: 0.00000,  LA: 0.64368
[Test AUPRC]  -  LA: 0.71612
[Test F1-max]  -  LA: 0.78788
Epoch: 63 | Loss: 1.1444087704148842e-06  | Negative Loss: 0.0
[Test ROC-AUC]  -  SA: 0.00000,  LA: 0.64545
[Test AUPRC]  -  LA: 0.71793
[Test F1-max]  -  LA: 0.78788
Epoch: 64 | Loss: 1.1205670489289332e-06  | Negative Loss: 0.0
[Test ROC-AUC]  -  SA: 0.00000,  LA: 0.64545
[Test AUPRC]  -  LA: 0.71793
[Test F1-max]  -  LA: 0.78788
Epoch: 65 | Loss: 1.0967251000693068e-06  | Negative Loss: 0.0
[Test ROC-AUC]  -  SA: 0.00000,  LA: 0.64545
[Test AUPRC]  -  LA: 0.71793
[Test F1-max]  -  LA: 0.78788
Epoch: 66 | Loss: 1.0728833785833558e-06  | Negative Loss: 0.0
[Test ROC-AUC]  -  SA: 0.00000,  LA: 0.64456
[Test AUPRC]  -  LA: 0.71758
[Test F1-max]  -  LA: 0.78788
Epoch: 67 | Loss: 1.0490414297237294e-06  | Negative Loss: 0.0
[Test ROC-AUC]  -  SA: 0.00000,  LA: 0.64456
[Test AUPRC]  -  LA: 0.71758
[Test F1-max]  -  LA: 0.78788
Epoch: 68 | Loss: 1.001357759378152e-06  | Negative Loss: 0.0
[Test ROC-AUC]  -  SA: 0.00000,  LA: 0.64456
[Test AUPRC]  -  LA: 0.71758
[Test F1-max]  -  LA: 0.78788
Epoch: 69 | Loss: 9.775159242053633e-07  | Negative Loss: 0.0
[Test ROC-AUC]  -  SA: 0.00000,  LA: 0.64456
[Test AUPRC]  -  LA: 0.71758
[Test F1-max]  -  LA: 0.78788
Epoch: 70 | Loss: 9.536740890325746e-07  | Negative Loss: 0.0
[Test ROC-AUC]  -  SA: 0.00000,  LA: 0.64456
[Test AUPRC]  -  LA: 0.71758
[Test F1-max]  -  LA: 0.78788
Epoch: 71 | Loss: 9.536740890325746e-07  | Negative Loss: 0.0
[Test ROC-AUC]  -  SA: 0.00000,  LA: 0.64368
[Test AUPRC]  -  LA: 0.71539
[Test F1-max]  -  LA: 0.78788
Epoch: 72 | Loss: 9.536740890325746e-07  | Negative Loss: 0.0
[Test ROC-AUC]  -  SA: 0.00000,  LA: 0.64368
[Test AUPRC]  -  LA: 0.71539
[Test F1-max]  -  LA: 0.78788
Epoch: 73 | Loss: 9.298322538597859e-07  | Negative Loss: 0.0
[Test ROC-AUC]  -  SA: 0.00000,  LA: 0.64456
[Test AUPRC]  -  LA: 0.71576
[Test F1-max]  -  LA: 0.78788
Epoch: 74 | Loss: 9.298322538597859e-07  | Negative Loss: 0.0
[Test ROC-AUC]  -  SA: 0.00000,  LA: 0.64456
[Test AUPRC]  -  LA: 0.71576
[Test F1-max]  -  LA: 0.78788
Epoch: 75 | Loss: 9.059903618435783e-07  | Negative Loss: 0.0
[Test ROC-AUC]  -  SA: 0.00000,  LA: 0.64368
[Test AUPRC]  -  LA: 0.71516
[Test F1-max]  -  LA: 0.78788
Epoch: 76 | Loss: 8.821484698273707e-07  | Negative Loss: 0.0
[Test ROC-AUC]  -  SA: 0.00000,  LA: 0.64456
[Test AUPRC]  -  LA: 0.72093
[Test F1-max]  -  LA: 0.78788
Epoch: 77 | Loss: 8.821484698273707e-07  | Negative Loss: 0.0
[Test ROC-AUC]  -  SA: 0.00000,  LA: 0.64456
[Test AUPRC]  -  LA: 0.72093
[Test F1-max]  -  LA: 0.78788
Epoch: 78 | Loss: 8.821484698273707e-07  | Negative Loss: 0.0
[Test ROC-AUC]  -  SA: 0.00000,  LA: 0.64545
[Test AUPRC]  -  LA: 0.72158
[Test F1-max]  -  LA: 0.78788
Epoch: 79 | Loss: 8.821484698273707e-07  | Negative Loss: 0.0
[Test ROC-AUC]  -  SA: 0.00000,  LA: 0.64545
[Test AUPRC]  -  LA: 0.72158
[Test F1-max]  -  LA: 0.78788
Epoch: 80 | Loss: 8.58306634654582e-07  | Negative Loss: 0.0
[Test ROC-AUC]  -  SA: 0.00000,  LA: 0.64545
[Test AUPRC]  -  LA: 0.72158
[Test F1-max]  -  LA: 0.78788
Epoch: 81 | Loss: 8.344647994817933e-07  | Negative Loss: 0.0
[Test ROC-AUC]  -  SA: 0.00000,  LA: 0.64545
[Test AUPRC]  -  LA: 0.72158
[Test F1-max]  -  LA: 0.78788
Epoch: 82 | Loss: 8.344647994817933e-07  | Negative Loss: 0.0
[Test ROC-AUC]  -  SA: 0.00000,  LA: 0.64545
[Test AUPRC]  -  LA: 0.72158
[Test F1-max]  -  LA: 0.78788
Epoch: 83 | Loss: 8.344647994817933e-07  | Negative Loss: 0.0
[Test ROC-AUC]  -  SA: 0.00000,  LA: 0.64545
[Test AUPRC]  -  LA: 0.72158
[Test F1-max]  -  LA: 0.78788
Epoch: 84 | Loss: 8.344647994817933e-07  | Negative Loss: 0.0
[Test ROC-AUC]  -  SA: 0.00000,  LA: 0.64545
[Test AUPRC]  -  LA: 0.72158
[Test F1-max]  -  LA: 0.78788
Epoch: 85 | Loss: 8.106229074655857e-07  | Negative Loss: 0.0
[Test ROC-AUC]  -  SA: 0.00000,  LA: 0.64633
[Test AUPRC]  -  LA: 0.72241
[Test F1-max]  -  LA: 0.78788
Epoch: 86 | Loss: 8.106229074655857e-07  | Negative Loss: 0.0
[Test ROC-AUC]  -  SA: 0.00000,  LA: 0.64633
[Test AUPRC]  -  LA: 0.72241
[Test F1-max]  -  LA: 0.78788
Epoch: 87 | Loss: 8.106229643090046e-07  | Negative Loss: 0.0
[Test ROC-AUC]  -  SA: 0.00000,  LA: 0.64633
[Test AUPRC]  -  LA: 0.72241
[Test F1-max]  -  LA: 0.78788
Epoch: 88 | Loss: 8.106229643090046e-07  | Negative Loss: 0.0
[Test ROC-AUC]  -  SA: 0.00000,  LA: 0.64633
[Test AUPRC]  -  LA: 0.72241
[Test F1-max]  -  LA: 0.78788
Epoch: 89 | Loss: 8.106229643090046e-07  | Negative Loss: 0.0
[Test ROC-AUC]  -  SA: 0.00000,  LA: 0.64721
[Test AUPRC]  -  LA: 0.72270
[Test F1-max]  -  LA: 0.78788
Epoch: 90 | Loss: 8.106229643090046e-07  | Negative Loss: 0.0
[Test ROC-AUC]  -  SA: 0.00000,  LA: 0.64721
[Test AUPRC]  -  LA: 0.72270
[Test F1-max]  -  LA: 0.78788
Epoch: 91 | Loss: 8.106229643090046e-07  | Negative Loss: 0.0
[Test ROC-AUC]  -  SA: 0.00000,  LA: 0.64810
[Test AUPRC]  -  LA: 0.72331
[Test F1-max]  -  LA: 0.78788
Epoch: 92 | Loss: 8.106229074655857e-07  | Negative Loss: 0.0
[Test ROC-AUC]  -  SA: 0.00000,  LA: 0.64721
[Test AUPRC]  -  LA: 0.72270
[Test F1-max]  -  LA: 0.78788
Epoch: 93 | Loss: 8.106229074655857e-07  | Negative Loss: 0.0
[Test ROC-AUC]  -  SA: 0.00000,  LA: 0.64721
[Test AUPRC]  -  LA: 0.72270
[Test F1-max]  -  LA: 0.78788
Epoch: 94 | Loss: 8.106229074655857e-07  | Negative Loss: 0.0
[Test ROC-AUC]  -  SA: 0.00000,  LA: 0.64721
[Test AUPRC]  -  LA: 0.72270
[Test F1-max]  -  LA: 0.78788
Epoch: 95 | Loss: 7.867811291362159e-07  | Negative Loss: 0.0
[Test ROC-AUC]  -  SA: 0.00000,  LA: 0.64898
[Test AUPRC]  -  LA: 0.72519
[Test F1-max]  -  LA: 0.78788
Epoch: 96 | Loss: 7.629392939634272e-07  | Negative Loss: 0.0
[Test ROC-AUC]  -  SA: 0.00000,  LA: 0.64898
[Test AUPRC]  -  LA: 0.72519
[Test F1-max]  -  LA: 0.78788
Epoch: 97 | Loss: 7.629392939634272e-07  | Negative Loss: 0.0
[Test ROC-AUC]  -  SA: 0.00000,  LA: 0.64898
[Test AUPRC]  -  LA: 0.72481
[Test F1-max]  -  LA: 0.78788
Epoch: 98 | Loss: 7.629392939634272e-07  | Negative Loss: 0.0
[Test ROC-AUC]  -  SA: 0.00000,  LA: 0.64898
[Test AUPRC]  -  LA: 0.72481
[Test F1-max]  -  LA: 0.78788
Epoch: 99 | Loss: 7.390974019472196e-07  | Negative Loss: 0.0
Time consumption: 99.10885238647461
Best LA AUC: 0.6507515473032714
Best LA AUPC: 0.7616674384569215
Best LA F1-max: 0.787878787878788
[Result] Experiment result appended to ./results/train_hybrid_result.csv

[END] 2026-03-19 11:37:15
[RETURN CODE] 0
