[START] 2026-03-19 10:34:32
[GPU] 1
[TASK] 82/160
[NAME] red_splicing_promptad
[REPEAT] 2/10
[COMMAND] python train_hybrid.py --data_name red_splicing --mask True --text True --double_encoder True --few_shot True --shot 1 --hybrid_model promptad --hybrid_weight 0.3 --hybrid_batch_size 16 --epoch 100 --log True --lr 5e-4 --detection True --preprocess True

/home/seungeon/miniconda3/envs/LAB/lib/python3.10/site-packages/timm/models/layers/__init__.py:48: FutureWarning: Importing from timm.models.layers is deprecated, please import via timm.layers
  warnings.warn(f"Importing from {__name__} is deprecated, please import via timm.layers", FutureWarning)
/home/seungeon/Workspace/side/vlm/train_hybrid.py:18: DeprecationWarning: The distutils package is deprecated and slated for removal in Python 3.12. Use setuptools or check PEP 632 for potential alternatives
  from distutils.util import strtobool
Torch version: 2.9.1+cu128
cuda is loaded for process
here?
In my local computer
Namespace(epoch=100, gpu_number='0', data_name='red_splicing', lr=0.0005, batch_size=6, shuffle=True, seed=0, tag='default', model_name='ViT-B-32', pretrained_name='laion2b_s34b_b79k', lora=1, default=False, foundation='CLIP', detection=1, preprocess=1, num_rule=0, object_names=['a photo of orange connector', 'a photo of red cable', 'a photo of yellow cable', 'a photo of blue cable', 'a photo of metal panel'], objects_for_rules=[['a photo of orange connector'], ['a photo of orange connector'], ['a photo of red cable'], ['a photo of red cable'], ['a photo of orange connector'], ['a photo of orange connector', 'a photo of red cable']], texts_for_rules=[['a photo of orange connector'], ['a photo of orange connector'], ['a photo of red cable'], ['a photo of red cable'], ['a photo of orange connector'], ['a photo of orange connector and red cable']], mask=1, text=1, score='mean', ciriculam_learning=False, few_shot=1, shot=1, log=1, neg_loss=0, double_encoder=1, pretrained_count_path=None, ris=0, rule_select='', rule_list=[], num_negative=5, hybrid_model='promptad', hybrid_weight=0.3, hybrid_class_name='', hybrid_batch_size=16, hybrid_backbone='ViT-B-16-plus-240', hybrid_pretrained_dataset='laion400m_e32', hybrid_scales=[2, 3], hybrid_img_resize=240, hybrid_img_cropsize=240, hybrid_resolution=400, hybrid_promptad_epoch=100, hybrid_promptad_lr=0.002, hybrid_promptad_momentum=0.9, hybrid_promptad_weight_decay=0.0005, hybrid_promptad_eta_min=1e-05, hybrid_promptad_lambda1=0.001, hybrid_promptad_n_ctx=4, hybrid_promptad_n_pro=3, hybrid_promptad_n_ctx_ab=1, hybrid_promptad_n_pro_ab=4, early_stop_k=10, result_log_path='./results/train_hybrid_result.csv')
[Hybrid] method=promptad, class_name=splicing_connectors, train=1, eval=89, base_path=/data3/seungeon/data/image/mvtec_loco_anomaly_detection/red_splicing
[Hybrid-only] LA_AUC=0.78112, LA_AUPRC=0.66204, LA_F1=0.79592
[Data Description]
- Train: 1
- Test: 89

Train Start
[Test ROC-AUC]  -  SA: 0.00000,  LA: 0.71582
[Test AUPRC]  -  LA: 0.63317
[Test F1-max]  -  LA: 0.72340
Epoch: 0 | Loss: 15.017836570739746  | Negative Loss: 0.0
[Test ROC-AUC]  -  SA: 0.00000,  LA: 0.71786
[Test AUPRC]  -  LA: 0.63456
[Test F1-max]  -  LA: 0.73684
Epoch: 1 | Loss: 14.912161827087402  | Negative Loss: 0.0
[Test ROC-AUC]  -  SA: 0.00000,  LA: 0.73469
[Test AUPRC]  -  LA: 0.66213
[Test F1-max]  -  LA: 0.72727
Epoch: 2 | Loss: 13.694270133972168  | Negative Loss: 0.0
[Test ROC-AUC]  -  SA: 0.00000,  LA: 0.74337
[Test AUPRC]  -  LA: 0.68599
[Test F1-max]  -  LA: 0.70330
Epoch: 3 | Loss: 11.799871444702148  | Negative Loss: 0.0
[Test ROC-AUC]  -  SA: 0.00000,  LA: 0.73061
[Test AUPRC]  -  LA: 0.68499
[Test F1-max]  -  LA: 0.70213
Epoch: 4 | Loss: 9.556802749633789  | Negative Loss: 0.0
[Test ROC-AUC]  -  SA: 0.00000,  LA: 0.70663
[Test AUPRC]  -  LA: 0.64122
[Test F1-max]  -  LA: 0.68000
Epoch: 5 | Loss: 7.471487522125244  | Negative Loss: 0.0
[Test ROC-AUC]  -  SA: 0.00000,  LA: 0.68673
[Test AUPRC]  -  LA: 0.62545
[Test F1-max]  -  LA: 0.68519
Epoch: 6 | Loss: 5.81559419631958  | Negative Loss: 0.0
[Test ROC-AUC]  -  SA: 0.00000,  LA: 0.67092
[Test AUPRC]  -  LA: 0.60936
[Test F1-max]  -  LA: 0.68519
Epoch: 7 | Loss: 4.525189399719238  | Negative Loss: 0.0
[Test ROC-AUC]  -  SA: 0.00000,  LA: 0.67092
[Test AUPRC]  -  LA: 0.60808
[Test F1-max]  -  LA: 0.69159
Epoch: 8 | Loss: 3.5390090942382812  | Negative Loss: 0.0
[Test ROC-AUC]  -  SA: 0.00000,  LA: 0.67755
[Test AUPRC]  -  LA: 0.61166
[Test F1-max]  -  LA: 0.69159
Epoch: 9 | Loss: 2.7339019775390625  | Negative Loss: 0.0
[Test ROC-AUC]  -  SA: 0.00000,  LA: 0.69592
[Test AUPRC]  -  LA: 0.63382
[Test F1-max]  -  LA: 0.68571
Epoch: 10 | Loss: 2.069211721420288  | Negative Loss: 0.0
[Test ROC-AUC]  -  SA: 0.00000,  LA: 0.71020
[Test AUPRC]  -  LA: 0.65635
[Test F1-max]  -  LA: 0.70707
Epoch: 11 | Loss: 1.5344141721725464  | Negative Loss: 0.0
[Test ROC-AUC]  -  SA: 0.00000,  LA: 0.71786
[Test AUPRC]  -  LA: 0.66294
[Test F1-max]  -  LA: 0.71429
Epoch: 12 | Loss: 1.1016026735305786  | Negative Loss: 0.0
[Test ROC-AUC]  -  SA: 0.00000,  LA: 0.71990
[Test AUPRC]  -  LA: 0.65382
[Test F1-max]  -  LA: 0.71429
Epoch: 13 | Loss: 0.7712827324867249  | Negative Loss: 0.0
[Test ROC-AUC]  -  SA: 0.00000,  LA: 0.72551
[Test AUPRC]  -  LA: 0.65884
[Test F1-max]  -  LA: 0.72000
Epoch: 14 | Loss: 0.5280386209487915  | Negative Loss: 0.0
[Test ROC-AUC]  -  SA: 0.00000,  LA: 0.73316
[Test AUPRC]  -  LA: 0.66454
[Test F1-max]  -  LA: 0.72000
Epoch: 15 | Loss: 0.3543514907360077  | Negative Loss: 0.0
[Test ROC-AUC]  -  SA: 0.00000,  LA: 0.73673
[Test AUPRC]  -  LA: 0.66017
[Test F1-max]  -  LA: 0.72000
Epoch: 16 | Loss: 0.2341766655445099  | Negative Loss: 0.0
[Test ROC-AUC]  -  SA: 0.00000,  LA: 0.74337
[Test AUPRC]  -  LA: 0.66681
[Test F1-max]  -  LA: 0.72549
Epoch: 17 | Loss: 0.15202268958091736  | Negative Loss: 0.0
[Test ROC-AUC]  -  SA: 0.00000,  LA: 0.74949
[Test AUPRC]  -  LA: 0.67456
[Test F1-max]  -  LA: 0.72549
Epoch: 18 | Loss: 0.09707563370466232  | Negative Loss: 0.0
[Test ROC-AUC]  -  SA: 0.00000,  LA: 0.75459
[Test AUPRC]  -  LA: 0.68005
[Test F1-max]  -  LA: 0.73267
Epoch: 19 | Loss: 0.0610969252884388  | Negative Loss: 0.0
[Test ROC-AUC]  -  SA: 0.00000,  LA: 0.75765
[Test AUPRC]  -  LA: 0.68316
[Test F1-max]  -  LA: 0.73786
Epoch: 20 | Loss: 0.03800707682967186  | Negative Loss: 0.0
[Test ROC-AUC]  -  SA: 0.00000,  LA: 0.75918
[Test AUPRC]  -  LA: 0.68389
[Test F1-max]  -  LA: 0.73786
Epoch: 21 | Loss: 0.023483624681830406  | Negative Loss: 0.0
[Test ROC-AUC]  -  SA: 0.00000,  LA: 0.76276
[Test AUPRC]  -  LA: 0.68759
[Test F1-max]  -  LA: 0.73267
Epoch: 22 | Loss: 0.01452978141605854  | Negative Loss: 0.0
[Test ROC-AUC]  -  SA: 0.00000,  LA: 0.76378
[Test AUPRC]  -  LA: 0.68810
[Test F1-max]  -  LA: 0.73267
Epoch: 23 | Loss: 0.009056701324880123  | Negative Loss: 0.0
[Test ROC-AUC]  -  SA: 0.00000,  LA: 0.76531
[Test AUPRC]  -  LA: 0.68847
[Test F1-max]  -  LA: 0.73786
Epoch: 24 | Loss: 0.005697567947208881  | Negative Loss: 0.0
[Test ROC-AUC]  -  SA: 0.00000,  LA: 0.76480
[Test AUPRC]  -  LA: 0.68695
[Test F1-max]  -  LA: 0.74000
Epoch: 25 | Loss: 0.003643438685685396  | Negative Loss: 0.0
[Test ROC-AUC]  -  SA: 0.00000,  LA: 0.76582
[Test AUPRC]  -  LA: 0.68770
[Test F1-max]  -  LA: 0.74000
Epoch: 26 | Loss: 0.0023643935564905405  | Negative Loss: 0.0
[Test ROC-AUC]  -  SA: 0.00000,  LA: 0.76531
[Test AUPRC]  -  LA: 0.68714
[Test F1-max]  -  LA: 0.74747
Epoch: 27 | Loss: 0.0015609358670189977  | Negative Loss: 0.0
[Test ROC-AUC]  -  SA: 0.00000,  LA: 0.76582
[Test AUPRC]  -  LA: 0.68709
[Test F1-max]  -  LA: 0.75510
Epoch: 28 | Loss: 0.0010493667796254158  | Negative Loss: 0.0
[Test ROC-AUC]  -  SA: 0.00000,  LA: 0.76531
[Test AUPRC]  -  LA: 0.68640
[Test F1-max]  -  LA: 0.75510
Epoch: 29 | Loss: 0.0007190595497377217  | Negative Loss: 0.0
[Test ROC-AUC]  -  SA: 0.00000,  LA: 0.76480
[Test AUPRC]  -  LA: 0.68651
[Test F1-max]  -  LA: 0.75510
Epoch: 30 | Loss: 0.0005025213467888534  | Negative Loss: 0.0
[Test ROC-AUC]  -  SA: 0.00000,  LA: 0.76429
[Test AUPRC]  -  LA: 0.67997
[Test F1-max]  -  LA: 0.75510
Epoch: 31 | Loss: 0.00035866693360731006  | Negative Loss: 0.0
[Test ROC-AUC]  -  SA: 0.00000,  LA: 0.76429
[Test AUPRC]  -  LA: 0.67963
[Test F1-max]  -  LA: 0.75510
Epoch: 32 | Loss: 0.00026093085762113333  | Negative Loss: 0.0
[Test ROC-AUC]  -  SA: 0.00000,  LA: 0.76531
[Test AUPRC]  -  LA: 0.68082
[Test F1-max]  -  LA: 0.75510
Epoch: 33 | Loss: 0.00019334723765496165  | Negative Loss: 0.0
[Test ROC-AUC]  -  SA: 0.00000,  LA: 0.76531
[Test AUPRC]  -  LA: 0.68082
[Test F1-max]  -  LA: 0.75510
Epoch: 34 | Loss: 0.0001462638465454802  | Negative Loss: 0.0
[Test ROC-AUC]  -  SA: 0.00000,  LA: 0.76633
[Test AUPRC]  -  LA: 0.68151
[Test F1-max]  -  LA: 0.75510
Epoch: 35 | Loss: 0.00011264919157838449  | Negative Loss: 0.0
[Test ROC-AUC]  -  SA: 0.00000,  LA: 0.76480
[Test AUPRC]  -  LA: 0.68032
[Test F1-max]  -  LA: 0.74747
Epoch: 36 | Loss: 8.821264782454818e-05  | Negative Loss: 0.0
[Test ROC-AUC]  -  SA: 0.00000,  LA: 0.76480
[Test AUPRC]  -  LA: 0.67714
[Test F1-max]  -  LA: 0.74747
Epoch: 37 | Loss: 7.021283818176016e-05  | Negative Loss: 0.0
[Test ROC-AUC]  -  SA: 0.00000,  LA: 0.76582
[Test AUPRC]  -  LA: 0.67762
[Test F1-max]  -  LA: 0.74747
Epoch: 38 | Loss: 5.6981094530783594e-05  | Negative Loss: 0.0
[Test ROC-AUC]  -  SA: 0.00000,  LA: 0.76684
[Test AUPRC]  -  LA: 0.67834
[Test F1-max]  -  LA: 0.75000
Epoch: 39 | Loss: 4.672939394367859e-05  | Negative Loss: 0.0
[Test ROC-AUC]  -  SA: 0.00000,  LA: 0.76582
[Test AUPRC]  -  LA: 0.67762
[Test F1-max]  -  LA: 0.75000
Epoch: 40 | Loss: 3.898098293575458e-05  | Negative Loss: 0.0
[Test ROC-AUC]  -  SA: 0.00000,  LA: 0.76531
[Test AUPRC]  -  LA: 0.67717
[Test F1-max]  -  LA: 0.75000
Epoch: 41 | Loss: 3.302064578747377e-05  | Negative Loss: 0.0
[Test ROC-AUC]  -  SA: 0.00000,  LA: 0.76582
[Test AUPRC]  -  LA: 0.67759
[Test F1-max]  -  LA: 0.75000
Epoch: 42 | Loss: 2.813315404637251e-05  | Negative Loss: 0.0
[Test ROC-AUC]  -  SA: 0.00000,  LA: 0.76531
[Test AUPRC]  -  LA: 0.67583
[Test F1-max]  -  LA: 0.75000
Epoch: 43 | Loss: 2.431851316941902e-05  | Negative Loss: 0.0
[Test ROC-AUC]  -  SA: 0.00000,  LA: 0.76556
[Test AUPRC]  -  LA: 0.67532
[Test F1-max]  -  LA: 0.75000
Epoch: 44 | Loss: 2.1338324586395174e-05  | Negative Loss: 0.0
[Test ROC-AUC]  -  SA: 0.00000,  LA: 0.76633
[Test AUPRC]  -  LA: 0.67527
[Test F1-max]  -  LA: 0.75000
Epoch: 45 | Loss: 1.8834960428648628e-05  | Negative Loss: 0.0
[Test ROC-AUC]  -  SA: 0.00000,  LA: 0.76633
[Test AUPRC]  -  LA: 0.67542
[Test F1-max]  -  LA: 0.75000
Epoch: 46 | Loss: 1.6808422515168786e-05  | Negative Loss: 0.0
[Test ROC-AUC]  -  SA: 0.00000,  LA: 0.76582
[Test AUPRC]  -  LA: 0.67483
[Test F1-max]  -  LA: 0.75000
Epoch: 47 | Loss: 1.5139510651351884e-05  | Negative Loss: 0.0
[Test ROC-AUC]  -  SA: 0.00000,  LA: 0.76582
[Test AUPRC]  -  LA: 0.67483
[Test F1-max]  -  LA: 0.75000
Epoch: 48 | Loss: 1.3947428669780493e-05  | Negative Loss: 0.0
[Test ROC-AUC]  -  SA: 0.00000,  LA: 0.76480
[Test AUPRC]  -  LA: 0.67259
[Test F1-max]  -  LA: 0.75000
Epoch: 49 | Loss: 1.2397717910062056e-05  | Negative Loss: 0.0
[Test ROC-AUC]  -  SA: 0.00000,  LA: 0.76480
[Test AUPRC]  -  LA: 0.67259
[Test F1-max]  -  LA: 0.75000
Epoch: 50 | Loss: 1.15632592496695e-05  | Negative Loss: 0.0
[Test ROC-AUC]  -  SA: 0.00000,  LA: 0.76480
[Test AUPRC]  -  LA: 0.67259
[Test F1-max]  -  LA: 0.75000
Epoch: 51 | Loss: 1.0728801498771645e-05  | Negative Loss: 0.0
[Test ROC-AUC]  -  SA: 0.00000,  LA: 0.76429
[Test AUPRC]  -  LA: 0.67237
[Test F1-max]  -  LA: 0.75000
Epoch: 52 | Loss: 1.0013549399445765e-05  | Negative Loss: 0.0
[Test ROC-AUC]  -  SA: 0.00000,  LA: 0.76378
[Test AUPRC]  -  LA: 0.67177
[Test F1-max]  -  LA: 0.75000
Epoch: 53 | Loss: 9.417506589670666e-06  | Negative Loss: 0.0
[Test ROC-AUC]  -  SA: 0.00000,  LA: 0.76378
[Test AUPRC]  -  LA: 0.67177
[Test F1-max]  -  LA: 0.75000
Epoch: 54 | Loss: 8.821463779895566e-06  | Negative Loss: 0.0
[Test ROC-AUC]  -  SA: 0.00000,  LA: 0.76429
[Test AUPRC]  -  LA: 0.67216
[Test F1-max]  -  LA: 0.75000
Epoch: 55 | Loss: 8.463837730232626e-06  | Negative Loss: 0.0
[Test ROC-AUC]  -  SA: 0.00000,  LA: 0.76378
[Test AUPRC]  -  LA: 0.67188
[Test F1-max]  -  LA: 0.74747
Epoch: 56 | Loss: 7.987002391018905e-06  | Negative Loss: 0.0
[Test ROC-AUC]  -  SA: 0.00000,  LA: 0.76327
[Test AUPRC]  -  LA: 0.67091
[Test F1-max]  -  LA: 0.74747
Epoch: 57 | Loss: 7.6293767961033154e-06  | Negative Loss: 0.0
[Test ROC-AUC]  -  SA: 0.00000,  LA: 0.76378
[Test AUPRC]  -  LA: 0.67219
[Test F1-max]  -  LA: 0.74747
Epoch: 58 | Loss: 7.390959581243806e-06  | Negative Loss: 0.0
[Test ROC-AUC]  -  SA: 0.00000,  LA: 0.76378
[Test AUPRC]  -  LA: 0.67187
[Test F1-max]  -  LA: 0.74747
Epoch: 59 | Loss: 7.0333330768335145e-06  | Negative Loss: 0.0
[Test ROC-AUC]  -  SA: 0.00000,  LA: 0.76378
[Test AUPRC]  -  LA: 0.67187
[Test F1-max]  -  LA: 0.74747
Epoch: 60 | Loss: 6.914124696777435e-06  | Negative Loss: 0.0
[Test ROC-AUC]  -  SA: 0.00000,  LA: 0.76276
[Test AUPRC]  -  LA: 0.67099
[Test F1-max]  -  LA: 0.74747
Epoch: 61 | Loss: 6.675707027170574e-06  | Negative Loss: 0.0
[Test ROC-AUC]  -  SA: 0.00000,  LA: 0.76276
[Test AUPRC]  -  LA: 0.67099
[Test F1-max]  -  LA: 0.74747
Epoch: 62 | Loss: 6.4372893575637136e-06  | Negative Loss: 0.0
[Test ROC-AUC]  -  SA: 0.00000,  LA: 0.76276
[Test AUPRC]  -  LA: 0.67099
[Test F1-max]  -  LA: 0.74747
Epoch: 63 | Loss: 6.318080522760283e-06  | Negative Loss: 0.0
[Test ROC-AUC]  -  SA: 0.00000,  LA: 0.76276
[Test AUPRC]  -  LA: 0.67099
[Test F1-max]  -  LA: 0.74747
Epoch: 64 | Loss: 6.198871687956853e-06  | Negative Loss: 0.0
[Test ROC-AUC]  -  SA: 0.00000,  LA: 0.76276
[Test AUPRC]  -  LA: 0.67099
[Test F1-max]  -  LA: 0.74747
Epoch: 65 | Loss: 5.960453563602641e-06  | Negative Loss: 0.0
[Test ROC-AUC]  -  SA: 0.00000,  LA: 0.76276
[Test AUPRC]  -  LA: 0.67099
[Test F1-max]  -  LA: 0.74747
Epoch: 66 | Loss: 5.841245183546562e-06  | Negative Loss: 0.0
[Test ROC-AUC]  -  SA: 0.00000,  LA: 0.76276
[Test AUPRC]  -  LA: 0.67099
[Test F1-max]  -  LA: 0.74747
Epoch: 67 | Loss: 5.722036348743131e-06  | Negative Loss: 0.0
[Test ROC-AUC]  -  SA: 0.00000,  LA: 0.76276
[Test AUPRC]  -  LA: 0.67099
[Test F1-max]  -  LA: 0.74747
Epoch: 68 | Loss: 5.602827513939701e-06  | Negative Loss: 0.0
[Test ROC-AUC]  -  SA: 0.00000,  LA: 0.76276
[Test AUPRC]  -  LA: 0.67099
[Test F1-max]  -  LA: 0.74747
Epoch: 69 | Loss: 5.48361822438892e-06  | Negative Loss: 0.0
[Test ROC-AUC]  -  SA: 0.00000,  LA: 0.76276
[Test AUPRC]  -  LA: 0.67099
[Test F1-max]  -  LA: 0.74747
Epoch: 70 | Loss: 5.36440984433284e-06  | Negative Loss: 0.0
[Test ROC-AUC]  -  SA: 0.00000,  LA: 0.76276
[Test AUPRC]  -  LA: 0.67099
[Test F1-max]  -  LA: 0.74747
Epoch: 71 | Loss: 5.36440984433284e-06  | Negative Loss: 0.0
[Test ROC-AUC]  -  SA: 0.00000,  LA: 0.76224
[Test AUPRC]  -  LA: 0.67037
[Test F1-max]  -  LA: 0.74747
Epoch: 72 | Loss: 5.245200554782059e-06  | Negative Loss: 0.0
[Test ROC-AUC]  -  SA: 0.00000,  LA: 0.76224
[Test AUPRC]  -  LA: 0.67037
[Test F1-max]  -  LA: 0.74747
Epoch: 73 | Loss: 5.245200554782059e-06  | Negative Loss: 0.0
[Test ROC-AUC]  -  SA: 0.00000,  LA: 0.76224
[Test AUPRC]  -  LA: 0.67037
[Test F1-max]  -  LA: 0.74747
Epoch: 74 | Loss: 5.006782885175198e-06  | Negative Loss: 0.0
[Test ROC-AUC]  -  SA: 0.00000,  LA: 0.76173
[Test AUPRC]  -  LA: 0.67017
[Test F1-max]  -  LA: 0.74747
Epoch: 75 | Loss: 5.006782885175198e-06  | Negative Loss: 0.0
[Test ROC-AUC]  -  SA: 0.00000,  LA: 0.76173
[Test AUPRC]  -  LA: 0.67017
[Test F1-max]  -  LA: 0.74747
Epoch: 76 | Loss: 4.887573595624417e-06  | Negative Loss: 0.0
[Test ROC-AUC]  -  SA: 0.00000,  LA: 0.76173
[Test AUPRC]  -  LA: 0.67017
[Test F1-max]  -  LA: 0.74747
Epoch: 77 | Loss: 4.887573595624417e-06  | Negative Loss: 0.0
[Test ROC-AUC]  -  SA: 0.00000,  LA: 0.76173
[Test AUPRC]  -  LA: 0.67017
[Test F1-max]  -  LA: 0.74747
Epoch: 78 | Loss: 4.887573595624417e-06  | Negative Loss: 0.0
[Test ROC-AUC]  -  SA: 0.00000,  LA: 0.76173
[Test AUPRC]  -  LA: 0.67017
[Test F1-max]  -  LA: 0.74747
Epoch: 79 | Loss: 4.768365215568338e-06  | Negative Loss: 0.0
[Test ROC-AUC]  -  SA: 0.00000,  LA: 0.76173
[Test AUPRC]  -  LA: 0.67017
[Test F1-max]  -  LA: 0.74747
Epoch: 80 | Loss: 4.768365215568338e-06  | Negative Loss: 0.0
[Test ROC-AUC]  -  SA: 0.00000,  LA: 0.76122
[Test AUPRC]  -  LA: 0.66988
[Test F1-max]  -  LA: 0.74747
Epoch: 81 | Loss: 4.768365215568338e-06  | Negative Loss: 0.0
[Test ROC-AUC]  -  SA: 0.00000,  LA: 0.76122
[Test AUPRC]  -  LA: 0.66988
[Test F1-max]  -  LA: 0.74747
Epoch: 82 | Loss: 4.649155926017556e-06  | Negative Loss: 0.0
[Test ROC-AUC]  -  SA: 0.00000,  LA: 0.76122
[Test AUPRC]  -  LA: 0.66988
[Test F1-max]  -  LA: 0.74747
Epoch: 83 | Loss: 4.649155926017556e-06  | Negative Loss: 0.0
[Test ROC-AUC]  -  SA: 0.00000,  LA: 0.76122
[Test AUPRC]  -  LA: 0.66988
[Test F1-max]  -  LA: 0.74747
Epoch: 84 | Loss: 4.649155926017556e-06  | Negative Loss: 0.0
[Test ROC-AUC]  -  SA: 0.00000,  LA: 0.76122
[Test AUPRC]  -  LA: 0.66988
[Test F1-max]  -  LA: 0.74747
Epoch: 85 | Loss: 4.649155926017556e-06  | Negative Loss: 0.0
[Test ROC-AUC]  -  SA: 0.00000,  LA: 0.76122
[Test AUPRC]  -  LA: 0.66988
[Test F1-max]  -  LA: 0.74747
Epoch: 86 | Loss: 4.410738256410696e-06  | Negative Loss: 0.0
[Test ROC-AUC]  -  SA: 0.00000,  LA: 0.76122
[Test AUPRC]  -  LA: 0.66988
[Test F1-max]  -  LA: 0.74747
Epoch: 87 | Loss: 4.410738256410696e-06  | Negative Loss: 0.0
[Test ROC-AUC]  -  SA: 0.00000,  LA: 0.76122
[Test AUPRC]  -  LA: 0.66988
[Test F1-max]  -  LA: 0.74747
Epoch: 88 | Loss: 4.410738256410696e-06  | Negative Loss: 0.0
[Test ROC-AUC]  -  SA: 0.00000,  LA: 0.76122
[Test AUPRC]  -  LA: 0.66988
[Test F1-max]  -  LA: 0.74747
Epoch: 89 | Loss: 4.410738256410696e-06  | Negative Loss: 0.0
[Test ROC-AUC]  -  SA: 0.00000,  LA: 0.76071
[Test AUPRC]  -  LA: 0.66947
[Test F1-max]  -  LA: 0.74747
Epoch: 90 | Loss: 4.410738256410696e-06  | Negative Loss: 0.0
[Test ROC-AUC]  -  SA: 0.00000,  LA: 0.76071
[Test AUPRC]  -  LA: 0.66947
[Test F1-max]  -  LA: 0.74747
Epoch: 91 | Loss: 4.291528966859914e-06  | Negative Loss: 0.0
[Test ROC-AUC]  -  SA: 0.00000,  LA: 0.76020
[Test AUPRC]  -  LA: 0.66892
[Test F1-max]  -  LA: 0.74747
Epoch: 92 | Loss: 4.291528966859914e-06  | Negative Loss: 0.0
[Test ROC-AUC]  -  SA: 0.00000,  LA: 0.76020
[Test AUPRC]  -  LA: 0.66892
[Test F1-max]  -  LA: 0.74747
Epoch: 93 | Loss: 4.291528966859914e-06  | Negative Loss: 0.0
[Test ROC-AUC]  -  SA: 0.00000,  LA: 0.76020
[Test AUPRC]  -  LA: 0.66892
[Test F1-max]  -  LA: 0.74747
Epoch: 94 | Loss: 4.291528966859914e-06  | Negative Loss: 0.0
[Test ROC-AUC]  -  SA: 0.00000,  LA: 0.76020
[Test AUPRC]  -  LA: 0.66892
[Test F1-max]  -  LA: 0.74747
Epoch: 95 | Loss: 4.291528966859914e-06  | Negative Loss: 0.0
[Test ROC-AUC]  -  SA: 0.00000,  LA: 0.76020
[Test AUPRC]  -  LA: 0.66892
[Test F1-max]  -  LA: 0.74747
Epoch: 96 | Loss: 4.172320132056484e-06  | Negative Loss: 0.0
[Test ROC-AUC]  -  SA: 0.00000,  LA: 0.76020
[Test AUPRC]  -  LA: 0.66892
[Test F1-max]  -  LA: 0.74747
Epoch: 97 | Loss: 4.172320132056484e-06  | Negative Loss: 0.0
[Test ROC-AUC]  -  SA: 0.00000,  LA: 0.76020
[Test AUPRC]  -  LA: 0.66892
[Test F1-max]  -  LA: 0.74747
Epoch: 98 | Loss: 4.172320132056484e-06  | Negative Loss: 0.0
[Test ROC-AUC]  -  SA: 0.00000,  LA: 0.75969
[Test AUPRC]  -  LA: 0.66866
[Test F1-max]  -  LA: 0.74000
Epoch: 99 | Loss: 4.053110842505703e-06  | Negative Loss: 0.0
Time consumption: 111.81113529205322
Best LA AUC: 0.7668367346938775
Best LA AUPC: 0.6884725144394643
Best LA F1-max: 0.7551020408163266
[Result] Experiment result appended to ./results/train_hybrid_result.csv

[END] 2026-03-19 10:37:53
[RETURN CODE] 0
