[START] 2026-03-19 10:30:53
[GPU] 1
[TASK] 78/160
[NAME] blue_splicing_winclip
[REPEAT] 8/10
[COMMAND] python train_hybrid.py --data_name blue_splicing --mask True --text True --double_encoder True --few_shot True --shot 5 --hybrid_model winclip --hybrid_weight 0.3 --hybrid_batch_size 16 --epoch 100 --log True --lr 5e-4 --detection True --preprocess True

/home/seungeon/miniconda3/envs/LAB/lib/python3.10/site-packages/timm/models/layers/__init__.py:48: FutureWarning: Importing from timm.models.layers is deprecated, please import via timm.layers
  warnings.warn(f"Importing from {__name__} is deprecated, please import via timm.layers", FutureWarning)
/home/seungeon/Workspace/side/vlm/train_hybrid.py:18: DeprecationWarning: The distutils package is deprecated and slated for removal in Python 3.12. Use setuptools or check PEP 632 for potential alternatives
  from distutils.util import strtobool
Torch version: 2.9.1+cu128
cuda is loaded for process
here?
In my local computer
Namespace(epoch=100, gpu_number='0', data_name='blue_splicing', lr=0.0005, batch_size=6, shuffle=True, seed=0, tag='default', model_name='ViT-B-32', pretrained_name='laion2b_s34b_b79k', lora=1, default=False, foundation='CLIP', detection=1, preprocess=1, num_rule=0, object_names=['a photo of orange connector', 'a photo of blue cable', 'a photo of yellow cable', 'a photo of red cable', 'a photo of metal panel'], objects_for_rules=[['a photo of orange connector'], ['a photo of orange connector'], ['a photo of blue cable'], ['a photo of blue cable'], ['a photo of orange connector'], ['a photo of orange connector', 'a photo of blue cable']], texts_for_rules=[['a photo of orange connector'], ['a photo of orange connector'], ['a photo of cable'], ['a photo of yellow cable'], ['a photo of blue cable'], ['a photo of orange connector and blue cable']], mask=1, text=1, score='mean', ciriculam_learning=False, few_shot=1, shot=5, log=1, neg_loss=0, double_encoder=1, pretrained_count_path=None, ris=0, rule_select='', rule_list=[], num_negative=5, hybrid_model='winclip', hybrid_weight=0.3, hybrid_class_name='', hybrid_batch_size=16, hybrid_backbone='ViT-B-16-plus-240', hybrid_pretrained_dataset='laion400m_e32', hybrid_scales=[2, 3], hybrid_img_resize=240, hybrid_img_cropsize=240, hybrid_resolution=400, hybrid_promptad_epoch=100, hybrid_promptad_lr=0.002, hybrid_promptad_momentum=0.9, hybrid_promptad_weight_decay=0.0005, hybrid_promptad_eta_min=1e-05, hybrid_promptad_lambda1=0.001, hybrid_promptad_n_ctx=4, hybrid_promptad_n_pro=3, hybrid_promptad_n_ctx_ab=1, hybrid_promptad_n_pro_ab=4, early_stop_k=10, result_log_path='./results/train_hybrid_result.csv')
[Hybrid] method=winclip, class_name=splicing_connectors, train=5, eval=70, base_path=/data3/seungeon/data/image/mvtec_loco_anomaly_detection/blue_splicing
grid 240 16 (15, 15)
[Hybrid-only] LA_AUC=0.66417, LA_AUPRC=0.71081, LA_F1=0.76768
[Data Description]
- Train: 5
- Test: 70

Train Start
[Test ROC-AUC]  -  SA: 0.00000,  LA: 0.65083
[Test AUPRC]  -  LA: 0.69682
[Test F1-max]  -  LA: 0.77228
Epoch: 0 | Loss: 8.164677619934082  | Negative Loss: 0.0
[Test ROC-AUC]  -  SA: 0.00000,  LA: 0.65000
[Test AUPRC]  -  LA: 0.68993
[Test F1-max]  -  LA: 0.77228
Epoch: 1 | Loss: 8.107539176940918  | Negative Loss: 0.0
[Test ROC-AUC]  -  SA: 0.00000,  LA: 0.66250
[Test AUPRC]  -  LA: 0.71066
[Test F1-max]  -  LA: 0.78000
Epoch: 2 | Loss: 7.510551929473877  | Negative Loss: 0.0
[Test ROC-AUC]  -  SA: 0.00000,  LA: 0.70167
[Test AUPRC]  -  LA: 0.75466
[Test F1-max]  -  LA: 0.77551
Epoch: 3 | Loss: 6.53322696685791  | Negative Loss: 0.0
[Test ROC-AUC]  -  SA: 0.00000,  LA: 0.72833
[Test AUPRC]  -  LA: 0.78998
[Test F1-max]  -  LA: 0.77895
Epoch: 4 | Loss: 5.333922863006592  | Negative Loss: 0.0
[Test ROC-AUC]  -  SA: 0.00000,  LA: 0.75500
[Test AUPRC]  -  LA: 0.80618
[Test F1-max]  -  LA: 0.78351
Epoch: 5 | Loss: 4.142220497131348  | Negative Loss: 0.0
[Test ROC-AUC]  -  SA: 0.00000,  LA: 0.77000
[Test AUPRC]  -  LA: 0.80246
[Test F1-max]  -  LA: 0.78788
Epoch: 6 | Loss: 3.1482303142547607  | Negative Loss: 0.0
[Test ROC-AUC]  -  SA: 0.00000,  LA: 0.77333
[Test AUPRC]  -  LA: 0.79100
[Test F1-max]  -  LA: 0.79592
Epoch: 7 | Loss: 2.3641738891601562  | Negative Loss: 0.0
[Test ROC-AUC]  -  SA: 0.00000,  LA: 0.78167
[Test AUPRC]  -  LA: 0.78277
[Test F1-max]  -  LA: 0.79208
Epoch: 8 | Loss: 1.7589623928070068  | Negative Loss: 0.0
[Test ROC-AUC]  -  SA: 0.00000,  LA: 0.77583
[Test AUPRC]  -  LA: 0.77977
[Test F1-max]  -  LA: 0.79208
Epoch: 9 | Loss: 1.2841951847076416  | Negative Loss: 0.0
[Test ROC-AUC]  -  SA: 0.00000,  LA: 0.78167
[Test AUPRC]  -  LA: 0.76445
[Test F1-max]  -  LA: 0.79518
Epoch: 10 | Loss: 0.9141871929168701  | Negative Loss: 0.0
[Test ROC-AUC]  -  SA: 0.00000,  LA: 0.78000
[Test AUPRC]  -  LA: 0.76831
[Test F1-max]  -  LA: 0.80000
Epoch: 11 | Loss: 0.6277428269386292  | Negative Loss: 0.0
[Test ROC-AUC]  -  SA: 0.00000,  LA: 0.77583
[Test AUPRC]  -  LA: 0.78195
[Test F1-max]  -  LA: 0.80000
Epoch: 12 | Loss: 0.414762020111084  | Negative Loss: 0.0
[Test ROC-AUC]  -  SA: 0.00000,  LA: 0.77250
[Test AUPRC]  -  LA: 0.77666
[Test F1-max]  -  LA: 0.80460
Epoch: 13 | Loss: 0.26308900117874146  | Negative Loss: 0.0
[Test ROC-AUC]  -  SA: 0.00000,  LA: 0.76250
[Test AUPRC]  -  LA: 0.76347
[Test F1-max]  -  LA: 0.80851
Epoch: 14 | Loss: 0.16112306714057922  | Negative Loss: 0.0
[Test ROC-AUC]  -  SA: 0.00000,  LA: 0.76167
[Test AUPRC]  -  LA: 0.76076
[Test F1-max]  -  LA: 0.81720
Epoch: 15 | Loss: 0.09603282809257507  | Negative Loss: 0.0
[Test ROC-AUC]  -  SA: 0.00000,  LA: 0.76583
[Test AUPRC]  -  LA: 0.78146
[Test F1-max]  -  LA: 0.81319
Epoch: 16 | Loss: 0.056208983063697815  | Negative Loss: 0.0
[Test ROC-AUC]  -  SA: 0.00000,  LA: 0.75167
[Test AUPRC]  -  LA: 0.77906
[Test F1-max]  -  LA: 0.80851
Epoch: 17 | Loss: 0.032571762800216675  | Negative Loss: 0.0
[Test ROC-AUC]  -  SA: 0.00000,  LA: 0.74917
[Test AUPRC]  -  LA: 0.77439
[Test F1-max]  -  LA: 0.80851
Epoch: 18 | Loss: 0.018800916150212288  | Negative Loss: 0.0
[Test ROC-AUC]  -  SA: 0.00000,  LA: 0.74333
[Test AUPRC]  -  LA: 0.77008
[Test F1-max]  -  LA: 0.81250
Epoch: 19 | Loss: 0.010862916707992554  | Negative Loss: 0.0
[Test ROC-AUC]  -  SA: 0.00000,  LA: 0.73333
[Test AUPRC]  -  LA: 0.75790
[Test F1-max]  -  LA: 0.80851
Epoch: 20 | Loss: 0.006309221498668194  | Negative Loss: 0.0
[Test ROC-AUC]  -  SA: 0.00000,  LA: 0.72750
[Test AUPRC]  -  LA: 0.75605
[Test F1-max]  -  LA: 0.80851
Epoch: 21 | Loss: 0.0036980819422751665  | Negative Loss: 0.0
[Test ROC-AUC]  -  SA: 0.00000,  LA: 0.72167
[Test AUPRC]  -  LA: 0.74103
[Test F1-max]  -  LA: 0.80000
Epoch: 22 | Loss: 0.002193862572312355  | Negative Loss: 0.0
[Test ROC-AUC]  -  SA: 0.00000,  LA: 0.72083
[Test AUPRC]  -  LA: 0.74309
[Test F1-max]  -  LA: 0.80000
Epoch: 23 | Loss: 0.0013197934022173285  | Negative Loss: 0.0
[Test ROC-AUC]  -  SA: 0.00000,  LA: 0.71750
[Test AUPRC]  -  LA: 0.73769
[Test F1-max]  -  LA: 0.80000
Epoch: 24 | Loss: 0.0008082091808319092  | Negative Loss: 0.0
[Test ROC-AUC]  -  SA: 0.00000,  LA: 0.71583
[Test AUPRC]  -  LA: 0.73901
[Test F1-max]  -  LA: 0.80000
Epoch: 25 | Loss: 0.000504401046782732  | Negative Loss: 0.0
[Test ROC-AUC]  -  SA: 0.00000,  LA: 0.71667
[Test AUPRC]  -  LA: 0.74073
[Test F1-max]  -  LA: 0.80000
Epoch: 26 | Loss: 0.00032076379284262657  | Negative Loss: 0.0
[Test ROC-AUC]  -  SA: 0.00000,  LA: 0.71667
[Test AUPRC]  -  LA: 0.73799
[Test F1-max]  -  LA: 0.80000
Epoch: 27 | Loss: 0.00020824643434025347  | Negative Loss: 0.0
[Test ROC-AUC]  -  SA: 0.00000,  LA: 0.71250
[Test AUPRC]  -  LA: 0.73427
[Test F1-max]  -  LA: 0.80000
Epoch: 28 | Loss: 0.0001379197055939585  | Negative Loss: 0.0
[Test ROC-AUC]  -  SA: 0.00000,  LA: 0.70833
[Test AUPRC]  -  LA: 0.73191
[Test F1-max]  -  LA: 0.79208
Epoch: 29 | Loss: 9.331450564786792e-05  | Negative Loss: 0.0
[Test ROC-AUC]  -  SA: 0.00000,  LA: 0.70750
[Test AUPRC]  -  LA: 0.73189
[Test F1-max]  -  LA: 0.79208
Epoch: 30 | Loss: 6.441948062274605e-05  | Negative Loss: 0.0
[Test ROC-AUC]  -  SA: 0.00000,  LA: 0.70500
[Test AUPRC]  -  LA: 0.73045
[Test F1-max]  -  LA: 0.79167
Epoch: 31 | Loss: 4.5489643525797874e-05  | Negative Loss: 0.0
[Test ROC-AUC]  -  SA: 0.00000,  LA: 0.70667
[Test AUPRC]  -  LA: 0.73366
[Test F1-max]  -  LA: 0.79167
Epoch: 32 | Loss: 3.278223084635101e-05  | Negative Loss: 0.0
[Test ROC-AUC]  -  SA: 0.00000,  LA: 0.70750
[Test AUPRC]  -  LA: 0.73513
[Test F1-max]  -  LA: 0.79167
Epoch: 33 | Loss: 2.4127781216520816e-05  | Negative Loss: 0.0
[Test ROC-AUC]  -  SA: 0.00000,  LA: 0.70583
[Test AUPRC]  -  LA: 0.73308
[Test F1-max]  -  LA: 0.79167
Epoch: 34 | Loss: 1.8167394955526106e-05  | Negative Loss: 0.0
[Test ROC-AUC]  -  SA: 0.00000,  LA: 0.70667
[Test AUPRC]  -  LA: 0.73285
[Test F1-max]  -  LA: 0.79592
Epoch: 35 | Loss: 1.3971267435408663e-05  | Negative Loss: 0.0
[Test ROC-AUC]  -  SA: 0.00000,  LA: 0.70667
[Test AUPRC]  -  LA: 0.73295
[Test F1-max]  -  LA: 0.79592
Epoch: 36 | Loss: 1.0871849553950597e-05  | Negative Loss: 0.0
[Test ROC-AUC]  -  SA: 0.00000,  LA: 0.70500
[Test AUPRC]  -  LA: 0.73149
[Test F1-max]  -  LA: 0.79592
Epoch: 37 | Loss: 8.630729098513257e-06  | Negative Loss: 0.0
[Test ROC-AUC]  -  SA: 0.00000,  LA: 0.70500
[Test AUPRC]  -  LA: 0.73160
[Test F1-max]  -  LA: 0.79592
Epoch: 38 | Loss: 6.937964826647658e-06  | Negative Loss: 0.0
[Test ROC-AUC]  -  SA: 0.00000,  LA: 0.70500
[Test AUPRC]  -  LA: 0.73160
[Test F1-max]  -  LA: 0.79592
Epoch: 39 | Loss: 5.698193945136154e-06  | Negative Loss: 0.0
[Test ROC-AUC]  -  SA: 0.00000,  LA: 0.70417
[Test AUPRC]  -  LA: 0.73122
[Test F1-max]  -  LA: 0.79592
Epoch: 40 | Loss: 4.7445219024666585e-06  | Negative Loss: 0.0
[Test ROC-AUC]  -  SA: 0.00000,  LA: 0.70333
[Test AUPRC]  -  LA: 0.73000
[Test F1-max]  -  LA: 0.79592
Epoch: 41 | Loss: 4.00542694478645e-06  | Negative Loss: 0.0
[Test ROC-AUC]  -  SA: 0.00000,  LA: 0.70333
[Test AUPRC]  -  LA: 0.73000
[Test F1-max]  -  LA: 0.79592
Epoch: 42 | Loss: 3.4332238101342227e-06  | Negative Loss: 0.0
[Test ROC-AUC]  -  SA: 0.00000,  LA: 0.70333
[Test AUPRC]  -  LA: 0.73000
[Test F1-max]  -  LA: 0.79592
Epoch: 43 | Loss: 3.0040710043977015e-06  | Negative Loss: 0.0
[Test ROC-AUC]  -  SA: 0.00000,  LA: 0.70333
[Test AUPRC]  -  LA: 0.73000
[Test F1-max]  -  LA: 0.79592
Epoch: 44 | Loss: 2.5510764771752292e-06  | Negative Loss: 0.0
[Test ROC-AUC]  -  SA: 0.00000,  LA: 0.70417
[Test AUPRC]  -  LA: 0.73056
[Test F1-max]  -  LA: 0.79592
Epoch: 45 | Loss: 2.3126583528210176e-06  | Negative Loss: 0.0
[Test ROC-AUC]  -  SA: 0.00000,  LA: 0.70333
[Test AUPRC]  -  LA: 0.72909
[Test F1-max]  -  LA: 0.79592
Epoch: 46 | Loss: 2.0503982796071796e-06  | Negative Loss: 0.0
[Test ROC-AUC]  -  SA: 0.00000,  LA: 0.70333
[Test AUPRC]  -  LA: 0.72909
[Test F1-max]  -  LA: 0.79592
Epoch: 47 | Loss: 1.835821876738919e-06  | Negative Loss: 0.0
[Test ROC-AUC]  -  SA: 0.00000,  LA: 0.70333
[Test AUPRC]  -  LA: 0.72909
[Test F1-max]  -  LA: 0.79592
Epoch: 48 | Loss: 1.7166128145618131e-06  | Negative Loss: 0.0
[Test ROC-AUC]  -  SA: 0.00000,  LA: 0.70333
[Test AUPRC]  -  LA: 0.72909
[Test F1-max]  -  LA: 0.79592
Epoch: 49 | Loss: 1.5974037523847073e-06  | Negative Loss: 0.0
[Test ROC-AUC]  -  SA: 0.00000,  LA: 0.70333
[Test AUPRC]  -  LA: 0.72909
[Test F1-max]  -  LA: 0.79592
Epoch: 50 | Loss: 1.430510678801511e-06  | Negative Loss: 0.0
[Test ROC-AUC]  -  SA: 0.00000,  LA: 0.70250
[Test AUPRC]  -  LA: 0.72818
[Test F1-max]  -  LA: 0.79592
Epoch: 51 | Loss: 1.3113016166244051e-06  | Negative Loss: 0.0
[Test ROC-AUC]  -  SA: 0.00000,  LA: 0.70250
[Test AUPRC]  -  LA: 0.72818
[Test F1-max]  -  LA: 0.79592
Epoch: 52 | Loss: 1.26361783259199e-06  | Negative Loss: 0.0
[Test ROC-AUC]  -  SA: 0.00000,  LA: 0.70250
[Test AUPRC]  -  LA: 0.72818
[Test F1-max]  -  LA: 0.79592
Epoch: 53 | Loss: 1.1920924407604616e-06  | Negative Loss: 0.0
[Test ROC-AUC]  -  SA: 0.00000,  LA: 0.70250
[Test AUPRC]  -  LA: 0.72818
[Test F1-max]  -  LA: 0.79592
Epoch: 54 | Loss: 1.0967251000693068e-06  | Negative Loss: 0.0
[Test ROC-AUC]  -  SA: 0.00000,  LA: 0.70250
[Test AUPRC]  -  LA: 0.72818
[Test F1-max]  -  LA: 0.79592
Epoch: 55 | Loss: 1.0490413160368917e-06  | Negative Loss: 0.0
[Test ROC-AUC]  -  SA: 0.00000,  LA: 0.70417
[Test AUPRC]  -  LA: 0.73031
[Test F1-max]  -  LA: 0.79592
Epoch: 56 | Loss: 1.025199480864103e-06  | Negative Loss: 0.0
[Test ROC-AUC]  -  SA: 0.00000,  LA: 0.70417
[Test AUPRC]  -  LA: 0.73031
[Test F1-max]  -  LA: 0.79592
Epoch: 57 | Loss: 9.536739753457368e-07  | Negative Loss: 0.0
[Test ROC-AUC]  -  SA: 0.00000,  LA: 0.70417
[Test AUPRC]  -  LA: 0.73031
[Test F1-max]  -  LA: 0.79592
Epoch: 58 | Loss: 8.583066914980009e-07  | Negative Loss: 0.0
[Test ROC-AUC]  -  SA: 0.00000,  LA: 0.70333
[Test AUPRC]  -  LA: 0.72975
[Test F1-max]  -  LA: 0.79592
Epoch: 59 | Loss: 8.58306634654582e-07  | Negative Loss: 0.0
[Test ROC-AUC]  -  SA: 0.00000,  LA: 0.70333
[Test AUPRC]  -  LA: 0.72975
[Test F1-max]  -  LA: 0.79592
Epoch: 60 | Loss: 8.58306634654582e-07  | Negative Loss: 0.0
[Test ROC-AUC]  -  SA: 0.00000,  LA: 0.70333
[Test AUPRC]  -  LA: 0.72975
[Test F1-max]  -  LA: 0.79592
Epoch: 61 | Loss: 8.344647994817933e-07  | Negative Loss: 0.0
[Test ROC-AUC]  -  SA: 0.00000,  LA: 0.70333
[Test AUPRC]  -  LA: 0.72975
[Test F1-max]  -  LA: 0.79592
Epoch: 62 | Loss: 7.629392371200083e-07  | Negative Loss: 0.0
[Test ROC-AUC]  -  SA: 0.00000,  LA: 0.70333
[Test AUPRC]  -  LA: 0.72975
[Test F1-max]  -  LA: 0.79592
Epoch: 63 | Loss: 7.629392371200083e-07  | Negative Loss: 0.0
[Test ROC-AUC]  -  SA: 0.00000,  LA: 0.70333
[Test AUPRC]  -  LA: 0.72975
[Test F1-max]  -  LA: 0.79592
Epoch: 64 | Loss: 7.390974019472196e-07  | Negative Loss: 0.0
[Test ROC-AUC]  -  SA: 0.00000,  LA: 0.70333
[Test AUPRC]  -  LA: 0.72975
[Test F1-max]  -  LA: 0.79592
Epoch: 65 | Loss: 7.390974019472196e-07  | Negative Loss: 0.0
[Test ROC-AUC]  -  SA: 0.00000,  LA: 0.70333
[Test AUPRC]  -  LA: 0.72975
[Test F1-max]  -  LA: 0.79592
Epoch: 66 | Loss: 6.914137316016422e-07  | Negative Loss: 0.0
[Test ROC-AUC]  -  SA: 0.00000,  LA: 0.70333
[Test AUPRC]  -  LA: 0.72975
[Test F1-max]  -  LA: 0.79592
Epoch: 67 | Loss: 6.914136747582234e-07  | Negative Loss: 0.0
[Test ROC-AUC]  -  SA: 0.00000,  LA: 0.70333
[Test AUPRC]  -  LA: 0.72975
[Test F1-max]  -  LA: 0.79592
Epoch: 68 | Loss: 6.914137316016422e-07  | Negative Loss: 0.0
[Test ROC-AUC]  -  SA: 0.00000,  LA: 0.70333
[Test AUPRC]  -  LA: 0.72975
[Test F1-max]  -  LA: 0.79592
Epoch: 69 | Loss: 6.675718395854346e-07  | Negative Loss: 0.0
[Test ROC-AUC]  -  SA: 0.00000,  LA: 0.70333
[Test AUPRC]  -  LA: 0.72975
[Test F1-max]  -  LA: 0.79592
Epoch: 70 | Loss: 6.675718395854346e-07  | Negative Loss: 0.0
[Test ROC-AUC]  -  SA: 0.00000,  LA: 0.70333
[Test AUPRC]  -  LA: 0.72975
[Test F1-max]  -  LA: 0.79592
Epoch: 71 | Loss: 6.675718395854346e-07  | Negative Loss: 0.0
[Test ROC-AUC]  -  SA: 0.00000,  LA: 0.70333
[Test AUPRC]  -  LA: 0.72975
[Test F1-max]  -  LA: 0.79592
Epoch: 72 | Loss: 6.675718395854346e-07  | Negative Loss: 0.0
[Test ROC-AUC]  -  SA: 0.00000,  LA: 0.70333
[Test AUPRC]  -  LA: 0.72975
[Test F1-max]  -  LA: 0.79592
Epoch: 73 | Loss: 6.675718395854346e-07  | Negative Loss: 0.0
[Test ROC-AUC]  -  SA: 0.00000,  LA: 0.70333
[Test AUPRC]  -  LA: 0.72975
[Test F1-max]  -  LA: 0.79592
Epoch: 74 | Loss: 6.675718395854346e-07  | Negative Loss: 0.0
[Test ROC-AUC]  -  SA: 0.00000,  LA: 0.70333
[Test AUPRC]  -  LA: 0.72975
[Test F1-max]  -  LA: 0.79592
Epoch: 75 | Loss: 6.675718395854346e-07  | Negative Loss: 0.0
[Test ROC-AUC]  -  SA: 0.00000,  LA: 0.70333
[Test AUPRC]  -  LA: 0.72975
[Test F1-max]  -  LA: 0.79592
Epoch: 76 | Loss: 6.437300612560648e-07  | Negative Loss: 0.0
[Test ROC-AUC]  -  SA: 0.00000,  LA: 0.70333
[Test AUPRC]  -  LA: 0.72975
[Test F1-max]  -  LA: 0.79592
Epoch: 77 | Loss: 6.437300044126459e-07  | Negative Loss: 0.0
[Test ROC-AUC]  -  SA: 0.00000,  LA: 0.70333
[Test AUPRC]  -  LA: 0.72975
[Test F1-max]  -  LA: 0.79592
Epoch: 78 | Loss: 6.198882260832761e-07  | Negative Loss: 0.0
[Test ROC-AUC]  -  SA: 0.00000,  LA: 0.70333
[Test AUPRC]  -  LA: 0.72975
[Test F1-max]  -  LA: 0.79592
Epoch: 79 | Loss: 6.198882260832761e-07  | Negative Loss: 0.0
[Test ROC-AUC]  -  SA: 0.00000,  LA: 0.70333
[Test AUPRC]  -  LA: 0.72975
[Test F1-max]  -  LA: 0.79592
Epoch: 80 | Loss: 6.198881692398572e-07  | Negative Loss: 0.0
[Test ROC-AUC]  -  SA: 0.00000,  LA: 0.70333
[Test AUPRC]  -  LA: 0.72975
[Test F1-max]  -  LA: 0.79592
Epoch: 81 | Loss: 6.198882260832761e-07  | Negative Loss: 0.0
[Test ROC-AUC]  -  SA: 0.00000,  LA: 0.70333
[Test AUPRC]  -  LA: 0.72975
[Test F1-max]  -  LA: 0.79592
Epoch: 82 | Loss: 5.960463340670685e-07  | Negative Loss: 0.0
[Test ROC-AUC]  -  SA: 0.00000,  LA: 0.70333
[Test AUPRC]  -  LA: 0.72975
[Test F1-max]  -  LA: 0.79592
Epoch: 83 | Loss: 5.960463340670685e-07  | Negative Loss: 0.0
[Test ROC-AUC]  -  SA: 0.00000,  LA: 0.70333
[Test AUPRC]  -  LA: 0.72975
[Test F1-max]  -  LA: 0.79592
Epoch: 84 | Loss: 5.960463340670685e-07  | Negative Loss: 0.0
[Test ROC-AUC]  -  SA: 0.00000,  LA: 0.70333
[Test AUPRC]  -  LA: 0.72975
[Test F1-max]  -  LA: 0.79592
Epoch: 85 | Loss: 5.960463340670685e-07  | Negative Loss: 0.0
[Test ROC-AUC]  -  SA: 0.00000,  LA: 0.70333
[Test AUPRC]  -  LA: 0.72975
[Test F1-max]  -  LA: 0.79592
Epoch: 86 | Loss: 5.960463340670685e-07  | Negative Loss: 0.0
[Test ROC-AUC]  -  SA: 0.00000,  LA: 0.70333
[Test AUPRC]  -  LA: 0.72975
[Test F1-max]  -  LA: 0.79592
Epoch: 87 | Loss: 5.960463340670685e-07  | Negative Loss: 0.0
[Test ROC-AUC]  -  SA: 0.00000,  LA: 0.70333
[Test AUPRC]  -  LA: 0.72975
[Test F1-max]  -  LA: 0.79592
Epoch: 88 | Loss: 5.722044988942798e-07  | Negative Loss: 0.0
[Test ROC-AUC]  -  SA: 0.00000,  LA: 0.70333
[Test AUPRC]  -  LA: 0.72975
[Test F1-max]  -  LA: 0.79592
Epoch: 89 | Loss: 5.483626637214911e-07  | Negative Loss: 0.0
[Test ROC-AUC]  -  SA: 0.00000,  LA: 0.70250
[Test AUPRC]  -  LA: 0.72950
[Test F1-max]  -  LA: 0.79592
Epoch: 90 | Loss: 5.483626637214911e-07  | Negative Loss: 0.0
[Test ROC-AUC]  -  SA: 0.00000,  LA: 0.70250
[Test AUPRC]  -  LA: 0.72950
[Test F1-max]  -  LA: 0.79592
Epoch: 91 | Loss: 5.483626637214911e-07  | Negative Loss: 0.0
[Test ROC-AUC]  -  SA: 0.00000,  LA: 0.70250
[Test AUPRC]  -  LA: 0.72950
[Test F1-max]  -  LA: 0.79592
Epoch: 92 | Loss: 5.483626637214911e-07  | Negative Loss: 0.0
[Test ROC-AUC]  -  SA: 0.00000,  LA: 0.70250
[Test AUPRC]  -  LA: 0.72950
[Test F1-max]  -  LA: 0.79592
Epoch: 93 | Loss: 5.483626637214911e-07  | Negative Loss: 0.0
[Test ROC-AUC]  -  SA: 0.00000,  LA: 0.70167
[Test AUPRC]  -  LA: 0.72827
[Test F1-max]  -  LA: 0.79592
Epoch: 94 | Loss: 5.483626637214911e-07  | Negative Loss: 0.0
[Test ROC-AUC]  -  SA: 0.00000,  LA: 0.70167
[Test AUPRC]  -  LA: 0.72827
[Test F1-max]  -  LA: 0.79592
Epoch: 95 | Loss: 5.245207717052836e-07  | Negative Loss: 0.0
[Test ROC-AUC]  -  SA: 0.00000,  LA: 0.70167
[Test AUPRC]  -  LA: 0.72827
[Test F1-max]  -  LA: 0.79592
Epoch: 96 | Loss: 5.245207717052836e-07  | Negative Loss: 0.0
[Test ROC-AUC]  -  SA: 0.00000,  LA: 0.70167
[Test AUPRC]  -  LA: 0.72827
[Test F1-max]  -  LA: 0.79592
Epoch: 97 | Loss: 5.245207717052836e-07  | Negative Loss: 0.0
[Test ROC-AUC]  -  SA: 0.00000,  LA: 0.70250
[Test AUPRC]  -  LA: 0.72950
[Test F1-max]  -  LA: 0.79592
Epoch: 98 | Loss: 5.245207717052836e-07  | Negative Loss: 0.0
[Test ROC-AUC]  -  SA: 0.00000,  LA: 0.70250
[Test AUPRC]  -  LA: 0.72950
[Test F1-max]  -  LA: 0.79592
Epoch: 99 | Loss: 5.245207717052836e-07  | Negative Loss: 0.0
Time consumption: 101.81016826629639
Best LA AUC: 0.7816666666666667
Best LA AUPC: 0.8061763666623768
Best LA F1-max: 0.8172043010752688
[Result] Experiment result appended to ./results/train_hybrid_result.csv

[END] 2026-03-19 10:34:32
[RETURN CODE] 0
