[START] 2026-03-19 10:37:53
[GPU] 1
[TASK] 86/160
[NAME] red_splicing_promptad
[REPEAT] 6/10
[COMMAND] python train_hybrid.py --data_name red_splicing --mask True --text True --double_encoder True --few_shot True --shot 1 --hybrid_model promptad --hybrid_weight 0.3 --hybrid_batch_size 16 --epoch 100 --log True --lr 5e-4 --detection True --preprocess True

/home/seungeon/miniconda3/envs/LAB/lib/python3.10/site-packages/timm/models/layers/__init__.py:48: FutureWarning: Importing from timm.models.layers is deprecated, please import via timm.layers
  warnings.warn(f"Importing from {__name__} is deprecated, please import via timm.layers", FutureWarning)
/home/seungeon/Workspace/side/vlm/train_hybrid.py:18: DeprecationWarning: The distutils package is deprecated and slated for removal in Python 3.12. Use setuptools or check PEP 632 for potential alternatives
  from distutils.util import strtobool
Torch version: 2.9.1+cu128
cuda is loaded for process
here?
In my local computer
Namespace(epoch=100, gpu_number='0', data_name='red_splicing', lr=0.0005, batch_size=6, shuffle=True, seed=0, tag='default', model_name='ViT-B-32', pretrained_name='laion2b_s34b_b79k', lora=1, default=False, foundation='CLIP', detection=1, preprocess=1, num_rule=0, object_names=['a photo of orange connector', 'a photo of red cable', 'a photo of yellow cable', 'a photo of blue cable', 'a photo of metal panel'], objects_for_rules=[['a photo of orange connector'], ['a photo of orange connector'], ['a photo of red cable'], ['a photo of red cable'], ['a photo of orange connector'], ['a photo of orange connector', 'a photo of red cable']], texts_for_rules=[['a photo of orange connector'], ['a photo of orange connector'], ['a photo of red cable'], ['a photo of red cable'], ['a photo of orange connector'], ['a photo of orange connector and red cable']], mask=1, text=1, score='mean', ciriculam_learning=False, few_shot=1, shot=1, log=1, neg_loss=0, double_encoder=1, pretrained_count_path=None, ris=0, rule_select='', rule_list=[], num_negative=5, hybrid_model='promptad', hybrid_weight=0.3, hybrid_class_name='', hybrid_batch_size=16, hybrid_backbone='ViT-B-16-plus-240', hybrid_pretrained_dataset='laion400m_e32', hybrid_scales=[2, 3], hybrid_img_resize=240, hybrid_img_cropsize=240, hybrid_resolution=400, hybrid_promptad_epoch=100, hybrid_promptad_lr=0.002, hybrid_promptad_momentum=0.9, hybrid_promptad_weight_decay=0.0005, hybrid_promptad_eta_min=1e-05, hybrid_promptad_lambda1=0.001, hybrid_promptad_n_ctx=4, hybrid_promptad_n_pro=3, hybrid_promptad_n_ctx_ab=1, hybrid_promptad_n_pro_ab=4, early_stop_k=10, result_log_path='./results/train_hybrid_result.csv')
[Hybrid] method=promptad, class_name=splicing_connectors, train=1, eval=89, base_path=/data3/seungeon/data/image/mvtec_loco_anomaly_detection/red_splicing
[Hybrid-only] LA_AUC=0.79260, LA_AUPRC=0.67874, LA_F1=0.80851
[Data Description]
- Train: 1
- Test: 89

Train Start
[Test ROC-AUC]  -  SA: 0.00000,  LA: 0.76786
[Test AUPRC]  -  LA: 0.68965
[Test F1-max]  -  LA: 0.75248
Epoch: 0 | Loss: 13.34282112121582  | Negative Loss: 0.0
[Test ROC-AUC]  -  SA: 0.00000,  LA: 0.77449
[Test AUPRC]  -  LA: 0.69324
[Test F1-max]  -  LA: 0.75269
Epoch: 1 | Loss: 13.263808250427246  | Negative Loss: 0.0
[Test ROC-AUC]  -  SA: 0.00000,  LA: 0.78622
[Test AUPRC]  -  LA: 0.71315
[Test F1-max]  -  LA: 0.75556
Epoch: 2 | Loss: 12.19643783569336  | Negative Loss: 0.0
[Test ROC-AUC]  -  SA: 0.00000,  LA: 0.76276
[Test AUPRC]  -  LA: 0.73120
[Test F1-max]  -  LA: 0.71264
Epoch: 3 | Loss: 10.549189567565918  | Negative Loss: 0.0
[Test ROC-AUC]  -  SA: 0.00000,  LA: 0.71888
[Test AUPRC]  -  LA: 0.71046
[Test F1-max]  -  LA: 0.67347
Epoch: 4 | Loss: 8.63746452331543  | Negative Loss: 0.0
[Test ROC-AUC]  -  SA: 0.00000,  LA: 0.68469
[Test AUPRC]  -  LA: 0.68732
[Test F1-max]  -  LA: 0.66667
Epoch: 5 | Loss: 6.870368003845215  | Negative Loss: 0.0
[Test ROC-AUC]  -  SA: 0.00000,  LA: 0.67551
[Test AUPRC]  -  LA: 0.67030
[Test F1-max]  -  LA: 0.66667
Epoch: 6 | Loss: 5.415515899658203  | Negative Loss: 0.0
[Test ROC-AUC]  -  SA: 0.00000,  LA: 0.68112
[Test AUPRC]  -  LA: 0.67284
[Test F1-max]  -  LA: 0.66667
Epoch: 7 | Loss: 4.233092784881592  | Negative Loss: 0.0
[Test ROC-AUC]  -  SA: 0.00000,  LA: 0.68214
[Test AUPRC]  -  LA: 0.66686
[Test F1-max]  -  LA: 0.67347
Epoch: 8 | Loss: 3.316497325897217  | Negative Loss: 0.0
[Test ROC-AUC]  -  SA: 0.00000,  LA: 0.69490
[Test AUPRC]  -  LA: 0.67428
[Test F1-max]  -  LA: 0.68041
Epoch: 9 | Loss: 2.6010782718658447  | Negative Loss: 0.0
[Test ROC-AUC]  -  SA: 0.00000,  LA: 0.70000
[Test AUPRC]  -  LA: 0.67766
[Test F1-max]  -  LA: 0.68627
Epoch: 10 | Loss: 2.023799419403076  | Negative Loss: 0.0
[Test ROC-AUC]  -  SA: 0.00000,  LA: 0.71020
[Test AUPRC]  -  LA: 0.68479
[Test F1-max]  -  LA: 0.70000
Epoch: 11 | Loss: 1.5336291790008545  | Negative Loss: 0.0
[Test ROC-AUC]  -  SA: 0.00000,  LA: 0.71378
[Test AUPRC]  -  LA: 0.68407
[Test F1-max]  -  LA: 0.70000
Epoch: 12 | Loss: 1.1255464553833008  | Negative Loss: 0.0
[Test ROC-AUC]  -  SA: 0.00000,  LA: 0.71888
[Test AUPRC]  -  LA: 0.68783
[Test F1-max]  -  LA: 0.69811
Epoch: 13 | Loss: 0.7927504181861877  | Negative Loss: 0.0
[Test ROC-AUC]  -  SA: 0.00000,  LA: 0.72296
[Test AUPRC]  -  LA: 0.68868
[Test F1-max]  -  LA: 0.69388
Epoch: 14 | Loss: 0.5425451993942261  | Negative Loss: 0.0
[Test ROC-AUC]  -  SA: 0.00000,  LA: 0.72704
[Test AUPRC]  -  LA: 0.69094
[Test F1-max]  -  LA: 0.70103
Epoch: 15 | Loss: 0.3602406978607178  | Negative Loss: 0.0
[Test ROC-AUC]  -  SA: 0.00000,  LA: 0.72857
[Test AUPRC]  -  LA: 0.69066
[Test F1-max]  -  LA: 0.70833
Epoch: 16 | Loss: 0.23477432131767273  | Negative Loss: 0.0
[Test ROC-AUC]  -  SA: 0.00000,  LA: 0.72704
[Test AUPRC]  -  LA: 0.68247
[Test F1-max]  -  LA: 0.70103
Epoch: 17 | Loss: 0.15102095901966095  | Negative Loss: 0.0
[Test ROC-AUC]  -  SA: 0.00000,  LA: 0.72857
[Test AUPRC]  -  LA: 0.68358
[Test F1-max]  -  LA: 0.70103
Epoch: 18 | Loss: 0.09634628891944885  | Negative Loss: 0.0
[Test ROC-AUC]  -  SA: 0.00000,  LA: 0.73061
[Test AUPRC]  -  LA: 0.68317
[Test F1-max]  -  LA: 0.70103
Epoch: 19 | Loss: 0.06118106469511986  | Negative Loss: 0.0
[Test ROC-AUC]  -  SA: 0.00000,  LA: 0.72755
[Test AUPRC]  -  LA: 0.68026
[Test F1-max]  -  LA: 0.70103
Epoch: 20 | Loss: 0.03902232646942139  | Negative Loss: 0.0
[Test ROC-AUC]  -  SA: 0.00000,  LA: 0.72857
[Test AUPRC]  -  LA: 0.68159
[Test F1-max]  -  LA: 0.70103
Epoch: 21 | Loss: 0.025046994909644127  | Negative Loss: 0.0
[Test ROC-AUC]  -  SA: 0.00000,  LA: 0.72959
[Test AUPRC]  -  LA: 0.68244
[Test F1-max]  -  LA: 0.70103
Epoch: 22 | Loss: 0.016183048486709595  | Negative Loss: 0.0
[Test ROC-AUC]  -  SA: 0.00000,  LA: 0.72755
[Test AUPRC]  -  LA: 0.67958
[Test F1-max]  -  LA: 0.70103
Epoch: 23 | Loss: 0.010540873743593693  | Negative Loss: 0.0
[Test ROC-AUC]  -  SA: 0.00000,  LA: 0.73010
[Test AUPRC]  -  LA: 0.68183
[Test F1-max]  -  LA: 0.70833
Epoch: 24 | Loss: 0.006939871236681938  | Negative Loss: 0.0
[Test ROC-AUC]  -  SA: 0.00000,  LA: 0.73265
[Test AUPRC]  -  LA: 0.68277
[Test F1-max]  -  LA: 0.70833
Epoch: 25 | Loss: 0.004626569803804159  | Negative Loss: 0.0
[Test ROC-AUC]  -  SA: 0.00000,  LA: 0.73316
[Test AUPRC]  -  LA: 0.68233
[Test F1-max]  -  LA: 0.70833
Epoch: 26 | Loss: 0.0031312061473727226  | Negative Loss: 0.0
[Test ROC-AUC]  -  SA: 0.00000,  LA: 0.73520
[Test AUPRC]  -  LA: 0.68342
[Test F1-max]  -  LA: 0.70833
Epoch: 27 | Loss: 0.0021483665332198143  | Negative Loss: 0.0
[Test ROC-AUC]  -  SA: 0.00000,  LA: 0.73520
[Test AUPRC]  -  LA: 0.68239
[Test F1-max]  -  LA: 0.70833
Epoch: 28 | Loss: 0.0014985852176323533  | Negative Loss: 0.0
[Test ROC-AUC]  -  SA: 0.00000,  LA: 0.73827
[Test AUPRC]  -  LA: 0.68444
[Test F1-max]  -  LA: 0.70833
Epoch: 29 | Loss: 0.0010615622159093618  | Negative Loss: 0.0
[Test ROC-AUC]  -  SA: 0.00000,  LA: 0.74082
[Test AUPRC]  -  LA: 0.68636
[Test F1-max]  -  LA: 0.70833
Epoch: 30 | Loss: 0.0007638916140422225  | Negative Loss: 0.0
[Test ROC-AUC]  -  SA: 0.00000,  LA: 0.74337
[Test AUPRC]  -  LA: 0.68682
[Test F1-max]  -  LA: 0.70833
Epoch: 31 | Loss: 0.0005592657253146172  | Negative Loss: 0.0
[Test ROC-AUC]  -  SA: 0.00000,  LA: 0.74694
[Test AUPRC]  -  LA: 0.68885
[Test F1-max]  -  LA: 0.71579
Epoch: 32 | Loss: 0.0004163626581430435  | Negative Loss: 0.0
[Test ROC-AUC]  -  SA: 0.00000,  LA: 0.74949
[Test AUPRC]  -  LA: 0.69048
[Test F1-max]  -  LA: 0.72340
Epoch: 33 | Loss: 0.0003152884019073099  | Negative Loss: 0.0
[Test ROC-AUC]  -  SA: 0.00000,  LA: 0.75204
[Test AUPRC]  -  LA: 0.69248
[Test F1-max]  -  LA: 0.73118
Epoch: 34 | Loss: 0.0002428174193482846  | Negative Loss: 0.0
[Test ROC-AUC]  -  SA: 0.00000,  LA: 0.75255
[Test AUPRC]  -  LA: 0.69251
[Test F1-max]  -  LA: 0.73913
Epoch: 35 | Loss: 0.00019013155542779714  | Negative Loss: 0.0
[Test ROC-AUC]  -  SA: 0.00000,  LA: 0.75255
[Test AUPRC]  -  LA: 0.69262
[Test F1-max]  -  LA: 0.73118
Epoch: 36 | Loss: 0.00015139121387619525  | Negative Loss: 0.0
[Test ROC-AUC]  -  SA: 0.00000,  LA: 0.75306
[Test AUPRC]  -  LA: 0.69295
[Test F1-max]  -  LA: 0.73118
Epoch: 37 | Loss: 0.0001224249426741153  | Negative Loss: 0.0
[Test ROC-AUC]  -  SA: 0.00000,  LA: 0.75357
[Test AUPRC]  -  LA: 0.69330
[Test F1-max]  -  LA: 0.73118
Epoch: 38 | Loss: 0.00010025300434790552  | Negative Loss: 0.0
[Test ROC-AUC]  -  SA: 0.00000,  LA: 0.75459
[Test AUPRC]  -  LA: 0.69408
[Test F1-max]  -  LA: 0.73118
Epoch: 39 | Loss: 8.344512025360018e-05  | Negative Loss: 0.0
[Test ROC-AUC]  -  SA: 0.00000,  LA: 0.75638
[Test AUPRC]  -  LA: 0.69541
[Test F1-max]  -  LA: 0.73333
Epoch: 40 | Loss: 7.021328929113224e-05  | Negative Loss: 0.0
[Test ROC-AUC]  -  SA: 0.00000,  LA: 0.75714
[Test AUPRC]  -  LA: 0.69586
[Test F1-max]  -  LA: 0.73333
Epoch: 41 | Loss: 5.9961552324239165e-05  | Negative Loss: 0.0
[Test ROC-AUC]  -  SA: 0.00000,  LA: 0.75765
[Test AUPRC]  -  LA: 0.69877
[Test F1-max]  -  LA: 0.73333
Epoch: 42 | Loss: 5.173629688215442e-05  | Negative Loss: 0.0
[Test ROC-AUC]  -  SA: 0.00000,  LA: 0.75816
[Test AUPRC]  -  LA: 0.69911
[Test F1-max]  -  LA: 0.73333
Epoch: 43 | Loss: 4.5060707634547725e-05  | Negative Loss: 0.0
[Test ROC-AUC]  -  SA: 0.00000,  LA: 0.75816
[Test AUPRC]  -  LA: 0.69911
[Test F1-max]  -  LA: 0.73333
Epoch: 44 | Loss: 3.981558620580472e-05  | Negative Loss: 0.0
[Test ROC-AUC]  -  SA: 0.00000,  LA: 0.76020
[Test AUPRC]  -  LA: 0.70034
[Test F1-max]  -  LA: 0.74157
Epoch: 45 | Loss: 3.552412090357393e-05  | Negative Loss: 0.0
[Test ROC-AUC]  -  SA: 0.00000,  LA: 0.76020
[Test AUPRC]  -  LA: 0.70070
[Test F1-max]  -  LA: 0.74157
Epoch: 46 | Loss: 3.1828680221224204e-05  | Negative Loss: 0.0
[Test ROC-AUC]  -  SA: 0.00000,  LA: 0.76020
[Test AUPRC]  -  LA: 0.70070
[Test F1-max]  -  LA: 0.74157
Epoch: 47 | Loss: 2.8967690013814718e-05  | Negative Loss: 0.0
[Test ROC-AUC]  -  SA: 0.00000,  LA: 0.76020
[Test AUPRC]  -  LA: 0.70070
[Test F1-max]  -  LA: 0.74157
Epoch: 48 | Loss: 2.6345114747527987e-05  | Negative Loss: 0.0
[Test ROC-AUC]  -  SA: 0.00000,  LA: 0.76071
[Test AUPRC]  -  LA: 0.70088
[Test F1-max]  -  LA: 0.74157
Epoch: 49 | Loss: 2.4199369363486767e-05  | Negative Loss: 0.0
[Test ROC-AUC]  -  SA: 0.00000,  LA: 0.75918
[Test AUPRC]  -  LA: 0.69845
[Test F1-max]  -  LA: 0.74157
Epoch: 50 | Loss: 2.2530453861691058e-05  | Negative Loss: 0.0
[Test ROC-AUC]  -  SA: 0.00000,  LA: 0.75918
[Test AUPRC]  -  LA: 0.69845
[Test F1-max]  -  LA: 0.74157
Epoch: 51 | Loss: 2.0742329070344567e-05  | Negative Loss: 0.0
[Test ROC-AUC]  -  SA: 0.00000,  LA: 0.75918
[Test AUPRC]  -  LA: 0.69845
[Test F1-max]  -  LA: 0.74157
Epoch: 52 | Loss: 1.9431037799222395e-05  | Negative Loss: 0.0
[Test ROC-AUC]  -  SA: 0.00000,  LA: 0.75918
[Test AUPRC]  -  LA: 0.69845
[Test F1-max]  -  LA: 0.74157
Epoch: 53 | Loss: 1.835816328821238e-05  | Negative Loss: 0.0
[Test ROC-AUC]  -  SA: 0.00000,  LA: 0.75918
[Test AUPRC]  -  LA: 0.69845
[Test F1-max]  -  LA: 0.74157
Epoch: 54 | Loss: 1.7285286958212964e-05  | Negative Loss: 0.0
[Test ROC-AUC]  -  SA: 0.00000,  LA: 0.75969
[Test AUPRC]  -  LA: 0.70000
[Test F1-max]  -  LA: 0.74157
Epoch: 55 | Loss: 1.6450827388325706e-05  | Negative Loss: 0.0
[Test ROC-AUC]  -  SA: 0.00000,  LA: 0.75969
[Test AUPRC]  -  LA: 0.70000
[Test F1-max]  -  LA: 0.74157
Epoch: 56 | Loss: 1.5735575288999826e-05  | Negative Loss: 0.0
[Test ROC-AUC]  -  SA: 0.00000,  LA: 0.75995
[Test AUPRC]  -  LA: 0.69954
[Test F1-max]  -  LA: 0.74157
Epoch: 57 | Loss: 1.513953429821413e-05  | Negative Loss: 0.0
[Test ROC-AUC]  -  SA: 0.00000,  LA: 0.76020
[Test AUPRC]  -  LA: 0.70007
[Test F1-max]  -  LA: 0.74157
Epoch: 58 | Loss: 1.442428219888825e-05  | Negative Loss: 0.0
[Test ROC-AUC]  -  SA: 0.00000,  LA: 0.76020
[Test AUPRC]  -  LA: 0.70007
[Test F1-max]  -  LA: 0.74157
Epoch: 59 | Loss: 1.394744776916923e-05  | Negative Loss: 0.0
[Test ROC-AUC]  -  SA: 0.00000,  LA: 0.75969
[Test AUPRC]  -  LA: 0.70000
[Test F1-max]  -  LA: 0.74157
Epoch: 60 | Loss: 1.347061333945021e-05  | Negative Loss: 0.0
[Test ROC-AUC]  -  SA: 0.00000,  LA: 0.75969
[Test AUPRC]  -  LA: 0.70000
[Test F1-max]  -  LA: 0.74157
Epoch: 61 | Loss: 1.2993778000236489e-05  | Negative Loss: 0.0
[Test ROC-AUC]  -  SA: 0.00000,  LA: 0.75969
[Test AUPRC]  -  LA: 0.70000
[Test F1-max]  -  LA: 0.74157
Epoch: 62 | Loss: 1.2755360330629628e-05  | Negative Loss: 0.0
[Test ROC-AUC]  -  SA: 0.00000,  LA: 0.75969
[Test AUPRC]  -  LA: 0.70000
[Test F1-max]  -  LA: 0.74157
Epoch: 63 | Loss: 1.2278525900910608e-05  | Negative Loss: 0.0
[Test ROC-AUC]  -  SA: 0.00000,  LA: 0.75969
[Test AUPRC]  -  LA: 0.70000
[Test F1-max]  -  LA: 0.74157
Epoch: 64 | Loss: 1.2040108231303748e-05  | Negative Loss: 0.0
[Test ROC-AUC]  -  SA: 0.00000,  LA: 0.75969
[Test AUPRC]  -  LA: 0.70000
[Test F1-max]  -  LA: 0.74157
Epoch: 65 | Loss: 1.1682482181640808e-05  | Negative Loss: 0.0
[Test ROC-AUC]  -  SA: 0.00000,  LA: 0.75918
[Test AUPRC]  -  LA: 0.69982
[Test F1-max]  -  LA: 0.74157
Epoch: 66 | Loss: 1.1444064512033947e-05  | Negative Loss: 0.0
[Test ROC-AUC]  -  SA: 0.00000,  LA: 0.76020
[Test AUPRC]  -  LA: 0.70041
[Test F1-max]  -  LA: 0.74725
Epoch: 67 | Loss: 1.1205647751921788e-05  | Negative Loss: 0.0
[Test ROC-AUC]  -  SA: 0.00000,  LA: 0.76020
[Test AUPRC]  -  LA: 0.70041
[Test F1-max]  -  LA: 0.74725
Epoch: 68 | Loss: 1.0967230082314927e-05  | Negative Loss: 0.0
[Test ROC-AUC]  -  SA: 0.00000,  LA: 0.75969
[Test AUPRC]  -  LA: 0.69886
[Test F1-max]  -  LA: 0.74725
Epoch: 69 | Loss: 1.0848020792764146e-05  | Negative Loss: 0.0
[Test ROC-AUC]  -  SA: 0.00000,  LA: 0.75969
[Test AUPRC]  -  LA: 0.69886
[Test F1-max]  -  LA: 0.74725
Epoch: 70 | Loss: 1.0728812412708066e-05  | Negative Loss: 0.0
[Test ROC-AUC]  -  SA: 0.00000,  LA: 0.76020
[Test AUPRC]  -  LA: 0.69910
[Test F1-max]  -  LA: 0.74725
Epoch: 71 | Loss: 1.0490393833606504e-05  | Negative Loss: 0.0
[Test ROC-AUC]  -  SA: 0.00000,  LA: 0.76020
[Test AUPRC]  -  LA: 0.69910
[Test F1-max]  -  LA: 0.74725
Epoch: 72 | Loss: 1.0251977073494345e-05  | Negative Loss: 0.0
[Test ROC-AUC]  -  SA: 0.00000,  LA: 0.76071
[Test AUPRC]  -  LA: 0.69947
[Test F1-max]  -  LA: 0.74725
Epoch: 73 | Loss: 1.0251977073494345e-05  | Negative Loss: 0.0
[Test ROC-AUC]  -  SA: 0.00000,  LA: 0.76071
[Test AUPRC]  -  LA: 0.69947
[Test F1-max]  -  LA: 0.74725
Epoch: 74 | Loss: 1.0013559403887484e-05  | Negative Loss: 0.0
[Test ROC-AUC]  -  SA: 0.00000,  LA: 0.76071
[Test AUPRC]  -  LA: 0.69947
[Test F1-max]  -  LA: 0.74725
Epoch: 75 | Loss: 1.0013559403887484e-05  | Negative Loss: 0.0
[Test ROC-AUC]  -  SA: 0.00000,  LA: 0.76122
[Test AUPRC]  -  LA: 0.69982
[Test F1-max]  -  LA: 0.74725
Epoch: 76 | Loss: 9.775141734280623e-06  | Negative Loss: 0.0
[Test ROC-AUC]  -  SA: 0.00000,  LA: 0.76122
[Test AUPRC]  -  LA: 0.69982
[Test F1-max]  -  LA: 0.74725
Epoch: 77 | Loss: 9.655932444729842e-06  | Negative Loss: 0.0
[Test ROC-AUC]  -  SA: 0.00000,  LA: 0.76173
[Test AUPRC]  -  LA: 0.70036
[Test F1-max]  -  LA: 0.74725
Epoch: 78 | Loss: 9.536724064673763e-06  | Negative Loss: 0.0
[Test ROC-AUC]  -  SA: 0.00000,  LA: 0.76224
[Test AUPRC]  -  LA: 0.70071
[Test F1-max]  -  LA: 0.75000
Epoch: 79 | Loss: 9.536724064673763e-06  | Negative Loss: 0.0
[Test ROC-AUC]  -  SA: 0.00000,  LA: 0.76276
[Test AUPRC]  -  LA: 0.70097
[Test F1-max]  -  LA: 0.75000
Epoch: 80 | Loss: 9.417515684617683e-06  | Negative Loss: 0.0
[Test ROC-AUC]  -  SA: 0.00000,  LA: 0.76276
[Test AUPRC]  -  LA: 0.70097
[Test F1-max]  -  LA: 0.75000
Epoch: 81 | Loss: 9.298306395066902e-06  | Negative Loss: 0.0
[Test ROC-AUC]  -  SA: 0.00000,  LA: 0.76378
[Test AUPRC]  -  LA: 0.70325
[Test F1-max]  -  LA: 0.75000
Epoch: 82 | Loss: 9.298306395066902e-06  | Negative Loss: 0.0
[Test ROC-AUC]  -  SA: 0.00000,  LA: 0.76429
[Test AUPRC]  -  LA: 0.70342
[Test F1-max]  -  LA: 0.75000
Epoch: 83 | Loss: 9.17909710551612e-06  | Negative Loss: 0.0
[Test ROC-AUC]  -  SA: 0.00000,  LA: 0.76429
[Test AUPRC]  -  LA: 0.70342
[Test F1-max]  -  LA: 0.75000
Epoch: 84 | Loss: 8.94067943590926e-06  | Negative Loss: 0.0
[Test ROC-AUC]  -  SA: 0.00000,  LA: 0.76480
[Test AUPRC]  -  LA: 0.70425
[Test F1-max]  -  LA: 0.75000
Epoch: 85 | Loss: 8.94067943590926e-06  | Negative Loss: 0.0
[Test ROC-AUC]  -  SA: 0.00000,  LA: 0.76480
[Test AUPRC]  -  LA: 0.70425
[Test F1-max]  -  LA: 0.75000
Epoch: 86 | Loss: 8.94067943590926e-06  | Negative Loss: 0.0
[Test ROC-AUC]  -  SA: 0.00000,  LA: 0.76480
[Test AUPRC]  -  LA: 0.70425
[Test F1-max]  -  LA: 0.75000
Epoch: 87 | Loss: 8.82147105585318e-06  | Negative Loss: 0.0
[Test ROC-AUC]  -  SA: 0.00000,  LA: 0.76429
[Test AUPRC]  -  LA: 0.70354
[Test F1-max]  -  LA: 0.75000
Epoch: 88 | Loss: 8.7022617663024e-06  | Negative Loss: 0.0
[Test ROC-AUC]  -  SA: 0.00000,  LA: 0.76480
[Test AUPRC]  -  LA: 0.70510
[Test F1-max]  -  LA: 0.75000
Epoch: 89 | Loss: 8.7022617663024e-06  | Negative Loss: 0.0
[Test ROC-AUC]  -  SA: 0.00000,  LA: 0.76480
[Test AUPRC]  -  LA: 0.70510
[Test F1-max]  -  LA: 0.75000
Epoch: 90 | Loss: 8.463844096695539e-06  | Negative Loss: 0.0
[Test ROC-AUC]  -  SA: 0.00000,  LA: 0.76531
[Test AUPRC]  -  LA: 0.70550
[Test F1-max]  -  LA: 0.75000
Epoch: 91 | Loss: 8.463844096695539e-06  | Negative Loss: 0.0
[Test ROC-AUC]  -  SA: 0.00000,  LA: 0.76531
[Test AUPRC]  -  LA: 0.70550
[Test F1-max]  -  LA: 0.75000
Epoch: 92 | Loss: 8.463844096695539e-06  | Negative Loss: 0.0
[Test ROC-AUC]  -  SA: 0.00000,  LA: 0.76531
[Test AUPRC]  -  LA: 0.70550
[Test F1-max]  -  LA: 0.75000
Epoch: 93 | Loss: 8.225426427088678e-06  | Negative Loss: 0.0
[Test ROC-AUC]  -  SA: 0.00000,  LA: 0.76531
[Test AUPRC]  -  LA: 0.70550
[Test F1-max]  -  LA: 0.75000
Epoch: 94 | Loss: 8.225426427088678e-06  | Negative Loss: 0.0
[Test ROC-AUC]  -  SA: 0.00000,  LA: 0.76531
[Test AUPRC]  -  LA: 0.70550
[Test F1-max]  -  LA: 0.75000
Epoch: 95 | Loss: 8.225426427088678e-06  | Negative Loss: 0.0
[Test ROC-AUC]  -  SA: 0.00000,  LA: 0.76531
[Test AUPRC]  -  LA: 0.70550
[Test F1-max]  -  LA: 0.75000
Epoch: 96 | Loss: 8.106218047032598e-06  | Negative Loss: 0.0
[Test ROC-AUC]  -  SA: 0.00000,  LA: 0.76531
[Test AUPRC]  -  LA: 0.70550
[Test F1-max]  -  LA: 0.75000
Epoch: 97 | Loss: 8.106218047032598e-06  | Negative Loss: 0.0
[Test ROC-AUC]  -  SA: 0.00000,  LA: 0.76531
[Test AUPRC]  -  LA: 0.70550
[Test F1-max]  -  LA: 0.75000
Epoch: 98 | Loss: 7.987008757481817e-06  | Negative Loss: 0.0
[Test ROC-AUC]  -  SA: 0.00000,  LA: 0.76531
[Test AUPRC]  -  LA: 0.70550
[Test F1-max]  -  LA: 0.75000
Epoch: 99 | Loss: 7.748591087874956e-06  | Negative Loss: 0.0
Time consumption: 111.81215476989746
Best LA AUC: 0.7862244897959183
Best LA AUPC: 0.731198059903229
Best LA F1-max: 0.7555555555555556
[Result] Experiment result appended to ./results/train_hybrid_result.csv

[END] 2026-03-19 10:41:12
[RETURN CODE] 0
