[START] 2026-03-19 10:16:36
[GPU] 1
[TASK] 62/160
[NAME] blue_splicing_promptad
[REPEAT] 2/10
[COMMAND] python train_hybrid.py --data_name blue_splicing --mask True --text True --double_encoder True --few_shot True --shot 5 --hybrid_model promptad --hybrid_weight 0.3 --hybrid_batch_size 16 --epoch 100 --log True --lr 5e-4 --detection True --preprocess True

/home/seungeon/miniconda3/envs/LAB/lib/python3.10/site-packages/timm/models/layers/__init__.py:48: FutureWarning: Importing from timm.models.layers is deprecated, please import via timm.layers
  warnings.warn(f"Importing from {__name__} is deprecated, please import via timm.layers", FutureWarning)
/home/seungeon/Workspace/side/vlm/train_hybrid.py:18: DeprecationWarning: The distutils package is deprecated and slated for removal in Python 3.12. Use setuptools or check PEP 632 for potential alternatives
  from distutils.util import strtobool
Torch version: 2.9.1+cu128
cuda is loaded for process
here?
In my local computer
Namespace(epoch=100, gpu_number='0', data_name='blue_splicing', lr=0.0005, batch_size=6, shuffle=True, seed=0, tag='default', model_name='ViT-B-32', pretrained_name='laion2b_s34b_b79k', lora=1, default=False, foundation='CLIP', detection=1, preprocess=1, num_rule=0, object_names=['a photo of orange connector', 'a photo of blue cable', 'a photo of yellow cable', 'a photo of red cable', 'a photo of metal panel'], objects_for_rules=[['a photo of orange connector'], ['a photo of orange connector'], ['a photo of blue cable'], ['a photo of blue cable'], ['a photo of orange connector'], ['a photo of orange connector', 'a photo of blue cable']], texts_for_rules=[['a photo of orange connector'], ['a photo of orange connector'], ['a photo of cable'], ['a photo of yellow cable'], ['a photo of blue cable'], ['a photo of orange connector and blue cable']], mask=1, text=1, score='mean', ciriculam_learning=False, few_shot=1, shot=5, log=1, neg_loss=0, double_encoder=1, pretrained_count_path=None, ris=0, rule_select='', rule_list=[], num_negative=5, hybrid_model='promptad', hybrid_weight=0.3, hybrid_class_name='', hybrid_batch_size=16, hybrid_backbone='ViT-B-16-plus-240', hybrid_pretrained_dataset='laion400m_e32', hybrid_scales=[2, 3], hybrid_img_resize=240, hybrid_img_cropsize=240, hybrid_resolution=400, hybrid_promptad_epoch=100, hybrid_promptad_lr=0.002, hybrid_promptad_momentum=0.9, hybrid_promptad_weight_decay=0.0005, hybrid_promptad_eta_min=1e-05, hybrid_promptad_lambda1=0.001, hybrid_promptad_n_ctx=4, hybrid_promptad_n_pro=3, hybrid_promptad_n_ctx_ab=1, hybrid_promptad_n_pro_ab=4, early_stop_k=10, result_log_path='./results/train_hybrid_result.csv')
[Hybrid] method=promptad, class_name=splicing_connectors, train=5, eval=70, base_path=/data3/seungeon/data/image/mvtec_loco_anomaly_detection/blue_splicing
[Hybrid-only] LA_AUC=0.73458, LA_AUPRC=0.72139, LA_F1=0.80412
[Data Description]
- Train: 5
- Test: 70

Train Start
[Test ROC-AUC]  -  SA: 0.00000,  LA: 0.59417
[Test AUPRC]  -  LA: 0.66654
[Test F1-max]  -  LA: 0.74074
Epoch: 0 | Loss: 14.898544311523438  | Negative Loss: 0.0
[Test ROC-AUC]  -  SA: 0.00000,  LA: 0.60250
[Test AUPRC]  -  LA: 0.67515
[Test F1-max]  -  LA: 0.74074
Epoch: 1 | Loss: 14.812433242797852  | Negative Loss: 0.0
[Test ROC-AUC]  -  SA: 0.00000,  LA: 0.64917
[Test AUPRC]  -  LA: 0.72040
[Test F1-max]  -  LA: 0.74074
Epoch: 2 | Loss: 14.026771545410156  | Negative Loss: 0.0
[Test ROC-AUC]  -  SA: 0.00000,  LA: 0.68917
[Test AUPRC]  -  LA: 0.76433
[Test F1-max]  -  LA: 0.75472
Epoch: 3 | Loss: 12.668051719665527  | Negative Loss: 0.0
[Test ROC-AUC]  -  SA: 0.00000,  LA: 0.71500
[Test AUPRC]  -  LA: 0.78507
[Test F1-max]  -  LA: 0.76190
Epoch: 4 | Loss: 10.850040435791016  | Negative Loss: 0.0
[Test ROC-AUC]  -  SA: 0.00000,  LA: 0.71000
[Test AUPRC]  -  LA: 0.77606
[Test F1-max]  -  LA: 0.76190
Epoch: 5 | Loss: 8.876272201538086  | Negative Loss: 0.0
[Test ROC-AUC]  -  SA: 0.00000,  LA: 0.69000
[Test AUPRC]  -  LA: 0.76935
[Test F1-max]  -  LA: 0.76471
Epoch: 6 | Loss: 7.035815715789795  | Negative Loss: 0.0
[Test ROC-AUC]  -  SA: 0.00000,  LA: 0.69417
[Test AUPRC]  -  LA: 0.76100
[Test F1-max]  -  LA: 0.76471
Epoch: 7 | Loss: 5.468771457672119  | Negative Loss: 0.0
[Test ROC-AUC]  -  SA: 0.00000,  LA: 0.72250
[Test AUPRC]  -  LA: 0.77643
[Test F1-max]  -  LA: 0.77228
Epoch: 8 | Loss: 4.167418479919434  | Negative Loss: 0.0
[Test ROC-AUC]  -  SA: 0.00000,  LA: 0.71917
[Test AUPRC]  -  LA: 0.77471
[Test F1-max]  -  LA: 0.77083
Epoch: 9 | Loss: 3.069533586502075  | Negative Loss: 0.0
[Test ROC-AUC]  -  SA: 0.00000,  LA: 0.72750
[Test AUPRC]  -  LA: 0.78523
[Test F1-max]  -  LA: 0.77670
Epoch: 10 | Loss: 2.1513350009918213  | Negative Loss: 0.0
[Test ROC-AUC]  -  SA: 0.00000,  LA: 0.73167
[Test AUPRC]  -  LA: 0.78934
[Test F1-max]  -  LA: 0.79208
Epoch: 11 | Loss: 1.417665958404541  | Negative Loss: 0.0
[Test ROC-AUC]  -  SA: 0.00000,  LA: 0.74333
[Test AUPRC]  -  LA: 0.79795
[Test F1-max]  -  LA: 0.80000
Epoch: 12 | Loss: 0.8725199103355408  | Negative Loss: 0.0
[Test ROC-AUC]  -  SA: 0.00000,  LA: 0.75917
[Test AUPRC]  -  LA: 0.80709
[Test F1-max]  -  LA: 0.81633
Epoch: 13 | Loss: 0.5034517049789429  | Negative Loss: 0.0
[Test ROC-AUC]  -  SA: 0.00000,  LA: 0.77333
[Test AUPRC]  -  LA: 0.82167
[Test F1-max]  -  LA: 0.81633
Epoch: 14 | Loss: 0.2749779224395752  | Negative Loss: 0.0
[Test ROC-AUC]  -  SA: 0.00000,  LA: 0.78917
[Test AUPRC]  -  LA: 0.83544
[Test F1-max]  -  LA: 0.81633
Epoch: 15 | Loss: 0.1436486393213272  | Negative Loss: 0.0
[Test ROC-AUC]  -  SA: 0.00000,  LA: 0.79000
[Test AUPRC]  -  LA: 0.83924
[Test F1-max]  -  LA: 0.80808
Epoch: 16 | Loss: 0.0728735402226448  | Negative Loss: 0.0
[Test ROC-AUC]  -  SA: 0.00000,  LA: 0.79250
[Test AUPRC]  -  LA: 0.83875
[Test F1-max]  -  LA: 0.80808
Epoch: 17 | Loss: 0.03627000004053116  | Negative Loss: 0.0
[Test ROC-AUC]  -  SA: 0.00000,  LA: 0.79667
[Test AUPRC]  -  LA: 0.84203
[Test F1-max]  -  LA: 0.80808
Epoch: 18 | Loss: 0.017918014898896217  | Negative Loss: 0.0
[Test ROC-AUC]  -  SA: 0.00000,  LA: 0.80417
[Test AUPRC]  -  LA: 0.84725
[Test F1-max]  -  LA: 0.80808
Epoch: 19 | Loss: 0.008845668286085129  | Negative Loss: 0.0
[Test ROC-AUC]  -  SA: 0.00000,  LA: 0.81167
[Test AUPRC]  -  LA: 0.85246
[Test F1-max]  -  LA: 0.80000
Epoch: 20 | Loss: 0.004398244898766279  | Negative Loss: 0.0
[Test ROC-AUC]  -  SA: 0.00000,  LA: 0.81250
[Test AUPRC]  -  LA: 0.85100
[Test F1-max]  -  LA: 0.80488
Epoch: 21 | Loss: 0.002218108857050538  | Negative Loss: 0.0
[Test ROC-AUC]  -  SA: 0.00000,  LA: 0.82083
[Test AUPRC]  -  LA: 0.85668
[Test F1-max]  -  LA: 0.80519
Epoch: 22 | Loss: 0.0011400404619053006  | Negative Loss: 0.0
[Test ROC-AUC]  -  SA: 0.00000,  LA: 0.83083
[Test AUPRC]  -  LA: 0.85969
[Test F1-max]  -  LA: 0.82222
Epoch: 23 | Loss: 0.0005990468780510128  | Negative Loss: 0.0
[Test ROC-AUC]  -  SA: 0.00000,  LA: 0.83833
[Test AUPRC]  -  LA: 0.86453
[Test F1-max]  -  LA: 0.83146
Epoch: 24 | Loss: 0.0003222163941245526  | Negative Loss: 0.0
[Test ROC-AUC]  -  SA: 0.00000,  LA: 0.84083
[Test AUPRC]  -  LA: 0.86320
[Test F1-max]  -  LA: 0.83721
Epoch: 25 | Loss: 0.00017785061208996922  | Negative Loss: 0.0
[Test ROC-AUC]  -  SA: 0.00000,  LA: 0.83917
[Test AUPRC]  -  LA: 0.85972
[Test F1-max]  -  LA: 0.83146
Epoch: 26 | Loss: 0.0001008716644719243  | Negative Loss: 0.0
[Test ROC-AUC]  -  SA: 0.00000,  LA: 0.83667
[Test AUPRC]  -  LA: 0.85527
[Test F1-max]  -  LA: 0.82353
Epoch: 27 | Loss: 5.8816716773435473e-05  | Negative Loss: 0.0
[Test ROC-AUC]  -  SA: 0.00000,  LA: 0.83083
[Test AUPRC]  -  LA: 0.84444
[Test F1-max]  -  LA: 0.82609
Epoch: 28 | Loss: 3.533320705173537e-05  | Negative Loss: 0.0
[Test ROC-AUC]  -  SA: 0.00000,  LA: 0.82833
[Test AUPRC]  -  LA: 0.83590
[Test F1-max]  -  LA: 0.83333
Epoch: 29 | Loss: 2.1838972315890715e-05  | Negative Loss: 0.0
[Test ROC-AUC]  -  SA: 0.00000,  LA: 0.82000
[Test AUPRC]  -  LA: 0.82261
[Test F1-max]  -  LA: 0.83333
Epoch: 30 | Loss: 1.3804366062686313e-05  | Negative Loss: 0.0
[Test ROC-AUC]  -  SA: 0.00000,  LA: 0.81833
[Test AUPRC]  -  LA: 0.81116
[Test F1-max]  -  LA: 0.83333
Epoch: 31 | Loss: 9.03603358892724e-06  | Negative Loss: 0.0
[Test ROC-AUC]  -  SA: 0.00000,  LA: 0.82083
[Test AUPRC]  -  LA: 0.81241
[Test F1-max]  -  LA: 0.83721
Epoch: 32 | Loss: 6.05581772106234e-06  | Negative Loss: 0.0
[Test ROC-AUC]  -  SA: 0.00000,  LA: 0.81917
[Test AUPRC]  -  LA: 0.80935
[Test F1-max]  -  LA: 0.84706
Epoch: 33 | Loss: 4.148476364207454e-06  | Negative Loss: 0.0
[Test ROC-AUC]  -  SA: 0.00000,  LA: 0.81750
[Test AUPRC]  -  LA: 0.80810
[Test F1-max]  -  LA: 0.83721
Epoch: 34 | Loss: 2.8848614874732448e-06  | Negative Loss: 0.0
[Test ROC-AUC]  -  SA: 0.00000,  LA: 0.81333
[Test AUPRC]  -  LA: 0.80443
[Test F1-max]  -  LA: 0.83721
Epoch: 35 | Loss: 2.1219234440650325e-06  | Negative Loss: 0.0
[Test ROC-AUC]  -  SA: 0.00000,  LA: 0.81000
[Test AUPRC]  -  LA: 0.80057
[Test F1-max]  -  LA: 0.83721
Epoch: 36 | Loss: 1.5974034113241942e-06  | Negative Loss: 0.0
[Test ROC-AUC]  -  SA: 0.00000,  LA: 0.80833
[Test AUPRC]  -  LA: 0.79880
[Test F1-max]  -  LA: 0.83721
Epoch: 37 | Loss: 1.168250605587673e-06  | Negative Loss: 0.0
[Test ROC-AUC]  -  SA: 0.00000,  LA: 0.80750
[Test AUPRC]  -  LA: 0.79826
[Test F1-max]  -  LA: 0.83721
Epoch: 38 | Loss: 8.82148356140533e-07  | Negative Loss: 0.0
[Test ROC-AUC]  -  SA: 0.00000,  LA: 0.80500
[Test AUPRC]  -  LA: 0.79804
[Test F1-max]  -  LA: 0.83721
Epoch: 39 | Loss: 6.437299475692271e-07  | Negative Loss: 0.0
[Test ROC-AUC]  -  SA: 0.00000,  LA: 0.80417
[Test AUPRC]  -  LA: 0.79752
[Test F1-max]  -  LA: 0.83721
Epoch: 40 | Loss: 5.483625500346534e-07  | Negative Loss: 0.0
[Test ROC-AUC]  -  SA: 0.00000,  LA: 0.80333
[Test AUPRC]  -  LA: 0.79702
[Test F1-max]  -  LA: 0.83721
Epoch: 41 | Loss: 4.053114821545023e-07  | Negative Loss: 0.0
[Test ROC-AUC]  -  SA: 0.00000,  LA: 0.80417
[Test AUPRC]  -  LA: 0.80193
[Test F1-max]  -  LA: 0.83721
Epoch: 42 | Loss: 3.814696469817136e-07  | Negative Loss: 0.0
[Test ROC-AUC]  -  SA: 0.00000,  LA: 0.80250
[Test AUPRC]  -  LA: 0.80008
[Test F1-max]  -  LA: 0.84706
Epoch: 43 | Loss: 2.861022494471399e-07  | Negative Loss: 0.0
[Test ROC-AUC]  -  SA: 0.00000,  LA: 0.80083
[Test AUPRC]  -  LA: 0.79785
[Test F1-max]  -  LA: 0.84706
Epoch: 44 | Loss: 2.3841853646899835e-07  | Negative Loss: 0.0
[Test ROC-AUC]  -  SA: 0.00000,  LA: 0.80083
[Test AUPRC]  -  LA: 0.79787
[Test F1-max]  -  LA: 0.84706
Epoch: 45 | Loss: 2.1457670129620965e-07  | Negative Loss: 0.0
[Test ROC-AUC]  -  SA: 0.00000,  LA: 0.80167
[Test AUPRC]  -  LA: 0.79975
[Test F1-max]  -  LA: 0.84706
Epoch: 46 | Loss: 2.1457670129620965e-07  | Negative Loss: 0.0
[Test ROC-AUC]  -  SA: 0.00000,  LA: 0.80250
[Test AUPRC]  -  LA: 0.80013
[Test F1-max]  -  LA: 0.84706
Epoch: 47 | Loss: 1.668929883180681e-07  | Negative Loss: 0.0
[Test ROC-AUC]  -  SA: 0.00000,  LA: 0.80250
[Test AUPRC]  -  LA: 0.80013
[Test F1-max]  -  LA: 0.84706
Epoch: 48 | Loss: 1.668929883180681e-07  | Negative Loss: 0.0
[Test ROC-AUC]  -  SA: 0.00000,  LA: 0.80417
[Test AUPRC]  -  LA: 0.80094
[Test F1-max]  -  LA: 0.85057
Epoch: 49 | Loss: 1.4305113893442467e-07  | Negative Loss: 0.0
[Test ROC-AUC]  -  SA: 0.00000,  LA: 0.80500
[Test AUPRC]  -  LA: 0.80137
[Test F1-max]  -  LA: 0.86047
Epoch: 50 | Loss: 1.4305113893442467e-07  | Negative Loss: 0.0
[Test ROC-AUC]  -  SA: 0.00000,  LA: 0.80583
[Test AUPRC]  -  LA: 0.80220
[Test F1-max]  -  LA: 0.86047
Epoch: 51 | Loss: 1.4305113893442467e-07  | Negative Loss: 0.0
[Test ROC-AUC]  -  SA: 0.00000,  LA: 0.80667
[Test AUPRC]  -  LA: 0.80396
[Test F1-max]  -  LA: 0.86047
Epoch: 52 | Loss: 1.4305113893442467e-07  | Negative Loss: 0.0
[Test ROC-AUC]  -  SA: 0.00000,  LA: 0.80583
[Test AUPRC]  -  LA: 0.80339
[Test F1-max]  -  LA: 0.86047
Epoch: 53 | Loss: 9.536742595628311e-08  | Negative Loss: 0.0
[Test ROC-AUC]  -  SA: 0.00000,  LA: 0.80500
[Test AUPRC]  -  LA: 0.80407
[Test F1-max]  -  LA: 0.85057
Epoch: 54 | Loss: 7.152556946721234e-08  | Negative Loss: 0.0
[Test ROC-AUC]  -  SA: 0.00000,  LA: 0.80417
[Test AUPRC]  -  LA: 0.80366
[Test F1-max]  -  LA: 0.84706
Epoch: 55 | Loss: 7.152556946721234e-08  | Negative Loss: 0.0
[Test ROC-AUC]  -  SA: 0.00000,  LA: 0.80417
[Test AUPRC]  -  LA: 0.80404
[Test F1-max]  -  LA: 0.84706
Epoch: 56 | Loss: 7.152556946721234e-08  | Negative Loss: 0.0
[Test ROC-AUC]  -  SA: 0.00000,  LA: 0.80417
[Test AUPRC]  -  LA: 0.80407
[Test F1-max]  -  LA: 0.84706
Epoch: 57 | Loss: 7.152556946721234e-08  | Negative Loss: 0.0
[Test ROC-AUC]  -  SA: 0.00000,  LA: 0.80583
[Test AUPRC]  -  LA: 0.81076
[Test F1-max]  -  LA: 0.84706
Epoch: 58 | Loss: 7.152556946721234e-08  | Negative Loss: 0.0
[Test ROC-AUC]  -  SA: 0.00000,  LA: 0.80583
[Test AUPRC]  -  LA: 0.81076
[Test F1-max]  -  LA: 0.84706
Epoch: 59 | Loss: 7.152556946721234e-08  | Negative Loss: 0.0
[Test ROC-AUC]  -  SA: 0.00000,  LA: 0.80500
[Test AUPRC]  -  LA: 0.81032
[Test F1-max]  -  LA: 0.83721
Epoch: 60 | Loss: 7.152556946721234e-08  | Negative Loss: 0.0
[Test ROC-AUC]  -  SA: 0.00000,  LA: 0.80500
[Test AUPRC]  -  LA: 0.81032
[Test F1-max]  -  LA: 0.83721
Epoch: 61 | Loss: 7.152556946721234e-08  | Negative Loss: 0.0
[Test ROC-AUC]  -  SA: 0.00000,  LA: 0.80375
[Test AUPRC]  -  LA: 0.80969
[Test F1-max]  -  LA: 0.83721
Epoch: 62 | Loss: 7.152556946721234e-08  | Negative Loss: 0.0
[Test ROC-AUC]  -  SA: 0.00000,  LA: 0.80250
[Test AUPRC]  -  LA: 0.80892
[Test F1-max]  -  LA: 0.83721
Epoch: 63 | Loss: 7.152556946721234e-08  | Negative Loss: 0.0
[Test ROC-AUC]  -  SA: 0.00000,  LA: 0.80083
[Test AUPRC]  -  LA: 0.80771
[Test F1-max]  -  LA: 0.83721
Epoch: 64 | Loss: 7.152556946721234e-08  | Negative Loss: 0.0
[Test ROC-AUC]  -  SA: 0.00000,  LA: 0.80083
[Test AUPRC]  -  LA: 0.80771
[Test F1-max]  -  LA: 0.83721
Epoch: 65 | Loss: 4.768371297814156e-08  | Negative Loss: 0.0
[Test ROC-AUC]  -  SA: 0.00000,  LA: 0.80083
[Test AUPRC]  -  LA: 0.80771
[Test F1-max]  -  LA: 0.83721
Epoch: 66 | Loss: 4.768371297814156e-08  | Negative Loss: 0.0
[Test ROC-AUC]  -  SA: 0.00000,  LA: 0.79833
[Test AUPRC]  -  LA: 0.80573
[Test F1-max]  -  LA: 0.83721
Epoch: 67 | Loss: 4.768371297814156e-08  | Negative Loss: 0.0
[Test ROC-AUC]  -  SA: 0.00000,  LA: 0.79833
[Test AUPRC]  -  LA: 0.80580
[Test F1-max]  -  LA: 0.83721
Epoch: 68 | Loss: 4.768371297814156e-08  | Negative Loss: 0.0
[Test ROC-AUC]  -  SA: 0.00000,  LA: 0.79833
[Test AUPRC]  -  LA: 0.80580
[Test F1-max]  -  LA: 0.83721
Epoch: 69 | Loss: 4.768371297814156e-08  | Negative Loss: 0.0
[Test ROC-AUC]  -  SA: 0.00000,  LA: 0.79833
[Test AUPRC]  -  LA: 0.80580
[Test F1-max]  -  LA: 0.83721
Epoch: 70 | Loss: 4.768371297814156e-08  | Negative Loss: 0.0
[Test ROC-AUC]  -  SA: 0.00000,  LA: 0.79833
[Test AUPRC]  -  LA: 0.80580
[Test F1-max]  -  LA: 0.83721
Epoch: 71 | Loss: 4.768371297814156e-08  | Negative Loss: 0.0
[Test ROC-AUC]  -  SA: 0.00000,  LA: 0.79833
[Test AUPRC]  -  LA: 0.80580
[Test F1-max]  -  LA: 0.83721
Epoch: 72 | Loss: 4.768371297814156e-08  | Negative Loss: 0.0
[Test ROC-AUC]  -  SA: 0.00000,  LA: 0.79750
[Test AUPRC]  -  LA: 0.80538
[Test F1-max]  -  LA: 0.82759
Epoch: 73 | Loss: 4.768371297814156e-08  | Negative Loss: 0.0
[Test ROC-AUC]  -  SA: 0.00000,  LA: 0.79750
[Test AUPRC]  -  LA: 0.80538
[Test F1-max]  -  LA: 0.82759
Epoch: 74 | Loss: 4.768371297814156e-08  | Negative Loss: 0.0
[Test ROC-AUC]  -  SA: 0.00000,  LA: 0.79667
[Test AUPRC]  -  LA: 0.80483
[Test F1-max]  -  LA: 0.82759
Epoch: 75 | Loss: 4.768371297814156e-08  | Negative Loss: 0.0
[Test ROC-AUC]  -  SA: 0.00000,  LA: 0.79750
[Test AUPRC]  -  LA: 0.80538
[Test F1-max]  -  LA: 0.82759
Epoch: 76 | Loss: 4.768371297814156e-08  | Negative Loss: 0.0
[Test ROC-AUC]  -  SA: 0.00000,  LA: 0.79750
[Test AUPRC]  -  LA: 0.80508
[Test F1-max]  -  LA: 0.82759
Epoch: 77 | Loss: 4.768371297814156e-08  | Negative Loss: 0.0
[Test ROC-AUC]  -  SA: 0.00000,  LA: 0.79750
[Test AUPRC]  -  LA: 0.80508
[Test F1-max]  -  LA: 0.82759
Epoch: 78 | Loss: 4.768371297814156e-08  | Negative Loss: 0.0
[Test ROC-AUC]  -  SA: 0.00000,  LA: 0.79750
[Test AUPRC]  -  LA: 0.80508
[Test F1-max]  -  LA: 0.82759
Epoch: 79 | Loss: 4.768371297814156e-08  | Negative Loss: 0.0
[Test ROC-AUC]  -  SA: 0.00000,  LA: 0.79833
[Test AUPRC]  -  LA: 0.80588
[Test F1-max]  -  LA: 0.82759
Epoch: 80 | Loss: 4.768371297814156e-08  | Negative Loss: 0.0
[Test ROC-AUC]  -  SA: 0.00000,  LA: 0.79917
[Test AUPRC]  -  LA: 0.81141
[Test F1-max]  -  LA: 0.82759
Epoch: 81 | Loss: 4.768371297814156e-08  | Negative Loss: 0.0
[Test ROC-AUC]  -  SA: 0.00000,  LA: 0.79917
[Test AUPRC]  -  LA: 0.81142
[Test F1-max]  -  LA: 0.82759
Epoch: 82 | Loss: 4.768371297814156e-08  | Negative Loss: 0.0
[Test ROC-AUC]  -  SA: 0.00000,  LA: 0.79917
[Test AUPRC]  -  LA: 0.81142
[Test F1-max]  -  LA: 0.82759
Epoch: 83 | Loss: 4.768371297814156e-08  | Negative Loss: 0.0
[Test ROC-AUC]  -  SA: 0.00000,  LA: 0.79917
[Test AUPRC]  -  LA: 0.81142
[Test F1-max]  -  LA: 0.82759
Epoch: 84 | Loss: 4.768371297814156e-08  | Negative Loss: 0.0
[Test ROC-AUC]  -  SA: 0.00000,  LA: 0.79833
[Test AUPRC]  -  LA: 0.81112
[Test F1-max]  -  LA: 0.82759
Epoch: 85 | Loss: 4.768371297814156e-08  | Negative Loss: 0.0
[Test ROC-AUC]  -  SA: 0.00000,  LA: 0.79833
[Test AUPRC]  -  LA: 0.81112
[Test F1-max]  -  LA: 0.82759
Epoch: 86 | Loss: 4.768371297814156e-08  | Negative Loss: 0.0
[Test ROC-AUC]  -  SA: 0.00000,  LA: 0.79750
[Test AUPRC]  -  LA: 0.81057
[Test F1-max]  -  LA: 0.82759
Epoch: 87 | Loss: 4.768371297814156e-08  | Negative Loss: 0.0
[Test ROC-AUC]  -  SA: 0.00000,  LA: 0.79750
[Test AUPRC]  -  LA: 0.81057
[Test F1-max]  -  LA: 0.82759
Epoch: 88 | Loss: 4.768371297814156e-08  | Negative Loss: 0.0
[Test ROC-AUC]  -  SA: 0.00000,  LA: 0.79792
[Test AUPRC]  -  LA: 0.81085
[Test F1-max]  -  LA: 0.82759
Epoch: 89 | Loss: 4.768371297814156e-08  | Negative Loss: 0.0
[Test ROC-AUC]  -  SA: 0.00000,  LA: 0.79833
[Test AUPRC]  -  LA: 0.81112
[Test F1-max]  -  LA: 0.82759
Epoch: 90 | Loss: 4.768371297814156e-08  | Negative Loss: 0.0
[Test ROC-AUC]  -  SA: 0.00000,  LA: 0.79833
[Test AUPRC]  -  LA: 0.81112
[Test F1-max]  -  LA: 0.82759
Epoch: 91 | Loss: 4.768371297814156e-08  | Negative Loss: 0.0
[Test ROC-AUC]  -  SA: 0.00000,  LA: 0.79667
[Test AUPRC]  -  LA: 0.81001
[Test F1-max]  -  LA: 0.82759
Epoch: 92 | Loss: 4.768371297814156e-08  | Negative Loss: 0.0
[Test ROC-AUC]  -  SA: 0.00000,  LA: 0.79667
[Test AUPRC]  -  LA: 0.81001
[Test F1-max]  -  LA: 0.82759
Epoch: 93 | Loss: 4.768371297814156e-08  | Negative Loss: 0.0
[Test ROC-AUC]  -  SA: 0.00000,  LA: 0.79583
[Test AUPRC]  -  LA: 0.80944
[Test F1-max]  -  LA: 0.82759
Epoch: 94 | Loss: 4.768371297814156e-08  | Negative Loss: 0.0
[Test ROC-AUC]  -  SA: 0.00000,  LA: 0.79583
[Test AUPRC]  -  LA: 0.80944
[Test F1-max]  -  LA: 0.82759
Epoch: 95 | Loss: 4.768371297814156e-08  | Negative Loss: 0.0
[Test ROC-AUC]  -  SA: 0.00000,  LA: 0.79583
[Test AUPRC]  -  LA: 0.80944
[Test F1-max]  -  LA: 0.82759
Epoch: 96 | Loss: 4.768371297814156e-08  | Negative Loss: 0.0
[Test ROC-AUC]  -  SA: 0.00000,  LA: 0.79583
[Test AUPRC]  -  LA: 0.80943
[Test F1-max]  -  LA: 0.82759
Epoch: 97 | Loss: 4.768371297814156e-08  | Negative Loss: 0.0
[Test ROC-AUC]  -  SA: 0.00000,  LA: 0.79583
[Test AUPRC]  -  LA: 0.80944
[Test F1-max]  -  LA: 0.82759
Epoch: 98 | Loss: 4.768371297814156e-08  | Negative Loss: 0.0
[Test ROC-AUC]  -  SA: 0.00000,  LA: 0.79500
[Test AUPRC]  -  LA: 0.80904
[Test F1-max]  -  LA: 0.82609
Epoch: 99 | Loss: 4.768371297814156e-08  | Negative Loss: 0.0
Time consumption: 101.03249335289001
Best LA AUC: 0.8408333333333333
Best LA AUPC: 0.8645268388966556
Best LA F1-max: 0.8604651162790697
[Result] Experiment result appended to ./results/train_hybrid_result.csv

[END] 2026-03-19 10:20:09
[RETURN CODE] 0
