[START] 2026-03-19 10:23:45
[GPU] 1
[TASK] 70/160
[NAME] blue_splicing_promptad
[REPEAT] 10/10
[COMMAND] python train_hybrid.py --data_name blue_splicing --mask True --text True --double_encoder True --few_shot True --shot 5 --hybrid_model promptad --hybrid_weight 0.3 --hybrid_batch_size 16 --epoch 100 --log True --lr 5e-4 --detection True --preprocess True

/home/seungeon/miniconda3/envs/LAB/lib/python3.10/site-packages/timm/models/layers/__init__.py:48: FutureWarning: Importing from timm.models.layers is deprecated, please import via timm.layers
  warnings.warn(f"Importing from {__name__} is deprecated, please import via timm.layers", FutureWarning)
/home/seungeon/Workspace/side/vlm/train_hybrid.py:18: DeprecationWarning: The distutils package is deprecated and slated for removal in Python 3.12. Use setuptools or check PEP 632 for potential alternatives
  from distutils.util import strtobool
Torch version: 2.9.1+cu128
cuda is loaded for process
here?
In my local computer
Namespace(epoch=100, gpu_number='0', data_name='blue_splicing', lr=0.0005, batch_size=6, shuffle=True, seed=0, tag='default', model_name='ViT-B-32', pretrained_name='laion2b_s34b_b79k', lora=1, default=False, foundation='CLIP', detection=1, preprocess=1, num_rule=0, object_names=['a photo of orange connector', 'a photo of blue cable', 'a photo of yellow cable', 'a photo of red cable', 'a photo of metal panel'], objects_for_rules=[['a photo of orange connector'], ['a photo of orange connector'], ['a photo of blue cable'], ['a photo of blue cable'], ['a photo of orange connector'], ['a photo of orange connector', 'a photo of blue cable']], texts_for_rules=[['a photo of orange connector'], ['a photo of orange connector'], ['a photo of cable'], ['a photo of yellow cable'], ['a photo of blue cable'], ['a photo of orange connector and blue cable']], mask=1, text=1, score='mean', ciriculam_learning=False, few_shot=1, shot=5, log=1, neg_loss=0, double_encoder=1, pretrained_count_path=None, ris=0, rule_select='', rule_list=[], num_negative=5, hybrid_model='promptad', hybrid_weight=0.3, hybrid_class_name='', hybrid_batch_size=16, hybrid_backbone='ViT-B-16-plus-240', hybrid_pretrained_dataset='laion400m_e32', hybrid_scales=[2, 3], hybrid_img_resize=240, hybrid_img_cropsize=240, hybrid_resolution=400, hybrid_promptad_epoch=100, hybrid_promptad_lr=0.002, hybrid_promptad_momentum=0.9, hybrid_promptad_weight_decay=0.0005, hybrid_promptad_eta_min=1e-05, hybrid_promptad_lambda1=0.001, hybrid_promptad_n_ctx=4, hybrid_promptad_n_pro=3, hybrid_promptad_n_ctx_ab=1, hybrid_promptad_n_pro_ab=4, early_stop_k=10, result_log_path='./results/train_hybrid_result.csv')
[Hybrid] method=promptad, class_name=splicing_connectors, train=5, eval=70, base_path=/data3/seungeon/data/image/mvtec_loco_anomaly_detection/blue_splicing
[Hybrid-only] LA_AUC=0.67083, LA_AUPRC=0.73652, LA_F1=0.78000
[Data Description]
- Train: 5
- Test: 70

Train Start
[Test ROC-AUC]  -  SA: 0.00000,  LA: 0.58250
[Test AUPRC]  -  LA: 0.67136
[Test F1-max]  -  LA: 0.74766
Epoch: 0 | Loss: 16.67234230041504  | Negative Loss: 0.0
[Test ROC-AUC]  -  SA: 0.00000,  LA: 0.58417
[Test AUPRC]  -  LA: 0.67649
[Test F1-max]  -  LA: 0.75000
Epoch: 1 | Loss: 16.584976196289062  | Negative Loss: 0.0
[Test ROC-AUC]  -  SA: 0.00000,  LA: 0.61500
[Test AUPRC]  -  LA: 0.70392
[Test F1-max]  -  LA: 0.76190
Epoch: 2 | Loss: 15.761383056640625  | Negative Loss: 0.0
[Test ROC-AUC]  -  SA: 0.00000,  LA: 0.69167
[Test AUPRC]  -  LA: 0.77131
[Test F1-max]  -  LA: 0.76190
Epoch: 3 | Loss: 14.303560256958008  | Negative Loss: 0.0
[Test ROC-AUC]  -  SA: 0.00000,  LA: 0.73833
[Test AUPRC]  -  LA: 0.79997
[Test F1-max]  -  LA: 0.77551
Epoch: 4 | Loss: 12.346232414245605  | Negative Loss: 0.0
[Test ROC-AUC]  -  SA: 0.00000,  LA: 0.75417
[Test AUPRC]  -  LA: 0.81291
[Test F1-max]  -  LA: 0.78431
Epoch: 5 | Loss: 10.215160369873047  | Negative Loss: 0.0
[Test ROC-AUC]  -  SA: 0.00000,  LA: 0.76250
[Test AUPRC]  -  LA: 0.82241
[Test F1-max]  -  LA: 0.79208
Epoch: 6 | Loss: 8.147035598754883  | Negative Loss: 0.0
[Test ROC-AUC]  -  SA: 0.00000,  LA: 0.76500
[Test AUPRC]  -  LA: 0.81790
[Test F1-max]  -  LA: 0.78788
Epoch: 7 | Loss: 6.295108318328857  | Negative Loss: 0.0
[Test ROC-AUC]  -  SA: 0.00000,  LA: 0.76583
[Test AUPRC]  -  LA: 0.81659
[Test F1-max]  -  LA: 0.79592
Epoch: 8 | Loss: 4.7490057945251465  | Negative Loss: 0.0
[Test ROC-AUC]  -  SA: 0.00000,  LA: 0.75583
[Test AUPRC]  -  LA: 0.80445
[Test F1-max]  -  LA: 0.78000
Epoch: 9 | Loss: 3.4868428707122803  | Negative Loss: 0.0
[Test ROC-AUC]  -  SA: 0.00000,  LA: 0.75250
[Test AUPRC]  -  LA: 0.80203
[Test F1-max]  -  LA: 0.77228
Epoch: 10 | Loss: 2.5172600746154785  | Negative Loss: 0.0
[Test ROC-AUC]  -  SA: 0.00000,  LA: 0.76000
[Test AUPRC]  -  LA: 0.80804
[Test F1-max]  -  LA: 0.77670
Epoch: 11 | Loss: 1.7908098697662354  | Negative Loss: 0.0
[Test ROC-AUC]  -  SA: 0.00000,  LA: 0.76583
[Test AUPRC]  -  LA: 0.81407
[Test F1-max]  -  LA: 0.77670
Epoch: 12 | Loss: 1.2529116868972778  | Negative Loss: 0.0
[Test ROC-AUC]  -  SA: 0.00000,  LA: 0.77417
[Test AUPRC]  -  LA: 0.81775
[Test F1-max]  -  LA: 0.78431
Epoch: 13 | Loss: 0.8505877256393433  | Negative Loss: 0.0
[Test ROC-AUC]  -  SA: 0.00000,  LA: 0.77583
[Test AUPRC]  -  LA: 0.82156
[Test F1-max]  -  LA: 0.78431
Epoch: 14 | Loss: 0.5537801384925842  | Negative Loss: 0.0
[Test ROC-AUC]  -  SA: 0.00000,  LA: 0.77333
[Test AUPRC]  -  LA: 0.82405
[Test F1-max]  -  LA: 0.78431
Epoch: 15 | Loss: 0.3453221619129181  | Negative Loss: 0.0
[Test ROC-AUC]  -  SA: 0.00000,  LA: 0.77000
[Test AUPRC]  -  LA: 0.82892
[Test F1-max]  -  LA: 0.78431
Epoch: 16 | Loss: 0.20816805958747864  | Negative Loss: 0.0
[Test ROC-AUC]  -  SA: 0.00000,  LA: 0.77250
[Test AUPRC]  -  LA: 0.83055
[Test F1-max]  -  LA: 0.79208
Epoch: 17 | Loss: 0.12239791452884674  | Negative Loss: 0.0
[Test ROC-AUC]  -  SA: 0.00000,  LA: 0.77500
[Test AUPRC]  -  LA: 0.83425
[Test F1-max]  -  LA: 0.79208
Epoch: 18 | Loss: 0.07075072824954987  | Negative Loss: 0.0
[Test ROC-AUC]  -  SA: 0.00000,  LA: 0.77833
[Test AUPRC]  -  LA: 0.83979
[Test F1-max]  -  LA: 0.79208
Epoch: 19 | Loss: 0.04056559503078461  | Negative Loss: 0.0
[Test ROC-AUC]  -  SA: 0.00000,  LA: 0.78333
[Test AUPRC]  -  LA: 0.84921
[Test F1-max]  -  LA: 0.79208
Epoch: 20 | Loss: 0.023203134536743164  | Negative Loss: 0.0
[Test ROC-AUC]  -  SA: 0.00000,  LA: 0.78500
[Test AUPRC]  -  LA: 0.85263
[Test F1-max]  -  LA: 0.79208
Epoch: 21 | Loss: 0.013315260410308838  | Negative Loss: 0.0
[Test ROC-AUC]  -  SA: 0.00000,  LA: 0.78500
[Test AUPRC]  -  LA: 0.84718
[Test F1-max]  -  LA: 0.79208
Epoch: 22 | Loss: 0.0076935566030442715  | Negative Loss: 0.0
[Test ROC-AUC]  -  SA: 0.00000,  LA: 0.78917
[Test AUPRC]  -  LA: 0.84976
[Test F1-max]  -  LA: 0.79208
Epoch: 23 | Loss: 0.004494252149015665  | Negative Loss: 0.0
[Test ROC-AUC]  -  SA: 0.00000,  LA: 0.78083
[Test AUPRC]  -  LA: 0.84220
[Test F1-max]  -  LA: 0.79208
Epoch: 24 | Loss: 0.0026626104954630136  | Negative Loss: 0.0
[Test ROC-AUC]  -  SA: 0.00000,  LA: 0.77583
[Test AUPRC]  -  LA: 0.83763
[Test F1-max]  -  LA: 0.79208
Epoch: 25 | Loss: 0.001606268691830337  | Negative Loss: 0.0
[Test ROC-AUC]  -  SA: 0.00000,  LA: 0.78333
[Test AUPRC]  -  LA: 0.83946
[Test F1-max]  -  LA: 0.80000
Epoch: 26 | Loss: 0.0009904536418616772  | Negative Loss: 0.0
[Test ROC-AUC]  -  SA: 0.00000,  LA: 0.78250
[Test AUPRC]  -  LA: 0.83874
[Test F1-max]  -  LA: 0.80412
Epoch: 27 | Loss: 0.0006240980583243072  | Negative Loss: 0.0
[Test ROC-AUC]  -  SA: 0.00000,  LA: 0.78333
[Test AUPRC]  -  LA: 0.83423
[Test F1-max]  -  LA: 0.81633
Epoch: 28 | Loss: 0.000402228906750679  | Negative Loss: 0.0
[Test ROC-AUC]  -  SA: 0.00000,  LA: 0.78167
[Test AUPRC]  -  LA: 0.83207
[Test F1-max]  -  LA: 0.81633
Epoch: 29 | Loss: 0.00026531179901212454  | Negative Loss: 0.0
[Test ROC-AUC]  -  SA: 0.00000,  LA: 0.77917
[Test AUPRC]  -  LA: 0.83212
[Test F1-max]  -  LA: 0.80808
Epoch: 30 | Loss: 0.000179017340997234  | Negative Loss: 0.0
[Test ROC-AUC]  -  SA: 0.00000,  LA: 0.78000
[Test AUPRC]  -  LA: 0.83206
[Test F1-max]  -  LA: 0.80808
Epoch: 31 | Loss: 0.0001234954543178901  | Negative Loss: 0.0
[Test ROC-AUC]  -  SA: 0.00000,  LA: 0.77917
[Test AUPRC]  -  LA: 0.83216
[Test F1-max]  -  LA: 0.81250
Epoch: 32 | Loss: 8.721081394469365e-05  | Negative Loss: 0.0
[Test ROC-AUC]  -  SA: 0.00000,  LA: 0.78542
[Test AUPRC]  -  LA: 0.83651
[Test F1-max]  -  LA: 0.81250
Epoch: 33 | Loss: 6.298877269728109e-05  | Negative Loss: 0.0
[Test ROC-AUC]  -  SA: 0.00000,  LA: 0.78500
[Test AUPRC]  -  LA: 0.83489
[Test F1-max]  -  LA: 0.81250
Epoch: 34 | Loss: 4.6443165047094226e-05  | Negative Loss: 0.0
[Test ROC-AUC]  -  SA: 0.00000,  LA: 0.78167
[Test AUPRC]  -  LA: 0.83101
[Test F1-max]  -  LA: 0.81250
Epoch: 35 | Loss: 3.492788164294325e-05  | Negative Loss: 0.0
[Test ROC-AUC]  -  SA: 0.00000,  LA: 0.78167
[Test AUPRC]  -  LA: 0.83009
[Test F1-max]  -  LA: 0.81250
Epoch: 36 | Loss: 2.6821830033441074e-05  | Negative Loss: 0.0
[Test ROC-AUC]  -  SA: 0.00000,  LA: 0.77917
[Test AUPRC]  -  LA: 0.82824
[Test F1-max]  -  LA: 0.81250
Epoch: 37 | Loss: 2.102835787809454e-05  | Negative Loss: 0.0
[Test ROC-AUC]  -  SA: 0.00000,  LA: 0.77667
[Test AUPRC]  -  LA: 0.82692
[Test F1-max]  -  LA: 0.81250
Epoch: 38 | Loss: 1.6736881661927328e-05  | Negative Loss: 0.0
[Test ROC-AUC]  -  SA: 0.00000,  LA: 0.77833
[Test AUPRC]  -  LA: 0.82869
[Test F1-max]  -  LA: 0.81250
Epoch: 39 | Loss: 1.3589792615675833e-05  | Negative Loss: 0.0
[Test ROC-AUC]  -  SA: 0.00000,  LA: 0.77917
[Test AUPRC]  -  LA: 0.82895
[Test F1-max]  -  LA: 0.81250
Epoch: 40 | Loss: 1.1181786248926073e-05  | Negative Loss: 0.0
[Test ROC-AUC]  -  SA: 0.00000,  LA: 0.78167
[Test AUPRC]  -  LA: 0.83010
[Test F1-max]  -  LA: 0.81250
Epoch: 41 | Loss: 9.34597755986033e-06  | Negative Loss: 0.0
[Test ROC-AUC]  -  SA: 0.00000,  LA: 0.78083
[Test AUPRC]  -  LA: 0.82925
[Test F1-max]  -  LA: 0.81250
Epoch: 42 | Loss: 7.915474270703271e-06  | Negative Loss: 0.0
[Test ROC-AUC]  -  SA: 0.00000,  LA: 0.77500
[Test AUPRC]  -  LA: 0.82434
[Test F1-max]  -  LA: 0.81250
Epoch: 43 | Loss: 6.771071184630273e-06  | Negative Loss: 0.0
[Test ROC-AUC]  -  SA: 0.00000,  LA: 0.77500
[Test AUPRC]  -  LA: 0.82270
[Test F1-max]  -  LA: 0.81250
Epoch: 44 | Loss: 5.888926352781709e-06  | Negative Loss: 0.0
[Test ROC-AUC]  -  SA: 0.00000,  LA: 0.77417
[Test AUPRC]  -  LA: 0.82115
[Test F1-max]  -  LA: 0.81250
Epoch: 45 | Loss: 5.125989446241874e-06  | Negative Loss: 0.0
[Test ROC-AUC]  -  SA: 0.00000,  LA: 0.77417
[Test AUPRC]  -  LA: 0.82123
[Test F1-max]  -  LA: 0.81250
Epoch: 46 | Loss: 4.553787221084349e-06  | Negative Loss: 0.0
[Test ROC-AUC]  -  SA: 0.00000,  LA: 0.77500
[Test AUPRC]  -  LA: 0.82043
[Test F1-max]  -  LA: 0.81250
Epoch: 47 | Loss: 4.076951881870627e-06  | Negative Loss: 0.0
[Test ROC-AUC]  -  SA: 0.00000,  LA: 0.77417
[Test AUPRC]  -  LA: 0.81914
[Test F1-max]  -  LA: 0.81250
Epoch: 48 | Loss: 3.695482973853359e-06  | Negative Loss: 0.0
[Test ROC-AUC]  -  SA: 0.00000,  LA: 0.77417
[Test AUPRC]  -  LA: 0.81914
[Test F1-max]  -  LA: 0.81250
Epoch: 49 | Loss: 3.385539457667619e-06  | Negative Loss: 0.0
[Test ROC-AUC]  -  SA: 0.00000,  LA: 0.77417
[Test AUPRC]  -  LA: 0.81719
[Test F1-max]  -  LA: 0.81250
Epoch: 50 | Loss: 3.0994378903415054e-06  | Negative Loss: 0.0
[Test ROC-AUC]  -  SA: 0.00000,  LA: 0.77083
[Test AUPRC]  -  LA: 0.81368
[Test F1-max]  -  LA: 0.81250
Epoch: 51 | Loss: 2.8848617148469202e-06  | Negative Loss: 0.0
[Test ROC-AUC]  -  SA: 0.00000,  LA: 0.77000
[Test AUPRC]  -  LA: 0.81330
[Test F1-max]  -  LA: 0.81250
Epoch: 52 | Loss: 2.6702853119786596e-06  | Negative Loss: 0.0
[Test ROC-AUC]  -  SA: 0.00000,  LA: 0.77000
[Test AUPRC]  -  LA: 0.81365
[Test F1-max]  -  LA: 0.80412
Epoch: 53 | Loss: 2.503392806829652e-06  | Negative Loss: 0.0
[Test ROC-AUC]  -  SA: 0.00000,  LA: 0.77083
[Test AUPRC]  -  LA: 0.81350
[Test F1-max]  -  LA: 0.80412
Epoch: 54 | Loss: 2.3126583528210176e-06  | Negative Loss: 0.0
[Test ROC-AUC]  -  SA: 0.00000,  LA: 0.77083
[Test AUPRC]  -  LA: 0.81346
[Test F1-max]  -  LA: 0.80412
Epoch: 55 | Loss: 2.2172907847561873e-06  | Negative Loss: 0.0
[Test ROC-AUC]  -  SA: 0.00000,  LA: 0.77000
[Test AUPRC]  -  LA: 0.81315
[Test F1-max]  -  LA: 0.80412
Epoch: 56 | Loss: 2.050398506980855e-06  | Negative Loss: 0.0
[Test ROC-AUC]  -  SA: 0.00000,  LA: 0.76917
[Test AUPRC]  -  LA: 0.81241
[Test F1-max]  -  LA: 0.80412
Epoch: 57 | Loss: 2.002714609261602e-06  | Negative Loss: 0.0
[Test ROC-AUC]  -  SA: 0.00000,  LA: 0.76750
[Test AUPRC]  -  LA: 0.81166
[Test F1-max]  -  LA: 0.80412
Epoch: 58 | Loss: 1.8835054333976586e-06  | Negative Loss: 0.0
[Test ROC-AUC]  -  SA: 0.00000,  LA: 0.76500
[Test AUPRC]  -  LA: 0.80724
[Test F1-max]  -  LA: 0.80412
Epoch: 59 | Loss: 1.8358217630520812e-06  | Negative Loss: 0.0
[Test ROC-AUC]  -  SA: 0.00000,  LA: 0.76417
[Test AUPRC]  -  LA: 0.80527
[Test F1-max]  -  LA: 0.80412
Epoch: 60 | Loss: 1.7642963712205528e-06  | Negative Loss: 0.0
[Test ROC-AUC]  -  SA: 0.00000,  LA: 0.76500
[Test AUPRC]  -  LA: 0.80571
[Test F1-max]  -  LA: 0.80412
Epoch: 61 | Loss: 1.692770752015349e-06  | Negative Loss: 0.0
[Test ROC-AUC]  -  SA: 0.00000,  LA: 0.76708
[Test AUPRC]  -  LA: 0.80712
[Test F1-max]  -  LA: 0.80412
Epoch: 62 | Loss: 1.6212452464969829e-06  | Negative Loss: 0.0
[Test ROC-AUC]  -  SA: 0.00000,  LA: 0.76708
[Test AUPRC]  -  LA: 0.80713
[Test F1-max]  -  LA: 0.80412
Epoch: 63 | Loss: 1.5974034113241942e-06  | Negative Loss: 0.0
[Test ROC-AUC]  -  SA: 0.00000,  LA: 0.76667
[Test AUPRC]  -  LA: 0.80587
[Test F1-max]  -  LA: 0.80412
Epoch: 64 | Loss: 1.5497198546654545e-06  | Negative Loss: 0.0
[Test ROC-AUC]  -  SA: 0.00000,  LA: 0.76500
[Test AUPRC]  -  LA: 0.80567
[Test F1-max]  -  LA: 0.80412
Epoch: 65 | Loss: 1.5497198546654545e-06  | Negative Loss: 0.0
[Test ROC-AUC]  -  SA: 0.00000,  LA: 0.76250
[Test AUPRC]  -  LA: 0.80442
[Test F1-max]  -  LA: 0.80412
Epoch: 66 | Loss: 1.502036184319877e-06  | Negative Loss: 0.0
[Test ROC-AUC]  -  SA: 0.00000,  LA: 0.76333
[Test AUPRC]  -  LA: 0.80493
[Test F1-max]  -  LA: 0.80412
Epoch: 67 | Loss: 1.478194462833926e-06  | Negative Loss: 0.0
[Test ROC-AUC]  -  SA: 0.00000,  LA: 0.76333
[Test AUPRC]  -  LA: 0.80493
[Test F1-max]  -  LA: 0.80412
Epoch: 68 | Loss: 1.40666895731556e-06  | Negative Loss: 0.0
[Test ROC-AUC]  -  SA: 0.00000,  LA: 0.76333
[Test AUPRC]  -  LA: 0.80493
[Test F1-max]  -  LA: 0.80412
Epoch: 69 | Loss: 1.40666895731556e-06  | Negative Loss: 0.0
[Test ROC-AUC]  -  SA: 0.00000,  LA: 0.76333
[Test AUPRC]  -  LA: 0.80493
[Test F1-max]  -  LA: 0.80412
Epoch: 70 | Loss: 1.40666895731556e-06  | Negative Loss: 0.0
[Test ROC-AUC]  -  SA: 0.00000,  LA: 0.76417
[Test AUPRC]  -  LA: 0.80658
[Test F1-max]  -  LA: 0.80412
Epoch: 71 | Loss: 1.40666895731556e-06  | Negative Loss: 0.0
[Test ROC-AUC]  -  SA: 0.00000,  LA: 0.76417
[Test AUPRC]  -  LA: 0.80658
[Test F1-max]  -  LA: 0.80412
Epoch: 72 | Loss: 1.3828270084559335e-06  | Negative Loss: 0.0
[Test ROC-AUC]  -  SA: 0.00000,  LA: 0.76417
[Test AUPRC]  -  LA: 0.80658
[Test F1-max]  -  LA: 0.80412
Epoch: 73 | Loss: 1.3589852869699826e-06  | Negative Loss: 0.0
[Test ROC-AUC]  -  SA: 0.00000,  LA: 0.76417
[Test AUPRC]  -  LA: 0.80658
[Test F1-max]  -  LA: 0.80412
Epoch: 74 | Loss: 1.3351434517971938e-06  | Negative Loss: 0.0
[Test ROC-AUC]  -  SA: 0.00000,  LA: 0.76500
[Test AUPRC]  -  LA: 0.80766
[Test F1-max]  -  LA: 0.80412
Epoch: 75 | Loss: 1.26361783259199e-06  | Negative Loss: 0.0
[Test ROC-AUC]  -  SA: 0.00000,  LA: 0.76500
[Test AUPRC]  -  LA: 0.80766
[Test F1-max]  -  LA: 0.80412
Epoch: 76 | Loss: 1.2636177189051523e-06  | Negative Loss: 0.0
[Test ROC-AUC]  -  SA: 0.00000,  LA: 0.76417
[Test AUPRC]  -  LA: 0.80658
[Test F1-max]  -  LA: 0.80412
Epoch: 77 | Loss: 1.26361783259199e-06  | Negative Loss: 0.0
[Test ROC-AUC]  -  SA: 0.00000,  LA: 0.76417
[Test AUPRC]  -  LA: 0.80658
[Test F1-max]  -  LA: 0.80412
Epoch: 78 | Loss: 1.26361783259199e-06  | Negative Loss: 0.0
[Test ROC-AUC]  -  SA: 0.00000,  LA: 0.76417
[Test AUPRC]  -  LA: 0.80658
[Test F1-max]  -  LA: 0.80412
Epoch: 79 | Loss: 1.26361783259199e-06  | Negative Loss: 0.0
[Test ROC-AUC]  -  SA: 0.00000,  LA: 0.76417
[Test AUPRC]  -  LA: 0.80658
[Test F1-max]  -  LA: 0.80412
Epoch: 80 | Loss: 1.26361783259199e-06  | Negative Loss: 0.0
[Test ROC-AUC]  -  SA: 0.00000,  LA: 0.76417
[Test AUPRC]  -  LA: 0.80658
[Test F1-max]  -  LA: 0.80412
Epoch: 81 | Loss: 1.26361783259199e-06  | Negative Loss: 0.0
[Test ROC-AUC]  -  SA: 0.00000,  LA: 0.76333
[Test AUPRC]  -  LA: 0.80493
[Test F1-max]  -  LA: 0.80412
Epoch: 82 | Loss: 1.2397759974192013e-06  | Negative Loss: 0.0
[Test ROC-AUC]  -  SA: 0.00000,  LA: 0.76333
[Test AUPRC]  -  LA: 0.80493
[Test F1-max]  -  LA: 0.80412
Epoch: 83 | Loss: 1.2397759974192013e-06  | Negative Loss: 0.0
[Test ROC-AUC]  -  SA: 0.00000,  LA: 0.76333
[Test AUPRC]  -  LA: 0.80493
[Test F1-max]  -  LA: 0.80412
Epoch: 84 | Loss: 1.2159341622464126e-06  | Negative Loss: 0.0
[Test ROC-AUC]  -  SA: 0.00000,  LA: 0.76333
[Test AUPRC]  -  LA: 0.80493
[Test F1-max]  -  LA: 0.80412
Epoch: 85 | Loss: 1.2159341622464126e-06  | Negative Loss: 0.0
[Test ROC-AUC]  -  SA: 0.00000,  LA: 0.76417
[Test AUPRC]  -  LA: 0.80600
[Test F1-max]  -  LA: 0.80412
Epoch: 86 | Loss: 1.1920923270736239e-06  | Negative Loss: 0.0
[Test ROC-AUC]  -  SA: 0.00000,  LA: 0.76417
[Test AUPRC]  -  LA: 0.80600
[Test F1-max]  -  LA: 0.80412
Epoch: 87 | Loss: 1.1920923270736239e-06  | Negative Loss: 0.0
[Test ROC-AUC]  -  SA: 0.00000,  LA: 0.76417
[Test AUPRC]  -  LA: 0.80600
[Test F1-max]  -  LA: 0.80412
Epoch: 88 | Loss: 1.1920923270736239e-06  | Negative Loss: 0.0
[Test ROC-AUC]  -  SA: 0.00000,  LA: 0.76417
[Test AUPRC]  -  LA: 0.80600
[Test F1-max]  -  LA: 0.80412
Epoch: 89 | Loss: 1.1920923270736239e-06  | Negative Loss: 0.0
[Test ROC-AUC]  -  SA: 0.00000,  LA: 0.76458
[Test AUPRC]  -  LA: 0.80624
[Test F1-max]  -  LA: 0.80412
Epoch: 90 | Loss: 1.1920923270736239e-06  | Negative Loss: 0.0
[Test ROC-AUC]  -  SA: 0.00000,  LA: 0.76333
[Test AUPRC]  -  LA: 0.80493
[Test F1-max]  -  LA: 0.80412
Epoch: 91 | Loss: 1.1920923270736239e-06  | Negative Loss: 0.0
[Test ROC-AUC]  -  SA: 0.00000,  LA: 0.76333
[Test AUPRC]  -  LA: 0.80493
[Test F1-max]  -  LA: 0.80412
Epoch: 92 | Loss: 1.1920923270736239e-06  | Negative Loss: 0.0
[Test ROC-AUC]  -  SA: 0.00000,  LA: 0.76333
[Test AUPRC]  -  LA: 0.80493
[Test F1-max]  -  LA: 0.80412
Epoch: 93 | Loss: 1.1682504919008352e-06  | Negative Loss: 0.0
[Test ROC-AUC]  -  SA: 0.00000,  LA: 0.76333
[Test AUPRC]  -  LA: 0.80493
[Test F1-max]  -  LA: 0.80412
Epoch: 94 | Loss: 1.1682503782139975e-06  | Negative Loss: 0.0
[Test ROC-AUC]  -  SA: 0.00000,  LA: 0.76333
[Test AUPRC]  -  LA: 0.80493
[Test F1-max]  -  LA: 0.80412
Epoch: 95 | Loss: 1.1682503782139975e-06  | Negative Loss: 0.0
[Test ROC-AUC]  -  SA: 0.00000,  LA: 0.76333
[Test AUPRC]  -  LA: 0.80493
[Test F1-max]  -  LA: 0.80412
Epoch: 96 | Loss: 1.1682503782139975e-06  | Negative Loss: 0.0
[Test ROC-AUC]  -  SA: 0.00000,  LA: 0.76333
[Test AUPRC]  -  LA: 0.80493
[Test F1-max]  -  LA: 0.80412
Epoch: 97 | Loss: 1.1682503782139975e-06  | Negative Loss: 0.0
[Test ROC-AUC]  -  SA: 0.00000,  LA: 0.76333
[Test AUPRC]  -  LA: 0.80493
[Test F1-max]  -  LA: 0.80412
Epoch: 98 | Loss: 1.1682503782139975e-06  | Negative Loss: 0.0
[Test ROC-AUC]  -  SA: 0.00000,  LA: 0.76333
[Test AUPRC]  -  LA: 0.80493
[Test F1-max]  -  LA: 0.80412
Epoch: 99 | Loss: 1.1682503782139975e-06  | Negative Loss: 0.0
Time consumption: 99.54021000862122
Best LA AUC: 0.7891666666666667
Best LA AUPC: 0.8526314262334493
Best LA F1-max: 0.8163265306122449
[Result] Experiment result appended to ./results/train_hybrid_result.csv

[END] 2026-03-19 10:27:18
[RETURN CODE] 0
