[START] 2026-03-19 10:51:25
[GPU] 1
[TASK] 102/160
[NAME] red_splicing_promptad
[REPEAT] 2/10
[COMMAND] python train_hybrid.py --data_name red_splicing --mask True --text True --double_encoder True --few_shot True --shot 5 --hybrid_model promptad --hybrid_weight 0.3 --hybrid_batch_size 16 --epoch 100 --log True --lr 5e-4 --detection True --preprocess True

/home/seungeon/miniconda3/envs/LAB/lib/python3.10/site-packages/timm/models/layers/__init__.py:48: FutureWarning: Importing from timm.models.layers is deprecated, please import via timm.layers
  warnings.warn(f"Importing from {__name__} is deprecated, please import via timm.layers", FutureWarning)
/home/seungeon/Workspace/side/vlm/train_hybrid.py:18: DeprecationWarning: The distutils package is deprecated and slated for removal in Python 3.12. Use setuptools or check PEP 632 for potential alternatives
  from distutils.util import strtobool
Torch version: 2.9.1+cu128
cuda is loaded for process
here?
In my local computer
Namespace(epoch=100, gpu_number='0', data_name='red_splicing', lr=0.0005, batch_size=6, shuffle=True, seed=0, tag='default', model_name='ViT-B-32', pretrained_name='laion2b_s34b_b79k', lora=1, default=False, foundation='CLIP', detection=1, preprocess=1, num_rule=0, object_names=['a photo of orange connector', 'a photo of red cable', 'a photo of yellow cable', 'a photo of blue cable', 'a photo of metal panel'], objects_for_rules=[['a photo of orange connector'], ['a photo of orange connector'], ['a photo of red cable'], ['a photo of red cable'], ['a photo of orange connector'], ['a photo of orange connector', 'a photo of red cable']], texts_for_rules=[['a photo of orange connector'], ['a photo of orange connector'], ['a photo of red cable'], ['a photo of red cable'], ['a photo of orange connector'], ['a photo of orange connector and red cable']], mask=1, text=1, score='mean', ciriculam_learning=False, few_shot=1, shot=5, log=1, neg_loss=0, double_encoder=1, pretrained_count_path=None, ris=0, rule_select='', rule_list=[], num_negative=5, hybrid_model='promptad', hybrid_weight=0.3, hybrid_class_name='', hybrid_batch_size=16, hybrid_backbone='ViT-B-16-plus-240', hybrid_pretrained_dataset='laion400m_e32', hybrid_scales=[2, 3], hybrid_img_resize=240, hybrid_img_cropsize=240, hybrid_resolution=400, hybrid_promptad_epoch=100, hybrid_promptad_lr=0.002, hybrid_promptad_momentum=0.9, hybrid_promptad_weight_decay=0.0005, hybrid_promptad_eta_min=1e-05, hybrid_promptad_lambda1=0.001, hybrid_promptad_n_ctx=4, hybrid_promptad_n_pro=3, hybrid_promptad_n_ctx_ab=1, hybrid_promptad_n_pro_ab=4, early_stop_k=10, result_log_path='./results/train_hybrid_result.csv')
[Hybrid] method=promptad, class_name=splicing_connectors, train=5, eval=89, base_path=/data3/seungeon/data/image/mvtec_loco_anomaly_detection/red_splicing
[Hybrid-only] LA_AUC=0.76913, LA_AUPRC=0.62215, LA_F1=0.78431
[Data Description]
- Train: 5
- Test: 89

Train Start
[Test ROC-AUC]  -  SA: 0.00000,  LA: 0.58367
[Test AUPRC]  -  LA: 0.54622
[Test F1-max]  -  LA: 0.64957
Epoch: 0 | Loss: 9.164078712463379  | Negative Loss: 0.0
[Test ROC-AUC]  -  SA: 0.00000,  LA: 0.58520
[Test AUPRC]  -  LA: 0.54453
[Test F1-max]  -  LA: 0.64407
Epoch: 1 | Loss: 9.1192626953125  | Negative Loss: 0.0
[Test ROC-AUC]  -  SA: 0.00000,  LA: 0.59592
[Test AUPRC]  -  LA: 0.55862
[Test F1-max]  -  LA: 0.66667
Epoch: 2 | Loss: 8.49148178100586  | Negative Loss: 0.0
[Test ROC-AUC]  -  SA: 0.00000,  LA: 0.58520
[Test AUPRC]  -  LA: 0.55445
[Test F1-max]  -  LA: 0.66667
Epoch: 3 | Loss: 7.458246231079102  | Negative Loss: 0.0
[Test ROC-AUC]  -  SA: 0.00000,  LA: 0.60051
[Test AUPRC]  -  LA: 0.57829
[Test F1-max]  -  LA: 0.67227
Epoch: 4 | Loss: 6.237151622772217  | Negative Loss: 0.0
[Test ROC-AUC]  -  SA: 0.00000,  LA: 0.61990
[Test AUPRC]  -  LA: 0.62585
[Test F1-max]  -  LA: 0.67227
Epoch: 5 | Loss: 5.080136299133301  | Negative Loss: 0.0
[Test ROC-AUC]  -  SA: 0.00000,  LA: 0.64082
[Test AUPRC]  -  LA: 0.63959
[Test F1-max]  -  LA: 0.67227
Epoch: 6 | Loss: 4.084634304046631  | Negative Loss: 0.0
[Test ROC-AUC]  -  SA: 0.00000,  LA: 0.67653
[Test AUPRC]  -  LA: 0.66556
[Test F1-max]  -  LA: 0.67227
Epoch: 7 | Loss: 3.20204496383667  | Negative Loss: 0.0
[Test ROC-AUC]  -  SA: 0.00000,  LA: 0.69286
[Test AUPRC]  -  LA: 0.66952
[Test F1-max]  -  LA: 0.68627
Epoch: 8 | Loss: 2.436539888381958  | Negative Loss: 0.0
[Test ROC-AUC]  -  SA: 0.00000,  LA: 0.70306
[Test AUPRC]  -  LA: 0.67264
[Test F1-max]  -  LA: 0.68468
Epoch: 9 | Loss: 1.7833753824234009  | Negative Loss: 0.0
[Test ROC-AUC]  -  SA: 0.00000,  LA: 0.71020
[Test AUPRC]  -  LA: 0.67426
[Test F1-max]  -  LA: 0.70370
Epoch: 10 | Loss: 1.2481577396392822  | Negative Loss: 0.0
[Test ROC-AUC]  -  SA: 0.00000,  LA: 0.71378
[Test AUPRC]  -  LA: 0.67224
[Test F1-max]  -  LA: 0.70909
Epoch: 11 | Loss: 0.8287374973297119  | Negative Loss: 0.0
[Test ROC-AUC]  -  SA: 0.00000,  LA: 0.71480
[Test AUPRC]  -  LA: 0.66858
[Test F1-max]  -  LA: 0.72222
Epoch: 12 | Loss: 0.5250216722488403  | Negative Loss: 0.0
[Test ROC-AUC]  -  SA: 0.00000,  LA: 0.72143
[Test AUPRC]  -  LA: 0.66150
[Test F1-max]  -  LA: 0.73585
Epoch: 13 | Loss: 0.32149791717529297  | Negative Loss: 0.0
[Test ROC-AUC]  -  SA: 0.00000,  LA: 0.72857
[Test AUPRC]  -  LA: 0.66133
[Test F1-max]  -  LA: 0.73786
Epoch: 14 | Loss: 0.19166463613510132  | Negative Loss: 0.0
[Test ROC-AUC]  -  SA: 0.00000,  LA: 0.73418
[Test AUPRC]  -  LA: 0.65557
[Test F1-max]  -  LA: 0.74286
Epoch: 15 | Loss: 0.11179251223802567  | Negative Loss: 0.0
[Test ROC-AUC]  -  SA: 0.00000,  LA: 0.73827
[Test AUPRC]  -  LA: 0.64302
[Test F1-max]  -  LA: 0.73786
Epoch: 16 | Loss: 0.06426148861646652  | Negative Loss: 0.0
[Test ROC-AUC]  -  SA: 0.00000,  LA: 0.74439
[Test AUPRC]  -  LA: 0.64325
[Test F1-max]  -  LA: 0.74286
Epoch: 17 | Loss: 0.0366043820977211  | Negative Loss: 0.0
[Test ROC-AUC]  -  SA: 0.00000,  LA: 0.75051
[Test AUPRC]  -  LA: 0.62429
[Test F1-max]  -  LA: 0.75000
Epoch: 18 | Loss: 0.02074522338807583  | Negative Loss: 0.0
[Test ROC-AUC]  -  SA: 0.00000,  LA: 0.75561
[Test AUPRC]  -  LA: 0.62656
[Test F1-max]  -  LA: 0.75000
Epoch: 19 | Loss: 0.01176572684198618  | Negative Loss: 0.0
[Test ROC-AUC]  -  SA: 0.00000,  LA: 0.76786
[Test AUPRC]  -  LA: 0.63390
[Test F1-max]  -  LA: 0.75728
Epoch: 20 | Loss: 0.006700662896037102  | Negative Loss: 0.0
[Test ROC-AUC]  -  SA: 0.00000,  LA: 0.77449
[Test AUPRC]  -  LA: 0.63873
[Test F1-max]  -  LA: 0.76289
Epoch: 21 | Loss: 0.0038507054559886456  | Negative Loss: 0.0
[Test ROC-AUC]  -  SA: 0.00000,  LA: 0.78061
[Test AUPRC]  -  LA: 0.64120
[Test F1-max]  -  LA: 0.77551
Epoch: 22 | Loss: 0.002240131376311183  | Negative Loss: 0.0
[Test ROC-AUC]  -  SA: 0.00000,  LA: 0.78724
[Test AUPRC]  -  LA: 0.64636
[Test F1-max]  -  LA: 0.77551
Epoch: 23 | Loss: 0.0013231150805950165  | Negative Loss: 0.0
[Test ROC-AUC]  -  SA: 0.00000,  LA: 0.79490
[Test AUPRC]  -  LA: 0.65422
[Test F1-max]  -  LA: 0.76768
Epoch: 24 | Loss: 0.0007946166442707181  | Negative Loss: 0.0
[Test ROC-AUC]  -  SA: 0.00000,  LA: 0.80000
[Test AUPRC]  -  LA: 0.65805
[Test F1-max]  -  LA: 0.77228
Epoch: 25 | Loss: 0.00048611799138598144  | Negative Loss: 0.0
[Test ROC-AUC]  -  SA: 0.00000,  LA: 0.80051
[Test AUPRC]  -  LA: 0.65782
[Test F1-max]  -  LA: 0.77228
Epoch: 26 | Loss: 0.0003034339752048254  | Negative Loss: 0.0
[Test ROC-AUC]  -  SA: 0.00000,  LA: 0.80153
[Test AUPRC]  -  LA: 0.65706
[Test F1-max]  -  LA: 0.77228
Epoch: 27 | Loss: 0.00019351422088220716  | Negative Loss: 0.0
[Test ROC-AUC]  -  SA: 0.00000,  LA: 0.80204
[Test AUPRC]  -  LA: 0.65682
[Test F1-max]  -  LA: 0.77228
Epoch: 28 | Loss: 0.00012609532859642059  | Negative Loss: 0.0
[Test ROC-AUC]  -  SA: 0.00000,  LA: 0.80102
[Test AUPRC]  -  LA: 0.65623
[Test F1-max]  -  LA: 0.77228
Epoch: 29 | Loss: 8.394532051170245e-05  | Negative Loss: 0.0
[Test ROC-AUC]  -  SA: 0.00000,  LA: 0.80255
[Test AUPRC]  -  LA: 0.65749
[Test F1-max]  -  LA: 0.77228
Epoch: 30 | Loss: 5.721959678339772e-05  | Negative Loss: 0.0
[Test ROC-AUC]  -  SA: 0.00000,  LA: 0.80255
[Test AUPRC]  -  LA: 0.65502
[Test F1-max]  -  LA: 0.77228
Epoch: 31 | Loss: 3.983933129347861e-05  | Negative Loss: 0.0
[Test ROC-AUC]  -  SA: 0.00000,  LA: 0.80561
[Test AUPRC]  -  LA: 0.65725
[Test F1-max]  -  LA: 0.77419
Epoch: 32 | Loss: 2.8395446861395612e-05  | Negative Loss: 0.0
[Test ROC-AUC]  -  SA: 0.00000,  LA: 0.80663
[Test AUPRC]  -  LA: 0.65645
[Test F1-max]  -  LA: 0.77419
Epoch: 33 | Loss: 2.0623097952920943e-05  | Negative Loss: 0.0
[Test ROC-AUC]  -  SA: 0.00000,  LA: 0.80816
[Test AUPRC]  -  LA: 0.65782
[Test F1-max]  -  LA: 0.78261
Epoch: 34 | Loss: 1.542562313261442e-05  | Negative Loss: 0.0
[Test ROC-AUC]  -  SA: 0.00000,  LA: 0.80612
[Test AUPRC]  -  LA: 0.65501
[Test F1-max]  -  LA: 0.78261
Epoch: 35 | Loss: 1.1706319128279574e-05  | Negative Loss: 0.0
[Test ROC-AUC]  -  SA: 0.00000,  LA: 0.80561
[Test AUPRC]  -  LA: 0.65352
[Test F1-max]  -  LA: 0.78261
Epoch: 36 | Loss: 9.059885996975936e-06  | Negative Loss: 0.0
[Test ROC-AUC]  -  SA: 0.00000,  LA: 0.80561
[Test AUPRC]  -  LA: 0.65239
[Test F1-max]  -  LA: 0.78261
Epoch: 37 | Loss: 7.081018793542171e-06  | Negative Loss: 0.0
[Test ROC-AUC]  -  SA: 0.00000,  LA: 0.80612
[Test AUPRC]  -  LA: 0.65143
[Test F1-max]  -  LA: 0.78261
Epoch: 38 | Loss: 5.6505127759010065e-06  | Negative Loss: 0.0
[Test ROC-AUC]  -  SA: 0.00000,  LA: 0.80714
[Test AUPRC]  -  LA: 0.65222
[Test F1-max]  -  LA: 0.78261
Epoch: 39 | Loss: 4.625314886652632e-06  | Negative Loss: 0.0
[Test ROC-AUC]  -  SA: 0.00000,  LA: 0.80714
[Test AUPRC]  -  LA: 0.65208
[Test F1-max]  -  LA: 0.78261
Epoch: 40 | Loss: 3.790851906160242e-06  | Negative Loss: 0.0
[Test ROC-AUC]  -  SA: 0.00000,  LA: 0.80663
[Test AUPRC]  -  LA: 0.65078
[Test F1-max]  -  LA: 0.78261
Epoch: 41 | Loss: 3.2901739359658677e-06  | Negative Loss: 0.0
[Test ROC-AUC]  -  SA: 0.00000,  LA: 0.80510
[Test AUPRC]  -  LA: 0.64633
[Test F1-max]  -  LA: 0.78261
Epoch: 42 | Loss: 2.741811840678565e-06  | Negative Loss: 0.0
[Test ROC-AUC]  -  SA: 0.00000,  LA: 0.80612
[Test AUPRC]  -  LA: 0.64721
[Test F1-max]  -  LA: 0.78261
Epoch: 43 | Loss: 2.312659034942044e-06  | Negative Loss: 0.0
[Test ROC-AUC]  -  SA: 0.00000,  LA: 0.80714
[Test AUPRC]  -  LA: 0.64996
[Test F1-max]  -  LA: 0.78261
Epoch: 44 | Loss: 2.0742404558404814e-06  | Negative Loss: 0.0
[Test ROC-AUC]  -  SA: 0.00000,  LA: 0.80663
[Test AUPRC]  -  LA: 0.65074
[Test F1-max]  -  LA: 0.78351
Epoch: 45 | Loss: 1.8119803826266434e-06  | Negative Loss: 0.0
[Test ROC-AUC]  -  SA: 0.00000,  LA: 0.80612
[Test AUPRC]  -  LA: 0.65009
[Test F1-max]  -  LA: 0.78351
Epoch: 46 | Loss: 1.5735620308987563e-06  | Negative Loss: 0.0
[Test ROC-AUC]  -  SA: 0.00000,  LA: 0.80663
[Test AUPRC]  -  LA: 0.65051
[Test F1-max]  -  LA: 0.78351
Epoch: 47 | Loss: 1.4543528550348128e-06  | Negative Loss: 0.0
[Test ROC-AUC]  -  SA: 0.00000,  LA: 0.80663
[Test AUPRC]  -  LA: 0.65051
[Test F1-max]  -  LA: 0.78351
Epoch: 48 | Loss: 1.358985514343658e-06  | Negative Loss: 0.0
[Test ROC-AUC]  -  SA: 0.00000,  LA: 0.80714
[Test AUPRC]  -  LA: 0.65075
[Test F1-max]  -  LA: 0.78351
Epoch: 49 | Loss: 1.2397763384797145e-06  | Negative Loss: 0.0
[Test ROC-AUC]  -  SA: 0.00000,  LA: 0.80663
[Test AUPRC]  -  LA: 0.64910
[Test F1-max]  -  LA: 0.78351
Epoch: 50 | Loss: 1.1205670489289332e-06  | Negative Loss: 0.0
[Test ROC-AUC]  -  SA: 0.00000,  LA: 0.80714
[Test AUPRC]  -  LA: 0.64948
[Test F1-max]  -  LA: 0.78351
Epoch: 51 | Loss: 1.0728833785833558e-06  | Negative Loss: 0.0
[Test ROC-AUC]  -  SA: 0.00000,  LA: 0.80612
[Test AUPRC]  -  LA: 0.64739
[Test F1-max]  -  LA: 0.78351
Epoch: 52 | Loss: 9.775159242053633e-07  | Negative Loss: 0.0
[Test ROC-AUC]  -  SA: 0.00000,  LA: 0.80510
[Test AUPRC]  -  LA: 0.64597
[Test F1-max]  -  LA: 0.78351
Epoch: 53 | Loss: 8.821484698273707e-07  | Negative Loss: 0.0
[Test ROC-AUC]  -  SA: 0.00000,  LA: 0.80510
[Test AUPRC]  -  LA: 0.64606
[Test F1-max]  -  LA: 0.78351
Epoch: 54 | Loss: 8.106229643090046e-07  | Negative Loss: 0.0
[Test ROC-AUC]  -  SA: 0.00000,  LA: 0.80459
[Test AUPRC]  -  LA: 0.64459
[Test F1-max]  -  LA: 0.78351
Epoch: 55 | Loss: 7.867811859796348e-07  | Negative Loss: 0.0
[Test ROC-AUC]  -  SA: 0.00000,  LA: 0.80561
[Test AUPRC]  -  LA: 0.64548
[Test F1-max]  -  LA: 0.78351
Epoch: 56 | Loss: 7.62939350806846e-07  | Negative Loss: 0.0
[Test ROC-AUC]  -  SA: 0.00000,  LA: 0.80612
[Test AUPRC]  -  LA: 0.64571
[Test F1-max]  -  LA: 0.78351
Epoch: 57 | Loss: 7.390974587906385e-07  | Negative Loss: 0.0
[Test ROC-AUC]  -  SA: 0.00000,  LA: 0.80485
[Test AUPRC]  -  LA: 0.64366
[Test F1-max]  -  LA: 0.78351
Epoch: 58 | Loss: 7.390974587906385e-07  | Negative Loss: 0.0
[Test ROC-AUC]  -  SA: 0.00000,  LA: 0.80459
[Test AUPRC]  -  LA: 0.64347
[Test F1-max]  -  LA: 0.78351
Epoch: 59 | Loss: 7.152556236178498e-07  | Negative Loss: 0.0
[Test ROC-AUC]  -  SA: 0.00000,  LA: 0.80459
[Test AUPRC]  -  LA: 0.64314
[Test F1-max]  -  LA: 0.78351
Epoch: 60 | Loss: 6.437300612560648e-07  | Negative Loss: 0.0
[Test ROC-AUC]  -  SA: 0.00000,  LA: 0.80510
[Test AUPRC]  -  LA: 0.64375
[Test F1-max]  -  LA: 0.78351
Epoch: 61 | Loss: 6.198882260832761e-07  | Negative Loss: 0.0
[Test ROC-AUC]  -  SA: 0.00000,  LA: 0.80408
[Test AUPRC]  -  LA: 0.64276
[Test F1-max]  -  LA: 0.78261
Epoch: 62 | Loss: 6.198882260832761e-07  | Negative Loss: 0.0
[Test ROC-AUC]  -  SA: 0.00000,  LA: 0.80408
[Test AUPRC]  -  LA: 0.64276
[Test F1-max]  -  LA: 0.78261
Epoch: 63 | Loss: 5.960463909104874e-07  | Negative Loss: 0.0
[Test ROC-AUC]  -  SA: 0.00000,  LA: 0.80459
[Test AUPRC]  -  LA: 0.64323
[Test F1-max]  -  LA: 0.78261
Epoch: 64 | Loss: 5.960463909104874e-07  | Negative Loss: 0.0
[Test ROC-AUC]  -  SA: 0.00000,  LA: 0.80510
[Test AUPRC]  -  LA: 0.64434
[Test F1-max]  -  LA: 0.78261
Epoch: 65 | Loss: 5.960463909104874e-07  | Negative Loss: 0.0
[Test ROC-AUC]  -  SA: 0.00000,  LA: 0.80510
[Test AUPRC]  -  LA: 0.64434
[Test F1-max]  -  LA: 0.78261
Epoch: 66 | Loss: 5.960463909104874e-07  | Negative Loss: 0.0
[Test ROC-AUC]  -  SA: 0.00000,  LA: 0.80510
[Test AUPRC]  -  LA: 0.64434
[Test F1-max]  -  LA: 0.78261
Epoch: 67 | Loss: 5.960463909104874e-07  | Negative Loss: 0.0
[Test ROC-AUC]  -  SA: 0.00000,  LA: 0.80510
[Test AUPRC]  -  LA: 0.64434
[Test F1-max]  -  LA: 0.78261
Epoch: 68 | Loss: 5.960463909104874e-07  | Negative Loss: 0.0
[Test ROC-AUC]  -  SA: 0.00000,  LA: 0.80510
[Test AUPRC]  -  LA: 0.64434
[Test F1-max]  -  LA: 0.78261
Epoch: 69 | Loss: 5.960463909104874e-07  | Negative Loss: 0.0
[Test ROC-AUC]  -  SA: 0.00000,  LA: 0.80510
[Test AUPRC]  -  LA: 0.64434
[Test F1-max]  -  LA: 0.78261
Epoch: 70 | Loss: 5.960463909104874e-07  | Negative Loss: 0.0
[Test ROC-AUC]  -  SA: 0.00000,  LA: 0.80510
[Test AUPRC]  -  LA: 0.64434
[Test F1-max]  -  LA: 0.78261
Epoch: 71 | Loss: 5.960463909104874e-07  | Negative Loss: 0.0
[Test ROC-AUC]  -  SA: 0.00000,  LA: 0.80510
[Test AUPRC]  -  LA: 0.64434
[Test F1-max]  -  LA: 0.78261
Epoch: 72 | Loss: 5.960463909104874e-07  | Negative Loss: 0.0
[Test ROC-AUC]  -  SA: 0.00000,  LA: 0.80459
[Test AUPRC]  -  LA: 0.64399
[Test F1-max]  -  LA: 0.78261
Epoch: 73 | Loss: 5.722044988942798e-07  | Negative Loss: 0.0
[Test ROC-AUC]  -  SA: 0.00000,  LA: 0.80510
[Test AUPRC]  -  LA: 0.64644
[Test F1-max]  -  LA: 0.78261
Epoch: 74 | Loss: 5.722044988942798e-07  | Negative Loss: 0.0
[Test ROC-AUC]  -  SA: 0.00000,  LA: 0.80510
[Test AUPRC]  -  LA: 0.64644
[Test F1-max]  -  LA: 0.78261
Epoch: 75 | Loss: 5.722045557376987e-07  | Negative Loss: 0.0
[Test ROC-AUC]  -  SA: 0.00000,  LA: 0.80510
[Test AUPRC]  -  LA: 0.64644
[Test F1-max]  -  LA: 0.78261
Epoch: 76 | Loss: 5.722045557376987e-07  | Negative Loss: 0.0
[Test ROC-AUC]  -  SA: 0.00000,  LA: 0.80510
[Test AUPRC]  -  LA: 0.64644
[Test F1-max]  -  LA: 0.78261
Epoch: 77 | Loss: 5.722045557376987e-07  | Negative Loss: 0.0
[Test ROC-AUC]  -  SA: 0.00000,  LA: 0.80561
[Test AUPRC]  -  LA: 0.64714
[Test F1-max]  -  LA: 0.78261
Epoch: 78 | Loss: 5.722044988942798e-07  | Negative Loss: 0.0
[Test ROC-AUC]  -  SA: 0.00000,  LA: 0.80561
[Test AUPRC]  -  LA: 0.64714
[Test F1-max]  -  LA: 0.78261
Epoch: 79 | Loss: 5.722045557376987e-07  | Negative Loss: 0.0
[Test ROC-AUC]  -  SA: 0.00000,  LA: 0.80510
[Test AUPRC]  -  LA: 0.64603
[Test F1-max]  -  LA: 0.78261
Epoch: 80 | Loss: 5.722045557376987e-07  | Negative Loss: 0.0
[Test ROC-AUC]  -  SA: 0.00000,  LA: 0.80561
[Test AUPRC]  -  LA: 0.64639
[Test F1-max]  -  LA: 0.78261
Epoch: 81 | Loss: 5.722045557376987e-07  | Negative Loss: 0.0
[Test ROC-AUC]  -  SA: 0.00000,  LA: 0.80561
[Test AUPRC]  -  LA: 0.64639
[Test F1-max]  -  LA: 0.78261
Epoch: 82 | Loss: 5.483626637214911e-07  | Negative Loss: 0.0
[Test ROC-AUC]  -  SA: 0.00000,  LA: 0.80561
[Test AUPRC]  -  LA: 0.64639
[Test F1-max]  -  LA: 0.78261
Epoch: 83 | Loss: 5.483626637214911e-07  | Negative Loss: 0.0
[Test ROC-AUC]  -  SA: 0.00000,  LA: 0.80510
[Test AUPRC]  -  LA: 0.64613
[Test F1-max]  -  LA: 0.78261
Epoch: 84 | Loss: 5.483626637214911e-07  | Negative Loss: 0.0
[Test ROC-AUC]  -  SA: 0.00000,  LA: 0.80561
[Test AUPRC]  -  LA: 0.64672
[Test F1-max]  -  LA: 0.78261
Epoch: 85 | Loss: 5.483626637214911e-07  | Negative Loss: 0.0
[Test ROC-AUC]  -  SA: 0.00000,  LA: 0.80561
[Test AUPRC]  -  LA: 0.64672
[Test F1-max]  -  LA: 0.78261
Epoch: 86 | Loss: 5.483626637214911e-07  | Negative Loss: 0.0
[Test ROC-AUC]  -  SA: 0.00000,  LA: 0.80612
[Test AUPRC]  -  LA: 0.64707
[Test F1-max]  -  LA: 0.78261
Epoch: 87 | Loss: 5.483626637214911e-07  | Negative Loss: 0.0
[Test ROC-AUC]  -  SA: 0.00000,  LA: 0.80612
[Test AUPRC]  -  LA: 0.64707
[Test F1-max]  -  LA: 0.78261
Epoch: 88 | Loss: 5.245208285487024e-07  | Negative Loss: 0.0
[Test ROC-AUC]  -  SA: 0.00000,  LA: 0.80612
[Test AUPRC]  -  LA: 0.64707
[Test F1-max]  -  LA: 0.78261
Epoch: 89 | Loss: 5.245208285487024e-07  | Negative Loss: 0.0
[Test ROC-AUC]  -  SA: 0.00000,  LA: 0.80561
[Test AUPRC]  -  LA: 0.64647
[Test F1-max]  -  LA: 0.78261
Epoch: 90 | Loss: 5.245208285487024e-07  | Negative Loss: 0.0
[Test ROC-AUC]  -  SA: 0.00000,  LA: 0.80612
[Test AUPRC]  -  LA: 0.64694
[Test F1-max]  -  LA: 0.78261
Epoch: 91 | Loss: 5.245208285487024e-07  | Negative Loss: 0.0
[Test ROC-AUC]  -  SA: 0.00000,  LA: 0.80612
[Test AUPRC]  -  LA: 0.64694
[Test F1-max]  -  LA: 0.78261
Epoch: 92 | Loss: 5.245208285487024e-07  | Negative Loss: 0.0
[Test ROC-AUC]  -  SA: 0.00000,  LA: 0.80663
[Test AUPRC]  -  LA: 0.64731
[Test F1-max]  -  LA: 0.78261
Epoch: 93 | Loss: 5.245208285487024e-07  | Negative Loss: 0.0
[Test ROC-AUC]  -  SA: 0.00000,  LA: 0.80663
[Test AUPRC]  -  LA: 0.64731
[Test F1-max]  -  LA: 0.78261
Epoch: 94 | Loss: 5.245208285487024e-07  | Negative Loss: 0.0
[Test ROC-AUC]  -  SA: 0.00000,  LA: 0.80663
[Test AUPRC]  -  LA: 0.64731
[Test F1-max]  -  LA: 0.78261
Epoch: 95 | Loss: 5.245208285487024e-07  | Negative Loss: 0.0
[Test ROC-AUC]  -  SA: 0.00000,  LA: 0.80663
[Test AUPRC]  -  LA: 0.64731
[Test F1-max]  -  LA: 0.78261
Epoch: 96 | Loss: 5.245208285487024e-07  | Negative Loss: 0.0
[Test ROC-AUC]  -  SA: 0.00000,  LA: 0.80663
[Test AUPRC]  -  LA: 0.64731
[Test F1-max]  -  LA: 0.78261
Epoch: 97 | Loss: 5.245208285487024e-07  | Negative Loss: 0.0
[Test ROC-AUC]  -  SA: 0.00000,  LA: 0.80663
[Test AUPRC]  -  LA: 0.64731
[Test F1-max]  -  LA: 0.78261
Epoch: 98 | Loss: 5.245208285487024e-07  | Negative Loss: 0.0
[Test ROC-AUC]  -  SA: 0.00000,  LA: 0.80663
[Test AUPRC]  -  LA: 0.64731
[Test F1-max]  -  LA: 0.78261
Epoch: 99 | Loss: 5.245208285487024e-07  | Negative Loss: 0.0
Time consumption: 115.08640432357788
Best LA AUC: 0.8081632653061224
Best LA AUPC: 0.6742621301891543
Best LA F1-max: 0.7835051546391752
[Result] Experiment result appended to ./results/train_hybrid_result.csv

[END] 2026-03-19 10:55:15
[RETURN CODE] 0
