[START] 2026-03-19 11:40:48
[GPU] 1
[TASK] 158/160
[NAME] yellow_splicing_winclip
[REPEAT] 8/10
[COMMAND] python train_hybrid.py --data_name yellow_splicing --mask True --text True --double_encoder True --few_shot True --shot 5 --hybrid_model winclip --hybrid_weight 0.3 --hybrid_batch_size 16 --epoch 100 --log True --lr 5e-4 --detection True --preprocess True

/home/seungeon/miniconda3/envs/LAB/lib/python3.10/site-packages/timm/models/layers/__init__.py:48: FutureWarning: Importing from timm.models.layers is deprecated, please import via timm.layers
  warnings.warn(f"Importing from {__name__} is deprecated, please import via timm.layers", FutureWarning)
/home/seungeon/Workspace/side/vlm/train_hybrid.py:18: DeprecationWarning: The distutils package is deprecated and slated for removal in Python 3.12. Use setuptools or check PEP 632 for potential alternatives
  from distutils.util import strtobool
Torch version: 2.9.1+cu128
cuda is loaded for process
here?
In my local computer
Namespace(epoch=100, gpu_number='0', data_name='yellow_splicing', lr=0.0005, batch_size=6, shuffle=True, seed=0, tag='default', model_name='ViT-B-32', pretrained_name='laion2b_s34b_b79k', lora=1, default=False, foundation='CLIP', detection=1, preprocess=1, num_rule=0, object_names=['a photo of orange connector', 'a photo of yellow cable', 'a photo of red cable', 'a photo of blue cable', 'a photo of metal panel'], objects_for_rules=[['a photo of orange connector'], ['a photo of orange connector'], ['a photo of yellow cable'], ['a photo of yellow cable'], ['a photo of orange connector'], ['a photo of orange connector', 'a photo of yellow cable']], texts_for_rules=[['a photo of orange connector'], ['a photo of orange connector'], ['a photo of yellow cable'], ['a photo of yellow cable'], ['a photo of orange connector'], ['a photo of orange connector and yellow cable']], mask=1, text=1, score='mean', ciriculam_learning=False, few_shot=1, shot=5, log=1, neg_loss=0, double_encoder=1, pretrained_count_path=None, ris=0, rule_select='', rule_list=[], num_negative=5, hybrid_model='winclip', hybrid_weight=0.3, hybrid_class_name='', hybrid_batch_size=16, hybrid_backbone='ViT-B-16-plus-240', hybrid_pretrained_dataset='laion400m_e32', hybrid_scales=[2, 3], hybrid_img_resize=240, hybrid_img_cropsize=240, hybrid_resolution=400, hybrid_promptad_epoch=100, hybrid_promptad_lr=0.002, hybrid_promptad_momentum=0.9, hybrid_promptad_weight_decay=0.0005, hybrid_promptad_eta_min=1e-05, hybrid_promptad_lambda1=0.001, hybrid_promptad_n_ctx=4, hybrid_promptad_n_pro=3, hybrid_promptad_n_ctx_ab=1, hybrid_promptad_n_pro_ab=4, early_stop_k=10, result_log_path='./results/train_hybrid_result.csv')
[Hybrid] method=winclip, class_name=splicing_connectors, train=5, eval=68, base_path=/data3/seungeon/data/image/mvtec_loco_anomaly_detection/yellow_splicing
grid 240 16 (15, 15)
[Hybrid-only] LA_AUC=0.54730, LA_AUPRC=0.70270, LA_F1=0.72897
[Data Description]
- Train: 5
- Test: 68

Train Start
[Test ROC-AUC]  -  SA: 0.00000,  LA: 0.54819
[Test AUPRC]  -  LA: 0.65354
[Test F1-max]  -  LA: 0.72897
Epoch: 0 | Loss: 12.910240173339844  | Negative Loss: 0.0
[Test ROC-AUC]  -  SA: 0.00000,  LA: 0.55084
[Test AUPRC]  -  LA: 0.65383
[Test F1-max]  -  LA: 0.72897
Epoch: 1 | Loss: 12.821921348571777  | Negative Loss: 0.0
[Test ROC-AUC]  -  SA: 0.00000,  LA: 0.56410
[Test AUPRC]  -  LA: 0.65113
[Test F1-max]  -  LA: 0.72897
Epoch: 2 | Loss: 11.92408561706543  | Negative Loss: 0.0
[Test ROC-AUC]  -  SA: 0.00000,  LA: 0.57560
[Test AUPRC]  -  LA: 0.64670
[Test F1-max]  -  LA: 0.73585
Epoch: 3 | Loss: 10.402715682983398  | Negative Loss: 0.0
[Test ROC-AUC]  -  SA: 0.00000,  LA: 0.57294
[Test AUPRC]  -  LA: 0.64475
[Test F1-max]  -  LA: 0.73786
Epoch: 4 | Loss: 8.404401779174805  | Negative Loss: 0.0
[Test ROC-AUC]  -  SA: 0.00000,  LA: 0.57118
[Test AUPRC]  -  LA: 0.64919
[Test F1-max]  -  LA: 0.74510
Epoch: 5 | Loss: 6.342165946960449  | Negative Loss: 0.0
[Test ROC-AUC]  -  SA: 0.00000,  LA: 0.57913
[Test AUPRC]  -  LA: 0.65556
[Test F1-max]  -  LA: 0.75248
Epoch: 6 | Loss: 4.6202497482299805  | Negative Loss: 0.0
[Test ROC-AUC]  -  SA: 0.00000,  LA: 0.59593
[Test AUPRC]  -  LA: 0.66158
[Test F1-max]  -  LA: 0.76000
Epoch: 7 | Loss: 3.3858842849731445  | Negative Loss: 0.0
[Test ROC-AUC]  -  SA: 0.00000,  LA: 0.58886
[Test AUPRC]  -  LA: 0.66579
[Test F1-max]  -  LA: 0.76768
Epoch: 8 | Loss: 2.5244858264923096  | Negative Loss: 0.0
[Test ROC-AUC]  -  SA: 0.00000,  LA: 0.59240
[Test AUPRC]  -  LA: 0.67152
[Test F1-max]  -  LA: 0.76000
Epoch: 9 | Loss: 1.8935140371322632  | Negative Loss: 0.0
[Test ROC-AUC]  -  SA: 0.00000,  LA: 0.60301
[Test AUPRC]  -  LA: 0.68194
[Test F1-max]  -  LA: 0.76000
Epoch: 10 | Loss: 1.4017162322998047  | Negative Loss: 0.0
[Test ROC-AUC]  -  SA: 0.00000,  LA: 0.60743
[Test AUPRC]  -  LA: 0.68356
[Test F1-max]  -  LA: 0.76000
Epoch: 11 | Loss: 1.0119479894638062  | Negative Loss: 0.0
[Test ROC-AUC]  -  SA: 0.00000,  LA: 0.61450
[Test AUPRC]  -  LA: 0.68572
[Test F1-max]  -  LA: 0.76000
Epoch: 12 | Loss: 0.7009494304656982  | Negative Loss: 0.0
[Test ROC-AUC]  -  SA: 0.00000,  LA: 0.62246
[Test AUPRC]  -  LA: 0.69024
[Test F1-max]  -  LA: 0.76000
Epoch: 13 | Loss: 0.46480315923690796  | Negative Loss: 0.0
[Test ROC-AUC]  -  SA: 0.00000,  LA: 0.62599
[Test AUPRC]  -  LA: 0.68915
[Test F1-max]  -  LA: 0.76768
Epoch: 14 | Loss: 0.29590246081352234  | Negative Loss: 0.0
[Test ROC-AUC]  -  SA: 0.00000,  LA: 0.62865
[Test AUPRC]  -  LA: 0.68409
[Test F1-max]  -  LA: 0.76000
Epoch: 15 | Loss: 0.18238909542560577  | Negative Loss: 0.0
[Test ROC-AUC]  -  SA: 0.00000,  LA: 0.62511
[Test AUPRC]  -  LA: 0.68762
[Test F1-max]  -  LA: 0.75248
Epoch: 16 | Loss: 0.11061087250709534  | Negative Loss: 0.0
[Test ROC-AUC]  -  SA: 0.00000,  LA: 0.62865
[Test AUPRC]  -  LA: 0.69970
[Test F1-max]  -  LA: 0.74747
Epoch: 17 | Loss: 0.06676862388849258  | Negative Loss: 0.0
[Test ROC-AUC]  -  SA: 0.00000,  LA: 0.62069
[Test AUPRC]  -  LA: 0.69757
[Test F1-max]  -  LA: 0.74286
Epoch: 18 | Loss: 0.040353354066610336  | Negative Loss: 0.0
[Test ROC-AUC]  -  SA: 0.00000,  LA: 0.61362
[Test AUPRC]  -  LA: 0.69173
[Test F1-max]  -  LA: 0.74286
Epoch: 19 | Loss: 0.024516483768820763  | Negative Loss: 0.0
[Test ROC-AUC]  -  SA: 0.00000,  LA: 0.61008
[Test AUPRC]  -  LA: 0.69086
[Test F1-max]  -  LA: 0.75000
Epoch: 20 | Loss: 0.015035365708172321  | Negative Loss: 0.0
[Test ROC-AUC]  -  SA: 0.00000,  LA: 0.60477
[Test AUPRC]  -  LA: 0.69208
[Test F1-max]  -  LA: 0.75000
Epoch: 21 | Loss: 0.009305298328399658  | Negative Loss: 0.0
[Test ROC-AUC]  -  SA: 0.00000,  LA: 0.60301
[Test AUPRC]  -  LA: 0.68961
[Test F1-max]  -  LA: 0.75000
Epoch: 22 | Loss: 0.00581938773393631  | Negative Loss: 0.0
[Test ROC-AUC]  -  SA: 0.00000,  LA: 0.59947
[Test AUPRC]  -  LA: 0.68770
[Test F1-max]  -  LA: 0.75000
Epoch: 23 | Loss: 0.0036764030810445547  | Negative Loss: 0.0
[Test ROC-AUC]  -  SA: 0.00000,  LA: 0.59682
[Test AUPRC]  -  LA: 0.68864
[Test F1-max]  -  LA: 0.75000
Epoch: 24 | Loss: 0.002353368792682886  | Negative Loss: 0.0
[Test ROC-AUC]  -  SA: 0.00000,  LA: 0.59416
[Test AUPRC]  -  LA: 0.69473
[Test F1-max]  -  LA: 0.75000
Epoch: 25 | Loss: 0.0015279188519343734  | Negative Loss: 0.0
[Test ROC-AUC]  -  SA: 0.00000,  LA: 0.58974
[Test AUPRC]  -  LA: 0.69378
[Test F1-max]  -  LA: 0.75000
Epoch: 26 | Loss: 0.001007321523502469  | Negative Loss: 0.0
[Test ROC-AUC]  -  SA: 0.00000,  LA: 0.58974
[Test AUPRC]  -  LA: 0.70127
[Test F1-max]  -  LA: 0.75000
[Early Stopping] LA AUROC dropped for 10 consecutive epochs. Stop at epoch 28/100.
Time consumption: 26.72990918159485
Best LA AUC: 0.6286472148541113
Best LA AUPC: 0.6997011336022904
Best LA F1-max: 0.7676767676767675
[Result] Experiment result appended to ./results/train_hybrid_result.csv

[END] 2026-03-19 11:43:09
[RETURN CODE] 0
