[START] 2026-03-29 10:43:15
[GPU] 3
[TASK] 4/150
[NAME] cable_promptad
[REPEAT] 4/5
[COMMAND] python train_hybrid.py --data_name cable --mask True --text True --double_encoder True --few_shot True --shot 1 --hybrid_model promptad --hybrid_weight 0.3 --hybrid_batch_size 16 --epoch 100 --log True --lr 5e-4 --detection True --preprocess True

/home/seungeon/miniconda3/envs/LAB/lib/python3.10/site-packages/timm/models/layers/__init__.py:48: FutureWarning: Importing from timm.models.layers is deprecated, please import via timm.layers
  warnings.warn(f"Importing from {__name__} is deprecated, please import via timm.layers", FutureWarning)
/home/seungeon/Workspace/side/vlm/train_hybrid.py:18: DeprecationWarning: The distutils package is deprecated and slated for removal in Python 3.12. Use setuptools or check PEP 632 for potential alternatives
  from distutils.util import strtobool
Torch version: 2.9.1+cu128
cuda is loaded for process
here?
In my local computer
Namespace(epoch=100, gpu_number='0', data_name='cable', lr=0.0005, batch_size=6, shuffle=True, seed=0, tag='default', model_name='ViT-B-32', pretrained_name='laion2b_s34b_b79k', lora=1, default=False, foundation='CLIP', detection=1, preprocess=1, num_rule=0, object_names=['a photo of cable'], objects_for_rules=[['a photo of cable'], ['a photo of cable'], ['a photo of cable'], ['a photo of cable'], ['a photo of cable']], texts_for_rules=[['a photo of cable'], ['a photo of cable'], ['a photo of cable'], ['a photo of cable'], ['a photo of cable']], mask=1, text=1, score='mean', ciriculam_learning=False, few_shot=1, shot=1, log=1, neg_loss=0, double_encoder=1, pretrained_count_path=None, ris=0, rule_select='', rule_list=[], num_negative=5, hybrid_model='promptad', hybrid_weight=0.3, hybrid_class_name='', hybrid_batch_size=16, hybrid_backbone='ViT-B-16-plus-240', hybrid_pretrained_dataset='laion400m_e32', hybrid_scales=[2, 3], hybrid_img_resize=240, hybrid_img_cropsize=240, hybrid_resolution=400, hybrid_promptad_epoch=100, hybrid_promptad_lr=0.002, hybrid_promptad_momentum=0.9, hybrid_promptad_weight_decay=0.0005, hybrid_promptad_eta_min=1e-05, hybrid_promptad_lambda1=0.001, hybrid_promptad_n_ctx=4, hybrid_promptad_n_pro=3, hybrid_promptad_n_ctx_ab=1, hybrid_promptad_n_pro_ab=4, early_stop_k=10, result_log_path='./results/train_hybrid_result.csv')
[Hybrid] method=promptad, class_name=cable, train=1, eval=103, base_path=/data3/seungeon/data/image/mvtec_ad/cable
[Hybrid-only] LA_AUC=0.83736, LA_AUPRC=0.77493, LA_F1=0.86885
[Data Description]
- Train: 1
- Test: 103

Train Start
[Test ROC-AUC]  -  SA: 0.00000,  LA: 0.62644
[Test AUPRC]  -  LA: 0.64927
[Test F1-max]  -  LA: 0.75524
Epoch: 0 | Loss: 10.122644424438477  | Negative Loss: 0.0
[Test ROC-AUC]  -  SA: 0.00000,  LA: 0.63065
[Test AUPRC]  -  LA: 0.65211
[Test F1-max]  -  LA: 0.75524
Epoch: 1 | Loss: 9.9215087890625  | Negative Loss: 0.0
[Test ROC-AUC]  -  SA: 0.00000,  LA: 0.66667
[Test AUPRC]  -  LA: 0.68663
[Test F1-max]  -  LA: 0.78261
Epoch: 2 | Loss: 7.5007147789001465  | Negative Loss: 0.0
[Test ROC-AUC]  -  SA: 0.00000,  LA: 0.73065
[Test AUPRC]  -  LA: 0.74247
[Test F1-max]  -  LA: 0.79412
Epoch: 3 | Loss: 4.411077499389648  | Negative Loss: 0.0
[Test ROC-AUC]  -  SA: 0.00000,  LA: 0.79310
[Test AUPRC]  -  LA: 0.80657
[Test F1-max]  -  LA: 0.80292
Epoch: 4 | Loss: 1.9513381719589233  | Negative Loss: 0.0
[Test ROC-AUC]  -  SA: 0.00000,  LA: 0.81916
[Test AUPRC]  -  LA: 0.82856
[Test F1-max]  -  LA: 0.81667
Epoch: 5 | Loss: 0.6842787265777588  | Negative Loss: 0.0
[Test ROC-AUC]  -  SA: 0.00000,  LA: 0.83448
[Test AUPRC]  -  LA: 0.83335
[Test F1-max]  -  LA: 0.83333
Epoch: 6 | Loss: 0.23297077417373657  | Negative Loss: 0.0
[Test ROC-AUC]  -  SA: 0.00000,  LA: 0.84521
[Test AUPRC]  -  LA: 0.83675
[Test F1-max]  -  LA: 0.84034
Epoch: 7 | Loss: 0.0891365334391594  | Negative Loss: 0.0
[Test ROC-AUC]  -  SA: 0.00000,  LA: 0.84061
[Test AUPRC]  -  LA: 0.83185
[Test F1-max]  -  LA: 0.83051
Epoch: 8 | Loss: 0.03796467185020447  | Negative Loss: 0.0
[Test ROC-AUC]  -  SA: 0.00000,  LA: 0.83640
[Test AUPRC]  -  LA: 0.82826
[Test F1-max]  -  LA: 0.81301
Epoch: 9 | Loss: 0.017558271065354347  | Negative Loss: 0.0
[Test ROC-AUC]  -  SA: 0.00000,  LA: 0.82912
[Test AUPRC]  -  LA: 0.82079
[Test F1-max]  -  LA: 0.81203
Epoch: 10 | Loss: 0.008753296919167042  | Negative Loss: 0.0
[Test ROC-AUC]  -  SA: 0.00000,  LA: 0.82337
[Test AUPRC]  -  LA: 0.82217
[Test F1-max]  -  LA: 0.80303
Epoch: 11 | Loss: 0.004570897202938795  | Negative Loss: 0.0
[Test ROC-AUC]  -  SA: 0.00000,  LA: 0.81533
[Test AUPRC]  -  LA: 0.81302
[Test F1-max]  -  LA: 0.80882
Epoch: 12 | Loss: 0.002541067311540246  | Negative Loss: 0.0
[Test ROC-AUC]  -  SA: 0.00000,  LA: 0.80881
[Test AUPRC]  -  LA: 0.80636
[Test F1-max]  -  LA: 0.80882
Epoch: 13 | Loss: 0.0014699213206768036  | Negative Loss: 0.0
[Test ROC-AUC]  -  SA: 0.00000,  LA: 0.80421
[Test AUPRC]  -  LA: 0.80255
[Test F1-max]  -  LA: 0.80882
Epoch: 14 | Loss: 0.0008792596636340022  | Negative Loss: 0.0
[Test ROC-AUC]  -  SA: 0.00000,  LA: 0.80383
[Test AUPRC]  -  LA: 0.80240
[Test F1-max]  -  LA: 0.80882
Epoch: 15 | Loss: 0.0005425840499810874  | Negative Loss: 0.0
[Test ROC-AUC]  -  SA: 0.00000,  LA: 0.80307
[Test AUPRC]  -  LA: 0.80250
[Test F1-max]  -  LA: 0.80882
Epoch: 16 | Loss: 0.00034544538357295096  | Negative Loss: 0.0
[Test ROC-AUC]  -  SA: 0.00000,  LA: 0.80460
[Test AUPRC]  -  LA: 0.80316
[Test F1-max]  -  LA: 0.81203
Epoch: 17 | Loss: 0.0002258916210848838  | Negative Loss: 0.0
[Test ROC-AUC]  -  SA: 0.00000,  LA: 0.80383
[Test AUPRC]  -  LA: 0.80236
[Test F1-max]  -  LA: 0.80882
Epoch: 18 | Loss: 0.00015127209189813584  | Negative Loss: 0.0
[Test ROC-AUC]  -  SA: 0.00000,  LA: 0.80115
[Test AUPRC]  -  LA: 0.79987
[Test F1-max]  -  LA: 0.80882
Epoch: 19 | Loss: 0.00010335233673686162  | Negative Loss: 0.0
[Test ROC-AUC]  -  SA: 0.00000,  LA: 0.80000
[Test AUPRC]  -  LA: 0.79913
[Test F1-max]  -  LA: 0.80851
Epoch: 20 | Loss: 7.235899829538539e-05  | Negative Loss: 0.0
[Test ROC-AUC]  -  SA: 0.00000,  LA: 0.80192
[Test AUPRC]  -  LA: 0.80342
[Test F1-max]  -  LA: 0.80851
Epoch: 21 | Loss: 5.149788557901047e-05  | Negative Loss: 0.0
[Test ROC-AUC]  -  SA: 0.00000,  LA: 0.80077
[Test AUPRC]  -  LA: 0.80276
[Test F1-max]  -  LA: 0.80851
Epoch: 22 | Loss: 3.743143315659836e-05  | Negative Loss: 0.0
[Test ROC-AUC]  -  SA: 0.00000,  LA: 0.80268
[Test AUPRC]  -  LA: 0.80452
[Test F1-max]  -  LA: 0.81429
Epoch: 23 | Loss: 2.741798380156979e-05  | Negative Loss: 0.0
[Test ROC-AUC]  -  SA: 0.00000,  LA: 0.80192
[Test AUPRC]  -  LA: 0.80512
[Test F1-max]  -  LA: 0.81429
Epoch: 24 | Loss: 2.050391231023241e-05  | Negative Loss: 0.0
[Test ROC-AUC]  -  SA: 0.00000,  LA: 0.80153
[Test AUPRC]  -  LA: 0.80481
[Test F1-max]  -  LA: 0.81429
Epoch: 25 | Loss: 1.5616365999449044e-05  | Negative Loss: 0.0
[Test ROC-AUC]  -  SA: 0.00000,  LA: 0.80268
[Test AUPRC]  -  LA: 0.80542
[Test F1-max]  -  LA: 0.81429
Epoch: 26 | Loss: 1.2159315701865125e-05  | Negative Loss: 0.0
[Test ROC-AUC]  -  SA: 0.00000,  LA: 0.80268
[Test AUPRC]  -  LA: 0.80824
[Test F1-max]  -  LA: 0.81429
Epoch: 27 | Loss: 9.536724064673763e-06  | Negative Loss: 0.0
[Test ROC-AUC]  -  SA: 0.00000,  LA: 0.80345
[Test AUPRC]  -  LA: 0.81103
[Test F1-max]  -  LA: 0.81159
Epoch: 28 | Loss: 7.629382707818877e-06  | Negative Loss: 0.0
[Test ROC-AUC]  -  SA: 0.00000,  LA: 0.80345
[Test AUPRC]  -  LA: 0.81332
[Test F1-max]  -  LA: 0.81159
Epoch: 29 | Loss: 6.198874871188309e-06  | Negative Loss: 0.0
[Test ROC-AUC]  -  SA: 0.00000,  LA: 0.80364
[Test AUPRC]  -  LA: 0.81344
[Test F1-max]  -  LA: 0.81159
Epoch: 30 | Loss: 5.006784704164602e-06  | Negative Loss: 0.0
[Test ROC-AUC]  -  SA: 0.00000,  LA: 0.80307
[Test AUPRC]  -  LA: 0.81303
[Test F1-max]  -  LA: 0.80576
Epoch: 31 | Loss: 4.172321496298537e-06  | Negative Loss: 0.0
[Test ROC-AUC]  -  SA: 0.00000,  LA: 0.80345
[Test AUPRC]  -  LA: 0.81297
[Test F1-max]  -  LA: 0.80597
Epoch: 32 | Loss: 3.457066668488551e-06  | Negative Loss: 0.0
[Test ROC-AUC]  -  SA: 0.00000,  LA: 0.80345
[Test AUPRC]  -  LA: 0.81297
[Test F1-max]  -  LA: 0.80597
Epoch: 33 | Loss: 2.9802304197801277e-06  | Negative Loss: 0.0
[Test ROC-AUC]  -  SA: 0.00000,  LA: 0.80307
[Test AUPRC]  -  LA: 0.81231
[Test F1-max]  -  LA: 0.80597
Epoch: 34 | Loss: 2.622603005875135e-06  | Negative Loss: 0.0
[Test ROC-AUC]  -  SA: 0.00000,  LA: 0.80383
[Test AUPRC]  -  LA: 0.81319
[Test F1-max]  -  LA: 0.80597
Epoch: 35 | Loss: 2.3841846541472478e-06  | Negative Loss: 0.0
[Test ROC-AUC]  -  SA: 0.00000,  LA: 0.80383
[Test AUPRC]  -  LA: 0.81142
[Test F1-max]  -  LA: 0.80597
Epoch: 36 | Loss: 2.1457663024193607e-06  | Negative Loss: 0.0
[Test ROC-AUC]  -  SA: 0.00000,  LA: 0.80268
[Test AUPRC]  -  LA: 0.81012
[Test F1-max]  -  LA: 0.80597
Epoch: 37 | Loss: 1.5497203094128054e-06  | Negative Loss: 0.0
[Test ROC-AUC]  -  SA: 0.00000,  LA: 0.80345
[Test AUPRC]  -  LA: 0.81051
[Test F1-max]  -  LA: 0.80597
Epoch: 38 | Loss: 1.4305110198620241e-06  | Negative Loss: 0.0
[Test ROC-AUC]  -  SA: 0.00000,  LA: 0.80421
[Test AUPRC]  -  LA: 0.81081
[Test F1-max]  -  LA: 0.80882
Epoch: 39 | Loss: 1.4305110198620241e-06  | Negative Loss: 0.0
[Test ROC-AUC]  -  SA: 0.00000,  LA: 0.80460
[Test AUPRC]  -  LA: 0.81100
[Test F1-max]  -  LA: 0.81203
Epoch: 40 | Loss: 1.3113018439980806e-06  | Negative Loss: 0.0
[Test ROC-AUC]  -  SA: 0.00000,  LA: 0.80498
[Test AUPRC]  -  LA: 0.81105
[Test F1-max]  -  LA: 0.81203
Epoch: 41 | Loss: 1.0728833785833558e-06  | Negative Loss: 0.0
[Test ROC-AUC]  -  SA: 0.00000,  LA: 0.80575
[Test AUPRC]  -  LA: 0.81143
[Test F1-max]  -  LA: 0.81203
Epoch: 42 | Loss: 9.536740890325746e-07  | Negative Loss: 0.0
[Test ROC-AUC]  -  SA: 0.00000,  LA: 0.80613
[Test AUPRC]  -  LA: 0.81277
[Test F1-max]  -  LA: 0.81203
Epoch: 43 | Loss: 8.344648563252122e-07  | Negative Loss: 0.0
[Test ROC-AUC]  -  SA: 0.00000,  LA: 0.80536
[Test AUPRC]  -  LA: 0.81189
[Test F1-max]  -  LA: 0.81203
Epoch: 44 | Loss: 8.344648563252122e-07  | Negative Loss: 0.0
[Test ROC-AUC]  -  SA: 0.00000,  LA: 0.80594
[Test AUPRC]  -  LA: 0.81220
[Test F1-max]  -  LA: 0.81203
Epoch: 45 | Loss: 8.344648563252122e-07  | Negative Loss: 0.0
[Test ROC-AUC]  -  SA: 0.00000,  LA: 0.80613
[Test AUPRC]  -  LA: 0.81233
[Test F1-max]  -  LA: 0.81203
Epoch: 46 | Loss: 7.152556236178498e-07  | Negative Loss: 0.0
[Test ROC-AUC]  -  SA: 0.00000,  LA: 0.80690
[Test AUPRC]  -  LA: 0.81279
[Test F1-max]  -  LA: 0.81203
Epoch: 47 | Loss: 7.152556236178498e-07  | Negative Loss: 0.0
[Test ROC-AUC]  -  SA: 0.00000,  LA: 0.80805
[Test AUPRC]  -  LA: 0.81352
[Test F1-max]  -  LA: 0.81481
Epoch: 48 | Loss: 7.152556236178498e-07  | Negative Loss: 0.0
[Test ROC-AUC]  -  SA: 0.00000,  LA: 0.80843
[Test AUPRC]  -  LA: 0.81373
[Test F1-max]  -  LA: 0.81481
Epoch: 49 | Loss: 7.152556236178498e-07  | Negative Loss: 0.0
[Test ROC-AUC]  -  SA: 0.00000,  LA: 0.80920
[Test AUPRC]  -  LA: 0.81411
[Test F1-max]  -  LA: 0.82090
Epoch: 50 | Loss: 7.152556236178498e-07  | Negative Loss: 0.0
[Test ROC-AUC]  -  SA: 0.00000,  LA: 0.80958
[Test AUPRC]  -  LA: 0.81436
[Test F1-max]  -  LA: 0.82090
Epoch: 51 | Loss: 7.152556236178498e-07  | Negative Loss: 0.0
[Test ROC-AUC]  -  SA: 0.00000,  LA: 0.80996
[Test AUPRC]  -  LA: 0.81455
[Test F1-max]  -  LA: 0.82090
Epoch: 52 | Loss: 5.960463340670685e-07  | Negative Loss: 0.0
[Test ROC-AUC]  -  SA: 0.00000,  LA: 0.80996
[Test AUPRC]  -  LA: 0.81455
[Test F1-max]  -  LA: 0.82090
Epoch: 53 | Loss: 5.960463340670685e-07  | Negative Loss: 0.0
[Test ROC-AUC]  -  SA: 0.00000,  LA: 0.80996
[Test AUPRC]  -  LA: 0.81447
[Test F1-max]  -  LA: 0.82090
Epoch: 54 | Loss: 4.7683710135970614e-07  | Negative Loss: 0.0
[Test ROC-AUC]  -  SA: 0.00000,  LA: 0.81034
[Test AUPRC]  -  LA: 0.81502
[Test F1-max]  -  LA: 0.82090
Epoch: 55 | Loss: 4.7683710135970614e-07  | Negative Loss: 0.0
[Test ROC-AUC]  -  SA: 0.00000,  LA: 0.81034
[Test AUPRC]  -  LA: 0.81502
[Test F1-max]  -  LA: 0.82090
Epoch: 56 | Loss: 4.7683710135970614e-07  | Negative Loss: 0.0
[Test ROC-AUC]  -  SA: 0.00000,  LA: 0.81034
[Test AUPRC]  -  LA: 0.81502
[Test F1-max]  -  LA: 0.82090
Epoch: 57 | Loss: 4.7683710135970614e-07  | Negative Loss: 0.0
[Test ROC-AUC]  -  SA: 0.00000,  LA: 0.81073
[Test AUPRC]  -  LA: 0.81522
[Test F1-max]  -  LA: 0.82090
Epoch: 58 | Loss: 4.7683710135970614e-07  | Negative Loss: 0.0
[Test ROC-AUC]  -  SA: 0.00000,  LA: 0.81073
[Test AUPRC]  -  LA: 0.81522
[Test F1-max]  -  LA: 0.82090
Epoch: 59 | Loss: 4.7683710135970614e-07  | Negative Loss: 0.0
[Test ROC-AUC]  -  SA: 0.00000,  LA: 0.81073
[Test AUPRC]  -  LA: 0.81513
[Test F1-max]  -  LA: 0.82090
Epoch: 60 | Loss: 4.7683710135970614e-07  | Negative Loss: 0.0
[Test ROC-AUC]  -  SA: 0.00000,  LA: 0.81111
[Test AUPRC]  -  LA: 0.81561
[Test F1-max]  -  LA: 0.82090
Epoch: 61 | Loss: 4.7683710135970614e-07  | Negative Loss: 0.0
[Test ROC-AUC]  -  SA: 0.00000,  LA: 0.81111
[Test AUPRC]  -  LA: 0.81561
[Test F1-max]  -  LA: 0.82090
Epoch: 62 | Loss: 4.7683710135970614e-07  | Negative Loss: 0.0
[Test ROC-AUC]  -  SA: 0.00000,  LA: 0.81111
[Test AUPRC]  -  LA: 0.81561
[Test F1-max]  -  LA: 0.82090
Epoch: 63 | Loss: 4.7683710135970614e-07  | Negative Loss: 0.0
[Test ROC-AUC]  -  SA: 0.00000,  LA: 0.81111
[Test AUPRC]  -  LA: 0.81561
[Test F1-max]  -  LA: 0.82090
Epoch: 64 | Loss: 4.7683710135970614e-07  | Negative Loss: 0.0
[Test ROC-AUC]  -  SA: 0.00000,  LA: 0.81149
[Test AUPRC]  -  LA: 0.81580
[Test F1-max]  -  LA: 0.82090
Epoch: 65 | Loss: 3.576278402306343e-07  | Negative Loss: 0.0
[Test ROC-AUC]  -  SA: 0.00000,  LA: 0.81264
[Test AUPRC]  -  LA: 0.81701
[Test F1-max]  -  LA: 0.82090
Epoch: 66 | Loss: 3.576278402306343e-07  | Negative Loss: 0.0
[Test ROC-AUC]  -  SA: 0.00000,  LA: 0.81264
[Test AUPRC]  -  LA: 0.81701
[Test F1-max]  -  LA: 0.82090
Epoch: 67 | Loss: 3.576278402306343e-07  | Negative Loss: 0.0
[Test ROC-AUC]  -  SA: 0.00000,  LA: 0.81322
[Test AUPRC]  -  LA: 0.81764
[Test F1-max]  -  LA: 0.82090
Epoch: 68 | Loss: 3.576278402306343e-07  | Negative Loss: 0.0
[Test ROC-AUC]  -  SA: 0.00000,  LA: 0.81341
[Test AUPRC]  -  LA: 0.81773
[Test F1-max]  -  LA: 0.82090
Epoch: 69 | Loss: 3.576278402306343e-07  | Negative Loss: 0.0
[Test ROC-AUC]  -  SA: 0.00000,  LA: 0.81341
[Test AUPRC]  -  LA: 0.81773
[Test F1-max]  -  LA: 0.82090
Epoch: 70 | Loss: 3.576278402306343e-07  | Negative Loss: 0.0
[Test ROC-AUC]  -  SA: 0.00000,  LA: 0.81379
[Test AUPRC]  -  LA: 0.81825
[Test F1-max]  -  LA: 0.82090
Epoch: 71 | Loss: 3.576278402306343e-07  | Negative Loss: 0.0
[Test ROC-AUC]  -  SA: 0.00000,  LA: 0.81379
[Test AUPRC]  -  LA: 0.81825
[Test F1-max]  -  LA: 0.82090
Epoch: 72 | Loss: 3.576278402306343e-07  | Negative Loss: 0.0
[Test ROC-AUC]  -  SA: 0.00000,  LA: 0.81379
[Test AUPRC]  -  LA: 0.81825
[Test F1-max]  -  LA: 0.82090
Epoch: 73 | Loss: 3.576278402306343e-07  | Negative Loss: 0.0
[Test ROC-AUC]  -  SA: 0.00000,  LA: 0.81379
[Test AUPRC]  -  LA: 0.81825
[Test F1-max]  -  LA: 0.82090
Epoch: 74 | Loss: 2.3841856489070778e-07  | Negative Loss: 0.0
[Test ROC-AUC]  -  SA: 0.00000,  LA: 0.81379
[Test AUPRC]  -  LA: 0.81825
[Test F1-max]  -  LA: 0.82090
Epoch: 75 | Loss: 2.3841856489070778e-07  | Negative Loss: 0.0
[Test ROC-AUC]  -  SA: 0.00000,  LA: 0.81341
[Test AUPRC]  -  LA: 0.81811
[Test F1-max]  -  LA: 0.82090
Epoch: 76 | Loss: 2.3841856489070778e-07  | Negative Loss: 0.0
[Test ROC-AUC]  -  SA: 0.00000,  LA: 0.81341
[Test AUPRC]  -  LA: 0.81822
[Test F1-max]  -  LA: 0.82090
Epoch: 77 | Loss: 2.3841856489070778e-07  | Negative Loss: 0.0
[Test ROC-AUC]  -  SA: 0.00000,  LA: 0.81341
[Test AUPRC]  -  LA: 0.81822
[Test F1-max]  -  LA: 0.82090
Epoch: 78 | Loss: 2.3841856489070778e-07  | Negative Loss: 0.0
[Test ROC-AUC]  -  SA: 0.00000,  LA: 0.81341
[Test AUPRC]  -  LA: 0.81822
[Test F1-max]  -  LA: 0.82090
Epoch: 79 | Loss: 2.3841856489070778e-07  | Negative Loss: 0.0
[Test ROC-AUC]  -  SA: 0.00000,  LA: 0.81379
[Test AUPRC]  -  LA: 0.81879
[Test F1-max]  -  LA: 0.82090
Epoch: 80 | Loss: 2.3841856489070778e-07  | Negative Loss: 0.0
[Test ROC-AUC]  -  SA: 0.00000,  LA: 0.81379
[Test AUPRC]  -  LA: 0.81879
[Test F1-max]  -  LA: 0.82090
Epoch: 81 | Loss: 2.3841856489070778e-07  | Negative Loss: 0.0
[Test ROC-AUC]  -  SA: 0.00000,  LA: 0.81398
[Test AUPRC]  -  LA: 0.81902
[Test F1-max]  -  LA: 0.82090
Epoch: 82 | Loss: 2.3841856489070778e-07  | Negative Loss: 0.0
[Test ROC-AUC]  -  SA: 0.00000,  LA: 0.81456
[Test AUPRC]  -  LA: 0.81987
[Test F1-max]  -  LA: 0.82090
Epoch: 83 | Loss: 2.3841856489070778e-07  | Negative Loss: 0.0
[Test ROC-AUC]  -  SA: 0.00000,  LA: 0.81494
[Test AUPRC]  -  LA: 0.82036
[Test F1-max]  -  LA: 0.82090
Epoch: 84 | Loss: 2.3841856489070778e-07  | Negative Loss: 0.0
[Test ROC-AUC]  -  SA: 0.00000,  LA: 0.81494
[Test AUPRC]  -  LA: 0.82036
[Test F1-max]  -  LA: 0.82090
Epoch: 85 | Loss: 2.3841856489070778e-07  | Negative Loss: 0.0
[Test ROC-AUC]  -  SA: 0.00000,  LA: 0.81533
[Test AUPRC]  -  LA: 0.82051
[Test F1-max]  -  LA: 0.82090
Epoch: 86 | Loss: 2.3841856489070778e-07  | Negative Loss: 0.0
[Test ROC-AUC]  -  SA: 0.00000,  LA: 0.81533
[Test AUPRC]  -  LA: 0.82051
[Test F1-max]  -  LA: 0.82090
Epoch: 87 | Loss: 2.3841856489070778e-07  | Negative Loss: 0.0
[Test ROC-AUC]  -  SA: 0.00000,  LA: 0.81533
[Test AUPRC]  -  LA: 0.82051
[Test F1-max]  -  LA: 0.82090
Epoch: 88 | Loss: 2.3841856489070778e-07  | Negative Loss: 0.0
[Test ROC-AUC]  -  SA: 0.00000,  LA: 0.81533
[Test AUPRC]  -  LA: 0.82051
[Test F1-max]  -  LA: 0.82090
Epoch: 89 | Loss: 2.3841856489070778e-07  | Negative Loss: 0.0
[Test ROC-AUC]  -  SA: 0.00000,  LA: 0.81533
[Test AUPRC]  -  LA: 0.82051
[Test F1-max]  -  LA: 0.82090
Epoch: 90 | Loss: 2.3841856489070778e-07  | Negative Loss: 0.0
[Test ROC-AUC]  -  SA: 0.00000,  LA: 0.81533
[Test AUPRC]  -  LA: 0.82051
[Test F1-max]  -  LA: 0.82090
Epoch: 91 | Loss: 2.3841856489070778e-07  | Negative Loss: 0.0
[Test ROC-AUC]  -  SA: 0.00000,  LA: 0.81571
[Test AUPRC]  -  LA: 0.82068
[Test F1-max]  -  LA: 0.82090
Epoch: 92 | Loss: 2.3841856489070778e-07  | Negative Loss: 0.0
[Test ROC-AUC]  -  SA: 0.00000,  LA: 0.81571
[Test AUPRC]  -  LA: 0.82068
[Test F1-max]  -  LA: 0.82090
Epoch: 93 | Loss: 2.3841856489070778e-07  | Negative Loss: 0.0
[Test ROC-AUC]  -  SA: 0.00000,  LA: 0.81609
[Test AUPRC]  -  LA: 0.82096
[Test F1-max]  -  LA: 0.82090
Epoch: 94 | Loss: 2.3841856489070778e-07  | Negative Loss: 0.0
[Test ROC-AUC]  -  SA: 0.00000,  LA: 0.81609
[Test AUPRC]  -  LA: 0.82095
[Test F1-max]  -  LA: 0.82090
Epoch: 95 | Loss: 2.3841856489070778e-07  | Negative Loss: 0.0
[Test ROC-AUC]  -  SA: 0.00000,  LA: 0.81609
[Test AUPRC]  -  LA: 0.82096
[Test F1-max]  -  LA: 0.82090
Epoch: 96 | Loss: 2.3841856489070778e-07  | Negative Loss: 0.0
[Test ROC-AUC]  -  SA: 0.00000,  LA: 0.81609
[Test AUPRC]  -  LA: 0.82095
[Test F1-max]  -  LA: 0.82090
Epoch: 97 | Loss: 2.3841856489070778e-07  | Negative Loss: 0.0
[Test ROC-AUC]  -  SA: 0.00000,  LA: 0.81609
[Test AUPRC]  -  LA: 0.82095
[Test F1-max]  -  LA: 0.82090
Epoch: 98 | Loss: 2.3841856489070778e-07  | Negative Loss: 0.0
[Test ROC-AUC]  -  SA: 0.00000,  LA: 0.81609
[Test AUPRC]  -  LA: 0.82096
[Test F1-max]  -  LA: 0.82090
Epoch: 99 | Loss: 2.3841856489070778e-07  | Negative Loss: 0.0
Time consumption: 98.9776885509491
Best LA AUC: 0.8452107279693486
Best LA AUPC: 0.8367460094068718
Best LA F1-max: 0.8403361344537814
[Result] Experiment result appended to ./results/train_hybrid_result.csv

[END] 2026-03-29 10:46:30
[RETURN CODE] 0
