[START] 2026-03-29 10:49:53
[GPU] 3
[TASK] 12/150
[NAME] cable_winclip
[REPEAT] 7/10
[COMMAND] python train_hybrid.py --data_name cable --mask True --text True --double_encoder True --few_shot True --shot 1 --hybrid_model winclip --hybrid_weight 0.3 --hybrid_batch_size 16 --epoch 100 --log True --lr 5e-4 --detection True --preprocess True

/home/seungeon/miniconda3/envs/LAB/lib/python3.10/site-packages/timm/models/layers/__init__.py:48: FutureWarning: Importing from timm.models.layers is deprecated, please import via timm.layers
  warnings.warn(f"Importing from {__name__} is deprecated, please import via timm.layers", FutureWarning)
/home/seungeon/Workspace/side/vlm/train_hybrid.py:18: DeprecationWarning: The distutils package is deprecated and slated for removal in Python 3.12. Use setuptools or check PEP 632 for potential alternatives
  from distutils.util import strtobool
Torch version: 2.9.1+cu128
cuda is loaded for process
here?
In my local computer
Namespace(epoch=100, gpu_number='0', data_name='cable', lr=0.0005, batch_size=6, shuffle=True, seed=0, tag='default', model_name='ViT-B-32', pretrained_name='laion2b_s34b_b79k', lora=1, default=False, foundation='CLIP', detection=1, preprocess=1, num_rule=0, object_names=['a photo of cable'], objects_for_rules=[['a photo of cable'], ['a photo of cable'], ['a photo of cable'], ['a photo of cable'], ['a photo of cable']], texts_for_rules=[['a photo of cable'], ['a photo of cable'], ['a photo of cable'], ['a photo of cable'], ['a photo of cable']], mask=1, text=1, score='mean', ciriculam_learning=False, few_shot=1, shot=1, log=1, neg_loss=0, double_encoder=1, pretrained_count_path=None, ris=0, rule_select='', rule_list=[], num_negative=5, hybrid_model='winclip', hybrid_weight=0.3, hybrid_class_name='', hybrid_batch_size=16, hybrid_backbone='ViT-B-16-plus-240', hybrid_pretrained_dataset='laion400m_e32', hybrid_scales=[2, 3], hybrid_img_resize=240, hybrid_img_cropsize=240, hybrid_resolution=400, hybrid_promptad_epoch=100, hybrid_promptad_lr=0.002, hybrid_promptad_momentum=0.9, hybrid_promptad_weight_decay=0.0005, hybrid_promptad_eta_min=1e-05, hybrid_promptad_lambda1=0.001, hybrid_promptad_n_ctx=4, hybrid_promptad_n_pro=3, hybrid_promptad_n_ctx_ab=1, hybrid_promptad_n_pro_ab=4, early_stop_k=10, result_log_path='./results/train_hybrid_result.csv')
[Hybrid] method=winclip, class_name=cable, train=1, eval=103, base_path=/data3/seungeon/data/image/mvtec_ad/cable
grid 240 16 (15, 15)
[Hybrid-only] LA_AUC=0.84789, LA_AUPRC=0.88149, LA_F1=0.82645
[Data Description]
- Train: 1
- Test: 103

Train Start
[Test ROC-AUC]  -  SA: 0.00000,  LA: 0.40958
[Test AUPRC]  -  LA: 0.48273
[Test F1-max]  -  LA: 0.72050
Epoch: 0 | Loss: 5.825160503387451  | Negative Loss: 0.0
[Test ROC-AUC]  -  SA: 0.00000,  LA: 0.40996
[Test AUPRC]  -  LA: 0.48166
[Test F1-max]  -  LA: 0.72050
Epoch: 1 | Loss: 5.7035369873046875  | Negative Loss: 0.0
[Test ROC-AUC]  -  SA: 0.00000,  LA: 0.46820
[Test AUPRC]  -  LA: 0.50994
[Test F1-max]  -  LA: 0.72500
Epoch: 2 | Loss: 4.245275020599365  | Negative Loss: 0.0
[Test ROC-AUC]  -  SA: 0.00000,  LA: 0.56935
[Test AUPRC]  -  LA: 0.58351
[Test F1-max]  -  LA: 0.74830
Epoch: 3 | Loss: 2.446788787841797  | Negative Loss: 0.0
[Test ROC-AUC]  -  SA: 0.00000,  LA: 0.66360
[Test AUPRC]  -  LA: 0.67944
[Test F1-max]  -  LA: 0.76259
Epoch: 4 | Loss: 1.0442581176757812  | Negative Loss: 0.0
[Test ROC-AUC]  -  SA: 0.00000,  LA: 0.72031
[Test AUPRC]  -  LA: 0.75927
[Test F1-max]  -  LA: 0.76923
Epoch: 5 | Loss: 0.36279064416885376  | Negative Loss: 0.0
[Test ROC-AUC]  -  SA: 0.00000,  LA: 0.74253
[Test AUPRC]  -  LA: 0.78364
[Test F1-max]  -  LA: 0.78261
Epoch: 6 | Loss: 0.1316027194261551  | Negative Loss: 0.0
[Test ROC-AUC]  -  SA: 0.00000,  LA: 0.76398
[Test AUPRC]  -  LA: 0.79732
[Test F1-max]  -  LA: 0.78873
Epoch: 7 | Loss: 0.053274717181921005  | Negative Loss: 0.0
[Test ROC-AUC]  -  SA: 0.00000,  LA: 0.77395
[Test AUPRC]  -  LA: 0.80289
[Test F1-max]  -  LA: 0.79389
Epoch: 8 | Loss: 0.025079907849431038  | Negative Loss: 0.0
[Test ROC-AUC]  -  SA: 0.00000,  LA: 0.78506
[Test AUPRC]  -  LA: 0.80761
[Test F1-max]  -  LA: 0.80303
Epoch: 9 | Loss: 0.01279255747795105  | Negative Loss: 0.0
[Test ROC-AUC]  -  SA: 0.00000,  LA: 0.79387
[Test AUPRC]  -  LA: 0.81299
[Test F1-max]  -  LA: 0.80916
Epoch: 10 | Loss: 0.006889251992106438  | Negative Loss: 0.0
[Test ROC-AUC]  -  SA: 0.00000,  LA: 0.80268
[Test AUPRC]  -  LA: 0.81977
[Test F1-max]  -  LA: 0.80597
Epoch: 11 | Loss: 0.003936175722628832  | Negative Loss: 0.0
[Test ROC-AUC]  -  SA: 0.00000,  LA: 0.81571
[Test AUPRC]  -  LA: 0.83041
[Test F1-max]  -  LA: 0.81429
Epoch: 12 | Loss: 0.0023410911671817303  | Negative Loss: 0.0
[Test ROC-AUC]  -  SA: 0.00000,  LA: 0.82567
[Test AUPRC]  -  LA: 0.83947
[Test F1-max]  -  LA: 0.81429
Epoch: 13 | Loss: 0.0014345039380714297  | Negative Loss: 0.0
[Test ROC-AUC]  -  SA: 0.00000,  LA: 0.83755
[Test AUPRC]  -  LA: 0.85000
[Test F1-max]  -  LA: 0.82443
Epoch: 14 | Loss: 0.0009037429699674249  | Negative Loss: 0.0
[Test ROC-AUC]  -  SA: 0.00000,  LA: 0.84598
[Test AUPRC]  -  LA: 0.85751
[Test F1-max]  -  LA: 0.83333
Epoch: 15 | Loss: 0.0005827196873724461  | Negative Loss: 0.0
[Test ROC-AUC]  -  SA: 0.00000,  LA: 0.85057
[Test AUPRC]  -  LA: 0.86257
[Test F1-max]  -  LA: 0.84211
Epoch: 16 | Loss: 0.00038273935206234455  | Negative Loss: 0.0
[Test ROC-AUC]  -  SA: 0.00000,  LA: 0.85594
[Test AUPRC]  -  LA: 0.86944
[Test F1-max]  -  LA: 0.84848
Epoch: 17 | Loss: 0.0002566385082900524  | Negative Loss: 0.0
[Test ROC-AUC]  -  SA: 0.00000,  LA: 0.85977
[Test AUPRC]  -  LA: 0.87313
[Test F1-max]  -  LA: 0.84848
Epoch: 18 | Loss: 0.00017642062448430806  | Negative Loss: 0.0
[Test ROC-AUC]  -  SA: 0.00000,  LA: 0.86360
[Test AUPRC]  -  LA: 0.87531
[Test F1-max]  -  LA: 0.85271
Epoch: 19 | Loss: 0.00012290031008888036  | Negative Loss: 0.0
[Test ROC-AUC]  -  SA: 0.00000,  LA: 0.86897
[Test AUPRC]  -  LA: 0.88130
[Test F1-max]  -  LA: 0.86400
Epoch: 20 | Loss: 8.737814641790465e-05  | Negative Loss: 0.0
[Test ROC-AUC]  -  SA: 0.00000,  LA: 0.87050
[Test AUPRC]  -  LA: 0.88618
[Test F1-max]  -  LA: 0.86614
Epoch: 21 | Loss: 6.294131162576377e-05  | Negative Loss: 0.0
[Test ROC-AUC]  -  SA: 0.00000,  LA: 0.86973
[Test AUPRC]  -  LA: 0.88627
[Test F1-max]  -  LA: 0.86614
Epoch: 22 | Loss: 4.625255678547546e-05  | Negative Loss: 0.0
[Test ROC-AUC]  -  SA: 0.00000,  LA: 0.87088
[Test AUPRC]  -  LA: 0.88807
[Test F1-max]  -  LA: 0.86400
Epoch: 23 | Loss: 3.492795440251939e-05  | Negative Loss: 0.0
[Test ROC-AUC]  -  SA: 0.00000,  LA: 0.87165
[Test AUPRC]  -  LA: 0.89145
[Test F1-max]  -  LA: 0.86400
Epoch: 24 | Loss: 2.670266621862538e-05  | Negative Loss: 0.0
[Test ROC-AUC]  -  SA: 0.00000,  LA: 0.86935
[Test AUPRC]  -  LA: 0.88898
[Test F1-max]  -  LA: 0.86885
Epoch: 25 | Loss: 2.0503868654486723e-05  | Negative Loss: 0.0
[Test ROC-AUC]  -  SA: 0.00000,  LA: 0.86820
[Test AUPRC]  -  LA: 0.88763
[Test F1-max]  -  LA: 0.86885
Epoch: 26 | Loss: 1.5973966583260335e-05  | Negative Loss: 0.0
[Test ROC-AUC]  -  SA: 0.00000,  LA: 0.87050
[Test AUPRC]  -  LA: 0.89011
[Test F1-max]  -  LA: 0.87097
Epoch: 27 | Loss: 1.2874552339781076e-05  | Negative Loss: 0.0
[Test ROC-AUC]  -  SA: 0.00000,  LA: 0.87126
[Test AUPRC]  -  LA: 0.89106
[Test F1-max]  -  LA: 0.87805
Epoch: 28 | Loss: 1.0371174539614003e-05  | Negative Loss: 0.0
[Test ROC-AUC]  -  SA: 0.00000,  LA: 0.86820
[Test AUPRC]  -  LA: 0.88826
[Test F1-max]  -  LA: 0.86885
Epoch: 29 | Loss: 8.344628440681845e-06  | Negative Loss: 0.0
[Test ROC-AUC]  -  SA: 0.00000,  LA: 0.86743
[Test AUPRC]  -  LA: 0.88810
[Test F1-max]  -  LA: 0.86179
Epoch: 30 | Loss: 6.914123787282733e-06  | Negative Loss: 0.0
[Test ROC-AUC]  -  SA: 0.00000,  LA: 0.86667
[Test AUPRC]  -  LA: 0.88753
[Test F1-max]  -  LA: 0.86179
Epoch: 31 | Loss: 5.84124427405186e-06  | Negative Loss: 0.0
[Test ROC-AUC]  -  SA: 0.00000,  LA: 0.86628
[Test AUPRC]  -  LA: 0.88752
[Test F1-max]  -  LA: 0.86179
Epoch: 32 | Loss: 4.887573595624417e-06  | Negative Loss: 0.0
[Test ROC-AUC]  -  SA: 0.00000,  LA: 0.86628
[Test AUPRC]  -  LA: 0.88752
[Test F1-max]  -  LA: 0.86179
Epoch: 33 | Loss: 4.291528966859914e-06  | Negative Loss: 0.0
[Test ROC-AUC]  -  SA: 0.00000,  LA: 0.86590
[Test AUPRC]  -  LA: 0.88730
[Test F1-max]  -  LA: 0.85714
Epoch: 34 | Loss: 3.6954836559743853e-06  | Negative Loss: 0.0
[Test ROC-AUC]  -  SA: 0.00000,  LA: 0.86590
[Test AUPRC]  -  LA: 0.88730
[Test F1-max]  -  LA: 0.85714
Epoch: 35 | Loss: 3.2186476346396375e-06  | Negative Loss: 0.0
[Test ROC-AUC]  -  SA: 0.00000,  LA: 0.86513
[Test AUPRC]  -  LA: 0.88686
[Test F1-max]  -  LA: 0.85714
Epoch: 36 | Loss: 2.980229510285426e-06  | Negative Loss: 0.0
[Test ROC-AUC]  -  SA: 0.00000,  LA: 0.86437
[Test AUPRC]  -  LA: 0.88684
[Test F1-max]  -  LA: 0.85714
Epoch: 37 | Loss: 2.6226023237541085e-06  | Negative Loss: 0.0
[Test ROC-AUC]  -  SA: 0.00000,  LA: 0.86437
[Test AUPRC]  -  LA: 0.88695
[Test F1-max]  -  LA: 0.85714
Epoch: 38 | Loss: 2.14576584767201e-06  | Negative Loss: 0.0
[Test ROC-AUC]  -  SA: 0.00000,  LA: 0.86437
[Test AUPRC]  -  LA: 0.88733
[Test F1-max]  -  LA: 0.85246
Epoch: 39 | Loss: 2.0265565581212286e-06  | Negative Loss: 0.0
[Test ROC-AUC]  -  SA: 0.00000,  LA: 0.86437
[Test AUPRC]  -  LA: 0.88729
[Test F1-max]  -  LA: 0.85246
Epoch: 40 | Loss: 1.7881383200801793e-06  | Negative Loss: 0.0
[Test ROC-AUC]  -  SA: 0.00000,  LA: 0.86398
[Test AUPRC]  -  LA: 0.88707
[Test F1-max]  -  LA: 0.84800
Epoch: 41 | Loss: 1.6689291442162357e-06  | Negative Loss: 0.0
[Test ROC-AUC]  -  SA: 0.00000,  LA: 0.86360
[Test AUPRC]  -  LA: 0.88693
[Test F1-max]  -  LA: 0.84800
Epoch: 42 | Loss: 1.54972008203913e-06  | Negative Loss: 0.0
[Test ROC-AUC]  -  SA: 0.00000,  LA: 0.86360
[Test AUPRC]  -  LA: 0.88685
[Test F1-max]  -  LA: 0.84800
Epoch: 43 | Loss: 1.54972008203913e-06  | Negative Loss: 0.0
[Test ROC-AUC]  -  SA: 0.00000,  LA: 0.86360
[Test AUPRC]  -  LA: 0.88677
[Test F1-max]  -  LA: 0.84800
Epoch: 44 | Loss: 1.3113017303112429e-06  | Negative Loss: 0.0
[Test ROC-AUC]  -  SA: 0.00000,  LA: 0.86284
[Test AUPRC]  -  LA: 0.88617
[Test F1-max]  -  LA: 0.84800
Epoch: 45 | Loss: 1.3113017303112429e-06  | Negative Loss: 0.0
[Test ROC-AUC]  -  SA: 0.00000,  LA: 0.86284
[Test AUPRC]  -  LA: 0.88617
[Test F1-max]  -  LA: 0.84800
Epoch: 46 | Loss: 1.3113017303112429e-06  | Negative Loss: 0.0
[Test ROC-AUC]  -  SA: 0.00000,  LA: 0.86245
[Test AUPRC]  -  LA: 0.88602
[Test F1-max]  -  LA: 0.84800
Epoch: 47 | Loss: 1.3113017303112429e-06  | Negative Loss: 0.0
[Test ROC-AUC]  -  SA: 0.00000,  LA: 0.86360
[Test AUPRC]  -  LA: 0.88726
[Test F1-max]  -  LA: 0.84800
Epoch: 48 | Loss: 1.072883264896518e-06  | Negative Loss: 0.0
[Test ROC-AUC]  -  SA: 0.00000,  LA: 0.86360
[Test AUPRC]  -  LA: 0.88726
[Test F1-max]  -  LA: 0.84800
Epoch: 49 | Loss: 9.536740890325746e-07  | Negative Loss: 0.0
[Test ROC-AUC]  -  SA: 0.00000,  LA: 0.86360
[Test AUPRC]  -  LA: 0.88726
[Test F1-max]  -  LA: 0.84800
Epoch: 50 | Loss: 9.536740890325746e-07  | Negative Loss: 0.0
[Test ROC-AUC]  -  SA: 0.00000,  LA: 0.86437
[Test AUPRC]  -  LA: 0.88824
[Test F1-max]  -  LA: 0.84800
Epoch: 51 | Loss: 9.536740890325746e-07  | Negative Loss: 0.0
[Test ROC-AUC]  -  SA: 0.00000,  LA: 0.86437
[Test AUPRC]  -  LA: 0.88824
[Test F1-max]  -  LA: 0.84800
Epoch: 52 | Loss: 9.536740890325746e-07  | Negative Loss: 0.0
[Test ROC-AUC]  -  SA: 0.00000,  LA: 0.86475
[Test AUPRC]  -  LA: 0.88880
[Test F1-max]  -  LA: 0.84800
Epoch: 53 | Loss: 9.536740890325746e-07  | Negative Loss: 0.0
[Test ROC-AUC]  -  SA: 0.00000,  LA: 0.86475
[Test AUPRC]  -  LA: 0.88880
[Test F1-max]  -  LA: 0.84800
Epoch: 54 | Loss: 9.536740890325746e-07  | Negative Loss: 0.0
[Test ROC-AUC]  -  SA: 0.00000,  LA: 0.86475
[Test AUPRC]  -  LA: 0.88880
[Test F1-max]  -  LA: 0.84800
Epoch: 55 | Loss: 8.344647994817933e-07  | Negative Loss: 0.0
[Test ROC-AUC]  -  SA: 0.00000,  LA: 0.86475
[Test AUPRC]  -  LA: 0.88880
[Test F1-max]  -  LA: 0.84800
Epoch: 56 | Loss: 8.344647994817933e-07  | Negative Loss: 0.0
[Test ROC-AUC]  -  SA: 0.00000,  LA: 0.86475
[Test AUPRC]  -  LA: 0.88880
[Test F1-max]  -  LA: 0.84800
Epoch: 57 | Loss: 8.344647994817933e-07  | Negative Loss: 0.0
[Test ROC-AUC]  -  SA: 0.00000,  LA: 0.86475
[Test AUPRC]  -  LA: 0.88880
[Test F1-max]  -  LA: 0.84800
Epoch: 58 | Loss: 5.960463340670685e-07  | Negative Loss: 0.0
[Test ROC-AUC]  -  SA: 0.00000,  LA: 0.86475
[Test AUPRC]  -  LA: 0.88880
[Test F1-max]  -  LA: 0.84800
Epoch: 59 | Loss: 5.960463340670685e-07  | Negative Loss: 0.0
[Test ROC-AUC]  -  SA: 0.00000,  LA: 0.86475
[Test AUPRC]  -  LA: 0.88880
[Test F1-max]  -  LA: 0.84800
Epoch: 60 | Loss: 5.960463340670685e-07  | Negative Loss: 0.0
[Test ROC-AUC]  -  SA: 0.00000,  LA: 0.86475
[Test AUPRC]  -  LA: 0.88880
[Test F1-max]  -  LA: 0.84800
Epoch: 61 | Loss: 5.960463340670685e-07  | Negative Loss: 0.0
[Test ROC-AUC]  -  SA: 0.00000,  LA: 0.86437
[Test AUPRC]  -  LA: 0.88864
[Test F1-max]  -  LA: 0.84800
Epoch: 62 | Loss: 5.960463340670685e-07  | Negative Loss: 0.0
[Test ROC-AUC]  -  SA: 0.00000,  LA: 0.86437
[Test AUPRC]  -  LA: 0.88864
[Test F1-max]  -  LA: 0.84800
Epoch: 63 | Loss: 5.960463340670685e-07  | Negative Loss: 0.0
[Test ROC-AUC]  -  SA: 0.00000,  LA: 0.86398
[Test AUPRC]  -  LA: 0.88838
[Test F1-max]  -  LA: 0.84800
Epoch: 64 | Loss: 5.960463340670685e-07  | Negative Loss: 0.0
[Test ROC-AUC]  -  SA: 0.00000,  LA: 0.86360
[Test AUPRC]  -  LA: 0.88818
[Test F1-max]  -  LA: 0.84553
Epoch: 65 | Loss: 5.960463340670685e-07  | Negative Loss: 0.0
[Test ROC-AUC]  -  SA: 0.00000,  LA: 0.86360
[Test AUPRC]  -  LA: 0.88818
[Test F1-max]  -  LA: 0.84553
Epoch: 66 | Loss: 5.960463340670685e-07  | Negative Loss: 0.0
[Test ROC-AUC]  -  SA: 0.00000,  LA: 0.86360
[Test AUPRC]  -  LA: 0.88818
[Test F1-max]  -  LA: 0.84553
Epoch: 67 | Loss: 5.960463340670685e-07  | Negative Loss: 0.0
[Test ROC-AUC]  -  SA: 0.00000,  LA: 0.86360
[Test AUPRC]  -  LA: 0.88818
[Test F1-max]  -  LA: 0.84553
Epoch: 68 | Loss: 5.960463340670685e-07  | Negative Loss: 0.0
[Test ROC-AUC]  -  SA: 0.00000,  LA: 0.86360
[Test AUPRC]  -  LA: 0.88818
[Test F1-max]  -  LA: 0.84553
Epoch: 69 | Loss: 5.960463340670685e-07  | Negative Loss: 0.0
[Test ROC-AUC]  -  SA: 0.00000,  LA: 0.86360
[Test AUPRC]  -  LA: 0.88818
[Test F1-max]  -  LA: 0.84553
Epoch: 70 | Loss: 5.960463340670685e-07  | Negative Loss: 0.0
[Test ROC-AUC]  -  SA: 0.00000,  LA: 0.86360
[Test AUPRC]  -  LA: 0.88818
[Test F1-max]  -  LA: 0.84553
Epoch: 71 | Loss: 5.960463340670685e-07  | Negative Loss: 0.0
[Test ROC-AUC]  -  SA: 0.00000,  LA: 0.86360
[Test AUPRC]  -  LA: 0.88818
[Test F1-max]  -  LA: 0.84553
Epoch: 72 | Loss: 5.960463340670685e-07  | Negative Loss: 0.0
[Test ROC-AUC]  -  SA: 0.00000,  LA: 0.86360
[Test AUPRC]  -  LA: 0.88818
[Test F1-max]  -  LA: 0.84553
Epoch: 73 | Loss: 5.960463340670685e-07  | Negative Loss: 0.0
[Test ROC-AUC]  -  SA: 0.00000,  LA: 0.86360
[Test AUPRC]  -  LA: 0.88818
[Test F1-max]  -  LA: 0.84553
Epoch: 74 | Loss: 5.960463340670685e-07  | Negative Loss: 0.0
[Test ROC-AUC]  -  SA: 0.00000,  LA: 0.86360
[Test AUPRC]  -  LA: 0.88818
[Test F1-max]  -  LA: 0.84553
Epoch: 75 | Loss: 5.960463340670685e-07  | Negative Loss: 0.0
[Test ROC-AUC]  -  SA: 0.00000,  LA: 0.86360
[Test AUPRC]  -  LA: 0.88818
[Test F1-max]  -  LA: 0.84553
Epoch: 76 | Loss: 5.960463340670685e-07  | Negative Loss: 0.0
[Test ROC-AUC]  -  SA: 0.00000,  LA: 0.86360
[Test AUPRC]  -  LA: 0.88818
[Test F1-max]  -  LA: 0.84553
Epoch: 77 | Loss: 5.960463340670685e-07  | Negative Loss: 0.0
[Test ROC-AUC]  -  SA: 0.00000,  LA: 0.86360
[Test AUPRC]  -  LA: 0.88818
[Test F1-max]  -  LA: 0.84553
Epoch: 78 | Loss: 5.960463340670685e-07  | Negative Loss: 0.0
[Test ROC-AUC]  -  SA: 0.00000,  LA: 0.86360
[Test AUPRC]  -  LA: 0.88818
[Test F1-max]  -  LA: 0.84553
Epoch: 79 | Loss: 5.960463340670685e-07  | Negative Loss: 0.0
[Test ROC-AUC]  -  SA: 0.00000,  LA: 0.86360
[Test AUPRC]  -  LA: 0.88818
[Test F1-max]  -  LA: 0.84553
Epoch: 80 | Loss: 5.960463340670685e-07  | Negative Loss: 0.0
[Test ROC-AUC]  -  SA: 0.00000,  LA: 0.86360
[Test AUPRC]  -  LA: 0.88818
[Test F1-max]  -  LA: 0.84553
Epoch: 81 | Loss: 5.960463340670685e-07  | Negative Loss: 0.0
[Test ROC-AUC]  -  SA: 0.00000,  LA: 0.86360
[Test AUPRC]  -  LA: 0.88818
[Test F1-max]  -  LA: 0.84553
Epoch: 82 | Loss: 5.960463340670685e-07  | Negative Loss: 0.0
[Test ROC-AUC]  -  SA: 0.00000,  LA: 0.86360
[Test AUPRC]  -  LA: 0.88818
[Test F1-max]  -  LA: 0.84553
Epoch: 83 | Loss: 5.960463340670685e-07  | Negative Loss: 0.0
[Test ROC-AUC]  -  SA: 0.00000,  LA: 0.86322
[Test AUPRC]  -  LA: 0.88768
[Test F1-max]  -  LA: 0.84553
Epoch: 84 | Loss: 5.960463340670685e-07  | Negative Loss: 0.0
[Test ROC-AUC]  -  SA: 0.00000,  LA: 0.86284
[Test AUPRC]  -  LA: 0.88749
[Test F1-max]  -  LA: 0.84553
Epoch: 85 | Loss: 5.960463340670685e-07  | Negative Loss: 0.0
[Test ROC-AUC]  -  SA: 0.00000,  LA: 0.86284
[Test AUPRC]  -  LA: 0.88749
[Test F1-max]  -  LA: 0.84553
Epoch: 86 | Loss: 5.960463340670685e-07  | Negative Loss: 0.0
[Test ROC-AUC]  -  SA: 0.00000,  LA: 0.86284
[Test AUPRC]  -  LA: 0.88749
[Test F1-max]  -  LA: 0.84553
Epoch: 87 | Loss: 5.960463340670685e-07  | Negative Loss: 0.0
[Test ROC-AUC]  -  SA: 0.00000,  LA: 0.86284
[Test AUPRC]  -  LA: 0.88749
[Test F1-max]  -  LA: 0.84553
Epoch: 88 | Loss: 5.960463340670685e-07  | Negative Loss: 0.0
[Test ROC-AUC]  -  SA: 0.00000,  LA: 0.86284
[Test AUPRC]  -  LA: 0.88749
[Test F1-max]  -  LA: 0.84553
Epoch: 89 | Loss: 5.960463340670685e-07  | Negative Loss: 0.0
[Test ROC-AUC]  -  SA: 0.00000,  LA: 0.86284
[Test AUPRC]  -  LA: 0.88749
[Test F1-max]  -  LA: 0.84553
Epoch: 90 | Loss: 5.960463340670685e-07  | Negative Loss: 0.0
[Test ROC-AUC]  -  SA: 0.00000,  LA: 0.86284
[Test AUPRC]  -  LA: 0.88749
[Test F1-max]  -  LA: 0.84553
Epoch: 91 | Loss: 5.960463340670685e-07  | Negative Loss: 0.0
[Test ROC-AUC]  -  SA: 0.00000,  LA: 0.86284
[Test AUPRC]  -  LA: 0.88749
[Test F1-max]  -  LA: 0.84553
Epoch: 92 | Loss: 5.960463340670685e-07  | Negative Loss: 0.0
[Test ROC-AUC]  -  SA: 0.00000,  LA: 0.86284
[Test AUPRC]  -  LA: 0.88749
[Test F1-max]  -  LA: 0.84553
Epoch: 93 | Loss: 5.960463340670685e-07  | Negative Loss: 0.0
[Test ROC-AUC]  -  SA: 0.00000,  LA: 0.86284
[Test AUPRC]  -  LA: 0.88749
[Test F1-max]  -  LA: 0.84553
Epoch: 94 | Loss: 5.960463340670685e-07  | Negative Loss: 0.0
[Test ROC-AUC]  -  SA: 0.00000,  LA: 0.86284
[Test AUPRC]  -  LA: 0.88749
[Test F1-max]  -  LA: 0.84553
Epoch: 95 | Loss: 5.960463340670685e-07  | Negative Loss: 0.0
[Test ROC-AUC]  -  SA: 0.00000,  LA: 0.86284
[Test AUPRC]  -  LA: 0.88749
[Test F1-max]  -  LA: 0.84553
Epoch: 96 | Loss: 5.960463340670685e-07  | Negative Loss: 0.0
[Test ROC-AUC]  -  SA: 0.00000,  LA: 0.86322
[Test AUPRC]  -  LA: 0.88799
[Test F1-max]  -  LA: 0.84553
Epoch: 97 | Loss: 5.960463340670685e-07  | Negative Loss: 0.0
[Test ROC-AUC]  -  SA: 0.00000,  LA: 0.86322
[Test AUPRC]  -  LA: 0.88799
[Test F1-max]  -  LA: 0.84553
Epoch: 98 | Loss: 5.960463340670685e-07  | Negative Loss: 0.0
[Test ROC-AUC]  -  SA: 0.00000,  LA: 0.86322
[Test AUPRC]  -  LA: 0.88799
[Test F1-max]  -  LA: 0.84553
Epoch: 99 | Loss: 4.7683710135970614e-07  | Negative Loss: 0.0
Time consumption: 100.15518879890442
Best LA AUC: 0.8716475095785441
Best LA AUPC: 0.8914490868656249
Best LA F1-max: 0.8780487804878049
[Result] Experiment result appended to ./results/train_hybrid_result.csv

[END] 2026-03-29 10:53:53
[RETURN CODE] 0
