[START] 2026-03-29 11:29:51
[GPU] 3
[TASK] 74/150
[NAME] pcb1_promptad
[REPEAT] 4/5
[COMMAND] python train_hybrid.py --data_name pcb1 --mask True --text True --double_encoder True --few_shot True --shot 1 --hybrid_model promptad --hybrid_weight 0.3 --hybrid_batch_size 16 --epoch 100 --log True --lr 5e-4 --detection True --preprocess True

/home/seungeon/miniconda3/envs/LAB/lib/python3.10/site-packages/timm/models/layers/__init__.py:48: FutureWarning: Importing from timm.models.layers is deprecated, please import via timm.layers
  warnings.warn(f"Importing from {__name__} is deprecated, please import via timm.layers", FutureWarning)
/home/seungeon/Workspace/side/vlm/train_hybrid.py:18: DeprecationWarning: The distutils package is deprecated and slated for removal in Python 3.12. Use setuptools or check PEP 632 for potential alternatives
  from distutils.util import strtobool
Torch version: 2.9.1+cu128
cuda is loaded for process
here?
In my local computer
Namespace(epoch=100, gpu_number='0', data_name='pcb1', lr=0.0005, batch_size=6, shuffle=True, seed=0, tag='default', model_name='ViT-B-32', pretrained_name='laion2b_s34b_b79k', lora=1, default=False, foundation='CLIP', detection=1, preprocess=1, num_rule=0, object_names=['a photo of PCB'], objects_for_rules=[['a photo of PCB'], ['a photo of PCB'], ['a photo of PCB'], ['a photo of PCB']], texts_for_rules=[['a photo of PCB'], ['a photo of PCB'], ['a photo of PCB'], ['a photo of PCB']], mask=1, text=1, score='mean', ciriculam_learning=False, few_shot=1, shot=1, log=1, neg_loss=0, double_encoder=1, pretrained_count_path=None, ris=0, rule_select='', rule_list=[], num_negative=5, hybrid_model='promptad', hybrid_weight=0.3, hybrid_class_name='', hybrid_batch_size=16, hybrid_backbone='ViT-B-16-plus-240', hybrid_pretrained_dataset='laion400m_e32', hybrid_scales=[2, 3], hybrid_img_resize=240, hybrid_img_cropsize=240, hybrid_resolution=400, hybrid_promptad_epoch=100, hybrid_promptad_lr=0.002, hybrid_promptad_momentum=0.9, hybrid_promptad_weight_decay=0.0005, hybrid_promptad_eta_min=1e-05, hybrid_promptad_lambda1=0.001, hybrid_promptad_n_ctx=4, hybrid_promptad_n_pro=3, hybrid_promptad_n_ctx_ab=1, hybrid_promptad_n_pro_ab=4, early_stop_k=10, result_log_path='./results/train_hybrid_result.csv')
[Hybrid] method=promptad, class_name=pcb1, train=1, eval=200, base_path=/data3/seungeon/data/image/visa/pcb1
[Hybrid-only] LA_AUC=0.85065, LA_AUPRC=0.86846, LA_F1=0.79070
[Data Description]
- Train: 1
- Test: 200

Train Start
[Test ROC-AUC]  -  SA: 0.00000,  LA: 0.54350
[Test AUPRC]  -  LA: 0.55884
[Test F1-max]  -  LA: 0.67797
Epoch: 0 | Loss: 4.3624067306518555  | Negative Loss: 0.0
[Test ROC-AUC]  -  SA: 0.00000,  LA: 0.55820
[Test AUPRC]  -  LA: 0.57523
[Test F1-max]  -  LA: 0.67820
Epoch: 1 | Loss: 4.224799633026123  | Negative Loss: 0.0
[Test ROC-AUC]  -  SA: 0.00000,  LA: 0.76190
[Test AUPRC]  -  LA: 0.77925
[Test F1-max]  -  LA: 0.72321
Epoch: 2 | Loss: 2.606196880340576  | Negative Loss: 0.0
[Test ROC-AUC]  -  SA: 0.00000,  LA: 0.84120
[Test AUPRC]  -  LA: 0.88773
[Test F1-max]  -  LA: 0.79592
Epoch: 3 | Loss: 1.0249543190002441  | Negative Loss: 0.0
[Test ROC-AUC]  -  SA: 0.00000,  LA: 0.85070
[Test AUPRC]  -  LA: 0.88753
[Test F1-max]  -  LA: 0.80000
Epoch: 4 | Loss: 0.27136147022247314  | Negative Loss: 0.0
[Test ROC-AUC]  -  SA: 0.00000,  LA: 0.85210
[Test AUPRC]  -  LA: 0.88555
[Test F1-max]  -  LA: 0.79545
Epoch: 5 | Loss: 0.08249606937170029  | Negative Loss: 0.0
[Test ROC-AUC]  -  SA: 0.00000,  LA: 0.85380
[Test AUPRC]  -  LA: 0.88553
[Test F1-max]  -  LA: 0.79545
Epoch: 6 | Loss: 0.032222263514995575  | Negative Loss: 0.0
[Test ROC-AUC]  -  SA: 0.00000,  LA: 0.85370
[Test AUPRC]  -  LA: 0.88515
[Test F1-max]  -  LA: 0.79775
Epoch: 7 | Loss: 0.015196275897324085  | Negative Loss: 0.0
[Test ROC-AUC]  -  SA: 0.00000,  LA: 0.85570
[Test AUPRC]  -  LA: 0.88668
[Test F1-max]  -  LA: 0.79545
Epoch: 8 | Loss: 0.008012800477445126  | Negative Loss: 0.0
[Test ROC-AUC]  -  SA: 0.00000,  LA: 0.85610
[Test AUPRC]  -  LA: 0.88619
[Test F1-max]  -  LA: 0.79121
Epoch: 9 | Loss: 0.004497621674090624  | Negative Loss: 0.0
[Test ROC-AUC]  -  SA: 0.00000,  LA: 0.85720
[Test AUPRC]  -  LA: 0.88670
[Test F1-max]  -  LA: 0.78889
Epoch: 10 | Loss: 0.0026590926572680473  | Negative Loss: 0.0
[Test ROC-AUC]  -  SA: 0.00000,  LA: 0.85740
[Test AUPRC]  -  LA: 0.88696
[Test F1-max]  -  LA: 0.79121
Epoch: 11 | Loss: 0.0016469212714582682  | Negative Loss: 0.0
[Test ROC-AUC]  -  SA: 0.00000,  LA: 0.85500
[Test AUPRC]  -  LA: 0.88542
[Test F1-max]  -  LA: 0.78689
Epoch: 12 | Loss: 0.0010452045826241374  | Negative Loss: 0.0
[Test ROC-AUC]  -  SA: 0.00000,  LA: 0.85430
[Test AUPRC]  -  LA: 0.88468
[Test F1-max]  -  LA: 0.78919
Epoch: 13 | Loss: 0.000683021149598062  | Negative Loss: 0.0
[Test ROC-AUC]  -  SA: 0.00000,  LA: 0.85340
[Test AUPRC]  -  LA: 0.88363
[Test F1-max]  -  LA: 0.78919
Epoch: 14 | Loss: 0.00045756748295389116  | Negative Loss: 0.0
[Test ROC-AUC]  -  SA: 0.00000,  LA: 0.85390
[Test AUPRC]  -  LA: 0.88312
[Test F1-max]  -  LA: 0.78919
Epoch: 15 | Loss: 0.0003125301154796034  | Negative Loss: 0.0
[Test ROC-AUC]  -  SA: 0.00000,  LA: 0.85390
[Test AUPRC]  -  LA: 0.88256
[Test F1-max]  -  LA: 0.78495
Epoch: 16 | Loss: 0.00021801568800583482  | Negative Loss: 0.0
[Test ROC-AUC]  -  SA: 0.00000,  LA: 0.85530
[Test AUPRC]  -  LA: 0.88376
[Test F1-max]  -  LA: 0.78495
Epoch: 17 | Loss: 0.00015532036195509136  | Negative Loss: 0.0
[Test ROC-AUC]  -  SA: 0.00000,  LA: 0.85660
[Test AUPRC]  -  LA: 0.88454
[Test F1-max]  -  LA: 0.78919
Epoch: 18 | Loss: 0.00011217099381610751  | Negative Loss: 0.0
[Test ROC-AUC]  -  SA: 0.00000,  LA: 0.85730
[Test AUPRC]  -  LA: 0.88450
[Test F1-max]  -  LA: 0.79330
Epoch: 19 | Loss: 8.260933827841654e-05  | Negative Loss: 0.0
[Test ROC-AUC]  -  SA: 0.00000,  LA: 0.85840
[Test AUPRC]  -  LA: 0.88534
[Test F1-max]  -  LA: 0.80000
Epoch: 20 | Loss: 6.15104945609346e-05  | Negative Loss: 0.0
[Test ROC-AUC]  -  SA: 0.00000,  LA: 0.85775
[Test AUPRC]  -  LA: 0.88435
[Test F1-max]  -  LA: 0.80000
Epoch: 21 | Loss: 4.625234578270465e-05  | Negative Loss: 0.0
[Test ROC-AUC]  -  SA: 0.00000,  LA: 0.85820
[Test AUPRC]  -  LA: 0.88461
[Test F1-max]  -  LA: 0.80220
Epoch: 22 | Loss: 3.5285444027977064e-05  | Negative Loss: 0.0
[Test ROC-AUC]  -  SA: 0.00000,  LA: 0.85745
[Test AUPRC]  -  LA: 0.88322
[Test F1-max]  -  LA: 0.80220
Epoch: 23 | Loss: 2.753703847702127e-05  | Negative Loss: 0.0
[Test ROC-AUC]  -  SA: 0.00000,  LA: 0.85740
[Test AUPRC]  -  LA: 0.88340
[Test F1-max]  -  LA: 0.80663
Epoch: 24 | Loss: 2.1576690414804034e-05  | Negative Loss: 0.0
[Test ROC-AUC]  -  SA: 0.00000,  LA: 0.85730
[Test AUPRC]  -  LA: 0.88243
[Test F1-max]  -  LA: 0.80663
Epoch: 25 | Loss: 1.740443258313462e-05  | Negative Loss: 0.0
[Test ROC-AUC]  -  SA: 0.00000,  LA: 0.85800
[Test AUPRC]  -  LA: 0.88211
[Test F1-max]  -  LA: 0.80000
Epoch: 26 | Loss: 1.3947405932412948e-05  | Negative Loss: 0.0
[Test ROC-AUC]  -  SA: 0.00000,  LA: 0.85900
[Test AUPRC]  -  LA: 0.88283
[Test F1-max]  -  LA: 0.80000
Epoch: 27 | Loss: 1.1444037227192894e-05  | Negative Loss: 0.0
[Test ROC-AUC]  -  SA: 0.00000,  LA: 0.85890
[Test AUPRC]  -  LA: 0.88303
[Test F1-max]  -  LA: 0.80000
Epoch: 28 | Loss: 9.536706784274429e-06  | Negative Loss: 0.0
[Test ROC-AUC]  -  SA: 0.00000,  LA: 0.85870
[Test AUPRC]  -  LA: 0.88191
[Test F1-max]  -  LA: 0.80000
Epoch: 29 | Loss: 7.867787644499913e-06  | Negative Loss: 0.0
[Test ROC-AUC]  -  SA: 0.00000,  LA: 0.85880
[Test AUPRC]  -  LA: 0.88189
[Test F1-max]  -  LA: 0.80000
Epoch: 30 | Loss: 6.675701570202364e-06  | Negative Loss: 0.0
[Test ROC-AUC]  -  SA: 0.00000,  LA: 0.85940
[Test AUPRC]  -  LA: 0.88251
[Test F1-max]  -  LA: 0.80000
Epoch: 31 | Loss: 5.722032256016973e-06  | Negative Loss: 0.0
[Test ROC-AUC]  -  SA: 0.00000,  LA: 0.85970
[Test AUPRC]  -  LA: 0.88283
[Test F1-max]  -  LA: 0.80000
Epoch: 32 | Loss: 4.887570412392961e-06  | Negative Loss: 0.0
[Test ROC-AUC]  -  SA: 0.00000,  LA: 0.85940
[Test AUPRC]  -  LA: 0.88259
[Test F1-max]  -  LA: 0.79775
Epoch: 33 | Loss: 4.29152669312316e-06  | Negative Loss: 0.0
[Test ROC-AUC]  -  SA: 0.00000,  LA: 0.85910
[Test AUPRC]  -  LA: 0.88197
[Test F1-max]  -  LA: 0.79787
Epoch: 34 | Loss: 3.8146913539094385e-06  | Negative Loss: 0.0
[Test ROC-AUC]  -  SA: 0.00000,  LA: 0.85890
[Test AUPRC]  -  LA: 0.88195
[Test F1-max]  -  LA: 0.79787
Epoch: 35 | Loss: 3.3378553325746907e-06  | Negative Loss: 0.0
[Test ROC-AUC]  -  SA: 0.00000,  LA: 0.85920
[Test AUPRC]  -  LA: 0.88206
[Test F1-max]  -  LA: 0.79775
Epoch: 36 | Loss: 2.9802283734170487e-06  | Negative Loss: 0.0
[Test ROC-AUC]  -  SA: 0.00000,  LA: 0.85890
[Test AUPRC]  -  LA: 0.88185
[Test F1-max]  -  LA: 0.79330
Epoch: 37 | Loss: 2.7418104764365125e-06  | Negative Loss: 0.0
[Test ROC-AUC]  -  SA: 0.00000,  LA: 0.85880
[Test AUPRC]  -  LA: 0.88181
[Test F1-max]  -  LA: 0.79096
Epoch: 38 | Loss: 2.5033925794559764e-06  | Negative Loss: 0.0
[Test ROC-AUC]  -  SA: 0.00000,  LA: 0.85850
[Test AUPRC]  -  LA: 0.88111
[Test F1-max]  -  LA: 0.79096
Epoch: 39 | Loss: 2.2649744551017648e-06  | Negative Loss: 0.0
[Test ROC-AUC]  -  SA: 0.00000,  LA: 0.85850
[Test AUPRC]  -  LA: 0.88094
[Test F1-max]  -  LA: 0.79096
Epoch: 40 | Loss: 2.0265561033738777e-06  | Negative Loss: 0.0
[Test ROC-AUC]  -  SA: 0.00000,  LA: 0.85840
[Test AUPRC]  -  LA: 0.88099
[Test F1-max]  -  LA: 0.79096
Epoch: 41 | Loss: 1.907347041196772e-06  | Negative Loss: 0.0
[Test ROC-AUC]  -  SA: 0.00000,  LA: 0.85830
[Test AUPRC]  -  LA: 0.88032
[Test F1-max]  -  LA: 0.79096
Epoch: 42 | Loss: 1.788137979019666e-06  | Negative Loss: 0.0
[Test ROC-AUC]  -  SA: 0.00000,  LA: 0.85830
[Test AUPRC]  -  LA: 0.88029
[Test F1-max]  -  LA: 0.79096
Epoch: 43 | Loss: 1.6689288031557226e-06  | Negative Loss: 0.0
[Test ROC-AUC]  -  SA: 0.00000,  LA: 0.85810
[Test AUPRC]  -  LA: 0.88018
[Test F1-max]  -  LA: 0.79096
Epoch: 44 | Loss: 1.5497197409786168e-06  | Negative Loss: 0.0
[Test ROC-AUC]  -  SA: 0.00000,  LA: 0.85780
[Test AUPRC]  -  LA: 0.88001
[Test F1-max]  -  LA: 0.79096
Epoch: 45 | Loss: 1.4305105651146732e-06  | Negative Loss: 0.0
[Test ROC-AUC]  -  SA: 0.00000,  LA: 0.85750
[Test AUPRC]  -  LA: 0.87982
[Test F1-max]  -  LA: 0.79096
Epoch: 46 | Loss: 1.4305105651146732e-06  | Negative Loss: 0.0
[Test ROC-AUC]  -  SA: 0.00000,  LA: 0.85750
[Test AUPRC]  -  LA: 0.87983
[Test F1-max]  -  LA: 0.79096
Epoch: 47 | Loss: 1.3113015029375674e-06  | Negative Loss: 0.0
[Test ROC-AUC]  -  SA: 0.00000,  LA: 0.85710
[Test AUPRC]  -  LA: 0.87830
[Test F1-max]  -  LA: 0.79096
Epoch: 48 | Loss: 1.3113015029375674e-06  | Negative Loss: 0.0
[Test ROC-AUC]  -  SA: 0.00000,  LA: 0.85700
[Test AUPRC]  -  LA: 0.87825
[Test F1-max]  -  LA: 0.79096
Epoch: 49 | Loss: 1.1920923270736239e-06  | Negative Loss: 0.0
[Test ROC-AUC]  -  SA: 0.00000,  LA: 0.85680
[Test AUPRC]  -  LA: 0.87796
[Test F1-max]  -  LA: 0.79096
Epoch: 50 | Loss: 1.1920923270736239e-06  | Negative Loss: 0.0
[Test ROC-AUC]  -  SA: 0.00000,  LA: 0.85670
[Test AUPRC]  -  LA: 0.87792
[Test F1-max]  -  LA: 0.79096
Epoch: 51 | Loss: 1.0728831512096804e-06  | Negative Loss: 0.0
[Test ROC-AUC]  -  SA: 0.00000,  LA: 0.85650
[Test AUPRC]  -  LA: 0.87778
[Test F1-max]  -  LA: 0.79096
Epoch: 52 | Loss: 1.0728831512096804e-06  | Negative Loss: 0.0
[Test ROC-AUC]  -  SA: 0.00000,  LA: 0.85650
[Test AUPRC]  -  LA: 0.87775
[Test F1-max]  -  LA: 0.79096
Epoch: 53 | Loss: 1.0728831512096804e-06  | Negative Loss: 0.0
[Test ROC-AUC]  -  SA: 0.00000,  LA: 0.85630
[Test AUPRC]  -  LA: 0.87766
[Test F1-max]  -  LA: 0.79096
Epoch: 54 | Loss: 1.0728831512096804e-06  | Negative Loss: 0.0
[Test ROC-AUC]  -  SA: 0.00000,  LA: 0.85650
[Test AUPRC]  -  LA: 0.87774
[Test F1-max]  -  LA: 0.79096
Epoch: 55 | Loss: 9.536739753457368e-07  | Negative Loss: 0.0
[Test ROC-AUC]  -  SA: 0.00000,  LA: 0.85620
[Test AUPRC]  -  LA: 0.87737
[Test F1-max]  -  LA: 0.79096
Epoch: 56 | Loss: 9.536739753457368e-07  | Negative Loss: 0.0
[Test ROC-AUC]  -  SA: 0.00000,  LA: 0.85620
[Test AUPRC]  -  LA: 0.87662
[Test F1-max]  -  LA: 0.79096
Epoch: 57 | Loss: 9.536739753457368e-07  | Negative Loss: 0.0
[Test ROC-AUC]  -  SA: 0.00000,  LA: 0.85620
[Test AUPRC]  -  LA: 0.87662
[Test F1-max]  -  LA: 0.79096
Epoch: 58 | Loss: 9.536739753457368e-07  | Negative Loss: 0.0
[Test ROC-AUC]  -  SA: 0.00000,  LA: 0.85600
[Test AUPRC]  -  LA: 0.87650
[Test F1-max]  -  LA: 0.79096
Epoch: 59 | Loss: 9.536739753457368e-07  | Negative Loss: 0.0
[Test ROC-AUC]  -  SA: 0.00000,  LA: 0.85610
[Test AUPRC]  -  LA: 0.87671
[Test F1-max]  -  LA: 0.79096
Epoch: 60 | Loss: 8.344647994817933e-07  | Negative Loss: 0.0
[Test ROC-AUC]  -  SA: 0.00000,  LA: 0.85600
[Test AUPRC]  -  LA: 0.87664
[Test F1-max]  -  LA: 0.79096
Epoch: 61 | Loss: 8.344647994817933e-07  | Negative Loss: 0.0
[Test ROC-AUC]  -  SA: 0.00000,  LA: 0.85610
[Test AUPRC]  -  LA: 0.87669
[Test F1-max]  -  LA: 0.79096
Epoch: 62 | Loss: 8.344647994817933e-07  | Negative Loss: 0.0
[Test ROC-AUC]  -  SA: 0.00000,  LA: 0.85610
[Test AUPRC]  -  LA: 0.87669
[Test F1-max]  -  LA: 0.79096
Epoch: 63 | Loss: 8.344647994817933e-07  | Negative Loss: 0.0
[Test ROC-AUC]  -  SA: 0.00000,  LA: 0.85590
[Test AUPRC]  -  LA: 0.87653
[Test F1-max]  -  LA: 0.79096
Epoch: 64 | Loss: 8.344647994817933e-07  | Negative Loss: 0.0
[Test ROC-AUC]  -  SA: 0.00000,  LA: 0.85580
[Test AUPRC]  -  LA: 0.87649
[Test F1-max]  -  LA: 0.79096
Epoch: 65 | Loss: 8.344647994817933e-07  | Negative Loss: 0.0
[Test ROC-AUC]  -  SA: 0.00000,  LA: 0.85580
[Test AUPRC]  -  LA: 0.87649
[Test F1-max]  -  LA: 0.79096
Epoch: 66 | Loss: 8.344647994817933e-07  | Negative Loss: 0.0
[Test ROC-AUC]  -  SA: 0.00000,  LA: 0.85590
[Test AUPRC]  -  LA: 0.87666
[Test F1-max]  -  LA: 0.79096
Epoch: 67 | Loss: 8.344647994817933e-07  | Negative Loss: 0.0
[Test ROC-AUC]  -  SA: 0.00000,  LA: 0.85600
[Test AUPRC]  -  LA: 0.87671
[Test F1-max]  -  LA: 0.79096
Epoch: 68 | Loss: 8.344647994817933e-07  | Negative Loss: 0.0
[Test ROC-AUC]  -  SA: 0.00000,  LA: 0.85620
[Test AUPRC]  -  LA: 0.87682
[Test F1-max]  -  LA: 0.79096
Epoch: 69 | Loss: 7.152555667744309e-07  | Negative Loss: 0.0
[Test ROC-AUC]  -  SA: 0.00000,  LA: 0.85610
[Test AUPRC]  -  LA: 0.87595
[Test F1-max]  -  LA: 0.79096
Epoch: 70 | Loss: 5.960462772236497e-07  | Negative Loss: 0.0
[Test ROC-AUC]  -  SA: 0.00000,  LA: 0.85630
[Test AUPRC]  -  LA: 0.87611
[Test F1-max]  -  LA: 0.79096
Epoch: 71 | Loss: 5.960462772236497e-07  | Negative Loss: 0.0
[Test ROC-AUC]  -  SA: 0.00000,  LA: 0.85630
[Test AUPRC]  -  LA: 0.87617
[Test F1-max]  -  LA: 0.79096
Epoch: 72 | Loss: 5.960462772236497e-07  | Negative Loss: 0.0
[Test ROC-AUC]  -  SA: 0.00000,  LA: 0.85630
[Test AUPRC]  -  LA: 0.87617
[Test F1-max]  -  LA: 0.79096
Epoch: 73 | Loss: 5.960462772236497e-07  | Negative Loss: 0.0
[Test ROC-AUC]  -  SA: 0.00000,  LA: 0.85630
[Test AUPRC]  -  LA: 0.87617
[Test F1-max]  -  LA: 0.79096
Epoch: 74 | Loss: 5.960462772236497e-07  | Negative Loss: 0.0
[Test ROC-AUC]  -  SA: 0.00000,  LA: 0.85630
[Test AUPRC]  -  LA: 0.87617
[Test F1-max]  -  LA: 0.79096
Epoch: 75 | Loss: 5.960462772236497e-07  | Negative Loss: 0.0
[Test ROC-AUC]  -  SA: 0.00000,  LA: 0.85630
[Test AUPRC]  -  LA: 0.87617
[Test F1-max]  -  LA: 0.79096
Epoch: 76 | Loss: 5.960462772236497e-07  | Negative Loss: 0.0
[Test ROC-AUC]  -  SA: 0.00000,  LA: 0.85620
[Test AUPRC]  -  LA: 0.87611
[Test F1-max]  -  LA: 0.79096
Epoch: 77 | Loss: 5.960462772236497e-07  | Negative Loss: 0.0
[Test ROC-AUC]  -  SA: 0.00000,  LA: 0.85640
[Test AUPRC]  -  LA: 0.87622
[Test F1-max]  -  LA: 0.79096
Epoch: 78 | Loss: 5.960462772236497e-07  | Negative Loss: 0.0
[Test ROC-AUC]  -  SA: 0.00000,  LA: 0.85635
[Test AUPRC]  -  LA: 0.87618
[Test F1-max]  -  LA: 0.79096
Epoch: 79 | Loss: 5.960462772236497e-07  | Negative Loss: 0.0
[Test ROC-AUC]  -  SA: 0.00000,  LA: 0.85625
[Test AUPRC]  -  LA: 0.87610
[Test F1-max]  -  LA: 0.79096
Epoch: 80 | Loss: 5.960462772236497e-07  | Negative Loss: 0.0
[Test ROC-AUC]  -  SA: 0.00000,  LA: 0.85640
[Test AUPRC]  -  LA: 0.87617
[Test F1-max]  -  LA: 0.79096
Epoch: 81 | Loss: 5.960462772236497e-07  | Negative Loss: 0.0
[Test ROC-AUC]  -  SA: 0.00000,  LA: 0.85630
[Test AUPRC]  -  LA: 0.87613
[Test F1-max]  -  LA: 0.79096
Epoch: 82 | Loss: 5.960462772236497e-07  | Negative Loss: 0.0
[Test ROC-AUC]  -  SA: 0.00000,  LA: 0.85630
[Test AUPRC]  -  LA: 0.87613
[Test F1-max]  -  LA: 0.79096
Epoch: 83 | Loss: 5.960462772236497e-07  | Negative Loss: 0.0
[Test ROC-AUC]  -  SA: 0.00000,  LA: 0.85630
[Test AUPRC]  -  LA: 0.87613
[Test F1-max]  -  LA: 0.79096
Epoch: 84 | Loss: 5.960462772236497e-07  | Negative Loss: 0.0
[Test ROC-AUC]  -  SA: 0.00000,  LA: 0.85620
[Test AUPRC]  -  LA: 0.87601
[Test F1-max]  -  LA: 0.79070
Epoch: 85 | Loss: 4.768370445162873e-07  | Negative Loss: 0.0
[Test ROC-AUC]  -  SA: 0.00000,  LA: 0.85620
[Test AUPRC]  -  LA: 0.87601
[Test F1-max]  -  LA: 0.79070
Epoch: 86 | Loss: 4.768370445162873e-07  | Negative Loss: 0.0
[Test ROC-AUC]  -  SA: 0.00000,  LA: 0.85620
[Test AUPRC]  -  LA: 0.87601
[Test F1-max]  -  LA: 0.79070
Epoch: 87 | Loss: 4.768370445162873e-07  | Negative Loss: 0.0
[Test ROC-AUC]  -  SA: 0.00000,  LA: 0.85620
[Test AUPRC]  -  LA: 0.87601
[Test F1-max]  -  LA: 0.79070
Epoch: 88 | Loss: 4.768370445162873e-07  | Negative Loss: 0.0
[Test ROC-AUC]  -  SA: 0.00000,  LA: 0.85630
[Test AUPRC]  -  LA: 0.87606
[Test F1-max]  -  LA: 0.79070
Epoch: 89 | Loss: 4.768370445162873e-07  | Negative Loss: 0.0
[Test ROC-AUC]  -  SA: 0.00000,  LA: 0.85630
[Test AUPRC]  -  LA: 0.87606
[Test F1-max]  -  LA: 0.79070
Epoch: 90 | Loss: 4.768370445162873e-07  | Negative Loss: 0.0
[Test ROC-AUC]  -  SA: 0.00000,  LA: 0.85630
[Test AUPRC]  -  LA: 0.87606
[Test F1-max]  -  LA: 0.79070
Epoch: 91 | Loss: 4.768370445162873e-07  | Negative Loss: 0.0
[Test ROC-AUC]  -  SA: 0.00000,  LA: 0.85630
[Test AUPRC]  -  LA: 0.87606
[Test F1-max]  -  LA: 0.79070
Epoch: 92 | Loss: 4.768370445162873e-07  | Negative Loss: 0.0
[Test ROC-AUC]  -  SA: 0.00000,  LA: 0.85630
[Test AUPRC]  -  LA: 0.87606
[Test F1-max]  -  LA: 0.79070
Epoch: 93 | Loss: 4.768370445162873e-07  | Negative Loss: 0.0
[Test ROC-AUC]  -  SA: 0.00000,  LA: 0.85630
[Test AUPRC]  -  LA: 0.87606
[Test F1-max]  -  LA: 0.79070
Epoch: 94 | Loss: 4.768370445162873e-07  | Negative Loss: 0.0
[Test ROC-AUC]  -  SA: 0.00000,  LA: 0.85620
[Test AUPRC]  -  LA: 0.87602
[Test F1-max]  -  LA: 0.79070
Epoch: 95 | Loss: 4.768370445162873e-07  | Negative Loss: 0.0
[Test ROC-AUC]  -  SA: 0.00000,  LA: 0.85615
[Test AUPRC]  -  LA: 0.87597
[Test F1-max]  -  LA: 0.79070
Epoch: 96 | Loss: 4.768370445162873e-07  | Negative Loss: 0.0
[Test ROC-AUC]  -  SA: 0.00000,  LA: 0.85610
[Test AUPRC]  -  LA: 0.87591
[Test F1-max]  -  LA: 0.79070
Epoch: 97 | Loss: 4.768370445162873e-07  | Negative Loss: 0.0
[Test ROC-AUC]  -  SA: 0.00000,  LA: 0.85610
[Test AUPRC]  -  LA: 0.87591
[Test F1-max]  -  LA: 0.79070
Epoch: 98 | Loss: 4.768370445162873e-07  | Negative Loss: 0.0
[Test ROC-AUC]  -  SA: 0.00000,  LA: 0.85610
[Test AUPRC]  -  LA: 0.87591
[Test F1-max]  -  LA: 0.79070
Epoch: 99 | Loss: 4.768370445162873e-07  | Negative Loss: 0.0
Time consumption: 126.52259969711304
Best LA AUC: 0.8597
Best LA AUPC: 0.8877349984067546
Best LA F1-max: 0.8066298342541436
[Result] Experiment result appended to ./results/train_hybrid_result.csv

[END] 2026-03-29 11:33:34
[RETURN CODE] 0
