[START] 2026-03-29 12:34:07
[GPU] 3
[TASK] 143/150
[NAME] pcb4_promptad
[REPEAT] 3/5
[COMMAND] python train_hybrid.py --data_name pcb4 --mask True --text True --double_encoder True --few_shot True --shot 5 --hybrid_model promptad --hybrid_weight 0.3 --hybrid_batch_size 16 --epoch 100 --log True --lr 5e-4 --detection True --preprocess True

/home/seungeon/miniconda3/envs/LAB/lib/python3.10/site-packages/timm/models/layers/__init__.py:48: FutureWarning: Importing from timm.models.layers is deprecated, please import via timm.layers
  warnings.warn(f"Importing from {__name__} is deprecated, please import via timm.layers", FutureWarning)
/home/seungeon/Workspace/side/vlm/train_hybrid.py:18: DeprecationWarning: The distutils package is deprecated and slated for removal in Python 3.12. Use setuptools or check PEP 632 for potential alternatives
  from distutils.util import strtobool
Torch version: 2.9.1+cu128
cuda is loaded for process
here?
In my local computer
Namespace(epoch=100, gpu_number='0', data_name='pcb4', lr=0.0005, batch_size=6, shuffle=True, seed=0, tag='default', model_name='ViT-B-32', pretrained_name='laion2b_s34b_b79k', lora=1, default=False, foundation='CLIP', detection=1, preprocess=1, num_rule=0, object_names=['a photo of PCB'], objects_for_rules=[['a photo of PCB'], ['a photo of PCB'], ['a photo of PCB'], ['a photo of PCB']], texts_for_rules=[['a photo of PCB'], ['a photo of PCB'], ['a photo of PCB'], ['a photo of PCB']], mask=1, text=1, score='mean', ciriculam_learning=False, few_shot=1, shot=5, log=1, neg_loss=0, double_encoder=1, pretrained_count_path=None, ris=0, rule_select='', rule_list=[], num_negative=5, hybrid_model='promptad', hybrid_weight=0.3, hybrid_class_name='', hybrid_batch_size=16, hybrid_backbone='ViT-B-16-plus-240', hybrid_pretrained_dataset='laion400m_e32', hybrid_scales=[2, 3], hybrid_img_resize=240, hybrid_img_cropsize=240, hybrid_resolution=400, hybrid_promptad_epoch=100, hybrid_promptad_lr=0.002, hybrid_promptad_momentum=0.9, hybrid_promptad_weight_decay=0.0005, hybrid_promptad_eta_min=1e-05, hybrid_promptad_lambda1=0.001, hybrid_promptad_n_ctx=4, hybrid_promptad_n_pro=3, hybrid_promptad_n_ctx_ab=1, hybrid_promptad_n_pro_ab=4, early_stop_k=10, result_log_path='./results/train_hybrid_result.csv')
[Hybrid] method=promptad, class_name=pcb4, train=5, eval=201, base_path=/data3/seungeon/data/image/visa/pcb4
[Hybrid-only] LA_AUC=0.96020, LA_AUPRC=0.95682, LA_F1=0.91262
[Data Description]
- Train: 5
- Test: 201

Train Start
[Test ROC-AUC]  -  SA: 0.00000,  LA: 0.48465
[Test AUPRC]  -  LA: 0.56491
[Test F1-max]  -  LA: 0.67110
Epoch: 0 | Loss: 8.661643028259277  | Negative Loss: 0.0
[Test ROC-AUC]  -  SA: 0.00000,  LA: 0.48812
[Test AUPRC]  -  LA: 0.56569
[Test F1-max]  -  LA: 0.67110
Epoch: 1 | Loss: 8.48305606842041  | Negative Loss: 0.0
[Test ROC-AUC]  -  SA: 0.00000,  LA: 0.57376
[Test AUPRC]  -  LA: 0.63444
[Test F1-max]  -  LA: 0.67110
Epoch: 2 | Loss: 6.7426958084106445  | Negative Loss: 0.0
[Test ROC-AUC]  -  SA: 0.00000,  LA: 0.69228
[Test AUPRC]  -  LA: 0.72282
[Test F1-max]  -  LA: 0.67820
Epoch: 3 | Loss: 4.042011260986328  | Negative Loss: 0.0
[Test ROC-AUC]  -  SA: 0.00000,  LA: 0.79901
[Test AUPRC]  -  LA: 0.82086
[Test F1-max]  -  LA: 0.74490
Epoch: 4 | Loss: 1.5145914554595947  | Negative Loss: 0.0
[Test ROC-AUC]  -  SA: 0.00000,  LA: 0.86317
[Test AUPRC]  -  LA: 0.87446
[Test F1-max]  -  LA: 0.79817
Epoch: 5 | Loss: 0.3590847849845886  | Negative Loss: 0.0
[Test ROC-AUC]  -  SA: 0.00000,  LA: 0.89594
[Test AUPRC]  -  LA: 0.90341
[Test F1-max]  -  LA: 0.81651
Epoch: 6 | Loss: 0.08552026748657227  | Negative Loss: 0.0
[Test ROC-AUC]  -  SA: 0.00000,  LA: 0.90772
[Test AUPRC]  -  LA: 0.91483
[Test F1-max]  -  LA: 0.82234
Epoch: 7 | Loss: 0.024465717375278473  | Negative Loss: 0.0
[Test ROC-AUC]  -  SA: 0.00000,  LA: 0.91485
[Test AUPRC]  -  LA: 0.92441
[Test F1-max]  -  LA: 0.84656
Epoch: 8 | Loss: 0.008224127814173698  | Negative Loss: 0.0
[Test ROC-AUC]  -  SA: 0.00000,  LA: 0.92416
[Test AUPRC]  -  LA: 0.93501
[Test F1-max]  -  LA: 0.85864
Epoch: 9 | Loss: 0.0032947976142168045  | Negative Loss: 0.0
[Test ROC-AUC]  -  SA: 0.00000,  LA: 0.93238
[Test AUPRC]  -  LA: 0.94283
[Test F1-max]  -  LA: 0.87310
Epoch: 10 | Loss: 0.0014906045980751514  | Negative Loss: 0.0
[Test ROC-AUC]  -  SA: 0.00000,  LA: 0.93891
[Test AUPRC]  -  LA: 0.94906
[Test F1-max]  -  LA: 0.87958
Epoch: 11 | Loss: 0.0007292670197784901  | Negative Loss: 0.0
[Test ROC-AUC]  -  SA: 0.00000,  LA: 0.94614
[Test AUPRC]  -  LA: 0.95495
[Test F1-max]  -  LA: 0.89000
Epoch: 12 | Loss: 0.0003798181423917413  | Negative Loss: 0.0
[Test ROC-AUC]  -  SA: 0.00000,  LA: 0.95228
[Test AUPRC]  -  LA: 0.96025
[Test F1-max]  -  LA: 0.90452
Epoch: 13 | Loss: 0.00020762898202519864  | Negative Loss: 0.0
[Test ROC-AUC]  -  SA: 0.00000,  LA: 0.95772
[Test AUPRC]  -  LA: 0.96426
[Test F1-max]  -  LA: 0.91371
Epoch: 14 | Loss: 0.00011827606067527086  | Negative Loss: 0.0
[Test ROC-AUC]  -  SA: 0.00000,  LA: 0.96079
[Test AUPRC]  -  LA: 0.96588
[Test F1-max]  -  LA: 0.90816
Epoch: 15 | Loss: 7.030836422927678e-05  | Negative Loss: 0.0
[Test ROC-AUC]  -  SA: 0.00000,  LA: 0.96396
[Test AUPRC]  -  LA: 0.96793
[Test F1-max]  -  LA: 0.91753
Epoch: 16 | Loss: 4.3081730837002397e-05  | Negative Loss: 0.0
[Test ROC-AUC]  -  SA: 0.00000,  LA: 0.96475
[Test AUPRC]  -  LA: 0.96824
[Test F1-max]  -  LA: 0.91753
Epoch: 17 | Loss: 2.7251033316133544e-05  | Negative Loss: 0.0
[Test ROC-AUC]  -  SA: 0.00000,  LA: 0.96460
[Test AUPRC]  -  LA: 0.96714
[Test F1-max]  -  LA: 0.91837
Epoch: 18 | Loss: 1.754751428961754e-05  | Negative Loss: 0.0
[Test ROC-AUC]  -  SA: 0.00000,  LA: 0.96510
[Test AUPRC]  -  LA: 0.96701
[Test F1-max]  -  LA: 0.91837
Epoch: 19 | Loss: 1.1587099834287073e-05  | Negative Loss: 0.0
[Test ROC-AUC]  -  SA: 0.00000,  LA: 0.96554
[Test AUPRC]  -  LA: 0.96691
[Test F1-max]  -  LA: 0.92308
Epoch: 20 | Loss: 7.939318493299652e-06  | Negative Loss: 0.0
[Test ROC-AUC]  -  SA: 0.00000,  LA: 0.96594
[Test AUPRC]  -  LA: 0.96636
[Test F1-max]  -  LA: 0.91837
Epoch: 21 | Loss: 5.483617314894218e-06  | Negative Loss: 0.0
[Test ROC-AUC]  -  SA: 0.00000,  LA: 0.96564
[Test AUPRC]  -  LA: 0.96476
[Test F1-max]  -  LA: 0.91837
Epoch: 22 | Loss: 3.886217200488318e-06  | Negative Loss: 0.0
[Test ROC-AUC]  -  SA: 0.00000,  LA: 0.96594
[Test AUPRC]  -  LA: 0.96459
[Test F1-max]  -  LA: 0.91837
Epoch: 23 | Loss: 2.932545612566173e-06  | Negative Loss: 0.0
[Test ROC-AUC]  -  SA: 0.00000,  LA: 0.96594
[Test AUPRC]  -  LA: 0.96462
[Test F1-max]  -  LA: 0.91837
Epoch: 24 | Loss: 2.098081949952757e-06  | Negative Loss: 0.0
[Test ROC-AUC]  -  SA: 0.00000,  LA: 0.96733
[Test AUPRC]  -  LA: 0.96516
[Test F1-max]  -  LA: 0.91837
Epoch: 25 | Loss: 1.525877905805828e-06  | Negative Loss: 0.0
[Test ROC-AUC]  -  SA: 0.00000,  LA: 0.96693
[Test AUPRC]  -  LA: 0.96478
[Test F1-max]  -  LA: 0.91837
Epoch: 26 | Loss: 1.1444086567280465e-06  | Negative Loss: 0.0
[Test ROC-AUC]  -  SA: 0.00000,  LA: 0.96663
[Test AUPRC]  -  LA: 0.96442
[Test F1-max]  -  LA: 0.91837
Epoch: 27 | Loss: 9.775158105185255e-07  | Negative Loss: 0.0
[Test ROC-AUC]  -  SA: 0.00000,  LA: 0.96634
[Test AUPRC]  -  LA: 0.96351
[Test F1-max]  -  LA: 0.91371
Epoch: 28 | Loss: 7.629392939634272e-07  | Negative Loss: 0.0
[Test ROC-AUC]  -  SA: 0.00000,  LA: 0.96644
[Test AUPRC]  -  LA: 0.96321
[Test F1-max]  -  LA: 0.91282
Epoch: 29 | Loss: 5.722044988942798e-07  | Negative Loss: 0.0
[Test ROC-AUC]  -  SA: 0.00000,  LA: 0.96688
[Test AUPRC]  -  LA: 0.96358
[Test F1-max]  -  LA: 0.91626
Epoch: 30 | Loss: 4.5299520934349857e-07  | Negative Loss: 0.0
[Test ROC-AUC]  -  SA: 0.00000,  LA: 0.96733
[Test AUPRC]  -  LA: 0.96419
[Test F1-max]  -  LA: 0.91626
Epoch: 31 | Loss: 3.814696469817136e-07  | Negative Loss: 0.0
[Test ROC-AUC]  -  SA: 0.00000,  LA: 0.96723
[Test AUPRC]  -  LA: 0.96368
[Test F1-max]  -  LA: 0.91707
Epoch: 32 | Loss: 3.0994411304163805e-07  | Negative Loss: 0.0
[Test ROC-AUC]  -  SA: 0.00000,  LA: 0.96693
[Test AUPRC]  -  LA: 0.96339
[Test F1-max]  -  LA: 0.91707
Epoch: 33 | Loss: 2.622603858526418e-07  | Negative Loss: 0.0
[Test ROC-AUC]  -  SA: 0.00000,  LA: 0.96673
[Test AUPRC]  -  LA: 0.96322
[Test F1-max]  -  LA: 0.91707
Epoch: 34 | Loss: 2.3841853646899835e-07  | Negative Loss: 0.0
[Test ROC-AUC]  -  SA: 0.00000,  LA: 0.96663
[Test AUPRC]  -  LA: 0.96311
[Test F1-max]  -  LA: 0.91707
Epoch: 35 | Loss: 2.3841853646899835e-07  | Negative Loss: 0.0
[Test ROC-AUC]  -  SA: 0.00000,  LA: 0.96663
[Test AUPRC]  -  LA: 0.96310
[Test F1-max]  -  LA: 0.91707
Epoch: 36 | Loss: 1.4305113893442467e-07  | Negative Loss: 0.0
[Test ROC-AUC]  -  SA: 0.00000,  LA: 0.96663
[Test AUPRC]  -  LA: 0.96299
[Test F1-max]  -  LA: 0.91707
Epoch: 37 | Loss: 1.4305113893442467e-07  | Negative Loss: 0.0
[Test ROC-AUC]  -  SA: 0.00000,  LA: 0.96663
[Test AUPRC]  -  LA: 0.96299
[Test F1-max]  -  LA: 0.91707
Epoch: 38 | Loss: 1.1920927533992653e-07  | Negative Loss: 0.0
[Test ROC-AUC]  -  SA: 0.00000,  LA: 0.96644
[Test AUPRC]  -  LA: 0.96283
[Test F1-max]  -  LA: 0.91707
Epoch: 39 | Loss: 1.1920927533992653e-07  | Negative Loss: 0.0
[Test ROC-AUC]  -  SA: 0.00000,  LA: 0.96624
[Test AUPRC]  -  LA: 0.96236
[Test F1-max]  -  LA: 0.91707
Epoch: 40 | Loss: 1.1920927533992653e-07  | Negative Loss: 0.0
[Test ROC-AUC]  -  SA: 0.00000,  LA: 0.96624
[Test AUPRC]  -  LA: 0.96225
[Test F1-max]  -  LA: 0.91707
Epoch: 41 | Loss: 1.1920927533992653e-07  | Negative Loss: 0.0
[Test ROC-AUC]  -  SA: 0.00000,  LA: 0.96634
[Test AUPRC]  -  LA: 0.96233
[Test F1-max]  -  LA: 0.91707
Epoch: 42 | Loss: 1.1920927533992653e-07  | Negative Loss: 0.0
[Test ROC-AUC]  -  SA: 0.00000,  LA: 0.96624
[Test AUPRC]  -  LA: 0.96223
[Test F1-max]  -  LA: 0.91707
Epoch: 43 | Loss: 1.1920927533992653e-07  | Negative Loss: 0.0
[Test ROC-AUC]  -  SA: 0.00000,  LA: 0.96624
[Test AUPRC]  -  LA: 0.96223
[Test F1-max]  -  LA: 0.91707
Epoch: 44 | Loss: 1.1920927533992653e-07  | Negative Loss: 0.0
[Test ROC-AUC]  -  SA: 0.00000,  LA: 0.96619
[Test AUPRC]  -  LA: 0.96220
[Test F1-max]  -  LA: 0.91707
Epoch: 45 | Loss: 1.1920927533992653e-07  | Negative Loss: 0.0
[Test ROC-AUC]  -  SA: 0.00000,  LA: 0.96594
[Test AUPRC]  -  LA: 0.96199
[Test F1-max]  -  LA: 0.91707
Epoch: 46 | Loss: 1.1920927533992653e-07  | Negative Loss: 0.0
[Test ROC-AUC]  -  SA: 0.00000,  LA: 0.96584
[Test AUPRC]  -  LA: 0.96188
[Test F1-max]  -  LA: 0.91707
Epoch: 47 | Loss: 1.1920927533992653e-07  | Negative Loss: 0.0
[Test ROC-AUC]  -  SA: 0.00000,  LA: 0.96579
[Test AUPRC]  -  LA: 0.96183
[Test F1-max]  -  LA: 0.91707
Epoch: 48 | Loss: 1.1920927533992653e-07  | Negative Loss: 0.0
[Test ROC-AUC]  -  SA: 0.00000,  LA: 0.96589
[Test AUPRC]  -  LA: 0.96192
[Test F1-max]  -  LA: 0.91707
Epoch: 49 | Loss: 1.1920927533992653e-07  | Negative Loss: 0.0
[Test ROC-AUC]  -  SA: 0.00000,  LA: 0.96579
[Test AUPRC]  -  LA: 0.96179
[Test F1-max]  -  LA: 0.91707
Epoch: 50 | Loss: 1.1920927533992653e-07  | Negative Loss: 0.0
[Test ROC-AUC]  -  SA: 0.00000,  LA: 0.96569
[Test AUPRC]  -  LA: 0.96168
[Test F1-max]  -  LA: 0.91707
Epoch: 51 | Loss: 9.536742595628311e-08  | Negative Loss: 0.0
[Test ROC-AUC]  -  SA: 0.00000,  LA: 0.96564
[Test AUPRC]  -  LA: 0.96163
[Test F1-max]  -  LA: 0.91707
Epoch: 52 | Loss: 7.152556946721234e-08  | Negative Loss: 0.0
[Test ROC-AUC]  -  SA: 0.00000,  LA: 0.96550
[Test AUPRC]  -  LA: 0.96153
[Test F1-max]  -  LA: 0.91707
Epoch: 53 | Loss: 2.384185648907078e-08  | Negative Loss: 0.0
[Test ROC-AUC]  -  SA: 0.00000,  LA: 0.96545
[Test AUPRC]  -  LA: 0.96149
[Test F1-max]  -  LA: 0.91707
Epoch: 54 | Loss: 2.384185648907078e-08  | Negative Loss: 0.0
[Test ROC-AUC]  -  SA: 0.00000,  LA: 0.96545
[Test AUPRC]  -  LA: 0.96149
[Test F1-max]  -  LA: 0.91707
Epoch: 55 | Loss: 2.384185648907078e-08  | Negative Loss: 0.0
[Test ROC-AUC]  -  SA: 0.00000,  LA: 0.96545
[Test AUPRC]  -  LA: 0.96149
[Test F1-max]  -  LA: 0.91707
Epoch: 56 | Loss: 2.384185648907078e-08  | Negative Loss: 0.0
[Test ROC-AUC]  -  SA: 0.00000,  LA: 0.96545
[Test AUPRC]  -  LA: 0.96149
[Test F1-max]  -  LA: 0.91707
Epoch: 57 | Loss: 2.384185648907078e-08  | Negative Loss: 0.0
[Test ROC-AUC]  -  SA: 0.00000,  LA: 0.96545
[Test AUPRC]  -  LA: 0.96149
[Test F1-max]  -  LA: 0.91707
Epoch: 58 | Loss: 2.384185648907078e-08  | Negative Loss: 0.0
[Test ROC-AUC]  -  SA: 0.00000,  LA: 0.96535
[Test AUPRC]  -  LA: 0.96139
[Test F1-max]  -  LA: 0.91707
Epoch: 59 | Loss: 2.384185648907078e-08  | Negative Loss: 0.0
[Test ROC-AUC]  -  SA: 0.00000,  LA: 0.96535
[Test AUPRC]  -  LA: 0.96139
[Test F1-max]  -  LA: 0.91707
Epoch: 60 | Loss: 2.384185648907078e-08  | Negative Loss: 0.0
[Test ROC-AUC]  -  SA: 0.00000,  LA: 0.96530
[Test AUPRC]  -  LA: 0.96134
[Test F1-max]  -  LA: 0.91707
Epoch: 61 | Loss: 2.384185648907078e-08  | Negative Loss: 0.0
[Test ROC-AUC]  -  SA: 0.00000,  LA: 0.96525
[Test AUPRC]  -  LA: 0.96124
[Test F1-max]  -  LA: 0.91707
Epoch: 62 | Loss: 2.384185648907078e-08  | Negative Loss: 0.0
[Test ROC-AUC]  -  SA: 0.00000,  LA: 0.96525
[Test AUPRC]  -  LA: 0.96124
[Test F1-max]  -  LA: 0.91707
Epoch: 63 | Loss: 2.384185648907078e-08  | Negative Loss: 0.0
[Test ROC-AUC]  -  SA: 0.00000,  LA: 0.96520
[Test AUPRC]  -  LA: 0.96119
[Test F1-max]  -  LA: 0.91707
Epoch: 64 | Loss: 2.384185648907078e-08  | Negative Loss: 0.0
[Test ROC-AUC]  -  SA: 0.00000,  LA: 0.96515
[Test AUPRC]  -  LA: 0.96113
[Test F1-max]  -  LA: 0.91707
Epoch: 65 | Loss: 0.0  | Negative Loss: 0.0
Time consumption: 85.13248896598816
Best LA AUC: 0.9673267326732673
Best LA AUPC: 0.9682402826784666
Best LA F1-max: 0.9230769230769231
[Result] Experiment result appended to ./results/train_hybrid_result.csv

[END] 2026-03-29 12:37:32
[RETURN CODE] 0
