[START] 2026-03-29 12:37:32
[GPU] 3
[TASK] 147/150
[NAME] pcb4_winclip
[REPEAT] 2/5
[COMMAND] python train_hybrid.py --data_name pcb4 --mask True --text True --double_encoder True --few_shot True --shot 5 --hybrid_model winclip --hybrid_weight 0.3 --hybrid_batch_size 16 --epoch 100 --log True --lr 5e-4 --detection True --preprocess True

/home/seungeon/miniconda3/envs/LAB/lib/python3.10/site-packages/timm/models/layers/__init__.py:48: FutureWarning: Importing from timm.models.layers is deprecated, please import via timm.layers
  warnings.warn(f"Importing from {__name__} is deprecated, please import via timm.layers", FutureWarning)
/home/seungeon/Workspace/side/vlm/train_hybrid.py:18: DeprecationWarning: The distutils package is deprecated and slated for removal in Python 3.12. Use setuptools or check PEP 632 for potential alternatives
  from distutils.util import strtobool
Torch version: 2.9.1+cu128
cuda is loaded for process
here?
In my local computer
Namespace(epoch=100, gpu_number='0', data_name='pcb4', lr=0.0005, batch_size=6, shuffle=True, seed=0, tag='default', model_name='ViT-B-32', pretrained_name='laion2b_s34b_b79k', lora=1, default=False, foundation='CLIP', detection=1, preprocess=1, num_rule=0, object_names=['a photo of PCB'], objects_for_rules=[['a photo of PCB'], ['a photo of PCB'], ['a photo of PCB'], ['a photo of PCB']], texts_for_rules=[['a photo of PCB'], ['a photo of PCB'], ['a photo of PCB'], ['a photo of PCB']], mask=1, text=1, score='mean', ciriculam_learning=False, few_shot=1, shot=5, log=1, neg_loss=0, double_encoder=1, pretrained_count_path=None, ris=0, rule_select='', rule_list=[], num_negative=5, hybrid_model='winclip', hybrid_weight=0.3, hybrid_class_name='', hybrid_batch_size=16, hybrid_backbone='ViT-B-16-plus-240', hybrid_pretrained_dataset='laion400m_e32', hybrid_scales=[2, 3], hybrid_img_resize=240, hybrid_img_cropsize=240, hybrid_resolution=400, hybrid_promptad_epoch=100, hybrid_promptad_lr=0.002, hybrid_promptad_momentum=0.9, hybrid_promptad_weight_decay=0.0005, hybrid_promptad_eta_min=1e-05, hybrid_promptad_lambda1=0.001, hybrid_promptad_n_ctx=4, hybrid_promptad_n_pro=3, hybrid_promptad_n_ctx_ab=1, hybrid_promptad_n_pro_ab=4, early_stop_k=10, result_log_path='./results/train_hybrid_result.csv')
[Hybrid] method=winclip, class_name=pcb4, train=5, eval=201, base_path=/data3/seungeon/data/image/visa/pcb4
grid 240 16 (15, 15)
[Hybrid-only] LA_AUC=0.89891, LA_AUPRC=0.91498, LA_F1=0.81860
[Data Description]
- Train: 5
- Test: 201

Train Start
[Test ROC-AUC]  -  SA: 0.00000,  LA: 0.84386
[Test AUPRC]  -  LA: 0.86222
[Test F1-max]  -  LA: 0.78414
Epoch: 0 | Loss: 16.14080810546875  | Negative Loss: 0.0
[Test ROC-AUC]  -  SA: 0.00000,  LA: 0.84505
[Test AUPRC]  -  LA: 0.86389
[Test F1-max]  -  LA: 0.78414
Epoch: 1 | Loss: 15.986716270446777  | Negative Loss: 0.0
[Test ROC-AUC]  -  SA: 0.00000,  LA: 0.86317
[Test AUPRC]  -  LA: 0.88449
[Test F1-max]  -  LA: 0.79426
Epoch: 2 | Loss: 13.823655128479004  | Negative Loss: 0.0
[Test ROC-AUC]  -  SA: 0.00000,  LA: 0.88792
[Test AUPRC]  -  LA: 0.91203
[Test F1-max]  -  LA: 0.81407
Epoch: 3 | Loss: 10.198027610778809  | Negative Loss: 0.0
[Test ROC-AUC]  -  SA: 0.00000,  LA: 0.90149
[Test AUPRC]  -  LA: 0.92672
[Test F1-max]  -  LA: 0.84270
Epoch: 4 | Loss: 5.747593402862549  | Negative Loss: 0.0
[Test ROC-AUC]  -  SA: 0.00000,  LA: 0.89604
[Test AUPRC]  -  LA: 0.92209
[Test F1-max]  -  LA: 0.84324
Epoch: 5 | Loss: 2.068572759628296  | Negative Loss: 0.0
[Test ROC-AUC]  -  SA: 0.00000,  LA: 0.90772
[Test AUPRC]  -  LA: 0.92971
[Test F1-max]  -  LA: 0.85246
Epoch: 6 | Loss: 0.5504707098007202  | Negative Loss: 0.0
[Test ROC-AUC]  -  SA: 0.00000,  LA: 0.92248
[Test AUPRC]  -  LA: 0.94148
[Test F1-max]  -  LA: 0.87629
Epoch: 7 | Loss: 0.16249044239521027  | Negative Loss: 0.0
[Test ROC-AUC]  -  SA: 0.00000,  LA: 0.93396
[Test AUPRC]  -  LA: 0.95034
[Test F1-max]  -  LA: 0.88298
Epoch: 8 | Loss: 0.05448371171951294  | Negative Loss: 0.0
[Test ROC-AUC]  -  SA: 0.00000,  LA: 0.94515
[Test AUPRC]  -  LA: 0.95830
[Test F1-max]  -  LA: 0.88670
Epoch: 9 | Loss: 0.01975521445274353  | Negative Loss: 0.0
[Test ROC-AUC]  -  SA: 0.00000,  LA: 0.95050
[Test AUPRC]  -  LA: 0.96205
[Test F1-max]  -  LA: 0.89247
Epoch: 10 | Loss: 0.007769252173602581  | Negative Loss: 0.0
[Test ROC-AUC]  -  SA: 0.00000,  LA: 0.95426
[Test AUPRC]  -  LA: 0.96378
[Test F1-max]  -  LA: 0.88770
Epoch: 11 | Loss: 0.003305435413494706  | Negative Loss: 0.0
[Test ROC-AUC]  -  SA: 0.00000,  LA: 0.95376
[Test AUPRC]  -  LA: 0.96178
[Test F1-max]  -  LA: 0.88889
Epoch: 12 | Loss: 0.0014954956714063883  | Negative Loss: 0.0
[Test ROC-AUC]  -  SA: 0.00000,  LA: 0.94970
[Test AUPRC]  -  LA: 0.95769
[Test F1-max]  -  LA: 0.88571
Epoch: 13 | Loss: 0.0007128613069653511  | Negative Loss: 0.0
[Test ROC-AUC]  -  SA: 0.00000,  LA: 0.94594
[Test AUPRC]  -  LA: 0.95391
[Test F1-max]  -  LA: 0.87234
Epoch: 14 | Loss: 0.00035642777220346034  | Negative Loss: 0.0
[Test ROC-AUC]  -  SA: 0.00000,  LA: 0.94040
[Test AUPRC]  -  LA: 0.94921
[Test F1-max]  -  LA: 0.86385
Epoch: 15 | Loss: 0.0001860294141806662  | Negative Loss: 0.0
[Test ROC-AUC]  -  SA: 0.00000,  LA: 0.93673
[Test AUPRC]  -  LA: 0.94585
[Test F1-max]  -  LA: 0.86385
Epoch: 16 | Loss: 0.00010099157952936366  | Negative Loss: 0.0
[Test ROC-AUC]  -  SA: 0.00000,  LA: 0.93208
[Test AUPRC]  -  LA: 0.94192
[Test F1-max]  -  LA: 0.85446
Epoch: 17 | Loss: 5.6575925555080175e-05  | Negative Loss: 0.0
[Test ROC-AUC]  -  SA: 0.00000,  LA: 0.92653
[Test AUPRC]  -  LA: 0.93729
[Test F1-max]  -  LA: 0.84974
Epoch: 18 | Loss: 3.294917041785084e-05  | Negative Loss: 0.0
[Test ROC-AUC]  -  SA: 0.00000,  LA: 0.92317
[Test AUPRC]  -  LA: 0.93431
[Test F1-max]  -  LA: 0.84615
Epoch: 19 | Loss: 1.9717117538675666e-05  | Negative Loss: 0.0
[Test ROC-AUC]  -  SA: 0.00000,  LA: 0.92040
[Test AUPRC]  -  LA: 0.93184
[Test F1-max]  -  LA: 0.84158
Epoch: 20 | Loss: 1.2159308425907511e-05  | Negative Loss: 0.0
[Test ROC-AUC]  -  SA: 0.00000,  LA: 0.91851
[Test AUPRC]  -  LA: 0.93065
[Test F1-max]  -  LA: 0.83962
[Early Stopping] LA AUROC dropped for 10 consecutive epochs. Stop at epoch 22/100.
Time consumption: 27.676889896392822
Best LA AUC: 0.9542574257425742
Best LA AUPC: 0.963783552673418
Best LA F1-max: 0.8924731182795699
[Result] Experiment result appended to ./results/train_hybrid_result.csv

[END] 2026-03-29 12:41:24
[RETURN CODE] 0
