[START] 2026-03-29 11:42:11
[GPU] 3
[TASK] 87/150
[NAME] pcb1_winclip
[REPEAT] 2/5
[COMMAND] python train_hybrid.py --data_name pcb1 --mask True --text True --double_encoder True --few_shot True --shot 5 --hybrid_model winclip --hybrid_weight 0.3 --hybrid_batch_size 16 --epoch 100 --log True --lr 5e-4 --detection True --preprocess True

/home/seungeon/miniconda3/envs/LAB/lib/python3.10/site-packages/timm/models/layers/__init__.py:48: FutureWarning: Importing from timm.models.layers is deprecated, please import via timm.layers
  warnings.warn(f"Importing from {__name__} is deprecated, please import via timm.layers", FutureWarning)
/home/seungeon/Workspace/side/vlm/train_hybrid.py:18: DeprecationWarning: The distutils package is deprecated and slated for removal in Python 3.12. Use setuptools or check PEP 632 for potential alternatives
  from distutils.util import strtobool
Torch version: 2.9.1+cu128
cuda is loaded for process
here?
In my local computer
Namespace(epoch=100, gpu_number='0', data_name='pcb1', lr=0.0005, batch_size=6, shuffle=True, seed=0, tag='default', model_name='ViT-B-32', pretrained_name='laion2b_s34b_b79k', lora=1, default=False, foundation='CLIP', detection=1, preprocess=1, num_rule=0, object_names=['a photo of PCB'], objects_for_rules=[['a photo of PCB'], ['a photo of PCB'], ['a photo of PCB'], ['a photo of PCB']], texts_for_rules=[['a photo of PCB'], ['a photo of PCB'], ['a photo of PCB'], ['a photo of PCB']], mask=1, text=1, score='mean', ciriculam_learning=False, few_shot=1, shot=5, log=1, neg_loss=0, double_encoder=1, pretrained_count_path=None, ris=0, rule_select='', rule_list=[], num_negative=5, hybrid_model='winclip', hybrid_weight=0.3, hybrid_class_name='', hybrid_batch_size=16, hybrid_backbone='ViT-B-16-plus-240', hybrid_pretrained_dataset='laion400m_e32', hybrid_scales=[2, 3], hybrid_img_resize=240, hybrid_img_cropsize=240, hybrid_resolution=400, hybrid_promptad_epoch=100, hybrid_promptad_lr=0.002, hybrid_promptad_momentum=0.9, hybrid_promptad_weight_decay=0.0005, hybrid_promptad_eta_min=1e-05, hybrid_promptad_lambda1=0.001, hybrid_promptad_n_ctx=4, hybrid_promptad_n_pro=3, hybrid_promptad_n_ctx_ab=1, hybrid_promptad_n_pro_ab=4, early_stop_k=10, result_log_path='./results/train_hybrid_result.csv')
[Hybrid] method=winclip, class_name=pcb1, train=5, eval=200, base_path=/data3/seungeon/data/image/visa/pcb1
grid 240 16 (15, 15)
[Hybrid-only] LA_AUC=0.84380, LA_AUPRC=0.85891, LA_F1=0.78818
[Data Description]
- Train: 5
- Test: 200

Train Start
[Test ROC-AUC]  -  SA: 0.00000,  LA: 0.54430
[Test AUPRC]  -  LA: 0.57367
[Test F1-max]  -  LA: 0.66667
Epoch: 0 | Loss: 4.527194499969482  | Negative Loss: 0.0
[Test ROC-AUC]  -  SA: 0.00000,  LA: 0.55000
[Test AUPRC]  -  LA: 0.57801
[Test F1-max]  -  LA: 0.66667
Epoch: 1 | Loss: 4.421114921569824  | Negative Loss: 0.0
[Test ROC-AUC]  -  SA: 0.00000,  LA: 0.67030
[Test AUPRC]  -  LA: 0.68306
[Test F1-max]  -  LA: 0.68033
Epoch: 2 | Loss: 3.2269740104675293  | Negative Loss: 0.0
[Test ROC-AUC]  -  SA: 0.00000,  LA: 0.80210
[Test AUPRC]  -  LA: 0.82723
[Test F1-max]  -  LA: 0.75490
Epoch: 3 | Loss: 1.6610984802246094  | Negative Loss: 0.0
[Test ROC-AUC]  -  SA: 0.00000,  LA: 0.85690
[Test AUPRC]  -  LA: 0.88117
[Test F1-max]  -  LA: 0.79365
Epoch: 4 | Loss: 0.5683484077453613  | Negative Loss: 0.0
[Test ROC-AUC]  -  SA: 0.00000,  LA: 0.86290
[Test AUPRC]  -  LA: 0.88963
[Test F1-max]  -  LA: 0.78756
Epoch: 5 | Loss: 0.1690371334552765  | Negative Loss: 0.0
[Test ROC-AUC]  -  SA: 0.00000,  LA: 0.86820
[Test AUPRC]  -  LA: 0.89502
[Test F1-max]  -  LA: 0.81250
Epoch: 6 | Loss: 0.05072728171944618  | Negative Loss: 0.0
[Test ROC-AUC]  -  SA: 0.00000,  LA: 0.87120
[Test AUPRC]  -  LA: 0.89748
[Test F1-max]  -  LA: 0.81675
Epoch: 7 | Loss: 0.016374168917536736  | Negative Loss: 0.0
[Test ROC-AUC]  -  SA: 0.00000,  LA: 0.87140
[Test AUPRC]  -  LA: 0.89841
[Test F1-max]  -  LA: 0.81522
Epoch: 8 | Loss: 0.005814228672534227  | Negative Loss: 0.0
[Test ROC-AUC]  -  SA: 0.00000,  LA: 0.87430
[Test AUPRC]  -  LA: 0.90050
[Test F1-max]  -  LA: 0.81522
Epoch: 9 | Loss: 0.0022836581338196993  | Negative Loss: 0.0
[Test ROC-AUC]  -  SA: 0.00000,  LA: 0.87370
[Test AUPRC]  -  LA: 0.90059
[Test F1-max]  -  LA: 0.81319
Epoch: 10 | Loss: 0.0009673789027146995  | Negative Loss: 0.0
[Test ROC-AUC]  -  SA: 0.00000,  LA: 0.87180
[Test AUPRC]  -  LA: 0.89680
[Test F1-max]  -  LA: 0.81768
Epoch: 11 | Loss: 0.00043634106987155974  | Negative Loss: 0.0
[Test ROC-AUC]  -  SA: 0.00000,  LA: 0.86860
[Test AUPRC]  -  LA: 0.89097
[Test F1-max]  -  LA: 0.81319
Epoch: 12 | Loss: 0.00020831609435845166  | Negative Loss: 0.0
[Test ROC-AUC]  -  SA: 0.00000,  LA: 0.86430
[Test AUPRC]  -  LA: 0.88553
[Test F1-max]  -  LA: 0.81111
Epoch: 13 | Loss: 0.00010425681830383837  | Negative Loss: 0.0
[Test ROC-AUC]  -  SA: 0.00000,  LA: 0.86150
[Test AUPRC]  -  LA: 0.88217
[Test F1-max]  -  LA: 0.80645
Epoch: 14 | Loss: 5.450146636576392e-05  | Negative Loss: 0.0
[Test ROC-AUC]  -  SA: 0.00000,  LA: 0.85920
[Test AUPRC]  -  LA: 0.87967
[Test F1-max]  -  LA: 0.80645
Epoch: 15 | Loss: 2.953975308628287e-05  | Negative Loss: 0.0
[Test ROC-AUC]  -  SA: 0.00000,  LA: 0.85710
[Test AUPRC]  -  LA: 0.87726
[Test F1-max]  -  LA: 0.80198
Epoch: 16 | Loss: 1.6641515685478225e-05  | Negative Loss: 0.0
[Test ROC-AUC]  -  SA: 0.00000,  LA: 0.85600
[Test AUPRC]  -  LA: 0.87572
[Test F1-max]  -  LA: 0.80198
Epoch: 17 | Loss: 9.65591607382521e-06  | Negative Loss: 0.0
[Test ROC-AUC]  -  SA: 0.00000,  LA: 0.85510
[Test AUPRC]  -  LA: 0.87453
[Test F1-max]  -  LA: 0.79803
Epoch: 18 | Loss: 5.865083494427381e-06  | Negative Loss: 0.0
[Test ROC-AUC]  -  SA: 0.00000,  LA: 0.85440
[Test AUPRC]  -  LA: 0.87288
[Test F1-max]  -  LA: 0.80000
[Early Stopping] LA AUROC dropped for 10 consecutive epochs. Stop at epoch 20/100.
Time consumption: 25.26106071472168
Best LA AUC: 0.8743000000000001
Best LA AUPC: 0.900586352751183
Best LA F1-max: 0.8176795580110497
[Result] Experiment result appended to ./results/train_hybrid_result.csv

[END] 2026-03-29 11:46:11
[RETURN CODE] 0
