[START] 2026-03-29 11:27:15
[GPU] 3
[TASK] 71/150
[NAME] pcb1_promptad
[REPEAT] 1/5
[COMMAND] python train_hybrid.py --data_name pcb1 --mask True --text True --double_encoder True --few_shot True --shot 1 --hybrid_model promptad --hybrid_weight 0.3 --hybrid_batch_size 16 --epoch 100 --log True --lr 5e-4 --detection True --preprocess True

/home/seungeon/miniconda3/envs/LAB/lib/python3.10/site-packages/timm/models/layers/__init__.py:48: FutureWarning: Importing from timm.models.layers is deprecated, please import via timm.layers
  warnings.warn(f"Importing from {__name__} is deprecated, please import via timm.layers", FutureWarning)
/home/seungeon/Workspace/side/vlm/train_hybrid.py:18: DeprecationWarning: The distutils package is deprecated and slated for removal in Python 3.12. Use setuptools or check PEP 632 for potential alternatives
  from distutils.util import strtobool
Torch version: 2.9.1+cu128
cuda is loaded for process
here?
In my local computer
Namespace(epoch=100, gpu_number='0', data_name='pcb1', lr=0.0005, batch_size=6, shuffle=True, seed=0, tag='default', model_name='ViT-B-32', pretrained_name='laion2b_s34b_b79k', lora=1, default=False, foundation='CLIP', detection=1, preprocess=1, num_rule=0, object_names=['a photo of PCB'], objects_for_rules=[['a photo of PCB'], ['a photo of PCB'], ['a photo of PCB'], ['a photo of PCB']], texts_for_rules=[['a photo of PCB'], ['a photo of PCB'], ['a photo of PCB'], ['a photo of PCB']], mask=1, text=1, score='mean', ciriculam_learning=False, few_shot=1, shot=1, log=1, neg_loss=0, double_encoder=1, pretrained_count_path=None, ris=0, rule_select='', rule_list=[], num_negative=5, hybrid_model='promptad', hybrid_weight=0.3, hybrid_class_name='', hybrid_batch_size=16, hybrid_backbone='ViT-B-16-plus-240', hybrid_pretrained_dataset='laion400m_e32', hybrid_scales=[2, 3], hybrid_img_resize=240, hybrid_img_cropsize=240, hybrid_resolution=400, hybrid_promptad_epoch=100, hybrid_promptad_lr=0.002, hybrid_promptad_momentum=0.9, hybrid_promptad_weight_decay=0.0005, hybrid_promptad_eta_min=1e-05, hybrid_promptad_lambda1=0.001, hybrid_promptad_n_ctx=4, hybrid_promptad_n_pro=3, hybrid_promptad_n_ctx_ab=1, hybrid_promptad_n_pro_ab=4, early_stop_k=10, result_log_path='./results/train_hybrid_result.csv')
[Hybrid] method=promptad, class_name=pcb1, train=1, eval=200, base_path=/data3/seungeon/data/image/visa/pcb1
[Hybrid-only] LA_AUC=0.32660, LA_AUPRC=0.40822, LA_F1=0.67568
[Data Description]
- Train: 1
- Test: 200

Train Start
[Test ROC-AUC]  -  SA: 0.00000,  LA: 0.43440
[Test AUPRC]  -  LA: 0.43801
[Test F1-max]  -  LA: 0.66667
Epoch: 0 | Loss: 4.21701717376709  | Negative Loss: 0.0
[Test ROC-AUC]  -  SA: 0.00000,  LA: 0.43160
[Test AUPRC]  -  LA: 0.43644
[Test F1-max]  -  LA: 0.66667
Epoch: 1 | Loss: 4.125036239624023  | Negative Loss: 0.0
[Test ROC-AUC]  -  SA: 0.00000,  LA: 0.33560
[Test AUPRC]  -  LA: 0.39392
[Test F1-max]  -  LA: 0.66667
Epoch: 2 | Loss: 2.9687724113464355  | Negative Loss: 0.0
[Test ROC-AUC]  -  SA: 0.00000,  LA: 0.28040
[Test AUPRC]  -  LA: 0.39847
[Test F1-max]  -  LA: 0.66667
Epoch: 3 | Loss: 1.5490354299545288  | Negative Loss: 0.0
[Test ROC-AUC]  -  SA: 0.00000,  LA: 0.26130
[Test AUPRC]  -  LA: 0.41750
[Test F1-max]  -  LA: 0.66667
Epoch: 4 | Loss: 0.5523983240127563  | Negative Loss: 0.0
[Test ROC-AUC]  -  SA: 0.00000,  LA: 0.24890
[Test AUPRC]  -  LA: 0.42351
[Test F1-max]  -  LA: 0.66667
Epoch: 5 | Loss: 0.1584606170654297  | Negative Loss: 0.0
[Test ROC-AUC]  -  SA: 0.00000,  LA: 0.24220
[Test AUPRC]  -  LA: 0.42063
[Test F1-max]  -  LA: 0.66667
Epoch: 6 | Loss: 0.04860515892505646  | Negative Loss: 0.0
[Test ROC-AUC]  -  SA: 0.00000,  LA: 0.23940
[Test AUPRC]  -  LA: 0.41772
[Test F1-max]  -  LA: 0.66667
Epoch: 7 | Loss: 0.017559271305799484  | Negative Loss: 0.0
[Test ROC-AUC]  -  SA: 0.00000,  LA: 0.23930
[Test AUPRC]  -  LA: 0.41418
[Test F1-max]  -  LA: 0.66667
Epoch: 8 | Loss: 0.007196073420345783  | Negative Loss: 0.0
[Test ROC-AUC]  -  SA: 0.00000,  LA: 0.23900
[Test AUPRC]  -  LA: 0.41489
[Test F1-max]  -  LA: 0.66667
Epoch: 9 | Loss: 0.0032330346293747425  | Negative Loss: 0.0
[Test ROC-AUC]  -  SA: 0.00000,  LA: 0.24140
[Test AUPRC]  -  LA: 0.41664
[Test F1-max]  -  LA: 0.66667
Epoch: 10 | Loss: 0.001571549684740603  | Negative Loss: 0.0
[Test ROC-AUC]  -  SA: 0.00000,  LA: 0.24350
[Test AUPRC]  -  LA: 0.41948
[Test F1-max]  -  LA: 0.66667
Epoch: 11 | Loss: 0.0008074010838754475  | Negative Loss: 0.0
[Test ROC-AUC]  -  SA: 0.00000,  LA: 0.24405
[Test AUPRC]  -  LA: 0.42018
[Test F1-max]  -  LA: 0.66667
Epoch: 12 | Loss: 0.0004335289995651692  | Negative Loss: 0.0
[Test ROC-AUC]  -  SA: 0.00000,  LA: 0.24510
[Test AUPRC]  -  LA: 0.42254
[Test F1-max]  -  LA: 0.66667
Epoch: 13 | Loss: 0.00024126868811435997  | Negative Loss: 0.0
[Test ROC-AUC]  -  SA: 0.00000,  LA: 0.24560
[Test AUPRC]  -  LA: 0.42220
[Test F1-max]  -  LA: 0.66667
Epoch: 14 | Loss: 0.0001392328122165054  | Negative Loss: 0.0
[Test ROC-AUC]  -  SA: 0.00000,  LA: 0.24740
[Test AUPRC]  -  LA: 0.41955
[Test F1-max]  -  LA: 0.66667
Epoch: 15 | Loss: 8.308758697239682e-05  | Negative Loss: 0.0
[Test ROC-AUC]  -  SA: 0.00000,  LA: 0.24835
[Test AUPRC]  -  LA: 0.41937
[Test F1-max]  -  LA: 0.66667
Epoch: 16 | Loss: 5.1021088438574225e-05  | Negative Loss: 0.0
[Test ROC-AUC]  -  SA: 0.00000,  LA: 0.24820
[Test AUPRC]  -  LA: 0.41964
[Test F1-max]  -  LA: 0.66667
Epoch: 17 | Loss: 3.1828691135160625e-05  | Negative Loss: 0.0
[Test ROC-AUC]  -  SA: 0.00000,  LA: 0.24880
[Test AUPRC]  -  LA: 0.41910
[Test F1-max]  -  LA: 0.66667
Epoch: 18 | Loss: 2.0742338165291585e-05  | Negative Loss: 0.0
[Test ROC-AUC]  -  SA: 0.00000,  LA: 0.25020
[Test AUPRC]  -  LA: 0.42001
[Test F1-max]  -  LA: 0.66667
Epoch: 19 | Loss: 1.3828243027091958e-05  | Negative Loss: 0.0
[Test ROC-AUC]  -  SA: 0.00000,  LA: 0.25110
[Test AUPRC]  -  LA: 0.42050
[Test F1-max]  -  LA: 0.66667
Epoch: 20 | Loss: 9.298309123551007e-06  | Negative Loss: 0.0
[Test ROC-AUC]  -  SA: 0.00000,  LA: 0.25170
[Test AUPRC]  -  LA: 0.42040
[Test F1-max]  -  LA: 0.66667
Epoch: 21 | Loss: 6.318085524981143e-06  | Negative Loss: 0.0
[Test ROC-AUC]  -  SA: 0.00000,  LA: 0.25140
[Test AUPRC]  -  LA: 0.41841
[Test F1-max]  -  LA: 0.66667
Epoch: 22 | Loss: 4.649158654501662e-06  | Negative Loss: 0.0
[Test ROC-AUC]  -  SA: 0.00000,  LA: 0.25200
[Test AUPRC]  -  LA: 0.41996
[Test F1-max]  -  LA: 0.66667
Epoch: 23 | Loss: 3.3378582884324715e-06  | Negative Loss: 0.0
[Test ROC-AUC]  -  SA: 0.00000,  LA: 0.25160
[Test AUPRC]  -  LA: 0.41958
[Test F1-max]  -  LA: 0.66667
Epoch: 24 | Loss: 2.3841848815209232e-06  | Negative Loss: 0.0
[Test ROC-AUC]  -  SA: 0.00000,  LA: 0.25230
[Test AUPRC]  -  LA: 0.41656
[Test F1-max]  -  LA: 0.66667
Epoch: 25 | Loss: 1.7881388885143679e-06  | Negative Loss: 0.0
[Test ROC-AUC]  -  SA: 0.00000,  LA: 0.25300
[Test AUPRC]  -  LA: 0.41703
[Test F1-max]  -  LA: 0.66667
Epoch: 26 | Loss: 1.3113019576849183e-06  | Negative Loss: 0.0
[Test ROC-AUC]  -  SA: 0.00000,  LA: 0.25320
[Test AUPRC]  -  LA: 0.41448
[Test F1-max]  -  LA: 0.66667
Epoch: 27 | Loss: 8.34464913168631e-07  | Negative Loss: 0.0
[Test ROC-AUC]  -  SA: 0.00000,  LA: 0.25220
[Test AUPRC]  -  LA: 0.41252
[Test F1-max]  -  LA: 0.66667
Epoch: 28 | Loss: 8.34464913168631e-07  | Negative Loss: 0.0
[Test ROC-AUC]  -  SA: 0.00000,  LA: 0.25190
[Test AUPRC]  -  LA: 0.40936
[Test F1-max]  -  LA: 0.66890
Epoch: 29 | Loss: 7.152556236178498e-07  | Negative Loss: 0.0
[Test ROC-AUC]  -  SA: 0.00000,  LA: 0.25185
[Test AUPRC]  -  LA: 0.40941
[Test F1-max]  -  LA: 0.66890
Epoch: 30 | Loss: 4.7683712978141557e-07  | Negative Loss: 0.0
[Test ROC-AUC]  -  SA: 0.00000,  LA: 0.25150
[Test AUPRC]  -  LA: 0.40906
[Test F1-max]  -  LA: 0.66890
Epoch: 31 | Loss: 4.7683712978141557e-07  | Negative Loss: 0.0
[Test ROC-AUC]  -  SA: 0.00000,  LA: 0.25200
[Test AUPRC]  -  LA: 0.40915
[Test F1-max]  -  LA: 0.66890
Epoch: 32 | Loss: 4.7683712978141557e-07  | Negative Loss: 0.0
[Test ROC-AUC]  -  SA: 0.00000,  LA: 0.25260
[Test AUPRC]  -  LA: 0.40954
[Test F1-max]  -  LA: 0.66890
Epoch: 33 | Loss: 3.576278402306343e-07  | Negative Loss: 0.0
[Test ROC-AUC]  -  SA: 0.00000,  LA: 0.25290
[Test AUPRC]  -  LA: 0.40826
[Test F1-max]  -  LA: 0.66890
Epoch: 34 | Loss: 2.3841856489070778e-07  | Negative Loss: 0.0
[Test ROC-AUC]  -  SA: 0.00000,  LA: 0.25360
[Test AUPRC]  -  LA: 0.40858
[Test F1-max]  -  LA: 0.66890
Epoch: 35 | Loss: 2.3841856489070778e-07  | Negative Loss: 0.0
[Test ROC-AUC]  -  SA: 0.00000,  LA: 0.25340
[Test AUPRC]  -  LA: 0.40778
[Test F1-max]  -  LA: 0.66890
Epoch: 36 | Loss: 2.3841856489070778e-07  | Negative Loss: 0.0
[Test ROC-AUC]  -  SA: 0.00000,  LA: 0.25400
[Test AUPRC]  -  LA: 0.40820
[Test F1-max]  -  LA: 0.66890
Epoch: 37 | Loss: 1.1920928244535389e-07  | Negative Loss: 0.0
[Test ROC-AUC]  -  SA: 0.00000,  LA: 0.25390
[Test AUPRC]  -  LA: 0.40786
[Test F1-max]  -  LA: 0.66890
Epoch: 38 | Loss: 1.1920928244535389e-07  | Negative Loss: 0.0
[Test ROC-AUC]  -  SA: 0.00000,  LA: 0.25400
[Test AUPRC]  -  LA: 0.40795
[Test F1-max]  -  LA: 0.66890
Epoch: 39 | Loss: 1.1920928244535389e-07  | Negative Loss: 0.0
[Test ROC-AUC]  -  SA: 0.00000,  LA: 0.25380
[Test AUPRC]  -  LA: 0.40780
[Test F1-max]  -  LA: 0.66890
Epoch: 40 | Loss: 1.1920928244535389e-07  | Negative Loss: 0.0
[Test ROC-AUC]  -  SA: 0.00000,  LA: 0.25370
[Test AUPRC]  -  LA: 0.40757
[Test F1-max]  -  LA: 0.66890
Epoch: 41 | Loss: 1.1920928244535389e-07  | Negative Loss: 0.0
[Test ROC-AUC]  -  SA: 0.00000,  LA: 0.25375
[Test AUPRC]  -  LA: 0.40763
[Test F1-max]  -  LA: 0.66890
Epoch: 42 | Loss: 1.1920928244535389e-07  | Negative Loss: 0.0
[Test ROC-AUC]  -  SA: 0.00000,  LA: 0.25380
[Test AUPRC]  -  LA: 0.40777
[Test F1-max]  -  LA: 0.66890
Epoch: 43 | Loss: 0.0  | Negative Loss: 0.0
Time consumption: 55.642781257629395
Best LA AUC: 0.4344
Best LA AUPC: 0.43800537895447245
Best LA F1-max: 0.6688963210702341
[Result] Experiment result appended to ./results/train_hybrid_result.csv

[END] 2026-03-29 11:29:51
[RETURN CODE] 0
