[START] 2026-03-29 12:17:29
[GPU] 3
[TASK] 125/150
[NAME] pcb3_promptad
[REPEAT] 5/5
[COMMAND] python train_hybrid.py --data_name pcb3 --mask True --text True --double_encoder True --few_shot True --shot 5 --hybrid_model promptad --hybrid_weight 0.3 --hybrid_batch_size 16 --epoch 100 --log True --lr 5e-4 --detection True --preprocess True

/home/seungeon/miniconda3/envs/LAB/lib/python3.10/site-packages/timm/models/layers/__init__.py:48: FutureWarning: Importing from timm.models.layers is deprecated, please import via timm.layers
  warnings.warn(f"Importing from {__name__} is deprecated, please import via timm.layers", FutureWarning)
/home/seungeon/Workspace/side/vlm/train_hybrid.py:18: DeprecationWarning: The distutils package is deprecated and slated for removal in Python 3.12. Use setuptools or check PEP 632 for potential alternatives
  from distutils.util import strtobool
Torch version: 2.9.1+cu128
cuda is loaded for process
here?
In my local computer
Namespace(epoch=100, gpu_number='0', data_name='pcb3', lr=0.0005, batch_size=6, shuffle=True, seed=0, tag='default', model_name='ViT-B-32', pretrained_name='laion2b_s34b_b79k', lora=1, default=False, foundation='CLIP', detection=1, preprocess=1, num_rule=0, object_names=['a photo of PCB'], objects_for_rules=[['a photo of PCB'], ['a photo of PCB'], ['a photo of PCB'], ['a photo of PCB']], texts_for_rules=[['a photo of PCB'], ['a photo of PCB'], ['a photo of PCB'], ['a photo of PCB']], mask=1, text=1, score='mean', ciriculam_learning=False, few_shot=1, shot=5, log=1, neg_loss=0, double_encoder=1, pretrained_count_path=None, ris=0, rule_select='', rule_list=[], num_negative=5, hybrid_model='promptad', hybrid_weight=0.3, hybrid_class_name='', hybrid_batch_size=16, hybrid_backbone='ViT-B-16-plus-240', hybrid_pretrained_dataset='laion400m_e32', hybrid_scales=[2, 3], hybrid_img_resize=240, hybrid_img_cropsize=240, hybrid_resolution=400, hybrid_promptad_epoch=100, hybrid_promptad_lr=0.002, hybrid_promptad_momentum=0.9, hybrid_promptad_weight_decay=0.0005, hybrid_promptad_eta_min=1e-05, hybrid_promptad_lambda1=0.001, hybrid_promptad_n_ctx=4, hybrid_promptad_n_pro=3, hybrid_promptad_n_ctx_ab=1, hybrid_promptad_n_pro_ab=4, early_stop_k=10, result_log_path='./results/train_hybrid_result.csv')
[Hybrid] method=promptad, class_name=pcb3, train=5, eval=201, base_path=/data3/seungeon/data/image/visa/pcb3
[Hybrid-only] LA_AUC=0.77010, LA_AUPRC=0.75225, LA_F1=0.75314
[Data Description]
- Train: 5
- Test: 201

Train Start
[Test ROC-AUC]  -  SA: 0.00000,  LA: 0.45723
[Test AUPRC]  -  LA: 0.46569
[Test F1-max]  -  LA: 0.67361
Epoch: 0 | Loss: 1.9787498712539673  | Negative Loss: 0.0
[Test ROC-AUC]  -  SA: 0.00000,  LA: 0.46030
[Test AUPRC]  -  LA: 0.46824
[Test F1-max]  -  LA: 0.67586
Epoch: 1 | Loss: 1.9216902256011963  | Negative Loss: 0.0
[Test ROC-AUC]  -  SA: 0.00000,  LA: 0.52871
[Test AUPRC]  -  LA: 0.52486
[Test F1-max]  -  LA: 0.68531
Epoch: 2 | Loss: 1.3010778427124023  | Negative Loss: 0.0
[Test ROC-AUC]  -  SA: 0.00000,  LA: 0.60069
[Test AUPRC]  -  LA: 0.58277
[Test F1-max]  -  LA: 0.69258
Epoch: 3 | Loss: 0.6087178587913513  | Negative Loss: 0.0
[Test ROC-AUC]  -  SA: 0.00000,  LA: 0.64881
[Test AUPRC]  -  LA: 0.61858
[Test F1-max]  -  LA: 0.70588
Epoch: 4 | Loss: 0.20642971992492676  | Negative Loss: 0.0
[Test ROC-AUC]  -  SA: 0.00000,  LA: 0.67168
[Test AUPRC]  -  LA: 0.64095
[Test F1-max]  -  LA: 0.70833
Epoch: 5 | Loss: 0.06626339256763458  | Negative Loss: 0.0
[Test ROC-AUC]  -  SA: 0.00000,  LA: 0.68723
[Test AUPRC]  -  LA: 0.66343
[Test F1-max]  -  LA: 0.70690
Epoch: 6 | Loss: 0.023607362061738968  | Negative Loss: 0.0
[Test ROC-AUC]  -  SA: 0.00000,  LA: 0.70960
[Test AUPRC]  -  LA: 0.69779
[Test F1-max]  -  LA: 0.71552
Epoch: 7 | Loss: 0.009266572073101997  | Negative Loss: 0.0
[Test ROC-AUC]  -  SA: 0.00000,  LA: 0.72822
[Test AUPRC]  -  LA: 0.70521
[Test F1-max]  -  LA: 0.72477
Epoch: 8 | Loss: 0.004002805799245834  | Negative Loss: 0.0
[Test ROC-AUC]  -  SA: 0.00000,  LA: 0.73822
[Test AUPRC]  -  LA: 0.69861
[Test F1-max]  -  LA: 0.72558
Epoch: 9 | Loss: 0.0018960714805871248  | Negative Loss: 0.0
[Test ROC-AUC]  -  SA: 0.00000,  LA: 0.74386
[Test AUPRC]  -  LA: 0.69935
[Test F1-max]  -  LA: 0.73148
Epoch: 10 | Loss: 0.0009543101768940687  | Negative Loss: 0.0
[Test ROC-AUC]  -  SA: 0.00000,  LA: 0.74748
[Test AUPRC]  -  LA: 0.70057
[Test F1-max]  -  LA: 0.72300
Epoch: 11 | Loss: 0.0005061844713054597  | Negative Loss: 0.0
[Test ROC-AUC]  -  SA: 0.00000,  LA: 0.75441
[Test AUPRC]  -  LA: 0.70798
[Test F1-max]  -  LA: 0.73077
Epoch: 12 | Loss: 0.0002819536894094199  | Negative Loss: 0.0
[Test ROC-AUC]  -  SA: 0.00000,  LA: 0.76079
[Test AUPRC]  -  LA: 0.71253
[Test F1-max]  -  LA: 0.73593
Epoch: 13 | Loss: 0.000163475182489492  | Negative Loss: 0.0
[Test ROC-AUC]  -  SA: 0.00000,  LA: 0.76569
[Test AUPRC]  -  LA: 0.71849
[Test F1-max]  -  LA: 0.74890
Epoch: 14 | Loss: 9.789151954464614e-05  | Negative Loss: 0.0
[Test ROC-AUC]  -  SA: 0.00000,  LA: 0.76871
[Test AUPRC]  -  LA: 0.72145
[Test F1-max]  -  LA: 0.75439
Epoch: 15 | Loss: 6.0604750615311787e-05  | Negative Loss: 0.0
[Test ROC-AUC]  -  SA: 0.00000,  LA: 0.77153
[Test AUPRC]  -  LA: 0.72405
[Test F1-max]  -  LA: 0.75983
Epoch: 16 | Loss: 3.8599442632403225e-05  | Negative Loss: 0.0
[Test ROC-AUC]  -  SA: 0.00000,  LA: 0.77441
[Test AUPRC]  -  LA: 0.72889
[Test F1-max]  -  LA: 0.75214
Epoch: 17 | Loss: 2.51529327215394e-05  | Negative Loss: 0.0
[Test ROC-AUC]  -  SA: 0.00000,  LA: 0.77663
[Test AUPRC]  -  LA: 0.73151
[Test F1-max]  -  LA: 0.75536
Epoch: 18 | Loss: 1.680840432527475e-05  | Negative Loss: 0.0
[Test ROC-AUC]  -  SA: 0.00000,  LA: 0.77658
[Test AUPRC]  -  LA: 0.73273
[Test F1-max]  -  LA: 0.75000
Epoch: 19 | Loss: 1.1491727491375059e-05  | Negative Loss: 0.0
[Test ROC-AUC]  -  SA: 0.00000,  LA: 0.77584
[Test AUPRC]  -  LA: 0.73272
[Test F1-max]  -  LA: 0.74678
Epoch: 20 | Loss: 8.058523235376924e-06  | Negative Loss: 0.0
[Test ROC-AUC]  -  SA: 0.00000,  LA: 0.77653
[Test AUPRC]  -  LA: 0.74165
[Test F1-max]  -  LA: 0.75000
Epoch: 21 | Loss: 5.62666582482052e-06  | Negative Loss: 0.0
[Test ROC-AUC]  -  SA: 0.00000,  LA: 0.77559
[Test AUPRC]  -  LA: 0.74167
[Test F1-max]  -  LA: 0.74894
Epoch: 22 | Loss: 4.1246348700951785e-06  | Negative Loss: 0.0
[Test ROC-AUC]  -  SA: 0.00000,  LA: 0.77634
[Test AUPRC]  -  LA: 0.74287
[Test F1-max]  -  LA: 0.74783
Epoch: 23 | Loss: 3.0517539926222526e-06  | Negative Loss: 0.0
[Test ROC-AUC]  -  SA: 0.00000,  LA: 0.77698
[Test AUPRC]  -  LA: 0.74314
[Test F1-max]  -  LA: 0.74783
Epoch: 24 | Loss: 2.312658125447342e-06  | Negative Loss: 0.0
[Test ROC-AUC]  -  SA: 0.00000,  LA: 0.77748
[Test AUPRC]  -  LA: 0.74558
[Test F1-max]  -  LA: 0.75105
Epoch: 25 | Loss: 1.788137979019666e-06  | Negative Loss: 0.0
[Test ROC-AUC]  -  SA: 0.00000,  LA: 0.77822
[Test AUPRC]  -  LA: 0.74696
[Test F1-max]  -  LA: 0.74790
Epoch: 26 | Loss: 1.3589850595963071e-06  | Negative Loss: 0.0
[Test ROC-AUC]  -  SA: 0.00000,  LA: 0.77871
[Test AUPRC]  -  LA: 0.74761
[Test F1-max]  -  LA: 0.74689
Epoch: 27 | Loss: 1.0251992534904275e-06  | Negative Loss: 0.0
[Test ROC-AUC]  -  SA: 0.00000,  LA: 0.77876
[Test AUPRC]  -  LA: 0.74755
[Test F1-max]  -  LA: 0.75000
Epoch: 28 | Loss: 8.344646857949556e-07  | Negative Loss: 0.0
[Test ROC-AUC]  -  SA: 0.00000,  LA: 0.77881
[Test AUPRC]  -  LA: 0.74729
[Test F1-max]  -  LA: 0.74689
Epoch: 29 | Loss: 6.675717827420158e-07  | Negative Loss: 0.0
[Test ROC-AUC]  -  SA: 0.00000,  LA: 0.77926
[Test AUPRC]  -  LA: 0.74755
[Test F1-max]  -  LA: 0.74689
Epoch: 30 | Loss: 5.483626068780723e-07  | Negative Loss: 0.0
[Test ROC-AUC]  -  SA: 0.00000,  LA: 0.77936
[Test AUPRC]  -  LA: 0.74798
[Test F1-max]  -  LA: 0.74689
Epoch: 31 | Loss: 4.5299520934349857e-07  | Negative Loss: 0.0
[Test ROC-AUC]  -  SA: 0.00000,  LA: 0.78010
[Test AUPRC]  -  LA: 0.74875
[Test F1-max]  -  LA: 0.75102
Epoch: 32 | Loss: 4.053114821545023e-07  | Negative Loss: 0.0
[Test ROC-AUC]  -  SA: 0.00000,  LA: 0.77970
[Test AUPRC]  -  LA: 0.74903
[Test F1-max]  -  LA: 0.75410
Epoch: 33 | Loss: 3.337859766361362e-07  | Negative Loss: 0.0
[Test ROC-AUC]  -  SA: 0.00000,  LA: 0.77916
[Test AUPRC]  -  LA: 0.74869
[Test F1-max]  -  LA: 0.75410
Epoch: 34 | Loss: 3.0994411304163805e-07  | Negative Loss: 0.0
[Test ROC-AUC]  -  SA: 0.00000,  LA: 0.77926
[Test AUPRC]  -  LA: 0.74891
[Test F1-max]  -  LA: 0.75410
Epoch: 35 | Loss: 2.622603858526418e-07  | Negative Loss: 0.0
[Test ROC-AUC]  -  SA: 0.00000,  LA: 0.77896
[Test AUPRC]  -  LA: 0.74849
[Test F1-max]  -  LA: 0.75410
Epoch: 36 | Loss: 2.3841853646899835e-07  | Negative Loss: 0.0
[Test ROC-AUC]  -  SA: 0.00000,  LA: 0.77837
[Test AUPRC]  -  LA: 0.74890
[Test F1-max]  -  LA: 0.75410
Epoch: 37 | Loss: 2.1457670129620965e-07  | Negative Loss: 0.0
[Test ROC-AUC]  -  SA: 0.00000,  LA: 0.77822
[Test AUPRC]  -  LA: 0.74883
[Test F1-max]  -  LA: 0.75410
Epoch: 38 | Loss: 2.1457670129620965e-07  | Negative Loss: 0.0
[Test ROC-AUC]  -  SA: 0.00000,  LA: 0.77856
[Test AUPRC]  -  LA: 0.74922
[Test F1-max]  -  LA: 0.75410
Epoch: 39 | Loss: 1.668929883180681e-07  | Negative Loss: 0.0
[Test ROC-AUC]  -  SA: 0.00000,  LA: 0.77842
[Test AUPRC]  -  LA: 0.74885
[Test F1-max]  -  LA: 0.75410
Epoch: 40 | Loss: 1.4305113893442467e-07  | Negative Loss: 0.0
[Test ROC-AUC]  -  SA: 0.00000,  LA: 0.77856
[Test AUPRC]  -  LA: 0.74890
[Test F1-max]  -  LA: 0.75410
Epoch: 41 | Loss: 1.1920927533992653e-07  | Negative Loss: 0.0
[Test ROC-AUC]  -  SA: 0.00000,  LA: 0.77842
[Test AUPRC]  -  LA: 0.74881
[Test F1-max]  -  LA: 0.75410
Epoch: 42 | Loss: 1.1920927533992653e-07  | Negative Loss: 0.0
[Test ROC-AUC]  -  SA: 0.00000,  LA: 0.77866
[Test AUPRC]  -  LA: 0.74924
[Test F1-max]  -  LA: 0.75410
Epoch: 43 | Loss: 1.1920927533992653e-07  | Negative Loss: 0.0
[Test ROC-AUC]  -  SA: 0.00000,  LA: 0.77851
[Test AUPRC]  -  LA: 0.74897
[Test F1-max]  -  LA: 0.75410
Epoch: 44 | Loss: 1.1920927533992653e-07  | Negative Loss: 0.0
[Test ROC-AUC]  -  SA: 0.00000,  LA: 0.77866
[Test AUPRC]  -  LA: 0.74908
[Test F1-max]  -  LA: 0.75410
Epoch: 45 | Loss: 1.1920927533992653e-07  | Negative Loss: 0.0
[Test ROC-AUC]  -  SA: 0.00000,  LA: 0.77851
[Test AUPRC]  -  LA: 0.74898
[Test F1-max]  -  LA: 0.75410
Epoch: 46 | Loss: 1.1920927533992653e-07  | Negative Loss: 0.0
[Test ROC-AUC]  -  SA: 0.00000,  LA: 0.77871
[Test AUPRC]  -  LA: 0.74910
[Test F1-max]  -  LA: 0.75410
Epoch: 47 | Loss: 1.1920927533992653e-07  | Negative Loss: 0.0
[Test ROC-AUC]  -  SA: 0.00000,  LA: 0.77871
[Test AUPRC]  -  LA: 0.74909
[Test F1-max]  -  LA: 0.75410
Epoch: 48 | Loss: 1.1920927533992653e-07  | Negative Loss: 0.0
[Test ROC-AUC]  -  SA: 0.00000,  LA: 0.77871
[Test AUPRC]  -  LA: 0.74917
[Test F1-max]  -  LA: 0.75410
Epoch: 49 | Loss: 1.1920927533992653e-07  | Negative Loss: 0.0
[Test ROC-AUC]  -  SA: 0.00000,  LA: 0.77861
[Test AUPRC]  -  LA: 0.74911
[Test F1-max]  -  LA: 0.75410
Epoch: 50 | Loss: 1.1920927533992653e-07  | Negative Loss: 0.0
[Test ROC-AUC]  -  SA: 0.00000,  LA: 0.77866
[Test AUPRC]  -  LA: 0.74910
[Test F1-max]  -  LA: 0.75410
Epoch: 51 | Loss: 1.1920927533992653e-07  | Negative Loss: 0.0
[Test ROC-AUC]  -  SA: 0.00000,  LA: 0.77842
[Test AUPRC]  -  LA: 0.74901
[Test F1-max]  -  LA: 0.75410
Epoch: 52 | Loss: 1.1920927533992653e-07  | Negative Loss: 0.0
[Test ROC-AUC]  -  SA: 0.00000,  LA: 0.77822
[Test AUPRC]  -  LA: 0.74875
[Test F1-max]  -  LA: 0.75410
Epoch: 53 | Loss: 1.1920927533992653e-07  | Negative Loss: 0.0
[Test ROC-AUC]  -  SA: 0.00000,  LA: 0.77817
[Test AUPRC]  -  LA: 0.74869
[Test F1-max]  -  LA: 0.75410
Epoch: 54 | Loss: 1.1920927533992653e-07  | Negative Loss: 0.0
[Test ROC-AUC]  -  SA: 0.00000,  LA: 0.77822
[Test AUPRC]  -  LA: 0.74867
[Test F1-max]  -  LA: 0.75410
Epoch: 55 | Loss: 1.1920927533992653e-07  | Negative Loss: 0.0
[Test ROC-AUC]  -  SA: 0.00000,  LA: 0.77817
[Test AUPRC]  -  LA: 0.74865
[Test F1-max]  -  LA: 0.75410
Epoch: 56 | Loss: 9.536742595628311e-08  | Negative Loss: 0.0
[Test ROC-AUC]  -  SA: 0.00000,  LA: 0.77817
[Test AUPRC]  -  LA: 0.74852
[Test F1-max]  -  LA: 0.75410
Epoch: 57 | Loss: 9.536742595628311e-08  | Negative Loss: 0.0
[Test ROC-AUC]  -  SA: 0.00000,  LA: 0.77812
[Test AUPRC]  -  LA: 0.74852
[Test F1-max]  -  LA: 0.75410
Epoch: 58 | Loss: 9.536742595628311e-08  | Negative Loss: 0.0
[Test ROC-AUC]  -  SA: 0.00000,  LA: 0.77812
[Test AUPRC]  -  LA: 0.74852
[Test F1-max]  -  LA: 0.75410
Epoch: 59 | Loss: 9.536742595628311e-08  | Negative Loss: 0.0
[Test ROC-AUC]  -  SA: 0.00000,  LA: 0.77812
[Test AUPRC]  -  LA: 0.74852
[Test F1-max]  -  LA: 0.75410
Epoch: 60 | Loss: 9.536742595628311e-08  | Negative Loss: 0.0
[Test ROC-AUC]  -  SA: 0.00000,  LA: 0.77802
[Test AUPRC]  -  LA: 0.74849
[Test F1-max]  -  LA: 0.75410
Epoch: 61 | Loss: 9.536742595628311e-08  | Negative Loss: 0.0
[Test ROC-AUC]  -  SA: 0.00000,  LA: 0.77807
[Test AUPRC]  -  LA: 0.74853
[Test F1-max]  -  LA: 0.75410
Epoch: 62 | Loss: 9.536742595628311e-08  | Negative Loss: 0.0
[Test ROC-AUC]  -  SA: 0.00000,  LA: 0.77812
[Test AUPRC]  -  LA: 0.74857
[Test F1-max]  -  LA: 0.75410
Epoch: 63 | Loss: 9.536742595628311e-08  | Negative Loss: 0.0
[Test ROC-AUC]  -  SA: 0.00000,  LA: 0.77812
[Test AUPRC]  -  LA: 0.74857
[Test F1-max]  -  LA: 0.75410
Epoch: 64 | Loss: 9.536742595628311e-08  | Negative Loss: 0.0
[Test ROC-AUC]  -  SA: 0.00000,  LA: 0.77812
[Test AUPRC]  -  LA: 0.74857
[Test F1-max]  -  LA: 0.75410
Epoch: 65 | Loss: 9.536742595628311e-08  | Negative Loss: 0.0
[Test ROC-AUC]  -  SA: 0.00000,  LA: 0.77802
[Test AUPRC]  -  LA: 0.74852
[Test F1-max]  -  LA: 0.75410
Epoch: 66 | Loss: 9.536742595628311e-08  | Negative Loss: 0.0
[Test ROC-AUC]  -  SA: 0.00000,  LA: 0.77802
[Test AUPRC]  -  LA: 0.74852
[Test F1-max]  -  LA: 0.75410
Epoch: 67 | Loss: 7.152556946721234e-08  | Negative Loss: 0.0
[Test ROC-AUC]  -  SA: 0.00000,  LA: 0.77792
[Test AUPRC]  -  LA: 0.74841
[Test F1-max]  -  LA: 0.75410
Epoch: 68 | Loss: 7.152556946721234e-08  | Negative Loss: 0.0
[Test ROC-AUC]  -  SA: 0.00000,  LA: 0.77782
[Test AUPRC]  -  LA: 0.74836
[Test F1-max]  -  LA: 0.75105
Epoch: 69 | Loss: 7.152556946721234e-08  | Negative Loss: 0.0
[Test ROC-AUC]  -  SA: 0.00000,  LA: 0.77782
[Test AUPRC]  -  LA: 0.74836
[Test F1-max]  -  LA: 0.75105
Epoch: 70 | Loss: 7.152556946721234e-08  | Negative Loss: 0.0
[Test ROC-AUC]  -  SA: 0.00000,  LA: 0.77782
[Test AUPRC]  -  LA: 0.74836
[Test F1-max]  -  LA: 0.75105
Epoch: 71 | Loss: 7.152556946721234e-08  | Negative Loss: 0.0
[Test ROC-AUC]  -  SA: 0.00000,  LA: 0.77777
[Test AUPRC]  -  LA: 0.74825
[Test F1-max]  -  LA: 0.75105
Epoch: 72 | Loss: 4.768371297814156e-08  | Negative Loss: 0.0
[Test ROC-AUC]  -  SA: 0.00000,  LA: 0.77772
[Test AUPRC]  -  LA: 0.74819
[Test F1-max]  -  LA: 0.75105
Epoch: 73 | Loss: 4.768371297814156e-08  | Negative Loss: 0.0
[Test ROC-AUC]  -  SA: 0.00000,  LA: 0.77772
[Test AUPRC]  -  LA: 0.74819
[Test F1-max]  -  LA: 0.75105
Epoch: 74 | Loss: 4.768371297814156e-08  | Negative Loss: 0.0
[Test ROC-AUC]  -  SA: 0.00000,  LA: 0.77772
[Test AUPRC]  -  LA: 0.74819
[Test F1-max]  -  LA: 0.75105
Epoch: 75 | Loss: 4.768371297814156e-08  | Negative Loss: 0.0
[Test ROC-AUC]  -  SA: 0.00000,  LA: 0.77772
[Test AUPRC]  -  LA: 0.74819
[Test F1-max]  -  LA: 0.75105
Epoch: 76 | Loss: 4.768371297814156e-08  | Negative Loss: 0.0
[Test ROC-AUC]  -  SA: 0.00000,  LA: 0.77772
[Test AUPRC]  -  LA: 0.74819
[Test F1-max]  -  LA: 0.75105
Epoch: 77 | Loss: 4.768371297814156e-08  | Negative Loss: 0.0
[Test ROC-AUC]  -  SA: 0.00000,  LA: 0.77772
[Test AUPRC]  -  LA: 0.74819
[Test F1-max]  -  LA: 0.75105
Epoch: 78 | Loss: 4.768371297814156e-08  | Negative Loss: 0.0
[Test ROC-AUC]  -  SA: 0.00000,  LA: 0.77752
[Test AUPRC]  -  LA: 0.74798
[Test F1-max]  -  LA: 0.75105
Epoch: 79 | Loss: 4.768371297814156e-08  | Negative Loss: 0.0
[Test ROC-AUC]  -  SA: 0.00000,  LA: 0.77752
[Test AUPRC]  -  LA: 0.74798
[Test F1-max]  -  LA: 0.75105
Epoch: 80 | Loss: 2.384185648907078e-08  | Negative Loss: 0.0
[Test ROC-AUC]  -  SA: 0.00000,  LA: 0.77752
[Test AUPRC]  -  LA: 0.74798
[Test F1-max]  -  LA: 0.75105
Epoch: 81 | Loss: 2.384185648907078e-08  | Negative Loss: 0.0
[Test ROC-AUC]  -  SA: 0.00000,  LA: 0.77752
[Test AUPRC]  -  LA: 0.74798
[Test F1-max]  -  LA: 0.75105
Epoch: 82 | Loss: 2.384185648907078e-08  | Negative Loss: 0.0
[Test ROC-AUC]  -  SA: 0.00000,  LA: 0.77743
[Test AUPRC]  -  LA: 0.74793
[Test F1-max]  -  LA: 0.75105
Epoch: 83 | Loss: 2.384185648907078e-08  | Negative Loss: 0.0
[Test ROC-AUC]  -  SA: 0.00000,  LA: 0.77757
[Test AUPRC]  -  LA: 0.74804
[Test F1-max]  -  LA: 0.75105
Epoch: 84 | Loss: 2.384185648907078e-08  | Negative Loss: 0.0
[Test ROC-AUC]  -  SA: 0.00000,  LA: 0.77757
[Test AUPRC]  -  LA: 0.74809
[Test F1-max]  -  LA: 0.75105
Epoch: 85 | Loss: 2.384185648907078e-08  | Negative Loss: 0.0
[Test ROC-AUC]  -  SA: 0.00000,  LA: 0.77752
[Test AUPRC]  -  LA: 0.74806
[Test F1-max]  -  LA: 0.75105
Epoch: 86 | Loss: 2.384185648907078e-08  | Negative Loss: 0.0
[Test ROC-AUC]  -  SA: 0.00000,  LA: 0.77752
[Test AUPRC]  -  LA: 0.74806
[Test F1-max]  -  LA: 0.75105
Epoch: 87 | Loss: 2.384185648907078e-08  | Negative Loss: 0.0
[Test ROC-AUC]  -  SA: 0.00000,  LA: 0.77748
[Test AUPRC]  -  LA: 0.74804
[Test F1-max]  -  LA: 0.75105
Epoch: 88 | Loss: 2.384185648907078e-08  | Negative Loss: 0.0
[Test ROC-AUC]  -  SA: 0.00000,  LA: 0.77752
[Test AUPRC]  -  LA: 0.74807
[Test F1-max]  -  LA: 0.75105
Epoch: 89 | Loss: 2.384185648907078e-08  | Negative Loss: 0.0
[Test ROC-AUC]  -  SA: 0.00000,  LA: 0.77748
[Test AUPRC]  -  LA: 0.74804
[Test F1-max]  -  LA: 0.75105
Epoch: 90 | Loss: 2.384185648907078e-08  | Negative Loss: 0.0
[Test ROC-AUC]  -  SA: 0.00000,  LA: 0.77748
[Test AUPRC]  -  LA: 0.74802
[Test F1-max]  -  LA: 0.75105
Epoch: 91 | Loss: 2.384185648907078e-08  | Negative Loss: 0.0
[Test ROC-AUC]  -  SA: 0.00000,  LA: 0.77748
[Test AUPRC]  -  LA: 0.74804
[Test F1-max]  -  LA: 0.75105
Epoch: 92 | Loss: 2.384185648907078e-08  | Negative Loss: 0.0
[Test ROC-AUC]  -  SA: 0.00000,  LA: 0.77752
[Test AUPRC]  -  LA: 0.74807
[Test F1-max]  -  LA: 0.75105
Epoch: 93 | Loss: 2.384185648907078e-08  | Negative Loss: 0.0
[Test ROC-AUC]  -  SA: 0.00000,  LA: 0.77733
[Test AUPRC]  -  LA: 0.74791
[Test F1-max]  -  LA: 0.75105
Epoch: 94 | Loss: 2.384185648907078e-08  | Negative Loss: 0.0
[Test ROC-AUC]  -  SA: 0.00000,  LA: 0.77743
[Test AUPRC]  -  LA: 0.74799
[Test F1-max]  -  LA: 0.75105
Epoch: 95 | Loss: 2.384185648907078e-08  | Negative Loss: 0.0
[Test ROC-AUC]  -  SA: 0.00000,  LA: 0.77748
[Test AUPRC]  -  LA: 0.74805
[Test F1-max]  -  LA: 0.75105
Epoch: 96 | Loss: 0.0  | Negative Loss: 0.0
Time consumption: 126.81088900566101
Best LA AUC: 0.7800990099009901
Best LA AUPC: 0.7492419487816939
Best LA F1-max: 0.759825327510917
[Result] Experiment result appended to ./results/train_hybrid_result.csv

[END] 2026-03-29 12:21:35
[RETURN CODE] 0
