[START] 2026-03-29 11:56:44
[GPU] 3
[TASK] 102/150
[NAME] pcb2_promptad
[REPEAT] 2/5
[COMMAND] python train_hybrid.py --data_name pcb2 --mask True --text True --double_encoder True --few_shot True --shot 5 --hybrid_model promptad --hybrid_weight 0.3 --hybrid_batch_size 16 --epoch 100 --log True --lr 5e-4 --detection True --preprocess True

/home/seungeon/miniconda3/envs/LAB/lib/python3.10/site-packages/timm/models/layers/__init__.py:48: FutureWarning: Importing from timm.models.layers is deprecated, please import via timm.layers
  warnings.warn(f"Importing from {__name__} is deprecated, please import via timm.layers", FutureWarning)
/home/seungeon/Workspace/side/vlm/train_hybrid.py:18: DeprecationWarning: The distutils package is deprecated and slated for removal in Python 3.12. Use setuptools or check PEP 632 for potential alternatives
  from distutils.util import strtobool
Torch version: 2.9.1+cu128
cuda is loaded for process
here?
In my local computer
Namespace(epoch=100, gpu_number='0', data_name='pcb2', lr=0.0005, batch_size=6, shuffle=True, seed=0, tag='default', model_name='ViT-B-32', pretrained_name='laion2b_s34b_b79k', lora=1, default=False, foundation='CLIP', detection=1, preprocess=1, num_rule=0, object_names=['a photo of PCB'], objects_for_rules=[['a photo of PCB'], ['a photo of PCB'], ['a photo of PCB'], ['a photo of PCB']], texts_for_rules=[['a photo of PCB'], ['a photo of PCB'], ['a photo of PCB'], ['a photo of PCB']], mask=1, text=1, score='mean', ciriculam_learning=False, few_shot=1, shot=5, log=1, neg_loss=0, double_encoder=1, pretrained_count_path=None, ris=0, rule_select='', rule_list=[], num_negative=5, hybrid_model='promptad', hybrid_weight=0.3, hybrid_class_name='', hybrid_batch_size=16, hybrid_backbone='ViT-B-16-plus-240', hybrid_pretrained_dataset='laion400m_e32', hybrid_scales=[2, 3], hybrid_img_resize=240, hybrid_img_cropsize=240, hybrid_resolution=400, hybrid_promptad_epoch=100, hybrid_promptad_lr=0.002, hybrid_promptad_momentum=0.9, hybrid_promptad_weight_decay=0.0005, hybrid_promptad_eta_min=1e-05, hybrid_promptad_lambda1=0.001, hybrid_promptad_n_ctx=4, hybrid_promptad_n_pro=3, hybrid_promptad_n_ctx_ab=1, hybrid_promptad_n_pro_ab=4, early_stop_k=10, result_log_path='./results/train_hybrid_result.csv')
[Hybrid] method=promptad, class_name=pcb2, train=5, eval=200, base_path=/data3/seungeon/data/image/visa/pcb2
[Hybrid-only] LA_AUC=0.37230, LA_AUPRC=0.40810, LA_F1=0.67340
[Data Description]
- Train: 5
- Test: 200

Train Start
[Test ROC-AUC]  -  SA: 0.00000,  LA: 0.52670
[Test AUPRC]  -  LA: 0.51344
[Test F1-max]  -  LA: 0.67114
Epoch: 0 | Loss: 20.749107360839844  | Negative Loss: 0.0
[Test ROC-AUC]  -  SA: 0.00000,  LA: 0.52740
[Test AUPRC]  -  LA: 0.51454
[Test F1-max]  -  LA: 0.67114
Epoch: 1 | Loss: 20.56400489807129  | Negative Loss: 0.0
[Test ROC-AUC]  -  SA: 0.00000,  LA: 0.58130
[Test AUPRC]  -  LA: 0.55198
[Test F1-max]  -  LA: 0.68327
Epoch: 2 | Loss: 18.20853614807129  | Negative Loss: 0.0
[Test ROC-AUC]  -  SA: 0.00000,  LA: 0.64720
[Test AUPRC]  -  LA: 0.62140
[Test F1-max]  -  LA: 0.69403
Epoch: 3 | Loss: 14.063352584838867  | Negative Loss: 0.0
[Test ROC-AUC]  -  SA: 0.00000,  LA: 0.68860
[Test AUPRC]  -  LA: 0.67083
[Test F1-max]  -  LA: 0.71538
Epoch: 4 | Loss: 8.458105087280273  | Negative Loss: 0.0
[Test ROC-AUC]  -  SA: 0.00000,  LA: 0.69850
[Test AUPRC]  -  LA: 0.66730
[Test F1-max]  -  LA: 0.70293
Epoch: 5 | Loss: 3.3308005332946777  | Negative Loss: 0.0
[Test ROC-AUC]  -  SA: 0.00000,  LA: 0.69550
[Test AUPRC]  -  LA: 0.66558
[Test F1-max]  -  LA: 0.69787
Epoch: 6 | Loss: 0.7637239098548889  | Negative Loss: 0.0
[Test ROC-AUC]  -  SA: 0.00000,  LA: 0.69510
[Test AUPRC]  -  LA: 0.66387
[Test F1-max]  -  LA: 0.69841
Epoch: 7 | Loss: 0.14924688637256622  | Negative Loss: 0.0
[Test ROC-AUC]  -  SA: 0.00000,  LA: 0.69870
[Test AUPRC]  -  LA: 0.66813
[Test F1-max]  -  LA: 0.69498
Epoch: 8 | Loss: 0.03577745705842972  | Negative Loss: 0.0
[Test ROC-AUC]  -  SA: 0.00000,  LA: 0.70200
[Test AUPRC]  -  LA: 0.67406
[Test F1-max]  -  LA: 0.69597
Epoch: 9 | Loss: 0.01126406341791153  | Negative Loss: 0.0
[Test ROC-AUC]  -  SA: 0.00000,  LA: 0.70450
[Test AUPRC]  -  LA: 0.67227
[Test F1-max]  -  LA: 0.70175
Epoch: 10 | Loss: 0.004273764789104462  | Negative Loss: 0.0
[Test ROC-AUC]  -  SA: 0.00000,  LA: 0.70260
[Test AUPRC]  -  LA: 0.66321
[Test F1-max]  -  LA: 0.70293
Epoch: 11 | Loss: 0.001846538856625557  | Negative Loss: 0.0
[Test ROC-AUC]  -  SA: 0.00000,  LA: 0.69485
[Test AUPRC]  -  LA: 0.64569
[Test F1-max]  -  LA: 0.70690
Epoch: 12 | Loss: 0.0008612052770331502  | Negative Loss: 0.0
[Test ROC-AUC]  -  SA: 0.00000,  LA: 0.67710
[Test AUPRC]  -  LA: 0.62559
[Test F1-max]  -  LA: 0.70085
Epoch: 13 | Loss: 0.0004256846150383353  | Negative Loss: 0.0
[Test ROC-AUC]  -  SA: 0.00000,  LA: 0.65450
[Test AUPRC]  -  LA: 0.60112
[Test F1-max]  -  LA: 0.70120
Epoch: 14 | Loss: 0.00021913144155405462  | Negative Loss: 0.0
[Test ROC-AUC]  -  SA: 0.00000,  LA: 0.62870
[Test AUPRC]  -  LA: 0.57708
[Test F1-max]  -  LA: 0.68908
Epoch: 15 | Loss: 0.00011679459566948935  | Negative Loss: 0.0
[Test ROC-AUC]  -  SA: 0.00000,  LA: 0.59940
[Test AUPRC]  -  LA: 0.55057
[Test F1-max]  -  LA: 0.68027
Epoch: 16 | Loss: 6.41563965473324e-05  | Negative Loss: 0.0
[Test ROC-AUC]  -  SA: 0.00000,  LA: 0.56640
[Test AUPRC]  -  LA: 0.52609
[Test F1-max]  -  LA: 0.68259
Epoch: 17 | Loss: 3.611975989770144e-05  | Negative Loss: 0.0
[Test ROC-AUC]  -  SA: 0.00000,  LA: 0.54045
[Test AUPRC]  -  LA: 0.50918
[Test F1-max]  -  LA: 0.68259
Epoch: 18 | Loss: 2.1052137526567094e-05  | Negative Loss: 0.0
[Test ROC-AUC]  -  SA: 0.00000,  LA: 0.51460
[Test AUPRC]  -  LA: 0.49394
[Test F1-max]  -  LA: 0.68276
Epoch: 19 | Loss: 1.2493054782680701e-05  | Negative Loss: 0.0
[Test ROC-AUC]  -  SA: 0.00000,  LA: 0.49340
[Test AUPRC]  -  LA: 0.47832
[Test F1-max]  -  LA: 0.68276
[Early Stopping] LA AUROC dropped for 10 consecutive epochs. Stop at epoch 21/100.
Time consumption: 26.62163209915161
Best LA AUC: 0.7045
Best LA AUPC: 0.6740635494395635
Best LA F1-max: 0.7153846153846155
[Result] Experiment result appended to ./results/train_hybrid_result.csv

[END] 2026-03-29 11:59:13
[RETURN CODE] 0
