[START] 2026-03-29 11:16:36
[GPU] 3
[TASK] 55/150
[NAME] transistor_promptad
[REPEAT] 5/5
[COMMAND] python train_hybrid.py --data_name transistor --mask True --text True --double_encoder True --few_shot True --shot 1 --hybrid_model promptad --hybrid_weight 0.3 --hybrid_batch_size 16 --epoch 100 --log True --lr 5e-4 --detection True --preprocess True

/home/seungeon/miniconda3/envs/LAB/lib/python3.10/site-packages/timm/models/layers/__init__.py:48: FutureWarning: Importing from timm.models.layers is deprecated, please import via timm.layers
  warnings.warn(f"Importing from {__name__} is deprecated, please import via timm.layers", FutureWarning)
/home/seungeon/Workspace/side/vlm/train_hybrid.py:18: DeprecationWarning: The distutils package is deprecated and slated for removal in Python 3.12. Use setuptools or check PEP 632 for potential alternatives
  from distutils.util import strtobool
Torch version: 2.9.1+cu128
cuda is loaded for process
here?
In my local computer
Namespace(epoch=100, gpu_number='0', data_name='transistor', lr=0.0005, batch_size=6, shuffle=True, seed=0, tag='default', model_name='ViT-B-32', pretrained_name='laion2b_s34b_b79k', lora=1, default=False, foundation='CLIP', detection=1, preprocess=1, num_rule=0, object_names=['a photo of transistor'], objects_for_rules=[['a photo of transistor'], ['a photo of transistor'], ['a photo of transistor'], ['a photo of transistor']], texts_for_rules=[['a photo of transistor'], ['a photo of transistor'], ['a photo of transistor'], ['a photo of transistor']], mask=1, text=1, score='mean', ciriculam_learning=False, few_shot=1, shot=1, log=1, neg_loss=0, double_encoder=1, pretrained_count_path=None, ris=0, rule_select='', rule_list=[], num_negative=5, hybrid_model='promptad', hybrid_weight=0.3, hybrid_class_name='', hybrid_batch_size=16, hybrid_backbone='ViT-B-16-plus-240', hybrid_pretrained_dataset='laion400m_e32', hybrid_scales=[2, 3], hybrid_img_resize=240, hybrid_img_cropsize=240, hybrid_resolution=400, hybrid_promptad_epoch=100, hybrid_promptad_lr=0.002, hybrid_promptad_momentum=0.9, hybrid_promptad_weight_decay=0.0005, hybrid_promptad_eta_min=1e-05, hybrid_promptad_lambda1=0.001, hybrid_promptad_n_ctx=4, hybrid_promptad_n_pro=3, hybrid_promptad_n_ctx_ab=1, hybrid_promptad_n_pro_ab=4, early_stop_k=10, result_log_path='./results/train_hybrid_result.csv')
[Hybrid] method=promptad, class_name=transistor, train=1, eval=80, base_path=/data3/seungeon/data/image/mvtec_ad/transistor
[Hybrid-only] LA_AUC=0.84417, LA_AUPRC=0.93928, LA_F1=0.89764
[Data Description]
- Train: 1
- Test: 80

Train Start
[Test ROC-AUC]  -  SA: 0.00000,  LA: 0.67083
[Test AUPRC]  -  LA: 0.84666
[Test F1-max]  -  LA: 0.90076
Epoch: 0 | Loss: 13.356101036071777  | Negative Loss: 0.0
[Test ROC-AUC]  -  SA: 0.00000,  LA: 0.67417
[Test AUPRC]  -  LA: 0.84955
[Test F1-max]  -  LA: 0.90076
Epoch: 1 | Loss: 13.195709228515625  | Negative Loss: 0.0
[Test ROC-AUC]  -  SA: 0.00000,  LA: 0.76250
[Test AUPRC]  -  LA: 0.89897
[Test F1-max]  -  LA: 0.91473
Epoch: 2 | Loss: 10.63341999053955  | Negative Loss: 0.0
[Test ROC-AUC]  -  SA: 0.00000,  LA: 0.86500
[Test AUPRC]  -  LA: 0.95167
[Test F1-max]  -  LA: 0.91200
Epoch: 3 | Loss: 6.912823677062988  | Negative Loss: 0.0
[Test ROC-AUC]  -  SA: 0.00000,  LA: 0.92250
[Test AUPRC]  -  LA: 0.97360
[Test F1-max]  -  LA: 0.92187
Epoch: 4 | Loss: 3.3653790950775146  | Negative Loss: 0.0
[Test ROC-AUC]  -  SA: 0.00000,  LA: 0.93917
[Test AUPRC]  -  LA: 0.97942
[Test F1-max]  -  LA: 0.92683
Epoch: 5 | Loss: 1.3235020637512207  | Negative Loss: 0.0
[Test ROC-AUC]  -  SA: 0.00000,  LA: 0.94750
[Test AUPRC]  -  LA: 0.98230
[Test F1-max]  -  LA: 0.94309
Epoch: 6 | Loss: 0.4920006990432739  | Negative Loss: 0.0
[Test ROC-AUC]  -  SA: 0.00000,  LA: 0.95000
[Test AUPRC]  -  LA: 0.98325
[Test F1-max]  -  LA: 0.94309
Epoch: 7 | Loss: 0.19063594937324524  | Negative Loss: 0.0
[Test ROC-AUC]  -  SA: 0.00000,  LA: 0.95250
[Test AUPRC]  -  LA: 0.98406
[Test F1-max]  -  LA: 0.95082
Epoch: 8 | Loss: 0.08252228796482086  | Negative Loss: 0.0
[Test ROC-AUC]  -  SA: 0.00000,  LA: 0.95167
[Test AUPRC]  -  LA: 0.98390
[Test F1-max]  -  LA: 0.95082
Epoch: 9 | Loss: 0.03889600560069084  | Negative Loss: 0.0
[Test ROC-AUC]  -  SA: 0.00000,  LA: 0.95333
[Test AUPRC]  -  LA: 0.98452
[Test F1-max]  -  LA: 0.95082
Epoch: 10 | Loss: 0.019023604691028595  | Negative Loss: 0.0
[Test ROC-AUC]  -  SA: 0.00000,  LA: 0.95417
[Test AUPRC]  -  LA: 0.98475
[Test F1-max]  -  LA: 0.94309
Epoch: 11 | Loss: 0.009550649672746658  | Negative Loss: 0.0
[Test ROC-AUC]  -  SA: 0.00000,  LA: 0.95750
[Test AUPRC]  -  LA: 0.98590
[Test F1-max]  -  LA: 0.94309
Epoch: 12 | Loss: 0.004980898462235928  | Negative Loss: 0.0
[Test ROC-AUC]  -  SA: 0.00000,  LA: 0.95750
[Test AUPRC]  -  LA: 0.98598
[Test F1-max]  -  LA: 0.94309
Epoch: 13 | Loss: 0.002756674075499177  | Negative Loss: 0.0
[Test ROC-AUC]  -  SA: 0.00000,  LA: 0.95667
[Test AUPRC]  -  LA: 0.98576
[Test F1-max]  -  LA: 0.94309
Epoch: 14 | Loss: 0.001578414929099381  | Negative Loss: 0.0
[Test ROC-AUC]  -  SA: 0.00000,  LA: 0.96167
[Test AUPRC]  -  LA: 0.98756
[Test F1-max]  -  LA: 0.94309
Epoch: 15 | Loss: 0.0009277508361265063  | Negative Loss: 0.0
[Test ROC-AUC]  -  SA: 0.00000,  LA: 0.96333
[Test AUPRC]  -  LA: 0.98814
[Test F1-max]  -  LA: 0.94309
Epoch: 16 | Loss: 0.0005622468888759613  | Negative Loss: 0.0
[Test ROC-AUC]  -  SA: 0.00000,  LA: 0.96500
[Test AUPRC]  -  LA: 0.98864
[Test F1-max]  -  LA: 0.94400
Epoch: 17 | Loss: 0.00035080843372270465  | Negative Loss: 0.0
[Test ROC-AUC]  -  SA: 0.00000,  LA: 0.96417
[Test AUPRC]  -  LA: 0.98835
[Test F1-max]  -  LA: 0.94400
Epoch: 18 | Loss: 0.00022553387680090964  | Negative Loss: 0.0
[Test ROC-AUC]  -  SA: 0.00000,  LA: 0.96333
[Test AUPRC]  -  LA: 0.98800
[Test F1-max]  -  LA: 0.94400
Epoch: 19 | Loss: 0.00014912639744579792  | Negative Loss: 0.0
[Test ROC-AUC]  -  SA: 0.00000,  LA: 0.96250
[Test AUPRC]  -  LA: 0.98770
[Test F1-max]  -  LA: 0.94400
Epoch: 20 | Loss: 0.00010084902169182897  | Negative Loss: 0.0
[Test ROC-AUC]  -  SA: 0.00000,  LA: 0.96333
[Test AUPRC]  -  LA: 0.98798
[Test F1-max]  -  LA: 0.94400
Epoch: 21 | Loss: 6.97364448569715e-05  | Negative Loss: 0.0
[Test ROC-AUC]  -  SA: 0.00000,  LA: 0.96250
[Test AUPRC]  -  LA: 0.98762
[Test F1-max]  -  LA: 0.94400
Epoch: 22 | Loss: 4.947134948452003e-05  | Negative Loss: 0.0
[Test ROC-AUC]  -  SA: 0.00000,  LA: 0.96083
[Test AUPRC]  -  LA: 0.98694
[Test F1-max]  -  LA: 0.94400
Epoch: 23 | Loss: 3.600093623390421e-05  | Negative Loss: 0.0
[Test ROC-AUC]  -  SA: 0.00000,  LA: 0.96250
[Test AUPRC]  -  LA: 0.98757
[Test F1-max]  -  LA: 0.94400
Epoch: 24 | Loss: 2.6225896363030188e-05  | Negative Loss: 0.0
[Test ROC-AUC]  -  SA: 0.00000,  LA: 0.95917
[Test AUPRC]  -  LA: 0.98628
[Test F1-max]  -  LA: 0.94400
Epoch: 25 | Loss: 1.9907865862478502e-05  | Negative Loss: 0.0
[Test ROC-AUC]  -  SA: 0.00000,  LA: 0.95833
[Test AUPRC]  -  LA: 0.98599
[Test F1-max]  -  LA: 0.94400
Epoch: 26 | Loss: 1.52587381307967e-05  | Negative Loss: 0.0
[Test ROC-AUC]  -  SA: 0.00000,  LA: 0.96000
[Test AUPRC]  -  LA: 0.98648
[Test F1-max]  -  LA: 0.95161
Epoch: 27 | Loss: 1.2040106412314344e-05  | Negative Loss: 0.0
[Test ROC-AUC]  -  SA: 0.00000,  LA: 0.95833
[Test AUPRC]  -  LA: 0.98586
[Test F1-max]  -  LA: 0.95161
Epoch: 28 | Loss: 9.41751386562828e-06  | Negative Loss: 0.0
[Test ROC-AUC]  -  SA: 0.00000,  LA: 0.95833
[Test AUPRC]  -  LA: 0.98586
[Test F1-max]  -  LA: 0.95161
Epoch: 29 | Loss: 7.510172054026043e-06  | Negative Loss: 0.0
[Test ROC-AUC]  -  SA: 0.00000,  LA: 0.95833
[Test AUPRC]  -  LA: 0.98586
[Test F1-max]  -  LA: 0.95161
Epoch: 30 | Loss: 6.079665126890177e-06  | Negative Loss: 0.0
[Test ROC-AUC]  -  SA: 0.00000,  LA: 0.95833
[Test AUPRC]  -  LA: 0.98586
[Test F1-max]  -  LA: 0.95161
Epoch: 31 | Loss: 5.125993084220681e-06  | Negative Loss: 0.0
[Test ROC-AUC]  -  SA: 0.00000,  LA: 0.95833
[Test AUPRC]  -  LA: 0.98586
[Test F1-max]  -  LA: 0.95161
Epoch: 32 | Loss: 4.410739165905397e-06  | Negative Loss: 0.0
[Test ROC-AUC]  -  SA: 0.00000,  LA: 0.95750
[Test AUPRC]  -  LA: 0.98549
[Test F1-max]  -  LA: 0.95161
Epoch: 33 | Loss: 3.5762755032919813e-06  | Negative Loss: 0.0
[Test ROC-AUC]  -  SA: 0.00000,  LA: 0.95667
[Test AUPRC]  -  LA: 0.98515
[Test F1-max]  -  LA: 0.95161
Epoch: 34 | Loss: 3.099439254583558e-06  | Negative Loss: 0.0
[Test ROC-AUC]  -  SA: 0.00000,  LA: 0.95667
[Test AUPRC]  -  LA: 0.98505
[Test F1-max]  -  LA: 0.95161
Epoch: 35 | Loss: 2.8610211302293465e-06  | Negative Loss: 0.0
[Test ROC-AUC]  -  SA: 0.00000,  LA: 0.95500
[Test AUPRC]  -  LA: 0.98449
[Test F1-max]  -  LA: 0.95161
Epoch: 36 | Loss: 2.3841844267735723e-06  | Negative Loss: 0.0
[Test ROC-AUC]  -  SA: 0.00000,  LA: 0.95500
[Test AUPRC]  -  LA: 0.98449
[Test F1-max]  -  LA: 0.95161
Epoch: 37 | Loss: 2.1457660750456853e-06  | Negative Loss: 0.0
[Test ROC-AUC]  -  SA: 0.00000,  LA: 0.95500
[Test AUPRC]  -  LA: 0.98457
[Test F1-max]  -  LA: 0.95161
Epoch: 38 | Loss: 2.0265570128685795e-06  | Negative Loss: 0.0
[Test ROC-AUC]  -  SA: 0.00000,  LA: 0.95500
[Test AUPRC]  -  LA: 0.98457
[Test F1-max]  -  LA: 0.95161
Epoch: 39 | Loss: 1.907347837004636e-06  | Negative Loss: 0.0
[Test ROC-AUC]  -  SA: 0.00000,  LA: 0.95500
[Test AUPRC]  -  LA: 0.98457
[Test F1-max]  -  LA: 0.95161
Epoch: 40 | Loss: 1.6689293715899112e-06  | Negative Loss: 0.0
[Test ROC-AUC]  -  SA: 0.00000,  LA: 0.95500
[Test AUPRC]  -  LA: 0.98457
[Test F1-max]  -  LA: 0.95161
Epoch: 41 | Loss: 1.4305110198620241e-06  | Negative Loss: 0.0
[Test ROC-AUC]  -  SA: 0.00000,  LA: 0.95500
[Test AUPRC]  -  LA: 0.98457
[Test F1-max]  -  LA: 0.95161
Epoch: 42 | Loss: 1.1920925544472993e-06  | Negative Loss: 0.0
[Test ROC-AUC]  -  SA: 0.00000,  LA: 0.95500
[Test AUPRC]  -  LA: 0.98457
[Test F1-max]  -  LA: 0.95161
Epoch: 43 | Loss: 1.0728833785833558e-06  | Negative Loss: 0.0
[Test ROC-AUC]  -  SA: 0.00000,  LA: 0.95500
[Test AUPRC]  -  LA: 0.98457
[Test F1-max]  -  LA: 0.95161
Epoch: 44 | Loss: 1.0728833785833558e-06  | Negative Loss: 0.0
[Test ROC-AUC]  -  SA: 0.00000,  LA: 0.95500
[Test AUPRC]  -  LA: 0.98457
[Test F1-max]  -  LA: 0.95161
Epoch: 45 | Loss: 1.0728833785833558e-06  | Negative Loss: 0.0
[Test ROC-AUC]  -  SA: 0.00000,  LA: 0.95583
[Test AUPRC]  -  LA: 0.98481
[Test F1-max]  -  LA: 0.95935
Epoch: 46 | Loss: 8.344648563252122e-07  | Negative Loss: 0.0
[Test ROC-AUC]  -  SA: 0.00000,  LA: 0.95583
[Test AUPRC]  -  LA: 0.98481
[Test F1-max]  -  LA: 0.95935
Epoch: 47 | Loss: 8.344648563252122e-07  | Negative Loss: 0.0
[Test ROC-AUC]  -  SA: 0.00000,  LA: 0.95583
[Test AUPRC]  -  LA: 0.98481
[Test F1-max]  -  LA: 0.95935
Epoch: 48 | Loss: 8.344648563252122e-07  | Negative Loss: 0.0
[Test ROC-AUC]  -  SA: 0.00000,  LA: 0.95583
[Test AUPRC]  -  LA: 0.98481
[Test F1-max]  -  LA: 0.95935
Epoch: 49 | Loss: 7.152556236178498e-07  | Negative Loss: 0.0
[Test ROC-AUC]  -  SA: 0.00000,  LA: 0.95583
[Test AUPRC]  -  LA: 0.98481
[Test F1-max]  -  LA: 0.95935
Epoch: 50 | Loss: 7.152556236178498e-07  | Negative Loss: 0.0
[Test ROC-AUC]  -  SA: 0.00000,  LA: 0.95500
[Test AUPRC]  -  LA: 0.98444
[Test F1-max]  -  LA: 0.95935
Epoch: 51 | Loss: 7.152556236178498e-07  | Negative Loss: 0.0
[Test ROC-AUC]  -  SA: 0.00000,  LA: 0.95500
[Test AUPRC]  -  LA: 0.98444
[Test F1-max]  -  LA: 0.95935
Epoch: 52 | Loss: 7.152556236178498e-07  | Negative Loss: 0.0
[Test ROC-AUC]  -  SA: 0.00000,  LA: 0.95500
[Test AUPRC]  -  LA: 0.98444
[Test F1-max]  -  LA: 0.95935
Epoch: 53 | Loss: 7.152556236178498e-07  | Negative Loss: 0.0
[Test ROC-AUC]  -  SA: 0.00000,  LA: 0.95500
[Test AUPRC]  -  LA: 0.98444
[Test F1-max]  -  LA: 0.95935
Epoch: 54 | Loss: 7.152556236178498e-07  | Negative Loss: 0.0
[Test ROC-AUC]  -  SA: 0.00000,  LA: 0.95500
[Test AUPRC]  -  LA: 0.98444
[Test F1-max]  -  LA: 0.95935
Epoch: 55 | Loss: 7.152556236178498e-07  | Negative Loss: 0.0
[Test ROC-AUC]  -  SA: 0.00000,  LA: 0.95500
[Test AUPRC]  -  LA: 0.98444
[Test F1-max]  -  LA: 0.95935
Epoch: 56 | Loss: 5.960463909104874e-07  | Negative Loss: 0.0
[Test ROC-AUC]  -  SA: 0.00000,  LA: 0.95500
[Test AUPRC]  -  LA: 0.98444
[Test F1-max]  -  LA: 0.95935
Epoch: 57 | Loss: 5.960463909104874e-07  | Negative Loss: 0.0
[Test ROC-AUC]  -  SA: 0.00000,  LA: 0.95500
[Test AUPRC]  -  LA: 0.98444
[Test F1-max]  -  LA: 0.95935
Epoch: 58 | Loss: 5.960463909104874e-07  | Negative Loss: 0.0
[Test ROC-AUC]  -  SA: 0.00000,  LA: 0.95500
[Test AUPRC]  -  LA: 0.98444
[Test F1-max]  -  LA: 0.95935
Epoch: 59 | Loss: 5.960463909104874e-07  | Negative Loss: 0.0
[Test ROC-AUC]  -  SA: 0.00000,  LA: 0.95500
[Test AUPRC]  -  LA: 0.98444
[Test F1-max]  -  LA: 0.95935
Epoch: 60 | Loss: 5.960463909104874e-07  | Negative Loss: 0.0
[Test ROC-AUC]  -  SA: 0.00000,  LA: 0.95500
[Test AUPRC]  -  LA: 0.98444
[Test F1-max]  -  LA: 0.95935
Epoch: 61 | Loss: 5.960463909104874e-07  | Negative Loss: 0.0
[Test ROC-AUC]  -  SA: 0.00000,  LA: 0.95500
[Test AUPRC]  -  LA: 0.98444
[Test F1-max]  -  LA: 0.95935
Epoch: 62 | Loss: 5.960463909104874e-07  | Negative Loss: 0.0
[Test ROC-AUC]  -  SA: 0.00000,  LA: 0.95500
[Test AUPRC]  -  LA: 0.98444
[Test F1-max]  -  LA: 0.95935
Epoch: 63 | Loss: 5.960463909104874e-07  | Negative Loss: 0.0
[Test ROC-AUC]  -  SA: 0.00000,  LA: 0.95500
[Test AUPRC]  -  LA: 0.98444
[Test F1-max]  -  LA: 0.95935
Epoch: 64 | Loss: 5.960463909104874e-07  | Negative Loss: 0.0
[Test ROC-AUC]  -  SA: 0.00000,  LA: 0.95500
[Test AUPRC]  -  LA: 0.98444
[Test F1-max]  -  LA: 0.95935
Epoch: 65 | Loss: 5.960463909104874e-07  | Negative Loss: 0.0
[Test ROC-AUC]  -  SA: 0.00000,  LA: 0.95500
[Test AUPRC]  -  LA: 0.98444
[Test F1-max]  -  LA: 0.95935
Epoch: 66 | Loss: 5.960463909104874e-07  | Negative Loss: 0.0
[Test ROC-AUC]  -  SA: 0.00000,  LA: 0.95500
[Test AUPRC]  -  LA: 0.98444
[Test F1-max]  -  LA: 0.95935
Epoch: 67 | Loss: 5.960463909104874e-07  | Negative Loss: 0.0
[Test ROC-AUC]  -  SA: 0.00000,  LA: 0.95500
[Test AUPRC]  -  LA: 0.98444
[Test F1-max]  -  LA: 0.95935
Epoch: 68 | Loss: 5.960463909104874e-07  | Negative Loss: 0.0
[Test ROC-AUC]  -  SA: 0.00000,  LA: 0.95500
[Test AUPRC]  -  LA: 0.98444
[Test F1-max]  -  LA: 0.95935
Epoch: 69 | Loss: 5.960463909104874e-07  | Negative Loss: 0.0
[Test ROC-AUC]  -  SA: 0.00000,  LA: 0.95500
[Test AUPRC]  -  LA: 0.98444
[Test F1-max]  -  LA: 0.95935
Epoch: 70 | Loss: 5.960463909104874e-07  | Negative Loss: 0.0
[Test ROC-AUC]  -  SA: 0.00000,  LA: 0.95500
[Test AUPRC]  -  LA: 0.98444
[Test F1-max]  -  LA: 0.95935
Epoch: 71 | Loss: 5.960463909104874e-07  | Negative Loss: 0.0
[Test ROC-AUC]  -  SA: 0.00000,  LA: 0.95500
[Test AUPRC]  -  LA: 0.98444
[Test F1-max]  -  LA: 0.95935
Epoch: 72 | Loss: 5.960463909104874e-07  | Negative Loss: 0.0
[Test ROC-AUC]  -  SA: 0.00000,  LA: 0.95500
[Test AUPRC]  -  LA: 0.98444
[Test F1-max]  -  LA: 0.95935
Epoch: 73 | Loss: 5.960463909104874e-07  | Negative Loss: 0.0
[Test ROC-AUC]  -  SA: 0.00000,  LA: 0.95500
[Test AUPRC]  -  LA: 0.98444
[Test F1-max]  -  LA: 0.95935
Epoch: 74 | Loss: 5.960463909104874e-07  | Negative Loss: 0.0
[Test ROC-AUC]  -  SA: 0.00000,  LA: 0.95500
[Test AUPRC]  -  LA: 0.98444
[Test F1-max]  -  LA: 0.95935
Epoch: 75 | Loss: 4.7683712978141557e-07  | Negative Loss: 0.0
[Test ROC-AUC]  -  SA: 0.00000,  LA: 0.95500
[Test AUPRC]  -  LA: 0.98444
[Test F1-max]  -  LA: 0.95935
Epoch: 76 | Loss: 4.7683712978141557e-07  | Negative Loss: 0.0
[Test ROC-AUC]  -  SA: 0.00000,  LA: 0.95500
[Test AUPRC]  -  LA: 0.98444
[Test F1-max]  -  LA: 0.95935
Epoch: 77 | Loss: 4.7683712978141557e-07  | Negative Loss: 0.0
[Test ROC-AUC]  -  SA: 0.00000,  LA: 0.95500
[Test AUPRC]  -  LA: 0.98444
[Test F1-max]  -  LA: 0.95935
Epoch: 78 | Loss: 4.7683712978141557e-07  | Negative Loss: 0.0
[Test ROC-AUC]  -  SA: 0.00000,  LA: 0.95500
[Test AUPRC]  -  LA: 0.98444
[Test F1-max]  -  LA: 0.95935
Epoch: 79 | Loss: 4.7683712978141557e-07  | Negative Loss: 0.0
[Test ROC-AUC]  -  SA: 0.00000,  LA: 0.95500
[Test AUPRC]  -  LA: 0.98444
[Test F1-max]  -  LA: 0.95935
Epoch: 80 | Loss: 4.7683712978141557e-07  | Negative Loss: 0.0
[Test ROC-AUC]  -  SA: 0.00000,  LA: 0.95500
[Test AUPRC]  -  LA: 0.98444
[Test F1-max]  -  LA: 0.95935
Epoch: 81 | Loss: 4.7683712978141557e-07  | Negative Loss: 0.0
[Test ROC-AUC]  -  SA: 0.00000,  LA: 0.95500
[Test AUPRC]  -  LA: 0.98444
[Test F1-max]  -  LA: 0.95935
Epoch: 82 | Loss: 4.7683712978141557e-07  | Negative Loss: 0.0
[Test ROC-AUC]  -  SA: 0.00000,  LA: 0.95500
[Test AUPRC]  -  LA: 0.98444
[Test F1-max]  -  LA: 0.95935
Epoch: 83 | Loss: 4.7683712978141557e-07  | Negative Loss: 0.0
[Test ROC-AUC]  -  SA: 0.00000,  LA: 0.95500
[Test AUPRC]  -  LA: 0.98444
[Test F1-max]  -  LA: 0.95935
Epoch: 84 | Loss: 4.7683712978141557e-07  | Negative Loss: 0.0
[Test ROC-AUC]  -  SA: 0.00000,  LA: 0.95500
[Test AUPRC]  -  LA: 0.98444
[Test F1-max]  -  LA: 0.95935
Epoch: 85 | Loss: 4.7683712978141557e-07  | Negative Loss: 0.0
[Test ROC-AUC]  -  SA: 0.00000,  LA: 0.95500
[Test AUPRC]  -  LA: 0.98444
[Test F1-max]  -  LA: 0.95935
Epoch: 86 | Loss: 4.7683712978141557e-07  | Negative Loss: 0.0
[Test ROC-AUC]  -  SA: 0.00000,  LA: 0.95500
[Test AUPRC]  -  LA: 0.98444
[Test F1-max]  -  LA: 0.95935
Epoch: 87 | Loss: 4.7683712978141557e-07  | Negative Loss: 0.0
[Test ROC-AUC]  -  SA: 0.00000,  LA: 0.95500
[Test AUPRC]  -  LA: 0.98444
[Test F1-max]  -  LA: 0.95935
Epoch: 88 | Loss: 4.7683712978141557e-07  | Negative Loss: 0.0
[Test ROC-AUC]  -  SA: 0.00000,  LA: 0.95500
[Test AUPRC]  -  LA: 0.98444
[Test F1-max]  -  LA: 0.95935
Epoch: 89 | Loss: 4.7683712978141557e-07  | Negative Loss: 0.0
[Test ROC-AUC]  -  SA: 0.00000,  LA: 0.95583
[Test AUPRC]  -  LA: 0.98464
[Test F1-max]  -  LA: 0.95935
Epoch: 90 | Loss: 4.7683712978141557e-07  | Negative Loss: 0.0
[Test ROC-AUC]  -  SA: 0.00000,  LA: 0.95583
[Test AUPRC]  -  LA: 0.98464
[Test F1-max]  -  LA: 0.95935
Epoch: 91 | Loss: 4.7683712978141557e-07  | Negative Loss: 0.0
[Test ROC-AUC]  -  SA: 0.00000,  LA: 0.95583
[Test AUPRC]  -  LA: 0.98464
[Test F1-max]  -  LA: 0.95935
Epoch: 92 | Loss: 4.7683712978141557e-07  | Negative Loss: 0.0
[Test ROC-AUC]  -  SA: 0.00000,  LA: 0.95583
[Test AUPRC]  -  LA: 0.98464
[Test F1-max]  -  LA: 0.95935
Epoch: 93 | Loss: 4.7683712978141557e-07  | Negative Loss: 0.0
[Test ROC-AUC]  -  SA: 0.00000,  LA: 0.95583
[Test AUPRC]  -  LA: 0.98464
[Test F1-max]  -  LA: 0.95935
Epoch: 94 | Loss: 4.7683712978141557e-07  | Negative Loss: 0.0
[Test ROC-AUC]  -  SA: 0.00000,  LA: 0.95583
[Test AUPRC]  -  LA: 0.98464
[Test F1-max]  -  LA: 0.95935
Epoch: 95 | Loss: 4.7683712978141557e-07  | Negative Loss: 0.0
[Test ROC-AUC]  -  SA: 0.00000,  LA: 0.95583
[Test AUPRC]  -  LA: 0.98464
[Test F1-max]  -  LA: 0.95935
Epoch: 96 | Loss: 4.7683712978141557e-07  | Negative Loss: 0.0
[Test ROC-AUC]  -  SA: 0.00000,  LA: 0.95583
[Test AUPRC]  -  LA: 0.98464
[Test F1-max]  -  LA: 0.95935
Epoch: 97 | Loss: 4.7683712978141557e-07  | Negative Loss: 0.0
[Test ROC-AUC]  -  SA: 0.00000,  LA: 0.95583
[Test AUPRC]  -  LA: 0.98464
[Test F1-max]  -  LA: 0.95935
Epoch: 98 | Loss: 4.7683712978141557e-07  | Negative Loss: 0.0
[Test ROC-AUC]  -  SA: 0.00000,  LA: 0.95583
[Test AUPRC]  -  LA: 0.98464
[Test F1-max]  -  LA: 0.95935
Epoch: 99 | Loss: 4.7683712978141557e-07  | Negative Loss: 0.0
Time consumption: 79.24627709388733
Best LA AUC: 0.965
Best LA AUPC: 0.9886442450485187
Best LA F1-max: 0.9593495934959351
[Result] Experiment result appended to ./results/train_hybrid_result.csv

[END] 2026-03-29 11:19:19
[RETURN CODE] 0
