[START] 2026-03-29 11:50:19
[GPU] 3
[TASK] 95/150
[NAME] pcb2_promptad
[REPEAT] 5/5
[COMMAND] python train_hybrid.py --data_name pcb2 --mask True --text True --double_encoder True --few_shot True --shot 1 --hybrid_model promptad --hybrid_weight 0.3 --hybrid_batch_size 16 --epoch 100 --log True --lr 5e-4 --detection True --preprocess True

/home/seungeon/miniconda3/envs/LAB/lib/python3.10/site-packages/timm/models/layers/__init__.py:48: FutureWarning: Importing from timm.models.layers is deprecated, please import via timm.layers
  warnings.warn(f"Importing from {__name__} is deprecated, please import via timm.layers", FutureWarning)
/home/seungeon/Workspace/side/vlm/train_hybrid.py:18: DeprecationWarning: The distutils package is deprecated and slated for removal in Python 3.12. Use setuptools or check PEP 632 for potential alternatives
  from distutils.util import strtobool
Torch version: 2.9.1+cu128
cuda is loaded for process
here?
In my local computer
Namespace(epoch=100, gpu_number='0', data_name='pcb2', lr=0.0005, batch_size=6, shuffle=True, seed=0, tag='default', model_name='ViT-B-32', pretrained_name='laion2b_s34b_b79k', lora=1, default=False, foundation='CLIP', detection=1, preprocess=1, num_rule=0, object_names=['a photo of PCB'], objects_for_rules=[['a photo of PCB'], ['a photo of PCB'], ['a photo of PCB'], ['a photo of PCB']], texts_for_rules=[['a photo of PCB'], ['a photo of PCB'], ['a photo of PCB'], ['a photo of PCB']], mask=1, text=1, score='mean', ciriculam_learning=False, few_shot=1, shot=1, log=1, neg_loss=0, double_encoder=1, pretrained_count_path=None, ris=0, rule_select='', rule_list=[], num_negative=5, hybrid_model='promptad', hybrid_weight=0.3, hybrid_class_name='', hybrid_batch_size=16, hybrid_backbone='ViT-B-16-plus-240', hybrid_pretrained_dataset='laion400m_e32', hybrid_scales=[2, 3], hybrid_img_resize=240, hybrid_img_cropsize=240, hybrid_resolution=400, hybrid_promptad_epoch=100, hybrid_promptad_lr=0.002, hybrid_promptad_momentum=0.9, hybrid_promptad_weight_decay=0.0005, hybrid_promptad_eta_min=1e-05, hybrid_promptad_lambda1=0.001, hybrid_promptad_n_ctx=4, hybrid_promptad_n_pro=3, hybrid_promptad_n_ctx_ab=1, hybrid_promptad_n_pro_ab=4, early_stop_k=10, result_log_path='./results/train_hybrid_result.csv')
[Hybrid] method=promptad, class_name=pcb2, train=1, eval=200, base_path=/data3/seungeon/data/image/visa/pcb2
[Hybrid-only] LA_AUC=0.56215, LA_AUPRC=0.57725, LA_F1=0.67568
[Data Description]
- Train: 1
- Test: 200

Train Start
[Test ROC-AUC]  -  SA: 0.00000,  LA: 0.53440
[Test AUPRC]  -  LA: 0.52755
[Test F1-max]  -  LA: 0.67577
Epoch: 0 | Loss: 14.488965034484863  | Negative Loss: 0.0
[Test ROC-AUC]  -  SA: 0.00000,  LA: 0.53780
[Test AUPRC]  -  LA: 0.53053
[Test F1-max]  -  LA: 0.67820
Epoch: 1 | Loss: 14.283588409423828  | Negative Loss: 0.0
[Test ROC-AUC]  -  SA: 0.00000,  LA: 0.55360
[Test AUPRC]  -  LA: 0.55227
[Test F1-max]  -  LA: 0.68512
Epoch: 2 | Loss: 11.556143760681152  | Negative Loss: 0.0
[Test ROC-AUC]  -  SA: 0.00000,  LA: 0.56200
[Test AUPRC]  -  LA: 0.55786
[Test F1-max]  -  LA: 0.68259
Epoch: 3 | Loss: 7.532578468322754  | Negative Loss: 0.0
[Test ROC-AUC]  -  SA: 0.00000,  LA: 0.55970
[Test AUPRC]  -  LA: 0.57170
[Test F1-max]  -  LA: 0.68493
Epoch: 4 | Loss: 3.847611427307129  | Negative Loss: 0.0
[Test ROC-AUC]  -  SA: 0.00000,  LA: 0.55650
[Test AUPRC]  -  LA: 0.57760
[Test F1-max]  -  LA: 0.68493
Epoch: 5 | Loss: 1.5799615383148193  | Negative Loss: 0.0
[Test ROC-AUC]  -  SA: 0.00000,  LA: 0.55470
[Test AUPRC]  -  LA: 0.58069
[Test F1-max]  -  LA: 0.68729
Epoch: 6 | Loss: 0.5270870923995972  | Negative Loss: 0.0
[Test ROC-AUC]  -  SA: 0.00000,  LA: 0.55290
[Test AUPRC]  -  LA: 0.58363
[Test F1-max]  -  LA: 0.68493
Epoch: 7 | Loss: 0.1569281369447708  | Negative Loss: 0.0
[Test ROC-AUC]  -  SA: 0.00000,  LA: 0.54890
[Test AUPRC]  -  LA: 0.58053
[Test F1-max]  -  LA: 0.68493
Epoch: 8 | Loss: 0.046997129917144775  | Negative Loss: 0.0
[Test ROC-AUC]  -  SA: 0.00000,  LA: 0.54980
[Test AUPRC]  -  LA: 0.57967
[Test F1-max]  -  LA: 0.68493
Epoch: 9 | Loss: 0.015269399620592594  | Negative Loss: 0.0
[Test ROC-AUC]  -  SA: 0.00000,  LA: 0.55140
[Test AUPRC]  -  LA: 0.57850
[Test F1-max]  -  LA: 0.68493
Epoch: 10 | Loss: 0.0055596972815692425  | Negative Loss: 0.0
[Test ROC-AUC]  -  SA: 0.00000,  LA: 0.55320
[Test AUPRC]  -  LA: 0.57917
[Test F1-max]  -  LA: 0.68493
Epoch: 11 | Loss: 0.0022299420088529587  | Negative Loss: 0.0
[Test ROC-AUC]  -  SA: 0.00000,  LA: 0.55490
[Test AUPRC]  -  LA: 0.58050
[Test F1-max]  -  LA: 0.68493
Epoch: 12 | Loss: 0.0009765835711732507  | Negative Loss: 0.0
[Test ROC-AUC]  -  SA: 0.00000,  LA: 0.55910
[Test AUPRC]  -  LA: 0.58571
[Test F1-max]  -  LA: 0.68493
Epoch: 13 | Loss: 0.00045795371988788247  | Negative Loss: 0.0
[Test ROC-AUC]  -  SA: 0.00000,  LA: 0.56180
[Test AUPRC]  -  LA: 0.58278
[Test F1-max]  -  LA: 0.68493
Epoch: 14 | Loss: 0.00022934580920264125  | Negative Loss: 0.0
[Test ROC-AUC]  -  SA: 0.00000,  LA: 0.56300
[Test AUPRC]  -  LA: 0.58364
[Test F1-max]  -  LA: 0.68259
Epoch: 15 | Loss: 0.00012182794307591394  | Negative Loss: 0.0
[Test ROC-AUC]  -  SA: 0.00000,  LA: 0.56740
[Test AUPRC]  -  LA: 0.58694
[Test F1-max]  -  LA: 0.68041
Epoch: 16 | Loss: 6.806716555729508e-05  | Negative Loss: 0.0
[Test ROC-AUC]  -  SA: 0.00000,  LA: 0.56795
[Test AUPRC]  -  LA: 0.58596
[Test F1-max]  -  LA: 0.68041
Epoch: 17 | Loss: 3.957698936574161e-05  | Negative Loss: 0.0
[Test ROC-AUC]  -  SA: 0.00000,  LA: 0.56990
[Test AUPRC]  -  LA: 0.58956
[Test F1-max]  -  LA: 0.68027
Epoch: 18 | Loss: 2.4199287508963607e-05  | Negative Loss: 0.0
[Test ROC-AUC]  -  SA: 0.00000,  LA: 0.57150
[Test AUPRC]  -  LA: 0.59169
[Test F1-max]  -  LA: 0.68027
Epoch: 19 | Loss: 1.502028953836998e-05  | Negative Loss: 0.0
[Test ROC-AUC]  -  SA: 0.00000,  LA: 0.57380
[Test AUPRC]  -  LA: 0.59427
[Test F1-max]  -  LA: 0.68027
Epoch: 20 | Loss: 9.655916983319912e-06  | Negative Loss: 0.0
[Test ROC-AUC]  -  SA: 0.00000,  LA: 0.57535
[Test AUPRC]  -  LA: 0.59471
[Test F1-max]  -  LA: 0.68027
Epoch: 21 | Loss: 6.437285264837556e-06  | Negative Loss: 0.0
[Test ROC-AUC]  -  SA: 0.00000,  LA: 0.57620
[Test AUPRC]  -  LA: 0.59400
[Test F1-max]  -  LA: 0.68027
Epoch: 22 | Loss: 4.410735982673941e-06  | Negative Loss: 0.0
[Test ROC-AUC]  -  SA: 0.00000,  LA: 0.57560
[Test AUPRC]  -  LA: 0.59435
[Test F1-max]  -  LA: 0.68027
Epoch: 23 | Loss: 2.9802283734170487e-06  | Negative Loss: 0.0
[Test ROC-AUC]  -  SA: 0.00000,  LA: 0.57770
[Test AUPRC]  -  LA: 0.59589
[Test F1-max]  -  LA: 0.68027
Epoch: 24 | Loss: 2.1457651655509835e-06  | Negative Loss: 0.0
[Test ROC-AUC]  -  SA: 0.00000,  LA: 0.57985
[Test AUPRC]  -  LA: 0.59988
[Test F1-max]  -  LA: 0.68027
Epoch: 25 | Loss: 1.5497197409786168e-06  | Negative Loss: 0.0
[Test ROC-AUC]  -  SA: 0.00000,  LA: 0.58010
[Test AUPRC]  -  LA: 0.59922
[Test F1-max]  -  LA: 0.68027
Epoch: 26 | Loss: 1.0728830375228426e-06  | Negative Loss: 0.0
[Test ROC-AUC]  -  SA: 0.00000,  LA: 0.57900
[Test AUPRC]  -  LA: 0.59962
[Test F1-max]  -  LA: 0.68027
Epoch: 27 | Loss: 8.344646857949556e-07  | Negative Loss: 0.0
[Test ROC-AUC]  -  SA: 0.00000,  LA: 0.57930
[Test AUPRC]  -  LA: 0.59946
[Test F1-max]  -  LA: 0.68027
Epoch: 28 | Loss: 5.960462772236497e-07  | Negative Loss: 0.0
[Test ROC-AUC]  -  SA: 0.00000,  LA: 0.57790
[Test AUPRC]  -  LA: 0.60010
[Test F1-max]  -  LA: 0.67797
Epoch: 29 | Loss: 4.768370445162873e-07  | Negative Loss: 0.0
[Test ROC-AUC]  -  SA: 0.00000,  LA: 0.57840
[Test AUPRC]  -  LA: 0.59951
[Test F1-max]  -  LA: 0.67797
Epoch: 30 | Loss: 3.576278118089249e-07  | Negative Loss: 0.0
[Test ROC-AUC]  -  SA: 0.00000,  LA: 0.57930
[Test AUPRC]  -  LA: 0.59908
[Test F1-max]  -  LA: 0.67797
Epoch: 31 | Loss: 3.576278118089249e-07  | Negative Loss: 0.0
[Test ROC-AUC]  -  SA: 0.00000,  LA: 0.58080
[Test AUPRC]  -  LA: 0.59946
[Test F1-max]  -  LA: 0.67797
Epoch: 32 | Loss: 2.3841855067985307e-07  | Negative Loss: 0.0
[Test ROC-AUC]  -  SA: 0.00000,  LA: 0.58040
[Test AUPRC]  -  LA: 0.59945
[Test F1-max]  -  LA: 0.67568
Epoch: 33 | Loss: 2.3841855067985307e-07  | Negative Loss: 0.0
[Test ROC-AUC]  -  SA: 0.00000,  LA: 0.58010
[Test AUPRC]  -  LA: 0.59818
[Test F1-max]  -  LA: 0.67568
Epoch: 34 | Loss: 2.3841855067985307e-07  | Negative Loss: 0.0
[Test ROC-AUC]  -  SA: 0.00000,  LA: 0.57880
[Test AUPRC]  -  LA: 0.59824
[Test F1-max]  -  LA: 0.67568
Epoch: 35 | Loss: 1.1920928244535389e-07  | Negative Loss: 0.0
[Test ROC-AUC]  -  SA: 0.00000,  LA: 0.57960
[Test AUPRC]  -  LA: 0.60052
[Test F1-max]  -  LA: 0.67568
Epoch: 36 | Loss: 1.1920928244535389e-07  | Negative Loss: 0.0
[Test ROC-AUC]  -  SA: 0.00000,  LA: 0.57945
[Test AUPRC]  -  LA: 0.59937
[Test F1-max]  -  LA: 0.67568
Epoch: 37 | Loss: 1.1920928244535389e-07  | Negative Loss: 0.0
[Test ROC-AUC]  -  SA: 0.00000,  LA: 0.57940
[Test AUPRC]  -  LA: 0.59840
[Test F1-max]  -  LA: 0.67568
Epoch: 38 | Loss: 1.1920928244535389e-07  | Negative Loss: 0.0
[Test ROC-AUC]  -  SA: 0.00000,  LA: 0.57950
[Test AUPRC]  -  LA: 0.59807
[Test F1-max]  -  LA: 0.67568
Epoch: 39 | Loss: 1.1920928244535389e-07  | Negative Loss: 0.0
[Test ROC-AUC]  -  SA: 0.00000,  LA: 0.57920
[Test AUPRC]  -  LA: 0.59779
[Test F1-max]  -  LA: 0.67568
Epoch: 40 | Loss: 1.1920928244535389e-07  | Negative Loss: 0.0
[Test ROC-AUC]  -  SA: 0.00000,  LA: 0.57920
[Test AUPRC]  -  LA: 0.59766
[Test F1-max]  -  LA: 0.67568
Epoch: 41 | Loss: 1.1920928244535389e-07  | Negative Loss: 0.0
[Test ROC-AUC]  -  SA: 0.00000,  LA: 0.57915
[Test AUPRC]  -  LA: 0.59747
[Test F1-max]  -  LA: 0.67568
Epoch: 42 | Loss: 1.1920928244535389e-07  | Negative Loss: 0.0
[Test ROC-AUC]  -  SA: 0.00000,  LA: 0.57830
[Test AUPRC]  -  LA: 0.59679
[Test F1-max]  -  LA: 0.67568
Epoch: 43 | Loss: 1.1920928244535389e-07  | Negative Loss: 0.0
[Test ROC-AUC]  -  SA: 0.00000,  LA: 0.57790
[Test AUPRC]  -  LA: 0.59650
[Test F1-max]  -  LA: 0.67568
Epoch: 44 | Loss: 1.1920928244535389e-07  | Negative Loss: 0.0
[Test ROC-AUC]  -  SA: 0.00000,  LA: 0.57690
[Test AUPRC]  -  LA: 0.59500
[Test F1-max]  -  LA: 0.67568
Epoch: 45 | Loss: 1.1920928244535389e-07  | Negative Loss: 0.0
[Test ROC-AUC]  -  SA: 0.00000,  LA: 0.57670
[Test AUPRC]  -  LA: 0.59478
[Test F1-max]  -  LA: 0.67568
Epoch: 46 | Loss: 0.0  | Negative Loss: 0.0
Time consumption: 60.52711749076843
Best LA AUC: 0.5808000000000001
Best LA AUPC: 0.6005245184269228
Best LA F1-max: 0.6872852233676976
[Result] Experiment result appended to ./results/train_hybrid_result.csv

[END] 2026-03-29 11:52:54
[RETURN CODE] 0
