[START] 2026-03-29 11:59:13
[GPU] 3
[TASK] 105/150
[NAME] pcb2_promptad
[REPEAT] 5/5
[COMMAND] python train_hybrid.py --data_name pcb2 --mask True --text True --double_encoder True --few_shot True --shot 5 --hybrid_model promptad --hybrid_weight 0.3 --hybrid_batch_size 16 --epoch 100 --log True --lr 5e-4 --detection True --preprocess True

/home/seungeon/miniconda3/envs/LAB/lib/python3.10/site-packages/timm/models/layers/__init__.py:48: FutureWarning: Importing from timm.models.layers is deprecated, please import via timm.layers
  warnings.warn(f"Importing from {__name__} is deprecated, please import via timm.layers", FutureWarning)
/home/seungeon/Workspace/side/vlm/train_hybrid.py:18: DeprecationWarning: The distutils package is deprecated and slated for removal in Python 3.12. Use setuptools or check PEP 632 for potential alternatives
  from distutils.util import strtobool
Torch version: 2.9.1+cu128
cuda is loaded for process
here?
In my local computer
Namespace(epoch=100, gpu_number='0', data_name='pcb2', lr=0.0005, batch_size=6, shuffle=True, seed=0, tag='default', model_name='ViT-B-32', pretrained_name='laion2b_s34b_b79k', lora=1, default=False, foundation='CLIP', detection=1, preprocess=1, num_rule=0, object_names=['a photo of PCB'], objects_for_rules=[['a photo of PCB'], ['a photo of PCB'], ['a photo of PCB'], ['a photo of PCB']], texts_for_rules=[['a photo of PCB'], ['a photo of PCB'], ['a photo of PCB'], ['a photo of PCB']], mask=1, text=1, score='mean', ciriculam_learning=False, few_shot=1, shot=5, log=1, neg_loss=0, double_encoder=1, pretrained_count_path=None, ris=0, rule_select='', rule_list=[], num_negative=5, hybrid_model='promptad', hybrid_weight=0.3, hybrid_class_name='', hybrid_batch_size=16, hybrid_backbone='ViT-B-16-plus-240', hybrid_pretrained_dataset='laion400m_e32', hybrid_scales=[2, 3], hybrid_img_resize=240, hybrid_img_cropsize=240, hybrid_resolution=400, hybrid_promptad_epoch=100, hybrid_promptad_lr=0.002, hybrid_promptad_momentum=0.9, hybrid_promptad_weight_decay=0.0005, hybrid_promptad_eta_min=1e-05, hybrid_promptad_lambda1=0.001, hybrid_promptad_n_ctx=4, hybrid_promptad_n_pro=3, hybrid_promptad_n_ctx_ab=1, hybrid_promptad_n_pro_ab=4, early_stop_k=10, result_log_path='./results/train_hybrid_result.csv')
[Hybrid] method=promptad, class_name=pcb2, train=5, eval=200, base_path=/data3/seungeon/data/image/visa/pcb2
[Hybrid-only] LA_AUC=0.59350, LA_AUPRC=0.56391, LA_F1=0.70588
[Data Description]
- Train: 5
- Test: 200

Train Start
[Test ROC-AUC]  -  SA: 0.00000,  LA: 0.65600
[Test AUPRC]  -  LA: 0.64345
[Test F1-max]  -  LA: 0.70312
Epoch: 0 | Loss: 25.343109130859375  | Negative Loss: 0.0
[Test ROC-AUC]  -  SA: 0.00000,  LA: 0.65770
[Test AUPRC]  -  LA: 0.64593
[Test F1-max]  -  LA: 0.70039
Epoch: 1 | Loss: 25.08245849609375  | Negative Loss: 0.0
[Test ROC-AUC]  -  SA: 0.00000,  LA: 0.69090
[Test AUPRC]  -  LA: 0.67973
[Test F1-max]  -  LA: 0.71146
Epoch: 2 | Loss: 22.698200225830078  | Negative Loss: 0.0
[Test ROC-AUC]  -  SA: 0.00000,  LA: 0.72370
[Test AUPRC]  -  LA: 0.71340
[Test F1-max]  -  LA: 0.72000
Epoch: 3 | Loss: 18.422157287597656  | Negative Loss: 0.0
[Test ROC-AUC]  -  SA: 0.00000,  LA: 0.74210
[Test AUPRC]  -  LA: 0.72934
[Test F1-max]  -  LA: 0.72180
Epoch: 4 | Loss: 12.6171293258667  | Negative Loss: 0.0
[Test ROC-AUC]  -  SA: 0.00000,  LA: 0.73850
[Test AUPRC]  -  LA: 0.71897
[Test F1-max]  -  LA: 0.72222
Epoch: 5 | Loss: 6.32126522064209  | Negative Loss: 0.0
[Test ROC-AUC]  -  SA: 0.00000,  LA: 0.74120
[Test AUPRC]  -  LA: 0.72906
[Test F1-max]  -  LA: 0.72727
Epoch: 6 | Loss: 1.9658974409103394  | Negative Loss: 0.0
[Test ROC-AUC]  -  SA: 0.00000,  LA: 0.73130
[Test AUPRC]  -  LA: 0.74283
[Test F1-max]  -  LA: 0.71493
Epoch: 7 | Loss: 0.4367883801460266  | Negative Loss: 0.0
[Test ROC-AUC]  -  SA: 0.00000,  LA: 0.73230
[Test AUPRC]  -  LA: 0.74626
[Test F1-max]  -  LA: 0.71366
Epoch: 8 | Loss: 0.09270976483821869  | Negative Loss: 0.0
[Test ROC-AUC]  -  SA: 0.00000,  LA: 0.73860
[Test AUPRC]  -  LA: 0.75233
[Test F1-max]  -  LA: 0.72000
Epoch: 9 | Loss: 0.021459829062223434  | Negative Loss: 0.0
[Test ROC-AUC]  -  SA: 0.00000,  LA: 0.74760
[Test AUPRC]  -  LA: 0.76061
[Test F1-max]  -  LA: 0.71698
Epoch: 10 | Loss: 0.005519750528037548  | Negative Loss: 0.0
[Test ROC-AUC]  -  SA: 0.00000,  LA: 0.75910
[Test AUPRC]  -  LA: 0.76587
[Test F1-max]  -  LA: 0.71818
Epoch: 11 | Loss: 0.0015732224564999342  | Negative Loss: 0.0
[Test ROC-AUC]  -  SA: 0.00000,  LA: 0.76300
[Test AUPRC]  -  LA: 0.76863
[Test F1-max]  -  LA: 0.71730
Epoch: 12 | Loss: 0.0004893455188721418  | Negative Loss: 0.0
[Test ROC-AUC]  -  SA: 0.00000,  LA: 0.76620
[Test AUPRC]  -  LA: 0.76345
[Test F1-max]  -  LA: 0.72038
Epoch: 13 | Loss: 0.00016299991693813354  | Negative Loss: 0.0
[Test ROC-AUC]  -  SA: 0.00000,  LA: 0.76375
[Test AUPRC]  -  LA: 0.75925
[Test F1-max]  -  LA: 0.72874
Epoch: 14 | Loss: 5.719569162465632e-05  | Negative Loss: 0.0
[Test ROC-AUC]  -  SA: 0.00000,  LA: 0.75615
[Test AUPRC]  -  LA: 0.76060
[Test F1-max]  -  LA: 0.72510
Epoch: 15 | Loss: 2.1195273802732117e-05  | Negative Loss: 0.0
[Test ROC-AUC]  -  SA: 0.00000,  LA: 0.74575
[Test AUPRC]  -  LA: 0.74451
[Test F1-max]  -  LA: 0.73191
Epoch: 16 | Loss: 8.201576747524086e-06  | Negative Loss: 0.0
[Test ROC-AUC]  -  SA: 0.00000,  LA: 0.73520
[Test AUPRC]  -  LA: 0.73509
[Test F1-max]  -  LA: 0.73191
Epoch: 17 | Loss: 3.3140145205834415e-06  | Negative Loss: 0.0
[Test ROC-AUC]  -  SA: 0.00000,  LA: 0.71925
[Test AUPRC]  -  LA: 0.71322
[Test F1-max]  -  LA: 0.72222
Epoch: 18 | Loss: 1.3589850595963071e-06  | Negative Loss: 0.0
[Test ROC-AUC]  -  SA: 0.00000,  LA: 0.70555
[Test AUPRC]  -  LA: 0.69956
[Test F1-max]  -  LA: 0.71545
Epoch: 19 | Loss: 5.483625500346534e-07  | Negative Loss: 0.0
[Test ROC-AUC]  -  SA: 0.00000,  LA: 0.69555
[Test AUPRC]  -  LA: 0.68633
[Test F1-max]  -  LA: 0.71756
Epoch: 20 | Loss: 2.622603858526418e-07  | Negative Loss: 0.0
[Test ROC-AUC]  -  SA: 0.00000,  LA: 0.68240
[Test AUPRC]  -  LA: 0.67002
[Test F1-max]  -  LA: 0.71970
Epoch: 21 | Loss: 1.4305113893442467e-07  | Negative Loss: 0.0
[Test ROC-AUC]  -  SA: 0.00000,  LA: 0.67260
[Test AUPRC]  -  LA: 0.65962
[Test F1-max]  -  LA: 0.71970
Epoch: 22 | Loss: 7.152556946721234e-08  | Negative Loss: 0.0
[Test ROC-AUC]  -  SA: 0.00000,  LA: 0.66560
[Test AUPRC]  -  LA: 0.65249
[Test F1-max]  -  LA: 0.71910
[Early Stopping] LA AUROC dropped for 10 consecutive epochs. Stop at epoch 24/100.
Time consumption: 30.45490288734436
Best LA AUC: 0.7662
Best LA AUPC: 0.7686266890513049
Best LA F1-max: 0.7319148936170213
[Result] Experiment result appended to ./results/train_hybrid_result.csv

[END] 2026-03-29 12:01:47
[RETURN CODE] 0
