[START] 2026-03-29 11:12:38
[GPU] 3
[TASK] 47/150
[NAME] capsule_winclip
[REPEAT] 2/5
[COMMAND] python train_hybrid.py --data_name capsule --mask True --text True --double_encoder True --few_shot True --shot 5 --hybrid_model winclip --hybrid_weight 0.3 --hybrid_batch_size 16 --epoch 100 --log True --lr 5e-4 --detection True --preprocess True

/home/seungeon/miniconda3/envs/LAB/lib/python3.10/site-packages/timm/models/layers/__init__.py:48: FutureWarning: Importing from timm.models.layers is deprecated, please import via timm.layers
  warnings.warn(f"Importing from {__name__} is deprecated, please import via timm.layers", FutureWarning)
/home/seungeon/Workspace/side/vlm/train_hybrid.py:18: DeprecationWarning: The distutils package is deprecated and slated for removal in Python 3.12. Use setuptools or check PEP 632 for potential alternatives
  from distutils.util import strtobool
Torch version: 2.9.1+cu128
cuda is loaded for process
here?
In my local computer
Namespace(epoch=100, gpu_number='0', data_name='capsule', lr=0.0005, batch_size=6, shuffle=True, seed=0, tag='default', model_name='ViT-B-32', pretrained_name='laion2b_s34b_b79k', lora=1, default=False, foundation='CLIP', detection=1, preprocess=1, num_rule=0, object_names=['a photo of capsule'], objects_for_rules=[['a photo of capsule'], ['a photo of capsule'], ['a photo of capsule'], ['a photo of capsule'], ['a photo of capsule']], texts_for_rules=[['a photo of capsule'], ['a photo of capsule'], ['a photo of capsule'], ['a photo of capsule'], ['a photo of capsule']], mask=1, text=1, score='mean', ciriculam_learning=False, few_shot=1, shot=5, log=1, neg_loss=0, double_encoder=1, pretrained_count_path=None, ris=0, rule_select='', rule_list=[], num_negative=5, hybrid_model='winclip', hybrid_weight=0.3, hybrid_class_name='', hybrid_batch_size=16, hybrid_backbone='ViT-B-16-plus-240', hybrid_pretrained_dataset='laion400m_e32', hybrid_scales=[2, 3], hybrid_img_resize=240, hybrid_img_cropsize=240, hybrid_resolution=400, hybrid_promptad_epoch=100, hybrid_promptad_lr=0.002, hybrid_promptad_momentum=0.9, hybrid_promptad_weight_decay=0.0005, hybrid_promptad_eta_min=1e-05, hybrid_promptad_lambda1=0.001, hybrid_promptad_n_ctx=4, hybrid_promptad_n_pro=3, hybrid_promptad_n_ctx_ab=1, hybrid_promptad_n_pro_ab=4, early_stop_k=10, result_log_path='./results/train_hybrid_result.csv')
[Hybrid] method=winclip, class_name=capsule, train=5, eval=45, base_path=/data3/seungeon/data/image/mvtec_ad/capsule
grid 240 16 (15, 15)
[Hybrid-only] LA_AUC=0.68972, LA_AUPRC=0.74296, LA_F1=0.71875
[Data Description]
- Train: 5
- Test: 45

Train Start
[Test ROC-AUC]  -  SA: 0.00000,  LA: 0.68577
[Test AUPRC]  -  LA: 0.75624
[Test F1-max]  -  LA: 0.71875
Epoch: 0 | Loss: 27.210636138916016  | Negative Loss: 0.0
[Test ROC-AUC]  -  SA: 0.00000,  LA: 0.68775
[Test AUPRC]  -  LA: 0.75685
[Test F1-max]  -  LA: 0.71875
Epoch: 1 | Loss: 26.947731018066406  | Negative Loss: 0.0
[Test ROC-AUC]  -  SA: 0.00000,  LA: 0.70356
[Test AUPRC]  -  LA: 0.78226
[Test F1-max]  -  LA: 0.71875
Epoch: 2 | Loss: 24.172664642333984  | Negative Loss: 0.0
[Test ROC-AUC]  -  SA: 0.00000,  LA: 0.71344
[Test AUPRC]  -  LA: 0.80212
[Test F1-max]  -  LA: 0.71875
Epoch: 3 | Loss: 18.98769187927246  | Negative Loss: 0.0
[Test ROC-AUC]  -  SA: 0.00000,  LA: 0.73123
[Test AUPRC]  -  LA: 0.81067
[Test F1-max]  -  LA: 0.70968
Epoch: 4 | Loss: 12.017437934875488  | Negative Loss: 0.0
[Test ROC-AUC]  -  SA: 0.00000,  LA: 0.73913
[Test AUPRC]  -  LA: 0.80168
[Test F1-max]  -  LA: 0.72131
Epoch: 5 | Loss: 5.407430648803711  | Negative Loss: 0.0
[Test ROC-AUC]  -  SA: 0.00000,  LA: 0.73123
[Test AUPRC]  -  LA: 0.79678
[Test F1-max]  -  LA: 0.72414
Epoch: 6 | Loss: 1.601851463317871  | Negative Loss: 0.0
[Test ROC-AUC]  -  SA: 0.00000,  LA: 0.72925
[Test AUPRC]  -  LA: 0.80509
[Test F1-max]  -  LA: 0.71875
Epoch: 7 | Loss: 0.37592989206314087  | Negative Loss: 0.0
[Test ROC-AUC]  -  SA: 0.00000,  LA: 0.74111
[Test AUPRC]  -  LA: 0.81604
[Test F1-max]  -  LA: 0.71875
Epoch: 8 | Loss: 0.09487844258546829  | Negative Loss: 0.0
[Test ROC-AUC]  -  SA: 0.00000,  LA: 0.74704
[Test AUPRC]  -  LA: 0.82137
[Test F1-max]  -  LA: 0.72131
Epoch: 9 | Loss: 0.027483073994517326  | Negative Loss: 0.0
[Test ROC-AUC]  -  SA: 0.00000,  LA: 0.74704
[Test AUPRC]  -  LA: 0.82276
[Test F1-max]  -  LA: 0.74194
Epoch: 10 | Loss: 0.008961888030171394  | Negative Loss: 0.0
[Test ROC-AUC]  -  SA: 0.00000,  LA: 0.74506
[Test AUPRC]  -  LA: 0.81842
[Test F1-max]  -  LA: 0.73333
Epoch: 11 | Loss: 0.0031965505331754684  | Negative Loss: 0.0
[Test ROC-AUC]  -  SA: 0.00000,  LA: 0.73913
[Test AUPRC]  -  LA: 0.81541
[Test F1-max]  -  LA: 0.74194
Epoch: 12 | Loss: 0.0012227277038618922  | Negative Loss: 0.0
[Test ROC-AUC]  -  SA: 0.00000,  LA: 0.74308
[Test AUPRC]  -  LA: 0.81627
[Test F1-max]  -  LA: 0.74194
Epoch: 13 | Loss: 0.0004939209902659059  | Negative Loss: 0.0
[Test ROC-AUC]  -  SA: 0.00000,  LA: 0.73123
[Test AUPRC]  -  LA: 0.80499
[Test F1-max]  -  LA: 0.73016
Epoch: 14 | Loss: 0.00020996909006498754  | Negative Loss: 0.0
[Test ROC-AUC]  -  SA: 0.00000,  LA: 0.71937
[Test AUPRC]  -  LA: 0.78986
[Test F1-max]  -  LA: 0.73016
Epoch: 15 | Loss: 9.322047117166221e-05  | Negative Loss: 0.0
[Test ROC-AUC]  -  SA: 0.00000,  LA: 0.71344
[Test AUPRC]  -  LA: 0.77799
[Test F1-max]  -  LA: 0.73016
Epoch: 16 | Loss: 4.327271381043829e-05  | Negative Loss: 0.0
[Test ROC-AUC]  -  SA: 0.00000,  LA: 0.70553
[Test AUPRC]  -  LA: 0.76231
[Test F1-max]  -  LA: 0.73016
Epoch: 17 | Loss: 2.0861565644736402e-05  | Negative Loss: 0.0
[Test ROC-AUC]  -  SA: 0.00000,  LA: 0.70158
[Test AUPRC]  -  LA: 0.75729
[Test F1-max]  -  LA: 0.72131
Epoch: 18 | Loss: 1.018045895762043e-05  | Negative Loss: 0.0
[Test ROC-AUC]  -  SA: 0.00000,  LA: 0.69763
[Test AUPRC]  -  LA: 0.75096
[Test F1-max]  -  LA: 0.72131
Epoch: 19 | Loss: 5.4359397836378776e-06  | Negative Loss: 0.0
[Test ROC-AUC]  -  SA: 0.00000,  LA: 0.69763
[Test AUPRC]  -  LA: 0.75096
[Test F1-max]  -  LA: 0.72131
Epoch: 20 | Loss: 2.741812750173267e-06  | Negative Loss: 0.0
[Test ROC-AUC]  -  SA: 0.00000,  LA: 0.69763
[Test AUPRC]  -  LA: 0.75096
[Test F1-max]  -  LA: 0.72131
Epoch: 21 | Loss: 1.478194917581277e-06  | Negative Loss: 0.0
[Test ROC-AUC]  -  SA: 0.00000,  LA: 0.69565
[Test AUPRC]  -  LA: 0.75004
[Test F1-max]  -  LA: 0.72131
Epoch: 22 | Loss: 8.34464913168631e-07  | Negative Loss: 0.0
[Test ROC-AUC]  -  SA: 0.00000,  LA: 0.69565
[Test AUPRC]  -  LA: 0.75004
[Test F1-max]  -  LA: 0.72131
Epoch: 23 | Loss: 5.245208285487024e-07  | Negative Loss: 0.0
[Test ROC-AUC]  -  SA: 0.00000,  LA: 0.69565
[Test AUPRC]  -  LA: 0.75004
[Test F1-max]  -  LA: 0.72131
Epoch: 24 | Loss: 3.576278402306343e-07  | Negative Loss: 0.0
[Test ROC-AUC]  -  SA: 0.00000,  LA: 0.69565
[Test AUPRC]  -  LA: 0.75004
[Test F1-max]  -  LA: 0.72131
Epoch: 25 | Loss: 9.536742595628311e-08  | Negative Loss: 0.0
[Test ROC-AUC]  -  SA: 0.00000,  LA: 0.69565
[Test AUPRC]  -  LA: 0.75004
[Test F1-max]  -  LA: 0.72131
Epoch: 26 | Loss: 0.0  | Negative Loss: 0.0
Time consumption: 19.772207975387573
Best LA AUC: 0.7470355731225296
Best LA AUPC: 0.8227604909369686
Best LA F1-max: 0.7419354838709677
[Result] Experiment result appended to ./results/train_hybrid_result.csv

[END] 2026-03-29 11:14:33
[RETURN CODE] 0
