[START] 2026-03-18 20:42:59
[GPU] 2
[TASK] 3/60
[NAME] blue_splicing_promptad
[REPEAT] 3/10
[COMMAND] python train_hybrid.py --data_name blue_splicing --mask True --text True --double_encoder True --few_shot True --shot 1 --hybrid_model promptad --hybrid_weight 0.3 --hybrid_batch_size 16 --epoch 100 --log True --lr 5e-4 --detection True --preprocess True

/home/seungeon/miniconda3/envs/LAB/lib/python3.10/site-packages/timm/models/layers/__init__.py:48: FutureWarning: Importing from timm.models.layers is deprecated, please import via timm.layers
  warnings.warn(f"Importing from {__name__} is deprecated, please import via timm.layers", FutureWarning)
/home/seungeon/Workspace/side/vlm/train_hybrid.py:18: DeprecationWarning: The distutils package is deprecated and slated for removal in Python 3.12. Use setuptools or check PEP 632 for potential alternatives
  from distutils.util import strtobool
Torch version: 2.9.1+cu128
cuda is loaded for process
here?
In my local computer
Namespace(epoch=100, gpu_number='0', data_name='blue_splicing', lr=0.0005, batch_size=6, shuffle=True, seed=0, tag='default', model_name='ViT-B-32', pretrained_name='laion2b_s34b_b79k', lora=1, default=False, foundation='CLIP', detection=1, preprocess=1, num_rule=0, object_names=['a photo of orange connector', 'a photo of blue cable', 'a photo of yellow cable', 'a photo of red cable', 'a photo of metal panel'], objects_for_rules=[['a photo of orange connector'], ['a photo of orange connector'], ['a photo of blue cable'], ['a photo of blue cable'], ['a photo of orange connector'], ['a photo of orange connector', 'a photo of blue cable']], texts_for_rules=[['a photo of orange connector'], ['a photo of orange connector'], ['a photo of cable'], ['a photo of yellow cable'], ['a photo of blue cable'], ['a photo of orange connector and blue cable']], mask=1, text=1, score='mean', ciriculam_learning=False, few_shot=1, shot=1, log=1, neg_loss=0, double_encoder=1, pretrained_count_path=None, ris=0, rule_select='', rule_list=[], num_negative=5, hybrid_model='promptad', hybrid_weight=0.3, hybrid_class_name='', hybrid_batch_size=16, hybrid_backbone='ViT-B-16-plus-240', hybrid_pretrained_dataset='laion400m_e32', hybrid_scales=[2, 3], hybrid_img_resize=240, hybrid_img_cropsize=240, hybrid_resolution=400, hybrid_promptad_epoch=100, hybrid_promptad_lr=0.002, hybrid_promptad_momentum=0.9, hybrid_promptad_weight_decay=0.0005, hybrid_promptad_eta_min=1e-05, hybrid_promptad_lambda1=0.001, hybrid_promptad_n_ctx=4, hybrid_promptad_n_pro=3, hybrid_promptad_n_ctx_ab=1, hybrid_promptad_n_pro_ab=4, early_stop_k=10, result_log_path='./results/train_hybrid_result.csv')
[Hybrid] method=promptad, class_name=splicing_connectors, train=1, eval=70, base_path=/data3/seungeon/data/image/mvtec_loco_anomaly_detection/blue_splicing
[Hybrid-only] LA_AUC=0.66625, LA_AUPRC=0.72344, LA_F1=0.76923
[Data Description]
- Train: 1
- Test: 70

Train Start
[Test ROC-AUC]  -  SA: 0.00000,  LA: 0.54250
[Test AUPRC]  -  LA: 0.63547
[Test F1-max]  -  LA: 0.74510
Epoch: 0 | Loss: 12.0072021484375  | Negative Loss: 0.0
[Test ROC-AUC]  -  SA: 0.00000,  LA: 0.54833
[Test AUPRC]  -  LA: 0.63778
[Test F1-max]  -  LA: 0.74510
Epoch: 1 | Loss: 11.89150333404541  | Negative Loss: 0.0
[Test ROC-AUC]  -  SA: 0.00000,  LA: 0.59500
[Test AUPRC]  -  LA: 0.65134
[Test F1-max]  -  LA: 0.76471
Epoch: 2 | Loss: 10.825456619262695  | Negative Loss: 0.0
[Test ROC-AUC]  -  SA: 0.00000,  LA: 0.65750
[Test AUPRC]  -  LA: 0.70607
[Test F1-max]  -  LA: 0.76923
Epoch: 3 | Loss: 9.19039535522461  | Negative Loss: 0.0
[Test ROC-AUC]  -  SA: 0.00000,  LA: 0.67917
[Test AUPRC]  -  LA: 0.73736
[Test F1-max]  -  LA: 0.77419
Epoch: 4 | Loss: 7.335390567779541  | Negative Loss: 0.0
[Test ROC-AUC]  -  SA: 0.00000,  LA: 0.70500
[Test AUPRC]  -  LA: 0.77857
[Test F1-max]  -  LA: 0.77551
Epoch: 5 | Loss: 5.664437294006348  | Negative Loss: 0.0
[Test ROC-AUC]  -  SA: 0.00000,  LA: 0.72333
[Test AUPRC]  -  LA: 0.79756
[Test F1-max]  -  LA: 0.77551
Epoch: 6 | Loss: 4.275447368621826  | Negative Loss: 0.0
[Test ROC-AUC]  -  SA: 0.00000,  LA: 0.73333
[Test AUPRC]  -  LA: 0.80290
[Test F1-max]  -  LA: 0.77551
Epoch: 7 | Loss: 3.228605270385742  | Negative Loss: 0.0
[Test ROC-AUC]  -  SA: 0.00000,  LA: 0.74750
[Test AUPRC]  -  LA: 0.81615
[Test F1-max]  -  LA: 0.76923
Epoch: 8 | Loss: 2.489147901535034  | Negative Loss: 0.0
[Test ROC-AUC]  -  SA: 0.00000,  LA: 0.76417
[Test AUPRC]  -  LA: 0.82611
[Test F1-max]  -  LA: 0.76923
Epoch: 9 | Loss: 1.9362295866012573  | Negative Loss: 0.0
[Test ROC-AUC]  -  SA: 0.00000,  LA: 0.75750
[Test AUPRC]  -  LA: 0.82179
[Test F1-max]  -  LA: 0.76923
Epoch: 10 | Loss: 1.493936538696289  | Negative Loss: 0.0
[Test ROC-AUC]  -  SA: 0.00000,  LA: 0.74917
[Test AUPRC]  -  LA: 0.81397
[Test F1-max]  -  LA: 0.76923
Epoch: 11 | Loss: 1.1311590671539307  | Negative Loss: 0.0
[Test ROC-AUC]  -  SA: 0.00000,  LA: 0.74833
[Test AUPRC]  -  LA: 0.81507
[Test F1-max]  -  LA: 0.76923
Epoch: 12 | Loss: 0.8350411057472229  | Negative Loss: 0.0
[Test ROC-AUC]  -  SA: 0.00000,  LA: 0.74833
[Test AUPRC]  -  LA: 0.81654
[Test F1-max]  -  LA: 0.76923
Epoch: 13 | Loss: 0.6042956709861755  | Negative Loss: 0.0
[Test ROC-AUC]  -  SA: 0.00000,  LA: 0.74917
[Test AUPRC]  -  LA: 0.81271
[Test F1-max]  -  LA: 0.76923
Epoch: 14 | Loss: 0.42475414276123047  | Negative Loss: 0.0
[Test ROC-AUC]  -  SA: 0.00000,  LA: 0.74917
[Test AUPRC]  -  LA: 0.80697
[Test F1-max]  -  LA: 0.76923
Epoch: 15 | Loss: 0.2921498715877533  | Negative Loss: 0.0
[Test ROC-AUC]  -  SA: 0.00000,  LA: 0.75083
[Test AUPRC]  -  LA: 0.80695
[Test F1-max]  -  LA: 0.77670
Epoch: 16 | Loss: 0.1974705010652542  | Negative Loss: 0.0
[Test ROC-AUC]  -  SA: 0.00000,  LA: 0.75000
[Test AUPRC]  -  LA: 0.80783
[Test F1-max]  -  LA: 0.77670
Epoch: 17 | Loss: 0.13167864084243774  | Negative Loss: 0.0
[Test ROC-AUC]  -  SA: 0.00000,  LA: 0.74667
[Test AUPRC]  -  LA: 0.80231
[Test F1-max]  -  LA: 0.76923
Epoch: 18 | Loss: 0.08677426725625992  | Negative Loss: 0.0
[Test ROC-AUC]  -  SA: 0.00000,  LA: 0.74583
[Test AUPRC]  -  LA: 0.80124
[Test F1-max]  -  LA: 0.77228
Epoch: 19 | Loss: 0.05683627352118492  | Negative Loss: 0.0
[Test ROC-AUC]  -  SA: 0.00000,  LA: 0.74583
[Test AUPRC]  -  LA: 0.79592
[Test F1-max]  -  LA: 0.77670
Epoch: 20 | Loss: 0.037237994372844696  | Negative Loss: 0.0
[Test ROC-AUC]  -  SA: 0.00000,  LA: 0.74333
[Test AUPRC]  -  LA: 0.79408
[Test F1-max]  -  LA: 0.77670
Epoch: 21 | Loss: 0.024521591141819954  | Negative Loss: 0.0
[Test ROC-AUC]  -  SA: 0.00000,  LA: 0.74583
[Test AUPRC]  -  LA: 0.79796
[Test F1-max]  -  LA: 0.77670
Epoch: 22 | Loss: 0.01624750718474388  | Negative Loss: 0.0
[Test ROC-AUC]  -  SA: 0.00000,  LA: 0.75083
[Test AUPRC]  -  LA: 0.79965
[Test F1-max]  -  LA: 0.77778
Epoch: 23 | Loss: 0.010853222571313381  | Negative Loss: 0.0
[Test ROC-AUC]  -  SA: 0.00000,  LA: 0.75333
[Test AUPRC]  -  LA: 0.79899
[Test F1-max]  -  LA: 0.78652
Epoch: 24 | Loss: 0.007328931707888842  | Negative Loss: 0.0
[Test ROC-AUC]  -  SA: 0.00000,  LA: 0.75833
[Test AUPRC]  -  LA: 0.80318
[Test F1-max]  -  LA: 0.78652
Epoch: 25 | Loss: 0.0050189197063446045  | Negative Loss: 0.0
[Test ROC-AUC]  -  SA: 0.00000,  LA: 0.75667
[Test AUPRC]  -  LA: 0.80202
[Test F1-max]  -  LA: 0.78161
Epoch: 26 | Loss: 0.0034928349778056145  | Negative Loss: 0.0
[Test ROC-AUC]  -  SA: 0.00000,  LA: 0.75667
[Test AUPRC]  -  LA: 0.79974
[Test F1-max]  -  LA: 0.78161
Epoch: 27 | Loss: 0.0024674225132912397  | Negative Loss: 0.0
[Test ROC-AUC]  -  SA: 0.00000,  LA: 0.75667
[Test AUPRC]  -  LA: 0.79910
[Test F1-max]  -  LA: 0.78161
Epoch: 28 | Loss: 0.001771932584233582  | Negative Loss: 0.0
[Test ROC-AUC]  -  SA: 0.00000,  LA: 0.75833
[Test AUPRC]  -  LA: 0.80125
[Test F1-max]  -  LA: 0.78000
Epoch: 29 | Loss: 0.0012936457060277462  | Negative Loss: 0.0
[Test ROC-AUC]  -  SA: 0.00000,  LA: 0.75750
[Test AUPRC]  -  LA: 0.80044
[Test F1-max]  -  LA: 0.78000
Epoch: 30 | Loss: 0.0009609832777641714  | Negative Loss: 0.0
[Test ROC-AUC]  -  SA: 0.00000,  LA: 0.75667
[Test AUPRC]  -  LA: 0.80289
[Test F1-max]  -  LA: 0.78000
Epoch: 31 | Loss: 0.0007259908015839756  | Negative Loss: 0.0
[Test ROC-AUC]  -  SA: 0.00000,  LA: 0.75417
[Test AUPRC]  -  LA: 0.80164
[Test F1-max]  -  LA: 0.78161
Epoch: 32 | Loss: 0.0005577145493589342  | Negative Loss: 0.0
[Test ROC-AUC]  -  SA: 0.00000,  LA: 0.75500
[Test AUPRC]  -  LA: 0.80146
[Test F1-max]  -  LA: 0.78000
Epoch: 33 | Loss: 0.00043555122101679444  | Negative Loss: 0.0
[Test ROC-AUC]  -  SA: 0.00000,  LA: 0.75167
[Test AUPRC]  -  LA: 0.79833
[Test F1-max]  -  LA: 0.77670
Epoch: 34 | Loss: 0.0003456823469605297  | Negative Loss: 0.0
[Test ROC-AUC]  -  SA: 0.00000,  LA: 0.75333
[Test AUPRC]  -  LA: 0.80144
[Test F1-max]  -  LA: 0.77670
Epoch: 35 | Loss: 0.0002783378877211362  | Negative Loss: 0.0
[Test ROC-AUC]  -  SA: 0.00000,  LA: 0.75250
[Test AUPRC]  -  LA: 0.79835
[Test F1-max]  -  LA: 0.78431
Epoch: 36 | Loss: 0.00022708327742293477  | Negative Loss: 0.0
[Test ROC-AUC]  -  SA: 0.00000,  LA: 0.75167
[Test AUPRC]  -  LA: 0.80169
[Test F1-max]  -  LA: 0.78431
Epoch: 37 | Loss: 0.00018798596283886582  | Negative Loss: 0.0
[Test ROC-AUC]  -  SA: 0.00000,  LA: 0.75083
[Test AUPRC]  -  LA: 0.80131
[Test F1-max]  -  LA: 0.78431
Epoch: 38 | Loss: 0.0001574705238454044  | Negative Loss: 0.0
[Test ROC-AUC]  -  SA: 0.00000,  LA: 0.75000
[Test AUPRC]  -  LA: 0.79966
[Test F1-max]  -  LA: 0.78431
Epoch: 39 | Loss: 0.00013374928676057607  | Negative Loss: 0.0
[Test ROC-AUC]  -  SA: 0.00000,  LA: 0.74833
[Test AUPRC]  -  LA: 0.79811
[Test F1-max]  -  LA: 0.78431
Epoch: 40 | Loss: 0.00011467674630694091  | Negative Loss: 0.0
[Test ROC-AUC]  -  SA: 0.00000,  LA: 0.74417
[Test AUPRC]  -  LA: 0.79577
[Test F1-max]  -  LA: 0.78431
Epoch: 41 | Loss: 9.92993955151178e-05  | Negative Loss: 0.0
[Test ROC-AUC]  -  SA: 0.00000,  LA: 0.74250
[Test AUPRC]  -  LA: 0.79510
[Test F1-max]  -  LA: 0.78431
Epoch: 42 | Loss: 8.725971565581858e-05  | Negative Loss: 0.0
[Test ROC-AUC]  -  SA: 0.00000,  LA: 0.74250
[Test AUPRC]  -  LA: 0.79499
[Test F1-max]  -  LA: 0.78431
Epoch: 43 | Loss: 7.688883488299325e-05  | Negative Loss: 0.0
[Test ROC-AUC]  -  SA: 0.00000,  LA: 0.74083
[Test AUPRC]  -  LA: 0.79389
[Test F1-max]  -  LA: 0.78431
Epoch: 44 | Loss: 6.854442472103983e-05  | Negative Loss: 0.0
[Test ROC-AUC]  -  SA: 0.00000,  LA: 0.73917
[Test AUPRC]  -  LA: 0.79309
[Test F1-max]  -  LA: 0.78431
Epoch: 45 | Loss: 6.163046055007726e-05  | Negative Loss: 0.0
[Test ROC-AUC]  -  SA: 0.00000,  LA: 0.73917
[Test AUPRC]  -  LA: 0.79309
[Test F1-max]  -  LA: 0.78431
Epoch: 46 | Loss: 5.5789336329326034e-05  | Negative Loss: 0.0
[Test ROC-AUC]  -  SA: 0.00000,  LA: 0.73917
[Test AUPRC]  -  LA: 0.79382
[Test F1-max]  -  LA: 0.78652
Epoch: 47 | Loss: 5.102107024868019e-05  | Negative Loss: 0.0
[Test ROC-AUC]  -  SA: 0.00000,  LA: 0.73917
[Test AUPRC]  -  LA: 0.79674
[Test F1-max]  -  LA: 0.78652
Epoch: 48 | Loss: 4.6848821511957794e-05  | Negative Loss: 0.0
[Test ROC-AUC]  -  SA: 0.00000,  LA: 0.73833
[Test AUPRC]  -  LA: 0.79620
[Test F1-max]  -  LA: 0.78652
Epoch: 49 | Loss: 4.351102325017564e-05  | Negative Loss: 0.0
[Test ROC-AUC]  -  SA: 0.00000,  LA: 0.73500
[Test AUPRC]  -  LA: 0.79410
[Test F1-max]  -  LA: 0.78431
Epoch: 50 | Loss: 4.041162901557982e-05  | Negative Loss: 0.0
[Test ROC-AUC]  -  SA: 0.00000,  LA: 0.73583
[Test AUPRC]  -  LA: 0.79275
[Test F1-max]  -  LA: 0.78431
Epoch: 51 | Loss: 3.766985537367873e-05  | Negative Loss: 0.0
[Test ROC-AUC]  -  SA: 0.00000,  LA: 0.73583
[Test AUPRC]  -  LA: 0.79276
[Test F1-max]  -  LA: 0.78431
Epoch: 52 | Loss: 3.552412090357393e-05  | Negative Loss: 0.0
[Test ROC-AUC]  -  SA: 0.00000,  LA: 0.73417
[Test AUPRC]  -  LA: 0.79117
[Test F1-max]  -  LA: 0.78431
Epoch: 53 | Loss: 3.337837915751152e-05  | Negative Loss: 0.0
[Test ROC-AUC]  -  SA: 0.00000,  LA: 0.73417
[Test AUPRC]  -  LA: 0.79123
[Test F1-max]  -  LA: 0.78652
Epoch: 54 | Loss: 3.159026164212264e-05  | Negative Loss: 0.0
[Test ROC-AUC]  -  SA: 0.00000,  LA: 0.73417
[Test AUPRC]  -  LA: 0.79154
[Test F1-max]  -  LA: 0.78652
Epoch: 55 | Loss: 3.01597683574073e-05  | Negative Loss: 0.0
[Test ROC-AUC]  -  SA: 0.00000,  LA: 0.73333
[Test AUPRC]  -  LA: 0.79047
[Test F1-max]  -  LA: 0.78652
Epoch: 56 | Loss: 2.884848254325334e-05  | Negative Loss: 0.0
[Test ROC-AUC]  -  SA: 0.00000,  LA: 0.73333
[Test AUPRC]  -  LA: 0.79047
[Test F1-max]  -  LA: 0.78652
Epoch: 57 | Loss: 2.7656402380671352e-05  | Negative Loss: 0.0
[Test ROC-AUC]  -  SA: 0.00000,  LA: 0.73417
[Test AUPRC]  -  LA: 0.79112
[Test F1-max]  -  LA: 0.78652
Epoch: 58 | Loss: 2.6464322218089364e-05  | Negative Loss: 0.0
[Test ROC-AUC]  -  SA: 0.00000,  LA: 0.73333
[Test AUPRC]  -  LA: 0.79076
[Test F1-max]  -  LA: 0.78431
Epoch: 59 | Loss: 2.5510656996630132e-05  | Negative Loss: 0.0
[Test ROC-AUC]  -  SA: 0.00000,  LA: 0.73250
[Test AUPRC]  -  LA: 0.79040
[Test F1-max]  -  LA: 0.78431
Epoch: 60 | Loss: 2.479540853528306e-05  | Negative Loss: 0.0
[Test ROC-AUC]  -  SA: 0.00000,  LA: 0.73333
[Test AUPRC]  -  LA: 0.79118
[Test F1-max]  -  LA: 0.78431
Epoch: 61 | Loss: 2.4080160073935986e-05  | Negative Loss: 0.0
[Test ROC-AUC]  -  SA: 0.00000,  LA: 0.73333
[Test AUPRC]  -  LA: 0.79116
[Test F1-max]  -  LA: 0.78431
Epoch: 62 | Loss: 2.336490979359951e-05  | Negative Loss: 0.0
[Test ROC-AUC]  -  SA: 0.00000,  LA: 0.73250
[Test AUPRC]  -  LA: 0.79082
[Test F1-max]  -  LA: 0.78431
Epoch: 63 | Loss: 2.2649661332252435e-05  | Negative Loss: 0.0
[Test ROC-AUC]  -  SA: 0.00000,  LA: 0.73333
[Test AUPRC]  -  LA: 0.79189
[Test F1-max]  -  LA: 0.78431
Epoch: 64 | Loss: 2.2053616703487933e-05  | Negative Loss: 0.0
[Test ROC-AUC]  -  SA: 0.00000,  LA: 0.73333
[Test AUPRC]  -  LA: 0.79189
[Test F1-max]  -  LA: 0.78431
Epoch: 65 | Loss: 2.1576786821242422e-05  | Negative Loss: 0.0
[Test ROC-AUC]  -  SA: 0.00000,  LA: 0.73333
[Test AUPRC]  -  LA: 0.79189
[Test F1-max]  -  LA: 0.78431
Epoch: 66 | Loss: 2.1099953301018104e-05  | Negative Loss: 0.0
[Test ROC-AUC]  -  SA: 0.00000,  LA: 0.73333
[Test AUPRC]  -  LA: 0.79189
[Test F1-max]  -  LA: 0.78431
Epoch: 67 | Loss: 2.0623117961804383e-05  | Negative Loss: 0.0
[Test ROC-AUC]  -  SA: 0.00000,  LA: 0.73417
[Test AUPRC]  -  LA: 0.79245
[Test F1-max]  -  LA: 0.78431
Epoch: 68 | Loss: 2.0146284441580065e-05  | Negative Loss: 0.0
[Test ROC-AUC]  -  SA: 0.00000,  LA: 0.73500
[Test AUPRC]  -  LA: 0.79348
[Test F1-max]  -  LA: 0.78431
Epoch: 69 | Loss: 1.9907867681467906e-05  | Negative Loss: 0.0
[Test ROC-AUC]  -  SA: 0.00000,  LA: 0.73500
[Test AUPRC]  -  LA: 0.79348
[Test F1-max]  -  LA: 0.78431
Epoch: 70 | Loss: 1.9431034161243588e-05  | Negative Loss: 0.0
[Test ROC-AUC]  -  SA: 0.00000,  LA: 0.73667
[Test AUPRC]  -  LA: 0.79743
[Test F1-max]  -  LA: 0.78431
Epoch: 71 | Loss: 1.919261740113143e-05  | Negative Loss: 0.0
[Test ROC-AUC]  -  SA: 0.00000,  LA: 0.73667
[Test AUPRC]  -  LA: 0.79743
[Test F1-max]  -  LA: 0.78431
Epoch: 72 | Loss: 1.883499135146849e-05  | Negative Loss: 0.0
[Test ROC-AUC]  -  SA: 0.00000,  LA: 0.73583
[Test AUPRC]  -  LA: 0.79408
[Test F1-max]  -  LA: 0.78431
Epoch: 73 | Loss: 1.8477367120794952e-05  | Negative Loss: 0.0
[Test ROC-AUC]  -  SA: 0.00000,  LA: 0.73500
[Test AUPRC]  -  LA: 0.79305
[Test F1-max]  -  LA: 0.78431
Epoch: 74 | Loss: 1.8119742890121415e-05  | Negative Loss: 0.0
[Test ROC-AUC]  -  SA: 0.00000,  LA: 0.73500
[Test AUPRC]  -  LA: 0.79305
[Test F1-max]  -  LA: 0.78431
Epoch: 75 | Loss: 1.8000533600570634e-05  | Negative Loss: 0.0
[Test ROC-AUC]  -  SA: 0.00000,  LA: 0.73500
[Test AUPRC]  -  LA: 0.79305
[Test F1-max]  -  LA: 0.78431
Epoch: 76 | Loss: 1.7762116840458475e-05  | Negative Loss: 0.0
[Test ROC-AUC]  -  SA: 0.00000,  LA: 0.73500
[Test AUPRC]  -  LA: 0.79261
[Test F1-max]  -  LA: 0.78431
Epoch: 77 | Loss: 1.7523700080346316e-05  | Negative Loss: 0.0
[Test ROC-AUC]  -  SA: 0.00000,  LA: 0.73417
[Test AUPRC]  -  LA: 0.79091
[Test F1-max]  -  LA: 0.78431
Epoch: 78 | Loss: 1.7404490790795535e-05  | Negative Loss: 0.0
[Test ROC-AUC]  -  SA: 0.00000,  LA: 0.73417
[Test AUPRC]  -  LA: 0.79091
[Test F1-max]  -  LA: 0.78431
Epoch: 79 | Loss: 1.7166074030683376e-05  | Negative Loss: 0.0
[Test ROC-AUC]  -  SA: 0.00000,  LA: 0.73333
[Test AUPRC]  -  LA: 0.79027
[Test F1-max]  -  LA: 0.78431
Epoch: 80 | Loss: 1.6927657270571217e-05  | Negative Loss: 0.0
[Test ROC-AUC]  -  SA: 0.00000,  LA: 0.73250
[Test AUPRC]  -  LA: 0.78901
[Test F1-max]  -  LA: 0.78431
Epoch: 81 | Loss: 1.6689240510459058e-05  | Negative Loss: 0.0
[Test ROC-AUC]  -  SA: 0.00000,  LA: 0.73250
[Test AUPRC]  -  LA: 0.78901
[Test F1-max]  -  LA: 0.78431
Epoch: 82 | Loss: 1.6689240510459058e-05  | Negative Loss: 0.0
[Test ROC-AUC]  -  SA: 0.00000,  LA: 0.73333
[Test AUPRC]  -  LA: 0.78956
[Test F1-max]  -  LA: 0.78431
Epoch: 83 | Loss: 1.64508237503469e-05  | Negative Loss: 0.0
[Test ROC-AUC]  -  SA: 0.00000,  LA: 0.73250
[Test AUPRC]  -  LA: 0.78891
[Test F1-max]  -  LA: 0.78431
Epoch: 84 | Loss: 1.6212405171245337e-05  | Negative Loss: 0.0
[Test ROC-AUC]  -  SA: 0.00000,  LA: 0.73417
[Test AUPRC]  -  LA: 0.78990
[Test F1-max]  -  LA: 0.78431
Epoch: 85 | Loss: 1.609319770068396e-05  | Negative Loss: 0.0
[Test ROC-AUC]  -  SA: 0.00000,  LA: 0.73333
[Test AUPRC]  -  LA: 0.78858
[Test F1-max]  -  LA: 0.78431
Epoch: 86 | Loss: 1.5973988411133178e-05  | Negative Loss: 0.0
[Test ROC-AUC]  -  SA: 0.00000,  LA: 0.73333
[Test AUPRC]  -  LA: 0.78858
[Test F1-max]  -  LA: 0.78431
Epoch: 87 | Loss: 1.573557165102102e-05  | Negative Loss: 0.0
[Test ROC-AUC]  -  SA: 0.00000,  LA: 0.73333
[Test AUPRC]  -  LA: 0.78858
[Test F1-max]  -  LA: 0.78431
Epoch: 88 | Loss: 1.573557165102102e-05  | Negative Loss: 0.0
[Test ROC-AUC]  -  SA: 0.00000,  LA: 0.73333
[Test AUPRC]  -  LA: 0.78858
[Test F1-max]  -  LA: 0.78431
Epoch: 89 | Loss: 1.549715489090886e-05  | Negative Loss: 0.0
[Test ROC-AUC]  -  SA: 0.00000,  LA: 0.73333
[Test AUPRC]  -  LA: 0.78858
[Test F1-max]  -  LA: 0.78431
Epoch: 90 | Loss: 1.5377947420347482e-05  | Negative Loss: 0.0
[Test ROC-AUC]  -  SA: 0.00000,  LA: 0.73250
[Test AUPRC]  -  LA: 0.78719
[Test F1-max]  -  LA: 0.78431
Epoch: 91 | Loss: 1.5258737221301999e-05  | Negative Loss: 0.0
[Test ROC-AUC]  -  SA: 0.00000,  LA: 0.73250
[Test AUPRC]  -  LA: 0.78657
[Test F1-max]  -  LA: 0.78431
Epoch: 92 | Loss: 1.5020321370684542e-05  | Negative Loss: 0.0
[Test ROC-AUC]  -  SA: 0.00000,  LA: 0.73333
[Test AUPRC]  -  LA: 0.78991
[Test F1-max]  -  LA: 0.78431
Epoch: 93 | Loss: 1.5020321370684542e-05  | Negative Loss: 0.0
[Test ROC-AUC]  -  SA: 0.00000,  LA: 0.73333
[Test AUPRC]  -  LA: 0.78991
[Test F1-max]  -  LA: 0.78431
Epoch: 94 | Loss: 1.490111208113376e-05  | Negative Loss: 0.0
[Test ROC-AUC]  -  SA: 0.00000,  LA: 0.73333
[Test AUPRC]  -  LA: 0.78991
[Test F1-max]  -  LA: 0.78431
Epoch: 95 | Loss: 1.46626944115269e-05  | Negative Loss: 0.0
[Test ROC-AUC]  -  SA: 0.00000,  LA: 0.73250
[Test AUPRC]  -  LA: 0.78879
[Test F1-max]  -  LA: 0.78431
Epoch: 96 | Loss: 1.454348603147082e-05  | Negative Loss: 0.0
[Test ROC-AUC]  -  SA: 0.00000,  LA: 0.73250
[Test AUPRC]  -  LA: 0.78879
[Test F1-max]  -  LA: 0.78431
Epoch: 97 | Loss: 1.454348603147082e-05  | Negative Loss: 0.0
[Test ROC-AUC]  -  SA: 0.00000,  LA: 0.73250
[Test AUPRC]  -  LA: 0.78879
[Test F1-max]  -  LA: 0.78431
Epoch: 98 | Loss: 1.430506836186396e-05  | Negative Loss: 0.0
[Test ROC-AUC]  -  SA: 0.00000,  LA: 0.73167
[Test AUPRC]  -  LA: 0.78763
[Test F1-max]  -  LA: 0.78431
Epoch: 99 | Loss: 1.418585998180788e-05  | Negative Loss: 0.0
Time consumption: 101.416499376297
Best LA AUC: 0.7641666666666667
Best LA AUPC: 0.8261099152972968
Best LA F1-max: 0.7865168539325842
[Result] Experiment result appended to ./results/train_hybrid_result.csv

[END] 2026-03-18 20:46:09
[RETURN CODE] 0
