[START] 2026-03-18 20:52:50
[GPU] 2
[TASK] 15/60
[NAME] blue_splicing_winclip
[REPEAT] 5/10
[COMMAND] python train_hybrid.py --data_name blue_splicing --mask True --text True --double_encoder True --few_shot True --shot 1 --hybrid_model winclip --hybrid_weight 0.3 --hybrid_batch_size 16 --epoch 100 --log True --lr 5e-4 --detection True --preprocess True

/home/seungeon/miniconda3/envs/LAB/lib/python3.10/site-packages/timm/models/layers/__init__.py:48: FutureWarning: Importing from timm.models.layers is deprecated, please import via timm.layers
  warnings.warn(f"Importing from {__name__} is deprecated, please import via timm.layers", FutureWarning)
/home/seungeon/Workspace/side/vlm/train_hybrid.py:18: DeprecationWarning: The distutils package is deprecated and slated for removal in Python 3.12. Use setuptools or check PEP 632 for potential alternatives
  from distutils.util import strtobool
Torch version: 2.9.1+cu128
cuda is loaded for process
here?
In my local computer
Namespace(epoch=100, gpu_number='0', data_name='blue_splicing', lr=0.0005, batch_size=6, shuffle=True, seed=0, tag='default', model_name='ViT-B-32', pretrained_name='laion2b_s34b_b79k', lora=1, default=False, foundation='CLIP', detection=1, preprocess=1, num_rule=0, object_names=['a photo of orange connector', 'a photo of blue cable', 'a photo of yellow cable', 'a photo of red cable', 'a photo of metal panel'], objects_for_rules=[['a photo of orange connector'], ['a photo of orange connector'], ['a photo of blue cable'], ['a photo of blue cable'], ['a photo of orange connector'], ['a photo of orange connector', 'a photo of blue cable']], texts_for_rules=[['a photo of orange connector'], ['a photo of orange connector'], ['a photo of cable'], ['a photo of yellow cable'], ['a photo of blue cable'], ['a photo of orange connector and blue cable']], mask=1, text=1, score='mean', ciriculam_learning=False, few_shot=1, shot=1, log=1, neg_loss=0, double_encoder=1, pretrained_count_path=None, ris=0, rule_select='', rule_list=[], num_negative=5, hybrid_model='winclip', hybrid_weight=0.3, hybrid_class_name='', hybrid_batch_size=16, hybrid_backbone='ViT-B-16-plus-240', hybrid_pretrained_dataset='laion400m_e32', hybrid_scales=[2, 3], hybrid_img_resize=240, hybrid_img_cropsize=240, hybrid_resolution=400, hybrid_promptad_epoch=100, hybrid_promptad_lr=0.002, hybrid_promptad_momentum=0.9, hybrid_promptad_weight_decay=0.0005, hybrid_promptad_eta_min=1e-05, hybrid_promptad_lambda1=0.001, hybrid_promptad_n_ctx=4, hybrid_promptad_n_pro=3, hybrid_promptad_n_ctx_ab=1, hybrid_promptad_n_pro_ab=4, early_stop_k=10, result_log_path='./results/train_hybrid_result.csv')
[Hybrid] method=winclip, class_name=splicing_connectors, train=1, eval=70, base_path=/data3/seungeon/data/image/mvtec_loco_anomaly_detection/blue_splicing
grid 240 16 (15, 15)
[Hybrid-only] LA_AUC=0.66000, LA_AUPRC=0.72513, LA_F1=0.76596
[Data Description]
- Train: 1
- Test: 70

Train Start
[Test ROC-AUC]  -  SA: 0.00000,  LA: 0.65167
[Test AUPRC]  -  LA: 0.72039
[Test F1-max]  -  LA: 0.76471
Epoch: 0 | Loss: 12.95986557006836  | Negative Loss: 0.0
[Test ROC-AUC]  -  SA: 0.00000,  LA: 0.65500
[Test AUPRC]  -  LA: 0.72244
[Test F1-max]  -  LA: 0.76471
Epoch: 1 | Loss: 12.863183975219727  | Negative Loss: 0.0
[Test ROC-AUC]  -  SA: 0.00000,  LA: 0.67667
[Test AUPRC]  -  LA: 0.74296
[Test F1-max]  -  LA: 0.78000
Epoch: 2 | Loss: 11.786413192749023  | Negative Loss: 0.0
[Test ROC-AUC]  -  SA: 0.00000,  LA: 0.69167
[Test AUPRC]  -  LA: 0.75153
[Test F1-max]  -  LA: 0.76768
Epoch: 3 | Loss: 10.135831832885742  | Negative Loss: 0.0
[Test ROC-AUC]  -  SA: 0.00000,  LA: 0.69250
[Test AUPRC]  -  LA: 0.74331
[Test F1-max]  -  LA: 0.76471
Epoch: 4 | Loss: 8.21099853515625  | Negative Loss: 0.0
[Test ROC-AUC]  -  SA: 0.00000,  LA: 0.70750
[Test AUPRC]  -  LA: 0.75682
[Test F1-max]  -  LA: 0.76923
Epoch: 5 | Loss: 6.420945167541504  | Negative Loss: 0.0
[Test ROC-AUC]  -  SA: 0.00000,  LA: 0.71500
[Test AUPRC]  -  LA: 0.75195
[Test F1-max]  -  LA: 0.75789
Epoch: 6 | Loss: 4.9573655128479  | Negative Loss: 0.0
[Test ROC-AUC]  -  SA: 0.00000,  LA: 0.71667
[Test AUPRC]  -  LA: 0.73754
[Test F1-max]  -  LA: 0.76596
Epoch: 7 | Loss: 3.85571026802063  | Negative Loss: 0.0
[Test ROC-AUC]  -  SA: 0.00000,  LA: 0.71333
[Test AUPRC]  -  LA: 0.71714
[Test F1-max]  -  LA: 0.76471
Epoch: 8 | Loss: 2.9643173217773438  | Negative Loss: 0.0
[Test ROC-AUC]  -  SA: 0.00000,  LA: 0.71167
[Test AUPRC]  -  LA: 0.71545
[Test F1-max]  -  LA: 0.76471
Epoch: 9 | Loss: 2.264023780822754  | Negative Loss: 0.0
[Test ROC-AUC]  -  SA: 0.00000,  LA: 0.71583
[Test AUPRC]  -  LA: 0.71638
[Test F1-max]  -  LA: 0.76768
Epoch: 10 | Loss: 1.6984889507293701  | Negative Loss: 0.0
[Test ROC-AUC]  -  SA: 0.00000,  LA: 0.70417
[Test AUPRC]  -  LA: 0.70290
[Test F1-max]  -  LA: 0.76768
Epoch: 11 | Loss: 1.239211082458496  | Negative Loss: 0.0
[Test ROC-AUC]  -  SA: 0.00000,  LA: 0.70250
[Test AUPRC]  -  LA: 0.70017
[Test F1-max]  -  LA: 0.77551
Epoch: 12 | Loss: 0.8734890222549438  | Negative Loss: 0.0
[Test ROC-AUC]  -  SA: 0.00000,  LA: 0.70333
[Test AUPRC]  -  LA: 0.70306
[Test F1-max]  -  LA: 0.77551
Epoch: 13 | Loss: 0.5945740342140198  | Negative Loss: 0.0
[Test ROC-AUC]  -  SA: 0.00000,  LA: 0.70500
[Test AUPRC]  -  LA: 0.70272
[Test F1-max]  -  LA: 0.77551
Epoch: 14 | Loss: 0.39301082491874695  | Negative Loss: 0.0
[Test ROC-AUC]  -  SA: 0.00000,  LA: 0.70583
[Test AUPRC]  -  LA: 0.70289
[Test F1-max]  -  LA: 0.78000
Epoch: 15 | Loss: 0.2540523409843445  | Negative Loss: 0.0
[Test ROC-AUC]  -  SA: 0.00000,  LA: 0.70583
[Test AUPRC]  -  LA: 0.70265
[Test F1-max]  -  LA: 0.78000
Epoch: 16 | Loss: 0.1618928760290146  | Negative Loss: 0.0
[Test ROC-AUC]  -  SA: 0.00000,  LA: 0.70750
[Test AUPRC]  -  LA: 0.70371
[Test F1-max]  -  LA: 0.78000
Epoch: 17 | Loss: 0.1019756868481636  | Negative Loss: 0.0
[Test ROC-AUC]  -  SA: 0.00000,  LA: 0.70833
[Test AUPRC]  -  LA: 0.70446
[Test F1-max]  -  LA: 0.78000
Epoch: 18 | Loss: 0.06376004219055176  | Negative Loss: 0.0
[Test ROC-AUC]  -  SA: 0.00000,  LA: 0.70667
[Test AUPRC]  -  LA: 0.70433
[Test F1-max]  -  LA: 0.78000
Epoch: 19 | Loss: 0.039912447333335876  | Negative Loss: 0.0
[Test ROC-AUC]  -  SA: 0.00000,  LA: 0.70750
[Test AUPRC]  -  LA: 0.70484
[Test F1-max]  -  LA: 0.78000
Epoch: 20 | Loss: 0.025064140558242798  | Negative Loss: 0.0
[Test ROC-AUC]  -  SA: 0.00000,  LA: 0.70833
[Test AUPRC]  -  LA: 0.70457
[Test F1-max]  -  LA: 0.78000
Epoch: 21 | Loss: 0.015831369906663895  | Negative Loss: 0.0
[Test ROC-AUC]  -  SA: 0.00000,  LA: 0.71250
[Test AUPRC]  -  LA: 0.70736
[Test F1-max]  -  LA: 0.78000
Epoch: 22 | Loss: 0.01009254902601242  | Negative Loss: 0.0
[Test ROC-AUC]  -  SA: 0.00000,  LA: 0.71333
[Test AUPRC]  -  LA: 0.70703
[Test F1-max]  -  LA: 0.78000
Epoch: 23 | Loss: 0.006506158038973808  | Negative Loss: 0.0
[Test ROC-AUC]  -  SA: 0.00000,  LA: 0.71250
[Test AUPRC]  -  LA: 0.70678
[Test F1-max]  -  LA: 0.78000
Epoch: 24 | Loss: 0.004257984459400177  | Negative Loss: 0.0
[Test ROC-AUC]  -  SA: 0.00000,  LA: 0.71667
[Test AUPRC]  -  LA: 0.70810
[Test F1-max]  -  LA: 0.78000
Epoch: 25 | Loss: 0.002832622267305851  | Negative Loss: 0.0
[Test ROC-AUC]  -  SA: 0.00000,  LA: 0.71500
[Test AUPRC]  -  LA: 0.70447
[Test F1-max]  -  LA: 0.77670
Epoch: 26 | Loss: 0.001916688634082675  | Negative Loss: 0.0
[Test ROC-AUC]  -  SA: 0.00000,  LA: 0.71417
[Test AUPRC]  -  LA: 0.70153
[Test F1-max]  -  LA: 0.77670
Epoch: 27 | Loss: 0.0013188485754653811  | Negative Loss: 0.0
[Test ROC-AUC]  -  SA: 0.00000,  LA: 0.71333
[Test AUPRC]  -  LA: 0.70114
[Test F1-max]  -  LA: 0.77670
Epoch: 28 | Loss: 0.000923593994230032  | Negative Loss: 0.0
[Test ROC-AUC]  -  SA: 0.00000,  LA: 0.71500
[Test AUPRC]  -  LA: 0.70197
[Test F1-max]  -  LA: 0.77670
Epoch: 29 | Loss: 0.0006586693925783038  | Negative Loss: 0.0
[Test ROC-AUC]  -  SA: 0.00000,  LA: 0.71750
[Test AUPRC]  -  LA: 0.70425
[Test F1-max]  -  LA: 0.77670
Epoch: 30 | Loss: 0.0004778670845553279  | Negative Loss: 0.0
[Test ROC-AUC]  -  SA: 0.00000,  LA: 0.71750
[Test AUPRC]  -  LA: 0.70956
[Test F1-max]  -  LA: 0.77670
Epoch: 31 | Loss: 0.0003530743415467441  | Negative Loss: 0.0
[Test ROC-AUC]  -  SA: 0.00000,  LA: 0.71500
[Test AUPRC]  -  LA: 0.70670
[Test F1-max]  -  LA: 0.77670
Epoch: 32 | Loss: 0.00026546570006757975  | Negative Loss: 0.0
[Test ROC-AUC]  -  SA: 0.00000,  LA: 0.71417
[Test AUPRC]  -  LA: 0.70621
[Test F1-max]  -  LA: 0.77670
Epoch: 33 | Loss: 0.0002025287103606388  | Negative Loss: 0.0
[Test ROC-AUC]  -  SA: 0.00000,  LA: 0.71417
[Test AUPRC]  -  LA: 0.70606
[Test F1-max]  -  LA: 0.77670
Epoch: 34 | Loss: 0.0001574706839164719  | Negative Loss: 0.0
[Test ROC-AUC]  -  SA: 0.00000,  LA: 0.71167
[Test AUPRC]  -  LA: 0.70508
[Test F1-max]  -  LA: 0.77670
Epoch: 35 | Loss: 0.00012445148604456335  | Negative Loss: 0.0
[Test ROC-AUC]  -  SA: 0.00000,  LA: 0.71167
[Test AUPRC]  -  LA: 0.70508
[Test F1-max]  -  LA: 0.77670
Epoch: 36 | Loss: 9.989543468691409e-05  | Negative Loss: 0.0
[Test ROC-AUC]  -  SA: 0.00000,  LA: 0.71083
[Test AUPRC]  -  LA: 0.70764
[Test F1-max]  -  LA: 0.77670
Epoch: 37 | Loss: 8.141864236677065e-05  | Negative Loss: 0.0
[Test ROC-AUC]  -  SA: 0.00000,  LA: 0.71333
[Test AUPRC]  -  LA: 0.70952
[Test F1-max]  -  LA: 0.77670
Epoch: 38 | Loss: 6.735234637744725e-05  | Negative Loss: 0.0
[Test ROC-AUC]  -  SA: 0.00000,  LA: 0.71083
[Test AUPRC]  -  LA: 0.70843
[Test F1-max]  -  LA: 0.77670
Epoch: 39 | Loss: 5.6266151659656316e-05  | Negative Loss: 0.0
[Test ROC-AUC]  -  SA: 0.00000,  LA: 0.71083
[Test AUPRC]  -  LA: 0.70843
[Test F1-max]  -  LA: 0.77670
Epoch: 40 | Loss: 4.756405178341083e-05  | Negative Loss: 0.0
[Test ROC-AUC]  -  SA: 0.00000,  LA: 0.71167
[Test AUPRC]  -  LA: 0.70880
[Test F1-max]  -  LA: 0.77670
Epoch: 41 | Loss: 4.088844798388891e-05  | Negative Loss: 0.0
[Test ROC-AUC]  -  SA: 0.00000,  LA: 0.71167
[Test AUPRC]  -  LA: 0.70880
[Test F1-max]  -  LA: 0.77670
Epoch: 42 | Loss: 3.564331927918829e-05  | Negative Loss: 0.0
[Test ROC-AUC]  -  SA: 0.00000,  LA: 0.71250
[Test AUPRC]  -  LA: 0.70970
[Test F1-max]  -  LA: 0.77670
Epoch: 43 | Loss: 3.1113424483919516e-05  | Negative Loss: 0.0
[Test ROC-AUC]  -  SA: 0.00000,  LA: 0.71250
[Test AUPRC]  -  LA: 0.70970
[Test F1-max]  -  LA: 0.77670
Epoch: 44 | Loss: 2.7656398742692545e-05  | Negative Loss: 0.0
[Test ROC-AUC]  -  SA: 0.00000,  LA: 0.71250
[Test AUPRC]  -  LA: 0.70954
[Test F1-max]  -  LA: 0.77670
Epoch: 45 | Loss: 2.467619560775347e-05  | Negative Loss: 0.0
[Test ROC-AUC]  -  SA: 0.00000,  LA: 0.71167
[Test AUPRC]  -  LA: 0.70929
[Test F1-max]  -  LA: 0.76923
Epoch: 46 | Loss: 2.2411242753150873e-05  | Negative Loss: 0.0
[Test ROC-AUC]  -  SA: 0.00000,  LA: 0.71167
[Test AUPRC]  -  LA: 0.70929
[Test F1-max]  -  LA: 0.76923
Epoch: 47 | Loss: 2.0384703020681627e-05  | Negative Loss: 0.0
[Test ROC-AUC]  -  SA: 0.00000,  LA: 0.71167
[Test AUPRC]  -  LA: 0.70929
[Test F1-max]  -  LA: 0.76923
Epoch: 48 | Loss: 1.8596576410345733e-05  | Negative Loss: 0.0
[Test ROC-AUC]  -  SA: 0.00000,  LA: 0.71083
[Test AUPRC]  -  LA: 0.70865
[Test F1-max]  -  LA: 0.76923
Epoch: 49 | Loss: 1.716607584967278e-05  | Negative Loss: 0.0
[Test ROC-AUC]  -  SA: 0.00000,  LA: 0.71083
[Test AUPRC]  -  LA: 0.70853
[Test F1-max]  -  LA: 0.76923
Epoch: 50 | Loss: 1.597399023012258e-05  | Negative Loss: 0.0
[Test ROC-AUC]  -  SA: 0.00000,  LA: 0.71083
[Test AUPRC]  -  LA: 0.70853
[Test F1-max]  -  LA: 0.76923
Epoch: 51 | Loss: 1.4901114809617866e-05  | Negative Loss: 0.0
[Test ROC-AUC]  -  SA: 0.00000,  LA: 0.71083
[Test AUPRC]  -  LA: 0.70853
[Test F1-max]  -  LA: 0.76923
Epoch: 52 | Loss: 1.4066655239730608e-05  | Negative Loss: 0.0
[Test ROC-AUC]  -  SA: 0.00000,  LA: 0.70917
[Test AUPRC]  -  LA: 0.72610
[Test F1-max]  -  LA: 0.76923
Epoch: 53 | Loss: 1.3112985470797867e-05  | Negative Loss: 0.0
[Test ROC-AUC]  -  SA: 0.00000,  LA: 0.70833
[Test AUPRC]  -  LA: 0.72507
[Test F1-max]  -  LA: 0.76923
Epoch: 54 | Loss: 1.2516942661022767e-05  | Negative Loss: 0.0
[Test ROC-AUC]  -  SA: 0.00000,  LA: 0.70833
[Test AUPRC]  -  LA: 0.72507
[Test F1-max]  -  LA: 0.76923
Epoch: 55 | Loss: 1.1920898941752966e-05  | Negative Loss: 0.0
[Test ROC-AUC]  -  SA: 0.00000,  LA: 0.70833
[Test AUPRC]  -  LA: 0.72507
[Test F1-max]  -  LA: 0.76923
Epoch: 56 | Loss: 1.1324855222483166e-05  | Negative Loss: 0.0
[Test ROC-AUC]  -  SA: 0.00000,  LA: 0.70833
[Test AUPRC]  -  LA: 0.72507
[Test F1-max]  -  LA: 0.76923
Epoch: 57 | Loss: 1.0967230082314927e-05  | Negative Loss: 0.0
[Test ROC-AUC]  -  SA: 0.00000,  LA: 0.70833
[Test AUPRC]  -  LA: 0.72507
[Test F1-max]  -  LA: 0.76923
Epoch: 58 | Loss: 1.0371184544055723e-05  | Negative Loss: 0.0
[Test ROC-AUC]  -  SA: 0.00000,  LA: 0.70833
[Test AUPRC]  -  LA: 0.72507
[Test F1-max]  -  LA: 0.76923
Epoch: 59 | Loss: 1.0013558494392782e-05  | Negative Loss: 0.0
[Test ROC-AUC]  -  SA: 0.00000,  LA: 0.70750
[Test AUPRC]  -  LA: 0.72400
[Test F1-max]  -  LA: 0.76923
Epoch: 60 | Loss: 9.894351023831405e-06  | Negative Loss: 0.0
[Test ROC-AUC]  -  SA: 0.00000,  LA: 0.70750
[Test AUPRC]  -  LA: 0.72400
[Test F1-max]  -  LA: 0.76923
Epoch: 61 | Loss: 9.536723155179061e-06  | Negative Loss: 0.0
[Test ROC-AUC]  -  SA: 0.00000,  LA: 0.70750
[Test AUPRC]  -  LA: 0.72400
[Test F1-max]  -  LA: 0.76923
Epoch: 62 | Loss: 9.298306395066902e-06  | Negative Loss: 0.0
[Test ROC-AUC]  -  SA: 0.00000,  LA: 0.70750
[Test AUPRC]  -  LA: 0.72400
[Test F1-max]  -  LA: 0.76923
Epoch: 63 | Loss: 9.059888725460041e-06  | Negative Loss: 0.0
[Test ROC-AUC]  -  SA: 0.00000,  LA: 0.70750
[Test AUPRC]  -  LA: 0.72400
[Test F1-max]  -  LA: 0.76923
Epoch: 64 | Loss: 8.940680345403962e-06  | Negative Loss: 0.0
[Test ROC-AUC]  -  SA: 0.00000,  LA: 0.70667
[Test AUPRC]  -  LA: 0.72288
[Test F1-max]  -  LA: 0.76923
Epoch: 65 | Loss: 8.58305338624632e-06  | Negative Loss: 0.0
[Test ROC-AUC]  -  SA: 0.00000,  LA: 0.70667
[Test AUPRC]  -  LA: 0.72288
[Test F1-max]  -  LA: 0.76923
Epoch: 66 | Loss: 8.344634807144757e-06  | Negative Loss: 0.0
[Test ROC-AUC]  -  SA: 0.00000,  LA: 0.70667
[Test AUPRC]  -  LA: 0.72288
[Test F1-max]  -  LA: 0.76923
Epoch: 67 | Loss: 8.344634807144757e-06  | Negative Loss: 0.0
[Test ROC-AUC]  -  SA: 0.00000,  LA: 0.70667
[Test AUPRC]  -  LA: 0.72288
[Test F1-max]  -  LA: 0.76923
Epoch: 68 | Loss: 8.106217137537897e-06  | Negative Loss: 0.0
[Test ROC-AUC]  -  SA: 0.00000,  LA: 0.70667
[Test AUPRC]  -  LA: 0.72288
[Test F1-max]  -  LA: 0.76923
Epoch: 69 | Loss: 7.987008757481817e-06  | Negative Loss: 0.0
[Test ROC-AUC]  -  SA: 0.00000,  LA: 0.70667
[Test AUPRC]  -  LA: 0.72288
[Test F1-max]  -  LA: 0.76923
Epoch: 70 | Loss: 7.987008757481817e-06  | Negative Loss: 0.0
[Test ROC-AUC]  -  SA: 0.00000,  LA: 0.70667
[Test AUPRC]  -  LA: 0.72288
[Test F1-max]  -  LA: 0.76923
Epoch: 71 | Loss: 7.867800377425738e-06  | Negative Loss: 0.0
[Test ROC-AUC]  -  SA: 0.00000,  LA: 0.70750
[Test AUPRC]  -  LA: 0.72375
[Test F1-max]  -  LA: 0.76923
Epoch: 72 | Loss: 7.748591087874956e-06  | Negative Loss: 0.0
[Test ROC-AUC]  -  SA: 0.00000,  LA: 0.70750
[Test AUPRC]  -  LA: 0.72375
[Test F1-max]  -  LA: 0.76923
Epoch: 73 | Loss: 7.629381798324175e-06  | Negative Loss: 0.0
[Test ROC-AUC]  -  SA: 0.00000,  LA: 0.70750
[Test AUPRC]  -  LA: 0.72375
[Test F1-max]  -  LA: 0.76923
Epoch: 74 | Loss: 7.510172508773394e-06  | Negative Loss: 0.0
[Test ROC-AUC]  -  SA: 0.00000,  LA: 0.70750
[Test AUPRC]  -  LA: 0.72375
[Test F1-max]  -  LA: 0.76923
Epoch: 75 | Loss: 7.3909636739699636e-06  | Negative Loss: 0.0
[Test ROC-AUC]  -  SA: 0.00000,  LA: 0.70750
[Test AUPRC]  -  LA: 0.72375
[Test F1-max]  -  LA: 0.76923
Epoch: 76 | Loss: 7.3909636739699636e-06  | Negative Loss: 0.0
[Test ROC-AUC]  -  SA: 0.00000,  LA: 0.70750
[Test AUPRC]  -  LA: 0.72375
[Test F1-max]  -  LA: 0.76923
Epoch: 77 | Loss: 7.152546459110454e-06  | Negative Loss: 0.0
[Test ROC-AUC]  -  SA: 0.00000,  LA: 0.70750
[Test AUPRC]  -  LA: 0.72375
[Test F1-max]  -  LA: 0.76923
Epoch: 78 | Loss: 7.152546459110454e-06  | Negative Loss: 0.0
[Test ROC-AUC]  -  SA: 0.00000,  LA: 0.70750
[Test AUPRC]  -  LA: 0.72375
[Test F1-max]  -  LA: 0.76923
Epoch: 79 | Loss: 7.152546459110454e-06  | Negative Loss: 0.0
[Test ROC-AUC]  -  SA: 0.00000,  LA: 0.70750
[Test AUPRC]  -  LA: 0.72375
[Test F1-max]  -  LA: 0.76923
Epoch: 80 | Loss: 7.033337624307023e-06  | Negative Loss: 0.0
[Test ROC-AUC]  -  SA: 0.00000,  LA: 0.70750
[Test AUPRC]  -  LA: 0.72375
[Test F1-max]  -  LA: 0.76923
Epoch: 81 | Loss: 7.033337624307023e-06  | Negative Loss: 0.0
[Test ROC-AUC]  -  SA: 0.00000,  LA: 0.70833
[Test AUPRC]  -  LA: 0.72417
[Test F1-max]  -  LA: 0.76923
Epoch: 82 | Loss: 7.033337624307023e-06  | Negative Loss: 0.0
[Test ROC-AUC]  -  SA: 0.00000,  LA: 0.70750
[Test AUPRC]  -  LA: 0.72358
[Test F1-max]  -  LA: 0.76923
Epoch: 83 | Loss: 6.794919499952812e-06  | Negative Loss: 0.0
[Test ROC-AUC]  -  SA: 0.00000,  LA: 0.70750
[Test AUPRC]  -  LA: 0.72358
[Test F1-max]  -  LA: 0.76923
Epoch: 84 | Loss: 6.6757102104020305e-06  | Negative Loss: 0.0
[Test ROC-AUC]  -  SA: 0.00000,  LA: 0.70917
[Test AUPRC]  -  LA: 0.72498
[Test F1-max]  -  LA: 0.76923
Epoch: 85 | Loss: 6.6757102104020305e-06  | Negative Loss: 0.0
[Test ROC-AUC]  -  SA: 0.00000,  LA: 0.70917
[Test AUPRC]  -  LA: 0.72498
[Test F1-max]  -  LA: 0.76923
Epoch: 86 | Loss: 6.6757102104020305e-06  | Negative Loss: 0.0
[Test ROC-AUC]  -  SA: 0.00000,  LA: 0.70917
[Test AUPRC]  -  LA: 0.72498
[Test F1-max]  -  LA: 0.76923
Epoch: 87 | Loss: 6.5565013755986e-06  | Negative Loss: 0.0
[Test ROC-AUC]  -  SA: 0.00000,  LA: 0.70917
[Test AUPRC]  -  LA: 0.72498
[Test F1-max]  -  LA: 0.76923
Epoch: 88 | Loss: 6.5565013755986e-06  | Negative Loss: 0.0
[Test ROC-AUC]  -  SA: 0.00000,  LA: 0.70750
[Test AUPRC]  -  LA: 0.72269
[Test F1-max]  -  LA: 0.76923
Epoch: 89 | Loss: 6.5565013755986e-06  | Negative Loss: 0.0
[Test ROC-AUC]  -  SA: 0.00000,  LA: 0.70750
[Test AUPRC]  -  LA: 0.72269
[Test F1-max]  -  LA: 0.76923
Epoch: 90 | Loss: 6.43729254079517e-06  | Negative Loss: 0.0
[Test ROC-AUC]  -  SA: 0.00000,  LA: 0.70750
[Test AUPRC]  -  LA: 0.72269
[Test F1-max]  -  LA: 0.76923
Epoch: 91 | Loss: 6.3180832512443885e-06  | Negative Loss: 0.0
[Test ROC-AUC]  -  SA: 0.00000,  LA: 0.70750
[Test AUPRC]  -  LA: 0.72269
[Test F1-max]  -  LA: 0.76923
Epoch: 92 | Loss: 6.3180832512443885e-06  | Negative Loss: 0.0
[Test ROC-AUC]  -  SA: 0.00000,  LA: 0.70750
[Test AUPRC]  -  LA: 0.72269
[Test F1-max]  -  LA: 0.76923
Epoch: 93 | Loss: 6.3180832512443885e-06  | Negative Loss: 0.0
[Test ROC-AUC]  -  SA: 0.00000,  LA: 0.70750
[Test AUPRC]  -  LA: 0.72269
[Test F1-max]  -  LA: 0.76923
Epoch: 94 | Loss: 6.198873961693607e-06  | Negative Loss: 0.0
[Test ROC-AUC]  -  SA: 0.00000,  LA: 0.70833
[Test AUPRC]  -  LA: 0.72320
[Test F1-max]  -  LA: 0.76923
Epoch: 95 | Loss: 6.198873961693607e-06  | Negative Loss: 0.0
[Test ROC-AUC]  -  SA: 0.00000,  LA: 0.70750
[Test AUPRC]  -  LA: 0.72292
[Test F1-max]  -  LA: 0.76923
Epoch: 96 | Loss: 6.079665581637528e-06  | Negative Loss: 0.0
[Test ROC-AUC]  -  SA: 0.00000,  LA: 0.70750
[Test AUPRC]  -  LA: 0.72292
[Test F1-max]  -  LA: 0.76923
Epoch: 97 | Loss: 6.079665581637528e-06  | Negative Loss: 0.0
[Test ROC-AUC]  -  SA: 0.00000,  LA: 0.70750
[Test AUPRC]  -  LA: 0.72292
[Test F1-max]  -  LA: 0.76923
Epoch: 98 | Loss: 6.079665581637528e-06  | Negative Loss: 0.0
[Test ROC-AUC]  -  SA: 0.00000,  LA: 0.70667
[Test AUPRC]  -  LA: 0.72226
[Test F1-max]  -  LA: 0.76923
Epoch: 99 | Loss: 6.079665581637528e-06  | Negative Loss: 0.0
Time consumption: 97.4707682132721
Best LA AUC: 0.7175
Best LA AUPC: 0.756822204964662
Best LA F1-max: 0.78
[Result] Experiment result appended to ./results/train_hybrid_result.csv

[END] 2026-03-18 20:56:24
[RETURN CODE] 0
