[START] 2026-03-18 21:25:56
[GPU] 2
[TASK] 54/60
[NAME] yellow_splicing_winclip
[REPEAT] 4/10
[COMMAND] python train_hybrid.py --data_name yellow_splicing --mask True --text True --double_encoder True --few_shot True --shot 1 --hybrid_model winclip --hybrid_weight 0.3 --hybrid_batch_size 16 --epoch 100 --log True --lr 5e-4 --detection True --preprocess True

/home/seungeon/miniconda3/envs/LAB/lib/python3.10/site-packages/timm/models/layers/__init__.py:48: FutureWarning: Importing from timm.models.layers is deprecated, please import via timm.layers
  warnings.warn(f"Importing from {__name__} is deprecated, please import via timm.layers", FutureWarning)
/home/seungeon/Workspace/side/vlm/train_hybrid.py:18: DeprecationWarning: The distutils package is deprecated and slated for removal in Python 3.12. Use setuptools or check PEP 632 for potential alternatives
  from distutils.util import strtobool
Torch version: 2.9.1+cu128
cuda is loaded for process
here?
In my local computer
Namespace(epoch=100, gpu_number='0', data_name='yellow_splicing', lr=0.0005, batch_size=6, shuffle=True, seed=0, tag='default', model_name='ViT-B-32', pretrained_name='laion2b_s34b_b79k', lora=1, default=False, foundation='CLIP', detection=1, preprocess=1, num_rule=0, object_names=['a photo of orange connector', 'a photo of yellow cable', 'a photo of red cable', 'a photo of blue cable', 'a photo of metal panel'], objects_for_rules=[['a photo of orange connector'], ['a photo of orange connector'], ['a photo of yellow cable'], ['a photo of yellow cable'], ['a photo of orange connector'], ['a photo of orange connector', 'a photo of yellow cable']], texts_for_rules=[['a photo of orange connector'], ['a photo of orange connector'], ['a photo of yellow cable'], ['a photo of yellow cable'], ['a photo of orange connector'], ['a photo of orange connector and yellow cable']], mask=1, text=1, score='mean', ciriculam_learning=False, few_shot=1, shot=1, log=1, neg_loss=0, double_encoder=1, pretrained_count_path=None, ris=0, rule_select='', rule_list=[], num_negative=5, hybrid_model='winclip', hybrid_weight=0.3, hybrid_class_name='', hybrid_batch_size=16, hybrid_backbone='ViT-B-16-plus-240', hybrid_pretrained_dataset='laion400m_e32', hybrid_scales=[2, 3], hybrid_img_resize=240, hybrid_img_cropsize=240, hybrid_resolution=400, hybrid_promptad_epoch=100, hybrid_promptad_lr=0.002, hybrid_promptad_momentum=0.9, hybrid_promptad_weight_decay=0.0005, hybrid_promptad_eta_min=1e-05, hybrid_promptad_lambda1=0.001, hybrid_promptad_n_ctx=4, hybrid_promptad_n_pro=3, hybrid_promptad_n_ctx_ab=1, hybrid_promptad_n_pro_ab=4, early_stop_k=10, result_log_path='./results/train_hybrid_result.csv')
[Hybrid] method=winclip, class_name=splicing_connectors, train=1, eval=68, base_path=/data3/seungeon/data/image/mvtec_loco_anomaly_detection/yellow_splicing
grid 240 16 (15, 15)
[Hybrid-only] LA_AUC=0.60743, LA_AUPRC=0.74893, LA_F1=0.73585
[Data Description]
- Train: 1
- Test: 68

Train Start
[Test ROC-AUC]  -  SA: 0.00000,  LA: 0.59416
[Test AUPRC]  -  LA: 0.71720
[Test F1-max]  -  LA: 0.73585
Epoch: 0 | Loss: 15.874628067016602  | Negative Loss: 0.0
[Test ROC-AUC]  -  SA: 0.00000,  LA: 0.59416
[Test AUPRC]  -  LA: 0.71325
[Test F1-max]  -  LA: 0.73585
Epoch: 1 | Loss: 15.742427825927734  | Negative Loss: 0.0
[Test ROC-AUC]  -  SA: 0.00000,  LA: 0.60389
[Test AUPRC]  -  LA: 0.70406
[Test F1-max]  -  LA: 0.74286
Epoch: 2 | Loss: 14.336509704589844  | Negative Loss: 0.0
[Test ROC-AUC]  -  SA: 0.00000,  LA: 0.61715
[Test AUPRC]  -  LA: 0.68383
[Test F1-max]  -  LA: 0.74286
Epoch: 3 | Loss: 12.167783737182617  | Negative Loss: 0.0
[Test ROC-AUC]  -  SA: 0.00000,  LA: 0.62865
[Test AUPRC]  -  LA: 0.68700
[Test F1-max]  -  LA: 0.75248
Epoch: 4 | Loss: 9.563644409179688  | Negative Loss: 0.0
[Test ROC-AUC]  -  SA: 0.00000,  LA: 0.64545
[Test AUPRC]  -  LA: 0.69716
[Test F1-max]  -  LA: 0.77419
Epoch: 5 | Loss: 7.2811598777771  | Negative Loss: 0.0
[Test ROC-AUC]  -  SA: 0.00000,  LA: 0.62334
[Test AUPRC]  -  LA: 0.68886
[Test F1-max]  -  LA: 0.76471
Epoch: 6 | Loss: 5.609053611755371  | Negative Loss: 0.0
[Test ROC-AUC]  -  SA: 0.00000,  LA: 0.62599
[Test AUPRC]  -  LA: 0.69073
[Test F1-max]  -  LA: 0.76471
Epoch: 7 | Loss: 4.4086737632751465  | Negative Loss: 0.0
[Test ROC-AUC]  -  SA: 0.00000,  LA: 0.63837
[Test AUPRC]  -  LA: 0.70044
[Test F1-max]  -  LA: 0.76923
Epoch: 8 | Loss: 3.4701414108276367  | Negative Loss: 0.0
[Test ROC-AUC]  -  SA: 0.00000,  LA: 0.63749
[Test AUPRC]  -  LA: 0.70564
[Test F1-max]  -  LA: 0.76471
Epoch: 9 | Loss: 2.677070379257202  | Negative Loss: 0.0
[Test ROC-AUC]  -  SA: 0.00000,  LA: 0.64456
[Test AUPRC]  -  LA: 0.71384
[Test F1-max]  -  LA: 0.77551
Epoch: 10 | Loss: 2.032489538192749  | Negative Loss: 0.0
[Test ROC-AUC]  -  SA: 0.00000,  LA: 0.65252
[Test AUPRC]  -  LA: 0.71915
[Test F1-max]  -  LA: 0.78000
Epoch: 11 | Loss: 1.5010087490081787  | Negative Loss: 0.0
[Test ROC-AUC]  -  SA: 0.00000,  LA: 0.65164
[Test AUPRC]  -  LA: 0.71475
[Test F1-max]  -  LA: 0.78000
Epoch: 12 | Loss: 1.069859266281128  | Negative Loss: 0.0
[Test ROC-AUC]  -  SA: 0.00000,  LA: 0.64633
[Test AUPRC]  -  LA: 0.70837
[Test F1-max]  -  LA: 0.78788
Epoch: 13 | Loss: 0.7444719672203064  | Negative Loss: 0.0
[Test ROC-AUC]  -  SA: 0.00000,  LA: 0.64368
[Test AUPRC]  -  LA: 0.70630
[Test F1-max]  -  LA: 0.78788
Epoch: 14 | Loss: 0.5033689737319946  | Negative Loss: 0.0
[Test ROC-AUC]  -  SA: 0.00000,  LA: 0.63484
[Test AUPRC]  -  LA: 0.69743
[Test F1-max]  -  LA: 0.78351
Epoch: 15 | Loss: 0.3348572552204132  | Negative Loss: 0.0
[Test ROC-AUC]  -  SA: 0.00000,  LA: 0.63837
[Test AUPRC]  -  LA: 0.70414
[Test F1-max]  -  LA: 0.78000
Epoch: 16 | Loss: 0.2225346565246582  | Negative Loss: 0.0
[Test ROC-AUC]  -  SA: 0.00000,  LA: 0.63484
[Test AUPRC]  -  LA: 0.69820
[Test F1-max]  -  LA: 0.78000
Epoch: 17 | Loss: 0.14747588336467743  | Negative Loss: 0.0
[Test ROC-AUC]  -  SA: 0.00000,  LA: 0.63307
[Test AUPRC]  -  LA: 0.69513
[Test F1-max]  -  LA: 0.78000
Epoch: 18 | Loss: 0.0977322980761528  | Negative Loss: 0.0
[Test ROC-AUC]  -  SA: 0.00000,  LA: 0.63749
[Test AUPRC]  -  LA: 0.69174
[Test F1-max]  -  LA: 0.78000
Epoch: 19 | Loss: 0.06492544710636139  | Negative Loss: 0.0
[Test ROC-AUC]  -  SA: 0.00000,  LA: 0.63218
[Test AUPRC]  -  LA: 0.68699
[Test F1-max]  -  LA: 0.77551
Epoch: 20 | Loss: 0.04331028088927269  | Negative Loss: 0.0
[Test ROC-AUC]  -  SA: 0.00000,  LA: 0.63395
[Test AUPRC]  -  LA: 0.68477
[Test F1-max]  -  LA: 0.77551
Epoch: 21 | Loss: 0.02908053994178772  | Negative Loss: 0.0
[Test ROC-AUC]  -  SA: 0.00000,  LA: 0.64633
[Test AUPRC]  -  LA: 0.69799
[Test F1-max]  -  LA: 0.77895
Epoch: 22 | Loss: 0.019690703600645065  | Negative Loss: 0.0
[Test ROC-AUC]  -  SA: 0.00000,  LA: 0.64545
[Test AUPRC]  -  LA: 0.70594
[Test F1-max]  -  LA: 0.77083
Epoch: 23 | Loss: 0.01348780281841755  | Negative Loss: 0.0
[Test ROC-AUC]  -  SA: 0.00000,  LA: 0.64545
[Test AUPRC]  -  LA: 0.70653
[Test F1-max]  -  LA: 0.77083
Epoch: 24 | Loss: 0.009349825792014599  | Negative Loss: 0.0
[Test ROC-AUC]  -  SA: 0.00000,  LA: 0.64633
[Test AUPRC]  -  LA: 0.70583
[Test F1-max]  -  LA: 0.77083
Epoch: 25 | Loss: 0.0065591586753726006  | Negative Loss: 0.0
[Test ROC-AUC]  -  SA: 0.00000,  LA: 0.65164
[Test AUPRC]  -  LA: 0.70960
[Test F1-max]  -  LA: 0.77083
Epoch: 26 | Loss: 0.004663296043872833  | Negative Loss: 0.0
[Test ROC-AUC]  -  SA: 0.00000,  LA: 0.65517
[Test AUPRC]  -  LA: 0.71362
[Test F1-max]  -  LA: 0.77083
Epoch: 27 | Loss: 0.0033588679507374763  | Negative Loss: 0.0
[Test ROC-AUC]  -  SA: 0.00000,  LA: 0.65252
[Test AUPRC]  -  LA: 0.71345
[Test F1-max]  -  LA: 0.77083
Epoch: 28 | Loss: 0.002454369096085429  | Negative Loss: 0.0
[Test ROC-AUC]  -  SA: 0.00000,  LA: 0.65340
[Test AUPRC]  -  LA: 0.71980
[Test F1-max]  -  LA: 0.76471
Epoch: 29 | Loss: 0.0018200536724179983  | Negative Loss: 0.0
[Test ROC-AUC]  -  SA: 0.00000,  LA: 0.65517
[Test AUPRC]  -  LA: 0.72199
[Test F1-max]  -  LA: 0.76471
Epoch: 30 | Loss: 0.0013702381402254105  | Negative Loss: 0.0
[Test ROC-AUC]  -  SA: 0.00000,  LA: 0.65606
[Test AUPRC]  -  LA: 0.72408
[Test F1-max]  -  LA: 0.76471
Epoch: 31 | Loss: 0.0010477141477167606  | Negative Loss: 0.0
[Test ROC-AUC]  -  SA: 0.00000,  LA: 0.65517
[Test AUPRC]  -  LA: 0.72517
[Test F1-max]  -  LA: 0.76471
Epoch: 32 | Loss: 0.000813448044937104  | Negative Loss: 0.0
[Test ROC-AUC]  -  SA: 0.00000,  LA: 0.65871
[Test AUPRC]  -  LA: 0.73360
[Test F1-max]  -  LA: 0.76471
Epoch: 33 | Loss: 0.0006408908520825207  | Negative Loss: 0.0
[Test ROC-AUC]  -  SA: 0.00000,  LA: 0.65959
[Test AUPRC]  -  LA: 0.73679
[Test F1-max]  -  LA: 0.76471
Epoch: 34 | Loss: 0.0005122985458001494  | Negative Loss: 0.0
[Test ROC-AUC]  -  SA: 0.00000,  LA: 0.65959
[Test AUPRC]  -  LA: 0.73747
[Test F1-max]  -  LA: 0.76289
Epoch: 35 | Loss: 0.0004152834299020469  | Negative Loss: 0.0
[Test ROC-AUC]  -  SA: 0.00000,  LA: 0.66048
[Test AUPRC]  -  LA: 0.73886
[Test F1-max]  -  LA: 0.76289
Epoch: 36 | Loss: 0.00034126773243770003  | Negative Loss: 0.0
[Test ROC-AUC]  -  SA: 0.00000,  LA: 0.65959
[Test AUPRC]  -  LA: 0.73804
[Test F1-max]  -  LA: 0.76289
Epoch: 37 | Loss: 0.0002842942194547504  | Negative Loss: 0.0
[Test ROC-AUC]  -  SA: 0.00000,  LA: 0.66048
[Test AUPRC]  -  LA: 0.74243
[Test F1-max]  -  LA: 0.76289
Epoch: 38 | Loss: 0.00023983481514733285  | Negative Loss: 0.0
[Test ROC-AUC]  -  SA: 0.00000,  LA: 0.65959
[Test AUPRC]  -  LA: 0.74276
[Test F1-max]  -  LA: 0.76289
Epoch: 39 | Loss: 0.0002045526634901762  | Negative Loss: 0.0
[Test ROC-AUC]  -  SA: 0.00000,  LA: 0.66136
[Test AUPRC]  -  LA: 0.74474
[Test F1-max]  -  LA: 0.76289
Epoch: 40 | Loss: 0.00017666032363194972  | Negative Loss: 0.0
[Test ROC-AUC]  -  SA: 0.00000,  LA: 0.65959
[Test AUPRC]  -  LA: 0.74402
[Test F1-max]  -  LA: 0.76289
Epoch: 41 | Loss: 0.00015413161600008607  | Negative Loss: 0.0
[Test ROC-AUC]  -  SA: 0.00000,  LA: 0.65959
[Test AUPRC]  -  LA: 0.74623
[Test F1-max]  -  LA: 0.76289
Epoch: 42 | Loss: 0.00013577470963355154  | Negative Loss: 0.0
[Test ROC-AUC]  -  SA: 0.00000,  LA: 0.65959
[Test AUPRC]  -  LA: 0.74770
[Test F1-max]  -  LA: 0.76289
Epoch: 43 | Loss: 0.00012051689554937184  | Negative Loss: 0.0
[Test ROC-AUC]  -  SA: 0.00000,  LA: 0.66048
[Test AUPRC]  -  LA: 0.74948
[Test F1-max]  -  LA: 0.75728
Epoch: 44 | Loss: 0.00010800062591442838  | Negative Loss: 0.0
[Test ROC-AUC]  -  SA: 0.00000,  LA: 0.65782
[Test AUPRC]  -  LA: 0.74809
[Test F1-max]  -  LA: 0.75728
Epoch: 45 | Loss: 9.762995614437386e-05  | Negative Loss: 0.0
[Test ROC-AUC]  -  SA: 0.00000,  LA: 0.65694
[Test AUPRC]  -  LA: 0.74776
[Test F1-max]  -  LA: 0.75728
Epoch: 46 | Loss: 8.904729475034401e-05  | Negative Loss: 0.0
[Test ROC-AUC]  -  SA: 0.00000,  LA: 0.65782
[Test AUPRC]  -  LA: 0.74916
[Test F1-max]  -  LA: 0.75728
Epoch: 47 | Loss: 8.153744420269504e-05  | Negative Loss: 0.0
[Test ROC-AUC]  -  SA: 0.00000,  LA: 0.65782
[Test AUPRC]  -  LA: 0.74951
[Test F1-max]  -  LA: 0.75728
Epoch: 48 | Loss: 7.521959923906252e-05  | Negative Loss: 0.0
[Test ROC-AUC]  -  SA: 0.00000,  LA: 0.65782
[Test AUPRC]  -  LA: 0.74951
[Test F1-max]  -  LA: 0.75728
Epoch: 49 | Loss: 6.997458694968373e-05  | Negative Loss: 0.0
[Test ROC-AUC]  -  SA: 0.00000,  LA: 0.65782
[Test AUPRC]  -  LA: 0.74951
[Test F1-max]  -  LA: 0.75728
Epoch: 50 | Loss: 6.520637543871999e-05  | Negative Loss: 0.0
[Test ROC-AUC]  -  SA: 0.00000,  LA: 0.65782
[Test AUPRC]  -  LA: 0.74951
[Test F1-max]  -  LA: 0.75728
Epoch: 51 | Loss: 6.115339056123048e-05  | Negative Loss: 0.0
[Test ROC-AUC]  -  SA: 0.00000,  LA: 0.65782
[Test AUPRC]  -  LA: 0.74994
[Test F1-max]  -  LA: 0.75728
Epoch: 52 | Loss: 5.769643030362204e-05  | Negative Loss: 0.0
[Test ROC-AUC]  -  SA: 0.00000,  LA: 0.65782
[Test AUPRC]  -  LA: 0.74994
[Test F1-max]  -  LA: 0.75728
Epoch: 53 | Loss: 5.447787043522112e-05  | Negative Loss: 0.0
[Test ROC-AUC]  -  SA: 0.00000,  LA: 0.65782
[Test AUPRC]  -  LA: 0.75054
[Test F1-max]  -  LA: 0.75728
Epoch: 54 | Loss: 5.197454447625205e-05  | Negative Loss: 0.0
[Test ROC-AUC]  -  SA: 0.00000,  LA: 0.65782
[Test AUPRC]  -  LA: 0.75054
[Test F1-max]  -  LA: 0.75728
Epoch: 55 | Loss: 4.9590420530876145e-05  | Negative Loss: 0.0
[Test ROC-AUC]  -  SA: 0.00000,  LA: 0.65694
[Test AUPRC]  -  LA: 0.75018
[Test F1-max]  -  LA: 0.75728
Epoch: 56 | Loss: 4.744470788864419e-05  | Negative Loss: 0.0
[Test ROC-AUC]  -  SA: 0.00000,  LA: 0.65694
[Test AUPRC]  -  LA: 0.75018
[Test F1-max]  -  LA: 0.75728
Epoch: 57 | Loss: 4.5656612201128155e-05  | Negative Loss: 0.0
[Test ROC-AUC]  -  SA: 0.00000,  LA: 0.65694
[Test AUPRC]  -  LA: 0.75018
[Test F1-max]  -  LA: 0.75728
Epoch: 58 | Loss: 4.398771852720529e-05  | Negative Loss: 0.0
[Test ROC-AUC]  -  SA: 0.00000,  LA: 0.65694
[Test AUPRC]  -  LA: 0.75018
[Test F1-max]  -  LA: 0.75728
Epoch: 59 | Loss: 4.255723979440518e-05  | Negative Loss: 0.0
[Test ROC-AUC]  -  SA: 0.00000,  LA: 0.65694
[Test AUPRC]  -  LA: 0.75092
[Test F1-max]  -  LA: 0.75728
Epoch: 60 | Loss: 4.1126761061605066e-05  | Negative Loss: 0.0
[Test ROC-AUC]  -  SA: 0.00000,  LA: 0.65694
[Test AUPRC]  -  LA: 0.75092
[Test F1-max]  -  LA: 0.75728
Epoch: 61 | Loss: 3.99346936319489e-05  | Negative Loss: 0.0
[Test ROC-AUC]  -  SA: 0.00000,  LA: 0.65694
[Test AUPRC]  -  LA: 0.75024
[Test F1-max]  -  LA: 0.75728
Epoch: 62 | Loss: 3.898103750543669e-05  | Negative Loss: 0.0
[Test ROC-AUC]  -  SA: 0.00000,  LA: 0.65694
[Test AUPRC]  -  LA: 0.75024
[Test F1-max]  -  LA: 0.75728
Epoch: 63 | Loss: 3.79081757273525e-05  | Negative Loss: 0.0
[Test ROC-AUC]  -  SA: 0.00000,  LA: 0.65694
[Test AUPRC]  -  LA: 0.75024
[Test F1-max]  -  LA: 0.75728
Epoch: 64 | Loss: 3.7073732528369874e-05  | Negative Loss: 0.0
[Test ROC-AUC]  -  SA: 0.00000,  LA: 0.65694
[Test AUPRC]  -  LA: 0.75024
[Test F1-max]  -  LA: 0.75728
Epoch: 65 | Loss: 3.612007276387885e-05  | Negative Loss: 0.0
[Test ROC-AUC]  -  SA: 0.00000,  LA: 0.65694
[Test AUPRC]  -  LA: 0.75024
[Test F1-max]  -  LA: 0.75728
Epoch: 66 | Loss: 3.552403723006137e-05  | Negative Loss: 0.0
[Test ROC-AUC]  -  SA: 0.00000,  LA: 0.65694
[Test AUPRC]  -  LA: 0.75024
[Test F1-max]  -  LA: 0.75728
Epoch: 67 | Loss: 3.48087924066931e-05  | Negative Loss: 0.0
[Test ROC-AUC]  -  SA: 0.00000,  LA: 0.65694
[Test AUPRC]  -  LA: 0.75024
[Test F1-max]  -  LA: 0.75728
Epoch: 68 | Loss: 3.409355122130364e-05  | Negative Loss: 0.0
[Test ROC-AUC]  -  SA: 0.00000,  LA: 0.65694
[Test AUPRC]  -  LA: 0.75024
[Test F1-max]  -  LA: 0.75728
Epoch: 69 | Loss: 3.3378306397935376e-05  | Negative Loss: 0.0
[Test ROC-AUC]  -  SA: 0.00000,  LA: 0.65782
[Test AUPRC]  -  LA: 0.75127
[Test F1-max]  -  LA: 0.75728
Epoch: 70 | Loss: 3.2782267226139084e-05  | Negative Loss: 0.0
[Test ROC-AUC]  -  SA: 0.00000,  LA: 0.65782
[Test AUPRC]  -  LA: 0.75127
[Test F1-max]  -  LA: 0.75728
Epoch: 71 | Loss: 3.242465027142316e-05  | Negative Loss: 0.0
[Test ROC-AUC]  -  SA: 0.00000,  LA: 0.65782
[Test AUPRC]  -  LA: 0.75144
[Test F1-max]  -  LA: 0.75728
Epoch: 72 | Loss: 3.182861109962687e-05  | Negative Loss: 0.0
[Test ROC-AUC]  -  SA: 0.00000,  LA: 0.65871
[Test AUPRC]  -  LA: 0.75259
[Test F1-max]  -  LA: 0.75728
Epoch: 73 | Loss: 3.135178121738136e-05  | Negative Loss: 0.0
[Test ROC-AUC]  -  SA: 0.00000,  LA: 0.65782
[Test AUPRC]  -  LA: 0.75207
[Test F1-max]  -  LA: 0.75728
Epoch: 74 | Loss: 3.099416062468663e-05  | Negative Loss: 0.0
[Test ROC-AUC]  -  SA: 0.00000,  LA: 0.65782
[Test AUPRC]  -  LA: 0.75207
[Test F1-max]  -  LA: 0.75728
Epoch: 75 | Loss: 3.06365400319919e-05  | Negative Loss: 0.0
[Test ROC-AUC]  -  SA: 0.00000,  LA: 0.65782
[Test AUPRC]  -  LA: 0.75207
[Test F1-max]  -  LA: 0.75728
Epoch: 76 | Loss: 3.027891943929717e-05  | Negative Loss: 0.0
[Test ROC-AUC]  -  SA: 0.00000,  LA: 0.65871
[Test AUPRC]  -  LA: 0.75259
[Test F1-max]  -  LA: 0.75728
Epoch: 77 | Loss: 2.9921297027613036e-05  | Negative Loss: 0.0
[Test ROC-AUC]  -  SA: 0.00000,  LA: 0.65871
[Test AUPRC]  -  LA: 0.75259
[Test F1-max]  -  LA: 0.75728
Epoch: 78 | Loss: 2.95636727969395e-05  | Negative Loss: 0.0
[Test ROC-AUC]  -  SA: 0.00000,  LA: 0.65871
[Test AUPRC]  -  LA: 0.75259
[Test F1-max]  -  LA: 0.75728
Epoch: 79 | Loss: 2.9086841095704585e-05  | Negative Loss: 0.0
[Test ROC-AUC]  -  SA: 0.00000,  LA: 0.65871
[Test AUPRC]  -  LA: 0.75259
[Test F1-max]  -  LA: 0.75728
Epoch: 80 | Loss: 2.8848427973571233e-05  | Negative Loss: 0.0
[Test ROC-AUC]  -  SA: 0.00000,  LA: 0.65871
[Test AUPRC]  -  LA: 0.75259
[Test F1-max]  -  LA: 0.75728
Epoch: 81 | Loss: 2.8610013032448478e-05  | Negative Loss: 0.0
[Test ROC-AUC]  -  SA: 0.00000,  LA: 0.65871
[Test AUPRC]  -  LA: 0.75259
[Test F1-max]  -  LA: 0.75728
Epoch: 82 | Loss: 2.8133181331213564e-05  | Negative Loss: 0.0
[Test ROC-AUC]  -  SA: 0.00000,  LA: 0.65871
[Test AUPRC]  -  LA: 0.75259
[Test F1-max]  -  LA: 0.75728
Epoch: 83 | Loss: 2.8013973860652186e-05  | Negative Loss: 0.0
[Test ROC-AUC]  -  SA: 0.00000,  LA: 0.65871
[Test AUPRC]  -  LA: 0.75259
[Test F1-max]  -  LA: 0.75728
Epoch: 84 | Loss: 2.7775560738518834e-05  | Negative Loss: 0.0
[Test ROC-AUC]  -  SA: 0.00000,  LA: 0.65871
[Test AUPRC]  -  LA: 0.75259
[Test F1-max]  -  LA: 0.75728
Epoch: 85 | Loss: 2.74179383268347e-05  | Negative Loss: 0.0
[Test ROC-AUC]  -  SA: 0.00000,  LA: 0.65871
[Test AUPRC]  -  LA: 0.75259
[Test F1-max]  -  LA: 0.75728
Epoch: 86 | Loss: 2.7298732675262727e-05  | Negative Loss: 0.0
[Test ROC-AUC]  -  SA: 0.00000,  LA: 0.65871
[Test AUPRC]  -  LA: 0.75259
[Test F1-max]  -  LA: 0.75728
Epoch: 87 | Loss: 2.694110844458919e-05  | Negative Loss: 0.0
[Test ROC-AUC]  -  SA: 0.00000,  LA: 0.65871
[Test AUPRC]  -  LA: 0.75259
[Test F1-max]  -  LA: 0.75728
Epoch: 88 | Loss: 2.658348239492625e-05  | Negative Loss: 0.0
[Test ROC-AUC]  -  SA: 0.00000,  LA: 0.65871
[Test AUPRC]  -  LA: 0.75259
[Test F1-max]  -  LA: 0.75728
Epoch: 89 | Loss: 2.6345069272792898e-05  | Negative Loss: 0.0
[Test ROC-AUC]  -  SA: 0.00000,  LA: 0.65871
[Test AUPRC]  -  LA: 0.75259
[Test F1-max]  -  LA: 0.75728
Epoch: 90 | Loss: 2.622586180223152e-05  | Negative Loss: 0.0
[Test ROC-AUC]  -  SA: 0.00000,  LA: 0.65871
[Test AUPRC]  -  LA: 0.75259
[Test F1-max]  -  LA: 0.75728
Epoch: 91 | Loss: 2.598744868009817e-05  | Negative Loss: 0.0
[Test ROC-AUC]  -  SA: 0.00000,  LA: 0.65782
[Test AUPRC]  -  LA: 0.75214
[Test F1-max]  -  LA: 0.75728
Epoch: 92 | Loss: 2.562982263043523e-05  | Negative Loss: 0.0
[Test ROC-AUC]  -  SA: 0.00000,  LA: 0.65782
[Test AUPRC]  -  LA: 0.75214
[Test F1-max]  -  LA: 0.75728
Epoch: 93 | Loss: 2.5391407689312473e-05  | Negative Loss: 0.0
[Test ROC-AUC]  -  SA: 0.00000,  LA: 0.65782
[Test AUPRC]  -  LA: 0.75214
[Test F1-max]  -  LA: 0.75728
Epoch: 94 | Loss: 2.5152992748189718e-05  | Negative Loss: 0.0
[Test ROC-AUC]  -  SA: 0.00000,  LA: 0.65782
[Test AUPRC]  -  LA: 0.75214
[Test F1-max]  -  LA: 0.75728
Epoch: 95 | Loss: 2.5033783458638936e-05  | Negative Loss: 0.0
[Test ROC-AUC]  -  SA: 0.00000,  LA: 0.65782
[Test AUPRC]  -  LA: 0.75214
[Test F1-max]  -  LA: 0.75728
Epoch: 96 | Loss: 2.4914577807066962e-05  | Negative Loss: 0.0
[Test ROC-AUC]  -  SA: 0.00000,  LA: 0.65694
[Test AUPRC]  -  LA: 0.75142
[Test F1-max]  -  LA: 0.75728
Epoch: 97 | Loss: 2.4556953576393425e-05  | Negative Loss: 0.0
[Test ROC-AUC]  -  SA: 0.00000,  LA: 0.65606
[Test AUPRC]  -  LA: 0.75097
[Test F1-max]  -  LA: 0.75728
Epoch: 98 | Loss: 2.431853863527067e-05  | Negative Loss: 0.0
[Test ROC-AUC]  -  SA: 0.00000,  LA: 0.65606
[Test AUPRC]  -  LA: 0.75097
[Test F1-max]  -  LA: 0.75728
Epoch: 99 | Loss: 2.4080123694147915e-05  | Negative Loss: 0.0
Time consumption: 95.6229145526886
Best LA AUC: 0.6613616268788682
Best LA AUPC: 0.7525867055892116
Best LA F1-max: 0.787878787878788
[Result] Experiment result appended to ./results/train_hybrid_result.csv

[END] 2026-03-18 21:29:29
[RETURN CODE] 0
