[START] 2026-03-18 21:05:26
[GPU] 2
[TASK] 29/60
[NAME] red_splicing_promptad
[REPEAT] 9/10
[COMMAND] python train_hybrid.py --data_name red_splicing --mask True --text True --double_encoder True --few_shot True --shot 1 --hybrid_model promptad --hybrid_weight 0.3 --hybrid_batch_size 16 --epoch 100 --log True --lr 5e-4 --detection True --preprocess True

/home/seungeon/miniconda3/envs/LAB/lib/python3.10/site-packages/timm/models/layers/__init__.py:48: FutureWarning: Importing from timm.models.layers is deprecated, please import via timm.layers
  warnings.warn(f"Importing from {__name__} is deprecated, please import via timm.layers", FutureWarning)
/home/seungeon/Workspace/side/vlm/train_hybrid.py:18: DeprecationWarning: The distutils package is deprecated and slated for removal in Python 3.12. Use setuptools or check PEP 632 for potential alternatives
  from distutils.util import strtobool
Torch version: 2.9.1+cu128
cuda is loaded for process
here?
In my local computer
Namespace(epoch=100, gpu_number='0', data_name='red_splicing', lr=0.0005, batch_size=6, shuffle=True, seed=0, tag='default', model_name='ViT-B-32', pretrained_name='laion2b_s34b_b79k', lora=1, default=False, foundation='CLIP', detection=1, preprocess=1, num_rule=0, object_names=['a photo of orange connector', 'a photo of red cable', 'a photo of yellow cable', 'a photo of blue cable', 'a photo of metal panel'], objects_for_rules=[['a photo of orange connector'], ['a photo of orange connector'], ['a photo of red cable'], ['a photo of red cable'], ['a photo of orange connector'], ['a photo of orange connector', 'a photo of red cable']], texts_for_rules=[['a photo of orange connector'], ['a photo of orange connector'], ['a photo of red cable'], ['a photo of red cable'], ['a photo of orange connector'], ['a photo of orange connector and red cable']], mask=1, text=1, score='mean', ciriculam_learning=False, few_shot=1, shot=1, log=1, neg_loss=0, double_encoder=1, pretrained_count_path=None, ris=0, rule_select='', rule_list=[], num_negative=5, hybrid_model='promptad', hybrid_weight=0.3, hybrid_class_name='', hybrid_batch_size=16, hybrid_backbone='ViT-B-16-plus-240', hybrid_pretrained_dataset='laion400m_e32', hybrid_scales=[2, 3], hybrid_img_resize=240, hybrid_img_cropsize=240, hybrid_resolution=400, hybrid_promptad_epoch=100, hybrid_promptad_lr=0.002, hybrid_promptad_momentum=0.9, hybrid_promptad_weight_decay=0.0005, hybrid_promptad_eta_min=1e-05, hybrid_promptad_lambda1=0.001, hybrid_promptad_n_ctx=4, hybrid_promptad_n_pro=3, hybrid_promptad_n_ctx_ab=1, hybrid_promptad_n_pro_ab=4, early_stop_k=10, result_log_path='./results/train_hybrid_result.csv')
[Hybrid] method=promptad, class_name=splicing_connectors, train=1, eval=89, base_path=/data3/seungeon/data/image/mvtec_loco_anomaly_detection/red_splicing
[Hybrid-only] LA_AUC=0.84668, LA_AUPRC=0.75446, LA_F1=0.80899
[Data Description]
- Train: 1
- Test: 89

Train Start
[Test ROC-AUC]  -  SA: 0.00000,  LA: 0.58827
[Test AUPRC]  -  LA: 0.50484
[Test F1-max]  -  LA: 0.64463
Epoch: 0 | Loss: 15.197227478027344  | Negative Loss: 0.0
[Test ROC-AUC]  -  SA: 0.00000,  LA: 0.58776
[Test AUPRC]  -  LA: 0.50234
[Test F1-max]  -  LA: 0.64463
Epoch: 1 | Loss: 15.11220932006836  | Negative Loss: 0.0
[Test ROC-AUC]  -  SA: 0.00000,  LA: 0.63163
[Test AUPRC]  -  LA: 0.54606
[Test F1-max]  -  LA: 0.65546
Epoch: 2 | Loss: 13.901551246643066  | Negative Loss: 0.0
[Test ROC-AUC]  -  SA: 0.00000,  LA: 0.66786
[Test AUPRC]  -  LA: 0.63626
[Test F1-max]  -  LA: 0.66667
Epoch: 3 | Loss: 12.048173904418945  | Negative Loss: 0.0
[Test ROC-AUC]  -  SA: 0.00000,  LA: 0.65663
[Test AUPRC]  -  LA: 0.65909
[Test F1-max]  -  LA: 0.67227
Epoch: 4 | Loss: 9.907748222351074  | Negative Loss: 0.0
[Test ROC-AUC]  -  SA: 0.00000,  LA: 0.64439
[Test AUPRC]  -  LA: 0.65824
[Test F1-max]  -  LA: 0.67797
Epoch: 5 | Loss: 7.903789520263672  | Negative Loss: 0.0
[Test ROC-AUC]  -  SA: 0.00000,  LA: 0.62449
[Test AUPRC]  -  LA: 0.64386
[Test F1-max]  -  LA: 0.67241
Epoch: 6 | Loss: 6.159792900085449  | Negative Loss: 0.0
[Test ROC-AUC]  -  SA: 0.00000,  LA: 0.62194
[Test AUPRC]  -  LA: 0.63782
[Test F1-max]  -  LA: 0.67826
Epoch: 7 | Loss: 4.776627540588379  | Negative Loss: 0.0
[Test ROC-AUC]  -  SA: 0.00000,  LA: 0.62857
[Test AUPRC]  -  LA: 0.64576
[Test F1-max]  -  LA: 0.67241
Epoch: 8 | Loss: 3.7103257179260254  | Negative Loss: 0.0
[Test ROC-AUC]  -  SA: 0.00000,  LA: 0.63367
[Test AUPRC]  -  LA: 0.64949
[Test F1-max]  -  LA: 0.67241
Epoch: 9 | Loss: 2.8669238090515137  | Negative Loss: 0.0
[Test ROC-AUC]  -  SA: 0.00000,  LA: 0.63673
[Test AUPRC]  -  LA: 0.64849
[Test F1-max]  -  LA: 0.67241
Epoch: 10 | Loss: 2.1757566928863525  | Negative Loss: 0.0
[Test ROC-AUC]  -  SA: 0.00000,  LA: 0.65153
[Test AUPRC]  -  LA: 0.65949
[Test F1-max]  -  LA: 0.67797
Epoch: 11 | Loss: 1.620650053024292  | Negative Loss: 0.0
[Test ROC-AUC]  -  SA: 0.00000,  LA: 0.66378
[Test AUPRC]  -  LA: 0.66547
[Test F1-max]  -  LA: 0.67797
Epoch: 12 | Loss: 1.1782605648040771  | Negative Loss: 0.0
[Test ROC-AUC]  -  SA: 0.00000,  LA: 0.67755
[Test AUPRC]  -  LA: 0.67710
[Test F1-max]  -  LA: 0.67797
Epoch: 13 | Loss: 0.839881956577301  | Negative Loss: 0.0
[Test ROC-AUC]  -  SA: 0.00000,  LA: 0.69898
[Test AUPRC]  -  LA: 0.68970
[Test F1-max]  -  LA: 0.67826
Epoch: 14 | Loss: 0.5837923288345337  | Negative Loss: 0.0
[Test ROC-AUC]  -  SA: 0.00000,  LA: 0.71071
[Test AUPRC]  -  LA: 0.69405
[Test F1-max]  -  LA: 0.68421
Epoch: 15 | Loss: 0.39208048582077026  | Negative Loss: 0.0
[Test ROC-AUC]  -  SA: 0.00000,  LA: 0.72245
[Test AUPRC]  -  LA: 0.69762
[Test F1-max]  -  LA: 0.69091
Epoch: 16 | Loss: 0.25725895166397095  | Negative Loss: 0.0
[Test ROC-AUC]  -  SA: 0.00000,  LA: 0.72755
[Test AUPRC]  -  LA: 0.69578
[Test F1-max]  -  LA: 0.69091
Epoch: 17 | Loss: 0.1655677855014801  | Negative Loss: 0.0
[Test ROC-AUC]  -  SA: 0.00000,  LA: 0.73673
[Test AUPRC]  -  LA: 0.70348
[Test F1-max]  -  LA: 0.69725
Epoch: 18 | Loss: 0.10535898804664612  | Negative Loss: 0.0
[Test ROC-AUC]  -  SA: 0.00000,  LA: 0.74745
[Test AUPRC]  -  LA: 0.70280
[Test F1-max]  -  LA: 0.71429
Epoch: 19 | Loss: 0.06644953787326813  | Negative Loss: 0.0
[Test ROC-AUC]  -  SA: 0.00000,  LA: 0.75867
[Test AUPRC]  -  LA: 0.71080
[Test F1-max]  -  LA: 0.72072
Epoch: 20 | Loss: 0.04173631966114044  | Negative Loss: 0.0
[Test ROC-AUC]  -  SA: 0.00000,  LA: 0.76684
[Test AUPRC]  -  LA: 0.71472
[Test F1-max]  -  LA: 0.72222
Epoch: 21 | Loss: 0.026304688304662704  | Negative Loss: 0.0
[Test ROC-AUC]  -  SA: 0.00000,  LA: 0.77296
[Test AUPRC]  -  LA: 0.70723
[Test F1-max]  -  LA: 0.73585
Epoch: 22 | Loss: 0.01668417826294899  | Negative Loss: 0.0
[Test ROC-AUC]  -  SA: 0.00000,  LA: 0.78418
[Test AUPRC]  -  LA: 0.71842
[Test F1-max]  -  LA: 0.74286
Epoch: 23 | Loss: 0.010684298351407051  | Negative Loss: 0.0
[Test ROC-AUC]  -  SA: 0.00000,  LA: 0.79439
[Test AUPRC]  -  LA: 0.72583
[Test F1-max]  -  LA: 0.75000
Epoch: 24 | Loss: 0.006919591221958399  | Negative Loss: 0.0
[Test ROC-AUC]  -  SA: 0.00000,  LA: 0.79898
[Test AUPRC]  -  LA: 0.71282
[Test F1-max]  -  LA: 0.75000
Epoch: 25 | Loss: 0.004554794169962406  | Negative Loss: 0.0
[Test ROC-AUC]  -  SA: 0.00000,  LA: 0.80153
[Test AUPRC]  -  LA: 0.71192
[Test F1-max]  -  LA: 0.75728
Epoch: 26 | Loss: 0.0030470744241029024  | Negative Loss: 0.0
[Test ROC-AUC]  -  SA: 0.00000,  LA: 0.80714
[Test AUPRC]  -  LA: 0.71646
[Test F1-max]  -  LA: 0.75728
Epoch: 27 | Loss: 0.002073730807751417  | Negative Loss: 0.0
[Test ROC-AUC]  -  SA: 0.00000,  LA: 0.81327
[Test AUPRC]  -  LA: 0.72071
[Test F1-max]  -  LA: 0.77228
Epoch: 28 | Loss: 0.0014367244439199567  | Negative Loss: 0.0
[Test ROC-AUC]  -  SA: 0.00000,  LA: 0.81939
[Test AUPRC]  -  LA: 0.72499
[Test F1-max]  -  LA: 0.77228
Epoch: 29 | Loss: 0.0010144844418391585  | Negative Loss: 0.0
[Test ROC-AUC]  -  SA: 0.00000,  LA: 0.82041
[Test AUPRC]  -  LA: 0.72369
[Test F1-max]  -  LA: 0.77228
Epoch: 30 | Loss: 0.0007302816375158727  | Negative Loss: 0.0
[Test ROC-AUC]  -  SA: 0.00000,  LA: 0.82194
[Test AUPRC]  -  LA: 0.72026
[Test F1-max]  -  LA: 0.78000
Epoch: 31 | Loss: 0.0005354284658096731  | Negative Loss: 0.0
[Test ROC-AUC]  -  SA: 0.00000,  LA: 0.82449
[Test AUPRC]  -  LA: 0.72295
[Test F1-max]  -  LA: 0.78000
Epoch: 32 | Loss: 0.0003999146865680814  | Negative Loss: 0.0
[Test ROC-AUC]  -  SA: 0.00000,  LA: 0.82500
[Test AUPRC]  -  LA: 0.72065
[Test F1-max]  -  LA: 0.78000
Epoch: 33 | Loss: 0.0003042037133127451  | Negative Loss: 0.0
[Test ROC-AUC]  -  SA: 0.00000,  LA: 0.82857
[Test AUPRC]  -  LA: 0.72255
[Test F1-max]  -  LA: 0.78000
Epoch: 34 | Loss: 0.00023530834005214274  | Negative Loss: 0.0
[Test ROC-AUC]  -  SA: 0.00000,  LA: 0.83061
[Test AUPRC]  -  LA: 0.72350
[Test F1-max]  -  LA: 0.78788
Epoch: 35 | Loss: 0.0001851254637585953  | Negative Loss: 0.0
[Test ROC-AUC]  -  SA: 0.00000,  LA: 0.83163
[Test AUPRC]  -  LA: 0.74124
[Test F1-max]  -  LA: 0.79592
Epoch: 36 | Loss: 0.00014793459558859468  | Negative Loss: 0.0
[Test ROC-AUC]  -  SA: 0.00000,  LA: 0.83469
[Test AUPRC]  -  LA: 0.74517
[Test F1-max]  -  LA: 0.79592
Epoch: 37 | Loss: 0.00012004106247331947  | Negative Loss: 0.0
[Test ROC-AUC]  -  SA: 0.00000,  LA: 0.83571
[Test AUPRC]  -  LA: 0.74579
[Test F1-max]  -  LA: 0.79592
Epoch: 38 | Loss: 9.89418986137025e-05  | Negative Loss: 0.0
[Test ROC-AUC]  -  SA: 0.00000,  LA: 0.83469
[Test AUPRC]  -  LA: 0.74019
[Test F1-max]  -  LA: 0.80412
Epoch: 39 | Loss: 8.2610800745897e-05  | Negative Loss: 0.0
[Test ROC-AUC]  -  SA: 0.00000,  LA: 0.83367
[Test AUPRC]  -  LA: 0.73833
[Test F1-max]  -  LA: 0.80412
Epoch: 40 | Loss: 6.98557632858865e-05  | Negative Loss: 0.0
[Test ROC-AUC]  -  SA: 0.00000,  LA: 0.83367
[Test AUPRC]  -  LA: 0.73960
[Test F1-max]  -  LA: 0.79592
Epoch: 41 | Loss: 5.9723217418650165e-05  | Negative Loss: 0.0
[Test ROC-AUC]  -  SA: 0.00000,  LA: 0.83367
[Test AUPRC]  -  LA: 0.73895
[Test F1-max]  -  LA: 0.79592
Epoch: 42 | Loss: 5.161714943824336e-05  | Negative Loss: 0.0
[Test ROC-AUC]  -  SA: 0.00000,  LA: 0.83418
[Test AUPRC]  -  LA: 0.73759
[Test F1-max]  -  LA: 0.79592
Epoch: 43 | Loss: 4.5299166231416166e-05  | Negative Loss: 0.0
[Test ROC-AUC]  -  SA: 0.00000,  LA: 0.83520
[Test AUPRC]  -  LA: 0.73855
[Test F1-max]  -  LA: 0.79592
Epoch: 44 | Loss: 3.969641693402082e-05  | Negative Loss: 0.0
[Test ROC-AUC]  -  SA: 0.00000,  LA: 0.83520
[Test AUPRC]  -  LA: 0.73956
[Test F1-max]  -  LA: 0.79592
Epoch: 45 | Loss: 3.564335565897636e-05  | Negative Loss: 0.0
[Test ROC-AUC]  -  SA: 0.00000,  LA: 0.83520
[Test AUPRC]  -  LA: 0.73886
[Test F1-max]  -  LA: 0.79592
Epoch: 46 | Loss: 3.194791133864783e-05  | Negative Loss: 0.0
[Test ROC-AUC]  -  SA: 0.00000,  LA: 0.83520
[Test AUPRC]  -  LA: 0.73906
[Test F1-max]  -  LA: 0.79592
Epoch: 47 | Loss: 2.896771184168756e-05  | Negative Loss: 0.0
[Test ROC-AUC]  -  SA: 0.00000,  LA: 0.83622
[Test AUPRC]  -  LA: 0.74035
[Test F1-max]  -  LA: 0.79592
Epoch: 48 | Loss: 2.6464338588993996e-05  | Negative Loss: 0.0
[Test ROC-AUC]  -  SA: 0.00000,  LA: 0.83622
[Test AUPRC]  -  LA: 0.74041
[Test F1-max]  -  LA: 0.79592
Epoch: 49 | Loss: 2.4437802494503558e-05  | Negative Loss: 0.0
[Test ROC-AUC]  -  SA: 0.00000,  LA: 0.83724
[Test AUPRC]  -  LA: 0.74148
[Test F1-max]  -  LA: 0.79592
Epoch: 50 | Loss: 2.2530468413606286e-05  | Negative Loss: 0.0
[Test ROC-AUC]  -  SA: 0.00000,  LA: 0.83827
[Test AUPRC]  -  LA: 0.74230
[Test F1-max]  -  LA: 0.79592
Epoch: 51 | Loss: 2.0980760382371955e-05  | Negative Loss: 0.0
[Test ROC-AUC]  -  SA: 0.00000,  LA: 0.83776
[Test AUPRC]  -  LA: 0.74156
[Test F1-max]  -  LA: 0.79592
Epoch: 52 | Loss: 1.966946729226038e-05  | Negative Loss: 0.0
[Test ROC-AUC]  -  SA: 0.00000,  LA: 0.83827
[Test AUPRC]  -  LA: 0.74202
[Test F1-max]  -  LA: 0.79592
Epoch: 53 | Loss: 1.8596589143271558e-05  | Negative Loss: 0.0
[Test ROC-AUC]  -  SA: 0.00000,  LA: 0.83929
[Test AUPRC]  -  LA: 0.74285
[Test F1-max]  -  LA: 0.79592
Epoch: 54 | Loss: 1.7285296053159982e-05  | Negative Loss: 0.0
[Test ROC-AUC]  -  SA: 0.00000,  LA: 0.83929
[Test AUPRC]  -  LA: 0.74283
[Test F1-max]  -  LA: 0.79592
Epoch: 55 | Loss: 1.645083466428332e-05  | Negative Loss: 0.0
[Test ROC-AUC]  -  SA: 0.00000,  LA: 0.83980
[Test AUPRC]  -  LA: 0.74267
[Test F1-max]  -  LA: 0.79592
Epoch: 56 | Loss: 1.573558256495744e-05  | Negative Loss: 0.0
[Test ROC-AUC]  -  SA: 0.00000,  LA: 0.84031
[Test AUPRC]  -  LA: 0.74299
[Test F1-max]  -  LA: 0.79592
Epoch: 57 | Loss: 1.5020331375126261e-05  | Negative Loss: 0.0
[Test ROC-AUC]  -  SA: 0.00000,  LA: 0.84031
[Test AUPRC]  -  LA: 0.74299
[Test F1-max]  -  LA: 0.79592
Epoch: 58 | Loss: 1.442428765585646e-05  | Negative Loss: 0.0
[Test ROC-AUC]  -  SA: 0.00000,  LA: 0.83929
[Test AUPRC]  -  LA: 0.73889
[Test F1-max]  -  LA: 0.79592
Epoch: 59 | Loss: 1.394745322613744e-05  | Negative Loss: 0.0
[Test ROC-AUC]  -  SA: 0.00000,  LA: 0.83878
[Test AUPRC]  -  LA: 0.73573
[Test F1-max]  -  LA: 0.79592
Epoch: 60 | Loss: 1.335140950686764e-05  | Negative Loss: 0.0
[Test ROC-AUC]  -  SA: 0.00000,  LA: 0.83878
[Test AUPRC]  -  LA: 0.73573
[Test F1-max]  -  LA: 0.79592
Epoch: 61 | Loss: 1.2874574167653918e-05  | Negative Loss: 0.0
[Test ROC-AUC]  -  SA: 0.00000,  LA: 0.83878
[Test AUPRC]  -  LA: 0.73573
[Test F1-max]  -  LA: 0.79592
Epoch: 62 | Loss: 1.2516948117990978e-05  | Negative Loss: 0.0
[Test ROC-AUC]  -  SA: 0.00000,  LA: 0.83878
[Test AUPRC]  -  LA: 0.73573
[Test F1-max]  -  LA: 0.79592
Epoch: 63 | Loss: 1.2159321158833336e-05  | Negative Loss: 0.0
[Test ROC-AUC]  -  SA: 0.00000,  LA: 0.83878
[Test AUPRC]  -  LA: 0.73573
[Test F1-max]  -  LA: 0.79592
Epoch: 64 | Loss: 1.1801695109170396e-05  | Negative Loss: 0.0
[Test ROC-AUC]  -  SA: 0.00000,  LA: 0.83878
[Test AUPRC]  -  LA: 0.73573
[Test F1-max]  -  LA: 0.79592
Epoch: 65 | Loss: 1.1563277439563535e-05  | Negative Loss: 0.0
[Test ROC-AUC]  -  SA: 0.00000,  LA: 0.83878
[Test AUPRC]  -  LA: 0.73573
[Test F1-max]  -  LA: 0.79592
Epoch: 66 | Loss: 1.1205651389900595e-05  | Negative Loss: 0.0
[Test ROC-AUC]  -  SA: 0.00000,  LA: 0.83929
[Test AUPRC]  -  LA: 0.73622
[Test F1-max]  -  LA: 0.79592
Epoch: 67 | Loss: 1.1086442100349814e-05  | Negative Loss: 0.0
[Test ROC-AUC]  -  SA: 0.00000,  LA: 0.83929
[Test AUPRC]  -  LA: 0.73622
[Test F1-max]  -  LA: 0.79592
Epoch: 68 | Loss: 1.0728816050686873e-05  | Negative Loss: 0.0
[Test ROC-AUC]  -  SA: 0.00000,  LA: 0.83980
[Test AUPRC]  -  LA: 0.73715
[Test F1-max]  -  LA: 0.79592
Epoch: 69 | Loss: 1.0609606761136092e-05  | Negative Loss: 0.0
[Test ROC-AUC]  -  SA: 0.00000,  LA: 0.83980
[Test AUPRC]  -  LA: 0.73715
[Test F1-max]  -  LA: 0.79592
Epoch: 70 | Loss: 1.037118818203453e-05  | Negative Loss: 0.0
[Test ROC-AUC]  -  SA: 0.00000,  LA: 0.83980
[Test AUPRC]  -  LA: 0.73715
[Test F1-max]  -  LA: 0.79592
Epoch: 71 | Loss: 1.0251980711473152e-05  | Negative Loss: 0.0
[Test ROC-AUC]  -  SA: 0.00000,  LA: 0.84031
[Test AUPRC]  -  LA: 0.73806
[Test F1-max]  -  LA: 0.79592
Epoch: 72 | Loss: 1.001356213237159e-05  | Negative Loss: 0.0
[Test ROC-AUC]  -  SA: 0.00000,  LA: 0.84031
[Test AUPRC]  -  LA: 0.73806
[Test F1-max]  -  LA: 0.79592
Epoch: 73 | Loss: 9.894352842820808e-06  | Negative Loss: 0.0
[Test ROC-AUC]  -  SA: 0.00000,  LA: 0.84031
[Test AUPRC]  -  LA: 0.73806
[Test F1-max]  -  LA: 0.79592
Epoch: 74 | Loss: 9.655935173213948e-06  | Negative Loss: 0.0
[Test ROC-AUC]  -  SA: 0.00000,  LA: 0.84031
[Test AUPRC]  -  LA: 0.73806
[Test F1-max]  -  LA: 0.79592
Epoch: 75 | Loss: 9.655935173213948e-06  | Negative Loss: 0.0
[Test ROC-AUC]  -  SA: 0.00000,  LA: 0.84082
[Test AUPRC]  -  LA: 0.73851
[Test F1-max]  -  LA: 0.79592
Epoch: 76 | Loss: 9.417517503607087e-06  | Negative Loss: 0.0
[Test ROC-AUC]  -  SA: 0.00000,  LA: 0.84082
[Test AUPRC]  -  LA: 0.73851
[Test F1-max]  -  LA: 0.79592
Epoch: 77 | Loss: 9.179099834000226e-06  | Negative Loss: 0.0
[Test ROC-AUC]  -  SA: 0.00000,  LA: 0.84056
[Test AUPRC]  -  LA: 0.73970
[Test F1-max]  -  LA: 0.79592
Epoch: 78 | Loss: 9.059891453944147e-06  | Negative Loss: 0.0
[Test ROC-AUC]  -  SA: 0.00000,  LA: 0.84133
[Test AUPRC]  -  LA: 0.74174
[Test F1-max]  -  LA: 0.79592
Epoch: 79 | Loss: 9.059891453944147e-06  | Negative Loss: 0.0
[Test ROC-AUC]  -  SA: 0.00000,  LA: 0.84133
[Test AUPRC]  -  LA: 0.74174
[Test F1-max]  -  LA: 0.79592
Epoch: 80 | Loss: 9.059891453944147e-06  | Negative Loss: 0.0
[Test ROC-AUC]  -  SA: 0.00000,  LA: 0.84133
[Test AUPRC]  -  LA: 0.74174
[Test F1-max]  -  LA: 0.79592
Epoch: 81 | Loss: 8.821472874842584e-06  | Negative Loss: 0.0
[Test ROC-AUC]  -  SA: 0.00000,  LA: 0.84133
[Test AUPRC]  -  LA: 0.74174
[Test F1-max]  -  LA: 0.79592
Epoch: 82 | Loss: 8.702264494786505e-06  | Negative Loss: 0.0
[Test ROC-AUC]  -  SA: 0.00000,  LA: 0.84133
[Test AUPRC]  -  LA: 0.74174
[Test F1-max]  -  LA: 0.79592
Epoch: 83 | Loss: 8.583055205235723e-06  | Negative Loss: 0.0
[Test ROC-AUC]  -  SA: 0.00000,  LA: 0.84133
[Test AUPRC]  -  LA: 0.74174
[Test F1-max]  -  LA: 0.79592
Epoch: 84 | Loss: 8.583055205235723e-06  | Negative Loss: 0.0
[Test ROC-AUC]  -  SA: 0.00000,  LA: 0.84184
[Test AUPRC]  -  LA: 0.74228
[Test F1-max]  -  LA: 0.79592
Epoch: 85 | Loss: 8.463845915684942e-06  | Negative Loss: 0.0
[Test ROC-AUC]  -  SA: 0.00000,  LA: 0.84184
[Test AUPRC]  -  LA: 0.74228
[Test F1-max]  -  LA: 0.79592
Epoch: 86 | Loss: 8.344637535628863e-06  | Negative Loss: 0.0
[Test ROC-AUC]  -  SA: 0.00000,  LA: 0.84184
[Test AUPRC]  -  LA: 0.74228
[Test F1-max]  -  LA: 0.79592
Epoch: 87 | Loss: 8.344637535628863e-06  | Negative Loss: 0.0
[Test ROC-AUC]  -  SA: 0.00000,  LA: 0.84184
[Test AUPRC]  -  LA: 0.74228
[Test F1-max]  -  LA: 0.79592
Epoch: 88 | Loss: 8.225428246078081e-06  | Negative Loss: 0.0
[Test ROC-AUC]  -  SA: 0.00000,  LA: 0.84184
[Test AUPRC]  -  LA: 0.74228
[Test F1-max]  -  LA: 0.79592
Epoch: 89 | Loss: 8.225428246078081e-06  | Negative Loss: 0.0
[Test ROC-AUC]  -  SA: 0.00000,  LA: 0.84184
[Test AUPRC]  -  LA: 0.74228
[Test F1-max]  -  LA: 0.79592
Epoch: 90 | Loss: 7.98701057647122e-06  | Negative Loss: 0.0
[Test ROC-AUC]  -  SA: 0.00000,  LA: 0.84184
[Test AUPRC]  -  LA: 0.74228
[Test F1-max]  -  LA: 0.79592
Epoch: 91 | Loss: 7.98701057647122e-06  | Negative Loss: 0.0
[Test ROC-AUC]  -  SA: 0.00000,  LA: 0.84184
[Test AUPRC]  -  LA: 0.74228
[Test F1-max]  -  LA: 0.79592
Epoch: 92 | Loss: 7.98701057647122e-06  | Negative Loss: 0.0
[Test ROC-AUC]  -  SA: 0.00000,  LA: 0.84184
[Test AUPRC]  -  LA: 0.74231
[Test F1-max]  -  LA: 0.79592
Epoch: 93 | Loss: 7.86780128692044e-06  | Negative Loss: 0.0
[Test ROC-AUC]  -  SA: 0.00000,  LA: 0.84235
[Test AUPRC]  -  LA: 0.74335
[Test F1-max]  -  LA: 0.79592
Epoch: 94 | Loss: 7.74859290686436e-06  | Negative Loss: 0.0
[Test ROC-AUC]  -  SA: 0.00000,  LA: 0.84184
[Test AUPRC]  -  LA: 0.74231
[Test F1-max]  -  LA: 0.79592
Epoch: 95 | Loss: 7.5101743277627975e-06  | Negative Loss: 0.0
[Test ROC-AUC]  -  SA: 0.00000,  LA: 0.84184
[Test AUPRC]  -  LA: 0.74231
[Test F1-max]  -  LA: 0.79592
Epoch: 96 | Loss: 7.5101743277627975e-06  | Negative Loss: 0.0
[Test ROC-AUC]  -  SA: 0.00000,  LA: 0.84133
[Test AUPRC]  -  LA: 0.74182
[Test F1-max]  -  LA: 0.79592
Epoch: 97 | Loss: 7.390965492959367e-06  | Negative Loss: 0.0
[Test ROC-AUC]  -  SA: 0.00000,  LA: 0.84133
[Test AUPRC]  -  LA: 0.74182
[Test F1-max]  -  LA: 0.79592
Epoch: 98 | Loss: 7.390965492959367e-06  | Negative Loss: 0.0
[Test ROC-AUC]  -  SA: 0.00000,  LA: 0.84133
[Test AUPRC]  -  LA: 0.74182
[Test F1-max]  -  LA: 0.79592
Epoch: 99 | Loss: 7.390965492959367e-06  | Negative Loss: 0.0
Time consumption: 108.68152022361755
Best LA AUC: 0.8423469387755101
Best LA AUPC: 0.7457932468202365
Best LA F1-max: 0.8041237113402062
[Result] Experiment result appended to ./results/train_hybrid_result.csv

[END] 2026-03-18 21:08:45
[RETURN CODE] 0
