[START] 2026-03-18 20:49:18
[GPU] 2
[TASK] 11/60
[NAME] blue_splicing_winclip
[REPEAT] 1/10
[COMMAND] python train_hybrid.py --data_name blue_splicing --mask True --text True --double_encoder True --few_shot True --shot 1 --hybrid_model winclip --hybrid_weight 0.3 --hybrid_batch_size 16 --epoch 100 --log True --lr 5e-4 --detection True --preprocess True

/home/seungeon/miniconda3/envs/LAB/lib/python3.10/site-packages/timm/models/layers/__init__.py:48: FutureWarning: Importing from timm.models.layers is deprecated, please import via timm.layers
  warnings.warn(f"Importing from {__name__} is deprecated, please import via timm.layers", FutureWarning)
/home/seungeon/Workspace/side/vlm/train_hybrid.py:18: DeprecationWarning: The distutils package is deprecated and slated for removal in Python 3.12. Use setuptools or check PEP 632 for potential alternatives
  from distutils.util import strtobool
Torch version: 2.9.1+cu128
cuda is loaded for process
here?
In my local computer
Namespace(epoch=100, gpu_number='0', data_name='blue_splicing', lr=0.0005, batch_size=6, shuffle=True, seed=0, tag='default', model_name='ViT-B-32', pretrained_name='laion2b_s34b_b79k', lora=1, default=False, foundation='CLIP', detection=1, preprocess=1, num_rule=0, object_names=['a photo of orange connector', 'a photo of blue cable', 'a photo of yellow cable', 'a photo of red cable', 'a photo of metal panel'], objects_for_rules=[['a photo of orange connector'], ['a photo of orange connector'], ['a photo of blue cable'], ['a photo of blue cable'], ['a photo of orange connector'], ['a photo of orange connector', 'a photo of blue cable']], texts_for_rules=[['a photo of orange connector'], ['a photo of orange connector'], ['a photo of cable'], ['a photo of yellow cable'], ['a photo of blue cable'], ['a photo of orange connector and blue cable']], mask=1, text=1, score='mean', ciriculam_learning=False, few_shot=1, shot=1, log=1, neg_loss=0, double_encoder=1, pretrained_count_path=None, ris=0, rule_select='', rule_list=[], num_negative=5, hybrid_model='winclip', hybrid_weight=0.3, hybrid_class_name='', hybrid_batch_size=16, hybrid_backbone='ViT-B-16-plus-240', hybrid_pretrained_dataset='laion400m_e32', hybrid_scales=[2, 3], hybrid_img_resize=240, hybrid_img_cropsize=240, hybrid_resolution=400, hybrid_promptad_epoch=100, hybrid_promptad_lr=0.002, hybrid_promptad_momentum=0.9, hybrid_promptad_weight_decay=0.0005, hybrid_promptad_eta_min=1e-05, hybrid_promptad_lambda1=0.001, hybrid_promptad_n_ctx=4, hybrid_promptad_n_pro=3, hybrid_promptad_n_ctx_ab=1, hybrid_promptad_n_pro_ab=4, early_stop_k=10, result_log_path='./results/train_hybrid_result.csv')
[Hybrid] method=winclip, class_name=splicing_connectors, train=1, eval=70, base_path=/data3/seungeon/data/image/mvtec_loco_anomaly_detection/blue_splicing
grid 240 16 (15, 15)
[Hybrid-only] LA_AUC=0.66333, LA_AUPRC=0.73522, LA_F1=0.75510
[Data Description]
- Train: 1
- Test: 70

Train Start
[Test ROC-AUC]  -  SA: 0.00000,  LA: 0.67083
[Test AUPRC]  -  LA: 0.69599
[Test F1-max]  -  LA: 0.75789
Epoch: 0 | Loss: 14.80184555053711  | Negative Loss: 0.0
[Test ROC-AUC]  -  SA: 0.00000,  LA: 0.67333
[Test AUPRC]  -  LA: 0.69792
[Test F1-max]  -  LA: 0.75789
Epoch: 1 | Loss: 14.72111988067627  | Negative Loss: 0.0
[Test ROC-AUC]  -  SA: 0.00000,  LA: 0.69083
[Test AUPRC]  -  LA: 0.71164
[Test F1-max]  -  LA: 0.76596
Epoch: 2 | Loss: 13.661823272705078  | Negative Loss: 0.0
[Test ROC-AUC]  -  SA: 0.00000,  LA: 0.71583
[Test AUPRC]  -  LA: 0.74826
[Test F1-max]  -  LA: 0.78788
Epoch: 3 | Loss: 12.022518157958984  | Negative Loss: 0.0
[Test ROC-AUC]  -  SA: 0.00000,  LA: 0.73000
[Test AUPRC]  -  LA: 0.73858
[Test F1-max]  -  LA: 0.80412
Epoch: 4 | Loss: 9.978422164916992  | Negative Loss: 0.0
[Test ROC-AUC]  -  SA: 0.00000,  LA: 0.73500
[Test AUPRC]  -  LA: 0.75706
[Test F1-max]  -  LA: 0.79570
Epoch: 5 | Loss: 7.985150337219238  | Negative Loss: 0.0
[Test ROC-AUC]  -  SA: 0.00000,  LA: 0.74083
[Test AUPRC]  -  LA: 0.77189
[Test F1-max]  -  LA: 0.78723
Epoch: 6 | Loss: 6.178842544555664  | Negative Loss: 0.0
[Test ROC-AUC]  -  SA: 0.00000,  LA: 0.72583
[Test AUPRC]  -  LA: 0.75989
[Test F1-max]  -  LA: 0.77778
Epoch: 7 | Loss: 4.645569801330566  | Negative Loss: 0.0
[Test ROC-AUC]  -  SA: 0.00000,  LA: 0.72250
[Test AUPRC]  -  LA: 0.75554
[Test F1-max]  -  LA: 0.78000
Epoch: 8 | Loss: 3.4823052883148193  | Negative Loss: 0.0
[Test ROC-AUC]  -  SA: 0.00000,  LA: 0.71500
[Test AUPRC]  -  LA: 0.74979
[Test F1-max]  -  LA: 0.78000
Epoch: 9 | Loss: 2.5830318927764893  | Negative Loss: 0.0
[Test ROC-AUC]  -  SA: 0.00000,  LA: 0.70583
[Test AUPRC]  -  LA: 0.74341
[Test F1-max]  -  LA: 0.78788
Epoch: 10 | Loss: 1.8733108043670654  | Negative Loss: 0.0
[Test ROC-AUC]  -  SA: 0.00000,  LA: 0.70083
[Test AUPRC]  -  LA: 0.74059
[Test F1-max]  -  LA: 0.78788
Epoch: 11 | Loss: 1.3081369400024414  | Negative Loss: 0.0
[Test ROC-AUC]  -  SA: 0.00000,  LA: 0.70083
[Test AUPRC]  -  LA: 0.74259
[Test F1-max]  -  LA: 0.78788
Epoch: 12 | Loss: 0.8802329301834106  | Negative Loss: 0.0
[Test ROC-AUC]  -  SA: 0.00000,  LA: 0.70167
[Test AUPRC]  -  LA: 0.74329
[Test F1-max]  -  LA: 0.78788
Epoch: 13 | Loss: 0.5789295434951782  | Negative Loss: 0.0
[Test ROC-AUC]  -  SA: 0.00000,  LA: 0.70417
[Test AUPRC]  -  LA: 0.74397
[Test F1-max]  -  LA: 0.78788
Epoch: 14 | Loss: 0.36985379457473755  | Negative Loss: 0.0
[Test ROC-AUC]  -  SA: 0.00000,  LA: 0.70250
[Test AUPRC]  -  LA: 0.74767
[Test F1-max]  -  LA: 0.78788
Epoch: 15 | Loss: 0.2331615686416626  | Negative Loss: 0.0
[Test ROC-AUC]  -  SA: 0.00000,  LA: 0.71083
[Test AUPRC]  -  LA: 0.74983
[Test F1-max]  -  LA: 0.79208
Epoch: 16 | Loss: 0.1452522873878479  | Negative Loss: 0.0
[Test ROC-AUC]  -  SA: 0.00000,  LA: 0.71500
[Test AUPRC]  -  LA: 0.75200
[Test F1-max]  -  LA: 0.79208
Epoch: 17 | Loss: 0.08955434709787369  | Negative Loss: 0.0
[Test ROC-AUC]  -  SA: 0.00000,  LA: 0.72000
[Test AUPRC]  -  LA: 0.75749
[Test F1-max]  -  LA: 0.79208
Epoch: 18 | Loss: 0.05503028258681297  | Negative Loss: 0.0
[Test ROC-AUC]  -  SA: 0.00000,  LA: 0.72500
[Test AUPRC]  -  LA: 0.76492
[Test F1-max]  -  LA: 0.79208
Epoch: 19 | Loss: 0.033874984830617905  | Negative Loss: 0.0
[Test ROC-AUC]  -  SA: 0.00000,  LA: 0.72583
[Test AUPRC]  -  LA: 0.76477
[Test F1-max]  -  LA: 0.80000
Epoch: 20 | Loss: 0.020872969180345535  | Negative Loss: 0.0
[Test ROC-AUC]  -  SA: 0.00000,  LA: 0.72667
[Test AUPRC]  -  LA: 0.76557
[Test F1-max]  -  LA: 0.80000
Epoch: 21 | Loss: 0.012931838631629944  | Negative Loss: 0.0
[Test ROC-AUC]  -  SA: 0.00000,  LA: 0.72750
[Test AUPRC]  -  LA: 0.76522
[Test F1-max]  -  LA: 0.80000
Epoch: 22 | Loss: 0.008098338730633259  | Negative Loss: 0.0
[Test ROC-AUC]  -  SA: 0.00000,  LA: 0.73000
[Test AUPRC]  -  LA: 0.76765
[Test F1-max]  -  LA: 0.80000
Epoch: 23 | Loss: 0.00514749763533473  | Negative Loss: 0.0
[Test ROC-AUC]  -  SA: 0.00000,  LA: 0.73167
[Test AUPRC]  -  LA: 0.76667
[Test F1-max]  -  LA: 0.80000
Epoch: 24 | Loss: 0.0033220078330487013  | Negative Loss: 0.0
[Test ROC-AUC]  -  SA: 0.00000,  LA: 0.73000
[Test AUPRC]  -  LA: 0.76617
[Test F1-max]  -  LA: 0.80000
Epoch: 25 | Loss: 0.0021832562051713467  | Negative Loss: 0.0
[Test ROC-AUC]  -  SA: 0.00000,  LA: 0.72750
[Test AUPRC]  -  LA: 0.76479
[Test F1-max]  -  LA: 0.79208
Epoch: 26 | Loss: 0.0014641927555203438  | Negative Loss: 0.0
[Test ROC-AUC]  -  SA: 0.00000,  LA: 0.72917
[Test AUPRC]  -  LA: 0.76590
[Test F1-max]  -  LA: 0.79208
Epoch: 27 | Loss: 0.001000327174551785  | Negative Loss: 0.0
[Test ROC-AUC]  -  SA: 0.00000,  LA: 0.73083
[Test AUPRC]  -  LA: 0.76655
[Test F1-max]  -  LA: 0.78431
Epoch: 28 | Loss: 0.0006957278237678111  | Negative Loss: 0.0
[Test ROC-AUC]  -  SA: 0.00000,  LA: 0.73083
[Test AUPRC]  -  LA: 0.76652
[Test F1-max]  -  LA: 0.78431
Epoch: 29 | Loss: 0.0004931193543598056  | Negative Loss: 0.0
[Test ROC-AUC]  -  SA: 0.00000,  LA: 0.72750
[Test AUPRC]  -  LA: 0.76191
[Test F1-max]  -  LA: 0.78431
Epoch: 30 | Loss: 0.0003561711637303233  | Negative Loss: 0.0
[Test ROC-AUC]  -  SA: 0.00000,  LA: 0.72000
[Test AUPRC]  -  LA: 0.75554
[Test F1-max]  -  LA: 0.78261
Epoch: 31 | Loss: 0.0002618884318508208  | Negative Loss: 0.0
[Test ROC-AUC]  -  SA: 0.00000,  LA: 0.71833
[Test AUPRC]  -  LA: 0.75475
[Test F1-max]  -  LA: 0.78261
Epoch: 32 | Loss: 0.00019632955081760883  | Negative Loss: 0.0
[Test ROC-AUC]  -  SA: 0.00000,  LA: 0.71667
[Test AUPRC]  -  LA: 0.75425
[Test F1-max]  -  LA: 0.78261
Epoch: 33 | Loss: 0.00014948367606848478  | Negative Loss: 0.0
[Test ROC-AUC]  -  SA: 0.00000,  LA: 0.71833
[Test AUPRC]  -  LA: 0.75534
[Test F1-max]  -  LA: 0.78261
Epoch: 34 | Loss: 0.00011598772834986448  | Negative Loss: 0.0
[Test ROC-AUC]  -  SA: 0.00000,  LA: 0.72083
[Test AUPRC]  -  LA: 0.75649
[Test F1-max]  -  LA: 0.78723
Epoch: 35 | Loss: 9.167011739918962e-05  | Negative Loss: 0.0
[Test ROC-AUC]  -  SA: 0.00000,  LA: 0.72000
[Test AUPRC]  -  LA: 0.75546
[Test F1-max]  -  LA: 0.78723
Epoch: 36 | Loss: 7.355095294769853e-05  | Negative Loss: 0.0
[Test ROC-AUC]  -  SA: 0.00000,  LA: 0.72083
[Test AUPRC]  -  LA: 0.75580
[Test F1-max]  -  LA: 0.78723
Epoch: 37 | Loss: 5.984227027511224e-05  | Negative Loss: 0.0
[Test ROC-AUC]  -  SA: 0.00000,  LA: 0.72333
[Test AUPRC]  -  LA: 0.75941
[Test F1-max]  -  LA: 0.78723
Epoch: 38 | Loss: 4.9471309466753155e-05  | Negative Loss: 0.0
[Test ROC-AUC]  -  SA: 0.00000,  LA: 0.72333
[Test AUPRC]  -  LA: 0.75941
[Test F1-max]  -  LA: 0.78723
Epoch: 39 | Loss: 4.1603656427469105e-05  | Negative Loss: 0.0
[Test ROC-AUC]  -  SA: 0.00000,  LA: 0.72250
[Test AUPRC]  -  LA: 0.76149
[Test F1-max]  -  LA: 0.78723
Epoch: 40 | Loss: 3.516646029311232e-05  | Negative Loss: 0.0
[Test ROC-AUC]  -  SA: 0.00000,  LA: 0.72250
[Test AUPRC]  -  LA: 0.76149
[Test F1-max]  -  LA: 0.78723
Epoch: 41 | Loss: 3.0159742891555652e-05  | Negative Loss: 0.0
[Test ROC-AUC]  -  SA: 0.00000,  LA: 0.72250
[Test AUPRC]  -  LA: 0.76162
[Test F1-max]  -  LA: 0.78723
Epoch: 42 | Loss: 2.622588726808317e-05  | Negative Loss: 0.0
[Test ROC-AUC]  -  SA: 0.00000,  LA: 0.72167
[Test AUPRC]  -  LA: 0.76105
[Test F1-max]  -  LA: 0.78723
Epoch: 43 | Loss: 2.3245689590112306e-05  | Negative Loss: 0.0
[Test ROC-AUC]  -  SA: 0.00000,  LA: 0.72167
[Test AUPRC]  -  LA: 0.76116
[Test F1-max]  -  LA: 0.77895
Epoch: 44 | Loss: 2.0742318156408146e-05  | Negative Loss: 0.0
[Test ROC-AUC]  -  SA: 0.00000,  LA: 0.72250
[Test AUPRC]  -  LA: 0.76153
[Test F1-max]  -  LA: 0.77895
Epoch: 45 | Loss: 1.847736166382674e-05  | Negative Loss: 0.0
[Test ROC-AUC]  -  SA: 0.00000,  LA: 0.72250
[Test AUPRC]  -  LA: 0.76153
[Test F1-max]  -  LA: 0.77895
Epoch: 46 | Loss: 1.657002758292947e-05  | Negative Loss: 0.0
[Test ROC-AUC]  -  SA: 0.00000,  LA: 0.72417
[Test AUPRC]  -  LA: 0.76220
[Test F1-max]  -  LA: 0.79121
Epoch: 47 | Loss: 1.5258736311807297e-05  | Negative Loss: 0.0
[Test ROC-AUC]  -  SA: 0.00000,  LA: 0.72250
[Test AUPRC]  -  LA: 0.76144
[Test F1-max]  -  LA: 0.78261
Epoch: 48 | Loss: 1.3828232113155536e-05  | Negative Loss: 0.0
[Test ROC-AUC]  -  SA: 0.00000,  LA: 0.72083
[Test AUPRC]  -  LA: 0.76067
[Test F1-max]  -  LA: 0.77895
Epoch: 49 | Loss: 1.2874564163212199e-05  | Negative Loss: 0.0
[Test ROC-AUC]  -  SA: 0.00000,  LA: 0.72000
[Test AUPRC]  -  LA: 0.75989
[Test F1-max]  -  LA: 0.77895
Epoch: 50 | Loss: 1.1920896213268861e-05  | Negative Loss: 0.0
[Test ROC-AUC]  -  SA: 0.00000,  LA: 0.71917
[Test AUPRC]  -  LA: 0.75942
[Test F1-max]  -  LA: 0.77895
Epoch: 51 | Loss: 1.120564411394298e-05  | Negative Loss: 0.0
[Test ROC-AUC]  -  SA: 0.00000,  LA: 0.71917
[Test AUPRC]  -  LA: 0.75942
[Test F1-max]  -  LA: 0.77895
Epoch: 52 | Loss: 1.060960039467318e-05  | Negative Loss: 0.0
[Test ROC-AUC]  -  SA: 0.00000,  LA: 0.71917
[Test AUPRC]  -  LA: 0.75942
[Test F1-max]  -  LA: 0.77895
Epoch: 53 | Loss: 1.0013556675403379e-05  | Negative Loss: 0.0
[Test ROC-AUC]  -  SA: 0.00000,  LA: 0.71833
[Test AUPRC]  -  LA: 0.75907
[Test F1-max]  -  LA: 0.77895
Epoch: 54 | Loss: 9.417512046638876e-06  | Negative Loss: 0.0
[Test ROC-AUC]  -  SA: 0.00000,  LA: 0.71833
[Test AUPRC]  -  LA: 0.75935
[Test F1-max]  -  LA: 0.77895
Epoch: 55 | Loss: 9.179095286526717e-06  | Negative Loss: 0.0
[Test ROC-AUC]  -  SA: 0.00000,  LA: 0.71833
[Test AUPRC]  -  LA: 0.75935
[Test F1-max]  -  LA: 0.77895
Epoch: 56 | Loss: 8.702259947312996e-06  | Negative Loss: 0.0
[Test ROC-AUC]  -  SA: 0.00000,  LA: 0.71583
[Test AUPRC]  -  LA: 0.75786
[Test F1-max]  -  LA: 0.77895
Epoch: 57 | Loss: 8.225424608099274e-06  | Negative Loss: 0.0
[Test ROC-AUC]  -  SA: 0.00000,  LA: 0.71583
[Test AUPRC]  -  LA: 0.75786
[Test F1-max]  -  LA: 0.77895
Epoch: 58 | Loss: 7.867797648941632e-06  | Negative Loss: 0.0
[Test ROC-AUC]  -  SA: 0.00000,  LA: 0.71583
[Test AUPRC]  -  LA: 0.75786
[Test F1-max]  -  LA: 0.77895
Epoch: 59 | Loss: 7.629379979334772e-06  | Negative Loss: 0.0
[Test ROC-AUC]  -  SA: 0.00000,  LA: 0.71500
[Test AUPRC]  -  LA: 0.75504
[Test F1-max]  -  LA: 0.77895
Epoch: 60 | Loss: 7.390962309727911e-06  | Negative Loss: 0.0
[Test ROC-AUC]  -  SA: 0.00000,  LA: 0.71500
[Test AUPRC]  -  LA: 0.75504
[Test F1-max]  -  LA: 0.77895
Epoch: 61 | Loss: 7.2717539296718314e-06  | Negative Loss: 0.0
[Test ROC-AUC]  -  SA: 0.00000,  LA: 0.71500
[Test AUPRC]  -  LA: 0.75504
[Test F1-max]  -  LA: 0.77895
Epoch: 62 | Loss: 7.033335350570269e-06  | Negative Loss: 0.0
[Test ROC-AUC]  -  SA: 0.00000,  LA: 0.71417
[Test AUPRC]  -  LA: 0.75437
[Test F1-max]  -  LA: 0.77895
Epoch: 63 | Loss: 6.9141269705141895e-06  | Negative Loss: 0.0
[Test ROC-AUC]  -  SA: 0.00000,  LA: 0.71417
[Test AUPRC]  -  LA: 0.75437
[Test F1-max]  -  LA: 0.77895
Epoch: 64 | Loss: 6.675709300907329e-06  | Negative Loss: 0.0
[Test ROC-AUC]  -  SA: 0.00000,  LA: 0.71500
[Test AUPRC]  -  LA: 0.75474
[Test F1-max]  -  LA: 0.77895
Epoch: 65 | Loss: 6.556500920851249e-06  | Negative Loss: 0.0
[Test ROC-AUC]  -  SA: 0.00000,  LA: 0.71500
[Test AUPRC]  -  LA: 0.75474
[Test F1-max]  -  LA: 0.77895
Epoch: 66 | Loss: 6.437291631300468e-06  | Negative Loss: 0.0
[Test ROC-AUC]  -  SA: 0.00000,  LA: 0.71500
[Test AUPRC]  -  LA: 0.75474
[Test F1-max]  -  LA: 0.77895
Epoch: 67 | Loss: 6.318082796497038e-06  | Negative Loss: 0.0
[Test ROC-AUC]  -  SA: 0.00000,  LA: 0.71500
[Test AUPRC]  -  LA: 0.75474
[Test F1-max]  -  LA: 0.77895
Epoch: 68 | Loss: 6.198873961693607e-06  | Negative Loss: 0.0
[Test ROC-AUC]  -  SA: 0.00000,  LA: 0.71500
[Test AUPRC]  -  LA: 0.75474
[Test F1-max]  -  LA: 0.77895
Epoch: 69 | Loss: 6.198873961693607e-06  | Negative Loss: 0.0
[Test ROC-AUC]  -  SA: 0.00000,  LA: 0.71417
[Test AUPRC]  -  LA: 0.75015
[Test F1-max]  -  LA: 0.77895
Epoch: 70 | Loss: 5.960455837339396e-06  | Negative Loss: 0.0
[Test ROC-AUC]  -  SA: 0.00000,  LA: 0.71333
[Test AUPRC]  -  LA: 0.74970
[Test F1-max]  -  LA: 0.77895
Epoch: 71 | Loss: 5.960455837339396e-06  | Negative Loss: 0.0
[Test ROC-AUC]  -  SA: 0.00000,  LA: 0.71417
[Test AUPRC]  -  LA: 0.75171
[Test F1-max]  -  LA: 0.77895
Epoch: 72 | Loss: 5.841247002535965e-06  | Negative Loss: 0.0
[Test ROC-AUC]  -  SA: 0.00000,  LA: 0.71333
[Test AUPRC]  -  LA: 0.75126
[Test F1-max]  -  LA: 0.77895
Epoch: 73 | Loss: 5.722037712985184e-06  | Negative Loss: 0.0
[Test ROC-AUC]  -  SA: 0.00000,  LA: 0.71333
[Test AUPRC]  -  LA: 0.75126
[Test F1-max]  -  LA: 0.77895
Epoch: 74 | Loss: 5.722037712985184e-06  | Negative Loss: 0.0
[Test ROC-AUC]  -  SA: 0.00000,  LA: 0.71417
[Test AUPRC]  -  LA: 0.75408
[Test F1-max]  -  LA: 0.77895
Epoch: 75 | Loss: 5.602828878181754e-06  | Negative Loss: 0.0
[Test ROC-AUC]  -  SA: 0.00000,  LA: 0.71417
[Test AUPRC]  -  LA: 0.75393
[Test F1-max]  -  LA: 0.77895
Epoch: 76 | Loss: 5.602828878181754e-06  | Negative Loss: 0.0
[Test ROC-AUC]  -  SA: 0.00000,  LA: 0.71417
[Test AUPRC]  -  LA: 0.75393
[Test F1-max]  -  LA: 0.77895
Epoch: 77 | Loss: 5.602828878181754e-06  | Negative Loss: 0.0
[Test ROC-AUC]  -  SA: 0.00000,  LA: 0.71417
[Test AUPRC]  -  LA: 0.75393
[Test F1-max]  -  LA: 0.77895
Epoch: 78 | Loss: 5.483620043378323e-06  | Negative Loss: 0.0
[Test ROC-AUC]  -  SA: 0.00000,  LA: 0.71417
[Test AUPRC]  -  LA: 0.75393
[Test F1-max]  -  LA: 0.77895
Epoch: 79 | Loss: 5.364410753827542e-06  | Negative Loss: 0.0
[Test ROC-AUC]  -  SA: 0.00000,  LA: 0.71417
[Test AUPRC]  -  LA: 0.75393
[Test F1-max]  -  LA: 0.77895
Epoch: 80 | Loss: 5.364410753827542e-06  | Negative Loss: 0.0
[Test ROC-AUC]  -  SA: 0.00000,  LA: 0.71417
[Test AUPRC]  -  LA: 0.75393
[Test F1-max]  -  LA: 0.77895
Epoch: 81 | Loss: 5.364410753827542e-06  | Negative Loss: 0.0
[Test ROC-AUC]  -  SA: 0.00000,  LA: 0.71417
[Test AUPRC]  -  LA: 0.75393
[Test F1-max]  -  LA: 0.77895
Epoch: 82 | Loss: 5.1259926294733305e-06  | Negative Loss: 0.0
[Test ROC-AUC]  -  SA: 0.00000,  LA: 0.71333
[Test AUPRC]  -  LA: 0.75346
[Test F1-max]  -  LA: 0.77895
Epoch: 83 | Loss: 5.1259926294733305e-06  | Negative Loss: 0.0
[Test ROC-AUC]  -  SA: 0.00000,  LA: 0.71333
[Test AUPRC]  -  LA: 0.75346
[Test F1-max]  -  LA: 0.77895
Epoch: 84 | Loss: 5.1259926294733305e-06  | Negative Loss: 0.0
[Test ROC-AUC]  -  SA: 0.00000,  LA: 0.71333
[Test AUPRC]  -  LA: 0.75346
[Test F1-max]  -  LA: 0.77895
Epoch: 85 | Loss: 5.1259926294733305e-06  | Negative Loss: 0.0
[Test ROC-AUC]  -  SA: 0.00000,  LA: 0.71333
[Test AUPRC]  -  LA: 0.75346
[Test F1-max]  -  LA: 0.77895
Epoch: 86 | Loss: 5.0067837946699e-06  | Negative Loss: 0.0
[Test ROC-AUC]  -  SA: 0.00000,  LA: 0.71333
[Test AUPRC]  -  LA: 0.75346
[Test F1-max]  -  LA: 0.77895
Epoch: 87 | Loss: 5.0067837946699e-06  | Negative Loss: 0.0
[Test ROC-AUC]  -  SA: 0.00000,  LA: 0.71333
[Test AUPRC]  -  LA: 0.75346
[Test F1-max]  -  LA: 0.77895
Epoch: 88 | Loss: 5.0067837946699e-06  | Negative Loss: 0.0
[Test ROC-AUC]  -  SA: 0.00000,  LA: 0.71333
[Test AUPRC]  -  LA: 0.75346
[Test F1-max]  -  LA: 0.77895
Epoch: 89 | Loss: 5.0067837946699e-06  | Negative Loss: 0.0
[Test ROC-AUC]  -  SA: 0.00000,  LA: 0.71333
[Test AUPRC]  -  LA: 0.75346
[Test F1-max]  -  LA: 0.77895
Epoch: 90 | Loss: 5.0067837946699e-06  | Negative Loss: 0.0
[Test ROC-AUC]  -  SA: 0.00000,  LA: 0.71250
[Test AUPRC]  -  LA: 0.75314
[Test F1-max]  -  LA: 0.77895
Epoch: 91 | Loss: 4.88757495986647e-06  | Negative Loss: 0.0
[Test ROC-AUC]  -  SA: 0.00000,  LA: 0.71250
[Test AUPRC]  -  LA: 0.75314
[Test F1-max]  -  LA: 0.77895
Epoch: 92 | Loss: 4.88757495986647e-06  | Negative Loss: 0.0
[Test ROC-AUC]  -  SA: 0.00000,  LA: 0.71167
[Test AUPRC]  -  LA: 0.75272
[Test F1-max]  -  LA: 0.77895
Epoch: 93 | Loss: 4.88757495986647e-06  | Negative Loss: 0.0
[Test ROC-AUC]  -  SA: 0.00000,  LA: 0.71250
[Test AUPRC]  -  LA: 0.75311
[Test F1-max]  -  LA: 0.77895
Epoch: 94 | Loss: 4.7683656703156885e-06  | Negative Loss: 0.0
[Test ROC-AUC]  -  SA: 0.00000,  LA: 0.71333
[Test AUPRC]  -  LA: 0.75769
[Test F1-max]  -  LA: 0.77895
Epoch: 95 | Loss: 4.7683656703156885e-06  | Negative Loss: 0.0
[Test ROC-AUC]  -  SA: 0.00000,  LA: 0.71333
[Test AUPRC]  -  LA: 0.75769
[Test F1-max]  -  LA: 0.77895
Epoch: 96 | Loss: 4.649156835512258e-06  | Negative Loss: 0.0
[Test ROC-AUC]  -  SA: 0.00000,  LA: 0.71333
[Test AUPRC]  -  LA: 0.75769
[Test F1-max]  -  LA: 0.77895
Epoch: 97 | Loss: 4.529947545961477e-06  | Negative Loss: 0.0
[Test ROC-AUC]  -  SA: 0.00000,  LA: 0.71333
[Test AUPRC]  -  LA: 0.75769
[Test F1-max]  -  LA: 0.77895
Epoch: 98 | Loss: 4.529947545961477e-06  | Negative Loss: 0.0
[Test ROC-AUC]  -  SA: 0.00000,  LA: 0.71333
[Test AUPRC]  -  LA: 0.75769
[Test F1-max]  -  LA: 0.77895
Epoch: 99 | Loss: 4.529947545961477e-06  | Negative Loss: 0.0
Time consumption: 96.50325107574463
Best LA AUC: 0.7408333333333333
Best LA AUPC: 0.7718947066787974
Best LA F1-max: 0.8041237113402062
[Result] Experiment result appended to ./results/train_hybrid_result.csv

[END] 2026-03-18 20:52:50
[RETURN CODE] 0
