[START] 2026-03-29 12:27:47
[GPU] 2
[TASK] 137/150
[NAME] pcb4_winclip
[REPEAT] 2/5
[COMMAND] python train_hybrid.py --data_name pcb4 --mask True --text True --double_encoder True --few_shot True --shot 1 --hybrid_model winclip --hybrid_weight 0.3 --hybrid_batch_size 16 --epoch 100 --log True --lr 5e-4 --detection True --preprocess True

/home/seungeon/miniconda3/envs/LAB/lib/python3.10/site-packages/timm/models/layers/__init__.py:48: FutureWarning: Importing from timm.models.layers is deprecated, please import via timm.layers
  warnings.warn(f"Importing from {__name__} is deprecated, please import via timm.layers", FutureWarning)
/home/seungeon/Workspace/side/vlm/train_hybrid.py:18: DeprecationWarning: The distutils package is deprecated and slated for removal in Python 3.12. Use setuptools or check PEP 632 for potential alternatives
  from distutils.util import strtobool
Torch version: 2.9.1+cu128
cuda is loaded for process
here?
In my local computer
Namespace(epoch=100, gpu_number='0', data_name='pcb4', lr=0.0005, batch_size=6, shuffle=True, seed=0, tag='default', model_name='ViT-B-32', pretrained_name='laion2b_s34b_b79k', lora=1, default=False, foundation='CLIP', detection=1, preprocess=1, num_rule=0, object_names=['a photo of PCB'], objects_for_rules=[['a photo of PCB'], ['a photo of PCB'], ['a photo of PCB'], ['a photo of PCB']], texts_for_rules=[['a photo of PCB'], ['a photo of PCB'], ['a photo of PCB'], ['a photo of PCB']], mask=1, text=1, score='mean', ciriculam_learning=False, few_shot=1, shot=1, log=1, neg_loss=0, double_encoder=1, pretrained_count_path=None, ris=0, rule_select='', rule_list=[], num_negative=5, hybrid_model='winclip', hybrid_weight=0.3, hybrid_class_name='', hybrid_batch_size=16, hybrid_backbone='ViT-B-16-plus-240', hybrid_pretrained_dataset='laion400m_e32', hybrid_scales=[2, 3], hybrid_img_resize=240, hybrid_img_cropsize=240, hybrid_resolution=400, hybrid_promptad_epoch=100, hybrid_promptad_lr=0.002, hybrid_promptad_momentum=0.9, hybrid_promptad_weight_decay=0.0005, hybrid_promptad_eta_min=1e-05, hybrid_promptad_lambda1=0.001, hybrid_promptad_n_ctx=4, hybrid_promptad_n_pro=3, hybrid_promptad_n_ctx_ab=1, hybrid_promptad_n_pro_ab=4, early_stop_k=10, result_log_path='./results/train_hybrid_result.csv')
[Hybrid] method=winclip, class_name=pcb4, train=1, eval=201, base_path=/data3/seungeon/data/image/visa/pcb4
grid 240 16 (15, 15)
[Hybrid-only] LA_AUC=0.79406, LA_AUPRC=0.85771, LA_F1=0.76923
[Data Description]
- Train: 1
- Test: 201

Train Start
[Test ROC-AUC]  -  SA: 0.00000,  LA: 0.79455
[Test AUPRC]  -  LA: 0.83423
[Test F1-max]  -  LA: 0.75758
Epoch: 0 | Loss: 12.504364967346191  | Negative Loss: 0.0
[Test ROC-AUC]  -  SA: 0.00000,  LA: 0.79554
[Test AUPRC]  -  LA: 0.83481
[Test F1-max]  -  LA: 0.75377
Epoch: 1 | Loss: 12.321466445922852  | Negative Loss: 0.0
[Test ROC-AUC]  -  SA: 0.00000,  LA: 0.82881
[Test AUPRC]  -  LA: 0.86639
[Test F1-max]  -  LA: 0.78173
Epoch: 2 | Loss: 9.999584197998047  | Negative Loss: 0.0
[Test ROC-AUC]  -  SA: 0.00000,  LA: 0.86238
[Test AUPRC]  -  LA: 0.89118
[Test F1-max]  -  LA: 0.81218
Epoch: 3 | Loss: 6.684002876281738  | Negative Loss: 0.0
[Test ROC-AUC]  -  SA: 0.00000,  LA: 0.87851
[Test AUPRC]  -  LA: 0.90205
[Test F1-max]  -  LA: 0.82000
Epoch: 4 | Loss: 3.2937722206115723  | Negative Loss: 0.0
[Test ROC-AUC]  -  SA: 0.00000,  LA: 0.87871
[Test AUPRC]  -  LA: 0.90109
[Test F1-max]  -  LA: 0.80392
Epoch: 5 | Loss: 1.0508164167404175  | Negative Loss: 0.0
[Test ROC-AUC]  -  SA: 0.00000,  LA: 0.87723
[Test AUPRC]  -  LA: 0.89963
[Test F1-max]  -  LA: 0.81373
Epoch: 6 | Loss: 0.2508503198623657  | Negative Loss: 0.0
[Test ROC-AUC]  -  SA: 0.00000,  LA: 0.87406
[Test AUPRC]  -  LA: 0.89749
[Test F1-max]  -  LA: 0.81553
Epoch: 7 | Loss: 0.060932353138923645  | Negative Loss: 0.0
[Test ROC-AUC]  -  SA: 0.00000,  LA: 0.87733
[Test AUPRC]  -  LA: 0.90096
[Test F1-max]  -  LA: 0.81905
Epoch: 8 | Loss: 0.017393339425325394  | Negative Loss: 0.0
[Test ROC-AUC]  -  SA: 0.00000,  LA: 0.88644
[Test AUPRC]  -  LA: 0.90916
[Test F1-max]  -  LA: 0.83417
Epoch: 9 | Loss: 0.005694919265806675  | Negative Loss: 0.0
[Test ROC-AUC]  -  SA: 0.00000,  LA: 0.89287
[Test AUPRC]  -  LA: 0.91413
[Test F1-max]  -  LA: 0.83838
Epoch: 10 | Loss: 0.00207767472602427  | Negative Loss: 0.0
[Test ROC-AUC]  -  SA: 0.00000,  LA: 0.89871
[Test AUPRC]  -  LA: 0.92081
[Test F1-max]  -  LA: 0.83902
Epoch: 11 | Loss: 0.0008417270146310329  | Negative Loss: 0.0
[Test ROC-AUC]  -  SA: 0.00000,  LA: 0.89772
[Test AUPRC]  -  LA: 0.92003
[Test F1-max]  -  LA: 0.83019
Epoch: 12 | Loss: 0.00036523124435916543  | Negative Loss: 0.0
[Test ROC-AUC]  -  SA: 0.00000,  LA: 0.89168
[Test AUPRC]  -  LA: 0.91492
[Test F1-max]  -  LA: 0.82075
Epoch: 13 | Loss: 0.00016831756511237472  | Negative Loss: 0.0
[Test ROC-AUC]  -  SA: 0.00000,  LA: 0.88475
[Test AUPRC]  -  LA: 0.91103
[Test F1-max]  -  LA: 0.81443
Epoch: 14 | Loss: 8.249130041804165e-05  | Negative Loss: 0.0
[Test ROC-AUC]  -  SA: 0.00000,  LA: 0.87545
[Test AUPRC]  -  LA: 0.90586
[Test F1-max]  -  LA: 0.82000
Epoch: 15 | Loss: 4.2557279812172055e-05  | Negative Loss: 0.0
[Test ROC-AUC]  -  SA: 0.00000,  LA: 0.86426
[Test AUPRC]  -  LA: 0.89943
[Test F1-max]  -  LA: 0.80000
Epoch: 16 | Loss: 2.288805080752354e-05  | Negative Loss: 0.0
[Test ROC-AUC]  -  SA: 0.00000,  LA: 0.85505
[Test AUPRC]  -  LA: 0.89484
[Test F1-max]  -  LA: 0.78788
Epoch: 17 | Loss: 1.2874558706243988e-05  | Negative Loss: 0.0
[Test ROC-AUC]  -  SA: 0.00000,  LA: 0.84782
[Test AUPRC]  -  LA: 0.89066
[Test F1-max]  -  LA: 0.78947
Epoch: 18 | Loss: 7.390960490738507e-06  | Negative Loss: 0.0
[Test ROC-AUC]  -  SA: 0.00000,  LA: 0.84119
[Test AUPRC]  -  LA: 0.88676
[Test F1-max]  -  LA: 0.78495
Epoch: 19 | Loss: 4.529947091214126e-06  | Negative Loss: 0.0
[Test ROC-AUC]  -  SA: 0.00000,  LA: 0.83505
[Test AUPRC]  -  LA: 0.88353
[Test F1-max]  -  LA: 0.77528
Epoch: 20 | Loss: 2.622602096380433e-06  | Negative Loss: 0.0
[Test ROC-AUC]  -  SA: 0.00000,  LA: 0.83069
[Test AUPRC]  -  LA: 0.88104
[Test F1-max]  -  LA: 0.77528
[Early Stopping] LA AUROC dropped for 10 consecutive epochs. Stop at epoch 22/100.
Time consumption: 27.836387634277344
Best LA AUC: 0.8987128712871287
Best LA AUPC: 0.920805039188596
Best LA F1-max: 0.8390243902439023
[Result] Experiment result appended to ./results/train_hybrid_result.csv

[END] 2026-03-29 12:31:36
[RETURN CODE] 0
