[START] 2026-03-29 11:30:22
[GPU] 2
[TASK] 75/150
[NAME] pcb1_promptad
[REPEAT] 5/5
[COMMAND] python train_hybrid.py --data_name pcb1 --mask True --text True --double_encoder True --few_shot True --shot 1 --hybrid_model promptad --hybrid_weight 0.3 --hybrid_batch_size 16 --epoch 100 --log True --lr 5e-4 --detection True --preprocess True

/home/seungeon/miniconda3/envs/LAB/lib/python3.10/site-packages/timm/models/layers/__init__.py:48: FutureWarning: Importing from timm.models.layers is deprecated, please import via timm.layers
  warnings.warn(f"Importing from {__name__} is deprecated, please import via timm.layers", FutureWarning)
/home/seungeon/Workspace/side/vlm/train_hybrid.py:18: DeprecationWarning: The distutils package is deprecated and slated for removal in Python 3.12. Use setuptools or check PEP 632 for potential alternatives
  from distutils.util import strtobool
Torch version: 2.9.1+cu128
cuda is loaded for process
here?
In my local computer
Namespace(epoch=100, gpu_number='0', data_name='pcb1', lr=0.0005, batch_size=6, shuffle=True, seed=0, tag='default', model_name='ViT-B-32', pretrained_name='laion2b_s34b_b79k', lora=1, default=False, foundation='CLIP', detection=1, preprocess=1, num_rule=0, object_names=['a photo of PCB'], objects_for_rules=[['a photo of PCB'], ['a photo of PCB'], ['a photo of PCB'], ['a photo of PCB']], texts_for_rules=[['a photo of PCB'], ['a photo of PCB'], ['a photo of PCB'], ['a photo of PCB']], mask=1, text=1, score='mean', ciriculam_learning=False, few_shot=1, shot=1, log=1, neg_loss=0, double_encoder=1, pretrained_count_path=None, ris=0, rule_select='', rule_list=[], num_negative=5, hybrid_model='promptad', hybrid_weight=0.3, hybrid_class_name='', hybrid_batch_size=16, hybrid_backbone='ViT-B-16-plus-240', hybrid_pretrained_dataset='laion400m_e32', hybrid_scales=[2, 3], hybrid_img_resize=240, hybrid_img_cropsize=240, hybrid_resolution=400, hybrid_promptad_epoch=100, hybrid_promptad_lr=0.002, hybrid_promptad_momentum=0.9, hybrid_promptad_weight_decay=0.0005, hybrid_promptad_eta_min=1e-05, hybrid_promptad_lambda1=0.001, hybrid_promptad_n_ctx=4, hybrid_promptad_n_pro=3, hybrid_promptad_n_ctx_ab=1, hybrid_promptad_n_pro_ab=4, early_stop_k=10, result_log_path='./results/train_hybrid_result.csv')
[Hybrid] method=promptad, class_name=pcb1, train=1, eval=200, base_path=/data3/seungeon/data/image/visa/pcb1
[Hybrid-only] LA_AUC=0.83645, LA_AUPRC=0.86039, LA_F1=0.78613
[Data Description]
- Train: 1
- Test: 200

Train Start
[Test ROC-AUC]  -  SA: 0.00000,  LA: 0.81850
[Test AUPRC]  -  LA: 0.82961
[Test F1-max]  -  LA: 0.76098
Epoch: 0 | Loss: 18.86404800415039  | Negative Loss: 0.0
[Test ROC-AUC]  -  SA: 0.00000,  LA: 0.82010
[Test AUPRC]  -  LA: 0.83203
[Test F1-max]  -  LA: 0.76098
Epoch: 1 | Loss: 18.67224884033203  | Negative Loss: 0.0
[Test ROC-AUC]  -  SA: 0.00000,  LA: 0.83440
[Test AUPRC]  -  LA: 0.84920
[Test F1-max]  -  LA: 0.77419
Epoch: 2 | Loss: 15.799253463745117  | Negative Loss: 0.0
[Test ROC-AUC]  -  SA: 0.00000,  LA: 0.84410
[Test AUPRC]  -  LA: 0.86861
[Test F1-max]  -  LA: 0.80220
Epoch: 3 | Loss: 11.258777618408203  | Negative Loss: 0.0
[Test ROC-AUC]  -  SA: 0.00000,  LA: 0.85130
[Test AUPRC]  -  LA: 0.87776
[Test F1-max]  -  LA: 0.80226
Epoch: 4 | Loss: 6.1415276527404785  | Negative Loss: 0.0
[Test ROC-AUC]  -  SA: 0.00000,  LA: 0.84840
[Test AUPRC]  -  LA: 0.87943
[Test F1-max]  -  LA: 0.80682
Epoch: 5 | Loss: 2.344785213470459  | Negative Loss: 0.0
[Test ROC-AUC]  -  SA: 0.00000,  LA: 0.84550
[Test AUPRC]  -  LA: 0.87776
[Test F1-max]  -  LA: 0.80682
Epoch: 6 | Loss: 0.7185971140861511  | Negative Loss: 0.0
[Test ROC-AUC]  -  SA: 0.00000,  LA: 0.84290
[Test AUPRC]  -  LA: 0.87579
[Test F1-max]  -  LA: 0.80226
Epoch: 7 | Loss: 0.23883743584156036  | Negative Loss: 0.0
[Test ROC-AUC]  -  SA: 0.00000,  LA: 0.83890
[Test AUPRC]  -  LA: 0.87448
[Test F1-max]  -  LA: 0.80226
Epoch: 8 | Loss: 0.08902857452630997  | Negative Loss: 0.0
[Test ROC-AUC]  -  SA: 0.00000,  LA: 0.83660
[Test AUPRC]  -  LA: 0.87381
[Test F1-max]  -  LA: 0.80000
Epoch: 9 | Loss: 0.03764733672142029  | Negative Loss: 0.0
[Test ROC-AUC]  -  SA: 0.00000,  LA: 0.83750
[Test AUPRC]  -  LA: 0.87445
[Test F1-max]  -  LA: 0.80000
Epoch: 10 | Loss: 0.017689483240246773  | Negative Loss: 0.0
[Test ROC-AUC]  -  SA: 0.00000,  LA: 0.83880
[Test AUPRC]  -  LA: 0.87549
[Test F1-max]  -  LA: 0.80000
Epoch: 11 | Loss: 0.008777911774814129  | Negative Loss: 0.0
[Test ROC-AUC]  -  SA: 0.00000,  LA: 0.84050
[Test AUPRC]  -  LA: 0.87641
[Test F1-max]  -  LA: 0.80000
Epoch: 12 | Loss: 0.004550926852971315  | Negative Loss: 0.0
[Test ROC-AUC]  -  SA: 0.00000,  LA: 0.84150
[Test AUPRC]  -  LA: 0.87797
[Test F1-max]  -  LA: 0.80226
Epoch: 13 | Loss: 0.0024581088218837976  | Negative Loss: 0.0
[Test ROC-AUC]  -  SA: 0.00000,  LA: 0.84420
[Test AUPRC]  -  LA: 0.87968
[Test F1-max]  -  LA: 0.80226
Epoch: 14 | Loss: 0.00136643520090729  | Negative Loss: 0.0
[Test ROC-AUC]  -  SA: 0.00000,  LA: 0.84430
[Test AUPRC]  -  LA: 0.87999
[Test F1-max]  -  LA: 0.80000
Epoch: 15 | Loss: 0.0007859583711251616  | Negative Loss: 0.0
[Test ROC-AUC]  -  SA: 0.00000,  LA: 0.84250
[Test AUPRC]  -  LA: 0.87854
[Test F1-max]  -  LA: 0.80000
Epoch: 16 | Loss: 0.0004691240028478205  | Negative Loss: 0.0
[Test ROC-AUC]  -  SA: 0.00000,  LA: 0.84290
[Test AUPRC]  -  LA: 0.87855
[Test F1-max]  -  LA: 0.80460
Epoch: 17 | Loss: 0.0002869046002160758  | Negative Loss: 0.0
[Test ROC-AUC]  -  SA: 0.00000,  LA: 0.84280
[Test AUPRC]  -  LA: 0.87833
[Test F1-max]  -  LA: 0.80460
Epoch: 18 | Loss: 0.00017999309056904167  | Negative Loss: 0.0
[Test ROC-AUC]  -  SA: 0.00000,  LA: 0.84280
[Test AUPRC]  -  LA: 0.87833
[Test F1-max]  -  LA: 0.80460
Epoch: 19 | Loss: 0.0001150315729319118  | Negative Loss: 0.0
[Test ROC-AUC]  -  SA: 0.00000,  LA: 0.84360
[Test AUPRC]  -  LA: 0.87895
[Test F1-max]  -  LA: 0.80460
Epoch: 20 | Loss: 7.498031482100487e-05  | Negative Loss: 0.0
[Test ROC-AUC]  -  SA: 0.00000,  LA: 0.84415
[Test AUPRC]  -  LA: 0.87933
[Test F1-max]  -  LA: 0.80460
Epoch: 21 | Loss: 4.9947640945902094e-05  | Negative Loss: 0.0
[Test ROC-AUC]  -  SA: 0.00000,  LA: 0.84360
[Test AUPRC]  -  LA: 0.87879
[Test F1-max]  -  LA: 0.80460
Epoch: 22 | Loss: 3.3974160032812506e-05  | Negative Loss: 0.0
[Test ROC-AUC]  -  SA: 0.00000,  LA: 0.84290
[Test AUPRC]  -  LA: 0.87759
[Test F1-max]  -  LA: 0.80000
Epoch: 23 | Loss: 2.37224085140042e-05  | Negative Loss: 0.0
[Test ROC-AUC]  -  SA: 0.00000,  LA: 0.84245
[Test AUPRC]  -  LA: 0.87705
[Test F1-max]  -  LA: 0.80000
Epoch: 24 | Loss: 1.668918048380874e-05  | Negative Loss: 0.0
[Test ROC-AUC]  -  SA: 0.00000,  LA: 0.84230
[Test AUPRC]  -  LA: 0.87720
[Test F1-max]  -  LA: 0.80000
Epoch: 25 | Loss: 1.2040075489494484e-05  | Negative Loss: 0.0
[Test ROC-AUC]  -  SA: 0.00000,  LA: 0.84240
[Test AUPRC]  -  LA: 0.87690
[Test F1-max]  -  LA: 0.80000
Epoch: 26 | Loss: 8.821453775453847e-06  | Negative Loss: 0.0
[Test ROC-AUC]  -  SA: 0.00000,  LA: 0.84260
[Test AUPRC]  -  LA: 0.87614
[Test F1-max]  -  LA: 0.79545
Epoch: 27 | Loss: 6.5564918259042315e-06  | Negative Loss: 0.0
[Test ROC-AUC]  -  SA: 0.00000,  LA: 0.84220
[Test AUPRC]  -  LA: 0.87580
[Test F1-max]  -  LA: 0.79330
Epoch: 28 | Loss: 5.006779247196391e-06  | Negative Loss: 0.0
[Test ROC-AUC]  -  SA: 0.00000,  LA: 0.84200
[Test AUPRC]  -  LA: 0.87577
[Test F1-max]  -  LA: 0.79330
Epoch: 29 | Loss: 3.933899733965518e-06  | Negative Loss: 0.0
[Test ROC-AUC]  -  SA: 0.00000,  LA: 0.84200
[Test AUPRC]  -  LA: 0.87585
[Test F1-max]  -  LA: 0.79330
Epoch: 30 | Loss: 2.9802281460433733e-06  | Negative Loss: 0.0
[Test ROC-AUC]  -  SA: 0.00000,  LA: 0.84180
[Test AUPRC]  -  LA: 0.87547
[Test F1-max]  -  LA: 0.79330
Epoch: 31 | Loss: 2.384183289905195e-06  | Negative Loss: 0.0
[Test ROC-AUC]  -  SA: 0.00000,  LA: 0.84150
[Test AUPRC]  -  LA: 0.87470
[Test F1-max]  -  LA: 0.79330
Epoch: 32 | Loss: 2.0265561033738777e-06  | Negative Loss: 0.0
[Test ROC-AUC]  -  SA: 0.00000,  LA: 0.84130
[Test AUPRC]  -  LA: 0.87418
[Test F1-max]  -  LA: 0.79330
Epoch: 33 | Loss: 1.6689288031557226e-06  | Negative Loss: 0.0
[Test ROC-AUC]  -  SA: 0.00000,  LA: 0.84155
[Test AUPRC]  -  LA: 0.87421
[Test F1-max]  -  LA: 0.79330
Epoch: 34 | Loss: 1.311301275563892e-06  | Negative Loss: 0.0
[Test ROC-AUC]  -  SA: 0.00000,  LA: 0.84130
[Test AUPRC]  -  LA: 0.87387
[Test F1-max]  -  LA: 0.79330
Epoch: 35 | Loss: 1.0728830375228426e-06  | Negative Loss: 0.0
[Test ROC-AUC]  -  SA: 0.00000,  LA: 0.84130
[Test AUPRC]  -  LA: 0.87403
[Test F1-max]  -  LA: 0.79330
Epoch: 36 | Loss: 9.536738616588991e-07  | Negative Loss: 0.0
[Test ROC-AUC]  -  SA: 0.00000,  LA: 0.84130
[Test AUPRC]  -  LA: 0.87396
[Test F1-max]  -  LA: 0.79330
Epoch: 37 | Loss: 8.344646857949556e-07  | Negative Loss: 0.0
[Test ROC-AUC]  -  SA: 0.00000,  LA: 0.84140
[Test AUPRC]  -  LA: 0.87405
[Test F1-max]  -  LA: 0.79330
Epoch: 38 | Loss: 7.152555099310121e-07  | Negative Loss: 0.0
[Test ROC-AUC]  -  SA: 0.00000,  LA: 0.84170
[Test AUPRC]  -  LA: 0.87420
[Test F1-max]  -  LA: 0.79330
Epoch: 39 | Loss: 7.152555099310121e-07  | Negative Loss: 0.0
[Test ROC-AUC]  -  SA: 0.00000,  LA: 0.84150
[Test AUPRC]  -  LA: 0.87373
[Test F1-max]  -  LA: 0.79330
Epoch: 40 | Loss: 5.960462772236497e-07  | Negative Loss: 0.0
[Test ROC-AUC]  -  SA: 0.00000,  LA: 0.84140
[Test AUPRC]  -  LA: 0.87355
[Test F1-max]  -  LA: 0.79330
Epoch: 41 | Loss: 4.768370445162873e-07  | Negative Loss: 0.0
[Test ROC-AUC]  -  SA: 0.00000,  LA: 0.84110
[Test AUPRC]  -  LA: 0.87340
[Test F1-max]  -  LA: 0.79330
Epoch: 42 | Loss: 4.768370445162873e-07  | Negative Loss: 0.0
[Test ROC-AUC]  -  SA: 0.00000,  LA: 0.84130
[Test AUPRC]  -  LA: 0.87354
[Test F1-max]  -  LA: 0.79330
Epoch: 43 | Loss: 4.768370445162873e-07  | Negative Loss: 0.0
[Test ROC-AUC]  -  SA: 0.00000,  LA: 0.84140
[Test AUPRC]  -  LA: 0.87359
[Test F1-max]  -  LA: 0.79330
Epoch: 44 | Loss: 3.576278118089249e-07  | Negative Loss: 0.0
[Test ROC-AUC]  -  SA: 0.00000,  LA: 0.84170
[Test AUPRC]  -  LA: 0.87349
[Test F1-max]  -  LA: 0.79558
Epoch: 45 | Loss: 3.576278118089249e-07  | Negative Loss: 0.0
[Test ROC-AUC]  -  SA: 0.00000,  LA: 0.84210
[Test AUPRC]  -  LA: 0.87381
[Test F1-max]  -  LA: 0.79558
Epoch: 46 | Loss: 3.576278118089249e-07  | Negative Loss: 0.0
[Test ROC-AUC]  -  SA: 0.00000,  LA: 0.84190
[Test AUPRC]  -  LA: 0.87350
[Test F1-max]  -  LA: 0.79558
Epoch: 47 | Loss: 3.576278118089249e-07  | Negative Loss: 0.0
[Test ROC-AUC]  -  SA: 0.00000,  LA: 0.84180
[Test AUPRC]  -  LA: 0.87321
[Test F1-max]  -  LA: 0.79558
Epoch: 48 | Loss: 3.576278118089249e-07  | Negative Loss: 0.0
[Test ROC-AUC]  -  SA: 0.00000,  LA: 0.84175
[Test AUPRC]  -  LA: 0.87297
[Test F1-max]  -  LA: 0.79121
Epoch: 49 | Loss: 3.576278118089249e-07  | Negative Loss: 0.0
[Test ROC-AUC]  -  SA: 0.00000,  LA: 0.84190
[Test AUPRC]  -  LA: 0.87304
[Test F1-max]  -  LA: 0.79121
Epoch: 50 | Loss: 2.3841855067985307e-07  | Negative Loss: 0.0
[Test ROC-AUC]  -  SA: 0.00000,  LA: 0.84190
[Test AUPRC]  -  LA: 0.87304
[Test F1-max]  -  LA: 0.79121
Epoch: 51 | Loss: 2.3841855067985307e-07  | Negative Loss: 0.0
[Test ROC-AUC]  -  SA: 0.00000,  LA: 0.84190
[Test AUPRC]  -  LA: 0.87304
[Test F1-max]  -  LA: 0.79121
Epoch: 52 | Loss: 2.3841855067985307e-07  | Negative Loss: 0.0
[Test ROC-AUC]  -  SA: 0.00000,  LA: 0.84170
[Test AUPRC]  -  LA: 0.87278
[Test F1-max]  -  LA: 0.79121
Epoch: 53 | Loss: 2.3841855067985307e-07  | Negative Loss: 0.0
[Test ROC-AUC]  -  SA: 0.00000,  LA: 0.84140
[Test AUPRC]  -  LA: 0.87242
[Test F1-max]  -  LA: 0.79121
Epoch: 54 | Loss: 2.3841855067985307e-07  | Negative Loss: 0.0
[Test ROC-AUC]  -  SA: 0.00000,  LA: 0.84120
[Test AUPRC]  -  LA: 0.87233
[Test F1-max]  -  LA: 0.79121
Epoch: 55 | Loss: 2.3841855067985307e-07  | Negative Loss: 0.0
[Test ROC-AUC]  -  SA: 0.00000,  LA: 0.84120
[Test AUPRC]  -  LA: 0.87213
[Test F1-max]  -  LA: 0.79121
Epoch: 56 | Loss: 2.3841855067985307e-07  | Negative Loss: 0.0
[Test ROC-AUC]  -  SA: 0.00000,  LA: 0.84110
[Test AUPRC]  -  LA: 0.87209
[Test F1-max]  -  LA: 0.79121
Epoch: 57 | Loss: 2.3841855067985307e-07  | Negative Loss: 0.0
[Test ROC-AUC]  -  SA: 0.00000,  LA: 0.84110
[Test AUPRC]  -  LA: 0.87208
[Test F1-max]  -  LA: 0.79121
Epoch: 58 | Loss: 2.3841855067985307e-07  | Negative Loss: 0.0
[Test ROC-AUC]  -  SA: 0.00000,  LA: 0.84110
[Test AUPRC]  -  LA: 0.87208
[Test F1-max]  -  LA: 0.79121
Epoch: 59 | Loss: 2.3841855067985307e-07  | Negative Loss: 0.0
[Test ROC-AUC]  -  SA: 0.00000,  LA: 0.84110
[Test AUPRC]  -  LA: 0.87208
[Test F1-max]  -  LA: 0.79121
Epoch: 60 | Loss: 2.3841855067985307e-07  | Negative Loss: 0.0
[Test ROC-AUC]  -  SA: 0.00000,  LA: 0.84120
[Test AUPRC]  -  LA: 0.87212
[Test F1-max]  -  LA: 0.79121
Epoch: 61 | Loss: 2.3841855067985307e-07  | Negative Loss: 0.0
[Test ROC-AUC]  -  SA: 0.00000,  LA: 0.84110
[Test AUPRC]  -  LA: 0.87208
[Test F1-max]  -  LA: 0.79121
Epoch: 62 | Loss: 2.3841855067985307e-07  | Negative Loss: 0.0
[Test ROC-AUC]  -  SA: 0.00000,  LA: 0.84100
[Test AUPRC]  -  LA: 0.87184
[Test F1-max]  -  LA: 0.79121
Epoch: 63 | Loss: 2.3841855067985307e-07  | Negative Loss: 0.0
[Test ROC-AUC]  -  SA: 0.00000,  LA: 0.84110
[Test AUPRC]  -  LA: 0.87189
[Test F1-max]  -  LA: 0.79121
Epoch: 64 | Loss: 2.3841855067985307e-07  | Negative Loss: 0.0
[Test ROC-AUC]  -  SA: 0.00000,  LA: 0.84110
[Test AUPRC]  -  LA: 0.87189
[Test F1-max]  -  LA: 0.79121
Epoch: 65 | Loss: 2.3841855067985307e-07  | Negative Loss: 0.0
[Test ROC-AUC]  -  SA: 0.00000,  LA: 0.84120
[Test AUPRC]  -  LA: 0.87195
[Test F1-max]  -  LA: 0.79121
Epoch: 66 | Loss: 2.3841855067985307e-07  | Negative Loss: 0.0
[Test ROC-AUC]  -  SA: 0.00000,  LA: 0.84120
[Test AUPRC]  -  LA: 0.87195
[Test F1-max]  -  LA: 0.79121
Epoch: 67 | Loss: 1.1920928244535389e-07  | Negative Loss: 0.0
[Test ROC-AUC]  -  SA: 0.00000,  LA: 0.84130
[Test AUPRC]  -  LA: 0.87201
[Test F1-max]  -  LA: 0.79121
Epoch: 68 | Loss: 1.1920928244535389e-07  | Negative Loss: 0.0
[Test ROC-AUC]  -  SA: 0.00000,  LA: 0.84120
[Test AUPRC]  -  LA: 0.87197
[Test F1-max]  -  LA: 0.79121
Epoch: 69 | Loss: 1.1920928244535389e-07  | Negative Loss: 0.0
[Test ROC-AUC]  -  SA: 0.00000,  LA: 0.84130
[Test AUPRC]  -  LA: 0.87200
[Test F1-max]  -  LA: 0.79121
Epoch: 70 | Loss: 1.1920928244535389e-07  | Negative Loss: 0.0
[Test ROC-AUC]  -  SA: 0.00000,  LA: 0.84140
[Test AUPRC]  -  LA: 0.87203
[Test F1-max]  -  LA: 0.79121
Epoch: 71 | Loss: 1.1920928244535389e-07  | Negative Loss: 0.0
[Test ROC-AUC]  -  SA: 0.00000,  LA: 0.84110
[Test AUPRC]  -  LA: 0.87146
[Test F1-max]  -  LA: 0.79121
Epoch: 72 | Loss: 1.1920928244535389e-07  | Negative Loss: 0.0
[Test ROC-AUC]  -  SA: 0.00000,  LA: 0.84120
[Test AUPRC]  -  LA: 0.87171
[Test F1-max]  -  LA: 0.79121
Epoch: 73 | Loss: 1.1920928244535389e-07  | Negative Loss: 0.0
[Test ROC-AUC]  -  SA: 0.00000,  LA: 0.84120
[Test AUPRC]  -  LA: 0.87171
[Test F1-max]  -  LA: 0.79121
Epoch: 74 | Loss: 1.1920928244535389e-07  | Negative Loss: 0.0
[Test ROC-AUC]  -  SA: 0.00000,  LA: 0.84120
[Test AUPRC]  -  LA: 0.87171
[Test F1-max]  -  LA: 0.79121
Epoch: 75 | Loss: 1.1920928244535389e-07  | Negative Loss: 0.0
[Test ROC-AUC]  -  SA: 0.00000,  LA: 0.84120
[Test AUPRC]  -  LA: 0.87171
[Test F1-max]  -  LA: 0.79121
Epoch: 76 | Loss: 1.1920928244535389e-07  | Negative Loss: 0.0
[Test ROC-AUC]  -  SA: 0.00000,  LA: 0.84120
[Test AUPRC]  -  LA: 0.87171
[Test F1-max]  -  LA: 0.79121
Epoch: 77 | Loss: 1.1920928244535389e-07  | Negative Loss: 0.0
[Test ROC-AUC]  -  SA: 0.00000,  LA: 0.84140
[Test AUPRC]  -  LA: 0.87179
[Test F1-max]  -  LA: 0.79121
Epoch: 78 | Loss: 1.1920928244535389e-07  | Negative Loss: 0.0
[Test ROC-AUC]  -  SA: 0.00000,  LA: 0.84130
[Test AUPRC]  -  LA: 0.87175
[Test F1-max]  -  LA: 0.79121
Epoch: 79 | Loss: 1.1920928244535389e-07  | Negative Loss: 0.0
[Test ROC-AUC]  -  SA: 0.00000,  LA: 0.84130
[Test AUPRC]  -  LA: 0.87175
[Test F1-max]  -  LA: 0.79121
Epoch: 80 | Loss: 1.1920928244535389e-07  | Negative Loss: 0.0
[Test ROC-AUC]  -  SA: 0.00000,  LA: 0.84130
[Test AUPRC]  -  LA: 0.87174
[Test F1-max]  -  LA: 0.79121
Epoch: 81 | Loss: 1.1920928244535389e-07  | Negative Loss: 0.0
[Test ROC-AUC]  -  SA: 0.00000,  LA: 0.84130
[Test AUPRC]  -  LA: 0.87175
[Test F1-max]  -  LA: 0.79121
Epoch: 82 | Loss: 1.1920928244535389e-07  | Negative Loss: 0.0
[Test ROC-AUC]  -  SA: 0.00000,  LA: 0.84130
[Test AUPRC]  -  LA: 0.87175
[Test F1-max]  -  LA: 0.79121
Epoch: 83 | Loss: 1.1920928244535389e-07  | Negative Loss: 0.0
[Test ROC-AUC]  -  SA: 0.00000,  LA: 0.84130
[Test AUPRC]  -  LA: 0.87175
[Test F1-max]  -  LA: 0.79121
Epoch: 84 | Loss: 1.1920928244535389e-07  | Negative Loss: 0.0
[Test ROC-AUC]  -  SA: 0.00000,  LA: 0.84130
[Test AUPRC]  -  LA: 0.87175
[Test F1-max]  -  LA: 0.79121
Epoch: 85 | Loss: 1.1920928244535389e-07  | Negative Loss: 0.0
[Test ROC-AUC]  -  SA: 0.00000,  LA: 0.84150
[Test AUPRC]  -  LA: 0.87188
[Test F1-max]  -  LA: 0.79121
Epoch: 86 | Loss: 1.1920928244535389e-07  | Negative Loss: 0.0
[Test ROC-AUC]  -  SA: 0.00000,  LA: 0.84150
[Test AUPRC]  -  LA: 0.87188
[Test F1-max]  -  LA: 0.79121
Epoch: 87 | Loss: 1.1920928244535389e-07  | Negative Loss: 0.0
[Test ROC-AUC]  -  SA: 0.00000,  LA: 0.84150
[Test AUPRC]  -  LA: 0.87188
[Test F1-max]  -  LA: 0.79121
Epoch: 88 | Loss: 1.1920928244535389e-07  | Negative Loss: 0.0
[Test ROC-AUC]  -  SA: 0.00000,  LA: 0.84150
[Test AUPRC]  -  LA: 0.87188
[Test F1-max]  -  LA: 0.79121
Epoch: 89 | Loss: 1.1920928244535389e-07  | Negative Loss: 0.0
[Test ROC-AUC]  -  SA: 0.00000,  LA: 0.84130
[Test AUPRC]  -  LA: 0.87178
[Test F1-max]  -  LA: 0.79121
Epoch: 90 | Loss: 1.1920928244535389e-07  | Negative Loss: 0.0
[Test ROC-AUC]  -  SA: 0.00000,  LA: 0.84130
[Test AUPRC]  -  LA: 0.87178
[Test F1-max]  -  LA: 0.79121
Epoch: 91 | Loss: 1.1920928244535389e-07  | Negative Loss: 0.0
[Test ROC-AUC]  -  SA: 0.00000,  LA: 0.84135
[Test AUPRC]  -  LA: 0.87201
[Test F1-max]  -  LA: 0.79121
Epoch: 92 | Loss: 1.1920928244535389e-07  | Negative Loss: 0.0
[Test ROC-AUC]  -  SA: 0.00000,  LA: 0.84130
[Test AUPRC]  -  LA: 0.87204
[Test F1-max]  -  LA: 0.79121
Epoch: 93 | Loss: 1.1920928244535389e-07  | Negative Loss: 0.0
[Test ROC-AUC]  -  SA: 0.00000,  LA: 0.84120
[Test AUPRC]  -  LA: 0.87200
[Test F1-max]  -  LA: 0.79121
Epoch: 94 | Loss: 1.1920928244535389e-07  | Negative Loss: 0.0
[Test ROC-AUC]  -  SA: 0.00000,  LA: 0.84120
[Test AUPRC]  -  LA: 0.87200
[Test F1-max]  -  LA: 0.79121
Epoch: 95 | Loss: 1.1920928244535389e-07  | Negative Loss: 0.0
[Test ROC-AUC]  -  SA: 0.00000,  LA: 0.84120
[Test AUPRC]  -  LA: 0.87200
[Test F1-max]  -  LA: 0.79121
Epoch: 96 | Loss: 1.1920928244535389e-07  | Negative Loss: 0.0
[Test ROC-AUC]  -  SA: 0.00000,  LA: 0.84120
[Test AUPRC]  -  LA: 0.87200
[Test F1-max]  -  LA: 0.79121
Epoch: 97 | Loss: 1.1920928244535389e-07  | Negative Loss: 0.0
[Test ROC-AUC]  -  SA: 0.00000,  LA: 0.84120
[Test AUPRC]  -  LA: 0.87200
[Test F1-max]  -  LA: 0.79121
Epoch: 98 | Loss: 1.1920928244535389e-07  | Negative Loss: 0.0
[Test ROC-AUC]  -  SA: 0.00000,  LA: 0.84120
[Test AUPRC]  -  LA: 0.87200
[Test F1-max]  -  LA: 0.79121
Epoch: 99 | Loss: 1.1920928244535389e-07  | Negative Loss: 0.0
Time consumption: 128.92442917823792
Best LA AUC: 0.8513
Best LA AUPC: 0.8799894600779679
Best LA F1-max: 0.8068181818181819
[Result] Experiment result appended to ./results/train_hybrid_result.csv

[END] 2026-03-29 11:34:05
[RETURN CODE] 0
