[START] 2026-03-29 11:56:32
[GPU] 2
[TASK] 101/150
[NAME] pcb2_promptad
[REPEAT] 1/5
[COMMAND] python train_hybrid.py --data_name pcb2 --mask True --text True --double_encoder True --few_shot True --shot 5 --hybrid_model promptad --hybrid_weight 0.3 --hybrid_batch_size 16 --epoch 100 --log True --lr 5e-4 --detection True --preprocess True

/home/seungeon/miniconda3/envs/LAB/lib/python3.10/site-packages/timm/models/layers/__init__.py:48: FutureWarning: Importing from timm.models.layers is deprecated, please import via timm.layers
  warnings.warn(f"Importing from {__name__} is deprecated, please import via timm.layers", FutureWarning)
/home/seungeon/Workspace/side/vlm/train_hybrid.py:18: DeprecationWarning: The distutils package is deprecated and slated for removal in Python 3.12. Use setuptools or check PEP 632 for potential alternatives
  from distutils.util import strtobool
Torch version: 2.9.1+cu128
cuda is loaded for process
here?
In my local computer
Namespace(epoch=100, gpu_number='0', data_name='pcb2', lr=0.0005, batch_size=6, shuffle=True, seed=0, tag='default', model_name='ViT-B-32', pretrained_name='laion2b_s34b_b79k', lora=1, default=False, foundation='CLIP', detection=1, preprocess=1, num_rule=0, object_names=['a photo of PCB'], objects_for_rules=[['a photo of PCB'], ['a photo of PCB'], ['a photo of PCB'], ['a photo of PCB']], texts_for_rules=[['a photo of PCB'], ['a photo of PCB'], ['a photo of PCB'], ['a photo of PCB']], mask=1, text=1, score='mean', ciriculam_learning=False, few_shot=1, shot=5, log=1, neg_loss=0, double_encoder=1, pretrained_count_path=None, ris=0, rule_select='', rule_list=[], num_negative=5, hybrid_model='promptad', hybrid_weight=0.3, hybrid_class_name='', hybrid_batch_size=16, hybrid_backbone='ViT-B-16-plus-240', hybrid_pretrained_dataset='laion400m_e32', hybrid_scales=[2, 3], hybrid_img_resize=240, hybrid_img_cropsize=240, hybrid_resolution=400, hybrid_promptad_epoch=100, hybrid_promptad_lr=0.002, hybrid_promptad_momentum=0.9, hybrid_promptad_weight_decay=0.0005, hybrid_promptad_eta_min=1e-05, hybrid_promptad_lambda1=0.001, hybrid_promptad_n_ctx=4, hybrid_promptad_n_pro=3, hybrid_promptad_n_ctx_ab=1, hybrid_promptad_n_pro_ab=4, early_stop_k=10, result_log_path='./results/train_hybrid_result.csv')
[Hybrid] method=promptad, class_name=pcb2, train=5, eval=200, base_path=/data3/seungeon/data/image/visa/pcb2
[Hybrid-only] LA_AUC=0.66095, LA_AUPRC=0.64964, LA_F1=0.69261
[Data Description]
- Train: 5
- Test: 200

Train Start
[Test ROC-AUC]  -  SA: 0.00000,  LA: 0.59580
[Test AUPRC]  -  LA: 0.61120
[Test F1-max]  -  LA: 0.70036
Epoch: 0 | Loss: 4.921464920043945  | Negative Loss: 0.0
[Test ROC-AUC]  -  SA: 0.00000,  LA: 0.59600
[Test AUPRC]  -  LA: 0.61185
[Test F1-max]  -  LA: 0.70290
Epoch: 1 | Loss: 4.837592601776123  | Negative Loss: 0.0
[Test ROC-AUC]  -  SA: 0.00000,  LA: 0.62720
[Test AUPRC]  -  LA: 0.62892
[Test F1-max]  -  LA: 0.71795
Epoch: 2 | Loss: 3.6325416564941406  | Negative Loss: 0.0
[Test ROC-AUC]  -  SA: 0.00000,  LA: 0.65560
[Test AUPRC]  -  LA: 0.64882
[Test F1-max]  -  LA: 0.70339
Epoch: 3 | Loss: 2.0470213890075684  | Negative Loss: 0.0
[Test ROC-AUC]  -  SA: 0.00000,  LA: 0.66760
[Test AUPRC]  -  LA: 0.65589
[Test F1-max]  -  LA: 0.69751
Epoch: 4 | Loss: 0.8253084421157837  | Negative Loss: 0.0
[Test ROC-AUC]  -  SA: 0.00000,  LA: 0.67640
[Test AUPRC]  -  LA: 0.67635
[Test F1-max]  -  LA: 0.69039
Epoch: 5 | Loss: 0.25005042552948  | Negative Loss: 0.0
[Test ROC-AUC]  -  SA: 0.00000,  LA: 0.68710
[Test AUPRC]  -  LA: 0.69816
[Test F1-max]  -  LA: 0.69504
Epoch: 6 | Loss: 0.07026046514511108  | Negative Loss: 0.0
[Test ROC-AUC]  -  SA: 0.00000,  LA: 0.69095
[Test AUPRC]  -  LA: 0.70611
[Test F1-max]  -  LA: 0.69504
Epoch: 7 | Loss: 0.02041725441813469  | Negative Loss: 0.0
[Test ROC-AUC]  -  SA: 0.00000,  LA: 0.69630
[Test AUPRC]  -  LA: 0.71490
[Test F1-max]  -  LA: 0.69504
Epoch: 8 | Loss: 0.006451943889260292  | Negative Loss: 0.0
[Test ROC-AUC]  -  SA: 0.00000,  LA: 0.70060
[Test AUPRC]  -  LA: 0.72131
[Test F1-max]  -  LA: 0.69258
Epoch: 9 | Loss: 0.0022377807181328535  | Negative Loss: 0.0
[Test ROC-AUC]  -  SA: 0.00000,  LA: 0.71190
[Test AUPRC]  -  LA: 0.73018
[Test F1-max]  -  LA: 0.69643
Epoch: 10 | Loss: 0.0008563312003389001  | Negative Loss: 0.0
[Test ROC-AUC]  -  SA: 0.00000,  LA: 0.71960
[Test AUPRC]  -  LA: 0.73147
[Test F1-max]  -  LA: 0.70588
Epoch: 11 | Loss: 0.00035983859561383724  | Negative Loss: 0.0
[Test ROC-AUC]  -  SA: 0.00000,  LA: 0.72800
[Test AUPRC]  -  LA: 0.72893
[Test F1-max]  -  LA: 0.70698
Epoch: 12 | Loss: 0.0001650739723118022  | Negative Loss: 0.0
[Test ROC-AUC]  -  SA: 0.00000,  LA: 0.73220
[Test AUPRC]  -  LA: 0.71790
[Test F1-max]  -  LA: 0.71795
Epoch: 13 | Loss: 8.148953202180564e-05  | Negative Loss: 0.0
[Test ROC-AUC]  -  SA: 0.00000,  LA: 0.73520
[Test AUPRC]  -  LA: 0.71064
[Test F1-max]  -  LA: 0.71875
Epoch: 14 | Loss: 4.2652500269468874e-05  | Negative Loss: 0.0
[Test ROC-AUC]  -  SA: 0.00000,  LA: 0.73420
[Test AUPRC]  -  LA: 0.70366
[Test F1-max]  -  LA: 0.71560
Epoch: 15 | Loss: 2.3484033590648323e-05  | Negative Loss: 0.0
[Test ROC-AUC]  -  SA: 0.00000,  LA: 0.73105
[Test AUPRC]  -  LA: 0.69793
[Test F1-max]  -  LA: 0.71818
Epoch: 16 | Loss: 1.3589788977697026e-05  | Negative Loss: 0.0
[Test ROC-AUC]  -  SA: 0.00000,  LA: 0.72610
[Test AUPRC]  -  LA: 0.69161
[Test F1-max]  -  LA: 0.72222
Epoch: 17 | Loss: 7.986996024555992e-06  | Negative Loss: 0.0
[Test ROC-AUC]  -  SA: 0.00000,  LA: 0.72310
[Test AUPRC]  -  LA: 0.69036
[Test F1-max]  -  LA: 0.71545
Epoch: 18 | Loss: 4.935253855364863e-06  | Negative Loss: 0.0
[Test ROC-AUC]  -  SA: 0.00000,  LA: 0.71725
[Test AUPRC]  -  LA: 0.68524
[Test F1-max]  -  LA: 0.71171
Epoch: 19 | Loss: 3.1471204238187056e-06  | Negative Loss: 0.0
[Test ROC-AUC]  -  SA: 0.00000,  LA: 0.71395
[Test AUPRC]  -  LA: 0.68408
[Test F1-max]  -  LA: 0.71930
Epoch: 20 | Loss: 2.121923216691357e-06  | Negative Loss: 0.0
[Test ROC-AUC]  -  SA: 0.00000,  LA: 0.71175
[Test AUPRC]  -  LA: 0.68376
[Test F1-max]  -  LA: 0.71818
Epoch: 21 | Loss: 1.4066686162550468e-06  | Negative Loss: 0.0
[Test ROC-AUC]  -  SA: 0.00000,  LA: 0.70720
[Test AUPRC]  -  LA: 0.68088
[Test F1-max]  -  LA: 0.71560
Epoch: 22 | Loss: 9.536738616588991e-07  | Negative Loss: 0.0
[Test ROC-AUC]  -  SA: 0.00000,  LA: 0.70320
[Test AUPRC]  -  LA: 0.67642
[Test F1-max]  -  LA: 0.71171
Epoch: 23 | Loss: 6.675717827420158e-07  | Negative Loss: 0.0
[Test ROC-AUC]  -  SA: 0.00000,  LA: 0.69860
[Test AUPRC]  -  LA: 0.67173
[Test F1-max]  -  LA: 0.70852
[Early Stopping] LA AUROC dropped for 10 consecutive epochs. Stop at epoch 25/100.
Time consumption: 32.94335460662842
Best LA AUC: 0.7352
Best LA AUPC: 0.7314681916268839
Best LA F1-max: 0.7222222222222223
[Result] Experiment result appended to ./results/train_hybrid_result.csv

[END] 2026-03-29 11:59:18
[RETURN CODE] 0
