[START] 2026-03-29 10:43:15
[GPU] 2
[TASK] 3/150
[NAME] cable_promptad
[REPEAT] 3/5
[COMMAND] python train_hybrid.py --data_name cable --mask True --text True --double_encoder True --few_shot True --shot 1 --hybrid_model promptad --hybrid_weight 0.3 --hybrid_batch_size 16 --epoch 100 --log True --lr 5e-4 --detection True --preprocess True

/home/seungeon/miniconda3/envs/LAB/lib/python3.10/site-packages/timm/models/layers/__init__.py:48: FutureWarning: Importing from timm.models.layers is deprecated, please import via timm.layers
  warnings.warn(f"Importing from {__name__} is deprecated, please import via timm.layers", FutureWarning)
/home/seungeon/Workspace/side/vlm/train_hybrid.py:18: DeprecationWarning: The distutils package is deprecated and slated for removal in Python 3.12. Use setuptools or check PEP 632 for potential alternatives
  from distutils.util import strtobool
Torch version: 2.9.1+cu128
cuda is loaded for process
here?
In my local computer
Namespace(epoch=100, gpu_number='0', data_name='cable', lr=0.0005, batch_size=6, shuffle=True, seed=0, tag='default', model_name='ViT-B-32', pretrained_name='laion2b_s34b_b79k', lora=1, default=False, foundation='CLIP', detection=1, preprocess=1, num_rule=0, object_names=['a photo of cable'], objects_for_rules=[['a photo of cable'], ['a photo of cable'], ['a photo of cable'], ['a photo of cable'], ['a photo of cable']], texts_for_rules=[['a photo of cable'], ['a photo of cable'], ['a photo of cable'], ['a photo of cable'], ['a photo of cable']], mask=1, text=1, score='mean', ciriculam_learning=False, few_shot=1, shot=1, log=1, neg_loss=0, double_encoder=1, pretrained_count_path=None, ris=0, rule_select='', rule_list=[], num_negative=5, hybrid_model='promptad', hybrid_weight=0.3, hybrid_class_name='', hybrid_batch_size=16, hybrid_backbone='ViT-B-16-plus-240', hybrid_pretrained_dataset='laion400m_e32', hybrid_scales=[2, 3], hybrid_img_resize=240, hybrid_img_cropsize=240, hybrid_resolution=400, hybrid_promptad_epoch=100, hybrid_promptad_lr=0.002, hybrid_promptad_momentum=0.9, hybrid_promptad_weight_decay=0.0005, hybrid_promptad_eta_min=1e-05, hybrid_promptad_lambda1=0.001, hybrid_promptad_n_ctx=4, hybrid_promptad_n_pro=3, hybrid_promptad_n_ctx_ab=1, hybrid_promptad_n_pro_ab=4, early_stop_k=10, result_log_path='./results/train_hybrid_result.csv')
[Hybrid] method=promptad, class_name=cable, train=1, eval=103, base_path=/data3/seungeon/data/image/mvtec_ad/cable
[Hybrid-only] LA_AUC=0.85939, LA_AUPRC=0.84219, LA_F1=0.83721
[Data Description]
- Train: 1
- Test: 103

Train Start
[Test ROC-AUC]  -  SA: 0.00000,  LA: 0.31303
[Test AUPRC]  -  LA: 0.46294
[Test F1-max]  -  LA: 0.72050
Epoch: 0 | Loss: 12.7600736618042  | Negative Loss: 0.0
[Test ROC-AUC]  -  SA: 0.00000,  LA: 0.31839
[Test AUPRC]  -  LA: 0.46593
[Test F1-max]  -  LA: 0.72050
Epoch: 1 | Loss: 12.583256721496582  | Negative Loss: 0.0
[Test ROC-AUC]  -  SA: 0.00000,  LA: 0.38084
[Test AUPRC]  -  LA: 0.49821
[Test F1-max]  -  LA: 0.72050
Epoch: 2 | Loss: 9.829501152038574  | Negative Loss: 0.0
[Test ROC-AUC]  -  SA: 0.00000,  LA: 0.49655
[Test AUPRC]  -  LA: 0.55428
[Test F1-max]  -  LA: 0.72050
Epoch: 3 | Loss: 5.9314422607421875  | Negative Loss: 0.0
[Test ROC-AUC]  -  SA: 0.00000,  LA: 0.64713
[Test AUPRC]  -  LA: 0.65844
[Test F1-max]  -  LA: 0.74830
Epoch: 4 | Loss: 2.5216450691223145  | Negative Loss: 0.0
[Test ROC-AUC]  -  SA: 0.00000,  LA: 0.71456
[Test AUPRC]  -  LA: 0.72806
[Test F1-max]  -  LA: 0.78378
Epoch: 5 | Loss: 0.9194988012313843  | Negative Loss: 0.0
[Test ROC-AUC]  -  SA: 0.00000,  LA: 0.74981
[Test AUPRC]  -  LA: 0.77779
[Test F1-max]  -  LA: 0.78912
Epoch: 6 | Loss: 0.3388591408729553  | Negative Loss: 0.0
[Test ROC-AUC]  -  SA: 0.00000,  LA: 0.75900
[Test AUPRC]  -  LA: 0.78878
[Test F1-max]  -  LA: 0.78912
Epoch: 7 | Loss: 0.13517573475837708  | Negative Loss: 0.0
[Test ROC-AUC]  -  SA: 0.00000,  LA: 0.77126
[Test AUPRC]  -  LA: 0.80579
[Test F1-max]  -  LA: 0.78912
Epoch: 8 | Loss: 0.05913284048438072  | Negative Loss: 0.0
[Test ROC-AUC]  -  SA: 0.00000,  LA: 0.77050
[Test AUPRC]  -  LA: 0.80294
[Test F1-max]  -  LA: 0.78912
Epoch: 9 | Loss: 0.02774391882121563  | Negative Loss: 0.0
[Test ROC-AUC]  -  SA: 0.00000,  LA: 0.76973
[Test AUPRC]  -  LA: 0.80155
[Test F1-max]  -  LA: 0.79412
Epoch: 10 | Loss: 0.01367691159248352  | Negative Loss: 0.0
[Test ROC-AUC]  -  SA: 0.00000,  LA: 0.76743
[Test AUPRC]  -  LA: 0.80087
[Test F1-max]  -  LA: 0.79137
Epoch: 11 | Loss: 0.0070846606977283955  | Negative Loss: 0.0
[Test ROC-AUC]  -  SA: 0.00000,  LA: 0.77088
[Test AUPRC]  -  LA: 0.80683
[Test F1-max]  -  LA: 0.79137
Epoch: 12 | Loss: 0.0038756344001740217  | Negative Loss: 0.0
[Test ROC-AUC]  -  SA: 0.00000,  LA: 0.76935
[Test AUPRC]  -  LA: 0.80658
[Test F1-max]  -  LA: 0.79433
Epoch: 13 | Loss: 0.002225651638582349  | Negative Loss: 0.0
[Test ROC-AUC]  -  SA: 0.00000,  LA: 0.77395
[Test AUPRC]  -  LA: 0.81290
[Test F1-max]  -  LA: 0.79433
Epoch: 14 | Loss: 0.0013422213960438967  | Negative Loss: 0.0
[Test ROC-AUC]  -  SA: 0.00000,  LA: 0.77701
[Test AUPRC]  -  LA: 0.81544
[Test F1-max]  -  LA: 0.79433
Epoch: 15 | Loss: 0.0008352910517714918  | Negative Loss: 0.0
[Test ROC-AUC]  -  SA: 0.00000,  LA: 0.78276
[Test AUPRC]  -  LA: 0.81859
[Test F1-max]  -  LA: 0.79433
Epoch: 16 | Loss: 0.0005366249824874103  | Negative Loss: 0.0
[Test ROC-AUC]  -  SA: 0.00000,  LA: 0.78467
[Test AUPRC]  -  LA: 0.82369
[Test F1-max]  -  LA: 0.79433
Epoch: 17 | Loss: 0.00035450313589535654  | Negative Loss: 0.0
[Test ROC-AUC]  -  SA: 0.00000,  LA: 0.78889
[Test AUPRC]  -  LA: 0.82624
[Test F1-max]  -  LA: 0.79433
Epoch: 18 | Loss: 0.00023936023353599012  | Negative Loss: 0.0
[Test ROC-AUC]  -  SA: 0.00000,  LA: 0.79119
[Test AUPRC]  -  LA: 0.82751
[Test F1-max]  -  LA: 0.79433
Epoch: 19 | Loss: 0.00016509894339833409  | Negative Loss: 0.0
[Test ROC-AUC]  -  SA: 0.00000,  LA: 0.79272
[Test AUPRC]  -  LA: 0.82840
[Test F1-max]  -  LA: 0.79137
Epoch: 20 | Loss: 0.0001164644054370001  | Negative Loss: 0.0
[Test ROC-AUC]  -  SA: 0.00000,  LA: 0.79579
[Test AUPRC]  -  LA: 0.82854
[Test F1-max]  -  LA: 0.79137
Epoch: 21 | Loss: 8.368328417418525e-05  | Negative Loss: 0.0
[Test ROC-AUC]  -  SA: 0.00000,  LA: 0.79770
[Test AUPRC]  -  LA: 0.82966
[Test F1-max]  -  LA: 0.79137
Epoch: 22 | Loss: 6.103425403125584e-05  | Negative Loss: 0.0
[Test ROC-AUC]  -  SA: 0.00000,  LA: 0.80057
[Test AUPRC]  -  LA: 0.83332
[Test F1-max]  -  LA: 0.79137
Epoch: 23 | Loss: 4.5775846956530586e-05  | Negative Loss: 0.0
[Test ROC-AUC]  -  SA: 0.00000,  LA: 0.80192
[Test AUPRC]  -  LA: 0.83446
[Test F1-max]  -  LA: 0.79137
Epoch: 24 | Loss: 3.4451179089955986e-05  | Negative Loss: 0.0
[Test ROC-AUC]  -  SA: 0.00000,  LA: 0.80192
[Test AUPRC]  -  LA: 0.83394
[Test F1-max]  -  LA: 0.79137
Epoch: 25 | Loss: 2.6583486032905057e-05  | Negative Loss: 0.0
[Test ROC-AUC]  -  SA: 0.00000,  LA: 0.80192
[Test AUPRC]  -  LA: 0.83330
[Test F1-max]  -  LA: 0.79137
Epoch: 26 | Loss: 2.0861507437075488e-05  | Negative Loss: 0.0
[Test ROC-AUC]  -  SA: 0.00000,  LA: 0.80268
[Test AUPRC]  -  LA: 0.83396
[Test F1-max]  -  LA: 0.79137
Epoch: 27 | Loss: 1.6808433429105207e-05  | Negative Loss: 0.0
[Test ROC-AUC]  -  SA: 0.00000,  LA: 0.80575
[Test AUPRC]  -  LA: 0.83571
[Test F1-max]  -  LA: 0.79137
Epoch: 28 | Loss: 1.3589807167591061e-05  | Negative Loss: 0.0
[Test ROC-AUC]  -  SA: 0.00000,  LA: 0.80613
[Test AUPRC]  -  LA: 0.83539
[Test F1-max]  -  LA: 0.79137
Epoch: 29 | Loss: 1.1086429367423989e-05  | Negative Loss: 0.0
[Test ROC-AUC]  -  SA: 0.00000,  LA: 0.80805
[Test AUPRC]  -  LA: 0.83645
[Test F1-max]  -  LA: 0.79137
Epoch: 30 | Loss: 9.059882358997129e-06  | Negative Loss: 0.0
[Test ROC-AUC]  -  SA: 0.00000,  LA: 0.80843
[Test AUPRC]  -  LA: 0.83515
[Test F1-max]  -  LA: 0.79137
Epoch: 31 | Loss: 7.629377705598017e-06  | Negative Loss: 0.0
[Test ROC-AUC]  -  SA: 0.00000,  LA: 0.81111
[Test AUPRC]  -  LA: 0.83704
[Test F1-max]  -  LA: 0.79137
Epoch: 32 | Loss: 6.556498192367144e-06  | Negative Loss: 0.0
[Test ROC-AUC]  -  SA: 0.00000,  LA: 0.81149
[Test AUPRC]  -  LA: 0.83656
[Test F1-max]  -  LA: 0.79310
Epoch: 33 | Loss: 5.602827513939701e-06  | Negative Loss: 0.0
[Test ROC-AUC]  -  SA: 0.00000,  LA: 0.81149
[Test AUPRC]  -  LA: 0.83656
[Test F1-max]  -  LA: 0.79310
Epoch: 34 | Loss: 4.768364760820987e-06  | Negative Loss: 0.0
[Test ROC-AUC]  -  SA: 0.00000,  LA: 0.81226
[Test AUPRC]  -  LA: 0.83731
[Test F1-max]  -  LA: 0.79310
Epoch: 35 | Loss: 4.410738256410696e-06  | Negative Loss: 0.0
[Test ROC-AUC]  -  SA: 0.00000,  LA: 0.81341
[Test AUPRC]  -  LA: 0.83803
[Test F1-max]  -  LA: 0.80000
Epoch: 36 | Loss: 3.814692718151491e-06  | Negative Loss: 0.0
[Test ROC-AUC]  -  SA: 0.00000,  LA: 0.81341
[Test AUPRC]  -  LA: 0.83795
[Test F1-max]  -  LA: 0.80000
Epoch: 37 | Loss: 3.3378566968167434e-06  | Negative Loss: 0.0
[Test ROC-AUC]  -  SA: 0.00000,  LA: 0.81418
[Test AUPRC]  -  LA: 0.83882
[Test F1-max]  -  LA: 0.80000
Epoch: 38 | Loss: 3.2186476346396375e-06  | Negative Loss: 0.0
[Test ROC-AUC]  -  SA: 0.00000,  LA: 0.81533
[Test AUPRC]  -  LA: 0.83798
[Test F1-max]  -  LA: 0.80000
Epoch: 39 | Loss: 2.86102044810832e-06  | Negative Loss: 0.0
[Test ROC-AUC]  -  SA: 0.00000,  LA: 0.81533
[Test AUPRC]  -  LA: 0.83798
[Test F1-max]  -  LA: 0.80000
Epoch: 40 | Loss: 2.384183744652546e-06  | Negative Loss: 0.0
[Test ROC-AUC]  -  SA: 0.00000,  LA: 0.81533
[Test AUPRC]  -  LA: 0.83803
[Test F1-max]  -  LA: 0.80000
Epoch: 41 | Loss: 2.1457656202983344e-06  | Negative Loss: 0.0
[Test ROC-AUC]  -  SA: 0.00000,  LA: 0.81571
[Test AUPRC]  -  LA: 0.83825
[Test F1-max]  -  LA: 0.80000
Epoch: 42 | Loss: 1.9073472685704473e-06  | Negative Loss: 0.0
[Test ROC-AUC]  -  SA: 0.00000,  LA: 0.81571
[Test AUPRC]  -  LA: 0.83825
[Test F1-max]  -  LA: 0.80000
Epoch: 43 | Loss: 1.7881380927065038e-06  | Negative Loss: 0.0
[Test ROC-AUC]  -  SA: 0.00000,  LA: 0.81686
[Test AUPRC]  -  LA: 0.83884
[Test F1-max]  -  LA: 0.80000
Epoch: 44 | Loss: 1.668929030529398e-06  | Negative Loss: 0.0
[Test ROC-AUC]  -  SA: 0.00000,  LA: 0.81686
[Test AUPRC]  -  LA: 0.83884
[Test F1-max]  -  LA: 0.80000
Epoch: 45 | Loss: 1.668929030529398e-06  | Negative Loss: 0.0
[Test ROC-AUC]  -  SA: 0.00000,  LA: 0.81648
[Test AUPRC]  -  LA: 0.83867
[Test F1-max]  -  LA: 0.80000
Epoch: 46 | Loss: 1.5497198546654545e-06  | Negative Loss: 0.0
[Test ROC-AUC]  -  SA: 0.00000,  LA: 0.81648
[Test AUPRC]  -  LA: 0.83867
[Test F1-max]  -  LA: 0.80000
Epoch: 47 | Loss: 1.4305107924883487e-06  | Negative Loss: 0.0
[Test ROC-AUC]  -  SA: 0.00000,  LA: 0.81648
[Test AUPRC]  -  LA: 0.83867
[Test F1-max]  -  LA: 0.80000
Epoch: 48 | Loss: 1.3113016166244051e-06  | Negative Loss: 0.0
[Test ROC-AUC]  -  SA: 0.00000,  LA: 0.81648
[Test AUPRC]  -  LA: 0.83867
[Test F1-max]  -  LA: 0.80000
Epoch: 49 | Loss: 1.3113016166244051e-06  | Negative Loss: 0.0
[Test ROC-AUC]  -  SA: 0.00000,  LA: 0.81724
[Test AUPRC]  -  LA: 0.83949
[Test F1-max]  -  LA: 0.80702
Epoch: 50 | Loss: 1.3113016166244051e-06  | Negative Loss: 0.0
[Test ROC-AUC]  -  SA: 0.00000,  LA: 0.81724
[Test AUPRC]  -  LA: 0.83949
[Test F1-max]  -  LA: 0.80702
Epoch: 51 | Loss: 1.3113016166244051e-06  | Negative Loss: 0.0
[Test ROC-AUC]  -  SA: 0.00000,  LA: 0.81762
[Test AUPRC]  -  LA: 0.83967
[Test F1-max]  -  LA: 0.80702
Epoch: 52 | Loss: 1.1920924407604616e-06  | Negative Loss: 0.0
[Test ROC-AUC]  -  SA: 0.00000,  LA: 0.81724
[Test AUPRC]  -  LA: 0.83700
[Test F1-max]  -  LA: 0.80702
Epoch: 53 | Loss: 1.1920924407604616e-06  | Negative Loss: 0.0
[Test ROC-AUC]  -  SA: 0.00000,  LA: 0.81743
[Test AUPRC]  -  LA: 0.83753
[Test F1-max]  -  LA: 0.80702
Epoch: 54 | Loss: 1.072883264896518e-06  | Negative Loss: 0.0
[Test ROC-AUC]  -  SA: 0.00000,  LA: 0.81724
[Test AUPRC]  -  LA: 0.83745
[Test F1-max]  -  LA: 0.80702
Epoch: 55 | Loss: 1.072883264896518e-06  | Negative Loss: 0.0
[Test ROC-AUC]  -  SA: 0.00000,  LA: 0.81724
[Test AUPRC]  -  LA: 0.83745
[Test F1-max]  -  LA: 0.80702
Epoch: 56 | Loss: 1.072883264896518e-06  | Negative Loss: 0.0
[Test ROC-AUC]  -  SA: 0.00000,  LA: 0.81724
[Test AUPRC]  -  LA: 0.83745
[Test F1-max]  -  LA: 0.80702
Epoch: 57 | Loss: 1.072883264896518e-06  | Negative Loss: 0.0
[Test ROC-AUC]  -  SA: 0.00000,  LA: 0.81724
[Test AUPRC]  -  LA: 0.83745
[Test F1-max]  -  LA: 0.80702
Epoch: 58 | Loss: 1.072883264896518e-06  | Negative Loss: 0.0
[Test ROC-AUC]  -  SA: 0.00000,  LA: 0.81724
[Test AUPRC]  -  LA: 0.83745
[Test F1-max]  -  LA: 0.80702
Epoch: 59 | Loss: 9.536740890325746e-07  | Negative Loss: 0.0
[Test ROC-AUC]  -  SA: 0.00000,  LA: 0.81724
[Test AUPRC]  -  LA: 0.83745
[Test F1-max]  -  LA: 0.80702
Epoch: 60 | Loss: 9.536740890325746e-07  | Negative Loss: 0.0
[Test ROC-AUC]  -  SA: 0.00000,  LA: 0.81686
[Test AUPRC]  -  LA: 0.83729
[Test F1-max]  -  LA: 0.80702
Epoch: 61 | Loss: 9.536740890325746e-07  | Negative Loss: 0.0
[Test ROC-AUC]  -  SA: 0.00000,  LA: 0.81686
[Test AUPRC]  -  LA: 0.83729
[Test F1-max]  -  LA: 0.80702
Epoch: 62 | Loss: 9.536740890325746e-07  | Negative Loss: 0.0
[Test ROC-AUC]  -  SA: 0.00000,  LA: 0.81724
[Test AUPRC]  -  LA: 0.83744
[Test F1-max]  -  LA: 0.80702
Epoch: 63 | Loss: 8.344647994817933e-07  | Negative Loss: 0.0
[Test ROC-AUC]  -  SA: 0.00000,  LA: 0.81724
[Test AUPRC]  -  LA: 0.83744
[Test F1-max]  -  LA: 0.80702
Epoch: 64 | Loss: 8.344647994817933e-07  | Negative Loss: 0.0
[Test ROC-AUC]  -  SA: 0.00000,  LA: 0.81724
[Test AUPRC]  -  LA: 0.83744
[Test F1-max]  -  LA: 0.80702
Epoch: 65 | Loss: 8.344647994817933e-07  | Negative Loss: 0.0
[Test ROC-AUC]  -  SA: 0.00000,  LA: 0.81724
[Test AUPRC]  -  LA: 0.83744
[Test F1-max]  -  LA: 0.80702
Epoch: 66 | Loss: 8.344647994817933e-07  | Negative Loss: 0.0
[Test ROC-AUC]  -  SA: 0.00000,  LA: 0.81724
[Test AUPRC]  -  LA: 0.83744
[Test F1-max]  -  LA: 0.80702
Epoch: 67 | Loss: 8.344647994817933e-07  | Negative Loss: 0.0
[Test ROC-AUC]  -  SA: 0.00000,  LA: 0.81724
[Test AUPRC]  -  LA: 0.83744
[Test F1-max]  -  LA: 0.80702
Epoch: 68 | Loss: 7.152555099310121e-07  | Negative Loss: 0.0
[Test ROC-AUC]  -  SA: 0.00000,  LA: 0.81724
[Test AUPRC]  -  LA: 0.83744
[Test F1-max]  -  LA: 0.80702
Epoch: 69 | Loss: 7.152555099310121e-07  | Negative Loss: 0.0
[Test ROC-AUC]  -  SA: 0.00000,  LA: 0.81743
[Test AUPRC]  -  LA: 0.83757
[Test F1-max]  -  LA: 0.80702
Epoch: 70 | Loss: 7.152555099310121e-07  | Negative Loss: 0.0
[Test ROC-AUC]  -  SA: 0.00000,  LA: 0.81801
[Test AUPRC]  -  LA: 0.83792
[Test F1-max]  -  LA: 0.80702
Epoch: 71 | Loss: 7.152555099310121e-07  | Negative Loss: 0.0
[Test ROC-AUC]  -  SA: 0.00000,  LA: 0.81801
[Test AUPRC]  -  LA: 0.83792
[Test F1-max]  -  LA: 0.80702
Epoch: 72 | Loss: 7.152555099310121e-07  | Negative Loss: 0.0
[Test ROC-AUC]  -  SA: 0.00000,  LA: 0.81839
[Test AUPRC]  -  LA: 0.83813
[Test F1-max]  -  LA: 0.80702
Epoch: 73 | Loss: 7.152555099310121e-07  | Negative Loss: 0.0
[Test ROC-AUC]  -  SA: 0.00000,  LA: 0.81839
[Test AUPRC]  -  LA: 0.83813
[Test F1-max]  -  LA: 0.80702
Epoch: 74 | Loss: 7.152555099310121e-07  | Negative Loss: 0.0
[Test ROC-AUC]  -  SA: 0.00000,  LA: 0.81839
[Test AUPRC]  -  LA: 0.83813
[Test F1-max]  -  LA: 0.80702
Epoch: 75 | Loss: 7.152555099310121e-07  | Negative Loss: 0.0
[Test ROC-AUC]  -  SA: 0.00000,  LA: 0.81801
[Test AUPRC]  -  LA: 0.83751
[Test F1-max]  -  LA: 0.80702
Epoch: 76 | Loss: 5.960462772236497e-07  | Negative Loss: 0.0
[Test ROC-AUC]  -  SA: 0.00000,  LA: 0.81762
[Test AUPRC]  -  LA: 0.83738
[Test F1-max]  -  LA: 0.80702
Epoch: 77 | Loss: 4.768370445162873e-07  | Negative Loss: 0.0
[Test ROC-AUC]  -  SA: 0.00000,  LA: 0.81762
[Test AUPRC]  -  LA: 0.83738
[Test F1-max]  -  LA: 0.80702
Epoch: 78 | Loss: 4.768370445162873e-07  | Negative Loss: 0.0
[Test ROC-AUC]  -  SA: 0.00000,  LA: 0.81762
[Test AUPRC]  -  LA: 0.83738
[Test F1-max]  -  LA: 0.80702
Epoch: 79 | Loss: 4.768370445162873e-07  | Negative Loss: 0.0
[Test ROC-AUC]  -  SA: 0.00000,  LA: 0.81762
[Test AUPRC]  -  LA: 0.83738
[Test F1-max]  -  LA: 0.80702
Epoch: 80 | Loss: 4.768370445162873e-07  | Negative Loss: 0.0
[Test ROC-AUC]  -  SA: 0.00000,  LA: 0.81724
[Test AUPRC]  -  LA: 0.83716
[Test F1-max]  -  LA: 0.80702
Epoch: 81 | Loss: 4.768370445162873e-07  | Negative Loss: 0.0
[Test ROC-AUC]  -  SA: 0.00000,  LA: 0.81724
[Test AUPRC]  -  LA: 0.83716
[Test F1-max]  -  LA: 0.80702
Epoch: 82 | Loss: 4.768370445162873e-07  | Negative Loss: 0.0
[Test ROC-AUC]  -  SA: 0.00000,  LA: 0.81686
[Test AUPRC]  -  LA: 0.83652
[Test F1-max]  -  LA: 0.80702
Epoch: 83 | Loss: 4.768370445162873e-07  | Negative Loss: 0.0
[Test ROC-AUC]  -  SA: 0.00000,  LA: 0.81705
[Test AUPRC]  -  LA: 0.83665
[Test F1-max]  -  LA: 0.80702
Epoch: 84 | Loss: 4.768370445162873e-07  | Negative Loss: 0.0
[Test ROC-AUC]  -  SA: 0.00000,  LA: 0.81724
[Test AUPRC]  -  LA: 0.83678
[Test F1-max]  -  LA: 0.81416
Epoch: 85 | Loss: 4.768370445162873e-07  | Negative Loss: 0.0
[Test ROC-AUC]  -  SA: 0.00000,  LA: 0.81724
[Test AUPRC]  -  LA: 0.83678
[Test F1-max]  -  LA: 0.81416
Epoch: 86 | Loss: 4.768370445162873e-07  | Negative Loss: 0.0
[Test ROC-AUC]  -  SA: 0.00000,  LA: 0.81724
[Test AUPRC]  -  LA: 0.83678
[Test F1-max]  -  LA: 0.81416
Epoch: 87 | Loss: 4.768370445162873e-07  | Negative Loss: 0.0
[Test ROC-AUC]  -  SA: 0.00000,  LA: 0.81686
[Test AUPRC]  -  LA: 0.83611
[Test F1-max]  -  LA: 0.81416
Epoch: 88 | Loss: 4.768370445162873e-07  | Negative Loss: 0.0
[Test ROC-AUC]  -  SA: 0.00000,  LA: 0.81743
[Test AUPRC]  -  LA: 0.83642
[Test F1-max]  -  LA: 0.81416
Epoch: 89 | Loss: 4.768370445162873e-07  | Negative Loss: 0.0
[Test ROC-AUC]  -  SA: 0.00000,  LA: 0.81762
[Test AUPRC]  -  LA: 0.83651
[Test F1-max]  -  LA: 0.81416
Epoch: 90 | Loss: 4.768370445162873e-07  | Negative Loss: 0.0
[Test ROC-AUC]  -  SA: 0.00000,  LA: 0.81762
[Test AUPRC]  -  LA: 0.83651
[Test F1-max]  -  LA: 0.81416
Epoch: 91 | Loss: 4.768370445162873e-07  | Negative Loss: 0.0
[Test ROC-AUC]  -  SA: 0.00000,  LA: 0.81762
[Test AUPRC]  -  LA: 0.83651
[Test F1-max]  -  LA: 0.81416
Epoch: 92 | Loss: 4.768370445162873e-07  | Negative Loss: 0.0
[Test ROC-AUC]  -  SA: 0.00000,  LA: 0.81762
[Test AUPRC]  -  LA: 0.83651
[Test F1-max]  -  LA: 0.81416
Epoch: 93 | Loss: 4.768370445162873e-07  | Negative Loss: 0.0
[Test ROC-AUC]  -  SA: 0.00000,  LA: 0.81762
[Test AUPRC]  -  LA: 0.83651
[Test F1-max]  -  LA: 0.81416
Epoch: 94 | Loss: 4.768370445162873e-07  | Negative Loss: 0.0
[Test ROC-AUC]  -  SA: 0.00000,  LA: 0.81801
[Test AUPRC]  -  LA: 0.83674
[Test F1-max]  -  LA: 0.81416
Epoch: 95 | Loss: 4.768370445162873e-07  | Negative Loss: 0.0
[Test ROC-AUC]  -  SA: 0.00000,  LA: 0.81801
[Test AUPRC]  -  LA: 0.83674
[Test F1-max]  -  LA: 0.81416
Epoch: 96 | Loss: 4.768370445162873e-07  | Negative Loss: 0.0
[Test ROC-AUC]  -  SA: 0.00000,  LA: 0.81801
[Test AUPRC]  -  LA: 0.83674
[Test F1-max]  -  LA: 0.81416
Epoch: 97 | Loss: 4.768370445162873e-07  | Negative Loss: 0.0
[Test ROC-AUC]  -  SA: 0.00000,  LA: 0.81839
[Test AUPRC]  -  LA: 0.83689
[Test F1-max]  -  LA: 0.81416
Epoch: 98 | Loss: 4.768370445162873e-07  | Negative Loss: 0.0
[Test ROC-AUC]  -  SA: 0.00000,  LA: 0.81839
[Test AUPRC]  -  LA: 0.83689
[Test F1-max]  -  LA: 0.81416
Epoch: 99 | Loss: 4.768370445162873e-07  | Negative Loss: 0.0
Time consumption: 100.65721535682678
Best LA AUC: 0.8183908045977012
Best LA AUPC: 0.839669320562235
Best LA F1-max: 0.8141592920353982
[Result] Experiment result appended to ./results/train_hybrid_result.csv

[END] 2026-03-29 10:46:31
[RETURN CODE] 0
