[START] 2026-03-29 11:04:08
[GPU] 2
[TASK] 29/150
[NAME] capsule_promptad
[REPEAT] 4/5
[COMMAND] python train_hybrid.py --data_name capsule --mask True --text True --double_encoder True --few_shot True --shot 1 --hybrid_model promptad --hybrid_weight 0.3 --hybrid_batch_size 16 --epoch 100 --log True --lr 5e-4 --detection True --preprocess True

/home/seungeon/miniconda3/envs/LAB/lib/python3.10/site-packages/timm/models/layers/__init__.py:48: FutureWarning: Importing from timm.models.layers is deprecated, please import via timm.layers
  warnings.warn(f"Importing from {__name__} is deprecated, please import via timm.layers", FutureWarning)
/home/seungeon/Workspace/side/vlm/train_hybrid.py:18: DeprecationWarning: The distutils package is deprecated and slated for removal in Python 3.12. Use setuptools or check PEP 632 for potential alternatives
  from distutils.util import strtobool
Torch version: 2.9.1+cu128
cuda is loaded for process
here?
In my local computer
Namespace(epoch=100, gpu_number='0', data_name='capsule', lr=0.0005, batch_size=6, shuffle=True, seed=0, tag='default', model_name='ViT-B-32', pretrained_name='laion2b_s34b_b79k', lora=1, default=False, foundation='CLIP', detection=1, preprocess=1, num_rule=0, object_names=['a photo of capsule'], objects_for_rules=[['a photo of capsule'], ['a photo of capsule'], ['a photo of capsule'], ['a photo of capsule'], ['a photo of capsule']], texts_for_rules=[['a photo of capsule'], ['a photo of capsule'], ['a photo of capsule'], ['a photo of capsule'], ['a photo of capsule']], mask=1, text=1, score='mean', ciriculam_learning=False, few_shot=1, shot=1, log=1, neg_loss=0, double_encoder=1, pretrained_count_path=None, ris=0, rule_select='', rule_list=[], num_negative=5, hybrid_model='promptad', hybrid_weight=0.3, hybrid_class_name='', hybrid_batch_size=16, hybrid_backbone='ViT-B-16-plus-240', hybrid_pretrained_dataset='laion400m_e32', hybrid_scales=[2, 3], hybrid_img_resize=240, hybrid_img_cropsize=240, hybrid_resolution=400, hybrid_promptad_epoch=100, hybrid_promptad_lr=0.002, hybrid_promptad_momentum=0.9, hybrid_promptad_weight_decay=0.0005, hybrid_promptad_eta_min=1e-05, hybrid_promptad_lambda1=0.001, hybrid_promptad_n_ctx=4, hybrid_promptad_n_pro=3, hybrid_promptad_n_ctx_ab=1, hybrid_promptad_n_pro_ab=4, early_stop_k=10, result_log_path='./results/train_hybrid_result.csv')
[Hybrid] method=promptad, class_name=capsule, train=1, eval=45, base_path=/data3/seungeon/data/image/mvtec_ad/capsule
[Hybrid-only] LA_AUC=0.82016, LA_AUPRC=0.81670, LA_F1=0.84615
[Data Description]
- Train: 1
- Test: 45

Train Start
[Test ROC-AUC]  -  SA: 0.00000,  LA: 0.66008
[Test AUPRC]  -  LA: 0.71073
[Test F1-max]  -  LA: 0.70769
Epoch: 0 | Loss: 9.992128372192383  | Negative Loss: 0.0
[Test ROC-AUC]  -  SA: 0.00000,  LA: 0.66008
[Test AUPRC]  -  LA: 0.71073
[Test F1-max]  -  LA: 0.70769
Epoch: 1 | Loss: 9.744089126586914  | Negative Loss: 0.0
[Test ROC-AUC]  -  SA: 0.00000,  LA: 0.68775
[Test AUPRC]  -  LA: 0.72573
[Test F1-max]  -  LA: 0.70769
Epoch: 2 | Loss: 7.213305950164795  | Negative Loss: 0.0
[Test ROC-AUC]  -  SA: 0.00000,  LA: 0.69368
[Test AUPRC]  -  LA: 0.70382
[Test F1-max]  -  LA: 0.71186
Epoch: 3 | Loss: 3.9916508197784424  | Negative Loss: 0.0
[Test ROC-AUC]  -  SA: 0.00000,  LA: 0.71146
[Test AUPRC]  -  LA: 0.65555
[Test F1-max]  -  LA: 0.73684
Epoch: 4 | Loss: 1.4784741401672363  | Negative Loss: 0.0
[Test ROC-AUC]  -  SA: 0.00000,  LA: 0.72134
[Test AUPRC]  -  LA: 0.67873
[Test F1-max]  -  LA: 0.75472
Epoch: 5 | Loss: 0.41954609751701355  | Negative Loss: 0.0
[Test ROC-AUC]  -  SA: 0.00000,  LA: 0.74111
[Test AUPRC]  -  LA: 0.69076
[Test F1-max]  -  LA: 0.78261
Epoch: 6 | Loss: 0.10343746840953827  | Negative Loss: 0.0
[Test ROC-AUC]  -  SA: 0.00000,  LA: 0.75296
[Test AUPRC]  -  LA: 0.70062
[Test F1-max]  -  LA: 0.79167
Epoch: 7 | Loss: 0.026412449777126312  | Negative Loss: 0.0
[Test ROC-AUC]  -  SA: 0.00000,  LA: 0.75099
[Test AUPRC]  -  LA: 0.70088
[Test F1-max]  -  LA: 0.78261
Epoch: 8 | Loss: 0.007946336641907692  | Negative Loss: 0.0
[Test ROC-AUC]  -  SA: 0.00000,  LA: 0.74901
[Test AUPRC]  -  LA: 0.69615
[Test F1-max]  -  LA: 0.77551
Epoch: 9 | Loss: 0.0027025840245187283  | Negative Loss: 0.0
[Test ROC-AUC]  -  SA: 0.00000,  LA: 0.76087
[Test AUPRC]  -  LA: 0.71073
[Test F1-max]  -  LA: 0.80000
Epoch: 10 | Loss: 0.0010117667261511087  | Negative Loss: 0.0
[Test ROC-AUC]  -  SA: 0.00000,  LA: 0.77075
[Test AUPRC]  -  LA: 0.71911
[Test F1-max]  -  LA: 0.80769
Epoch: 11 | Loss: 0.00041743964538909495  | Negative Loss: 0.0
[Test ROC-AUC]  -  SA: 0.00000,  LA: 0.77866
[Test AUPRC]  -  LA: 0.72394
[Test F1-max]  -  LA: 0.80769
Epoch: 12 | Loss: 0.000184649572474882  | Negative Loss: 0.0
[Test ROC-AUC]  -  SA: 0.00000,  LA: 0.78854
[Test AUPRC]  -  LA: 0.73251
[Test F1-max]  -  LA: 0.80769
Epoch: 13 | Loss: 8.678322046762332e-05  | Negative Loss: 0.0
[Test ROC-AUC]  -  SA: 0.00000,  LA: 0.77273
[Test AUPRC]  -  LA: 0.71699
[Test F1-max]  -  LA: 0.80769
Epoch: 14 | Loss: 4.31535008829087e-05  | Negative Loss: 0.0
[Test ROC-AUC]  -  SA: 0.00000,  LA: 0.77866
[Test AUPRC]  -  LA: 0.72591
[Test F1-max]  -  LA: 0.82353
Epoch: 15 | Loss: 2.2053653083276004e-05  | Negative Loss: 0.0
[Test ROC-AUC]  -  SA: 0.00000,  LA: 0.77668
[Test AUPRC]  -  LA: 0.72996
[Test F1-max]  -  LA: 0.82353
Epoch: 16 | Loss: 1.192091076518409e-05  | Negative Loss: 0.0
[Test ROC-AUC]  -  SA: 0.00000,  LA: 0.78854
[Test AUPRC]  -  LA: 0.75272
[Test F1-max]  -  LA: 0.83019
Epoch: 17 | Loss: 6.794923137931619e-06  | Negative Loss: 0.0
[Test ROC-AUC]  -  SA: 0.00000,  LA: 0.79150
[Test AUPRC]  -  LA: 0.75751
[Test F1-max]  -  LA: 0.83019
Epoch: 18 | Loss: 3.933904736186378e-06  | Negative Loss: 0.0
[Test ROC-AUC]  -  SA: 0.00000,  LA: 0.79051
[Test AUPRC]  -  LA: 0.75897
[Test F1-max]  -  LA: 0.83019
Epoch: 19 | Loss: 2.2649758193438174e-06  | Negative Loss: 0.0
[Test ROC-AUC]  -  SA: 0.00000,  LA: 0.78458
[Test AUPRC]  -  LA: 0.75511
[Test F1-max]  -  LA: 0.82353
Epoch: 20 | Loss: 1.5497205367864808e-06  | Negative Loss: 0.0
[Test ROC-AUC]  -  SA: 0.00000,  LA: 0.79051
[Test AUPRC]  -  LA: 0.75872
[Test F1-max]  -  LA: 0.83019
Epoch: 21 | Loss: 9.536742027194123e-07  | Negative Loss: 0.0
[Test ROC-AUC]  -  SA: 0.00000,  LA: 0.79249
[Test AUPRC]  -  LA: 0.77170
[Test F1-max]  -  LA: 0.83019
Epoch: 22 | Loss: 5.960463909104874e-07  | Negative Loss: 0.0
[Test ROC-AUC]  -  SA: 0.00000,  LA: 0.79051
[Test AUPRC]  -  LA: 0.76934
[Test F1-max]  -  LA: 0.83019
Epoch: 23 | Loss: 4.7683712978141557e-07  | Negative Loss: 0.0
[Test ROC-AUC]  -  SA: 0.00000,  LA: 0.79249
[Test AUPRC]  -  LA: 0.77070
[Test F1-max]  -  LA: 0.83019
Epoch: 24 | Loss: 2.3841856489070778e-07  | Negative Loss: 0.0
[Test ROC-AUC]  -  SA: 0.00000,  LA: 0.79644
[Test AUPRC]  -  LA: 0.77291
[Test F1-max]  -  LA: 0.83019
Epoch: 25 | Loss: 1.1920928244535389e-07  | Negative Loss: 0.0
[Test ROC-AUC]  -  SA: 0.00000,  LA: 0.79842
[Test AUPRC]  -  LA: 0.77405
[Test F1-max]  -  LA: 0.83019
Epoch: 26 | Loss: 1.1920928244535389e-07  | Negative Loss: 0.0
[Test ROC-AUC]  -  SA: 0.00000,  LA: 0.80040
[Test AUPRC]  -  LA: 0.77516
[Test F1-max]  -  LA: 0.84615
Epoch: 27 | Loss: 0.0  | Negative Loss: 0.0
Time consumption: 20.19196391105652
Best LA AUC: 0.8003952569169961
Best LA AUPC: 0.7751639799077137
Best LA F1-max: 0.8461538461538461
[Result] Experiment result appended to ./results/train_hybrid_result.csv

[END] 2026-03-29 11:05:53
[RETURN CODE] 0
