[START] 2026-03-29 11:00:13
[GPU] 2
[TASK] 23/150
[NAME] cable_winclip
[REPEAT] 3/5
[COMMAND] python train_hybrid.py --data_name cable --mask True --text True --double_encoder True --few_shot True --shot 5 --hybrid_model winclip --hybrid_weight 0.3 --hybrid_batch_size 16 --epoch 100 --log True --lr 5e-4 --detection True --preprocess True

/home/seungeon/miniconda3/envs/LAB/lib/python3.10/site-packages/timm/models/layers/__init__.py:48: FutureWarning: Importing from timm.models.layers is deprecated, please import via timm.layers
  warnings.warn(f"Importing from {__name__} is deprecated, please import via timm.layers", FutureWarning)
/home/seungeon/Workspace/side/vlm/train_hybrid.py:18: DeprecationWarning: The distutils package is deprecated and slated for removal in Python 3.12. Use setuptools or check PEP 632 for potential alternatives
  from distutils.util import strtobool
Torch version: 2.9.1+cu128
cuda is loaded for process
here?
In my local computer
Namespace(epoch=100, gpu_number='0', data_name='cable', lr=0.0005, batch_size=6, shuffle=True, seed=0, tag='default', model_name='ViT-B-32', pretrained_name='laion2b_s34b_b79k', lora=1, default=False, foundation='CLIP', detection=1, preprocess=1, num_rule=0, object_names=['a photo of cable'], objects_for_rules=[['a photo of cable'], ['a photo of cable'], ['a photo of cable'], ['a photo of cable'], ['a photo of cable']], texts_for_rules=[['a photo of cable'], ['a photo of cable'], ['a photo of cable'], ['a photo of cable'], ['a photo of cable']], mask=1, text=1, score='mean', ciriculam_learning=False, few_shot=1, shot=5, log=1, neg_loss=0, double_encoder=1, pretrained_count_path=None, ris=0, rule_select='', rule_list=[], num_negative=5, hybrid_model='winclip', hybrid_weight=0.3, hybrid_class_name='', hybrid_batch_size=16, hybrid_backbone='ViT-B-16-plus-240', hybrid_pretrained_dataset='laion400m_e32', hybrid_scales=[2, 3], hybrid_img_resize=240, hybrid_img_cropsize=240, hybrid_resolution=400, hybrid_promptad_epoch=100, hybrid_promptad_lr=0.002, hybrid_promptad_momentum=0.9, hybrid_promptad_weight_decay=0.0005, hybrid_promptad_eta_min=1e-05, hybrid_promptad_lambda1=0.001, hybrid_promptad_n_ctx=4, hybrid_promptad_n_pro=3, hybrid_promptad_n_ctx_ab=1, hybrid_promptad_n_pro_ab=4, early_stop_k=10, result_log_path='./results/train_hybrid_result.csv')
[Hybrid] method=winclip, class_name=cable, train=5, eval=103, base_path=/data3/seungeon/data/image/mvtec_ad/cable
grid 240 16 (15, 15)
[Hybrid-only] LA_AUC=0.84138, LA_AUPRC=0.86086, LA_F1=0.83333
[Data Description]
- Train: 5
- Test: 103

Train Start
[Test ROC-AUC]  -  SA: 0.00000,  LA: 0.65939
[Test AUPRC]  -  LA: 0.75804
[Test F1-max]  -  LA: 0.74172
Epoch: 0 | Loss: 14.427083969116211  | Negative Loss: 0.0
[Test ROC-AUC]  -  SA: 0.00000,  LA: 0.65862
[Test AUPRC]  -  LA: 0.75671
[Test F1-max]  -  LA: 0.73759
Epoch: 1 | Loss: 14.238455772399902  | Negative Loss: 0.0
[Test ROC-AUC]  -  SA: 0.00000,  LA: 0.67433
[Test AUPRC]  -  LA: 0.76515
[Test F1-max]  -  LA: 0.76190
Epoch: 2 | Loss: 12.143314361572266  | Negative Loss: 0.0
[Test ROC-AUC]  -  SA: 0.00000,  LA: 0.69885
[Test AUPRC]  -  LA: 0.75380
[Test F1-max]  -  LA: 0.76821
Epoch: 3 | Loss: 8.700807571411133  | Negative Loss: 0.0
[Test ROC-AUC]  -  SA: 0.00000,  LA: 0.71303
[Test AUPRC]  -  LA: 0.73960
[Test F1-max]  -  LA: 0.78014
Epoch: 4 | Loss: 4.798155307769775  | Negative Loss: 0.0
[Test ROC-AUC]  -  SA: 0.00000,  LA: 0.73218
[Test AUPRC]  -  LA: 0.76070
[Test F1-max]  -  LA: 0.78788
Epoch: 5 | Loss: 2.033367872238159  | Negative Loss: 0.0
[Test ROC-AUC]  -  SA: 0.00000,  LA: 0.75134
[Test AUPRC]  -  LA: 0.76818
[Test F1-max]  -  LA: 0.79412
Epoch: 6 | Loss: 0.759109377861023  | Negative Loss: 0.0
[Test ROC-AUC]  -  SA: 0.00000,  LA: 0.75670
[Test AUPRC]  -  LA: 0.77261
[Test F1-max]  -  LA: 0.79365
Epoch: 7 | Loss: 0.28223830461502075  | Negative Loss: 0.0
[Test ROC-AUC]  -  SA: 0.00000,  LA: 0.76092
[Test AUPRC]  -  LA: 0.78480
[Test F1-max]  -  LA: 0.79433
Epoch: 8 | Loss: 0.11068040132522583  | Negative Loss: 0.0
[Test ROC-AUC]  -  SA: 0.00000,  LA: 0.77318
[Test AUPRC]  -  LA: 0.79893
[Test F1-max]  -  LA: 0.80000
Epoch: 9 | Loss: 0.045974038541316986  | Negative Loss: 0.0
[Test ROC-AUC]  -  SA: 0.00000,  LA: 0.78467
[Test AUPRC]  -  LA: 0.81325
[Test F1-max]  -  LA: 0.80292
Epoch: 10 | Loss: 0.019928060472011566  | Negative Loss: 0.0
[Test ROC-AUC]  -  SA: 0.00000,  LA: 0.80077
[Test AUPRC]  -  LA: 0.82727
[Test F1-max]  -  LA: 0.80576
Epoch: 11 | Loss: 0.009033085778355598  | Negative Loss: 0.0
[Test ROC-AUC]  -  SA: 0.00000,  LA: 0.81801
[Test AUPRC]  -  LA: 0.84836
[Test F1-max]  -  LA: 0.81159
Epoch: 12 | Loss: 0.004276933614164591  | Negative Loss: 0.0
[Test ROC-AUC]  -  SA: 0.00000,  LA: 0.83103
[Test AUPRC]  -  LA: 0.85821
[Test F1-max]  -  LA: 0.81752
Epoch: 13 | Loss: 0.002106575295329094  | Negative Loss: 0.0
[Test ROC-AUC]  -  SA: 0.00000,  LA: 0.83870
[Test AUPRC]  -  LA: 0.86551
[Test F1-max]  -  LA: 0.82963
Epoch: 14 | Loss: 0.001079921261407435  | Negative Loss: 0.0
[Test ROC-AUC]  -  SA: 0.00000,  LA: 0.84406
[Test AUPRC]  -  LA: 0.86903
[Test F1-max]  -  LA: 0.82963
Epoch: 15 | Loss: 0.0005752508877776563  | Negative Loss: 0.0
[Test ROC-AUC]  -  SA: 0.00000,  LA: 0.84598
[Test AUPRC]  -  LA: 0.87142
[Test F1-max]  -  LA: 0.83721
Epoch: 16 | Loss: 0.00031719953403808177  | Negative Loss: 0.0
[Test ROC-AUC]  -  SA: 0.00000,  LA: 0.84636
[Test AUPRC]  -  LA: 0.86950
[Test F1-max]  -  LA: 0.83824
Epoch: 17 | Loss: 0.00018188401008956134  | Negative Loss: 0.0
[Test ROC-AUC]  -  SA: 0.00000,  LA: 0.85211
[Test AUPRC]  -  LA: 0.87393
[Test F1-max]  -  LA: 0.83969
Epoch: 18 | Loss: 0.00010821615433087572  | Negative Loss: 0.0
[Test ROC-AUC]  -  SA: 0.00000,  LA: 0.85096
[Test AUPRC]  -  LA: 0.87195
[Test F1-max]  -  LA: 0.83969
Epoch: 19 | Loss: 6.647029658779502e-05  | Negative Loss: 0.0
[Test ROC-AUC]  -  SA: 0.00000,  LA: 0.85479
[Test AUPRC]  -  LA: 0.87464
[Test F1-max]  -  LA: 0.83969
Epoch: 20 | Loss: 4.212822386762127e-05  | Negative Loss: 0.0
[Test ROC-AUC]  -  SA: 0.00000,  LA: 0.85479
[Test AUPRC]  -  LA: 0.87348
[Test F1-max]  -  LA: 0.83721
Epoch: 21 | Loss: 2.7608717573457398e-05  | Negative Loss: 0.0
[Test ROC-AUC]  -  SA: 0.00000,  LA: 0.85556
[Test AUPRC]  -  LA: 0.87503
[Test F1-max]  -  LA: 0.83721
Epoch: 22 | Loss: 1.85250482900301e-05  | Negative Loss: 0.0
[Test ROC-AUC]  -  SA: 0.00000,  LA: 0.85441
[Test AUPRC]  -  LA: 0.87401
[Test F1-max]  -  LA: 0.83721
Epoch: 23 | Loss: 1.2803041499864776e-05  | Negative Loss: 0.0
[Test ROC-AUC]  -  SA: 0.00000,  LA: 0.85632
[Test AUPRC]  -  LA: 0.87536
[Test F1-max]  -  LA: 0.83721
Epoch: 24 | Loss: 9.131411388807464e-06  | Negative Loss: 0.0
[Test ROC-AUC]  -  SA: 0.00000,  LA: 0.85479
[Test AUPRC]  -  LA: 0.87387
[Test F1-max]  -  LA: 0.83761
Epoch: 25 | Loss: 6.628024948440725e-06  | Negative Loss: 0.0
[Test ROC-AUC]  -  SA: 0.00000,  LA: 0.85441
[Test AUPRC]  -  LA: 0.87495
[Test F1-max]  -  LA: 0.83721
Epoch: 26 | Loss: 4.911416453978745e-06  | Negative Loss: 0.0
[Test ROC-AUC]  -  SA: 0.00000,  LA: 0.85402
[Test AUPRC]  -  LA: 0.87471
[Test F1-max]  -  LA: 0.83721
Epoch: 27 | Loss: 3.719325832207687e-06  | Negative Loss: 0.0
[Test ROC-AUC]  -  SA: 0.00000,  LA: 0.85249
[Test AUPRC]  -  LA: 0.87368
[Test F1-max]  -  LA: 0.83721
Epoch: 28 | Loss: 2.7894948289031163e-06  | Negative Loss: 0.0
[Test ROC-AUC]  -  SA: 0.00000,  LA: 0.85211
[Test AUPRC]  -  LA: 0.87337
[Test F1-max]  -  LA: 0.83721
Epoch: 29 | Loss: 2.2172914668772137e-06  | Negative Loss: 0.0
[Test ROC-AUC]  -  SA: 0.00000,  LA: 0.85249
[Test AUPRC]  -  LA: 0.87369
[Test F1-max]  -  LA: 0.83721
Epoch: 30 | Loss: 1.7881382063933415e-06  | Negative Loss: 0.0
[Test ROC-AUC]  -  SA: 0.00000,  LA: 0.85211
[Test AUPRC]  -  LA: 0.87207
[Test F1-max]  -  LA: 0.83721
Epoch: 31 | Loss: 1.3589852869699826e-06  | Negative Loss: 0.0
[Test ROC-AUC]  -  SA: 0.00000,  LA: 0.85172
[Test AUPRC]  -  LA: 0.87186
[Test F1-max]  -  LA: 0.83721
Epoch: 32 | Loss: 1.12056670786842e-06  | Negative Loss: 0.0
[Test ROC-AUC]  -  SA: 0.00000,  LA: 0.85096
[Test AUPRC]  -  LA: 0.87153
[Test F1-max]  -  LA: 0.83465
Epoch: 33 | Loss: 9.53673918502318e-07  | Negative Loss: 0.0
[Test ROC-AUC]  -  SA: 0.00000,  LA: 0.85134
[Test AUPRC]  -  LA: 0.87169
[Test F1-max]  -  LA: 0.83465
Epoch: 34 | Loss: 8.344647426383744e-07  | Negative Loss: 0.0
[Test ROC-AUC]  -  SA: 0.00000,  LA: 0.85096
[Test AUPRC]  -  LA: 0.87150
[Test F1-max]  -  LA: 0.83200
Epoch: 35 | Loss: 7.390974587906385e-07  | Negative Loss: 0.0
[Test ROC-AUC]  -  SA: 0.00000,  LA: 0.85134
[Test AUPRC]  -  LA: 0.87171
[Test F1-max]  -  LA: 0.83200
Epoch: 36 | Loss: 6.198881692398572e-07  | Negative Loss: 0.0
[Test ROC-AUC]  -  SA: 0.00000,  LA: 0.85134
[Test AUPRC]  -  LA: 0.87171
[Test F1-max]  -  LA: 0.83200
Epoch: 37 | Loss: 5.483626068780723e-07  | Negative Loss: 0.0
[Test ROC-AUC]  -  SA: 0.00000,  LA: 0.85134
[Test AUPRC]  -  LA: 0.87171
[Test F1-max]  -  LA: 0.83200
Epoch: 38 | Loss: 4.5299520934349857e-07  | Negative Loss: 0.0
[Test ROC-AUC]  -  SA: 0.00000,  LA: 0.85211
[Test AUPRC]  -  LA: 0.87250
[Test F1-max]  -  LA: 0.83333
Epoch: 39 | Loss: 4.2915334574900044e-07  | Negative Loss: 0.0
[Test ROC-AUC]  -  SA: 0.00000,  LA: 0.85211
[Test AUPRC]  -  LA: 0.87253
[Test F1-max]  -  LA: 0.83721
Epoch: 40 | Loss: 4.2915334574900044e-07  | Negative Loss: 0.0
[Test ROC-AUC]  -  SA: 0.00000,  LA: 0.85211
[Test AUPRC]  -  LA: 0.87253
[Test F1-max]  -  LA: 0.83465
Epoch: 41 | Loss: 3.576278118089249e-07  | Negative Loss: 0.0
[Test ROC-AUC]  -  SA: 0.00000,  LA: 0.85211
[Test AUPRC]  -  LA: 0.87253
[Test F1-max]  -  LA: 0.83465
Epoch: 42 | Loss: 2.622603858526418e-07  | Negative Loss: 0.0
[Test ROC-AUC]  -  SA: 0.00000,  LA: 0.85211
[Test AUPRC]  -  LA: 0.87253
[Test F1-max]  -  LA: 0.83465
Epoch: 43 | Loss: 2.3841853646899835e-07  | Negative Loss: 0.0
[Test ROC-AUC]  -  SA: 0.00000,  LA: 0.85172
[Test AUPRC]  -  LA: 0.87197
[Test F1-max]  -  LA: 0.83465
Epoch: 44 | Loss: 2.1457670129620965e-07  | Negative Loss: 0.0
[Test ROC-AUC]  -  SA: 0.00000,  LA: 0.85134
[Test AUPRC]  -  LA: 0.87173
[Test F1-max]  -  LA: 0.83465
Epoch: 45 | Loss: 2.1457670129620965e-07  | Negative Loss: 0.0
[Test ROC-AUC]  -  SA: 0.00000,  LA: 0.85134
[Test AUPRC]  -  LA: 0.87173
[Test F1-max]  -  LA: 0.83465
Epoch: 46 | Loss: 2.1457670129620965e-07  | Negative Loss: 0.0
[Test ROC-AUC]  -  SA: 0.00000,  LA: 0.85096
[Test AUPRC]  -  LA: 0.87131
[Test F1-max]  -  LA: 0.83465
Epoch: 47 | Loss: 2.1457670129620965e-07  | Negative Loss: 0.0
[Test ROC-AUC]  -  SA: 0.00000,  LA: 0.85096
[Test AUPRC]  -  LA: 0.87131
[Test F1-max]  -  LA: 0.83465
Epoch: 48 | Loss: 2.1457670129620965e-07  | Negative Loss: 0.0
[Test ROC-AUC]  -  SA: 0.00000,  LA: 0.85172
[Test AUPRC]  -  LA: 0.87305
[Test F1-max]  -  LA: 0.84034
Epoch: 49 | Loss: 2.1457670129620965e-07  | Negative Loss: 0.0
[Test ROC-AUC]  -  SA: 0.00000,  LA: 0.85172
[Test AUPRC]  -  LA: 0.87305
[Test F1-max]  -  LA: 0.84034
Epoch: 50 | Loss: 1.668929883180681e-07  | Negative Loss: 0.0
[Test ROC-AUC]  -  SA: 0.00000,  LA: 0.85172
[Test AUPRC]  -  LA: 0.87326
[Test F1-max]  -  LA: 0.84034
Epoch: 51 | Loss: 1.4305113893442467e-07  | Negative Loss: 0.0
[Test ROC-AUC]  -  SA: 0.00000,  LA: 0.85172
[Test AUPRC]  -  LA: 0.87326
[Test F1-max]  -  LA: 0.84034
Epoch: 52 | Loss: 1.4305113893442467e-07  | Negative Loss: 0.0
[Test ROC-AUC]  -  SA: 0.00000,  LA: 0.85172
[Test AUPRC]  -  LA: 0.87326
[Test F1-max]  -  LA: 0.84034
Epoch: 53 | Loss: 1.4305113893442467e-07  | Negative Loss: 0.0
[Test ROC-AUC]  -  SA: 0.00000,  LA: 0.85172
[Test AUPRC]  -  LA: 0.87326
[Test F1-max]  -  LA: 0.84034
Epoch: 54 | Loss: 1.4305113893442467e-07  | Negative Loss: 0.0
[Test ROC-AUC]  -  SA: 0.00000,  LA: 0.85172
[Test AUPRC]  -  LA: 0.87326
[Test F1-max]  -  LA: 0.84034
Epoch: 55 | Loss: 1.1920927533992653e-07  | Negative Loss: 0.0
[Test ROC-AUC]  -  SA: 0.00000,  LA: 0.85134
[Test AUPRC]  -  LA: 0.87307
[Test F1-max]  -  LA: 0.84034
Epoch: 56 | Loss: 1.1920927533992653e-07  | Negative Loss: 0.0
[Test ROC-AUC]  -  SA: 0.00000,  LA: 0.85134
[Test AUPRC]  -  LA: 0.87307
[Test F1-max]  -  LA: 0.84034
Epoch: 57 | Loss: 1.1920927533992653e-07  | Negative Loss: 0.0
[Test ROC-AUC]  -  SA: 0.00000,  LA: 0.85134
[Test AUPRC]  -  LA: 0.87307
[Test F1-max]  -  LA: 0.84034
Epoch: 58 | Loss: 1.1920927533992653e-07  | Negative Loss: 0.0
[Test ROC-AUC]  -  SA: 0.00000,  LA: 0.85115
[Test AUPRC]  -  LA: 0.87235
[Test F1-max]  -  LA: 0.84034
Epoch: 59 | Loss: 1.1920927533992653e-07  | Negative Loss: 0.0
[Test ROC-AUC]  -  SA: 0.00000,  LA: 0.85096
[Test AUPRC]  -  LA: 0.87157
[Test F1-max]  -  LA: 0.84034
Epoch: 60 | Loss: 1.1920927533992653e-07  | Negative Loss: 0.0
[Test ROC-AUC]  -  SA: 0.00000,  LA: 0.85096
[Test AUPRC]  -  LA: 0.87157
[Test F1-max]  -  LA: 0.84034
Epoch: 61 | Loss: 1.1920927533992653e-07  | Negative Loss: 0.0
[Test ROC-AUC]  -  SA: 0.00000,  LA: 0.85096
[Test AUPRC]  -  LA: 0.87157
[Test F1-max]  -  LA: 0.84034
Epoch: 62 | Loss: 1.1920927533992653e-07  | Negative Loss: 0.0
[Test ROC-AUC]  -  SA: 0.00000,  LA: 0.85096
[Test AUPRC]  -  LA: 0.87157
[Test F1-max]  -  LA: 0.84034
Epoch: 63 | Loss: 1.1920927533992653e-07  | Negative Loss: 0.0
[Test ROC-AUC]  -  SA: 0.00000,  LA: 0.85096
[Test AUPRC]  -  LA: 0.87157
[Test F1-max]  -  LA: 0.84034
Epoch: 64 | Loss: 1.1920927533992653e-07  | Negative Loss: 0.0
[Test ROC-AUC]  -  SA: 0.00000,  LA: 0.85096
[Test AUPRC]  -  LA: 0.87157
[Test F1-max]  -  LA: 0.84034
Epoch: 65 | Loss: 1.1920927533992653e-07  | Negative Loss: 0.0
[Test ROC-AUC]  -  SA: 0.00000,  LA: 0.85096
[Test AUPRC]  -  LA: 0.87157
[Test F1-max]  -  LA: 0.84034
Epoch: 66 | Loss: 1.1920927533992653e-07  | Negative Loss: 0.0
[Test ROC-AUC]  -  SA: 0.00000,  LA: 0.85096
[Test AUPRC]  -  LA: 0.87157
[Test F1-max]  -  LA: 0.84034
Epoch: 67 | Loss: 1.1920927533992653e-07  | Negative Loss: 0.0
[Test ROC-AUC]  -  SA: 0.00000,  LA: 0.85096
[Test AUPRC]  -  LA: 0.87157
[Test F1-max]  -  LA: 0.84034
Epoch: 68 | Loss: 1.1920927533992653e-07  | Negative Loss: 0.0
[Test ROC-AUC]  -  SA: 0.00000,  LA: 0.85096
[Test AUPRC]  -  LA: 0.87157
[Test F1-max]  -  LA: 0.84034
Epoch: 69 | Loss: 1.1920927533992653e-07  | Negative Loss: 0.0
[Test ROC-AUC]  -  SA: 0.00000,  LA: 0.85096
[Test AUPRC]  -  LA: 0.87157
[Test F1-max]  -  LA: 0.84034
Epoch: 70 | Loss: 1.1920927533992653e-07  | Negative Loss: 0.0
[Test ROC-AUC]  -  SA: 0.00000,  LA: 0.85096
[Test AUPRC]  -  LA: 0.87157
[Test F1-max]  -  LA: 0.84034
Epoch: 71 | Loss: 1.1920927533992653e-07  | Negative Loss: 0.0
[Test ROC-AUC]  -  SA: 0.00000,  LA: 0.85096
[Test AUPRC]  -  LA: 0.87157
[Test F1-max]  -  LA: 0.84034
Epoch: 72 | Loss: 1.1920927533992653e-07  | Negative Loss: 0.0
[Test ROC-AUC]  -  SA: 0.00000,  LA: 0.85077
[Test AUPRC]  -  LA: 0.87148
[Test F1-max]  -  LA: 0.84034
Epoch: 73 | Loss: 1.1920927533992653e-07  | Negative Loss: 0.0
[Test ROC-AUC]  -  SA: 0.00000,  LA: 0.85057
[Test AUPRC]  -  LA: 0.87139
[Test F1-max]  -  LA: 0.84034
Epoch: 74 | Loss: 1.1920927533992653e-07  | Negative Loss: 0.0
[Test ROC-AUC]  -  SA: 0.00000,  LA: 0.85057
[Test AUPRC]  -  LA: 0.87139
[Test F1-max]  -  LA: 0.84034
Epoch: 75 | Loss: 1.1920927533992653e-07  | Negative Loss: 0.0
[Test ROC-AUC]  -  SA: 0.00000,  LA: 0.85057
[Test AUPRC]  -  LA: 0.87139
[Test F1-max]  -  LA: 0.84034
Epoch: 76 | Loss: 9.536742595628311e-08  | Negative Loss: 0.0
[Test ROC-AUC]  -  SA: 0.00000,  LA: 0.85057
[Test AUPRC]  -  LA: 0.87139
[Test F1-max]  -  LA: 0.84034
Epoch: 77 | Loss: 9.536742595628311e-08  | Negative Loss: 0.0
[Test ROC-AUC]  -  SA: 0.00000,  LA: 0.85057
[Test AUPRC]  -  LA: 0.87139
[Test F1-max]  -  LA: 0.84034
Epoch: 78 | Loss: 9.536742595628311e-08  | Negative Loss: 0.0
[Test ROC-AUC]  -  SA: 0.00000,  LA: 0.85057
[Test AUPRC]  -  LA: 0.87139
[Test F1-max]  -  LA: 0.84034
Epoch: 79 | Loss: 9.536742595628311e-08  | Negative Loss: 0.0
[Test ROC-AUC]  -  SA: 0.00000,  LA: 0.85057
[Test AUPRC]  -  LA: 0.87139
[Test F1-max]  -  LA: 0.84034
Epoch: 80 | Loss: 9.536742595628311e-08  | Negative Loss: 0.0
[Test ROC-AUC]  -  SA: 0.00000,  LA: 0.85057
[Test AUPRC]  -  LA: 0.87139
[Test F1-max]  -  LA: 0.84034
Epoch: 81 | Loss: 9.536742595628311e-08  | Negative Loss: 0.0
[Test ROC-AUC]  -  SA: 0.00000,  LA: 0.85057
[Test AUPRC]  -  LA: 0.87139
[Test F1-max]  -  LA: 0.84034
Epoch: 82 | Loss: 9.536742595628311e-08  | Negative Loss: 0.0
[Test ROC-AUC]  -  SA: 0.00000,  LA: 0.85057
[Test AUPRC]  -  LA: 0.87139
[Test F1-max]  -  LA: 0.84034
Epoch: 83 | Loss: 9.536742595628311e-08  | Negative Loss: 0.0
[Test ROC-AUC]  -  SA: 0.00000,  LA: 0.85057
[Test AUPRC]  -  LA: 0.87139
[Test F1-max]  -  LA: 0.84034
Epoch: 84 | Loss: 9.536742595628311e-08  | Negative Loss: 0.0
[Test ROC-AUC]  -  SA: 0.00000,  LA: 0.85057
[Test AUPRC]  -  LA: 0.87139
[Test F1-max]  -  LA: 0.84034
Epoch: 85 | Loss: 9.536742595628311e-08  | Negative Loss: 0.0
[Test ROC-AUC]  -  SA: 0.00000,  LA: 0.85057
[Test AUPRC]  -  LA: 0.87139
[Test F1-max]  -  LA: 0.84034
Epoch: 86 | Loss: 9.536742595628311e-08  | Negative Loss: 0.0
[Test ROC-AUC]  -  SA: 0.00000,  LA: 0.85057
[Test AUPRC]  -  LA: 0.87139
[Test F1-max]  -  LA: 0.84034
Epoch: 87 | Loss: 9.536742595628311e-08  | Negative Loss: 0.0
[Test ROC-AUC]  -  SA: 0.00000,  LA: 0.85057
[Test AUPRC]  -  LA: 0.87139
[Test F1-max]  -  LA: 0.84034
Epoch: 88 | Loss: 9.536742595628311e-08  | Negative Loss: 0.0
[Test ROC-AUC]  -  SA: 0.00000,  LA: 0.85057
[Test AUPRC]  -  LA: 0.87139
[Test F1-max]  -  LA: 0.84034
Epoch: 89 | Loss: 9.536742595628311e-08  | Negative Loss: 0.0
[Test ROC-AUC]  -  SA: 0.00000,  LA: 0.85057
[Test AUPRC]  -  LA: 0.87139
[Test F1-max]  -  LA: 0.84034
Epoch: 90 | Loss: 9.536742595628311e-08  | Negative Loss: 0.0
[Test ROC-AUC]  -  SA: 0.00000,  LA: 0.85057
[Test AUPRC]  -  LA: 0.87139
[Test F1-max]  -  LA: 0.84034
Epoch: 91 | Loss: 9.536742595628311e-08  | Negative Loss: 0.0
[Test ROC-AUC]  -  SA: 0.00000,  LA: 0.85057
[Test AUPRC]  -  LA: 0.87139
[Test F1-max]  -  LA: 0.84034
Epoch: 92 | Loss: 9.536742595628311e-08  | Negative Loss: 0.0
[Test ROC-AUC]  -  SA: 0.00000,  LA: 0.85057
[Test AUPRC]  -  LA: 0.87139
[Test F1-max]  -  LA: 0.84034
Epoch: 93 | Loss: 9.536742595628311e-08  | Negative Loss: 0.0
[Test ROC-AUC]  -  SA: 0.00000,  LA: 0.85057
[Test AUPRC]  -  LA: 0.87139
[Test F1-max]  -  LA: 0.84034
Epoch: 94 | Loss: 9.536742595628311e-08  | Negative Loss: 0.0
[Test ROC-AUC]  -  SA: 0.00000,  LA: 0.85057
[Test AUPRC]  -  LA: 0.87139
[Test F1-max]  -  LA: 0.84034
Epoch: 95 | Loss: 9.536742595628311e-08  | Negative Loss: 0.0
[Test ROC-AUC]  -  SA: 0.00000,  LA: 0.85057
[Test AUPRC]  -  LA: 0.87139
[Test F1-max]  -  LA: 0.84034
Epoch: 96 | Loss: 9.536742595628311e-08  | Negative Loss: 0.0
[Test ROC-AUC]  -  SA: 0.00000,  LA: 0.85057
[Test AUPRC]  -  LA: 0.87139
[Test F1-max]  -  LA: 0.84034
Epoch: 97 | Loss: 9.536742595628311e-08  | Negative Loss: 0.0
[Test ROC-AUC]  -  SA: 0.00000,  LA: 0.85057
[Test AUPRC]  -  LA: 0.87139
[Test F1-max]  -  LA: 0.84034
Epoch: 98 | Loss: 7.152556946721234e-08  | Negative Loss: 0.0
[Test ROC-AUC]  -  SA: 0.00000,  LA: 0.85057
[Test AUPRC]  -  LA: 0.87139
[Test F1-max]  -  LA: 0.84034
Epoch: 99 | Loss: 7.152556946721234e-08  | Negative Loss: 0.0
Time consumption: 102.48398685455322
Best LA AUC: 0.8563218390804598
Best LA AUPC: 0.8753555087322711
Best LA F1-max: 0.8403361344537814
[Result] Experiment result appended to ./results/train_hybrid_result.csv

[END] 2026-03-29 11:04:08
[RETURN CODE] 0
