[START] 2026-03-29 11:27:08
[GPU] 2
[TASK] 70/150
[NAME] transistor_winclip
[REPEAT] 5/5
[COMMAND] python train_hybrid.py --data_name transistor --mask True --text True --double_encoder True --few_shot True --shot 5 --hybrid_model winclip --hybrid_weight 0.3 --hybrid_batch_size 16 --epoch 100 --log True --lr 5e-4 --detection True --preprocess True

/home/seungeon/miniconda3/envs/LAB/lib/python3.10/site-packages/timm/models/layers/__init__.py:48: FutureWarning: Importing from timm.models.layers is deprecated, please import via timm.layers
  warnings.warn(f"Importing from {__name__} is deprecated, please import via timm.layers", FutureWarning)
/home/seungeon/Workspace/side/vlm/train_hybrid.py:18: DeprecationWarning: The distutils package is deprecated and slated for removal in Python 3.12. Use setuptools or check PEP 632 for potential alternatives
  from distutils.util import strtobool
Torch version: 2.9.1+cu128
cuda is loaded for process
here?
In my local computer
Namespace(epoch=100, gpu_number='0', data_name='transistor', lr=0.0005, batch_size=6, shuffle=True, seed=0, tag='default', model_name='ViT-B-32', pretrained_name='laion2b_s34b_b79k', lora=1, default=False, foundation='CLIP', detection=1, preprocess=1, num_rule=0, object_names=['a photo of transistor'], objects_for_rules=[['a photo of transistor'], ['a photo of transistor'], ['a photo of transistor'], ['a photo of transistor']], texts_for_rules=[['a photo of transistor'], ['a photo of transistor'], ['a photo of transistor'], ['a photo of transistor']], mask=1, text=1, score='mean', ciriculam_learning=False, few_shot=1, shot=5, log=1, neg_loss=0, double_encoder=1, pretrained_count_path=None, ris=0, rule_select='', rule_list=[], num_negative=5, hybrid_model='winclip', hybrid_weight=0.3, hybrid_class_name='', hybrid_batch_size=16, hybrid_backbone='ViT-B-16-plus-240', hybrid_pretrained_dataset='laion400m_e32', hybrid_scales=[2, 3], hybrid_img_resize=240, hybrid_img_cropsize=240, hybrid_resolution=400, hybrid_promptad_epoch=100, hybrid_promptad_lr=0.002, hybrid_promptad_momentum=0.9, hybrid_promptad_weight_decay=0.0005, hybrid_promptad_eta_min=1e-05, hybrid_promptad_lambda1=0.001, hybrid_promptad_n_ctx=4, hybrid_promptad_n_pro=3, hybrid_promptad_n_ctx_ab=1, hybrid_promptad_n_pro_ab=4, early_stop_k=10, result_log_path='./results/train_hybrid_result.csv')
[Hybrid] method=winclip, class_name=transistor, train=5, eval=80, base_path=/data3/seungeon/data/image/mvtec_ad/transistor
grid 240 16 (15, 15)
[Hybrid-only] LA_AUC=0.91167, LA_AUPRC=0.97035, LA_F1=0.90756
[Data Description]
- Train: 5
- Test: 80

Train Start
[Test ROC-AUC]  -  SA: 0.00000,  LA: 0.84750
[Test AUPRC]  -  LA: 0.93923
[Test F1-max]  -  LA: 0.90625
Epoch: 0 | Loss: 13.460607528686523  | Negative Loss: 0.0
[Test ROC-AUC]  -  SA: 0.00000,  LA: 0.85667
[Test AUPRC]  -  LA: 0.94503
[Test F1-max]  -  LA: 0.90909
Epoch: 1 | Loss: 13.307195663452148  | Negative Loss: 0.0
[Test ROC-AUC]  -  SA: 0.00000,  LA: 0.91333
[Test AUPRC]  -  LA: 0.97099
[Test F1-max]  -  LA: 0.91603
Epoch: 2 | Loss: 11.404224395751953  | Negative Loss: 0.0
[Test ROC-AUC]  -  SA: 0.00000,  LA: 0.96500
[Test AUPRC]  -  LA: 0.98853
[Test F1-max]  -  LA: 0.94309
Epoch: 3 | Loss: 8.222733497619629  | Negative Loss: 0.0
[Test ROC-AUC]  -  SA: 0.00000,  LA: 0.97250
[Test AUPRC]  -  LA: 0.99079
[Test F1-max]  -  LA: 0.96000
Epoch: 4 | Loss: 4.510796070098877  | Negative Loss: 0.0
[Test ROC-AUC]  -  SA: 0.00000,  LA: 0.96500
[Test AUPRC]  -  LA: 0.98806
[Test F1-max]  -  LA: 0.95238
Epoch: 5 | Loss: 1.7299357652664185  | Negative Loss: 0.0
[Test ROC-AUC]  -  SA: 0.00000,  LA: 0.96417
[Test AUPRC]  -  LA: 0.98758
[Test F1-max]  -  LA: 0.95238
Epoch: 6 | Loss: 0.5462528467178345  | Negative Loss: 0.0
[Test ROC-AUC]  -  SA: 0.00000,  LA: 0.95667
[Test AUPRC]  -  LA: 0.98513
[Test F1-max]  -  LA: 0.94488
Epoch: 7 | Loss: 0.17733752727508545  | Negative Loss: 0.0
[Test ROC-AUC]  -  SA: 0.00000,  LA: 0.95333
[Test AUPRC]  -  LA: 0.98352
[Test F1-max]  -  LA: 0.95238
Epoch: 8 | Loss: 0.06174775958061218  | Negative Loss: 0.0
[Test ROC-AUC]  -  SA: 0.00000,  LA: 0.95167
[Test AUPRC]  -  LA: 0.98293
[Test F1-max]  -  LA: 0.95238
Epoch: 9 | Loss: 0.023901138454675674  | Negative Loss: 0.0
[Test ROC-AUC]  -  SA: 0.00000,  LA: 0.95083
[Test AUPRC]  -  LA: 0.98273
[Test F1-max]  -  LA: 0.94488
Epoch: 10 | Loss: 0.01008593663573265  | Negative Loss: 0.0
[Test ROC-AUC]  -  SA: 0.00000,  LA: 0.95417
[Test AUPRC]  -  LA: 0.98382
[Test F1-max]  -  LA: 0.94488
Epoch: 11 | Loss: 0.004563049413263798  | Negative Loss: 0.0
[Test ROC-AUC]  -  SA: 0.00000,  LA: 0.95417
[Test AUPRC]  -  LA: 0.98390
[Test F1-max]  -  LA: 0.94488
Epoch: 12 | Loss: 0.0021969331428408623  | Negative Loss: 0.0
[Test ROC-AUC]  -  SA: 0.00000,  LA: 0.95083
[Test AUPRC]  -  LA: 0.98270
[Test F1-max]  -  LA: 0.94488
Epoch: 13 | Loss: 0.0011255491990596056  | Negative Loss: 0.0
[Test ROC-AUC]  -  SA: 0.00000,  LA: 0.95250
[Test AUPRC]  -  LA: 0.98332
[Test F1-max]  -  LA: 0.94488
Epoch: 14 | Loss: 0.0006080956663936377  | Negative Loss: 0.0
[Test ROC-AUC]  -  SA: 0.00000,  LA: 0.95083
[Test AUPRC]  -  LA: 0.98260
[Test F1-max]  -  LA: 0.94488
Epoch: 15 | Loss: 0.00034369720378890634  | Negative Loss: 0.0
[Test ROC-AUC]  -  SA: 0.00000,  LA: 0.94917
[Test AUPRC]  -  LA: 0.98197
[Test F1-max]  -  LA: 0.94488
Epoch: 16 | Loss: 0.00020180954015813768  | Negative Loss: 0.0
[Test ROC-AUC]  -  SA: 0.00000,  LA: 0.94750
[Test AUPRC]  -  LA: 0.98130
[Test F1-max]  -  LA: 0.94488
Epoch: 17 | Loss: 0.0001231384085258469  | Negative Loss: 0.0
[Test ROC-AUC]  -  SA: 0.00000,  LA: 0.94667
[Test AUPRC]  -  LA: 0.98108
[Test F1-max]  -  LA: 0.94488
Epoch: 18 | Loss: 7.75078369770199e-05  | Negative Loss: 0.0
[Test ROC-AUC]  -  SA: 0.00000,  LA: 0.94250
[Test AUPRC]  -  LA: 0.97968
[Test F1-max]  -  LA: 0.94400
Epoch: 19 | Loss: 5.023388075642288e-05  | Negative Loss: 0.0
[Test ROC-AUC]  -  SA: 0.00000,  LA: 0.94250
[Test AUPRC]  -  LA: 0.97968
[Test F1-max]  -  LA: 0.94400
Epoch: 20 | Loss: 3.34020187438e-05  | Negative Loss: 0.0
[Test ROC-AUC]  -  SA: 0.00000,  LA: 0.94083
[Test AUPRC]  -  LA: 0.97920
[Test F1-max]  -  LA: 0.94400
Epoch: 21 | Loss: 2.2816453565610573e-05  | Negative Loss: 0.0
[Test ROC-AUC]  -  SA: 0.00000,  LA: 0.93917
[Test AUPRC]  -  LA: 0.97866
[Test F1-max]  -  LA: 0.94400
Epoch: 22 | Loss: 1.5950097804307006e-05  | Negative Loss: 0.0
[Test ROC-AUC]  -  SA: 0.00000,  LA: 0.93750
[Test AUPRC]  -  LA: 0.97803
[Test F1-max]  -  LA: 0.94400
Epoch: 23 | Loss: 1.1324828847136814e-05  | Negative Loss: 0.0
[Test ROC-AUC]  -  SA: 0.00000,  LA: 0.93667
[Test AUPRC]  -  LA: 0.97780
[Test F1-max]  -  LA: 0.94309
Epoch: 24 | Loss: 8.273095772892702e-06  | Negative Loss: 0.0
[Test ROC-AUC]  -  SA: 0.00000,  LA: 0.93417
[Test AUPRC]  -  LA: 0.97708
[Test F1-max]  -  LA: 0.94309
Epoch: 25 | Loss: 6.15118278801674e-06  | Negative Loss: 0.0
[Test ROC-AUC]  -  SA: 0.00000,  LA: 0.93417
[Test AUPRC]  -  LA: 0.97708
[Test F1-max]  -  LA: 0.94309
Epoch: 26 | Loss: 4.672993782151025e-06  | Negative Loss: 0.0
[Test ROC-AUC]  -  SA: 0.00000,  LA: 0.93417
[Test AUPRC]  -  LA: 0.97708
[Test F1-max]  -  LA: 0.94309
Epoch: 27 | Loss: 3.480905434116721e-06  | Negative Loss: 0.0
[Test ROC-AUC]  -  SA: 0.00000,  LA: 0.93333
[Test AUPRC]  -  LA: 0.97689
[Test F1-max]  -  LA: 0.94309
Epoch: 28 | Loss: 2.789493692034739e-06  | Negative Loss: 0.0
[Test ROC-AUC]  -  SA: 0.00000,  LA: 0.93167
[Test AUPRC]  -  LA: 0.97635
[Test F1-max]  -  LA: 0.94309
Epoch: 29 | Loss: 2.241132278868463e-06  | Negative Loss: 0.0
[Test ROC-AUC]  -  SA: 0.00000,  LA: 0.93167
[Test AUPRC]  -  LA: 0.97635
[Test F1-max]  -  LA: 0.94309
Epoch: 30 | Loss: 1.7642960301600397e-06  | Negative Loss: 0.0
[Test ROC-AUC]  -  SA: 0.00000,  LA: 0.93083
[Test AUPRC]  -  LA: 0.97600
[Test F1-max]  -  LA: 0.94309
Epoch: 31 | Loss: 1.502035843259364e-06  | Negative Loss: 0.0
[Test ROC-AUC]  -  SA: 0.00000,  LA: 0.93083
[Test AUPRC]  -  LA: 0.97600
[Test F1-max]  -  LA: 0.94309
Epoch: 32 | Loss: 1.2159340485595749e-06  | Negative Loss: 0.0
[Test ROC-AUC]  -  SA: 0.00000,  LA: 0.93083
[Test AUPRC]  -  LA: 0.97600
[Test F1-max]  -  LA: 0.94309
Epoch: 33 | Loss: 1.0013575320044765e-06  | Negative Loss: 0.0
[Test ROC-AUC]  -  SA: 0.00000,  LA: 0.93083
[Test AUPRC]  -  LA: 0.97600
[Test F1-max]  -  LA: 0.94309
Epoch: 34 | Loss: 8.82148356140533e-07  | Negative Loss: 0.0
[Test ROC-AUC]  -  SA: 0.00000,  LA: 0.93083
[Test AUPRC]  -  LA: 0.97600
[Test F1-max]  -  LA: 0.94309
Epoch: 35 | Loss: 7.629391802765895e-07  | Negative Loss: 0.0
[Test ROC-AUC]  -  SA: 0.00000,  LA: 0.93083
[Test AUPRC]  -  LA: 0.97600
[Test F1-max]  -  LA: 0.94309
Epoch: 36 | Loss: 6.675717827420158e-07  | Negative Loss: 0.0
[Test ROC-AUC]  -  SA: 0.00000,  LA: 0.93000
[Test AUPRC]  -  LA: 0.97579
[Test F1-max]  -  LA: 0.94309
Epoch: 37 | Loss: 6.198881123964384e-07  | Negative Loss: 0.0
[Test ROC-AUC]  -  SA: 0.00000,  LA: 0.93000
[Test AUPRC]  -  LA: 0.97579
[Test F1-max]  -  LA: 0.94309
Epoch: 38 | Loss: 5.722043852074421e-07  | Negative Loss: 0.0
[Test ROC-AUC]  -  SA: 0.00000,  LA: 0.93000
[Test AUPRC]  -  LA: 0.97579
[Test F1-max]  -  LA: 0.94309
Epoch: 39 | Loss: 5.245207148618647e-07  | Negative Loss: 0.0
[Test ROC-AUC]  -  SA: 0.00000,  LA: 0.93000
[Test AUPRC]  -  LA: 0.97579
[Test F1-max]  -  LA: 0.94309
Epoch: 40 | Loss: 4.5299520934349857e-07  | Negative Loss: 0.0
[Test ROC-AUC]  -  SA: 0.00000,  LA: 0.93000
[Test AUPRC]  -  LA: 0.97579
[Test F1-max]  -  LA: 0.94309
Epoch: 41 | Loss: 3.814696469817136e-07  | Negative Loss: 0.0
[Test ROC-AUC]  -  SA: 0.00000,  LA: 0.93000
[Test AUPRC]  -  LA: 0.97579
[Test F1-max]  -  LA: 0.94309
Epoch: 42 | Loss: 3.0994411304163805e-07  | Negative Loss: 0.0
[Test ROC-AUC]  -  SA: 0.00000,  LA: 0.93000
[Test AUPRC]  -  LA: 0.97579
[Test F1-max]  -  LA: 0.94309
Epoch: 43 | Loss: 3.0994411304163805e-07  | Negative Loss: 0.0
[Test ROC-AUC]  -  SA: 0.00000,  LA: 0.93000
[Test AUPRC]  -  LA: 0.97579
[Test F1-max]  -  LA: 0.94309
Epoch: 44 | Loss: 2.861022494471399e-07  | Negative Loss: 0.0
[Test ROC-AUC]  -  SA: 0.00000,  LA: 0.93000
[Test AUPRC]  -  LA: 0.97579
[Test F1-max]  -  LA: 0.94309
Epoch: 45 | Loss: 2.3841853646899835e-07  | Negative Loss: 0.0
[Test ROC-AUC]  -  SA: 0.00000,  LA: 0.93000
[Test AUPRC]  -  LA: 0.97579
[Test F1-max]  -  LA: 0.94309
Epoch: 46 | Loss: 2.3841853646899835e-07  | Negative Loss: 0.0
[Test ROC-AUC]  -  SA: 0.00000,  LA: 0.93000
[Test AUPRC]  -  LA: 0.97579
[Test F1-max]  -  LA: 0.94309
Epoch: 47 | Loss: 2.3841853646899835e-07  | Negative Loss: 0.0
[Test ROC-AUC]  -  SA: 0.00000,  LA: 0.93000
[Test AUPRC]  -  LA: 0.97579
[Test F1-max]  -  LA: 0.94309
Epoch: 48 | Loss: 2.1457670129620965e-07  | Negative Loss: 0.0
[Test ROC-AUC]  -  SA: 0.00000,  LA: 0.93000
[Test AUPRC]  -  LA: 0.97579
[Test F1-max]  -  LA: 0.94309
Epoch: 49 | Loss: 2.1457670129620965e-07  | Negative Loss: 0.0
[Test ROC-AUC]  -  SA: 0.00000,  LA: 0.93000
[Test AUPRC]  -  LA: 0.97579
[Test F1-max]  -  LA: 0.94309
Epoch: 50 | Loss: 2.1457670129620965e-07  | Negative Loss: 0.0
[Test ROC-AUC]  -  SA: 0.00000,  LA: 0.93000
[Test AUPRC]  -  LA: 0.97579
[Test F1-max]  -  LA: 0.94309
Epoch: 51 | Loss: 1.907348377017115e-07  | Negative Loss: 0.0
[Test ROC-AUC]  -  SA: 0.00000,  LA: 0.93000
[Test AUPRC]  -  LA: 0.97579
[Test F1-max]  -  LA: 0.94309
Epoch: 52 | Loss: 1.907348377017115e-07  | Negative Loss: 0.0
[Test ROC-AUC]  -  SA: 0.00000,  LA: 0.93000
[Test AUPRC]  -  LA: 0.97579
[Test F1-max]  -  LA: 0.94309
Epoch: 53 | Loss: 1.907348377017115e-07  | Negative Loss: 0.0
[Test ROC-AUC]  -  SA: 0.00000,  LA: 0.93000
[Test AUPRC]  -  LA: 0.97579
[Test F1-max]  -  LA: 0.94309
Epoch: 54 | Loss: 1.668929883180681e-07  | Negative Loss: 0.0
[Test ROC-AUC]  -  SA: 0.00000,  LA: 0.92917
[Test AUPRC]  -  LA: 0.97549
[Test F1-max]  -  LA: 0.94309
Epoch: 55 | Loss: 1.668929883180681e-07  | Negative Loss: 0.0
[Test ROC-AUC]  -  SA: 0.00000,  LA: 0.92917
[Test AUPRC]  -  LA: 0.97549
[Test F1-max]  -  LA: 0.94309
Epoch: 56 | Loss: 1.4305113893442467e-07  | Negative Loss: 0.0
[Test ROC-AUC]  -  SA: 0.00000,  LA: 0.92917
[Test AUPRC]  -  LA: 0.97549
[Test F1-max]  -  LA: 0.94309
Epoch: 57 | Loss: 1.1920927533992653e-07  | Negative Loss: 0.0
[Test ROC-AUC]  -  SA: 0.00000,  LA: 0.92917
[Test AUPRC]  -  LA: 0.97549
[Test F1-max]  -  LA: 0.94309
Epoch: 58 | Loss: 1.1920927533992653e-07  | Negative Loss: 0.0
[Test ROC-AUC]  -  SA: 0.00000,  LA: 0.92917
[Test AUPRC]  -  LA: 0.97549
[Test F1-max]  -  LA: 0.94309
Epoch: 59 | Loss: 1.1920927533992653e-07  | Negative Loss: 0.0
[Test ROC-AUC]  -  SA: 0.00000,  LA: 0.92917
[Test AUPRC]  -  LA: 0.97549
[Test F1-max]  -  LA: 0.94309
Epoch: 60 | Loss: 1.1920927533992653e-07  | Negative Loss: 0.0
[Test ROC-AUC]  -  SA: 0.00000,  LA: 0.92917
[Test AUPRC]  -  LA: 0.97549
[Test F1-max]  -  LA: 0.94309
Epoch: 61 | Loss: 1.1920927533992653e-07  | Negative Loss: 0.0
[Test ROC-AUC]  -  SA: 0.00000,  LA: 0.92917
[Test AUPRC]  -  LA: 0.97549
[Test F1-max]  -  LA: 0.94309
Epoch: 62 | Loss: 1.1920927533992653e-07  | Negative Loss: 0.0
[Test ROC-AUC]  -  SA: 0.00000,  LA: 0.92917
[Test AUPRC]  -  LA: 0.97549
[Test F1-max]  -  LA: 0.94309
Epoch: 63 | Loss: 1.1920927533992653e-07  | Negative Loss: 0.0
[Test ROC-AUC]  -  SA: 0.00000,  LA: 0.92917
[Test AUPRC]  -  LA: 0.97549
[Test F1-max]  -  LA: 0.94309
Epoch: 64 | Loss: 1.1920927533992653e-07  | Negative Loss: 0.0
[Test ROC-AUC]  -  SA: 0.00000,  LA: 0.92917
[Test AUPRC]  -  LA: 0.97549
[Test F1-max]  -  LA: 0.94309
Epoch: 65 | Loss: 1.1920927533992653e-07  | Negative Loss: 0.0
[Test ROC-AUC]  -  SA: 0.00000,  LA: 0.92917
[Test AUPRC]  -  LA: 0.97549
[Test F1-max]  -  LA: 0.94309
Epoch: 66 | Loss: 1.1920927533992653e-07  | Negative Loss: 0.0
[Test ROC-AUC]  -  SA: 0.00000,  LA: 0.92917
[Test AUPRC]  -  LA: 0.97549
[Test F1-max]  -  LA: 0.94309
Epoch: 67 | Loss: 1.1920927533992653e-07  | Negative Loss: 0.0
[Test ROC-AUC]  -  SA: 0.00000,  LA: 0.92917
[Test AUPRC]  -  LA: 0.97549
[Test F1-max]  -  LA: 0.94309
Epoch: 68 | Loss: 1.1920927533992653e-07  | Negative Loss: 0.0
[Test ROC-AUC]  -  SA: 0.00000,  LA: 0.92917
[Test AUPRC]  -  LA: 0.97549
[Test F1-max]  -  LA: 0.94309
Epoch: 69 | Loss: 1.1920927533992653e-07  | Negative Loss: 0.0
[Test ROC-AUC]  -  SA: 0.00000,  LA: 0.92917
[Test AUPRC]  -  LA: 0.97549
[Test F1-max]  -  LA: 0.94309
Epoch: 70 | Loss: 1.1920927533992653e-07  | Negative Loss: 0.0
[Test ROC-AUC]  -  SA: 0.00000,  LA: 0.92917
[Test AUPRC]  -  LA: 0.97549
[Test F1-max]  -  LA: 0.94309
Epoch: 71 | Loss: 1.1920927533992653e-07  | Negative Loss: 0.0
[Test ROC-AUC]  -  SA: 0.00000,  LA: 0.92917
[Test AUPRC]  -  LA: 0.97549
[Test F1-max]  -  LA: 0.94309
Epoch: 72 | Loss: 1.1920927533992653e-07  | Negative Loss: 0.0
[Test ROC-AUC]  -  SA: 0.00000,  LA: 0.92917
[Test AUPRC]  -  LA: 0.97549
[Test F1-max]  -  LA: 0.94309
Epoch: 73 | Loss: 1.1920927533992653e-07  | Negative Loss: 0.0
[Test ROC-AUC]  -  SA: 0.00000,  LA: 0.92917
[Test AUPRC]  -  LA: 0.97549
[Test F1-max]  -  LA: 0.94309
Epoch: 74 | Loss: 1.1920927533992653e-07  | Negative Loss: 0.0
[Test ROC-AUC]  -  SA: 0.00000,  LA: 0.92917
[Test AUPRC]  -  LA: 0.97549
[Test F1-max]  -  LA: 0.94309
Epoch: 75 | Loss: 1.1920927533992653e-07  | Negative Loss: 0.0
[Test ROC-AUC]  -  SA: 0.00000,  LA: 0.92833
[Test AUPRC]  -  LA: 0.97529
[Test F1-max]  -  LA: 0.94309
Epoch: 76 | Loss: 1.1920927533992653e-07  | Negative Loss: 0.0
[Test ROC-AUC]  -  SA: 0.00000,  LA: 0.92833
[Test AUPRC]  -  LA: 0.97529
[Test F1-max]  -  LA: 0.94309
Epoch: 77 | Loss: 1.1920927533992653e-07  | Negative Loss: 0.0
[Test ROC-AUC]  -  SA: 0.00000,  LA: 0.92833
[Test AUPRC]  -  LA: 0.97529
[Test F1-max]  -  LA: 0.94309
Epoch: 78 | Loss: 1.1920927533992653e-07  | Negative Loss: 0.0
[Test ROC-AUC]  -  SA: 0.00000,  LA: 0.92833
[Test AUPRC]  -  LA: 0.97529
[Test F1-max]  -  LA: 0.94309
Epoch: 79 | Loss: 1.1920927533992653e-07  | Negative Loss: 0.0
[Test ROC-AUC]  -  SA: 0.00000,  LA: 0.92833
[Test AUPRC]  -  LA: 0.97529
[Test F1-max]  -  LA: 0.94309
Epoch: 80 | Loss: 1.1920927533992653e-07  | Negative Loss: 0.0
[Test ROC-AUC]  -  SA: 0.00000,  LA: 0.92833
[Test AUPRC]  -  LA: 0.97529
[Test F1-max]  -  LA: 0.94309
Epoch: 81 | Loss: 1.1920927533992653e-07  | Negative Loss: 0.0
[Test ROC-AUC]  -  SA: 0.00000,  LA: 0.92833
[Test AUPRC]  -  LA: 0.97529
[Test F1-max]  -  LA: 0.94309
Epoch: 82 | Loss: 1.1920927533992653e-07  | Negative Loss: 0.0
[Test ROC-AUC]  -  SA: 0.00000,  LA: 0.92833
[Test AUPRC]  -  LA: 0.97529
[Test F1-max]  -  LA: 0.94309
Epoch: 83 | Loss: 1.1920927533992653e-07  | Negative Loss: 0.0
[Test ROC-AUC]  -  SA: 0.00000,  LA: 0.92833
[Test AUPRC]  -  LA: 0.97529
[Test F1-max]  -  LA: 0.94309
Epoch: 84 | Loss: 1.1920927533992653e-07  | Negative Loss: 0.0
[Test ROC-AUC]  -  SA: 0.00000,  LA: 0.92833
[Test AUPRC]  -  LA: 0.97529
[Test F1-max]  -  LA: 0.94309
Epoch: 85 | Loss: 1.1920927533992653e-07  | Negative Loss: 0.0
[Test ROC-AUC]  -  SA: 0.00000,  LA: 0.92833
[Test AUPRC]  -  LA: 0.97529
[Test F1-max]  -  LA: 0.94309
Epoch: 86 | Loss: 1.1920927533992653e-07  | Negative Loss: 0.0
[Test ROC-AUC]  -  SA: 0.00000,  LA: 0.92833
[Test AUPRC]  -  LA: 0.97529
[Test F1-max]  -  LA: 0.94309
Epoch: 87 | Loss: 1.1920927533992653e-07  | Negative Loss: 0.0
[Test ROC-AUC]  -  SA: 0.00000,  LA: 0.92833
[Test AUPRC]  -  LA: 0.97529
[Test F1-max]  -  LA: 0.94309
Epoch: 88 | Loss: 1.1920927533992653e-07  | Negative Loss: 0.0
[Test ROC-AUC]  -  SA: 0.00000,  LA: 0.92833
[Test AUPRC]  -  LA: 0.97529
[Test F1-max]  -  LA: 0.94309
Epoch: 89 | Loss: 1.1920927533992653e-07  | Negative Loss: 0.0
[Test ROC-AUC]  -  SA: 0.00000,  LA: 0.92833
[Test AUPRC]  -  LA: 0.97529
[Test F1-max]  -  LA: 0.94309
Epoch: 90 | Loss: 1.1920927533992653e-07  | Negative Loss: 0.0
[Test ROC-AUC]  -  SA: 0.00000,  LA: 0.92833
[Test AUPRC]  -  LA: 0.97529
[Test F1-max]  -  LA: 0.94309
Epoch: 91 | Loss: 1.1920927533992653e-07  | Negative Loss: 0.0
[Test ROC-AUC]  -  SA: 0.00000,  LA: 0.92833
[Test AUPRC]  -  LA: 0.97529
[Test F1-max]  -  LA: 0.94309
Epoch: 92 | Loss: 1.1920927533992653e-07  | Negative Loss: 0.0
[Test ROC-AUC]  -  SA: 0.00000,  LA: 0.92833
[Test AUPRC]  -  LA: 0.97529
[Test F1-max]  -  LA: 0.94309
Epoch: 93 | Loss: 1.1920927533992653e-07  | Negative Loss: 0.0
[Test ROC-AUC]  -  SA: 0.00000,  LA: 0.92833
[Test AUPRC]  -  LA: 0.97529
[Test F1-max]  -  LA: 0.94309
Epoch: 94 | Loss: 1.1920927533992653e-07  | Negative Loss: 0.0
[Test ROC-AUC]  -  SA: 0.00000,  LA: 0.92833
[Test AUPRC]  -  LA: 0.97529
[Test F1-max]  -  LA: 0.94309
Epoch: 95 | Loss: 1.1920927533992653e-07  | Negative Loss: 0.0
[Test ROC-AUC]  -  SA: 0.00000,  LA: 0.92833
[Test AUPRC]  -  LA: 0.97529
[Test F1-max]  -  LA: 0.94309
Epoch: 96 | Loss: 1.1920927533992653e-07  | Negative Loss: 0.0
[Test ROC-AUC]  -  SA: 0.00000,  LA: 0.92833
[Test AUPRC]  -  LA: 0.97529
[Test F1-max]  -  LA: 0.94309
Epoch: 97 | Loss: 1.1920927533992653e-07  | Negative Loss: 0.0
[Test ROC-AUC]  -  SA: 0.00000,  LA: 0.92833
[Test AUPRC]  -  LA: 0.97529
[Test F1-max]  -  LA: 0.94309
Epoch: 98 | Loss: 1.1920927533992653e-07  | Negative Loss: 0.0
[Test ROC-AUC]  -  SA: 0.00000,  LA: 0.92833
[Test AUPRC]  -  LA: 0.97529
[Test F1-max]  -  LA: 0.94309
Epoch: 99 | Loss: 1.1920927533992653e-07  | Negative Loss: 0.0
Time consumption: 78.12658262252808
Best LA AUC: 0.9725
Best LA AUPC: 0.9907915011888333
Best LA F1-max: 0.9600000000000001
[Result] Experiment result appended to ./results/train_hybrid_result.csv

[END] 2026-03-29 11:30:22
[RETURN CODE] 0
