[START] 2026-03-29 11:15:29
[GPU] 2
[TASK] 52/150
[NAME] transistor_promptad
[REPEAT] 2/5
[COMMAND] python train_hybrid.py --data_name transistor --mask True --text True --double_encoder True --few_shot True --shot 1 --hybrid_model promptad --hybrid_weight 0.3 --hybrid_batch_size 16 --epoch 100 --log True --lr 5e-4 --detection True --preprocess True

/home/seungeon/miniconda3/envs/LAB/lib/python3.10/site-packages/timm/models/layers/__init__.py:48: FutureWarning: Importing from timm.models.layers is deprecated, please import via timm.layers
  warnings.warn(f"Importing from {__name__} is deprecated, please import via timm.layers", FutureWarning)
/home/seungeon/Workspace/side/vlm/train_hybrid.py:18: DeprecationWarning: The distutils package is deprecated and slated for removal in Python 3.12. Use setuptools or check PEP 632 for potential alternatives
  from distutils.util import strtobool
Torch version: 2.9.1+cu128
cuda is loaded for process
here?
In my local computer
Namespace(epoch=100, gpu_number='0', data_name='transistor', lr=0.0005, batch_size=6, shuffle=True, seed=0, tag='default', model_name='ViT-B-32', pretrained_name='laion2b_s34b_b79k', lora=1, default=False, foundation='CLIP', detection=1, preprocess=1, num_rule=0, object_names=['a photo of transistor'], objects_for_rules=[['a photo of transistor'], ['a photo of transistor'], ['a photo of transistor'], ['a photo of transistor']], texts_for_rules=[['a photo of transistor'], ['a photo of transistor'], ['a photo of transistor'], ['a photo of transistor']], mask=1, text=1, score='mean', ciriculam_learning=False, few_shot=1, shot=1, log=1, neg_loss=0, double_encoder=1, pretrained_count_path=None, ris=0, rule_select='', rule_list=[], num_negative=5, hybrid_model='promptad', hybrid_weight=0.3, hybrid_class_name='', hybrid_batch_size=16, hybrid_backbone='ViT-B-16-plus-240', hybrid_pretrained_dataset='laion400m_e32', hybrid_scales=[2, 3], hybrid_img_resize=240, hybrid_img_cropsize=240, hybrid_resolution=400, hybrid_promptad_epoch=100, hybrid_promptad_lr=0.002, hybrid_promptad_momentum=0.9, hybrid_promptad_weight_decay=0.0005, hybrid_promptad_eta_min=1e-05, hybrid_promptad_lambda1=0.001, hybrid_promptad_n_ctx=4, hybrid_promptad_n_pro=3, hybrid_promptad_n_ctx_ab=1, hybrid_promptad_n_pro_ab=4, early_stop_k=10, result_log_path='./results/train_hybrid_result.csv')
[Hybrid] method=promptad, class_name=transistor, train=1, eval=80, base_path=/data3/seungeon/data/image/mvtec_ad/transistor
[Hybrid-only] LA_AUC=0.88458, LA_AUPRC=0.95423, LA_F1=0.92913
[Data Description]
- Train: 1
- Test: 80

Train Start
[Test ROC-AUC]  -  SA: 0.00000,  LA: 0.59583
[Test AUPRC]  -  LA: 0.80978
[Test F1-max]  -  LA: 0.88235
Epoch: 0 | Loss: 15.58797836303711  | Negative Loss: 0.0
[Test ROC-AUC]  -  SA: 0.00000,  LA: 0.60250
[Test AUPRC]  -  LA: 0.80575
[Test F1-max]  -  LA: 0.88235
Epoch: 1 | Loss: 15.458356857299805  | Negative Loss: 0.0
[Test ROC-AUC]  -  SA: 0.00000,  LA: 0.70083
[Test AUPRC]  -  LA: 0.86761
[Test F1-max]  -  LA: 0.89552
Epoch: 2 | Loss: 13.322566986083984  | Negative Loss: 0.0
[Test ROC-AUC]  -  SA: 0.00000,  LA: 0.80167
[Test AUPRC]  -  LA: 0.89619
[Test F1-max]  -  LA: 0.91603
Epoch: 3 | Loss: 10.165082931518555  | Negative Loss: 0.0
[Test ROC-AUC]  -  SA: 0.00000,  LA: 0.84750
[Test AUPRC]  -  LA: 0.90029
[Test F1-max]  -  LA: 0.93651
Epoch: 4 | Loss: 6.7396721839904785  | Negative Loss: 0.0
[Test ROC-AUC]  -  SA: 0.00000,  LA: 0.86250
[Test AUPRC]  -  LA: 0.89929
[Test F1-max]  -  LA: 0.94400
Epoch: 5 | Loss: 4.001965522766113  | Negative Loss: 0.0
[Test ROC-AUC]  -  SA: 0.00000,  LA: 0.86500
[Test AUPRC]  -  LA: 0.88728
[Test F1-max]  -  LA: 0.94400
Epoch: 6 | Loss: 2.09775710105896  | Negative Loss: 0.0
[Test ROC-AUC]  -  SA: 0.00000,  LA: 0.87250
[Test AUPRC]  -  LA: 0.90494
[Test F1-max]  -  LA: 0.95082
Epoch: 7 | Loss: 0.9214310050010681  | Negative Loss: 0.0
[Test ROC-AUC]  -  SA: 0.00000,  LA: 0.87500
[Test AUPRC]  -  LA: 0.90602
[Test F1-max]  -  LA: 0.95082
Epoch: 8 | Loss: 0.35184788703918457  | Negative Loss: 0.0
[Test ROC-AUC]  -  SA: 0.00000,  LA: 0.87500
[Test AUPRC]  -  LA: 0.90590
[Test F1-max]  -  LA: 0.95082
Epoch: 9 | Loss: 0.13549160957336426  | Negative Loss: 0.0
[Test ROC-AUC]  -  SA: 0.00000,  LA: 0.87667
[Test AUPRC]  -  LA: 0.89577
[Test F1-max]  -  LA: 0.95082
Epoch: 10 | Loss: 0.05333695188164711  | Negative Loss: 0.0
[Test ROC-AUC]  -  SA: 0.00000,  LA: 0.87667
[Test AUPRC]  -  LA: 0.89646
[Test F1-max]  -  LA: 0.94488
Epoch: 11 | Loss: 0.02222760207951069  | Negative Loss: 0.0
[Test ROC-AUC]  -  SA: 0.00000,  LA: 0.87583
[Test AUPRC]  -  LA: 0.89648
[Test F1-max]  -  LA: 0.94488
Epoch: 12 | Loss: 0.009798875078558922  | Negative Loss: 0.0
[Test ROC-AUC]  -  SA: 0.00000,  LA: 0.87833
[Test AUPRC]  -  LA: 0.89712
[Test F1-max]  -  LA: 0.95161
Epoch: 13 | Loss: 0.004560372792184353  | Negative Loss: 0.0
[Test ROC-AUC]  -  SA: 0.00000,  LA: 0.87500
[Test AUPRC]  -  LA: 0.89591
[Test F1-max]  -  LA: 0.94488
Epoch: 14 | Loss: 0.002204547869041562  | Negative Loss: 0.0
[Test ROC-AUC]  -  SA: 0.00000,  LA: 0.87500
[Test AUPRC]  -  LA: 0.89637
[Test F1-max]  -  LA: 0.94488
Epoch: 15 | Loss: 0.0011105057783424854  | Negative Loss: 0.0
[Test ROC-AUC]  -  SA: 0.00000,  LA: 0.87750
[Test AUPRC]  -  LA: 0.89881
[Test F1-max]  -  LA: 0.94488
Epoch: 16 | Loss: 0.0005790363647975028  | Negative Loss: 0.0
[Test ROC-AUC]  -  SA: 0.00000,  LA: 0.87750
[Test AUPRC]  -  LA: 0.89881
[Test F1-max]  -  LA: 0.94488
Epoch: 17 | Loss: 0.000310872943373397  | Negative Loss: 0.0
[Test ROC-AUC]  -  SA: 0.00000,  LA: 0.87583
[Test AUPRC]  -  LA: 0.89791
[Test F1-max]  -  LA: 0.94488
Epoch: 18 | Loss: 0.0001712958764983341  | Negative Loss: 0.0
[Test ROC-AUC]  -  SA: 0.00000,  LA: 0.87833
[Test AUPRC]  -  LA: 0.91091
[Test F1-max]  -  LA: 0.95082
Epoch: 19 | Loss: 9.762975969351828e-05  | Negative Loss: 0.0
[Test ROC-AUC]  -  SA: 0.00000,  LA: 0.87917
[Test AUPRC]  -  LA: 0.91165
[Test F1-max]  -  LA: 0.95082
Epoch: 20 | Loss: 5.721952402382158e-05  | Negative Loss: 0.0
[Test ROC-AUC]  -  SA: 0.00000,  LA: 0.88000
[Test AUPRC]  -  LA: 0.91195
[Test F1-max]  -  LA: 0.95082
Epoch: 21 | Loss: 3.44511354342103e-05  | Negative Loss: 0.0
[Test ROC-AUC]  -  SA: 0.00000,  LA: 0.88167
[Test AUPRC]  -  LA: 0.91270
[Test F1-max]  -  LA: 0.95082
Epoch: 22 | Loss: 2.1695952455047518e-05  | Negative Loss: 0.0
[Test ROC-AUC]  -  SA: 0.00000,  LA: 0.88500
[Test AUPRC]  -  LA: 0.92589
[Test F1-max]  -  LA: 0.95082
Epoch: 23 | Loss: 1.3589802620117553e-05  | Negative Loss: 0.0
[Test ROC-AUC]  -  SA: 0.00000,  LA: 0.88500
[Test AUPRC]  -  LA: 0.92583
[Test F1-max]  -  LA: 0.95161
Epoch: 24 | Loss: 8.821462870400865e-06  | Negative Loss: 0.0
[Test ROC-AUC]  -  SA: 0.00000,  LA: 0.88750
[Test AUPRC]  -  LA: 0.93086
[Test F1-max]  -  LA: 0.95161
Epoch: 25 | Loss: 6.079662398406072e-06  | Negative Loss: 0.0
[Test ROC-AUC]  -  SA: 0.00000,  LA: 0.88917
[Test AUPRC]  -  LA: 0.93176
[Test F1-max]  -  LA: 0.95161
Epoch: 26 | Loss: 4.053110387758352e-06  | Negative Loss: 0.0
[Test ROC-AUC]  -  SA: 0.00000,  LA: 0.89083
[Test AUPRC]  -  LA: 0.93510
[Test F1-max]  -  LA: 0.95161
Epoch: 27 | Loss: 2.9802297376591014e-06  | Negative Loss: 0.0
[Test ROC-AUC]  -  SA: 0.00000,  LA: 0.89083
[Test AUPRC]  -  LA: 0.93510
[Test F1-max]  -  LA: 0.95161
Epoch: 28 | Loss: 2.0265565581212286e-06  | Negative Loss: 0.0
[Test ROC-AUC]  -  SA: 0.00000,  LA: 0.89167
[Test AUPRC]  -  LA: 0.93539
[Test F1-max]  -  LA: 0.95161
Epoch: 29 | Loss: 1.5497198546654545e-06  | Negative Loss: 0.0
[Test ROC-AUC]  -  SA: 0.00000,  LA: 0.89083
[Test AUPRC]  -  LA: 0.93493
[Test F1-max]  -  LA: 0.95161
Epoch: 30 | Loss: 1.1920924407604616e-06  | Negative Loss: 0.0
[Test ROC-AUC]  -  SA: 0.00000,  LA: 0.89167
[Test AUPRC]  -  LA: 0.93751
[Test F1-max]  -  LA: 0.95161
Epoch: 31 | Loss: 8.344647994817933e-07  | Negative Loss: 0.0
[Test ROC-AUC]  -  SA: 0.00000,  LA: 0.89417
[Test AUPRC]  -  LA: 0.94347
[Test F1-max]  -  LA: 0.95161
Epoch: 32 | Loss: 7.152555667744309e-07  | Negative Loss: 0.0
[Test ROC-AUC]  -  SA: 0.00000,  LA: 0.89417
[Test AUPRC]  -  LA: 0.94347
[Test F1-max]  -  LA: 0.95161
Epoch: 33 | Loss: 5.960463340670685e-07  | Negative Loss: 0.0
[Test ROC-AUC]  -  SA: 0.00000,  LA: 0.89583
[Test AUPRC]  -  LA: 0.94564
[Test F1-max]  -  LA: 0.95161
Epoch: 34 | Loss: 3.576278118089249e-07  | Negative Loss: 0.0
[Test ROC-AUC]  -  SA: 0.00000,  LA: 0.89667
[Test AUPRC]  -  LA: 0.94710
[Test F1-max]  -  LA: 0.95161
Epoch: 35 | Loss: 3.576278118089249e-07  | Negative Loss: 0.0
[Test ROC-AUC]  -  SA: 0.00000,  LA: 0.89750
[Test AUPRC]  -  LA: 0.94734
[Test F1-max]  -  LA: 0.95935
Epoch: 36 | Loss: 2.3841855067985307e-07  | Negative Loss: 0.0
[Test ROC-AUC]  -  SA: 0.00000,  LA: 0.89750
[Test AUPRC]  -  LA: 0.94734
[Test F1-max]  -  LA: 0.95935
Epoch: 37 | Loss: 2.3841855067985307e-07  | Negative Loss: 0.0
[Test ROC-AUC]  -  SA: 0.00000,  LA: 0.89917
[Test AUPRC]  -  LA: 0.94845
[Test F1-max]  -  LA: 0.95935
Epoch: 38 | Loss: 2.3841855067985307e-07  | Negative Loss: 0.0
[Test ROC-AUC]  -  SA: 0.00000,  LA: 0.89917
[Test AUPRC]  -  LA: 0.94845
[Test F1-max]  -  LA: 0.95935
Epoch: 39 | Loss: 1.1920928244535389e-07  | Negative Loss: 0.0
[Test ROC-AUC]  -  SA: 0.00000,  LA: 0.90000
[Test AUPRC]  -  LA: 0.94898
[Test F1-max]  -  LA: 0.95935
Epoch: 40 | Loss: 1.1920928244535389e-07  | Negative Loss: 0.0
[Test ROC-AUC]  -  SA: 0.00000,  LA: 0.90167
[Test AUPRC]  -  LA: 0.95083
[Test F1-max]  -  LA: 0.95935
Epoch: 41 | Loss: 1.1920928244535389e-07  | Negative Loss: 0.0
[Test ROC-AUC]  -  SA: 0.00000,  LA: 0.90083
[Test AUPRC]  -  LA: 0.95036
[Test F1-max]  -  LA: 0.95935
Epoch: 42 | Loss: 1.1920928244535389e-07  | Negative Loss: 0.0
[Test ROC-AUC]  -  SA: 0.00000,  LA: 0.90167
[Test AUPRC]  -  LA: 0.95159
[Test F1-max]  -  LA: 0.95935
Epoch: 43 | Loss: 1.1920928244535389e-07  | Negative Loss: 0.0
[Test ROC-AUC]  -  SA: 0.00000,  LA: 0.90250
[Test AUPRC]  -  LA: 0.95275
[Test F1-max]  -  LA: 0.95935
Epoch: 44 | Loss: 1.1920928244535389e-07  | Negative Loss: 0.0
[Test ROC-AUC]  -  SA: 0.00000,  LA: 0.90250
[Test AUPRC]  -  LA: 0.95275
[Test F1-max]  -  LA: 0.95935
Epoch: 45 | Loss: 1.1920928244535389e-07  | Negative Loss: 0.0
[Test ROC-AUC]  -  SA: 0.00000,  LA: 0.90333
[Test AUPRC]  -  LA: 0.95321
[Test F1-max]  -  LA: 0.95935
Epoch: 46 | Loss: 0.0  | Negative Loss: 0.0
Time consumption: 36.307618856430054
Best LA AUC: 0.9033333333333333
Best LA AUPC: 0.9532125220587876
Best LA F1-max: 0.9593495934959351
[Result] Experiment result appended to ./results/train_hybrid_result.csv

[END] 2026-03-29 11:17:32
[RETURN CODE] 0
