[START] 2026-03-29 10:49:41
[GPU] 2
[TASK] 11/150
[NAME] cable_winclip
[REPEAT] 6/10
[COMMAND] python train_hybrid.py --data_name cable --mask True --text True --double_encoder True --few_shot True --shot 1 --hybrid_model winclip --hybrid_weight 0.3 --hybrid_batch_size 16 --epoch 100 --log True --lr 5e-4 --detection True --preprocess True

/home/seungeon/miniconda3/envs/LAB/lib/python3.10/site-packages/timm/models/layers/__init__.py:48: FutureWarning: Importing from timm.models.layers is deprecated, please import via timm.layers
  warnings.warn(f"Importing from {__name__} is deprecated, please import via timm.layers", FutureWarning)
/home/seungeon/Workspace/side/vlm/train_hybrid.py:18: DeprecationWarning: The distutils package is deprecated and slated for removal in Python 3.12. Use setuptools or check PEP 632 for potential alternatives
  from distutils.util import strtobool
Torch version: 2.9.1+cu128
cuda is loaded for process
here?
In my local computer
Namespace(epoch=100, gpu_number='0', data_name='cable', lr=0.0005, batch_size=6, shuffle=True, seed=0, tag='default', model_name='ViT-B-32', pretrained_name='laion2b_s34b_b79k', lora=1, default=False, foundation='CLIP', detection=1, preprocess=1, num_rule=0, object_names=['a photo of cable'], objects_for_rules=[['a photo of cable'], ['a photo of cable'], ['a photo of cable'], ['a photo of cable'], ['a photo of cable']], texts_for_rules=[['a photo of cable'], ['a photo of cable'], ['a photo of cable'], ['a photo of cable'], ['a photo of cable']], mask=1, text=1, score='mean', ciriculam_learning=False, few_shot=1, shot=1, log=1, neg_loss=0, double_encoder=1, pretrained_count_path=None, ris=0, rule_select='', rule_list=[], num_negative=5, hybrid_model='winclip', hybrid_weight=0.3, hybrid_class_name='', hybrid_batch_size=16, hybrid_backbone='ViT-B-16-plus-240', hybrid_pretrained_dataset='laion400m_e32', hybrid_scales=[2, 3], hybrid_img_resize=240, hybrid_img_cropsize=240, hybrid_resolution=400, hybrid_promptad_epoch=100, hybrid_promptad_lr=0.002, hybrid_promptad_momentum=0.9, hybrid_promptad_weight_decay=0.0005, hybrid_promptad_eta_min=1e-05, hybrid_promptad_lambda1=0.001, hybrid_promptad_n_ctx=4, hybrid_promptad_n_pro=3, hybrid_promptad_n_ctx_ab=1, hybrid_promptad_n_pro_ab=4, early_stop_k=10, result_log_path='./results/train_hybrid_result.csv')
[Hybrid] method=winclip, class_name=cable, train=1, eval=103, base_path=/data3/seungeon/data/image/mvtec_ad/cable
grid 240 16 (15, 15)
[Hybrid-only] LA_AUC=0.79119, LA_AUPRC=0.82005, LA_F1=0.80000
[Data Description]
- Train: 1
- Test: 103

Train Start
[Test ROC-AUC]  -  SA: 0.00000,  LA: 0.67241
[Test AUPRC]  -  LA: 0.72585
[Test F1-max]  -  LA: 0.74359
Epoch: 0 | Loss: 9.971590995788574  | Negative Loss: 0.0
[Test ROC-AUC]  -  SA: 0.00000,  LA: 0.67203
[Test AUPRC]  -  LA: 0.72775
[Test F1-max]  -  LA: 0.74359
Epoch: 1 | Loss: 9.769704818725586  | Negative Loss: 0.0
[Test ROC-AUC]  -  SA: 0.00000,  LA: 0.69464
[Test AUPRC]  -  LA: 0.71402
[Test F1-max]  -  LA: 0.75817
Epoch: 2 | Loss: 7.332455635070801  | Negative Loss: 0.0
[Test ROC-AUC]  -  SA: 0.00000,  LA: 0.74253
[Test AUPRC]  -  LA: 0.73361
[Test F1-max]  -  LA: 0.78621
Epoch: 3 | Loss: 4.171465873718262  | Negative Loss: 0.0
[Test ROC-AUC]  -  SA: 0.00000,  LA: 0.76475
[Test AUPRC]  -  LA: 0.74123
[Test F1-max]  -  LA: 0.81538
Epoch: 4 | Loss: 1.7677403688430786  | Negative Loss: 0.0
[Test ROC-AUC]  -  SA: 0.00000,  LA: 0.76820
[Test AUPRC]  -  LA: 0.77110
[Test F1-max]  -  LA: 0.80292
Epoch: 5 | Loss: 0.6436444520950317  | Negative Loss: 0.0
[Test ROC-AUC]  -  SA: 0.00000,  LA: 0.76322
[Test AUPRC]  -  LA: 0.78701
[Test F1-max]  -  LA: 0.79137
Epoch: 6 | Loss: 0.24895967543125153  | Negative Loss: 0.0
[Test ROC-AUC]  -  SA: 0.00000,  LA: 0.75479
[Test AUPRC]  -  LA: 0.79008
[Test F1-max]  -  LA: 0.78519
Epoch: 7 | Loss: 0.09998435527086258  | Negative Loss: 0.0
[Test ROC-AUC]  -  SA: 0.00000,  LA: 0.75057
[Test AUPRC]  -  LA: 0.79420
[Test F1-max]  -  LA: 0.78621
Epoch: 8 | Loss: 0.04338816925883293  | Negative Loss: 0.0
[Test ROC-AUC]  -  SA: 0.00000,  LA: 0.74866
[Test AUPRC]  -  LA: 0.79705
[Test F1-max]  -  LA: 0.77852
Epoch: 9 | Loss: 0.0201581921428442  | Negative Loss: 0.0
[Test ROC-AUC]  -  SA: 0.00000,  LA: 0.74598
[Test AUPRC]  -  LA: 0.79758
[Test F1-max]  -  LA: 0.77852
Epoch: 10 | Loss: 0.010054399259388447  | Negative Loss: 0.0
[Test ROC-AUC]  -  SA: 0.00000,  LA: 0.74904
[Test AUPRC]  -  LA: 0.79993
[Test F1-max]  -  LA: 0.78378
Epoch: 11 | Loss: 0.0053508528508245945  | Negative Loss: 0.0
[Test ROC-AUC]  -  SA: 0.00000,  LA: 0.75249
[Test AUPRC]  -  LA: 0.80130
[Test F1-max]  -  LA: 0.78378
Epoch: 12 | Loss: 0.003012998728081584  | Negative Loss: 0.0
[Test ROC-AUC]  -  SA: 0.00000,  LA: 0.75977
[Test AUPRC]  -  LA: 0.80416
[Test F1-max]  -  LA: 0.78519
Epoch: 13 | Loss: 0.0017550485208630562  | Negative Loss: 0.0
[Test ROC-AUC]  -  SA: 0.00000,  LA: 0.76398
[Test AUPRC]  -  LA: 0.80217
[Test F1-max]  -  LA: 0.78873
Epoch: 14 | Loss: 0.0010464168153703213  | Negative Loss: 0.0
[Test ROC-AUC]  -  SA: 0.00000,  LA: 0.77126
[Test AUPRC]  -  LA: 0.80363
[Test F1-max]  -  LA: 0.79720
Epoch: 15 | Loss: 0.0006443529273383319  | Negative Loss: 0.0
[Test ROC-AUC]  -  SA: 0.00000,  LA: 0.77548
[Test AUPRC]  -  LA: 0.80400
[Test F1-max]  -  LA: 0.80000
Epoch: 16 | Loss: 0.00040706232539378107  | Negative Loss: 0.0
[Test ROC-AUC]  -  SA: 0.00000,  LA: 0.78467
[Test AUPRC]  -  LA: 0.81059
[Test F1-max]  -  LA: 0.80282
Epoch: 17 | Loss: 0.0002626022615004331  | Negative Loss: 0.0
[Test ROC-AUC]  -  SA: 0.00000,  LA: 0.79540
[Test AUPRC]  -  LA: 0.81557
[Test F1-max]  -  LA: 0.80303
Epoch: 18 | Loss: 0.00017356172611471266  | Negative Loss: 0.0
[Test ROC-AUC]  -  SA: 0.00000,  LA: 0.80728
[Test AUPRC]  -  LA: 0.82652
[Test F1-max]  -  LA: 0.80597
Epoch: 19 | Loss: 0.00011706029181368649  | Negative Loss: 0.0
[Test ROC-AUC]  -  SA: 0.00000,  LA: 0.80920
[Test AUPRC]  -  LA: 0.82446
[Test F1-max]  -  LA: 0.80597
Epoch: 20 | Loss: 8.082234853645787e-05  | Negative Loss: 0.0
[Test ROC-AUC]  -  SA: 0.00000,  LA: 0.81686
[Test AUPRC]  -  LA: 0.83110
[Test F1-max]  -  LA: 0.81538
Epoch: 21 | Loss: 5.710046389140189e-05  | Negative Loss: 0.0
[Test ROC-AUC]  -  SA: 0.00000,  LA: 0.81762
[Test AUPRC]  -  LA: 0.83008
[Test F1-max]  -  LA: 0.82171
Epoch: 22 | Loss: 4.0888378862291574e-05  | Negative Loss: 0.0
[Test ROC-AUC]  -  SA: 0.00000,  LA: 0.81839
[Test AUPRC]  -  LA: 0.83197
[Test F1-max]  -  LA: 0.82171
Epoch: 23 | Loss: 3.0040519050089642e-05  | Negative Loss: 0.0
[Test ROC-AUC]  -  SA: 0.00000,  LA: 0.81954
[Test AUPRC]  -  LA: 0.83069
[Test F1-max]  -  LA: 0.82540
Epoch: 24 | Loss: 2.241122092527803e-05  | Negative Loss: 0.0
[Test ROC-AUC]  -  SA: 0.00000,  LA: 0.81839
[Test AUPRC]  -  LA: 0.83001
[Test F1-max]  -  LA: 0.82540
Epoch: 25 | Loss: 1.7046855646185577e-05  | Negative Loss: 0.0
[Test ROC-AUC]  -  SA: 0.00000,  LA: 0.81494
[Test AUPRC]  -  LA: 0.82591
[Test F1-max]  -  LA: 0.81667
Epoch: 26 | Loss: 1.3351396773941815e-05  | Negative Loss: 0.0
[Test ROC-AUC]  -  SA: 0.00000,  LA: 0.81801
[Test AUPRC]  -  LA: 0.83042
[Test F1-max]  -  LA: 0.81667
Epoch: 27 | Loss: 1.0251972526020836e-05  | Negative Loss: 0.0
[Test ROC-AUC]  -  SA: 0.00000,  LA: 0.81839
[Test AUPRC]  -  LA: 0.83088
[Test F1-max]  -  LA: 0.81667
Epoch: 28 | Loss: 8.10621349955909e-06  | Negative Loss: 0.0
[Test ROC-AUC]  -  SA: 0.00000,  LA: 0.81686
[Test AUPRC]  -  LA: 0.82918
[Test F1-max]  -  LA: 0.81818
Epoch: 29 | Loss: 6.5565000113565475e-06  | Negative Loss: 0.0
[Test ROC-AUC]  -  SA: 0.00000,  LA: 0.81648
[Test AUPRC]  -  LA: 0.82903
[Test F1-max]  -  LA: 0.81818
Epoch: 30 | Loss: 5.4836195886309724e-06  | Negative Loss: 0.0
[Test ROC-AUC]  -  SA: 0.00000,  LA: 0.81648
[Test AUPRC]  -  LA: 0.82894
[Test F1-max]  -  LA: 0.81818
Epoch: 31 | Loss: 4.7683656703156885e-06  | Negative Loss: 0.0
[Test ROC-AUC]  -  SA: 0.00000,  LA: 0.81648
[Test AUPRC]  -  LA: 0.82860
[Test F1-max]  -  LA: 0.81818
Epoch: 32 | Loss: 3.814693172898842e-06  | Negative Loss: 0.0
[Test ROC-AUC]  -  SA: 0.00000,  LA: 0.81648
[Test AUPRC]  -  LA: 0.82860
[Test F1-max]  -  LA: 0.81818
Epoch: 33 | Loss: 3.218647862013313e-06  | Negative Loss: 0.0
[Test ROC-AUC]  -  SA: 0.00000,  LA: 0.81724
[Test AUPRC]  -  LA: 0.82959
[Test F1-max]  -  LA: 0.82090
Epoch: 34 | Loss: 2.7418113859312143e-06  | Negative Loss: 0.0
[Test ROC-AUC]  -  SA: 0.00000,  LA: 0.81724
[Test AUPRC]  -  LA: 0.82896
[Test F1-max]  -  LA: 0.82090
Epoch: 35 | Loss: 2.5033932615770027e-06  | Negative Loss: 0.0
[Test ROC-AUC]  -  SA: 0.00000,  LA: 0.81762
[Test AUPRC]  -  LA: 0.82916
[Test F1-max]  -  LA: 0.82258
Epoch: 36 | Loss: 2.026556785494904e-06  | Negative Loss: 0.0
[Test ROC-AUC]  -  SA: 0.00000,  LA: 0.81839
[Test AUPRC]  -  LA: 0.83057
[Test F1-max]  -  LA: 0.82090
Epoch: 37 | Loss: 1.6689292579030734e-06  | Negative Loss: 0.0
[Test ROC-AUC]  -  SA: 0.00000,  LA: 0.81839
[Test AUPRC]  -  LA: 0.83056
[Test F1-max]  -  LA: 0.81967
Epoch: 38 | Loss: 1.6689292579030734e-06  | Negative Loss: 0.0
[Test ROC-AUC]  -  SA: 0.00000,  LA: 0.81801
[Test AUPRC]  -  LA: 0.83040
[Test F1-max]  -  LA: 0.81967
Epoch: 39 | Loss: 1.54972008203913e-06  | Negative Loss: 0.0
[Test ROC-AUC]  -  SA: 0.00000,  LA: 0.81762
[Test AUPRC]  -  LA: 0.83014
[Test F1-max]  -  LA: 0.81967
Epoch: 40 | Loss: 1.3113017303112429e-06  | Negative Loss: 0.0
[Test ROC-AUC]  -  SA: 0.00000,  LA: 0.81762
[Test AUPRC]  -  LA: 0.83017
[Test F1-max]  -  LA: 0.81967
Epoch: 41 | Loss: 1.1920924407604616e-06  | Negative Loss: 0.0
[Test ROC-AUC]  -  SA: 0.00000,  LA: 0.81724
[Test AUPRC]  -  LA: 0.83069
[Test F1-max]  -  LA: 0.81967
Epoch: 42 | Loss: 1.1920924407604616e-06  | Negative Loss: 0.0
[Test ROC-AUC]  -  SA: 0.00000,  LA: 0.81648
[Test AUPRC]  -  LA: 0.83021
[Test F1-max]  -  LA: 0.81967
Epoch: 43 | Loss: 1.1920924407604616e-06  | Negative Loss: 0.0
[Test ROC-AUC]  -  SA: 0.00000,  LA: 0.81648
[Test AUPRC]  -  LA: 0.82999
[Test F1-max]  -  LA: 0.82258
Epoch: 44 | Loss: 9.536740890325746e-07  | Negative Loss: 0.0
[Test ROC-AUC]  -  SA: 0.00000,  LA: 0.81686
[Test AUPRC]  -  LA: 0.83056
[Test F1-max]  -  LA: 0.82258
Epoch: 45 | Loss: 8.344647994817933e-07  | Negative Loss: 0.0
[Test ROC-AUC]  -  SA: 0.00000,  LA: 0.81724
[Test AUPRC]  -  LA: 0.83071
[Test F1-max]  -  LA: 0.82258
Epoch: 46 | Loss: 8.344647994817933e-07  | Negative Loss: 0.0
[Test ROC-AUC]  -  SA: 0.00000,  LA: 0.81686
[Test AUPRC]  -  LA: 0.83037
[Test F1-max]  -  LA: 0.82258
Epoch: 47 | Loss: 8.344647994817933e-07  | Negative Loss: 0.0
[Test ROC-AUC]  -  SA: 0.00000,  LA: 0.81648
[Test AUPRC]  -  LA: 0.83100
[Test F1-max]  -  LA: 0.82258
Epoch: 48 | Loss: 8.344647994817933e-07  | Negative Loss: 0.0
[Test ROC-AUC]  -  SA: 0.00000,  LA: 0.81686
[Test AUPRC]  -  LA: 0.83117
[Test F1-max]  -  LA: 0.82258
Epoch: 49 | Loss: 8.344647994817933e-07  | Negative Loss: 0.0
[Test ROC-AUC]  -  SA: 0.00000,  LA: 0.81648
[Test AUPRC]  -  LA: 0.83070
[Test F1-max]  -  LA: 0.82258
Epoch: 50 | Loss: 8.344647994817933e-07  | Negative Loss: 0.0
[Test ROC-AUC]  -  SA: 0.00000,  LA: 0.81648
[Test AUPRC]  -  LA: 0.83070
[Test F1-max]  -  LA: 0.82258
Epoch: 51 | Loss: 8.344647994817933e-07  | Negative Loss: 0.0
[Test ROC-AUC]  -  SA: 0.00000,  LA: 0.81648
[Test AUPRC]  -  LA: 0.83070
[Test F1-max]  -  LA: 0.82258
Epoch: 52 | Loss: 7.152556236178498e-07  | Negative Loss: 0.0
[Test ROC-AUC]  -  SA: 0.00000,  LA: 0.81648
[Test AUPRC]  -  LA: 0.83083
[Test F1-max]  -  LA: 0.82258
Epoch: 53 | Loss: 5.960463340670685e-07  | Negative Loss: 0.0
[Test ROC-AUC]  -  SA: 0.00000,  LA: 0.81648
[Test AUPRC]  -  LA: 0.83083
[Test F1-max]  -  LA: 0.82258
Epoch: 54 | Loss: 5.960463340670685e-07  | Negative Loss: 0.0
[Test ROC-AUC]  -  SA: 0.00000,  LA: 0.81648
[Test AUPRC]  -  LA: 0.83083
[Test F1-max]  -  LA: 0.82258
Epoch: 55 | Loss: 4.7683710135970614e-07  | Negative Loss: 0.0
[Test ROC-AUC]  -  SA: 0.00000,  LA: 0.81648
[Test AUPRC]  -  LA: 0.83083
[Test F1-max]  -  LA: 0.82258
Epoch: 56 | Loss: 4.7683710135970614e-07  | Negative Loss: 0.0
[Test ROC-AUC]  -  SA: 0.00000,  LA: 0.81724
[Test AUPRC]  -  LA: 0.83116
[Test F1-max]  -  LA: 0.82443
Epoch: 57 | Loss: 4.7683710135970614e-07  | Negative Loss: 0.0
[Test ROC-AUC]  -  SA: 0.00000,  LA: 0.81724
[Test AUPRC]  -  LA: 0.83116
[Test F1-max]  -  LA: 0.82443
Epoch: 58 | Loss: 4.7683710135970614e-07  | Negative Loss: 0.0
[Test ROC-AUC]  -  SA: 0.00000,  LA: 0.81724
[Test AUPRC]  -  LA: 0.83116
[Test F1-max]  -  LA: 0.82443
Epoch: 59 | Loss: 4.7683710135970614e-07  | Negative Loss: 0.0
[Test ROC-AUC]  -  SA: 0.00000,  LA: 0.81724
[Test AUPRC]  -  LA: 0.83116
[Test F1-max]  -  LA: 0.82443
Epoch: 60 | Loss: 4.7683710135970614e-07  | Negative Loss: 0.0
[Test ROC-AUC]  -  SA: 0.00000,  LA: 0.81686
[Test AUPRC]  -  LA: 0.83095
[Test F1-max]  -  LA: 0.82443
Epoch: 61 | Loss: 4.7683710135970614e-07  | Negative Loss: 0.0
[Test ROC-AUC]  -  SA: 0.00000,  LA: 0.81686
[Test AUPRC]  -  LA: 0.83095
[Test F1-max]  -  LA: 0.82443
Epoch: 62 | Loss: 4.7683710135970614e-07  | Negative Loss: 0.0
[Test ROC-AUC]  -  SA: 0.00000,  LA: 0.81686
[Test AUPRC]  -  LA: 0.83095
[Test F1-max]  -  LA: 0.82443
Epoch: 63 | Loss: 4.7683710135970614e-07  | Negative Loss: 0.0
[Test ROC-AUC]  -  SA: 0.00000,  LA: 0.81686
[Test AUPRC]  -  LA: 0.83095
[Test F1-max]  -  LA: 0.82443
Epoch: 64 | Loss: 4.7683710135970614e-07  | Negative Loss: 0.0
[Test ROC-AUC]  -  SA: 0.00000,  LA: 0.81648
[Test AUPRC]  -  LA: 0.83053
[Test F1-max]  -  LA: 0.82443
Epoch: 65 | Loss: 4.7683710135970614e-07  | Negative Loss: 0.0
[Test ROC-AUC]  -  SA: 0.00000,  LA: 0.81648
[Test AUPRC]  -  LA: 0.83053
[Test F1-max]  -  LA: 0.82443
Epoch: 66 | Loss: 4.7683710135970614e-07  | Negative Loss: 0.0
[Test ROC-AUC]  -  SA: 0.00000,  LA: 0.81648
[Test AUPRC]  -  LA: 0.83053
[Test F1-max]  -  LA: 0.82443
Epoch: 67 | Loss: 4.7683710135970614e-07  | Negative Loss: 0.0
[Test ROC-AUC]  -  SA: 0.00000,  LA: 0.81648
[Test AUPRC]  -  LA: 0.83053
[Test F1-max]  -  LA: 0.82443
Epoch: 68 | Loss: 4.7683710135970614e-07  | Negative Loss: 0.0
[Test ROC-AUC]  -  SA: 0.00000,  LA: 0.81648
[Test AUPRC]  -  LA: 0.83053
[Test F1-max]  -  LA: 0.82443
Epoch: 69 | Loss: 4.7683710135970614e-07  | Negative Loss: 0.0
[Test ROC-AUC]  -  SA: 0.00000,  LA: 0.81648
[Test AUPRC]  -  LA: 0.83053
[Test F1-max]  -  LA: 0.82443
Epoch: 70 | Loss: 4.7683710135970614e-07  | Negative Loss: 0.0
[Test ROC-AUC]  -  SA: 0.00000,  LA: 0.81648
[Test AUPRC]  -  LA: 0.83053
[Test F1-max]  -  LA: 0.82443
Epoch: 71 | Loss: 4.7683710135970614e-07  | Negative Loss: 0.0
[Test ROC-AUC]  -  SA: 0.00000,  LA: 0.81609
[Test AUPRC]  -  LA: 0.83031
[Test F1-max]  -  LA: 0.82443
Epoch: 72 | Loss: 4.7683710135970614e-07  | Negative Loss: 0.0
[Test ROC-AUC]  -  SA: 0.00000,  LA: 0.81609
[Test AUPRC]  -  LA: 0.83031
[Test F1-max]  -  LA: 0.82443
Epoch: 73 | Loss: 4.7683710135970614e-07  | Negative Loss: 0.0
[Test ROC-AUC]  -  SA: 0.00000,  LA: 0.81609
[Test AUPRC]  -  LA: 0.83031
[Test F1-max]  -  LA: 0.82443
Epoch: 74 | Loss: 4.7683710135970614e-07  | Negative Loss: 0.0
[Test ROC-AUC]  -  SA: 0.00000,  LA: 0.81609
[Test AUPRC]  -  LA: 0.83031
[Test F1-max]  -  LA: 0.82443
Epoch: 75 | Loss: 4.7683710135970614e-07  | Negative Loss: 0.0
[Test ROC-AUC]  -  SA: 0.00000,  LA: 0.81609
[Test AUPRC]  -  LA: 0.83031
[Test F1-max]  -  LA: 0.82443
Epoch: 76 | Loss: 4.7683710135970614e-07  | Negative Loss: 0.0
[Test ROC-AUC]  -  SA: 0.00000,  LA: 0.81609
[Test AUPRC]  -  LA: 0.83031
[Test F1-max]  -  LA: 0.82443
Epoch: 77 | Loss: 4.7683710135970614e-07  | Negative Loss: 0.0
[Test ROC-AUC]  -  SA: 0.00000,  LA: 0.81609
[Test AUPRC]  -  LA: 0.83031
[Test F1-max]  -  LA: 0.82443
Epoch: 78 | Loss: 4.7683710135970614e-07  | Negative Loss: 0.0
[Test ROC-AUC]  -  SA: 0.00000,  LA: 0.81609
[Test AUPRC]  -  LA: 0.83031
[Test F1-max]  -  LA: 0.82443
Epoch: 79 | Loss: 4.7683710135970614e-07  | Negative Loss: 0.0
[Test ROC-AUC]  -  SA: 0.00000,  LA: 0.81609
[Test AUPRC]  -  LA: 0.83031
[Test F1-max]  -  LA: 0.82443
Epoch: 80 | Loss: 4.7683710135970614e-07  | Negative Loss: 0.0
[Test ROC-AUC]  -  SA: 0.00000,  LA: 0.81609
[Test AUPRC]  -  LA: 0.83031
[Test F1-max]  -  LA: 0.82443
Epoch: 81 | Loss: 4.7683710135970614e-07  | Negative Loss: 0.0
[Test ROC-AUC]  -  SA: 0.00000,  LA: 0.81648
[Test AUPRC]  -  LA: 0.83065
[Test F1-max]  -  LA: 0.82443
Epoch: 82 | Loss: 4.7683710135970614e-07  | Negative Loss: 0.0
[Test ROC-AUC]  -  SA: 0.00000,  LA: 0.81686
[Test AUPRC]  -  LA: 0.83112
[Test F1-max]  -  LA: 0.82443
Epoch: 83 | Loss: 4.7683710135970614e-07  | Negative Loss: 0.0
[Test ROC-AUC]  -  SA: 0.00000,  LA: 0.81686
[Test AUPRC]  -  LA: 0.83112
[Test F1-max]  -  LA: 0.82443
Epoch: 84 | Loss: 4.7683710135970614e-07  | Negative Loss: 0.0
[Test ROC-AUC]  -  SA: 0.00000,  LA: 0.81686
[Test AUPRC]  -  LA: 0.83112
[Test F1-max]  -  LA: 0.82443
Epoch: 85 | Loss: 4.7683710135970614e-07  | Negative Loss: 0.0
[Test ROC-AUC]  -  SA: 0.00000,  LA: 0.81686
[Test AUPRC]  -  LA: 0.83112
[Test F1-max]  -  LA: 0.82443
Epoch: 86 | Loss: 4.7683710135970614e-07  | Negative Loss: 0.0
[Test ROC-AUC]  -  SA: 0.00000,  LA: 0.81686
[Test AUPRC]  -  LA: 0.83112
[Test F1-max]  -  LA: 0.82443
Epoch: 87 | Loss: 3.576278402306343e-07  | Negative Loss: 0.0
[Test ROC-AUC]  -  SA: 0.00000,  LA: 0.81686
[Test AUPRC]  -  LA: 0.83112
[Test F1-max]  -  LA: 0.82443
Epoch: 88 | Loss: 3.576278402306343e-07  | Negative Loss: 0.0
[Test ROC-AUC]  -  SA: 0.00000,  LA: 0.81686
[Test AUPRC]  -  LA: 0.83112
[Test F1-max]  -  LA: 0.82443
Epoch: 89 | Loss: 3.576278402306343e-07  | Negative Loss: 0.0
[Test ROC-AUC]  -  SA: 0.00000,  LA: 0.81686
[Test AUPRC]  -  LA: 0.83112
[Test F1-max]  -  LA: 0.82443
Epoch: 90 | Loss: 3.576278402306343e-07  | Negative Loss: 0.0
[Test ROC-AUC]  -  SA: 0.00000,  LA: 0.81686
[Test AUPRC]  -  LA: 0.83112
[Test F1-max]  -  LA: 0.82443
Epoch: 91 | Loss: 3.576278402306343e-07  | Negative Loss: 0.0
[Test ROC-AUC]  -  SA: 0.00000,  LA: 0.81686
[Test AUPRC]  -  LA: 0.83112
[Test F1-max]  -  LA: 0.82443
Epoch: 92 | Loss: 3.576278402306343e-07  | Negative Loss: 0.0
[Test ROC-AUC]  -  SA: 0.00000,  LA: 0.81686
[Test AUPRC]  -  LA: 0.83112
[Test F1-max]  -  LA: 0.82443
Epoch: 93 | Loss: 3.576278402306343e-07  | Negative Loss: 0.0
[Test ROC-AUC]  -  SA: 0.00000,  LA: 0.81686
[Test AUPRC]  -  LA: 0.83112
[Test F1-max]  -  LA: 0.82443
Epoch: 94 | Loss: 3.576278402306343e-07  | Negative Loss: 0.0
[Test ROC-AUC]  -  SA: 0.00000,  LA: 0.81686
[Test AUPRC]  -  LA: 0.83112
[Test F1-max]  -  LA: 0.82443
Epoch: 95 | Loss: 3.576278402306343e-07  | Negative Loss: 0.0
[Test ROC-AUC]  -  SA: 0.00000,  LA: 0.81686
[Test AUPRC]  -  LA: 0.83112
[Test F1-max]  -  LA: 0.82443
Epoch: 96 | Loss: 3.576278402306343e-07  | Negative Loss: 0.0
[Test ROC-AUC]  -  SA: 0.00000,  LA: 0.81686
[Test AUPRC]  -  LA: 0.83112
[Test F1-max]  -  LA: 0.82443
Epoch: 97 | Loss: 3.576278402306343e-07  | Negative Loss: 0.0
[Test ROC-AUC]  -  SA: 0.00000,  LA: 0.81686
[Test AUPRC]  -  LA: 0.83112
[Test F1-max]  -  LA: 0.82443
Epoch: 98 | Loss: 3.576278402306343e-07  | Negative Loss: 0.0
[Test ROC-AUC]  -  SA: 0.00000,  LA: 0.81686
[Test AUPRC]  -  LA: 0.83112
[Test F1-max]  -  LA: 0.82443
Epoch: 99 | Loss: 3.576278402306343e-07  | Negative Loss: 0.0
Time consumption: 101.74198603630066
Best LA AUC: 0.8195402298850575
Best LA AUPC: 0.8319705995180335
Best LA F1-max: 0.8253968253968255
[Result] Experiment result appended to ./results/train_hybrid_result.csv

[END] 2026-03-29 10:53:42
[RETURN CODE] 0
