[START] 2026-03-18 17:17:30
[GPU] 2
[TASK] 28/120
[NAME] screw_bag_winclip
[REPEAT] 8/10
[COMMAND] python train_hybrid.py --data_name screw_bag --mask True --text True --double_encoder True --few_shot True --shot 1 --hybrid_model winclip --hybrid_weight 0.3 --hybrid_batch_size 16 --epoch 100 --log True --lr 5e-4 --detection True --preprocess True

/home/seungeon/miniconda3/envs/LAB/lib/python3.10/site-packages/timm/models/layers/__init__.py:48: FutureWarning: Importing from timm.models.layers is deprecated, please import via timm.layers
  warnings.warn(f"Importing from {__name__} is deprecated, please import via timm.layers", FutureWarning)
/home/seungeon/Workspace/side/vlm/train_hybrid.py:18: DeprecationWarning: The distutils package is deprecated and slated for removal in Python 3.12. Use setuptools or check PEP 632 for potential alternatives
  from distutils.util import strtobool
Torch version: 2.9.1+cu128
cuda is loaded for process
here?
In my local computer
Namespace(epoch=100, gpu_number='0', data_name='screw_bag', lr=0.0005, batch_size=6, shuffle=True, seed=0, tag='default', model_name='ViT-B-32', pretrained_name='laion2b_s34b_b79k', lora=1, default=False, foundation='CLIP', detection=1, preprocess=1, num_rule=0, object_names=['long_bolt', 'short_bolt', 'hexagonal nut', 'round washer', 'plastic bag', 'background'], objects_for_rules=[['long_bolt', 'short_bolt'], ['short_bolt'], ['long_bolt'], ['hexagonal nut'], ['round washer']], texts_for_rules=[['two bolts'], ['short bolt'], ['long bolt'], ['hexagonal nut'], ['round washer']], mask=1, text=1, score='mean', ciriculam_learning=False, few_shot=1, shot=1, log=1, neg_loss=0, double_encoder=1, pretrained_count_path=None, ris=0, rule_select='', rule_list=[], num_negative=5, hybrid_model='winclip', hybrid_weight=0.3, hybrid_class_name='', hybrid_batch_size=16, hybrid_backbone='ViT-B-16-plus-240', hybrid_pretrained_dataset='laion400m_e32', hybrid_scales=[2, 3], hybrid_img_resize=240, hybrid_img_cropsize=240, hybrid_resolution=400, hybrid_promptad_epoch=100, hybrid_promptad_lr=0.002, hybrid_promptad_momentum=0.9, hybrid_promptad_weight_decay=0.0005, hybrid_promptad_eta_min=1e-05, hybrid_promptad_lambda1=0.001, hybrid_promptad_n_ctx=4, hybrid_promptad_n_pro=3, hybrid_promptad_n_ctx_ab=1, hybrid_promptad_n_pro_ab=4, early_stop_k=10, result_log_path='./results/train_hybrid_result.csv')
[Hybrid] method=winclip, class_name=screw_bag, train=1, eval=259, base_path=/data3/seungeon/data/image/mvtec_loco_anomaly_detection/screw_bag
grid 240 16 (15, 15)
[Hybrid-only] LA_AUC=0.55151, LA_AUPRC=0.52018, LA_F1=0.64368
[Data Description]
- Train: 1
- Test: 259

Train Start
[Test ROC-AUC]  -  SA: 0.00000,  LA: 0.53937
[Test AUPRC]  -  LA: 0.50723
[Test F1-max]  -  LA: 0.64211
Epoch: 0 | Loss: 11.440811157226562  | Negative Loss: 0.0
[Test ROC-AUC]  -  SA: 0.00000,  LA: 0.53943
[Test AUPRC]  -  LA: 0.50740
[Test F1-max]  -  LA: 0.64211
Epoch: 1 | Loss: 11.27077579498291  | Negative Loss: 0.0
[Test ROC-AUC]  -  SA: 0.00000,  LA: 0.54104
[Test AUPRC]  -  LA: 0.51221
[Test F1-max]  -  LA: 0.64211
Epoch: 2 | Loss: 9.178455352783203  | Negative Loss: 0.0
[Test ROC-AUC]  -  SA: 0.00000,  LA: 0.54625
[Test AUPRC]  -  LA: 0.52404
[Test F1-max]  -  LA: 0.64211
Epoch: 3 | Loss: 6.158091068267822  | Negative Loss: 0.0
[Test ROC-AUC]  -  SA: 0.00000,  LA: 0.55181
[Test AUPRC]  -  LA: 0.53617
[Test F1-max]  -  LA: 0.64171
Epoch: 4 | Loss: 3.2371976375579834  | Negative Loss: 0.0
[Test ROC-AUC]  -  SA: 0.00000,  LA: 0.55534
[Test AUPRC]  -  LA: 0.55822
[Test F1-max]  -  LA: 0.64380
Epoch: 5 | Loss: 1.2747604846954346  | Negative Loss: 0.0
[Test ROC-AUC]  -  SA: 0.00000,  LA: 0.55492
[Test AUPRC]  -  LA: 0.56280
[Test F1-max]  -  LA: 0.64550
Epoch: 6 | Loss: 0.44102925062179565  | Negative Loss: 0.0
[Test ROC-AUC]  -  SA: 0.00000,  LA: 0.55929
[Test AUPRC]  -  LA: 0.56653
[Test F1-max]  -  LA: 0.64380
Epoch: 7 | Loss: 0.16216696798801422  | Negative Loss: 0.0
[Test ROC-AUC]  -  SA: 0.00000,  LA: 0.56228
[Test AUPRC]  -  LA: 0.56870
[Test F1-max]  -  LA: 0.64380
Epoch: 8 | Loss: 0.06620445847511292  | Negative Loss: 0.0
[Test ROC-AUC]  -  SA: 0.00000,  LA: 0.56737
[Test AUPRC]  -  LA: 0.57367
[Test F1-max]  -  LA: 0.64380
Epoch: 9 | Loss: 0.02949737198650837  | Negative Loss: 0.0
[Test ROC-AUC]  -  SA: 0.00000,  LA: 0.57323
[Test AUPRC]  -  LA: 0.58061
[Test F1-max]  -  LA: 0.64380
Epoch: 10 | Loss: 0.014052181504666805  | Negative Loss: 0.0
[Test ROC-AUC]  -  SA: 0.00000,  LA: 0.57724
[Test AUPRC]  -  LA: 0.58650
[Test F1-max]  -  LA: 0.64380
Epoch: 11 | Loss: 0.007117766886949539  | Negative Loss: 0.0
[Test ROC-AUC]  -  SA: 0.00000,  LA: 0.57868
[Test AUPRC]  -  LA: 0.58545
[Test F1-max]  -  LA: 0.64211
Epoch: 12 | Loss: 0.003804178908467293  | Negative Loss: 0.0
[Test ROC-AUC]  -  SA: 0.00000,  LA: 0.58155
[Test AUPRC]  -  LA: 0.58842
[Test F1-max]  -  LA: 0.64042
Epoch: 13 | Loss: 0.002144018653780222  | Negative Loss: 0.0
[Test ROC-AUC]  -  SA: 0.00000,  LA: 0.58301
[Test AUPRC]  -  LA: 0.59123
[Test F1-max]  -  LA: 0.64042
Epoch: 14 | Loss: 0.0012487820349633694  | Negative Loss: 0.0
[Test ROC-AUC]  -  SA: 0.00000,  LA: 0.58316
[Test AUPRC]  -  LA: 0.58879
[Test F1-max]  -  LA: 0.64042
Epoch: 15 | Loss: 0.0007523339008912444  | Negative Loss: 0.0
[Test ROC-AUC]  -  SA: 0.00000,  LA: 0.58289
[Test AUPRC]  -  LA: 0.58633
[Test F1-max]  -  LA: 0.64042
Epoch: 16 | Loss: 0.0004680870333686471  | Negative Loss: 0.0
[Test ROC-AUC]  -  SA: 0.00000,  LA: 0.58047
[Test AUPRC]  -  LA: 0.58137
[Test F1-max]  -  LA: 0.64042
Epoch: 17 | Loss: 0.000300386396702379  | Negative Loss: 0.0
[Test ROC-AUC]  -  SA: 0.00000,  LA: 0.57844
[Test AUPRC]  -  LA: 0.57340
[Test F1-max]  -  LA: 0.64042
Epoch: 18 | Loss: 0.00019823535694740713  | Negative Loss: 0.0
[Test ROC-AUC]  -  SA: 0.00000,  LA: 0.57748
[Test AUPRC]  -  LA: 0.57196
[Test F1-max]  -  LA: 0.64042
Epoch: 19 | Loss: 0.00013422497431747615  | Negative Loss: 0.0
[Test ROC-AUC]  -  SA: 0.00000,  LA: 0.57622
[Test AUPRC]  -  LA: 0.56978
[Test F1-max]  -  LA: 0.64042
Epoch: 20 | Loss: 9.310009772889316e-05  | Negative Loss: 0.0
[Test ROC-AUC]  -  SA: 0.00000,  LA: 0.57485
[Test AUPRC]  -  LA: 0.56963
[Test F1-max]  -  LA: 0.64042
Epoch: 21 | Loss: 6.592151476070285e-05  | Negative Loss: 0.0
[Test ROC-AUC]  -  SA: 0.00000,  LA: 0.57335
[Test AUPRC]  -  LA: 0.56103
[Test F1-max]  -  LA: 0.64042
Epoch: 22 | Loss: 4.7802255721762776e-05  | Negative Loss: 0.0
[Test ROC-AUC]  -  SA: 0.00000,  LA: 0.57078
[Test AUPRC]  -  LA: 0.55700
[Test F1-max]  -  LA: 0.64042
Epoch: 23 | Loss: 3.528557499521412e-05  | Negative Loss: 0.0
[Test ROC-AUC]  -  SA: 0.00000,  LA: 0.56940
[Test AUPRC]  -  LA: 0.55543
[Test F1-max]  -  LA: 0.64042
Epoch: 24 | Loss: 2.6464245820534416e-05  | Negative Loss: 0.0
[Test ROC-AUC]  -  SA: 0.00000,  LA: 0.56892
[Test AUPRC]  -  LA: 0.55603
[Test F1-max]  -  LA: 0.64042
[Early Stopping] LA AUROC dropped for 10 consecutive epochs. Stop at epoch 26/100.
Time consumption: 45.0958993434906
Best LA AUC: 0.5831638147660644
Best LA AUPC: 0.5912269032754371
Best LA F1-max: 0.6455026455026455
[Result] Experiment result appended to ./results/train_hybrid_result.csv

[END] 2026-03-18 17:22:34
[RETURN CODE] 0
