[START] 2026-03-18 18:31:04
[GPU] 2
[TASK] 89/120
[NAME] orange_juice_winclip
[REPEAT] 9/10
[COMMAND] python train_hybrid.py --data_name orange_juice --mask True --text True --double_encoder True --few_shot True --shot 1 --hybrid_model winclip --hybrid_weight 0.3 --hybrid_batch_size 16 --epoch 100 --log True --lr 5e-4 --detection True --preprocess True

/home/seungeon/miniconda3/envs/LAB/lib/python3.10/site-packages/timm/models/layers/__init__.py:48: FutureWarning: Importing from timm.models.layers is deprecated, please import via timm.layers
  warnings.warn(f"Importing from {__name__} is deprecated, please import via timm.layers", FutureWarning)
/home/seungeon/Workspace/side/vlm/train_hybrid.py:18: DeprecationWarning: The distutils package is deprecated and slated for removal in Python 3.12. Use setuptools or check PEP 632 for potential alternatives
  from distutils.util import strtobool
Torch version: 2.9.1+cu128
cuda is loaded for process
here?
In my local computer
Namespace(epoch=100, gpu_number='0', data_name='orange_juice', lr=0.0005, batch_size=6, shuffle=True, seed=0, tag='default', model_name='ViT-B-32', pretrained_name='laion2b_s34b_b79k', lora=1, default=False, foundation='CLIP', detection=1, preprocess=1, num_rule=0, object_names=['a orange picture label', 'a 100% text label', 'a bottle cap', 'a black background'], objects_for_rules=[['a orange picture label'], ['a orange picture label', 'a 100% text label'], ['a orange picture label'], ['a 100% text label'], ['a orange picture label', 'a 100% text label']], texts_for_rules=[['a photo of orange picture label'], ['a photo of orange picture label and 100% text label'], ['a photo of orange picture label'], ['a photo of 100% text label'], ['a photo of orange picture label and 100% text label']], mask=1, text=1, score='mean', ciriculam_learning=False, few_shot=1, shot=1, log=1, neg_loss=0, double_encoder=1, pretrained_count_path=None, ris=0, rule_select='', rule_list=[], num_negative=5, hybrid_model='winclip', hybrid_weight=0.3, hybrid_class_name='', hybrid_batch_size=16, hybrid_backbone='ViT-B-16-plus-240', hybrid_pretrained_dataset='laion400m_e32', hybrid_scales=[2, 3], hybrid_img_resize=240, hybrid_img_cropsize=240, hybrid_resolution=400, hybrid_promptad_epoch=100, hybrid_promptad_lr=0.002, hybrid_promptad_momentum=0.9, hybrid_promptad_weight_decay=0.0005, hybrid_promptad_eta_min=1e-05, hybrid_promptad_lambda1=0.001, hybrid_promptad_n_ctx=4, hybrid_promptad_n_pro=3, hybrid_promptad_n_ctx_ab=1, hybrid_promptad_n_pro_ab=4, early_stop_k=10, result_log_path='./results/train_hybrid_result.csv')
[Hybrid] method=winclip, class_name=juice_bottle, train=1, eval=78, base_path=/data3/seungeon/data/image/mvtec_loco_anomaly_detection/orange_juice
grid 240 16 (15, 15)
[Hybrid-only] LA_AUC=0.61576, LA_AUPRC=0.39374, LA_F1=0.65000
[Data Description]
- Train: 1
- Test: 78

Train Start
[Test ROC-AUC]  -  SA: 0.00000,  LA: 0.68754
[Test AUPRC]  -  LA: 0.56359
[Test F1-max]  -  LA: 0.63736
Epoch: 0 | Loss: 12.191065788269043  | Negative Loss: 0.0
[Test ROC-AUC]  -  SA: 0.00000,  LA: 0.69317
[Test AUPRC]  -  LA: 0.59029
[Test F1-max]  -  LA: 0.63736
Epoch: 1 | Loss: 12.061748504638672  | Negative Loss: 0.0
[Test ROC-AUC]  -  SA: 0.00000,  LA: 0.74736
[Test AUPRC]  -  LA: 0.67283
[Test F1-max]  -  LA: 0.64444
Epoch: 2 | Loss: 10.427788734436035  | Negative Loss: 0.0
[Test ROC-AUC]  -  SA: 0.00000,  LA: 0.82196
[Test AUPRC]  -  LA: 0.75554
[Test F1-max]  -  LA: 0.70370
Epoch: 3 | Loss: 7.927370071411133  | Negative Loss: 0.0
[Test ROC-AUC]  -  SA: 0.00000,  LA: 0.85503
[Test AUPRC]  -  LA: 0.80475
[Test F1-max]  -  LA: 0.70769
Epoch: 4 | Loss: 5.278505325317383  | Negative Loss: 0.0
[Test ROC-AUC]  -  SA: 0.00000,  LA: 0.87544
[Test AUPRC]  -  LA: 0.82646
[Test F1-max]  -  LA: 0.73239
Epoch: 5 | Loss: 3.0595788955688477  | Negative Loss: 0.0
[Test ROC-AUC]  -  SA: 0.00000,  LA: 0.88037
[Test AUPRC]  -  LA: 0.83141
[Test F1-max]  -  LA: 0.74286
Epoch: 6 | Loss: 1.6571946144104004  | Negative Loss: 0.0
[Test ROC-AUC]  -  SA: 0.00000,  LA: 0.87896
[Test AUPRC]  -  LA: 0.81640
[Test F1-max]  -  LA: 0.75000
Epoch: 7 | Loss: 0.9068981409072876  | Negative Loss: 0.0
[Test ROC-AUC]  -  SA: 0.00000,  LA: 0.88107
[Test AUPRC]  -  LA: 0.81861
[Test F1-max]  -  LA: 0.76712
Epoch: 8 | Loss: 0.5163537859916687  | Negative Loss: 0.0
[Test ROC-AUC]  -  SA: 0.00000,  LA: 0.88177
[Test AUPRC]  -  LA: 0.81652
[Test F1-max]  -  LA: 0.76712
Epoch: 9 | Loss: 0.31050553917884827  | Negative Loss: 0.0
[Test ROC-AUC]  -  SA: 0.00000,  LA: 0.87755
[Test AUPRC]  -  LA: 0.80558
[Test F1-max]  -  LA: 0.76712
Epoch: 10 | Loss: 0.19163775444030762  | Negative Loss: 0.0
[Test ROC-AUC]  -  SA: 0.00000,  LA: 0.87755
[Test AUPRC]  -  LA: 0.79922
[Test F1-max]  -  LA: 0.76471
Epoch: 11 | Loss: 0.11941066384315491  | Negative Loss: 0.0
[Test ROC-AUC]  -  SA: 0.00000,  LA: 0.88037
[Test AUPRC]  -  LA: 0.78895
[Test F1-max]  -  LA: 0.77612
Epoch: 12 | Loss: 0.07559950649738312  | Negative Loss: 0.0
[Test ROC-AUC]  -  SA: 0.00000,  LA: 0.87825
[Test AUPRC]  -  LA: 0.78188
[Test F1-max]  -  LA: 0.78788
Epoch: 13 | Loss: 0.048325709998607635  | Negative Loss: 0.0
[Test ROC-AUC]  -  SA: 0.00000,  LA: 0.87896
[Test AUPRC]  -  LA: 0.78318
[Test F1-max]  -  LA: 0.80000
Epoch: 14 | Loss: 0.031246129423379898  | Negative Loss: 0.0
[Test ROC-AUC]  -  SA: 0.00000,  LA: 0.87192
[Test AUPRC]  -  LA: 0.76541
[Test F1-max]  -  LA: 0.78125
Epoch: 15 | Loss: 0.02041250467300415  | Negative Loss: 0.0
[Test ROC-AUC]  -  SA: 0.00000,  LA: 0.86629
[Test AUPRC]  -  LA: 0.73973
[Test F1-max]  -  LA: 0.77143
Epoch: 16 | Loss: 0.013539187610149384  | Negative Loss: 0.0
[Test ROC-AUC]  -  SA: 0.00000,  LA: 0.85855
[Test AUPRC]  -  LA: 0.72172
[Test F1-max]  -  LA: 0.76056
Epoch: 17 | Loss: 0.00910164974629879  | Negative Loss: 0.0
[Test ROC-AUC]  -  SA: 0.00000,  LA: 0.85292
[Test AUPRC]  -  LA: 0.71311
[Test F1-max]  -  LA: 0.76056
Epoch: 18 | Loss: 0.006232408806681633  | Negative Loss: 0.0
[Test ROC-AUC]  -  SA: 0.00000,  LA: 0.84588
[Test AUPRC]  -  LA: 0.69464
[Test F1-max]  -  LA: 0.76712
Epoch: 19 | Loss: 0.004329039249569178  | Negative Loss: 0.0
[Test ROC-AUC]  -  SA: 0.00000,  LA: 0.84377
[Test AUPRC]  -  LA: 0.68793
[Test F1-max]  -  LA: 0.77778
Epoch: 20 | Loss: 0.0030568991787731647  | Negative Loss: 0.0
[Test ROC-AUC]  -  SA: 0.00000,  LA: 0.83603
[Test AUPRC]  -  LA: 0.65575
[Test F1-max]  -  LA: 0.77778
Epoch: 21 | Loss: 0.0021882010623812675  | Negative Loss: 0.0
[Test ROC-AUC]  -  SA: 0.00000,  LA: 0.83462
[Test AUPRC]  -  LA: 0.62988
[Test F1-max]  -  LA: 0.77778
Epoch: 22 | Loss: 0.0015889734495431185  | Negative Loss: 0.0
[Test ROC-AUC]  -  SA: 0.00000,  LA: 0.82899
[Test AUPRC]  -  LA: 0.62110
[Test F1-max]  -  LA: 0.77778
Epoch: 23 | Loss: 0.001170689007267356  | Negative Loss: 0.0
[Test ROC-AUC]  -  SA: 0.00000,  LA: 0.82477
[Test AUPRC]  -  LA: 0.61244
[Test F1-max]  -  LA: 0.76712
[Early Stopping] LA AUROC dropped for 10 consecutive epochs. Stop at epoch 25/100.
Time consumption: 21.827940225601196
Best LA AUC: 0.8817733990147784
Best LA AUPC: 0.8314148785255264
Best LA F1-max: 0.7999999999999999
[Result] Experiment result appended to ./results/train_hybrid_result.csv

[END] 2026-03-18 18:33:19
[RETURN CODE] 0
