[START] 2026-03-18 18:39:01
[GPU] 2
[TASK] 98/120
[NAME] orange_juice_promptad
[REPEAT] 8/10
[COMMAND] python train_hybrid.py --data_name orange_juice --mask True --text True --double_encoder True --few_shot True --shot 1 --hybrid_model promptad --hybrid_weight 0.3 --hybrid_batch_size 16 --epoch 100 --log True --lr 5e-4 --detection True --preprocess True

/home/seungeon/miniconda3/envs/LAB/lib/python3.10/site-packages/timm/models/layers/__init__.py:48: FutureWarning: Importing from timm.models.layers is deprecated, please import via timm.layers
  warnings.warn(f"Importing from {__name__} is deprecated, please import via timm.layers", FutureWarning)
/home/seungeon/Workspace/side/vlm/train_hybrid.py:18: DeprecationWarning: The distutils package is deprecated and slated for removal in Python 3.12. Use setuptools or check PEP 632 for potential alternatives
  from distutils.util import strtobool
Torch version: 2.9.1+cu128
cuda is loaded for process
here?
In my local computer
Namespace(epoch=100, gpu_number='0', data_name='orange_juice', lr=0.0005, batch_size=6, shuffle=True, seed=0, tag='default', model_name='ViT-B-32', pretrained_name='laion2b_s34b_b79k', lora=1, default=False, foundation='CLIP', detection=1, preprocess=1, num_rule=0, object_names=['a orange picture label', 'a 100% text label', 'a bottle cap', 'a black background'], objects_for_rules=[['a orange picture label'], ['a orange picture label', 'a 100% text label'], ['a orange picture label'], ['a 100% text label'], ['a orange picture label', 'a 100% text label']], texts_for_rules=[['a photo of orange picture label'], ['a photo of orange picture label and 100% text label'], ['a photo of orange picture label'], ['a photo of 100% text label'], ['a photo of orange picture label and 100% text label']], mask=1, text=1, score='mean', ciriculam_learning=False, few_shot=1, shot=1, log=1, neg_loss=0, double_encoder=1, pretrained_count_path=None, ris=0, rule_select='', rule_list=[], num_negative=5, hybrid_model='promptad', hybrid_weight=0.3, hybrid_class_name='', hybrid_batch_size=16, hybrid_backbone='ViT-B-16-plus-240', hybrid_pretrained_dataset='laion400m_e32', hybrid_scales=[2, 3], hybrid_img_resize=240, hybrid_img_cropsize=240, hybrid_resolution=400, hybrid_promptad_epoch=100, hybrid_promptad_lr=0.002, hybrid_promptad_momentum=0.9, hybrid_promptad_weight_decay=0.0005, hybrid_promptad_eta_min=1e-05, hybrid_promptad_lambda1=0.001, hybrid_promptad_n_ctx=4, hybrid_promptad_n_pro=3, hybrid_promptad_n_ctx_ab=1, hybrid_promptad_n_pro_ab=4, early_stop_k=10, result_log_path='./results/train_hybrid_result.csv')
[Hybrid] method=promptad, class_name=juice_bottle, train=1, eval=78, base_path=/data3/seungeon/data/image/mvtec_loco_anomaly_detection/orange_juice
[Hybrid-only] LA_AUC=0.89831, LA_AUPRC=0.85933, LA_F1=0.78125
[Data Description]
- Train: 1
- Test: 78

Train Start
[Test ROC-AUC]  -  SA: 0.00000,  LA: 0.55243
[Test AUPRC]  -  LA: 0.40256
[Test F1-max]  -  LA: 0.56842
Epoch: 0 | Loss: 4.495353698730469  | Negative Loss: 0.0
[Test ROC-AUC]  -  SA: 0.00000,  LA: 0.55454
[Test AUPRC]  -  LA: 0.40349
[Test F1-max]  -  LA: 0.57471
Epoch: 1 | Loss: 4.436332702636719  | Negative Loss: 0.0
[Test ROC-AUC]  -  SA: 0.00000,  LA: 0.62350
[Test AUPRC]  -  LA: 0.46103
[Test F1-max]  -  LA: 0.59341
Epoch: 2 | Loss: 3.6462621688842773  | Negative Loss: 0.0
[Test ROC-AUC]  -  SA: 0.00000,  LA: 0.71358
[Test AUPRC]  -  LA: 0.62396
[Test F1-max]  -  LA: 0.63529
Epoch: 3 | Loss: 2.564148187637329  | Negative Loss: 0.0
[Test ROC-AUC]  -  SA: 0.00000,  LA: 0.77481
[Test AUPRC]  -  LA: 0.68959
[Test F1-max]  -  LA: 0.65854
Epoch: 4 | Loss: 1.541764736175537  | Negative Loss: 0.0
[Test ROC-AUC]  -  SA: 0.00000,  LA: 0.81140
[Test AUPRC]  -  LA: 0.74226
[Test F1-max]  -  LA: 0.67857
Epoch: 5 | Loss: 0.8682385683059692  | Negative Loss: 0.0
[Test ROC-AUC]  -  SA: 0.00000,  LA: 0.83462
[Test AUPRC]  -  LA: 0.77263
[Test F1-max]  -  LA: 0.70588
Epoch: 6 | Loss: 0.4729498624801636  | Negative Loss: 0.0
[Test ROC-AUC]  -  SA: 0.00000,  LA: 0.83814
[Test AUPRC]  -  LA: 0.77382
[Test F1-max]  -  LA: 0.71642
Epoch: 7 | Loss: 0.2564844489097595  | Negative Loss: 0.0
[Test ROC-AUC]  -  SA: 0.00000,  LA: 0.85151
[Test AUPRC]  -  LA: 0.79511
[Test F1-max]  -  LA: 0.72727
Epoch: 8 | Loss: 0.138153538107872  | Negative Loss: 0.0
[Test ROC-AUC]  -  SA: 0.00000,  LA: 0.85855
[Test AUPRC]  -  LA: 0.80640
[Test F1-max]  -  LA: 0.72727
Epoch: 9 | Loss: 0.07584390789270401  | Negative Loss: 0.0
[Test ROC-AUC]  -  SA: 0.00000,  LA: 0.86277
[Test AUPRC]  -  LA: 0.81647
[Test F1-max]  -  LA: 0.73846
Epoch: 10 | Loss: 0.04243309050798416  | Negative Loss: 0.0
[Test ROC-AUC]  -  SA: 0.00000,  LA: 0.86559
[Test AUPRC]  -  LA: 0.81981
[Test F1-max]  -  LA: 0.74627
Epoch: 11 | Loss: 0.024401303380727768  | Negative Loss: 0.0
[Test ROC-AUC]  -  SA: 0.00000,  LA: 0.86700
[Test AUPRC]  -  LA: 0.81864
[Test F1-max]  -  LA: 0.75758
Epoch: 12 | Loss: 0.014420303516089916  | Negative Loss: 0.0
[Test ROC-AUC]  -  SA: 0.00000,  LA: 0.86911
[Test AUPRC]  -  LA: 0.81977
[Test F1-max]  -  LA: 0.75758
Epoch: 13 | Loss: 0.00875859521329403  | Negative Loss: 0.0
[Test ROC-AUC]  -  SA: 0.00000,  LA: 0.87122
[Test AUPRC]  -  LA: 0.81931
[Test F1-max]  -  LA: 0.76923
Epoch: 14 | Loss: 0.005460381507873535  | Negative Loss: 0.0
[Test ROC-AUC]  -  SA: 0.00000,  LA: 0.87122
[Test AUPRC]  -  LA: 0.81829
[Test F1-max]  -  LA: 0.76923
Epoch: 15 | Loss: 0.0035070052836090326  | Negative Loss: 0.0
[Test ROC-AUC]  -  SA: 0.00000,  LA: 0.87614
[Test AUPRC]  -  LA: 0.82174
[Test F1-max]  -  LA: 0.76923
Epoch: 16 | Loss: 0.0023016962222754955  | Negative Loss: 0.0
[Test ROC-AUC]  -  SA: 0.00000,  LA: 0.87685
[Test AUPRC]  -  LA: 0.82184
[Test F1-max]  -  LA: 0.76923
Epoch: 17 | Loss: 0.001539532095193863  | Negative Loss: 0.0
[Test ROC-AUC]  -  SA: 0.00000,  LA: 0.87685
[Test AUPRC]  -  LA: 0.82258
[Test F1-max]  -  LA: 0.76923
Epoch: 18 | Loss: 0.0010494503658264875  | Negative Loss: 0.0
[Test ROC-AUC]  -  SA: 0.00000,  LA: 0.87755
[Test AUPRC]  -  LA: 0.82429
[Test F1-max]  -  LA: 0.76923
Epoch: 19 | Loss: 0.0007298298296518624  | Negative Loss: 0.0
[Test ROC-AUC]  -  SA: 0.00000,  LA: 0.87825
[Test AUPRC]  -  LA: 0.82462
[Test F1-max]  -  LA: 0.76923
Epoch: 20 | Loss: 0.000517086242325604  | Negative Loss: 0.0
[Test ROC-AUC]  -  SA: 0.00000,  LA: 0.87966
[Test AUPRC]  -  LA: 0.82661
[Test F1-max]  -  LA: 0.78125
Epoch: 21 | Loss: 0.00037310272455215454  | Negative Loss: 0.0
[Test ROC-AUC]  -  SA: 0.00000,  LA: 0.87966
[Test AUPRC]  -  LA: 0.82455
[Test F1-max]  -  LA: 0.78125
Epoch: 22 | Loss: 0.0002735734742600471  | Negative Loss: 0.0
[Test ROC-AUC]  -  SA: 0.00000,  LA: 0.88037
[Test AUPRC]  -  LA: 0.82533
[Test F1-max]  -  LA: 0.78125
Epoch: 23 | Loss: 0.00020360297639854252  | Negative Loss: 0.0
[Test ROC-AUC]  -  SA: 0.00000,  LA: 0.88037
[Test AUPRC]  -  LA: 0.82565
[Test F1-max]  -  LA: 0.78125
Epoch: 24 | Loss: 0.00015413391520269215  | Negative Loss: 0.0
[Test ROC-AUC]  -  SA: 0.00000,  LA: 0.88107
[Test AUPRC]  -  LA: 0.82516
[Test F1-max]  -  LA: 0.78125
Epoch: 25 | Loss: 0.00011873026960529387  | Negative Loss: 0.0
[Test ROC-AUC]  -  SA: 0.00000,  LA: 0.88037
[Test AUPRC]  -  LA: 0.82152
[Test F1-max]  -  LA: 0.78125
Epoch: 26 | Loss: 9.250509174307808e-05  | Negative Loss: 0.0
[Test ROC-AUC]  -  SA: 0.00000,  LA: 0.87966
[Test AUPRC]  -  LA: 0.81745
[Test F1-max]  -  LA: 0.78125
Epoch: 27 | Loss: 7.31936888769269e-05  | Negative Loss: 0.0
[Test ROC-AUC]  -  SA: 0.00000,  LA: 0.88107
[Test AUPRC]  -  LA: 0.81886
[Test F1-max]  -  LA: 0.78788
Epoch: 28 | Loss: 5.900806718273088e-05  | Negative Loss: 0.0
[Test ROC-AUC]  -  SA: 0.00000,  LA: 0.88318
[Test AUPRC]  -  LA: 0.82197
[Test F1-max]  -  LA: 0.78788
Epoch: 29 | Loss: 4.804099444299936e-05  | Negative Loss: 0.0
[Test ROC-AUC]  -  SA: 0.00000,  LA: 0.88459
[Test AUPRC]  -  LA: 0.82327
[Test F1-max]  -  LA: 0.78788
Epoch: 30 | Loss: 3.981566260335967e-05  | Negative Loss: 0.0
[Test ROC-AUC]  -  SA: 0.00000,  LA: 0.88388
[Test AUPRC]  -  LA: 0.82179
[Test F1-max]  -  LA: 0.78788
Epoch: 31 | Loss: 3.325922443764284e-05  | Negative Loss: 0.0
[Test ROC-AUC]  -  SA: 0.00000,  LA: 0.88600
[Test AUPRC]  -  LA: 0.82453
[Test F1-max]  -  LA: 0.78788
Epoch: 32 | Loss: 2.801406299113296e-05  | Negative Loss: 0.0
[Test ROC-AUC]  -  SA: 0.00000,  LA: 0.88740
[Test AUPRC]  -  LA: 0.82566
[Test F1-max]  -  LA: 0.80000
Epoch: 33 | Loss: 2.396097988821566e-05  | Negative Loss: 0.0
[Test ROC-AUC]  -  SA: 0.00000,  LA: 0.88811
[Test AUPRC]  -  LA: 0.82663
[Test F1-max]  -  LA: 0.80000
Epoch: 34 | Loss: 2.086156018776819e-05  | Negative Loss: 0.0
[Test ROC-AUC]  -  SA: 0.00000,  LA: 0.89022
[Test AUPRC]  -  LA: 0.82835
[Test F1-max]  -  LA: 0.80000
Epoch: 35 | Loss: 1.8238970369566232e-05  | Negative Loss: 0.0
[Test ROC-AUC]  -  SA: 0.00000,  LA: 0.89163
[Test AUPRC]  -  LA: 0.83048
[Test F1-max]  -  LA: 0.80000
Epoch: 36 | Loss: 1.597400478203781e-05  | Negative Loss: 0.0
[Test ROC-AUC]  -  SA: 0.00000,  LA: 0.89303
[Test AUPRC]  -  LA: 0.83174
[Test F1-max]  -  LA: 0.80000
Epoch: 37 | Loss: 1.418587544321781e-05  | Negative Loss: 0.0
[Test ROC-AUC]  -  SA: 0.00000,  LA: 0.89303
[Test AUPRC]  -  LA: 0.83182
[Test F1-max]  -  LA: 0.80000
Epoch: 38 | Loss: 1.2874577805632725e-05  | Negative Loss: 0.0
[Test ROC-AUC]  -  SA: 0.00000,  LA: 0.89514
[Test AUPRC]  -  LA: 0.83445
[Test F1-max]  -  LA: 0.80000
Epoch: 39 | Loss: 1.1801698747149203e-05  | Negative Loss: 0.0
[Test ROC-AUC]  -  SA: 0.00000,  LA: 0.89514
[Test AUPRC]  -  LA: 0.83445
[Test F1-max]  -  LA: 0.80000
Epoch: 40 | Loss: 1.06096103991149e-05  | Negative Loss: 0.0
[Test ROC-AUC]  -  SA: 0.00000,  LA: 0.89514
[Test AUPRC]  -  LA: 0.83445
[Test F1-max]  -  LA: 0.80000
Epoch: 41 | Loss: 9.655938811192755e-06  | Negative Loss: 0.0
[Test ROC-AUC]  -  SA: 0.00000,  LA: 0.89585
[Test AUPRC]  -  LA: 0.83575
[Test F1-max]  -  LA: 0.80000
Epoch: 42 | Loss: 8.94068489287747e-06  | Negative Loss: 0.0
[Test ROC-AUC]  -  SA: 0.00000,  LA: 0.89655
[Test AUPRC]  -  LA: 0.83699
[Test F1-max]  -  LA: 0.80000
Epoch: 43 | Loss: 8.344639354618266e-06  | Negative Loss: 0.0
[Test ROC-AUC]  -  SA: 0.00000,  LA: 0.89690
[Test AUPRC]  -  LA: 0.83743
[Test F1-max]  -  LA: 0.80000
Epoch: 44 | Loss: 7.867804015404545e-06  | Negative Loss: 0.0
[Test ROC-AUC]  -  SA: 0.00000,  LA: 0.89726
[Test AUPRC]  -  LA: 0.83786
[Test F1-max]  -  LA: 0.80000
Epoch: 45 | Loss: 7.510176146752201e-06  | Negative Loss: 0.0
[Test ROC-AUC]  -  SA: 0.00000,  LA: 0.89726
[Test AUPRC]  -  LA: 0.83786
[Test F1-max]  -  LA: 0.80000
Epoch: 46 | Loss: 6.675712938886136e-06  | Negative Loss: 0.0
[Test ROC-AUC]  -  SA: 0.00000,  LA: 0.89726
[Test AUPRC]  -  LA: 0.83786
[Test F1-max]  -  LA: 0.80000
Epoch: 47 | Loss: 6.318086434475845e-06  | Negative Loss: 0.0
[Test ROC-AUC]  -  SA: 0.00000,  LA: 0.89726
[Test AUPRC]  -  LA: 0.83786
[Test F1-max]  -  LA: 0.80000
Epoch: 48 | Loss: 6.1988771449250635e-06  | Negative Loss: 0.0
[Test ROC-AUC]  -  SA: 0.00000,  LA: 0.89796
[Test AUPRC]  -  LA: 0.83878
[Test F1-max]  -  LA: 0.80000
Epoch: 49 | Loss: 5.960459020570852e-06  | Negative Loss: 0.0
[Test ROC-AUC]  -  SA: 0.00000,  LA: 0.89796
[Test AUPRC]  -  LA: 0.83878
[Test F1-max]  -  LA: 0.80000
Epoch: 50 | Loss: 5.60283206141321e-06  | Negative Loss: 0.0
[Test ROC-AUC]  -  SA: 0.00000,  LA: 0.89796
[Test AUPRC]  -  LA: 0.83878
[Test F1-max]  -  LA: 0.80000
Epoch: 51 | Loss: 5.245204647508217e-06  | Negative Loss: 0.0
[Test ROC-AUC]  -  SA: 0.00000,  LA: 0.89796
[Test AUPRC]  -  LA: 0.83878
[Test F1-max]  -  LA: 0.80000
Epoch: 52 | Loss: 5.125995357957436e-06  | Negative Loss: 0.0
[Test ROC-AUC]  -  SA: 0.00000,  LA: 0.89796
[Test AUPRC]  -  LA: 0.83878
[Test F1-max]  -  LA: 0.80000
Epoch: 53 | Loss: 4.887577233603224e-06  | Negative Loss: 0.0
[Test ROC-AUC]  -  SA: 0.00000,  LA: 0.89796
[Test AUPRC]  -  LA: 0.83878
[Test F1-max]  -  LA: 0.80000
Epoch: 54 | Loss: 4.768367944052443e-06  | Negative Loss: 0.0
[Test ROC-AUC]  -  SA: 0.00000,  LA: 0.89796
[Test AUPRC]  -  LA: 0.83878
[Test F1-max]  -  LA: 0.80000
Epoch: 55 | Loss: 4.6491591092490125e-06  | Negative Loss: 0.0
[Test ROC-AUC]  -  SA: 0.00000,  LA: 0.89796
[Test AUPRC]  -  LA: 0.83878
[Test F1-max]  -  LA: 0.80000
Epoch: 56 | Loss: 4.529949819698231e-06  | Negative Loss: 0.0
[Test ROC-AUC]  -  SA: 0.00000,  LA: 0.89866
[Test AUPRC]  -  LA: 0.83980
[Test F1-max]  -  LA: 0.80000
Epoch: 57 | Loss: 4.410740984894801e-06  | Negative Loss: 0.0
[Test ROC-AUC]  -  SA: 0.00000,  LA: 0.89866
[Test AUPRC]  -  LA: 0.83980
[Test F1-max]  -  LA: 0.80000
Epoch: 58 | Loss: 4.29153169534402e-06  | Negative Loss: 0.0
[Test ROC-AUC]  -  SA: 0.00000,  LA: 0.89866
[Test AUPRC]  -  LA: 0.83980
[Test F1-max]  -  LA: 0.80000
Epoch: 59 | Loss: 4.053113116242457e-06  | Negative Loss: 0.0
[Test ROC-AUC]  -  SA: 0.00000,  LA: 0.89866
[Test AUPRC]  -  LA: 0.83980
[Test F1-max]  -  LA: 0.80000
Epoch: 60 | Loss: 3.933904281439027e-06  | Negative Loss: 0.0
[Test ROC-AUC]  -  SA: 0.00000,  LA: 0.89866
[Test AUPRC]  -  LA: 0.83980
[Test F1-max]  -  LA: 0.80000
Epoch: 61 | Loss: 3.933904281439027e-06  | Negative Loss: 0.0
[Test ROC-AUC]  -  SA: 0.00000,  LA: 0.89866
[Test AUPRC]  -  LA: 0.83980
[Test F1-max]  -  LA: 0.80000
Epoch: 62 | Loss: 3.933904281439027e-06  | Negative Loss: 0.0
[Test ROC-AUC]  -  SA: 0.00000,  LA: 0.89866
[Test AUPRC]  -  LA: 0.83980
[Test F1-max]  -  LA: 0.80000
Epoch: 63 | Loss: 3.6954859297111398e-06  | Negative Loss: 0.0
[Test ROC-AUC]  -  SA: 0.00000,  LA: 0.89866
[Test AUPRC]  -  LA: 0.83999
[Test F1-max]  -  LA: 0.80000
Epoch: 64 | Loss: 3.4570675779832527e-06  | Negative Loss: 0.0
[Test ROC-AUC]  -  SA: 0.00000,  LA: 0.89866
[Test AUPRC]  -  LA: 0.83999
[Test F1-max]  -  LA: 0.80000
Epoch: 65 | Loss: 3.4570675779832527e-06  | Negative Loss: 0.0
[Test ROC-AUC]  -  SA: 0.00000,  LA: 0.89866
[Test AUPRC]  -  LA: 0.83999
[Test F1-max]  -  LA: 0.80000
Epoch: 66 | Loss: 3.4570675779832527e-06  | Negative Loss: 0.0
[Test ROC-AUC]  -  SA: 0.00000,  LA: 0.89866
[Test AUPRC]  -  LA: 0.83999
[Test F1-max]  -  LA: 0.80000
Epoch: 67 | Loss: 3.4570675779832527e-06  | Negative Loss: 0.0
[Test ROC-AUC]  -  SA: 0.00000,  LA: 0.89866
[Test AUPRC]  -  LA: 0.83999
[Test F1-max]  -  LA: 0.80000
Epoch: 68 | Loss: 3.4570675779832527e-06  | Negative Loss: 0.0
[Test ROC-AUC]  -  SA: 0.00000,  LA: 0.89866
[Test AUPRC]  -  LA: 0.83999
[Test F1-max]  -  LA: 0.80000
Epoch: 69 | Loss: 3.218649453629041e-06  | Negative Loss: 0.0
[Test ROC-AUC]  -  SA: 0.00000,  LA: 0.89866
[Test AUPRC]  -  LA: 0.83999
[Test F1-max]  -  LA: 0.80000
Epoch: 70 | Loss: 3.218649453629041e-06  | Negative Loss: 0.0
[Test ROC-AUC]  -  SA: 0.00000,  LA: 0.89866
[Test AUPRC]  -  LA: 0.83999
[Test F1-max]  -  LA: 0.80000
Epoch: 71 | Loss: 3.218649453629041e-06  | Negative Loss: 0.0
[Test ROC-AUC]  -  SA: 0.00000,  LA: 0.89866
[Test AUPRC]  -  LA: 0.83999
[Test F1-max]  -  LA: 0.80000
Epoch: 72 | Loss: 3.218649453629041e-06  | Negative Loss: 0.0
[Test ROC-AUC]  -  SA: 0.00000,  LA: 0.89866
[Test AUPRC]  -  LA: 0.83999
[Test F1-max]  -  LA: 0.80000
Epoch: 73 | Loss: 3.218649453629041e-06  | Negative Loss: 0.0
[Test ROC-AUC]  -  SA: 0.00000,  LA: 0.89866
[Test AUPRC]  -  LA: 0.83999
[Test F1-max]  -  LA: 0.80000
Epoch: 74 | Loss: 3.09944016407826e-06  | Negative Loss: 0.0
[Test ROC-AUC]  -  SA: 0.00000,  LA: 0.89866
[Test AUPRC]  -  LA: 0.83999
[Test F1-max]  -  LA: 0.80000
Epoch: 75 | Loss: 3.09944016407826e-06  | Negative Loss: 0.0
[Test ROC-AUC]  -  SA: 0.00000,  LA: 0.89866
[Test AUPRC]  -  LA: 0.83999
[Test F1-max]  -  LA: 0.80000
Epoch: 76 | Loss: 2.9802308745274786e-06  | Negative Loss: 0.0
[Test ROC-AUC]  -  SA: 0.00000,  LA: 0.89866
[Test AUPRC]  -  LA: 0.83999
[Test F1-max]  -  LA: 0.80000
Epoch: 77 | Loss: 2.9802308745274786e-06  | Negative Loss: 0.0
[Test ROC-AUC]  -  SA: 0.00000,  LA: 0.89866
[Test AUPRC]  -  LA: 0.83999
[Test F1-max]  -  LA: 0.80000
Epoch: 78 | Loss: 2.8610215849766973e-06  | Negative Loss: 0.0
[Test ROC-AUC]  -  SA: 0.00000,  LA: 0.89796
[Test AUPRC]  -  LA: 0.83894
[Test F1-max]  -  LA: 0.80000
Epoch: 79 | Loss: 2.8610215849766973e-06  | Negative Loss: 0.0
[Test ROC-AUC]  -  SA: 0.00000,  LA: 0.89937
[Test AUPRC]  -  LA: 0.84231
[Test F1-max]  -  LA: 0.80000
Epoch: 80 | Loss: 2.8610215849766973e-06  | Negative Loss: 0.0
[Test ROC-AUC]  -  SA: 0.00000,  LA: 0.89937
[Test AUPRC]  -  LA: 0.84231
[Test F1-max]  -  LA: 0.80000
Epoch: 81 | Loss: 2.8610215849766973e-06  | Negative Loss: 0.0
[Test ROC-AUC]  -  SA: 0.00000,  LA: 0.89937
[Test AUPRC]  -  LA: 0.84231
[Test F1-max]  -  LA: 0.80000
Epoch: 82 | Loss: 2.8610215849766973e-06  | Negative Loss: 0.0
[Test ROC-AUC]  -  SA: 0.00000,  LA: 0.89937
[Test AUPRC]  -  LA: 0.84231
[Test F1-max]  -  LA: 0.80000
Epoch: 83 | Loss: 2.8610215849766973e-06  | Negative Loss: 0.0
[Test ROC-AUC]  -  SA: 0.00000,  LA: 0.89937
[Test AUPRC]  -  LA: 0.84231
[Test F1-max]  -  LA: 0.80000
Epoch: 84 | Loss: 2.8610215849766973e-06  | Negative Loss: 0.0
[Test ROC-AUC]  -  SA: 0.00000,  LA: 0.89937
[Test AUPRC]  -  LA: 0.84231
[Test F1-max]  -  LA: 0.80000
Epoch: 85 | Loss: 2.7418125227995915e-06  | Negative Loss: 0.0
[Test ROC-AUC]  -  SA: 0.00000,  LA: 0.89937
[Test AUPRC]  -  LA: 0.84231
[Test F1-max]  -  LA: 0.80000
Epoch: 86 | Loss: 2.7418125227995915e-06  | Negative Loss: 0.0
[Test ROC-AUC]  -  SA: 0.00000,  LA: 0.89937
[Test AUPRC]  -  LA: 0.84231
[Test F1-max]  -  LA: 0.80000
Epoch: 87 | Loss: 2.7418125227995915e-06  | Negative Loss: 0.0
[Test ROC-AUC]  -  SA: 0.00000,  LA: 0.89937
[Test AUPRC]  -  LA: 0.84231
[Test F1-max]  -  LA: 0.80000
Epoch: 88 | Loss: 2.7418125227995915e-06  | Negative Loss: 0.0
[Test ROC-AUC]  -  SA: 0.00000,  LA: 0.90007
[Test AUPRC]  -  LA: 0.84306
[Test F1-max]  -  LA: 0.80000
Epoch: 89 | Loss: 2.7418125227995915e-06  | Negative Loss: 0.0
[Test ROC-AUC]  -  SA: 0.00000,  LA: 0.90007
[Test AUPRC]  -  LA: 0.84306
[Test F1-max]  -  LA: 0.80000
Epoch: 90 | Loss: 2.7418125227995915e-06  | Negative Loss: 0.0
[Test ROC-AUC]  -  SA: 0.00000,  LA: 0.90007
[Test AUPRC]  -  LA: 0.84306
[Test F1-max]  -  LA: 0.80000
Epoch: 91 | Loss: 2.6226034606224857e-06  | Negative Loss: 0.0
[Test ROC-AUC]  -  SA: 0.00000,  LA: 0.90007
[Test AUPRC]  -  LA: 0.84306
[Test F1-max]  -  LA: 0.80000
Epoch: 92 | Loss: 2.5033941710717045e-06  | Negative Loss: 0.0
[Test ROC-AUC]  -  SA: 0.00000,  LA: 0.90077
[Test AUPRC]  -  LA: 0.84513
[Test F1-max]  -  LA: 0.80000
Epoch: 93 | Loss: 2.5033941710717045e-06  | Negative Loss: 0.0
[Test ROC-AUC]  -  SA: 0.00000,  LA: 0.90007
[Test AUPRC]  -  LA: 0.84475
[Test F1-max]  -  LA: 0.80000
Epoch: 94 | Loss: 2.5033941710717045e-06  | Negative Loss: 0.0
[Test ROC-AUC]  -  SA: 0.00000,  LA: 0.90007
[Test AUPRC]  -  LA: 0.84475
[Test F1-max]  -  LA: 0.80000
Epoch: 95 | Loss: 2.5033941710717045e-06  | Negative Loss: 0.0
[Test ROC-AUC]  -  SA: 0.00000,  LA: 0.90007
[Test AUPRC]  -  LA: 0.84475
[Test F1-max]  -  LA: 0.80000
Epoch: 96 | Loss: 2.5033941710717045e-06  | Negative Loss: 0.0
[Test ROC-AUC]  -  SA: 0.00000,  LA: 0.90007
[Test AUPRC]  -  LA: 0.84475
[Test F1-max]  -  LA: 0.80000
Epoch: 97 | Loss: 2.264975591970142e-06  | Negative Loss: 0.0
[Test ROC-AUC]  -  SA: 0.00000,  LA: 0.90007
[Test AUPRC]  -  LA: 0.84475
[Test F1-max]  -  LA: 0.80000
Epoch: 98 | Loss: 2.264975591970142e-06  | Negative Loss: 0.0
[Test ROC-AUC]  -  SA: 0.00000,  LA: 0.90007
[Test AUPRC]  -  LA: 0.84475
[Test F1-max]  -  LA: 0.80000
Epoch: 99 | Loss: 2.264975591970142e-06  | Negative Loss: 0.0
Time consumption: 87.77987933158875
Best LA AUC: 0.9007741027445461
Best LA AUPC: 0.8451289826018054
Best LA F1-max: 0.7999999999999999
[Result] Experiment result appended to ./results/train_hybrid_result.csv

[END] 2026-03-18 18:41:52
[RETURN CODE] 0
