[START] 2026-03-18 18:41:52
[GPU] 2
[TASK] 101/120
[NAME] cherry_juice_winclip
[REPEAT] 1/10
[COMMAND] python train_hybrid.py --data_name cherry_juice --mask True --text True --double_encoder True --few_shot True --shot 1 --hybrid_model winclip --hybrid_weight 0.3 --hybrid_batch_size 16 --epoch 100 --log True --lr 5e-4 --detection True --preprocess True

/home/seungeon/miniconda3/envs/LAB/lib/python3.10/site-packages/timm/models/layers/__init__.py:48: FutureWarning: Importing from timm.models.layers is deprecated, please import via timm.layers
  warnings.warn(f"Importing from {__name__} is deprecated, please import via timm.layers", FutureWarning)
/home/seungeon/Workspace/side/vlm/train_hybrid.py:18: DeprecationWarning: The distutils package is deprecated and slated for removal in Python 3.12. Use setuptools or check PEP 632 for potential alternatives
  from distutils.util import strtobool
Torch version: 2.9.1+cu128
cuda is loaded for process
here?
In my local computer
Namespace(epoch=100, gpu_number='0', data_name='cherry_juice', lr=0.0005, batch_size=6, shuffle=True, seed=0, tag='default', model_name='ViT-B-32', pretrained_name='laion2b_s34b_b79k', lora=1, default=False, foundation='CLIP', detection=1, preprocess=1, num_rule=0, object_names=['a photo of cherry picture label', 'a photo of 100% text label', 'a photo of bottle cap', 'a photo of black background'], objects_for_rules=[['a photo of cherry picture label'], ['a photo of cherry picture label', 'a photo of 100% text label'], ['a photo of cherry picture label'], ['a photo of 100% text label'], ['a photo of cherry picture label', 'a photo of 100% text label']], texts_for_rules=[['a photo of cherry picture label'], ['a photo of cherry picture label and 100% text label'], ['a photo of cherry picture label'], ['a photo of 100% text label'], ['a photo of fruit picture label and 100% text label']], mask=1, text=1, score='mean', ciriculam_learning=False, few_shot=1, shot=1, log=1, neg_loss=0, double_encoder=1, pretrained_count_path=None, ris=0, rule_select='', rule_list=[], num_negative=5, hybrid_model='winclip', hybrid_weight=0.3, hybrid_class_name='', hybrid_batch_size=16, hybrid_backbone='ViT-B-16-plus-240', hybrid_pretrained_dataset='laion400m_e32', hybrid_scales=[2, 3], hybrid_img_resize=240, hybrid_img_cropsize=240, hybrid_resolution=400, hybrid_promptad_epoch=100, hybrid_promptad_lr=0.002, hybrid_promptad_momentum=0.9, hybrid_promptad_weight_decay=0.0005, hybrid_promptad_eta_min=1e-05, hybrid_promptad_lambda1=0.001, hybrid_promptad_n_ctx=4, hybrid_promptad_n_pro=3, hybrid_promptad_n_ctx_ab=1, hybrid_promptad_n_pro_ab=4, early_stop_k=10, result_log_path='./results/train_hybrid_result.csv')
[Hybrid] method=winclip, class_name=juice_bottle, train=1, eval=73, base_path=/data3/seungeon/data/image/mvtec_loco_anomaly_detection/cherry_juice
grid 240 16 (15, 15)
[Hybrid-only] LA_AUC=0.75076, LA_AUPRC=0.61023, LA_F1=0.74419
[Data Description]
- Train: 1
- Test: 73

Train Start
[Test ROC-AUC]  -  SA: 0.00000,  LA: 0.80564
[Test AUPRC]  -  LA: 0.68281
[Test F1-max]  -  LA: 0.79452
Epoch: 0 | Loss: 7.396708965301514  | Negative Loss: 0.0
[Test ROC-AUC]  -  SA: 0.00000,  LA: 0.81021
[Test AUPRC]  -  LA: 0.68912
[Test F1-max]  -  LA: 0.79452
Epoch: 1 | Loss: 7.318971157073975  | Negative Loss: 0.0
[Test ROC-AUC]  -  SA: 0.00000,  LA: 0.87195
[Test AUPRC]  -  LA: 0.77557
[Test F1-max]  -  LA: 0.82353
Epoch: 2 | Loss: 6.300868511199951  | Negative Loss: 0.0
[Test ROC-AUC]  -  SA: 0.00000,  LA: 0.89329
[Test AUPRC]  -  LA: 0.79105
[Test F1-max]  -  LA: 0.84848
Epoch: 3 | Loss: 4.8971781730651855  | Negative Loss: 0.0
[Test ROC-AUC]  -  SA: 0.00000,  LA: 0.88948
[Test AUPRC]  -  LA: 0.78446
[Test F1-max]  -  LA: 0.83582
Epoch: 4 | Loss: 3.515714645385742  | Negative Loss: 0.0
[Test ROC-AUC]  -  SA: 0.00000,  LA: 0.88415
[Test AUPRC]  -  LA: 0.78218
[Test F1-max]  -  LA: 0.82353
Epoch: 5 | Loss: 2.5084917545318604  | Negative Loss: 0.0
[Test ROC-AUC]  -  SA: 0.00000,  LA: 0.87881
[Test AUPRC]  -  LA: 0.77689
[Test F1-max]  -  LA: 0.81690
Epoch: 6 | Loss: 1.8106387853622437  | Negative Loss: 0.0
[Test ROC-AUC]  -  SA: 0.00000,  LA: 0.88415
[Test AUPRC]  -  LA: 0.80519
[Test F1-max]  -  LA: 0.81159
Epoch: 7 | Loss: 1.296769380569458  | Negative Loss: 0.0
[Test ROC-AUC]  -  SA: 0.00000,  LA: 0.88643
[Test AUPRC]  -  LA: 0.82099
[Test F1-max]  -  LA: 0.81159
Epoch: 8 | Loss: 0.8927788734436035  | Negative Loss: 0.0
[Test ROC-AUC]  -  SA: 0.00000,  LA: 0.88643
[Test AUPRC]  -  LA: 0.82057
[Test F1-max]  -  LA: 0.81159
Epoch: 9 | Loss: 0.5866740942001343  | Negative Loss: 0.0
[Test ROC-AUC]  -  SA: 0.00000,  LA: 0.88720
[Test AUPRC]  -  LA: 0.82197
[Test F1-max]  -  LA: 0.81159
Epoch: 10 | Loss: 0.3602074384689331  | Negative Loss: 0.0
[Test ROC-AUC]  -  SA: 0.00000,  LA: 0.88796
[Test AUPRC]  -  LA: 0.82280
[Test F1-max]  -  LA: 0.81159
Epoch: 11 | Loss: 0.2115255892276764  | Negative Loss: 0.0
[Test ROC-AUC]  -  SA: 0.00000,  LA: 0.88720
[Test AUPRC]  -  LA: 0.81873
[Test F1-max]  -  LA: 0.81159
Epoch: 12 | Loss: 0.11959748715162277  | Negative Loss: 0.0
[Test ROC-AUC]  -  SA: 0.00000,  LA: 0.88567
[Test AUPRC]  -  LA: 0.81746
[Test F1-max]  -  LA: 0.81159
Epoch: 13 | Loss: 0.06608747690916061  | Negative Loss: 0.0
[Test ROC-AUC]  -  SA: 0.00000,  LA: 0.88110
[Test AUPRC]  -  LA: 0.79711
[Test F1-max]  -  LA: 0.81159
Epoch: 14 | Loss: 0.03677841275930405  | Negative Loss: 0.0
[Test ROC-AUC]  -  SA: 0.00000,  LA: 0.87957
[Test AUPRC]  -  LA: 0.77193
[Test F1-max]  -  LA: 0.81159
Epoch: 15 | Loss: 0.02074672095477581  | Negative Loss: 0.0
[Test ROC-AUC]  -  SA: 0.00000,  LA: 0.88034
[Test AUPRC]  -  LA: 0.77215
[Test F1-max]  -  LA: 0.81159
Epoch: 16 | Loss: 0.011887422762811184  | Negative Loss: 0.0
[Test ROC-AUC]  -  SA: 0.00000,  LA: 0.88034
[Test AUPRC]  -  LA: 0.77119
[Test F1-max]  -  LA: 0.81159
Epoch: 17 | Loss: 0.006976041942834854  | Negative Loss: 0.0
[Test ROC-AUC]  -  SA: 0.00000,  LA: 0.88034
[Test AUPRC]  -  LA: 0.77253
[Test F1-max]  -  LA: 0.82353
Epoch: 18 | Loss: 0.004202928394079208  | Negative Loss: 0.0
[Test ROC-AUC]  -  SA: 0.00000,  LA: 0.88338
[Test AUPRC]  -  LA: 0.77417
[Test F1-max]  -  LA: 0.82353
Epoch: 19 | Loss: 0.00260116346180439  | Negative Loss: 0.0
[Test ROC-AUC]  -  SA: 0.00000,  LA: 0.88338
[Test AUPRC]  -  LA: 0.76888
[Test F1-max]  -  LA: 0.82353
Epoch: 20 | Loss: 0.0016518018674105406  | Negative Loss: 0.0
[Test ROC-AUC]  -  SA: 0.00000,  LA: 0.88338
[Test AUPRC]  -  LA: 0.76390
[Test F1-max]  -  LA: 0.82667
Epoch: 21 | Loss: 0.0010775947012007236  | Negative Loss: 0.0
[Test ROC-AUC]  -  SA: 0.00000,  LA: 0.88491
[Test AUPRC]  -  LA: 0.76099
[Test F1-max]  -  LA: 0.82667
Epoch: 22 | Loss: 0.0007212590426206589  | Negative Loss: 0.0
[Test ROC-AUC]  -  SA: 0.00000,  LA: 0.88720
[Test AUPRC]  -  LA: 0.76419
[Test F1-max]  -  LA: 0.82051
Epoch: 23 | Loss: 0.0004949215799570084  | Negative Loss: 0.0
[Test ROC-AUC]  -  SA: 0.00000,  LA: 0.89024
[Test AUPRC]  -  LA: 0.76309
[Test F1-max]  -  LA: 0.83117
Epoch: 24 | Loss: 0.00034771603532135487  | Negative Loss: 0.0
[Test ROC-AUC]  -  SA: 0.00000,  LA: 0.88796
[Test AUPRC]  -  LA: 0.75590
[Test F1-max]  -  LA: 0.83333
Epoch: 25 | Loss: 0.00024901912547647953  | Negative Loss: 0.0
[Test ROC-AUC]  -  SA: 0.00000,  LA: 0.88491
[Test AUPRC]  -  LA: 0.74879
[Test F1-max]  -  LA: 0.83333
Epoch: 26 | Loss: 0.00018202763749286532  | Negative Loss: 0.0
[Test ROC-AUC]  -  SA: 0.00000,  LA: 0.88338
[Test AUPRC]  -  LA: 0.74784
[Test F1-max]  -  LA: 0.83333
Epoch: 27 | Loss: 0.00013553813914768398  | Negative Loss: 0.0
[Test ROC-AUC]  -  SA: 0.00000,  LA: 0.88262
[Test AUPRC]  -  LA: 0.74320
[Test F1-max]  -  LA: 0.83333
Epoch: 28 | Loss: 0.00010251833737129346  | Negative Loss: 0.0
[Test ROC-AUC]  -  SA: 0.00000,  LA: 0.88110
[Test AUPRC]  -  LA: 0.74252
[Test F1-max]  -  LA: 0.82857
Epoch: 29 | Loss: 7.915395690361038e-05  | Negative Loss: 0.0
[Test ROC-AUC]  -  SA: 0.00000,  LA: 0.87881
[Test AUPRC]  -  LA: 0.74013
[Test F1-max]  -  LA: 0.82857
Epoch: 30 | Loss: 6.186898099258542e-05  | Negative Loss: 0.0
[Test ROC-AUC]  -  SA: 0.00000,  LA: 0.88110
[Test AUPRC]  -  LA: 0.76492
[Test F1-max]  -  LA: 0.84058
Epoch: 31 | Loss: 4.9471433158032596e-05  | Negative Loss: 0.0
[Test ROC-AUC]  -  SA: 0.00000,  LA: 0.88186
[Test AUPRC]  -  LA: 0.76598
[Test F1-max]  -  LA: 0.84058
Epoch: 32 | Loss: 3.9934828237164766e-05  | Negative Loss: 0.0
[Test ROC-AUC]  -  SA: 0.00000,  LA: 0.88110
[Test AUPRC]  -  LA: 0.76362
[Test F1-max]  -  LA: 0.84058
Epoch: 33 | Loss: 3.278235817560926e-05  | Negative Loss: 0.0
[Test ROC-AUC]  -  SA: 0.00000,  LA: 0.88034
[Test AUPRC]  -  LA: 0.76335
[Test F1-max]  -  LA: 0.85294
Epoch: 34 | Loss: 2.7298789063934237e-05  | Negative Loss: 0.0
[Test ROC-AUC]  -  SA: 0.00000,  LA: 0.87805
[Test AUPRC]  -  LA: 0.75897
[Test F1-max]  -  LA: 0.85294
Epoch: 35 | Loss: 2.3007292838883586e-05  | Negative Loss: 0.0
[Test ROC-AUC]  -  SA: 0.00000,  LA: 0.87805
[Test AUPRC]  -  LA: 0.75897
[Test F1-max]  -  LA: 0.85294
Epoch: 36 | Loss: 1.966945819731336e-05  | Negative Loss: 0.0
[Test ROC-AUC]  -  SA: 0.00000,  LA: 0.87805
[Test AUPRC]  -  LA: 0.75897
[Test F1-max]  -  LA: 0.85294
Epoch: 37 | Loss: 1.6927662727539428e-05  | Negative Loss: 0.0
[Test ROC-AUC]  -  SA: 0.00000,  LA: 0.87729
[Test AUPRC]  -  LA: 0.75861
[Test F1-max]  -  LA: 0.84058
Epoch: 38 | Loss: 1.478190824855119e-05  | Negative Loss: 0.0
[Test ROC-AUC]  -  SA: 0.00000,  LA: 0.87652
[Test AUPRC]  -  LA: 0.75778
[Test F1-max]  -  LA: 0.82857
Epoch: 39 | Loss: 1.2993778000236489e-05  | Negative Loss: 0.0
[Test ROC-AUC]  -  SA: 0.00000,  LA: 0.87652
[Test AUPRC]  -  LA: 0.75778
[Test F1-max]  -  LA: 0.82857
Epoch: 40 | Loss: 1.1444064512033947e-05  | Negative Loss: 0.0
[Test ROC-AUC]  -  SA: 0.00000,  LA: 0.87652
[Test AUPRC]  -  LA: 0.75778
[Test F1-max]  -  LA: 0.82857
Epoch: 41 | Loss: 1.0132767783943564e-05  | Negative Loss: 0.0
[Test ROC-AUC]  -  SA: 0.00000,  LA: 0.87424
[Test AUPRC]  -  LA: 0.75606
[Test F1-max]  -  LA: 0.81690
Epoch: 42 | Loss: 9.17909710551612e-06  | Negative Loss: 0.0
[Test ROC-AUC]  -  SA: 0.00000,  LA: 0.87348
[Test AUPRC]  -  LA: 0.75543
[Test F1-max]  -  LA: 0.81690
Epoch: 43 | Loss: 8.463844096695539e-06  | Negative Loss: 0.0
[Test ROC-AUC]  -  SA: 0.00000,  LA: 0.87271
[Test AUPRC]  -  LA: 0.75459
[Test F1-max]  -  LA: 0.81690
Epoch: 44 | Loss: 7.629381798324175e-06  | Negative Loss: 0.0
[Test ROC-AUC]  -  SA: 0.00000,  LA: 0.87195
[Test AUPRC]  -  LA: 0.74938
[Test F1-max]  -  LA: 0.81690
Epoch: 45 | Loss: 7.152546459110454e-06  | Negative Loss: 0.0
[Test ROC-AUC]  -  SA: 0.00000,  LA: 0.87119
[Test AUPRC]  -  LA: 0.74679
[Test F1-max]  -  LA: 0.81690
Epoch: 46 | Loss: 6.6757102104020305e-06  | Negative Loss: 0.0
[Test ROC-AUC]  -  SA: 0.00000,  LA: 0.87043
[Test AUPRC]  -  LA: 0.74577
[Test F1-max]  -  LA: 0.81690
Epoch: 47 | Loss: 6.31808416073909e-06  | Negative Loss: 0.0
[Test ROC-AUC]  -  SA: 0.00000,  LA: 0.87043
[Test AUPRC]  -  LA: 0.74577
[Test F1-max]  -  LA: 0.81690
Epoch: 48 | Loss: 5.841247912030667e-06  | Negative Loss: 0.0
[Test ROC-AUC]  -  SA: 0.00000,  LA: 0.86966
[Test AUPRC]  -  LA: 0.74518
[Test F1-max]  -  LA: 0.81579
Epoch: 49 | Loss: 5.483620952873025e-06  | Negative Loss: 0.0
[Test ROC-AUC]  -  SA: 0.00000,  LA: 0.86738
[Test AUPRC]  -  LA: 0.74354
[Test F1-max]  -  LA: 0.80597
Epoch: 50 | Loss: 5.125993993715383e-06  | Negative Loss: 0.0
[Test ROC-AUC]  -  SA: 0.00000,  LA: 0.86662
[Test AUPRC]  -  LA: 0.74065
[Test F1-max]  -  LA: 0.80597
Epoch: 51 | Loss: 4.887575414613821e-06  | Negative Loss: 0.0
[Test ROC-AUC]  -  SA: 0.00000,  LA: 0.86662
[Test AUPRC]  -  LA: 0.74030
[Test F1-max]  -  LA: 0.80597
Epoch: 52 | Loss: 4.649157290259609e-06  | Negative Loss: 0.0
[Test ROC-AUC]  -  SA: 0.00000,  LA: 0.86662
[Test AUPRC]  -  LA: 0.74030
[Test F1-max]  -  LA: 0.80597
Epoch: 53 | Loss: 4.529948455456179e-06  | Negative Loss: 0.0
[Test ROC-AUC]  -  SA: 0.00000,  LA: 0.86585
[Test AUPRC]  -  LA: 0.73973
[Test F1-max]  -  LA: 0.80597
Epoch: 54 | Loss: 4.410739620652748e-06  | Negative Loss: 0.0
[Test ROC-AUC]  -  SA: 0.00000,  LA: 0.86585
[Test AUPRC]  -  LA: 0.73973
[Test F1-max]  -  LA: 0.80597
Epoch: 55 | Loss: 4.172321496298537e-06  | Negative Loss: 0.0
[Test ROC-AUC]  -  SA: 0.00000,  LA: 0.86585
[Test AUPRC]  -  LA: 0.73973
[Test F1-max]  -  LA: 0.80597
Epoch: 56 | Loss: 4.053112206747755e-06  | Negative Loss: 0.0
[Test ROC-AUC]  -  SA: 0.00000,  LA: 0.86433
[Test AUPRC]  -  LA: 0.73829
[Test F1-max]  -  LA: 0.80597
Epoch: 57 | Loss: 3.8146938550198684e-06  | Negative Loss: 0.0
[Test ROC-AUC]  -  SA: 0.00000,  LA: 0.86433
[Test AUPRC]  -  LA: 0.73829
[Test F1-max]  -  LA: 0.80597
Epoch: 58 | Loss: 3.695485020216438e-06  | Negative Loss: 0.0
[Test ROC-AUC]  -  SA: 0.00000,  LA: 0.86433
[Test AUPRC]  -  LA: 0.73829
[Test F1-max]  -  LA: 0.80597
Epoch: 59 | Loss: 3.576275958039332e-06  | Negative Loss: 0.0
[Test ROC-AUC]  -  SA: 0.00000,  LA: 0.86357
[Test AUPRC]  -  LA: 0.73752
[Test F1-max]  -  LA: 0.80597
Epoch: 60 | Loss: 3.576275958039332e-06  | Negative Loss: 0.0
[Test ROC-AUC]  -  SA: 0.00000,  LA: 0.86357
[Test AUPRC]  -  LA: 0.73752
[Test F1-max]  -  LA: 0.80597
Epoch: 61 | Loss: 3.4570668958622264e-06  | Negative Loss: 0.0
[Test ROC-AUC]  -  SA: 0.00000,  LA: 0.86357
[Test AUPRC]  -  LA: 0.73752
[Test F1-max]  -  LA: 0.80597
Epoch: 62 | Loss: 3.337857606311445e-06  | Negative Loss: 0.0
[Test ROC-AUC]  -  SA: 0.00000,  LA: 0.86280
[Test AUPRC]  -  LA: 0.73646
[Test F1-max]  -  LA: 0.80597
Epoch: 63 | Loss: 3.2186485441343393e-06  | Negative Loss: 0.0
[Test ROC-AUC]  -  SA: 0.00000,  LA: 0.86280
[Test AUPRC]  -  LA: 0.73646
[Test F1-max]  -  LA: 0.80597
Epoch: 64 | Loss: 3.2186485441343393e-06  | Negative Loss: 0.0
[Test ROC-AUC]  -  SA: 0.00000,  LA: 0.86357
[Test AUPRC]  -  LA: 0.73741
[Test F1-max]  -  LA: 0.80597
Epoch: 65 | Loss: 3.099439254583558e-06  | Negative Loss: 0.0
[Test ROC-AUC]  -  SA: 0.00000,  LA: 0.86357
[Test AUPRC]  -  LA: 0.73741
[Test F1-max]  -  LA: 0.80597
Epoch: 66 | Loss: 2.9802304197801277e-06  | Negative Loss: 0.0
[Test ROC-AUC]  -  SA: 0.00000,  LA: 0.86357
[Test AUPRC]  -  LA: 0.73741
[Test F1-max]  -  LA: 0.80597
Epoch: 67 | Loss: 2.9802304197801277e-06  | Negative Loss: 0.0
[Test ROC-AUC]  -  SA: 0.00000,  LA: 0.86357
[Test AUPRC]  -  LA: 0.73741
[Test F1-max]  -  LA: 0.80597
Epoch: 68 | Loss: 2.9802304197801277e-06  | Negative Loss: 0.0
[Test ROC-AUC]  -  SA: 0.00000,  LA: 0.86357
[Test AUPRC]  -  LA: 0.73741
[Test F1-max]  -  LA: 0.80597
Epoch: 69 | Loss: 2.8610211302293465e-06  | Negative Loss: 0.0
[Test ROC-AUC]  -  SA: 0.00000,  LA: 0.86357
[Test AUPRC]  -  LA: 0.73741
[Test F1-max]  -  LA: 0.80597
Epoch: 70 | Loss: 2.8610211302293465e-06  | Negative Loss: 0.0
[Test ROC-AUC]  -  SA: 0.00000,  LA: 0.86357
[Test AUPRC]  -  LA: 0.73741
[Test F1-max]  -  LA: 0.80597
Epoch: 71 | Loss: 2.8610211302293465e-06  | Negative Loss: 0.0
[Test ROC-AUC]  -  SA: 0.00000,  LA: 0.86357
[Test AUPRC]  -  LA: 0.73741
[Test F1-max]  -  LA: 0.80597
Epoch: 72 | Loss: 2.741812295425916e-06  | Negative Loss: 0.0
[Test ROC-AUC]  -  SA: 0.00000,  LA: 0.86357
[Test AUPRC]  -  LA: 0.73741
[Test F1-max]  -  LA: 0.80597
Epoch: 73 | Loss: 2.741812295425916e-06  | Negative Loss: 0.0
[Test ROC-AUC]  -  SA: 0.00000,  LA: 0.86280
[Test AUPRC]  -  LA: 0.73646
[Test F1-max]  -  LA: 0.80597
Epoch: 74 | Loss: 2.741812295425916e-06  | Negative Loss: 0.0
[Test ROC-AUC]  -  SA: 0.00000,  LA: 0.86280
[Test AUPRC]  -  LA: 0.73646
[Test F1-max]  -  LA: 0.80597
Epoch: 75 | Loss: 2.741812295425916e-06  | Negative Loss: 0.0
[Test ROC-AUC]  -  SA: 0.00000,  LA: 0.86280
[Test AUPRC]  -  LA: 0.73646
[Test F1-max]  -  LA: 0.80597
Epoch: 76 | Loss: 2.622603005875135e-06  | Negative Loss: 0.0
[Test ROC-AUC]  -  SA: 0.00000,  LA: 0.86357
[Test AUPRC]  -  LA: 0.73723
[Test F1-max]  -  LA: 0.80597
Epoch: 77 | Loss: 2.5033937163243536e-06  | Negative Loss: 0.0
[Test ROC-AUC]  -  SA: 0.00000,  LA: 0.86357
[Test AUPRC]  -  LA: 0.73723
[Test F1-max]  -  LA: 0.80597
Epoch: 78 | Loss: 2.5033937163243536e-06  | Negative Loss: 0.0
[Test ROC-AUC]  -  SA: 0.00000,  LA: 0.86357
[Test AUPRC]  -  LA: 0.73723
[Test F1-max]  -  LA: 0.80597
Epoch: 79 | Loss: 2.5033937163243536e-06  | Negative Loss: 0.0
[Test ROC-AUC]  -  SA: 0.00000,  LA: 0.86357
[Test AUPRC]  -  LA: 0.73723
[Test F1-max]  -  LA: 0.80597
Epoch: 80 | Loss: 2.3841844267735723e-06  | Negative Loss: 0.0
[Test ROC-AUC]  -  SA: 0.00000,  LA: 0.86357
[Test AUPRC]  -  LA: 0.73723
[Test F1-max]  -  LA: 0.80597
Epoch: 81 | Loss: 2.2649753645964665e-06  | Negative Loss: 0.0
[Test ROC-AUC]  -  SA: 0.00000,  LA: 0.86357
[Test AUPRC]  -  LA: 0.73723
[Test F1-max]  -  LA: 0.80597
Epoch: 82 | Loss: 2.2649753645964665e-06  | Negative Loss: 0.0
[Test ROC-AUC]  -  SA: 0.00000,  LA: 0.86357
[Test AUPRC]  -  LA: 0.73723
[Test F1-max]  -  LA: 0.80597
Epoch: 83 | Loss: 2.2649753645964665e-06  | Negative Loss: 0.0
[Test ROC-AUC]  -  SA: 0.00000,  LA: 0.86357
[Test AUPRC]  -  LA: 0.73723
[Test F1-max]  -  LA: 0.80597
Epoch: 84 | Loss: 2.2649753645964665e-06  | Negative Loss: 0.0
[Test ROC-AUC]  -  SA: 0.00000,  LA: 0.86357
[Test AUPRC]  -  LA: 0.73723
[Test F1-max]  -  LA: 0.80597
Epoch: 85 | Loss: 2.2649753645964665e-06  | Negative Loss: 0.0
[Test ROC-AUC]  -  SA: 0.00000,  LA: 0.86357
[Test AUPRC]  -  LA: 0.73723
[Test F1-max]  -  LA: 0.80597
Epoch: 86 | Loss: 2.2649753645964665e-06  | Negative Loss: 0.0
[Test ROC-AUC]  -  SA: 0.00000,  LA: 0.86357
[Test AUPRC]  -  LA: 0.73723
[Test F1-max]  -  LA: 0.80597
Epoch: 87 | Loss: 2.1457660750456853e-06  | Negative Loss: 0.0
[Test ROC-AUC]  -  SA: 0.00000,  LA: 0.86433
[Test AUPRC]  -  LA: 0.73804
[Test F1-max]  -  LA: 0.80597
Epoch: 88 | Loss: 2.1457660750456853e-06  | Negative Loss: 0.0
[Test ROC-AUC]  -  SA: 0.00000,  LA: 0.86433
[Test AUPRC]  -  LA: 0.73804
[Test F1-max]  -  LA: 0.80597
Epoch: 89 | Loss: 2.1457660750456853e-06  | Negative Loss: 0.0
[Test ROC-AUC]  -  SA: 0.00000,  LA: 0.86433
[Test AUPRC]  -  LA: 0.73804
[Test F1-max]  -  LA: 0.80597
Epoch: 90 | Loss: 2.0265570128685795e-06  | Negative Loss: 0.0
[Test ROC-AUC]  -  SA: 0.00000,  LA: 0.86433
[Test AUPRC]  -  LA: 0.73804
[Test F1-max]  -  LA: 0.80597
Epoch: 91 | Loss: 2.0265570128685795e-06  | Negative Loss: 0.0
[Test ROC-AUC]  -  SA: 0.00000,  LA: 0.86433
[Test AUPRC]  -  LA: 0.73804
[Test F1-max]  -  LA: 0.80597
Epoch: 92 | Loss: 2.0265570128685795e-06  | Negative Loss: 0.0
[Test ROC-AUC]  -  SA: 0.00000,  LA: 0.86433
[Test AUPRC]  -  LA: 0.73804
[Test F1-max]  -  LA: 0.80597
Epoch: 93 | Loss: 2.0265570128685795e-06  | Negative Loss: 0.0
[Test ROC-AUC]  -  SA: 0.00000,  LA: 0.86433
[Test AUPRC]  -  LA: 0.73804
[Test F1-max]  -  LA: 0.80597
Epoch: 94 | Loss: 1.9073479506914737e-06  | Negative Loss: 0.0
[Test ROC-AUC]  -  SA: 0.00000,  LA: 0.86433
[Test AUPRC]  -  LA: 0.73804
[Test F1-max]  -  LA: 0.80597
Epoch: 95 | Loss: 1.9073479506914737e-06  | Negative Loss: 0.0
[Test ROC-AUC]  -  SA: 0.00000,  LA: 0.86433
[Test AUPRC]  -  LA: 0.73804
[Test F1-max]  -  LA: 0.80597
Epoch: 96 | Loss: 1.9073479506914737e-06  | Negative Loss: 0.0
[Test ROC-AUC]  -  SA: 0.00000,  LA: 0.86433
[Test AUPRC]  -  LA: 0.73804
[Test F1-max]  -  LA: 0.80597
Epoch: 97 | Loss: 1.9073479506914737e-06  | Negative Loss: 0.0
[Test ROC-AUC]  -  SA: 0.00000,  LA: 0.86433
[Test AUPRC]  -  LA: 0.73804
[Test F1-max]  -  LA: 0.80597
Epoch: 98 | Loss: 1.9073479506914737e-06  | Negative Loss: 0.0
[Test ROC-AUC]  -  SA: 0.00000,  LA: 0.86433
[Test AUPRC]  -  LA: 0.73804
[Test F1-max]  -  LA: 0.80597
Epoch: 99 | Loss: 1.9073479506914737e-06  | Negative Loss: 0.0
Time consumption: 86.17237591743469
Best LA AUC: 0.8932926829268293
Best LA AUPC: 0.8227961319090626
Best LA F1-max: 0.8529411764705882
[Result] Experiment result appended to ./results/train_hybrid_result.csv

[END] 2026-03-18 18:45:12
[RETURN CODE] 0
