[START] 2026-03-18 17:59:15
[GPU] 2
[TASK] 57/120
[NAME] pushpins_promptad
[REPEAT] 7/10
[COMMAND] python train_hybrid.py --data_name pushpins --mask True --text True --double_encoder True --few_shot True --shot 1 --hybrid_model promptad --hybrid_weight 0.3 --hybrid_batch_size 16 --epoch 100 --log True --lr 5e-4 --detection True --preprocess True

/home/seungeon/miniconda3/envs/LAB/lib/python3.10/site-packages/timm/models/layers/__init__.py:48: FutureWarning: Importing from timm.models.layers is deprecated, please import via timm.layers
  warnings.warn(f"Importing from {__name__} is deprecated, please import via timm.layers", FutureWarning)
/home/seungeon/Workspace/side/vlm/train_hybrid.py:18: DeprecationWarning: The distutils package is deprecated and slated for removal in Python 3.12. Use setuptools or check PEP 632 for potential alternatives
  from distutils.util import strtobool
Torch version: 2.9.1+cu128
cuda is loaded for process
here?
In my local computer
Namespace(epoch=100, gpu_number='0', data_name='pushpins', lr=0.0005, batch_size=6, shuffle=True, seed=0, tag='default', model_name='ViT-B-32', pretrained_name='laion2b_s34b_b79k', lora=1, default=False, foundation='CLIP', detection=1, preprocess=1, num_rule=0, object_names=['yellow pushpin with metal point', 'plastic case', 'partition', 'blank'], objects_for_rules=[['yellow pushpin with metal point'], ['yellow pushpin with metal point', 'plastic case'], ['yellow pushpin with metal point'], ['yellow pushpin with metal point', 'plastic case'], ['plastic case']], texts_for_rules=[['yellow pushpin with metal point'], ['yellow pushpin with metal point and plastic case'], ['yellow pushpin with metal point'], ['yellow pushpin with metal point and plastic case'], ['plastic case']], mask=1, text=1, score='mean', ciriculam_learning=False, few_shot=1, shot=1, log=1, neg_loss=0, double_encoder=1, pretrained_count_path=None, ris=0, rule_select='', rule_list=[], num_negative=5, hybrid_model='promptad', hybrid_weight=0.3, hybrid_class_name='', hybrid_batch_size=16, hybrid_backbone='ViT-B-16-plus-240', hybrid_pretrained_dataset='laion400m_e32', hybrid_scales=[2, 3], hybrid_img_resize=240, hybrid_img_cropsize=240, hybrid_resolution=400, hybrid_promptad_epoch=100, hybrid_promptad_lr=0.002, hybrid_promptad_momentum=0.9, hybrid_promptad_weight_decay=0.0005, hybrid_promptad_eta_min=1e-05, hybrid_promptad_lambda1=0.001, hybrid_promptad_n_ctx=4, hybrid_promptad_n_pro=3, hybrid_promptad_n_ctx_ab=1, hybrid_promptad_n_pro_ab=4, early_stop_k=10, result_log_path='./results/train_hybrid_result.csv')
[Hybrid] method=promptad, class_name=pushpins, train=1, eval=229, base_path=/data3/seungeon/data/image/mvtec_loco_anomaly_detection/pushpins
[Hybrid-only] LA_AUC=0.55956, LA_AUPRC=0.66594, LA_F1=0.76667
[Data Description]
- Train: 1
- Test: 229

Train Start
[Test ROC-AUC]  -  SA: 0.00000,  LA: 0.60559
[Test AUPRC]  -  LA: 0.67169
[Test F1-max]  -  LA: 0.76323
Epoch: 0 | Loss: 8.554309844970703  | Negative Loss: 0.0
[Test ROC-AUC]  -  SA: 0.00000,  LA: 0.60631
[Test AUPRC]  -  LA: 0.67105
[Test F1-max]  -  LA: 0.76323
Epoch: 1 | Loss: 8.44839859008789  | Negative Loss: 0.0
[Test ROC-AUC]  -  SA: 0.00000,  LA: 0.62311
[Test AUPRC]  -  LA: 0.68470
[Test F1-max]  -  LA: 0.76243
Epoch: 2 | Loss: 7.152159214019775  | Negative Loss: 0.0
[Test ROC-AUC]  -  SA: 0.00000,  LA: 0.63919
[Test AUPRC]  -  LA: 0.70204
[Test F1-max]  -  LA: 0.76880
Epoch: 3 | Loss: 5.245521068572998  | Negative Loss: 0.0
[Test ROC-AUC]  -  SA: 0.00000,  LA: 0.64572
[Test AUPRC]  -  LA: 0.71072
[Test F1-max]  -  LA: 0.77311
Epoch: 4 | Loss: 3.22904109954834  | Negative Loss: 0.0
[Test ROC-AUC]  -  SA: 0.00000,  LA: 0.62916
[Test AUPRC]  -  LA: 0.69718
[Test F1-max]  -  LA: 0.76833
Epoch: 5 | Loss: 1.7377581596374512  | Negative Loss: 0.0
[Test ROC-AUC]  -  SA: 0.00000,  LA: 0.61626
[Test AUPRC]  -  LA: 0.68139
[Test F1-max]  -  LA: 0.76608
Epoch: 6 | Loss: 0.8827940225601196  | Negative Loss: 0.0
[Test ROC-AUC]  -  SA: 0.00000,  LA: 0.59739
[Test AUPRC]  -  LA: 0.66726
[Test F1-max]  -  LA: 0.76608
Epoch: 7 | Loss: 0.4299167990684509  | Negative Loss: 0.0
[Test ROC-AUC]  -  SA: 0.00000,  LA: 0.58656
[Test AUPRC]  -  LA: 0.65960
[Test F1-max]  -  LA: 0.76657
Epoch: 8 | Loss: 0.20555591583251953  | Negative Loss: 0.0
[Test ROC-AUC]  -  SA: 0.00000,  LA: 0.57724
[Test AUPRC]  -  LA: 0.65332
[Test F1-max]  -  LA: 0.76454
Epoch: 9 | Loss: 0.10645326226949692  | Negative Loss: 0.0
[Test ROC-AUC]  -  SA: 0.00000,  LA: 0.57047
[Test AUPRC]  -  LA: 0.65076
[Test F1-max]  -  LA: 0.76454
Epoch: 10 | Loss: 0.05910293385386467  | Negative Loss: 0.0
[Test ROC-AUC]  -  SA: 0.00000,  LA: 0.56124
[Test AUPRC]  -  LA: 0.64568
[Test F1-max]  -  LA: 0.76454
Epoch: 11 | Loss: 0.03425716236233711  | Negative Loss: 0.0
[Test ROC-AUC]  -  SA: 0.00000,  LA: 0.55558
[Test AUPRC]  -  LA: 0.64150
[Test F1-max]  -  LA: 0.76454
Epoch: 12 | Loss: 0.0206136591732502  | Negative Loss: 0.0
[Test ROC-AUC]  -  SA: 0.00000,  LA: 0.55638
[Test AUPRC]  -  LA: 0.64054
[Test F1-max]  -  LA: 0.76454
Epoch: 13 | Loss: 0.012806493788957596  | Negative Loss: 0.0
[Test ROC-AUC]  -  SA: 0.00000,  LA: 0.55972
[Test AUPRC]  -  LA: 0.64698
[Test F1-max]  -  LA: 0.76454
Epoch: 14 | Loss: 0.008141405880451202  | Negative Loss: 0.0
[Test ROC-AUC]  -  SA: 0.00000,  LA: 0.56211
[Test AUPRC]  -  LA: 0.64835
[Test F1-max]  -  LA: 0.76454
Epoch: 15 | Loss: 0.005280898418277502  | Negative Loss: 0.0
[Test ROC-AUC]  -  SA: 0.00000,  LA: 0.56482
[Test AUPRC]  -  LA: 0.65293
[Test F1-max]  -  LA: 0.76454
Epoch: 16 | Loss: 0.003497252706438303  | Negative Loss: 0.0
[Test ROC-AUC]  -  SA: 0.00000,  LA: 0.56745
[Test AUPRC]  -  LA: 0.65263
[Test F1-max]  -  LA: 0.76454
Epoch: 17 | Loss: 0.0023582703433930874  | Negative Loss: 0.0
[Test ROC-AUC]  -  SA: 0.00000,  LA: 0.57139
[Test AUPRC]  -  LA: 0.65693
[Test F1-max]  -  LA: 0.76454
Epoch: 18 | Loss: 0.001618437934666872  | Negative Loss: 0.0
[Test ROC-AUC]  -  SA: 0.00000,  LA: 0.57278
[Test AUPRC]  -  LA: 0.66053
[Test F1-max]  -  LA: 0.76454
Epoch: 19 | Loss: 0.0011287601664662361  | Negative Loss: 0.0
[Test ROC-AUC]  -  SA: 0.00000,  LA: 0.57422
[Test AUPRC]  -  LA: 0.66177
[Test F1-max]  -  LA: 0.76454
Epoch: 20 | Loss: 0.000798682973254472  | Negative Loss: 0.0
[Test ROC-AUC]  -  SA: 0.00000,  LA: 0.57461
[Test AUPRC]  -  LA: 0.66138
[Test F1-max]  -  LA: 0.76454
Epoch: 21 | Loss: 0.0005738006439059973  | Negative Loss: 0.0
[Test ROC-AUC]  -  SA: 0.00000,  LA: 0.57597
[Test AUPRC]  -  LA: 0.66355
[Test F1-max]  -  LA: 0.76454
Epoch: 22 | Loss: 0.0004188619495835155  | Negative Loss: 0.0
[Test ROC-AUC]  -  SA: 0.00000,  LA: 0.57772
[Test AUPRC]  -  LA: 0.66495
[Test F1-max]  -  LA: 0.76454
Epoch: 23 | Loss: 0.00031039895839057863  | Negative Loss: 0.0
[Test ROC-AUC]  -  SA: 0.00000,  LA: 0.57820
[Test AUPRC]  -  LA: 0.66569
[Test F1-max]  -  LA: 0.76454
Epoch: 24 | Loss: 0.0002335182944079861  | Negative Loss: 0.0
[Test ROC-AUC]  -  SA: 0.00000,  LA: 0.57923
[Test AUPRC]  -  LA: 0.66631
[Test F1-max]  -  LA: 0.76454
Epoch: 25 | Loss: 0.00017832960293162614  | Negative Loss: 0.0
[Test ROC-AUC]  -  SA: 0.00000,  LA: 0.57860
[Test AUPRC]  -  LA: 0.66562
[Test F1-max]  -  LA: 0.76454
Epoch: 26 | Loss: 0.00013839741586707532  | Negative Loss: 0.0
[Test ROC-AUC]  -  SA: 0.00000,  LA: 0.57939
[Test AUPRC]  -  LA: 0.66655
[Test F1-max]  -  LA: 0.76454
Epoch: 27 | Loss: 0.00010895441664615646  | Negative Loss: 0.0
[Test ROC-AUC]  -  SA: 0.00000,  LA: 0.57939
[Test AUPRC]  -  LA: 0.66673
[Test F1-max]  -  LA: 0.76454
Epoch: 28 | Loss: 8.714012801647186e-05  | Negative Loss: 0.0
[Test ROC-AUC]  -  SA: 0.00000,  LA: 0.57987
[Test AUPRC]  -  LA: 0.66702
[Test F1-max]  -  LA: 0.76454
Epoch: 29 | Loss: 7.045146048767492e-05  | Negative Loss: 0.0
[Test ROC-AUC]  -  SA: 0.00000,  LA: 0.58027
[Test AUPRC]  -  LA: 0.66693
[Test F1-max]  -  LA: 0.76454
Epoch: 30 | Loss: 5.8054080000147223e-05  | Negative Loss: 0.0
[Test ROC-AUC]  -  SA: 0.00000,  LA: 0.58003
[Test AUPRC]  -  LA: 0.66710
[Test F1-max]  -  LA: 0.76454
Epoch: 31 | Loss: 4.815996726392768e-05  | Negative Loss: 0.0
[Test ROC-AUC]  -  SA: 0.00000,  LA: 0.58075
[Test AUPRC]  -  LA: 0.66750
[Test F1-max]  -  LA: 0.76454
Epoch: 32 | Loss: 4.0530736441724e-05  | Negative Loss: 0.0
[Test ROC-AUC]  -  SA: 0.00000,  LA: 0.58154
[Test AUPRC]  -  LA: 0.66822
[Test F1-max]  -  LA: 0.76536
Epoch: 33 | Loss: 3.468959766905755e-05  | Negative Loss: 0.0
[Test ROC-AUC]  -  SA: 0.00000,  LA: 0.58206
[Test AUPRC]  -  LA: 0.66859
[Test F1-max]  -  LA: 0.76536
Epoch: 34 | Loss: 2.9802091376041062e-05  | Negative Loss: 0.0
[Test ROC-AUC]  -  SA: 0.00000,  LA: 0.58290
[Test AUPRC]  -  LA: 0.66940
[Test F1-max]  -  LA: 0.76536
Epoch: 35 | Loss: 2.6106656150659546e-05  | Negative Loss: 0.0
[Test ROC-AUC]  -  SA: 0.00000,  LA: 0.58329
[Test AUPRC]  -  LA: 0.66975
[Test F1-max]  -  LA: 0.76536
Epoch: 36 | Loss: 2.2888047169544734e-05  | Negative Loss: 0.0
[Test ROC-AUC]  -  SA: 0.00000,  LA: 0.58361
[Test AUPRC]  -  LA: 0.66979
[Test F1-max]  -  LA: 0.76536
Epoch: 37 | Loss: 2.038467937381938e-05  | Negative Loss: 0.0
[Test ROC-AUC]  -  SA: 0.00000,  LA: 0.58413
[Test AUPRC]  -  LA: 0.67008
[Test F1-max]  -  LA: 0.76536
Epoch: 38 | Loss: 1.823893398977816e-05  | Negative Loss: 0.0
[Test ROC-AUC]  -  SA: 0.00000,  LA: 0.58441
[Test AUPRC]  -  LA: 0.67021
[Test F1-max]  -  LA: 0.76536
Epoch: 39 | Loss: 1.633159990888089e-05  | Negative Loss: 0.0
[Test ROC-AUC]  -  SA: 0.00000,  LA: 0.58457
[Test AUPRC]  -  LA: 0.67083
[Test F1-max]  -  LA: 0.76536
Epoch: 40 | Loss: 1.490110116719734e-05  | Negative Loss: 0.0
[Test ROC-AUC]  -  SA: 0.00000,  LA: 0.58489
[Test AUPRC]  -  LA: 0.67117
[Test F1-max]  -  LA: 0.76536
Epoch: 41 | Loss: 1.3828226656187326e-05  | Negative Loss: 0.0
[Test ROC-AUC]  -  SA: 0.00000,  LA: 0.58449
[Test AUPRC]  -  LA: 0.67082
[Test F1-max]  -  LA: 0.76536
Epoch: 42 | Loss: 1.2516931747086346e-05  | Negative Loss: 0.0
[Test ROC-AUC]  -  SA: 0.00000,  LA: 0.58493
[Test AUPRC]  -  LA: 0.67163
[Test F1-max]  -  LA: 0.76536
Epoch: 43 | Loss: 1.168247308669379e-05  | Negative Loss: 0.0
[Test ROC-AUC]  -  SA: 0.00000,  LA: 0.58457
[Test AUPRC]  -  LA: 0.67199
[Test F1-max]  -  LA: 0.76536
Epoch: 44 | Loss: 1.0967221896862611e-05  | Negative Loss: 0.0
[Test ROC-AUC]  -  SA: 0.00000,  LA: 0.58489
[Test AUPRC]  -  LA: 0.67218
[Test F1-max]  -  LA: 0.76536
Epoch: 45 | Loss: 1.0132761417480651e-05  | Negative Loss: 0.0
[Test ROC-AUC]  -  SA: 0.00000,  LA: 0.58513
[Test AUPRC]  -  LA: 0.67236
[Test F1-max]  -  LA: 0.76536
Epoch: 46 | Loss: 9.655926987761632e-06  | Negative Loss: 0.0
[Test ROC-AUC]  -  SA: 0.00000,  LA: 0.58568
[Test AUPRC]  -  LA: 0.67282
[Test F1-max]  -  LA: 0.76536
Epoch: 47 | Loss: 9.179092558042612e-06  | Negative Loss: 0.0
[Test ROC-AUC]  -  SA: 0.00000,  LA: 0.58576
[Test AUPRC]  -  LA: 0.67287
[Test F1-max]  -  LA: 0.76536
Epoch: 48 | Loss: 8.583048838772811e-06  | Negative Loss: 0.0
[Test ROC-AUC]  -  SA: 0.00000,  LA: 0.58564
[Test AUPRC]  -  LA: 0.67251
[Test F1-max]  -  LA: 0.76536
Epoch: 49 | Loss: 8.225421879615169e-06  | Negative Loss: 0.0
[Test ROC-AUC]  -  SA: 0.00000,  LA: 0.58584
[Test AUPRC]  -  LA: 0.67253
[Test F1-max]  -  LA: 0.76536
Epoch: 50 | Loss: 7.98700511950301e-06  | Negative Loss: 0.0
[Test ROC-AUC]  -  SA: 0.00000,  LA: 0.58624
[Test AUPRC]  -  LA: 0.67266
[Test F1-max]  -  LA: 0.76536
Epoch: 51 | Loss: 7.510169325541938e-06  | Negative Loss: 0.0
[Test ROC-AUC]  -  SA: 0.00000,  LA: 0.58624
[Test AUPRC]  -  LA: 0.67255
[Test F1-max]  -  LA: 0.76536
Epoch: 52 | Loss: 7.152542821131647e-06  | Negative Loss: 0.0
[Test ROC-AUC]  -  SA: 0.00000,  LA: 0.58620
[Test AUPRC]  -  LA: 0.67258
[Test F1-max]  -  LA: 0.76536
Epoch: 53 | Loss: 7.033333986328216e-06  | Negative Loss: 0.0
[Test ROC-AUC]  -  SA: 0.00000,  LA: 0.58632
[Test AUPRC]  -  LA: 0.67272
[Test F1-max]  -  LA: 0.76536
Epoch: 54 | Loss: 6.675707936665276e-06  | Negative Loss: 0.0
[Test ROC-AUC]  -  SA: 0.00000,  LA: 0.58648
[Test AUPRC]  -  LA: 0.67278
[Test F1-max]  -  LA: 0.76536
Epoch: 55 | Loss: 6.556499101861846e-06  | Negative Loss: 0.0
[Test ROC-AUC]  -  SA: 0.00000,  LA: 0.58672
[Test AUPRC]  -  LA: 0.67303
[Test F1-max]  -  LA: 0.76536
Epoch: 56 | Loss: 6.198871687956853e-06  | Negative Loss: 0.0
[Test ROC-AUC]  -  SA: 0.00000,  LA: 0.58680
[Test AUPRC]  -  LA: 0.67326
[Test F1-max]  -  LA: 0.76536
Epoch: 57 | Loss: 6.079663307900773e-06  | Negative Loss: 0.0
[Test ROC-AUC]  -  SA: 0.00000,  LA: 0.58648
[Test AUPRC]  -  LA: 0.67283
[Test F1-max]  -  LA: 0.76536
Epoch: 58 | Loss: 5.960454473097343e-06  | Negative Loss: 0.0
[Test ROC-AUC]  -  SA: 0.00000,  LA: 0.58672
[Test AUPRC]  -  LA: 0.67305
[Test F1-max]  -  LA: 0.76536
Epoch: 59 | Loss: 5.722036803490482e-06  | Negative Loss: 0.0
[Test ROC-AUC]  -  SA: 0.00000,  LA: 0.58696
[Test AUPRC]  -  LA: 0.67316
[Test F1-max]  -  LA: 0.76536
Epoch: 60 | Loss: 5.722036803490482e-06  | Negative Loss: 0.0
[Test ROC-AUC]  -  SA: 0.00000,  LA: 0.58696
[Test AUPRC]  -  LA: 0.67316
[Test F1-max]  -  LA: 0.76536
Epoch: 61 | Loss: 5.602827513939701e-06  | Negative Loss: 0.0
[Test ROC-AUC]  -  SA: 0.00000,  LA: 0.58728
[Test AUPRC]  -  LA: 0.67319
[Test F1-max]  -  LA: 0.76536
Epoch: 62 | Loss: 5.4836191338836215e-06  | Negative Loss: 0.0
[Test ROC-AUC]  -  SA: 0.00000,  LA: 0.58720
[Test AUPRC]  -  LA: 0.67292
[Test F1-max]  -  LA: 0.76536
Epoch: 63 | Loss: 5.36440984433284e-06  | Negative Loss: 0.0
[Test ROC-AUC]  -  SA: 0.00000,  LA: 0.58724
[Test AUPRC]  -  LA: 0.67298
[Test F1-max]  -  LA: 0.76536
Epoch: 64 | Loss: 5.24520100952941e-06  | Negative Loss: 0.0
[Test ROC-AUC]  -  SA: 0.00000,  LA: 0.58743
[Test AUPRC]  -  LA: 0.67323
[Test F1-max]  -  LA: 0.76536
Epoch: 65 | Loss: 5.1259921747259796e-06  | Negative Loss: 0.0
[Test ROC-AUC]  -  SA: 0.00000,  LA: 0.58747
[Test AUPRC]  -  LA: 0.67326
[Test F1-max]  -  LA: 0.76536
Epoch: 66 | Loss: 5.1259921747259796e-06  | Negative Loss: 0.0
[Test ROC-AUC]  -  SA: 0.00000,  LA: 0.58731
[Test AUPRC]  -  LA: 0.67304
[Test F1-max]  -  LA: 0.76536
Epoch: 67 | Loss: 5.1259921747259796e-06  | Negative Loss: 0.0
[Test ROC-AUC]  -  SA: 0.00000,  LA: 0.58720
[Test AUPRC]  -  LA: 0.67300
[Test F1-max]  -  LA: 0.76536
Epoch: 68 | Loss: 5.006783339922549e-06  | Negative Loss: 0.0
[Test ROC-AUC]  -  SA: 0.00000,  LA: 0.58720
[Test AUPRC]  -  LA: 0.67323
[Test F1-max]  -  LA: 0.76536
Epoch: 69 | Loss: 4.887574050371768e-06  | Negative Loss: 0.0
[Test ROC-AUC]  -  SA: 0.00000,  LA: 0.58720
[Test AUPRC]  -  LA: 0.67320
[Test F1-max]  -  LA: 0.76536
Epoch: 70 | Loss: 4.768365215568338e-06  | Negative Loss: 0.0
[Test ROC-AUC]  -  SA: 0.00000,  LA: 0.58700
[Test AUPRC]  -  LA: 0.67309
[Test F1-max]  -  LA: 0.76536
Epoch: 71 | Loss: 4.768365215568338e-06  | Negative Loss: 0.0
[Test ROC-AUC]  -  SA: 0.00000,  LA: 0.58680
[Test AUPRC]  -  LA: 0.67301
[Test F1-max]  -  LA: 0.76536
Epoch: 72 | Loss: 4.768365215568338e-06  | Negative Loss: 0.0
[Test ROC-AUC]  -  SA: 0.00000,  LA: 0.58680
[Test AUPRC]  -  LA: 0.67331
[Test F1-max]  -  LA: 0.76536
Epoch: 73 | Loss: 4.649156380764907e-06  | Negative Loss: 0.0
[Test ROC-AUC]  -  SA: 0.00000,  LA: 0.58680
[Test AUPRC]  -  LA: 0.67342
[Test F1-max]  -  LA: 0.76536
Epoch: 74 | Loss: 4.649156380764907e-06  | Negative Loss: 0.0
[Test ROC-AUC]  -  SA: 0.00000,  LA: 0.58676
[Test AUPRC]  -  LA: 0.67385
[Test F1-max]  -  LA: 0.76536
Epoch: 75 | Loss: 4.649156380764907e-06  | Negative Loss: 0.0
[Test ROC-AUC]  -  SA: 0.00000,  LA: 0.58672
[Test AUPRC]  -  LA: 0.67419
[Test F1-max]  -  LA: 0.76536
Epoch: 76 | Loss: 4.529947545961477e-06  | Negative Loss: 0.0
[Test ROC-AUC]  -  SA: 0.00000,  LA: 0.58656
[Test AUPRC]  -  LA: 0.67413
[Test F1-max]  -  LA: 0.76536
Epoch: 77 | Loss: 4.529947545961477e-06  | Negative Loss: 0.0
[Test ROC-AUC]  -  SA: 0.00000,  LA: 0.58656
[Test AUPRC]  -  LA: 0.67411
[Test F1-max]  -  LA: 0.76536
Epoch: 78 | Loss: 4.410738256410696e-06  | Negative Loss: 0.0
[Test ROC-AUC]  -  SA: 0.00000,  LA: 0.58680
[Test AUPRC]  -  LA: 0.67421
[Test F1-max]  -  LA: 0.76536
Epoch: 79 | Loss: 4.291529421607265e-06  | Negative Loss: 0.0
[Test ROC-AUC]  -  SA: 0.00000,  LA: 0.58696
[Test AUPRC]  -  LA: 0.67443
[Test F1-max]  -  LA: 0.76536
Epoch: 80 | Loss: 4.172320132056484e-06  | Negative Loss: 0.0
[Test ROC-AUC]  -  SA: 0.00000,  LA: 0.58700
[Test AUPRC]  -  LA: 0.67445
[Test F1-max]  -  LA: 0.76536
Epoch: 81 | Loss: 4.172320132056484e-06  | Negative Loss: 0.0
[Test ROC-AUC]  -  SA: 0.00000,  LA: 0.58688
[Test AUPRC]  -  LA: 0.67434
[Test F1-max]  -  LA: 0.76536
Epoch: 82 | Loss: 4.172320132056484e-06  | Negative Loss: 0.0
[Test ROC-AUC]  -  SA: 0.00000,  LA: 0.58712
[Test AUPRC]  -  LA: 0.67449
[Test F1-max]  -  LA: 0.76536
Epoch: 83 | Loss: 4.053110842505703e-06  | Negative Loss: 0.0
[Test ROC-AUC]  -  SA: 0.00000,  LA: 0.58712
[Test AUPRC]  -  LA: 0.67462
[Test F1-max]  -  LA: 0.76536
Epoch: 84 | Loss: 4.053110842505703e-06  | Negative Loss: 0.0
[Test ROC-AUC]  -  SA: 0.00000,  LA: 0.58696
[Test AUPRC]  -  LA: 0.67468
[Test F1-max]  -  LA: 0.76536
Epoch: 85 | Loss: 4.053110842505703e-06  | Negative Loss: 0.0
[Test ROC-AUC]  -  SA: 0.00000,  LA: 0.58680
[Test AUPRC]  -  LA: 0.67462
[Test F1-max]  -  LA: 0.76536
Epoch: 86 | Loss: 4.053110842505703e-06  | Negative Loss: 0.0
[Test ROC-AUC]  -  SA: 0.00000,  LA: 0.58688
[Test AUPRC]  -  LA: 0.67467
[Test F1-max]  -  LA: 0.76536
Epoch: 87 | Loss: 3.933902007702272e-06  | Negative Loss: 0.0
[Test ROC-AUC]  -  SA: 0.00000,  LA: 0.58692
[Test AUPRC]  -  LA: 0.67485
[Test F1-max]  -  LA: 0.76536
Epoch: 88 | Loss: 3.933902007702272e-06  | Negative Loss: 0.0
[Test ROC-AUC]  -  SA: 0.00000,  LA: 0.58692
[Test AUPRC]  -  LA: 0.67488
[Test F1-max]  -  LA: 0.76536
Epoch: 89 | Loss: 3.933902007702272e-06  | Negative Loss: 0.0
[Test ROC-AUC]  -  SA: 0.00000,  LA: 0.58672
[Test AUPRC]  -  LA: 0.67463
[Test F1-max]  -  LA: 0.76536
Epoch: 90 | Loss: 3.933902007702272e-06  | Negative Loss: 0.0
[Test ROC-AUC]  -  SA: 0.00000,  LA: 0.58664
[Test AUPRC]  -  LA: 0.67468
[Test F1-max]  -  LA: 0.76536
Epoch: 91 | Loss: 3.6954838833480608e-06  | Negative Loss: 0.0
[Test ROC-AUC]  -  SA: 0.00000,  LA: 0.58656
[Test AUPRC]  -  LA: 0.67468
[Test F1-max]  -  LA: 0.76536
Epoch: 92 | Loss: 3.6954838833480608e-06  | Negative Loss: 0.0
[Test ROC-AUC]  -  SA: 0.00000,  LA: 0.58640
[Test AUPRC]  -  LA: 0.67460
[Test F1-max]  -  LA: 0.76536
Epoch: 93 | Loss: 3.6954838833480608e-06  | Negative Loss: 0.0
[Test ROC-AUC]  -  SA: 0.00000,  LA: 0.58624
[Test AUPRC]  -  LA: 0.67454
[Test F1-max]  -  LA: 0.76536
Epoch: 94 | Loss: 3.6954838833480608e-06  | Negative Loss: 0.0
[Test ROC-AUC]  -  SA: 0.00000,  LA: 0.58616
[Test AUPRC]  -  LA: 0.67447
[Test F1-max]  -  LA: 0.76536
Epoch: 95 | Loss: 3.6954838833480608e-06  | Negative Loss: 0.0
[Test ROC-AUC]  -  SA: 0.00000,  LA: 0.58600
[Test AUPRC]  -  LA: 0.67435
[Test F1-max]  -  LA: 0.76536
Epoch: 96 | Loss: 3.5762750485446304e-06  | Negative Loss: 0.0
[Test ROC-AUC]  -  SA: 0.00000,  LA: 0.58588
[Test AUPRC]  -  LA: 0.67426
[Test F1-max]  -  LA: 0.76536
Epoch: 97 | Loss: 3.5762750485446304e-06  | Negative Loss: 0.0
[Test ROC-AUC]  -  SA: 0.00000,  LA: 0.58576
[Test AUPRC]  -  LA: 0.67420
[Test F1-max]  -  LA: 0.76536
Epoch: 98 | Loss: 3.5762750485446304e-06  | Negative Loss: 0.0
[Test ROC-AUC]  -  SA: 0.00000,  LA: 0.58560
[Test AUPRC]  -  LA: 0.67412
[Test F1-max]  -  LA: 0.76536
[Early Stopping] LA AUROC dropped for 10 consecutive epochs. Stop at epoch 100/100.
Time consumption: 137.64406490325928
Best LA AUC: 0.6457238413760152
Best LA AUPC: 0.7107217422144108
Best LA F1-max: 0.773109243697479
[Result] Experiment result appended to ./results/train_hybrid_result.csv

[END] 2026-03-18 18:03:12
[RETURN CODE] 0
