[START] 2026-03-18 17:42:24
[GPU] 2
[TASK] 45/120
[NAME] pushpins_winclip
[REPEAT] 5/10
[COMMAND] python train_hybrid.py --data_name pushpins --mask True --text True --double_encoder True --few_shot True --shot 1 --hybrid_model winclip --hybrid_weight 0.3 --hybrid_batch_size 16 --epoch 100 --log True --lr 5e-4 --detection True --preprocess True

/home/seungeon/miniconda3/envs/LAB/lib/python3.10/site-packages/timm/models/layers/__init__.py:48: FutureWarning: Importing from timm.models.layers is deprecated, please import via timm.layers
  warnings.warn(f"Importing from {__name__} is deprecated, please import via timm.layers", FutureWarning)
/home/seungeon/Workspace/side/vlm/train_hybrid.py:18: DeprecationWarning: The distutils package is deprecated and slated for removal in Python 3.12. Use setuptools or check PEP 632 for potential alternatives
  from distutils.util import strtobool
Torch version: 2.9.1+cu128
cuda is loaded for process
here?
In my local computer
Namespace(epoch=100, gpu_number='0', data_name='pushpins', lr=0.0005, batch_size=6, shuffle=True, seed=0, tag='default', model_name='ViT-B-32', pretrained_name='laion2b_s34b_b79k', lora=1, default=False, foundation='CLIP', detection=1, preprocess=1, num_rule=0, object_names=['yellow pushpin with metal point', 'plastic case', 'partition', 'blank'], objects_for_rules=[['yellow pushpin with metal point'], ['yellow pushpin with metal point', 'plastic case'], ['yellow pushpin with metal point'], ['yellow pushpin with metal point', 'plastic case'], ['plastic case']], texts_for_rules=[['yellow pushpin with metal point'], ['yellow pushpin with metal point and plastic case'], ['yellow pushpin with metal point'], ['yellow pushpin with metal point and plastic case'], ['plastic case']], mask=1, text=1, score='mean', ciriculam_learning=False, few_shot=1, shot=1, log=1, neg_loss=0, double_encoder=1, pretrained_count_path=None, ris=0, rule_select='', rule_list=[], num_negative=5, hybrid_model='winclip', hybrid_weight=0.3, hybrid_class_name='', hybrid_batch_size=16, hybrid_backbone='ViT-B-16-plus-240', hybrid_pretrained_dataset='laion400m_e32', hybrid_scales=[2, 3], hybrid_img_resize=240, hybrid_img_cropsize=240, hybrid_resolution=400, hybrid_promptad_epoch=100, hybrid_promptad_lr=0.002, hybrid_promptad_momentum=0.9, hybrid_promptad_weight_decay=0.0005, hybrid_promptad_eta_min=1e-05, hybrid_promptad_lambda1=0.001, hybrid_promptad_n_ctx=4, hybrid_promptad_n_pro=3, hybrid_promptad_n_ctx_ab=1, hybrid_promptad_n_pro_ab=4, early_stop_k=10, result_log_path='./results/train_hybrid_result.csv')
[Hybrid] method=winclip, class_name=pushpins, train=1, eval=229, base_path=/data3/seungeon/data/image/mvtec_loco_anomaly_detection/pushpins
grid 240 16 (15, 15)
[Hybrid-only] LA_AUC=0.57430, LA_AUPRC=0.62908, LA_F1=0.76190
[Data Description]
- Train: 1
- Test: 229

Train Start
[Test ROC-AUC]  -  SA: 0.00000,  LA: 0.52397
[Test AUPRC]  -  LA: 0.61757
[Test F1-max]  -  LA: 0.75275
Epoch: 0 | Loss: 5.009118556976318  | Negative Loss: 0.0
[Test ROC-AUC]  -  SA: 0.00000,  LA: 0.52731
[Test AUPRC]  -  LA: 0.62006
[Test F1-max]  -  LA: 0.75204
Epoch: 1 | Loss: 4.927705764770508  | Negative Loss: 0.0
[Test ROC-AUC]  -  SA: 0.00000,  LA: 0.54897
[Test AUPRC]  -  LA: 0.64789
[Test F1-max]  -  LA: 0.75410
Epoch: 2 | Loss: 3.8320322036743164  | Negative Loss: 0.0
[Test ROC-AUC]  -  SA: 0.00000,  LA: 0.58966
[Test AUPRC]  -  LA: 0.68274
[Test F1-max]  -  LA: 0.75410
Epoch: 3 | Loss: 2.3519771099090576  | Negative Loss: 0.0
[Test ROC-AUC]  -  SA: 0.00000,  LA: 0.63418
[Test AUPRC]  -  LA: 0.72470
[Test F1-max]  -  LA: 0.75556
Epoch: 4 | Loss: 1.1906434297561646  | Negative Loss: 0.0
[Test ROC-AUC]  -  SA: 0.00000,  LA: 0.66623
[Test AUPRC]  -  LA: 0.75385
[Test F1-max]  -  LA: 0.76879
Epoch: 5 | Loss: 0.6301717162132263  | Negative Loss: 0.0
[Test ROC-AUC]  -  SA: 0.00000,  LA: 0.68132
[Test AUPRC]  -  LA: 0.76786
[Test F1-max]  -  LA: 0.76966
Epoch: 6 | Loss: 0.35954204201698303  | Negative Loss: 0.0
[Test ROC-AUC]  -  SA: 0.00000,  LA: 0.69382
[Test AUPRC]  -  LA: 0.77604
[Test F1-max]  -  LA: 0.76966
Epoch: 7 | Loss: 0.21040262281894684  | Negative Loss: 0.0
[Test ROC-AUC]  -  SA: 0.00000,  LA: 0.70266
[Test AUPRC]  -  LA: 0.77802
[Test F1-max]  -  LA: 0.76966
Epoch: 8 | Loss: 0.12371865659952164  | Negative Loss: 0.0
[Test ROC-AUC]  -  SA: 0.00000,  LA: 0.70362
[Test AUPRC]  -  LA: 0.77829
[Test F1-max]  -  LA: 0.76966
Epoch: 9 | Loss: 0.0722561627626419  | Negative Loss: 0.0
[Test ROC-AUC]  -  SA: 0.00000,  LA: 0.70083
[Test AUPRC]  -  LA: 0.77610
[Test F1-max]  -  LA: 0.77095
Epoch: 10 | Loss: 0.042989108711481094  | Negative Loss: 0.0
[Test ROC-AUC]  -  SA: 0.00000,  LA: 0.70051
[Test AUPRC]  -  LA: 0.77202
[Test F1-max]  -  LA: 0.77183
Epoch: 11 | Loss: 0.026180477812886238  | Negative Loss: 0.0
[Test ROC-AUC]  -  SA: 0.00000,  LA: 0.69908
[Test AUPRC]  -  LA: 0.76830
[Test F1-max]  -  LA: 0.77273
Epoch: 12 | Loss: 0.01633419282734394  | Negative Loss: 0.0
[Test ROC-AUC]  -  SA: 0.00000,  LA: 0.69454
[Test AUPRC]  -  LA: 0.76044
[Test F1-max]  -  LA: 0.77326
Epoch: 13 | Loss: 0.010394486598670483  | Negative Loss: 0.0
[Test ROC-AUC]  -  SA: 0.00000,  LA: 0.69310
[Test AUPRC]  -  LA: 0.75880
[Test F1-max]  -  LA: 0.77326
Epoch: 14 | Loss: 0.006754162721335888  | Negative Loss: 0.0
[Test ROC-AUC]  -  SA: 0.00000,  LA: 0.69135
[Test AUPRC]  -  LA: 0.75448
[Test F1-max]  -  LA: 0.77778
Epoch: 15 | Loss: 0.004478117451071739  | Negative Loss: 0.0
[Test ROC-AUC]  -  SA: 0.00000,  LA: 0.69016
[Test AUPRC]  -  LA: 0.75206
[Test F1-max]  -  LA: 0.78134
Epoch: 16 | Loss: 0.003027835628017783  | Negative Loss: 0.0
[Test ROC-AUC]  -  SA: 0.00000,  LA: 0.69024
[Test AUPRC]  -  LA: 0.75144
[Test F1-max]  -  LA: 0.77907
Epoch: 17 | Loss: 0.0020935400389134884  | Negative Loss: 0.0
[Test ROC-AUC]  -  SA: 0.00000,  LA: 0.69091
[Test AUPRC]  -  LA: 0.75330
[Test F1-max]  -  LA: 0.77907
Epoch: 18 | Loss: 0.0014724642969667912  | Negative Loss: 0.0
[Test ROC-AUC]  -  SA: 0.00000,  LA: 0.68960
[Test AUPRC]  -  LA: 0.75152
[Test F1-max]  -  LA: 0.77586
Epoch: 19 | Loss: 0.0010509365238249302  | Negative Loss: 0.0
[Test ROC-AUC]  -  SA: 0.00000,  LA: 0.68896
[Test AUPRC]  -  LA: 0.74927
[Test F1-max]  -  LA: 0.77586
Epoch: 20 | Loss: 0.0007619712268933654  | Negative Loss: 0.0
[Test ROC-AUC]  -  SA: 0.00000,  LA: 0.68872
[Test AUPRC]  -  LA: 0.75058
[Test F1-max]  -  LA: 0.77551
Epoch: 21 | Loss: 0.000560806249268353  | Negative Loss: 0.0
[Test ROC-AUC]  -  SA: 0.00000,  LA: 0.68721
[Test AUPRC]  -  LA: 0.75282
[Test F1-max]  -  LA: 0.76879
Epoch: 22 | Loss: 0.00041933677857741714  | Negative Loss: 0.0
[Test ROC-AUC]  -  SA: 0.00000,  LA: 0.68474
[Test AUPRC]  -  LA: 0.75160
[Test F1-max]  -  LA: 0.76522
Epoch: 23 | Loss: 0.00031826464692130685  | Negative Loss: 0.0
[Test ROC-AUC]  -  SA: 0.00000,  LA: 0.68283
[Test AUPRC]  -  LA: 0.75091
[Test F1-max]  -  LA: 0.76522
Epoch: 24 | Loss: 0.0002455566427670419  | Negative Loss: 0.0
[Test ROC-AUC]  -  SA: 0.00000,  LA: 0.67917
[Test AUPRC]  -  LA: 0.74875
[Test F1-max]  -  LA: 0.76454
Epoch: 25 | Loss: 0.0001925140095409006  | Negative Loss: 0.0
[Test ROC-AUC]  -  SA: 0.00000,  LA: 0.67694
[Test AUPRC]  -  LA: 0.74680
[Test F1-max]  -  LA: 0.76454
Epoch: 26 | Loss: 0.00015305899432860315  | Negative Loss: 0.0
[Test ROC-AUC]  -  SA: 0.00000,  LA: 0.67447
[Test AUPRC]  -  LA: 0.74665
[Test F1-max]  -  LA: 0.76454
Epoch: 27 | Loss: 0.0001232586510013789  | Negative Loss: 0.0
[Test ROC-AUC]  -  SA: 0.00000,  LA: 0.67208
[Test AUPRC]  -  LA: 0.74527
[Test F1-max]  -  LA: 0.76454
[Early Stopping] LA AUROC dropped for 10 consecutive epochs. Stop at epoch 29/100.
Time consumption: 39.327293157577515
Best LA AUC: 0.7036152253543558
Best LA AUPC: 0.7782902984865687
Best LA F1-max: 0.7813411078717202
[Result] Experiment result appended to ./results/train_hybrid_result.csv

[END] 2026-03-18 17:46:52
[RETURN CODE] 0
