[START] 2026-03-18 17:05:05
[GPU] 2
[TASK] 22/120
[NAME] screw_bag_winclip
[REPEAT] 2/10
[COMMAND] python train_hybrid.py --data_name screw_bag --mask True --text True --double_encoder True --few_shot True --shot 1 --hybrid_model winclip --hybrid_weight 0.3 --hybrid_batch_size 16 --epoch 100 --log True --lr 5e-4 --detection True --preprocess True

/home/seungeon/miniconda3/envs/LAB/lib/python3.10/site-packages/timm/models/layers/__init__.py:48: FutureWarning: Importing from timm.models.layers is deprecated, please import via timm.layers
  warnings.warn(f"Importing from {__name__} is deprecated, please import via timm.layers", FutureWarning)
/home/seungeon/Workspace/side/vlm/train_hybrid.py:18: DeprecationWarning: The distutils package is deprecated and slated for removal in Python 3.12. Use setuptools or check PEP 632 for potential alternatives
  from distutils.util import strtobool
Torch version: 2.9.1+cu128
cuda is loaded for process
here?
In my local computer
Namespace(epoch=100, gpu_number='0', data_name='screw_bag', lr=0.0005, batch_size=6, shuffle=True, seed=0, tag='default', model_name='ViT-B-32', pretrained_name='laion2b_s34b_b79k', lora=1, default=False, foundation='CLIP', detection=1, preprocess=1, num_rule=0, object_names=['long_bolt', 'short_bolt', 'hexagonal nut', 'round washer', 'plastic bag', 'background'], objects_for_rules=[['long_bolt', 'short_bolt'], ['short_bolt'], ['long_bolt'], ['hexagonal nut'], ['round washer']], texts_for_rules=[['two bolts'], ['short bolt'], ['long bolt'], ['hexagonal nut'], ['round washer']], mask=1, text=1, score='mean', ciriculam_learning=False, few_shot=1, shot=1, log=1, neg_loss=0, double_encoder=1, pretrained_count_path=None, ris=0, rule_select='', rule_list=[], num_negative=5, hybrid_model='winclip', hybrid_weight=0.3, hybrid_class_name='', hybrid_batch_size=16, hybrid_backbone='ViT-B-16-plus-240', hybrid_pretrained_dataset='laion400m_e32', hybrid_scales=[2, 3], hybrid_img_resize=240, hybrid_img_cropsize=240, hybrid_resolution=400, hybrid_promptad_epoch=100, hybrid_promptad_lr=0.002, hybrid_promptad_momentum=0.9, hybrid_promptad_weight_decay=0.0005, hybrid_promptad_eta_min=1e-05, hybrid_promptad_lambda1=0.001, hybrid_promptad_n_ctx=4, hybrid_promptad_n_pro=3, hybrid_promptad_n_ctx_ab=1, hybrid_promptad_n_pro_ab=4, early_stop_k=10, result_log_path='./results/train_hybrid_result.csv')
[Hybrid] method=winclip, class_name=screw_bag, train=1, eval=259, base_path=/data3/seungeon/data/image/mvtec_loco_anomaly_detection/screw_bag
grid 240 16 (15, 15)
[Hybrid-only] LA_AUC=0.54137, LA_AUPRC=0.50508, LA_F1=0.64211
[Data Description]
- Train: 1
- Test: 259

Train Start
[Test ROC-AUC]  -  SA: 0.00000,  LA: 0.51107
[Test AUPRC]  -  LA: 0.50961
[Test F1-max]  -  LA: 0.64042
Epoch: 0 | Loss: 11.225882530212402  | Negative Loss: 0.0
[Test ROC-AUC]  -  SA: 0.00000,  LA: 0.51047
[Test AUPRC]  -  LA: 0.51183
[Test F1-max]  -  LA: 0.64042
Epoch: 1 | Loss: 11.118423461914062  | Negative Loss: 0.0
[Test ROC-AUC]  -  SA: 0.00000,  LA: 0.51125
[Test AUPRC]  -  LA: 0.51739
[Test F1-max]  -  LA: 0.64042
Epoch: 2 | Loss: 9.423723220825195  | Negative Loss: 0.0
[Test ROC-AUC]  -  SA: 0.00000,  LA: 0.51119
[Test AUPRC]  -  LA: 0.51744
[Test F1-max]  -  LA: 0.64042
Epoch: 3 | Loss: 6.8383378982543945  | Negative Loss: 0.0
[Test ROC-AUC]  -  SA: 0.00000,  LA: 0.52184
[Test AUPRC]  -  LA: 0.51591
[Test F1-max]  -  LA: 0.64042
Epoch: 4 | Loss: 4.0450968742370605  | Negative Loss: 0.0
[Test ROC-AUC]  -  SA: 0.00000,  LA: 0.53542
[Test AUPRC]  -  LA: 0.52997
[Test F1-max]  -  LA: 0.64042
Epoch: 5 | Loss: 1.9821785688400269  | Negative Loss: 0.0
[Test ROC-AUC]  -  SA: 0.00000,  LA: 0.55038
[Test AUPRC]  -  LA: 0.53378
[Test F1-max]  -  LA: 0.64042
Epoch: 6 | Loss: 0.8424582481384277  | Negative Loss: 0.0
[Test ROC-AUC]  -  SA: 0.00000,  LA: 0.55977
[Test AUPRC]  -  LA: 0.53888
[Test F1-max]  -  LA: 0.64042
Epoch: 7 | Loss: 0.3412393033504486  | Negative Loss: 0.0
[Test ROC-AUC]  -  SA: 0.00000,  LA: 0.57383
[Test AUPRC]  -  LA: 0.54581
[Test F1-max]  -  LA: 0.64773
Epoch: 8 | Loss: 0.1425851434469223  | Negative Loss: 0.0
[Test ROC-AUC]  -  SA: 0.00000,  LA: 0.57916
[Test AUPRC]  -  LA: 0.54351
[Test F1-max]  -  LA: 0.64286
Epoch: 9 | Loss: 0.06459054350852966  | Negative Loss: 0.0
[Test ROC-AUC]  -  SA: 0.00000,  LA: 0.58280
[Test AUPRC]  -  LA: 0.54862
[Test F1-max]  -  LA: 0.64444
Epoch: 10 | Loss: 0.03151955455541611  | Negative Loss: 0.0
[Test ROC-AUC]  -  SA: 0.00000,  LA: 0.58723
[Test AUPRC]  -  LA: 0.56031
[Test F1-max]  -  LA: 0.64641
Epoch: 11 | Loss: 0.016057711094617844  | Negative Loss: 0.0
[Test ROC-AUC]  -  SA: 0.00000,  LA: 0.58448
[Test AUPRC]  -  LA: 0.55754
[Test F1-max]  -  LA: 0.64641
Epoch: 12 | Loss: 0.008438153192400932  | Negative Loss: 0.0
[Test ROC-AUC]  -  SA: 0.00000,  LA: 0.58322
[Test AUPRC]  -  LA: 0.55939
[Test F1-max]  -  LA: 0.64690
Epoch: 13 | Loss: 0.004551238380372524  | Negative Loss: 0.0
[Test ROC-AUC]  -  SA: 0.00000,  LA: 0.58310
[Test AUPRC]  -  LA: 0.56085
[Test F1-max]  -  LA: 0.65041
Epoch: 14 | Loss: 0.002528019715100527  | Negative Loss: 0.0
[Test ROC-AUC]  -  SA: 0.00000,  LA: 0.58448
[Test AUPRC]  -  LA: 0.56161
[Test F1-max]  -  LA: 0.65217
Epoch: 15 | Loss: 0.0014427322894334793  | Negative Loss: 0.0
[Test ROC-AUC]  -  SA: 0.00000,  LA: 0.58203
[Test AUPRC]  -  LA: 0.55956
[Test F1-max]  -  LA: 0.65217
Epoch: 16 | Loss: 0.0008450895547866821  | Negative Loss: 0.0
[Test ROC-AUC]  -  SA: 0.00000,  LA: 0.57927
[Test AUPRC]  -  LA: 0.54931
[Test F1-max]  -  LA: 0.65574
Epoch: 17 | Loss: 0.0005071970517747104  | Negative Loss: 0.0
[Test ROC-AUC]  -  SA: 0.00000,  LA: 0.57580
[Test AUPRC]  -  LA: 0.54470
[Test F1-max]  -  LA: 0.65041
Epoch: 18 | Loss: 0.0003121942572761327  | Negative Loss: 0.0
[Test ROC-AUC]  -  SA: 0.00000,  LA: 0.57371
[Test AUPRC]  -  LA: 0.54734
[Test F1-max]  -  LA: 0.64865
Epoch: 19 | Loss: 0.00019621248065959662  | Negative Loss: 0.0
[Test ROC-AUC]  -  SA: 0.00000,  LA: 0.57030
[Test AUPRC]  -  LA: 0.54273
[Test F1-max]  -  LA: 0.65229
Epoch: 20 | Loss: 0.00012647850962821394  | Negative Loss: 0.0
[Test ROC-AUC]  -  SA: 0.00000,  LA: 0.56815
[Test AUPRC]  -  LA: 0.54158
[Test F1-max]  -  LA: 0.64879
Epoch: 21 | Loss: 8.33261656225659e-05  | Negative Loss: 0.0
[Test ROC-AUC]  -  SA: 0.00000,  LA: 0.56725
[Test AUPRC]  -  LA: 0.54012
[Test F1-max]  -  LA: 0.64706
Epoch: 22 | Loss: 5.626626079902053e-05  | Negative Loss: 0.0
[Test ROC-AUC]  -  SA: 0.00000,  LA: 0.56539
[Test AUPRC]  -  LA: 0.53880
[Test F1-max]  -  LA: 0.64690
Epoch: 23 | Loss: 3.874276808346622e-05  | Negative Loss: 0.0
[Test ROC-AUC]  -  SA: 0.00000,  LA: 0.56551
[Test AUPRC]  -  LA: 0.54111
[Test F1-max]  -  LA: 0.64894
Epoch: 24 | Loss: 2.7298799977870658e-05  | Negative Loss: 0.0
[Test ROC-AUC]  -  SA: 0.00000,  LA: 0.56372
[Test AUPRC]  -  LA: 0.53923
[Test F1-max]  -  LA: 0.64894
Epoch: 25 | Loss: 1.966946729226038e-05  | Negative Loss: 0.0
[Test ROC-AUC]  -  SA: 0.00000,  LA: 0.56234
[Test AUPRC]  -  LA: 0.53724
[Test F1-max]  -  LA: 0.64721
Epoch: 26 | Loss: 1.4662705325463321e-05  | Negative Loss: 0.0
[Test ROC-AUC]  -  SA: 0.00000,  LA: 0.56103
[Test AUPRC]  -  LA: 0.53619
[Test F1-max]  -  LA: 0.64721
Epoch: 27 | Loss: 1.0848025340237655e-05  | Negative Loss: 0.0
[Test ROC-AUC]  -  SA: 0.00000,  LA: 0.56139
[Test AUPRC]  -  LA: 0.53580
[Test F1-max]  -  LA: 0.64721
Epoch: 28 | Loss: 8.1062189565273e-06  | Negative Loss: 0.0
[Test ROC-AUC]  -  SA: 0.00000,  LA: 0.55995
[Test AUPRC]  -  LA: 0.53347
[Test F1-max]  -  LA: 0.64721
Epoch: 29 | Loss: 6.437294359784573e-06  | Negative Loss: 0.0
[Test ROC-AUC]  -  SA: 0.00000,  LA: 0.55893
[Test AUPRC]  -  LA: 0.53314
[Test F1-max]  -  LA: 0.64721
Epoch: 30 | Loss: 5.125994903210085e-06  | Negative Loss: 0.0
[Test ROC-AUC]  -  SA: 0.00000,  LA: 0.55833
[Test AUPRC]  -  LA: 0.53275
[Test F1-max]  -  LA: 0.64721
Epoch: 31 | Loss: 3.8146945371408947e-06  | Negative Loss: 0.0
[Test ROC-AUC]  -  SA: 0.00000,  LA: 0.55786
[Test AUPRC]  -  LA: 0.53129
[Test F1-max]  -  LA: 0.64721
Epoch: 32 | Loss: 3.099439709330909e-06  | Negative Loss: 0.0
[Test ROC-AUC]  -  SA: 0.00000,  LA: 0.55804
[Test AUPRC]  -  LA: 0.52995
[Test F1-max]  -  LA: 0.64550
Epoch: 33 | Loss: 2.8610215849766973e-06  | Negative Loss: 0.0
[Test ROC-AUC]  -  SA: 0.00000,  LA: 0.55774
[Test AUPRC]  -  LA: 0.53002
[Test F1-max]  -  LA: 0.64550
Epoch: 34 | Loss: 2.264975591970142e-06  | Negative Loss: 0.0
[Test ROC-AUC]  -  SA: 0.00000,  LA: 0.55720
[Test AUPRC]  -  LA: 0.52925
[Test F1-max]  -  LA: 0.64550
Epoch: 35 | Loss: 2.026557240242255e-06  | Negative Loss: 0.0
[Test ROC-AUC]  -  SA: 0.00000,  LA: 0.55717
[Test AUPRC]  -  LA: 0.52924
[Test F1-max]  -  LA: 0.64550
Epoch: 36 | Loss: 1.6689295989635866e-06  | Negative Loss: 0.0
[Test ROC-AUC]  -  SA: 0.00000,  LA: 0.55708
[Test AUPRC]  -  LA: 0.52910
[Test F1-max]  -  LA: 0.64550
Epoch: 37 | Loss: 1.4305110198620241e-06  | Negative Loss: 0.0
[Test ROC-AUC]  -  SA: 0.00000,  LA: 0.55648
[Test AUPRC]  -  LA: 0.52884
[Test F1-max]  -  LA: 0.64550
Epoch: 38 | Loss: 1.3113019576849183e-06  | Negative Loss: 0.0
[Test ROC-AUC]  -  SA: 0.00000,  LA: 0.55612
[Test AUPRC]  -  LA: 0.52813
[Test F1-max]  -  LA: 0.64550
Epoch: 39 | Loss: 1.192092668134137e-06  | Negative Loss: 0.0
[Test ROC-AUC]  -  SA: 0.00000,  LA: 0.55636
[Test AUPRC]  -  LA: 0.52828
[Test F1-max]  -  LA: 0.64550
Epoch: 40 | Loss: 9.536740890325746e-07  | Negative Loss: 0.0
[Test ROC-AUC]  -  SA: 0.00000,  LA: 0.55636
[Test AUPRC]  -  LA: 0.52792
[Test F1-max]  -  LA: 0.64550
Epoch: 41 | Loss: 9.536740890325746e-07  | Negative Loss: 0.0
[Test ROC-AUC]  -  SA: 0.00000,  LA: 0.55630
[Test AUPRC]  -  LA: 0.52798
[Test F1-max]  -  LA: 0.64550
Epoch: 42 | Loss: 9.536740890325746e-07  | Negative Loss: 0.0
[Test ROC-AUC]  -  SA: 0.00000,  LA: 0.55594
[Test AUPRC]  -  LA: 0.52757
[Test F1-max]  -  LA: 0.64550
Epoch: 43 | Loss: 7.152556236178498e-07  | Negative Loss: 0.0
[Test ROC-AUC]  -  SA: 0.00000,  LA: 0.55594
[Test AUPRC]  -  LA: 0.52766
[Test F1-max]  -  LA: 0.64550
Epoch: 44 | Loss: 7.152556236178498e-07  | Negative Loss: 0.0
[Test ROC-AUC]  -  SA: 0.00000,  LA: 0.55576
[Test AUPRC]  -  LA: 0.52758
[Test F1-max]  -  LA: 0.64550
Epoch: 45 | Loss: 5.960463909104874e-07  | Negative Loss: 0.0
[Test ROC-AUC]  -  SA: 0.00000,  LA: 0.55552
[Test AUPRC]  -  LA: 0.52719
[Test F1-max]  -  LA: 0.64550
Epoch: 46 | Loss: 5.960463909104874e-07  | Negative Loss: 0.0
[Test ROC-AUC]  -  SA: 0.00000,  LA: 0.55534
[Test AUPRC]  -  LA: 0.52707
[Test F1-max]  -  LA: 0.64550
Epoch: 47 | Loss: 5.960463909104874e-07  | Negative Loss: 0.0
[Test ROC-AUC]  -  SA: 0.00000,  LA: 0.55540
[Test AUPRC]  -  LA: 0.52716
[Test F1-max]  -  LA: 0.64550
Epoch: 48 | Loss: 4.7683710135970614e-07  | Negative Loss: 0.0
[Test ROC-AUC]  -  SA: 0.00000,  LA: 0.55564
[Test AUPRC]  -  LA: 0.52712
[Test F1-max]  -  LA: 0.64550
Epoch: 49 | Loss: 4.7683710135970614e-07  | Negative Loss: 0.0
[Test ROC-AUC]  -  SA: 0.00000,  LA: 0.55558
[Test AUPRC]  -  LA: 0.52609
[Test F1-max]  -  LA: 0.64550
Epoch: 50 | Loss: 4.7683710135970614e-07  | Negative Loss: 0.0
[Test ROC-AUC]  -  SA: 0.00000,  LA: 0.55504
[Test AUPRC]  -  LA: 0.52587
[Test F1-max]  -  LA: 0.64550
Epoch: 51 | Loss: 4.7683710135970614e-07  | Negative Loss: 0.0
[Test ROC-AUC]  -  SA: 0.00000,  LA: 0.55486
[Test AUPRC]  -  LA: 0.52581
[Test F1-max]  -  LA: 0.64550
Epoch: 52 | Loss: 4.7683710135970614e-07  | Negative Loss: 0.0
[Test ROC-AUC]  -  SA: 0.00000,  LA: 0.55480
[Test AUPRC]  -  LA: 0.52585
[Test F1-max]  -  LA: 0.64550
Epoch: 53 | Loss: 4.7683710135970614e-07  | Negative Loss: 0.0
[Test ROC-AUC]  -  SA: 0.00000,  LA: 0.55504
[Test AUPRC]  -  LA: 0.52617
[Test F1-max]  -  LA: 0.64550
Epoch: 54 | Loss: 4.7683710135970614e-07  | Negative Loss: 0.0
[Test ROC-AUC]  -  SA: 0.00000,  LA: 0.55519
[Test AUPRC]  -  LA: 0.52642
[Test F1-max]  -  LA: 0.64550
Epoch: 55 | Loss: 4.7683710135970614e-07  | Negative Loss: 0.0
[Test ROC-AUC]  -  SA: 0.00000,  LA: 0.55534
[Test AUPRC]  -  LA: 0.52615
[Test F1-max]  -  LA: 0.64550
Epoch: 56 | Loss: 4.7683710135970614e-07  | Negative Loss: 0.0
[Test ROC-AUC]  -  SA: 0.00000,  LA: 0.55528
[Test AUPRC]  -  LA: 0.52607
[Test F1-max]  -  LA: 0.64550
Epoch: 57 | Loss: 3.576278402306343e-07  | Negative Loss: 0.0
[Test ROC-AUC]  -  SA: 0.00000,  LA: 0.55531
[Test AUPRC]  -  LA: 0.52625
[Test F1-max]  -  LA: 0.64550
Epoch: 58 | Loss: 3.576278402306343e-07  | Negative Loss: 0.0
[Test ROC-AUC]  -  SA: 0.00000,  LA: 0.55546
[Test AUPRC]  -  LA: 0.52635
[Test F1-max]  -  LA: 0.64550
Epoch: 59 | Loss: 3.576278402306343e-07  | Negative Loss: 0.0
[Test ROC-AUC]  -  SA: 0.00000,  LA: 0.55558
[Test AUPRC]  -  LA: 0.52643
[Test F1-max]  -  LA: 0.64550
Epoch: 60 | Loss: 3.576278402306343e-07  | Negative Loss: 0.0
[Test ROC-AUC]  -  SA: 0.00000,  LA: 0.55570
[Test AUPRC]  -  LA: 0.52655
[Test F1-max]  -  LA: 0.64550
Epoch: 61 | Loss: 3.576278402306343e-07  | Negative Loss: 0.0
[Test ROC-AUC]  -  SA: 0.00000,  LA: 0.55585
[Test AUPRC]  -  LA: 0.52667
[Test F1-max]  -  LA: 0.64550
Epoch: 62 | Loss: 2.3841855067985307e-07  | Negative Loss: 0.0
[Test ROC-AUC]  -  SA: 0.00000,  LA: 0.55588
[Test AUPRC]  -  LA: 0.52669
[Test F1-max]  -  LA: 0.64550
Epoch: 63 | Loss: 2.3841855067985307e-07  | Negative Loss: 0.0
[Test ROC-AUC]  -  SA: 0.00000,  LA: 0.55588
[Test AUPRC]  -  LA: 0.52673
[Test F1-max]  -  LA: 0.64550
Epoch: 64 | Loss: 2.3841855067985307e-07  | Negative Loss: 0.0
[Test ROC-AUC]  -  SA: 0.00000,  LA: 0.55582
[Test AUPRC]  -  LA: 0.52670
[Test F1-max]  -  LA: 0.64550
Epoch: 65 | Loss: 1.1920928244535389e-07  | Negative Loss: 0.0
[Test ROC-AUC]  -  SA: 0.00000,  LA: 0.55570
[Test AUPRC]  -  LA: 0.52650
[Test F1-max]  -  LA: 0.64550
Epoch: 66 | Loss: 1.1920928244535389e-07  | Negative Loss: 0.0
[Test ROC-AUC]  -  SA: 0.00000,  LA: 0.55555
[Test AUPRC]  -  LA: 0.52640
[Test F1-max]  -  LA: 0.64550
Epoch: 67 | Loss: 1.1920928244535389e-07  | Negative Loss: 0.0
[Test ROC-AUC]  -  SA: 0.00000,  LA: 0.55546
[Test AUPRC]  -  LA: 0.52636
[Test F1-max]  -  LA: 0.64550
Epoch: 68 | Loss: 1.1920928244535389e-07  | Negative Loss: 0.0
[Test ROC-AUC]  -  SA: 0.00000,  LA: 0.55564
[Test AUPRC]  -  LA: 0.52701
[Test F1-max]  -  LA: 0.64550
Epoch: 69 | Loss: 1.1920928244535389e-07  | Negative Loss: 0.0
[Test ROC-AUC]  -  SA: 0.00000,  LA: 0.55564
[Test AUPRC]  -  LA: 0.52701
[Test F1-max]  -  LA: 0.64550
Epoch: 70 | Loss: 1.1920928244535389e-07  | Negative Loss: 0.0
[Test ROC-AUC]  -  SA: 0.00000,  LA: 0.55558
[Test AUPRC]  -  LA: 0.52657
[Test F1-max]  -  LA: 0.64550
Epoch: 71 | Loss: 1.1920928244535389e-07  | Negative Loss: 0.0
[Test ROC-AUC]  -  SA: 0.00000,  LA: 0.55555
[Test AUPRC]  -  LA: 0.52656
[Test F1-max]  -  LA: 0.64550
Epoch: 72 | Loss: 1.1920928244535389e-07  | Negative Loss: 0.0
[Test ROC-AUC]  -  SA: 0.00000,  LA: 0.55540
[Test AUPRC]  -  LA: 0.52643
[Test F1-max]  -  LA: 0.64550
Epoch: 73 | Loss: 1.1920928244535389e-07  | Negative Loss: 0.0
[Test ROC-AUC]  -  SA: 0.00000,  LA: 0.55540
[Test AUPRC]  -  LA: 0.52643
[Test F1-max]  -  LA: 0.64550
Epoch: 74 | Loss: 1.1920928244535389e-07  | Negative Loss: 0.0
[Test ROC-AUC]  -  SA: 0.00000,  LA: 0.55534
[Test AUPRC]  -  LA: 0.52641
[Test F1-max]  -  LA: 0.64550
Epoch: 75 | Loss: 1.1920928244535389e-07  | Negative Loss: 0.0
[Test ROC-AUC]  -  SA: 0.00000,  LA: 0.55522
[Test AUPRC]  -  LA: 0.52631
[Test F1-max]  -  LA: 0.64550
Epoch: 76 | Loss: 1.1920928244535389e-07  | Negative Loss: 0.0
[Test ROC-AUC]  -  SA: 0.00000,  LA: 0.55522
[Test AUPRC]  -  LA: 0.52631
[Test F1-max]  -  LA: 0.64550
Epoch: 77 | Loss: 1.1920928244535389e-07  | Negative Loss: 0.0
[Test ROC-AUC]  -  SA: 0.00000,  LA: 0.55522
[Test AUPRC]  -  LA: 0.52631
[Test F1-max]  -  LA: 0.64550
Epoch: 78 | Loss: 1.1920928244535389e-07  | Negative Loss: 0.0
[Test ROC-AUC]  -  SA: 0.00000,  LA: 0.55507
[Test AUPRC]  -  LA: 0.52620
[Test F1-max]  -  LA: 0.64550
Epoch: 79 | Loss: 1.1920928244535389e-07  | Negative Loss: 0.0
[Test ROC-AUC]  -  SA: 0.00000,  LA: 0.55498
[Test AUPRC]  -  LA: 0.52610
[Test F1-max]  -  LA: 0.64550
Epoch: 80 | Loss: 1.1920928244535389e-07  | Negative Loss: 0.0
[Test ROC-AUC]  -  SA: 0.00000,  LA: 0.55498
[Test AUPRC]  -  LA: 0.52610
[Test F1-max]  -  LA: 0.64550
Epoch: 81 | Loss: 1.1920928244535389e-07  | Negative Loss: 0.0
[Test ROC-AUC]  -  SA: 0.00000,  LA: 0.55498
[Test AUPRC]  -  LA: 0.52612
[Test F1-max]  -  LA: 0.64550
Epoch: 82 | Loss: 1.1920928244535389e-07  | Negative Loss: 0.0
[Test ROC-AUC]  -  SA: 0.00000,  LA: 0.55498
[Test AUPRC]  -  LA: 0.52599
[Test F1-max]  -  LA: 0.64550
Epoch: 83 | Loss: 1.1920928244535389e-07  | Negative Loss: 0.0
[Test ROC-AUC]  -  SA: 0.00000,  LA: 0.55492
[Test AUPRC]  -  LA: 0.52596
[Test F1-max]  -  LA: 0.64550
Epoch: 84 | Loss: 1.1920928244535389e-07  | Negative Loss: 0.0
[Test ROC-AUC]  -  SA: 0.00000,  LA: 0.55492
[Test AUPRC]  -  LA: 0.52596
[Test F1-max]  -  LA: 0.64550
Epoch: 85 | Loss: 1.1920928244535389e-07  | Negative Loss: 0.0
[Test ROC-AUC]  -  SA: 0.00000,  LA: 0.55486
[Test AUPRC]  -  LA: 0.52594
[Test F1-max]  -  LA: 0.64550
Epoch: 86 | Loss: 1.1920928244535389e-07  | Negative Loss: 0.0
[Test ROC-AUC]  -  SA: 0.00000,  LA: 0.55492
[Test AUPRC]  -  LA: 0.52615
[Test F1-max]  -  LA: 0.64550
Epoch: 87 | Loss: 1.1920928244535389e-07  | Negative Loss: 0.0
[Test ROC-AUC]  -  SA: 0.00000,  LA: 0.55483
[Test AUPRC]  -  LA: 0.52610
[Test F1-max]  -  LA: 0.64550
Epoch: 88 | Loss: 1.1920928244535389e-07  | Negative Loss: 0.0
[Test ROC-AUC]  -  SA: 0.00000,  LA: 0.55480
[Test AUPRC]  -  LA: 0.52609
[Test F1-max]  -  LA: 0.64550
Epoch: 89 | Loss: 1.1920928244535389e-07  | Negative Loss: 0.0
[Test ROC-AUC]  -  SA: 0.00000,  LA: 0.55474
[Test AUPRC]  -  LA: 0.52608
[Test F1-max]  -  LA: 0.64550
Epoch: 90 | Loss: 1.1920928244535389e-07  | Negative Loss: 0.0
[Test ROC-AUC]  -  SA: 0.00000,  LA: 0.55480
[Test AUPRC]  -  LA: 0.52615
[Test F1-max]  -  LA: 0.64550
Epoch: 91 | Loss: 1.1920928244535389e-07  | Negative Loss: 0.0
[Test ROC-AUC]  -  SA: 0.00000,  LA: 0.55480
[Test AUPRC]  -  LA: 0.52615
[Test F1-max]  -  LA: 0.64550
Epoch: 92 | Loss: 1.1920928244535389e-07  | Negative Loss: 0.0
[Test ROC-AUC]  -  SA: 0.00000,  LA: 0.55480
[Test AUPRC]  -  LA: 0.52615
[Test F1-max]  -  LA: 0.64550
Epoch: 93 | Loss: 1.1920928244535389e-07  | Negative Loss: 0.0
[Test ROC-AUC]  -  SA: 0.00000,  LA: 0.55486
[Test AUPRC]  -  LA: 0.52659
[Test F1-max]  -  LA: 0.64550
Epoch: 94 | Loss: 1.1920928244535389e-07  | Negative Loss: 0.0
[Test ROC-AUC]  -  SA: 0.00000,  LA: 0.55486
[Test AUPRC]  -  LA: 0.52659
[Test F1-max]  -  LA: 0.64550
Epoch: 95 | Loss: 1.1920928244535389e-07  | Negative Loss: 0.0
[Test ROC-AUC]  -  SA: 0.00000,  LA: 0.55492
[Test AUPRC]  -  LA: 0.52661
[Test F1-max]  -  LA: 0.64550
Epoch: 96 | Loss: 1.1920928244535389e-07  | Negative Loss: 0.0
[Test ROC-AUC]  -  SA: 0.00000,  LA: 0.55492
[Test AUPRC]  -  LA: 0.52661
[Test F1-max]  -  LA: 0.64550
Epoch: 97 | Loss: 1.1920928244535389e-07  | Negative Loss: 0.0
[Test ROC-AUC]  -  SA: 0.00000,  LA: 0.55492
[Test AUPRC]  -  LA: 0.52661
[Test F1-max]  -  LA: 0.64550
Epoch: 98 | Loss: 1.1920928244535389e-07  | Negative Loss: 0.0
[Test ROC-AUC]  -  SA: 0.00000,  LA: 0.55480
[Test AUPRC]  -  LA: 0.52657
[Test F1-max]  -  LA: 0.64550
Epoch: 99 | Loss: 1.1920928244535389e-07  | Negative Loss: 0.0
Time consumption: 175.63952493667603
Best LA AUC: 0.5872322603805192
Best LA AUPC: 0.5616094842425676
Best LA F1-max: 0.6557377049180328
[Result] Experiment result appended to ./results/train_hybrid_result.csv

[END] 2026-03-18 17:12:13
[RETURN CODE] 0
