[START] 2026-03-18 18:50:06
[GPU] 2
[TASK] 109/120
[NAME] cherry_juice_winclip
[REPEAT] 9/10
[COMMAND] python train_hybrid.py --data_name cherry_juice --mask True --text True --double_encoder True --few_shot True --shot 1 --hybrid_model winclip --hybrid_weight 0.3 --hybrid_batch_size 16 --epoch 100 --log True --lr 5e-4 --detection True --preprocess True

/home/seungeon/miniconda3/envs/LAB/lib/python3.10/site-packages/timm/models/layers/__init__.py:48: FutureWarning: Importing from timm.models.layers is deprecated, please import via timm.layers
  warnings.warn(f"Importing from {__name__} is deprecated, please import via timm.layers", FutureWarning)
/home/seungeon/Workspace/side/vlm/train_hybrid.py:18: DeprecationWarning: The distutils package is deprecated and slated for removal in Python 3.12. Use setuptools or check PEP 632 for potential alternatives
  from distutils.util import strtobool
Torch version: 2.9.1+cu128
cuda is loaded for process
here?
In my local computer
Namespace(epoch=100, gpu_number='0', data_name='cherry_juice', lr=0.0005, batch_size=6, shuffle=True, seed=0, tag='default', model_name='ViT-B-32', pretrained_name='laion2b_s34b_b79k', lora=1, default=False, foundation='CLIP', detection=1, preprocess=1, num_rule=0, object_names=['a photo of cherry picture label', 'a photo of 100% text label', 'a photo of bottle cap', 'a photo of black background'], objects_for_rules=[['a photo of cherry picture label'], ['a photo of cherry picture label', 'a photo of 100% text label'], ['a photo of cherry picture label'], ['a photo of 100% text label'], ['a photo of cherry picture label', 'a photo of 100% text label']], texts_for_rules=[['a photo of cherry picture label'], ['a photo of cherry picture label and 100% text label'], ['a photo of cherry picture label'], ['a photo of 100% text label'], ['a photo of fruit picture label and 100% text label']], mask=1, text=1, score='mean', ciriculam_learning=False, few_shot=1, shot=1, log=1, neg_loss=0, double_encoder=1, pretrained_count_path=None, ris=0, rule_select='', rule_list=[], num_negative=5, hybrid_model='winclip', hybrid_weight=0.3, hybrid_class_name='', hybrid_batch_size=16, hybrid_backbone='ViT-B-16-plus-240', hybrid_pretrained_dataset='laion400m_e32', hybrid_scales=[2, 3], hybrid_img_resize=240, hybrid_img_cropsize=240, hybrid_resolution=400, hybrid_promptad_epoch=100, hybrid_promptad_lr=0.002, hybrid_promptad_momentum=0.9, hybrid_promptad_weight_decay=0.0005, hybrid_promptad_eta_min=1e-05, hybrid_promptad_lambda1=0.001, hybrid_promptad_n_ctx=4, hybrid_promptad_n_pro=3, hybrid_promptad_n_ctx_ab=1, hybrid_promptad_n_pro_ab=4, early_stop_k=10, result_log_path='./results/train_hybrid_result.csv')
[Hybrid] method=winclip, class_name=juice_bottle, train=1, eval=73, base_path=/data3/seungeon/data/image/mvtec_loco_anomaly_detection/cherry_juice
grid 240 16 (15, 15)
[Hybrid-only] LA_AUC=0.74009, LA_AUPRC=0.57518, LA_F1=0.73810
[Data Description]
- Train: 1
- Test: 73

Train Start
[Test ROC-AUC]  -  SA: 0.00000,  LA: 0.60137
[Test AUPRC]  -  LA: 0.45733
[Test F1-max]  -  LA: 0.66667
Epoch: 0 | Loss: 15.460006713867188  | Negative Loss: 0.0
[Test ROC-AUC]  -  SA: 0.00000,  LA: 0.60061
[Test AUPRC]  -  LA: 0.45688
[Test F1-max]  -  LA: 0.66667
Epoch: 1 | Loss: 15.34583854675293  | Negative Loss: 0.0
[Test ROC-AUC]  -  SA: 0.00000,  LA: 0.65015
[Test AUPRC]  -  LA: 0.50467
[Test F1-max]  -  LA: 0.71795
Epoch: 2 | Loss: 13.684837341308594  | Negative Loss: 0.0
[Test ROC-AUC]  -  SA: 0.00000,  LA: 0.75381
[Test AUPRC]  -  LA: 0.68337
[Test F1-max]  -  LA: 0.71233
Epoch: 3 | Loss: 11.110821723937988  | Negative Loss: 0.0
[Test ROC-AUC]  -  SA: 0.00000,  LA: 0.83460
[Test AUPRC]  -  LA: 0.78595
[Test F1-max]  -  LA: 0.75949
Epoch: 4 | Loss: 8.2476167678833  | Negative Loss: 0.0
[Test ROC-AUC]  -  SA: 0.00000,  LA: 0.85366
[Test AUPRC]  -  LA: 0.81970
[Test F1-max]  -  LA: 0.80000
Epoch: 5 | Loss: 5.878490924835205  | Negative Loss: 0.0
[Test ROC-AUC]  -  SA: 0.00000,  LA: 0.85671
[Test AUPRC]  -  LA: 0.82862
[Test F1-max]  -  LA: 0.81013
Epoch: 6 | Loss: 4.291213035583496  | Negative Loss: 0.0
[Test ROC-AUC]  -  SA: 0.00000,  LA: 0.85823
[Test AUPRC]  -  LA: 0.83459
[Test F1-max]  -  LA: 0.80000
Epoch: 7 | Loss: 3.1812732219696045  | Negative Loss: 0.0
[Test ROC-AUC]  -  SA: 0.00000,  LA: 0.86433
[Test AUPRC]  -  LA: 0.84254
[Test F1-max]  -  LA: 0.80000
Epoch: 8 | Loss: 2.3734183311462402  | Negative Loss: 0.0
[Test ROC-AUC]  -  SA: 0.00000,  LA: 0.85976
[Test AUPRC]  -  LA: 0.83681
[Test F1-max]  -  LA: 0.79012
Epoch: 9 | Loss: 1.741559386253357  | Negative Loss: 0.0
[Test ROC-AUC]  -  SA: 0.00000,  LA: 0.86128
[Test AUPRC]  -  LA: 0.83947
[Test F1-max]  -  LA: 0.79012
Epoch: 10 | Loss: 1.2033950090408325  | Negative Loss: 0.0
[Test ROC-AUC]  -  SA: 0.00000,  LA: 0.86280
[Test AUPRC]  -  LA: 0.84073
[Test F1-max]  -  LA: 0.79012
Epoch: 11 | Loss: 0.767691969871521  | Negative Loss: 0.0
[Test ROC-AUC]  -  SA: 0.00000,  LA: 0.86204
[Test AUPRC]  -  LA: 0.83964
[Test F1-max]  -  LA: 0.79012
Epoch: 12 | Loss: 0.4466915726661682  | Negative Loss: 0.0
[Test ROC-AUC]  -  SA: 0.00000,  LA: 0.86509
[Test AUPRC]  -  LA: 0.84212
[Test F1-max]  -  LA: 0.79012
Epoch: 13 | Loss: 0.24665658175945282  | Negative Loss: 0.0
[Test ROC-AUC]  -  SA: 0.00000,  LA: 0.86433
[Test AUPRC]  -  LA: 0.84190
[Test F1-max]  -  LA: 0.79012
Epoch: 14 | Loss: 0.1338864117860794  | Negative Loss: 0.0
[Test ROC-AUC]  -  SA: 0.00000,  LA: 0.86280
[Test AUPRC]  -  LA: 0.84025
[Test F1-max]  -  LA: 0.77108
Epoch: 15 | Loss: 0.07195203006267548  | Negative Loss: 0.0
[Test ROC-AUC]  -  SA: 0.00000,  LA: 0.86433
[Test AUPRC]  -  LA: 0.84262
[Test F1-max]  -  LA: 0.77108
Epoch: 16 | Loss: 0.03897321969270706  | Negative Loss: 0.0
[Test ROC-AUC]  -  SA: 0.00000,  LA: 0.86585
[Test AUPRC]  -  LA: 0.83971
[Test F1-max]  -  LA: 0.77778
Epoch: 17 | Loss: 0.021337464451789856  | Negative Loss: 0.0
[Test ROC-AUC]  -  SA: 0.00000,  LA: 0.86814
[Test AUPRC]  -  LA: 0.83846
[Test F1-max]  -  LA: 0.77778
Epoch: 18 | Loss: 0.011864949017763138  | Negative Loss: 0.0
[Test ROC-AUC]  -  SA: 0.00000,  LA: 0.86966
[Test AUPRC]  -  LA: 0.83641
[Test F1-max]  -  LA: 0.77778
Epoch: 19 | Loss: 0.006702571175992489  | Negative Loss: 0.0
[Test ROC-AUC]  -  SA: 0.00000,  LA: 0.86966
[Test AUPRC]  -  LA: 0.82861
[Test F1-max]  -  LA: 0.77922
Epoch: 20 | Loss: 0.0038519350346177816  | Negative Loss: 0.0
[Test ROC-AUC]  -  SA: 0.00000,  LA: 0.87195
[Test AUPRC]  -  LA: 0.82921
[Test F1-max]  -  LA: 0.77922
Epoch: 21 | Loss: 0.002260803012177348  | Negative Loss: 0.0
[Test ROC-AUC]  -  SA: 0.00000,  LA: 0.87195
[Test AUPRC]  -  LA: 0.82168
[Test F1-max]  -  LA: 0.78947
Epoch: 22 | Loss: 0.0013544033281505108  | Negative Loss: 0.0
[Test ROC-AUC]  -  SA: 0.00000,  LA: 0.86966
[Test AUPRC]  -  LA: 0.81740
[Test F1-max]  -  LA: 0.79487
Epoch: 23 | Loss: 0.0008321292698383331  | Negative Loss: 0.0
[Test ROC-AUC]  -  SA: 0.00000,  LA: 0.86509
[Test AUPRC]  -  LA: 0.80854
[Test F1-max]  -  LA: 0.79487
Epoch: 24 | Loss: 0.0005243299528956413  | Negative Loss: 0.0
[Test ROC-AUC]  -  SA: 0.00000,  LA: 0.85976
[Test AUPRC]  -  LA: 0.79168
[Test F1-max]  -  LA: 0.79487
Epoch: 25 | Loss: 0.0003384067676961422  | Negative Loss: 0.0
[Test ROC-AUC]  -  SA: 0.00000,  LA: 0.86204
[Test AUPRC]  -  LA: 0.79071
[Test F1-max]  -  LA: 0.78481
Epoch: 26 | Loss: 0.00022398239525500685  | Negative Loss: 0.0
[Test ROC-AUC]  -  SA: 0.00000,  LA: 0.86280
[Test AUPRC]  -  LA: 0.78940
[Test F1-max]  -  LA: 0.80000
Epoch: 27 | Loss: 0.0001519866200396791  | Negative Loss: 0.0
[Test ROC-AUC]  -  SA: 0.00000,  LA: 0.86052
[Test AUPRC]  -  LA: 0.78775
[Test F1-max]  -  LA: 0.80000
Epoch: 28 | Loss: 0.00010561701492406428  | Negative Loss: 0.0
[Test ROC-AUC]  -  SA: 0.00000,  LA: 0.86204
[Test AUPRC]  -  LA: 0.78843
[Test F1-max]  -  LA: 0.81013
Epoch: 29 | Loss: 7.486226968467236e-05  | Negative Loss: 0.0
[Test ROC-AUC]  -  SA: 0.00000,  LA: 0.86052
[Test AUPRC]  -  LA: 0.78198
[Test F1-max]  -  LA: 0.81013
Epoch: 30 | Loss: 5.4239630117081106e-05  | Negative Loss: 0.0
[Test ROC-AUC]  -  SA: 0.00000,  LA: 0.85899
[Test AUPRC]  -  LA: 0.78099
[Test F1-max]  -  LA: 0.79487
Epoch: 31 | Loss: 4.005400842288509e-05  | Negative Loss: 0.0
[Test ROC-AUC]  -  SA: 0.00000,  LA: 0.85518
[Test AUPRC]  -  LA: 0.77585
[Test F1-max]  -  LA: 0.79012
Epoch: 32 | Loss: 3.0517401683027856e-05  | Negative Loss: 0.0
[Test ROC-AUC]  -  SA: 0.00000,  LA: 0.85213
[Test AUPRC]  -  LA: 0.77286
[Test F1-max]  -  LA: 0.79012
Epoch: 33 | Loss: 2.3484128178097308e-05  | Negative Loss: 0.0
[Test ROC-AUC]  -  SA: 0.00000,  LA: 0.84985
[Test AUPRC]  -  LA: 0.76504
[Test F1-max]  -  LA: 0.79012
Epoch: 34 | Loss: 1.8477378034731373e-05  | Negative Loss: 0.0
[Test ROC-AUC]  -  SA: 0.00000,  LA: 0.84756
[Test AUPRC]  -  LA: 0.76240
[Test F1-max]  -  LA: 0.79012
Epoch: 35 | Loss: 1.47819137055194e-05  | Negative Loss: 0.0
[Test ROC-AUC]  -  SA: 0.00000,  LA: 0.84604
[Test AUPRC]  -  LA: 0.76046
[Test F1-max]  -  LA: 0.79012
Epoch: 36 | Loss: 1.1801694199675694e-05  | Negative Loss: 0.0
[Test ROC-AUC]  -  SA: 0.00000,  LA: 0.84451
[Test AUPRC]  -  LA: 0.75800
[Test F1-max]  -  LA: 0.79012
Epoch: 37 | Loss: 9.77514537225943e-06  | Negative Loss: 0.0
[Test ROC-AUC]  -  SA: 0.00000,  LA: 0.84375
[Test AUPRC]  -  LA: 0.75733
[Test F1-max]  -  LA: 0.79012
Epoch: 38 | Loss: 8.225430065067485e-06  | Negative Loss: 0.0
[Test ROC-AUC]  -  SA: 0.00000,  LA: 0.84527
[Test AUPRC]  -  LA: 0.75858
[Test F1-max]  -  LA: 0.79012
Epoch: 39 | Loss: 7.033339898043778e-06  | Negative Loss: 0.0
[Test ROC-AUC]  -  SA: 0.00000,  LA: 0.84375
[Test AUPRC]  -  LA: 0.75690
[Test F1-max]  -  LA: 0.79012
Epoch: 40 | Loss: 6.079667400626931e-06  | Negative Loss: 0.0
[Test ROC-AUC]  -  SA: 0.00000,  LA: 0.84375
[Test AUPRC]  -  LA: 0.75682
[Test F1-max]  -  LA: 0.79012
Epoch: 41 | Loss: 5.245204192760866e-06  | Negative Loss: 0.0
[Test ROC-AUC]  -  SA: 0.00000,  LA: 0.84223
[Test AUPRC]  -  LA: 0.74551
[Test F1-max]  -  LA: 0.79012
Epoch: 42 | Loss: 4.649158654501662e-06  | Negative Loss: 0.0
[Test ROC-AUC]  -  SA: 0.00000,  LA: 0.84299
[Test AUPRC]  -  LA: 0.74616
[Test F1-max]  -  LA: 0.79012
Epoch: 43 | Loss: 4.1723224057932384e-06  | Negative Loss: 0.0
[Test ROC-AUC]  -  SA: 0.00000,  LA: 0.84223
[Test AUPRC]  -  LA: 0.74575
[Test F1-max]  -  LA: 0.78049
Epoch: 44 | Loss: 3.6954857023374643e-06  | Negative Loss: 0.0
[Test ROC-AUC]  -  SA: 0.00000,  LA: 0.84070
[Test AUPRC]  -  LA: 0.74458
[Test F1-max]  -  LA: 0.78049
Epoch: 45 | Loss: 3.3378582884324715e-06  | Negative Loss: 0.0
[Test ROC-AUC]  -  SA: 0.00000,  LA: 0.84070
[Test AUPRC]  -  LA: 0.74458
[Test F1-max]  -  LA: 0.78049
Epoch: 46 | Loss: 3.09944016407826e-06  | Negative Loss: 0.0
[Test ROC-AUC]  -  SA: 0.00000,  LA: 0.84070
[Test AUPRC]  -  LA: 0.74458
[Test F1-max]  -  LA: 0.78049
Epoch: 47 | Loss: 2.8610215849766973e-06  | Negative Loss: 0.0
[Test ROC-AUC]  -  SA: 0.00000,  LA: 0.84070
[Test AUPRC]  -  LA: 0.74458
[Test F1-max]  -  LA: 0.78049
Epoch: 48 | Loss: 2.6226034606224857e-06  | Negative Loss: 0.0
[Test ROC-AUC]  -  SA: 0.00000,  LA: 0.83994
[Test AUPRC]  -  LA: 0.74418
[Test F1-max]  -  LA: 0.77500
Epoch: 49 | Loss: 2.3841848815209232e-06  | Negative Loss: 0.0
[Test ROC-AUC]  -  SA: 0.00000,  LA: 0.83918
[Test AUPRC]  -  LA: 0.72936
[Test F1-max]  -  LA: 0.77500
Epoch: 50 | Loss: 2.1457663024193607e-06  | Negative Loss: 0.0
[Test ROC-AUC]  -  SA: 0.00000,  LA: 0.83918
[Test AUPRC]  -  LA: 0.72936
[Test F1-max]  -  LA: 0.77500
Epoch: 51 | Loss: 2.1457663024193607e-06  | Negative Loss: 0.0
[Test ROC-AUC]  -  SA: 0.00000,  LA: 0.83918
[Test AUPRC]  -  LA: 0.72936
[Test F1-max]  -  LA: 0.77500
Epoch: 52 | Loss: 2.026557240242255e-06  | Negative Loss: 0.0
[Test ROC-AUC]  -  SA: 0.00000,  LA: 0.83918
[Test AUPRC]  -  LA: 0.72936
[Test F1-max]  -  LA: 0.77500
Epoch: 53 | Loss: 1.7881388885143679e-06  | Negative Loss: 0.0
[Test ROC-AUC]  -  SA: 0.00000,  LA: 0.83918
[Test AUPRC]  -  LA: 0.72936
[Test F1-max]  -  LA: 0.77500
Epoch: 54 | Loss: 1.7881388885143679e-06  | Negative Loss: 0.0
[Test ROC-AUC]  -  SA: 0.00000,  LA: 0.83994
[Test AUPRC]  -  LA: 0.72989
[Test F1-max]  -  LA: 0.77778
Epoch: 55 | Loss: 1.6689295989635866e-06  | Negative Loss: 0.0
[Test ROC-AUC]  -  SA: 0.00000,  LA: 0.83994
[Test AUPRC]  -  LA: 0.72989
[Test F1-max]  -  LA: 0.77778
Epoch: 56 | Loss: 1.6689295989635866e-06  | Negative Loss: 0.0
[Test ROC-AUC]  -  SA: 0.00000,  LA: 0.83994
[Test AUPRC]  -  LA: 0.72989
[Test F1-max]  -  LA: 0.77778
Epoch: 57 | Loss: 1.6689295989635866e-06  | Negative Loss: 0.0
[Test ROC-AUC]  -  SA: 0.00000,  LA: 0.83994
[Test AUPRC]  -  LA: 0.72989
[Test F1-max]  -  LA: 0.77778
Epoch: 58 | Loss: 1.6689295989635866e-06  | Negative Loss: 0.0
[Test ROC-AUC]  -  SA: 0.00000,  LA: 0.83918
[Test AUPRC]  -  LA: 0.72941
[Test F1-max]  -  LA: 0.77778
Epoch: 59 | Loss: 1.4305111335488618e-06  | Negative Loss: 0.0
[Test ROC-AUC]  -  SA: 0.00000,  LA: 0.83918
[Test AUPRC]  -  LA: 0.72941
[Test F1-max]  -  LA: 0.77778
Epoch: 60 | Loss: 1.3113019576849183e-06  | Negative Loss: 0.0
[Test ROC-AUC]  -  SA: 0.00000,  LA: 0.83841
[Test AUPRC]  -  LA: 0.72807
[Test F1-max]  -  LA: 0.77778
Epoch: 61 | Loss: 1.3113019576849183e-06  | Negative Loss: 0.0
[Test ROC-AUC]  -  SA: 0.00000,  LA: 0.83765
[Test AUPRC]  -  LA: 0.72667
[Test F1-max]  -  LA: 0.77778
Epoch: 62 | Loss: 1.3113019576849183e-06  | Negative Loss: 0.0
[Test ROC-AUC]  -  SA: 0.00000,  LA: 0.83689
[Test AUPRC]  -  LA: 0.72585
[Test F1-max]  -  LA: 0.77778
Epoch: 63 | Loss: 1.3113019576849183e-06  | Negative Loss: 0.0
[Test ROC-AUC]  -  SA: 0.00000,  LA: 0.83689
[Test AUPRC]  -  LA: 0.72585
[Test F1-max]  -  LA: 0.77778
Epoch: 64 | Loss: 1.3113019576849183e-06  | Negative Loss: 0.0
[Test ROC-AUC]  -  SA: 0.00000,  LA: 0.83689
[Test AUPRC]  -  LA: 0.72585
[Test F1-max]  -  LA: 0.77778
Epoch: 65 | Loss: 1.3113019576849183e-06  | Negative Loss: 0.0
[Test ROC-AUC]  -  SA: 0.00000,  LA: 0.83689
[Test AUPRC]  -  LA: 0.72585
[Test F1-max]  -  LA: 0.77778
Epoch: 66 | Loss: 1.3113019576849183e-06  | Negative Loss: 0.0
[Test ROC-AUC]  -  SA: 0.00000,  LA: 0.83689
[Test AUPRC]  -  LA: 0.72585
[Test F1-max]  -  LA: 0.77778
Epoch: 67 | Loss: 1.3113019576849183e-06  | Negative Loss: 0.0
[Test ROC-AUC]  -  SA: 0.00000,  LA: 0.83689
[Test AUPRC]  -  LA: 0.72585
[Test F1-max]  -  LA: 0.77778
Epoch: 68 | Loss: 1.3113019576849183e-06  | Negative Loss: 0.0
[Test ROC-AUC]  -  SA: 0.00000,  LA: 0.83689
[Test AUPRC]  -  LA: 0.72585
[Test F1-max]  -  LA: 0.77778
Epoch: 69 | Loss: 1.3113019576849183e-06  | Negative Loss: 0.0
[Test ROC-AUC]  -  SA: 0.00000,  LA: 0.83689
[Test AUPRC]  -  LA: 0.72585
[Test F1-max]  -  LA: 0.77778
Epoch: 70 | Loss: 1.3113019576849183e-06  | Negative Loss: 0.0
[Test ROC-AUC]  -  SA: 0.00000,  LA: 0.83689
[Test AUPRC]  -  LA: 0.72585
[Test F1-max]  -  LA: 0.77778
Epoch: 71 | Loss: 1.3113019576849183e-06  | Negative Loss: 0.0
[Test ROC-AUC]  -  SA: 0.00000,  LA: 0.83689
[Test AUPRC]  -  LA: 0.72585
[Test F1-max]  -  LA: 0.77778
Epoch: 72 | Loss: 1.192092668134137e-06  | Negative Loss: 0.0
[Test ROC-AUC]  -  SA: 0.00000,  LA: 0.83689
[Test AUPRC]  -  LA: 0.72585
[Test F1-max]  -  LA: 0.77778
Epoch: 73 | Loss: 1.192092668134137e-06  | Negative Loss: 0.0
[Test ROC-AUC]  -  SA: 0.00000,  LA: 0.83689
[Test AUPRC]  -  LA: 0.72585
[Test F1-max]  -  LA: 0.77778
Epoch: 74 | Loss: 1.192092668134137e-06  | Negative Loss: 0.0
[Test ROC-AUC]  -  SA: 0.00000,  LA: 0.83537
[Test AUPRC]  -  LA: 0.72367
[Test F1-max]  -  LA: 0.77778
Epoch: 75 | Loss: 1.0728833785833558e-06  | Negative Loss: 0.0
[Test ROC-AUC]  -  SA: 0.00000,  LA: 0.83537
[Test AUPRC]  -  LA: 0.72367
[Test F1-max]  -  LA: 0.77778
Epoch: 76 | Loss: 1.0728833785833558e-06  | Negative Loss: 0.0
[Test ROC-AUC]  -  SA: 0.00000,  LA: 0.83537
[Test AUPRC]  -  LA: 0.72367
[Test F1-max]  -  LA: 0.77778
Epoch: 77 | Loss: 1.0728833785833558e-06  | Negative Loss: 0.0
[Test ROC-AUC]  -  SA: 0.00000,  LA: 0.83537
[Test AUPRC]  -  LA: 0.72367
[Test F1-max]  -  LA: 0.77778
Epoch: 78 | Loss: 1.0728833785833558e-06  | Negative Loss: 0.0
[Test ROC-AUC]  -  SA: 0.00000,  LA: 0.83537
[Test AUPRC]  -  LA: 0.72367
[Test F1-max]  -  LA: 0.77778
Epoch: 79 | Loss: 1.0728833785833558e-06  | Negative Loss: 0.0
[Test ROC-AUC]  -  SA: 0.00000,  LA: 0.83460
[Test AUPRC]  -  LA: 0.72294
[Test F1-max]  -  LA: 0.77778
Epoch: 80 | Loss: 1.0728833785833558e-06  | Negative Loss: 0.0
[Test ROC-AUC]  -  SA: 0.00000,  LA: 0.83460
[Test AUPRC]  -  LA: 0.72294
[Test F1-max]  -  LA: 0.77778
Epoch: 81 | Loss: 1.0728833785833558e-06  | Negative Loss: 0.0
[Test ROC-AUC]  -  SA: 0.00000,  LA: 0.83384
[Test AUPRC]  -  LA: 0.72196
[Test F1-max]  -  LA: 0.77778
Epoch: 82 | Loss: 1.0728833785833558e-06  | Negative Loss: 0.0
[Test ROC-AUC]  -  SA: 0.00000,  LA: 0.83308
[Test AUPRC]  -  LA: 0.72044
[Test F1-max]  -  LA: 0.77778
Epoch: 83 | Loss: 9.536741458759934e-07  | Negative Loss: 0.0
[Test ROC-AUC]  -  SA: 0.00000,  LA: 0.83308
[Test AUPRC]  -  LA: 0.72044
[Test F1-max]  -  LA: 0.77778
Epoch: 84 | Loss: 9.536741458759934e-07  | Negative Loss: 0.0
[Test ROC-AUC]  -  SA: 0.00000,  LA: 0.83308
[Test AUPRC]  -  LA: 0.72044
[Test F1-max]  -  LA: 0.77778
Epoch: 85 | Loss: 9.536741458759934e-07  | Negative Loss: 0.0
[Test ROC-AUC]  -  SA: 0.00000,  LA: 0.83308
[Test AUPRC]  -  LA: 0.72044
[Test F1-max]  -  LA: 0.77778
Epoch: 86 | Loss: 9.536741458759934e-07  | Negative Loss: 0.0
[Test ROC-AUC]  -  SA: 0.00000,  LA: 0.83308
[Test AUPRC]  -  LA: 0.72044
[Test F1-max]  -  LA: 0.77778
Epoch: 87 | Loss: 9.536741458759934e-07  | Negative Loss: 0.0
[Test ROC-AUC]  -  SA: 0.00000,  LA: 0.83308
[Test AUPRC]  -  LA: 0.72044
[Test F1-max]  -  LA: 0.77778
Epoch: 88 | Loss: 9.536741458759934e-07  | Negative Loss: 0.0
[Test ROC-AUC]  -  SA: 0.00000,  LA: 0.83308
[Test AUPRC]  -  LA: 0.72044
[Test F1-max]  -  LA: 0.77778
Epoch: 89 | Loss: 9.536741458759934e-07  | Negative Loss: 0.0
[Test ROC-AUC]  -  SA: 0.00000,  LA: 0.83308
[Test AUPRC]  -  LA: 0.72044
[Test F1-max]  -  LA: 0.77778
Epoch: 90 | Loss: 9.536741458759934e-07  | Negative Loss: 0.0
[Test ROC-AUC]  -  SA: 0.00000,  LA: 0.83308
[Test AUPRC]  -  LA: 0.72044
[Test F1-max]  -  LA: 0.77778
Epoch: 91 | Loss: 9.536741458759934e-07  | Negative Loss: 0.0
[Test ROC-AUC]  -  SA: 0.00000,  LA: 0.83308
[Test AUPRC]  -  LA: 0.72044
[Test F1-max]  -  LA: 0.77778
Epoch: 92 | Loss: 9.536741458759934e-07  | Negative Loss: 0.0
[Test ROC-AUC]  -  SA: 0.00000,  LA: 0.83308
[Test AUPRC]  -  LA: 0.72044
[Test F1-max]  -  LA: 0.77778
Epoch: 93 | Loss: 9.536741458759934e-07  | Negative Loss: 0.0
[Test ROC-AUC]  -  SA: 0.00000,  LA: 0.83308
[Test AUPRC]  -  LA: 0.72044
[Test F1-max]  -  LA: 0.77778
Epoch: 94 | Loss: 9.536741458759934e-07  | Negative Loss: 0.0
[Test ROC-AUC]  -  SA: 0.00000,  LA: 0.83308
[Test AUPRC]  -  LA: 0.72044
[Test F1-max]  -  LA: 0.77778
Epoch: 95 | Loss: 9.536741458759934e-07  | Negative Loss: 0.0
[Test ROC-AUC]  -  SA: 0.00000,  LA: 0.83308
[Test AUPRC]  -  LA: 0.72044
[Test F1-max]  -  LA: 0.77778
Epoch: 96 | Loss: 9.536741458759934e-07  | Negative Loss: 0.0
[Test ROC-AUC]  -  SA: 0.00000,  LA: 0.83308
[Test AUPRC]  -  LA: 0.72044
[Test F1-max]  -  LA: 0.77778
Epoch: 97 | Loss: 9.536741458759934e-07  | Negative Loss: 0.0
[Test ROC-AUC]  -  SA: 0.00000,  LA: 0.83308
[Test AUPRC]  -  LA: 0.72044
[Test F1-max]  -  LA: 0.77778
Epoch: 98 | Loss: 9.536741458759934e-07  | Negative Loss: 0.0
[Test ROC-AUC]  -  SA: 0.00000,  LA: 0.83308
[Test AUPRC]  -  LA: 0.72044
[Test F1-max]  -  LA: 0.77778
Epoch: 99 | Loss: 9.536741458759934e-07  | Negative Loss: 0.0
Time consumption: 89.63294243812561
Best LA AUC: 0.8719512195121952
Best LA AUPC: 0.8426242360141002
Best LA F1-max: 0.810126582278481
[Result] Experiment result appended to ./results/train_hybrid_result.csv

[END] 2026-03-18 18:53:45
[RETURN CODE] 0
