[START] 2026-03-18 18:03:12
[GPU] 2
[TASK] 60/120
[NAME] pushpins_promptad
[REPEAT] 10/10
[COMMAND] python train_hybrid.py --data_name pushpins --mask True --text True --double_encoder True --few_shot True --shot 1 --hybrid_model promptad --hybrid_weight 0.3 --hybrid_batch_size 16 --epoch 100 --log True --lr 5e-4 --detection True --preprocess True

/home/seungeon/miniconda3/envs/LAB/lib/python3.10/site-packages/timm/models/layers/__init__.py:48: FutureWarning: Importing from timm.models.layers is deprecated, please import via timm.layers
  warnings.warn(f"Importing from {__name__} is deprecated, please import via timm.layers", FutureWarning)
/home/seungeon/Workspace/side/vlm/train_hybrid.py:18: DeprecationWarning: The distutils package is deprecated and slated for removal in Python 3.12. Use setuptools or check PEP 632 for potential alternatives
  from distutils.util import strtobool
Torch version: 2.9.1+cu128
cuda is loaded for process
here?
In my local computer
Namespace(epoch=100, gpu_number='0', data_name='pushpins', lr=0.0005, batch_size=6, shuffle=True, seed=0, tag='default', model_name='ViT-B-32', pretrained_name='laion2b_s34b_b79k', lora=1, default=False, foundation='CLIP', detection=1, preprocess=1, num_rule=0, object_names=['yellow pushpin with metal point', 'plastic case', 'partition', 'blank'], objects_for_rules=[['yellow pushpin with metal point'], ['yellow pushpin with metal point', 'plastic case'], ['yellow pushpin with metal point'], ['yellow pushpin with metal point', 'plastic case'], ['plastic case']], texts_for_rules=[['yellow pushpin with metal point'], ['yellow pushpin with metal point and plastic case'], ['yellow pushpin with metal point'], ['yellow pushpin with metal point and plastic case'], ['plastic case']], mask=1, text=1, score='mean', ciriculam_learning=False, few_shot=1, shot=1, log=1, neg_loss=0, double_encoder=1, pretrained_count_path=None, ris=0, rule_select='', rule_list=[], num_negative=5, hybrid_model='promptad', hybrid_weight=0.3, hybrid_class_name='', hybrid_batch_size=16, hybrid_backbone='ViT-B-16-plus-240', hybrid_pretrained_dataset='laion400m_e32', hybrid_scales=[2, 3], hybrid_img_resize=240, hybrid_img_cropsize=240, hybrid_resolution=400, hybrid_promptad_epoch=100, hybrid_promptad_lr=0.002, hybrid_promptad_momentum=0.9, hybrid_promptad_weight_decay=0.0005, hybrid_promptad_eta_min=1e-05, hybrid_promptad_lambda1=0.001, hybrid_promptad_n_ctx=4, hybrid_promptad_n_pro=3, hybrid_promptad_n_ctx_ab=1, hybrid_promptad_n_pro_ab=4, early_stop_k=10, result_log_path='./results/train_hybrid_result.csv')
[Hybrid] method=promptad, class_name=pushpins, train=1, eval=229, base_path=/data3/seungeon/data/image/mvtec_loco_anomaly_detection/pushpins
[Hybrid-only] LA_AUC=0.59548, LA_AUPRC=0.69620, LA_F1=0.76966
[Data Description]
- Train: 1
- Test: 229

Train Start
[Test ROC-AUC]  -  SA: 0.00000,  LA: 0.53464
[Test AUPRC]  -  LA: 0.63031
[Test F1-max]  -  LA: 0.76190
Epoch: 0 | Loss: 10.073051452636719  | Negative Loss: 0.0
[Test ROC-AUC]  -  SA: 0.00000,  LA: 0.53416
[Test AUPRC]  -  LA: 0.62969
[Test F1-max]  -  LA: 0.76190
Epoch: 1 | Loss: 9.977287292480469  | Negative Loss: 0.0
[Test ROC-AUC]  -  SA: 0.00000,  LA: 0.53854
[Test AUPRC]  -  LA: 0.62491
[Test F1-max]  -  LA: 0.76404
Epoch: 2 | Loss: 8.676582336425781  | Negative Loss: 0.0
[Test ROC-AUC]  -  SA: 0.00000,  LA: 0.54005
[Test AUPRC]  -  LA: 0.62314
[Test F1-max]  -  LA: 0.76836
Epoch: 3 | Loss: 6.646099090576172  | Negative Loss: 0.0
[Test ROC-AUC]  -  SA: 0.00000,  LA: 0.54849
[Test AUPRC]  -  LA: 0.62339
[Test F1-max]  -  LA: 0.77183
Epoch: 4 | Loss: 4.303133964538574  | Negative Loss: 0.0
[Test ROC-AUC]  -  SA: 0.00000,  LA: 0.55287
[Test AUPRC]  -  LA: 0.61403
[Test F1-max]  -  LA: 0.77311
Epoch: 5 | Loss: 2.3763389587402344  | Negative Loss: 0.0
[Test ROC-AUC]  -  SA: 0.00000,  LA: 0.55311
[Test AUPRC]  -  LA: 0.60883
[Test F1-max]  -  LA: 0.77095
Epoch: 6 | Loss: 1.2425289154052734  | Negative Loss: 0.0
[Test ROC-AUC]  -  SA: 0.00000,  LA: 0.55606
[Test AUPRC]  -  LA: 0.61336
[Test F1-max]  -  LA: 0.76923
Epoch: 7 | Loss: 0.6436610221862793  | Negative Loss: 0.0
[Test ROC-AUC]  -  SA: 0.00000,  LA: 0.55829
[Test AUPRC]  -  LA: 0.61718
[Test F1-max]  -  LA: 0.76836
Epoch: 8 | Loss: 0.32982176542282104  | Negative Loss: 0.0
[Test ROC-AUC]  -  SA: 0.00000,  LA: 0.55590
[Test AUPRC]  -  LA: 0.61611
[Test F1-max]  -  LA: 0.76536
Epoch: 9 | Loss: 0.17011940479278564  | Negative Loss: 0.0
[Test ROC-AUC]  -  SA: 0.00000,  LA: 0.55319
[Test AUPRC]  -  LA: 0.61808
[Test F1-max]  -  LA: 0.76323
Epoch: 10 | Loss: 0.08939449489116669  | Negative Loss: 0.0
[Test ROC-AUC]  -  SA: 0.00000,  LA: 0.55335
[Test AUPRC]  -  LA: 0.61996
[Test F1-max]  -  LA: 0.76454
Epoch: 11 | Loss: 0.048771947622299194  | Negative Loss: 0.0
[Test ROC-AUC]  -  SA: 0.00000,  LA: 0.55280
[Test AUPRC]  -  LA: 0.62055
[Test F1-max]  -  LA: 0.76454
Epoch: 12 | Loss: 0.027674542739987373  | Negative Loss: 0.0
[Test ROC-AUC]  -  SA: 0.00000,  LA: 0.55112
[Test AUPRC]  -  LA: 0.61874
[Test F1-max]  -  LA: 0.76243
Epoch: 13 | Loss: 0.01639268919825554  | Negative Loss: 0.0
[Test ROC-AUC]  -  SA: 0.00000,  LA: 0.54993
[Test AUPRC]  -  LA: 0.61945
[Test F1-max]  -  LA: 0.76323
Epoch: 14 | Loss: 0.010062016546726227  | Negative Loss: 0.0
[Test ROC-AUC]  -  SA: 0.00000,  LA: 0.55017
[Test AUPRC]  -  LA: 0.61995
[Test F1-max]  -  LA: 0.76323
Epoch: 15 | Loss: 0.006313145626336336  | Negative Loss: 0.0
[Test ROC-AUC]  -  SA: 0.00000,  LA: 0.55025
[Test AUPRC]  -  LA: 0.62540
[Test F1-max]  -  LA: 0.76323
Epoch: 16 | Loss: 0.004031370859593153  | Negative Loss: 0.0
[Test ROC-AUC]  -  SA: 0.00000,  LA: 0.55049
[Test AUPRC]  -  LA: 0.62578
[Test F1-max]  -  LA: 0.76323
Epoch: 17 | Loss: 0.002619340782985091  | Negative Loss: 0.0
[Test ROC-AUC]  -  SA: 0.00000,  LA: 0.55049
[Test AUPRC]  -  LA: 0.62709
[Test F1-max]  -  LA: 0.76243
Epoch: 18 | Loss: 0.0017276032594963908  | Negative Loss: 0.0
[Test ROC-AUC]  -  SA: 0.00000,  LA: 0.55152
[Test AUPRC]  -  LA: 0.62717
[Test F1-max]  -  LA: 0.76323
Epoch: 19 | Loss: 0.001160487998276949  | Negative Loss: 0.0
[Test ROC-AUC]  -  SA: 0.00000,  LA: 0.55260
[Test AUPRC]  -  LA: 0.62741
[Test F1-max]  -  LA: 0.76323
Epoch: 20 | Loss: 0.0007933396263979375  | Negative Loss: 0.0
[Test ROC-AUC]  -  SA: 0.00000,  LA: 0.55319
[Test AUPRC]  -  LA: 0.62683
[Test F1-max]  -  LA: 0.76323
Epoch: 21 | Loss: 0.0005505109438672662  | Negative Loss: 0.0
[Test ROC-AUC]  -  SA: 0.00000,  LA: 0.55391
[Test AUPRC]  -  LA: 0.62808
[Test F1-max]  -  LA: 0.76323
Epoch: 22 | Loss: 0.00038844370283186436  | Negative Loss: 0.0
[Test ROC-AUC]  -  SA: 0.00000,  LA: 0.55407
[Test AUPRC]  -  LA: 0.62736
[Test F1-max]  -  LA: 0.76323
Epoch: 23 | Loss: 0.00027868026518262923  | Negative Loss: 0.0
[Test ROC-AUC]  -  SA: 0.00000,  LA: 0.55514
[Test AUPRC]  -  LA: 0.62788
[Test F1-max]  -  LA: 0.76323
Epoch: 24 | Loss: 0.00020347346435301006  | Negative Loss: 0.0
[Test ROC-AUC]  -  SA: 0.00000,  LA: 0.55566
[Test AUPRC]  -  LA: 0.62845
[Test F1-max]  -  LA: 0.76323
Epoch: 25 | Loss: 0.0001512672024546191  | Negative Loss: 0.0
[Test ROC-AUC]  -  SA: 0.00000,  LA: 0.55622
[Test AUPRC]  -  LA: 0.62935
[Test F1-max]  -  LA: 0.76323
Epoch: 26 | Loss: 0.0001144354828284122  | Negative Loss: 0.0
[Test ROC-AUC]  -  SA: 0.00000,  LA: 0.55706
[Test AUPRC]  -  LA: 0.63031
[Test F1-max]  -  LA: 0.76323
Epoch: 27 | Loss: 8.785401587374508e-05  | Negative Loss: 0.0
[Test ROC-AUC]  -  SA: 0.00000,  LA: 0.55805
[Test AUPRC]  -  LA: 0.63078
[Test F1-max]  -  LA: 0.76323
Epoch: 28 | Loss: 6.854336243122816e-05  | Negative Loss: 0.0
[Test ROC-AUC]  -  SA: 0.00000,  LA: 0.55805
[Test AUPRC]  -  LA: 0.63090
[Test F1-max]  -  LA: 0.76323
Epoch: 29 | Loss: 5.447738658403978e-05  | Negative Loss: 0.0
[Test ROC-AUC]  -  SA: 0.00000,  LA: 0.55837
[Test AUPRC]  -  LA: 0.63108
[Test F1-max]  -  LA: 0.76323
Epoch: 30 | Loss: 4.374899071990512e-05  | Negative Loss: 0.0
[Test ROC-AUC]  -  SA: 0.00000,  LA: 0.55789
[Test AUPRC]  -  LA: 0.63080
[Test F1-max]  -  LA: 0.76323
Epoch: 31 | Loss: 3.564303187886253e-05  | Negative Loss: 0.0
[Test ROC-AUC]  -  SA: 0.00000,  LA: 0.55797
[Test AUPRC]  -  LA: 0.63105
[Test F1-max]  -  LA: 0.76323
Epoch: 32 | Loss: 2.9563525458797812e-05  | Negative Loss: 0.0
[Test ROC-AUC]  -  SA: 0.00000,  LA: 0.55857
[Test AUPRC]  -  LA: 0.63192
[Test F1-max]  -  LA: 0.76323
Epoch: 33 | Loss: 2.46760573645588e-05  | Negative Loss: 0.0
[Test ROC-AUC]  -  SA: 0.00000,  LA: 0.55869
[Test AUPRC]  -  LA: 0.63187
[Test F1-max]  -  LA: 0.76323
Epoch: 34 | Loss: 2.0980643967050128e-05  | Negative Loss: 0.0
[Test ROC-AUC]  -  SA: 0.00000,  LA: 0.55861
[Test AUPRC]  -  LA: 0.63214
[Test F1-max]  -  LA: 0.76323
Epoch: 35 | Loss: 1.8119670130545273e-05  | Negative Loss: 0.0
[Test ROC-AUC]  -  SA: 0.00000,  LA: 0.55893
[Test AUPRC]  -  LA: 0.63242
[Test F1-max]  -  LA: 0.76323
Epoch: 36 | Loss: 1.5735518900328316e-05  | Negative Loss: 0.0
[Test ROC-AUC]  -  SA: 0.00000,  LA: 0.55901
[Test AUPRC]  -  LA: 0.63253
[Test F1-max]  -  LA: 0.76323
Epoch: 37 | Loss: 1.3828194823872764e-05  | Negative Loss: 0.0
[Test ROC-AUC]  -  SA: 0.00000,  LA: 0.55893
[Test AUPRC]  -  LA: 0.63213
[Test F1-max]  -  LA: 0.76323
Epoch: 38 | Loss: 1.215928205056116e-05  | Negative Loss: 0.0
[Test ROC-AUC]  -  SA: 0.00000,  LA: 0.55885
[Test AUPRC]  -  LA: 0.63195
[Test F1-max]  -  LA: 0.76323
Epoch: 39 | Loss: 1.0847994417417794e-05  | Negative Loss: 0.0
[Test ROC-AUC]  -  SA: 0.00000,  LA: 0.55893
[Test AUPRC]  -  LA: 0.63211
[Test F1-max]  -  LA: 0.76323
Epoch: 40 | Loss: 9.775119906407781e-06  | Negative Loss: 0.0
[Test ROC-AUC]  -  SA: 0.00000,  LA: 0.55873
[Test AUPRC]  -  LA: 0.63199
[Test F1-max]  -  LA: 0.76323
Epoch: 41 | Loss: 8.940662155509926e-06  | Negative Loss: 0.0
[Test ROC-AUC]  -  SA: 0.00000,  LA: 0.55921
[Test AUPRC]  -  LA: 0.63322
[Test F1-max]  -  LA: 0.76323
Epoch: 42 | Loss: 8.106202585622668e-06  | Negative Loss: 0.0
[Test ROC-AUC]  -  SA: 0.00000,  LA: 0.55956
[Test AUPRC]  -  LA: 0.63358
[Test F1-max]  -  LA: 0.76323
Epoch: 43 | Loss: 7.39095139579149e-06  | Negative Loss: 0.0
[Test ROC-AUC]  -  SA: 0.00000,  LA: 0.55972
[Test AUPRC]  -  LA: 0.63387
[Test F1-max]  -  LA: 0.76323
Epoch: 44 | Loss: 6.7949085860163905e-06  | Negative Loss: 0.0
[Test ROC-AUC]  -  SA: 0.00000,  LA: 0.55992
[Test AUPRC]  -  LA: 0.63425
[Test F1-max]  -  LA: 0.76323
Epoch: 45 | Loss: 6.437282991100801e-06  | Negative Loss: 0.0
[Test ROC-AUC]  -  SA: 0.00000,  LA: 0.56004
[Test AUPRC]  -  LA: 0.63447
[Test F1-max]  -  LA: 0.76323
Epoch: 46 | Loss: 6.079657396185212e-06  | Negative Loss: 0.0
[Test ROC-AUC]  -  SA: 0.00000,  LA: 0.56012
[Test AUPRC]  -  LA: 0.63472
[Test F1-max]  -  LA: 0.76323
Epoch: 47 | Loss: 5.722031346522272e-06  | Negative Loss: 0.0
[Test ROC-AUC]  -  SA: 0.00000,  LA: 0.56052
[Test AUPRC]  -  LA: 0.63508
[Test F1-max]  -  LA: 0.76323
Epoch: 48 | Loss: 5.3644052968593314e-06  | Negative Loss: 0.0
[Test ROC-AUC]  -  SA: 0.00000,  LA: 0.56052
[Test AUPRC]  -  LA: 0.63487
[Test F1-max]  -  LA: 0.76323
Epoch: 49 | Loss: 5.125988081999822e-06  | Negative Loss: 0.0
[Test ROC-AUC]  -  SA: 0.00000,  LA: 0.56076
[Test AUPRC]  -  LA: 0.63494
[Test F1-max]  -  LA: 0.76323
Epoch: 50 | Loss: 4.887570412392961e-06  | Negative Loss: 0.0
[Test ROC-AUC]  -  SA: 0.00000,  LA: 0.56092
[Test AUPRC]  -  LA: 0.63496
[Test F1-max]  -  LA: 0.76323
Epoch: 51 | Loss: 4.649153197533451e-06  | Negative Loss: 0.0
[Test ROC-AUC]  -  SA: 0.00000,  LA: 0.56076
[Test AUPRC]  -  LA: 0.63492
[Test F1-max]  -  LA: 0.76323
Epoch: 52 | Loss: 4.410735073179239e-06  | Negative Loss: 0.0
[Test ROC-AUC]  -  SA: 0.00000,  LA: 0.56108
[Test AUPRC]  -  LA: 0.63533
[Test F1-max]  -  LA: 0.76323
Epoch: 53 | Loss: 4.291526238375809e-06  | Negative Loss: 0.0
[Test ROC-AUC]  -  SA: 0.00000,  LA: 0.56124
[Test AUPRC]  -  LA: 0.63527
[Test F1-max]  -  LA: 0.76323
Epoch: 54 | Loss: 4.053108568768948e-06  | Negative Loss: 0.0
[Test ROC-AUC]  -  SA: 0.00000,  LA: 0.56140
[Test AUPRC]  -  LA: 0.63541
[Test F1-max]  -  LA: 0.76323
Epoch: 55 | Loss: 3.933899733965518e-06  | Negative Loss: 0.0
[Test ROC-AUC]  -  SA: 0.00000,  LA: 0.56147
[Test AUPRC]  -  LA: 0.63555
[Test F1-max]  -  LA: 0.76323
Epoch: 56 | Loss: 3.8146908991620876e-06  | Negative Loss: 0.0
[Test ROC-AUC]  -  SA: 0.00000,  LA: 0.56147
[Test AUPRC]  -  LA: 0.63515
[Test F1-max]  -  LA: 0.76323
Epoch: 57 | Loss: 3.8146908991620876e-06  | Negative Loss: 0.0
[Test ROC-AUC]  -  SA: 0.00000,  LA: 0.56147
[Test AUPRC]  -  LA: 0.63518
[Test F1-max]  -  LA: 0.76323
Epoch: 58 | Loss: 3.6954820643586572e-06  | Negative Loss: 0.0
[Test ROC-AUC]  -  SA: 0.00000,  LA: 0.56128
[Test AUPRC]  -  LA: 0.63509
[Test F1-max]  -  LA: 0.76323
Epoch: 59 | Loss: 3.576273229555227e-06  | Negative Loss: 0.0
[Test ROC-AUC]  -  SA: 0.00000,  LA: 0.56140
[Test AUPRC]  -  LA: 0.63507
[Test F1-max]  -  LA: 0.76323
Epoch: 60 | Loss: 3.457064167378121e-06  | Negative Loss: 0.0
[Test ROC-AUC]  -  SA: 0.00000,  LA: 0.56120
[Test AUPRC]  -  LA: 0.63505
[Test F1-max]  -  LA: 0.76323
Epoch: 61 | Loss: 3.457064167378121e-06  | Negative Loss: 0.0
[Test ROC-AUC]  -  SA: 0.00000,  LA: 0.56136
[Test AUPRC]  -  LA: 0.63523
[Test F1-max]  -  LA: 0.76323
Epoch: 62 | Loss: 3.3378553325746907e-06  | Negative Loss: 0.0
[Test ROC-AUC]  -  SA: 0.00000,  LA: 0.56167
[Test AUPRC]  -  LA: 0.63540
[Test F1-max]  -  LA: 0.76323
Epoch: 63 | Loss: 3.3378553325746907e-06  | Negative Loss: 0.0
[Test ROC-AUC]  -  SA: 0.00000,  LA: 0.56151
[Test AUPRC]  -  LA: 0.63533
[Test F1-max]  -  LA: 0.76323
Epoch: 64 | Loss: 3.218646270397585e-06  | Negative Loss: 0.0
[Test ROC-AUC]  -  SA: 0.00000,  LA: 0.56155
[Test AUPRC]  -  LA: 0.63640
[Test F1-max]  -  LA: 0.76323
Epoch: 65 | Loss: 3.218646270397585e-06  | Negative Loss: 0.0
[Test ROC-AUC]  -  SA: 0.00000,  LA: 0.56147
[Test AUPRC]  -  LA: 0.63630
[Test F1-max]  -  LA: 0.76323
Epoch: 66 | Loss: 3.0994374355941545e-06  | Negative Loss: 0.0
[Test ROC-AUC]  -  SA: 0.00000,  LA: 0.56132
[Test AUPRC]  -  LA: 0.63620
[Test F1-max]  -  LA: 0.76323
Epoch: 67 | Loss: 3.0994374355941545e-06  | Negative Loss: 0.0
[Test ROC-AUC]  -  SA: 0.00000,  LA: 0.56132
[Test AUPRC]  -  LA: 0.63624
[Test F1-max]  -  LA: 0.76323
Epoch: 68 | Loss: 2.9802283734170487e-06  | Negative Loss: 0.0
[Test ROC-AUC]  -  SA: 0.00000,  LA: 0.56167
[Test AUPRC]  -  LA: 0.63645
[Test F1-max]  -  LA: 0.76323
Epoch: 69 | Loss: 2.9802283734170487e-06  | Negative Loss: 0.0
[Test ROC-AUC]  -  SA: 0.00000,  LA: 0.56163
[Test AUPRC]  -  LA: 0.63629
[Test F1-max]  -  LA: 0.76323
Epoch: 70 | Loss: 2.9802283734170487e-06  | Negative Loss: 0.0
[Test ROC-AUC]  -  SA: 0.00000,  LA: 0.56147
[Test AUPRC]  -  LA: 0.63617
[Test F1-max]  -  LA: 0.76323
Epoch: 71 | Loss: 2.9802283734170487e-06  | Negative Loss: 0.0
[Test ROC-AUC]  -  SA: 0.00000,  LA: 0.56147
[Test AUPRC]  -  LA: 0.63634
[Test F1-max]  -  LA: 0.76323
Epoch: 72 | Loss: 2.8610195386136184e-06  | Negative Loss: 0.0
[Test ROC-AUC]  -  SA: 0.00000,  LA: 0.56147
[Test AUPRC]  -  LA: 0.63661
[Test F1-max]  -  LA: 0.76323
Epoch: 73 | Loss: 2.8610195386136184e-06  | Negative Loss: 0.0
[Test ROC-AUC]  -  SA: 0.00000,  LA: 0.56155
[Test AUPRC]  -  LA: 0.63660
[Test F1-max]  -  LA: 0.76323
Epoch: 74 | Loss: 2.8610195386136184e-06  | Negative Loss: 0.0
[Test ROC-AUC]  -  SA: 0.00000,  LA: 0.56151
[Test AUPRC]  -  LA: 0.63638
[Test F1-max]  -  LA: 0.76323
Epoch: 75 | Loss: 2.7418104764365125e-06  | Negative Loss: 0.0
[Test ROC-AUC]  -  SA: 0.00000,  LA: 0.56155
[Test AUPRC]  -  LA: 0.63640
[Test F1-max]  -  LA: 0.76323
Epoch: 76 | Loss: 2.7418104764365125e-06  | Negative Loss: 0.0
[Test ROC-AUC]  -  SA: 0.00000,  LA: 0.56163
[Test AUPRC]  -  LA: 0.63654
[Test F1-max]  -  LA: 0.76323
Epoch: 77 | Loss: 2.7418104764365125e-06  | Negative Loss: 0.0
[Test ROC-AUC]  -  SA: 0.00000,  LA: 0.56171
[Test AUPRC]  -  LA: 0.63657
[Test F1-max]  -  LA: 0.76323
Epoch: 78 | Loss: 2.7418104764365125e-06  | Negative Loss: 0.0
[Test ROC-AUC]  -  SA: 0.00000,  LA: 0.56147
[Test AUPRC]  -  LA: 0.63631
[Test F1-max]  -  LA: 0.76323
Epoch: 79 | Loss: 2.7418104764365125e-06  | Negative Loss: 0.0
[Test ROC-AUC]  -  SA: 0.00000,  LA: 0.56155
[Test AUPRC]  -  LA: 0.63618
[Test F1-max]  -  LA: 0.76323
Epoch: 80 | Loss: 2.622601641633082e-06  | Negative Loss: 0.0
[Test ROC-AUC]  -  SA: 0.00000,  LA: 0.56147
[Test AUPRC]  -  LA: 0.63618
[Test F1-max]  -  LA: 0.76323
Epoch: 81 | Loss: 2.622601641633082e-06  | Negative Loss: 0.0
[Test ROC-AUC]  -  SA: 0.00000,  LA: 0.56147
[Test AUPRC]  -  LA: 0.63620
[Test F1-max]  -  LA: 0.76323
Epoch: 82 | Loss: 2.622601641633082e-06  | Negative Loss: 0.0
[Test ROC-AUC]  -  SA: 0.00000,  LA: 0.56163
[Test AUPRC]  -  LA: 0.63636
[Test F1-max]  -  LA: 0.76323
Epoch: 83 | Loss: 2.622601641633082e-06  | Negative Loss: 0.0
[Test ROC-AUC]  -  SA: 0.00000,  LA: 0.56163
[Test AUPRC]  -  LA: 0.63643
[Test F1-max]  -  LA: 0.76323
Epoch: 84 | Loss: 2.622601641633082e-06  | Negative Loss: 0.0
[Test ROC-AUC]  -  SA: 0.00000,  LA: 0.56140
[Test AUPRC]  -  LA: 0.63631
[Test F1-max]  -  LA: 0.76323
Epoch: 85 | Loss: 2.5033925794559764e-06  | Negative Loss: 0.0
[Test ROC-AUC]  -  SA: 0.00000,  LA: 0.56140
[Test AUPRC]  -  LA: 0.63631
[Test F1-max]  -  LA: 0.76323
Epoch: 86 | Loss: 2.5033925794559764e-06  | Negative Loss: 0.0
[Test ROC-AUC]  -  SA: 0.00000,  LA: 0.56116
[Test AUPRC]  -  LA: 0.63606
[Test F1-max]  -  LA: 0.76323
Epoch: 87 | Loss: 2.5033925794559764e-06  | Negative Loss: 0.0
[Test ROC-AUC]  -  SA: 0.00000,  LA: 0.56092
[Test AUPRC]  -  LA: 0.63595
[Test F1-max]  -  LA: 0.76323
Epoch: 88 | Loss: 2.5033925794559764e-06  | Negative Loss: 0.0
[Test ROC-AUC]  -  SA: 0.00000,  LA: 0.56060
[Test AUPRC]  -  LA: 0.63573
[Test F1-max]  -  LA: 0.76323
Epoch: 89 | Loss: 2.5033925794559764e-06  | Negative Loss: 0.0
[Test ROC-AUC]  -  SA: 0.00000,  LA: 0.56052
[Test AUPRC]  -  LA: 0.63579
[Test F1-max]  -  LA: 0.76323
Epoch: 90 | Loss: 2.5033925794559764e-06  | Negative Loss: 0.0
[Test ROC-AUC]  -  SA: 0.00000,  LA: 0.56044
[Test AUPRC]  -  LA: 0.63586
[Test F1-max]  -  LA: 0.76323
Epoch: 91 | Loss: 2.3841835172788706e-06  | Negative Loss: 0.0
[Test ROC-AUC]  -  SA: 0.00000,  LA: 0.56036
[Test AUPRC]  -  LA: 0.63575
[Test F1-max]  -  LA: 0.76323
Epoch: 92 | Loss: 2.3841835172788706e-06  | Negative Loss: 0.0
[Test ROC-AUC]  -  SA: 0.00000,  LA: 0.56044
[Test AUPRC]  -  LA: 0.63577
[Test F1-max]  -  LA: 0.76323
Epoch: 93 | Loss: 2.3841835172788706e-06  | Negative Loss: 0.0
[Test ROC-AUC]  -  SA: 0.00000,  LA: 0.56020
[Test AUPRC]  -  LA: 0.63544
[Test F1-max]  -  LA: 0.76323
Epoch: 94 | Loss: 2.3841835172788706e-06  | Negative Loss: 0.0
[Test ROC-AUC]  -  SA: 0.00000,  LA: 0.56004
[Test AUPRC]  -  LA: 0.63531
[Test F1-max]  -  LA: 0.76323
Epoch: 95 | Loss: 2.2649742277280893e-06  | Negative Loss: 0.0
[Test ROC-AUC]  -  SA: 0.00000,  LA: 0.56004
[Test AUPRC]  -  LA: 0.63530
[Test F1-max]  -  LA: 0.76323
Epoch: 96 | Loss: 2.2649742277280893e-06  | Negative Loss: 0.0
[Test ROC-AUC]  -  SA: 0.00000,  LA: 0.56012
[Test AUPRC]  -  LA: 0.63528
[Test F1-max]  -  LA: 0.76323
Epoch: 97 | Loss: 2.2649742277280893e-06  | Negative Loss: 0.0
[Test ROC-AUC]  -  SA: 0.00000,  LA: 0.56012
[Test AUPRC]  -  LA: 0.63528
[Test F1-max]  -  LA: 0.76323
Epoch: 98 | Loss: 2.1457651655509835e-06  | Negative Loss: 0.0
[Test ROC-AUC]  -  SA: 0.00000,  LA: 0.55996
[Test AUPRC]  -  LA: 0.63511
[Test F1-max]  -  LA: 0.76323
Epoch: 99 | Loss: 2.1457651655509835e-06  | Negative Loss: 0.0
Time consumption: 137.81196427345276
Best LA AUC: 0.5617136486701704
Best LA AUPC: 0.6366109080057107
Best LA F1-max: 0.773109243697479
[Result] Experiment result appended to ./results/train_hybrid_result.csv

[END] 2026-03-18 18:07:09
[RETURN CODE] 0
