[START] 2026-03-18 18:14:28
[GPU] 2
[TASK] 71/120
[NAME] banana_juice_promptad
[REPEAT] 1/10
[COMMAND] python train_hybrid.py --data_name banana_juice --mask True --text True --double_encoder True --few_shot True --shot 1 --hybrid_model promptad --hybrid_weight 0.3 --hybrid_batch_size 16 --epoch 100 --log True --lr 5e-4 --detection True --preprocess True

/home/seungeon/miniconda3/envs/LAB/lib/python3.10/site-packages/timm/models/layers/__init__.py:48: FutureWarning: Importing from timm.models.layers is deprecated, please import via timm.layers
  warnings.warn(f"Importing from {__name__} is deprecated, please import via timm.layers", FutureWarning)
/home/seungeon/Workspace/side/vlm/train_hybrid.py:18: DeprecationWarning: The distutils package is deprecated and slated for removal in Python 3.12. Use setuptools or check PEP 632 for potential alternatives
  from distutils.util import strtobool
Torch version: 2.9.1+cu128
cuda is loaded for process
here?
In my local computer
Namespace(epoch=100, gpu_number='0', data_name='banana_juice', lr=0.0005, batch_size=6, shuffle=True, seed=0, tag='default', model_name='ViT-B-32', pretrained_name='laion2b_s34b_b79k', lora=1, default=False, foundation='CLIP', detection=1, preprocess=1, num_rule=0, object_names=['a banana picture label', 'a 100% text label', 'a bottle cap', 'a black background'], objects_for_rules=[['a banana picture label'], ['a banana picture label', 'a 100% text label'], ['a banana picture label'], ['a 100% text label'], ['a banana picture label', 'a 100% text label']], texts_for_rules=[['a photo of banana picture label'], ['a photo of banana picture label and 100% text label'], ['a photo of banana picture label'], ['a photo of 100% text label'], ['a photo of banana picture label and 100% text label']], mask=1, text=1, score='mean', ciriculam_learning=False, few_shot=1, shot=1, log=1, neg_loss=0, double_encoder=1, pretrained_count_path=None, ris=0, rule_select='', rule_list=[], num_negative=5, hybrid_model='promptad', hybrid_weight=0.3, hybrid_class_name='', hybrid_batch_size=16, hybrid_backbone='ViT-B-16-plus-240', hybrid_pretrained_dataset='laion400m_e32', hybrid_scales=[2, 3], hybrid_img_resize=240, hybrid_img_cropsize=240, hybrid_resolution=400, hybrid_promptad_epoch=100, hybrid_promptad_lr=0.002, hybrid_promptad_momentum=0.9, hybrid_promptad_weight_decay=0.0005, hybrid_promptad_eta_min=1e-05, hybrid_promptad_lambda1=0.001, hybrid_promptad_n_ctx=4, hybrid_promptad_n_pro=3, hybrid_promptad_n_ctx_ab=1, hybrid_promptad_n_pro_ab=4, early_stop_k=10, result_log_path='./results/train_hybrid_result.csv')
[Hybrid] method=promptad, class_name=juice_bottle, train=1, eval=85, base_path=/data3/seungeon/data/image/mvtec_loco_anomaly_detection/banana_juice
[Hybrid-only] LA_AUC=0.90268, LA_AUPRC=0.75718, LA_F1=0.84615
[Data Description]
- Train: 1
- Test: 85

Train Start
[Test ROC-AUC]  -  SA: 0.00000,  LA: 0.26166
[Test AUPRC]  -  LA: 0.26805
[Test F1-max]  -  LA: 0.55932
Epoch: 0 | Loss: 5.786663055419922  | Negative Loss: 0.0
[Test ROC-AUC]  -  SA: 0.00000,  LA: 0.26632
[Test AUPRC]  -  LA: 0.26914
[Test F1-max]  -  LA: 0.55932
Epoch: 1 | Loss: 5.700479030609131  | Negative Loss: 0.0
[Test ROC-AUC]  -  SA: 0.00000,  LA: 0.36305
[Test AUPRC]  -  LA: 0.29899
[Test F1-max]  -  LA: 0.55932
Epoch: 2 | Loss: 4.799751281738281  | Negative Loss: 0.0
[Test ROC-AUC]  -  SA: 0.00000,  LA: 0.58800
[Test AUPRC]  -  LA: 0.47874
[Test F1-max]  -  LA: 0.59259
Epoch: 3 | Loss: 3.548250436782837  | Negative Loss: 0.0
[Test ROC-AUC]  -  SA: 0.00000,  LA: 0.72145
[Test AUPRC]  -  LA: 0.64870
[Test F1-max]  -  LA: 0.64078
Epoch: 4 | Loss: 2.336660861968994  | Negative Loss: 0.0
[Test ROC-AUC]  -  SA: 0.00000,  LA: 0.76107
[Test AUPRC]  -  LA: 0.68963
[Test F1-max]  -  LA: 0.68235
Epoch: 5 | Loss: 1.4201109409332275  | Negative Loss: 0.0
[Test ROC-AUC]  -  SA: 0.00000,  LA: 0.77855
[Test AUPRC]  -  LA: 0.70462
[Test F1-max]  -  LA: 0.66667
Epoch: 6 | Loss: 0.8611615300178528  | Negative Loss: 0.0
[Test ROC-AUC]  -  SA: 0.00000,  LA: 0.78904
[Test AUPRC]  -  LA: 0.71272
[Test F1-max]  -  LA: 0.66667
Epoch: 7 | Loss: 0.521561861038208  | Negative Loss: 0.0
[Test ROC-AUC]  -  SA: 0.00000,  LA: 0.79604
[Test AUPRC]  -  LA: 0.71916
[Test F1-max]  -  LA: 0.70000
Epoch: 8 | Loss: 0.31521791219711304  | Negative Loss: 0.0
[Test ROC-AUC]  -  SA: 0.00000,  LA: 0.80128
[Test AUPRC]  -  LA: 0.72497
[Test F1-max]  -  LA: 0.70000
Epoch: 9 | Loss: 0.19169242680072784  | Negative Loss: 0.0
[Test ROC-AUC]  -  SA: 0.00000,  LA: 0.80594
[Test AUPRC]  -  LA: 0.73975
[Test F1-max]  -  LA: 0.70000
Epoch: 10 | Loss: 0.11813997477293015  | Negative Loss: 0.0
[Test ROC-AUC]  -  SA: 0.00000,  LA: 0.81119
[Test AUPRC]  -  LA: 0.74733
[Test F1-max]  -  LA: 0.70968
Epoch: 11 | Loss: 0.07332926988601685  | Negative Loss: 0.0
[Test ROC-AUC]  -  SA: 0.00000,  LA: 0.81469
[Test AUPRC]  -  LA: 0.74970
[Test F1-max]  -  LA: 0.70000
Epoch: 12 | Loss: 0.04595722258090973  | Negative Loss: 0.0
[Test ROC-AUC]  -  SA: 0.00000,  LA: 0.81818
[Test AUPRC]  -  LA: 0.75604
[Test F1-max]  -  LA: 0.70000
Epoch: 13 | Loss: 0.028904490172863007  | Negative Loss: 0.0
[Test ROC-AUC]  -  SA: 0.00000,  LA: 0.82051
[Test AUPRC]  -  LA: 0.75855
[Test F1-max]  -  LA: 0.70000
Epoch: 14 | Loss: 0.018227368593215942  | Negative Loss: 0.0
[Test ROC-AUC]  -  SA: 0.00000,  LA: 0.81993
[Test AUPRC]  -  LA: 0.75600
[Test F1-max]  -  LA: 0.69841
Epoch: 15 | Loss: 0.011572688817977905  | Negative Loss: 0.0
[Test ROC-AUC]  -  SA: 0.00000,  LA: 0.82284
[Test AUPRC]  -  LA: 0.75954
[Test F1-max]  -  LA: 0.69841
Epoch: 16 | Loss: 0.007410329766571522  | Negative Loss: 0.0
[Test ROC-AUC]  -  SA: 0.00000,  LA: 0.82692
[Test AUPRC]  -  LA: 0.75952
[Test F1-max]  -  LA: 0.70968
Epoch: 17 | Loss: 0.004806612618267536  | Negative Loss: 0.0
[Test ROC-AUC]  -  SA: 0.00000,  LA: 0.83100
[Test AUPRC]  -  LA: 0.76280
[Test F1-max]  -  LA: 0.70968
Epoch: 18 | Loss: 0.0031628853175789118  | Negative Loss: 0.0
[Test ROC-AUC]  -  SA: 0.00000,  LA: 0.83392
[Test AUPRC]  -  LA: 0.76654
[Test F1-max]  -  LA: 0.70968
Epoch: 19 | Loss: 0.002106697065755725  | Negative Loss: 0.0
[Test ROC-AUC]  -  SA: 0.00000,  LA: 0.83800
[Test AUPRC]  -  LA: 0.76929
[Test F1-max]  -  LA: 0.72131
Epoch: 20 | Loss: 0.0014260213356465101  | Negative Loss: 0.0
[Test ROC-AUC]  -  SA: 0.00000,  LA: 0.84033
[Test AUPRC]  -  LA: 0.77061
[Test F1-max]  -  LA: 0.72131
Epoch: 21 | Loss: 0.0009821319254115224  | Negative Loss: 0.0
[Test ROC-AUC]  -  SA: 0.00000,  LA: 0.84382
[Test AUPRC]  -  LA: 0.77622
[Test F1-max]  -  LA: 0.72131
Epoch: 22 | Loss: 0.0006868084310553968  | Negative Loss: 0.0
[Test ROC-AUC]  -  SA: 0.00000,  LA: 0.84615
[Test AUPRC]  -  LA: 0.77746
[Test F1-max]  -  LA: 0.72131
Epoch: 23 | Loss: 0.0004874083970207721  | Negative Loss: 0.0
[Test ROC-AUC]  -  SA: 0.00000,  LA: 0.84732
[Test AUPRC]  -  LA: 0.77550
[Test F1-max]  -  LA: 0.73016
Epoch: 24 | Loss: 0.0003512896364554763  | Negative Loss: 0.0
[Test ROC-AUC]  -  SA: 0.00000,  LA: 0.84965
[Test AUPRC]  -  LA: 0.77657
[Test F1-max]  -  LA: 0.74194
Epoch: 25 | Loss: 0.00025700434343889356  | Negative Loss: 0.0
[Test ROC-AUC]  -  SA: 0.00000,  LA: 0.85082
[Test AUPRC]  -  LA: 0.77460
[Test F1-max]  -  LA: 0.74194
Epoch: 26 | Loss: 0.00019156324560754  | Negative Loss: 0.0
[Test ROC-AUC]  -  SA: 0.00000,  LA: 0.85140
[Test AUPRC]  -  LA: 0.77503
[Test F1-max]  -  LA: 0.74194
Epoch: 27 | Loss: 0.00014495497453026474  | Negative Loss: 0.0
[Test ROC-AUC]  -  SA: 0.00000,  LA: 0.85373
[Test AUPRC]  -  LA: 0.77893
[Test F1-max]  -  LA: 0.74194
Epoch: 28 | Loss: 0.0001113393809646368  | Negative Loss: 0.0
[Test ROC-AUC]  -  SA: 0.00000,  LA: 0.85490
[Test AUPRC]  -  LA: 0.77956
[Test F1-max]  -  LA: 0.74699
Epoch: 29 | Loss: 8.702148625161499e-05  | Negative Loss: 0.0
[Test ROC-AUC]  -  SA: 0.00000,  LA: 0.85548
[Test AUPRC]  -  LA: 0.77855
[Test F1-max]  -  LA: 0.74699
Epoch: 30 | Loss: 6.890215445309877e-05  | Negative Loss: 0.0
[Test ROC-AUC]  -  SA: 0.00000,  LA: 0.85606
[Test AUPRC]  -  LA: 0.77894
[Test F1-max]  -  LA: 0.74699
Epoch: 31 | Loss: 5.543179213418625e-05  | Negative Loss: 0.0
[Test ROC-AUC]  -  SA: 0.00000,  LA: 0.85548
[Test AUPRC]  -  LA: 0.77848
[Test F1-max]  -  LA: 0.74699
Epoch: 32 | Loss: 4.529917350737378e-05  | Negative Loss: 0.0
[Test ROC-AUC]  -  SA: 0.00000,  LA: 0.85548
[Test AUPRC]  -  LA: 0.77627
[Test F1-max]  -  LA: 0.75610
Epoch: 33 | Loss: 3.743147317436524e-05  | Negative Loss: 0.0
[Test ROC-AUC]  -  SA: 0.00000,  LA: 0.85548
[Test AUPRC]  -  LA: 0.77627
[Test F1-max]  -  LA: 0.75610
Epoch: 34 | Loss: 3.135186852887273e-05  | Negative Loss: 0.0
[Test ROC-AUC]  -  SA: 0.00000,  LA: 0.85548
[Test AUPRC]  -  LA: 0.77615
[Test F1-max]  -  LA: 0.75000
Epoch: 35 | Loss: 2.634513111843262e-05  | Negative Loss: 0.0
[Test ROC-AUC]  -  SA: 0.00000,  LA: 0.85606
[Test AUPRC]  -  LA: 0.77742
[Test F1-max]  -  LA: 0.75000
Epoch: 36 | Loss: 2.264967406517826e-05  | Negative Loss: 0.0
[Test ROC-AUC]  -  SA: 0.00000,  LA: 0.85723
[Test AUPRC]  -  LA: 0.77824
[Test F1-max]  -  LA: 0.75000
Epoch: 37 | Loss: 1.966946365428157e-05  | Negative Loss: 0.0
[Test ROC-AUC]  -  SA: 0.00000,  LA: 0.85664
[Test AUPRC]  -  LA: 0.77675
[Test F1-max]  -  LA: 0.75000
Epoch: 38 | Loss: 1.728529423417058e-05  | Negative Loss: 0.0
[Test ROC-AUC]  -  SA: 0.00000,  LA: 0.85664
[Test AUPRC]  -  LA: 0.77675
[Test F1-max]  -  LA: 0.75000
Epoch: 39 | Loss: 1.53779565152945e-05  | Negative Loss: 0.0
[Test ROC-AUC]  -  SA: 0.00000,  LA: 0.85664
[Test AUPRC]  -  LA: 0.77675
[Test F1-max]  -  LA: 0.75000
Epoch: 40 | Loss: 1.370903555653058e-05  | Negative Loss: 0.0
[Test ROC-AUC]  -  SA: 0.00000,  LA: 0.85723
[Test AUPRC]  -  LA: 0.77934
[Test F1-max]  -  LA: 0.75000
Epoch: 41 | Loss: 1.2397738828440197e-05  | Negative Loss: 0.0
[Test ROC-AUC]  -  SA: 0.00000,  LA: 0.85897
[Test AUPRC]  -  LA: 0.78206
[Test F1-max]  -  LA: 0.75000
Epoch: 42 | Loss: 1.1205651389900595e-05  | Negative Loss: 0.0
[Test ROC-AUC]  -  SA: 0.00000,  LA: 0.85956
[Test AUPRC]  -  LA: 0.78238
[Test F1-max]  -  LA: 0.75000
Epoch: 43 | Loss: 1.0371190001023933e-05  | Negative Loss: 0.0
[Test ROC-AUC]  -  SA: 0.00000,  LA: 0.85956
[Test AUPRC]  -  LA: 0.78238
[Test F1-max]  -  LA: 0.75000
Epoch: 44 | Loss: 9.536726793157868e-06  | Negative Loss: 0.0
[Test ROC-AUC]  -  SA: 0.00000,  LA: 0.85956
[Test AUPRC]  -  LA: 0.78238
[Test F1-max]  -  LA: 0.75000
Epoch: 45 | Loss: 8.821473784337286e-06  | Negative Loss: 0.0
[Test ROC-AUC]  -  SA: 0.00000,  LA: 0.85956
[Test AUPRC]  -  LA: 0.78238
[Test F1-max]  -  LA: 0.75000
Epoch: 46 | Loss: 8.106219866022002e-06  | Negative Loss: 0.0
[Test ROC-AUC]  -  SA: 0.00000,  LA: 0.85956
[Test AUPRC]  -  LA: 0.78238
[Test F1-max]  -  LA: 0.75000
Epoch: 47 | Loss: 7.510175237257499e-06  | Negative Loss: 0.0
[Test ROC-AUC]  -  SA: 0.00000,  LA: 0.85956
[Test AUPRC]  -  LA: 0.78238
[Test F1-max]  -  LA: 0.75000
Epoch: 48 | Loss: 7.152548278099857e-06  | Negative Loss: 0.0
[Test ROC-AUC]  -  SA: 0.00000,  LA: 0.86014
[Test AUPRC]  -  LA: 0.78281
[Test F1-max]  -  LA: 0.75000
Epoch: 49 | Loss: 6.675712484138785e-06  | Negative Loss: 0.0
[Test ROC-AUC]  -  SA: 0.00000,  LA: 0.86014
[Test AUPRC]  -  LA: 0.78281
[Test F1-max]  -  LA: 0.75000
Epoch: 50 | Loss: 6.437294359784573e-06  | Negative Loss: 0.0
[Test ROC-AUC]  -  SA: 0.00000,  LA: 0.86072
[Test AUPRC]  -  LA: 0.78376
[Test F1-max]  -  LA: 0.75000
Epoch: 51 | Loss: 6.0796669458795805e-06  | Negative Loss: 0.0
[Test ROC-AUC]  -  SA: 0.00000,  LA: 0.86072
[Test AUPRC]  -  LA: 0.78376
[Test F1-max]  -  LA: 0.75000
Epoch: 52 | Loss: 5.84124927627272e-06  | Negative Loss: 0.0
[Test ROC-AUC]  -  SA: 0.00000,  LA: 0.86072
[Test AUPRC]  -  LA: 0.78376
[Test F1-max]  -  LA: 0.75000
Epoch: 53 | Loss: 5.602831151918508e-06  | Negative Loss: 0.0
[Test ROC-AUC]  -  SA: 0.00000,  LA: 0.86131
[Test AUPRC]  -  LA: 0.78427
[Test F1-max]  -  LA: 0.75000
Epoch: 54 | Loss: 5.245203738013515e-06  | Negative Loss: 0.0
[Test ROC-AUC]  -  SA: 0.00000,  LA: 0.86131
[Test AUPRC]  -  LA: 0.78427
[Test F1-max]  -  LA: 0.75000
Epoch: 55 | Loss: 5.125994903210085e-06  | Negative Loss: 0.0
[Test ROC-AUC]  -  SA: 0.00000,  LA: 0.86131
[Test AUPRC]  -  LA: 0.78427
[Test F1-max]  -  LA: 0.75000
Epoch: 56 | Loss: 4.768367489305092e-06  | Negative Loss: 0.0
[Test ROC-AUC]  -  SA: 0.00000,  LA: 0.86131
[Test AUPRC]  -  LA: 0.78427
[Test F1-max]  -  LA: 0.75000
Epoch: 57 | Loss: 4.768367489305092e-06  | Negative Loss: 0.0
[Test ROC-AUC]  -  SA: 0.00000,  LA: 0.86131
[Test AUPRC]  -  LA: 0.78427
[Test F1-max]  -  LA: 0.75000
Epoch: 58 | Loss: 4.649158199754311e-06  | Negative Loss: 0.0
[Test ROC-AUC]  -  SA: 0.00000,  LA: 0.86131
[Test AUPRC]  -  LA: 0.78427
[Test F1-max]  -  LA: 0.75000
Epoch: 59 | Loss: 4.52994936495088e-06  | Negative Loss: 0.0
[Test ROC-AUC]  -  SA: 0.00000,  LA: 0.86131
[Test AUPRC]  -  LA: 0.78427
[Test F1-max]  -  LA: 0.75000
Epoch: 60 | Loss: 4.291530785849318e-06  | Negative Loss: 0.0
[Test ROC-AUC]  -  SA: 0.00000,  LA: 0.86131
[Test AUPRC]  -  LA: 0.78427
[Test F1-max]  -  LA: 0.75000
Epoch: 61 | Loss: 4.291530785849318e-06  | Negative Loss: 0.0
[Test ROC-AUC]  -  SA: 0.00000,  LA: 0.86131
[Test AUPRC]  -  LA: 0.78427
[Test F1-max]  -  LA: 0.75000
Epoch: 62 | Loss: 4.1723224057932384e-06  | Negative Loss: 0.0
[Test ROC-AUC]  -  SA: 0.00000,  LA: 0.86131
[Test AUPRC]  -  LA: 0.78427
[Test F1-max]  -  LA: 0.75000
Epoch: 63 | Loss: 4.053113116242457e-06  | Negative Loss: 0.0
[Test ROC-AUC]  -  SA: 0.00000,  LA: 0.86131
[Test AUPRC]  -  LA: 0.78427
[Test F1-max]  -  LA: 0.75000
Epoch: 64 | Loss: 4.053113116242457e-06  | Negative Loss: 0.0
[Test ROC-AUC]  -  SA: 0.00000,  LA: 0.86189
[Test AUPRC]  -  LA: 0.78470
[Test F1-max]  -  LA: 0.75000
Epoch: 65 | Loss: 3.933903826691676e-06  | Negative Loss: 0.0
[Test ROC-AUC]  -  SA: 0.00000,  LA: 0.86189
[Test AUPRC]  -  LA: 0.78470
[Test F1-max]  -  LA: 0.75000
Epoch: 66 | Loss: 3.933903826691676e-06  | Negative Loss: 0.0
[Test ROC-AUC]  -  SA: 0.00000,  LA: 0.86247
[Test AUPRC]  -  LA: 0.78513
[Test F1-max]  -  LA: 0.75000
Epoch: 67 | Loss: 3.81469476451457e-06  | Negative Loss: 0.0
[Test ROC-AUC]  -  SA: 0.00000,  LA: 0.86247
[Test AUPRC]  -  LA: 0.78513
[Test F1-max]  -  LA: 0.75000
Epoch: 68 | Loss: 3.81469476451457e-06  | Negative Loss: 0.0
[Test ROC-AUC]  -  SA: 0.00000,  LA: 0.86247
[Test AUPRC]  -  LA: 0.78513
[Test F1-max]  -  LA: 0.75000
Epoch: 69 | Loss: 3.6954857023374643e-06  | Negative Loss: 0.0
[Test ROC-AUC]  -  SA: 0.00000,  LA: 0.86247
[Test AUPRC]  -  LA: 0.78513
[Test F1-max]  -  LA: 0.75000
Epoch: 70 | Loss: 3.6954857023374643e-06  | Negative Loss: 0.0
[Test ROC-AUC]  -  SA: 0.00000,  LA: 0.86247
[Test AUPRC]  -  LA: 0.78513
[Test F1-max]  -  LA: 0.75000
Epoch: 71 | Loss: 3.6954857023374643e-06  | Negative Loss: 0.0
[Test ROC-AUC]  -  SA: 0.00000,  LA: 0.86247
[Test AUPRC]  -  LA: 0.78513
[Test F1-max]  -  LA: 0.75000
Epoch: 72 | Loss: 3.576276412786683e-06  | Negative Loss: 0.0
[Test ROC-AUC]  -  SA: 0.00000,  LA: 0.86247
[Test AUPRC]  -  LA: 0.78513
[Test F1-max]  -  LA: 0.75000
Epoch: 73 | Loss: 3.576276412786683e-06  | Negative Loss: 0.0
[Test ROC-AUC]  -  SA: 0.00000,  LA: 0.86189
[Test AUPRC]  -  LA: 0.78254
[Test F1-max]  -  LA: 0.75000
Epoch: 74 | Loss: 3.4570673506095773e-06  | Negative Loss: 0.0
[Test ROC-AUC]  -  SA: 0.00000,  LA: 0.86189
[Test AUPRC]  -  LA: 0.78254
[Test F1-max]  -  LA: 0.75000
Epoch: 75 | Loss: 3.337858061058796e-06  | Negative Loss: 0.0
[Test ROC-AUC]  -  SA: 0.00000,  LA: 0.86189
[Test AUPRC]  -  LA: 0.78254
[Test F1-max]  -  LA: 0.75000
Epoch: 76 | Loss: 3.337858061058796e-06  | Negative Loss: 0.0
[Test ROC-AUC]  -  SA: 0.00000,  LA: 0.86189
[Test AUPRC]  -  LA: 0.78254
[Test F1-max]  -  LA: 0.75000
Epoch: 77 | Loss: 3.337858061058796e-06  | Negative Loss: 0.0
[Test ROC-AUC]  -  SA: 0.00000,  LA: 0.86189
[Test AUPRC]  -  LA: 0.78254
[Test F1-max]  -  LA: 0.75000
Epoch: 78 | Loss: 3.337858061058796e-06  | Negative Loss: 0.0
[Test ROC-AUC]  -  SA: 0.00000,  LA: 0.86189
[Test AUPRC]  -  LA: 0.78254
[Test F1-max]  -  LA: 0.75000
Epoch: 79 | Loss: 3.337858061058796e-06  | Negative Loss: 0.0
[Test ROC-AUC]  -  SA: 0.00000,  LA: 0.86189
[Test AUPRC]  -  LA: 0.78254
[Test F1-max]  -  LA: 0.75000
Epoch: 80 | Loss: 3.21864899888169e-06  | Negative Loss: 0.0
[Test ROC-AUC]  -  SA: 0.00000,  LA: 0.86189
[Test AUPRC]  -  LA: 0.78254
[Test F1-max]  -  LA: 0.75000
Epoch: 81 | Loss: 3.21864899888169e-06  | Negative Loss: 0.0
[Test ROC-AUC]  -  SA: 0.00000,  LA: 0.86131
[Test AUPRC]  -  LA: 0.77972
[Test F1-max]  -  LA: 0.75000
Epoch: 82 | Loss: 3.21864899888169e-06  | Negative Loss: 0.0
[Test ROC-AUC]  -  SA: 0.00000,  LA: 0.86131
[Test AUPRC]  -  LA: 0.77972
[Test F1-max]  -  LA: 0.75000
Epoch: 83 | Loss: 3.21864899888169e-06  | Negative Loss: 0.0
[Test ROC-AUC]  -  SA: 0.00000,  LA: 0.86131
[Test AUPRC]  -  LA: 0.77972
[Test F1-max]  -  LA: 0.75000
Epoch: 84 | Loss: 3.21864899888169e-06  | Negative Loss: 0.0
[Test ROC-AUC]  -  SA: 0.00000,  LA: 0.86131
[Test AUPRC]  -  LA: 0.77972
[Test F1-max]  -  LA: 0.75000
Epoch: 85 | Loss: 3.21864899888169e-06  | Negative Loss: 0.0
[Test ROC-AUC]  -  SA: 0.00000,  LA: 0.86189
[Test AUPRC]  -  LA: 0.78010
[Test F1-max]  -  LA: 0.75610
Epoch: 86 | Loss: 3.0994399367045844e-06  | Negative Loss: 0.0
[Test ROC-AUC]  -  SA: 0.00000,  LA: 0.86189
[Test AUPRC]  -  LA: 0.78010
[Test F1-max]  -  LA: 0.75610
Epoch: 87 | Loss: 2.980230647153803e-06  | Negative Loss: 0.0
[Test ROC-AUC]  -  SA: 0.00000,  LA: 0.86189
[Test AUPRC]  -  LA: 0.78010
[Test F1-max]  -  LA: 0.75610
Epoch: 88 | Loss: 2.980230647153803e-06  | Negative Loss: 0.0
[Test ROC-AUC]  -  SA: 0.00000,  LA: 0.86189
[Test AUPRC]  -  LA: 0.78010
[Test F1-max]  -  LA: 0.75610
Epoch: 89 | Loss: 2.980230647153803e-06  | Negative Loss: 0.0
[Test ROC-AUC]  -  SA: 0.00000,  LA: 0.86189
[Test AUPRC]  -  LA: 0.78010
[Test F1-max]  -  LA: 0.75610
Epoch: 90 | Loss: 2.980230647153803e-06  | Negative Loss: 0.0
[Test ROC-AUC]  -  SA: 0.00000,  LA: 0.86189
[Test AUPRC]  -  LA: 0.78010
[Test F1-max]  -  LA: 0.75610
Epoch: 91 | Loss: 2.980230647153803e-06  | Negative Loss: 0.0
[Test ROC-AUC]  -  SA: 0.00000,  LA: 0.86189
[Test AUPRC]  -  LA: 0.78010
[Test F1-max]  -  LA: 0.75610
Epoch: 92 | Loss: 2.980230647153803e-06  | Negative Loss: 0.0
[Test ROC-AUC]  -  SA: 0.00000,  LA: 0.86189
[Test AUPRC]  -  LA: 0.78010
[Test F1-max]  -  LA: 0.75610
Epoch: 93 | Loss: 2.980230647153803e-06  | Negative Loss: 0.0
[Test ROC-AUC]  -  SA: 0.00000,  LA: 0.86189
[Test AUPRC]  -  LA: 0.78010
[Test F1-max]  -  LA: 0.75610
Epoch: 94 | Loss: 2.980230647153803e-06  | Negative Loss: 0.0
[Test ROC-AUC]  -  SA: 0.00000,  LA: 0.86189
[Test AUPRC]  -  LA: 0.78010
[Test F1-max]  -  LA: 0.75610
Epoch: 95 | Loss: 2.980230647153803e-06  | Negative Loss: 0.0
[Test ROC-AUC]  -  SA: 0.00000,  LA: 0.86189
[Test AUPRC]  -  LA: 0.78010
[Test F1-max]  -  LA: 0.75610
Epoch: 96 | Loss: 2.980230647153803e-06  | Negative Loss: 0.0
[Test ROC-AUC]  -  SA: 0.00000,  LA: 0.86189
[Test AUPRC]  -  LA: 0.78010
[Test F1-max]  -  LA: 0.75610
Epoch: 97 | Loss: 2.8610215849766973e-06  | Negative Loss: 0.0
[Test ROC-AUC]  -  SA: 0.00000,  LA: 0.86189
[Test AUPRC]  -  LA: 0.78010
[Test F1-max]  -  LA: 0.75610
Epoch: 98 | Loss: 2.8610215849766973e-06  | Negative Loss: 0.0
[Test ROC-AUC]  -  SA: 0.00000,  LA: 0.86189
[Test AUPRC]  -  LA: 0.78010
[Test F1-max]  -  LA: 0.75610
Epoch: 99 | Loss: 2.8610215849766973e-06  | Negative Loss: 0.0
Time consumption: 94.06108808517456
Best LA AUC: 0.8624708624708625
Best LA AUPC: 0.7851257410063277
Best LA F1-max: 0.7560975609756098
[Result] Experiment result appended to ./results/train_hybrid_result.csv

[END] 2026-03-18 18:17:25
[RETURN CODE] 0
