[START] 2026-03-18 18:07:09
[GPU] 2
[TASK] 63/120
[NAME] banana_juice_winclip
[REPEAT] 3/10
[COMMAND] python train_hybrid.py --data_name banana_juice --mask True --text True --double_encoder True --few_shot True --shot 1 --hybrid_model winclip --hybrid_weight 0.3 --hybrid_batch_size 16 --epoch 100 --log True --lr 5e-4 --detection True --preprocess True

/home/seungeon/miniconda3/envs/LAB/lib/python3.10/site-packages/timm/models/layers/__init__.py:48: FutureWarning: Importing from timm.models.layers is deprecated, please import via timm.layers
  warnings.warn(f"Importing from {__name__} is deprecated, please import via timm.layers", FutureWarning)
/home/seungeon/Workspace/side/vlm/train_hybrid.py:18: DeprecationWarning: The distutils package is deprecated and slated for removal in Python 3.12. Use setuptools or check PEP 632 for potential alternatives
  from distutils.util import strtobool
Torch version: 2.9.1+cu128
cuda is loaded for process
here?
In my local computer
Namespace(epoch=100, gpu_number='0', data_name='banana_juice', lr=0.0005, batch_size=6, shuffle=True, seed=0, tag='default', model_name='ViT-B-32', pretrained_name='laion2b_s34b_b79k', lora=1, default=False, foundation='CLIP', detection=1, preprocess=1, num_rule=0, object_names=['a banana picture label', 'a 100% text label', 'a bottle cap', 'a black background'], objects_for_rules=[['a banana picture label'], ['a banana picture label', 'a 100% text label'], ['a banana picture label'], ['a 100% text label'], ['a banana picture label', 'a 100% text label']], texts_for_rules=[['a photo of banana picture label'], ['a photo of banana picture label and 100% text label'], ['a photo of banana picture label'], ['a photo of 100% text label'], ['a photo of banana picture label and 100% text label']], mask=1, text=1, score='mean', ciriculam_learning=False, few_shot=1, shot=1, log=1, neg_loss=0, double_encoder=1, pretrained_count_path=None, ris=0, rule_select='', rule_list=[], num_negative=5, hybrid_model='winclip', hybrid_weight=0.3, hybrid_class_name='', hybrid_batch_size=16, hybrid_backbone='ViT-B-16-plus-240', hybrid_pretrained_dataset='laion400m_e32', hybrid_scales=[2, 3], hybrid_img_resize=240, hybrid_img_cropsize=240, hybrid_resolution=400, hybrid_promptad_epoch=100, hybrid_promptad_lr=0.002, hybrid_promptad_momentum=0.9, hybrid_promptad_weight_decay=0.0005, hybrid_promptad_eta_min=1e-05, hybrid_promptad_lambda1=0.001, hybrid_promptad_n_ctx=4, hybrid_promptad_n_pro=3, hybrid_promptad_n_ctx_ab=1, hybrid_promptad_n_pro_ab=4, early_stop_k=10, result_log_path='./results/train_hybrid_result.csv')
[Hybrid] method=winclip, class_name=juice_bottle, train=1, eval=85, base_path=/data3/seungeon/data/image/mvtec_loco_anomaly_detection/banana_juice
grid 240 16 (15, 15)
[Hybrid-only] LA_AUC=0.63345, LA_AUPRC=0.44034, LA_F1=0.64706
[Data Description]
- Train: 1
- Test: 85

Train Start
[Test ROC-AUC]  -  SA: 0.00000,  LA: 0.65501
[Test AUPRC]  -  LA: 0.49490
[Test F1-max]  -  LA: 0.63736
Epoch: 0 | Loss: 12.017040252685547  | Negative Loss: 0.0
[Test ROC-AUC]  -  SA: 0.00000,  LA: 0.65676
[Test AUPRC]  -  LA: 0.49649
[Test F1-max]  -  LA: 0.63043
Epoch: 1 | Loss: 11.892024993896484  | Negative Loss: 0.0
[Test ROC-AUC]  -  SA: 0.00000,  LA: 0.72611
[Test AUPRC]  -  LA: 0.61448
[Test F1-max]  -  LA: 0.62366
Epoch: 2 | Loss: 10.541644096374512  | Negative Loss: 0.0
[Test ROC-AUC]  -  SA: 0.00000,  LA: 0.77273
[Test AUPRC]  -  LA: 0.70800
[Test F1-max]  -  LA: 0.66667
Epoch: 3 | Loss: 8.453088760375977  | Negative Loss: 0.0
[Test ROC-AUC]  -  SA: 0.00000,  LA: 0.77797
[Test AUPRC]  -  LA: 0.72963
[Test F1-max]  -  LA: 0.67742
Epoch: 4 | Loss: 6.181466579437256  | Negative Loss: 0.0
[Test ROC-AUC]  -  SA: 0.00000,  LA: 0.78089
[Test AUPRC]  -  LA: 0.73463
[Test F1-max]  -  LA: 0.66667
Epoch: 5 | Loss: 4.111515998840332  | Negative Loss: 0.0
[Test ROC-AUC]  -  SA: 0.00000,  LA: 0.78788
[Test AUPRC]  -  LA: 0.74009
[Test F1-max]  -  LA: 0.66667
Epoch: 6 | Loss: 2.443922519683838  | Negative Loss: 0.0
[Test ROC-AUC]  -  SA: 0.00000,  LA: 0.79254
[Test AUPRC]  -  LA: 0.74466
[Test F1-max]  -  LA: 0.66667
Epoch: 7 | Loss: 1.3320859670639038  | Negative Loss: 0.0
[Test ROC-AUC]  -  SA: 0.00000,  LA: 0.78846
[Test AUPRC]  -  LA: 0.74136
[Test F1-max]  -  LA: 0.66667
Epoch: 8 | Loss: 0.7048907279968262  | Negative Loss: 0.0
[Test ROC-AUC]  -  SA: 0.00000,  LA: 0.78671
[Test AUPRC]  -  LA: 0.73826
[Test F1-max]  -  LA: 0.66667
Epoch: 9 | Loss: 0.36379921436309814  | Negative Loss: 0.0
[Test ROC-AUC]  -  SA: 0.00000,  LA: 0.78904
[Test AUPRC]  -  LA: 0.74306
[Test F1-max]  -  LA: 0.66667
Epoch: 10 | Loss: 0.18380922079086304  | Negative Loss: 0.0
[Test ROC-AUC]  -  SA: 0.00000,  LA: 0.78671
[Test AUPRC]  -  LA: 0.74367
[Test F1-max]  -  LA: 0.66667
Epoch: 11 | Loss: 0.09283994138240814  | Negative Loss: 0.0
[Test ROC-AUC]  -  SA: 0.00000,  LA: 0.78671
[Test AUPRC]  -  LA: 0.74428
[Test F1-max]  -  LA: 0.67500
Epoch: 12 | Loss: 0.04728645458817482  | Negative Loss: 0.0
[Test ROC-AUC]  -  SA: 0.00000,  LA: 0.78497
[Test AUPRC]  -  LA: 0.74023
[Test F1-max]  -  LA: 0.67500
Epoch: 13 | Loss: 0.02425527758896351  | Negative Loss: 0.0
[Test ROC-AUC]  -  SA: 0.00000,  LA: 0.78613
[Test AUPRC]  -  LA: 0.73992
[Test F1-max]  -  LA: 0.67500
Epoch: 14 | Loss: 0.012680068612098694  | Negative Loss: 0.0
[Test ROC-AUC]  -  SA: 0.00000,  LA: 0.79254
[Test AUPRC]  -  LA: 0.74038
[Test F1-max]  -  LA: 0.67568
Epoch: 15 | Loss: 0.0068440926261246204  | Negative Loss: 0.0
[Test ROC-AUC]  -  SA: 0.00000,  LA: 0.79429
[Test AUPRC]  -  LA: 0.73854
[Test F1-max]  -  LA: 0.68493
Epoch: 16 | Loss: 0.003790910355746746  | Negative Loss: 0.0
[Test ROC-AUC]  -  SA: 0.00000,  LA: 0.79720
[Test AUPRC]  -  LA: 0.74005
[Test F1-max]  -  LA: 0.68493
Epoch: 17 | Loss: 0.0021527272183448076  | Negative Loss: 0.0
[Test ROC-AUC]  -  SA: 0.00000,  LA: 0.79487
[Test AUPRC]  -  LA: 0.72884
[Test F1-max]  -  LA: 0.69333
Epoch: 18 | Loss: 0.001250512432307005  | Negative Loss: 0.0
[Test ROC-AUC]  -  SA: 0.00000,  LA: 0.79837
[Test AUPRC]  -  LA: 0.73255
[Test F1-max]  -  LA: 0.71053
Epoch: 19 | Loss: 0.0007442167843692005  | Negative Loss: 0.0
[Test ROC-AUC]  -  SA: 0.00000,  LA: 0.79429
[Test AUPRC]  -  LA: 0.72380
[Test F1-max]  -  LA: 0.72000
Epoch: 20 | Loss: 0.0004539014189504087  | Negative Loss: 0.0
[Test ROC-AUC]  -  SA: 0.00000,  LA: 0.79545
[Test AUPRC]  -  LA: 0.72098
[Test F1-max]  -  LA: 0.72000
Epoch: 21 | Loss: 0.0002834608603734523  | Negative Loss: 0.0
[Test ROC-AUC]  -  SA: 0.00000,  LA: 0.79779
[Test AUPRC]  -  LA: 0.72137
[Test F1-max]  -  LA: 0.72973
Epoch: 22 | Loss: 0.00018107111100107431  | Negative Loss: 0.0
[Test ROC-AUC]  -  SA: 0.00000,  LA: 0.79837
[Test AUPRC]  -  LA: 0.71984
[Test F1-max]  -  LA: 0.72973
Epoch: 23 | Loss: 0.00011825223919004202  | Negative Loss: 0.0
[Test ROC-AUC]  -  SA: 0.00000,  LA: 0.79312
[Test AUPRC]  -  LA: 0.71398
[Test F1-max]  -  LA: 0.71233
Epoch: 24 | Loss: 7.915342575870454e-05  | Negative Loss: 0.0
[Test ROC-AUC]  -  SA: 0.00000,  LA: 0.79545
[Test AUPRC]  -  LA: 0.71480
[Test F1-max]  -  LA: 0.71053
Epoch: 25 | Loss: 5.400108057074249e-05  | Negative Loss: 0.0
[Test ROC-AUC]  -  SA: 0.00000,  LA: 0.79487
[Test AUPRC]  -  LA: 0.70906
[Test F1-max]  -  LA: 0.71053
Epoch: 26 | Loss: 3.766977897612378e-05  | Negative Loss: 0.0
[Test ROC-AUC]  -  SA: 0.00000,  LA: 0.79429
[Test AUPRC]  -  LA: 0.70777
[Test F1-max]  -  LA: 0.71053
Epoch: 27 | Loss: 2.7060323191108182e-05  | Negative Loss: 0.0
[Test ROC-AUC]  -  SA: 0.00000,  LA: 0.79720
[Test AUPRC]  -  LA: 0.70967
[Test F1-max]  -  LA: 0.71053
Epoch: 28 | Loss: 1.9788642021012492e-05  | Negative Loss: 0.0
[Test ROC-AUC]  -  SA: 0.00000,  LA: 0.79545
[Test AUPRC]  -  LA: 0.70643
[Test F1-max]  -  LA: 0.70130
Epoch: 29 | Loss: 1.4543478755513206e-05  | Negative Loss: 0.0
[Test ROC-AUC]  -  SA: 0.00000,  LA: 0.79604
[Test AUPRC]  -  LA: 0.70104
[Test F1-max]  -  LA: 0.69231
Epoch: 30 | Loss: 1.1086432095908094e-05  | Negative Loss: 0.0
[Test ROC-AUC]  -  SA: 0.00000,  LA: 0.79429
[Test AUPRC]  -  LA: 0.69534
[Test F1-max]  -  LA: 0.68354
Epoch: 31 | Loss: 8.583048838772811e-06  | Negative Loss: 0.0
[Test ROC-AUC]  -  SA: 0.00000,  LA: 0.79429
[Test AUPRC]  -  LA: 0.69527
[Test F1-max]  -  LA: 0.69048
Epoch: 32 | Loss: 6.914126061019488e-06  | Negative Loss: 0.0
[Test ROC-AUC]  -  SA: 0.00000,  LA: 0.79429
[Test AUPRC]  -  LA: 0.69527
[Test F1-max]  -  LA: 0.69048
Epoch: 33 | Loss: 5.4836195886309724e-06  | Negative Loss: 0.0
[Test ROC-AUC]  -  SA: 0.00000,  LA: 0.79254
[Test AUPRC]  -  LA: 0.69118
[Test F1-max]  -  LA: 0.69048
Epoch: 34 | Loss: 4.291529421607265e-06  | Negative Loss: 0.0
[Test ROC-AUC]  -  SA: 0.00000,  LA: 0.79021
[Test AUPRC]  -  LA: 0.68902
[Test F1-max]  -  LA: 0.69048
Epoch: 35 | Loss: 3.6954843380954117e-06  | Negative Loss: 0.0
[Test ROC-AUC]  -  SA: 0.00000,  LA: 0.78846
[Test AUPRC]  -  LA: 0.68786
[Test F1-max]  -  LA: 0.69048
Epoch: 36 | Loss: 3.0994390272098826e-06  | Negative Loss: 0.0
[Test ROC-AUC]  -  SA: 0.00000,  LA: 0.78963
[Test AUPRC]  -  LA: 0.68762
[Test F1-max]  -  LA: 0.69048
Epoch: 37 | Loss: 2.5033932615770027e-06  | Negative Loss: 0.0
[Test ROC-AUC]  -  SA: 0.00000,  LA: 0.78963
[Test AUPRC]  -  LA: 0.68786
[Test F1-max]  -  LA: 0.69048
Epoch: 38 | Loss: 2.264975137222791e-06  | Negative Loss: 0.0
[Test ROC-AUC]  -  SA: 0.00000,  LA: 0.78963
[Test AUPRC]  -  LA: 0.68759
[Test F1-max]  -  LA: 0.69048
Epoch: 39 | Loss: 1.9073476096309605e-06  | Negative Loss: 0.0
[Test ROC-AUC]  -  SA: 0.00000,  LA: 0.78963
[Test AUPRC]  -  LA: 0.68759
[Test F1-max]  -  LA: 0.69048
Epoch: 40 | Loss: 1.6689293715899112e-06  | Negative Loss: 0.0
[Test ROC-AUC]  -  SA: 0.00000,  LA: 0.79079
[Test AUPRC]  -  LA: 0.68814
[Test F1-max]  -  LA: 0.69048
Epoch: 41 | Loss: 1.54972008203913e-06  | Negative Loss: 0.0
[Test ROC-AUC]  -  SA: 0.00000,  LA: 0.78963
[Test AUPRC]  -  LA: 0.68640
[Test F1-max]  -  LA: 0.69048
Epoch: 42 | Loss: 1.4305110198620241e-06  | Negative Loss: 0.0
[Test ROC-AUC]  -  SA: 0.00000,  LA: 0.78963
[Test AUPRC]  -  LA: 0.68640
[Test F1-max]  -  LA: 0.69048
Epoch: 43 | Loss: 1.1920925544472993e-06  | Negative Loss: 0.0
[Test ROC-AUC]  -  SA: 0.00000,  LA: 0.78904
[Test AUPRC]  -  LA: 0.68583
[Test F1-max]  -  LA: 0.69048
Epoch: 44 | Loss: 1.1920925544472993e-06  | Negative Loss: 0.0
[Test ROC-AUC]  -  SA: 0.00000,  LA: 0.78788
[Test AUPRC]  -  LA: 0.68488
[Test F1-max]  -  LA: 0.68235
Epoch: 45 | Loss: 1.0728833785833558e-06  | Negative Loss: 0.0
[Test ROC-AUC]  -  SA: 0.00000,  LA: 0.78788
[Test AUPRC]  -  LA: 0.68488
[Test F1-max]  -  LA: 0.68235
Epoch: 46 | Loss: 1.0728833785833558e-06  | Negative Loss: 0.0
[Test ROC-AUC]  -  SA: 0.00000,  LA: 0.78730
[Test AUPRC]  -  LA: 0.68450
[Test F1-max]  -  LA: 0.68235
Epoch: 47 | Loss: 9.536740890325746e-07  | Negative Loss: 0.0
[Test ROC-AUC]  -  SA: 0.00000,  LA: 0.78730
[Test AUPRC]  -  LA: 0.68445
[Test F1-max]  -  LA: 0.68235
Epoch: 48 | Loss: 8.344647994817933e-07  | Negative Loss: 0.0
[Test ROC-AUC]  -  SA: 0.00000,  LA: 0.78730
[Test AUPRC]  -  LA: 0.68442
[Test F1-max]  -  LA: 0.68235
Epoch: 49 | Loss: 8.344647994817933e-07  | Negative Loss: 0.0
[Test ROC-AUC]  -  SA: 0.00000,  LA: 0.78671
[Test AUPRC]  -  LA: 0.68384
[Test F1-max]  -  LA: 0.68235
Epoch: 50 | Loss: 5.960463340670685e-07  | Negative Loss: 0.0
[Test ROC-AUC]  -  SA: 0.00000,  LA: 0.78671
[Test AUPRC]  -  LA: 0.68413
[Test F1-max]  -  LA: 0.68235
Epoch: 51 | Loss: 5.960463340670685e-07  | Negative Loss: 0.0
[Test ROC-AUC]  -  SA: 0.00000,  LA: 0.78671
[Test AUPRC]  -  LA: 0.68413
[Test F1-max]  -  LA: 0.68235
Epoch: 52 | Loss: 5.960463340670685e-07  | Negative Loss: 0.0
[Test ROC-AUC]  -  SA: 0.00000,  LA: 0.78613
[Test AUPRC]  -  LA: 0.68359
[Test F1-max]  -  LA: 0.68235
Epoch: 53 | Loss: 5.960463340670685e-07  | Negative Loss: 0.0
[Test ROC-AUC]  -  SA: 0.00000,  LA: 0.78555
[Test AUPRC]  -  LA: 0.68321
[Test F1-max]  -  LA: 0.68235
Epoch: 54 | Loss: 5.960463340670685e-07  | Negative Loss: 0.0
[Test ROC-AUC]  -  SA: 0.00000,  LA: 0.78555
[Test AUPRC]  -  LA: 0.68321
[Test F1-max]  -  LA: 0.68235
Epoch: 55 | Loss: 4.7683710135970614e-07  | Negative Loss: 0.0
[Test ROC-AUC]  -  SA: 0.00000,  LA: 0.78497
[Test AUPRC]  -  LA: 0.68270
[Test F1-max]  -  LA: 0.68235
Epoch: 56 | Loss: 4.7683710135970614e-07  | Negative Loss: 0.0
[Test ROC-AUC]  -  SA: 0.00000,  LA: 0.78555
[Test AUPRC]  -  LA: 0.68357
[Test F1-max]  -  LA: 0.68235
Epoch: 57 | Loss: 4.7683710135970614e-07  | Negative Loss: 0.0
[Test ROC-AUC]  -  SA: 0.00000,  LA: 0.78555
[Test AUPRC]  -  LA: 0.68357
[Test F1-max]  -  LA: 0.68235
Epoch: 58 | Loss: 4.7683710135970614e-07  | Negative Loss: 0.0
[Test ROC-AUC]  -  SA: 0.00000,  LA: 0.78613
[Test AUPRC]  -  LA: 0.68442
[Test F1-max]  -  LA: 0.68235
Epoch: 59 | Loss: 4.7683710135970614e-07  | Negative Loss: 0.0
[Test ROC-AUC]  -  SA: 0.00000,  LA: 0.78555
[Test AUPRC]  -  LA: 0.68412
[Test F1-max]  -  LA: 0.68235
Epoch: 60 | Loss: 4.7683710135970614e-07  | Negative Loss: 0.0
[Test ROC-AUC]  -  SA: 0.00000,  LA: 0.78555
[Test AUPRC]  -  LA: 0.68412
[Test F1-max]  -  LA: 0.68235
Epoch: 61 | Loss: 4.7683710135970614e-07  | Negative Loss: 0.0
[Test ROC-AUC]  -  SA: 0.00000,  LA: 0.78555
[Test AUPRC]  -  LA: 0.68412
[Test F1-max]  -  LA: 0.68235
Epoch: 62 | Loss: 4.7683710135970614e-07  | Negative Loss: 0.0
[Test ROC-AUC]  -  SA: 0.00000,  LA: 0.78555
[Test AUPRC]  -  LA: 0.68412
[Test F1-max]  -  LA: 0.68235
Epoch: 63 | Loss: 4.7683710135970614e-07  | Negative Loss: 0.0
[Test ROC-AUC]  -  SA: 0.00000,  LA: 0.78438
[Test AUPRC]  -  LA: 0.68339
[Test F1-max]  -  LA: 0.68235
Epoch: 64 | Loss: 4.7683710135970614e-07  | Negative Loss: 0.0
[Test ROC-AUC]  -  SA: 0.00000,  LA: 0.78380
[Test AUPRC]  -  LA: 0.68292
[Test F1-max]  -  LA: 0.68235
Epoch: 65 | Loss: 4.7683710135970614e-07  | Negative Loss: 0.0
[Test ROC-AUC]  -  SA: 0.00000,  LA: 0.78380
[Test AUPRC]  -  LA: 0.68292
[Test F1-max]  -  LA: 0.68235
Epoch: 66 | Loss: 4.7683710135970614e-07  | Negative Loss: 0.0
[Test ROC-AUC]  -  SA: 0.00000,  LA: 0.78380
[Test AUPRC]  -  LA: 0.68292
[Test F1-max]  -  LA: 0.68235
Epoch: 67 | Loss: 4.7683710135970614e-07  | Negative Loss: 0.0
[Test ROC-AUC]  -  SA: 0.00000,  LA: 0.78380
[Test AUPRC]  -  LA: 0.68292
[Test F1-max]  -  LA: 0.68235
Epoch: 68 | Loss: 4.7683710135970614e-07  | Negative Loss: 0.0
[Test ROC-AUC]  -  SA: 0.00000,  LA: 0.78380
[Test AUPRC]  -  LA: 0.68292
[Test F1-max]  -  LA: 0.68235
Epoch: 69 | Loss: 3.576278402306343e-07  | Negative Loss: 0.0
[Test ROC-AUC]  -  SA: 0.00000,  LA: 0.78380
[Test AUPRC]  -  LA: 0.68292
[Test F1-max]  -  LA: 0.68235
Epoch: 70 | Loss: 3.576278402306343e-07  | Negative Loss: 0.0
[Test ROC-AUC]  -  SA: 0.00000,  LA: 0.78380
[Test AUPRC]  -  LA: 0.68292
[Test F1-max]  -  LA: 0.68235
Epoch: 71 | Loss: 3.576278402306343e-07  | Negative Loss: 0.0
[Test ROC-AUC]  -  SA: 0.00000,  LA: 0.78380
[Test AUPRC]  -  LA: 0.68292
[Test F1-max]  -  LA: 0.68235
Epoch: 72 | Loss: 3.576278402306343e-07  | Negative Loss: 0.0
[Test ROC-AUC]  -  SA: 0.00000,  LA: 0.78380
[Test AUPRC]  -  LA: 0.68292
[Test F1-max]  -  LA: 0.68235
Epoch: 73 | Loss: 3.576278402306343e-07  | Negative Loss: 0.0
[Test ROC-AUC]  -  SA: 0.00000,  LA: 0.78380
[Test AUPRC]  -  LA: 0.68292
[Test F1-max]  -  LA: 0.68235
Epoch: 74 | Loss: 3.576278402306343e-07  | Negative Loss: 0.0
[Test ROC-AUC]  -  SA: 0.00000,  LA: 0.78380
[Test AUPRC]  -  LA: 0.68292
[Test F1-max]  -  LA: 0.68235
Epoch: 75 | Loss: 3.576278402306343e-07  | Negative Loss: 0.0
[Test ROC-AUC]  -  SA: 0.00000,  LA: 0.78380
[Test AUPRC]  -  LA: 0.68292
[Test F1-max]  -  LA: 0.68235
Epoch: 76 | Loss: 3.576278402306343e-07  | Negative Loss: 0.0
[Test ROC-AUC]  -  SA: 0.00000,  LA: 0.78380
[Test AUPRC]  -  LA: 0.68292
[Test F1-max]  -  LA: 0.68235
Epoch: 77 | Loss: 3.576278402306343e-07  | Negative Loss: 0.0
[Test ROC-AUC]  -  SA: 0.00000,  LA: 0.78380
[Test AUPRC]  -  LA: 0.68292
[Test F1-max]  -  LA: 0.68235
Epoch: 78 | Loss: 3.576278402306343e-07  | Negative Loss: 0.0
[Test ROC-AUC]  -  SA: 0.00000,  LA: 0.78380
[Test AUPRC]  -  LA: 0.68292
[Test F1-max]  -  LA: 0.68235
Epoch: 79 | Loss: 3.576278402306343e-07  | Negative Loss: 0.0
[Test ROC-AUC]  -  SA: 0.00000,  LA: 0.78380
[Test AUPRC]  -  LA: 0.68292
[Test F1-max]  -  LA: 0.68235
Epoch: 80 | Loss: 3.576278402306343e-07  | Negative Loss: 0.0
[Test ROC-AUC]  -  SA: 0.00000,  LA: 0.78322
[Test AUPRC]  -  LA: 0.68248
[Test F1-max]  -  LA: 0.68235
Epoch: 81 | Loss: 3.576278402306343e-07  | Negative Loss: 0.0
[Test ROC-AUC]  -  SA: 0.00000,  LA: 0.78322
[Test AUPRC]  -  LA: 0.68248
[Test F1-max]  -  LA: 0.68235
Epoch: 82 | Loss: 3.576278402306343e-07  | Negative Loss: 0.0
[Test ROC-AUC]  -  SA: 0.00000,  LA: 0.78322
[Test AUPRC]  -  LA: 0.68248
[Test F1-max]  -  LA: 0.68235
Epoch: 83 | Loss: 3.576278402306343e-07  | Negative Loss: 0.0
[Test ROC-AUC]  -  SA: 0.00000,  LA: 0.78322
[Test AUPRC]  -  LA: 0.68248
[Test F1-max]  -  LA: 0.68235
Epoch: 84 | Loss: 3.576278402306343e-07  | Negative Loss: 0.0
[Test ROC-AUC]  -  SA: 0.00000,  LA: 0.78322
[Test AUPRC]  -  LA: 0.68248
[Test F1-max]  -  LA: 0.68235
Epoch: 85 | Loss: 3.576278402306343e-07  | Negative Loss: 0.0
[Test ROC-AUC]  -  SA: 0.00000,  LA: 0.78322
[Test AUPRC]  -  LA: 0.68248
[Test F1-max]  -  LA: 0.68235
Epoch: 86 | Loss: 3.576278402306343e-07  | Negative Loss: 0.0
[Test ROC-AUC]  -  SA: 0.00000,  LA: 0.78322
[Test AUPRC]  -  LA: 0.68248
[Test F1-max]  -  LA: 0.68235
Epoch: 87 | Loss: 3.576278402306343e-07  | Negative Loss: 0.0
[Test ROC-AUC]  -  SA: 0.00000,  LA: 0.78322
[Test AUPRC]  -  LA: 0.68248
[Test F1-max]  -  LA: 0.68235
Epoch: 88 | Loss: 3.576278402306343e-07  | Negative Loss: 0.0
[Test ROC-AUC]  -  SA: 0.00000,  LA: 0.78322
[Test AUPRC]  -  LA: 0.68248
[Test F1-max]  -  LA: 0.68235
Epoch: 89 | Loss: 3.576278402306343e-07  | Negative Loss: 0.0
[Test ROC-AUC]  -  SA: 0.00000,  LA: 0.78322
[Test AUPRC]  -  LA: 0.68248
[Test F1-max]  -  LA: 0.68235
Epoch: 90 | Loss: 3.576278402306343e-07  | Negative Loss: 0.0
[Test ROC-AUC]  -  SA: 0.00000,  LA: 0.78322
[Test AUPRC]  -  LA: 0.68248
[Test F1-max]  -  LA: 0.68235
Epoch: 91 | Loss: 3.576278402306343e-07  | Negative Loss: 0.0
[Test ROC-AUC]  -  SA: 0.00000,  LA: 0.78322
[Test AUPRC]  -  LA: 0.68248
[Test F1-max]  -  LA: 0.68235
Epoch: 92 | Loss: 3.576278402306343e-07  | Negative Loss: 0.0
[Test ROC-AUC]  -  SA: 0.00000,  LA: 0.78322
[Test AUPRC]  -  LA: 0.68248
[Test F1-max]  -  LA: 0.68235
Epoch: 93 | Loss: 3.576278402306343e-07  | Negative Loss: 0.0
[Test ROC-AUC]  -  SA: 0.00000,  LA: 0.78322
[Test AUPRC]  -  LA: 0.68248
[Test F1-max]  -  LA: 0.68235
Epoch: 94 | Loss: 3.576278402306343e-07  | Negative Loss: 0.0
[Test ROC-AUC]  -  SA: 0.00000,  LA: 0.78322
[Test AUPRC]  -  LA: 0.68248
[Test F1-max]  -  LA: 0.68235
Epoch: 95 | Loss: 3.576278402306343e-07  | Negative Loss: 0.0
[Test ROC-AUC]  -  SA: 0.00000,  LA: 0.78322
[Test AUPRC]  -  LA: 0.68248
[Test F1-max]  -  LA: 0.68235
Epoch: 96 | Loss: 3.576278402306343e-07  | Negative Loss: 0.0
[Test ROC-AUC]  -  SA: 0.00000,  LA: 0.78322
[Test AUPRC]  -  LA: 0.68248
[Test F1-max]  -  LA: 0.68235
Epoch: 97 | Loss: 3.576278402306343e-07  | Negative Loss: 0.0
[Test ROC-AUC]  -  SA: 0.00000,  LA: 0.78322
[Test AUPRC]  -  LA: 0.68248
[Test F1-max]  -  LA: 0.68235
Epoch: 98 | Loss: 3.576278402306343e-07  | Negative Loss: 0.0
[Test ROC-AUC]  -  SA: 0.00000,  LA: 0.78380
[Test AUPRC]  -  LA: 0.68284
[Test F1-max]  -  LA: 0.68235
Epoch: 99 | Loss: 3.576278402306343e-07  | Negative Loss: 0.0
Time consumption: 93.90443110466003
Best LA AUC: 0.7983682983682984
Best LA AUPC: 0.7446556482679112
Best LA F1-max: 0.7297297297297297
[Result] Experiment result appended to ./results/train_hybrid_result.csv

[END] 2026-03-18 18:10:52
[RETURN CODE] 0
