[START] 2026-03-18 18:54:17
[GPU] 1
[TASK] 113/120
[NAME] cherry_juice_promptad
[REPEAT] 3/10
[COMMAND] python train_hybrid.py --data_name cherry_juice --mask True --text True --double_encoder True --few_shot True --shot 1 --hybrid_model promptad --hybrid_weight 0.3 --hybrid_batch_size 16 --epoch 100 --log True --lr 5e-4 --detection True --preprocess True

/home/seungeon/miniconda3/envs/LAB/lib/python3.10/site-packages/timm/models/layers/__init__.py:48: FutureWarning: Importing from timm.models.layers is deprecated, please import via timm.layers
  warnings.warn(f"Importing from {__name__} is deprecated, please import via timm.layers", FutureWarning)
/home/seungeon/Workspace/side/vlm/train_hybrid.py:18: DeprecationWarning: The distutils package is deprecated and slated for removal in Python 3.12. Use setuptools or check PEP 632 for potential alternatives
  from distutils.util import strtobool
Torch version: 2.9.1+cu128
cuda is loaded for process
here?
In my local computer
Namespace(epoch=100, gpu_number='0', data_name='cherry_juice', lr=0.0005, batch_size=6, shuffle=True, seed=0, tag='default', model_name='ViT-B-32', pretrained_name='laion2b_s34b_b79k', lora=1, default=False, foundation='CLIP', detection=1, preprocess=1, num_rule=0, object_names=['a photo of cherry picture label', 'a photo of 100% text label', 'a photo of bottle cap', 'a photo of black background'], objects_for_rules=[['a photo of cherry picture label'], ['a photo of cherry picture label', 'a photo of 100% text label'], ['a photo of cherry picture label'], ['a photo of 100% text label'], ['a photo of cherry picture label', 'a photo of 100% text label']], texts_for_rules=[['a photo of cherry picture label'], ['a photo of cherry picture label and 100% text label'], ['a photo of cherry picture label'], ['a photo of 100% text label'], ['a photo of fruit picture label and 100% text label']], mask=1, text=1, score='mean', ciriculam_learning=False, few_shot=1, shot=1, log=1, neg_loss=0, double_encoder=1, pretrained_count_path=None, ris=0, rule_select='', rule_list=[], num_negative=5, hybrid_model='promptad', hybrid_weight=0.3, hybrid_class_name='', hybrid_batch_size=16, hybrid_backbone='ViT-B-16-plus-240', hybrid_pretrained_dataset='laion400m_e32', hybrid_scales=[2, 3], hybrid_img_resize=240, hybrid_img_cropsize=240, hybrid_resolution=400, hybrid_promptad_epoch=100, hybrid_promptad_lr=0.002, hybrid_promptad_momentum=0.9, hybrid_promptad_weight_decay=0.0005, hybrid_promptad_eta_min=1e-05, hybrid_promptad_lambda1=0.001, hybrid_promptad_n_ctx=4, hybrid_promptad_n_pro=3, hybrid_promptad_n_ctx_ab=1, hybrid_promptad_n_pro_ab=4, early_stop_k=10, result_log_path='./results/train_hybrid_result.csv')
[Hybrid] method=promptad, class_name=juice_bottle, train=1, eval=73, base_path=/data3/seungeon/data/image/mvtec_loco_anomaly_detection/cherry_juice
[Hybrid-only] LA_AUC=0.84680, LA_AUPRC=0.73817, LA_F1=0.83117
[Data Description]
- Train: 1
- Test: 73

Train Start
[Test ROC-AUC]  -  SA: 0.00000,  LA: 0.57393
[Test AUPRC]  -  LA: 0.46013
[Test F1-max]  -  LA: 0.63366
Epoch: 0 | Loss: 11.286355972290039  | Negative Loss: 0.0
[Test ROC-AUC]  -  SA: 0.00000,  LA: 0.57622
[Test AUPRC]  -  LA: 0.46018
[Test F1-max]  -  LA: 0.63366
Epoch: 1 | Loss: 11.18217945098877  | Negative Loss: 0.0
[Test ROC-AUC]  -  SA: 0.00000,  LA: 0.65320
[Test AUPRC]  -  LA: 0.51451
[Test F1-max]  -  LA: 0.65823
Epoch: 2 | Loss: 9.916848182678223  | Negative Loss: 0.0
[Test ROC-AUC]  -  SA: 0.00000,  LA: 0.75381
[Test AUPRC]  -  LA: 0.65123
[Test F1-max]  -  LA: 0.71795
Epoch: 3 | Loss: 7.968125820159912  | Negative Loss: 0.0
[Test ROC-AUC]  -  SA: 0.00000,  LA: 0.82470
[Test AUPRC]  -  LA: 0.75548
[Test F1-max]  -  LA: 0.74667
Epoch: 4 | Loss: 5.750339508056641  | Negative Loss: 0.0
[Test ROC-AUC]  -  SA: 0.00000,  LA: 0.84604
[Test AUPRC]  -  LA: 0.80736
[Test F1-max]  -  LA: 0.74699
Epoch: 5 | Loss: 3.702948570251465  | Negative Loss: 0.0
[Test ROC-AUC]  -  SA: 0.00000,  LA: 0.85290
[Test AUPRC]  -  LA: 0.82267
[Test F1-max]  -  LA: 0.75362
Epoch: 6 | Loss: 2.194601058959961  | Negative Loss: 0.0
[Test ROC-AUC]  -  SA: 0.00000,  LA: 0.85823
[Test AUPRC]  -  LA: 0.83451
[Test F1-max]  -  LA: 0.76056
Epoch: 7 | Loss: 1.2735679149627686  | Negative Loss: 0.0
[Test ROC-AUC]  -  SA: 0.00000,  LA: 0.86662
[Test AUPRC]  -  LA: 0.84763
[Test F1-max]  -  LA: 0.76056
Epoch: 8 | Loss: 0.7295726537704468  | Negative Loss: 0.0
[Test ROC-AUC]  -  SA: 0.00000,  LA: 0.86433
[Test AUPRC]  -  LA: 0.84596
[Test F1-max]  -  LA: 0.75862
Epoch: 9 | Loss: 0.4104200601577759  | Negative Loss: 0.0
[Test ROC-AUC]  -  SA: 0.00000,  LA: 0.86280
[Test AUPRC]  -  LA: 0.84063
[Test F1-max]  -  LA: 0.76056
Epoch: 10 | Loss: 0.22074265778064728  | Negative Loss: 0.0
[Test ROC-AUC]  -  SA: 0.00000,  LA: 0.85976
[Test AUPRC]  -  LA: 0.83945
[Test F1-max]  -  LA: 0.76056
Epoch: 11 | Loss: 0.11518027633428574  | Negative Loss: 0.0
[Test ROC-AUC]  -  SA: 0.00000,  LA: 0.85899
[Test AUPRC]  -  LA: 0.84305
[Test F1-max]  -  LA: 0.76056
Epoch: 12 | Loss: 0.059469595551490784  | Negative Loss: 0.0
[Test ROC-AUC]  -  SA: 0.00000,  LA: 0.85899
[Test AUPRC]  -  LA: 0.84264
[Test F1-max]  -  LA: 0.76316
Epoch: 13 | Loss: 0.03064698725938797  | Negative Loss: 0.0
[Test ROC-AUC]  -  SA: 0.00000,  LA: 0.86204
[Test AUPRC]  -  LA: 0.84516
[Test F1-max]  -  LA: 0.76316
Epoch: 14 | Loss: 0.015817545354366302  | Negative Loss: 0.0
[Test ROC-AUC]  -  SA: 0.00000,  LA: 0.86509
[Test AUPRC]  -  LA: 0.84829
[Test F1-max]  -  LA: 0.77333
Epoch: 15 | Loss: 0.00822293758392334  | Negative Loss: 0.0
[Test ROC-AUC]  -  SA: 0.00000,  LA: 0.86738
[Test AUPRC]  -  LA: 0.85183
[Test F1-max]  -  LA: 0.76712
Epoch: 16 | Loss: 0.0043718465603888035  | Negative Loss: 0.0
[Test ROC-AUC]  -  SA: 0.00000,  LA: 0.86662
[Test AUPRC]  -  LA: 0.85194
[Test F1-max]  -  LA: 0.77143
Epoch: 17 | Loss: 0.00237033748999238  | Negative Loss: 0.0
[Test ROC-AUC]  -  SA: 0.00000,  LA: 0.86662
[Test AUPRC]  -  LA: 0.84931
[Test F1-max]  -  LA: 0.77143
Epoch: 18 | Loss: 0.0013148840516805649  | Negative Loss: 0.0
[Test ROC-AUC]  -  SA: 0.00000,  LA: 0.86738
[Test AUPRC]  -  LA: 0.84936
[Test F1-max]  -  LA: 0.77778
Epoch: 19 | Loss: 0.0007467758841812611  | Negative Loss: 0.0
[Test ROC-AUC]  -  SA: 0.00000,  LA: 0.86890
[Test AUPRC]  -  LA: 0.85075
[Test F1-max]  -  LA: 0.77778
Epoch: 20 | Loss: 0.0004345733323134482  | Negative Loss: 0.0
[Test ROC-AUC]  -  SA: 0.00000,  LA: 0.87195
[Test AUPRC]  -  LA: 0.85129
[Test F1-max]  -  LA: 0.77778
Epoch: 21 | Loss: 0.00025961524806916714  | Negative Loss: 0.0
[Test ROC-AUC]  -  SA: 0.00000,  LA: 0.87271
[Test AUPRC]  -  LA: 0.85145
[Test F1-max]  -  LA: 0.77778
Epoch: 22 | Loss: 0.00015865919704083353  | Negative Loss: 0.0
[Test ROC-AUC]  -  SA: 0.00000,  LA: 0.87576
[Test AUPRC]  -  LA: 0.85313
[Test F1-max]  -  LA: 0.77778
Epoch: 23 | Loss: 9.941730968421325e-05  | Negative Loss: 0.0
[Test ROC-AUC]  -  SA: 0.00000,  LA: 0.87729
[Test AUPRC]  -  LA: 0.85235
[Test F1-max]  -  LA: 0.77778
Epoch: 24 | Loss: 6.365644367178902e-05  | Negative Loss: 0.0
[Test ROC-AUC]  -  SA: 0.00000,  LA: 0.88034
[Test AUPRC]  -  LA: 0.85495
[Test F1-max]  -  LA: 0.77778
Epoch: 25 | Loss: 4.1722691094037145e-05  | Negative Loss: 0.0
[Test ROC-AUC]  -  SA: 0.00000,  LA: 0.88262
[Test AUPRC]  -  LA: 0.85626
[Test F1-max]  -  LA: 0.77778
Epoch: 26 | Loss: 2.8252348784008063e-05  | Negative Loss: 0.0
[Test ROC-AUC]  -  SA: 0.00000,  LA: 0.88415
[Test AUPRC]  -  LA: 0.85715
[Test F1-max]  -  LA: 0.78481
Epoch: 27 | Loss: 1.943099414347671e-05  | Negative Loss: 0.0
[Test ROC-AUC]  -  SA: 0.00000,  LA: 0.88415
[Test AUPRC]  -  LA: 0.85715
[Test F1-max]  -  LA: 0.78481
Epoch: 28 | Loss: 1.3828219380229712e-05  | Negative Loss: 0.0
[Test ROC-AUC]  -  SA: 0.00000,  LA: 0.88567
[Test AUPRC]  -  LA: 0.85797
[Test F1-max]  -  LA: 0.79487
Epoch: 29 | Loss: 1.0013549399445765e-05  | Negative Loss: 0.0
[Test ROC-AUC]  -  SA: 0.00000,  LA: 0.88567
[Test AUPRC]  -  LA: 0.85797
[Test F1-max]  -  LA: 0.79487
Epoch: 30 | Loss: 7.271750291693024e-06  | Negative Loss: 0.0
[Test ROC-AUC]  -  SA: 0.00000,  LA: 0.88720
[Test AUPRC]  -  LA: 0.85916
[Test F1-max]  -  LA: 0.79487
Epoch: 31 | Loss: 5.722036348743131e-06  | Negative Loss: 0.0
[Test ROC-AUC]  -  SA: 0.00000,  LA: 0.88720
[Test AUPRC]  -  LA: 0.85916
[Test F1-max]  -  LA: 0.79487
Epoch: 32 | Loss: 4.291528966859914e-06  | Negative Loss: 0.0
[Test ROC-AUC]  -  SA: 0.00000,  LA: 0.88720
[Test AUPRC]  -  LA: 0.85916
[Test F1-max]  -  LA: 0.79487
Epoch: 33 | Loss: 3.3378566968167434e-06  | Negative Loss: 0.0
[Test ROC-AUC]  -  SA: 0.00000,  LA: 0.88796
[Test AUPRC]  -  LA: 0.86033
[Test F1-max]  -  LA: 0.79487
Epoch: 34 | Loss: 2.622602096380433e-06  | Negative Loss: 0.0
[Test ROC-AUC]  -  SA: 0.00000,  LA: 0.88720
[Test AUPRC]  -  LA: 0.85890
[Test F1-max]  -  LA: 0.79487
Epoch: 35 | Loss: 2.264975137222791e-06  | Negative Loss: 0.0
[Test ROC-AUC]  -  SA: 0.00000,  LA: 0.88872
[Test AUPRC]  -  LA: 0.86356
[Test F1-max]  -  LA: 0.79487
Epoch: 36 | Loss: 1.788138433767017e-06  | Negative Loss: 0.0
[Test ROC-AUC]  -  SA: 0.00000,  LA: 0.88796
[Test AUPRC]  -  LA: 0.86267
[Test F1-max]  -  LA: 0.79487
Epoch: 37 | Loss: 1.4305109061751864e-06  | Negative Loss: 0.0
[Test ROC-AUC]  -  SA: 0.00000,  LA: 0.88948
[Test AUPRC]  -  LA: 0.86394
[Test F1-max]  -  LA: 0.79487
Epoch: 38 | Loss: 1.3113017303112429e-06  | Negative Loss: 0.0
[Test ROC-AUC]  -  SA: 0.00000,  LA: 0.88872
[Test AUPRC]  -  LA: 0.86291
[Test F1-max]  -  LA: 0.79487
Epoch: 39 | Loss: 1.1920925544472993e-06  | Negative Loss: 0.0
[Test ROC-AUC]  -  SA: 0.00000,  LA: 0.88796
[Test AUPRC]  -  LA: 0.86252
[Test F1-max]  -  LA: 0.79487
Epoch: 40 | Loss: 9.536740890325746e-07  | Negative Loss: 0.0
[Test ROC-AUC]  -  SA: 0.00000,  LA: 0.88720
[Test AUPRC]  -  LA: 0.86159
[Test F1-max]  -  LA: 0.79487
Epoch: 41 | Loss: 8.344648563252122e-07  | Negative Loss: 0.0
[Test ROC-AUC]  -  SA: 0.00000,  LA: 0.88720
[Test AUPRC]  -  LA: 0.86159
[Test F1-max]  -  LA: 0.79487
Epoch: 42 | Loss: 8.344648563252122e-07  | Negative Loss: 0.0
[Test ROC-AUC]  -  SA: 0.00000,  LA: 0.88643
[Test AUPRC]  -  LA: 0.86065
[Test F1-max]  -  LA: 0.79487
Epoch: 43 | Loss: 7.152556236178498e-07  | Negative Loss: 0.0
[Test ROC-AUC]  -  SA: 0.00000,  LA: 0.88643
[Test AUPRC]  -  LA: 0.86065
[Test F1-max]  -  LA: 0.79487
Epoch: 44 | Loss: 7.152556236178498e-07  | Negative Loss: 0.0
[Test ROC-AUC]  -  SA: 0.00000,  LA: 0.88643
[Test AUPRC]  -  LA: 0.86065
[Test F1-max]  -  LA: 0.79487
Epoch: 45 | Loss: 5.960463909104874e-07  | Negative Loss: 0.0
[Test ROC-AUC]  -  SA: 0.00000,  LA: 0.88643
[Test AUPRC]  -  LA: 0.86065
[Test F1-max]  -  LA: 0.79487
Epoch: 46 | Loss: 4.7683710135970614e-07  | Negative Loss: 0.0
[Test ROC-AUC]  -  SA: 0.00000,  LA: 0.88643
[Test AUPRC]  -  LA: 0.86065
[Test F1-max]  -  LA: 0.79487
Epoch: 47 | Loss: 4.7683710135970614e-07  | Negative Loss: 0.0
[Test ROC-AUC]  -  SA: 0.00000,  LA: 0.88643
[Test AUPRC]  -  LA: 0.86065
[Test F1-max]  -  LA: 0.79487
Epoch: 48 | Loss: 4.7683710135970614e-07  | Negative Loss: 0.0
[Test ROC-AUC]  -  SA: 0.00000,  LA: 0.88643
[Test AUPRC]  -  LA: 0.86065
[Test F1-max]  -  LA: 0.79487
Epoch: 49 | Loss: 3.576278402306343e-07  | Negative Loss: 0.0
[Test ROC-AUC]  -  SA: 0.00000,  LA: 0.88643
[Test AUPRC]  -  LA: 0.86065
[Test F1-max]  -  LA: 0.79487
Epoch: 50 | Loss: 3.576278402306343e-07  | Negative Loss: 0.0
[Test ROC-AUC]  -  SA: 0.00000,  LA: 0.88643
[Test AUPRC]  -  LA: 0.86064
[Test F1-max]  -  LA: 0.79487
Epoch: 51 | Loss: 3.576278402306343e-07  | Negative Loss: 0.0
[Test ROC-AUC]  -  SA: 0.00000,  LA: 0.88643
[Test AUPRC]  -  LA: 0.86065
[Test F1-max]  -  LA: 0.79487
Epoch: 52 | Loss: 3.576278402306343e-07  | Negative Loss: 0.0
[Test ROC-AUC]  -  SA: 0.00000,  LA: 0.88643
[Test AUPRC]  -  LA: 0.86065
[Test F1-max]  -  LA: 0.79487
Epoch: 53 | Loss: 3.576278402306343e-07  | Negative Loss: 0.0
[Test ROC-AUC]  -  SA: 0.00000,  LA: 0.88643
[Test AUPRC]  -  LA: 0.86065
[Test F1-max]  -  LA: 0.79487
Epoch: 54 | Loss: 3.576278402306343e-07  | Negative Loss: 0.0
[Test ROC-AUC]  -  SA: 0.00000,  LA: 0.88643
[Test AUPRC]  -  LA: 0.86065
[Test F1-max]  -  LA: 0.79487
Epoch: 55 | Loss: 3.576278402306343e-07  | Negative Loss: 0.0
[Test ROC-AUC]  -  SA: 0.00000,  LA: 0.88643
[Test AUPRC]  -  LA: 0.86065
[Test F1-max]  -  LA: 0.79487
Epoch: 56 | Loss: 3.576278402306343e-07  | Negative Loss: 0.0
[Test ROC-AUC]  -  SA: 0.00000,  LA: 0.88643
[Test AUPRC]  -  LA: 0.86065
[Test F1-max]  -  LA: 0.79487
Epoch: 57 | Loss: 3.576278402306343e-07  | Negative Loss: 0.0
[Test ROC-AUC]  -  SA: 0.00000,  LA: 0.88643
[Test AUPRC]  -  LA: 0.86065
[Test F1-max]  -  LA: 0.79487
Epoch: 58 | Loss: 3.576278402306343e-07  | Negative Loss: 0.0
[Test ROC-AUC]  -  SA: 0.00000,  LA: 0.88643
[Test AUPRC]  -  LA: 0.86065
[Test F1-max]  -  LA: 0.79487
Epoch: 59 | Loss: 2.3841855067985307e-07  | Negative Loss: 0.0
[Test ROC-AUC]  -  SA: 0.00000,  LA: 0.88643
[Test AUPRC]  -  LA: 0.86065
[Test F1-max]  -  LA: 0.79487
Epoch: 60 | Loss: 2.3841855067985307e-07  | Negative Loss: 0.0
[Test ROC-AUC]  -  SA: 0.00000,  LA: 0.88643
[Test AUPRC]  -  LA: 0.86065
[Test F1-max]  -  LA: 0.79487
Epoch: 61 | Loss: 2.3841855067985307e-07  | Negative Loss: 0.0
[Test ROC-AUC]  -  SA: 0.00000,  LA: 0.88643
[Test AUPRC]  -  LA: 0.86065
[Test F1-max]  -  LA: 0.79487
Epoch: 62 | Loss: 2.3841855067985307e-07  | Negative Loss: 0.0
[Test ROC-AUC]  -  SA: 0.00000,  LA: 0.88643
[Test AUPRC]  -  LA: 0.86065
[Test F1-max]  -  LA: 0.79487
Epoch: 63 | Loss: 1.1920928244535389e-07  | Negative Loss: 0.0
[Test ROC-AUC]  -  SA: 0.00000,  LA: 0.88643
[Test AUPRC]  -  LA: 0.86065
[Test F1-max]  -  LA: 0.79487
Epoch: 64 | Loss: 1.1920928244535389e-07  | Negative Loss: 0.0
[Test ROC-AUC]  -  SA: 0.00000,  LA: 0.88643
[Test AUPRC]  -  LA: 0.86065
[Test F1-max]  -  LA: 0.79487
Epoch: 65 | Loss: 1.1920928244535389e-07  | Negative Loss: 0.0
[Test ROC-AUC]  -  SA: 0.00000,  LA: 0.88643
[Test AUPRC]  -  LA: 0.86065
[Test F1-max]  -  LA: 0.79487
Epoch: 66 | Loss: 1.1920928244535389e-07  | Negative Loss: 0.0
[Test ROC-AUC]  -  SA: 0.00000,  LA: 0.88643
[Test AUPRC]  -  LA: 0.86065
[Test F1-max]  -  LA: 0.79487
Epoch: 67 | Loss: 1.1920928244535389e-07  | Negative Loss: 0.0
[Test ROC-AUC]  -  SA: 0.00000,  LA: 0.88643
[Test AUPRC]  -  LA: 0.86065
[Test F1-max]  -  LA: 0.79487
Epoch: 68 | Loss: 1.1920928244535389e-07  | Negative Loss: 0.0
[Test ROC-AUC]  -  SA: 0.00000,  LA: 0.88643
[Test AUPRC]  -  LA: 0.86065
[Test F1-max]  -  LA: 0.79487
Epoch: 69 | Loss: 1.1920928244535389e-07  | Negative Loss: 0.0
[Test ROC-AUC]  -  SA: 0.00000,  LA: 0.88643
[Test AUPRC]  -  LA: 0.86065
[Test F1-max]  -  LA: 0.79487
Epoch: 70 | Loss: 1.1920928244535389e-07  | Negative Loss: 0.0
[Test ROC-AUC]  -  SA: 0.00000,  LA: 0.88643
[Test AUPRC]  -  LA: 0.86065
[Test F1-max]  -  LA: 0.79487
Epoch: 71 | Loss: 1.1920928244535389e-07  | Negative Loss: 0.0
[Test ROC-AUC]  -  SA: 0.00000,  LA: 0.88643
[Test AUPRC]  -  LA: 0.86065
[Test F1-max]  -  LA: 0.79487
Epoch: 72 | Loss: 1.1920928244535389e-07  | Negative Loss: 0.0
[Test ROC-AUC]  -  SA: 0.00000,  LA: 0.88643
[Test AUPRC]  -  LA: 0.86065
[Test F1-max]  -  LA: 0.79487
Epoch: 73 | Loss: 1.1920928244535389e-07  | Negative Loss: 0.0
[Test ROC-AUC]  -  SA: 0.00000,  LA: 0.88643
[Test AUPRC]  -  LA: 0.86065
[Test F1-max]  -  LA: 0.79487
Epoch: 74 | Loss: 1.1920928244535389e-07  | Negative Loss: 0.0
[Test ROC-AUC]  -  SA: 0.00000,  LA: 0.88643
[Test AUPRC]  -  LA: 0.86065
[Test F1-max]  -  LA: 0.79487
Epoch: 75 | Loss: 1.1920928244535389e-07  | Negative Loss: 0.0
[Test ROC-AUC]  -  SA: 0.00000,  LA: 0.88643
[Test AUPRC]  -  LA: 0.86065
[Test F1-max]  -  LA: 0.79487
Epoch: 76 | Loss: 1.1920928244535389e-07  | Negative Loss: 0.0
[Test ROC-AUC]  -  SA: 0.00000,  LA: 0.88643
[Test AUPRC]  -  LA: 0.86065
[Test F1-max]  -  LA: 0.79487
Epoch: 77 | Loss: 1.1920928244535389e-07  | Negative Loss: 0.0
[Test ROC-AUC]  -  SA: 0.00000,  LA: 0.88643
[Test AUPRC]  -  LA: 0.86065
[Test F1-max]  -  LA: 0.79487
Epoch: 78 | Loss: 1.1920928244535389e-07  | Negative Loss: 0.0
[Test ROC-AUC]  -  SA: 0.00000,  LA: 0.88643
[Test AUPRC]  -  LA: 0.86065
[Test F1-max]  -  LA: 0.79487
Epoch: 79 | Loss: 1.1920928244535389e-07  | Negative Loss: 0.0
[Test ROC-AUC]  -  SA: 0.00000,  LA: 0.88643
[Test AUPRC]  -  LA: 0.86065
[Test F1-max]  -  LA: 0.79487
Epoch: 80 | Loss: 1.1920928244535389e-07  | Negative Loss: 0.0
[Test ROC-AUC]  -  SA: 0.00000,  LA: 0.88643
[Test AUPRC]  -  LA: 0.86065
[Test F1-max]  -  LA: 0.79487
Epoch: 81 | Loss: 1.1920928244535389e-07  | Negative Loss: 0.0
[Test ROC-AUC]  -  SA: 0.00000,  LA: 0.88643
[Test AUPRC]  -  LA: 0.86065
[Test F1-max]  -  LA: 0.79487
Epoch: 82 | Loss: 1.1920928244535389e-07  | Negative Loss: 0.0
[Test ROC-AUC]  -  SA: 0.00000,  LA: 0.88643
[Test AUPRC]  -  LA: 0.86065
[Test F1-max]  -  LA: 0.79487
Epoch: 83 | Loss: 1.1920928244535389e-07  | Negative Loss: 0.0
[Test ROC-AUC]  -  SA: 0.00000,  LA: 0.88643
[Test AUPRC]  -  LA: 0.86065
[Test F1-max]  -  LA: 0.79487
Epoch: 84 | Loss: 1.1920928244535389e-07  | Negative Loss: 0.0
[Test ROC-AUC]  -  SA: 0.00000,  LA: 0.88643
[Test AUPRC]  -  LA: 0.86065
[Test F1-max]  -  LA: 0.79487
Epoch: 85 | Loss: 1.1920928244535389e-07  | Negative Loss: 0.0
[Test ROC-AUC]  -  SA: 0.00000,  LA: 0.88643
[Test AUPRC]  -  LA: 0.86065
[Test F1-max]  -  LA: 0.79487
Epoch: 86 | Loss: 1.1920928244535389e-07  | Negative Loss: 0.0
[Test ROC-AUC]  -  SA: 0.00000,  LA: 0.88643
[Test AUPRC]  -  LA: 0.86065
[Test F1-max]  -  LA: 0.79487
Epoch: 87 | Loss: 1.1920928244535389e-07  | Negative Loss: 0.0
[Test ROC-AUC]  -  SA: 0.00000,  LA: 0.88643
[Test AUPRC]  -  LA: 0.86065
[Test F1-max]  -  LA: 0.79487
Epoch: 88 | Loss: 1.1920928244535389e-07  | Negative Loss: 0.0
[Test ROC-AUC]  -  SA: 0.00000,  LA: 0.88643
[Test AUPRC]  -  LA: 0.86065
[Test F1-max]  -  LA: 0.79487
Epoch: 89 | Loss: 1.1920928244535389e-07  | Negative Loss: 0.0
[Test ROC-AUC]  -  SA: 0.00000,  LA: 0.88643
[Test AUPRC]  -  LA: 0.86065
[Test F1-max]  -  LA: 0.79487
Epoch: 90 | Loss: 1.1920928244535389e-07  | Negative Loss: 0.0
[Test ROC-AUC]  -  SA: 0.00000,  LA: 0.88643
[Test AUPRC]  -  LA: 0.86065
[Test F1-max]  -  LA: 0.79487
Epoch: 91 | Loss: 1.1920928244535389e-07  | Negative Loss: 0.0
[Test ROC-AUC]  -  SA: 0.00000,  LA: 0.88643
[Test AUPRC]  -  LA: 0.86065
[Test F1-max]  -  LA: 0.79487
Epoch: 92 | Loss: 1.1920928244535389e-07  | Negative Loss: 0.0
[Test ROC-AUC]  -  SA: 0.00000,  LA: 0.88643
[Test AUPRC]  -  LA: 0.86065
[Test F1-max]  -  LA: 0.79487
Epoch: 93 | Loss: 1.1920928244535389e-07  | Negative Loss: 0.0
[Test ROC-AUC]  -  SA: 0.00000,  LA: 0.88605
[Test AUPRC]  -  LA: 0.86012
[Test F1-max]  -  LA: 0.79487
Epoch: 94 | Loss: 1.1920928244535389e-07  | Negative Loss: 0.0
[Test ROC-AUC]  -  SA: 0.00000,  LA: 0.88567
[Test AUPRC]  -  LA: 0.85959
[Test F1-max]  -  LA: 0.79487
Epoch: 95 | Loss: 1.1920928244535389e-07  | Negative Loss: 0.0
[Test ROC-AUC]  -  SA: 0.00000,  LA: 0.88567
[Test AUPRC]  -  LA: 0.85959
[Test F1-max]  -  LA: 0.79487
Epoch: 96 | Loss: 1.1920928244535389e-07  | Negative Loss: 0.0
[Test ROC-AUC]  -  SA: 0.00000,  LA: 0.88567
[Test AUPRC]  -  LA: 0.85959
[Test F1-max]  -  LA: 0.79487
Epoch: 97 | Loss: 1.1920928244535389e-07  | Negative Loss: 0.0
[Test ROC-AUC]  -  SA: 0.00000,  LA: 0.88567
[Test AUPRC]  -  LA: 0.85959
[Test F1-max]  -  LA: 0.79487
Epoch: 98 | Loss: 1.1920928244535389e-07  | Negative Loss: 0.0
[Test ROC-AUC]  -  SA: 0.00000,  LA: 0.88567
[Test AUPRC]  -  LA: 0.85959
[Test F1-max]  -  LA: 0.79487
Epoch: 99 | Loss: 1.1920928244535389e-07  | Negative Loss: 0.0
Time consumption: 87.20422458648682
Best LA AUC: 0.8894817073170732
Best LA AUPC: 0.8639350215397599
Best LA F1-max: 0.7948717948717949
[Result] Experiment result appended to ./results/train_hybrid_result.csv

[END] 2026-03-18 18:57:08
[RETURN CODE] 0
