[START] 2026-03-18 17:49:43
[GPU] 1
[TASK] 49/120
[NAME] pushpins_winclip
[REPEAT] 9/10
[COMMAND] python train_hybrid.py --data_name pushpins --mask True --text True --double_encoder True --few_shot True --shot 1 --hybrid_model winclip --hybrid_weight 0.3 --hybrid_batch_size 16 --epoch 100 --log True --lr 5e-4 --detection True --preprocess True

/home/seungeon/miniconda3/envs/LAB/lib/python3.10/site-packages/timm/models/layers/__init__.py:48: FutureWarning: Importing from timm.models.layers is deprecated, please import via timm.layers
  warnings.warn(f"Importing from {__name__} is deprecated, please import via timm.layers", FutureWarning)
/home/seungeon/Workspace/side/vlm/train_hybrid.py:18: DeprecationWarning: The distutils package is deprecated and slated for removal in Python 3.12. Use setuptools or check PEP 632 for potential alternatives
  from distutils.util import strtobool
Torch version: 2.9.1+cu128
cuda is loaded for process
here?
In my local computer
Namespace(epoch=100, gpu_number='0', data_name='pushpins', lr=0.0005, batch_size=6, shuffle=True, seed=0, tag='default', model_name='ViT-B-32', pretrained_name='laion2b_s34b_b79k', lora=1, default=False, foundation='CLIP', detection=1, preprocess=1, num_rule=0, object_names=['yellow pushpin with metal point', 'plastic case', 'partition', 'blank'], objects_for_rules=[['yellow pushpin with metal point'], ['yellow pushpin with metal point', 'plastic case'], ['yellow pushpin with metal point'], ['yellow pushpin with metal point', 'plastic case'], ['plastic case']], texts_for_rules=[['yellow pushpin with metal point'], ['yellow pushpin with metal point and plastic case'], ['yellow pushpin with metal point'], ['yellow pushpin with metal point and plastic case'], ['plastic case']], mask=1, text=1, score='mean', ciriculam_learning=False, few_shot=1, shot=1, log=1, neg_loss=0, double_encoder=1, pretrained_count_path=None, ris=0, rule_select='', rule_list=[], num_negative=5, hybrid_model='winclip', hybrid_weight=0.3, hybrid_class_name='', hybrid_batch_size=16, hybrid_backbone='ViT-B-16-plus-240', hybrid_pretrained_dataset='laion400m_e32', hybrid_scales=[2, 3], hybrid_img_resize=240, hybrid_img_cropsize=240, hybrid_resolution=400, hybrid_promptad_epoch=100, hybrid_promptad_lr=0.002, hybrid_promptad_momentum=0.9, hybrid_promptad_weight_decay=0.0005, hybrid_promptad_eta_min=1e-05, hybrid_promptad_lambda1=0.001, hybrid_promptad_n_ctx=4, hybrid_promptad_n_pro=3, hybrid_promptad_n_ctx_ab=1, hybrid_promptad_n_pro_ab=4, early_stop_k=10, result_log_path='./results/train_hybrid_result.csv')
[Hybrid] method=winclip, class_name=pushpins, train=1, eval=229, base_path=/data3/seungeon/data/image/mvtec_loco_anomaly_detection/pushpins
grid 240 16 (15, 15)
[Hybrid-only] LA_AUC=0.53862, LA_AUPRC=0.61205, LA_F1=0.76323
[Data Description]
- Train: 1
- Test: 229

Train Start
[Test ROC-AUC]  -  SA: 0.00000,  LA: 0.43303
[Test AUPRC]  -  LA: 0.53846
[Test F1-max]  -  LA: 0.75204
Epoch: 0 | Loss: 6.764372825622559  | Negative Loss: 0.0
[Test ROC-AUC]  -  SA: 0.00000,  LA: 0.43311
[Test AUPRC]  -  LA: 0.53902
[Test F1-max]  -  LA: 0.75204
Epoch: 1 | Loss: 6.643749713897705  | Negative Loss: 0.0
[Test ROC-AUC]  -  SA: 0.00000,  LA: 0.44697
[Test AUPRC]  -  LA: 0.56979
[Test F1-max]  -  LA: 0.75287
Epoch: 2 | Loss: 5.169565200805664  | Negative Loss: 0.0
[Test ROC-AUC]  -  SA: 0.00000,  LA: 0.47874
[Test AUPRC]  -  LA: 0.60696
[Test F1-max]  -  LA: 0.75921
Epoch: 3 | Loss: 3.1917567253112793  | Negative Loss: 0.0
[Test ROC-AUC]  -  SA: 0.00000,  LA: 0.52946
[Test AUPRC]  -  LA: 0.64682
[Test F1-max]  -  LA: 0.76218
Epoch: 4 | Loss: 1.59866464138031  | Negative Loss: 0.0
[Test ROC-AUC]  -  SA: 0.00000,  LA: 0.57039
[Test AUPRC]  -  LA: 0.68086
[Test F1-max]  -  LA: 0.76657
Epoch: 5 | Loss: 0.7470584511756897  | Negative Loss: 0.0
[Test ROC-AUC]  -  SA: 0.00000,  LA: 0.59938
[Test AUPRC]  -  LA: 0.70448
[Test F1-max]  -  LA: 0.76608
Epoch: 6 | Loss: 0.37812376022338867  | Negative Loss: 0.0
[Test ROC-AUC]  -  SA: 0.00000,  LA: 0.62152
[Test AUPRC]  -  LA: 0.72239
[Test F1-max]  -  LA: 0.76454
Epoch: 7 | Loss: 0.2060040384531021  | Negative Loss: 0.0
[Test ROC-AUC]  -  SA: 0.00000,  LA: 0.63657
[Test AUPRC]  -  LA: 0.73176
[Test F1-max]  -  LA: 0.76667
Epoch: 8 | Loss: 0.11638592928647995  | Negative Loss: 0.0
[Test ROC-AUC]  -  SA: 0.00000,  LA: 0.64947
[Test AUPRC]  -  LA: 0.73982
[Test F1-max]  -  LA: 0.77101
Epoch: 9 | Loss: 0.06965424120426178  | Negative Loss: 0.0
[Test ROC-AUC]  -  SA: 0.00000,  LA: 0.65735
[Test AUPRC]  -  LA: 0.74347
[Test F1-max]  -  LA: 0.77326
Epoch: 10 | Loss: 0.04352860152721405  | Negative Loss: 0.0
[Test ROC-AUC]  -  SA: 0.00000,  LA: 0.65902
[Test AUPRC]  -  LA: 0.74358
[Test F1-max]  -  LA: 0.76923
Epoch: 11 | Loss: 0.027735723182559013  | Negative Loss: 0.0
[Test ROC-AUC]  -  SA: 0.00000,  LA: 0.65942
[Test AUPRC]  -  LA: 0.74251
[Test F1-max]  -  LA: 0.76923
Epoch: 12 | Loss: 0.018028726801276207  | Negative Loss: 0.0
[Test ROC-AUC]  -  SA: 0.00000,  LA: 0.66452
[Test AUPRC]  -  LA: 0.74498
[Test F1-max]  -  LA: 0.76923
Epoch: 13 | Loss: 0.012001429684460163  | Negative Loss: 0.0
[Test ROC-AUC]  -  SA: 0.00000,  LA: 0.66914
[Test AUPRC]  -  LA: 0.74777
[Test F1-max]  -  LA: 0.77246
Epoch: 14 | Loss: 0.008244439028203487  | Negative Loss: 0.0
[Test ROC-AUC]  -  SA: 0.00000,  LA: 0.67025
[Test AUPRC]  -  LA: 0.74714
[Test F1-max]  -  LA: 0.77246
Epoch: 15 | Loss: 0.005822325125336647  | Negative Loss: 0.0
[Test ROC-AUC]  -  SA: 0.00000,  LA: 0.67065
[Test AUPRC]  -  LA: 0.74580
[Test F1-max]  -  LA: 0.77711
Epoch: 16 | Loss: 0.004182109609246254  | Negative Loss: 0.0
[Test ROC-AUC]  -  SA: 0.00000,  LA: 0.66858
[Test AUPRC]  -  LA: 0.74270
[Test F1-max]  -  LA: 0.77246
Epoch: 17 | Loss: 0.003050035098567605  | Negative Loss: 0.0
[Test ROC-AUC]  -  SA: 0.00000,  LA: 0.66683
[Test AUPRC]  -  LA: 0.73984
[Test F1-max]  -  LA: 0.77381
Epoch: 18 | Loss: 0.002253059996291995  | Negative Loss: 0.0
[Test ROC-AUC]  -  SA: 0.00000,  LA: 0.66523
[Test AUPRC]  -  LA: 0.73910
[Test F1-max]  -  LA: 0.77515
Epoch: 19 | Loss: 0.0016854997957125306  | Negative Loss: 0.0
[Test ROC-AUC]  -  SA: 0.00000,  LA: 0.66468
[Test AUPRC]  -  LA: 0.73869
[Test F1-max]  -  LA: 0.77515
Epoch: 20 | Loss: 0.0012762711849063635  | Negative Loss: 0.0
[Test ROC-AUC]  -  SA: 0.00000,  LA: 0.66141
[Test AUPRC]  -  LA: 0.73644
[Test F1-max]  -  LA: 0.77778
Epoch: 21 | Loss: 0.0009777932427823544  | Negative Loss: 0.0
[Test ROC-AUC]  -  SA: 0.00000,  LA: 0.66022
[Test AUPRC]  -  LA: 0.73572
[Test F1-max]  -  LA: 0.78006
Epoch: 22 | Loss: 0.0007586472202092409  | Negative Loss: 0.0
[Test ROC-AUC]  -  SA: 0.00000,  LA: 0.65743
[Test AUPRC]  -  LA: 0.73341
[Test F1-max]  -  LA: 0.77778
Epoch: 23 | Loss: 0.0005959726986475289  | Negative Loss: 0.0
[Test ROC-AUC]  -  SA: 0.00000,  LA: 0.65540
[Test AUPRC]  -  LA: 0.73150
[Test F1-max]  -  LA: 0.77551
Epoch: 24 | Loss: 0.00047345287748612463  | Negative Loss: 0.0
[Test ROC-AUC]  -  SA: 0.00000,  LA: 0.65122
[Test AUPRC]  -  LA: 0.72921
[Test F1-max]  -  LA: 0.77364
Epoch: 25 | Loss: 0.000380009354557842  | Negative Loss: 0.0
[Test ROC-AUC]  -  SA: 0.00000,  LA: 0.64827
[Test AUPRC]  -  LA: 0.72855
[Test F1-max]  -  LA: 0.76923
[Early Stopping] LA AUROC dropped for 10 consecutive epochs. Stop at epoch 27/100.
Time consumption: 36.73658752441406
Best LA AUC: 0.6706481923873228
Best LA AUPC: 0.747772084282386
Best LA F1-max: 0.7800586510263928
[Result] Experiment result appended to ./results/train_hybrid_result.csv

[END] 2026-03-18 17:54:39
[RETURN CODE] 0
