[START] 2026-03-18 18:19:35
[GPU] 1
[TASK] 76/120
[NAME] banana_juice_promptad
[REPEAT] 6/10
[COMMAND] python train_hybrid.py --data_name banana_juice --mask True --text True --double_encoder True --few_shot True --shot 1 --hybrid_model promptad --hybrid_weight 0.3 --hybrid_batch_size 16 --epoch 100 --log True --lr 5e-4 --detection True --preprocess True

/home/seungeon/miniconda3/envs/LAB/lib/python3.10/site-packages/timm/models/layers/__init__.py:48: FutureWarning: Importing from timm.models.layers is deprecated, please import via timm.layers
  warnings.warn(f"Importing from {__name__} is deprecated, please import via timm.layers", FutureWarning)
/home/seungeon/Workspace/side/vlm/train_hybrid.py:18: DeprecationWarning: The distutils package is deprecated and slated for removal in Python 3.12. Use setuptools or check PEP 632 for potential alternatives
  from distutils.util import strtobool
Torch version: 2.9.1+cu128
cuda is loaded for process
here?
In my local computer
Namespace(epoch=100, gpu_number='0', data_name='banana_juice', lr=0.0005, batch_size=6, shuffle=True, seed=0, tag='default', model_name='ViT-B-32', pretrained_name='laion2b_s34b_b79k', lora=1, default=False, foundation='CLIP', detection=1, preprocess=1, num_rule=0, object_names=['a banana picture label', 'a 100% text label', 'a bottle cap', 'a black background'], objects_for_rules=[['a banana picture label'], ['a banana picture label', 'a 100% text label'], ['a banana picture label'], ['a 100% text label'], ['a banana picture label', 'a 100% text label']], texts_for_rules=[['a photo of banana picture label'], ['a photo of banana picture label and 100% text label'], ['a photo of banana picture label'], ['a photo of 100% text label'], ['a photo of banana picture label and 100% text label']], mask=1, text=1, score='mean', ciriculam_learning=False, few_shot=1, shot=1, log=1, neg_loss=0, double_encoder=1, pretrained_count_path=None, ris=0, rule_select='', rule_list=[], num_negative=5, hybrid_model='promptad', hybrid_weight=0.3, hybrid_class_name='', hybrid_batch_size=16, hybrid_backbone='ViT-B-16-plus-240', hybrid_pretrained_dataset='laion400m_e32', hybrid_scales=[2, 3], hybrid_img_resize=240, hybrid_img_cropsize=240, hybrid_resolution=400, hybrid_promptad_epoch=100, hybrid_promptad_lr=0.002, hybrid_promptad_momentum=0.9, hybrid_promptad_weight_decay=0.0005, hybrid_promptad_eta_min=1e-05, hybrid_promptad_lambda1=0.001, hybrid_promptad_n_ctx=4, hybrid_promptad_n_pro=3, hybrid_promptad_n_ctx_ab=1, hybrid_promptad_n_pro_ab=4, early_stop_k=10, result_log_path='./results/train_hybrid_result.csv')
[Hybrid] method=promptad, class_name=juice_bottle, train=1, eval=85, base_path=/data3/seungeon/data/image/mvtec_loco_anomaly_detection/banana_juice
[Hybrid-only] LA_AUC=0.92366, LA_AUPRC=0.86499, LA_F1=0.82353
[Data Description]
- Train: 1
- Test: 85

Train Start
[Test ROC-AUC]  -  SA: 0.00000,  LA: 0.50524
[Test AUPRC]  -  LA: 0.39880
[Test F1-max]  -  LA: 0.57895
Epoch: 0 | Loss: 6.343423843383789  | Negative Loss: 0.0
[Test ROC-AUC]  -  SA: 0.00000,  LA: 0.51224
[Test AUPRC]  -  LA: 0.40192
[Test F1-max]  -  LA: 0.58586
Epoch: 1 | Loss: 6.274022579193115  | Negative Loss: 0.0
[Test ROC-AUC]  -  SA: 0.00000,  LA: 0.61014
[Test AUPRC]  -  LA: 0.49164
[Test F1-max]  -  LA: 0.63265
Epoch: 2 | Loss: 5.272602558135986  | Negative Loss: 0.0
[Test ROC-AUC]  -  SA: 0.00000,  LA: 0.74942
[Test AUPRC]  -  LA: 0.63402
[Test F1-max]  -  LA: 0.66667
Epoch: 3 | Loss: 3.8475232124328613  | Negative Loss: 0.0
[Test ROC-AUC]  -  SA: 0.00000,  LA: 0.86014
[Test AUPRC]  -  LA: 0.74273
[Test F1-max]  -  LA: 0.75000
Epoch: 4 | Loss: 2.423720359802246  | Negative Loss: 0.0
[Test ROC-AUC]  -  SA: 0.00000,  LA: 0.90152
[Test AUPRC]  -  LA: 0.82077
[Test F1-max]  -  LA: 0.82857
Epoch: 5 | Loss: 1.418808102607727  | Negative Loss: 0.0
[Test ROC-AUC]  -  SA: 0.00000,  LA: 0.91142
[Test AUPRC]  -  LA: 0.84521
[Test F1-max]  -  LA: 0.82667
Epoch: 6 | Loss: 0.7991872429847717  | Negative Loss: 0.0
[Test ROC-AUC]  -  SA: 0.00000,  LA: 0.93240
[Test AUPRC]  -  LA: 0.87580
[Test F1-max]  -  LA: 0.83784
Epoch: 7 | Loss: 0.4584848880767822  | Negative Loss: 0.0
[Test ROC-AUC]  -  SA: 0.00000,  LA: 0.94231
[Test AUPRC]  -  LA: 0.89267
[Test F1-max]  -  LA: 0.86567
Epoch: 8 | Loss: 0.25862300395965576  | Negative Loss: 0.0
[Test ROC-AUC]  -  SA: 0.00000,  LA: 0.94755
[Test AUPRC]  -  LA: 0.90292
[Test F1-max]  -  LA: 0.89231
Epoch: 9 | Loss: 0.14478901028633118  | Negative Loss: 0.0
[Test ROC-AUC]  -  SA: 0.00000,  LA: 0.95105
[Test AUPRC]  -  LA: 0.91091
[Test F1-max]  -  LA: 0.89552
Epoch: 10 | Loss: 0.08341258764266968  | Negative Loss: 0.0
[Test ROC-AUC]  -  SA: 0.00000,  LA: 0.95047
[Test AUPRC]  -  LA: 0.91632
[Test F1-max]  -  LA: 0.88235
Epoch: 11 | Loss: 0.048537515103816986  | Negative Loss: 0.0
[Test ROC-AUC]  -  SA: 0.00000,  LA: 0.94814
[Test AUPRC]  -  LA: 0.91445
[Test F1-max]  -  LA: 0.86957
Epoch: 12 | Loss: 0.028860602527856827  | Negative Loss: 0.0
[Test ROC-AUC]  -  SA: 0.00000,  LA: 0.94172
[Test AUPRC]  -  LA: 0.90648
[Test F1-max]  -  LA: 0.84848
Epoch: 13 | Loss: 0.01748255081474781  | Negative Loss: 0.0
[Test ROC-AUC]  -  SA: 0.00000,  LA: 0.94347
[Test AUPRC]  -  LA: 0.91159
[Test F1-max]  -  LA: 0.84848
Epoch: 14 | Loss: 0.010874975472688675  | Negative Loss: 0.0
[Test ROC-AUC]  -  SA: 0.00000,  LA: 0.94289
[Test AUPRC]  -  LA: 0.91147
[Test F1-max]  -  LA: 0.84848
Epoch: 15 | Loss: 0.0069094467908144  | Negative Loss: 0.0
[Test ROC-AUC]  -  SA: 0.00000,  LA: 0.94056
[Test AUPRC]  -  LA: 0.90876
[Test F1-max]  -  LA: 0.83582
Epoch: 16 | Loss: 0.004488117527216673  | Negative Loss: 0.0
[Test ROC-AUC]  -  SA: 0.00000,  LA: 0.94172
[Test AUPRC]  -  LA: 0.90962
[Test F1-max]  -  LA: 0.83582
Epoch: 17 | Loss: 0.0029732619877904654  | Negative Loss: 0.0
[Test ROC-AUC]  -  SA: 0.00000,  LA: 0.93939
[Test AUPRC]  -  LA: 0.90343
[Test F1-max]  -  LA: 0.83582
Epoch: 18 | Loss: 0.0020043703261762857  | Negative Loss: 0.0
[Test ROC-AUC]  -  SA: 0.00000,  LA: 0.93998
[Test AUPRC]  -  LA: 0.90541
[Test F1-max]  -  LA: 0.83784
Epoch: 19 | Loss: 0.001376044237986207  | Negative Loss: 0.0
[Test ROC-AUC]  -  SA: 0.00000,  LA: 0.94056
[Test AUPRC]  -  LA: 0.90567
[Test F1-max]  -  LA: 0.84058
Epoch: 20 | Loss: 0.0009593454888090491  | Negative Loss: 0.0
[Test ROC-AUC]  -  SA: 0.00000,  LA: 0.94172
[Test AUPRC]  -  LA: 0.90453
[Test F1-max]  -  LA: 0.84211
Epoch: 21 | Loss: 0.0006792873609811068  | Negative Loss: 0.0
[Test ROC-AUC]  -  SA: 0.00000,  LA: 0.94289
[Test AUPRC]  -  LA: 0.90568
[Test F1-max]  -  LA: 0.84211
Epoch: 22 | Loss: 0.000489070313051343  | Negative Loss: 0.0
[Test ROC-AUC]  -  SA: 0.00000,  LA: 0.94347
[Test AUPRC]  -  LA: 0.90599
[Test F1-max]  -  LA: 0.85714
Epoch: 23 | Loss: 0.0003579608746804297  | Negative Loss: 0.0
[Test ROC-AUC]  -  SA: 0.00000,  LA: 0.94347
[Test AUPRC]  -  LA: 0.90371
[Test F1-max]  -  LA: 0.85714
Epoch: 24 | Loss: 0.00026582294958643615  | Negative Loss: 0.0
[Test ROC-AUC]  -  SA: 0.00000,  LA: 0.94347
[Test AUPRC]  -  LA: 0.90292
[Test F1-max]  -  LA: 0.86111
Epoch: 25 | Loss: 0.0002012173063121736  | Negative Loss: 0.0
[Test ROC-AUC]  -  SA: 0.00000,  LA: 0.94347
[Test AUPRC]  -  LA: 0.90321
[Test F1-max]  -  LA: 0.86111
Epoch: 26 | Loss: 0.00015449048078153282  | Negative Loss: 0.0
[Test ROC-AUC]  -  SA: 0.00000,  LA: 0.94231
[Test AUPRC]  -  LA: 0.90019
[Test F1-max]  -  LA: 0.86111
Epoch: 27 | Loss: 0.00012004085874650627  | Negative Loss: 0.0
[Test ROC-AUC]  -  SA: 0.00000,  LA: 0.94114
[Test AUPRC]  -  LA: 0.89755
[Test F1-max]  -  LA: 0.86486
Epoch: 28 | Loss: 9.524638153379783e-05  | Negative Loss: 0.0
[Test ROC-AUC]  -  SA: 0.00000,  LA: 0.94114
[Test AUPRC]  -  LA: 0.89755
[Test F1-max]  -  LA: 0.86486
Epoch: 29 | Loss: 7.629275205545127e-05  | Negative Loss: 0.0
[Test ROC-AUC]  -  SA: 0.00000,  LA: 0.93939
[Test AUPRC]  -  LA: 0.89463
[Test F1-max]  -  LA: 0.86111
Epoch: 30 | Loss: 6.222644879017025e-05  | Negative Loss: 0.0
[Test ROC-AUC]  -  SA: 0.00000,  LA: 0.93939
[Test AUPRC]  -  LA: 0.89463
[Test F1-max]  -  LA: 0.86111
Epoch: 31 | Loss: 5.125945244799368e-05  | Negative Loss: 0.0
[Test ROC-AUC]  -  SA: 0.00000,  LA: 0.93881
[Test AUPRC]  -  LA: 0.89358
[Test F1-max]  -  LA: 0.86111
Epoch: 32 | Loss: 4.29149586125277e-05  | Negative Loss: 0.0
[Test ROC-AUC]  -  SA: 0.00000,  LA: 0.93881
[Test AUPRC]  -  LA: 0.89358
[Test F1-max]  -  LA: 0.86111
Epoch: 33 | Loss: 3.623935117502697e-05  | Negative Loss: 0.0
[Test ROC-AUC]  -  SA: 0.00000,  LA: 0.94056
[Test AUPRC]  -  LA: 0.89802
[Test F1-max]  -  LA: 0.86111
Epoch: 34 | Loss: 3.1113424483919516e-05  | Negative Loss: 0.0
[Test ROC-AUC]  -  SA: 0.00000,  LA: 0.94056
[Test AUPRC]  -  LA: 0.89796
[Test F1-max]  -  LA: 0.86111
Epoch: 35 | Loss: 2.682194099179469e-05  | Negative Loss: 0.0
[Test ROC-AUC]  -  SA: 0.00000,  LA: 0.94056
[Test AUPRC]  -  LA: 0.89796
[Test F1-max]  -  LA: 0.86111
Epoch: 36 | Loss: 2.3245698685059324e-05  | Negative Loss: 0.0
[Test ROC-AUC]  -  SA: 0.00000,  LA: 0.93998
[Test AUPRC]  -  LA: 0.89750
[Test F1-max]  -  LA: 0.86111
Epoch: 37 | Loss: 2.0503910491243005e-05  | Negative Loss: 0.0
[Test ROC-AUC]  -  SA: 0.00000,  LA: 0.94056
[Test AUPRC]  -  LA: 0.89843
[Test F1-max]  -  LA: 0.86111
Epoch: 38 | Loss: 1.8358159650233574e-05  | Negative Loss: 0.0
[Test ROC-AUC]  -  SA: 0.00000,  LA: 0.93939
[Test AUPRC]  -  LA: 0.89716
[Test F1-max]  -  LA: 0.86111
Epoch: 39 | Loss: 1.6570034858887084e-05  | Negative Loss: 0.0
[Test ROC-AUC]  -  SA: 0.00000,  LA: 0.93939
[Test AUPRC]  -  LA: 0.89716
[Test F1-max]  -  LA: 0.86111
Epoch: 40 | Loss: 1.5020324099168647e-05  | Negative Loss: 0.0
[Test ROC-AUC]  -  SA: 0.00000,  LA: 0.93881
[Test AUPRC]  -  LA: 0.89608
[Test F1-max]  -  LA: 0.86111
Epoch: 41 | Loss: 1.3470611520460807e-05  | Negative Loss: 0.0
[Test ROC-AUC]  -  SA: 0.00000,  LA: 0.93881
[Test AUPRC]  -  LA: 0.89608
[Test F1-max]  -  LA: 0.86111
Epoch: 42 | Loss: 1.239773519046139e-05  | Negative Loss: 0.0
[Test ROC-AUC]  -  SA: 0.00000,  LA: 0.93823
[Test AUPRC]  -  LA: 0.89534
[Test F1-max]  -  LA: 0.86111
Epoch: 43 | Loss: 1.1444064512033947e-05  | Negative Loss: 0.0
[Test ROC-AUC]  -  SA: 0.00000,  LA: 0.93823
[Test AUPRC]  -  LA: 0.89534
[Test F1-max]  -  LA: 0.86111
Epoch: 44 | Loss: 1.0490393833606504e-05  | Negative Loss: 0.0
[Test ROC-AUC]  -  SA: 0.00000,  LA: 0.93823
[Test AUPRC]  -  LA: 0.89534
[Test F1-max]  -  LA: 0.86111
Epoch: 45 | Loss: 9.775141734280623e-06  | Negative Loss: 0.0
[Test ROC-AUC]  -  SA: 0.00000,  LA: 0.93765
[Test AUPRC]  -  LA: 0.89423
[Test F1-max]  -  LA: 0.86111
Epoch: 46 | Loss: 9.059888725460041e-06  | Negative Loss: 0.0
[Test ROC-AUC]  -  SA: 0.00000,  LA: 0.93765
[Test AUPRC]  -  LA: 0.89423
[Test F1-max]  -  LA: 0.86111
Epoch: 47 | Loss: 8.7022617663024e-06  | Negative Loss: 0.0
[Test ROC-AUC]  -  SA: 0.00000,  LA: 0.93765
[Test AUPRC]  -  LA: 0.89423
[Test F1-max]  -  LA: 0.86111
Epoch: 48 | Loss: 8.106218047032598e-06  | Negative Loss: 0.0
[Test ROC-AUC]  -  SA: 0.00000,  LA: 0.93765
[Test AUPRC]  -  LA: 0.89423
[Test F1-max]  -  LA: 0.86111
Epoch: 49 | Loss: 7.748591087874956e-06  | Negative Loss: 0.0
[Test ROC-AUC]  -  SA: 0.00000,  LA: 0.93765
[Test AUPRC]  -  LA: 0.89423
[Test F1-max]  -  LA: 0.86111
Epoch: 50 | Loss: 7.390965038212016e-06  | Negative Loss: 0.0
[Test ROC-AUC]  -  SA: 0.00000,  LA: 0.93823
[Test AUPRC]  -  LA: 0.89488
[Test F1-max]  -  LA: 0.86111
Epoch: 51 | Loss: 7.1525473686051555e-06  | Negative Loss: 0.0
[Test ROC-AUC]  -  SA: 0.00000,  LA: 0.93823
[Test AUPRC]  -  LA: 0.89488
[Test F1-max]  -  LA: 0.86111
Epoch: 52 | Loss: 6.7949204094475135e-06  | Negative Loss: 0.0
[Test ROC-AUC]  -  SA: 0.00000,  LA: 0.93881
[Test AUPRC]  -  LA: 0.89615
[Test F1-max]  -  LA: 0.86111
Epoch: 53 | Loss: 6.437292995542521e-06  | Negative Loss: 0.0
[Test ROC-AUC]  -  SA: 0.00000,  LA: 0.93939
[Test AUPRC]  -  LA: 0.89660
[Test F1-max]  -  LA: 0.86111
Epoch: 54 | Loss: 6.198874871188309e-06  | Negative Loss: 0.0
[Test ROC-AUC]  -  SA: 0.00000,  LA: 0.93881
[Test AUPRC]  -  LA: 0.89606
[Test F1-max]  -  LA: 0.86111
Epoch: 55 | Loss: 6.079666036384879e-06  | Negative Loss: 0.0
[Test ROC-AUC]  -  SA: 0.00000,  LA: 0.93881
[Test AUPRC]  -  LA: 0.89606
[Test F1-max]  -  LA: 0.86111
Epoch: 56 | Loss: 5.841247912030667e-06  | Negative Loss: 0.0
[Test ROC-AUC]  -  SA: 0.00000,  LA: 0.93910
[Test AUPRC]  -  LA: 0.89647
[Test F1-max]  -  LA: 0.86111
Epoch: 57 | Loss: 5.722039531974588e-06  | Negative Loss: 0.0
[Test ROC-AUC]  -  SA: 0.00000,  LA: 0.93939
[Test AUPRC]  -  LA: 0.89688
[Test F1-max]  -  LA: 0.86111
Epoch: 58 | Loss: 5.602830242423806e-06  | Negative Loss: 0.0
[Test ROC-AUC]  -  SA: 0.00000,  LA: 0.93998
[Test AUPRC]  -  LA: 0.89800
[Test F1-max]  -  LA: 0.86111
Epoch: 59 | Loss: 5.483620952873025e-06  | Negative Loss: 0.0
[Test ROC-AUC]  -  SA: 0.00000,  LA: 0.93939
[Test AUPRC]  -  LA: 0.89748
[Test F1-max]  -  LA: 0.86111
Epoch: 60 | Loss: 5.245203283266164e-06  | Negative Loss: 0.0
[Test ROC-AUC]  -  SA: 0.00000,  LA: 0.93939
[Test AUPRC]  -  LA: 0.89748
[Test F1-max]  -  LA: 0.86111
Epoch: 61 | Loss: 5.245203283266164e-06  | Negative Loss: 0.0
[Test ROC-AUC]  -  SA: 0.00000,  LA: 0.93939
[Test AUPRC]  -  LA: 0.89748
[Test F1-max]  -  LA: 0.86111
Epoch: 62 | Loss: 5.006784704164602e-06  | Negative Loss: 0.0
[Test ROC-AUC]  -  SA: 0.00000,  LA: 0.93939
[Test AUPRC]  -  LA: 0.89748
[Test F1-max]  -  LA: 0.86111
Epoch: 63 | Loss: 4.8875758693611715e-06  | Negative Loss: 0.0
[Test ROC-AUC]  -  SA: 0.00000,  LA: 0.93939
[Test AUPRC]  -  LA: 0.89748
[Test F1-max]  -  LA: 0.86111
Epoch: 64 | Loss: 4.768367034557741e-06  | Negative Loss: 0.0
[Test ROC-AUC]  -  SA: 0.00000,  LA: 0.93939
[Test AUPRC]  -  LA: 0.89748
[Test F1-max]  -  LA: 0.86111
Epoch: 65 | Loss: 4.768367034557741e-06  | Negative Loss: 0.0
[Test ROC-AUC]  -  SA: 0.00000,  LA: 0.93939
[Test AUPRC]  -  LA: 0.89748
[Test F1-max]  -  LA: 0.86111
Epoch: 66 | Loss: 4.768367034557741e-06  | Negative Loss: 0.0
[Test ROC-AUC]  -  SA: 0.00000,  LA: 0.93939
[Test AUPRC]  -  LA: 0.89748
[Test F1-max]  -  LA: 0.86111
Epoch: 67 | Loss: 4.64915774500696e-06  | Negative Loss: 0.0
[Test ROC-AUC]  -  SA: 0.00000,  LA: 0.93939
[Test AUPRC]  -  LA: 0.89748
[Test F1-max]  -  LA: 0.86111
Epoch: 68 | Loss: 4.5299489102035295e-06  | Negative Loss: 0.0
[Test ROC-AUC]  -  SA: 0.00000,  LA: 0.93939
[Test AUPRC]  -  LA: 0.89748
[Test F1-max]  -  LA: 0.86111
Epoch: 69 | Loss: 4.5299489102035295e-06  | Negative Loss: 0.0
[Test ROC-AUC]  -  SA: 0.00000,  LA: 0.93939
[Test AUPRC]  -  LA: 0.89748
[Test F1-max]  -  LA: 0.86111
Epoch: 70 | Loss: 4.410740075400099e-06  | Negative Loss: 0.0
[Test ROC-AUC]  -  SA: 0.00000,  LA: 0.93939
[Test AUPRC]  -  LA: 0.89748
[Test F1-max]  -  LA: 0.86111
Epoch: 71 | Loss: 4.410740075400099e-06  | Negative Loss: 0.0
[Test ROC-AUC]  -  SA: 0.00000,  LA: 0.93939
[Test AUPRC]  -  LA: 0.89748
[Test F1-max]  -  LA: 0.86111
Epoch: 72 | Loss: 4.410740075400099e-06  | Negative Loss: 0.0
[Test ROC-AUC]  -  SA: 0.00000,  LA: 0.93939
[Test AUPRC]  -  LA: 0.89748
[Test F1-max]  -  LA: 0.86111
Epoch: 73 | Loss: 4.291530785849318e-06  | Negative Loss: 0.0
[Test ROC-AUC]  -  SA: 0.00000,  LA: 0.93939
[Test AUPRC]  -  LA: 0.89748
[Test F1-max]  -  LA: 0.86111
Epoch: 74 | Loss: 4.172321496298537e-06  | Negative Loss: 0.0
[Test ROC-AUC]  -  SA: 0.00000,  LA: 0.93939
[Test AUPRC]  -  LA: 0.89748
[Test F1-max]  -  LA: 0.86111
Epoch: 75 | Loss: 4.172321496298537e-06  | Negative Loss: 0.0
[Test ROC-AUC]  -  SA: 0.00000,  LA: 0.93939
[Test AUPRC]  -  LA: 0.89748
[Test F1-max]  -  LA: 0.86111
Epoch: 76 | Loss: 4.172321496298537e-06  | Negative Loss: 0.0
[Test ROC-AUC]  -  SA: 0.00000,  LA: 0.93939
[Test AUPRC]  -  LA: 0.89748
[Test F1-max]  -  LA: 0.86111
Epoch: 77 | Loss: 4.172321496298537e-06  | Negative Loss: 0.0
[Test ROC-AUC]  -  SA: 0.00000,  LA: 0.93939
[Test AUPRC]  -  LA: 0.89748
[Test F1-max]  -  LA: 0.86111
Epoch: 78 | Loss: 4.053112661495106e-06  | Negative Loss: 0.0
[Test ROC-AUC]  -  SA: 0.00000,  LA: 0.93939
[Test AUPRC]  -  LA: 0.89748
[Test F1-max]  -  LA: 0.86111
Epoch: 79 | Loss: 4.053112661495106e-06  | Negative Loss: 0.0
[Test ROC-AUC]  -  SA: 0.00000,  LA: 0.93939
[Test AUPRC]  -  LA: 0.89748
[Test F1-max]  -  LA: 0.86111
Epoch: 80 | Loss: 4.053112661495106e-06  | Negative Loss: 0.0
[Test ROC-AUC]  -  SA: 0.00000,  LA: 0.93939
[Test AUPRC]  -  LA: 0.89748
[Test F1-max]  -  LA: 0.86111
Epoch: 81 | Loss: 4.053112661495106e-06  | Negative Loss: 0.0
[Test ROC-AUC]  -  SA: 0.00000,  LA: 0.93939
[Test AUPRC]  -  LA: 0.89748
[Test F1-max]  -  LA: 0.86111
Epoch: 82 | Loss: 3.933903371944325e-06  | Negative Loss: 0.0
[Test ROC-AUC]  -  SA: 0.00000,  LA: 0.93939
[Test AUPRC]  -  LA: 0.89748
[Test F1-max]  -  LA: 0.86111
Epoch: 83 | Loss: 3.8146945371408947e-06  | Negative Loss: 0.0
[Test ROC-AUC]  -  SA: 0.00000,  LA: 0.93998
[Test AUPRC]  -  LA: 0.89829
[Test F1-max]  -  LA: 0.86111
Epoch: 84 | Loss: 3.8146945371408947e-06  | Negative Loss: 0.0
[Test ROC-AUC]  -  SA: 0.00000,  LA: 0.93998
[Test AUPRC]  -  LA: 0.89829
[Test F1-max]  -  LA: 0.86111
Epoch: 85 | Loss: 3.8146945371408947e-06  | Negative Loss: 0.0
[Test ROC-AUC]  -  SA: 0.00000,  LA: 0.94056
[Test AUPRC]  -  LA: 0.89951
[Test F1-max]  -  LA: 0.86111
Epoch: 86 | Loss: 3.8146945371408947e-06  | Negative Loss: 0.0
[Test ROC-AUC]  -  SA: 0.00000,  LA: 0.94056
[Test AUPRC]  -  LA: 0.89951
[Test F1-max]  -  LA: 0.86111
Epoch: 87 | Loss: 3.8146945371408947e-06  | Negative Loss: 0.0
[Test ROC-AUC]  -  SA: 0.00000,  LA: 0.94056
[Test AUPRC]  -  LA: 0.89951
[Test F1-max]  -  LA: 0.86111
Epoch: 88 | Loss: 3.8146945371408947e-06  | Negative Loss: 0.0
[Test ROC-AUC]  -  SA: 0.00000,  LA: 0.94056
[Test AUPRC]  -  LA: 0.89951
[Test F1-max]  -  LA: 0.86111
Epoch: 89 | Loss: 3.6954852475901134e-06  | Negative Loss: 0.0
[Test ROC-AUC]  -  SA: 0.00000,  LA: 0.94056
[Test AUPRC]  -  LA: 0.89951
[Test F1-max]  -  LA: 0.86111
Epoch: 90 | Loss: 3.6954852475901134e-06  | Negative Loss: 0.0
[Test ROC-AUC]  -  SA: 0.00000,  LA: 0.94056
[Test AUPRC]  -  LA: 0.89951
[Test F1-max]  -  LA: 0.86111
Epoch: 91 | Loss: 3.576276412786683e-06  | Negative Loss: 0.0
[Test ROC-AUC]  -  SA: 0.00000,  LA: 0.94056
[Test AUPRC]  -  LA: 0.89951
[Test F1-max]  -  LA: 0.86111
Epoch: 92 | Loss: 3.576276412786683e-06  | Negative Loss: 0.0
[Test ROC-AUC]  -  SA: 0.00000,  LA: 0.94056
[Test AUPRC]  -  LA: 0.89951
[Test F1-max]  -  LA: 0.86111
Epoch: 93 | Loss: 3.457067123235902e-06  | Negative Loss: 0.0
[Test ROC-AUC]  -  SA: 0.00000,  LA: 0.94056
[Test AUPRC]  -  LA: 0.89951
[Test F1-max]  -  LA: 0.86111
Epoch: 94 | Loss: 3.457067123235902e-06  | Negative Loss: 0.0
[Test ROC-AUC]  -  SA: 0.00000,  LA: 0.94056
[Test AUPRC]  -  LA: 0.89951
[Test F1-max]  -  LA: 0.86111
Epoch: 95 | Loss: 3.457067123235902e-06  | Negative Loss: 0.0
[Test ROC-AUC]  -  SA: 0.00000,  LA: 0.94056
[Test AUPRC]  -  LA: 0.89951
[Test F1-max]  -  LA: 0.86111
Epoch: 96 | Loss: 3.3378578336851206e-06  | Negative Loss: 0.0
[Test ROC-AUC]  -  SA: 0.00000,  LA: 0.94056
[Test AUPRC]  -  LA: 0.89951
[Test F1-max]  -  LA: 0.86111
Epoch: 97 | Loss: 3.3378578336851206e-06  | Negative Loss: 0.0
[Test ROC-AUC]  -  SA: 0.00000,  LA: 0.93998
[Test AUPRC]  -  LA: 0.89788
[Test F1-max]  -  LA: 0.86111
Epoch: 98 | Loss: 3.3378578336851206e-06  | Negative Loss: 0.0
[Test ROC-AUC]  -  SA: 0.00000,  LA: 0.93998
[Test AUPRC]  -  LA: 0.89788
[Test F1-max]  -  LA: 0.86111
Epoch: 99 | Loss: 3.3378578336851206e-06  | Negative Loss: 0.0
Time consumption: 96.37035393714905
Best LA AUC: 0.951048951048951
Best LA AUPC: 0.916322956354602
Best LA F1-max: 0.8955223880597014
[Result] Experiment result appended to ./results/train_hybrid_result.csv

[END] 2026-03-18 18:22:37
[RETURN CODE] 0
