[START] 2026-03-18 17:29:22
[GPU] 1
[TASK] 37/120
[NAME] screw_bag_promptad
[REPEAT] 7/10
[COMMAND] python train_hybrid.py --data_name screw_bag --mask True --text True --double_encoder True --few_shot True --shot 1 --hybrid_model promptad --hybrid_weight 0.3 --hybrid_batch_size 16 --epoch 100 --log True --lr 5e-4 --detection True --preprocess True

/home/seungeon/miniconda3/envs/LAB/lib/python3.10/site-packages/timm/models/layers/__init__.py:48: FutureWarning: Importing from timm.models.layers is deprecated, please import via timm.layers
  warnings.warn(f"Importing from {__name__} is deprecated, please import via timm.layers", FutureWarning)
/home/seungeon/Workspace/side/vlm/train_hybrid.py:18: DeprecationWarning: The distutils package is deprecated and slated for removal in Python 3.12. Use setuptools or check PEP 632 for potential alternatives
  from distutils.util import strtobool
Torch version: 2.9.1+cu128
cuda is loaded for process
here?
In my local computer
Namespace(epoch=100, gpu_number='0', data_name='screw_bag', lr=0.0005, batch_size=6, shuffle=True, seed=0, tag='default', model_name='ViT-B-32', pretrained_name='laion2b_s34b_b79k', lora=1, default=False, foundation='CLIP', detection=1, preprocess=1, num_rule=0, object_names=['long_bolt', 'short_bolt', 'hexagonal nut', 'round washer', 'plastic bag', 'background'], objects_for_rules=[['long_bolt', 'short_bolt'], ['short_bolt'], ['long_bolt'], ['hexagonal nut'], ['round washer']], texts_for_rules=[['two bolts'], ['short bolt'], ['long bolt'], ['hexagonal nut'], ['round washer']], mask=1, text=1, score='mean', ciriculam_learning=False, few_shot=1, shot=1, log=1, neg_loss=0, double_encoder=1, pretrained_count_path=None, ris=0, rule_select='', rule_list=[], num_negative=5, hybrid_model='promptad', hybrid_weight=0.3, hybrid_class_name='', hybrid_batch_size=16, hybrid_backbone='ViT-B-16-plus-240', hybrid_pretrained_dataset='laion400m_e32', hybrid_scales=[2, 3], hybrid_img_resize=240, hybrid_img_cropsize=240, hybrid_resolution=400, hybrid_promptad_epoch=100, hybrid_promptad_lr=0.002, hybrid_promptad_momentum=0.9, hybrid_promptad_weight_decay=0.0005, hybrid_promptad_eta_min=1e-05, hybrid_promptad_lambda1=0.001, hybrid_promptad_n_ctx=4, hybrid_promptad_n_pro=3, hybrid_promptad_n_ctx_ab=1, hybrid_promptad_n_pro_ab=4, early_stop_k=10, result_log_path='./results/train_hybrid_result.csv')
[Hybrid] method=promptad, class_name=screw_bag, train=1, eval=259, base_path=/data3/seungeon/data/image/mvtec_loco_anomaly_detection/screw_bag
[Hybrid-only] LA_AUC=0.64063, LA_AUPRC=0.55215, LA_F1=0.66890
[Data Description]
- Train: 1
- Test: 259

Train Start
[Test ROC-AUC]  -  SA: 0.00000,  LA: 0.50652
[Test AUPRC]  -  LA: 0.46085
[Test F1-max]  -  LA: 0.64533
Epoch: 0 | Loss: 12.378427505493164  | Negative Loss: 0.0
[Test ROC-AUC]  -  SA: 0.00000,  LA: 0.50568
[Test AUPRC]  -  LA: 0.46179
[Test F1-max]  -  LA: 0.64533
Epoch: 1 | Loss: 12.224002838134766  | Negative Loss: 0.0
[Test ROC-AUC]  -  SA: 0.00000,  LA: 0.51041
[Test AUPRC]  -  LA: 0.46343
[Test F1-max]  -  LA: 0.64706
Epoch: 2 | Loss: 10.183903694152832  | Negative Loss: 0.0
[Test ROC-AUC]  -  SA: 0.00000,  LA: 0.51930
[Test AUPRC]  -  LA: 0.47118
[Test F1-max]  -  LA: 0.65054
Epoch: 3 | Loss: 7.043813705444336  | Negative Loss: 0.0
[Test ROC-AUC]  -  SA: 0.00000,  LA: 0.53141
[Test AUPRC]  -  LA: 0.48720
[Test F1-max]  -  LA: 0.64550
Epoch: 4 | Loss: 3.794978618621826  | Negative Loss: 0.0
[Test ROC-AUC]  -  SA: 0.00000,  LA: 0.54918
[Test AUPRC]  -  LA: 0.51039
[Test F1-max]  -  LA: 0.64042
Epoch: 5 | Loss: 1.583689570426941  | Negative Loss: 0.0
[Test ROC-AUC]  -  SA: 0.00000,  LA: 0.55654
[Test AUPRC]  -  LA: 0.52519
[Test F1-max]  -  LA: 0.64042
Epoch: 6 | Loss: 0.5397021770477295  | Negative Loss: 0.0
[Test ROC-AUC]  -  SA: 0.00000,  LA: 0.55720
[Test AUPRC]  -  LA: 0.52910
[Test F1-max]  -  LA: 0.64042
Epoch: 7 | Loss: 0.17352202534675598  | Negative Loss: 0.0
[Test ROC-AUC]  -  SA: 0.00000,  LA: 0.55480
[Test AUPRC]  -  LA: 0.52699
[Test F1-max]  -  LA: 0.64042
Epoch: 8 | Loss: 0.06159590929746628  | Negative Loss: 0.0
[Test ROC-AUC]  -  SA: 0.00000,  LA: 0.55080
[Test AUPRC]  -  LA: 0.52552
[Test F1-max]  -  LA: 0.64042
Epoch: 9 | Loss: 0.024270839989185333  | Negative Loss: 0.0
[Test ROC-AUC]  -  SA: 0.00000,  LA: 0.54571
[Test AUPRC]  -  LA: 0.52402
[Test F1-max]  -  LA: 0.64042
Epoch: 10 | Loss: 0.010361423715949059  | Negative Loss: 0.0
[Test ROC-AUC]  -  SA: 0.00000,  LA: 0.54493
[Test AUPRC]  -  LA: 0.52364
[Test F1-max]  -  LA: 0.64042
Epoch: 11 | Loss: 0.004776712507009506  | Negative Loss: 0.0
[Test ROC-AUC]  -  SA: 0.00000,  LA: 0.54511
[Test AUPRC]  -  LA: 0.52461
[Test F1-max]  -  LA: 0.64042
Epoch: 12 | Loss: 0.0023663295432925224  | Negative Loss: 0.0
[Test ROC-AUC]  -  SA: 0.00000,  LA: 0.54804
[Test AUPRC]  -  LA: 0.52768
[Test F1-max]  -  LA: 0.64042
Epoch: 13 | Loss: 0.0012250100262463093  | Negative Loss: 0.0
[Test ROC-AUC]  -  SA: 0.00000,  LA: 0.54870
[Test AUPRC]  -  LA: 0.52870
[Test F1-max]  -  LA: 0.64042
Epoch: 14 | Loss: 0.0006614248850382864  | Negative Loss: 0.0
[Test ROC-AUC]  -  SA: 0.00000,  LA: 0.55068
[Test AUPRC]  -  LA: 0.53203
[Test F1-max]  -  LA: 0.64042
Epoch: 15 | Loss: 0.0003705996787175536  | Negative Loss: 0.0
[Test ROC-AUC]  -  SA: 0.00000,  LA: 0.54978
[Test AUPRC]  -  LA: 0.53090
[Test F1-max]  -  LA: 0.64042
Epoch: 16 | Loss: 0.00021504584583453834  | Negative Loss: 0.0
[Test ROC-AUC]  -  SA: 0.00000,  LA: 0.55032
[Test AUPRC]  -  LA: 0.53104
[Test F1-max]  -  LA: 0.64042
Epoch: 17 | Loss: 0.00012874315143562853  | Negative Loss: 0.0
[Test ROC-AUC]  -  SA: 0.00000,  LA: 0.55050
[Test AUPRC]  -  LA: 0.52999
[Test F1-max]  -  LA: 0.64211
Epoch: 18 | Loss: 7.93922517914325e-05  | Negative Loss: 0.0
[Test ROC-AUC]  -  SA: 0.00000,  LA: 0.55277
[Test AUPRC]  -  LA: 0.53163
[Test F1-max]  -  LA: 0.64211
Epoch: 19 | Loss: 5.030583997722715e-05  | Negative Loss: 0.0
[Test ROC-AUC]  -  SA: 0.00000,  LA: 0.55358
[Test AUPRC]  -  LA: 0.53262
[Test F1-max]  -  LA: 0.64211
Epoch: 20 | Loss: 3.278234362369403e-05  | Negative Loss: 0.0
[Test ROC-AUC]  -  SA: 0.00000,  LA: 0.55495
[Test AUPRC]  -  LA: 0.53298
[Test F1-max]  -  LA: 0.64380
Epoch: 21 | Loss: 2.157678500225302e-05  | Negative Loss: 0.0
[Test ROC-AUC]  -  SA: 0.00000,  LA: 0.55636
[Test AUPRC]  -  LA: 0.53471
[Test F1-max]  -  LA: 0.64380
Epoch: 22 | Loss: 1.4662697140011005e-05  | Negative Loss: 0.0
[Test ROC-AUC]  -  SA: 0.00000,  LA: 0.55657
[Test AUPRC]  -  LA: 0.53450
[Test F1-max]  -  LA: 0.64380
Epoch: 23 | Loss: 1.0251976163999643e-05  | Negative Loss: 0.0
[Test ROC-AUC]  -  SA: 0.00000,  LA: 0.55795
[Test AUPRC]  -  LA: 0.53550
[Test F1-max]  -  LA: 0.64380
Epoch: 24 | Loss: 7.510172508773394e-06  | Negative Loss: 0.0
[Test ROC-AUC]  -  SA: 0.00000,  LA: 0.55920
[Test AUPRC]  -  LA: 0.53617
[Test F1-max]  -  LA: 0.64380
Epoch: 25 | Loss: 5.364410753827542e-06  | Negative Loss: 0.0
[Test ROC-AUC]  -  SA: 0.00000,  LA: 0.55983
[Test AUPRC]  -  LA: 0.53658
[Test F1-max]  -  LA: 0.64380
Epoch: 26 | Loss: 4.172320586803835e-06  | Negative Loss: 0.0
[Test ROC-AUC]  -  SA: 0.00000,  LA: 0.56091
[Test AUPRC]  -  LA: 0.53753
[Test F1-max]  -  LA: 0.64380
Epoch: 27 | Loss: 3.099439254583558e-06  | Negative Loss: 0.0
[Test ROC-AUC]  -  SA: 0.00000,  LA: 0.56121
[Test AUPRC]  -  LA: 0.53645
[Test F1-max]  -  LA: 0.64380
Epoch: 28 | Loss: 2.5033937163243536e-06  | Negative Loss: 0.0
[Test ROC-AUC]  -  SA: 0.00000,  LA: 0.56204
[Test AUPRC]  -  LA: 0.53685
[Test F1-max]  -  LA: 0.64380
Epoch: 29 | Loss: 1.788138433767017e-06  | Negative Loss: 0.0
[Test ROC-AUC]  -  SA: 0.00000,  LA: 0.56315
[Test AUPRC]  -  LA: 0.53685
[Test F1-max]  -  LA: 0.64533
Epoch: 30 | Loss: 1.54972008203913e-06  | Negative Loss: 0.0
[Test ROC-AUC]  -  SA: 0.00000,  LA: 0.56518
[Test AUPRC]  -  LA: 0.53828
[Test F1-max]  -  LA: 0.64533
Epoch: 31 | Loss: 1.1920925544472993e-06  | Negative Loss: 0.0
[Test ROC-AUC]  -  SA: 0.00000,  LA: 0.56710
[Test AUPRC]  -  LA: 0.53939
[Test F1-max]  -  LA: 0.64533
Epoch: 32 | Loss: 1.0728833785833558e-06  | Negative Loss: 0.0
[Test ROC-AUC]  -  SA: 0.00000,  LA: 0.56797
[Test AUPRC]  -  LA: 0.53978
[Test F1-max]  -  LA: 0.64533
Epoch: 33 | Loss: 8.344648563252122e-07  | Negative Loss: 0.0
[Test ROC-AUC]  -  SA: 0.00000,  LA: 0.56916
[Test AUPRC]  -  LA: 0.54057
[Test F1-max]  -  LA: 0.64533
Epoch: 34 | Loss: 5.960463340670685e-07  | Negative Loss: 0.0
[Test ROC-AUC]  -  SA: 0.00000,  LA: 0.57045
[Test AUPRC]  -  LA: 0.54202
[Test F1-max]  -  LA: 0.64706
Epoch: 35 | Loss: 5.960463340670685e-07  | Negative Loss: 0.0
[Test ROC-AUC]  -  SA: 0.00000,  LA: 0.57174
[Test AUPRC]  -  LA: 0.54319
[Test F1-max]  -  LA: 0.64706
Epoch: 36 | Loss: 4.7683710135970614e-07  | Negative Loss: 0.0
[Test ROC-AUC]  -  SA: 0.00000,  LA: 0.57236
[Test AUPRC]  -  LA: 0.54389
[Test F1-max]  -  LA: 0.64706
Epoch: 37 | Loss: 4.7683710135970614e-07  | Negative Loss: 0.0
[Test ROC-AUC]  -  SA: 0.00000,  LA: 0.57356
[Test AUPRC]  -  LA: 0.54478
[Test F1-max]  -  LA: 0.64706
Epoch: 38 | Loss: 4.7683710135970614e-07  | Negative Loss: 0.0
[Test ROC-AUC]  -  SA: 0.00000,  LA: 0.57392
[Test AUPRC]  -  LA: 0.54475
[Test F1-max]  -  LA: 0.64986
Epoch: 39 | Loss: 3.576278402306343e-07  | Negative Loss: 0.0
[Test ROC-AUC]  -  SA: 0.00000,  LA: 0.57449
[Test AUPRC]  -  LA: 0.54559
[Test F1-max]  -  LA: 0.64986
Epoch: 40 | Loss: 2.3841855067985307e-07  | Negative Loss: 0.0
[Test ROC-AUC]  -  SA: 0.00000,  LA: 0.57533
[Test AUPRC]  -  LA: 0.54639
[Test F1-max]  -  LA: 0.64986
Epoch: 41 | Loss: 2.3841855067985307e-07  | Negative Loss: 0.0
[Test ROC-AUC]  -  SA: 0.00000,  LA: 0.57557
[Test AUPRC]  -  LA: 0.54655
[Test F1-max]  -  LA: 0.64986
Epoch: 42 | Loss: 2.3841855067985307e-07  | Negative Loss: 0.0
[Test ROC-AUC]  -  SA: 0.00000,  LA: 0.57569
[Test AUPRC]  -  LA: 0.54631
[Test F1-max]  -  LA: 0.64986
Epoch: 43 | Loss: 2.3841855067985307e-07  | Negative Loss: 0.0
[Test ROC-AUC]  -  SA: 0.00000,  LA: 0.57592
[Test AUPRC]  -  LA: 0.54658
[Test F1-max]  -  LA: 0.64986
Epoch: 44 | Loss: 2.3841855067985307e-07  | Negative Loss: 0.0
[Test ROC-AUC]  -  SA: 0.00000,  LA: 0.57652
[Test AUPRC]  -  LA: 0.54709
[Test F1-max]  -  LA: 0.64986
Epoch: 45 | Loss: 2.3841855067985307e-07  | Negative Loss: 0.0
[Test ROC-AUC]  -  SA: 0.00000,  LA: 0.57676
[Test AUPRC]  -  LA: 0.54744
[Test F1-max]  -  LA: 0.64986
Epoch: 46 | Loss: 1.1920928244535389e-07  | Negative Loss: 0.0
[Test ROC-AUC]  -  SA: 0.00000,  LA: 0.57778
[Test AUPRC]  -  LA: 0.54806
[Test F1-max]  -  LA: 0.64986
Epoch: 47 | Loss: 1.1920928244535389e-07  | Negative Loss: 0.0
[Test ROC-AUC]  -  SA: 0.00000,  LA: 0.57811
[Test AUPRC]  -  LA: 0.54832
[Test F1-max]  -  LA: 0.64986
Epoch: 48 | Loss: 1.1920928244535389e-07  | Negative Loss: 0.0
[Test ROC-AUC]  -  SA: 0.00000,  LA: 0.57826
[Test AUPRC]  -  LA: 0.54811
[Test F1-max]  -  LA: 0.64986
Epoch: 49 | Loss: 1.1920928244535389e-07  | Negative Loss: 0.0
[Test ROC-AUC]  -  SA: 0.00000,  LA: 0.57853
[Test AUPRC]  -  LA: 0.54821
[Test F1-max]  -  LA: 0.64986
Epoch: 50 | Loss: 1.1920928244535389e-07  | Negative Loss: 0.0
[Test ROC-AUC]  -  SA: 0.00000,  LA: 0.57862
[Test AUPRC]  -  LA: 0.54817
[Test F1-max]  -  LA: 0.64986
Epoch: 51 | Loss: 1.1920928244535389e-07  | Negative Loss: 0.0
[Test ROC-AUC]  -  SA: 0.00000,  LA: 0.57877
[Test AUPRC]  -  LA: 0.54783
[Test F1-max]  -  LA: 0.64986
Epoch: 52 | Loss: 1.1920928244535389e-07  | Negative Loss: 0.0
[Test ROC-AUC]  -  SA: 0.00000,  LA: 0.57907
[Test AUPRC]  -  LA: 0.54808
[Test F1-max]  -  LA: 0.64986
Epoch: 53 | Loss: 1.1920928244535389e-07  | Negative Loss: 0.0
[Test ROC-AUC]  -  SA: 0.00000,  LA: 0.57904
[Test AUPRC]  -  LA: 0.54730
[Test F1-max]  -  LA: 0.64986
Epoch: 54 | Loss: 1.1920928244535389e-07  | Negative Loss: 0.0
[Test ROC-AUC]  -  SA: 0.00000,  LA: 0.57930
[Test AUPRC]  -  LA: 0.54738
[Test F1-max]  -  LA: 0.65116
Epoch: 55 | Loss: 1.1920928244535389e-07  | Negative Loss: 0.0
[Test ROC-AUC]  -  SA: 0.00000,  LA: 0.57922
[Test AUPRC]  -  LA: 0.54725
[Test F1-max]  -  LA: 0.65116
Epoch: 56 | Loss: 1.1920928244535389e-07  | Negative Loss: 0.0
[Test ROC-AUC]  -  SA: 0.00000,  LA: 0.57901
[Test AUPRC]  -  LA: 0.54689
[Test F1-max]  -  LA: 0.65116
Epoch: 57 | Loss: 1.1920928244535389e-07  | Negative Loss: 0.0
[Test ROC-AUC]  -  SA: 0.00000,  LA: 0.57948
[Test AUPRC]  -  LA: 0.54697
[Test F1-max]  -  LA: 0.65116
Epoch: 58 | Loss: 1.1920928244535389e-07  | Negative Loss: 0.0
[Test ROC-AUC]  -  SA: 0.00000,  LA: 0.57963
[Test AUPRC]  -  LA: 0.54695
[Test F1-max]  -  LA: 0.65116
Epoch: 59 | Loss: 1.1920928244535389e-07  | Negative Loss: 0.0
[Test ROC-AUC]  -  SA: 0.00000,  LA: 0.57981
[Test AUPRC]  -  LA: 0.54710
[Test F1-max]  -  LA: 0.65116
Epoch: 60 | Loss: 1.1920928244535389e-07  | Negative Loss: 0.0
[Test ROC-AUC]  -  SA: 0.00000,  LA: 0.57987
[Test AUPRC]  -  LA: 0.54719
[Test F1-max]  -  LA: 0.65116
Epoch: 61 | Loss: 1.1920928244535389e-07  | Negative Loss: 0.0
[Test ROC-AUC]  -  SA: 0.00000,  LA: 0.57981
[Test AUPRC]  -  LA: 0.54707
[Test F1-max]  -  LA: 0.65116
Epoch: 62 | Loss: 1.1920928244535389e-07  | Negative Loss: 0.0
[Test ROC-AUC]  -  SA: 0.00000,  LA: 0.57984
[Test AUPRC]  -  LA: 0.54703
[Test F1-max]  -  LA: 0.65116
Epoch: 63 | Loss: 1.1920928244535389e-07  | Negative Loss: 0.0
[Test ROC-AUC]  -  SA: 0.00000,  LA: 0.57990
[Test AUPRC]  -  LA: 0.54704
[Test F1-max]  -  LA: 0.65116
Epoch: 64 | Loss: 1.1920928244535389e-07  | Negative Loss: 0.0
[Test ROC-AUC]  -  SA: 0.00000,  LA: 0.57999
[Test AUPRC]  -  LA: 0.54710
[Test F1-max]  -  LA: 0.65116
Epoch: 65 | Loss: 1.1920928244535389e-07  | Negative Loss: 0.0
[Test ROC-AUC]  -  SA: 0.00000,  LA: 0.57999
[Test AUPRC]  -  LA: 0.54713
[Test F1-max]  -  LA: 0.65116
Epoch: 66 | Loss: 1.1920928244535389e-07  | Negative Loss: 0.0
[Test ROC-AUC]  -  SA: 0.00000,  LA: 0.57981
[Test AUPRC]  -  LA: 0.54696
[Test F1-max]  -  LA: 0.65116
Epoch: 67 | Loss: 1.1920928244535389e-07  | Negative Loss: 0.0
[Test ROC-AUC]  -  SA: 0.00000,  LA: 0.57990
[Test AUPRC]  -  LA: 0.54700
[Test F1-max]  -  LA: 0.65116
Epoch: 68 | Loss: 1.1920928244535389e-07  | Negative Loss: 0.0
[Test ROC-AUC]  -  SA: 0.00000,  LA: 0.57981
[Test AUPRC]  -  LA: 0.54666
[Test F1-max]  -  LA: 0.65116
Epoch: 69 | Loss: 1.1920928244535389e-07  | Negative Loss: 0.0
[Test ROC-AUC]  -  SA: 0.00000,  LA: 0.57990
[Test AUPRC]  -  LA: 0.54671
[Test F1-max]  -  LA: 0.65156
Epoch: 70 | Loss: 1.1920928244535389e-07  | Negative Loss: 0.0
[Test ROC-AUC]  -  SA: 0.00000,  LA: 0.57993
[Test AUPRC]  -  LA: 0.54671
[Test F1-max]  -  LA: 0.65156
Epoch: 71 | Loss: 1.1920928244535389e-07  | Negative Loss: 0.0
[Test ROC-AUC]  -  SA: 0.00000,  LA: 0.57984
[Test AUPRC]  -  LA: 0.54673
[Test F1-max]  -  LA: 0.65156
Epoch: 72 | Loss: 1.1920928244535389e-07  | Negative Loss: 0.0
[Test ROC-AUC]  -  SA: 0.00000,  LA: 0.57999
[Test AUPRC]  -  LA: 0.54680
[Test F1-max]  -  LA: 0.65156
Epoch: 73 | Loss: 1.1920928244535389e-07  | Negative Loss: 0.0
[Test ROC-AUC]  -  SA: 0.00000,  LA: 0.58005
[Test AUPRC]  -  LA: 0.54676
[Test F1-max]  -  LA: 0.65156
Epoch: 74 | Loss: 1.1920928244535389e-07  | Negative Loss: 0.0
[Test ROC-AUC]  -  SA: 0.00000,  LA: 0.58005
[Test AUPRC]  -  LA: 0.54677
[Test F1-max]  -  LA: 0.65156
Epoch: 75 | Loss: 1.1920928244535389e-07  | Negative Loss: 0.0
[Test ROC-AUC]  -  SA: 0.00000,  LA: 0.57981
[Test AUPRC]  -  LA: 0.54652
[Test F1-max]  -  LA: 0.65156
Epoch: 76 | Loss: 1.1920928244535389e-07  | Negative Loss: 0.0
[Test ROC-AUC]  -  SA: 0.00000,  LA: 0.57984
[Test AUPRC]  -  LA: 0.54650
[Test F1-max]  -  LA: 0.65156
Epoch: 77 | Loss: 1.1920928244535389e-07  | Negative Loss: 0.0
[Test ROC-AUC]  -  SA: 0.00000,  LA: 0.57975
[Test AUPRC]  -  LA: 0.54646
[Test F1-max]  -  LA: 0.65156
Epoch: 78 | Loss: 1.1920928244535389e-07  | Negative Loss: 0.0
[Test ROC-AUC]  -  SA: 0.00000,  LA: 0.57948
[Test AUPRC]  -  LA: 0.54630
[Test F1-max]  -  LA: 0.65156
Epoch: 79 | Loss: 1.1920928244535389e-07  | Negative Loss: 0.0
[Test ROC-AUC]  -  SA: 0.00000,  LA: 0.57933
[Test AUPRC]  -  LA: 0.54624
[Test F1-max]  -  LA: 0.65156
Epoch: 80 | Loss: 1.1920928244535389e-07  | Negative Loss: 0.0
[Test ROC-AUC]  -  SA: 0.00000,  LA: 0.57936
[Test AUPRC]  -  LA: 0.54634
[Test F1-max]  -  LA: 0.65156
Epoch: 81 | Loss: 1.1920928244535389e-07  | Negative Loss: 0.0
[Test ROC-AUC]  -  SA: 0.00000,  LA: 0.57960
[Test AUPRC]  -  LA: 0.54642
[Test F1-max]  -  LA: 0.65156
Epoch: 82 | Loss: 1.1920928244535389e-07  | Negative Loss: 0.0
[Test ROC-AUC]  -  SA: 0.00000,  LA: 0.57960
[Test AUPRC]  -  LA: 0.54639
[Test F1-max]  -  LA: 0.65156
Epoch: 83 | Loss: 1.1920928244535389e-07  | Negative Loss: 0.0
[Test ROC-AUC]  -  SA: 0.00000,  LA: 0.57957
[Test AUPRC]  -  LA: 0.54635
[Test F1-max]  -  LA: 0.65156
Epoch: 84 | Loss: 1.1920928244535389e-07  | Negative Loss: 0.0
[Test ROC-AUC]  -  SA: 0.00000,  LA: 0.57966
[Test AUPRC]  -  LA: 0.54638
[Test F1-max]  -  LA: 0.65156
Epoch: 85 | Loss: 1.1920928244535389e-07  | Negative Loss: 0.0
[Test ROC-AUC]  -  SA: 0.00000,  LA: 0.57957
[Test AUPRC]  -  LA: 0.54628
[Test F1-max]  -  LA: 0.65156
Epoch: 86 | Loss: 1.1920928244535389e-07  | Negative Loss: 0.0
[Test ROC-AUC]  -  SA: 0.00000,  LA: 0.57963
[Test AUPRC]  -  LA: 0.54630
[Test F1-max]  -  LA: 0.65156
Epoch: 87 | Loss: 1.1920928244535389e-07  | Negative Loss: 0.0
[Test ROC-AUC]  -  SA: 0.00000,  LA: 0.57957
[Test AUPRC]  -  LA: 0.54626
[Test F1-max]  -  LA: 0.65156
Epoch: 88 | Loss: 1.1920928244535389e-07  | Negative Loss: 0.0
[Test ROC-AUC]  -  SA: 0.00000,  LA: 0.57930
[Test AUPRC]  -  LA: 0.54611
[Test F1-max]  -  LA: 0.65156
Epoch: 89 | Loss: 1.1920928244535389e-07  | Negative Loss: 0.0
[Test ROC-AUC]  -  SA: 0.00000,  LA: 0.57922
[Test AUPRC]  -  LA: 0.54606
[Test F1-max]  -  LA: 0.65156
Epoch: 90 | Loss: 1.1920928244535389e-07  | Negative Loss: 0.0
[Test ROC-AUC]  -  SA: 0.00000,  LA: 0.57898
[Test AUPRC]  -  LA: 0.54589
[Test F1-max]  -  LA: 0.65156
Epoch: 91 | Loss: 1.1920928244535389e-07  | Negative Loss: 0.0
[Test ROC-AUC]  -  SA: 0.00000,  LA: 0.57898
[Test AUPRC]  -  LA: 0.54584
[Test F1-max]  -  LA: 0.65156
Epoch: 92 | Loss: 1.1920928244535389e-07  | Negative Loss: 0.0
[Test ROC-AUC]  -  SA: 0.00000,  LA: 0.57898
[Test AUPRC]  -  LA: 0.54580
[Test F1-max]  -  LA: 0.65156
Epoch: 93 | Loss: 1.1920928244535389e-07  | Negative Loss: 0.0
[Test ROC-AUC]  -  SA: 0.00000,  LA: 0.57901
[Test AUPRC]  -  LA: 0.54581
[Test F1-max]  -  LA: 0.65156
Epoch: 94 | Loss: 1.1920928244535389e-07  | Negative Loss: 0.0
[Test ROC-AUC]  -  SA: 0.00000,  LA: 0.57895
[Test AUPRC]  -  LA: 0.54581
[Test F1-max]  -  LA: 0.65156
Epoch: 95 | Loss: 1.1920928244535389e-07  | Negative Loss: 0.0
[Test ROC-AUC]  -  SA: 0.00000,  LA: 0.57883
[Test AUPRC]  -  LA: 0.54567
[Test F1-max]  -  LA: 0.65143
Epoch: 96 | Loss: 1.1920928244535389e-07  | Negative Loss: 0.0
[Test ROC-AUC]  -  SA: 0.00000,  LA: 0.57892
[Test AUPRC]  -  LA: 0.54569
[Test F1-max]  -  LA: 0.65143
Epoch: 97 | Loss: 1.1920928244535389e-07  | Negative Loss: 0.0
[Test ROC-AUC]  -  SA: 0.00000,  LA: 0.57889
[Test AUPRC]  -  LA: 0.54568
[Test F1-max]  -  LA: 0.65143
Epoch: 98 | Loss: 1.1920928244535389e-07  | Negative Loss: 0.0
[Test ROC-AUC]  -  SA: 0.00000,  LA: 0.57901
[Test AUPRC]  -  LA: 0.54576
[Test F1-max]  -  LA: 0.65143
Epoch: 99 | Loss: 1.1920928244535389e-07  | Negative Loss: 0.0
Time consumption: 182.13780879974365
Best LA AUC: 0.5800526504726577
Best LA AUPC: 0.5483156729815137
Best LA F1-max: 0.651558073654391
[Result] Experiment result appended to ./results/train_hybrid_result.csv

[END] 2026-03-18 17:34:08
[RETURN CODE] 0
