[START] 2026-03-18 18:25:36
[GPU] 1
[TASK] 82/120
[NAME] orange_juice_winclip
[REPEAT] 2/10
[COMMAND] python train_hybrid.py --data_name orange_juice --mask True --text True --double_encoder True --few_shot True --shot 1 --hybrid_model winclip --hybrid_weight 0.3 --hybrid_batch_size 16 --epoch 100 --log True --lr 5e-4 --detection True --preprocess True

/home/seungeon/miniconda3/envs/LAB/lib/python3.10/site-packages/timm/models/layers/__init__.py:48: FutureWarning: Importing from timm.models.layers is deprecated, please import via timm.layers
  warnings.warn(f"Importing from {__name__} is deprecated, please import via timm.layers", FutureWarning)
/home/seungeon/Workspace/side/vlm/train_hybrid.py:18: DeprecationWarning: The distutils package is deprecated and slated for removal in Python 3.12. Use setuptools or check PEP 632 for potential alternatives
  from distutils.util import strtobool
Torch version: 2.9.1+cu128
cuda is loaded for process
here?
In my local computer
Namespace(epoch=100, gpu_number='0', data_name='orange_juice', lr=0.0005, batch_size=6, shuffle=True, seed=0, tag='default', model_name='ViT-B-32', pretrained_name='laion2b_s34b_b79k', lora=1, default=False, foundation='CLIP', detection=1, preprocess=1, num_rule=0, object_names=['a orange picture label', 'a 100% text label', 'a bottle cap', 'a black background'], objects_for_rules=[['a orange picture label'], ['a orange picture label', 'a 100% text label'], ['a orange picture label'], ['a 100% text label'], ['a orange picture label', 'a 100% text label']], texts_for_rules=[['a photo of orange picture label'], ['a photo of orange picture label and 100% text label'], ['a photo of orange picture label'], ['a photo of 100% text label'], ['a photo of orange picture label and 100% text label']], mask=1, text=1, score='mean', ciriculam_learning=False, few_shot=1, shot=1, log=1, neg_loss=0, double_encoder=1, pretrained_count_path=None, ris=0, rule_select='', rule_list=[], num_negative=5, hybrid_model='winclip', hybrid_weight=0.3, hybrid_class_name='', hybrid_batch_size=16, hybrid_backbone='ViT-B-16-plus-240', hybrid_pretrained_dataset='laion400m_e32', hybrid_scales=[2, 3], hybrid_img_resize=240, hybrid_img_cropsize=240, hybrid_resolution=400, hybrid_promptad_epoch=100, hybrid_promptad_lr=0.002, hybrid_promptad_momentum=0.9, hybrid_promptad_weight_decay=0.0005, hybrid_promptad_eta_min=1e-05, hybrid_promptad_lambda1=0.001, hybrid_promptad_n_ctx=4, hybrid_promptad_n_pro=3, hybrid_promptad_n_ctx_ab=1, hybrid_promptad_n_pro_ab=4, early_stop_k=10, result_log_path='./results/train_hybrid_result.csv')
[Hybrid] method=winclip, class_name=juice_bottle, train=1, eval=78, base_path=/data3/seungeon/data/image/mvtec_loco_anomaly_detection/orange_juice
grid 240 16 (15, 15)
[Hybrid-only] LA_AUC=0.55876, LA_AUPRC=0.35902, LA_F1=0.64368
[Data Description]
- Train: 1
- Test: 78

Train Start
[Test ROC-AUC]  -  SA: 0.00000,  LA: 0.65306
[Test AUPRC]  -  LA: 0.43352
[Test F1-max]  -  LA: 0.64286
Epoch: 0 | Loss: 10.275104522705078  | Negative Loss: 0.0
[Test ROC-AUC]  -  SA: 0.00000,  LA: 0.65658
[Test AUPRC]  -  LA: 0.43502
[Test F1-max]  -  LA: 0.64286
Epoch: 1 | Loss: 10.171833992004395  | Negative Loss: 0.0
[Test ROC-AUC]  -  SA: 0.00000,  LA: 0.68262
[Test AUPRC]  -  LA: 0.47141
[Test F1-max]  -  LA: 0.62921
Epoch: 2 | Loss: 8.734175682067871  | Negative Loss: 0.0
[Test ROC-AUC]  -  SA: 0.00000,  LA: 0.71640
[Test AUPRC]  -  LA: 0.51432
[Test F1-max]  -  LA: 0.65789
Epoch: 3 | Loss: 6.648899078369141  | Negative Loss: 0.0
[Test ROC-AUC]  -  SA: 0.00000,  LA: 0.73892
[Test AUPRC]  -  LA: 0.57801
[Test F1-max]  -  LA: 0.67470
Epoch: 4 | Loss: 4.463347911834717  | Negative Loss: 0.0
[Test ROC-AUC]  -  SA: 0.00000,  LA: 0.75088
[Test AUPRC]  -  LA: 0.59510
[Test F1-max]  -  LA: 0.68293
Epoch: 5 | Loss: 2.631258249282837  | Negative Loss: 0.0
[Test ROC-AUC]  -  SA: 0.00000,  LA: 0.74455
[Test AUPRC]  -  LA: 0.58860
[Test F1-max]  -  LA: 0.67500
Epoch: 6 | Loss: 1.360481858253479  | Negative Loss: 0.0
[Test ROC-AUC]  -  SA: 0.00000,  LA: 0.74384
[Test AUPRC]  -  LA: 0.58994
[Test F1-max]  -  LA: 0.67500
Epoch: 7 | Loss: 0.6725487112998962  | Negative Loss: 0.0
[Test ROC-AUC]  -  SA: 0.00000,  LA: 0.75088
[Test AUPRC]  -  LA: 0.60793
[Test F1-max]  -  LA: 0.68235
Epoch: 8 | Loss: 0.33456742763519287  | Negative Loss: 0.0
[Test ROC-AUC]  -  SA: 0.00000,  LA: 0.75581
[Test AUPRC]  -  LA: 0.61146
[Test F1-max]  -  LA: 0.68235
Epoch: 9 | Loss: 0.1745484471321106  | Negative Loss: 0.0
[Test ROC-AUC]  -  SA: 0.00000,  LA: 0.76214
[Test AUPRC]  -  LA: 0.62252
[Test F1-max]  -  LA: 0.68235
Epoch: 10 | Loss: 0.09668256342411041  | Negative Loss: 0.0
[Test ROC-AUC]  -  SA: 0.00000,  LA: 0.76777
[Test AUPRC]  -  LA: 0.63045
[Test F1-max]  -  LA: 0.67442
Epoch: 11 | Loss: 0.05585884302854538  | Negative Loss: 0.0
[Test ROC-AUC]  -  SA: 0.00000,  LA: 0.76918
[Test AUPRC]  -  LA: 0.61214
[Test F1-max]  -  LA: 0.68235
Epoch: 12 | Loss: 0.03329254686832428  | Negative Loss: 0.0
[Test ROC-AUC]  -  SA: 0.00000,  LA: 0.77058
[Test AUPRC]  -  LA: 0.61580
[Test F1-max]  -  LA: 0.69048
Epoch: 13 | Loss: 0.020230364054441452  | Negative Loss: 0.0
[Test ROC-AUC]  -  SA: 0.00000,  LA: 0.77340
[Test AUPRC]  -  LA: 0.61298
[Test F1-max]  -  LA: 0.69048
Epoch: 14 | Loss: 0.012507576495409012  | Negative Loss: 0.0
[Test ROC-AUC]  -  SA: 0.00000,  LA: 0.77551
[Test AUPRC]  -  LA: 0.61163
[Test F1-max]  -  LA: 0.69048
Epoch: 15 | Loss: 0.007907647639513016  | Negative Loss: 0.0
[Test ROC-AUC]  -  SA: 0.00000,  LA: 0.77410
[Test AUPRC]  -  LA: 0.60423
[Test F1-max]  -  LA: 0.69231
Epoch: 16 | Loss: 0.005157995503395796  | Negative Loss: 0.0
[Test ROC-AUC]  -  SA: 0.00000,  LA: 0.77833
[Test AUPRC]  -  LA: 0.60412
[Test F1-max]  -  LA: 0.70130
Epoch: 17 | Loss: 0.003437195671722293  | Negative Loss: 0.0
[Test ROC-AUC]  -  SA: 0.00000,  LA: 0.77692
[Test AUPRC]  -  LA: 0.59915
[Test F1-max]  -  LA: 0.71053
Epoch: 18 | Loss: 0.0023387272376567125  | Negative Loss: 0.0
[Test ROC-AUC]  -  SA: 0.00000,  LA: 0.77340
[Test AUPRC]  -  LA: 0.58087
[Test F1-max]  -  LA: 0.71053
Epoch: 19 | Loss: 0.001622661598958075  | Negative Loss: 0.0
[Test ROC-AUC]  -  SA: 0.00000,  LA: 0.77129
[Test AUPRC]  -  LA: 0.56943
[Test F1-max]  -  LA: 0.71053
Epoch: 20 | Loss: 0.0011480856919661164  | Negative Loss: 0.0
[Test ROC-AUC]  -  SA: 0.00000,  LA: 0.76988
[Test AUPRC]  -  LA: 0.56927
[Test F1-max]  -  LA: 0.72000
Epoch: 21 | Loss: 0.0008279458852484822  | Negative Loss: 0.0
[Test ROC-AUC]  -  SA: 0.00000,  LA: 0.76777
[Test AUPRC]  -  LA: 0.56593
[Test F1-max]  -  LA: 0.73684
Epoch: 22 | Loss: 0.0006073797703720629  | Negative Loss: 0.0
[Test ROC-AUC]  -  SA: 0.00000,  LA: 0.76707
[Test AUPRC]  -  LA: 0.56567
[Test F1-max]  -  LA: 0.72727
Epoch: 23 | Loss: 0.0004530515579972416  | Negative Loss: 0.0
[Test ROC-AUC]  -  SA: 0.00000,  LA: 0.76636
[Test AUPRC]  -  LA: 0.56157
[Test F1-max]  -  LA: 0.72727
Epoch: 24 | Loss: 0.00034328599576838315  | Negative Loss: 0.0
[Test ROC-AUC]  -  SA: 0.00000,  LA: 0.76003
[Test AUPRC]  -  LA: 0.55389
[Test F1-max]  -  LA: 0.71795
Epoch: 25 | Loss: 0.0002640264865476638  | Negative Loss: 0.0
[Test ROC-AUC]  -  SA: 0.00000,  LA: 0.75721
[Test AUPRC]  -  LA: 0.55086
[Test F1-max]  -  LA: 0.70886
Epoch: 26 | Loss: 0.000206456781597808  | Negative Loss: 0.0
[Test ROC-AUC]  -  SA: 0.00000,  LA: 0.75299
[Test AUPRC]  -  LA: 0.54634
[Test F1-max]  -  LA: 0.70886
[Early Stopping] LA AUROC dropped for 10 consecutive epochs. Stop at epoch 28/100.
Time consumption: 24.579113245010376
Best LA AUC: 0.7783251231527093
Best LA AUPC: 0.6304536747995064
Best LA F1-max: 0.7368421052631579
[Result] Experiment result appended to ./results/train_hybrid_result.csv

[END] 2026-03-18 18:27:54
[RETURN CODE] 0
