[START] 2026-03-18 17:24:35
[GPU] 1
[TASK] 32/120
[NAME] screw_bag_promptad
[REPEAT] 2/10
[COMMAND] python train_hybrid.py --data_name screw_bag --mask True --text True --double_encoder True --few_shot True --shot 1 --hybrid_model promptad --hybrid_weight 0.3 --hybrid_batch_size 16 --epoch 100 --log True --lr 5e-4 --detection True --preprocess True

/home/seungeon/miniconda3/envs/LAB/lib/python3.10/site-packages/timm/models/layers/__init__.py:48: FutureWarning: Importing from timm.models.layers is deprecated, please import via timm.layers
  warnings.warn(f"Importing from {__name__} is deprecated, please import via timm.layers", FutureWarning)
/home/seungeon/Workspace/side/vlm/train_hybrid.py:18: DeprecationWarning: The distutils package is deprecated and slated for removal in Python 3.12. Use setuptools or check PEP 632 for potential alternatives
  from distutils.util import strtobool
Torch version: 2.9.1+cu128
cuda is loaded for process
here?
In my local computer
Namespace(epoch=100, gpu_number='0', data_name='screw_bag', lr=0.0005, batch_size=6, shuffle=True, seed=0, tag='default', model_name='ViT-B-32', pretrained_name='laion2b_s34b_b79k', lora=1, default=False, foundation='CLIP', detection=1, preprocess=1, num_rule=0, object_names=['long_bolt', 'short_bolt', 'hexagonal nut', 'round washer', 'plastic bag', 'background'], objects_for_rules=[['long_bolt', 'short_bolt'], ['short_bolt'], ['long_bolt'], ['hexagonal nut'], ['round washer']], texts_for_rules=[['two bolts'], ['short bolt'], ['long bolt'], ['hexagonal nut'], ['round washer']], mask=1, text=1, score='mean', ciriculam_learning=False, few_shot=1, shot=1, log=1, neg_loss=0, double_encoder=1, pretrained_count_path=None, ris=0, rule_select='', rule_list=[], num_negative=5, hybrid_model='promptad', hybrid_weight=0.3, hybrid_class_name='', hybrid_batch_size=16, hybrid_backbone='ViT-B-16-plus-240', hybrid_pretrained_dataset='laion400m_e32', hybrid_scales=[2, 3], hybrid_img_resize=240, hybrid_img_cropsize=240, hybrid_resolution=400, hybrid_promptad_epoch=100, hybrid_promptad_lr=0.002, hybrid_promptad_momentum=0.9, hybrid_promptad_weight_decay=0.0005, hybrid_promptad_eta_min=1e-05, hybrid_promptad_lambda1=0.001, hybrid_promptad_n_ctx=4, hybrid_promptad_n_pro=3, hybrid_promptad_n_ctx_ab=1, hybrid_promptad_n_pro_ab=4, early_stop_k=10, result_log_path='./results/train_hybrid_result.csv')
[Hybrid] method=promptad, class_name=screw_bag, train=1, eval=259, base_path=/data3/seungeon/data/image/mvtec_loco_anomaly_detection/screw_bag
[Hybrid-only] LA_AUC=0.52444, LA_AUPRC=0.48032, LA_F1=0.65000
[Data Description]
- Train: 1
- Test: 259

Train Start
[Test ROC-AUC]  -  SA: 0.00000,  LA: 0.44041
[Test AUPRC]  -  LA: 0.42861
[Test F1-max]  -  LA: 0.64042
Epoch: 0 | Loss: 9.030477523803711  | Negative Loss: 0.0
[Test ROC-AUC]  -  SA: 0.00000,  LA: 0.44011
[Test AUPRC]  -  LA: 0.42925
[Test F1-max]  -  LA: 0.64042
Epoch: 1 | Loss: 8.890083312988281  | Negative Loss: 0.0
[Test ROC-AUC]  -  SA: 0.00000,  LA: 0.44651
[Test AUPRC]  -  LA: 0.43608
[Test F1-max]  -  LA: 0.64211
Epoch: 2 | Loss: 7.078460693359375  | Negative Loss: 0.0
[Test ROC-AUC]  -  SA: 0.00000,  LA: 0.45979
[Test AUPRC]  -  LA: 0.45166
[Test F1-max]  -  LA: 0.64380
Epoch: 3 | Loss: 4.593569755554199  | Negative Loss: 0.0
[Test ROC-AUC]  -  SA: 0.00000,  LA: 0.48403
[Test AUPRC]  -  LA: 0.47689
[Test F1-max]  -  LA: 0.64211
Epoch: 4 | Loss: 2.3768606185913086  | Negative Loss: 0.0
[Test ROC-AUC]  -  SA: 0.00000,  LA: 0.51071
[Test AUPRC]  -  LA: 0.51339
[Test F1-max]  -  LA: 0.64042
Epoch: 5 | Loss: 1.0066975355148315  | Negative Loss: 0.0
[Test ROC-AUC]  -  SA: 0.00000,  LA: 0.53165
[Test AUPRC]  -  LA: 0.53309
[Test F1-max]  -  LA: 0.65193
Epoch: 6 | Loss: 0.3961130976676941  | Negative Loss: 0.0
[Test ROC-AUC]  -  SA: 0.00000,  LA: 0.54810
[Test AUPRC]  -  LA: 0.55092
[Test F1-max]  -  LA: 0.64972
Epoch: 7 | Loss: 0.1593865007162094  | Negative Loss: 0.0
[Test ROC-AUC]  -  SA: 0.00000,  LA: 0.55504
[Test AUPRC]  -  LA: 0.55927
[Test F1-max]  -  LA: 0.64463
Epoch: 8 | Loss: 0.06712939590215683  | Negative Loss: 0.0
[Test ROC-AUC]  -  SA: 0.00000,  LA: 0.56106
[Test AUPRC]  -  LA: 0.56136
[Test F1-max]  -  LA: 0.64658
Epoch: 9 | Loss: 0.029850631952285767  | Negative Loss: 0.0
[Test ROC-AUC]  -  SA: 0.00000,  LA: 0.56515
[Test AUPRC]  -  LA: 0.56612
[Test F1-max]  -  LA: 0.64674
Epoch: 10 | Loss: 0.014168087393045425  | Negative Loss: 0.0
[Test ROC-AUC]  -  SA: 0.00000,  LA: 0.56599
[Test AUPRC]  -  LA: 0.56648
[Test F1-max]  -  LA: 0.64151
Epoch: 11 | Loss: 0.007100234739482403  | Negative Loss: 0.0
[Test ROC-AUC]  -  SA: 0.00000,  LA: 0.56934
[Test AUPRC]  -  LA: 0.56800
[Test F1-max]  -  LA: 0.64171
Epoch: 12 | Loss: 0.0037269210442900658  | Negative Loss: 0.0
[Test ROC-AUC]  -  SA: 0.00000,  LA: 0.57135
[Test AUPRC]  -  LA: 0.56861
[Test F1-max]  -  LA: 0.64516
Epoch: 13 | Loss: 0.0020382096990942955  | Negative Loss: 0.0
[Test ROC-AUC]  -  SA: 0.00000,  LA: 0.57078
[Test AUPRC]  -  LA: 0.56940
[Test F1-max]  -  LA: 0.64343
Epoch: 14 | Loss: 0.0011545768938958645  | Negative Loss: 0.0
[Test ROC-AUC]  -  SA: 0.00000,  LA: 0.57150
[Test AUPRC]  -  LA: 0.56989
[Test F1-max]  -  LA: 0.64516
Epoch: 15 | Loss: 0.0006739390664733946  | Negative Loss: 0.0
[Test ROC-AUC]  -  SA: 0.00000,  LA: 0.57257
[Test AUPRC]  -  LA: 0.57006
[Test F1-max]  -  LA: 0.64516
Epoch: 16 | Loss: 0.00040373633964918554  | Negative Loss: 0.0
[Test ROC-AUC]  -  SA: 0.00000,  LA: 0.57383
[Test AUPRC]  -  LA: 0.57008
[Test F1-max]  -  LA: 0.64516
Epoch: 17 | Loss: 0.00024794554337859154  | Negative Loss: 0.0
[Test ROC-AUC]  -  SA: 0.00000,  LA: 0.57479
[Test AUPRC]  -  LA: 0.57031
[Test F1-max]  -  LA: 0.64516
Epoch: 18 | Loss: 0.00015604104555677623  | Negative Loss: 0.0
[Test ROC-AUC]  -  SA: 0.00000,  LA: 0.57616
[Test AUPRC]  -  LA: 0.57030
[Test F1-max]  -  LA: 0.64516
Epoch: 19 | Loss: 0.00010073020530398935  | Negative Loss: 0.0
[Test ROC-AUC]  -  SA: 0.00000,  LA: 0.57503
[Test AUPRC]  -  LA: 0.56722
[Test F1-max]  -  LA: 0.64690
Epoch: 20 | Loss: 6.66372652631253e-05  | Negative Loss: 0.0
[Test ROC-AUC]  -  SA: 0.00000,  LA: 0.57524
[Test AUPRC]  -  LA: 0.56713
[Test F1-max]  -  LA: 0.64690
Epoch: 21 | Loss: 4.506077311816625e-05  | Negative Loss: 0.0
[Test ROC-AUC]  -  SA: 0.00000,  LA: 0.57470
[Test AUPRC]  -  LA: 0.56577
[Test F1-max]  -  LA: 0.64690
Epoch: 22 | Loss: 3.1113464501686394e-05  | Negative Loss: 0.0
[Test ROC-AUC]  -  SA: 0.00000,  LA: 0.57437
[Test AUPRC]  -  LA: 0.56206
[Test F1-max]  -  LA: 0.64865
Epoch: 23 | Loss: 2.2053634893381968e-05  | Negative Loss: 0.0
[Test ROC-AUC]  -  SA: 0.00000,  LA: 0.57407
[Test AUPRC]  -  LA: 0.55976
[Test F1-max]  -  LA: 0.64865
Epoch: 24 | Loss: 1.5974001144059002e-05  | Negative Loss: 0.0
[Test ROC-AUC]  -  SA: 0.00000,  LA: 0.57371
[Test AUPRC]  -  LA: 0.55747
[Test F1-max]  -  LA: 0.64865
Epoch: 25 | Loss: 1.1801696018665098e-05  | Negative Loss: 0.0
[Test ROC-AUC]  -  SA: 0.00000,  LA: 0.57377
[Test AUPRC]  -  LA: 0.55584
[Test F1-max]  -  LA: 0.65041
Epoch: 26 | Loss: 8.702265404281206e-06  | Negative Loss: 0.0
[Test ROC-AUC]  -  SA: 0.00000,  LA: 0.57323
[Test AUPRC]  -  LA: 0.55392
[Test F1-max]  -  LA: 0.65041
Epoch: 27 | Loss: 6.675712484138785e-06  | Negative Loss: 0.0
[Test ROC-AUC]  -  SA: 0.00000,  LA: 0.57407
[Test AUPRC]  -  LA: 0.55369
[Test F1-max]  -  LA: 0.64879
Epoch: 28 | Loss: 5.245204192760866e-06  | Negative Loss: 0.0
[Test ROC-AUC]  -  SA: 0.00000,  LA: 0.57248
[Test AUPRC]  -  LA: 0.55088
[Test F1-max]  -  LA: 0.64879
Epoch: 29 | Loss: 4.1723224057932384e-06  | Negative Loss: 0.0
[Test ROC-AUC]  -  SA: 0.00000,  LA: 0.57233
[Test AUPRC]  -  LA: 0.54924
[Test F1-max]  -  LA: 0.65229
Epoch: 30 | Loss: 3.3378582884324715e-06  | Negative Loss: 0.0
[Test ROC-AUC]  -  SA: 0.00000,  LA: 0.57263
[Test AUPRC]  -  LA: 0.54966
[Test F1-max]  -  LA: 0.65229
Epoch: 31 | Loss: 2.741812295425916e-06  | Negative Loss: 0.0
[Test ROC-AUC]  -  SA: 0.00000,  LA: 0.57224
[Test AUPRC]  -  LA: 0.54969
[Test F1-max]  -  LA: 0.65229
Epoch: 32 | Loss: 2.264975591970142e-06  | Negative Loss: 0.0
[Test ROC-AUC]  -  SA: 0.00000,  LA: 0.57198
[Test AUPRC]  -  LA: 0.54786
[Test F1-max]  -  LA: 0.65229
Epoch: 33 | Loss: 2.026557240242255e-06  | Negative Loss: 0.0
[Test ROC-AUC]  -  SA: 0.00000,  LA: 0.57117
[Test AUPRC]  -  LA: 0.54714
[Test F1-max]  -  LA: 0.65229
Epoch: 34 | Loss: 1.6689295989635866e-06  | Negative Loss: 0.0
[Test ROC-AUC]  -  SA: 0.00000,  LA: 0.57120
[Test AUPRC]  -  LA: 0.54700
[Test F1-max]  -  LA: 0.65229
Epoch: 35 | Loss: 1.3113019576849183e-06  | Negative Loss: 0.0
[Test ROC-AUC]  -  SA: 0.00000,  LA: 0.57084
[Test AUPRC]  -  LA: 0.54641
[Test F1-max]  -  LA: 0.65229
Epoch: 36 | Loss: 1.192092668134137e-06  | Negative Loss: 0.0
[Test ROC-AUC]  -  SA: 0.00000,  LA: 0.57120
[Test AUPRC]  -  LA: 0.54658
[Test F1-max]  -  LA: 0.65229
Epoch: 37 | Loss: 1.192092668134137e-06  | Negative Loss: 0.0
[Test ROC-AUC]  -  SA: 0.00000,  LA: 0.57093
[Test AUPRC]  -  LA: 0.54683
[Test F1-max]  -  LA: 0.65229
Epoch: 38 | Loss: 9.536742027194123e-07  | Negative Loss: 0.0
[Test ROC-AUC]  -  SA: 0.00000,  LA: 0.57039
[Test AUPRC]  -  LA: 0.54591
[Test F1-max]  -  LA: 0.65229
Epoch: 39 | Loss: 9.536742027194123e-07  | Negative Loss: 0.0
[Test ROC-AUC]  -  SA: 0.00000,  LA: 0.56988
[Test AUPRC]  -  LA: 0.54513
[Test F1-max]  -  LA: 0.65229
Epoch: 40 | Loss: 7.152556236178498e-07  | Negative Loss: 0.0
[Test ROC-AUC]  -  SA: 0.00000,  LA: 0.56994
[Test AUPRC]  -  LA: 0.54516
[Test F1-max]  -  LA: 0.65229
Epoch: 41 | Loss: 7.152556236178498e-07  | Negative Loss: 0.0
[Test ROC-AUC]  -  SA: 0.00000,  LA: 0.57033
[Test AUPRC]  -  LA: 0.54541
[Test F1-max]  -  LA: 0.65054
Epoch: 42 | Loss: 7.152556236178498e-07  | Negative Loss: 0.0
[Test ROC-AUC]  -  SA: 0.00000,  LA: 0.57042
[Test AUPRC]  -  LA: 0.54522
[Test F1-max]  -  LA: 0.64879
Epoch: 43 | Loss: 4.7683710135970614e-07  | Negative Loss: 0.0
[Test ROC-AUC]  -  SA: 0.00000,  LA: 0.56985
[Test AUPRC]  -  LA: 0.54417
[Test F1-max]  -  LA: 0.64879
Epoch: 44 | Loss: 3.576278402306343e-07  | Negative Loss: 0.0
[Test ROC-AUC]  -  SA: 0.00000,  LA: 0.56973
[Test AUPRC]  -  LA: 0.54387
[Test F1-max]  -  LA: 0.64879
Epoch: 45 | Loss: 3.576278402306343e-07  | Negative Loss: 0.0
[Test ROC-AUC]  -  SA: 0.00000,  LA: 0.56988
[Test AUPRC]  -  LA: 0.54413
[Test F1-max]  -  LA: 0.64879
Epoch: 46 | Loss: 3.576278402306343e-07  | Negative Loss: 0.0
[Test ROC-AUC]  -  SA: 0.00000,  LA: 0.56979
[Test AUPRC]  -  LA: 0.54398
[Test F1-max]  -  LA: 0.64879
Epoch: 47 | Loss: 3.576278402306343e-07  | Negative Loss: 0.0
[Test ROC-AUC]  -  SA: 0.00000,  LA: 0.57003
[Test AUPRC]  -  LA: 0.54394
[Test F1-max]  -  LA: 0.64879
Epoch: 48 | Loss: 3.576278402306343e-07  | Negative Loss: 0.0
[Test ROC-AUC]  -  SA: 0.00000,  LA: 0.56994
[Test AUPRC]  -  LA: 0.54378
[Test F1-max]  -  LA: 0.64879
Epoch: 49 | Loss: 3.576278402306343e-07  | Negative Loss: 0.0
[Test ROC-AUC]  -  SA: 0.00000,  LA: 0.56988
[Test AUPRC]  -  LA: 0.54367
[Test F1-max]  -  LA: 0.64879
Epoch: 50 | Loss: 3.576278402306343e-07  | Negative Loss: 0.0
[Test ROC-AUC]  -  SA: 0.00000,  LA: 0.56970
[Test AUPRC]  -  LA: 0.54332
[Test F1-max]  -  LA: 0.64879
Epoch: 51 | Loss: 3.576278402306343e-07  | Negative Loss: 0.0
[Test ROC-AUC]  -  SA: 0.00000,  LA: 0.56973
[Test AUPRC]  -  LA: 0.54353
[Test F1-max]  -  LA: 0.64879
Epoch: 52 | Loss: 3.576278402306343e-07  | Negative Loss: 0.0
[Test ROC-AUC]  -  SA: 0.00000,  LA: 0.56973
[Test AUPRC]  -  LA: 0.54373
[Test F1-max]  -  LA: 0.64865
Epoch: 53 | Loss: 3.576278402306343e-07  | Negative Loss: 0.0
[Test ROC-AUC]  -  SA: 0.00000,  LA: 0.56970
[Test AUPRC]  -  LA: 0.54363
[Test F1-max]  -  LA: 0.64865
Epoch: 54 | Loss: 3.576278402306343e-07  | Negative Loss: 0.0
[Test ROC-AUC]  -  SA: 0.00000,  LA: 0.56976
[Test AUPRC]  -  LA: 0.54387
[Test F1-max]  -  LA: 0.64865
Epoch: 55 | Loss: 3.576278402306343e-07  | Negative Loss: 0.0
[Test ROC-AUC]  -  SA: 0.00000,  LA: 0.56994
[Test AUPRC]  -  LA: 0.54391
[Test F1-max]  -  LA: 0.64865
Epoch: 56 | Loss: 2.3841856489070778e-07  | Negative Loss: 0.0
[Test ROC-AUC]  -  SA: 0.00000,  LA: 0.56970
[Test AUPRC]  -  LA: 0.54376
[Test F1-max]  -  LA: 0.64865
Epoch: 57 | Loss: 2.3841856489070778e-07  | Negative Loss: 0.0
[Test ROC-AUC]  -  SA: 0.00000,  LA: 0.56985
[Test AUPRC]  -  LA: 0.54396
[Test F1-max]  -  LA: 0.64865
Epoch: 58 | Loss: 2.3841856489070778e-07  | Negative Loss: 0.0
[Test ROC-AUC]  -  SA: 0.00000,  LA: 0.56976
[Test AUPRC]  -  LA: 0.54380
[Test F1-max]  -  LA: 0.64865
Epoch: 59 | Loss: 2.3841856489070778e-07  | Negative Loss: 0.0
[Test ROC-AUC]  -  SA: 0.00000,  LA: 0.56958
[Test AUPRC]  -  LA: 0.54368
[Test F1-max]  -  LA: 0.64865
Epoch: 60 | Loss: 2.3841856489070778e-07  | Negative Loss: 0.0
[Test ROC-AUC]  -  SA: 0.00000,  LA: 0.56958
[Test AUPRC]  -  LA: 0.54369
[Test F1-max]  -  LA: 0.64865
Epoch: 61 | Loss: 2.3841856489070778e-07  | Negative Loss: 0.0
[Test ROC-AUC]  -  SA: 0.00000,  LA: 0.56958
[Test AUPRC]  -  LA: 0.54579
[Test F1-max]  -  LA: 0.64865
Epoch: 62 | Loss: 2.3841856489070778e-07  | Negative Loss: 0.0
[Test ROC-AUC]  -  SA: 0.00000,  LA: 0.56976
[Test AUPRC]  -  LA: 0.54669
[Test F1-max]  -  LA: 0.64865
Epoch: 63 | Loss: 2.3841856489070778e-07  | Negative Loss: 0.0
[Test ROC-AUC]  -  SA: 0.00000,  LA: 0.56958
[Test AUPRC]  -  LA: 0.54635
[Test F1-max]  -  LA: 0.64865
Epoch: 64 | Loss: 2.3841856489070778e-07  | Negative Loss: 0.0
[Test ROC-AUC]  -  SA: 0.00000,  LA: 0.56973
[Test AUPRC]  -  LA: 0.54637
[Test F1-max]  -  LA: 0.64865
Epoch: 65 | Loss: 2.3841856489070778e-07  | Negative Loss: 0.0
[Test ROC-AUC]  -  SA: 0.00000,  LA: 0.56949
[Test AUPRC]  -  LA: 0.54611
[Test F1-max]  -  LA: 0.64865
Epoch: 66 | Loss: 2.3841856489070778e-07  | Negative Loss: 0.0
[Test ROC-AUC]  -  SA: 0.00000,  LA: 0.56946
[Test AUPRC]  -  LA: 0.54554
[Test F1-max]  -  LA: 0.64865
Epoch: 67 | Loss: 2.3841856489070778e-07  | Negative Loss: 0.0
[Test ROC-AUC]  -  SA: 0.00000,  LA: 0.56949
[Test AUPRC]  -  LA: 0.54532
[Test F1-max]  -  LA: 0.64865
Epoch: 68 | Loss: 2.3841856489070778e-07  | Negative Loss: 0.0
[Test ROC-AUC]  -  SA: 0.00000,  LA: 0.56946
[Test AUPRC]  -  LA: 0.54530
[Test F1-max]  -  LA: 0.64865
Epoch: 69 | Loss: 2.3841856489070778e-07  | Negative Loss: 0.0
[Test ROC-AUC]  -  SA: 0.00000,  LA: 0.56949
[Test AUPRC]  -  LA: 0.54532
[Test F1-max]  -  LA: 0.64865
Epoch: 70 | Loss: 2.3841856489070778e-07  | Negative Loss: 0.0
[Test ROC-AUC]  -  SA: 0.00000,  LA: 0.56961
[Test AUPRC]  -  LA: 0.54540
[Test F1-max]  -  LA: 0.64865
Epoch: 71 | Loss: 2.3841856489070778e-07  | Negative Loss: 0.0
[Test ROC-AUC]  -  SA: 0.00000,  LA: 0.56964
[Test AUPRC]  -  LA: 0.54547
[Test F1-max]  -  LA: 0.64865
Epoch: 72 | Loss: 2.3841856489070778e-07  | Negative Loss: 0.0
[Test ROC-AUC]  -  SA: 0.00000,  LA: 0.56973
[Test AUPRC]  -  LA: 0.54568
[Test F1-max]  -  LA: 0.64865
Epoch: 73 | Loss: 2.3841856489070778e-07  | Negative Loss: 0.0
[Test ROC-AUC]  -  SA: 0.00000,  LA: 0.56958
[Test AUPRC]  -  LA: 0.54574
[Test F1-max]  -  LA: 0.64865
Epoch: 74 | Loss: 2.3841856489070778e-07  | Negative Loss: 0.0
[Test ROC-AUC]  -  SA: 0.00000,  LA: 0.56955
[Test AUPRC]  -  LA: 0.54568
[Test F1-max]  -  LA: 0.64865
Epoch: 75 | Loss: 2.3841856489070778e-07  | Negative Loss: 0.0
[Test ROC-AUC]  -  SA: 0.00000,  LA: 0.56958
[Test AUPRC]  -  LA: 0.54567
[Test F1-max]  -  LA: 0.64865
Epoch: 76 | Loss: 2.3841856489070778e-07  | Negative Loss: 0.0
[Test ROC-AUC]  -  SA: 0.00000,  LA: 0.56952
[Test AUPRC]  -  LA: 0.54562
[Test F1-max]  -  LA: 0.64865
Epoch: 77 | Loss: 2.3841856489070778e-07  | Negative Loss: 0.0
[Test ROC-AUC]  -  SA: 0.00000,  LA: 0.56940
[Test AUPRC]  -  LA: 0.54557
[Test F1-max]  -  LA: 0.64865
Epoch: 78 | Loss: 2.3841856489070778e-07  | Negative Loss: 0.0
[Test ROC-AUC]  -  SA: 0.00000,  LA: 0.56934
[Test AUPRC]  -  LA: 0.54573
[Test F1-max]  -  LA: 0.64865
Epoch: 79 | Loss: 2.3841856489070778e-07  | Negative Loss: 0.0
[Test ROC-AUC]  -  SA: 0.00000,  LA: 0.56928
[Test AUPRC]  -  LA: 0.54566
[Test F1-max]  -  LA: 0.64865
Epoch: 80 | Loss: 2.3841856489070778e-07  | Negative Loss: 0.0
[Test ROC-AUC]  -  SA: 0.00000,  LA: 0.56949
[Test AUPRC]  -  LA: 0.54577
[Test F1-max]  -  LA: 0.64865
Epoch: 81 | Loss: 2.3841856489070778e-07  | Negative Loss: 0.0
[Test ROC-AUC]  -  SA: 0.00000,  LA: 0.56946
[Test AUPRC]  -  LA: 0.54573
[Test F1-max]  -  LA: 0.64865
Epoch: 82 | Loss: 2.3841856489070778e-07  | Negative Loss: 0.0
[Test ROC-AUC]  -  SA: 0.00000,  LA: 0.56958
[Test AUPRC]  -  LA: 0.54583
[Test F1-max]  -  LA: 0.64865
Epoch: 83 | Loss: 2.3841856489070778e-07  | Negative Loss: 0.0
[Test ROC-AUC]  -  SA: 0.00000,  LA: 0.56955
[Test AUPRC]  -  LA: 0.54581
[Test F1-max]  -  LA: 0.64865
Epoch: 84 | Loss: 2.3841856489070778e-07  | Negative Loss: 0.0
[Test ROC-AUC]  -  SA: 0.00000,  LA: 0.56970
[Test AUPRC]  -  LA: 0.54641
[Test F1-max]  -  LA: 0.64865
Epoch: 85 | Loss: 2.3841856489070778e-07  | Negative Loss: 0.0
[Test ROC-AUC]  -  SA: 0.00000,  LA: 0.56976
[Test AUPRC]  -  LA: 0.54648
[Test F1-max]  -  LA: 0.64865
Epoch: 86 | Loss: 2.3841856489070778e-07  | Negative Loss: 0.0
[Test ROC-AUC]  -  SA: 0.00000,  LA: 0.56982
[Test AUPRC]  -  LA: 0.54650
[Test F1-max]  -  LA: 0.64865
Epoch: 87 | Loss: 2.3841856489070778e-07  | Negative Loss: 0.0
[Test ROC-AUC]  -  SA: 0.00000,  LA: 0.56982
[Test AUPRC]  -  LA: 0.54650
[Test F1-max]  -  LA: 0.64865
Epoch: 88 | Loss: 2.3841856489070778e-07  | Negative Loss: 0.0
[Test ROC-AUC]  -  SA: 0.00000,  LA: 0.56982
[Test AUPRC]  -  LA: 0.54637
[Test F1-max]  -  LA: 0.64865
Epoch: 89 | Loss: 2.3841856489070778e-07  | Negative Loss: 0.0
[Test ROC-AUC]  -  SA: 0.00000,  LA: 0.56997
[Test AUPRC]  -  LA: 0.54651
[Test F1-max]  -  LA: 0.64865
Epoch: 90 | Loss: 2.3841856489070778e-07  | Negative Loss: 0.0
[Test ROC-AUC]  -  SA: 0.00000,  LA: 0.56994
[Test AUPRC]  -  LA: 0.54650
[Test F1-max]  -  LA: 0.64865
Epoch: 91 | Loss: 2.3841856489070778e-07  | Negative Loss: 0.0
[Test ROC-AUC]  -  SA: 0.00000,  LA: 0.56991
[Test AUPRC]  -  LA: 0.54667
[Test F1-max]  -  LA: 0.64865
Epoch: 92 | Loss: 2.3841856489070778e-07  | Negative Loss: 0.0
[Test ROC-AUC]  -  SA: 0.00000,  LA: 0.56976
[Test AUPRC]  -  LA: 0.54668
[Test F1-max]  -  LA: 0.64865
Epoch: 93 | Loss: 2.3841856489070778e-07  | Negative Loss: 0.0
[Test ROC-AUC]  -  SA: 0.00000,  LA: 0.56976
[Test AUPRC]  -  LA: 0.54668
[Test F1-max]  -  LA: 0.64865
Epoch: 94 | Loss: 1.1920928244535389e-07  | Negative Loss: 0.0
[Test ROC-AUC]  -  SA: 0.00000,  LA: 0.56973
[Test AUPRC]  -  LA: 0.54645
[Test F1-max]  -  LA: 0.64865
Epoch: 95 | Loss: 1.1920928244535389e-07  | Negative Loss: 0.0
[Test ROC-AUC]  -  SA: 0.00000,  LA: 0.56976
[Test AUPRC]  -  LA: 0.54646
[Test F1-max]  -  LA: 0.64865
Epoch: 96 | Loss: 1.1920928244535389e-07  | Negative Loss: 0.0
[Test ROC-AUC]  -  SA: 0.00000,  LA: 0.56976
[Test AUPRC]  -  LA: 0.54646
[Test F1-max]  -  LA: 0.64865
Epoch: 97 | Loss: 1.1920928244535389e-07  | Negative Loss: 0.0
[Test ROC-AUC]  -  SA: 0.00000,  LA: 0.56982
[Test AUPRC]  -  LA: 0.54646
[Test F1-max]  -  LA: 0.64865
Epoch: 98 | Loss: 1.1920928244535389e-07  | Negative Loss: 0.0
[Test ROC-AUC]  -  SA: 0.00000,  LA: 0.56988
[Test AUPRC]  -  LA: 0.54649
[Test F1-max]  -  LA: 0.64865
Epoch: 99 | Loss: 1.1920928244535389e-07  | Negative Loss: 0.0
Time consumption: 183.98459124565125
Best LA AUC: 0.5761636951058993
Best LA AUPC: 0.5703113166342032
Best LA F1-max: 0.6522911051212938
[Result] Experiment result appended to ./results/train_hybrid_result.csv

[END] 2026-03-18 17:29:22
[RETURN CODE] 0
