[START] 2026-03-18 18:05:02
[GPU] 1
[TASK] 62/120
[NAME] banana_juice_winclip
[REPEAT] 2/10
[COMMAND] python train_hybrid.py --data_name banana_juice --mask True --text True --double_encoder True --few_shot True --shot 1 --hybrid_model winclip --hybrid_weight 0.3 --hybrid_batch_size 16 --epoch 100 --log True --lr 5e-4 --detection True --preprocess True

/home/seungeon/miniconda3/envs/LAB/lib/python3.10/site-packages/timm/models/layers/__init__.py:48: FutureWarning: Importing from timm.models.layers is deprecated, please import via timm.layers
  warnings.warn(f"Importing from {__name__} is deprecated, please import via timm.layers", FutureWarning)
/home/seungeon/Workspace/side/vlm/train_hybrid.py:18: DeprecationWarning: The distutils package is deprecated and slated for removal in Python 3.12. Use setuptools or check PEP 632 for potential alternatives
  from distutils.util import strtobool
Torch version: 2.9.1+cu128
cuda is loaded for process
here?
In my local computer
Namespace(epoch=100, gpu_number='0', data_name='banana_juice', lr=0.0005, batch_size=6, shuffle=True, seed=0, tag='default', model_name='ViT-B-32', pretrained_name='laion2b_s34b_b79k', lora=1, default=False, foundation='CLIP', detection=1, preprocess=1, num_rule=0, object_names=['a banana picture label', 'a 100% text label', 'a bottle cap', 'a black background'], objects_for_rules=[['a banana picture label'], ['a banana picture label', 'a 100% text label'], ['a banana picture label'], ['a 100% text label'], ['a banana picture label', 'a 100% text label']], texts_for_rules=[['a photo of banana picture label'], ['a photo of banana picture label and 100% text label'], ['a photo of banana picture label'], ['a photo of 100% text label'], ['a photo of banana picture label and 100% text label']], mask=1, text=1, score='mean', ciriculam_learning=False, few_shot=1, shot=1, log=1, neg_loss=0, double_encoder=1, pretrained_count_path=None, ris=0, rule_select='', rule_list=[], num_negative=5, hybrid_model='winclip', hybrid_weight=0.3, hybrid_class_name='', hybrid_batch_size=16, hybrid_backbone='ViT-B-16-plus-240', hybrid_pretrained_dataset='laion400m_e32', hybrid_scales=[2, 3], hybrid_img_resize=240, hybrid_img_cropsize=240, hybrid_resolution=400, hybrid_promptad_epoch=100, hybrid_promptad_lr=0.002, hybrid_promptad_momentum=0.9, hybrid_promptad_weight_decay=0.0005, hybrid_promptad_eta_min=1e-05, hybrid_promptad_lambda1=0.001, hybrid_promptad_n_ctx=4, hybrid_promptad_n_pro=3, hybrid_promptad_n_ctx_ab=1, hybrid_promptad_n_pro_ab=4, early_stop_k=10, result_log_path='./results/train_hybrid_result.csv')
[Hybrid] method=winclip, class_name=juice_bottle, train=1, eval=85, base_path=/data3/seungeon/data/image/mvtec_loco_anomaly_detection/banana_juice
grid 240 16 (15, 15)
[Hybrid-only] LA_AUC=0.63869, LA_AUPRC=0.42756, LA_F1=0.66667
[Data Description]
- Train: 1
- Test: 85

Train Start
[Test ROC-AUC]  -  SA: 0.00000,  LA: 0.54429
[Test AUPRC]  -  LA: 0.36854
[Test F1-max]  -  LA: 0.62745
Epoch: 0 | Loss: 7.934332847595215  | Negative Loss: 0.0
[Test ROC-AUC]  -  SA: 0.00000,  LA: 0.54604
[Test AUPRC]  -  LA: 0.36887
[Test F1-max]  -  LA: 0.62857
Epoch: 1 | Loss: 7.836968898773193  | Negative Loss: 0.0
[Test ROC-AUC]  -  SA: 0.00000,  LA: 0.59266
[Test AUPRC]  -  LA: 0.39760
[Test F1-max]  -  LA: 0.65909
Epoch: 2 | Loss: 6.731921672821045  | Negative Loss: 0.0
[Test ROC-AUC]  -  SA: 0.00000,  LA: 0.71911
[Test AUPRC]  -  LA: 0.53500
[Test F1-max]  -  LA: 0.66667
Epoch: 3 | Loss: 5.045207977294922  | Negative Loss: 0.0
[Test ROC-AUC]  -  SA: 0.00000,  LA: 0.78904
[Test AUPRC]  -  LA: 0.68406
[Test F1-max]  -  LA: 0.70423
Epoch: 4 | Loss: 3.199519157409668  | Negative Loss: 0.0
[Test ROC-AUC]  -  SA: 0.00000,  LA: 0.80186
[Test AUPRC]  -  LA: 0.71352
[Test F1-max]  -  LA: 0.70423
Epoch: 5 | Loss: 1.8491137027740479  | Negative Loss: 0.0
[Test ROC-AUC]  -  SA: 0.00000,  LA: 0.81177
[Test AUPRC]  -  LA: 0.73722
[Test F1-max]  -  LA: 0.71429
Epoch: 6 | Loss: 1.0231077671051025  | Negative Loss: 0.0
[Test ROC-AUC]  -  SA: 0.00000,  LA: 0.81643
[Test AUPRC]  -  LA: 0.74469
[Test F1-max]  -  LA: 0.69565
Epoch: 7 | Loss: 0.5445622205734253  | Negative Loss: 0.0
[Test ROC-AUC]  -  SA: 0.00000,  LA: 0.82168
[Test AUPRC]  -  LA: 0.76024
[Test F1-max]  -  LA: 0.69697
Epoch: 8 | Loss: 0.2795996069908142  | Negative Loss: 0.0
[Test ROC-AUC]  -  SA: 0.00000,  LA: 0.82809
[Test AUPRC]  -  LA: 0.77456
[Test F1-max]  -  LA: 0.71111
Epoch: 9 | Loss: 0.13932567834854126  | Negative Loss: 0.0
[Test ROC-AUC]  -  SA: 0.00000,  LA: 0.83683
[Test AUPRC]  -  LA: 0.78006
[Test F1-max]  -  LA: 0.72527
Epoch: 10 | Loss: 0.0705360695719719  | Negative Loss: 0.0
[Test ROC-AUC]  -  SA: 0.00000,  LA: 0.83916
[Test AUPRC]  -  LA: 0.78081
[Test F1-max]  -  LA: 0.73333
Epoch: 11 | Loss: 0.036126621067523956  | Negative Loss: 0.0
[Test ROC-AUC]  -  SA: 0.00000,  LA: 0.83858
[Test AUPRC]  -  LA: 0.77830
[Test F1-max]  -  LA: 0.73333
Epoch: 12 | Loss: 0.01895885542035103  | Negative Loss: 0.0
[Test ROC-AUC]  -  SA: 0.00000,  LA: 0.84615
[Test AUPRC]  -  LA: 0.78445
[Test F1-max]  -  LA: 0.74157
Epoch: 13 | Loss: 0.010240164585411549  | Negative Loss: 0.0
[Test ROC-AUC]  -  SA: 0.00000,  LA: 0.85490
[Test AUPRC]  -  LA: 0.79335
[Test F1-max]  -  LA: 0.75862
Epoch: 14 | Loss: 0.005670266225934029  | Negative Loss: 0.0
[Test ROC-AUC]  -  SA: 0.00000,  LA: 0.85956
[Test AUPRC]  -  LA: 0.79520
[Test F1-max]  -  LA: 0.76190
Epoch: 15 | Loss: 0.0032096561044454575  | Negative Loss: 0.0
[Test ROC-AUC]  -  SA: 0.00000,  LA: 0.85723
[Test AUPRC]  -  LA: 0.79082
[Test F1-max]  -  LA: 0.76190
Epoch: 16 | Loss: 0.0018593366257846355  | Negative Loss: 0.0
[Test ROC-AUC]  -  SA: 0.00000,  LA: 0.85023
[Test AUPRC]  -  LA: 0.77389
[Test F1-max]  -  LA: 0.75294
Epoch: 17 | Loss: 0.0011049921158701181  | Negative Loss: 0.0
[Test ROC-AUC]  -  SA: 0.00000,  LA: 0.84907
[Test AUPRC]  -  LA: 0.76782
[Test F1-max]  -  LA: 0.75000
Epoch: 18 | Loss: 0.0006741753313690424  | Negative Loss: 0.0
[Test ROC-AUC]  -  SA: 0.00000,  LA: 0.84557
[Test AUPRC]  -  LA: 0.76189
[Test F1-max]  -  LA: 0.75000
Epoch: 19 | Loss: 0.00042185356141999364  | Negative Loss: 0.0
[Test ROC-AUC]  -  SA: 0.00000,  LA: 0.84324
[Test AUPRC]  -  LA: 0.75058
[Test F1-max]  -  LA: 0.75000
Epoch: 20 | Loss: 0.0002707128005567938  | Negative Loss: 0.0
[Test ROC-AUC]  -  SA: 0.00000,  LA: 0.83683
[Test AUPRC]  -  LA: 0.73192
[Test F1-max]  -  LA: 0.75000
Epoch: 21 | Loss: 0.00017821291112340987  | Negative Loss: 0.0
[Test ROC-AUC]  -  SA: 0.00000,  LA: 0.82925
[Test AUPRC]  -  LA: 0.71945
[Test F1-max]  -  LA: 0.75000
Epoch: 22 | Loss: 0.00012004149903077632  | Negative Loss: 0.0
[Test ROC-AUC]  -  SA: 0.00000,  LA: 0.82809
[Test AUPRC]  -  LA: 0.71371
[Test F1-max]  -  LA: 0.74157
Epoch: 23 | Loss: 8.249175880337134e-05  | Negative Loss: 0.0
[Test ROC-AUC]  -  SA: 0.00000,  LA: 0.82401
[Test AUPRC]  -  LA: 0.70075
[Test F1-max]  -  LA: 0.73810
Epoch: 24 | Loss: 5.781597428722307e-05  | Negative Loss: 0.0
[Test ROC-AUC]  -  SA: 0.00000,  LA: 0.81760
[Test AUPRC]  -  LA: 0.67090
[Test F1-max]  -  LA: 0.73810
[Early Stopping] LA AUROC dropped for 10 consecutive epochs. Stop at epoch 26/100.
Time consumption: 24.476724863052368
Best LA AUC: 0.8595571095571095
Best LA AUPC: 0.7952009960067946
Best LA F1-max: 0.761904761904762
[Result] Experiment result appended to ./results/train_hybrid_result.csv

[END] 2026-03-18 18:07:32
[RETURN CODE] 0
