[START] 2026-03-18 17:39:00
[GPU] 1
[TASK] 43/120
[NAME] pushpins_winclip
[REPEAT] 3/10
[COMMAND] python train_hybrid.py --data_name pushpins --mask True --text True --double_encoder True --few_shot True --shot 1 --hybrid_model winclip --hybrid_weight 0.3 --hybrid_batch_size 16 --epoch 100 --log True --lr 5e-4 --detection True --preprocess True

/home/seungeon/miniconda3/envs/LAB/lib/python3.10/site-packages/timm/models/layers/__init__.py:48: FutureWarning: Importing from timm.models.layers is deprecated, please import via timm.layers
  warnings.warn(f"Importing from {__name__} is deprecated, please import via timm.layers", FutureWarning)
/home/seungeon/Workspace/side/vlm/train_hybrid.py:18: DeprecationWarning: The distutils package is deprecated and slated for removal in Python 3.12. Use setuptools or check PEP 632 for potential alternatives
  from distutils.util import strtobool
Torch version: 2.9.1+cu128
cuda is loaded for process
here?
In my local computer
Namespace(epoch=100, gpu_number='0', data_name='pushpins', lr=0.0005, batch_size=6, shuffle=True, seed=0, tag='default', model_name='ViT-B-32', pretrained_name='laion2b_s34b_b79k', lora=1, default=False, foundation='CLIP', detection=1, preprocess=1, num_rule=0, object_names=['yellow pushpin with metal point', 'plastic case', 'partition', 'blank'], objects_for_rules=[['yellow pushpin with metal point'], ['yellow pushpin with metal point', 'plastic case'], ['yellow pushpin with metal point'], ['yellow pushpin with metal point', 'plastic case'], ['plastic case']], texts_for_rules=[['yellow pushpin with metal point'], ['yellow pushpin with metal point and plastic case'], ['yellow pushpin with metal point'], ['yellow pushpin with metal point and plastic case'], ['plastic case']], mask=1, text=1, score='mean', ciriculam_learning=False, few_shot=1, shot=1, log=1, neg_loss=0, double_encoder=1, pretrained_count_path=None, ris=0, rule_select='', rule_list=[], num_negative=5, hybrid_model='winclip', hybrid_weight=0.3, hybrid_class_name='', hybrid_batch_size=16, hybrid_backbone='ViT-B-16-plus-240', hybrid_pretrained_dataset='laion400m_e32', hybrid_scales=[2, 3], hybrid_img_resize=240, hybrid_img_cropsize=240, hybrid_resolution=400, hybrid_promptad_epoch=100, hybrid_promptad_lr=0.002, hybrid_promptad_momentum=0.9, hybrid_promptad_weight_decay=0.0005, hybrid_promptad_eta_min=1e-05, hybrid_promptad_lambda1=0.001, hybrid_promptad_n_ctx=4, hybrid_promptad_n_pro=3, hybrid_promptad_n_ctx_ab=1, hybrid_promptad_n_pro_ab=4, early_stop_k=10, result_log_path='./results/train_hybrid_result.csv')
[Hybrid] method=winclip, class_name=pushpins, train=1, eval=229, base_path=/data3/seungeon/data/image/mvtec_loco_anomaly_detection/pushpins
grid 240 16 (15, 15)
[Hybrid-only] LA_AUC=0.56777, LA_AUPRC=0.62246, LA_F1=0.77011
[Data Description]
- Train: 1
- Test: 229

Train Start
[Test ROC-AUC]  -  SA: 0.00000,  LA: 0.57143
[Test AUPRC]  -  LA: 0.63244
[Test F1-max]  -  LA: 0.75691
Epoch: 0 | Loss: 11.375804901123047  | Negative Loss: 0.0
[Test ROC-AUC]  -  SA: 0.00000,  LA: 0.56649
[Test AUPRC]  -  LA: 0.62919
[Test F1-max]  -  LA: 0.75691
Epoch: 1 | Loss: 11.250738143920898  | Negative Loss: 0.0
[Test ROC-AUC]  -  SA: 0.00000,  LA: 0.55956
[Test AUPRC]  -  LA: 0.62344
[Test F1-max]  -  LA: 0.75691
Epoch: 2 | Loss: 9.614794731140137  | Negative Loss: 0.0
[Test ROC-AUC]  -  SA: 0.00000,  LA: 0.55383
[Test AUPRC]  -  LA: 0.61788
[Test F1-max]  -  LA: 0.75862
Epoch: 3 | Loss: 7.127394676208496  | Negative Loss: 0.0
[Test ROC-AUC]  -  SA: 0.00000,  LA: 0.54603
[Test AUPRC]  -  LA: 0.62212
[Test F1-max]  -  LA: 0.76243
Epoch: 4 | Loss: 4.480578422546387  | Negative Loss: 0.0
[Test ROC-AUC]  -  SA: 0.00000,  LA: 0.56609
[Test AUPRC]  -  LA: 0.62575
[Test F1-max]  -  LA: 0.76033
Epoch: 5 | Loss: 2.52817440032959  | Negative Loss: 0.0
[Test ROC-AUC]  -  SA: 0.00000,  LA: 0.57875
[Test AUPRC]  -  LA: 0.62049
[Test F1-max]  -  LA: 0.76033
Epoch: 6 | Loss: 1.450281023979187  | Negative Loss: 0.0
[Test ROC-AUC]  -  SA: 0.00000,  LA: 0.58481
[Test AUPRC]  -  LA: 0.62045
[Test F1-max]  -  LA: 0.76667
Epoch: 7 | Loss: 0.8595942854881287  | Negative Loss: 0.0
[Test ROC-AUC]  -  SA: 0.00000,  LA: 0.58624
[Test AUPRC]  -  LA: 0.62715
[Test F1-max]  -  LA: 0.77015
Epoch: 8 | Loss: 0.5089040398597717  | Negative Loss: 0.0
[Test ROC-AUC]  -  SA: 0.00000,  LA: 0.58879
[Test AUPRC]  -  LA: 0.63749
[Test F1-max]  -  LA: 0.77381
Epoch: 9 | Loss: 0.28257274627685547  | Negative Loss: 0.0
[Test ROC-AUC]  -  SA: 0.00000,  LA: 0.59126
[Test AUPRC]  -  LA: 0.64336
[Test F1-max]  -  LA: 0.77183
Epoch: 10 | Loss: 0.15084417164325714  | Negative Loss: 0.0
[Test ROC-AUC]  -  SA: 0.00000,  LA: 0.59317
[Test AUPRC]  -  LA: 0.64524
[Test F1-max]  -  LA: 0.77183
Epoch: 11 | Loss: 0.081693634390831  | Negative Loss: 0.0
[Test ROC-AUC]  -  SA: 0.00000,  LA: 0.59683
[Test AUPRC]  -  LA: 0.65085
[Test F1-max]  -  LA: 0.77183
Epoch: 12 | Loss: 0.04655180498957634  | Negative Loss: 0.0
[Test ROC-AUC]  -  SA: 0.00000,  LA: 0.59818
[Test AUPRC]  -  LA: 0.65333
[Test F1-max]  -  LA: 0.77401
Epoch: 13 | Loss: 0.027774592861533165  | Negative Loss: 0.0
[Test ROC-AUC]  -  SA: 0.00000,  LA: 0.60097
[Test AUPRC]  -  LA: 0.66327
[Test F1-max]  -  LA: 0.77401
Epoch: 14 | Loss: 0.017303042113780975  | Negative Loss: 0.0
[Test ROC-AUC]  -  SA: 0.00000,  LA: 0.60567
[Test AUPRC]  -  LA: 0.67156
[Test F1-max]  -  LA: 0.77401
Epoch: 15 | Loss: 0.011128013022243977  | Negative Loss: 0.0
[Test ROC-AUC]  -  SA: 0.00000,  LA: 0.60885
[Test AUPRC]  -  LA: 0.67435
[Test F1-max]  -  LA: 0.77401
Epoch: 16 | Loss: 0.007349950261414051  | Negative Loss: 0.0
[Test ROC-AUC]  -  SA: 0.00000,  LA: 0.61315
[Test AUPRC]  -  LA: 0.67833
[Test F1-max]  -  LA: 0.77401
Epoch: 17 | Loss: 0.004985303618013859  | Negative Loss: 0.0
[Test ROC-AUC]  -  SA: 0.00000,  LA: 0.61523
[Test AUPRC]  -  LA: 0.68035
[Test F1-max]  -  LA: 0.77528
Epoch: 18 | Loss: 0.003450827207416296  | Negative Loss: 0.0
[Test ROC-AUC]  -  SA: 0.00000,  LA: 0.61690
[Test AUPRC]  -  LA: 0.68179
[Test F1-max]  -  LA: 0.77746
Epoch: 19 | Loss: 0.002429612446576357  | Negative Loss: 0.0
[Test ROC-AUC]  -  SA: 0.00000,  LA: 0.62072
[Test AUPRC]  -  LA: 0.68787
[Test F1-max]  -  LA: 0.77746
Epoch: 20 | Loss: 0.001736098900437355  | Negative Loss: 0.0
[Test ROC-AUC]  -  SA: 0.00000,  LA: 0.62367
[Test AUPRC]  -  LA: 0.69070
[Test F1-max]  -  LA: 0.77746
Epoch: 21 | Loss: 0.001256683492101729  | Negative Loss: 0.0
[Test ROC-AUC]  -  SA: 0.00000,  LA: 0.62773
[Test AUPRC]  -  LA: 0.69254
[Test F1-max]  -  LA: 0.77746
Epoch: 22 | Loss: 0.000924601627048105  | Negative Loss: 0.0
[Test ROC-AUC]  -  SA: 0.00000,  LA: 0.63051
[Test AUPRC]  -  LA: 0.69421
[Test F1-max]  -  LA: 0.77746
Epoch: 23 | Loss: 0.00069133669603616  | Negative Loss: 0.0
[Test ROC-AUC]  -  SA: 0.00000,  LA: 0.63290
[Test AUPRC]  -  LA: 0.69462
[Test F1-max]  -  LA: 0.77746
Epoch: 24 | Loss: 0.0005252397386357188  | Negative Loss: 0.0
[Test ROC-AUC]  -  SA: 0.00000,  LA: 0.63450
[Test AUPRC]  -  LA: 0.69619
[Test F1-max]  -  LA: 0.77746
Epoch: 25 | Loss: 0.00040548000833950937  | Negative Loss: 0.0
[Test ROC-AUC]  -  SA: 0.00000,  LA: 0.63673
[Test AUPRC]  -  LA: 0.69992
[Test F1-max]  -  LA: 0.77966
Epoch: 26 | Loss: 0.000317530008032918  | Negative Loss: 0.0
[Test ROC-AUC]  -  SA: 0.00000,  LA: 0.63840
[Test AUPRC]  -  LA: 0.69889
[Test F1-max]  -  LA: 0.77966
Epoch: 27 | Loss: 0.0002519807021599263  | Negative Loss: 0.0
[Test ROC-AUC]  -  SA: 0.00000,  LA: 0.63935
[Test AUPRC]  -  LA: 0.69793
[Test F1-max]  -  LA: 0.77966
Epoch: 28 | Loss: 0.0002031144395004958  | Negative Loss: 0.0
[Test ROC-AUC]  -  SA: 0.00000,  LA: 0.63888
[Test AUPRC]  -  LA: 0.69975
[Test F1-max]  -  LA: 0.77746
Epoch: 29 | Loss: 0.000165569523232989  | Negative Loss: 0.0
[Test ROC-AUC]  -  SA: 0.00000,  LA: 0.64079
[Test AUPRC]  -  LA: 0.70091
[Test F1-max]  -  LA: 0.77746
Epoch: 30 | Loss: 0.000136724702315405  | Negative Loss: 0.0
[Test ROC-AUC]  -  SA: 0.00000,  LA: 0.64206
[Test AUPRC]  -  LA: 0.70097
[Test F1-max]  -  LA: 0.77746
Epoch: 31 | Loss: 0.00011431584425736219  | Negative Loss: 0.0
[Test ROC-AUC]  -  SA: 0.00000,  LA: 0.64286
[Test AUPRC]  -  LA: 0.70185
[Test F1-max]  -  LA: 0.77746
Epoch: 32 | Loss: 9.643611701903865e-05  | Negative Loss: 0.0
[Test ROC-AUC]  -  SA: 0.00000,  LA: 0.64278
[Test AUPRC]  -  LA: 0.70232
[Test F1-max]  -  LA: 0.77746
Epoch: 33 | Loss: 8.248974336311221e-05  | Negative Loss: 0.0
[Test ROC-AUC]  -  SA: 0.00000,  LA: 0.64206
[Test AUPRC]  -  LA: 0.70145
[Test F1-max]  -  LA: 0.77620
Epoch: 34 | Loss: 7.104644464561716e-05  | Negative Loss: 0.0
[Test ROC-AUC]  -  SA: 0.00000,  LA: 0.64238
[Test AUPRC]  -  LA: 0.70182
[Test F1-max]  -  LA: 0.77528
Epoch: 35 | Loss: 6.198708433657885e-05  | Negative Loss: 0.0
[Test ROC-AUC]  -  SA: 0.00000,  LA: 0.64230
[Test AUPRC]  -  LA: 0.70182
[Test F1-max]  -  LA: 0.77746
Epoch: 36 | Loss: 5.435808634501882e-05  | Negative Loss: 0.0
[Test ROC-AUC]  -  SA: 0.00000,  LA: 0.64270
[Test AUPRC]  -  LA: 0.70288
[Test F1-max]  -  LA: 0.77311
Epoch: 37 | Loss: 4.827869634027593e-05  | Negative Loss: 0.0
[Test ROC-AUC]  -  SA: 0.00000,  LA: 0.64174
[Test AUPRC]  -  LA: 0.70274
[Test F1-max]  -  LA: 0.77311
Epoch: 38 | Loss: 4.3152907892363146e-05  | Negative Loss: 0.0
[Test ROC-AUC]  -  SA: 0.00000,  LA: 0.64087
[Test AUPRC]  -  LA: 0.70233
[Test F1-max]  -  LA: 0.77311
Epoch: 39 | Loss: 3.874232788803056e-05  | Negative Loss: 0.0
[Test ROC-AUC]  -  SA: 0.00000,  LA: 0.63983
[Test AUPRC]  -  LA: 0.70176
[Test F1-max]  -  LA: 0.77311
Epoch: 40 | Loss: 3.516617289278656e-05  | Negative Loss: 0.0
[Test ROC-AUC]  -  SA: 0.00000,  LA: 0.63959
[Test AUPRC]  -  LA: 0.70232
[Test F1-max]  -  LA: 0.77311
Epoch: 41 | Loss: 3.2066825951915234e-05  | Negative Loss: 0.0
[Test ROC-AUC]  -  SA: 0.00000,  LA: 0.63919
[Test AUPRC]  -  LA: 0.70278
[Test F1-max]  -  LA: 0.77095
Epoch: 42 | Loss: 2.9563505449914373e-05  | Negative Loss: 0.0
[Test ROC-AUC]  -  SA: 0.00000,  LA: 0.63816
[Test AUPRC]  -  LA: 0.70244
[Test F1-max]  -  LA: 0.77095
Epoch: 43 | Loss: 2.7179377866559662e-05  | Negative Loss: 0.0
[Test ROC-AUC]  -  SA: 0.00000,  LA: 0.63752
[Test AUPRC]  -  LA: 0.70260
[Test F1-max]  -  LA: 0.77095
Epoch: 44 | Loss: 2.5391282179043628e-05  | Negative Loss: 0.0
[Test ROC-AUC]  -  SA: 0.00000,  LA: 0.63649
[Test AUPRC]  -  LA: 0.70017
[Test F1-max]  -  LA: 0.77095
Epoch: 45 | Loss: 2.3603182853548788e-05  | Negative Loss: 0.0
[Test ROC-AUC]  -  SA: 0.00000,  LA: 0.63657
[Test AUPRC]  -  LA: 0.70042
[Test F1-max]  -  LA: 0.77311
Epoch: 46 | Loss: 2.229190977232065e-05  | Negative Loss: 0.0
[Test ROC-AUC]  -  SA: 0.00000,  LA: 0.63593
[Test AUPRC]  -  LA: 0.70010
[Test F1-max]  -  LA: 0.77311
Epoch: 47 | Loss: 2.086142558255233e-05  | Negative Loss: 0.0
[Test ROC-AUC]  -  SA: 0.00000,  LA: 0.63545
[Test AUPRC]  -  LA: 0.69954
[Test F1-max]  -  LA: 0.77311
Epoch: 48 | Loss: 1.9788561985478736e-05  | Negative Loss: 0.0
[Test ROC-AUC]  -  SA: 0.00000,  LA: 0.63541
[Test AUPRC]  -  LA: 0.69940
[Test F1-max]  -  LA: 0.77095
Epoch: 49 | Loss: 1.871569656941574e-05  | Negative Loss: 0.0
[Test ROC-AUC]  -  SA: 0.00000,  LA: 0.63466
[Test AUPRC]  -  LA: 0.69898
[Test F1-max]  -  LA: 0.77095
Epoch: 50 | Loss: 1.78812460944755e-05  | Negative Loss: 0.0
[Test ROC-AUC]  -  SA: 0.00000,  LA: 0.63362
[Test AUPRC]  -  LA: 0.69838
[Test F1-max]  -  LA: 0.77095
Epoch: 51 | Loss: 1.692758632998448e-05  | Negative Loss: 0.0
[Test ROC-AUC]  -  SA: 0.00000,  LA: 0.63330
[Test AUPRC]  -  LA: 0.69832
[Test F1-max]  -  LA: 0.77095
Epoch: 52 | Loss: 1.633154897717759e-05  | Negative Loss: 0.0
[Test ROC-AUC]  -  SA: 0.00000,  LA: 0.63298
[Test AUPRC]  -  LA: 0.69863
[Test F1-max]  -  LA: 0.77095
Epoch: 53 | Loss: 1.5616304153809324e-05  | Negative Loss: 0.0
[Test ROC-AUC]  -  SA: 0.00000,  LA: 0.63227
[Test AUPRC]  -  LA: 0.69818
[Test F1-max]  -  LA: 0.77095
Epoch: 54 | Loss: 1.5139474271563813e-05  | Negative Loss: 0.0
[Test ROC-AUC]  -  SA: 0.00000,  LA: 0.63211
[Test AUPRC]  -  LA: 0.69813
[Test F1-max]  -  LA: 0.77095
Epoch: 55 | Loss: 1.46626434798236e-05  | Negative Loss: 0.0
[Test ROC-AUC]  -  SA: 0.00000,  LA: 0.63179
[Test AUPRC]  -  LA: 0.69825
[Test F1-max]  -  LA: 0.76880
[Early Stopping] LA AUROC dropped for 10 consecutive epochs. Stop at epoch 57/100.
Time consumption: 78.51103210449219
Best LA AUC: 0.6428571428571428
Best LA AUPC: 0.7028809379370607
Best LA F1-max: 0.7796610169491525
[Result] Experiment result appended to ./results/train_hybrid_result.csv

[END] 2026-03-18 17:44:07
[RETURN CODE] 0
