[START] 2026-03-18 17:54:39
[GPU] 1
[TASK] 52/120
[NAME] pushpins_promptad
[REPEAT] 2/10
[COMMAND] python train_hybrid.py --data_name pushpins --mask True --text True --double_encoder True --few_shot True --shot 1 --hybrid_model promptad --hybrid_weight 0.3 --hybrid_batch_size 16 --epoch 100 --log True --lr 5e-4 --detection True --preprocess True

/home/seungeon/miniconda3/envs/LAB/lib/python3.10/site-packages/timm/models/layers/__init__.py:48: FutureWarning: Importing from timm.models.layers is deprecated, please import via timm.layers
  warnings.warn(f"Importing from {__name__} is deprecated, please import via timm.layers", FutureWarning)
/home/seungeon/Workspace/side/vlm/train_hybrid.py:18: DeprecationWarning: The distutils package is deprecated and slated for removal in Python 3.12. Use setuptools or check PEP 632 for potential alternatives
  from distutils.util import strtobool
Torch version: 2.9.1+cu128
cuda is loaded for process
here?
In my local computer
Namespace(epoch=100, gpu_number='0', data_name='pushpins', lr=0.0005, batch_size=6, shuffle=True, seed=0, tag='default', model_name='ViT-B-32', pretrained_name='laion2b_s34b_b79k', lora=1, default=False, foundation='CLIP', detection=1, preprocess=1, num_rule=0, object_names=['yellow pushpin with metal point', 'plastic case', 'partition', 'blank'], objects_for_rules=[['yellow pushpin with metal point'], ['yellow pushpin with metal point', 'plastic case'], ['yellow pushpin with metal point'], ['yellow pushpin with metal point', 'plastic case'], ['plastic case']], texts_for_rules=[['yellow pushpin with metal point'], ['yellow pushpin with metal point and plastic case'], ['yellow pushpin with metal point'], ['yellow pushpin with metal point and plastic case'], ['plastic case']], mask=1, text=1, score='mean', ciriculam_learning=False, few_shot=1, shot=1, log=1, neg_loss=0, double_encoder=1, pretrained_count_path=None, ris=0, rule_select='', rule_list=[], num_negative=5, hybrid_model='promptad', hybrid_weight=0.3, hybrid_class_name='', hybrid_batch_size=16, hybrid_backbone='ViT-B-16-plus-240', hybrid_pretrained_dataset='laion400m_e32', hybrid_scales=[2, 3], hybrid_img_resize=240, hybrid_img_cropsize=240, hybrid_resolution=400, hybrid_promptad_epoch=100, hybrid_promptad_lr=0.002, hybrid_promptad_momentum=0.9, hybrid_promptad_weight_decay=0.0005, hybrid_promptad_eta_min=1e-05, hybrid_promptad_lambda1=0.001, hybrid_promptad_n_ctx=4, hybrid_promptad_n_pro=3, hybrid_promptad_n_ctx_ab=1, hybrid_promptad_n_pro_ab=4, early_stop_k=10, result_log_path='./results/train_hybrid_result.csv')
[Hybrid] method=promptad, class_name=pushpins, train=1, eval=229, base_path=/data3/seungeon/data/image/mvtec_loco_anomaly_detection/pushpins
[Hybrid-only] LA_AUC=0.49813, LA_AUPRC=0.60499, LA_F1=0.76667
[Data Description]
- Train: 1
- Test: 229

Train Start
[Test ROC-AUC]  -  SA: 0.00000,  LA: 0.52365
[Test AUPRC]  -  LA: 0.61598
[Test F1-max]  -  LA: 0.75630
Epoch: 0 | Loss: 5.596210479736328  | Negative Loss: 0.0
[Test ROC-AUC]  -  SA: 0.00000,  LA: 0.52397
[Test AUPRC]  -  LA: 0.61596
[Test F1-max]  -  LA: 0.75482
Epoch: 1 | Loss: 5.519134521484375  | Negative Loss: 0.0
[Test ROC-AUC]  -  SA: 0.00000,  LA: 0.53902
[Test AUPRC]  -  LA: 0.63416
[Test F1-max]  -  LA: 0.76190
Epoch: 2 | Loss: 4.488166332244873  | Negative Loss: 0.0
[Test ROC-AUC]  -  SA: 0.00000,  LA: 0.55932
[Test AUPRC]  -  LA: 0.66494
[Test F1-max]  -  LA: 0.76111
Epoch: 3 | Loss: 3.0571539402008057  | Negative Loss: 0.0
[Test ROC-AUC]  -  SA: 0.00000,  LA: 0.58234
[Test AUPRC]  -  LA: 0.69867
[Test F1-max]  -  LA: 0.76667
Epoch: 4 | Loss: 1.7376961708068848  | Negative Loss: 0.0
[Test ROC-AUC]  -  SA: 0.00000,  LA: 0.60272
[Test AUPRC]  -  LA: 0.71260
[Test F1-max]  -  LA: 0.76751
Epoch: 5 | Loss: 0.8945915699005127  | Negative Loss: 0.0
[Test ROC-AUC]  -  SA: 0.00000,  LA: 0.61738
[Test AUPRC]  -  LA: 0.71665
[Test F1-max]  -  LA: 0.76880
Epoch: 6 | Loss: 0.44440048933029175  | Negative Loss: 0.0
[Test ROC-AUC]  -  SA: 0.00000,  LA: 0.62582
[Test AUPRC]  -  LA: 0.72133
[Test F1-max]  -  LA: 0.76880
Epoch: 7 | Loss: 0.22293388843536377  | Negative Loss: 0.0
[Test ROC-AUC]  -  SA: 0.00000,  LA: 0.63020
[Test AUPRC]  -  LA: 0.71636
[Test F1-max]  -  LA: 0.77551
Epoch: 8 | Loss: 0.1184532567858696  | Negative Loss: 0.0
[Test ROC-AUC]  -  SA: 0.00000,  LA: 0.63298
[Test AUPRC]  -  LA: 0.71538
[Test F1-max]  -  LA: 0.77326
Epoch: 9 | Loss: 0.06750737130641937  | Negative Loss: 0.0
[Test ROC-AUC]  -  SA: 0.00000,  LA: 0.63075
[Test AUPRC]  -  LA: 0.71059
[Test F1-max]  -  LA: 0.77059
Epoch: 10 | Loss: 0.04120495542883873  | Negative Loss: 0.0
[Test ROC-AUC]  -  SA: 0.00000,  LA: 0.62741
[Test AUPRC]  -  LA: 0.70875
[Test F1-max]  -  LA: 0.77059
Epoch: 11 | Loss: 0.026488440111279488  | Negative Loss: 0.0
[Test ROC-AUC]  -  SA: 0.00000,  LA: 0.62526
[Test AUPRC]  -  LA: 0.70617
[Test F1-max]  -  LA: 0.77286
Epoch: 12 | Loss: 0.01764490082859993  | Negative Loss: 0.0
[Test ROC-AUC]  -  SA: 0.00000,  LA: 0.62414
[Test AUPRC]  -  LA: 0.70410
[Test F1-max]  -  LA: 0.77381
Epoch: 13 | Loss: 0.012042886577546597  | Negative Loss: 0.0
[Test ROC-AUC]  -  SA: 0.00000,  LA: 0.62295
[Test AUPRC]  -  LA: 0.70243
[Test F1-max]  -  LA: 0.77059
Epoch: 14 | Loss: 0.008367815054953098  | Negative Loss: 0.0
[Test ROC-AUC]  -  SA: 0.00000,  LA: 0.62247
[Test AUPRC]  -  LA: 0.70074
[Test F1-max]  -  LA: 0.76923
Epoch: 15 | Loss: 0.005914707668125629  | Negative Loss: 0.0
[Test ROC-AUC]  -  SA: 0.00000,  LA: 0.62176
[Test AUPRC]  -  LA: 0.70201
[Test F1-max]  -  LA: 0.76880
Epoch: 16 | Loss: 0.0042305379174649715  | Negative Loss: 0.0
[Test ROC-AUC]  -  SA: 0.00000,  LA: 0.62140
[Test AUPRC]  -  LA: 0.70102
[Test F1-max]  -  LA: 0.76923
Epoch: 17 | Loss: 0.0030735130421817303  | Negative Loss: 0.0
[Test ROC-AUC]  -  SA: 0.00000,  LA: 0.62024
[Test AUPRC]  -  LA: 0.70026
[Test F1-max]  -  LA: 0.77011
Epoch: 18 | Loss: 0.0022603869438171387  | Negative Loss: 0.0
[Test ROC-AUC]  -  SA: 0.00000,  LA: 0.62064
[Test AUPRC]  -  LA: 0.70196
[Test F1-max]  -  LA: 0.77233
Epoch: 19 | Loss: 0.0016834854613989592  | Negative Loss: 0.0
[Test ROC-AUC]  -  SA: 0.00000,  LA: 0.62000
[Test AUPRC]  -  LA: 0.70096
[Test F1-max]  -  LA: 0.77233
Epoch: 20 | Loss: 0.0012676493497565389  | Negative Loss: 0.0
[Test ROC-AUC]  -  SA: 0.00000,  LA: 0.61897
[Test AUPRC]  -  LA: 0.69960
[Test F1-max]  -  LA: 0.77011
Epoch: 21 | Loss: 0.0009636799222789705  | Negative Loss: 0.0
[Test ROC-AUC]  -  SA: 0.00000,  LA: 0.61753
[Test AUPRC]  -  LA: 0.69857
[Test F1-max]  -  LA: 0.77011
Epoch: 22 | Loss: 0.0007416186854243279  | Negative Loss: 0.0
[Test ROC-AUC]  -  SA: 0.00000,  LA: 0.61682
[Test AUPRC]  -  LA: 0.69859
[Test F1-max]  -  LA: 0.77011
Epoch: 23 | Loss: 0.0005775521276518703  | Negative Loss: 0.0
[Test ROC-AUC]  -  SA: 0.00000,  LA: 0.61546
[Test AUPRC]  -  LA: 0.69894
[Test F1-max]  -  LA: 0.76880
Epoch: 24 | Loss: 0.00045493608922697604  | Negative Loss: 0.0
[Test ROC-AUC]  -  SA: 0.00000,  LA: 0.61463
[Test AUPRC]  -  LA: 0.69947
[Test F1-max]  -  LA: 0.76880
Epoch: 25 | Loss: 0.0003631754079833627  | Negative Loss: 0.0
[Test ROC-AUC]  -  SA: 0.00000,  LA: 0.61459
[Test AUPRC]  -  LA: 0.70065
[Test F1-max]  -  LA: 0.76880
Epoch: 26 | Loss: 0.0002934567746706307  | Negative Loss: 0.0
[Test ROC-AUC]  -  SA: 0.00000,  LA: 0.61451
[Test AUPRC]  -  LA: 0.70104
[Test F1-max]  -  LA: 0.76880
Epoch: 27 | Loss: 0.00023910934396553785  | Negative Loss: 0.0
[Test ROC-AUC]  -  SA: 0.00000,  LA: 0.61423
[Test AUPRC]  -  LA: 0.70022
[Test F1-max]  -  LA: 0.76880
Epoch: 28 | Loss: 0.0001972745667444542  | Negative Loss: 0.0
[Test ROC-AUC]  -  SA: 0.00000,  LA: 0.61343
[Test AUPRC]  -  LA: 0.69941
[Test F1-max]  -  LA: 0.76744
[Early Stopping] LA AUROC dropped for 10 consecutive epochs. Stop at epoch 30/100.
Time consumption: 41.20954465866089
Best LA AUC: 0.6329829590699155
Best LA AUPC: 0.7213273076717037
Best LA F1-max: 0.7755102040816326
[Result] Experiment result appended to ./results/train_hybrid_result.csv

[END] 2026-03-18 17:57:00
[RETURN CODE] 0
