[START] 2026-03-18 18:30:29
[GPU] 1
[TASK] 88/120
[NAME] orange_juice_winclip
[REPEAT] 8/10
[COMMAND] python train_hybrid.py --data_name orange_juice --mask True --text True --double_encoder True --few_shot True --shot 1 --hybrid_model winclip --hybrid_weight 0.3 --hybrid_batch_size 16 --epoch 100 --log True --lr 5e-4 --detection True --preprocess True

/home/seungeon/miniconda3/envs/LAB/lib/python3.10/site-packages/timm/models/layers/__init__.py:48: FutureWarning: Importing from timm.models.layers is deprecated, please import via timm.layers
  warnings.warn(f"Importing from {__name__} is deprecated, please import via timm.layers", FutureWarning)
/home/seungeon/Workspace/side/vlm/train_hybrid.py:18: DeprecationWarning: The distutils package is deprecated and slated for removal in Python 3.12. Use setuptools or check PEP 632 for potential alternatives
  from distutils.util import strtobool
Torch version: 2.9.1+cu128
cuda is loaded for process
here?
In my local computer
Namespace(epoch=100, gpu_number='0', data_name='orange_juice', lr=0.0005, batch_size=6, shuffle=True, seed=0, tag='default', model_name='ViT-B-32', pretrained_name='laion2b_s34b_b79k', lora=1, default=False, foundation='CLIP', detection=1, preprocess=1, num_rule=0, object_names=['a orange picture label', 'a 100% text label', 'a bottle cap', 'a black background'], objects_for_rules=[['a orange picture label'], ['a orange picture label', 'a 100% text label'], ['a orange picture label'], ['a 100% text label'], ['a orange picture label', 'a 100% text label']], texts_for_rules=[['a photo of orange picture label'], ['a photo of orange picture label and 100% text label'], ['a photo of orange picture label'], ['a photo of 100% text label'], ['a photo of orange picture label and 100% text label']], mask=1, text=1, score='mean', ciriculam_learning=False, few_shot=1, shot=1, log=1, neg_loss=0, double_encoder=1, pretrained_count_path=None, ris=0, rule_select='', rule_list=[], num_negative=5, hybrid_model='winclip', hybrid_weight=0.3, hybrid_class_name='', hybrid_batch_size=16, hybrid_backbone='ViT-B-16-plus-240', hybrid_pretrained_dataset='laion400m_e32', hybrid_scales=[2, 3], hybrid_img_resize=240, hybrid_img_cropsize=240, hybrid_resolution=400, hybrid_promptad_epoch=100, hybrid_promptad_lr=0.002, hybrid_promptad_momentum=0.9, hybrid_promptad_weight_decay=0.0005, hybrid_promptad_eta_min=1e-05, hybrid_promptad_lambda1=0.001, hybrid_promptad_n_ctx=4, hybrid_promptad_n_pro=3, hybrid_promptad_n_ctx_ab=1, hybrid_promptad_n_pro_ab=4, early_stop_k=10, result_log_path='./results/train_hybrid_result.csv')
[Hybrid] method=winclip, class_name=juice_bottle, train=1, eval=78, base_path=/data3/seungeon/data/image/mvtec_loco_anomaly_detection/orange_juice
grid 240 16 (15, 15)
[Hybrid-only] LA_AUC=0.56087, LA_AUPRC=0.36010, LA_F1=0.63415
[Data Description]
- Train: 1
- Test: 78

Train Start
[Test ROC-AUC]  -  SA: 0.00000,  LA: 0.51302
[Test AUPRC]  -  LA: 0.33946
[Test F1-max]  -  LA: 0.61905
Epoch: 0 | Loss: 15.960741996765137  | Negative Loss: 0.0
[Test ROC-AUC]  -  SA: 0.00000,  LA: 0.51302
[Test AUPRC]  -  LA: 0.33953
[Test F1-max]  -  LA: 0.61905
Epoch: 1 | Loss: 15.831657409667969  | Negative Loss: 0.0
[Test ROC-AUC]  -  SA: 0.00000,  LA: 0.54398
[Test AUPRC]  -  LA: 0.35410
[Test F1-max]  -  LA: 0.62500
Epoch: 2 | Loss: 14.143610954284668  | Negative Loss: 0.0
[Test ROC-AUC]  -  SA: 0.00000,  LA: 0.60943
[Test AUPRC]  -  LA: 0.51319
[Test F1-max]  -  LA: 0.63636
Epoch: 3 | Loss: 11.322531700134277  | Negative Loss: 0.0
[Test ROC-AUC]  -  SA: 0.00000,  LA: 0.68543
[Test AUPRC]  -  LA: 0.60539
[Test F1-max]  -  LA: 0.61702
Epoch: 4 | Loss: 7.84804630279541  | Negative Loss: 0.0
[Test ROC-AUC]  -  SA: 0.00000,  LA: 0.70584
[Test AUPRC]  -  LA: 0.60474
[Test F1-max]  -  LA: 0.63636
Epoch: 5 | Loss: 4.743991851806641  | Negative Loss: 0.0
[Test ROC-AUC]  -  SA: 0.00000,  LA: 0.71147
[Test AUPRC]  -  LA: 0.60271
[Test F1-max]  -  LA: 0.64368
Epoch: 6 | Loss: 2.595120906829834  | Negative Loss: 0.0
[Test ROC-AUC]  -  SA: 0.00000,  LA: 0.71217
[Test AUPRC]  -  LA: 0.61170
[Test F1-max]  -  LA: 0.65116
Epoch: 7 | Loss: 1.3417987823486328  | Negative Loss: 0.0
[Test ROC-AUC]  -  SA: 0.00000,  LA: 0.70936
[Test AUPRC]  -  LA: 0.61196
[Test F1-max]  -  LA: 0.65116
Epoch: 8 | Loss: 0.7148144245147705  | Negative Loss: 0.0
[Test ROC-AUC]  -  SA: 0.00000,  LA: 0.70936
[Test AUPRC]  -  LA: 0.61237
[Test F1-max]  -  LA: 0.65116
Epoch: 9 | Loss: 0.3964938521385193  | Negative Loss: 0.0
[Test ROC-AUC]  -  SA: 0.00000,  LA: 0.71429
[Test AUPRC]  -  LA: 0.63279
[Test F1-max]  -  LA: 0.65116
Epoch: 10 | Loss: 0.22623440623283386  | Negative Loss: 0.0
[Test ROC-AUC]  -  SA: 0.00000,  LA: 0.72132
[Test AUPRC]  -  LA: 0.63932
[Test F1-max]  -  LA: 0.65882
Epoch: 11 | Loss: 0.12949290871620178  | Negative Loss: 0.0
[Test ROC-AUC]  -  SA: 0.00000,  LA: 0.72555
[Test AUPRC]  -  LA: 0.64002
[Test F1-max]  -  LA: 0.66667
Epoch: 12 | Loss: 0.07456754148006439  | Negative Loss: 0.0
[Test ROC-AUC]  -  SA: 0.00000,  LA: 0.72484
[Test AUPRC]  -  LA: 0.62182
[Test F1-max]  -  LA: 0.66667
Epoch: 13 | Loss: 0.04304170981049538  | Negative Loss: 0.0
[Test ROC-AUC]  -  SA: 0.00000,  LA: 0.72977
[Test AUPRC]  -  LA: 0.61008
[Test F1-max]  -  LA: 0.65882
Epoch: 14 | Loss: 0.025105003267526627  | Negative Loss: 0.0
[Test ROC-AUC]  -  SA: 0.00000,  LA: 0.73610
[Test AUPRC]  -  LA: 0.60609
[Test F1-max]  -  LA: 0.65882
Epoch: 15 | Loss: 0.014734004624187946  | Negative Loss: 0.0
[Test ROC-AUC]  -  SA: 0.00000,  LA: 0.74243
[Test AUPRC]  -  LA: 0.60624
[Test F1-max]  -  LA: 0.65116
Epoch: 16 | Loss: 0.008724382147192955  | Negative Loss: 0.0
[Test ROC-AUC]  -  SA: 0.00000,  LA: 0.74666
[Test AUPRC]  -  LA: 0.60507
[Test F1-max]  -  LA: 0.65823
Epoch: 17 | Loss: 0.005231759045273066  | Negative Loss: 0.0
[Test ROC-AUC]  -  SA: 0.00000,  LA: 0.74243
[Test AUPRC]  -  LA: 0.57594
[Test F1-max]  -  LA: 0.65823
Epoch: 18 | Loss: 0.003192840376868844  | Negative Loss: 0.0
[Test ROC-AUC]  -  SA: 0.00000,  LA: 0.74455
[Test AUPRC]  -  LA: 0.57873
[Test F1-max]  -  LA: 0.66667
Epoch: 19 | Loss: 0.0019833140540868044  | Negative Loss: 0.0
[Test ROC-AUC]  -  SA: 0.00000,  LA: 0.74032
[Test AUPRC]  -  LA: 0.56161
[Test F1-max]  -  LA: 0.66667
Epoch: 20 | Loss: 0.0012556875590234995  | Negative Loss: 0.0
[Test ROC-AUC]  -  SA: 0.00000,  LA: 0.74103
[Test AUPRC]  -  LA: 0.55748
[Test F1-max]  -  LA: 0.67606
Epoch: 21 | Loss: 0.0008097527315840125  | Negative Loss: 0.0
[Test ROC-AUC]  -  SA: 0.00000,  LA: 0.74455
[Test AUPRC]  -  LA: 0.55840
[Test F1-max]  -  LA: 0.67606
Epoch: 22 | Loss: 0.0005322700017131865  | Negative Loss: 0.0
[Test ROC-AUC]  -  SA: 0.00000,  LA: 0.73962
[Test AUPRC]  -  LA: 0.54936
[Test F1-max]  -  LA: 0.67568
Epoch: 23 | Loss: 0.0003568592946976423  | Negative Loss: 0.0
[Test ROC-AUC]  -  SA: 0.00000,  LA: 0.73399
[Test AUPRC]  -  LA: 0.54580
[Test F1-max]  -  LA: 0.65000
Epoch: 24 | Loss: 0.0002442348632030189  | Negative Loss: 0.0
[Test ROC-AUC]  -  SA: 0.00000,  LA: 0.73258
[Test AUPRC]  -  LA: 0.53811
[Test F1-max]  -  LA: 0.65823
Epoch: 25 | Loss: 0.00017081471742130816  | Negative Loss: 0.0
[Test ROC-AUC]  -  SA: 0.00000,  LA: 0.72766
[Test AUPRC]  -  LA: 0.52884
[Test F1-max]  -  LA: 0.65882
Epoch: 26 | Loss: 0.00012182570935692638  | Negative Loss: 0.0
[Test ROC-AUC]  -  SA: 0.00000,  LA: 0.72343
[Test AUPRC]  -  LA: 0.52377
[Test F1-max]  -  LA: 0.65882
Epoch: 27 | Loss: 8.880763925844803e-05  | Negative Loss: 0.0
[Test ROC-AUC]  -  SA: 0.00000,  LA: 0.71921
[Test AUPRC]  -  LA: 0.51745
[Test F1-max]  -  LA: 0.65882
Epoch: 28 | Loss: 6.580173067050055e-05  | Negative Loss: 0.0
[Test ROC-AUC]  -  SA: 0.00000,  LA: 0.71217
[Test AUPRC]  -  LA: 0.51120
[Test F1-max]  -  LA: 0.65116
Epoch: 29 | Loss: 4.9828453484224156e-05  | Negative Loss: 0.0
[Test ROC-AUC]  -  SA: 0.00000,  LA: 0.70514
[Test AUPRC]  -  LA: 0.50399
[Test F1-max]  -  LA: 0.65116
Epoch: 30 | Loss: 3.8265578041318804e-05  | Negative Loss: 0.0
[Test ROC-AUC]  -  SA: 0.00000,  LA: 0.70021
[Test AUPRC]  -  LA: 0.49540
[Test F1-max]  -  LA: 0.65116
Epoch: 31 | Loss: 2.9921164241386577e-05  | Negative Loss: 0.0
[Test ROC-AUC]  -  SA: 0.00000,  LA: 0.69740
[Test AUPRC]  -  LA: 0.49164
[Test F1-max]  -  LA: 0.65169
[Early Stopping] LA AUROC dropped for 10 consecutive epochs. Stop at epoch 33/100.
Time consumption: 28.975965976715088
Best LA AUC: 0.7466572836030965
Best LA AUPC: 0.640016982085017
Best LA F1-max: 0.676056338028169
[Result] Experiment result appended to ./results/train_hybrid_result.csv

[END] 2026-03-18 18:32:51
[RETURN CODE] 0
