[START] 2026-03-18 18:16:34
[GPU] 1
[TASK] 73/120
[NAME] banana_juice_promptad
[REPEAT] 3/10
[COMMAND] python train_hybrid.py --data_name banana_juice --mask True --text True --double_encoder True --few_shot True --shot 1 --hybrid_model promptad --hybrid_weight 0.3 --hybrid_batch_size 16 --epoch 100 --log True --lr 5e-4 --detection True --preprocess True

/home/seungeon/miniconda3/envs/LAB/lib/python3.10/site-packages/timm/models/layers/__init__.py:48: FutureWarning: Importing from timm.models.layers is deprecated, please import via timm.layers
  warnings.warn(f"Importing from {__name__} is deprecated, please import via timm.layers", FutureWarning)
/home/seungeon/Workspace/side/vlm/train_hybrid.py:18: DeprecationWarning: The distutils package is deprecated and slated for removal in Python 3.12. Use setuptools or check PEP 632 for potential alternatives
  from distutils.util import strtobool
Torch version: 2.9.1+cu128
cuda is loaded for process
here?
In my local computer
Namespace(epoch=100, gpu_number='0', data_name='banana_juice', lr=0.0005, batch_size=6, shuffle=True, seed=0, tag='default', model_name='ViT-B-32', pretrained_name='laion2b_s34b_b79k', lora=1, default=False, foundation='CLIP', detection=1, preprocess=1, num_rule=0, object_names=['a banana picture label', 'a 100% text label', 'a bottle cap', 'a black background'], objects_for_rules=[['a banana picture label'], ['a banana picture label', 'a 100% text label'], ['a banana picture label'], ['a 100% text label'], ['a banana picture label', 'a 100% text label']], texts_for_rules=[['a photo of banana picture label'], ['a photo of banana picture label and 100% text label'], ['a photo of banana picture label'], ['a photo of 100% text label'], ['a photo of banana picture label and 100% text label']], mask=1, text=1, score='mean', ciriculam_learning=False, few_shot=1, shot=1, log=1, neg_loss=0, double_encoder=1, pretrained_count_path=None, ris=0, rule_select='', rule_list=[], num_negative=5, hybrid_model='promptad', hybrid_weight=0.3, hybrid_class_name='', hybrid_batch_size=16, hybrid_backbone='ViT-B-16-plus-240', hybrid_pretrained_dataset='laion400m_e32', hybrid_scales=[2, 3], hybrid_img_resize=240, hybrid_img_cropsize=240, hybrid_resolution=400, hybrid_promptad_epoch=100, hybrid_promptad_lr=0.002, hybrid_promptad_momentum=0.9, hybrid_promptad_weight_decay=0.0005, hybrid_promptad_eta_min=1e-05, hybrid_promptad_lambda1=0.001, hybrid_promptad_n_ctx=4, hybrid_promptad_n_pro=3, hybrid_promptad_n_ctx_ab=1, hybrid_promptad_n_pro_ab=4, early_stop_k=10, result_log_path='./results/train_hybrid_result.csv')
[Hybrid] method=promptad, class_name=juice_bottle, train=1, eval=85, base_path=/data3/seungeon/data/image/mvtec_loco_anomaly_detection/banana_juice
[Hybrid-only] LA_AUC=0.89714, LA_AUPRC=0.82791, LA_F1=0.83333
[Data Description]
- Train: 1
- Test: 85

Train Start
[Test ROC-AUC]  -  SA: 0.00000,  LA: 0.58858
[Test AUPRC]  -  LA: 0.44593
[Test F1-max]  -  LA: 0.60952
Epoch: 0 | Loss: 11.940780639648438  | Negative Loss: 0.0
[Test ROC-AUC]  -  SA: 0.00000,  LA: 0.59091
[Test AUPRC]  -  LA: 0.44659
[Test F1-max]  -  LA: 0.60952
Epoch: 1 | Loss: 11.838708877563477  | Negative Loss: 0.0
[Test ROC-AUC]  -  SA: 0.00000,  LA: 0.65443
[Test AUPRC]  -  LA: 0.51471
[Test F1-max]  -  LA: 0.61538
Epoch: 2 | Loss: 10.388957977294922  | Negative Loss: 0.0
[Test ROC-AUC]  -  SA: 0.00000,  LA: 0.70921
[Test AUPRC]  -  LA: 0.60952
[Test F1-max]  -  LA: 0.62745
Epoch: 3 | Loss: 8.200511932373047  | Negative Loss: 0.0
[Test ROC-AUC]  -  SA: 0.00000,  LA: 0.75291
[Test AUPRC]  -  LA: 0.67693
[Test F1-max]  -  LA: 0.65979
Epoch: 4 | Loss: 5.829778671264648  | Negative Loss: 0.0
[Test ROC-AUC]  -  SA: 0.00000,  LA: 0.76807
[Test AUPRC]  -  LA: 0.70134
[Test F1-max]  -  LA: 0.68041
Epoch: 5 | Loss: 3.7772622108459473  | Negative Loss: 0.0
[Test ROC-AUC]  -  SA: 0.00000,  LA: 0.77564
[Test AUPRC]  -  LA: 0.71370
[Test F1-max]  -  LA: 0.69474
Epoch: 6 | Loss: 2.3197786808013916  | Negative Loss: 0.0
[Test ROC-AUC]  -  SA: 0.00000,  LA: 0.78030
[Test AUPRC]  -  LA: 0.72119
[Test F1-max]  -  LA: 0.68750
Epoch: 7 | Loss: 1.3486700057983398  | Negative Loss: 0.0
[Test ROC-AUC]  -  SA: 0.00000,  LA: 0.78147
[Test AUPRC]  -  LA: 0.72282
[Test F1-max]  -  LA: 0.68041
Epoch: 8 | Loss: 0.7652914524078369  | Negative Loss: 0.0
[Test ROC-AUC]  -  SA: 0.00000,  LA: 0.78147
[Test AUPRC]  -  LA: 0.72423
[Test F1-max]  -  LA: 0.67606
Epoch: 9 | Loss: 0.4259699583053589  | Negative Loss: 0.0
[Test ROC-AUC]  -  SA: 0.00000,  LA: 0.78089
[Test AUPRC]  -  LA: 0.72663
[Test F1-max]  -  LA: 0.66667
Epoch: 10 | Loss: 0.2344992458820343  | Negative Loss: 0.0
[Test ROC-AUC]  -  SA: 0.00000,  LA: 0.77914
[Test AUPRC]  -  LA: 0.72549
[Test F1-max]  -  LA: 0.66667
Epoch: 11 | Loss: 0.12631848454475403  | Negative Loss: 0.0
[Test ROC-AUC]  -  SA: 0.00000,  LA: 0.78089
[Test AUPRC]  -  LA: 0.72749
[Test F1-max]  -  LA: 0.66667
Epoch: 12 | Loss: 0.06794005632400513  | Negative Loss: 0.0
[Test ROC-AUC]  -  SA: 0.00000,  LA: 0.78497
[Test AUPRC]  -  LA: 0.73099
[Test F1-max]  -  LA: 0.66667
Epoch: 13 | Loss: 0.03697652369737625  | Negative Loss: 0.0
[Test ROC-AUC]  -  SA: 0.00000,  LA: 0.78613
[Test AUPRC]  -  LA: 0.73012
[Test F1-max]  -  LA: 0.67347
Epoch: 14 | Loss: 0.020621702075004578  | Negative Loss: 0.0
[Test ROC-AUC]  -  SA: 0.00000,  LA: 0.78904
[Test AUPRC]  -  LA: 0.73273
[Test F1-max]  -  LA: 0.67368
Epoch: 15 | Loss: 0.011819072999060154  | Negative Loss: 0.0
[Test ROC-AUC]  -  SA: 0.00000,  LA: 0.79312
[Test AUPRC]  -  LA: 0.73758
[Test F1-max]  -  LA: 0.67368
Epoch: 16 | Loss: 0.006925647612661123  | Negative Loss: 0.0
[Test ROC-AUC]  -  SA: 0.00000,  LA: 0.79196
[Test AUPRC]  -  LA: 0.73673
[Test F1-max]  -  LA: 0.67368
Epoch: 17 | Loss: 0.004174274392426014  | Negative Loss: 0.0
[Test ROC-AUC]  -  SA: 0.00000,  LA: 0.79254
[Test AUPRC]  -  LA: 0.73786
[Test F1-max]  -  LA: 0.67368
Epoch: 18 | Loss: 0.0025814110413193703  | Negative Loss: 0.0
[Test ROC-AUC]  -  SA: 0.00000,  LA: 0.79604
[Test AUPRC]  -  LA: 0.74073
[Test F1-max]  -  LA: 0.67470
Epoch: 19 | Loss: 0.001625589793547988  | Negative Loss: 0.0
[Test ROC-AUC]  -  SA: 0.00000,  LA: 0.79720
[Test AUPRC]  -  LA: 0.74088
[Test F1-max]  -  LA: 0.67470
Epoch: 20 | Loss: 0.0010472647845745087  | Negative Loss: 0.0
[Test ROC-AUC]  -  SA: 0.00000,  LA: 0.79953
[Test AUPRC]  -  LA: 0.74097
[Test F1-max]  -  LA: 0.68235
Epoch: 21 | Loss: 0.0006921477615833282  | Negative Loss: 0.0
[Test ROC-AUC]  -  SA: 0.00000,  LA: 0.80012
[Test AUPRC]  -  LA: 0.74108
[Test F1-max]  -  LA: 0.68235
Epoch: 22 | Loss: 0.0004665385349653661  | Negative Loss: 0.0
[Test ROC-AUC]  -  SA: 0.00000,  LA: 0.80128
[Test AUPRC]  -  LA: 0.74195
[Test F1-max]  -  LA: 0.67647
Epoch: 23 | Loss: 0.00032112724147737026  | Negative Loss: 0.0
[Test ROC-AUC]  -  SA: 0.00000,  LA: 0.80070
[Test AUPRC]  -  LA: 0.74145
[Test F1-max]  -  LA: 0.67647
Epoch: 24 | Loss: 0.0002256517473142594  | Negative Loss: 0.0
[Test ROC-AUC]  -  SA: 0.00000,  LA: 0.80128
[Test AUPRC]  -  LA: 0.74173
[Test F1-max]  -  LA: 0.67647
Epoch: 25 | Loss: 0.0001618801907170564  | Negative Loss: 0.0
[Test ROC-AUC]  -  SA: 0.00000,  LA: 0.80128
[Test AUPRC]  -  LA: 0.74173
[Test F1-max]  -  LA: 0.67647
Epoch: 26 | Loss: 0.00011825232650153339  | Negative Loss: 0.0
[Test ROC-AUC]  -  SA: 0.00000,  LA: 0.80478
[Test AUPRC]  -  LA: 0.74417
[Test F1-max]  -  LA: 0.68571
Epoch: 27 | Loss: 8.821300434647128e-05  | Negative Loss: 0.0
[Test ROC-AUC]  -  SA: 0.00000,  LA: 0.80594
[Test AUPRC]  -  LA: 0.74535
[Test F1-max]  -  LA: 0.69565
Epoch: 28 | Loss: 6.663690146524459e-05  | Negative Loss: 0.0
[Test ROC-AUC]  -  SA: 0.00000,  LA: 0.80711
[Test AUPRC]  -  LA: 0.74516
[Test F1-max]  -  LA: 0.69565
Epoch: 29 | Loss: 5.1616952987387776e-05  | Negative Loss: 0.0
[Test ROC-AUC]  -  SA: 0.00000,  LA: 0.80711
[Test AUPRC]  -  LA: 0.74501
[Test F1-max]  -  LA: 0.68571
Epoch: 30 | Loss: 4.041153079015203e-05  | Negative Loss: 0.0
[Test ROC-AUC]  -  SA: 0.00000,  LA: 0.80769
[Test AUPRC]  -  LA: 0.74575
[Test F1-max]  -  LA: 0.68571
Epoch: 31 | Loss: 3.218623896827921e-05  | Negative Loss: 0.0
[Test ROC-AUC]  -  SA: 0.00000,  LA: 0.80828
[Test AUPRC]  -  LA: 0.74620
[Test F1-max]  -  LA: 0.69444
Epoch: 32 | Loss: 2.6106654331670143e-05  | Negative Loss: 0.0
[Test ROC-AUC]  -  SA: 0.00000,  LA: 0.80828
[Test AUPRC]  -  LA: 0.74636
[Test F1-max]  -  LA: 0.69444
Epoch: 33 | Loss: 2.1457548427861184e-05  | Negative Loss: 0.0
[Test ROC-AUC]  -  SA: 0.00000,  LA: 0.80886
[Test AUPRC]  -  LA: 0.74715
[Test F1-max]  -  LA: 0.69444
Epoch: 34 | Loss: 1.7881306121125817e-05  | Negative Loss: 0.0
[Test ROC-AUC]  -  SA: 0.00000,  LA: 0.80828
[Test AUPRC]  -  LA: 0.74684
[Test F1-max]  -  LA: 0.69444
Epoch: 35 | Loss: 1.5139517017814796e-05  | Negative Loss: 0.0
[Test ROC-AUC]  -  SA: 0.00000,  LA: 0.80828
[Test AUPRC]  -  LA: 0.74684
[Test F1-max]  -  LA: 0.69444
Epoch: 36 | Loss: 1.2993766176805366e-05  | Negative Loss: 0.0
[Test ROC-AUC]  -  SA: 0.00000,  LA: 0.80944
[Test AUPRC]  -  LA: 0.74883
[Test F1-max]  -  LA: 0.69444
Epoch: 37 | Loss: 1.1205637747480068e-05  | Negative Loss: 0.0
[Test ROC-AUC]  -  SA: 0.00000,  LA: 0.81061
[Test AUPRC]  -  LA: 0.74945
[Test F1-max]  -  LA: 0.69444
Epoch: 38 | Loss: 9.894344657368492e-06  | Negative Loss: 0.0
[Test ROC-AUC]  -  SA: 0.00000,  LA: 0.81061
[Test AUPRC]  -  LA: 0.74945
[Test F1-max]  -  LA: 0.69444
Epoch: 39 | Loss: 8.583048838772811e-06  | Negative Loss: 0.0
[Test ROC-AUC]  -  SA: 0.00000,  LA: 0.80944
[Test AUPRC]  -  LA: 0.74816
[Test F1-max]  -  LA: 0.69444
Epoch: 40 | Loss: 7.629377705598017e-06  | Negative Loss: 0.0
[Test ROC-AUC]  -  SA: 0.00000,  LA: 0.81002
[Test AUPRC]  -  LA: 0.74933
[Test F1-max]  -  LA: 0.69444
Epoch: 41 | Loss: 6.794915861974005e-06  | Negative Loss: 0.0
[Test ROC-AUC]  -  SA: 0.00000,  LA: 0.81002
[Test AUPRC]  -  LA: 0.74933
[Test F1-max]  -  LA: 0.69444
Epoch: 42 | Loss: 6.0796628531534225e-06  | Negative Loss: 0.0
[Test ROC-AUC]  -  SA: 0.00000,  LA: 0.81061
[Test AUPRC]  -  LA: 0.74962
[Test F1-max]  -  LA: 0.69444
Epoch: 43 | Loss: 5.722036803490482e-06  | Negative Loss: 0.0
[Test ROC-AUC]  -  SA: 0.00000,  LA: 0.81061
[Test AUPRC]  -  LA: 0.74962
[Test F1-max]  -  LA: 0.69444
Epoch: 44 | Loss: 5.24520100952941e-06  | Negative Loss: 0.0
[Test ROC-AUC]  -  SA: 0.00000,  LA: 0.81002
[Test AUPRC]  -  LA: 0.74931
[Test F1-max]  -  LA: 0.69444
Epoch: 45 | Loss: 4.887574050371768e-06  | Negative Loss: 0.0
[Test ROC-AUC]  -  SA: 0.00000,  LA: 0.81002
[Test AUPRC]  -  LA: 0.74931
[Test F1-max]  -  LA: 0.69444
Epoch: 46 | Loss: 4.529947091214126e-06  | Negative Loss: 0.0
[Test ROC-AUC]  -  SA: 0.00000,  LA: 0.81002
[Test AUPRC]  -  LA: 0.74918
[Test F1-max]  -  LA: 0.69444
Epoch: 47 | Loss: 4.172320132056484e-06  | Negative Loss: 0.0
[Test ROC-AUC]  -  SA: 0.00000,  LA: 0.81002
[Test AUPRC]  -  LA: 0.74918
[Test F1-max]  -  LA: 0.69444
Epoch: 48 | Loss: 3.933902007702272e-06  | Negative Loss: 0.0
[Test ROC-AUC]  -  SA: 0.00000,  LA: 0.81002
[Test AUPRC]  -  LA: 0.74895
[Test F1-max]  -  LA: 0.69474
Epoch: 49 | Loss: 3.6954838833480608e-06  | Negative Loss: 0.0
[Test ROC-AUC]  -  SA: 0.00000,  LA: 0.81002
[Test AUPRC]  -  LA: 0.74895
[Test F1-max]  -  LA: 0.69474
Epoch: 50 | Loss: 3.457065758993849e-06  | Negative Loss: 0.0
[Test ROC-AUC]  -  SA: 0.00000,  LA: 0.81061
[Test AUPRC]  -  LA: 0.74923
[Test F1-max]  -  LA: 0.69474
Epoch: 51 | Loss: 3.3378566968167434e-06  | Negative Loss: 0.0
[Test ROC-AUC]  -  SA: 0.00000,  LA: 0.81002
[Test AUPRC]  -  LA: 0.74874
[Test F1-max]  -  LA: 0.69474
Epoch: 52 | Loss: 3.218647862013313e-06  | Negative Loss: 0.0
[Test ROC-AUC]  -  SA: 0.00000,  LA: 0.81002
[Test AUPRC]  -  LA: 0.74874
[Test F1-max]  -  LA: 0.69474
Epoch: 53 | Loss: 3.099438799836207e-06  | Negative Loss: 0.0
[Test ROC-AUC]  -  SA: 0.00000,  LA: 0.81002
[Test AUPRC]  -  LA: 0.74874
[Test F1-max]  -  LA: 0.69474
Epoch: 54 | Loss: 2.8610206754819956e-06  | Negative Loss: 0.0
[Test ROC-AUC]  -  SA: 0.00000,  LA: 0.81002
[Test AUPRC]  -  LA: 0.74874
[Test F1-max]  -  LA: 0.69474
Epoch: 55 | Loss: 2.7418113859312143e-06  | Negative Loss: 0.0
[Test ROC-AUC]  -  SA: 0.00000,  LA: 0.81002
[Test AUPRC]  -  LA: 0.74874
[Test F1-max]  -  LA: 0.69474
Epoch: 56 | Loss: 2.7418113859312143e-06  | Negative Loss: 0.0
[Test ROC-AUC]  -  SA: 0.00000,  LA: 0.81002
[Test AUPRC]  -  LA: 0.74874
[Test F1-max]  -  LA: 0.69474
Epoch: 57 | Loss: 2.622602551127784e-06  | Negative Loss: 0.0
[Test ROC-AUC]  -  SA: 0.00000,  LA: 0.81002
[Test AUPRC]  -  LA: 0.74874
[Test F1-max]  -  LA: 0.69474
Epoch: 58 | Loss: 2.622602551127784e-06  | Negative Loss: 0.0
[Test ROC-AUC]  -  SA: 0.00000,  LA: 0.81002
[Test AUPRC]  -  LA: 0.74874
[Test F1-max]  -  LA: 0.69474
Epoch: 59 | Loss: 2.5033932615770027e-06  | Negative Loss: 0.0
[Test ROC-AUC]  -  SA: 0.00000,  LA: 0.81002
[Test AUPRC]  -  LA: 0.74874
[Test F1-max]  -  LA: 0.69474
Epoch: 60 | Loss: 2.5033932615770027e-06  | Negative Loss: 0.0
[Test ROC-AUC]  -  SA: 0.00000,  LA: 0.80944
[Test AUPRC]  -  LA: 0.74802
[Test F1-max]  -  LA: 0.69474
Epoch: 61 | Loss: 2.5033932615770027e-06  | Negative Loss: 0.0
[Test ROC-AUC]  -  SA: 0.00000,  LA: 0.81002
[Test AUPRC]  -  LA: 0.74842
[Test F1-max]  -  LA: 0.69474
Epoch: 62 | Loss: 2.3841844267735723e-06  | Negative Loss: 0.0
[Test ROC-AUC]  -  SA: 0.00000,  LA: 0.81002
[Test AUPRC]  -  LA: 0.74842
[Test F1-max]  -  LA: 0.69474
Epoch: 63 | Loss: 2.3841844267735723e-06  | Negative Loss: 0.0
[Test ROC-AUC]  -  SA: 0.00000,  LA: 0.81002
[Test AUPRC]  -  LA: 0.74842
[Test F1-max]  -  LA: 0.69474
Epoch: 64 | Loss: 2.3841844267735723e-06  | Negative Loss: 0.0
[Test ROC-AUC]  -  SA: 0.00000,  LA: 0.81002
[Test AUPRC]  -  LA: 0.74842
[Test F1-max]  -  LA: 0.69474
Epoch: 65 | Loss: 2.264975137222791e-06  | Negative Loss: 0.0
[Test ROC-AUC]  -  SA: 0.00000,  LA: 0.81061
[Test AUPRC]  -  LA: 0.74873
[Test F1-max]  -  LA: 0.69474
Epoch: 66 | Loss: 2.264975137222791e-06  | Negative Loss: 0.0
[Test ROC-AUC]  -  SA: 0.00000,  LA: 0.81061
[Test AUPRC]  -  LA: 0.74873
[Test F1-max]  -  LA: 0.69474
Epoch: 67 | Loss: 2.264975137222791e-06  | Negative Loss: 0.0
[Test ROC-AUC]  -  SA: 0.00000,  LA: 0.81061
[Test AUPRC]  -  LA: 0.74873
[Test F1-max]  -  LA: 0.69474
Epoch: 68 | Loss: 2.264975137222791e-06  | Negative Loss: 0.0
[Test ROC-AUC]  -  SA: 0.00000,  LA: 0.81119
[Test AUPRC]  -  LA: 0.74905
[Test F1-max]  -  LA: 0.69474
Epoch: 69 | Loss: 2.026556785494904e-06  | Negative Loss: 0.0
[Test ROC-AUC]  -  SA: 0.00000,  LA: 0.81061
[Test AUPRC]  -  LA: 0.74876
[Test F1-max]  -  LA: 0.69474
Epoch: 70 | Loss: 2.026556785494904e-06  | Negative Loss: 0.0
[Test ROC-AUC]  -  SA: 0.00000,  LA: 0.81061
[Test AUPRC]  -  LA: 0.74876
[Test F1-max]  -  LA: 0.69474
Epoch: 71 | Loss: 2.026556785494904e-06  | Negative Loss: 0.0
[Test ROC-AUC]  -  SA: 0.00000,  LA: 0.81061
[Test AUPRC]  -  LA: 0.74876
[Test F1-max]  -  LA: 0.69474
Epoch: 72 | Loss: 2.026556785494904e-06  | Negative Loss: 0.0
[Test ROC-AUC]  -  SA: 0.00000,  LA: 0.81061
[Test AUPRC]  -  LA: 0.74876
[Test F1-max]  -  LA: 0.69474
Epoch: 73 | Loss: 1.9073474959441228e-06  | Negative Loss: 0.0
[Test ROC-AUC]  -  SA: 0.00000,  LA: 0.81119
[Test AUPRC]  -  LA: 0.74917
[Test F1-max]  -  LA: 0.69474
Epoch: 74 | Loss: 1.9073474959441228e-06  | Negative Loss: 0.0
[Test ROC-AUC]  -  SA: 0.00000,  LA: 0.81119
[Test AUPRC]  -  LA: 0.74917
[Test F1-max]  -  LA: 0.69474
Epoch: 75 | Loss: 1.788138433767017e-06  | Negative Loss: 0.0
[Test ROC-AUC]  -  SA: 0.00000,  LA: 0.81119
[Test AUPRC]  -  LA: 0.74917
[Test F1-max]  -  LA: 0.69474
Epoch: 76 | Loss: 1.788138433767017e-06  | Negative Loss: 0.0
[Test ROC-AUC]  -  SA: 0.00000,  LA: 0.81119
[Test AUPRC]  -  LA: 0.74917
[Test F1-max]  -  LA: 0.69474
Epoch: 77 | Loss: 1.788138433767017e-06  | Negative Loss: 0.0
[Test ROC-AUC]  -  SA: 0.00000,  LA: 0.81119
[Test AUPRC]  -  LA: 0.74917
[Test F1-max]  -  LA: 0.69474
Epoch: 78 | Loss: 1.788138433767017e-06  | Negative Loss: 0.0
[Test ROC-AUC]  -  SA: 0.00000,  LA: 0.81119
[Test AUPRC]  -  LA: 0.74917
[Test F1-max]  -  LA: 0.69474
Epoch: 79 | Loss: 1.788138433767017e-06  | Negative Loss: 0.0
[Test ROC-AUC]  -  SA: 0.00000,  LA: 0.81119
[Test AUPRC]  -  LA: 0.74917
[Test F1-max]  -  LA: 0.69474
Epoch: 80 | Loss: 1.788138433767017e-06  | Negative Loss: 0.0
[Test ROC-AUC]  -  SA: 0.00000,  LA: 0.81119
[Test AUPRC]  -  LA: 0.74917
[Test F1-max]  -  LA: 0.69474
Epoch: 81 | Loss: 1.788138433767017e-06  | Negative Loss: 0.0
[Test ROC-AUC]  -  SA: 0.00000,  LA: 0.81119
[Test AUPRC]  -  LA: 0.74917
[Test F1-max]  -  LA: 0.69474
Epoch: 82 | Loss: 1.6689293715899112e-06  | Negative Loss: 0.0
[Test ROC-AUC]  -  SA: 0.00000,  LA: 0.81119
[Test AUPRC]  -  LA: 0.74917
[Test F1-max]  -  LA: 0.69474
Epoch: 83 | Loss: 1.6689293715899112e-06  | Negative Loss: 0.0
[Test ROC-AUC]  -  SA: 0.00000,  LA: 0.81119
[Test AUPRC]  -  LA: 0.74917
[Test F1-max]  -  LA: 0.69474
Epoch: 84 | Loss: 1.6689293715899112e-06  | Negative Loss: 0.0
[Test ROC-AUC]  -  SA: 0.00000,  LA: 0.81119
[Test AUPRC]  -  LA: 0.74917
[Test F1-max]  -  LA: 0.69474
Epoch: 85 | Loss: 1.6689293715899112e-06  | Negative Loss: 0.0
[Test ROC-AUC]  -  SA: 0.00000,  LA: 0.81119
[Test AUPRC]  -  LA: 0.74917
[Test F1-max]  -  LA: 0.69474
Epoch: 86 | Loss: 1.6689293715899112e-06  | Negative Loss: 0.0
[Test ROC-AUC]  -  SA: 0.00000,  LA: 0.81119
[Test AUPRC]  -  LA: 0.74917
[Test F1-max]  -  LA: 0.69474
Epoch: 87 | Loss: 1.6689293715899112e-06  | Negative Loss: 0.0
[Test ROC-AUC]  -  SA: 0.00000,  LA: 0.81119
[Test AUPRC]  -  LA: 0.74917
[Test F1-max]  -  LA: 0.69474
Epoch: 88 | Loss: 1.6689293715899112e-06  | Negative Loss: 0.0
[Test ROC-AUC]  -  SA: 0.00000,  LA: 0.81119
[Test AUPRC]  -  LA: 0.74917
[Test F1-max]  -  LA: 0.69474
Epoch: 89 | Loss: 1.6689293715899112e-06  | Negative Loss: 0.0
[Test ROC-AUC]  -  SA: 0.00000,  LA: 0.81119
[Test AUPRC]  -  LA: 0.74917
[Test F1-max]  -  LA: 0.69474
Epoch: 90 | Loss: 1.54972008203913e-06  | Negative Loss: 0.0
[Test ROC-AUC]  -  SA: 0.00000,  LA: 0.81119
[Test AUPRC]  -  LA: 0.74917
[Test F1-max]  -  LA: 0.69474
Epoch: 91 | Loss: 1.54972008203913e-06  | Negative Loss: 0.0
[Test ROC-AUC]  -  SA: 0.00000,  LA: 0.81061
[Test AUPRC]  -  LA: 0.74865
[Test F1-max]  -  LA: 0.69474
Epoch: 92 | Loss: 1.54972008203913e-06  | Negative Loss: 0.0
[Test ROC-AUC]  -  SA: 0.00000,  LA: 0.81061
[Test AUPRC]  -  LA: 0.74865
[Test F1-max]  -  LA: 0.69474
Epoch: 93 | Loss: 1.54972008203913e-06  | Negative Loss: 0.0
[Test ROC-AUC]  -  SA: 0.00000,  LA: 0.81061
[Test AUPRC]  -  LA: 0.74865
[Test F1-max]  -  LA: 0.69474
Epoch: 94 | Loss: 1.54972008203913e-06  | Negative Loss: 0.0
[Test ROC-AUC]  -  SA: 0.00000,  LA: 0.81061
[Test AUPRC]  -  LA: 0.74865
[Test F1-max]  -  LA: 0.69474
Epoch: 95 | Loss: 1.54972008203913e-06  | Negative Loss: 0.0
[Test ROC-AUC]  -  SA: 0.00000,  LA: 0.81061
[Test AUPRC]  -  LA: 0.74865
[Test F1-max]  -  LA: 0.69474
Epoch: 96 | Loss: 1.54972008203913e-06  | Negative Loss: 0.0
[Test ROC-AUC]  -  SA: 0.00000,  LA: 0.81061
[Test AUPRC]  -  LA: 0.74865
[Test F1-max]  -  LA: 0.69474
Epoch: 97 | Loss: 1.54972008203913e-06  | Negative Loss: 0.0
[Test ROC-AUC]  -  SA: 0.00000,  LA: 0.81119
[Test AUPRC]  -  LA: 0.74936
[Test F1-max]  -  LA: 0.69474
Epoch: 98 | Loss: 1.54972008203913e-06  | Negative Loss: 0.0
[Test ROC-AUC]  -  SA: 0.00000,  LA: 0.81177
[Test AUPRC]  -  LA: 0.74966
[Test F1-max]  -  LA: 0.69474
Epoch: 99 | Loss: 1.54972008203913e-06  | Negative Loss: 0.0
Time consumption: 95.98660135269165
Best LA AUC: 0.8117715617715617
Best LA AUPC: 0.7496583648617389
Best LA F1-max: 0.6956521739130435
[Result] Experiment result appended to ./results/train_hybrid_result.csv

[END] 2026-03-18 18:19:35
[RETURN CODE] 0
