[START] 2026-03-18 18:10:25
[GPU] 1
[TASK] 67/120
[NAME] banana_juice_winclip
[REPEAT] 7/10
[COMMAND] python train_hybrid.py --data_name banana_juice --mask True --text True --double_encoder True --few_shot True --shot 1 --hybrid_model winclip --hybrid_weight 0.3 --hybrid_batch_size 16 --epoch 100 --log True --lr 5e-4 --detection True --preprocess True

/home/seungeon/miniconda3/envs/LAB/lib/python3.10/site-packages/timm/models/layers/__init__.py:48: FutureWarning: Importing from timm.models.layers is deprecated, please import via timm.layers
  warnings.warn(f"Importing from {__name__} is deprecated, please import via timm.layers", FutureWarning)
/home/seungeon/Workspace/side/vlm/train_hybrid.py:18: DeprecationWarning: The distutils package is deprecated and slated for removal in Python 3.12. Use setuptools or check PEP 632 for potential alternatives
  from distutils.util import strtobool
Torch version: 2.9.1+cu128
cuda is loaded for process
here?
In my local computer
Namespace(epoch=100, gpu_number='0', data_name='banana_juice', lr=0.0005, batch_size=6, shuffle=True, seed=0, tag='default', model_name='ViT-B-32', pretrained_name='laion2b_s34b_b79k', lora=1, default=False, foundation='CLIP', detection=1, preprocess=1, num_rule=0, object_names=['a banana picture label', 'a 100% text label', 'a bottle cap', 'a black background'], objects_for_rules=[['a banana picture label'], ['a banana picture label', 'a 100% text label'], ['a banana picture label'], ['a 100% text label'], ['a banana picture label', 'a 100% text label']], texts_for_rules=[['a photo of banana picture label'], ['a photo of banana picture label and 100% text label'], ['a photo of banana picture label'], ['a photo of 100% text label'], ['a photo of banana picture label and 100% text label']], mask=1, text=1, score='mean', ciriculam_learning=False, few_shot=1, shot=1, log=1, neg_loss=0, double_encoder=1, pretrained_count_path=None, ris=0, rule_select='', rule_list=[], num_negative=5, hybrid_model='winclip', hybrid_weight=0.3, hybrid_class_name='', hybrid_batch_size=16, hybrid_backbone='ViT-B-16-plus-240', hybrid_pretrained_dataset='laion400m_e32', hybrid_scales=[2, 3], hybrid_img_resize=240, hybrid_img_cropsize=240, hybrid_resolution=400, hybrid_promptad_epoch=100, hybrid_promptad_lr=0.002, hybrid_promptad_momentum=0.9, hybrid_promptad_weight_decay=0.0005, hybrid_promptad_eta_min=1e-05, hybrid_promptad_lambda1=0.001, hybrid_promptad_n_ctx=4, hybrid_promptad_n_pro=3, hybrid_promptad_n_ctx_ab=1, hybrid_promptad_n_pro_ab=4, early_stop_k=10, result_log_path='./results/train_hybrid_result.csv')
[Hybrid] method=winclip, class_name=juice_bottle, train=1, eval=85, base_path=/data3/seungeon/data/image/mvtec_loco_anomaly_detection/banana_juice
grid 240 16 (15, 15)
[Hybrid-only] LA_AUC=0.65967, LA_AUPRC=0.44538, LA_F1=0.66667
[Data Description]
- Train: 1
- Test: 85

Train Start
[Test ROC-AUC]  -  SA: 0.00000,  LA: 0.71329
[Test AUPRC]  -  LA: 0.57529
[Test F1-max]  -  LA: 0.65789
Epoch: 0 | Loss: 16.0020694732666  | Negative Loss: 0.0
[Test ROC-AUC]  -  SA: 0.00000,  LA: 0.71737
[Test AUPRC]  -  LA: 0.58159
[Test F1-max]  -  LA: 0.65789
Epoch: 1 | Loss: 15.849312782287598  | Negative Loss: 0.0
[Test ROC-AUC]  -  SA: 0.00000,  LA: 0.76107
[Test AUPRC]  -  LA: 0.62238
[Test F1-max]  -  LA: 0.68493
Epoch: 2 | Loss: 14.214985847473145  | Negative Loss: 0.0
[Test ROC-AUC]  -  SA: 0.00000,  LA: 0.82284
[Test AUPRC]  -  LA: 0.66791
[Test F1-max]  -  LA: 0.73973
Epoch: 3 | Loss: 11.602055549621582  | Negative Loss: 0.0
[Test ROC-AUC]  -  SA: 0.00000,  LA: 0.86072
[Test AUPRC]  -  LA: 0.76563
[Test F1-max]  -  LA: 0.77108
Epoch: 4 | Loss: 8.421353340148926  | Negative Loss: 0.0
[Test ROC-AUC]  -  SA: 0.00000,  LA: 0.85315
[Test AUPRC]  -  LA: 0.76824
[Test F1-max]  -  LA: 0.78049
Epoch: 5 | Loss: 5.386251449584961  | Negative Loss: 0.0
[Test ROC-AUC]  -  SA: 0.00000,  LA: 0.83042
[Test AUPRC]  -  LA: 0.73289
[Test F1-max]  -  LA: 0.75294
Epoch: 6 | Loss: 3.1533989906311035  | Negative Loss: 0.0
[Test ROC-AUC]  -  SA: 0.00000,  LA: 0.81410
[Test AUPRC]  -  LA: 0.72413
[Test F1-max]  -  LA: 0.72727
Epoch: 7 | Loss: 1.7652314901351929  | Negative Loss: 0.0
[Test ROC-AUC]  -  SA: 0.00000,  LA: 0.80536
[Test AUPRC]  -  LA: 0.70321
[Test F1-max]  -  LA: 0.72527
Epoch: 8 | Loss: 0.9810676574707031  | Negative Loss: 0.0
[Test ROC-AUC]  -  SA: 0.00000,  LA: 0.80070
[Test AUPRC]  -  LA: 0.70102
[Test F1-max]  -  LA: 0.72527
Epoch: 9 | Loss: 0.5561131238937378  | Negative Loss: 0.0
[Test ROC-AUC]  -  SA: 0.00000,  LA: 0.79837
[Test AUPRC]  -  LA: 0.69926
[Test F1-max]  -  LA: 0.72527
Epoch: 10 | Loss: 0.31777554750442505  | Negative Loss: 0.0
[Test ROC-AUC]  -  SA: 0.00000,  LA: 0.79371
[Test AUPRC]  -  LA: 0.69792
[Test F1-max]  -  LA: 0.72527
Epoch: 11 | Loss: 0.18370357155799866  | Negative Loss: 0.0
[Test ROC-AUC]  -  SA: 0.00000,  LA: 0.78788
[Test AUPRC]  -  LA: 0.69499
[Test F1-max]  -  LA: 0.72527
Epoch: 12 | Loss: 0.10500553250312805  | Negative Loss: 0.0
[Test ROC-AUC]  -  SA: 0.00000,  LA: 0.79138
[Test AUPRC]  -  LA: 0.69706
[Test F1-max]  -  LA: 0.72527
Epoch: 13 | Loss: 0.05993630737066269  | Negative Loss: 0.0
[Test ROC-AUC]  -  SA: 0.00000,  LA: 0.79429
[Test AUPRC]  -  LA: 0.69832
[Test F1-max]  -  LA: 0.72527
Epoch: 14 | Loss: 0.03449873998761177  | Negative Loss: 0.0
[Test ROC-AUC]  -  SA: 0.00000,  LA: 0.79895
[Test AUPRC]  -  LA: 0.70501
[Test F1-max]  -  LA: 0.72727
Epoch: 15 | Loss: 0.020209237933158875  | Negative Loss: 0.0
[Test ROC-AUC]  -  SA: 0.00000,  LA: 0.80361
[Test AUPRC]  -  LA: 0.70818
[Test F1-max]  -  LA: 0.74157
Epoch: 16 | Loss: 0.012017779052257538  | Negative Loss: 0.0
[Test ROC-AUC]  -  SA: 0.00000,  LA: 0.80420
[Test AUPRC]  -  LA: 0.70653
[Test F1-max]  -  LA: 0.74157
Epoch: 17 | Loss: 0.007245317101478577  | Negative Loss: 0.0
[Test ROC-AUC]  -  SA: 0.00000,  LA: 0.81061
[Test AUPRC]  -  LA: 0.71391
[Test F1-max]  -  LA: 0.75000
Epoch: 18 | Loss: 0.004449458327144384  | Negative Loss: 0.0
[Test ROC-AUC]  -  SA: 0.00000,  LA: 0.81294
[Test AUPRC]  -  LA: 0.71486
[Test F1-max]  -  LA: 0.74157
Epoch: 19 | Loss: 0.00278327870182693  | Negative Loss: 0.0
[Test ROC-AUC]  -  SA: 0.00000,  LA: 0.81294
[Test AUPRC]  -  LA: 0.71568
[Test F1-max]  -  LA: 0.74157
Epoch: 20 | Loss: 0.001770770875737071  | Negative Loss: 0.0
[Test ROC-AUC]  -  SA: 0.00000,  LA: 0.81119
[Test AUPRC]  -  LA: 0.70949
[Test F1-max]  -  LA: 0.73333
Epoch: 21 | Loss: 0.001149866497144103  | Negative Loss: 0.0
[Test ROC-AUC]  -  SA: 0.00000,  LA: 0.81061
[Test AUPRC]  -  LA: 0.70033
[Test F1-max]  -  LA: 0.73333
Epoch: 22 | Loss: 0.0007624147110618651  | Negative Loss: 0.0
[Test ROC-AUC]  -  SA: 0.00000,  LA: 0.81002
[Test AUPRC]  -  LA: 0.69522
[Test F1-max]  -  LA: 0.74157
Epoch: 23 | Loss: 0.0005168155184946954  | Negative Loss: 0.0
[Test ROC-AUC]  -  SA: 0.00000,  LA: 0.80828
[Test AUPRC]  -  LA: 0.68199
[Test F1-max]  -  LA: 0.72727
Epoch: 24 | Loss: 0.000357472657924518  | Negative Loss: 0.0
[Test ROC-AUC]  -  SA: 0.00000,  LA: 0.80769
[Test AUPRC]  -  LA: 0.68077
[Test F1-max]  -  LA: 0.72527
Epoch: 25 | Loss: 0.0002521099231671542  | Negative Loss: 0.0
[Test ROC-AUC]  -  SA: 0.00000,  LA: 0.80769
[Test AUPRC]  -  LA: 0.67965
[Test F1-max]  -  LA: 0.71910
Epoch: 26 | Loss: 0.00018178505706600845  | Negative Loss: 0.0
[Test ROC-AUC]  -  SA: 0.00000,  LA: 0.80478
[Test AUPRC]  -  LA: 0.67779
[Test F1-max]  -  LA: 0.71233
Epoch: 27 | Loss: 0.00013362873869482428  | Negative Loss: 0.0
[Test ROC-AUC]  -  SA: 0.00000,  LA: 0.80070
[Test AUPRC]  -  LA: 0.66893
[Test F1-max]  -  LA: 0.71233
Epoch: 28 | Loss: 0.00010013309656642377  | Negative Loss: 0.0
[Test ROC-AUC]  -  SA: 0.00000,  LA: 0.79604
[Test AUPRC]  -  LA: 0.65916
[Test F1-max]  -  LA: 0.70968
Epoch: 29 | Loss: 7.617319351993501e-05  | Negative Loss: 0.0
[Test ROC-AUC]  -  SA: 0.00000,  LA: 0.79487
[Test AUPRC]  -  LA: 0.65650
[Test F1-max]  -  LA: 0.71429
Epoch: 30 | Loss: 5.924608922214247e-05  | Negative Loss: 0.0
[Test ROC-AUC]  -  SA: 0.00000,  LA: 0.79138
[Test AUPRC]  -  LA: 0.62186
[Test F1-max]  -  LA: 0.70423
Epoch: 31 | Loss: 4.6729473979212344e-05  | Negative Loss: 0.0
[Test ROC-AUC]  -  SA: 0.00000,  LA: 0.79138
[Test AUPRC]  -  LA: 0.61800
[Test F1-max]  -  LA: 0.71233
Epoch: 32 | Loss: 3.778897735173814e-05  | Negative Loss: 0.0
[Test ROC-AUC]  -  SA: 0.00000,  LA: 0.79254
[Test AUPRC]  -  LA: 0.61531
[Test F1-max]  -  LA: 0.71233
Epoch: 33 | Loss: 3.0755756597500294e-05  | Negative Loss: 0.0
[Test ROC-AUC]  -  SA: 0.00000,  LA: 0.79196
[Test AUPRC]  -  LA: 0.61536
[Test F1-max]  -  LA: 0.70968
Epoch: 34 | Loss: 2.5391414965270087e-05  | Negative Loss: 0.0
[Test ROC-AUC]  -  SA: 0.00000,  LA: 0.79021
[Test AUPRC]  -  LA: 0.61151
[Test F1-max]  -  LA: 0.70968
Epoch: 35 | Loss: 2.109993147314526e-05  | Negative Loss: 0.0
[Test ROC-AUC]  -  SA: 0.00000,  LA: 0.78730
[Test AUPRC]  -  LA: 0.62339
[Test F1-max]  -  LA: 0.70968
Epoch: 36 | Loss: 1.8000522686634213e-05  | Negative Loss: 0.0
[Test ROC-AUC]  -  SA: 0.00000,  LA: 0.78322
[Test AUPRC]  -  LA: 0.61653
[Test F1-max]  -  LA: 0.70968
Epoch: 37 | Loss: 1.549714943394065e-05  | Negative Loss: 0.0
[Test ROC-AUC]  -  SA: 0.00000,  LA: 0.78438
[Test AUPRC]  -  LA: 0.61762
[Test F1-max]  -  LA: 0.70968
Epoch: 38 | Loss: 1.3470606063492596e-05  | Negative Loss: 0.0
[Test ROC-AUC]  -  SA: 0.00000,  LA: 0.78380
[Test AUPRC]  -  LA: 0.61734
[Test F1-max]  -  LA: 0.70968
Epoch: 39 | Loss: 1.1801686014223378e-05  | Negative Loss: 0.0
[Test ROC-AUC]  -  SA: 0.00000,  LA: 0.78030
[Test AUPRC]  -  LA: 0.61053
[Test F1-max]  -  LA: 0.70968
Epoch: 40 | Loss: 1.072880877472926e-05  | Negative Loss: 0.0
[Test ROC-AUC]  -  SA: 0.00000,  LA: 0.78030
[Test AUPRC]  -  LA: 0.61018
[Test F1-max]  -  LA: 0.70968
Epoch: 41 | Loss: 9.536721336189657e-06  | Negative Loss: 0.0
[Test ROC-AUC]  -  SA: 0.00000,  LA: 0.77797
[Test AUPRC]  -  LA: 0.60260
[Test F1-max]  -  LA: 0.70968
Epoch: 42 | Loss: 8.463842277706135e-06  | Negative Loss: 0.0
[Test ROC-AUC]  -  SA: 0.00000,  LA: 0.77739
[Test AUPRC]  -  LA: 0.60133
[Test F1-max]  -  LA: 0.70968
Epoch: 43 | Loss: 7.748589268885553e-06  | Negative Loss: 0.0
[Test ROC-AUC]  -  SA: 0.00000,  LA: 0.77622
[Test AUPRC]  -  LA: 0.59806
[Test F1-max]  -  LA: 0.70968
Epoch: 44 | Loss: 7.152545549615752e-06  | Negative Loss: 0.0
[Test ROC-AUC]  -  SA: 0.00000,  LA: 0.77506
[Test AUPRC]  -  LA: 0.59684
[Test F1-max]  -  LA: 0.70968
Epoch: 45 | Loss: 6.556500920851249e-06  | Negative Loss: 0.0
[Test ROC-AUC]  -  SA: 0.00000,  LA: 0.77448
[Test AUPRC]  -  LA: 0.59597
[Test F1-max]  -  LA: 0.70968
Epoch: 46 | Loss: 5.960455837339396e-06  | Negative Loss: 0.0
[Test ROC-AUC]  -  SA: 0.00000,  LA: 0.77448
[Test AUPRC]  -  LA: 0.59634
[Test F1-max]  -  LA: 0.70968
Epoch: 47 | Loss: 5.722038167732535e-06  | Negative Loss: 0.0
[Test ROC-AUC]  -  SA: 0.00000,  LA: 0.77331
[Test AUPRC]  -  LA: 0.59509
[Test F1-max]  -  LA: 0.70968
Epoch: 48 | Loss: 5.364411663322244e-06  | Negative Loss: 0.0
[Test ROC-AUC]  -  SA: 0.00000,  LA: 0.77389
[Test AUPRC]  -  LA: 0.59572
[Test F1-max]  -  LA: 0.70968
Epoch: 49 | Loss: 5.006784249417251e-06  | Negative Loss: 0.0
[Test ROC-AUC]  -  SA: 0.00000,  LA: 0.77389
[Test AUPRC]  -  LA: 0.59572
[Test F1-max]  -  LA: 0.70968
Epoch: 50 | Loss: 4.887575414613821e-06  | Negative Loss: 0.0
[Test ROC-AUC]  -  SA: 0.00000,  LA: 0.77331
[Test AUPRC]  -  LA: 0.59499
[Test F1-max]  -  LA: 0.70968
Epoch: 51 | Loss: 4.529948000708828e-06  | Negative Loss: 0.0
[Test ROC-AUC]  -  SA: 0.00000,  LA: 0.77214
[Test AUPRC]  -  LA: 0.59229
[Test F1-max]  -  LA: 0.70968
Epoch: 52 | Loss: 4.410739165905397e-06  | Negative Loss: 0.0
[Test ROC-AUC]  -  SA: 0.00000,  LA: 0.77214
[Test AUPRC]  -  LA: 0.59229
[Test F1-max]  -  LA: 0.70968
Epoch: 53 | Loss: 4.172321041551186e-06  | Negative Loss: 0.0
[Test ROC-AUC]  -  SA: 0.00000,  LA: 0.77156
[Test AUPRC]  -  LA: 0.59172
[Test F1-max]  -  LA: 0.70968
Epoch: 54 | Loss: 4.053112206747755e-06  | Negative Loss: 0.0
[Test ROC-AUC]  -  SA: 0.00000,  LA: 0.77156
[Test AUPRC]  -  LA: 0.59172
[Test F1-max]  -  LA: 0.70968
Epoch: 55 | Loss: 3.933902917196974e-06  | Negative Loss: 0.0
[Test ROC-AUC]  -  SA: 0.00000,  LA: 0.77040
[Test AUPRC]  -  LA: 0.59073
[Test F1-max]  -  LA: 0.70968
Epoch: 56 | Loss: 3.695485020216438e-06  | Negative Loss: 0.0
[Test ROC-AUC]  -  SA: 0.00000,  LA: 0.77040
[Test AUPRC]  -  LA: 0.59073
[Test F1-max]  -  LA: 0.70968
Epoch: 57 | Loss: 3.695485020216438e-06  | Negative Loss: 0.0
[Test ROC-AUC]  -  SA: 0.00000,  LA: 0.77098
[Test AUPRC]  -  LA: 0.59037
[Test F1-max]  -  LA: 0.70968
Epoch: 58 | Loss: 3.576275958039332e-06  | Negative Loss: 0.0
[Test ROC-AUC]  -  SA: 0.00000,  LA: 0.77098
[Test AUPRC]  -  LA: 0.59037
[Test F1-max]  -  LA: 0.70968
Epoch: 59 | Loss: 3.576275958039332e-06  | Negative Loss: 0.0
[Test ROC-AUC]  -  SA: 0.00000,  LA: 0.76981
[Test AUPRC]  -  LA: 0.58806
[Test F1-max]  -  LA: 0.70968
Epoch: 60 | Loss: 3.337857606311445e-06  | Negative Loss: 0.0
[Test ROC-AUC]  -  SA: 0.00000,  LA: 0.76981
[Test AUPRC]  -  LA: 0.58806
[Test F1-max]  -  LA: 0.70968
Epoch: 61 | Loss: 3.2186485441343393e-06  | Negative Loss: 0.0
[Test ROC-AUC]  -  SA: 0.00000,  LA: 0.76865
[Test AUPRC]  -  LA: 0.58433
[Test F1-max]  -  LA: 0.70968
Epoch: 62 | Loss: 3.099439254583558e-06  | Negative Loss: 0.0
[Test ROC-AUC]  -  SA: 0.00000,  LA: 0.76807
[Test AUPRC]  -  LA: 0.58380
[Test F1-max]  -  LA: 0.70968
Epoch: 63 | Loss: 3.099439254583558e-06  | Negative Loss: 0.0
[Test ROC-AUC]  -  SA: 0.00000,  LA: 0.76807
[Test AUPRC]  -  LA: 0.58380
[Test F1-max]  -  LA: 0.70968
Epoch: 64 | Loss: 3.099439254583558e-06  | Negative Loss: 0.0
[Test ROC-AUC]  -  SA: 0.00000,  LA: 0.76865
[Test AUPRC]  -  LA: 0.58427
[Test F1-max]  -  LA: 0.70968
Epoch: 65 | Loss: 2.9802304197801277e-06  | Negative Loss: 0.0
[Test ROC-AUC]  -  SA: 0.00000,  LA: 0.76865
[Test AUPRC]  -  LA: 0.58427
[Test F1-max]  -  LA: 0.70968
Epoch: 66 | Loss: 2.8610211302293465e-06  | Negative Loss: 0.0
[Test ROC-AUC]  -  SA: 0.00000,  LA: 0.76865
[Test AUPRC]  -  LA: 0.58427
[Test F1-max]  -  LA: 0.70968
Epoch: 67 | Loss: 2.8610211302293465e-06  | Negative Loss: 0.0
[Test ROC-AUC]  -  SA: 0.00000,  LA: 0.76865
[Test AUPRC]  -  LA: 0.58427
[Test F1-max]  -  LA: 0.70968
Epoch: 68 | Loss: 2.8610211302293465e-06  | Negative Loss: 0.0
[Test ROC-AUC]  -  SA: 0.00000,  LA: 0.76865
[Test AUPRC]  -  LA: 0.58427
[Test F1-max]  -  LA: 0.70968
Epoch: 69 | Loss: 2.741811840678565e-06  | Negative Loss: 0.0
[Test ROC-AUC]  -  SA: 0.00000,  LA: 0.76807
[Test AUPRC]  -  LA: 0.58366
[Test F1-max]  -  LA: 0.70968
Epoch: 70 | Loss: 2.741811840678565e-06  | Negative Loss: 0.0
[Test ROC-AUC]  -  SA: 0.00000,  LA: 0.76748
[Test AUPRC]  -  LA: 0.58290
[Test F1-max]  -  LA: 0.70968
Epoch: 71 | Loss: 2.741811840678565e-06  | Negative Loss: 0.0
[Test ROC-AUC]  -  SA: 0.00000,  LA: 0.76690
[Test AUPRC]  -  LA: 0.58228
[Test F1-max]  -  LA: 0.70968
Epoch: 72 | Loss: 2.741811840678565e-06  | Negative Loss: 0.0
[Test ROC-AUC]  -  SA: 0.00000,  LA: 0.76690
[Test AUPRC]  -  LA: 0.58228
[Test F1-max]  -  LA: 0.70968
Epoch: 73 | Loss: 2.741811840678565e-06  | Negative Loss: 0.0
[Test ROC-AUC]  -  SA: 0.00000,  LA: 0.76690
[Test AUPRC]  -  LA: 0.58228
[Test F1-max]  -  LA: 0.70968
Epoch: 74 | Loss: 2.622603005875135e-06  | Negative Loss: 0.0
[Test ROC-AUC]  -  SA: 0.00000,  LA: 0.76632
[Test AUPRC]  -  LA: 0.58097
[Test F1-max]  -  LA: 0.70968
Epoch: 75 | Loss: 2.622603005875135e-06  | Negative Loss: 0.0
[Test ROC-AUC]  -  SA: 0.00000,  LA: 0.76632
[Test AUPRC]  -  LA: 0.58097
[Test F1-max]  -  LA: 0.70968
Epoch: 76 | Loss: 2.622603005875135e-06  | Negative Loss: 0.0
[Test ROC-AUC]  -  SA: 0.00000,  LA: 0.76632
[Test AUPRC]  -  LA: 0.58097
[Test F1-max]  -  LA: 0.70968
Epoch: 77 | Loss: 2.622603005875135e-06  | Negative Loss: 0.0
[Test ROC-AUC]  -  SA: 0.00000,  LA: 0.76632
[Test AUPRC]  -  LA: 0.58097
[Test F1-max]  -  LA: 0.70968
Epoch: 78 | Loss: 2.5033937163243536e-06  | Negative Loss: 0.0
[Test ROC-AUC]  -  SA: 0.00000,  LA: 0.76632
[Test AUPRC]  -  LA: 0.58097
[Test F1-max]  -  LA: 0.70968
Epoch: 79 | Loss: 2.5033937163243536e-06  | Negative Loss: 0.0
[Test ROC-AUC]  -  SA: 0.00000,  LA: 0.76632
[Test AUPRC]  -  LA: 0.58097
[Test F1-max]  -  LA: 0.70968
Epoch: 80 | Loss: 2.5033937163243536e-06  | Negative Loss: 0.0
[Test ROC-AUC]  -  SA: 0.00000,  LA: 0.76632
[Test AUPRC]  -  LA: 0.58097
[Test F1-max]  -  LA: 0.70968
Epoch: 81 | Loss: 2.5033937163243536e-06  | Negative Loss: 0.0
[Test ROC-AUC]  -  SA: 0.00000,  LA: 0.76632
[Test AUPRC]  -  LA: 0.58097
[Test F1-max]  -  LA: 0.70968
Epoch: 82 | Loss: 2.3841844267735723e-06  | Negative Loss: 0.0
[Test ROC-AUC]  -  SA: 0.00000,  LA: 0.76632
[Test AUPRC]  -  LA: 0.58097
[Test F1-max]  -  LA: 0.70968
Epoch: 83 | Loss: 2.3841844267735723e-06  | Negative Loss: 0.0
[Test ROC-AUC]  -  SA: 0.00000,  LA: 0.76632
[Test AUPRC]  -  LA: 0.58097
[Test F1-max]  -  LA: 0.70968
Epoch: 84 | Loss: 2.3841844267735723e-06  | Negative Loss: 0.0
[Test ROC-AUC]  -  SA: 0.00000,  LA: 0.76632
[Test AUPRC]  -  LA: 0.58097
[Test F1-max]  -  LA: 0.70968
Epoch: 85 | Loss: 2.3841844267735723e-06  | Negative Loss: 0.0
[Test ROC-AUC]  -  SA: 0.00000,  LA: 0.76632
[Test AUPRC]  -  LA: 0.58097
[Test F1-max]  -  LA: 0.70968
Epoch: 86 | Loss: 2.3841844267735723e-06  | Negative Loss: 0.0
[Test ROC-AUC]  -  SA: 0.00000,  LA: 0.76573
[Test AUPRC]  -  LA: 0.58034
[Test F1-max]  -  LA: 0.70968
Epoch: 87 | Loss: 2.3841844267735723e-06  | Negative Loss: 0.0
[Test ROC-AUC]  -  SA: 0.00000,  LA: 0.76573
[Test AUPRC]  -  LA: 0.58034
[Test F1-max]  -  LA: 0.70968
Epoch: 88 | Loss: 2.3841844267735723e-06  | Negative Loss: 0.0
[Test ROC-AUC]  -  SA: 0.00000,  LA: 0.76573
[Test AUPRC]  -  LA: 0.58034
[Test F1-max]  -  LA: 0.70968
Epoch: 89 | Loss: 2.3841844267735723e-06  | Negative Loss: 0.0
[Test ROC-AUC]  -  SA: 0.00000,  LA: 0.76573
[Test AUPRC]  -  LA: 0.58034
[Test F1-max]  -  LA: 0.70968
Epoch: 90 | Loss: 2.3841844267735723e-06  | Negative Loss: 0.0
[Test ROC-AUC]  -  SA: 0.00000,  LA: 0.76573
[Test AUPRC]  -  LA: 0.58034
[Test F1-max]  -  LA: 0.70968
Epoch: 91 | Loss: 2.264975591970142e-06  | Negative Loss: 0.0
[Test ROC-AUC]  -  SA: 0.00000,  LA: 0.76573
[Test AUPRC]  -  LA: 0.58034
[Test F1-max]  -  LA: 0.70968
Epoch: 92 | Loss: 2.264975591970142e-06  | Negative Loss: 0.0
[Test ROC-AUC]  -  SA: 0.00000,  LA: 0.76573
[Test AUPRC]  -  LA: 0.58034
[Test F1-max]  -  LA: 0.70968
Epoch: 93 | Loss: 2.264975591970142e-06  | Negative Loss: 0.0
[Test ROC-AUC]  -  SA: 0.00000,  LA: 0.76573
[Test AUPRC]  -  LA: 0.58034
[Test F1-max]  -  LA: 0.70968
Epoch: 94 | Loss: 2.264975591970142e-06  | Negative Loss: 0.0
[Test ROC-AUC]  -  SA: 0.00000,  LA: 0.76573
[Test AUPRC]  -  LA: 0.58034
[Test F1-max]  -  LA: 0.70968
Epoch: 95 | Loss: 2.264975591970142e-06  | Negative Loss: 0.0
[Test ROC-AUC]  -  SA: 0.00000,  LA: 0.76573
[Test AUPRC]  -  LA: 0.58034
[Test F1-max]  -  LA: 0.70968
Epoch: 96 | Loss: 2.264975591970142e-06  | Negative Loss: 0.0
[Test ROC-AUC]  -  SA: 0.00000,  LA: 0.76573
[Test AUPRC]  -  LA: 0.58034
[Test F1-max]  -  LA: 0.70968
Epoch: 97 | Loss: 2.264975591970142e-06  | Negative Loss: 0.0
[Test ROC-AUC]  -  SA: 0.00000,  LA: 0.76573
[Test AUPRC]  -  LA: 0.58034
[Test F1-max]  -  LA: 0.70968
Epoch: 98 | Loss: 2.264975591970142e-06  | Negative Loss: 0.0
[Test ROC-AUC]  -  SA: 0.00000,  LA: 0.76573
[Test AUPRC]  -  LA: 0.58034
[Test F1-max]  -  LA: 0.70968
Epoch: 99 | Loss: 2.264975591970142e-06  | Negative Loss: 0.0
Time consumption: 93.37026691436768
Best LA AUC: 0.8607226107226107
Best LA AUPC: 0.7682356126023131
Best LA F1-max: 0.7804878048780488
[Result] Experiment result appended to ./results/train_hybrid_result.csv

[END] 2026-03-18 18:14:02
[RETURN CODE] 0
