[START] 2026-03-18 14:05:57
[GPU] 0
[INDEX] 2/20
[COMMAND] python train_hybrid.py --data_name breakfast --mask True --text True --double_encoder True --few_shot True --shot 5 --hybrid_model winclip --hybrid_weight 0.3 --hybrid_batch_size 16 --epoch 100 --log True --lr 5e-4 --detection True --preprocess True

/home/seungeon/miniconda3/envs/LAB/lib/python3.10/site-packages/timm/models/layers/__init__.py:48: FutureWarning: Importing from timm.models.layers is deprecated, please import via timm.layers
  warnings.warn(f"Importing from {__name__} is deprecated, please import via timm.layers", FutureWarning)
/home/seungeon/Workspace/side/vlm/train_hybrid.py:18: DeprecationWarning: The distutils package is deprecated and slated for removal in Python 3.12. Use setuptools or check PEP 632 for potential alternatives
  from distutils.util import strtobool
Torch version: 2.9.1+cu128
cuda is loaded for process
here?
In my local computer
Namespace(epoch=100, gpu_number='0', data_name='breakfast', lr=0.0005, batch_size=6, shuffle=True, seed=0, tag='default', model_name='ViT-B-32', pretrained_name='laion2b_s34b_b79k', lora=1, default=False, foundation='CLIP', detection=1, preprocess=1, num_rule=0, object_names=['a mandarin', 'a peach', 'an almonds', 'a banana chips', 'an oat cereal'], objects_for_rules=[['a mandarin'], ['a peach'], ['an oat cereal'], ['an almonds'], ['a banana chips'], ['an almonds', 'a banana chips', 'an oat cereal'], ['an almonds', 'a banana chips']], texts_for_rules=[['mandarins'], ['peach'], ['oat cereal'], ['almonds'], ['banana chips'], ['almonds, banana chips and oat cereal'], ['almonds and banana chips']], mask=1, text=1, score='mean', ciriculam_learning=False, few_shot=1, shot=5, log=1, neg_loss=0, double_encoder=1, pretrained_count_path=None, ris=0, rule_select='', rule_list=[], num_negative=5, hybrid_model='winclip', hybrid_weight=0.3, hybrid_class_name='', hybrid_batch_size=16, hybrid_backbone='ViT-B-16-plus-240', hybrid_pretrained_dataset='laion400m_e32', hybrid_scales=[2, 3], hybrid_img_resize=240, hybrid_img_cropsize=240, hybrid_resolution=400, hybrid_promptad_epoch=100, hybrid_promptad_lr=0.002, hybrid_promptad_momentum=0.9, hybrid_promptad_weight_decay=0.0005, hybrid_promptad_eta_min=1e-05, hybrid_promptad_lambda1=0.001, hybrid_promptad_n_ctx=4, hybrid_promptad_n_pro=3, hybrid_promptad_n_ctx_ab=1, hybrid_promptad_n_pro_ab=4, early_stop_k=10, result_log_path='./results/train_hybrid_result.csv')
[Hybrid] method=winclip, class_name=breakfast_box, train=5, eval=185, base_path=/data3/seungeon/data/image/mvtec_loco_anomaly_detection/breakfast_box
grid 240 16 (15, 15)
[Hybrid-only] LA_AUC=0.67269, LA_AUPRC=0.69149, LA_F1=0.76628
[Data Description]
- Train: 5
- Test: 185

Train Start
[Test ROC-AUC]  -  SA: 0.00000,  LA: 0.57477
[Test AUPRC]  -  LA: 0.58192
[Test F1-max]  -  LA: 0.74182
Epoch: 0 | Loss: 10.986909866333008  | Negative Loss: 0.0
[Test ROC-AUC]  -  SA: 0.00000,  LA: 0.57914
[Test AUPRC]  -  LA: 0.58385
[Test F1-max]  -  LA: 0.74182
Epoch: 1 | Loss: 10.918146133422852  | Negative Loss: 0.0
[Test ROC-AUC]  -  SA: 0.00000,  LA: 0.62875
[Test AUPRC]  -  LA: 0.61949
[Test F1-max]  -  LA: 0.75556
Epoch: 2 | Loss: 10.168977737426758  | Negative Loss: 0.0
[Test ROC-AUC]  -  SA: 0.00000,  LA: 0.69277
[Test AUPRC]  -  LA: 0.66640
[Test F1-max]  -  LA: 0.78151
Epoch: 3 | Loss: 8.866364479064941  | Negative Loss: 0.0
[Test ROC-AUC]  -  SA: 0.00000,  LA: 0.75112
[Test AUPRC]  -  LA: 0.71950
[Test F1-max]  -  LA: 0.81301
Epoch: 4 | Loss: 7.135155200958252  | Negative Loss: 0.0
[Test ROC-AUC]  -  SA: 0.00000,  LA: 0.79046
[Test AUPRC]  -  LA: 0.75350
[Test F1-max]  -  LA: 0.83544
Epoch: 5 | Loss: 5.269510746002197  | Negative Loss: 0.0
[Test ROC-AUC]  -  SA: 0.00000,  LA: 0.81113
[Test AUPRC]  -  LA: 0.77340
[Test F1-max]  -  LA: 0.84255
Epoch: 6 | Loss: 3.617884635925293  | Negative Loss: 0.0
[Test ROC-AUC]  -  SA: 0.00000,  LA: 0.82117
[Test AUPRC]  -  LA: 0.78854
[Test F1-max]  -  LA: 0.84305
Epoch: 7 | Loss: 2.408787488937378  | Negative Loss: 0.0
[Test ROC-AUC]  -  SA: 0.00000,  LA: 0.81951
[Test AUPRC]  -  LA: 0.79152
[Test F1-max]  -  LA: 0.84615
Epoch: 8 | Loss: 1.6506733894348145  | Negative Loss: 0.0
[Test ROC-AUC]  -  SA: 0.00000,  LA: 0.81680
[Test AUPRC]  -  LA: 0.79457
[Test F1-max]  -  LA: 0.84255
Epoch: 9 | Loss: 1.1781151294708252  | Negative Loss: 0.0
[Test ROC-AUC]  -  SA: 0.00000,  LA: 0.81550
[Test AUPRC]  -  LA: 0.79713
[Test F1-max]  -  LA: 0.83898
Epoch: 10 | Loss: 0.8589469194412231  | Negative Loss: 0.0
[Test ROC-AUC]  -  SA: 0.00000,  LA: 0.81821
[Test AUPRC]  -  LA: 0.80079
[Test F1-max]  -  LA: 0.83404
Epoch: 11 | Loss: 0.6352289915084839  | Negative Loss: 0.0
[Test ROC-AUC]  -  SA: 0.00000,  LA: 0.81562
[Test AUPRC]  -  LA: 0.80319
[Test F1-max]  -  LA: 0.83051
Epoch: 12 | Loss: 0.4752165675163269  | Negative Loss: 0.0
[Test ROC-AUC]  -  SA: 0.00000,  LA: 0.81337
[Test AUPRC]  -  LA: 0.80673
[Test F1-max]  -  LA: 0.82988
Epoch: 13 | Loss: 0.3553565740585327  | Negative Loss: 0.0
[Test ROC-AUC]  -  SA: 0.00000,  LA: 0.81349
[Test AUPRC]  -  LA: 0.80892
[Test F1-max]  -  LA: 0.83051
Epoch: 14 | Loss: 0.2617333233356476  | Negative Loss: 0.0
[Test ROC-AUC]  -  SA: 0.00000,  LA: 0.80853
[Test AUPRC]  -  LA: 0.80706
[Test F1-max]  -  LA: 0.82251
Epoch: 15 | Loss: 0.1882103830575943  | Negative Loss: 0.0
[Test ROC-AUC]  -  SA: 0.00000,  LA: 0.79872
[Test AUPRC]  -  LA: 0.80324
[Test F1-max]  -  LA: 0.81328
Epoch: 16 | Loss: 0.13193006813526154  | Negative Loss: 0.0
[Test ROC-AUC]  -  SA: 0.00000,  LA: 0.78987
[Test AUPRC]  -  LA: 0.79914
[Test F1-max]  -  LA: 0.80658
Epoch: 17 | Loss: 0.09019941091537476  | Negative Loss: 0.0
[Test ROC-AUC]  -  SA: 0.00000,  LA: 0.78112
[Test AUPRC]  -  LA: 0.79182
[Test F1-max]  -  LA: 0.80488
Epoch: 18 | Loss: 0.06043911725282669  | Negative Loss: 0.0
[Test ROC-AUC]  -  SA: 0.00000,  LA: 0.77179
[Test AUPRC]  -  LA: 0.78705
[Test F1-max]  -  LA: 0.80000
Epoch: 19 | Loss: 0.03993028402328491  | Negative Loss: 0.0
[Test ROC-AUC]  -  SA: 0.00000,  LA: 0.76211
[Test AUPRC]  -  LA: 0.78142
[Test F1-max]  -  LA: 0.79688
Epoch: 20 | Loss: 0.026118317618966103  | Negative Loss: 0.0
[Test ROC-AUC]  -  SA: 0.00000,  LA: 0.75053
[Test AUPRC]  -  LA: 0.77071
[Test F1-max]  -  LA: 0.79688
Epoch: 21 | Loss: 0.017049504444003105  | Negative Loss: 0.0
[Test ROC-AUC]  -  SA: 0.00000,  LA: 0.74350
[Test AUPRC]  -  LA: 0.76459
[Test F1-max]  -  LA: 0.79070
Epoch: 22 | Loss: 0.011190025135874748  | Negative Loss: 0.0
[Test ROC-AUC]  -  SA: 0.00000,  LA: 0.73659
[Test AUPRC]  -  LA: 0.75594
[Test F1-max]  -  LA: 0.79070
Epoch: 23 | Loss: 0.007418403401970863  | Negative Loss: 0.0
[Test ROC-AUC]  -  SA: 0.00000,  LA: 0.73128
[Test AUPRC]  -  LA: 0.75120
[Test F1-max]  -  LA: 0.78764
[Early Stopping] LA AUROC dropped for 10 consecutive epochs. Stop at epoch 25/100.
Time consumption: 45.73952317237854
Best LA AUC: 0.8211670210252776
Best LA AUPC: 0.808919742454667
Best LA F1-max: 0.846153846153846
[Result] Experiment result appended to ./results/train_hybrid_result.csv

[END] 2026-03-18 14:10:21
[RETURN CODE] 0
