[START] 2026-03-18 15:02:25
[GPU] 0
[INDEX] 17/20
[COMMAND] python train_hybrid.py --data_name breakfast --mask True --text True --double_encoder True --few_shot True --shot 5 --hybrid_model promptad --hybrid_weight 0.3 --hybrid_batch_size 16 --epoch 100 --log True --lr 5e-4 --detection True --preprocess True

/home/seungeon/miniconda3/envs/LAB/lib/python3.10/site-packages/timm/models/layers/__init__.py:48: FutureWarning: Importing from timm.models.layers is deprecated, please import via timm.layers
  warnings.warn(f"Importing from {__name__} is deprecated, please import via timm.layers", FutureWarning)
/home/seungeon/Workspace/side/vlm/train_hybrid.py:18: DeprecationWarning: The distutils package is deprecated and slated for removal in Python 3.12. Use setuptools or check PEP 632 for potential alternatives
  from distutils.util import strtobool
Torch version: 2.9.1+cu128
cuda is loaded for process
here?
In my local computer
Namespace(epoch=100, gpu_number='0', data_name='breakfast', lr=0.0005, batch_size=6, shuffle=True, seed=0, tag='default', model_name='ViT-B-32', pretrained_name='laion2b_s34b_b79k', lora=1, default=False, foundation='CLIP', detection=1, preprocess=1, num_rule=0, object_names=['a mandarin', 'a peach', 'an almonds', 'a banana chips', 'an oat cereal'], objects_for_rules=[['a mandarin'], ['a peach'], ['an oat cereal'], ['an almonds'], ['a banana chips'], ['an almonds', 'a banana chips', 'an oat cereal'], ['an almonds', 'a banana chips']], texts_for_rules=[['mandarins'], ['peach'], ['oat cereal'], ['almonds'], ['banana chips'], ['almonds, banana chips and oat cereal'], ['almonds and banana chips']], mask=1, text=1, score='mean', ciriculam_learning=False, few_shot=1, shot=5, log=1, neg_loss=0, double_encoder=1, pretrained_count_path=None, ris=0, rule_select='', rule_list=[], num_negative=5, hybrid_model='promptad', hybrid_weight=0.3, hybrid_class_name='', hybrid_batch_size=16, hybrid_backbone='ViT-B-16-plus-240', hybrid_pretrained_dataset='laion400m_e32', hybrid_scales=[2, 3], hybrid_img_resize=240, hybrid_img_cropsize=240, hybrid_resolution=400, hybrid_promptad_epoch=100, hybrid_promptad_lr=0.002, hybrid_promptad_momentum=0.9, hybrid_promptad_weight_decay=0.0005, hybrid_promptad_eta_min=1e-05, hybrid_promptad_lambda1=0.001, hybrid_promptad_n_ctx=4, hybrid_promptad_n_pro=3, hybrid_promptad_n_ctx_ab=1, hybrid_promptad_n_pro_ab=4, early_stop_k=10, result_log_path='./results/train_hybrid_result.csv')
[Hybrid] method=promptad, class_name=breakfast_box, train=5, eval=185, base_path=/data3/seungeon/data/image/mvtec_loco_anomaly_detection/breakfast_box
[Hybrid-only] LA_AUC=0.79500, LA_AUPRC=0.74203, LA_F1=0.83843
[Data Description]
- Train: 5
- Test: 185

Train Start
[Test ROC-AUC]  -  SA: 0.00000,  LA: 0.59379
[Test AUPRC]  -  LA: 0.63347
[Test F1-max]  -  LA: 0.72598
Epoch: 0 | Loss: 8.01165771484375  | Negative Loss: 0.0
[Test ROC-AUC]  -  SA: 0.00000,  LA: 0.59698
[Test AUPRC]  -  LA: 0.63413
[Test F1-max]  -  LA: 0.72598
Epoch: 1 | Loss: 7.956533908843994  | Negative Loss: 0.0
[Test ROC-AUC]  -  SA: 0.00000,  LA: 0.66997
[Test AUPRC]  -  LA: 0.68608
[Test F1-max]  -  LA: 0.75397
Epoch: 2 | Loss: 7.3409423828125  | Negative Loss: 0.0
[Test ROC-AUC]  -  SA: 0.00000,  LA: 0.74333
[Test AUPRC]  -  LA: 0.73304
[Test F1-max]  -  LA: 0.79487
Epoch: 3 | Loss: 6.248879432678223  | Negative Loss: 0.0
[Test ROC-AUC]  -  SA: 0.00000,  LA: 0.79164
[Test AUPRC]  -  LA: 0.77296
[Test F1-max]  -  LA: 0.81197
Epoch: 4 | Loss: 4.887783527374268  | Negative Loss: 0.0
[Test ROC-AUC]  -  SA: 0.00000,  LA: 0.81396
[Test AUPRC]  -  LA: 0.79447
[Test F1-max]  -  LA: 0.82845
Epoch: 5 | Loss: 3.6042983531951904  | Negative Loss: 0.0
[Test ROC-AUC]  -  SA: 0.00000,  LA: 0.82955
[Test AUPRC]  -  LA: 0.80567
[Test F1-max]  -  LA: 0.84746
Epoch: 6 | Loss: 2.6033194065093994  | Negative Loss: 0.0
[Test ROC-AUC]  -  SA: 0.00000,  LA: 0.83924
[Test AUPRC]  -  LA: 0.81901
[Test F1-max]  -  LA: 0.86207
Epoch: 7 | Loss: 1.9122092723846436  | Negative Loss: 0.0
[Test ROC-AUC]  -  SA: 0.00000,  LA: 0.84113
[Test AUPRC]  -  LA: 0.81985
[Test F1-max]  -  LA: 0.86207
Epoch: 8 | Loss: 1.451320767402649  | Negative Loss: 0.0
[Test ROC-AUC]  -  SA: 0.00000,  LA: 0.84455
[Test AUPRC]  -  LA: 0.82780
[Test F1-max]  -  LA: 0.85837
Epoch: 9 | Loss: 1.1388814449310303  | Negative Loss: 0.0
[Test ROC-AUC]  -  SA: 0.00000,  LA: 0.84928
[Test AUPRC]  -  LA: 0.83579
[Test F1-max]  -  LA: 0.85837
Epoch: 10 | Loss: 0.9053666591644287  | Negative Loss: 0.0
[Test ROC-AUC]  -  SA: 0.00000,  LA: 0.85318
[Test AUPRC]  -  LA: 0.84527
[Test F1-max]  -  LA: 0.85957
Epoch: 11 | Loss: 0.7246403694152832  | Negative Loss: 0.0
[Test ROC-AUC]  -  SA: 0.00000,  LA: 0.85483
[Test AUPRC]  -  LA: 0.85151
[Test F1-max]  -  LA: 0.86325
Epoch: 12 | Loss: 0.5814617276191711  | Negative Loss: 0.0
[Test ROC-AUC]  -  SA: 0.00000,  LA: 0.85270
[Test AUPRC]  -  LA: 0.84930
[Test F1-max]  -  LA: 0.86325
Epoch: 13 | Loss: 0.46514010429382324  | Negative Loss: 0.0
[Test ROC-AUC]  -  SA: 0.00000,  LA: 0.84893
[Test AUPRC]  -  LA: 0.84511
[Test F1-max]  -  LA: 0.86325
Epoch: 14 | Loss: 0.3684420883655548  | Negative Loss: 0.0
[Test ROC-AUC]  -  SA: 0.00000,  LA: 0.85028
[Test AUPRC]  -  LA: 0.84403
[Test F1-max]  -  LA: 0.85965
Epoch: 15 | Loss: 0.2878444492816925  | Negative Loss: 0.0
[Test ROC-AUC]  -  SA: 0.00000,  LA: 0.84963
[Test AUPRC]  -  LA: 0.84250
[Test F1-max]  -  LA: 0.85590
Epoch: 16 | Loss: 0.22038453817367554  | Negative Loss: 0.0
[Test ROC-AUC]  -  SA: 0.00000,  LA: 0.84833
[Test AUPRC]  -  LA: 0.84158
[Test F1-max]  -  LA: 0.84388
Epoch: 17 | Loss: 0.16458670794963837  | Negative Loss: 0.0
[Test ROC-AUC]  -  SA: 0.00000,  LA: 0.84018
[Test AUPRC]  -  LA: 0.82786
[Test F1-max]  -  LA: 0.83682
Epoch: 18 | Loss: 0.12007883191108704  | Negative Loss: 0.0
[Test ROC-AUC]  -  SA: 0.00000,  LA: 0.83322
[Test AUPRC]  -  LA: 0.81377
[Test F1-max]  -  LA: 0.82906
Epoch: 19 | Loss: 0.08558352291584015  | Negative Loss: 0.0
[Test ROC-AUC]  -  SA: 0.00000,  LA: 0.82554
[Test AUPRC]  -  LA: 0.80312
[Test F1-max]  -  LA: 0.82609
Epoch: 20 | Loss: 0.059649139642715454  | Negative Loss: 0.0
[Test ROC-AUC]  -  SA: 0.00000,  LA: 0.82188
[Test AUPRC]  -  LA: 0.79818
[Test F1-max]  -  LA: 0.82051
Epoch: 21 | Loss: 0.04091980680823326  | Negative Loss: 0.0
[Test ROC-AUC]  -  SA: 0.00000,  LA: 0.81550
[Test AUPRC]  -  LA: 0.79479
[Test F1-max]  -  LA: 0.81223
Epoch: 22 | Loss: 0.027826933190226555  | Negative Loss: 0.0
[Test ROC-AUC]  -  SA: 0.00000,  LA: 0.80806
[Test AUPRC]  -  LA: 0.78988
[Test F1-max]  -  LA: 0.80349
Epoch: 23 | Loss: 0.018818993121385574  | Negative Loss: 0.0
[Test ROC-AUC]  -  SA: 0.00000,  LA: 0.80227
[Test AUPRC]  -  LA: 0.77965
[Test F1-max]  -  LA: 0.80349
Epoch: 24 | Loss: 0.01275413017719984  | Negative Loss: 0.0
[Test ROC-AUC]  -  SA: 0.00000,  LA: 0.79613
[Test AUPRC]  -  LA: 0.77598
[Test F1-max]  -  LA: 0.80000
[Early Stopping] LA AUROC dropped for 10 consecutive epochs. Stop at epoch 26/100.
Time consumption: 47.61718940734863
Best LA AUC: 0.8548310890621309
Best LA AUPC: 0.8515058706927371
Best LA F1-max: 0.8632478632478632
[Result] Experiment result appended to ./results/train_hybrid_result.csv

[END] 2026-03-18 15:05:31
[RETURN CODE] 0
