[START] 2026-03-18 14:18:39
[GPU] 0
[INDEX] 5/20
[COMMAND] python train_hybrid.py --data_name breakfast --mask True --text True --double_encoder True --few_shot True --shot 5 --hybrid_model winclip --hybrid_weight 0.3 --hybrid_batch_size 16 --epoch 100 --log True --lr 5e-4 --detection True --preprocess True

/home/seungeon/miniconda3/envs/LAB/lib/python3.10/site-packages/timm/models/layers/__init__.py:48: FutureWarning: Importing from timm.models.layers is deprecated, please import via timm.layers
  warnings.warn(f"Importing from {__name__} is deprecated, please import via timm.layers", FutureWarning)
/home/seungeon/Workspace/side/vlm/train_hybrid.py:18: DeprecationWarning: The distutils package is deprecated and slated for removal in Python 3.12. Use setuptools or check PEP 632 for potential alternatives
  from distutils.util import strtobool
Torch version: 2.9.1+cu128
cuda is loaded for process
here?
In my local computer
Namespace(epoch=100, gpu_number='0', data_name='breakfast', lr=0.0005, batch_size=6, shuffle=True, seed=0, tag='default', model_name='ViT-B-32', pretrained_name='laion2b_s34b_b79k', lora=1, default=False, foundation='CLIP', detection=1, preprocess=1, num_rule=0, object_names=['a mandarin', 'a peach', 'an almonds', 'a banana chips', 'an oat cereal'], objects_for_rules=[['a mandarin'], ['a peach'], ['an oat cereal'], ['an almonds'], ['a banana chips'], ['an almonds', 'a banana chips', 'an oat cereal'], ['an almonds', 'a banana chips']], texts_for_rules=[['mandarins'], ['peach'], ['oat cereal'], ['almonds'], ['banana chips'], ['almonds, banana chips and oat cereal'], ['almonds and banana chips']], mask=1, text=1, score='mean', ciriculam_learning=False, few_shot=1, shot=5, log=1, neg_loss=0, double_encoder=1, pretrained_count_path=None, ris=0, rule_select='', rule_list=[], num_negative=5, hybrid_model='winclip', hybrid_weight=0.3, hybrid_class_name='', hybrid_batch_size=16, hybrid_backbone='ViT-B-16-plus-240', hybrid_pretrained_dataset='laion400m_e32', hybrid_scales=[2, 3], hybrid_img_resize=240, hybrid_img_cropsize=240, hybrid_resolution=400, hybrid_promptad_epoch=100, hybrid_promptad_lr=0.002, hybrid_promptad_momentum=0.9, hybrid_promptad_weight_decay=0.0005, hybrid_promptad_eta_min=1e-05, hybrid_promptad_lambda1=0.001, hybrid_promptad_n_ctx=4, hybrid_promptad_n_pro=3, hybrid_promptad_n_ctx_ab=1, hybrid_promptad_n_pro_ab=4, early_stop_k=10, result_log_path='./results/train_hybrid_result.csv')
[Hybrid] method=winclip, class_name=breakfast_box, train=5, eval=185, base_path=/data3/seungeon/data/image/mvtec_loco_anomaly_detection/breakfast_box
grid 240 16 (15, 15)
[Hybrid-only] LA_AUC=0.68687, LA_AUPRC=0.68755, LA_F1=0.77311
[Data Description]
- Train: 5
- Test: 185

Train Start
[Test ROC-AUC]  -  SA: 0.00000,  LA: 0.70730
[Test AUPRC]  -  LA: 0.72685
[Test F1-max]  -  LA: 0.74525
Epoch: 0 | Loss: 15.835054397583008  | Negative Loss: 0.0
[Test ROC-AUC]  -  SA: 0.00000,  LA: 0.71096
[Test AUPRC]  -  LA: 0.72868
[Test F1-max]  -  LA: 0.74627
Epoch: 1 | Loss: 15.749446868896484  | Negative Loss: 0.0
[Test ROC-AUC]  -  SA: 0.00000,  LA: 0.74026
[Test AUPRC]  -  LA: 0.74935
[Test F1-max]  -  LA: 0.76018
Epoch: 2 | Loss: 14.750821113586426  | Negative Loss: 0.0
[Test ROC-AUC]  -  SA: 0.00000,  LA: 0.77605
[Test AUPRC]  -  LA: 0.77506
[Test F1-max]  -  LA: 0.78740
Epoch: 3 | Loss: 12.92286205291748  | Negative Loss: 0.0
[Test ROC-AUC]  -  SA: 0.00000,  LA: 0.80073
[Test AUPRC]  -  LA: 0.79875
[Test F1-max]  -  LA: 0.79688
Epoch: 4 | Loss: 10.402437210083008  | Negative Loss: 0.0
[Test ROC-AUC]  -  SA: 0.00000,  LA: 0.81408
[Test AUPRC]  -  LA: 0.81994
[Test F1-max]  -  LA: 0.81013
Epoch: 5 | Loss: 7.689971923828125  | Negative Loss: 0.0
[Test ROC-AUC]  -  SA: 0.00000,  LA: 0.82247
[Test AUPRC]  -  LA: 0.84357
[Test F1-max]  -  LA: 0.81481
Epoch: 6 | Loss: 5.358175277709961  | Negative Loss: 0.0
[Test ROC-AUC]  -  SA: 0.00000,  LA: 0.82955
[Test AUPRC]  -  LA: 0.85083
[Test F1-max]  -  LA: 0.82158
Epoch: 7 | Loss: 3.6966991424560547  | Negative Loss: 0.0
[Test ROC-AUC]  -  SA: 0.00000,  LA: 0.83605
[Test AUPRC]  -  LA: 0.85462
[Test F1-max]  -  LA: 0.83128
Epoch: 8 | Loss: 2.58890962600708  | Negative Loss: 0.0
[Test ROC-AUC]  -  SA: 0.00000,  LA: 0.82991
[Test AUPRC]  -  LA: 0.84540
[Test F1-max]  -  LA: 0.83193
Epoch: 9 | Loss: 1.8680431842803955  | Negative Loss: 0.0
[Test ROC-AUC]  -  SA: 0.00000,  LA: 0.82955
[Test AUPRC]  -  LA: 0.84341
[Test F1-max]  -  LA: 0.82906
Epoch: 10 | Loss: 1.3700578212738037  | Negative Loss: 0.0
[Test ROC-AUC]  -  SA: 0.00000,  LA: 0.83050
[Test AUPRC]  -  LA: 0.84094
[Test F1-max]  -  LA: 0.82845
Epoch: 11 | Loss: 1.0036154985427856  | Negative Loss: 0.0
[Test ROC-AUC]  -  SA: 0.00000,  LA: 0.83451
[Test AUPRC]  -  LA: 0.84400
[Test F1-max]  -  LA: 0.82553
Epoch: 12 | Loss: 0.7368001341819763  | Negative Loss: 0.0
[Test ROC-AUC]  -  SA: 0.00000,  LA: 0.83818
[Test AUPRC]  -  LA: 0.84670
[Test F1-max]  -  LA: 0.82700
Epoch: 13 | Loss: 0.5516570210456848  | Negative Loss: 0.0
[Test ROC-AUC]  -  SA: 0.00000,  LA: 0.83546
[Test AUPRC]  -  LA: 0.84228
[Test F1-max]  -  LA: 0.82353
Epoch: 14 | Loss: 0.42680543661117554  | Negative Loss: 0.0
[Test ROC-AUC]  -  SA: 0.00000,  LA: 0.83286
[Test AUPRC]  -  LA: 0.83460
[Test F1-max]  -  LA: 0.82301
Epoch: 15 | Loss: 0.3383070230484009  | Negative Loss: 0.0
[Test ROC-AUC]  -  SA: 0.00000,  LA: 0.82825
[Test AUPRC]  -  LA: 0.83082
[Test F1-max]  -  LA: 0.82906
Epoch: 16 | Loss: 0.27140378952026367  | Negative Loss: 0.0
[Test ROC-AUC]  -  SA: 0.00000,  LA: 0.82353
[Test AUPRC]  -  LA: 0.82501
[Test F1-max]  -  LA: 0.83262
Epoch: 17 | Loss: 0.21722957491874695  | Negative Loss: 0.0
[Test ROC-AUC]  -  SA: 0.00000,  LA: 0.81951
[Test AUPRC]  -  LA: 0.81995
[Test F1-max]  -  LA: 0.82609
Epoch: 18 | Loss: 0.1718977987766266  | Negative Loss: 0.0
[Test ROC-AUC]  -  SA: 0.00000,  LA: 0.81302
[Test AUPRC]  -  LA: 0.81394
[Test F1-max]  -  LA: 0.82609
Epoch: 19 | Loss: 0.13391198217868805  | Negative Loss: 0.0
[Test ROC-AUC]  -  SA: 0.00000,  LA: 0.80983
[Test AUPRC]  -  LA: 0.81073
[Test F1-max]  -  LA: 0.82301
Epoch: 20 | Loss: 0.10251160711050034  | Negative Loss: 0.0
[Test ROC-AUC]  -  SA: 0.00000,  LA: 0.80782
[Test AUPRC]  -  LA: 0.80788
[Test F1-max]  -  LA: 0.83036
Epoch: 21 | Loss: 0.07723388075828552  | Negative Loss: 0.0
[Test ROC-AUC]  -  SA: 0.00000,  LA: 0.80321
[Test AUPRC]  -  LA: 0.80062
[Test F1-max]  -  LA: 0.82456
Epoch: 22 | Loss: 0.05737479403614998  | Negative Loss: 0.0
[Test ROC-AUC]  -  SA: 0.00000,  LA: 0.79660
[Test AUPRC]  -  LA: 0.79403
[Test F1-max]  -  LA: 0.81579
[Early Stopping] LA AUROC dropped for 10 consecutive epochs. Stop at epoch 24/100.
Time consumption: 43.77851629257202
Best LA AUC: 0.8381762343491612
Best LA AUPC: 0.8546219238680577
Best LA F1-max: 0.832618025751073
[Result] Experiment result appended to ./results/train_hybrid_result.csv

[END] 2026-03-18 14:22:43
[RETURN CODE] 0
