[START] 2026-03-18 14:26:39
[GPU] 0
[INDEX] 7/20
[COMMAND] python train_hybrid.py --data_name breakfast --mask True --text True --double_encoder True --few_shot True --shot 5 --hybrid_model winclip --hybrid_weight 0.3 --hybrid_batch_size 16 --epoch 100 --log True --lr 5e-4 --detection True --preprocess True

/home/seungeon/miniconda3/envs/LAB/lib/python3.10/site-packages/timm/models/layers/__init__.py:48: FutureWarning: Importing from timm.models.layers is deprecated, please import via timm.layers
  warnings.warn(f"Importing from {__name__} is deprecated, please import via timm.layers", FutureWarning)
/home/seungeon/Workspace/side/vlm/train_hybrid.py:18: DeprecationWarning: The distutils package is deprecated and slated for removal in Python 3.12. Use setuptools or check PEP 632 for potential alternatives
  from distutils.util import strtobool
Torch version: 2.9.1+cu128
cuda is loaded for process
here?
In my local computer
Namespace(epoch=100, gpu_number='0', data_name='breakfast', lr=0.0005, batch_size=6, shuffle=True, seed=0, tag='default', model_name='ViT-B-32', pretrained_name='laion2b_s34b_b79k', lora=1, default=False, foundation='CLIP', detection=1, preprocess=1, num_rule=0, object_names=['a mandarin', 'a peach', 'an almonds', 'a banana chips', 'an oat cereal'], objects_for_rules=[['a mandarin'], ['a peach'], ['an oat cereal'], ['an almonds'], ['a banana chips'], ['an almonds', 'a banana chips', 'an oat cereal'], ['an almonds', 'a banana chips']], texts_for_rules=[['mandarins'], ['peach'], ['oat cereal'], ['almonds'], ['banana chips'], ['almonds, banana chips and oat cereal'], ['almonds and banana chips']], mask=1, text=1, score='mean', ciriculam_learning=False, few_shot=1, shot=5, log=1, neg_loss=0, double_encoder=1, pretrained_count_path=None, ris=0, rule_select='', rule_list=[], num_negative=5, hybrid_model='winclip', hybrid_weight=0.3, hybrid_class_name='', hybrid_batch_size=16, hybrid_backbone='ViT-B-16-plus-240', hybrid_pretrained_dataset='laion400m_e32', hybrid_scales=[2, 3], hybrid_img_resize=240, hybrid_img_cropsize=240, hybrid_resolution=400, hybrid_promptad_epoch=100, hybrid_promptad_lr=0.002, hybrid_promptad_momentum=0.9, hybrid_promptad_weight_decay=0.0005, hybrid_promptad_eta_min=1e-05, hybrid_promptad_lambda1=0.001, hybrid_promptad_n_ctx=4, hybrid_promptad_n_pro=3, hybrid_promptad_n_ctx_ab=1, hybrid_promptad_n_pro_ab=4, early_stop_k=10, result_log_path='./results/train_hybrid_result.csv')
[Hybrid] method=winclip, class_name=breakfast_box, train=5, eval=185, base_path=/data3/seungeon/data/image/mvtec_loco_anomaly_detection/breakfast_box
grid 240 16 (15, 15)
[Hybrid-only] LA_AUC=0.66300, LA_AUPRC=0.66810, LA_F1=0.76628
[Data Description]
- Train: 5
- Test: 185

Train Start
[Test ROC-AUC]  -  SA: 0.00000,  LA: 0.62745
[Test AUPRC]  -  LA: 0.61389
[Test F1-max]  -  LA: 0.74308
Epoch: 0 | Loss: 23.711204528808594  | Negative Loss: 0.0
[Test ROC-AUC]  -  SA: 0.00000,  LA: 0.62863
[Test AUPRC]  -  LA: 0.61508
[Test F1-max]  -  LA: 0.74603
Epoch: 1 | Loss: 23.582605361938477  | Negative Loss: 0.0
[Test ROC-AUC]  -  SA: 0.00000,  LA: 0.64269
[Test AUPRC]  -  LA: 0.62488
[Test F1-max]  -  LA: 0.75096
Epoch: 2 | Loss: 22.564884185791016  | Negative Loss: 0.0
[Test ROC-AUC]  -  SA: 0.00000,  LA: 0.66820
[Test AUPRC]  -  LA: 0.64033
[Test F1-max]  -  LA: 0.76628
Epoch: 3 | Loss: 20.716337203979492  | Negative Loss: 0.0
[Test ROC-AUC]  -  SA: 0.00000,  LA: 0.71067
[Test AUPRC]  -  LA: 0.67055
[Test F1-max]  -  LA: 0.78632
Epoch: 4 | Loss: 18.086076736450195  | Negative Loss: 0.0
[Test ROC-AUC]  -  SA: 0.00000,  LA: 0.75673
[Test AUPRC]  -  LA: 0.69710
[Test F1-max]  -  LA: 0.80833
Epoch: 5 | Loss: 14.910430908203125  | Negative Loss: 0.0
[Test ROC-AUC]  -  SA: 0.00000,  LA: 0.79128
[Test AUPRC]  -  LA: 0.72337
[Test F1-max]  -  LA: 0.83983
Epoch: 6 | Loss: 11.69458293914795  | Negative Loss: 0.0
[Test ROC-AUC]  -  SA: 0.00000,  LA: 0.81573
[Test AUPRC]  -  LA: 0.74575
[Test F1-max]  -  LA: 0.84979
Epoch: 7 | Loss: 8.917404174804688  | Negative Loss: 0.0
[Test ROC-AUC]  -  SA: 0.00000,  LA: 0.83192
[Test AUPRC]  -  LA: 0.77193
[Test F1-max]  -  LA: 0.86207
Epoch: 8 | Loss: 6.587158203125  | Negative Loss: 0.0
[Test ROC-AUC]  -  SA: 0.00000,  LA: 0.84692
[Test AUPRC]  -  LA: 0.79705
[Test F1-max]  -  LA: 0.86957
Epoch: 9 | Loss: 4.729558944702148  | Negative Loss: 0.0
[Test ROC-AUC]  -  SA: 0.00000,  LA: 0.85223
[Test AUPRC]  -  LA: 0.81948
[Test F1-max]  -  LA: 0.86099
Epoch: 10 | Loss: 3.4054784774780273  | Negative Loss: 0.0
[Test ROC-AUC]  -  SA: 0.00000,  LA: 0.85719
[Test AUPRC]  -  LA: 0.83257
[Test F1-max]  -  LA: 0.87156
Epoch: 11 | Loss: 2.488603353500366  | Negative Loss: 0.0
[Test ROC-AUC]  -  SA: 0.00000,  LA: 0.86015
[Test AUPRC]  -  LA: 0.83958
[Test F1-max]  -  LA: 0.87558
Epoch: 12 | Loss: 1.816996693611145  | Negative Loss: 0.0
[Test ROC-AUC]  -  SA: 0.00000,  LA: 0.86192
[Test AUPRC]  -  LA: 0.84565
[Test F1-max]  -  LA: 0.86486
Epoch: 13 | Loss: 1.326545238494873  | Negative Loss: 0.0
[Test ROC-AUC]  -  SA: 0.00000,  LA: 0.85944
[Test AUPRC]  -  LA: 0.84400
[Test F1-max]  -  LA: 0.86726
Epoch: 14 | Loss: 0.9943240284919739  | Negative Loss: 0.0
[Test ROC-AUC]  -  SA: 0.00000,  LA: 0.85566
[Test AUPRC]  -  LA: 0.84214
[Test F1-max]  -  LA: 0.86344
Epoch: 15 | Loss: 0.7873654365539551  | Negative Loss: 0.0
[Test ROC-AUC]  -  SA: 0.00000,  LA: 0.85011
[Test AUPRC]  -  LA: 0.83667
[Test F1-max]  -  LA: 0.85841
Epoch: 16 | Loss: 0.6496660709381104  | Negative Loss: 0.0
[Test ROC-AUC]  -  SA: 0.00000,  LA: 0.84101
[Test AUPRC]  -  LA: 0.82899
[Test F1-max]  -  LA: 0.86222
Epoch: 17 | Loss: 0.5402930378913879  | Negative Loss: 0.0
[Test ROC-AUC]  -  SA: 0.00000,  LA: 0.83192
[Test AUPRC]  -  LA: 0.82229
[Test F1-max]  -  LA: 0.85965
Epoch: 18 | Loss: 0.43968716263771057  | Negative Loss: 0.0
[Test ROC-AUC]  -  SA: 0.00000,  LA: 0.82424
[Test AUPRC]  -  LA: 0.81565
[Test F1-max]  -  LA: 0.85088
Epoch: 19 | Loss: 0.3454899787902832  | Negative Loss: 0.0
[Test ROC-AUC]  -  SA: 0.00000,  LA: 0.81538
[Test AUPRC]  -  LA: 0.81124
[Test F1-max]  -  LA: 0.84581
Epoch: 20 | Loss: 0.2603018283843994  | Negative Loss: 0.0
[Test ROC-AUC]  -  SA: 0.00000,  LA: 0.80947
[Test AUPRC]  -  LA: 0.80634
[Test F1-max]  -  LA: 0.83929
Epoch: 21 | Loss: 0.1896347850561142  | Negative Loss: 0.0
[Test ROC-AUC]  -  SA: 0.00000,  LA: 0.80191
[Test AUPRC]  -  LA: 0.80155
[Test F1-max]  -  LA: 0.83556
Epoch: 22 | Loss: 0.13485264778137207  | Negative Loss: 0.0
[Test ROC-AUC]  -  SA: 0.00000,  LA: 0.79565
[Test AUPRC]  -  LA: 0.79526
[Test F1-max]  -  LA: 0.83186
[Early Stopping] LA AUROC dropped for 10 consecutive epochs. Stop at epoch 24/100.
Time consumption: 43.949793338775635
Best LA AUC: 0.8619182612804157
Best LA AUPC: 0.8456506463939408
Best LA F1-max: 0.8755760368663595
[Result] Experiment result appended to ./results/train_hybrid_result.csv

[END] 2026-03-18 14:30:40
[RETURN CODE] 0
