[START] 2026-03-18 14:22:43
[GPU] 0
[INDEX] 6/20
[COMMAND] python train_hybrid.py --data_name breakfast --mask True --text True --double_encoder True --few_shot True --shot 5 --hybrid_model winclip --hybrid_weight 0.3 --hybrid_batch_size 16 --epoch 100 --log True --lr 5e-4 --detection True --preprocess True

/home/seungeon/miniconda3/envs/LAB/lib/python3.10/site-packages/timm/models/layers/__init__.py:48: FutureWarning: Importing from timm.models.layers is deprecated, please import via timm.layers
  warnings.warn(f"Importing from {__name__} is deprecated, please import via timm.layers", FutureWarning)
/home/seungeon/Workspace/side/vlm/train_hybrid.py:18: DeprecationWarning: The distutils package is deprecated and slated for removal in Python 3.12. Use setuptools or check PEP 632 for potential alternatives
  from distutils.util import strtobool
Torch version: 2.9.1+cu128
cuda is loaded for process
here?
In my local computer
Namespace(epoch=100, gpu_number='0', data_name='breakfast', lr=0.0005, batch_size=6, shuffle=True, seed=0, tag='default', model_name='ViT-B-32', pretrained_name='laion2b_s34b_b79k', lora=1, default=False, foundation='CLIP', detection=1, preprocess=1, num_rule=0, object_names=['a mandarin', 'a peach', 'an almonds', 'a banana chips', 'an oat cereal'], objects_for_rules=[['a mandarin'], ['a peach'], ['an oat cereal'], ['an almonds'], ['a banana chips'], ['an almonds', 'a banana chips', 'an oat cereal'], ['an almonds', 'a banana chips']], texts_for_rules=[['mandarins'], ['peach'], ['oat cereal'], ['almonds'], ['banana chips'], ['almonds, banana chips and oat cereal'], ['almonds and banana chips']], mask=1, text=1, score='mean', ciriculam_learning=False, few_shot=1, shot=5, log=1, neg_loss=0, double_encoder=1, pretrained_count_path=None, ris=0, rule_select='', rule_list=[], num_negative=5, hybrid_model='winclip', hybrid_weight=0.3, hybrid_class_name='', hybrid_batch_size=16, hybrid_backbone='ViT-B-16-plus-240', hybrid_pretrained_dataset='laion400m_e32', hybrid_scales=[2, 3], hybrid_img_resize=240, hybrid_img_cropsize=240, hybrid_resolution=400, hybrid_promptad_epoch=100, hybrid_promptad_lr=0.002, hybrid_promptad_momentum=0.9, hybrid_promptad_weight_decay=0.0005, hybrid_promptad_eta_min=1e-05, hybrid_promptad_lambda1=0.001, hybrid_promptad_n_ctx=4, hybrid_promptad_n_pro=3, hybrid_promptad_n_ctx_ab=1, hybrid_promptad_n_pro_ab=4, early_stop_k=10, result_log_path='./results/train_hybrid_result.csv')
[Hybrid] method=winclip, class_name=breakfast_box, train=5, eval=185, base_path=/data3/seungeon/data/image/mvtec_loco_anomaly_detection/breakfast_box
grid 240 16 (15, 15)
[Hybrid-only] LA_AUC=0.65934, LA_AUPRC=0.65983, LA_F1=0.76562
[Data Description]
- Train: 5
- Test: 185

Train Start
[Test ROC-AUC]  -  SA: 0.00000,  LA: 0.59591
[Test AUPRC]  -  LA: 0.59271
[Test F1-max]  -  LA: 0.74157
Epoch: 0 | Loss: 11.228870391845703  | Negative Loss: 0.0
[Test ROC-AUC]  -  SA: 0.00000,  LA: 0.59969
[Test AUPRC]  -  LA: 0.59572
[Test F1-max]  -  LA: 0.74157
Epoch: 1 | Loss: 11.128284454345703  | Negative Loss: 0.0
[Test ROC-AUC]  -  SA: 0.00000,  LA: 0.64812
[Test AUPRC]  -  LA: 0.63258
[Test F1-max]  -  LA: 0.76692
Epoch: 2 | Loss: 10.070055961608887  | Negative Loss: 0.0
[Test ROC-AUC]  -  SA: 0.00000,  LA: 0.71604
[Test AUPRC]  -  LA: 0.70783
[Test F1-max]  -  LA: 0.78462
Epoch: 3 | Loss: 8.317084312438965  | Negative Loss: 0.0
[Test ROC-AUC]  -  SA: 0.00000,  LA: 0.78018
[Test AUPRC]  -  LA: 0.76327
[Test F1-max]  -  LA: 0.79688
Epoch: 4 | Loss: 6.149292469024658  | Negative Loss: 0.0
[Test ROC-AUC]  -  SA: 0.00000,  LA: 0.81243
[Test AUPRC]  -  LA: 0.77662
[Test F1-max]  -  LA: 0.82645
Epoch: 5 | Loss: 4.193950176239014  | Negative Loss: 0.0
[Test ROC-AUC]  -  SA: 0.00000,  LA: 0.82944
[Test AUPRC]  -  LA: 0.78058
[Test F1-max]  -  LA: 0.84388
Epoch: 6 | Loss: 2.8530941009521484  | Negative Loss: 0.0
[Test ROC-AUC]  -  SA: 0.00000,  LA: 0.83463
[Test AUPRC]  -  LA: 0.79701
[Test F1-max]  -  LA: 0.84034
Epoch: 7 | Loss: 2.0182864665985107  | Negative Loss: 0.0
[Test ROC-AUC]  -  SA: 0.00000,  LA: 0.83440
[Test AUPRC]  -  LA: 0.80604
[Test F1-max]  -  LA: 0.84018
Epoch: 8 | Loss: 1.484377384185791  | Negative Loss: 0.0
[Test ROC-AUC]  -  SA: 0.00000,  LA: 0.83274
[Test AUPRC]  -  LA: 0.80488
[Test F1-max]  -  LA: 0.84163
Epoch: 9 | Loss: 1.1271785497665405  | Negative Loss: 0.0
[Test ROC-AUC]  -  SA: 0.00000,  LA: 0.83073
[Test AUPRC]  -  LA: 0.80992
[Test F1-max]  -  LA: 0.83700
Epoch: 10 | Loss: 0.8785692453384399  | Negative Loss: 0.0
[Test ROC-AUC]  -  SA: 0.00000,  LA: 0.82837
[Test AUPRC]  -  LA: 0.80819
[Test F1-max]  -  LA: 0.83556
Epoch: 11 | Loss: 0.698512077331543  | Negative Loss: 0.0
[Test ROC-AUC]  -  SA: 0.00000,  LA: 0.82223
[Test AUPRC]  -  LA: 0.80277
[Test F1-max]  -  LA: 0.82591
Epoch: 12 | Loss: 0.5635135173797607  | Negative Loss: 0.0
[Test ROC-AUC]  -  SA: 0.00000,  LA: 0.81408
[Test AUPRC]  -  LA: 0.79374
[Test F1-max]  -  LA: 0.82700
Epoch: 13 | Loss: 0.4584938883781433  | Negative Loss: 0.0
[Test ROC-AUC]  -  SA: 0.00000,  LA: 0.80640
[Test AUPRC]  -  LA: 0.79069
[Test F1-max]  -  LA: 0.82845
Epoch: 14 | Loss: 0.3712897002696991  | Negative Loss: 0.0
[Test ROC-AUC]  -  SA: 0.00000,  LA: 0.79695
[Test AUPRC]  -  LA: 0.78170
[Test F1-max]  -  LA: 0.82700
Epoch: 15 | Loss: 0.2961854636669159  | Negative Loss: 0.0
[Test ROC-AUC]  -  SA: 0.00000,  LA: 0.78975
[Test AUPRC]  -  LA: 0.77609
[Test F1-max]  -  LA: 0.82645
Epoch: 16 | Loss: 0.23169320821762085  | Negative Loss: 0.0
[Test ROC-AUC]  -  SA: 0.00000,  LA: 0.78337
[Test AUPRC]  -  LA: 0.77118
[Test F1-max]  -  LA: 0.82845
[Early Stopping] LA AUROC dropped for 10 consecutive epochs. Stop at epoch 18/100.
Time consumption: 32.8457977771759
Best LA AUC: 0.8346326482400188
Best LA AUPC: 0.809920095842578
Best LA F1-max: 0.8438818565400843
[Result] Experiment result appended to ./results/train_hybrid_result.csv

[END] 2026-03-18 14:26:39
[RETURN CODE] 0
