[START] 2026-03-29 10:49:30
[GPU] 1
[TASK] 10/150
[NAME] cable_winclip
[REPEAT] 5/10
[COMMAND] python train_hybrid.py --data_name cable --mask True --text True --double_encoder True --few_shot True --shot 1 --hybrid_model winclip --hybrid_weight 0.3 --hybrid_batch_size 16 --epoch 100 --log True --lr 5e-4 --detection True --preprocess True

/home/seungeon/miniconda3/envs/LAB/lib/python3.10/site-packages/timm/models/layers/__init__.py:48: FutureWarning: Importing from timm.models.layers is deprecated, please import via timm.layers
  warnings.warn(f"Importing from {__name__} is deprecated, please import via timm.layers", FutureWarning)
/home/seungeon/Workspace/side/vlm/train_hybrid.py:18: DeprecationWarning: The distutils package is deprecated and slated for removal in Python 3.12. Use setuptools or check PEP 632 for potential alternatives
  from distutils.util import strtobool
Torch version: 2.9.1+cu128
cuda is loaded for process
here?
In my local computer
Namespace(epoch=100, gpu_number='0', data_name='cable', lr=0.0005, batch_size=6, shuffle=True, seed=0, tag='default', model_name='ViT-B-32', pretrained_name='laion2b_s34b_b79k', lora=1, default=False, foundation='CLIP', detection=1, preprocess=1, num_rule=0, object_names=['a photo of cable'], objects_for_rules=[['a photo of cable'], ['a photo of cable'], ['a photo of cable'], ['a photo of cable'], ['a photo of cable']], texts_for_rules=[['a photo of cable'], ['a photo of cable'], ['a photo of cable'], ['a photo of cable'], ['a photo of cable']], mask=1, text=1, score='mean', ciriculam_learning=False, few_shot=1, shot=1, log=1, neg_loss=0, double_encoder=1, pretrained_count_path=None, ris=0, rule_select='', rule_list=[], num_negative=5, hybrid_model='winclip', hybrid_weight=0.3, hybrid_class_name='', hybrid_batch_size=16, hybrid_backbone='ViT-B-16-plus-240', hybrid_pretrained_dataset='laion400m_e32', hybrid_scales=[2, 3], hybrid_img_resize=240, hybrid_img_cropsize=240, hybrid_resolution=400, hybrid_promptad_epoch=100, hybrid_promptad_lr=0.002, hybrid_promptad_momentum=0.9, hybrid_promptad_weight_decay=0.0005, hybrid_promptad_eta_min=1e-05, hybrid_promptad_lambda1=0.001, hybrid_promptad_n_ctx=4, hybrid_promptad_n_pro=3, hybrid_promptad_n_ctx_ab=1, hybrid_promptad_n_pro_ab=4, early_stop_k=10, result_log_path='./results/train_hybrid_result.csv')
[Hybrid] method=winclip, class_name=cable, train=1, eval=103, base_path=/data3/seungeon/data/image/mvtec_ad/cable
grid 240 16 (15, 15)
[Hybrid-only] LA_AUC=0.79272, LA_AUPRC=0.82893, LA_F1=0.79137
[Data Description]
- Train: 1
- Test: 103

Train Start
[Test ROC-AUC]  -  SA: 0.00000,  LA: 0.55287
[Test AUPRC]  -  LA: 0.59645
[Test F1-max]  -  LA: 0.72857
Epoch: 0 | Loss: 5.8250732421875  | Negative Loss: 0.0
[Test ROC-AUC]  -  SA: 0.00000,  LA: 0.55670
[Test AUPRC]  -  LA: 0.60096
[Test F1-max]  -  LA: 0.72857
Epoch: 1 | Loss: 5.693096160888672  | Negative Loss: 0.0
[Test ROC-AUC]  -  SA: 0.00000,  LA: 0.60805
[Test AUPRC]  -  LA: 0.65810
[Test F1-max]  -  LA: 0.72727
Epoch: 2 | Loss: 4.017284393310547  | Negative Loss: 0.0
[Test ROC-AUC]  -  SA: 0.00000,  LA: 0.68429
[Test AUPRC]  -  LA: 0.75238
[Test F1-max]  -  LA: 0.74627
Epoch: 3 | Loss: 2.022641181945801  | Negative Loss: 0.0
[Test ROC-AUC]  -  SA: 0.00000,  LA: 0.76130
[Test AUPRC]  -  LA: 0.82133
[Test F1-max]  -  LA: 0.77143
Epoch: 4 | Loss: 0.773604154586792  | Negative Loss: 0.0
[Test ROC-AUC]  -  SA: 0.00000,  LA: 0.79387
[Test AUPRC]  -  LA: 0.83935
[Test F1-max]  -  LA: 0.78322
Epoch: 5 | Loss: 0.30121034383773804  | Negative Loss: 0.0
[Test ROC-AUC]  -  SA: 0.00000,  LA: 0.80651
[Test AUPRC]  -  LA: 0.83984
[Test F1-max]  -  LA: 0.78261
Epoch: 6 | Loss: 0.12621945142745972  | Negative Loss: 0.0
[Test ROC-AUC]  -  SA: 0.00000,  LA: 0.80613
[Test AUPRC]  -  LA: 0.84109
[Test F1-max]  -  LA: 0.77778
Epoch: 7 | Loss: 0.05809706822037697  | Negative Loss: 0.0
[Test ROC-AUC]  -  SA: 0.00000,  LA: 0.81034
[Test AUPRC]  -  LA: 0.84180
[Test F1-max]  -  LA: 0.78689
Epoch: 8 | Loss: 0.029249148443341255  | Negative Loss: 0.0
[Test ROC-AUC]  -  SA: 0.00000,  LA: 0.81609
[Test AUPRC]  -  LA: 0.84393
[Test F1-max]  -  LA: 0.79339
Epoch: 9 | Loss: 0.0159209743142128  | Negative Loss: 0.0
[Test ROC-AUC]  -  SA: 0.00000,  LA: 0.81992
[Test AUPRC]  -  LA: 0.84160
[Test F1-max]  -  LA: 0.80645
Epoch: 10 | Loss: 0.009077816270291805  | Negative Loss: 0.0
[Test ROC-AUC]  -  SA: 0.00000,  LA: 0.82146
[Test AUPRC]  -  LA: 0.84148
[Test F1-max]  -  LA: 0.81600
Epoch: 11 | Loss: 0.0054002790711820126  | Negative Loss: 0.0
[Test ROC-AUC]  -  SA: 0.00000,  LA: 0.83142
[Test AUPRC]  -  LA: 0.84569
[Test F1-max]  -  LA: 0.81600
Epoch: 12 | Loss: 0.0033121646847575903  | Negative Loss: 0.0
[Test ROC-AUC]  -  SA: 0.00000,  LA: 0.83870
[Test AUPRC]  -  LA: 0.85163
[Test F1-max]  -  LA: 0.81416
Epoch: 13 | Loss: 0.0021035857498645782  | Negative Loss: 0.0
[Test ROC-AUC]  -  SA: 0.00000,  LA: 0.83985
[Test AUPRC]  -  LA: 0.84814
[Test F1-max]  -  LA: 0.81416
Epoch: 14 | Loss: 0.0013812319375574589  | Negative Loss: 0.0
[Test ROC-AUC]  -  SA: 0.00000,  LA: 0.84023
[Test AUPRC]  -  LA: 0.84743
[Test F1-max]  -  LA: 0.81416
Epoch: 15 | Loss: 0.0009328051819466054  | Negative Loss: 0.0
[Test ROC-AUC]  -  SA: 0.00000,  LA: 0.84176
[Test AUPRC]  -  LA: 0.85016
[Test F1-max]  -  LA: 0.80702
Epoch: 16 | Loss: 0.0006434906390495598  | Negative Loss: 0.0
[Test ROC-AUC]  -  SA: 0.00000,  LA: 0.84100
[Test AUPRC]  -  LA: 0.84891
[Test F1-max]  -  LA: 0.80672
Epoch: 17 | Loss: 0.00045341093209572136  | Negative Loss: 0.0
[Test ROC-AUC]  -  SA: 0.00000,  LA: 0.84023
[Test AUPRC]  -  LA: 0.84660
[Test F1-max]  -  LA: 0.80672
Epoch: 18 | Loss: 0.0003269585722591728  | Negative Loss: 0.0
[Test ROC-AUC]  -  SA: 0.00000,  LA: 0.83755
[Test AUPRC]  -  LA: 0.84468
[Test F1-max]  -  LA: 0.82090
Epoch: 19 | Loss: 0.00024054641835391521  | Negative Loss: 0.0
[Test ROC-AUC]  -  SA: 0.00000,  LA: 0.83640
[Test AUPRC]  -  LA: 0.84390
[Test F1-max]  -  LA: 0.82090
Epoch: 20 | Loss: 0.00017999581177718937  | Negative Loss: 0.0
[Test ROC-AUC]  -  SA: 0.00000,  LA: 0.83487
[Test AUPRC]  -  LA: 0.84229
[Test F1-max]  -  LA: 0.81481
Epoch: 21 | Loss: 0.00013684629811905324  | Negative Loss: 0.0
[Test ROC-AUC]  -  SA: 0.00000,  LA: 0.83372
[Test AUPRC]  -  LA: 0.84020
[Test F1-max]  -  LA: 0.81481
Epoch: 22 | Loss: 0.00010537742491578683  | Negative Loss: 0.0
[Test ROC-AUC]  -  SA: 0.00000,  LA: 0.83257
[Test AUPRC]  -  LA: 0.83945
[Test F1-max]  -  LA: 0.80882
Epoch: 23 | Loss: 8.225219062296674e-05  | Negative Loss: 0.0
[Test ROC-AUC]  -  SA: 0.00000,  LA: 0.83295
[Test AUPRC]  -  LA: 0.83986
[Test F1-max]  -  LA: 0.81119
Epoch: 24 | Loss: 6.496766582131386e-05  | Negative Loss: 0.0
[Test ROC-AUC]  -  SA: 0.00000,  LA: 0.83333
[Test AUPRC]  -  LA: 0.84076
[Test F1-max]  -  LA: 0.81119
Epoch: 25 | Loss: 5.1974348025396466e-05  | Negative Loss: 0.0
[Test ROC-AUC]  -  SA: 0.00000,  LA: 0.83065
[Test AUPRC]  -  LA: 0.83908
[Test F1-max]  -  LA: 0.81119
Epoch: 26 | Loss: 4.2318697524024174e-05  | Negative Loss: 0.0
[Test ROC-AUC]  -  SA: 0.00000,  LA: 0.83142
[Test AUPRC]  -  LA: 0.84446
[Test F1-max]  -  LA: 0.81119
Epoch: 27 | Loss: 3.468949580565095e-05  | Negative Loss: 0.0
[Test ROC-AUC]  -  SA: 0.00000,  LA: 0.83142
[Test AUPRC]  -  LA: 0.84492
[Test F1-max]  -  LA: 0.81119
Epoch: 28 | Loss: 2.8490740078268573e-05  | Negative Loss: 0.0
[Test ROC-AUC]  -  SA: 0.00000,  LA: 0.83027
[Test AUPRC]  -  LA: 0.84378
[Test F1-max]  -  LA: 0.81429
Epoch: 29 | Loss: 2.396086711087264e-05  | Negative Loss: 0.0
[Test ROC-AUC]  -  SA: 0.00000,  LA: 0.82989
[Test AUPRC]  -  LA: 0.84318
[Test F1-max]  -  LA: 0.81429
Epoch: 30 | Loss: 2.062305975414347e-05  | Negative Loss: 0.0
[Test ROC-AUC]  -  SA: 0.00000,  LA: 0.82835
[Test AUPRC]  -  LA: 0.84186
[Test F1-max]  -  LA: 0.81429
Epoch: 31 | Loss: 1.7642867533140816e-05  | Negative Loss: 0.0
[Test ROC-AUC]  -  SA: 0.00000,  LA: 0.82759
[Test AUPRC]  -  LA: 0.84512
[Test F1-max]  -  LA: 0.81429
Epoch: 32 | Loss: 1.5020290447864681e-05  | Negative Loss: 0.0
[Test ROC-AUC]  -  SA: 0.00000,  LA: 0.82605
[Test AUPRC]  -  LA: 0.84429
[Test F1-max]  -  LA: 0.81429
Epoch: 33 | Loss: 1.335137858404778e-05  | Negative Loss: 0.0
[Test ROC-AUC]  -  SA: 0.00000,  LA: 0.82529
[Test AUPRC]  -  LA: 0.84396
[Test F1-max]  -  LA: 0.80882
Epoch: 34 | Loss: 1.180167146230815e-05  | Negative Loss: 0.0
[Test ROC-AUC]  -  SA: 0.00000,  LA: 0.82490
[Test AUPRC]  -  LA: 0.84313
[Test F1-max]  -  LA: 0.81159
Epoch: 35 | Loss: 1.0490378372196574e-05  | Negative Loss: 0.0
[Test ROC-AUC]  -  SA: 0.00000,  LA: 0.82529
[Test AUPRC]  -  LA: 0.84629
[Test F1-max]  -  LA: 0.81159
Epoch: 36 | Loss: 9.417502042197157e-06  | Negative Loss: 0.0
[Test ROC-AUC]  -  SA: 0.00000,  LA: 0.82529
[Test AUPRC]  -  LA: 0.84617
[Test F1-max]  -  LA: 0.81752
Epoch: 37 | Loss: 8.463834092253819e-06  | Negative Loss: 0.0
[Test ROC-AUC]  -  SA: 0.00000,  LA: 0.82529
[Test AUPRC]  -  LA: 0.84617
[Test F1-max]  -  LA: 0.81752
Epoch: 38 | Loss: 7.86779128247872e-06  | Negative Loss: 0.0
[Test ROC-AUC]  -  SA: 0.00000,  LA: 0.82414
[Test AUPRC]  -  LA: 0.84553
[Test F1-max]  -  LA: 0.81159
Epoch: 39 | Loss: 7.1525391831528395e-06  | Negative Loss: 0.0
[Test ROC-AUC]  -  SA: 0.00000,  LA: 0.82337
[Test AUPRC]  -  LA: 0.84470
[Test F1-max]  -  LA: 0.81159
Epoch: 40 | Loss: 6.5564959186303895e-06  | Negative Loss: 0.0
[Test ROC-AUC]  -  SA: 0.00000,  LA: 0.82222
[Test AUPRC]  -  LA: 0.84403
[Test F1-max]  -  LA: 0.81429
Epoch: 41 | Loss: 6.198869414220098e-06  | Negative Loss: 0.0
[Test ROC-AUC]  -  SA: 0.00000,  LA: 0.82222
[Test AUPRC]  -  LA: 0.84403
[Test F1-max]  -  LA: 0.81429
Epoch: 42 | Loss: 5.722034075006377e-06  | Negative Loss: 0.0
[Test ROC-AUC]  -  SA: 0.00000,  LA: 0.82184
[Test AUPRC]  -  LA: 0.84379
[Test F1-max]  -  LA: 0.81429
Epoch: 43 | Loss: 5.364408025343437e-06  | Negative Loss: 0.0
[Test ROC-AUC]  -  SA: 0.00000,  LA: 0.82107
[Test AUPRC]  -  LA: 0.84325
[Test F1-max]  -  LA: 0.81429
Epoch: 44 | Loss: 5.006781066185795e-06  | Negative Loss: 0.0
[Test ROC-AUC]  -  SA: 0.00000,  LA: 0.82069
[Test AUPRC]  -  LA: 0.84293
[Test F1-max]  -  LA: 0.81429
Epoch: 45 | Loss: 4.768363396578934e-06  | Negative Loss: 0.0
[Test ROC-AUC]  -  SA: 0.00000,  LA: 0.82069
[Test AUPRC]  -  LA: 0.84293
[Test F1-max]  -  LA: 0.81429
Epoch: 46 | Loss: 4.529945726972073e-06  | Negative Loss: 0.0
[Test ROC-AUC]  -  SA: 0.00000,  LA: 0.82031
[Test AUPRC]  -  LA: 0.84278
[Test F1-max]  -  LA: 0.81429
Epoch: 47 | Loss: 4.291528057365213e-06  | Negative Loss: 0.0
[Test ROC-AUC]  -  SA: 0.00000,  LA: 0.81992
[Test AUPRC]  -  LA: 0.84262
[Test F1-max]  -  LA: 0.81429
Epoch: 48 | Loss: 4.172319677309133e-06  | Negative Loss: 0.0
[Test ROC-AUC]  -  SA: 0.00000,  LA: 0.81992
[Test AUPRC]  -  LA: 0.84283
[Test F1-max]  -  LA: 0.80851
Epoch: 49 | Loss: 3.8146918086567894e-06  | Negative Loss: 0.0
[Test ROC-AUC]  -  SA: 0.00000,  LA: 0.81992
[Test AUPRC]  -  LA: 0.84283
[Test F1-max]  -  LA: 0.80851
Epoch: 50 | Loss: 3.576273911676253e-06  | Negative Loss: 0.0
[Test ROC-AUC]  -  SA: 0.00000,  LA: 0.81954
[Test AUPRC]  -  LA: 0.84262
[Test F1-max]  -  LA: 0.80851
Epoch: 51 | Loss: 3.576273911676253e-06  | Negative Loss: 0.0
[Test ROC-AUC]  -  SA: 0.00000,  LA: 0.81916
[Test AUPRC]  -  LA: 0.84235
[Test F1-max]  -  LA: 0.80851
Epoch: 52 | Loss: 3.457065076872823e-06  | Negative Loss: 0.0
[Test ROC-AUC]  -  SA: 0.00000,  LA: 0.81877
[Test AUPRC]  -  LA: 0.84168
[Test F1-max]  -  LA: 0.80851
Epoch: 53 | Loss: 3.337856014695717e-06  | Negative Loss: 0.0
[Test ROC-AUC]  -  SA: 0.00000,  LA: 0.81839
[Test AUPRC]  -  LA: 0.84106
[Test F1-max]  -  LA: 0.80851
Epoch: 54 | Loss: 3.337856014695717e-06  | Negative Loss: 0.0
[Test ROC-AUC]  -  SA: 0.00000,  LA: 0.81801
[Test AUPRC]  -  LA: 0.84076
[Test F1-max]  -  LA: 0.80851
Epoch: 55 | Loss: 3.2186471798922867e-06  | Negative Loss: 0.0
[Test ROC-AUC]  -  SA: 0.00000,  LA: 0.81801
[Test AUPRC]  -  LA: 0.84076
[Test F1-max]  -  LA: 0.80851
Epoch: 56 | Loss: 3.099438117715181e-06  | Negative Loss: 0.0
[Test ROC-AUC]  -  SA: 0.00000,  LA: 0.81801
[Test AUPRC]  -  LA: 0.84076
[Test F1-max]  -  LA: 0.80851
Epoch: 57 | Loss: 3.099438117715181e-06  | Negative Loss: 0.0
[Test ROC-AUC]  -  SA: 0.00000,  LA: 0.81762
[Test AUPRC]  -  LA: 0.84044
[Test F1-max]  -  LA: 0.80851
Epoch: 58 | Loss: 2.9802292829117505e-06  | Negative Loss: 0.0
[Test ROC-AUC]  -  SA: 0.00000,  LA: 0.81686
[Test AUPRC]  -  LA: 0.83973
[Test F1-max]  -  LA: 0.80851
Epoch: 59 | Loss: 2.8610202207346447e-06  | Negative Loss: 0.0
[Test ROC-AUC]  -  SA: 0.00000,  LA: 0.81686
[Test AUPRC]  -  LA: 0.83973
[Test F1-max]  -  LA: 0.80851
Epoch: 60 | Loss: 2.3841835172788706e-06  | Negative Loss: 0.0
[Test ROC-AUC]  -  SA: 0.00000,  LA: 0.81686
[Test AUPRC]  -  LA: 0.83973
[Test F1-max]  -  LA: 0.80851
Epoch: 61 | Loss: 2.3841835172788706e-06  | Negative Loss: 0.0
[Test ROC-AUC]  -  SA: 0.00000,  LA: 0.81724
[Test AUPRC]  -  LA: 0.83990
[Test F1-max]  -  LA: 0.80851
Epoch: 62 | Loss: 2.3841835172788706e-06  | Negative Loss: 0.0
[Test ROC-AUC]  -  SA: 0.00000,  LA: 0.81724
[Test AUPRC]  -  LA: 0.83990
[Test F1-max]  -  LA: 0.80851
Epoch: 63 | Loss: 2.3841835172788706e-06  | Negative Loss: 0.0
[Test ROC-AUC]  -  SA: 0.00000,  LA: 0.81724
[Test AUPRC]  -  LA: 0.83990
[Test F1-max]  -  LA: 0.80851
Epoch: 64 | Loss: 2.2649744551017648e-06  | Negative Loss: 0.0
[Test ROC-AUC]  -  SA: 0.00000,  LA: 0.81724
[Test AUPRC]  -  LA: 0.83990
[Test F1-max]  -  LA: 0.80851
Epoch: 65 | Loss: 2.2649744551017648e-06  | Negative Loss: 0.0
[Test ROC-AUC]  -  SA: 0.00000,  LA: 0.81724
[Test AUPRC]  -  LA: 0.83990
[Test F1-max]  -  LA: 0.80851
Epoch: 66 | Loss: 2.2649744551017648e-06  | Negative Loss: 0.0
[Test ROC-AUC]  -  SA: 0.00000,  LA: 0.81686
[Test AUPRC]  -  LA: 0.83957
[Test F1-max]  -  LA: 0.80851
Epoch: 67 | Loss: 2.2649744551017648e-06  | Negative Loss: 0.0
[Test ROC-AUC]  -  SA: 0.00000,  LA: 0.81686
[Test AUPRC]  -  LA: 0.83957
[Test F1-max]  -  LA: 0.80851
Epoch: 68 | Loss: 2.145765392924659e-06  | Negative Loss: 0.0
[Test ROC-AUC]  -  SA: 0.00000,  LA: 0.81686
[Test AUPRC]  -  LA: 0.83957
[Test F1-max]  -  LA: 0.80851
Epoch: 69 | Loss: 2.145765392924659e-06  | Negative Loss: 0.0
[Test ROC-AUC]  -  SA: 0.00000,  LA: 0.81686
[Test AUPRC]  -  LA: 0.83957
[Test F1-max]  -  LA: 0.80851
Epoch: 70 | Loss: 2.145765392924659e-06  | Negative Loss: 0.0
[Test ROC-AUC]  -  SA: 0.00000,  LA: 0.81686
[Test AUPRC]  -  LA: 0.83957
[Test F1-max]  -  LA: 0.80851
Epoch: 71 | Loss: 2.145765392924659e-06  | Negative Loss: 0.0
[Test ROC-AUC]  -  SA: 0.00000,  LA: 0.81686
[Test AUPRC]  -  LA: 0.83957
[Test F1-max]  -  LA: 0.80851
Epoch: 72 | Loss: 2.145765392924659e-06  | Negative Loss: 0.0
[Test ROC-AUC]  -  SA: 0.00000,  LA: 0.81686
[Test AUPRC]  -  LA: 0.83957
[Test F1-max]  -  LA: 0.80851
Epoch: 73 | Loss: 2.026556330747553e-06  | Negative Loss: 0.0
[Test ROC-AUC]  -  SA: 0.00000,  LA: 0.81686
[Test AUPRC]  -  LA: 0.83957
[Test F1-max]  -  LA: 0.80851
Epoch: 74 | Loss: 2.026556330747553e-06  | Negative Loss: 0.0
[Test ROC-AUC]  -  SA: 0.00000,  LA: 0.81686
[Test AUPRC]  -  LA: 0.83957
[Test F1-max]  -  LA: 0.80851
Epoch: 75 | Loss: 2.026556330747553e-06  | Negative Loss: 0.0
[Test ROC-AUC]  -  SA: 0.00000,  LA: 0.81686
[Test AUPRC]  -  LA: 0.83957
[Test F1-max]  -  LA: 0.80851
Epoch: 76 | Loss: 2.026556330747553e-06  | Negative Loss: 0.0
[Test ROC-AUC]  -  SA: 0.00000,  LA: 0.81686
[Test AUPRC]  -  LA: 0.83957
[Test F1-max]  -  LA: 0.80851
Epoch: 77 | Loss: 2.026556330747553e-06  | Negative Loss: 0.0
[Test ROC-AUC]  -  SA: 0.00000,  LA: 0.81686
[Test AUPRC]  -  LA: 0.83957
[Test F1-max]  -  LA: 0.80851
Epoch: 78 | Loss: 2.026556330747553e-06  | Negative Loss: 0.0
[Test ROC-AUC]  -  SA: 0.00000,  LA: 0.81686
[Test AUPRC]  -  LA: 0.83957
[Test F1-max]  -  LA: 0.80851
Epoch: 79 | Loss: 2.026556330747553e-06  | Negative Loss: 0.0
[Test ROC-AUC]  -  SA: 0.00000,  LA: 0.81686
[Test AUPRC]  -  LA: 0.83957
[Test F1-max]  -  LA: 0.80851
Epoch: 80 | Loss: 1.9073472685704473e-06  | Negative Loss: 0.0
[Test ROC-AUC]  -  SA: 0.00000,  LA: 0.81686
[Test AUPRC]  -  LA: 0.83957
[Test F1-max]  -  LA: 0.80851
Epoch: 81 | Loss: 1.9073472685704473e-06  | Negative Loss: 0.0
[Test ROC-AUC]  -  SA: 0.00000,  LA: 0.81686
[Test AUPRC]  -  LA: 0.83957
[Test F1-max]  -  LA: 0.80851
Epoch: 82 | Loss: 1.9073472685704473e-06  | Negative Loss: 0.0
[Test ROC-AUC]  -  SA: 0.00000,  LA: 0.81686
[Test AUPRC]  -  LA: 0.83957
[Test F1-max]  -  LA: 0.80851
Epoch: 83 | Loss: 1.9073472685704473e-06  | Negative Loss: 0.0
[Test ROC-AUC]  -  SA: 0.00000,  LA: 0.81686
[Test AUPRC]  -  LA: 0.83957
[Test F1-max]  -  LA: 0.80851
Epoch: 84 | Loss: 1.9073472685704473e-06  | Negative Loss: 0.0
[Test ROC-AUC]  -  SA: 0.00000,  LA: 0.81686
[Test AUPRC]  -  LA: 0.83957
[Test F1-max]  -  LA: 0.80851
Epoch: 85 | Loss: 1.9073472685704473e-06  | Negative Loss: 0.0
[Test ROC-AUC]  -  SA: 0.00000,  LA: 0.81686
[Test AUPRC]  -  LA: 0.83957
[Test F1-max]  -  LA: 0.80851
Epoch: 86 | Loss: 1.9073472685704473e-06  | Negative Loss: 0.0
[Test ROC-AUC]  -  SA: 0.00000,  LA: 0.81686
[Test AUPRC]  -  LA: 0.83957
[Test F1-max]  -  LA: 0.80851
Epoch: 87 | Loss: 1.7881380927065038e-06  | Negative Loss: 0.0
[Test ROC-AUC]  -  SA: 0.00000,  LA: 0.81686
[Test AUPRC]  -  LA: 0.83957
[Test F1-max]  -  LA: 0.80851
Epoch: 88 | Loss: 1.7881380927065038e-06  | Negative Loss: 0.0
[Test ROC-AUC]  -  SA: 0.00000,  LA: 0.81686
[Test AUPRC]  -  LA: 0.83957
[Test F1-max]  -  LA: 0.80851
Epoch: 89 | Loss: 1.668929030529398e-06  | Negative Loss: 0.0
[Test ROC-AUC]  -  SA: 0.00000,  LA: 0.81686
[Test AUPRC]  -  LA: 0.83957
[Test F1-max]  -  LA: 0.80851
Epoch: 90 | Loss: 1.668929030529398e-06  | Negative Loss: 0.0
[Test ROC-AUC]  -  SA: 0.00000,  LA: 0.81686
[Test AUPRC]  -  LA: 0.83957
[Test F1-max]  -  LA: 0.80851
Epoch: 91 | Loss: 1.668929030529398e-06  | Negative Loss: 0.0
[Test ROC-AUC]  -  SA: 0.00000,  LA: 0.81686
[Test AUPRC]  -  LA: 0.83957
[Test F1-max]  -  LA: 0.80851
Epoch: 92 | Loss: 1.668929030529398e-06  | Negative Loss: 0.0
[Test ROC-AUC]  -  SA: 0.00000,  LA: 0.81686
[Test AUPRC]  -  LA: 0.83957
[Test F1-max]  -  LA: 0.80851
Epoch: 93 | Loss: 1.668929030529398e-06  | Negative Loss: 0.0
[Test ROC-AUC]  -  SA: 0.00000,  LA: 0.81686
[Test AUPRC]  -  LA: 0.83957
[Test F1-max]  -  LA: 0.80851
Epoch: 94 | Loss: 1.668929030529398e-06  | Negative Loss: 0.0
[Test ROC-AUC]  -  SA: 0.00000,  LA: 0.81686
[Test AUPRC]  -  LA: 0.83957
[Test F1-max]  -  LA: 0.80851
Epoch: 95 | Loss: 1.668929030529398e-06  | Negative Loss: 0.0
[Test ROC-AUC]  -  SA: 0.00000,  LA: 0.81686
[Test AUPRC]  -  LA: 0.83957
[Test F1-max]  -  LA: 0.80851
Epoch: 96 | Loss: 1.668929030529398e-06  | Negative Loss: 0.0
[Test ROC-AUC]  -  SA: 0.00000,  LA: 0.81686
[Test AUPRC]  -  LA: 0.83957
[Test F1-max]  -  LA: 0.80851
Epoch: 97 | Loss: 1.668929030529398e-06  | Negative Loss: 0.0
[Test ROC-AUC]  -  SA: 0.00000,  LA: 0.81686
[Test AUPRC]  -  LA: 0.83957
[Test F1-max]  -  LA: 0.80851
Epoch: 98 | Loss: 1.668929030529398e-06  | Negative Loss: 0.0
[Test ROC-AUC]  -  SA: 0.00000,  LA: 0.81686
[Test AUPRC]  -  LA: 0.83957
[Test F1-max]  -  LA: 0.80851
Epoch: 99 | Loss: 1.668929030529398e-06  | Negative Loss: 0.0
Time consumption: 102.58920454978943
Best LA AUC: 0.8417624521072797
Best LA AUPC: 0.8516316204591137
Best LA F1-max: 0.8208955223880597
[Result] Experiment result appended to ./results/train_hybrid_result.csv

[END] 2026-03-29 10:53:36
[RETURN CODE] 0
