[START] 2026-03-29 12:11:55
[GPU] 1
[TASK] 120/150
[NAME] pcb3_winclip
[REPEAT] 5/5
[COMMAND] python train_hybrid.py --data_name pcb3 --mask True --text True --double_encoder True --few_shot True --shot 1 --hybrid_model winclip --hybrid_weight 0.3 --hybrid_batch_size 16 --epoch 100 --log True --lr 5e-4 --detection True --preprocess True

/home/seungeon/miniconda3/envs/LAB/lib/python3.10/site-packages/timm/models/layers/__init__.py:48: FutureWarning: Importing from timm.models.layers is deprecated, please import via timm.layers
  warnings.warn(f"Importing from {__name__} is deprecated, please import via timm.layers", FutureWarning)
/home/seungeon/Workspace/side/vlm/train_hybrid.py:18: DeprecationWarning: The distutils package is deprecated and slated for removal in Python 3.12. Use setuptools or check PEP 632 for potential alternatives
  from distutils.util import strtobool
Torch version: 2.9.1+cu128
cuda is loaded for process
here?
In my local computer
Namespace(epoch=100, gpu_number='0', data_name='pcb3', lr=0.0005, batch_size=6, shuffle=True, seed=0, tag='default', model_name='ViT-B-32', pretrained_name='laion2b_s34b_b79k', lora=1, default=False, foundation='CLIP', detection=1, preprocess=1, num_rule=0, object_names=['a photo of PCB'], objects_for_rules=[['a photo of PCB'], ['a photo of PCB'], ['a photo of PCB'], ['a photo of PCB']], texts_for_rules=[['a photo of PCB'], ['a photo of PCB'], ['a photo of PCB'], ['a photo of PCB']], mask=1, text=1, score='mean', ciriculam_learning=False, few_shot=1, shot=1, log=1, neg_loss=0, double_encoder=1, pretrained_count_path=None, ris=0, rule_select='', rule_list=[], num_negative=5, hybrid_model='winclip', hybrid_weight=0.3, hybrid_class_name='', hybrid_batch_size=16, hybrid_backbone='ViT-B-16-plus-240', hybrid_pretrained_dataset='laion400m_e32', hybrid_scales=[2, 3], hybrid_img_resize=240, hybrid_img_cropsize=240, hybrid_resolution=400, hybrid_promptad_epoch=100, hybrid_promptad_lr=0.002, hybrid_promptad_momentum=0.9, hybrid_promptad_weight_decay=0.0005, hybrid_promptad_eta_min=1e-05, hybrid_promptad_lambda1=0.001, hybrid_promptad_n_ctx=4, hybrid_promptad_n_pro=3, hybrid_promptad_n_ctx_ab=1, hybrid_promptad_n_pro_ab=4, early_stop_k=10, result_log_path='./results/train_hybrid_result.csv')
[Hybrid] method=winclip, class_name=pcb3, train=1, eval=201, base_path=/data3/seungeon/data/image/visa/pcb3
grid 240 16 (15, 15)
[Hybrid-only] LA_AUC=0.62683, LA_AUPRC=0.65350, LA_F1=0.67596
[Data Description]
- Train: 1
- Test: 201

Train Start
[Test ROC-AUC]  -  SA: 0.00000,  LA: 0.50020
[Test AUPRC]  -  LA: 0.46655
[Test F1-max]  -  LA: 0.67808
Epoch: 0 | Loss: 2.704963207244873  | Negative Loss: 0.0
[Test ROC-AUC]  -  SA: 0.00000,  LA: 0.49980
[Test AUPRC]  -  LA: 0.46677
[Test F1-max]  -  LA: 0.67808
Epoch: 1 | Loss: 2.6242706775665283  | Negative Loss: 0.0
[Test ROC-AUC]  -  SA: 0.00000,  LA: 0.51535
[Test AUPRC]  -  LA: 0.47950
[Test F1-max]  -  LA: 0.68512
Epoch: 2 | Loss: 1.5873041152954102  | Negative Loss: 0.0
[Test ROC-AUC]  -  SA: 0.00000,  LA: 0.53010
[Test AUPRC]  -  LA: 0.51330
[Test F1-max]  -  LA: 0.69504
Epoch: 3 | Loss: 0.6342090368270874  | Negative Loss: 0.0
[Test ROC-AUC]  -  SA: 0.00000,  LA: 0.54891
[Test AUPRC]  -  LA: 0.54423
[Test F1-max]  -  LA: 0.69718
Epoch: 4 | Loss: 0.1866753250360489  | Negative Loss: 0.0
[Test ROC-AUC]  -  SA: 0.00000,  LA: 0.57208
[Test AUPRC]  -  LA: 0.56079
[Test F1-max]  -  LA: 0.69258
Epoch: 5 | Loss: 0.05591177940368652  | Negative Loss: 0.0
[Test ROC-AUC]  -  SA: 0.00000,  LA: 0.58871
[Test AUPRC]  -  LA: 0.57353
[Test F1-max]  -  LA: 0.69258
Epoch: 6 | Loss: 0.020398765802383423  | Negative Loss: 0.0
[Test ROC-AUC]  -  SA: 0.00000,  LA: 0.59970
[Test AUPRC]  -  LA: 0.59029
[Test F1-max]  -  LA: 0.69039
Epoch: 7 | Loss: 0.008785858750343323  | Negative Loss: 0.0
[Test ROC-AUC]  -  SA: 0.00000,  LA: 0.61000
[Test AUPRC]  -  LA: 0.60061
[Test F1-max]  -  LA: 0.69231
Epoch: 8 | Loss: 0.004306900314986706  | Negative Loss: 0.0
[Test ROC-AUC]  -  SA: 0.00000,  LA: 0.61614
[Test AUPRC]  -  LA: 0.61854
[Test F1-max]  -  LA: 0.69231
Epoch: 9 | Loss: 0.002321957377716899  | Negative Loss: 0.0
[Test ROC-AUC]  -  SA: 0.00000,  LA: 0.62139
[Test AUPRC]  -  LA: 0.62814
[Test F1-max]  -  LA: 0.69231
Epoch: 10 | Loss: 0.001335742766968906  | Negative Loss: 0.0
[Test ROC-AUC]  -  SA: 0.00000,  LA: 0.62574
[Test AUPRC]  -  LA: 0.64100
[Test F1-max]  -  LA: 0.68990
Epoch: 11 | Loss: 0.0008059845422394574  | Negative Loss: 0.0
[Test ROC-AUC]  -  SA: 0.00000,  LA: 0.62683
[Test AUPRC]  -  LA: 0.64847
[Test F1-max]  -  LA: 0.68707
Epoch: 12 | Loss: 0.0005041623371653259  | Negative Loss: 0.0
[Test ROC-AUC]  -  SA: 0.00000,  LA: 0.62861
[Test AUPRC]  -  LA: 0.65099
[Test F1-max]  -  LA: 0.68512
Epoch: 13 | Loss: 0.0003267123247496784  | Negative Loss: 0.0
[Test ROC-AUC]  -  SA: 0.00000,  LA: 0.62911
[Test AUPRC]  -  LA: 0.65322
[Test F1-max]  -  LA: 0.68493
Epoch: 14 | Loss: 0.0002178961003664881  | Negative Loss: 0.0
[Test ROC-AUC]  -  SA: 0.00000,  LA: 0.62990
[Test AUPRC]  -  LA: 0.65460
[Test F1-max]  -  LA: 0.68531
Epoch: 15 | Loss: 0.0001494795869803056  | Negative Loss: 0.0
[Test ROC-AUC]  -  SA: 0.00000,  LA: 0.63059
[Test AUPRC]  -  LA: 0.65513
[Test F1-max]  -  LA: 0.68531
Epoch: 16 | Loss: 0.00010430372640257701  | Negative Loss: 0.0
[Test ROC-AUC]  -  SA: 0.00000,  LA: 0.63089
[Test AUPRC]  -  LA: 0.65460
[Test F1-max]  -  LA: 0.68293
Epoch: 17 | Loss: 7.390750397462398e-05  | Negative Loss: 0.0
[Test ROC-AUC]  -  SA: 0.00000,  LA: 0.63168
[Test AUPRC]  -  LA: 0.65551
[Test F1-max]  -  LA: 0.68293
Epoch: 18 | Loss: 5.3642987040802836e-05  | Negative Loss: 0.0
[Test ROC-AUC]  -  SA: 0.00000,  LA: 0.63168
[Test AUPRC]  -  LA: 0.65775
[Test F1-max]  -  LA: 0.68259
Epoch: 19 | Loss: 3.9576832932652906e-05  | Negative Loss: 0.0
[Test ROC-AUC]  -  SA: 0.00000,  LA: 0.63149
[Test AUPRC]  -  LA: 0.65742
[Test F1-max]  -  LA: 0.68259
Epoch: 20 | Loss: 2.9325119612622075e-05  | Negative Loss: 0.0
[Test ROC-AUC]  -  SA: 0.00000,  LA: 0.63158
[Test AUPRC]  -  LA: 0.65788
[Test F1-max]  -  LA: 0.68041
Epoch: 21 | Loss: 2.21727168536745e-05  | Negative Loss: 0.0
[Test ROC-AUC]  -  SA: 0.00000,  LA: 0.63129
[Test AUPRC]  -  LA: 0.65737
[Test F1-max]  -  LA: 0.68259
Epoch: 22 | Loss: 1.7404428945155814e-05  | Negative Loss: 0.0
[Test ROC-AUC]  -  SA: 0.00000,  LA: 0.63079
[Test AUPRC]  -  LA: 0.65713
[Test F1-max]  -  LA: 0.68259
Epoch: 23 | Loss: 1.3470571502693929e-05  | Negative Loss: 0.0
[Test ROC-AUC]  -  SA: 0.00000,  LA: 0.63119
[Test AUPRC]  -  LA: 0.65865
[Test F1-max]  -  LA: 0.68259
Epoch: 24 | Loss: 1.0490368367754854e-05  | Negative Loss: 0.0
[Test ROC-AUC]  -  SA: 0.00000,  LA: 0.63099
[Test AUPRC]  -  LA: 0.65805
[Test F1-max]  -  LA: 0.68259
Epoch: 25 | Loss: 8.463827725790907e-06  | Negative Loss: 0.0
[Test ROC-AUC]  -  SA: 0.00000,  LA: 0.63079
[Test AUPRC]  -  LA: 0.65810
[Test F1-max]  -  LA: 0.68259
Epoch: 26 | Loss: 7.033326710370602e-06  | Negative Loss: 0.0
[Test ROC-AUC]  -  SA: 0.00000,  LA: 0.63109
[Test AUPRC]  -  LA: 0.65870
[Test F1-max]  -  LA: 0.68259
Epoch: 27 | Loss: 5.722031346522272e-06  | Negative Loss: 0.0
[Test ROC-AUC]  -  SA: 0.00000,  LA: 0.63069
[Test AUPRC]  -  LA: 0.65879
[Test F1-max]  -  LA: 0.68259
Epoch: 28 | Loss: 4.76836112284218e-06  | Negative Loss: 0.0
[Test ROC-AUC]  -  SA: 0.00000,  LA: 0.63010
[Test AUPRC]  -  LA: 0.65776
[Test F1-max]  -  LA: 0.68259
Epoch: 29 | Loss: 4.053108568768948e-06  | Negative Loss: 0.0
[Test ROC-AUC]  -  SA: 0.00000,  LA: 0.62980
[Test AUPRC]  -  LA: 0.65763
[Test F1-max]  -  LA: 0.68259
Epoch: 30 | Loss: 3.33785487782734e-06  | Negative Loss: 0.0
[Test ROC-AUC]  -  SA: 0.00000,  LA: 0.62950
[Test AUPRC]  -  LA: 0.65694
[Test F1-max]  -  LA: 0.68259
Epoch: 31 | Loss: 2.9802281460433733e-06  | Negative Loss: 0.0
[Test ROC-AUC]  -  SA: 0.00000,  LA: 0.62950
[Test AUPRC]  -  LA: 0.65607
[Test F1-max]  -  LA: 0.68041
Epoch: 32 | Loss: 2.6226011868857313e-06  | Negative Loss: 0.0
[Test ROC-AUC]  -  SA: 0.00000,  LA: 0.62931
[Test AUPRC]  -  LA: 0.65574
[Test F1-max]  -  LA: 0.68041
Epoch: 33 | Loss: 2.2649742277280893e-06  | Negative Loss: 0.0
[Test ROC-AUC]  -  SA: 0.00000,  LA: 0.62941
[Test AUPRC]  -  LA: 0.65586
[Test F1-max]  -  LA: 0.68041
Epoch: 34 | Loss: 2.0265561033738777e-06  | Negative Loss: 0.0
[Test ROC-AUC]  -  SA: 0.00000,  LA: 0.62931
[Test AUPRC]  -  LA: 0.65552
[Test F1-max]  -  LA: 0.68041
Epoch: 35 | Loss: 1.788137979019666e-06  | Negative Loss: 0.0
[Test ROC-AUC]  -  SA: 0.00000,  LA: 0.62931
[Test AUPRC]  -  LA: 0.65535
[Test F1-max]  -  LA: 0.68041
Epoch: 36 | Loss: 1.6689288031557226e-06  | Negative Loss: 0.0
[Test ROC-AUC]  -  SA: 0.00000,  LA: 0.62941
[Test AUPRC]  -  LA: 0.65548
[Test F1-max]  -  LA: 0.68041
Epoch: 37 | Loss: 1.5497197409786168e-06  | Negative Loss: 0.0
[Test ROC-AUC]  -  SA: 0.00000,  LA: 0.62931
[Test AUPRC]  -  LA: 0.65509
[Test F1-max]  -  LA: 0.68041
Epoch: 38 | Loss: 1.4305105651146732e-06  | Negative Loss: 0.0
[Test ROC-AUC]  -  SA: 0.00000,  LA: 0.62911
[Test AUPRC]  -  LA: 0.65458
[Test F1-max]  -  LA: 0.68041
Epoch: 39 | Loss: 1.3113015029375674e-06  | Negative Loss: 0.0
[Test ROC-AUC]  -  SA: 0.00000,  LA: 0.62891
[Test AUPRC]  -  LA: 0.65451
[Test F1-max]  -  LA: 0.68041
Epoch: 40 | Loss: 1.0728830375228426e-06  | Negative Loss: 0.0
[Test ROC-AUC]  -  SA: 0.00000,  LA: 0.62901
[Test AUPRC]  -  LA: 0.65466
[Test F1-max]  -  LA: 0.68041
Epoch: 41 | Loss: 9.536738616588991e-07  | Negative Loss: 0.0
[Test ROC-AUC]  -  SA: 0.00000,  LA: 0.62901
[Test AUPRC]  -  LA: 0.65483
[Test F1-max]  -  LA: 0.68041
Epoch: 42 | Loss: 9.536738616588991e-07  | Negative Loss: 0.0
[Test ROC-AUC]  -  SA: 0.00000,  LA: 0.62871
[Test AUPRC]  -  LA: 0.65469
[Test F1-max]  -  LA: 0.68041
Epoch: 43 | Loss: 8.344646857949556e-07  | Negative Loss: 0.0
[Test ROC-AUC]  -  SA: 0.00000,  LA: 0.62881
[Test AUPRC]  -  LA: 0.65469
[Test F1-max]  -  LA: 0.68041
Epoch: 44 | Loss: 8.344646857949556e-07  | Negative Loss: 0.0
[Test ROC-AUC]  -  SA: 0.00000,  LA: 0.62881
[Test AUPRC]  -  LA: 0.65484
[Test F1-max]  -  LA: 0.68041
Epoch: 45 | Loss: 8.344646857949556e-07  | Negative Loss: 0.0
[Test ROC-AUC]  -  SA: 0.00000,  LA: 0.62901
[Test AUPRC]  -  LA: 0.65498
[Test F1-max]  -  LA: 0.68041
Epoch: 46 | Loss: 7.152555099310121e-07  | Negative Loss: 0.0
[Test ROC-AUC]  -  SA: 0.00000,  LA: 0.62871
[Test AUPRC]  -  LA: 0.65481
[Test F1-max]  -  LA: 0.68041
Epoch: 47 | Loss: 7.152555099310121e-07  | Negative Loss: 0.0
[Test ROC-AUC]  -  SA: 0.00000,  LA: 0.62881
[Test AUPRC]  -  LA: 0.65487
[Test F1-max]  -  LA: 0.68041
Epoch: 48 | Loss: 7.152555099310121e-07  | Negative Loss: 0.0
[Test ROC-AUC]  -  SA: 0.00000,  LA: 0.62881
[Test AUPRC]  -  LA: 0.65487
[Test F1-max]  -  LA: 0.68041
Epoch: 49 | Loss: 5.960462772236497e-07  | Negative Loss: 0.0
[Test ROC-AUC]  -  SA: 0.00000,  LA: 0.62851
[Test AUPRC]  -  LA: 0.65476
[Test F1-max]  -  LA: 0.68041
Epoch: 50 | Loss: 5.960462772236497e-07  | Negative Loss: 0.0
[Test ROC-AUC]  -  SA: 0.00000,  LA: 0.62861
[Test AUPRC]  -  LA: 0.65483
[Test F1-max]  -  LA: 0.68041
Epoch: 51 | Loss: 5.960462772236497e-07  | Negative Loss: 0.0
[Test ROC-AUC]  -  SA: 0.00000,  LA: 0.62871
[Test AUPRC]  -  LA: 0.65488
[Test F1-max]  -  LA: 0.68041
Epoch: 52 | Loss: 5.960462772236497e-07  | Negative Loss: 0.0
[Test ROC-AUC]  -  SA: 0.00000,  LA: 0.62861
[Test AUPRC]  -  LA: 0.65484
[Test F1-max]  -  LA: 0.68041
Epoch: 53 | Loss: 5.960462772236497e-07  | Negative Loss: 0.0
[Test ROC-AUC]  -  SA: 0.00000,  LA: 0.62861
[Test AUPRC]  -  LA: 0.65484
[Test F1-max]  -  LA: 0.68041
Epoch: 54 | Loss: 5.960462772236497e-07  | Negative Loss: 0.0
[Test ROC-AUC]  -  SA: 0.00000,  LA: 0.62871
[Test AUPRC]  -  LA: 0.65490
[Test F1-max]  -  LA: 0.68041
Epoch: 55 | Loss: 4.768370445162873e-07  | Negative Loss: 0.0
[Test ROC-AUC]  -  SA: 0.00000,  LA: 0.62871
[Test AUPRC]  -  LA: 0.65490
[Test F1-max]  -  LA: 0.68041
Epoch: 56 | Loss: 4.768370445162873e-07  | Negative Loss: 0.0
[Test ROC-AUC]  -  SA: 0.00000,  LA: 0.62871
[Test AUPRC]  -  LA: 0.65490
[Test F1-max]  -  LA: 0.68041
Epoch: 57 | Loss: 4.768370445162873e-07  | Negative Loss: 0.0
[Test ROC-AUC]  -  SA: 0.00000,  LA: 0.62871
[Test AUPRC]  -  LA: 0.65490
[Test F1-max]  -  LA: 0.68041
Epoch: 58 | Loss: 4.768370445162873e-07  | Negative Loss: 0.0
[Test ROC-AUC]  -  SA: 0.00000,  LA: 0.62861
[Test AUPRC]  -  LA: 0.65473
[Test F1-max]  -  LA: 0.68041
Epoch: 59 | Loss: 4.768370445162873e-07  | Negative Loss: 0.0
[Test ROC-AUC]  -  SA: 0.00000,  LA: 0.62861
[Test AUPRC]  -  LA: 0.65473
[Test F1-max]  -  LA: 0.68041
Epoch: 60 | Loss: 4.768370445162873e-07  | Negative Loss: 0.0
[Test ROC-AUC]  -  SA: 0.00000,  LA: 0.62861
[Test AUPRC]  -  LA: 0.65473
[Test F1-max]  -  LA: 0.68041
Epoch: 61 | Loss: 4.768370445162873e-07  | Negative Loss: 0.0
[Test ROC-AUC]  -  SA: 0.00000,  LA: 0.62861
[Test AUPRC]  -  LA: 0.65473
[Test F1-max]  -  LA: 0.68041
Epoch: 62 | Loss: 4.768370445162873e-07  | Negative Loss: 0.0
[Test ROC-AUC]  -  SA: 0.00000,  LA: 0.62861
[Test AUPRC]  -  LA: 0.65473
[Test F1-max]  -  LA: 0.68041
Epoch: 63 | Loss: 4.768370445162873e-07  | Negative Loss: 0.0
[Test ROC-AUC]  -  SA: 0.00000,  LA: 0.62861
[Test AUPRC]  -  LA: 0.65473
[Test F1-max]  -  LA: 0.68041
Epoch: 64 | Loss: 4.768370445162873e-07  | Negative Loss: 0.0
[Test ROC-AUC]  -  SA: 0.00000,  LA: 0.62851
[Test AUPRC]  -  LA: 0.65469
[Test F1-max]  -  LA: 0.68041
Epoch: 65 | Loss: 4.768370445162873e-07  | Negative Loss: 0.0
[Test ROC-AUC]  -  SA: 0.00000,  LA: 0.62851
[Test AUPRC]  -  LA: 0.65469
[Test F1-max]  -  LA: 0.68041
Epoch: 66 | Loss: 4.768370445162873e-07  | Negative Loss: 0.0
[Test ROC-AUC]  -  SA: 0.00000,  LA: 0.62851
[Test AUPRC]  -  LA: 0.65469
[Test F1-max]  -  LA: 0.68041
Epoch: 67 | Loss: 4.768370445162873e-07  | Negative Loss: 0.0
[Test ROC-AUC]  -  SA: 0.00000,  LA: 0.62851
[Test AUPRC]  -  LA: 0.65469
[Test F1-max]  -  LA: 0.68041
Epoch: 68 | Loss: 3.576278118089249e-07  | Negative Loss: 0.0
[Test ROC-AUC]  -  SA: 0.00000,  LA: 0.62842
[Test AUPRC]  -  LA: 0.65465
[Test F1-max]  -  LA: 0.68041
Epoch: 69 | Loss: 3.576278118089249e-07  | Negative Loss: 0.0
[Test ROC-AUC]  -  SA: 0.00000,  LA: 0.62842
[Test AUPRC]  -  LA: 0.65465
[Test F1-max]  -  LA: 0.68041
Epoch: 70 | Loss: 3.576278118089249e-07  | Negative Loss: 0.0
[Test ROC-AUC]  -  SA: 0.00000,  LA: 0.62842
[Test AUPRC]  -  LA: 0.65465
[Test F1-max]  -  LA: 0.68041
Epoch: 71 | Loss: 3.576278118089249e-07  | Negative Loss: 0.0
[Test ROC-AUC]  -  SA: 0.00000,  LA: 0.62842
[Test AUPRC]  -  LA: 0.65465
[Test F1-max]  -  LA: 0.68041
Epoch: 72 | Loss: 3.576278118089249e-07  | Negative Loss: 0.0
[Test ROC-AUC]  -  SA: 0.00000,  LA: 0.62842
[Test AUPRC]  -  LA: 0.65465
[Test F1-max]  -  LA: 0.68041
Epoch: 73 | Loss: 3.576278118089249e-07  | Negative Loss: 0.0
[Test ROC-AUC]  -  SA: 0.00000,  LA: 0.62842
[Test AUPRC]  -  LA: 0.65465
[Test F1-max]  -  LA: 0.68041
Epoch: 74 | Loss: 3.576278118089249e-07  | Negative Loss: 0.0
[Test ROC-AUC]  -  SA: 0.00000,  LA: 0.62842
[Test AUPRC]  -  LA: 0.65465
[Test F1-max]  -  LA: 0.68041
Epoch: 75 | Loss: 3.576278118089249e-07  | Negative Loss: 0.0
[Test ROC-AUC]  -  SA: 0.00000,  LA: 0.62832
[Test AUPRC]  -  LA: 0.65461
[Test F1-max]  -  LA: 0.68041
Epoch: 76 | Loss: 3.576278118089249e-07  | Negative Loss: 0.0
[Test ROC-AUC]  -  SA: 0.00000,  LA: 0.62842
[Test AUPRC]  -  LA: 0.65464
[Test F1-max]  -  LA: 0.68041
Epoch: 77 | Loss: 3.576278118089249e-07  | Negative Loss: 0.0
[Test ROC-AUC]  -  SA: 0.00000,  LA: 0.62851
[Test AUPRC]  -  LA: 0.65474
[Test F1-max]  -  LA: 0.68041
Epoch: 78 | Loss: 3.576278118089249e-07  | Negative Loss: 0.0
[Test ROC-AUC]  -  SA: 0.00000,  LA: 0.62851
[Test AUPRC]  -  LA: 0.65474
[Test F1-max]  -  LA: 0.68041
Epoch: 79 | Loss: 3.576278118089249e-07  | Negative Loss: 0.0
[Test ROC-AUC]  -  SA: 0.00000,  LA: 0.62851
[Test AUPRC]  -  LA: 0.65474
[Test F1-max]  -  LA: 0.68041
Epoch: 80 | Loss: 3.576278118089249e-07  | Negative Loss: 0.0
[Test ROC-AUC]  -  SA: 0.00000,  LA: 0.62851
[Test AUPRC]  -  LA: 0.65474
[Test F1-max]  -  LA: 0.68041
Epoch: 81 | Loss: 3.576278118089249e-07  | Negative Loss: 0.0
[Test ROC-AUC]  -  SA: 0.00000,  LA: 0.62851
[Test AUPRC]  -  LA: 0.65474
[Test F1-max]  -  LA: 0.68041
Epoch: 82 | Loss: 3.576278118089249e-07  | Negative Loss: 0.0
[Test ROC-AUC]  -  SA: 0.00000,  LA: 0.62851
[Test AUPRC]  -  LA: 0.65474
[Test F1-max]  -  LA: 0.68041
Epoch: 83 | Loss: 3.576278118089249e-07  | Negative Loss: 0.0
[Test ROC-AUC]  -  SA: 0.00000,  LA: 0.62851
[Test AUPRC]  -  LA: 0.65474
[Test F1-max]  -  LA: 0.68041
Epoch: 84 | Loss: 3.576278118089249e-07  | Negative Loss: 0.0
[Test ROC-AUC]  -  SA: 0.00000,  LA: 0.62851
[Test AUPRC]  -  LA: 0.65474
[Test F1-max]  -  LA: 0.68041
Epoch: 85 | Loss: 3.576278118089249e-07  | Negative Loss: 0.0
[Test ROC-AUC]  -  SA: 0.00000,  LA: 0.62851
[Test AUPRC]  -  LA: 0.65474
[Test F1-max]  -  LA: 0.68041
Epoch: 86 | Loss: 3.576278118089249e-07  | Negative Loss: 0.0
[Test ROC-AUC]  -  SA: 0.00000,  LA: 0.62842
[Test AUPRC]  -  LA: 0.65470
[Test F1-max]  -  LA: 0.68041
Epoch: 87 | Loss: 3.576278118089249e-07  | Negative Loss: 0.0
[Test ROC-AUC]  -  SA: 0.00000,  LA: 0.62842
[Test AUPRC]  -  LA: 0.65470
[Test F1-max]  -  LA: 0.68041
Epoch: 88 | Loss: 3.576278118089249e-07  | Negative Loss: 0.0
[Test ROC-AUC]  -  SA: 0.00000,  LA: 0.62832
[Test AUPRC]  -  LA: 0.65455
[Test F1-max]  -  LA: 0.68041
Epoch: 89 | Loss: 3.576278118089249e-07  | Negative Loss: 0.0
[Test ROC-AUC]  -  SA: 0.00000,  LA: 0.62822
[Test AUPRC]  -  LA: 0.65442
[Test F1-max]  -  LA: 0.68041
Epoch: 90 | Loss: 3.576278118089249e-07  | Negative Loss: 0.0
[Test ROC-AUC]  -  SA: 0.00000,  LA: 0.62822
[Test AUPRC]  -  LA: 0.65442
[Test F1-max]  -  LA: 0.68041
Epoch: 91 | Loss: 3.576278118089249e-07  | Negative Loss: 0.0
[Test ROC-AUC]  -  SA: 0.00000,  LA: 0.62822
[Test AUPRC]  -  LA: 0.65442
[Test F1-max]  -  LA: 0.68041
Epoch: 92 | Loss: 3.576278118089249e-07  | Negative Loss: 0.0
[Test ROC-AUC]  -  SA: 0.00000,  LA: 0.62812
[Test AUPRC]  -  LA: 0.65438
[Test F1-max]  -  LA: 0.68041
Epoch: 93 | Loss: 3.576278118089249e-07  | Negative Loss: 0.0
[Test ROC-AUC]  -  SA: 0.00000,  LA: 0.62822
[Test AUPRC]  -  LA: 0.65443
[Test F1-max]  -  LA: 0.68041
Epoch: 94 | Loss: 3.576278118089249e-07  | Negative Loss: 0.0
[Test ROC-AUC]  -  SA: 0.00000,  LA: 0.62822
[Test AUPRC]  -  LA: 0.65443
[Test F1-max]  -  LA: 0.68041
Epoch: 95 | Loss: 3.576278118089249e-07  | Negative Loss: 0.0
[Test ROC-AUC]  -  SA: 0.00000,  LA: 0.62822
[Test AUPRC]  -  LA: 0.65443
[Test F1-max]  -  LA: 0.68041
Epoch: 96 | Loss: 3.576278118089249e-07  | Negative Loss: 0.0
[Test ROC-AUC]  -  SA: 0.00000,  LA: 0.62822
[Test AUPRC]  -  LA: 0.65443
[Test F1-max]  -  LA: 0.68041
Epoch: 97 | Loss: 3.576278118089249e-07  | Negative Loss: 0.0
[Test ROC-AUC]  -  SA: 0.00000,  LA: 0.62822
[Test AUPRC]  -  LA: 0.65443
[Test F1-max]  -  LA: 0.68041
Epoch: 98 | Loss: 3.576278118089249e-07  | Negative Loss: 0.0
[Test ROC-AUC]  -  SA: 0.00000,  LA: 0.62822
[Test AUPRC]  -  LA: 0.65443
[Test F1-max]  -  LA: 0.68041
Epoch: 99 | Loss: 2.3841855067985307e-07  | Negative Loss: 0.0
Time consumption: 131.6193871498108
Best LA AUC: 0.6316831683168317
Best LA AUPC: 0.6587949595106838
Best LA F1-max: 0.6971830985915494
[Result] Experiment result appended to ./results/train_hybrid_result.csv

[END] 2026-03-29 12:17:36
[RETURN CODE] 0
