[START] 2026-03-29 11:38:07
[GPU] 1
[TASK] 82/150
[NAME] pcb1_promptad
[REPEAT] 2/5
[COMMAND] python train_hybrid.py --data_name pcb1 --mask True --text True --double_encoder True --few_shot True --shot 5 --hybrid_model promptad --hybrid_weight 0.3 --hybrid_batch_size 16 --epoch 100 --log True --lr 5e-4 --detection True --preprocess True

/home/seungeon/miniconda3/envs/LAB/lib/python3.10/site-packages/timm/models/layers/__init__.py:48: FutureWarning: Importing from timm.models.layers is deprecated, please import via timm.layers
  warnings.warn(f"Importing from {__name__} is deprecated, please import via timm.layers", FutureWarning)
/home/seungeon/Workspace/side/vlm/train_hybrid.py:18: DeprecationWarning: The distutils package is deprecated and slated for removal in Python 3.12. Use setuptools or check PEP 632 for potential alternatives
  from distutils.util import strtobool
Torch version: 2.9.1+cu128
cuda is loaded for process
here?
In my local computer
Namespace(epoch=100, gpu_number='0', data_name='pcb1', lr=0.0005, batch_size=6, shuffle=True, seed=0, tag='default', model_name='ViT-B-32', pretrained_name='laion2b_s34b_b79k', lora=1, default=False, foundation='CLIP', detection=1, preprocess=1, num_rule=0, object_names=['a photo of PCB'], objects_for_rules=[['a photo of PCB'], ['a photo of PCB'], ['a photo of PCB'], ['a photo of PCB']], texts_for_rules=[['a photo of PCB'], ['a photo of PCB'], ['a photo of PCB'], ['a photo of PCB']], mask=1, text=1, score='mean', ciriculam_learning=False, few_shot=1, shot=5, log=1, neg_loss=0, double_encoder=1, pretrained_count_path=None, ris=0, rule_select='', rule_list=[], num_negative=5, hybrid_model='promptad', hybrid_weight=0.3, hybrid_class_name='', hybrid_batch_size=16, hybrid_backbone='ViT-B-16-plus-240', hybrid_pretrained_dataset='laion400m_e32', hybrid_scales=[2, 3], hybrid_img_resize=240, hybrid_img_cropsize=240, hybrid_resolution=400, hybrid_promptad_epoch=100, hybrid_promptad_lr=0.002, hybrid_promptad_momentum=0.9, hybrid_promptad_weight_decay=0.0005, hybrid_promptad_eta_min=1e-05, hybrid_promptad_lambda1=0.001, hybrid_promptad_n_ctx=4, hybrid_promptad_n_pro=3, hybrid_promptad_n_ctx_ab=1, hybrid_promptad_n_pro_ab=4, early_stop_k=10, result_log_path='./results/train_hybrid_result.csv')
[Hybrid] method=promptad, class_name=pcb1, train=5, eval=200, base_path=/data3/seungeon/data/image/visa/pcb1
[Hybrid-only] LA_AUC=0.86470, LA_AUPRC=0.88731, LA_F1=0.79070
[Data Description]
- Train: 5
- Test: 200

Train Start
[Test ROC-AUC]  -  SA: 0.00000,  LA: 0.68600
[Test AUPRC]  -  LA: 0.69348
[Test F1-max]  -  LA: 0.69434
Epoch: 0 | Loss: 5.4358320236206055  | Negative Loss: 0.0
[Test ROC-AUC]  -  SA: 0.00000,  LA: 0.69720
[Test AUPRC]  -  LA: 0.70806
[Test F1-max]  -  LA: 0.70079
Epoch: 1 | Loss: 5.336475849151611  | Negative Loss: 0.0
[Test ROC-AUC]  -  SA: 0.00000,  LA: 0.80470
[Test AUPRC]  -  LA: 0.84689
[Test F1-max]  -  LA: 0.73632
Epoch: 2 | Loss: 4.089728832244873  | Negative Loss: 0.0
[Test ROC-AUC]  -  SA: 0.00000,  LA: 0.84010
[Test AUPRC]  -  LA: 0.88397
[Test F1-max]  -  LA: 0.79070
Epoch: 3 | Loss: 2.4261550903320312  | Negative Loss: 0.0
[Test ROC-AUC]  -  SA: 0.00000,  LA: 0.85170
[Test AUPRC]  -  LA: 0.89163
[Test F1-max]  -  LA: 0.80000
Epoch: 4 | Loss: 1.0423061847686768  | Negative Loss: 0.0
[Test ROC-AUC]  -  SA: 0.00000,  LA: 0.85515
[Test AUPRC]  -  LA: 0.89320
[Test F1-max]  -  LA: 0.80226
Epoch: 5 | Loss: 0.34594976902008057  | Negative Loss: 0.0
[Test ROC-AUC]  -  SA: 0.00000,  LA: 0.85610
[Test AUPRC]  -  LA: 0.89191
[Test F1-max]  -  LA: 0.79787
Epoch: 6 | Loss: 0.10691338032484055  | Negative Loss: 0.0
[Test ROC-AUC]  -  SA: 0.00000,  LA: 0.85280
[Test AUPRC]  -  LA: 0.88885
[Test F1-max]  -  LA: 0.79581
Epoch: 7 | Loss: 0.03605176508426666  | Negative Loss: 0.0
[Test ROC-AUC]  -  SA: 0.00000,  LA: 0.84960
[Test AUPRC]  -  LA: 0.88673
[Test F1-max]  -  LA: 0.79545
Epoch: 8 | Loss: 0.013423638418316841  | Negative Loss: 0.0
[Test ROC-AUC]  -  SA: 0.00000,  LA: 0.84960
[Test AUPRC]  -  LA: 0.88632
[Test F1-max]  -  LA: 0.79545
Epoch: 9 | Loss: 0.005427802912890911  | Negative Loss: 0.0
[Test ROC-AUC]  -  SA: 0.00000,  LA: 0.85495
[Test AUPRC]  -  LA: 0.88908
[Test F1-max]  -  LA: 0.79330
Epoch: 10 | Loss: 0.0023446509148925543  | Negative Loss: 0.0
[Test ROC-AUC]  -  SA: 0.00000,  LA: 0.85850
[Test AUPRC]  -  LA: 0.89025
[Test F1-max]  -  LA: 0.79070
Epoch: 11 | Loss: 0.0010852926643565297  | Negative Loss: 0.0
[Test ROC-AUC]  -  SA: 0.00000,  LA: 0.86140
[Test AUPRC]  -  LA: 0.89090
[Test F1-max]  -  LA: 0.79070
Epoch: 12 | Loss: 0.000533568614628166  | Negative Loss: 0.0
[Test ROC-AUC]  -  SA: 0.00000,  LA: 0.86310
[Test AUPRC]  -  LA: 0.89201
[Test F1-max]  -  LA: 0.79070
Epoch: 13 | Loss: 0.00027499208226799965  | Negative Loss: 0.0
[Test ROC-AUC]  -  SA: 0.00000,  LA: 0.86480
[Test AUPRC]  -  LA: 0.89262
[Test F1-max]  -  LA: 0.79188
Epoch: 14 | Loss: 0.00014828900748398155  | Negative Loss: 0.0
[Test ROC-AUC]  -  SA: 0.00000,  LA: 0.86540
[Test AUPRC]  -  LA: 0.89210
[Test F1-max]  -  LA: 0.79070
Epoch: 15 | Loss: 8.272883860627189e-05  | Negative Loss: 0.0
[Test ROC-AUC]  -  SA: 0.00000,  LA: 0.86760
[Test AUPRC]  -  LA: 0.89238
[Test F1-max]  -  LA: 0.79070
Epoch: 16 | Loss: 4.758751310873777e-05  | Negative Loss: 0.0
[Test ROC-AUC]  -  SA: 0.00000,  LA: 0.86780
[Test AUPRC]  -  LA: 0.89247
[Test F1-max]  -  LA: 0.79070
Epoch: 17 | Loss: 2.8276137527427636e-05  | Negative Loss: 0.0
[Test ROC-AUC]  -  SA: 0.00000,  LA: 0.86910
[Test AUPRC]  -  LA: 0.89260
[Test F1-max]  -  LA: 0.79070
Epoch: 18 | Loss: 1.7142179785878398e-05  | Negative Loss: 0.0
[Test ROC-AUC]  -  SA: 0.00000,  LA: 0.86880
[Test AUPRC]  -  LA: 0.89213
[Test F1-max]  -  LA: 0.79070
Epoch: 19 | Loss: 1.0824155651789624e-05  | Negative Loss: 0.0
[Test ROC-AUC]  -  SA: 0.00000,  LA: 0.86925
[Test AUPRC]  -  LA: 0.89176
[Test F1-max]  -  LA: 0.79532
Epoch: 20 | Loss: 6.771068001398817e-06  | Negative Loss: 0.0
[Test ROC-AUC]  -  SA: 0.00000,  LA: 0.86930
[Test AUPRC]  -  LA: 0.89176
[Test F1-max]  -  LA: 0.79532
Epoch: 21 | Loss: 4.506102413870394e-06  | Negative Loss: 0.0
[Test ROC-AUC]  -  SA: 0.00000,  LA: 0.86900
[Test AUPRC]  -  LA: 0.89139
[Test F1-max]  -  LA: 0.79532
Epoch: 22 | Loss: 3.0040700949029997e-06  | Negative Loss: 0.0
[Test ROC-AUC]  -  SA: 0.00000,  LA: 0.86830
[Test AUPRC]  -  LA: 0.89137
[Test F1-max]  -  LA: 0.79532
Epoch: 23 | Loss: 2.0980812678317307e-06  | Negative Loss: 0.0
[Test ROC-AUC]  -  SA: 0.00000,  LA: 0.86860
[Test AUPRC]  -  LA: 0.89150
[Test F1-max]  -  LA: 0.79532
Epoch: 24 | Loss: 1.4305103377409978e-06  | Negative Loss: 0.0
[Test ROC-AUC]  -  SA: 0.00000,  LA: 0.86820
[Test AUPRC]  -  LA: 0.89115
[Test F1-max]  -  LA: 0.79532
Epoch: 25 | Loss: 1.049041202350054e-06  | Negative Loss: 0.0
[Test ROC-AUC]  -  SA: 0.00000,  LA: 0.86780
[Test AUPRC]  -  LA: 0.89079
[Test F1-max]  -  LA: 0.79532
Epoch: 26 | Loss: 7.629391802765895e-07  | Negative Loss: 0.0
[Test ROC-AUC]  -  SA: 0.00000,  LA: 0.86800
[Test AUPRC]  -  LA: 0.89059
[Test F1-max]  -  LA: 0.79532
Epoch: 27 | Loss: 5.960462772236497e-07  | Negative Loss: 0.0
[Test ROC-AUC]  -  SA: 0.00000,  LA: 0.86760
[Test AUPRC]  -  LA: 0.89029
[Test F1-max]  -  LA: 0.79532
Epoch: 28 | Loss: 4.7683701609457785e-07  | Negative Loss: 0.0
[Test ROC-AUC]  -  SA: 0.00000,  LA: 0.86760
[Test AUPRC]  -  LA: 0.89023
[Test F1-max]  -  LA: 0.79532
Epoch: 29 | Loss: 3.337859766361362e-07  | Negative Loss: 0.0
[Test ROC-AUC]  -  SA: 0.00000,  LA: 0.86710
[Test AUPRC]  -  LA: 0.88979
[Test F1-max]  -  LA: 0.79532
Epoch: 30 | Loss: 2.861022494471399e-07  | Negative Loss: 0.0
[Test ROC-AUC]  -  SA: 0.00000,  LA: 0.86655
[Test AUPRC]  -  LA: 0.88937
[Test F1-max]  -  LA: 0.79532
Epoch: 31 | Loss: 2.3841853646899835e-07  | Negative Loss: 0.0
[Test ROC-AUC]  -  SA: 0.00000,  LA: 0.86660
[Test AUPRC]  -  LA: 0.88937
[Test F1-max]  -  LA: 0.79532
Epoch: 32 | Loss: 1.907348377017115e-07  | Negative Loss: 0.0
[Test ROC-AUC]  -  SA: 0.00000,  LA: 0.86670
[Test AUPRC]  -  LA: 0.88944
[Test F1-max]  -  LA: 0.79532
Epoch: 33 | Loss: 1.4305113893442467e-07  | Negative Loss: 0.0
[Test ROC-AUC]  -  SA: 0.00000,  LA: 0.86660
[Test AUPRC]  -  LA: 0.88938
[Test F1-max]  -  LA: 0.79532
Epoch: 34 | Loss: 1.4305113893442467e-07  | Negative Loss: 0.0
[Test ROC-AUC]  -  SA: 0.00000,  LA: 0.86660
[Test AUPRC]  -  LA: 0.88937
[Test F1-max]  -  LA: 0.79532
Epoch: 35 | Loss: 1.4305113893442467e-07  | Negative Loss: 0.0
[Test ROC-AUC]  -  SA: 0.00000,  LA: 0.86680
[Test AUPRC]  -  LA: 0.88950
[Test F1-max]  -  LA: 0.79532
Epoch: 36 | Loss: 1.1920927533992653e-07  | Negative Loss: 0.0
[Test ROC-AUC]  -  SA: 0.00000,  LA: 0.86700
[Test AUPRC]  -  LA: 0.88957
[Test F1-max]  -  LA: 0.79532
Epoch: 37 | Loss: 1.1920927533992653e-07  | Negative Loss: 0.0
[Test ROC-AUC]  -  SA: 0.00000,  LA: 0.86700
[Test AUPRC]  -  LA: 0.88957
[Test F1-max]  -  LA: 0.79532
Epoch: 38 | Loss: 1.1920927533992653e-07  | Negative Loss: 0.0
[Test ROC-AUC]  -  SA: 0.00000,  LA: 0.86700
[Test AUPRC]  -  LA: 0.88957
[Test F1-max]  -  LA: 0.79532
Epoch: 39 | Loss: 7.152556946721234e-08  | Negative Loss: 0.0
[Test ROC-AUC]  -  SA: 0.00000,  LA: 0.86695
[Test AUPRC]  -  LA: 0.88951
[Test F1-max]  -  LA: 0.79532
Epoch: 40 | Loss: 7.152556946721234e-08  | Negative Loss: 0.0
[Test ROC-AUC]  -  SA: 0.00000,  LA: 0.86680
[Test AUPRC]  -  LA: 0.88936
[Test F1-max]  -  LA: 0.79532
Epoch: 41 | Loss: 2.384185648907078e-08  | Negative Loss: 0.0
[Test ROC-AUC]  -  SA: 0.00000,  LA: 0.86680
[Test AUPRC]  -  LA: 0.88936
[Test F1-max]  -  LA: 0.79532
Epoch: 42 | Loss: 2.384185648907078e-08  | Negative Loss: 0.0
[Test ROC-AUC]  -  SA: 0.00000,  LA: 0.86690
[Test AUPRC]  -  LA: 0.88938
[Test F1-max]  -  LA: 0.79532
Epoch: 43 | Loss: 2.384185648907078e-08  | Negative Loss: 0.0
[Test ROC-AUC]  -  SA: 0.00000,  LA: 0.86680
[Test AUPRC]  -  LA: 0.88934
[Test F1-max]  -  LA: 0.79532
Epoch: 44 | Loss: 2.384185648907078e-08  | Negative Loss: 0.0
[Test ROC-AUC]  -  SA: 0.00000,  LA: 0.86670
[Test AUPRC]  -  LA: 0.88926
[Test F1-max]  -  LA: 0.79532
Epoch: 45 | Loss: 2.384185648907078e-08  | Negative Loss: 0.0
[Test ROC-AUC]  -  SA: 0.00000,  LA: 0.86675
[Test AUPRC]  -  LA: 0.88931
[Test F1-max]  -  LA: 0.79532
Epoch: 46 | Loss: 2.384185648907078e-08  | Negative Loss: 0.0
[Test ROC-AUC]  -  SA: 0.00000,  LA: 0.86660
[Test AUPRC]  -  LA: 0.88924
[Test F1-max]  -  LA: 0.79532
Epoch: 47 | Loss: 2.384185648907078e-08  | Negative Loss: 0.0
[Test ROC-AUC]  -  SA: 0.00000,  LA: 0.86660
[Test AUPRC]  -  LA: 0.88924
[Test F1-max]  -  LA: 0.79532
Epoch: 48 | Loss: 2.384185648907078e-08  | Negative Loss: 0.0
[Test ROC-AUC]  -  SA: 0.00000,  LA: 0.86660
[Test AUPRC]  -  LA: 0.88924
[Test F1-max]  -  LA: 0.79532
Epoch: 49 | Loss: 0.0  | Negative Loss: 0.0
Time consumption: 66.34853482246399
Best LA AUC: 0.8693
Best LA AUPC: 0.8932037639622589
Best LA F1-max: 0.8022598870056497
[Result] Experiment result appended to ./results/train_hybrid_result.csv

[END] 2026-03-29 11:41:16
[RETURN CODE] 0
