[START] 2026-03-29 11:25:15
[GPU] 1
[TASK] 68/150
[NAME] transistor_winclip
[REPEAT] 3/5
[COMMAND] python train_hybrid.py --data_name transistor --mask True --text True --double_encoder True --few_shot True --shot 5 --hybrid_model winclip --hybrid_weight 0.3 --hybrid_batch_size 16 --epoch 100 --log True --lr 5e-4 --detection True --preprocess True

/home/seungeon/miniconda3/envs/LAB/lib/python3.10/site-packages/timm/models/layers/__init__.py:48: FutureWarning: Importing from timm.models.layers is deprecated, please import via timm.layers
  warnings.warn(f"Importing from {__name__} is deprecated, please import via timm.layers", FutureWarning)
/home/seungeon/Workspace/side/vlm/train_hybrid.py:18: DeprecationWarning: The distutils package is deprecated and slated for removal in Python 3.12. Use setuptools or check PEP 632 for potential alternatives
  from distutils.util import strtobool
Torch version: 2.9.1+cu128
cuda is loaded for process
here?
In my local computer
Namespace(epoch=100, gpu_number='0', data_name='transistor', lr=0.0005, batch_size=6, shuffle=True, seed=0, tag='default', model_name='ViT-B-32', pretrained_name='laion2b_s34b_b79k', lora=1, default=False, foundation='CLIP', detection=1, preprocess=1, num_rule=0, object_names=['a photo of transistor'], objects_for_rules=[['a photo of transistor'], ['a photo of transistor'], ['a photo of transistor'], ['a photo of transistor']], texts_for_rules=[['a photo of transistor'], ['a photo of transistor'], ['a photo of transistor'], ['a photo of transistor']], mask=1, text=1, score='mean', ciriculam_learning=False, few_shot=1, shot=5, log=1, neg_loss=0, double_encoder=1, pretrained_count_path=None, ris=0, rule_select='', rule_list=[], num_negative=5, hybrid_model='winclip', hybrid_weight=0.3, hybrid_class_name='', hybrid_batch_size=16, hybrid_backbone='ViT-B-16-plus-240', hybrid_pretrained_dataset='laion400m_e32', hybrid_scales=[2, 3], hybrid_img_resize=240, hybrid_img_cropsize=240, hybrid_resolution=400, hybrid_promptad_epoch=100, hybrid_promptad_lr=0.002, hybrid_promptad_momentum=0.9, hybrid_promptad_weight_decay=0.0005, hybrid_promptad_eta_min=1e-05, hybrid_promptad_lambda1=0.001, hybrid_promptad_n_ctx=4, hybrid_promptad_n_pro=3, hybrid_promptad_n_ctx_ab=1, hybrid_promptad_n_pro_ab=4, early_stop_k=10, result_log_path='./results/train_hybrid_result.csv')
[Hybrid] method=winclip, class_name=transistor, train=5, eval=80, base_path=/data3/seungeon/data/image/mvtec_ad/transistor
grid 240 16 (15, 15)
[Hybrid-only] LA_AUC=0.91750, LA_AUPRC=0.97205, LA_F1=0.91473
[Data Description]
- Train: 5
- Test: 80

Train Start
[Test ROC-AUC]  -  SA: 0.00000,  LA: 0.85500
[Test AUPRC]  -  LA: 0.95065
[Test F1-max]  -  LA: 0.89231
Epoch: 0 | Loss: 11.533256530761719  | Negative Loss: 0.0
[Test ROC-AUC]  -  SA: 0.00000,  LA: 0.85417
[Test AUPRC]  -  LA: 0.95008
[Test F1-max]  -  LA: 0.89231
Epoch: 1 | Loss: 11.40350341796875  | Negative Loss: 0.0
[Test ROC-AUC]  -  SA: 0.00000,  LA: 0.90333
[Test AUPRC]  -  LA: 0.96478
[Test F1-max]  -  LA: 0.92800
Epoch: 2 | Loss: 9.986534118652344  | Negative Loss: 0.0
[Test ROC-AUC]  -  SA: 0.00000,  LA: 0.93167
[Test AUPRC]  -  LA: 0.97506
[Test F1-max]  -  LA: 0.96000
Epoch: 3 | Loss: 7.623472213745117  | Negative Loss: 0.0
[Test ROC-AUC]  -  SA: 0.00000,  LA: 0.95250
[Test AUPRC]  -  LA: 0.98252
[Test F1-max]  -  LA: 0.95238
Epoch: 4 | Loss: 4.739582061767578  | Negative Loss: 0.0
[Test ROC-AUC]  -  SA: 0.00000,  LA: 0.95917
[Test AUPRC]  -  LA: 0.98500
[Test F1-max]  -  LA: 0.96000
Epoch: 5 | Loss: 2.2584972381591797  | Negative Loss: 0.0
[Test ROC-AUC]  -  SA: 0.00000,  LA: 0.96333
[Test AUPRC]  -  LA: 0.98702
[Test F1-max]  -  LA: 0.96000
Epoch: 6 | Loss: 0.8018007278442383  | Negative Loss: 0.0
[Test ROC-AUC]  -  SA: 0.00000,  LA: 0.97250
[Test AUPRC]  -  LA: 0.99056
[Test F1-max]  -  LA: 0.96000
Epoch: 7 | Loss: 0.22928348183631897  | Negative Loss: 0.0
[Test ROC-AUC]  -  SA: 0.00000,  LA: 0.97833
[Test AUPRC]  -  LA: 0.99285
[Test F1-max]  -  LA: 0.96000
Epoch: 8 | Loss: 0.06441767513751984  | Negative Loss: 0.0
[Test ROC-AUC]  -  SA: 0.00000,  LA: 0.97750
[Test AUPRC]  -  LA: 0.99258
[Test F1-max]  -  LA: 0.96000
Epoch: 9 | Loss: 0.01931796967983246  | Negative Loss: 0.0
[Test ROC-AUC]  -  SA: 0.00000,  LA: 0.97750
[Test AUPRC]  -  LA: 0.99251
[Test F1-max]  -  LA: 0.96000
Epoch: 10 | Loss: 0.006221415940672159  | Negative Loss: 0.0
[Test ROC-AUC]  -  SA: 0.00000,  LA: 0.98000
[Test AUPRC]  -  LA: 0.99324
[Test F1-max]  -  LA: 0.96000
Epoch: 11 | Loss: 0.002161212731152773  | Negative Loss: 0.0
[Test ROC-AUC]  -  SA: 0.00000,  LA: 0.97917
[Test AUPRC]  -  LA: 0.99300
[Test F1-max]  -  LA: 0.96667
Epoch: 12 | Loss: 0.0008043118286877871  | Negative Loss: 0.0
[Test ROC-AUC]  -  SA: 0.00000,  LA: 0.97417
[Test AUPRC]  -  LA: 0.99105
[Test F1-max]  -  LA: 0.95798
Epoch: 13 | Loss: 0.0003171499411109835  | Negative Loss: 0.0
[Test ROC-AUC]  -  SA: 0.00000,  LA: 0.97000
[Test AUPRC]  -  LA: 0.98950
[Test F1-max]  -  LA: 0.95238
Epoch: 14 | Loss: 0.00013215212675277144  | Negative Loss: 0.0
[Test ROC-AUC]  -  SA: 0.00000,  LA: 0.96583
[Test AUPRC]  -  LA: 0.98789
[Test F1-max]  -  LA: 0.95238
Epoch: 15 | Loss: 5.7648961956147105e-05  | Negative Loss: 0.0
[Test ROC-AUC]  -  SA: 0.00000,  LA: 0.96083
[Test AUPRC]  -  LA: 0.98625
[Test F1-max]  -  LA: 0.95161
Epoch: 16 | Loss: 2.6345112928538583e-05  | Negative Loss: 0.0
[Test ROC-AUC]  -  SA: 0.00000,  LA: 0.95833
[Test AUPRC]  -  LA: 0.98538
[Test F1-max]  -  LA: 0.95161
Epoch: 17 | Loss: 1.2612309546966571e-05  | Negative Loss: 0.0
[Test ROC-AUC]  -  SA: 0.00000,  LA: 0.95167
[Test AUPRC]  -  LA: 0.98315
[Test F1-max]  -  LA: 0.95161
Epoch: 18 | Loss: 6.294242211879464e-06  | Negative Loss: 0.0
[Test ROC-AUC]  -  SA: 0.00000,  LA: 0.95000
[Test AUPRC]  -  LA: 0.98256
[Test F1-max]  -  LA: 0.95161
Epoch: 19 | Loss: 3.1709646464150865e-06  | Negative Loss: 0.0
[Test ROC-AUC]  -  SA: 0.00000,  LA: 0.94583
[Test AUPRC]  -  LA: 0.98139
[Test F1-max]  -  LA: 0.95161
Epoch: 20 | Loss: 1.6927713204495376e-06  | Negative Loss: 0.0
[Test ROC-AUC]  -  SA: 0.00000,  LA: 0.94583
[Test AUPRC]  -  LA: 0.98139
[Test F1-max]  -  LA: 0.95161
Epoch: 21 | Loss: 8.821485835142084e-07  | Negative Loss: 0.0
[Test ROC-AUC]  -  SA: 0.00000,  LA: 0.94417
[Test AUPRC]  -  LA: 0.98068
[Test F1-max]  -  LA: 0.95161
Epoch: 22 | Loss: 4.5299526618691743e-07  | Negative Loss: 0.0
[Test ROC-AUC]  -  SA: 0.00000,  LA: 0.94083
[Test AUPRC]  -  LA: 0.97959
[Test F1-max]  -  LA: 0.94309
Epoch: 23 | Loss: 3.099441414633475e-07  | Negative Loss: 0.0
[Test ROC-AUC]  -  SA: 0.00000,  LA: 0.94000
[Test AUPRC]  -  LA: 0.97935
[Test F1-max]  -  LA: 0.93651
Epoch: 24 | Loss: 1.4305113893442467e-07  | Negative Loss: 0.0
[Test ROC-AUC]  -  SA: 0.00000,  LA: 0.93833
[Test AUPRC]  -  LA: 0.97880
[Test F1-max]  -  LA: 0.93651
Epoch: 25 | Loss: 9.536742595628311e-08  | Negative Loss: 0.0
[Test ROC-AUC]  -  SA: 0.00000,  LA: 0.93833
[Test AUPRC]  -  LA: 0.97880
[Test F1-max]  -  LA: 0.93651
Epoch: 26 | Loss: 0.0  | Negative Loss: 0.0
Time consumption: 21.41221833229065
Best LA AUC: 0.98
Best LA AUPC: 0.9932408003349549
Best LA F1-max: 0.9666666666666667
[Result] Experiment result appended to ./results/train_hybrid_result.csv

[END] 2026-03-29 11:27:40
[RETURN CODE] 0
