[START] 2026-03-29 11:48:49
[GPU] 1
[TASK] 93/150
[NAME] pcb2_promptad
[REPEAT] 3/5
[COMMAND] python train_hybrid.py --data_name pcb2 --mask True --text True --double_encoder True --few_shot True --shot 1 --hybrid_model promptad --hybrid_weight 0.3 --hybrid_batch_size 16 --epoch 100 --log True --lr 5e-4 --detection True --preprocess True

/home/seungeon/miniconda3/envs/LAB/lib/python3.10/site-packages/timm/models/layers/__init__.py:48: FutureWarning: Importing from timm.models.layers is deprecated, please import via timm.layers
  warnings.warn(f"Importing from {__name__} is deprecated, please import via timm.layers", FutureWarning)
/home/seungeon/Workspace/side/vlm/train_hybrid.py:18: DeprecationWarning: The distutils package is deprecated and slated for removal in Python 3.12. Use setuptools or check PEP 632 for potential alternatives
  from distutils.util import strtobool
Torch version: 2.9.1+cu128
cuda is loaded for process
here?
In my local computer
Namespace(epoch=100, gpu_number='0', data_name='pcb2', lr=0.0005, batch_size=6, shuffle=True, seed=0, tag='default', model_name='ViT-B-32', pretrained_name='laion2b_s34b_b79k', lora=1, default=False, foundation='CLIP', detection=1, preprocess=1, num_rule=0, object_names=['a photo of PCB'], objects_for_rules=[['a photo of PCB'], ['a photo of PCB'], ['a photo of PCB'], ['a photo of PCB']], texts_for_rules=[['a photo of PCB'], ['a photo of PCB'], ['a photo of PCB'], ['a photo of PCB']], mask=1, text=1, score='mean', ciriculam_learning=False, few_shot=1, shot=1, log=1, neg_loss=0, double_encoder=1, pretrained_count_path=None, ris=0, rule_select='', rule_list=[], num_negative=5, hybrid_model='promptad', hybrid_weight=0.3, hybrid_class_name='', hybrid_batch_size=16, hybrid_backbone='ViT-B-16-plus-240', hybrid_pretrained_dataset='laion400m_e32', hybrid_scales=[2, 3], hybrid_img_resize=240, hybrid_img_cropsize=240, hybrid_resolution=400, hybrid_promptad_epoch=100, hybrid_promptad_lr=0.002, hybrid_promptad_momentum=0.9, hybrid_promptad_weight_decay=0.0005, hybrid_promptad_eta_min=1e-05, hybrid_promptad_lambda1=0.001, hybrid_promptad_n_ctx=4, hybrid_promptad_n_pro=3, hybrid_promptad_n_ctx_ab=1, hybrid_promptad_n_pro_ab=4, early_stop_k=10, result_log_path='./results/train_hybrid_result.csv')
[Hybrid] method=promptad, class_name=pcb2, train=1, eval=200, base_path=/data3/seungeon/data/image/visa/pcb2
[Hybrid-only] LA_AUC=0.69220, LA_AUPRC=0.64469, LA_F1=0.73016
[Data Description]
- Train: 1
- Test: 200

Train Start
[Test ROC-AUC]  -  SA: 0.00000,  LA: 0.51050
[Test AUPRC]  -  LA: 0.55627
[Test F1-max]  -  LA: 0.66890
Epoch: 0 | Loss: 12.128972053527832  | Negative Loss: 0.0
[Test ROC-AUC]  -  SA: 0.00000,  LA: 0.51710
[Test AUPRC]  -  LA: 0.56095
[Test F1-max]  -  LA: 0.67114
Epoch: 1 | Loss: 11.913156509399414  | Negative Loss: 0.0
[Test ROC-AUC]  -  SA: 0.00000,  LA: 0.57910
[Test AUPRC]  -  LA: 0.60962
[Test F1-max]  -  LA: 0.67114
Epoch: 2 | Loss: 9.324529647827148  | Negative Loss: 0.0
[Test ROC-AUC]  -  SA: 0.00000,  LA: 0.63670
[Test AUPRC]  -  LA: 0.65378
[Test F1-max]  -  LA: 0.68276
Epoch: 3 | Loss: 5.652309417724609  | Negative Loss: 0.0
[Test ROC-AUC]  -  SA: 0.00000,  LA: 0.66110
[Test AUPRC]  -  LA: 0.66347
[Test F1-max]  -  LA: 0.68293
Epoch: 4 | Loss: 2.379282236099243  | Negative Loss: 0.0
[Test ROC-AUC]  -  SA: 0.00000,  LA: 0.67010
[Test AUPRC]  -  LA: 0.67550
[Test F1-max]  -  LA: 0.68889
Epoch: 5 | Loss: 0.72931307554245  | Negative Loss: 0.0
[Test ROC-AUC]  -  SA: 0.00000,  LA: 0.67840
[Test AUPRC]  -  LA: 0.68361
[Test F1-max]  -  LA: 0.68914
Epoch: 6 | Loss: 0.21200306713581085  | Negative Loss: 0.0
[Test ROC-AUC]  -  SA: 0.00000,  LA: 0.67730
[Test AUPRC]  -  LA: 0.67867
[Test F1-max]  -  LA: 0.68992
Epoch: 7 | Loss: 0.06798636168241501  | Negative Loss: 0.0
[Test ROC-AUC]  -  SA: 0.00000,  LA: 0.67650
[Test AUPRC]  -  LA: 0.67687
[Test F1-max]  -  LA: 0.69261
Epoch: 8 | Loss: 0.024113867431879044  | Negative Loss: 0.0
[Test ROC-AUC]  -  SA: 0.00000,  LA: 0.67670
[Test AUPRC]  -  LA: 0.67576
[Test F1-max]  -  LA: 0.68992
Epoch: 9 | Loss: 0.009414668194949627  | Negative Loss: 0.0
[Test ROC-AUC]  -  SA: 0.00000,  LA: 0.68140
[Test AUPRC]  -  LA: 0.67873
[Test F1-max]  -  LA: 0.68992
Epoch: 10 | Loss: 0.003970836289227009  | Negative Loss: 0.0
[Test ROC-AUC]  -  SA: 0.00000,  LA: 0.68550
[Test AUPRC]  -  LA: 0.68247
[Test F1-max]  -  LA: 0.68992
Epoch: 11 | Loss: 0.0017976718954741955  | Negative Loss: 0.0
[Test ROC-AUC]  -  SA: 0.00000,  LA: 0.69060
[Test AUPRC]  -  LA: 0.68866
[Test F1-max]  -  LA: 0.68992
Epoch: 12 | Loss: 0.0008654104312881827  | Negative Loss: 0.0
[Test ROC-AUC]  -  SA: 0.00000,  LA: 0.69470
[Test AUPRC]  -  LA: 0.69364
[Test F1-max]  -  LA: 0.69261
Epoch: 13 | Loss: 0.0004382890183478594  | Negative Loss: 0.0
[Test ROC-AUC]  -  SA: 0.00000,  LA: 0.69990
[Test AUPRC]  -  LA: 0.69820
[Test F1-max]  -  LA: 0.69261
Epoch: 14 | Loss: 0.00023220738512463868  | Negative Loss: 0.0
[Test ROC-AUC]  -  SA: 0.00000,  LA: 0.70330
[Test AUPRC]  -  LA: 0.69880
[Test F1-max]  -  LA: 0.69636
Epoch: 15 | Loss: 0.00012766940926667303  | Negative Loss: 0.0
[Test ROC-AUC]  -  SA: 0.00000,  LA: 0.70845
[Test AUPRC]  -  LA: 0.70256
[Test F1-max]  -  LA: 0.70445
Epoch: 16 | Loss: 7.259724225150421e-05  | Negative Loss: 0.0
[Test ROC-AUC]  -  SA: 0.00000,  LA: 0.71280
[Test AUPRC]  -  LA: 0.70758
[Test F1-max]  -  LA: 0.70683
Epoch: 17 | Loss: 4.2557294364087284e-05  | Negative Loss: 0.0
[Test ROC-AUC]  -  SA: 0.00000,  LA: 0.71750
[Test AUPRC]  -  LA: 0.71159
[Test F1-max]  -  LA: 0.70968
Epoch: 18 | Loss: 2.539142587920651e-05  | Negative Loss: 0.0
[Test ROC-AUC]  -  SA: 0.00000,  LA: 0.72060
[Test AUPRC]  -  LA: 0.71479
[Test F1-max]  -  LA: 0.71200
Epoch: 19 | Loss: 1.5854777302592993e-05  | Negative Loss: 0.0
[Test ROC-AUC]  -  SA: 0.00000,  LA: 0.72130
[Test AUPRC]  -  LA: 0.71290
[Test F1-max]  -  LA: 0.71255
Epoch: 20 | Loss: 1.0132765055459458e-05  | Negative Loss: 0.0
[Test ROC-AUC]  -  SA: 0.00000,  LA: 0.72300
[Test AUPRC]  -  LA: 0.71439
[Test F1-max]  -  LA: 0.71552
Epoch: 21 | Loss: 6.6757102104020305e-06  | Negative Loss: 0.0
[Test ROC-AUC]  -  SA: 0.00000,  LA: 0.72500
[Test AUPRC]  -  LA: 0.71638
[Test F1-max]  -  LA: 0.71552
Epoch: 22 | Loss: 4.172320586803835e-06  | Negative Loss: 0.0
[Test ROC-AUC]  -  SA: 0.00000,  LA: 0.72650
[Test AUPRC]  -  LA: 0.71530
[Test F1-max]  -  LA: 0.71795
Epoch: 23 | Loss: 3.0994390272098826e-06  | Negative Loss: 0.0
[Test ROC-AUC]  -  SA: 0.00000,  LA: 0.72770
[Test AUPRC]  -  LA: 0.71515
[Test F1-max]  -  LA: 0.72034
Epoch: 24 | Loss: 2.0265570128685795e-06  | Negative Loss: 0.0
[Test ROC-AUC]  -  SA: 0.00000,  LA: 0.72810
[Test AUPRC]  -  LA: 0.71326
[Test F1-max]  -  LA: 0.72340
Epoch: 25 | Loss: 1.4305110198620241e-06  | Negative Loss: 0.0
[Test ROC-AUC]  -  SA: 0.00000,  LA: 0.72760
[Test AUPRC]  -  LA: 0.71320
[Test F1-max]  -  LA: 0.72881
Epoch: 26 | Loss: 1.1920925544472993e-06  | Negative Loss: 0.0
[Test ROC-AUC]  -  SA: 0.00000,  LA: 0.72790
[Test AUPRC]  -  LA: 0.71174
[Test F1-max]  -  LA: 0.72881
Epoch: 27 | Loss: 8.344648563252122e-07  | Negative Loss: 0.0
[Test ROC-AUC]  -  SA: 0.00000,  LA: 0.72920
[Test AUPRC]  -  LA: 0.71094
[Test F1-max]  -  LA: 0.73191
Epoch: 28 | Loss: 7.152556236178498e-07  | Negative Loss: 0.0
[Test ROC-AUC]  -  SA: 0.00000,  LA: 0.72960
[Test AUPRC]  -  LA: 0.71068
[Test F1-max]  -  LA: 0.73504
Epoch: 29 | Loss: 3.576278402306343e-07  | Negative Loss: 0.0
[Test ROC-AUC]  -  SA: 0.00000,  LA: 0.72995
[Test AUPRC]  -  LA: 0.70907
[Test F1-max]  -  LA: 0.73504
Epoch: 30 | Loss: 3.576278402306343e-07  | Negative Loss: 0.0
[Test ROC-AUC]  -  SA: 0.00000,  LA: 0.73045
[Test AUPRC]  -  LA: 0.70847
[Test F1-max]  -  LA: 0.73504
Epoch: 31 | Loss: 2.3841856489070778e-07  | Negative Loss: 0.0
[Test ROC-AUC]  -  SA: 0.00000,  LA: 0.73120
[Test AUPRC]  -  LA: 0.70776
[Test F1-max]  -  LA: 0.73593
Epoch: 32 | Loss: 2.3841856489070778e-07  | Negative Loss: 0.0
[Test ROC-AUC]  -  SA: 0.00000,  LA: 0.73060
[Test AUPRC]  -  LA: 0.70638
[Test F1-max]  -  LA: 0.73593
Epoch: 33 | Loss: 2.3841856489070778e-07  | Negative Loss: 0.0
[Test ROC-AUC]  -  SA: 0.00000,  LA: 0.73195
[Test AUPRC]  -  LA: 0.70663
[Test F1-max]  -  LA: 0.73593
Epoch: 34 | Loss: 2.3841856489070778e-07  | Negative Loss: 0.0
[Test ROC-AUC]  -  SA: 0.00000,  LA: 0.73245
[Test AUPRC]  -  LA: 0.70650
[Test F1-max]  -  LA: 0.73362
Epoch: 35 | Loss: 1.1920928244535389e-07  | Negative Loss: 0.0
[Test ROC-AUC]  -  SA: 0.00000,  LA: 0.73230
[Test AUPRC]  -  LA: 0.70627
[Test F1-max]  -  LA: 0.73362
Epoch: 36 | Loss: 1.1920928244535389e-07  | Negative Loss: 0.0
[Test ROC-AUC]  -  SA: 0.00000,  LA: 0.73250
[Test AUPRC]  -  LA: 0.70764
[Test F1-max]  -  LA: 0.73362
Epoch: 37 | Loss: 0.0  | Negative Loss: 0.0
Time consumption: 50.681121826171875
Best LA AUC: 0.7325000000000002
Best LA AUPC: 0.7163796985485247
Best LA F1-max: 0.735930735930736
[Result] Experiment result appended to ./results/train_hybrid_result.csv

[END] 2026-03-29 11:51:16
[RETURN CODE] 0
