[START] 2026-03-29 11:10:24
[GPU] 0
[TASK] 42/150
[NAME] capsule_promptad
[REPEAT] 2/5
[COMMAND] python train_hybrid.py --data_name capsule --mask True --text True --double_encoder True --few_shot True --shot 5 --hybrid_model promptad --hybrid_weight 0.3 --hybrid_batch_size 16 --epoch 100 --log True --lr 5e-4 --detection True --preprocess True

/home/seungeon/miniconda3/envs/LAB/lib/python3.10/site-packages/timm/models/layers/__init__.py:48: FutureWarning: Importing from timm.models.layers is deprecated, please import via timm.layers
  warnings.warn(f"Importing from {__name__} is deprecated, please import via timm.layers", FutureWarning)
/home/seungeon/Workspace/side/vlm/train_hybrid.py:18: DeprecationWarning: The distutils package is deprecated and slated for removal in Python 3.12. Use setuptools or check PEP 632 for potential alternatives
  from distutils.util import strtobool
Torch version: 2.9.1+cu128
cuda is loaded for process
here?
In my local computer
Namespace(epoch=100, gpu_number='0', data_name='capsule', lr=0.0005, batch_size=6, shuffle=True, seed=0, tag='default', model_name='ViT-B-32', pretrained_name='laion2b_s34b_b79k', lora=1, default=False, foundation='CLIP', detection=1, preprocess=1, num_rule=0, object_names=['a photo of capsule'], objects_for_rules=[['a photo of capsule'], ['a photo of capsule'], ['a photo of capsule'], ['a photo of capsule'], ['a photo of capsule']], texts_for_rules=[['a photo of capsule'], ['a photo of capsule'], ['a photo of capsule'], ['a photo of capsule'], ['a photo of capsule']], mask=1, text=1, score='mean', ciriculam_learning=False, few_shot=1, shot=5, log=1, neg_loss=0, double_encoder=1, pretrained_count_path=None, ris=0, rule_select='', rule_list=[], num_negative=5, hybrid_model='promptad', hybrid_weight=0.3, hybrid_class_name='', hybrid_batch_size=16, hybrid_backbone='ViT-B-16-plus-240', hybrid_pretrained_dataset='laion400m_e32', hybrid_scales=[2, 3], hybrid_img_resize=240, hybrid_img_cropsize=240, hybrid_resolution=400, hybrid_promptad_epoch=100, hybrid_promptad_lr=0.002, hybrid_promptad_momentum=0.9, hybrid_promptad_weight_decay=0.0005, hybrid_promptad_eta_min=1e-05, hybrid_promptad_lambda1=0.001, hybrid_promptad_n_ctx=4, hybrid_promptad_n_pro=3, hybrid_promptad_n_ctx_ab=1, hybrid_promptad_n_pro_ab=4, early_stop_k=10, result_log_path='./results/train_hybrid_result.csv')
[Hybrid] method=promptad, class_name=capsule, train=5, eval=45, base_path=/data3/seungeon/data/image/mvtec_ad/capsule
[Hybrid-only] LA_AUC=0.79051, LA_AUPRC=0.84816, LA_F1=0.77966
[Data Description]
- Train: 5
- Test: 45

Train Start
[Test ROC-AUC]  -  SA: 0.00000,  LA: 0.58893
[Test AUPRC]  -  LA: 0.53254
[Test F1-max]  -  LA: 0.70968
Epoch: 0 | Loss: 12.286910057067871  | Negative Loss: 0.0
[Test ROC-AUC]  -  SA: 0.00000,  LA: 0.60277
[Test AUPRC]  -  LA: 0.54496
[Test F1-max]  -  LA: 0.71186
Epoch: 1 | Loss: 12.036115646362305  | Negative Loss: 0.0
[Test ROC-AUC]  -  SA: 0.00000,  LA: 0.73715
[Test AUPRC]  -  LA: 0.75360
[Test F1-max]  -  LA: 0.73913
Epoch: 2 | Loss: 9.676414489746094  | Negative Loss: 0.0
[Test ROC-AUC]  -  SA: 0.00000,  LA: 0.76087
[Test AUPRC]  -  LA: 0.79520
[Test F1-max]  -  LA: 0.74510
Epoch: 3 | Loss: 6.072706699371338  | Negative Loss: 0.0
[Test ROC-AUC]  -  SA: 0.00000,  LA: 0.75692
[Test AUPRC]  -  LA: 0.80103
[Test F1-max]  -  LA: 0.75410
Epoch: 4 | Loss: 2.510035514831543  | Negative Loss: 0.0
[Test ROC-AUC]  -  SA: 0.00000,  LA: 0.76482
[Test AUPRC]  -  LA: 0.80802
[Test F1-max]  -  LA: 0.76667
Epoch: 5 | Loss: 0.6554065942764282  | Negative Loss: 0.0
[Test ROC-AUC]  -  SA: 0.00000,  LA: 0.77075
[Test AUPRC]  -  LA: 0.82229
[Test F1-max]  -  LA: 0.76667
Epoch: 6 | Loss: 0.151413232088089  | Negative Loss: 0.0
[Test ROC-AUC]  -  SA: 0.00000,  LA: 0.78063
[Test AUPRC]  -  LA: 0.83801
[Test F1-max]  -  LA: 0.76667
Epoch: 7 | Loss: 0.0385754220187664  | Negative Loss: 0.0
[Test ROC-AUC]  -  SA: 0.00000,  LA: 0.77668
[Test AUPRC]  -  LA: 0.83330
[Test F1-max]  -  LA: 0.76667
Epoch: 8 | Loss: 0.010934783145785332  | Negative Loss: 0.0
[Test ROC-AUC]  -  SA: 0.00000,  LA: 0.78261
[Test AUPRC]  -  LA: 0.83803
[Test F1-max]  -  LA: 0.76667
Epoch: 9 | Loss: 0.00343703874386847  | Negative Loss: 0.0
[Test ROC-AUC]  -  SA: 0.00000,  LA: 0.79051
[Test AUPRC]  -  LA: 0.84143
[Test F1-max]  -  LA: 0.76667
Epoch: 10 | Loss: 0.0011735482839867473  | Negative Loss: 0.0
[Test ROC-AUC]  -  SA: 0.00000,  LA: 0.79249
[Test AUPRC]  -  LA: 0.84114
[Test F1-max]  -  LA: 0.77966
Epoch: 11 | Loss: 0.00043556318269111216  | Negative Loss: 0.0
[Test ROC-AUC]  -  SA: 0.00000,  LA: 0.79644
[Test AUPRC]  -  LA: 0.84274
[Test F1-max]  -  LA: 0.79310
Epoch: 12 | Loss: 0.00017268188821617514  | Negative Loss: 0.0
[Test ROC-AUC]  -  SA: 0.00000,  LA: 0.79644
[Test AUPRC]  -  LA: 0.84318
[Test F1-max]  -  LA: 0.79310
Epoch: 13 | Loss: 7.257371908053756e-05  | Negative Loss: 0.0
[Test ROC-AUC]  -  SA: 0.00000,  LA: 0.80237
[Test AUPRC]  -  LA: 0.84932
[Test F1-max]  -  LA: 0.79310
Epoch: 14 | Loss: 3.225784166716039e-05  | Negative Loss: 0.0
[Test ROC-AUC]  -  SA: 0.00000,  LA: 0.80237
[Test AUPRC]  -  LA: 0.85105
[Test F1-max]  -  LA: 0.79310
Epoch: 15 | Loss: 1.4829593055765145e-05  | Negative Loss: 0.0
[Test ROC-AUC]  -  SA: 0.00000,  LA: 0.80040
[Test AUPRC]  -  LA: 0.85016
[Test F1-max]  -  LA: 0.79310
Epoch: 16 | Loss: 7.343281140492763e-06  | Negative Loss: 0.0
[Test ROC-AUC]  -  SA: 0.00000,  LA: 0.80040
[Test AUPRC]  -  LA: 0.85236
[Test F1-max]  -  LA: 0.77966
Epoch: 17 | Loss: 3.6954847928427625e-06  | Negative Loss: 0.0
[Test ROC-AUC]  -  SA: 0.00000,  LA: 0.79842
[Test AUPRC]  -  LA: 0.85146
[Test F1-max]  -  LA: 0.77966
Epoch: 18 | Loss: 1.978873342523002e-06  | Negative Loss: 0.0
[Test ROC-AUC]  -  SA: 0.00000,  LA: 0.79842
[Test AUPRC]  -  LA: 0.85146
[Test F1-max]  -  LA: 0.77966
Epoch: 19 | Loss: 1.0490414297237294e-06  | Negative Loss: 0.0
[Test ROC-AUC]  -  SA: 0.00000,  LA: 0.79249
[Test AUPRC]  -  LA: 0.84853
[Test F1-max]  -  LA: 0.77966
Epoch: 20 | Loss: 5.245207717052836e-07  | Negative Loss: 0.0
[Test ROC-AUC]  -  SA: 0.00000,  LA: 0.79249
[Test AUPRC]  -  LA: 0.84853
[Test F1-max]  -  LA: 0.77966
Epoch: 21 | Loss: 2.622603858526418e-07  | Negative Loss: 0.0
[Test ROC-AUC]  -  SA: 0.00000,  LA: 0.79249
[Test AUPRC]  -  LA: 0.84853
[Test F1-max]  -  LA: 0.77966
Epoch: 22 | Loss: 1.1920927533992653e-07  | Negative Loss: 0.0
[Test ROC-AUC]  -  SA: 0.00000,  LA: 0.79249
[Test AUPRC]  -  LA: 0.84853
[Test F1-max]  -  LA: 0.77966
Epoch: 23 | Loss: 1.1920927533992653e-07  | Negative Loss: 0.0
[Test ROC-AUC]  -  SA: 0.00000,  LA: 0.79249
[Test AUPRC]  -  LA: 0.84853
[Test F1-max]  -  LA: 0.77966
Epoch: 24 | Loss: 4.768371297814156e-08  | Negative Loss: 0.0
[Test ROC-AUC]  -  SA: 0.00000,  LA: 0.79249
[Test AUPRC]  -  LA: 0.84900
[Test F1-max]  -  LA: 0.77966
Epoch: 25 | Loss: 0.0  | Negative Loss: 0.0
Time consumption: 19.413077116012573
Best LA AUC: 0.8023715415019763
Best LA AUPC: 0.8523613335952422
Best LA F1-max: 0.7931034482758621
[Result] Experiment result appended to ./results/train_hybrid_result.csv

[END] 2026-03-29 11:12:28
[RETURN CODE] 0
