[START] 2026-03-29 11:31:32
[GPU] 0
[TASK] 76/150
[NAME] pcb1_winclip
[REPEAT] 1/5
[COMMAND] python train_hybrid.py --data_name pcb1 --mask True --text True --double_encoder True --few_shot True --shot 1 --hybrid_model winclip --hybrid_weight 0.3 --hybrid_batch_size 16 --epoch 100 --log True --lr 5e-4 --detection True --preprocess True

/home/seungeon/miniconda3/envs/LAB/lib/python3.10/site-packages/timm/models/layers/__init__.py:48: FutureWarning: Importing from timm.models.layers is deprecated, please import via timm.layers
  warnings.warn(f"Importing from {__name__} is deprecated, please import via timm.layers", FutureWarning)
/home/seungeon/Workspace/side/vlm/train_hybrid.py:18: DeprecationWarning: The distutils package is deprecated and slated for removal in Python 3.12. Use setuptools or check PEP 632 for potential alternatives
  from distutils.util import strtobool
Torch version: 2.9.1+cu128
cuda is loaded for process
here?
In my local computer
Namespace(epoch=100, gpu_number='0', data_name='pcb1', lr=0.0005, batch_size=6, shuffle=True, seed=0, tag='default', model_name='ViT-B-32', pretrained_name='laion2b_s34b_b79k', lora=1, default=False, foundation='CLIP', detection=1, preprocess=1, num_rule=0, object_names=['a photo of PCB'], objects_for_rules=[['a photo of PCB'], ['a photo of PCB'], ['a photo of PCB'], ['a photo of PCB']], texts_for_rules=[['a photo of PCB'], ['a photo of PCB'], ['a photo of PCB'], ['a photo of PCB']], mask=1, text=1, score='mean', ciriculam_learning=False, few_shot=1, shot=1, log=1, neg_loss=0, double_encoder=1, pretrained_count_path=None, ris=0, rule_select='', rule_list=[], num_negative=5, hybrid_model='winclip', hybrid_weight=0.3, hybrid_class_name='', hybrid_batch_size=16, hybrid_backbone='ViT-B-16-plus-240', hybrid_pretrained_dataset='laion400m_e32', hybrid_scales=[2, 3], hybrid_img_resize=240, hybrid_img_cropsize=240, hybrid_resolution=400, hybrid_promptad_epoch=100, hybrid_promptad_lr=0.002, hybrid_promptad_momentum=0.9, hybrid_promptad_weight_decay=0.0005, hybrid_promptad_eta_min=1e-05, hybrid_promptad_lambda1=0.001, hybrid_promptad_n_ctx=4, hybrid_promptad_n_pro=3, hybrid_promptad_n_ctx_ab=1, hybrid_promptad_n_pro_ab=4, early_stop_k=10, result_log_path='./results/train_hybrid_result.csv')
[Hybrid] method=winclip, class_name=pcb1, train=1, eval=200, base_path=/data3/seungeon/data/image/visa/pcb1
grid 240 16 (15, 15)
[Hybrid-only] LA_AUC=0.35330, LA_AUPRC=0.43592, LA_F1=0.66890
[Data Description]
- Train: 1
- Test: 200

Train Start
[Test ROC-AUC]  -  SA: 0.00000,  LA: 0.53130
[Test AUPRC]  -  LA: 0.53118
[Test F1-max]  -  LA: 0.66890
Epoch: 0 | Loss: 7.592276096343994  | Negative Loss: 0.0
[Test ROC-AUC]  -  SA: 0.00000,  LA: 0.51740
[Test AUPRC]  -  LA: 0.52113
[Test F1-max]  -  LA: 0.66890
Epoch: 1 | Loss: 7.3968706130981445  | Negative Loss: 0.0
[Test ROC-AUC]  -  SA: 0.00000,  LA: 0.35220
[Test AUPRC]  -  LA: 0.41841
[Test F1-max]  -  LA: 0.66667
Epoch: 2 | Loss: 5.049769401550293  | Negative Loss: 0.0
[Test ROC-AUC]  -  SA: 0.00000,  LA: 0.24210
[Test AUPRC]  -  LA: 0.38228
[Test F1-max]  -  LA: 0.66667
Epoch: 3 | Loss: 2.250491142272949  | Negative Loss: 0.0
[Test ROC-AUC]  -  SA: 0.00000,  LA: 0.22430
[Test AUPRC]  -  LA: 0.38326
[Test F1-max]  -  LA: 0.66667
Epoch: 4 | Loss: 0.6610472798347473  | Negative Loss: 0.0
[Test ROC-AUC]  -  SA: 0.00000,  LA: 0.21870
[Test AUPRC]  -  LA: 0.38251
[Test F1-max]  -  LA: 0.66890
Epoch: 5 | Loss: 0.1915186196565628  | Negative Loss: 0.0
[Test ROC-AUC]  -  SA: 0.00000,  LA: 0.21920
[Test AUPRC]  -  LA: 0.38290
[Test F1-max]  -  LA: 0.66890
Epoch: 6 | Loss: 0.06398335099220276  | Negative Loss: 0.0
[Test ROC-AUC]  -  SA: 0.00000,  LA: 0.22270
[Test AUPRC]  -  LA: 0.38510
[Test F1-max]  -  LA: 0.66890
Epoch: 7 | Loss: 0.02468409389257431  | Negative Loss: 0.0
[Test ROC-AUC]  -  SA: 0.00000,  LA: 0.22320
[Test AUPRC]  -  LA: 0.38683
[Test F1-max]  -  LA: 0.66890
Epoch: 8 | Loss: 0.010645169764757156  | Negative Loss: 0.0
[Test ROC-AUC]  -  SA: 0.00000,  LA: 0.22730
[Test AUPRC]  -  LA: 0.39155
[Test F1-max]  -  LA: 0.66890
Epoch: 9 | Loss: 0.004999046213924885  | Negative Loss: 0.0
[Test ROC-AUC]  -  SA: 0.00000,  LA: 0.22960
[Test AUPRC]  -  LA: 0.39446
[Test F1-max]  -  LA: 0.66890
Epoch: 10 | Loss: 0.002517153974622488  | Negative Loss: 0.0
[Test ROC-AUC]  -  SA: 0.00000,  LA: 0.23200
[Test AUPRC]  -  LA: 0.39690
[Test F1-max]  -  LA: 0.66890
Epoch: 11 | Loss: 0.0013425988145172596  | Negative Loss: 0.0
[Test ROC-AUC]  -  SA: 0.00000,  LA: 0.23510
[Test AUPRC]  -  LA: 0.39820
[Test F1-max]  -  LA: 0.66890
Epoch: 12 | Loss: 0.0007578386575914919  | Negative Loss: 0.0
[Test ROC-AUC]  -  SA: 0.00000,  LA: 0.23670
[Test AUPRC]  -  LA: 0.39693
[Test F1-max]  -  LA: 0.66890
Epoch: 13 | Loss: 0.00044564809650182724  | Negative Loss: 0.0
[Test ROC-AUC]  -  SA: 0.00000,  LA: 0.23820
[Test AUPRC]  -  LA: 0.39772
[Test F1-max]  -  LA: 0.66890
Epoch: 14 | Loss: 0.0002716493618208915  | Negative Loss: 0.0
[Test ROC-AUC]  -  SA: 0.00000,  LA: 0.24060
[Test AUPRC]  -  LA: 0.39915
[Test F1-max]  -  LA: 0.66890
Epoch: 15 | Loss: 0.00017057704098988324  | Negative Loss: 0.0
[Test ROC-AUC]  -  SA: 0.00000,  LA: 0.24330
[Test AUPRC]  -  LA: 0.39850
[Test F1-max]  -  LA: 0.66667
Epoch: 16 | Loss: 0.00010931015276582912  | Negative Loss: 0.0
[Test ROC-AUC]  -  SA: 0.00000,  LA: 0.24660
[Test AUPRC]  -  LA: 0.39836
[Test F1-max]  -  LA: 0.66667
Epoch: 17 | Loss: 7.176191866165027e-05  | Negative Loss: 0.0
[Test ROC-AUC]  -  SA: 0.00000,  LA: 0.24940
[Test AUPRC]  -  LA: 0.40045
[Test F1-max]  -  LA: 0.66667
Epoch: 18 | Loss: 4.8159614379983395e-05  | Negative Loss: 0.0
[Test ROC-AUC]  -  SA: 0.00000,  LA: 0.25260
[Test AUPRC]  -  LA: 0.40079
[Test F1-max]  -  LA: 0.66667
Epoch: 19 | Loss: 3.278211806900799e-05  | Negative Loss: 0.0
[Test ROC-AUC]  -  SA: 0.00000,  LA: 0.25565
[Test AUPRC]  -  LA: 0.40550
[Test F1-max]  -  LA: 0.66667
Epoch: 20 | Loss: 2.288796895300038e-05  | Negative Loss: 0.0
[Test ROC-AUC]  -  SA: 0.00000,  LA: 0.25770
[Test AUPRC]  -  LA: 0.40683
[Test F1-max]  -  LA: 0.66667
Epoch: 21 | Loss: 1.6331561710103415e-05  | Negative Loss: 0.0
[Test ROC-AUC]  -  SA: 0.00000,  LA: 0.26100
[Test AUPRC]  -  LA: 0.40893
[Test F1-max]  -  LA: 0.66667
Epoch: 22 | Loss: 1.180166145786643e-05  | Negative Loss: 0.0
[Test ROC-AUC]  -  SA: 0.00000,  LA: 0.26350
[Test AUPRC]  -  LA: 0.40948
[Test F1-max]  -  LA: 0.66667
Epoch: 23 | Loss: 8.82145559444325e-06  | Negative Loss: 0.0
[Test ROC-AUC]  -  SA: 0.00000,  LA: 0.26530
[Test AUPRC]  -  LA: 0.40978
[Test F1-max]  -  LA: 0.66667
Epoch: 24 | Loss: 6.556493190146284e-06  | Negative Loss: 0.0
[Test ROC-AUC]  -  SA: 0.00000,  LA: 0.26670
[Test AUPRC]  -  LA: 0.40976
[Test F1-max]  -  LA: 0.66667
Epoch: 25 | Loss: 5.245197826297954e-06  | Negative Loss: 0.0
[Test ROC-AUC]  -  SA: 0.00000,  LA: 0.26760
[Test AUPRC]  -  LA: 0.41091
[Test F1-max]  -  LA: 0.66667
Epoch: 26 | Loss: 3.8146908991620876e-06  | Negative Loss: 0.0
[Test ROC-AUC]  -  SA: 0.00000,  LA: 0.26980
[Test AUPRC]  -  LA: 0.41439
[Test F1-max]  -  LA: 0.66667
Epoch: 27 | Loss: 3.0994374355941545e-06  | Negative Loss: 0.0
[Test ROC-AUC]  -  SA: 0.00000,  LA: 0.27075
[Test AUPRC]  -  LA: 0.41411
[Test F1-max]  -  LA: 0.66667
Epoch: 28 | Loss: 2.5033925794559764e-06  | Negative Loss: 0.0
[Test ROC-AUC]  -  SA: 0.00000,  LA: 0.27380
[Test AUPRC]  -  LA: 0.41492
[Test F1-max]  -  LA: 0.66667
Epoch: 29 | Loss: 2.145765392924659e-06  | Negative Loss: 0.0
[Test ROC-AUC]  -  SA: 0.00000,  LA: 0.27560
[Test AUPRC]  -  LA: 0.41537
[Test F1-max]  -  LA: 0.66667
Epoch: 30 | Loss: 1.7881380927065038e-06  | Negative Loss: 0.0
[Test ROC-AUC]  -  SA: 0.00000,  LA: 0.27750
[Test AUPRC]  -  LA: 0.41573
[Test F1-max]  -  LA: 0.66667
Epoch: 31 | Loss: 1.311301275563892e-06  | Negative Loss: 0.0
[Test ROC-AUC]  -  SA: 0.00000,  LA: 0.27890
[Test AUPRC]  -  LA: 0.41605
[Test F1-max]  -  LA: 0.66667
Epoch: 32 | Loss: 1.0728830375228426e-06  | Negative Loss: 0.0
[Test ROC-AUC]  -  SA: 0.00000,  LA: 0.28040
[Test AUPRC]  -  LA: 0.41654
[Test F1-max]  -  LA: 0.66667
Epoch: 33 | Loss: 9.536738616588991e-07  | Negative Loss: 0.0
[Test ROC-AUC]  -  SA: 0.00000,  LA: 0.28110
[Test AUPRC]  -  LA: 0.41672
[Test F1-max]  -  LA: 0.66667
Epoch: 34 | Loss: 8.344646857949556e-07  | Negative Loss: 0.0
[Test ROC-AUC]  -  SA: 0.00000,  LA: 0.28220
[Test AUPRC]  -  LA: 0.41707
[Test F1-max]  -  LA: 0.66667
Epoch: 35 | Loss: 7.152555099310121e-07  | Negative Loss: 0.0
[Test ROC-AUC]  -  SA: 0.00000,  LA: 0.28330
[Test AUPRC]  -  LA: 0.41724
[Test F1-max]  -  LA: 0.66890
Epoch: 36 | Loss: 5.960462772236497e-07  | Negative Loss: 0.0
[Test ROC-AUC]  -  SA: 0.00000,  LA: 0.28370
[Test AUPRC]  -  LA: 0.41735
[Test F1-max]  -  LA: 0.66890
Epoch: 37 | Loss: 5.960462772236497e-07  | Negative Loss: 0.0
[Test ROC-AUC]  -  SA: 0.00000,  LA: 0.28440
[Test AUPRC]  -  LA: 0.41754
[Test F1-max]  -  LA: 0.66890
Epoch: 38 | Loss: 4.768370445162873e-07  | Negative Loss: 0.0
[Test ROC-AUC]  -  SA: 0.00000,  LA: 0.28550
[Test AUPRC]  -  LA: 0.41788
[Test F1-max]  -  LA: 0.66890
Epoch: 39 | Loss: 4.768370445162873e-07  | Negative Loss: 0.0
[Test ROC-AUC]  -  SA: 0.00000,  LA: 0.28660
[Test AUPRC]  -  LA: 0.41819
[Test F1-max]  -  LA: 0.66890
Epoch: 40 | Loss: 4.768370445162873e-07  | Negative Loss: 0.0
[Test ROC-AUC]  -  SA: 0.00000,  LA: 0.28690
[Test AUPRC]  -  LA: 0.41821
[Test F1-max]  -  LA: 0.66890
Epoch: 41 | Loss: 3.576278118089249e-07  | Negative Loss: 0.0
[Test ROC-AUC]  -  SA: 0.00000,  LA: 0.28730
[Test AUPRC]  -  LA: 0.41832
[Test F1-max]  -  LA: 0.66890
Epoch: 42 | Loss: 3.576278118089249e-07  | Negative Loss: 0.0
[Test ROC-AUC]  -  SA: 0.00000,  LA: 0.28790
[Test AUPRC]  -  LA: 0.41997
[Test F1-max]  -  LA: 0.66890
Epoch: 43 | Loss: 3.576278118089249e-07  | Negative Loss: 0.0
[Test ROC-AUC]  -  SA: 0.00000,  LA: 0.28830
[Test AUPRC]  -  LA: 0.42008
[Test F1-max]  -  LA: 0.66890
Epoch: 44 | Loss: 3.576278118089249e-07  | Negative Loss: 0.0
[Test ROC-AUC]  -  SA: 0.00000,  LA: 0.28910
[Test AUPRC]  -  LA: 0.42030
[Test F1-max]  -  LA: 0.66890
Epoch: 45 | Loss: 2.3841855067985307e-07  | Negative Loss: 0.0
[Test ROC-AUC]  -  SA: 0.00000,  LA: 0.28930
[Test AUPRC]  -  LA: 0.42035
[Test F1-max]  -  LA: 0.66890
Epoch: 46 | Loss: 2.3841855067985307e-07  | Negative Loss: 0.0
[Test ROC-AUC]  -  SA: 0.00000,  LA: 0.28990
[Test AUPRC]  -  LA: 0.42052
[Test F1-max]  -  LA: 0.66890
Epoch: 47 | Loss: 2.3841855067985307e-07  | Negative Loss: 0.0
[Test ROC-AUC]  -  SA: 0.00000,  LA: 0.29040
[Test AUPRC]  -  LA: 0.42066
[Test F1-max]  -  LA: 0.66890
Epoch: 48 | Loss: 2.3841855067985307e-07  | Negative Loss: 0.0
[Test ROC-AUC]  -  SA: 0.00000,  LA: 0.29070
[Test AUPRC]  -  LA: 0.42076
[Test F1-max]  -  LA: 0.66890
Epoch: 49 | Loss: 2.3841855067985307e-07  | Negative Loss: 0.0
[Test ROC-AUC]  -  SA: 0.00000,  LA: 0.29110
[Test AUPRC]  -  LA: 0.42087
[Test F1-max]  -  LA: 0.66890
Epoch: 50 | Loss: 2.3841855067985307e-07  | Negative Loss: 0.0
[Test ROC-AUC]  -  SA: 0.00000,  LA: 0.29160
[Test AUPRC]  -  LA: 0.42104
[Test F1-max]  -  LA: 0.66890
Epoch: 51 | Loss: 2.3841855067985307e-07  | Negative Loss: 0.0
[Test ROC-AUC]  -  SA: 0.00000,  LA: 0.29200
[Test AUPRC]  -  LA: 0.42117
[Test F1-max]  -  LA: 0.66890
Epoch: 52 | Loss: 2.3841855067985307e-07  | Negative Loss: 0.0
[Test ROC-AUC]  -  SA: 0.00000,  LA: 0.29210
[Test AUPRC]  -  LA: 0.42120
[Test F1-max]  -  LA: 0.66890
Epoch: 53 | Loss: 2.3841855067985307e-07  | Negative Loss: 0.0
[Test ROC-AUC]  -  SA: 0.00000,  LA: 0.29250
[Test AUPRC]  -  LA: 0.42132
[Test F1-max]  -  LA: 0.66890
Epoch: 54 | Loss: 2.3841855067985307e-07  | Negative Loss: 0.0
[Test ROC-AUC]  -  SA: 0.00000,  LA: 0.29250
[Test AUPRC]  -  LA: 0.42132
[Test F1-max]  -  LA: 0.66890
Epoch: 55 | Loss: 2.3841855067985307e-07  | Negative Loss: 0.0
[Test ROC-AUC]  -  SA: 0.00000,  LA: 0.29260
[Test AUPRC]  -  LA: 0.42135
[Test F1-max]  -  LA: 0.66890
Epoch: 56 | Loss: 2.3841855067985307e-07  | Negative Loss: 0.0
[Test ROC-AUC]  -  SA: 0.00000,  LA: 0.29280
[Test AUPRC]  -  LA: 0.42140
[Test F1-max]  -  LA: 0.66890
Epoch: 57 | Loss: 2.3841855067985307e-07  | Negative Loss: 0.0
[Test ROC-AUC]  -  SA: 0.00000,  LA: 0.29300
[Test AUPRC]  -  LA: 0.42146
[Test F1-max]  -  LA: 0.66890
Epoch: 58 | Loss: 2.3841855067985307e-07  | Negative Loss: 0.0
[Test ROC-AUC]  -  SA: 0.00000,  LA: 0.29335
[Test AUPRC]  -  LA: 0.42155
[Test F1-max]  -  LA: 0.66890
Epoch: 59 | Loss: 1.1920928244535389e-07  | Negative Loss: 0.0
[Test ROC-AUC]  -  SA: 0.00000,  LA: 0.29340
[Test AUPRC]  -  LA: 0.42155
[Test F1-max]  -  LA: 0.66890
Epoch: 60 | Loss: 1.1920928244535389e-07  | Negative Loss: 0.0
[Test ROC-AUC]  -  SA: 0.00000,  LA: 0.29370
[Test AUPRC]  -  LA: 0.42163
[Test F1-max]  -  LA: 0.66890
Epoch: 61 | Loss: 1.1920928244535389e-07  | Negative Loss: 0.0
[Test ROC-AUC]  -  SA: 0.00000,  LA: 0.29360
[Test AUPRC]  -  LA: 0.42160
[Test F1-max]  -  LA: 0.66890
Epoch: 62 | Loss: 1.1920928244535389e-07  | Negative Loss: 0.0
[Test ROC-AUC]  -  SA: 0.00000,  LA: 0.29360
[Test AUPRC]  -  LA: 0.42160
[Test F1-max]  -  LA: 0.66890
Epoch: 63 | Loss: 1.1920928244535389e-07  | Negative Loss: 0.0
[Test ROC-AUC]  -  SA: 0.00000,  LA: 0.29360
[Test AUPRC]  -  LA: 0.42160
[Test F1-max]  -  LA: 0.66890
Epoch: 64 | Loss: 1.1920928244535389e-07  | Negative Loss: 0.0
[Test ROC-AUC]  -  SA: 0.00000,  LA: 0.29360
[Test AUPRC]  -  LA: 0.42160
[Test F1-max]  -  LA: 0.66890
Epoch: 65 | Loss: 1.1920928244535389e-07  | Negative Loss: 0.0
[Test ROC-AUC]  -  SA: 0.00000,  LA: 0.29360
[Test AUPRC]  -  LA: 0.42160
[Test F1-max]  -  LA: 0.66890
Epoch: 66 | Loss: 1.1920928244535389e-07  | Negative Loss: 0.0
[Test ROC-AUC]  -  SA: 0.00000,  LA: 0.29350
[Test AUPRC]  -  LA: 0.42154
[Test F1-max]  -  LA: 0.66890
Epoch: 67 | Loss: 1.1920928244535389e-07  | Negative Loss: 0.0
[Test ROC-AUC]  -  SA: 0.00000,  LA: 0.29360
[Test AUPRC]  -  LA: 0.42157
[Test F1-max]  -  LA: 0.66890
Epoch: 68 | Loss: 1.1920928244535389e-07  | Negative Loss: 0.0
[Test ROC-AUC]  -  SA: 0.00000,  LA: 0.29360
[Test AUPRC]  -  LA: 0.42157
[Test F1-max]  -  LA: 0.66890
Epoch: 69 | Loss: 1.1920928244535389e-07  | Negative Loss: 0.0
[Test ROC-AUC]  -  SA: 0.00000,  LA: 0.29380
[Test AUPRC]  -  LA: 0.42162
[Test F1-max]  -  LA: 0.66890
Epoch: 70 | Loss: 1.1920928244535389e-07  | Negative Loss: 0.0
[Test ROC-AUC]  -  SA: 0.00000,  LA: 0.29390
[Test AUPRC]  -  LA: 0.42165
[Test F1-max]  -  LA: 0.66890
Epoch: 71 | Loss: 1.1920928244535389e-07  | Negative Loss: 0.0
[Test ROC-AUC]  -  SA: 0.00000,  LA: 0.29390
[Test AUPRC]  -  LA: 0.42165
[Test F1-max]  -  LA: 0.66890
Epoch: 72 | Loss: 1.1920928244535389e-07  | Negative Loss: 0.0
[Test ROC-AUC]  -  SA: 0.00000,  LA: 0.29385
[Test AUPRC]  -  LA: 0.42161
[Test F1-max]  -  LA: 0.66890
Epoch: 73 | Loss: 1.1920928244535389e-07  | Negative Loss: 0.0
[Test ROC-AUC]  -  SA: 0.00000,  LA: 0.29380
[Test AUPRC]  -  LA: 0.42157
[Test F1-max]  -  LA: 0.66890
Epoch: 74 | Loss: 1.1920928244535389e-07  | Negative Loss: 0.0
[Test ROC-AUC]  -  SA: 0.00000,  LA: 0.29400
[Test AUPRC]  -  LA: 0.42163
[Test F1-max]  -  LA: 0.66890
Epoch: 75 | Loss: 1.1920928244535389e-07  | Negative Loss: 0.0
[Test ROC-AUC]  -  SA: 0.00000,  LA: 0.29400
[Test AUPRC]  -  LA: 0.42163
[Test F1-max]  -  LA: 0.66890
Epoch: 76 | Loss: 1.1920928244535389e-07  | Negative Loss: 0.0
[Test ROC-AUC]  -  SA: 0.00000,  LA: 0.29400
[Test AUPRC]  -  LA: 0.42163
[Test F1-max]  -  LA: 0.66890
Epoch: 77 | Loss: 1.1920928244535389e-07  | Negative Loss: 0.0
[Test ROC-AUC]  -  SA: 0.00000,  LA: 0.29400
[Test AUPRC]  -  LA: 0.42163
[Test F1-max]  -  LA: 0.66890
Epoch: 78 | Loss: 1.1920928244535389e-07  | Negative Loss: 0.0
[Test ROC-AUC]  -  SA: 0.00000,  LA: 0.29400
[Test AUPRC]  -  LA: 0.42163
[Test F1-max]  -  LA: 0.66890
Epoch: 79 | Loss: 1.1920928244535389e-07  | Negative Loss: 0.0
[Test ROC-AUC]  -  SA: 0.00000,  LA: 0.29400
[Test AUPRC]  -  LA: 0.42163
[Test F1-max]  -  LA: 0.66890
Epoch: 80 | Loss: 1.1920928244535389e-07  | Negative Loss: 0.0
[Test ROC-AUC]  -  SA: 0.00000,  LA: 0.29395
[Test AUPRC]  -  LA: 0.42159
[Test F1-max]  -  LA: 0.66890
Epoch: 81 | Loss: 1.1920928244535389e-07  | Negative Loss: 0.0
[Test ROC-AUC]  -  SA: 0.00000,  LA: 0.29390
[Test AUPRC]  -  LA: 0.42155
[Test F1-max]  -  LA: 0.66890
Epoch: 82 | Loss: 1.1920928244535389e-07  | Negative Loss: 0.0
[Test ROC-AUC]  -  SA: 0.00000,  LA: 0.29390
[Test AUPRC]  -  LA: 0.42155
[Test F1-max]  -  LA: 0.66890
Epoch: 83 | Loss: 1.1920928244535389e-07  | Negative Loss: 0.0
[Test ROC-AUC]  -  SA: 0.00000,  LA: 0.29390
[Test AUPRC]  -  LA: 0.42155
[Test F1-max]  -  LA: 0.66890
Epoch: 84 | Loss: 1.1920928244535389e-07  | Negative Loss: 0.0
[Test ROC-AUC]  -  SA: 0.00000,  LA: 0.29400
[Test AUPRC]  -  LA: 0.42158
[Test F1-max]  -  LA: 0.66890
Epoch: 85 | Loss: 1.1920928244535389e-07  | Negative Loss: 0.0
[Test ROC-AUC]  -  SA: 0.00000,  LA: 0.29400
[Test AUPRC]  -  LA: 0.42158
[Test F1-max]  -  LA: 0.66890
Epoch: 86 | Loss: 1.1920928244535389e-07  | Negative Loss: 0.0
[Test ROC-AUC]  -  SA: 0.00000,  LA: 0.29400
[Test AUPRC]  -  LA: 0.42158
[Test F1-max]  -  LA: 0.66890
Epoch: 87 | Loss: 1.1920928244535389e-07  | Negative Loss: 0.0
[Test ROC-AUC]  -  SA: 0.00000,  LA: 0.29400
[Test AUPRC]  -  LA: 0.42158
[Test F1-max]  -  LA: 0.66890
Epoch: 88 | Loss: 1.1920928244535389e-07  | Negative Loss: 0.0
[Test ROC-AUC]  -  SA: 0.00000,  LA: 0.29400
[Test AUPRC]  -  LA: 0.42158
[Test F1-max]  -  LA: 0.66890
Epoch: 89 | Loss: 1.1920928244535389e-07  | Negative Loss: 0.0
[Test ROC-AUC]  -  SA: 0.00000,  LA: 0.29400
[Test AUPRC]  -  LA: 0.42158
[Test F1-max]  -  LA: 0.66890
Epoch: 90 | Loss: 1.1920928244535389e-07  | Negative Loss: 0.0
[Test ROC-AUC]  -  SA: 0.00000,  LA: 0.29410
[Test AUPRC]  -  LA: 0.42163
[Test F1-max]  -  LA: 0.66890
Epoch: 91 | Loss: 1.1920928244535389e-07  | Negative Loss: 0.0
[Test ROC-AUC]  -  SA: 0.00000,  LA: 0.29420
[Test AUPRC]  -  LA: 0.42166
[Test F1-max]  -  LA: 0.66890
Epoch: 92 | Loss: 1.1920928244535389e-07  | Negative Loss: 0.0
[Test ROC-AUC]  -  SA: 0.00000,  LA: 0.29420
[Test AUPRC]  -  LA: 0.42166
[Test F1-max]  -  LA: 0.66890
Epoch: 93 | Loss: 1.1920928244535389e-07  | Negative Loss: 0.0
[Test ROC-AUC]  -  SA: 0.00000,  LA: 0.29440
[Test AUPRC]  -  LA: 0.42172
[Test F1-max]  -  LA: 0.66890
Epoch: 94 | Loss: 1.1920928244535389e-07  | Negative Loss: 0.0
[Test ROC-AUC]  -  SA: 0.00000,  LA: 0.29440
[Test AUPRC]  -  LA: 0.42172
[Test F1-max]  -  LA: 0.66890
Epoch: 95 | Loss: 1.1920928244535389e-07  | Negative Loss: 0.0
[Test ROC-AUC]  -  SA: 0.00000,  LA: 0.29430
[Test AUPRC]  -  LA: 0.42169
[Test F1-max]  -  LA: 0.66890
Epoch: 96 | Loss: 1.1920928244535389e-07  | Negative Loss: 0.0
[Test ROC-AUC]  -  SA: 0.00000,  LA: 0.29430
[Test AUPRC]  -  LA: 0.42169
[Test F1-max]  -  LA: 0.66890
Epoch: 97 | Loss: 1.1920928244535389e-07  | Negative Loss: 0.0
[Test ROC-AUC]  -  SA: 0.00000,  LA: 0.29430
[Test AUPRC]  -  LA: 0.42169
[Test F1-max]  -  LA: 0.66890
Epoch: 98 | Loss: 1.1920928244535389e-07  | Negative Loss: 0.0
[Test ROC-AUC]  -  SA: 0.00000,  LA: 0.29430
[Test AUPRC]  -  LA: 0.42169
[Test F1-max]  -  LA: 0.66890
Epoch: 99 | Loss: 1.1920928244535389e-07  | Negative Loss: 0.0
Time consumption: 128.5876443386078
Best LA AUC: 0.5312999999999999
Best LA AUPC: 0.5311802592886508
Best LA F1-max: 0.6688963210702341
[Result] Experiment result appended to ./results/train_hybrid_result.csv

[END] 2026-03-29 11:37:08
[RETURN CODE] 0
