[START] 2026-03-29 11:37:08
[GPU] 0
[TASK] 80/150
[NAME] pcb1_winclip
[REPEAT] 5/5
[COMMAND] python train_hybrid.py --data_name pcb1 --mask True --text True --double_encoder True --few_shot True --shot 1 --hybrid_model winclip --hybrid_weight 0.3 --hybrid_batch_size 16 --epoch 100 --log True --lr 5e-4 --detection True --preprocess True

/home/seungeon/miniconda3/envs/LAB/lib/python3.10/site-packages/timm/models/layers/__init__.py:48: FutureWarning: Importing from timm.models.layers is deprecated, please import via timm.layers
  warnings.warn(f"Importing from {__name__} is deprecated, please import via timm.layers", FutureWarning)
/home/seungeon/Workspace/side/vlm/train_hybrid.py:18: DeprecationWarning: The distutils package is deprecated and slated for removal in Python 3.12. Use setuptools or check PEP 632 for potential alternatives
  from distutils.util import strtobool
Torch version: 2.9.1+cu128
cuda is loaded for process
here?
In my local computer
Namespace(epoch=100, gpu_number='0', data_name='pcb1', lr=0.0005, batch_size=6, shuffle=True, seed=0, tag='default', model_name='ViT-B-32', pretrained_name='laion2b_s34b_b79k', lora=1, default=False, foundation='CLIP', detection=1, preprocess=1, num_rule=0, object_names=['a photo of PCB'], objects_for_rules=[['a photo of PCB'], ['a photo of PCB'], ['a photo of PCB'], ['a photo of PCB']], texts_for_rules=[['a photo of PCB'], ['a photo of PCB'], ['a photo of PCB'], ['a photo of PCB']], mask=1, text=1, score='mean', ciriculam_learning=False, few_shot=1, shot=1, log=1, neg_loss=0, double_encoder=1, pretrained_count_path=None, ris=0, rule_select='', rule_list=[], num_negative=5, hybrid_model='winclip', hybrid_weight=0.3, hybrid_class_name='', hybrid_batch_size=16, hybrid_backbone='ViT-B-16-plus-240', hybrid_pretrained_dataset='laion400m_e32', hybrid_scales=[2, 3], hybrid_img_resize=240, hybrid_img_cropsize=240, hybrid_resolution=400, hybrid_promptad_epoch=100, hybrid_promptad_lr=0.002, hybrid_promptad_momentum=0.9, hybrid_promptad_weight_decay=0.0005, hybrid_promptad_eta_min=1e-05, hybrid_promptad_lambda1=0.001, hybrid_promptad_n_ctx=4, hybrid_promptad_n_pro=3, hybrid_promptad_n_ctx_ab=1, hybrid_promptad_n_pro_ab=4, early_stop_k=10, result_log_path='./results/train_hybrid_result.csv')
[Hybrid] method=winclip, class_name=pcb1, train=1, eval=200, base_path=/data3/seungeon/data/image/visa/pcb1
grid 240 16 (15, 15)
[Hybrid-only] LA_AUC=0.82430, LA_AUPRC=0.86031, LA_F1=0.80682
[Data Description]
- Train: 1
- Test: 200

Train Start
[Test ROC-AUC]  -  SA: 0.00000,  LA: 0.64330
[Test AUPRC]  -  LA: 0.63546
[Test F1-max]  -  LA: 0.67153
Epoch: 0 | Loss: 7.811301231384277  | Negative Loss: 0.0
[Test ROC-AUC]  -  SA: 0.00000,  LA: 0.65040
[Test AUPRC]  -  LA: 0.65235
[Test F1-max]  -  LA: 0.66909
Epoch: 1 | Loss: 7.673285484313965  | Negative Loss: 0.0
[Test ROC-AUC]  -  SA: 0.00000,  LA: 0.76650
[Test AUPRC]  -  LA: 0.79487
[Test F1-max]  -  LA: 0.73504
Epoch: 2 | Loss: 5.528491497039795  | Negative Loss: 0.0
[Test ROC-AUC]  -  SA: 0.00000,  LA: 0.82550
[Test AUPRC]  -  LA: 0.86548
[Test F1-max]  -  LA: 0.77157
Epoch: 3 | Loss: 2.934502124786377  | Negative Loss: 0.0
[Test ROC-AUC]  -  SA: 0.00000,  LA: 0.83470
[Test AUPRC]  -  LA: 0.87547
[Test F1-max]  -  LA: 0.77551
Epoch: 4 | Loss: 1.1539971828460693  | Negative Loss: 0.0
[Test ROC-AUC]  -  SA: 0.00000,  LA: 0.83620
[Test AUPRC]  -  LA: 0.87502
[Test F1-max]  -  LA: 0.77966
Epoch: 5 | Loss: 0.3793821334838867  | Negative Loss: 0.0
[Test ROC-AUC]  -  SA: 0.00000,  LA: 0.83330
[Test AUPRC]  -  LA: 0.87144
[Test F1-max]  -  LA: 0.79096
Epoch: 6 | Loss: 0.12263857573270798  | Negative Loss: 0.0
[Test ROC-AUC]  -  SA: 0.00000,  LA: 0.83530
[Test AUPRC]  -  LA: 0.87332
[Test F1-max]  -  LA: 0.79096
Epoch: 7 | Loss: 0.04163281247019768  | Negative Loss: 0.0
[Test ROC-AUC]  -  SA: 0.00000,  LA: 0.83720
[Test AUPRC]  -  LA: 0.87483
[Test F1-max]  -  LA: 0.79775
Epoch: 8 | Loss: 0.015589379705488682  | Negative Loss: 0.0
[Test ROC-AUC]  -  SA: 0.00000,  LA: 0.83830
[Test AUPRC]  -  LA: 0.87556
[Test F1-max]  -  LA: 0.80447
Epoch: 9 | Loss: 0.00638826098293066  | Negative Loss: 0.0
[Test ROC-AUC]  -  SA: 0.00000,  LA: 0.84080
[Test AUPRC]  -  LA: 0.87681
[Test F1-max]  -  LA: 0.79545
Epoch: 10 | Loss: 0.0027832286432385445  | Negative Loss: 0.0
[Test ROC-AUC]  -  SA: 0.00000,  LA: 0.84200
[Test AUPRC]  -  LA: 0.87718
[Test F1-max]  -  LA: 0.80000
Epoch: 11 | Loss: 0.0012697117635980248  | Negative Loss: 0.0
[Test ROC-AUC]  -  SA: 0.00000,  LA: 0.84240
[Test AUPRC]  -  LA: 0.87657
[Test F1-max]  -  LA: 0.80899
Epoch: 12 | Loss: 0.0006031874218024313  | Negative Loss: 0.0
[Test ROC-AUC]  -  SA: 0.00000,  LA: 0.84220
[Test AUPRC]  -  LA: 0.87640
[Test F1-max]  -  LA: 0.80899
Epoch: 13 | Loss: 0.00030192462145350873  | Negative Loss: 0.0
[Test ROC-AUC]  -  SA: 0.00000,  LA: 0.84230
[Test AUPRC]  -  LA: 0.87553
[Test F1-max]  -  LA: 0.80899
Epoch: 14 | Loss: 0.00015758592053316534  | Negative Loss: 0.0
[Test ROC-AUC]  -  SA: 0.00000,  LA: 0.84320
[Test AUPRC]  -  LA: 0.87499
[Test F1-max]  -  LA: 0.80899
Epoch: 15 | Loss: 8.511289343005046e-05  | Negative Loss: 0.0
[Test ROC-AUC]  -  SA: 0.00000,  LA: 0.84240
[Test AUPRC]  -  LA: 0.87422
[Test F1-max]  -  LA: 0.80899
Epoch: 16 | Loss: 4.768293001689017e-05  | Negative Loss: 0.0
[Test ROC-AUC]  -  SA: 0.00000,  LA: 0.84230
[Test AUPRC]  -  LA: 0.87419
[Test F1-max]  -  LA: 0.81356
Epoch: 17 | Loss: 2.7775495254900306e-05  | Negative Loss: 0.0
[Test ROC-AUC]  -  SA: 0.00000,  LA: 0.84120
[Test AUPRC]  -  LA: 0.87354
[Test F1-max]  -  LA: 0.81356
Epoch: 18 | Loss: 1.6689204130670987e-05  | Negative Loss: 0.0
[Test ROC-AUC]  -  SA: 0.00000,  LA: 0.84020
[Test AUPRC]  -  LA: 0.87267
[Test F1-max]  -  LA: 0.81356
Epoch: 19 | Loss: 1.0371171811129898e-05  | Negative Loss: 0.0
[Test ROC-AUC]  -  SA: 0.00000,  LA: 0.84010
[Test AUPRC]  -  LA: 0.87220
[Test F1-max]  -  LA: 0.81356
Epoch: 20 | Loss: 6.914123332535382e-06  | Negative Loss: 0.0
[Test ROC-AUC]  -  SA: 0.00000,  LA: 0.83950
[Test AUPRC]  -  LA: 0.87158
[Test F1-max]  -  LA: 0.81356
Epoch: 21 | Loss: 4.291528057365213e-06  | Negative Loss: 0.0
[Test ROC-AUC]  -  SA: 0.00000,  LA: 0.83690
[Test AUPRC]  -  LA: 0.87026
[Test F1-max]  -  LA: 0.81356
Epoch: 22 | Loss: 2.980229055538075e-06  | Negative Loss: 0.0
[Test ROC-AUC]  -  SA: 0.00000,  LA: 0.83560
[Test AUPRC]  -  LA: 0.86946
[Test F1-max]  -  LA: 0.81356
Epoch: 23 | Loss: 2.2649749098491156e-06  | Negative Loss: 0.0
[Test ROC-AUC]  -  SA: 0.00000,  LA: 0.83460
[Test AUPRC]  -  LA: 0.86846
[Test F1-max]  -  LA: 0.81356
Epoch: 24 | Loss: 1.4305107924883487e-06  | Negative Loss: 0.0
[Test ROC-AUC]  -  SA: 0.00000,  LA: 0.83390
[Test AUPRC]  -  LA: 0.86818
[Test F1-max]  -  LA: 0.81356
[Early Stopping] LA AUROC dropped for 10 consecutive epochs. Stop at epoch 26/100.
Time consumption: 33.02212882041931
Best LA AUC: 0.8432000000000001
Best LA AUPC: 0.8771848515551981
Best LA F1-max: 0.8135593220338982
[Result] Experiment result appended to ./results/train_hybrid_result.csv

[END] 2026-03-29 11:41:11
[RETURN CODE] 0
