[START] 2026-03-29 11:12:28
[GPU] 0
[TASK] 46/150
[NAME] capsule_winclip
[REPEAT] 1/5
[COMMAND] python train_hybrid.py --data_name capsule --mask True --text True --double_encoder True --few_shot True --shot 5 --hybrid_model winclip --hybrid_weight 0.3 --hybrid_batch_size 16 --epoch 100 --log True --lr 5e-4 --detection True --preprocess True

/home/seungeon/miniconda3/envs/LAB/lib/python3.10/site-packages/timm/models/layers/__init__.py:48: FutureWarning: Importing from timm.models.layers is deprecated, please import via timm.layers
  warnings.warn(f"Importing from {__name__} is deprecated, please import via timm.layers", FutureWarning)
/home/seungeon/Workspace/side/vlm/train_hybrid.py:18: DeprecationWarning: The distutils package is deprecated and slated for removal in Python 3.12. Use setuptools or check PEP 632 for potential alternatives
  from distutils.util import strtobool
Torch version: 2.9.1+cu128
cuda is loaded for process
here?
In my local computer
Namespace(epoch=100, gpu_number='0', data_name='capsule', lr=0.0005, batch_size=6, shuffle=True, seed=0, tag='default', model_name='ViT-B-32', pretrained_name='laion2b_s34b_b79k', lora=1, default=False, foundation='CLIP', detection=1, preprocess=1, num_rule=0, object_names=['a photo of capsule'], objects_for_rules=[['a photo of capsule'], ['a photo of capsule'], ['a photo of capsule'], ['a photo of capsule'], ['a photo of capsule']], texts_for_rules=[['a photo of capsule'], ['a photo of capsule'], ['a photo of capsule'], ['a photo of capsule'], ['a photo of capsule']], mask=1, text=1, score='mean', ciriculam_learning=False, few_shot=1, shot=5, log=1, neg_loss=0, double_encoder=1, pretrained_count_path=None, ris=0, rule_select='', rule_list=[], num_negative=5, hybrid_model='winclip', hybrid_weight=0.3, hybrid_class_name='', hybrid_batch_size=16, hybrid_backbone='ViT-B-16-plus-240', hybrid_pretrained_dataset='laion400m_e32', hybrid_scales=[2, 3], hybrid_img_resize=240, hybrid_img_cropsize=240, hybrid_resolution=400, hybrid_promptad_epoch=100, hybrid_promptad_lr=0.002, hybrid_promptad_momentum=0.9, hybrid_promptad_weight_decay=0.0005, hybrid_promptad_eta_min=1e-05, hybrid_promptad_lambda1=0.001, hybrid_promptad_n_ctx=4, hybrid_promptad_n_pro=3, hybrid_promptad_n_ctx_ab=1, hybrid_promptad_n_pro_ab=4, early_stop_k=10, result_log_path='./results/train_hybrid_result.csv')
[Hybrid] method=winclip, class_name=capsule, train=5, eval=45, base_path=/data3/seungeon/data/image/mvtec_ad/capsule
grid 240 16 (15, 15)
[Hybrid-only] LA_AUC=0.69368, LA_AUPRC=0.70728, LA_F1=0.74194
[Data Description]
- Train: 5
- Test: 45

Train Start
[Test ROC-AUC]  -  SA: 0.00000,  LA: 0.56719
[Test AUPRC]  -  LA: 0.59548
[Test F1-max]  -  LA: 0.67647
Epoch: 0 | Loss: 19.115589141845703  | Negative Loss: 0.0
[Test ROC-AUC]  -  SA: 0.00000,  LA: 0.56522
[Test AUPRC]  -  LA: 0.59473
[Test F1-max]  -  LA: 0.67647
Epoch: 1 | Loss: 18.88160514831543  | Negative Loss: 0.0
[Test ROC-AUC]  -  SA: 0.00000,  LA: 0.58696
[Test AUPRC]  -  LA: 0.68225
[Test F1-max]  -  LA: 0.67692
Epoch: 2 | Loss: 15.582585334777832  | Negative Loss: 0.0
[Test ROC-AUC]  -  SA: 0.00000,  LA: 0.63834
[Test AUPRC]  -  LA: 0.74658
[Test F1-max]  -  LA: 0.68657
Epoch: 3 | Loss: 10.240318298339844  | Negative Loss: 0.0
[Test ROC-AUC]  -  SA: 0.00000,  LA: 0.68577
[Test AUPRC]  -  LA: 0.77856
[Test F1-max]  -  LA: 0.70769
Epoch: 4 | Loss: 4.539791584014893  | Negative Loss: 0.0
[Test ROC-AUC]  -  SA: 0.00000,  LA: 0.70356
[Test AUPRC]  -  LA: 0.79602
[Test F1-max]  -  LA: 0.70270
Epoch: 5 | Loss: 1.263417363166809  | Negative Loss: 0.0
[Test ROC-AUC]  -  SA: 0.00000,  LA: 0.71146
[Test AUPRC]  -  LA: 0.79922
[Test F1-max]  -  LA: 0.71186
Epoch: 6 | Loss: 0.256041020154953  | Negative Loss: 0.0
[Test ROC-AUC]  -  SA: 0.00000,  LA: 0.71344
[Test AUPRC]  -  LA: 0.80184
[Test F1-max]  -  LA: 0.71186
Epoch: 7 | Loss: 0.05117698386311531  | Negative Loss: 0.0
[Test ROC-AUC]  -  SA: 0.00000,  LA: 0.71344
[Test AUPRC]  -  LA: 0.80097
[Test F1-max]  -  LA: 0.71875
Epoch: 8 | Loss: 0.0120317991822958  | Negative Loss: 0.0
[Test ROC-AUC]  -  SA: 0.00000,  LA: 0.70553
[Test AUPRC]  -  LA: 0.78224
[Test F1-max]  -  LA: 0.73333
Epoch: 9 | Loss: 0.003215593984350562  | Negative Loss: 0.0
[Test ROC-AUC]  -  SA: 0.00000,  LA: 0.70356
[Test AUPRC]  -  LA: 0.77480
[Test F1-max]  -  LA: 0.73016
Epoch: 10 | Loss: 0.0009812255157157779  | Negative Loss: 0.0
[Test ROC-AUC]  -  SA: 0.00000,  LA: 0.69960
[Test AUPRC]  -  LA: 0.76862
[Test F1-max]  -  LA: 0.74194
Epoch: 11 | Loss: 0.0003265402338001877  | Negative Loss: 0.0
[Test ROC-AUC]  -  SA: 0.00000,  LA: 0.68379
[Test AUPRC]  -  LA: 0.74940
[Test F1-max]  -  LA: 0.74194
Epoch: 12 | Loss: 0.00011746609379770234  | Negative Loss: 0.0
[Test ROC-AUC]  -  SA: 0.00000,  LA: 0.68775
[Test AUPRC]  -  LA: 0.74232
[Test F1-max]  -  LA: 0.74194
Epoch: 13 | Loss: 4.51084015367087e-05  | Negative Loss: 0.0
[Test ROC-AUC]  -  SA: 0.00000,  LA: 0.68775
[Test AUPRC]  -  LA: 0.73177
[Test F1-max]  -  LA: 0.74194
Epoch: 14 | Loss: 1.8310483937966637e-05  | Negative Loss: 0.0
[Test ROC-AUC]  -  SA: 0.00000,  LA: 0.68379
[Test AUPRC]  -  LA: 0.72385
[Test F1-max]  -  LA: 0.74194
Epoch: 15 | Loss: 7.748591997369658e-06  | Negative Loss: 0.0
[Test ROC-AUC]  -  SA: 0.00000,  LA: 0.68577
[Test AUPRC]  -  LA: 0.72104
[Test F1-max]  -  LA: 0.74194
Epoch: 16 | Loss: 3.480908844721853e-06  | Negative Loss: 0.0
[Test ROC-AUC]  -  SA: 0.00000,  LA: 0.68182
[Test AUPRC]  -  LA: 0.70557
[Test F1-max]  -  LA: 0.74194
Epoch: 17 | Loss: 1.7404551044819527e-06  | Negative Loss: 0.0
[Test ROC-AUC]  -  SA: 0.00000,  LA: 0.68379
[Test AUPRC]  -  LA: 0.70655
[Test F1-max]  -  LA: 0.74194
Epoch: 18 | Loss: 7.152556236178498e-07  | Negative Loss: 0.0
[Test ROC-AUC]  -  SA: 0.00000,  LA: 0.68577
[Test AUPRC]  -  LA: 0.70763
[Test F1-max]  -  LA: 0.74194
Epoch: 19 | Loss: 3.576278402306343e-07  | Negative Loss: 0.0
[Test ROC-AUC]  -  SA: 0.00000,  LA: 0.68577
[Test AUPRC]  -  LA: 0.70494
[Test F1-max]  -  LA: 0.74194
Epoch: 20 | Loss: 1.668929883180681e-07  | Negative Loss: 0.0
[Test ROC-AUC]  -  SA: 0.00000,  LA: 0.68379
[Test AUPRC]  -  LA: 0.70237
[Test F1-max]  -  LA: 0.74194
Epoch: 21 | Loss: 4.768371297814156e-08  | Negative Loss: 0.0
[Test ROC-AUC]  -  SA: 0.00000,  LA: 0.68379
[Test AUPRC]  -  LA: 0.70237
[Test F1-max]  -  LA: 0.74194
Epoch: 22 | Loss: 2.384185648907078e-08  | Negative Loss: 0.0
[Test ROC-AUC]  -  SA: 0.00000,  LA: 0.68577
[Test AUPRC]  -  LA: 0.70370
[Test F1-max]  -  LA: 0.74194
Epoch: 23 | Loss: 0.0  | Negative Loss: 0.0
Time consumption: 17.881694078445435
Best LA AUC: 0.7134387351778656
Best LA AUPC: 0.8018390007202985
Best LA F1-max: 0.7419354838709677
[Result] Experiment result appended to ./results/train_hybrid_result.csv

[END] 2026-03-29 11:14:23
[RETURN CODE] 0
