[START] 2026-03-29 12:36:18
[GPU] 0
[TASK] 146/150
[NAME] pcb4_winclip
[REPEAT] 1/5
[COMMAND] python train_hybrid.py --data_name pcb4 --mask True --text True --double_encoder True --few_shot True --shot 5 --hybrid_model winclip --hybrid_weight 0.3 --hybrid_batch_size 16 --epoch 100 --log True --lr 5e-4 --detection True --preprocess True

/home/seungeon/miniconda3/envs/LAB/lib/python3.10/site-packages/timm/models/layers/__init__.py:48: FutureWarning: Importing from timm.models.layers is deprecated, please import via timm.layers
  warnings.warn(f"Importing from {__name__} is deprecated, please import via timm.layers", FutureWarning)
/home/seungeon/Workspace/side/vlm/train_hybrid.py:18: DeprecationWarning: The distutils package is deprecated and slated for removal in Python 3.12. Use setuptools or check PEP 632 for potential alternatives
  from distutils.util import strtobool
Torch version: 2.9.1+cu128
cuda is loaded for process
here?
In my local computer
Namespace(epoch=100, gpu_number='0', data_name='pcb4', lr=0.0005, batch_size=6, shuffle=True, seed=0, tag='default', model_name='ViT-B-32', pretrained_name='laion2b_s34b_b79k', lora=1, default=False, foundation='CLIP', detection=1, preprocess=1, num_rule=0, object_names=['a photo of PCB'], objects_for_rules=[['a photo of PCB'], ['a photo of PCB'], ['a photo of PCB'], ['a photo of PCB']], texts_for_rules=[['a photo of PCB'], ['a photo of PCB'], ['a photo of PCB'], ['a photo of PCB']], mask=1, text=1, score='mean', ciriculam_learning=False, few_shot=1, shot=5, log=1, neg_loss=0, double_encoder=1, pretrained_count_path=None, ris=0, rule_select='', rule_list=[], num_negative=5, hybrid_model='winclip', hybrid_weight=0.3, hybrid_class_name='', hybrid_batch_size=16, hybrid_backbone='ViT-B-16-plus-240', hybrid_pretrained_dataset='laion400m_e32', hybrid_scales=[2, 3], hybrid_img_resize=240, hybrid_img_cropsize=240, hybrid_resolution=400, hybrid_promptad_epoch=100, hybrid_promptad_lr=0.002, hybrid_promptad_momentum=0.9, hybrid_promptad_weight_decay=0.0005, hybrid_promptad_eta_min=1e-05, hybrid_promptad_lambda1=0.001, hybrid_promptad_n_ctx=4, hybrid_promptad_n_pro=3, hybrid_promptad_n_ctx_ab=1, hybrid_promptad_n_pro_ab=4, early_stop_k=10, result_log_path='./results/train_hybrid_result.csv')
[Hybrid] method=winclip, class_name=pcb4, train=5, eval=201, base_path=/data3/seungeon/data/image/visa/pcb4
grid 240 16 (15, 15)
[Hybrid-only] LA_AUC=0.88475, LA_AUPRC=0.89759, LA_F1=0.81651
[Data Description]
- Train: 5
- Test: 201

Train Start
[Test ROC-AUC]  -  SA: 0.00000,  LA: 0.79554
[Test AUPRC]  -  LA: 0.79412
[Test F1-max]  -  LA: 0.75893
Epoch: 0 | Loss: 16.07355308532715  | Negative Loss: 0.0
[Test ROC-AUC]  -  SA: 0.00000,  LA: 0.79584
[Test AUPRC]  -  LA: 0.79511
[Test F1-max]  -  LA: 0.76147
Epoch: 1 | Loss: 15.910154342651367  | Negative Loss: 0.0
[Test ROC-AUC]  -  SA: 0.00000,  LA: 0.82228
[Test AUPRC]  -  LA: 0.83686
[Test F1-max]  -  LA: 0.77447
Epoch: 2 | Loss: 13.674186706542969  | Negative Loss: 0.0
[Test ROC-AUC]  -  SA: 0.00000,  LA: 0.85050
[Test AUPRC]  -  LA: 0.86699
[Test F1-max]  -  LA: 0.77876
Epoch: 3 | Loss: 9.889115333557129  | Negative Loss: 0.0
[Test ROC-AUC]  -  SA: 0.00000,  LA: 0.85228
[Test AUPRC]  -  LA: 0.87126
[Test F1-max]  -  LA: 0.77451
Epoch: 4 | Loss: 5.321047306060791  | Negative Loss: 0.0
[Test ROC-AUC]  -  SA: 0.00000,  LA: 0.84525
[Test AUPRC]  -  LA: 0.86621
[Test F1-max]  -  LA: 0.78539
Epoch: 5 | Loss: 1.887089490890503  | Negative Loss: 0.0
[Test ROC-AUC]  -  SA: 0.00000,  LA: 0.85832
[Test AUPRC]  -  LA: 0.88056
[Test F1-max]  -  LA: 0.79452
Epoch: 6 | Loss: 0.5194950103759766  | Negative Loss: 0.0
[Test ROC-AUC]  -  SA: 0.00000,  LA: 0.87525
[Test AUPRC]  -  LA: 0.89792
[Test F1-max]  -  LA: 0.81106
Epoch: 7 | Loss: 0.1447029411792755  | Negative Loss: 0.0
[Test ROC-AUC]  -  SA: 0.00000,  LA: 0.89168
[Test AUPRC]  -  LA: 0.91130
[Test F1-max]  -  LA: 0.81860
Epoch: 8 | Loss: 0.04404444992542267  | Negative Loss: 0.0
[Test ROC-AUC]  -  SA: 0.00000,  LA: 0.90861
[Test AUPRC]  -  LA: 0.92434
[Test F1-max]  -  LA: 0.83019
Epoch: 9 | Loss: 0.014549456536769867  | Negative Loss: 0.0
[Test ROC-AUC]  -  SA: 0.00000,  LA: 0.92347
[Test AUPRC]  -  LA: 0.93544
[Test F1-max]  -  LA: 0.85279
Epoch: 10 | Loss: 0.005216388963162899  | Negative Loss: 0.0
[Test ROC-AUC]  -  SA: 0.00000,  LA: 0.93376
[Test AUPRC]  -  LA: 0.94280
[Test F1-max]  -  LA: 0.85714
Epoch: 11 | Loss: 0.0020007106941193342  | Negative Loss: 0.0
[Test ROC-AUC]  -  SA: 0.00000,  LA: 0.93723
[Test AUPRC]  -  LA: 0.94630
[Test F1-max]  -  LA: 0.85859
Epoch: 12 | Loss: 0.0008148084743879735  | Negative Loss: 0.0
[Test ROC-AUC]  -  SA: 0.00000,  LA: 0.93812
[Test AUPRC]  -  LA: 0.94725
[Test F1-max]  -  LA: 0.87000
Epoch: 13 | Loss: 0.0003487198846414685  | Negative Loss: 0.0
[Test ROC-AUC]  -  SA: 0.00000,  LA: 0.93366
[Test AUPRC]  -  LA: 0.94431
[Test F1-max]  -  LA: 0.86139
Epoch: 14 | Loss: 0.0001562037068651989  | Negative Loss: 0.0
[Test ROC-AUC]  -  SA: 0.00000,  LA: 0.92842
[Test AUPRC]  -  LA: 0.93989
[Test F1-max]  -  LA: 0.86170
Epoch: 15 | Loss: 7.27873484720476e-05  | Negative Loss: 0.0
[Test ROC-AUC]  -  SA: 0.00000,  LA: 0.92426
[Test AUPRC]  -  LA: 0.93629
[Test F1-max]  -  LA: 0.85185
Epoch: 16 | Loss: 3.530934554873966e-05  | Negative Loss: 0.0
[Test ROC-AUC]  -  SA: 0.00000,  LA: 0.91881
[Test AUPRC]  -  LA: 0.93187
[Test F1-max]  -  LA: 0.84651
Epoch: 17 | Loss: 1.769054142641835e-05  | Negative Loss: 0.0
[Test ROC-AUC]  -  SA: 0.00000,  LA: 0.91455
[Test AUPRC]  -  LA: 0.92828
[Test F1-max]  -  LA: 0.84651
Epoch: 18 | Loss: 9.179082553600892e-06  | Negative Loss: 0.0
[Test ROC-AUC]  -  SA: 0.00000,  LA: 0.91158
[Test AUPRC]  -  LA: 0.92526
[Test F1-max]  -  LA: 0.84906
Epoch: 19 | Loss: 4.91141372549464e-06  | Negative Loss: 0.0
[Test ROC-AUC]  -  SA: 0.00000,  LA: 0.90871
[Test AUPRC]  -  LA: 0.92269
[Test F1-max]  -  LA: 0.84906
Epoch: 20 | Loss: 2.6941270334646106e-06  | Negative Loss: 0.0
[Test ROC-AUC]  -  SA: 0.00000,  LA: 0.90723
[Test AUPRC]  -  LA: 0.92173
[Test F1-max]  -  LA: 0.84507
Epoch: 21 | Loss: 1.549719627291779e-06  | Negative Loss: 0.0
[Test ROC-AUC]  -  SA: 0.00000,  LA: 0.90535
[Test AUPRC]  -  LA: 0.91977
[Test F1-max]  -  LA: 0.84507
Epoch: 22 | Loss: 9.536739753457368e-07  | Negative Loss: 0.0
[Test ROC-AUC]  -  SA: 0.00000,  LA: 0.90406
[Test AUPRC]  -  LA: 0.91872
[Test F1-max]  -  LA: 0.84507
[Early Stopping] LA AUROC dropped for 10 consecutive epochs. Stop at epoch 24/100.
Time consumption: 30.94520592689514
Best LA AUC: 0.9381188118811882
Best LA AUPC: 0.9472453765257707
Best LA F1-max: 0.8699999999999999
[Result] Experiment result appended to ./results/train_hybrid_result.csv

[END] 2026-03-29 12:40:18
[RETURN CODE] 0
