[START] 2026-03-29 11:04:41
[GPU] 0
[TASK] 30/150
[NAME] capsule_promptad
[REPEAT] 5/5
[COMMAND] python train_hybrid.py --data_name capsule --mask True --text True --double_encoder True --few_shot True --shot 1 --hybrid_model promptad --hybrid_weight 0.3 --hybrid_batch_size 16 --epoch 100 --log True --lr 5e-4 --detection True --preprocess True

/home/seungeon/miniconda3/envs/LAB/lib/python3.10/site-packages/timm/models/layers/__init__.py:48: FutureWarning: Importing from timm.models.layers is deprecated, please import via timm.layers
  warnings.warn(f"Importing from {__name__} is deprecated, please import via timm.layers", FutureWarning)
/home/seungeon/Workspace/side/vlm/train_hybrid.py:18: DeprecationWarning: The distutils package is deprecated and slated for removal in Python 3.12. Use setuptools or check PEP 632 for potential alternatives
  from distutils.util import strtobool
Torch version: 2.9.1+cu128
cuda is loaded for process
here?
In my local computer
Namespace(epoch=100, gpu_number='0', data_name='capsule', lr=0.0005, batch_size=6, shuffle=True, seed=0, tag='default', model_name='ViT-B-32', pretrained_name='laion2b_s34b_b79k', lora=1, default=False, foundation='CLIP', detection=1, preprocess=1, num_rule=0, object_names=['a photo of capsule'], objects_for_rules=[['a photo of capsule'], ['a photo of capsule'], ['a photo of capsule'], ['a photo of capsule'], ['a photo of capsule']], texts_for_rules=[['a photo of capsule'], ['a photo of capsule'], ['a photo of capsule'], ['a photo of capsule'], ['a photo of capsule']], mask=1, text=1, score='mean', ciriculam_learning=False, few_shot=1, shot=1, log=1, neg_loss=0, double_encoder=1, pretrained_count_path=None, ris=0, rule_select='', rule_list=[], num_negative=5, hybrid_model='promptad', hybrid_weight=0.3, hybrid_class_name='', hybrid_batch_size=16, hybrid_backbone='ViT-B-16-plus-240', hybrid_pretrained_dataset='laion400m_e32', hybrid_scales=[2, 3], hybrid_img_resize=240, hybrid_img_cropsize=240, hybrid_resolution=400, hybrid_promptad_epoch=100, hybrid_promptad_lr=0.002, hybrid_promptad_momentum=0.9, hybrid_promptad_weight_decay=0.0005, hybrid_promptad_eta_min=1e-05, hybrid_promptad_lambda1=0.001, hybrid_promptad_n_ctx=4, hybrid_promptad_n_pro=3, hybrid_promptad_n_ctx_ab=1, hybrid_promptad_n_pro_ab=4, early_stop_k=10, result_log_path='./results/train_hybrid_result.csv')
[Hybrid] method=promptad, class_name=capsule, train=1, eval=45, base_path=/data3/seungeon/data/image/mvtec_ad/capsule
[Hybrid-only] LA_AUC=0.76877, LA_AUPRC=0.77551, LA_F1=0.83019
[Data Description]
- Train: 1
- Test: 45

Train Start
[Test ROC-AUC]  -  SA: 0.00000,  LA: 0.54150
[Test AUPRC]  -  LA: 0.52323
[Test F1-max]  -  LA: 0.74194
Epoch: 0 | Loss: 31.345176696777344  | Negative Loss: 0.0
[Test ROC-AUC]  -  SA: 0.00000,  LA: 0.54348
[Test AUPRC]  -  LA: 0.52440
[Test F1-max]  -  LA: 0.73333
Epoch: 1 | Loss: 31.11016082763672  | Negative Loss: 0.0
[Test ROC-AUC]  -  SA: 0.00000,  LA: 0.56719
[Test AUPRC]  -  LA: 0.54778
[Test F1-max]  -  LA: 0.73684
Epoch: 2 | Loss: 27.340572357177734  | Negative Loss: 0.0
[Test ROC-AUC]  -  SA: 0.00000,  LA: 0.59684
[Test AUPRC]  -  LA: 0.59585
[Test F1-max]  -  LA: 0.75410
Epoch: 3 | Loss: 21.456085205078125  | Negative Loss: 0.0
[Test ROC-AUC]  -  SA: 0.00000,  LA: 0.63043
[Test AUPRC]  -  LA: 0.62633
[Test F1-max]  -  LA: 0.75410
Epoch: 4 | Loss: 14.133853912353516  | Negative Loss: 0.0
[Test ROC-AUC]  -  SA: 0.00000,  LA: 0.66996
[Test AUPRC]  -  LA: 0.68182
[Test F1-max]  -  LA: 0.75410
Epoch: 5 | Loss: 6.87321662902832  | Negative Loss: 0.0
[Test ROC-AUC]  -  SA: 0.00000,  LA: 0.72925
[Test AUPRC]  -  LA: 0.72357
[Test F1-max]  -  LA: 0.77966
Epoch: 6 | Loss: 2.081339120864868  | Negative Loss: 0.0
[Test ROC-AUC]  -  SA: 0.00000,  LA: 0.75099
[Test AUPRC]  -  LA: 0.75078
[Test F1-max]  -  LA: 0.78571
Epoch: 7 | Loss: 0.41685688495635986  | Negative Loss: 0.0
[Test ROC-AUC]  -  SA: 0.00000,  LA: 0.77273
[Test AUPRC]  -  LA: 0.76532
[Test F1-max]  -  LA: 0.82143
Epoch: 8 | Loss: 0.08336862921714783  | Negative Loss: 0.0
[Test ROC-AUC]  -  SA: 0.00000,  LA: 0.79051
[Test AUPRC]  -  LA: 0.78245
[Test F1-max]  -  LA: 0.82143
Epoch: 9 | Loss: 0.019232729449868202  | Negative Loss: 0.0
[Test ROC-AUC]  -  SA: 0.00000,  LA: 0.78261
[Test AUPRC]  -  LA: 0.76469
[Test F1-max]  -  LA: 0.83636
Epoch: 10 | Loss: 0.00517832487821579  | Negative Loss: 0.0
[Test ROC-AUC]  -  SA: 0.00000,  LA: 0.77866
[Test AUPRC]  -  LA: 0.75922
[Test F1-max]  -  LA: 0.83636
Epoch: 11 | Loss: 0.0015947961946949363  | Negative Loss: 0.0
[Test ROC-AUC]  -  SA: 0.00000,  LA: 0.77470
[Test AUPRC]  -  LA: 0.75860
[Test F1-max]  -  LA: 0.83636
Epoch: 12 | Loss: 0.0005505884764716029  | Negative Loss: 0.0
[Test ROC-AUC]  -  SA: 0.00000,  LA: 0.77668
[Test AUPRC]  -  LA: 0.76804
[Test F1-max]  -  LA: 0.83636
Epoch: 13 | Loss: 0.000208372381166555  | Negative Loss: 0.0
[Test ROC-AUC]  -  SA: 0.00000,  LA: 0.77866
[Test AUPRC]  -  LA: 0.76884
[Test F1-max]  -  LA: 0.85185
Epoch: 14 | Loss: 8.511453052051365e-05  | Negative Loss: 0.0
[Test ROC-AUC]  -  SA: 0.00000,  LA: 0.77273
[Test AUPRC]  -  LA: 0.76589
[Test F1-max]  -  LA: 0.83636
Epoch: 15 | Loss: 3.659708454506472e-05  | Negative Loss: 0.0
[Test ROC-AUC]  -  SA: 0.00000,  LA: 0.77075
[Test AUPRC]  -  LA: 0.77026
[Test F1-max]  -  LA: 0.83636
Epoch: 16 | Loss: 1.6331638107658364e-05  | Negative Loss: 0.0
[Test ROC-AUC]  -  SA: 0.00000,  LA: 0.76680
[Test AUPRC]  -  LA: 0.77567
[Test F1-max]  -  LA: 0.83636
Epoch: 17 | Loss: 7.748595635348465e-06  | Negative Loss: 0.0
[Test ROC-AUC]  -  SA: 0.00000,  LA: 0.77075
[Test AUPRC]  -  LA: 0.78061
[Test F1-max]  -  LA: 0.83636
Epoch: 18 | Loss: 3.6954859297111398e-06  | Negative Loss: 0.0
[Test ROC-AUC]  -  SA: 0.00000,  LA: 0.77075
[Test AUPRC]  -  LA: 0.78061
[Test F1-max]  -  LA: 0.83636
Epoch: 19 | Loss: 2.0265574676159304e-06  | Negative Loss: 0.0
[Test ROC-AUC]  -  SA: 0.00000,  LA: 0.77273
[Test AUPRC]  -  LA: 0.78432
[Test F1-max]  -  LA: 0.83636
Epoch: 20 | Loss: 8.34464913168631e-07  | Negative Loss: 0.0
[Test ROC-AUC]  -  SA: 0.00000,  LA: 0.77470
[Test AUPRC]  -  LA: 0.78891
[Test F1-max]  -  LA: 0.83636
Epoch: 21 | Loss: 5.960463909104874e-07  | Negative Loss: 0.0
[Test ROC-AUC]  -  SA: 0.00000,  LA: 0.77470
[Test AUPRC]  -  LA: 0.78891
[Test F1-max]  -  LA: 0.83636
Epoch: 22 | Loss: 1.1920928244535389e-07  | Negative Loss: 0.0
[Test ROC-AUC]  -  SA: 0.00000,  LA: 0.77470
[Test AUPRC]  -  LA: 0.78891
[Test F1-max]  -  LA: 0.83636
Epoch: 23 | Loss: 1.1920928244535389e-07  | Negative Loss: 0.0
[Test ROC-AUC]  -  SA: 0.00000,  LA: 0.77668
[Test AUPRC]  -  LA: 0.78995
[Test F1-max]  -  LA: 0.83636
Epoch: 24 | Loss: 1.1920928244535389e-07  | Negative Loss: 0.0
[Test ROC-AUC]  -  SA: 0.00000,  LA: 0.77668
[Test AUPRC]  -  LA: 0.78995
[Test F1-max]  -  LA: 0.83636
Epoch: 25 | Loss: 0.0  | Negative Loss: 0.0
Time consumption: 18.817821264266968
Best LA AUC: 0.7905138339920947
Best LA AUPC: 0.7899467851794185
Best LA F1-max: 0.8518518518518519
[Result] Experiment result appended to ./results/train_hybrid_result.csv

[END] 2026-03-29 11:06:23
[RETURN CODE] 0
