[START] 2026-03-29 11:18:58
[GPU] 0
[TASK] 58/150
[NAME] transistor_winclip
[REPEAT] 3/5
[COMMAND] python train_hybrid.py --data_name transistor --mask True --text True --double_encoder True --few_shot True --shot 1 --hybrid_model winclip --hybrid_weight 0.3 --hybrid_batch_size 16 --epoch 100 --log True --lr 5e-4 --detection True --preprocess True

/home/seungeon/miniconda3/envs/LAB/lib/python3.10/site-packages/timm/models/layers/__init__.py:48: FutureWarning: Importing from timm.models.layers is deprecated, please import via timm.layers
  warnings.warn(f"Importing from {__name__} is deprecated, please import via timm.layers", FutureWarning)
/home/seungeon/Workspace/side/vlm/train_hybrid.py:18: DeprecationWarning: The distutils package is deprecated and slated for removal in Python 3.12. Use setuptools or check PEP 632 for potential alternatives
  from distutils.util import strtobool
Torch version: 2.9.1+cu128
cuda is loaded for process
here?
In my local computer
Namespace(epoch=100, gpu_number='0', data_name='transistor', lr=0.0005, batch_size=6, shuffle=True, seed=0, tag='default', model_name='ViT-B-32', pretrained_name='laion2b_s34b_b79k', lora=1, default=False, foundation='CLIP', detection=1, preprocess=1, num_rule=0, object_names=['a photo of transistor'], objects_for_rules=[['a photo of transistor'], ['a photo of transistor'], ['a photo of transistor'], ['a photo of transistor']], texts_for_rules=[['a photo of transistor'], ['a photo of transistor'], ['a photo of transistor'], ['a photo of transistor']], mask=1, text=1, score='mean', ciriculam_learning=False, few_shot=1, shot=1, log=1, neg_loss=0, double_encoder=1, pretrained_count_path=None, ris=0, rule_select='', rule_list=[], num_negative=5, hybrid_model='winclip', hybrid_weight=0.3, hybrid_class_name='', hybrid_batch_size=16, hybrid_backbone='ViT-B-16-plus-240', hybrid_pretrained_dataset='laion400m_e32', hybrid_scales=[2, 3], hybrid_img_resize=240, hybrid_img_cropsize=240, hybrid_resolution=400, hybrid_promptad_epoch=100, hybrid_promptad_lr=0.002, hybrid_promptad_momentum=0.9, hybrid_promptad_weight_decay=0.0005, hybrid_promptad_eta_min=1e-05, hybrid_promptad_lambda1=0.001, hybrid_promptad_n_ctx=4, hybrid_promptad_n_pro=3, hybrid_promptad_n_ctx_ab=1, hybrid_promptad_n_pro_ab=4, early_stop_k=10, result_log_path='./results/train_hybrid_result.csv')
[Hybrid] method=winclip, class_name=transistor, train=1, eval=80, base_path=/data3/seungeon/data/image/mvtec_ad/transistor
grid 240 16 (15, 15)
[Hybrid-only] LA_AUC=0.91417, LA_AUPRC=0.97047, LA_F1=0.91935
[Data Description]
- Train: 1
- Test: 80

Train Start
[Test ROC-AUC]  -  SA: 0.00000,  LA: 0.77000
[Test AUPRC]  -  LA: 0.90259
[Test F1-max]  -  LA: 0.89394
Epoch: 0 | Loss: 8.271722793579102  | Negative Loss: 0.0
[Test ROC-AUC]  -  SA: 0.00000,  LA: 0.77083
[Test AUPRC]  -  LA: 0.90648
[Test F1-max]  -  LA: 0.89394
Epoch: 1 | Loss: 8.167278289794922  | Negative Loss: 0.0
[Test ROC-AUC]  -  SA: 0.00000,  LA: 0.78833
[Test AUPRC]  -  LA: 0.90838
[Test F1-max]  -  LA: 0.89922
Epoch: 2 | Loss: 6.165266036987305  | Negative Loss: 0.0
[Test ROC-AUC]  -  SA: 0.00000,  LA: 0.80167
[Test AUPRC]  -  LA: 0.91027
[Test F1-max]  -  LA: 0.91473
Epoch: 3 | Loss: 3.5981521606445312  | Negative Loss: 0.0
[Test ROC-AUC]  -  SA: 0.00000,  LA: 0.80250
[Test AUPRC]  -  LA: 0.88908
[Test F1-max]  -  LA: 0.91473
Epoch: 4 | Loss: 1.6304895877838135  | Negative Loss: 0.0
[Test ROC-AUC]  -  SA: 0.00000,  LA: 0.79750
[Test AUPRC]  -  LA: 0.87851
[Test F1-max]  -  LA: 0.91200
Epoch: 5 | Loss: 0.6850654482841492  | Negative Loss: 0.0
[Test ROC-AUC]  -  SA: 0.00000,  LA: 0.78750
[Test AUPRC]  -  LA: 0.87488
[Test F1-max]  -  LA: 0.91339
Epoch: 6 | Loss: 0.28384673595428467  | Negative Loss: 0.0
[Test ROC-AUC]  -  SA: 0.00000,  LA: 0.78500
[Test AUPRC]  -  LA: 0.87877
[Test F1-max]  -  LA: 0.91603
Epoch: 7 | Loss: 0.12134615331888199  | Negative Loss: 0.0
[Test ROC-AUC]  -  SA: 0.00000,  LA: 0.78833
[Test AUPRC]  -  LA: 0.87980
[Test F1-max]  -  LA: 0.92308
Epoch: 8 | Loss: 0.05436500161886215  | Negative Loss: 0.0
[Test ROC-AUC]  -  SA: 0.00000,  LA: 0.79667
[Test AUPRC]  -  LA: 0.88182
[Test F1-max]  -  LA: 0.92800
Epoch: 9 | Loss: 0.025188373401761055  | Negative Loss: 0.0
[Test ROC-AUC]  -  SA: 0.00000,  LA: 0.80667
[Test AUPRC]  -  LA: 0.89196
[Test F1-max]  -  LA: 0.93651
Epoch: 10 | Loss: 0.012256728485226631  | Negative Loss: 0.0
[Test ROC-AUC]  -  SA: 0.00000,  LA: 0.81500
[Test AUPRC]  -  LA: 0.89648
[Test F1-max]  -  LA: 0.93750
Epoch: 11 | Loss: 0.006230509839951992  | Negative Loss: 0.0
[Test ROC-AUC]  -  SA: 0.00000,  LA: 0.81833
[Test AUPRC]  -  LA: 0.89747
[Test F1-max]  -  LA: 0.93750
Epoch: 12 | Loss: 0.0032900418154895306  | Negative Loss: 0.0
[Test ROC-AUC]  -  SA: 0.00000,  LA: 0.82417
[Test AUPRC]  -  LA: 0.89983
[Test F1-max]  -  LA: 0.93750
Epoch: 13 | Loss: 0.0017987900646403432  | Negative Loss: 0.0
[Test ROC-AUC]  -  SA: 0.00000,  LA: 0.83083
[Test AUPRC]  -  LA: 0.90232
[Test F1-max]  -  LA: 0.93750
Epoch: 14 | Loss: 0.0010198906529694796  | Negative Loss: 0.0
[Test ROC-AUC]  -  SA: 0.00000,  LA: 0.84083
[Test AUPRC]  -  LA: 0.90903
[Test F1-max]  -  LA: 0.93750
Epoch: 15 | Loss: 0.0005940754199400544  | Negative Loss: 0.0
[Test ROC-AUC]  -  SA: 0.00000,  LA: 0.84500
[Test AUPRC]  -  LA: 0.91008
[Test F1-max]  -  LA: 0.93750
Epoch: 16 | Loss: 0.000357485085260123  | Negative Loss: 0.0
[Test ROC-AUC]  -  SA: 0.00000,  LA: 0.84750
[Test AUPRC]  -  LA: 0.91101
[Test F1-max]  -  LA: 0.93750
Epoch: 17 | Loss: 0.00022183923283591866  | Negative Loss: 0.0
[Test ROC-AUC]  -  SA: 0.00000,  LA: 0.85417
[Test AUPRC]  -  LA: 0.91380
[Test F1-max]  -  LA: 0.93750
Epoch: 18 | Loss: 0.00014114001533016562  | Negative Loss: 0.0
[Test ROC-AUC]  -  SA: 0.00000,  LA: 0.85917
[Test AUPRC]  -  LA: 0.91703
[Test F1-max]  -  LA: 0.93750
Epoch: 19 | Loss: 9.202794171869755e-05  | Negative Loss: 0.0
[Test ROC-AUC]  -  SA: 0.00000,  LA: 0.86500
[Test AUPRC]  -  LA: 0.92304
[Test F1-max]  -  LA: 0.94309
Epoch: 20 | Loss: 6.139204924693331e-05  | Negative Loss: 0.0
[Test ROC-AUC]  -  SA: 0.00000,  LA: 0.86750
[Test AUPRC]  -  LA: 0.92469
[Test F1-max]  -  LA: 0.95161
Epoch: 21 | Loss: 4.196132795186713e-05  | Negative Loss: 0.0
[Test ROC-AUC]  -  SA: 0.00000,  LA: 0.86833
[Test AUPRC]  -  LA: 0.92508
[Test F1-max]  -  LA: 0.95161
Epoch: 22 | Loss: 2.896769183280412e-05  | Negative Loss: 0.0
[Test ROC-AUC]  -  SA: 0.00000,  LA: 0.87167
[Test AUPRC]  -  LA: 0.93082
[Test F1-max]  -  LA: 0.95161
Epoch: 23 | Loss: 2.0623123418772593e-05  | Negative Loss: 0.0
[Test ROC-AUC]  -  SA: 0.00000,  LA: 0.87417
[Test AUPRC]  -  LA: 0.93232
[Test F1-max]  -  LA: 0.95161
Epoch: 24 | Loss: 1.5020326827652752e-05  | Negative Loss: 0.0
[Test ROC-AUC]  -  SA: 0.00000,  LA: 0.87667
[Test AUPRC]  -  LA: 0.93677
[Test F1-max]  -  LA: 0.95161
Epoch: 25 | Loss: 1.108644028136041e-05  | Negative Loss: 0.0
[Test ROC-AUC]  -  SA: 0.00000,  LA: 0.87750
[Test AUPRC]  -  LA: 0.93836
[Test F1-max]  -  LA: 0.95161
Epoch: 26 | Loss: 8.106218047032598e-06  | Negative Loss: 0.0
[Test ROC-AUC]  -  SA: 0.00000,  LA: 0.88083
[Test AUPRC]  -  LA: 0.94148
[Test F1-max]  -  LA: 0.94400
Epoch: 27 | Loss: 6.318085070233792e-06  | Negative Loss: 0.0
[Test ROC-AUC]  -  SA: 0.00000,  LA: 0.88333
[Test AUPRC]  -  LA: 0.94383
[Test F1-max]  -  LA: 0.94400
Epoch: 28 | Loss: 4.768367034557741e-06  | Negative Loss: 0.0
[Test ROC-AUC]  -  SA: 0.00000,  LA: 0.88750
[Test AUPRC]  -  LA: 0.94764
[Test F1-max]  -  LA: 0.94400
Epoch: 29 | Loss: 3.8146945371408947e-06  | Negative Loss: 0.0
[Test ROC-AUC]  -  SA: 0.00000,  LA: 0.88917
[Test AUPRC]  -  LA: 0.94962
[Test F1-max]  -  LA: 0.94400
Epoch: 30 | Loss: 3.099439709330909e-06  | Negative Loss: 0.0
[Test ROC-AUC]  -  SA: 0.00000,  LA: 0.89167
[Test AUPRC]  -  LA: 0.95153
[Test F1-max]  -  LA: 0.94400
Epoch: 31 | Loss: 2.503393943698029e-06  | Negative Loss: 0.0
[Test ROC-AUC]  -  SA: 0.00000,  LA: 0.89167
[Test AUPRC]  -  LA: 0.95153
[Test F1-max]  -  LA: 0.94400
Epoch: 32 | Loss: 2.0265570128685795e-06  | Negative Loss: 0.0
[Test ROC-AUC]  -  SA: 0.00000,  LA: 0.89500
[Test AUPRC]  -  LA: 0.95426
[Test F1-max]  -  LA: 0.94400
Epoch: 33 | Loss: 1.9073479506914737e-06  | Negative Loss: 0.0
[Test ROC-AUC]  -  SA: 0.00000,  LA: 0.89500
[Test AUPRC]  -  LA: 0.95426
[Test F1-max]  -  LA: 0.94400
Epoch: 34 | Loss: 1.3113018439980806e-06  | Negative Loss: 0.0
[Test ROC-AUC]  -  SA: 0.00000,  LA: 0.89583
[Test AUPRC]  -  LA: 0.95471
[Test F1-max]  -  LA: 0.94400
Epoch: 35 | Loss: 1.0728833785833558e-06  | Negative Loss: 0.0
[Test ROC-AUC]  -  SA: 0.00000,  LA: 0.89833
[Test AUPRC]  -  LA: 0.95679
[Test F1-max]  -  LA: 0.94400
Epoch: 36 | Loss: 8.34464913168631e-07  | Negative Loss: 0.0
[Test ROC-AUC]  -  SA: 0.00000,  LA: 0.89917
[Test AUPRC]  -  LA: 0.95722
[Test F1-max]  -  LA: 0.94400
Epoch: 37 | Loss: 8.34464913168631e-07  | Negative Loss: 0.0
[Test ROC-AUC]  -  SA: 0.00000,  LA: 0.90000
[Test AUPRC]  -  LA: 0.95819
[Test F1-max]  -  LA: 0.94400
Epoch: 38 | Loss: 7.152556236178498e-07  | Negative Loss: 0.0
[Test ROC-AUC]  -  SA: 0.00000,  LA: 0.90000
[Test AUPRC]  -  LA: 0.95835
[Test F1-max]  -  LA: 0.94400
Epoch: 39 | Loss: 7.152556236178498e-07  | Negative Loss: 0.0
[Test ROC-AUC]  -  SA: 0.00000,  LA: 0.90083
[Test AUPRC]  -  LA: 0.95872
[Test F1-max]  -  LA: 0.94400
Epoch: 40 | Loss: 5.960463909104874e-07  | Negative Loss: 0.0
[Test ROC-AUC]  -  SA: 0.00000,  LA: 0.90167
[Test AUPRC]  -  LA: 0.95911
[Test F1-max]  -  LA: 0.94400
Epoch: 41 | Loss: 4.7683710135970614e-07  | Negative Loss: 0.0
[Test ROC-AUC]  -  SA: 0.00000,  LA: 0.90167
[Test AUPRC]  -  LA: 0.95965
[Test F1-max]  -  LA: 0.94400
Epoch: 42 | Loss: 4.7683710135970614e-07  | Negative Loss: 0.0
[Test ROC-AUC]  -  SA: 0.00000,  LA: 0.90083
[Test AUPRC]  -  LA: 0.95923
[Test F1-max]  -  LA: 0.94400
Epoch: 43 | Loss: 4.7683710135970614e-07  | Negative Loss: 0.0
[Test ROC-AUC]  -  SA: 0.00000,  LA: 0.90167
[Test AUPRC]  -  LA: 0.95994
[Test F1-max]  -  LA: 0.94400
Epoch: 44 | Loss: 4.7683710135970614e-07  | Negative Loss: 0.0
[Test ROC-AUC]  -  SA: 0.00000,  LA: 0.90250
[Test AUPRC]  -  LA: 0.96062
[Test F1-max]  -  LA: 0.94400
Epoch: 45 | Loss: 4.7683710135970614e-07  | Negative Loss: 0.0
[Test ROC-AUC]  -  SA: 0.00000,  LA: 0.90333
[Test AUPRC]  -  LA: 0.96127
[Test F1-max]  -  LA: 0.94400
Epoch: 46 | Loss: 2.3841856489070778e-07  | Negative Loss: 0.0
[Test ROC-AUC]  -  SA: 0.00000,  LA: 0.90500
[Test AUPRC]  -  LA: 0.96232
[Test F1-max]  -  LA: 0.94400
Epoch: 47 | Loss: 2.3841856489070778e-07  | Negative Loss: 0.0
[Test ROC-AUC]  -  SA: 0.00000,  LA: 0.90500
[Test AUPRC]  -  LA: 0.96232
[Test F1-max]  -  LA: 0.94400
Epoch: 48 | Loss: 2.3841856489070778e-07  | Negative Loss: 0.0
[Test ROC-AUC]  -  SA: 0.00000,  LA: 0.90500
[Test AUPRC]  -  LA: 0.96232
[Test F1-max]  -  LA: 0.94400
Epoch: 49 | Loss: 2.3841856489070778e-07  | Negative Loss: 0.0
[Test ROC-AUC]  -  SA: 0.00000,  LA: 0.90500
[Test AUPRC]  -  LA: 0.96232
[Test F1-max]  -  LA: 0.94400
Epoch: 50 | Loss: 2.3841856489070778e-07  | Negative Loss: 0.0
[Test ROC-AUC]  -  SA: 0.00000,  LA: 0.90500
[Test AUPRC]  -  LA: 0.96232
[Test F1-max]  -  LA: 0.94400
Epoch: 51 | Loss: 2.3841856489070778e-07  | Negative Loss: 0.0
[Test ROC-AUC]  -  SA: 0.00000,  LA: 0.90500
[Test AUPRC]  -  LA: 0.96232
[Test F1-max]  -  LA: 0.94400
Epoch: 52 | Loss: 2.3841856489070778e-07  | Negative Loss: 0.0
[Test ROC-AUC]  -  SA: 0.00000,  LA: 0.90500
[Test AUPRC]  -  LA: 0.96232
[Test F1-max]  -  LA: 0.94400
Epoch: 53 | Loss: 2.3841856489070778e-07  | Negative Loss: 0.0
[Test ROC-AUC]  -  SA: 0.00000,  LA: 0.90500
[Test AUPRC]  -  LA: 0.96232
[Test F1-max]  -  LA: 0.94400
Epoch: 54 | Loss: 2.3841856489070778e-07  | Negative Loss: 0.0
[Test ROC-AUC]  -  SA: 0.00000,  LA: 0.90500
[Test AUPRC]  -  LA: 0.96232
[Test F1-max]  -  LA: 0.94400
Epoch: 55 | Loss: 2.3841856489070778e-07  | Negative Loss: 0.0
[Test ROC-AUC]  -  SA: 0.00000,  LA: 0.90500
[Test AUPRC]  -  LA: 0.96232
[Test F1-max]  -  LA: 0.94400
Epoch: 56 | Loss: 2.3841856489070778e-07  | Negative Loss: 0.0
[Test ROC-AUC]  -  SA: 0.00000,  LA: 0.90500
[Test AUPRC]  -  LA: 0.96232
[Test F1-max]  -  LA: 0.94400
Epoch: 57 | Loss: 2.3841856489070778e-07  | Negative Loss: 0.0
[Test ROC-AUC]  -  SA: 0.00000,  LA: 0.90500
[Test AUPRC]  -  LA: 0.96232
[Test F1-max]  -  LA: 0.94400
Epoch: 58 | Loss: 2.3841856489070778e-07  | Negative Loss: 0.0
[Test ROC-AUC]  -  SA: 0.00000,  LA: 0.90583
[Test AUPRC]  -  LA: 0.96293
[Test F1-max]  -  LA: 0.94400
Epoch: 59 | Loss: 2.3841856489070778e-07  | Negative Loss: 0.0
[Test ROC-AUC]  -  SA: 0.00000,  LA: 0.90667
[Test AUPRC]  -  LA: 0.96329
[Test F1-max]  -  LA: 0.94400
Epoch: 60 | Loss: 2.3841856489070778e-07  | Negative Loss: 0.0
[Test ROC-AUC]  -  SA: 0.00000,  LA: 0.90667
[Test AUPRC]  -  LA: 0.96329
[Test F1-max]  -  LA: 0.94400
Epoch: 61 | Loss: 2.3841856489070778e-07  | Negative Loss: 0.0
[Test ROC-AUC]  -  SA: 0.00000,  LA: 0.90667
[Test AUPRC]  -  LA: 0.96329
[Test F1-max]  -  LA: 0.94400
Epoch: 62 | Loss: 2.3841856489070778e-07  | Negative Loss: 0.0
[Test ROC-AUC]  -  SA: 0.00000,  LA: 0.90667
[Test AUPRC]  -  LA: 0.96329
[Test F1-max]  -  LA: 0.94400
Epoch: 63 | Loss: 2.3841856489070778e-07  | Negative Loss: 0.0
[Test ROC-AUC]  -  SA: 0.00000,  LA: 0.90667
[Test AUPRC]  -  LA: 0.96329
[Test F1-max]  -  LA: 0.94400
Epoch: 64 | Loss: 2.3841856489070778e-07  | Negative Loss: 0.0
[Test ROC-AUC]  -  SA: 0.00000,  LA: 0.90750
[Test AUPRC]  -  LA: 0.96388
[Test F1-max]  -  LA: 0.94400
Epoch: 65 | Loss: 2.3841856489070778e-07  | Negative Loss: 0.0
[Test ROC-AUC]  -  SA: 0.00000,  LA: 0.90750
[Test AUPRC]  -  LA: 0.96388
[Test F1-max]  -  LA: 0.94400
Epoch: 66 | Loss: 2.3841856489070778e-07  | Negative Loss: 0.0
[Test ROC-AUC]  -  SA: 0.00000,  LA: 0.90750
[Test AUPRC]  -  LA: 0.96388
[Test F1-max]  -  LA: 0.94400
Epoch: 67 | Loss: 2.3841856489070778e-07  | Negative Loss: 0.0
[Test ROC-AUC]  -  SA: 0.00000,  LA: 0.90750
[Test AUPRC]  -  LA: 0.96388
[Test F1-max]  -  LA: 0.94400
Epoch: 68 | Loss: 2.3841856489070778e-07  | Negative Loss: 0.0
[Test ROC-AUC]  -  SA: 0.00000,  LA: 0.90750
[Test AUPRC]  -  LA: 0.96388
[Test F1-max]  -  LA: 0.94400
Epoch: 69 | Loss: 2.3841856489070778e-07  | Negative Loss: 0.0
[Test ROC-AUC]  -  SA: 0.00000,  LA: 0.90750
[Test AUPRC]  -  LA: 0.96388
[Test F1-max]  -  LA: 0.94400
Epoch: 70 | Loss: 2.3841856489070778e-07  | Negative Loss: 0.0
[Test ROC-AUC]  -  SA: 0.00000,  LA: 0.90750
[Test AUPRC]  -  LA: 0.96388
[Test F1-max]  -  LA: 0.94400
Epoch: 71 | Loss: 2.3841856489070778e-07  | Negative Loss: 0.0
[Test ROC-AUC]  -  SA: 0.00000,  LA: 0.90750
[Test AUPRC]  -  LA: 0.96388
[Test F1-max]  -  LA: 0.94400
Epoch: 72 | Loss: 2.3841856489070778e-07  | Negative Loss: 0.0
[Test ROC-AUC]  -  SA: 0.00000,  LA: 0.90750
[Test AUPRC]  -  LA: 0.96388
[Test F1-max]  -  LA: 0.94400
Epoch: 73 | Loss: 2.3841856489070778e-07  | Negative Loss: 0.0
[Test ROC-AUC]  -  SA: 0.00000,  LA: 0.90750
[Test AUPRC]  -  LA: 0.96388
[Test F1-max]  -  LA: 0.94400
Epoch: 74 | Loss: 2.3841856489070778e-07  | Negative Loss: 0.0
[Test ROC-AUC]  -  SA: 0.00000,  LA: 0.90750
[Test AUPRC]  -  LA: 0.96388
[Test F1-max]  -  LA: 0.94400
Epoch: 75 | Loss: 2.3841856489070778e-07  | Negative Loss: 0.0
[Test ROC-AUC]  -  SA: 0.00000,  LA: 0.90750
[Test AUPRC]  -  LA: 0.96388
[Test F1-max]  -  LA: 0.94400
Epoch: 76 | Loss: 1.1920928244535389e-07  | Negative Loss: 0.0
[Test ROC-AUC]  -  SA: 0.00000,  LA: 0.90750
[Test AUPRC]  -  LA: 0.96388
[Test F1-max]  -  LA: 0.94400
Epoch: 77 | Loss: 1.1920928244535389e-07  | Negative Loss: 0.0
[Test ROC-AUC]  -  SA: 0.00000,  LA: 0.90833
[Test AUPRC]  -  LA: 0.96414
[Test F1-max]  -  LA: 0.94400
Epoch: 78 | Loss: 1.1920928244535389e-07  | Negative Loss: 0.0
[Test ROC-AUC]  -  SA: 0.00000,  LA: 0.90833
[Test AUPRC]  -  LA: 0.96414
[Test F1-max]  -  LA: 0.94400
Epoch: 79 | Loss: 1.1920928244535389e-07  | Negative Loss: 0.0
[Test ROC-AUC]  -  SA: 0.00000,  LA: 0.90833
[Test AUPRC]  -  LA: 0.96414
[Test F1-max]  -  LA: 0.94400
Epoch: 80 | Loss: 1.1920928244535389e-07  | Negative Loss: 0.0
[Test ROC-AUC]  -  SA: 0.00000,  LA: 0.90833
[Test AUPRC]  -  LA: 0.96414
[Test F1-max]  -  LA: 0.94400
Epoch: 81 | Loss: 1.1920928244535389e-07  | Negative Loss: 0.0
[Test ROC-AUC]  -  SA: 0.00000,  LA: 0.90833
[Test AUPRC]  -  LA: 0.96414
[Test F1-max]  -  LA: 0.94400
Epoch: 82 | Loss: 1.1920928244535389e-07  | Negative Loss: 0.0
[Test ROC-AUC]  -  SA: 0.00000,  LA: 0.90833
[Test AUPRC]  -  LA: 0.96414
[Test F1-max]  -  LA: 0.94400
Epoch: 83 | Loss: 1.1920928244535389e-07  | Negative Loss: 0.0
[Test ROC-AUC]  -  SA: 0.00000,  LA: 0.90750
[Test AUPRC]  -  LA: 0.96372
[Test F1-max]  -  LA: 0.94400
Epoch: 84 | Loss: 1.1920928244535389e-07  | Negative Loss: 0.0
[Test ROC-AUC]  -  SA: 0.00000,  LA: 0.90750
[Test AUPRC]  -  LA: 0.96372
[Test F1-max]  -  LA: 0.94400
Epoch: 85 | Loss: 1.1920928244535389e-07  | Negative Loss: 0.0
[Test ROC-AUC]  -  SA: 0.00000,  LA: 0.90750
[Test AUPRC]  -  LA: 0.96372
[Test F1-max]  -  LA: 0.94400
Epoch: 86 | Loss: 1.1920928244535389e-07  | Negative Loss: 0.0
[Test ROC-AUC]  -  SA: 0.00000,  LA: 0.90750
[Test AUPRC]  -  LA: 0.96372
[Test F1-max]  -  LA: 0.94400
Epoch: 87 | Loss: 1.1920928244535389e-07  | Negative Loss: 0.0
[Test ROC-AUC]  -  SA: 0.00000,  LA: 0.90750
[Test AUPRC]  -  LA: 0.96372
[Test F1-max]  -  LA: 0.94400
Epoch: 88 | Loss: 1.1920928244535389e-07  | Negative Loss: 0.0
[Test ROC-AUC]  -  SA: 0.00000,  LA: 0.90750
[Test AUPRC]  -  LA: 0.96372
[Test F1-max]  -  LA: 0.94400
Epoch: 89 | Loss: 1.1920928244535389e-07  | Negative Loss: 0.0
[Test ROC-AUC]  -  SA: 0.00000,  LA: 0.90750
[Test AUPRC]  -  LA: 0.96372
[Test F1-max]  -  LA: 0.94400
Epoch: 90 | Loss: 1.1920928244535389e-07  | Negative Loss: 0.0
[Test ROC-AUC]  -  SA: 0.00000,  LA: 0.90750
[Test AUPRC]  -  LA: 0.96372
[Test F1-max]  -  LA: 0.94400
Epoch: 91 | Loss: 1.1920928244535389e-07  | Negative Loss: 0.0
[Test ROC-AUC]  -  SA: 0.00000,  LA: 0.90750
[Test AUPRC]  -  LA: 0.96372
[Test F1-max]  -  LA: 0.94400
Epoch: 92 | Loss: 1.1920928244535389e-07  | Negative Loss: 0.0
[Test ROC-AUC]  -  SA: 0.00000,  LA: 0.90750
[Test AUPRC]  -  LA: 0.96372
[Test F1-max]  -  LA: 0.94400
Epoch: 93 | Loss: 1.1920928244535389e-07  | Negative Loss: 0.0
[Test ROC-AUC]  -  SA: 0.00000,  LA: 0.90750
[Test AUPRC]  -  LA: 0.96372
[Test F1-max]  -  LA: 0.94400
Epoch: 94 | Loss: 0.0  | Negative Loss: 0.0
Time consumption: 73.23137331008911
Best LA AUC: 0.9083333333333333
Best LA AUPC: 0.9641377858790345
Best LA F1-max: 0.9516129032258064
[Result] Experiment result appended to ./results/train_hybrid_result.csv

[END] 2026-03-29 11:22:07
[RETURN CODE] 0
