[START] 2026-03-29 10:48:27
[GPU] 0
[TASK] 9/150
[NAME] cable_winclip
[REPEAT] 4/10
[COMMAND] python train_hybrid.py --data_name cable --mask True --text True --double_encoder True --few_shot True --shot 1 --hybrid_model winclip --hybrid_weight 0.3 --hybrid_batch_size 16 --epoch 100 --log True --lr 5e-4 --detection True --preprocess True

/home/seungeon/miniconda3/envs/LAB/lib/python3.10/site-packages/timm/models/layers/__init__.py:48: FutureWarning: Importing from timm.models.layers is deprecated, please import via timm.layers
  warnings.warn(f"Importing from {__name__} is deprecated, please import via timm.layers", FutureWarning)
/home/seungeon/Workspace/side/vlm/train_hybrid.py:18: DeprecationWarning: The distutils package is deprecated and slated for removal in Python 3.12. Use setuptools or check PEP 632 for potential alternatives
  from distutils.util import strtobool
Torch version: 2.9.1+cu128
cuda is loaded for process
here?
In my local computer
Namespace(epoch=100, gpu_number='0', data_name='cable', lr=0.0005, batch_size=6, shuffle=True, seed=0, tag='default', model_name='ViT-B-32', pretrained_name='laion2b_s34b_b79k', lora=1, default=False, foundation='CLIP', detection=1, preprocess=1, num_rule=0, object_names=['a photo of cable'], objects_for_rules=[['a photo of cable'], ['a photo of cable'], ['a photo of cable'], ['a photo of cable'], ['a photo of cable']], texts_for_rules=[['a photo of cable'], ['a photo of cable'], ['a photo of cable'], ['a photo of cable'], ['a photo of cable']], mask=1, text=1, score='mean', ciriculam_learning=False, few_shot=1, shot=1, log=1, neg_loss=0, double_encoder=1, pretrained_count_path=None, ris=0, rule_select='', rule_list=[], num_negative=5, hybrid_model='winclip', hybrid_weight=0.3, hybrid_class_name='', hybrid_batch_size=16, hybrid_backbone='ViT-B-16-plus-240', hybrid_pretrained_dataset='laion400m_e32', hybrid_scales=[2, 3], hybrid_img_resize=240, hybrid_img_cropsize=240, hybrid_resolution=400, hybrid_promptad_epoch=100, hybrid_promptad_lr=0.002, hybrid_promptad_momentum=0.9, hybrid_promptad_weight_decay=0.0005, hybrid_promptad_eta_min=1e-05, hybrid_promptad_lambda1=0.001, hybrid_promptad_n_ctx=4, hybrid_promptad_n_pro=3, hybrid_promptad_n_ctx_ab=1, hybrid_promptad_n_pro_ab=4, early_stop_k=10, result_log_path='./results/train_hybrid_result.csv')
[Hybrid] method=winclip, class_name=cable, train=1, eval=103, base_path=/data3/seungeon/data/image/mvtec_ad/cable
grid 240 16 (15, 15)
[Hybrid-only] LA_AUC=0.81034, LA_AUPRC=0.84091, LA_F1=0.82171
[Data Description]
- Train: 1
- Test: 103

Train Start
[Test ROC-AUC]  -  SA: 0.00000,  LA: 0.68659
[Test AUPRC]  -  LA: 0.67530
[Test F1-max]  -  LA: 0.74419
Epoch: 0 | Loss: 14.989035606384277  | Negative Loss: 0.0
[Test ROC-AUC]  -  SA: 0.00000,  LA: 0.68276
[Test AUPRC]  -  LA: 0.67285
[Test F1-max]  -  LA: 0.74419
Epoch: 1 | Loss: 14.829774856567383  | Negative Loss: 0.0
[Test ROC-AUC]  -  SA: 0.00000,  LA: 0.67931
[Test AUPRC]  -  LA: 0.66926
[Test F1-max]  -  LA: 0.74324
Epoch: 2 | Loss: 12.249029159545898  | Negative Loss: 0.0
[Test ROC-AUC]  -  SA: 0.00000,  LA: 0.66322
[Test AUPRC]  -  LA: 0.65694
[Test F1-max]  -  LA: 0.75758
Epoch: 3 | Loss: 8.6683349609375  | Negative Loss: 0.0
[Test ROC-AUC]  -  SA: 0.00000,  LA: 0.63487
[Test AUPRC]  -  LA: 0.64504
[Test F1-max]  -  LA: 0.74830
Epoch: 4 | Loss: 5.233664512634277  | Negative Loss: 0.0
[Test ROC-AUC]  -  SA: 0.00000,  LA: 0.61034
[Test AUPRC]  -  LA: 0.63731
[Test F1-max]  -  LA: 0.75342
Epoch: 5 | Loss: 2.5311813354492188  | Negative Loss: 0.0
[Test ROC-AUC]  -  SA: 0.00000,  LA: 0.61341
[Test AUPRC]  -  LA: 0.66514
[Test F1-max]  -  LA: 0.75817
Epoch: 6 | Loss: 1.0412722826004028  | Negative Loss: 0.0
[Test ROC-AUC]  -  SA: 0.00000,  LA: 0.62682
[Test AUPRC]  -  LA: 0.69039
[Test F1-max]  -  LA: 0.76316
Epoch: 7 | Loss: 0.3871769607067108  | Negative Loss: 0.0
[Test ROC-AUC]  -  SA: 0.00000,  LA: 0.64751
[Test AUPRC]  -  LA: 0.70790
[Test F1-max]  -  LA: 0.76510
Epoch: 8 | Loss: 0.14580579102039337  | Negative Loss: 0.0
[Test ROC-AUC]  -  SA: 0.00000,  LA: 0.66820
[Test AUPRC]  -  LA: 0.72795
[Test F1-max]  -  LA: 0.77551
Epoch: 9 | Loss: 0.058885861188173294  | Negative Loss: 0.0
[Test ROC-AUC]  -  SA: 0.00000,  LA: 0.68391
[Test AUPRC]  -  LA: 0.73797
[Test F1-max]  -  LA: 0.78082
Epoch: 10 | Loss: 0.025901595130562782  | Negative Loss: 0.0
[Test ROC-AUC]  -  SA: 0.00000,  LA: 0.69693
[Test AUPRC]  -  LA: 0.74935
[Test F1-max]  -  LA: 0.78082
Epoch: 11 | Loss: 0.012104084715247154  | Negative Loss: 0.0
[Test ROC-AUC]  -  SA: 0.00000,  LA: 0.70843
[Test AUPRC]  -  LA: 0.75787
[Test F1-max]  -  LA: 0.78082
Epoch: 12 | Loss: 0.005951933097094297  | Negative Loss: 0.0
[Test ROC-AUC]  -  SA: 0.00000,  LA: 0.71954
[Test AUPRC]  -  LA: 0.76314
[Test F1-max]  -  LA: 0.78082
Epoch: 13 | Loss: 0.003052593907341361  | Negative Loss: 0.0
[Test ROC-AUC]  -  SA: 0.00000,  LA: 0.72912
[Test AUPRC]  -  LA: 0.76885
[Test F1-max]  -  LA: 0.78621
Epoch: 14 | Loss: 0.0016254170332103968  | Negative Loss: 0.0
[Test ROC-AUC]  -  SA: 0.00000,  LA: 0.73831
[Test AUPRC]  -  LA: 0.77369
[Test F1-max]  -  LA: 0.78621
Epoch: 15 | Loss: 0.0009014313109219074  | Negative Loss: 0.0
[Test ROC-AUC]  -  SA: 0.00000,  LA: 0.74368
[Test AUPRC]  -  LA: 0.77594
[Test F1-max]  -  LA: 0.79137
Epoch: 16 | Loss: 0.0005179148283787072  | Negative Loss: 0.0
[Test ROC-AUC]  -  SA: 0.00000,  LA: 0.75364
[Test AUPRC]  -  LA: 0.78027
[Test F1-max]  -  LA: 0.79137
Epoch: 17 | Loss: 0.00030635035363957286  | Negative Loss: 0.0
[Test ROC-AUC]  -  SA: 0.00000,  LA: 0.76360
[Test AUPRC]  -  LA: 0.78593
[Test F1-max]  -  LA: 0.79167
Epoch: 18 | Loss: 0.0001871519925771281  | Negative Loss: 0.0
[Test ROC-AUC]  -  SA: 0.00000,  LA: 0.77241
[Test AUPRC]  -  LA: 0.78900
[Test F1-max]  -  LA: 0.79699
Epoch: 19 | Loss: 0.00011765694216592237  | Negative Loss: 0.0
[Test ROC-AUC]  -  SA: 0.00000,  LA: 0.78123
[Test AUPRC]  -  LA: 0.79298
[Test F1-max]  -  LA: 0.80597
Epoch: 20 | Loss: 7.617362280143425e-05  | Negative Loss: 0.0
[Test ROC-AUC]  -  SA: 0.00000,  LA: 0.78621
[Test AUPRC]  -  LA: 0.79591
[Test F1-max]  -  LA: 0.80597
Epoch: 21 | Loss: 5.042503835284151e-05  | Negative Loss: 0.0
[Test ROC-AUC]  -  SA: 0.00000,  LA: 0.79387
[Test AUPRC]  -  LA: 0.80277
[Test F1-max]  -  LA: 0.81818
Epoch: 22 | Loss: 3.421283690840937e-05  | Negative Loss: 0.0
[Test ROC-AUC]  -  SA: 0.00000,  LA: 0.79885
[Test AUPRC]  -  LA: 0.80477
[Test F1-max]  -  LA: 0.83465
Epoch: 23 | Loss: 2.396095442236401e-05  | Negative Loss: 0.0
[Test ROC-AUC]  -  SA: 0.00000,  LA: 0.80307
[Test AUPRC]  -  LA: 0.80694
[Test F1-max]  -  LA: 0.83721
Epoch: 24 | Loss: 1.7046870198100805e-05  | Negative Loss: 0.0
[Test ROC-AUC]  -  SA: 0.00000,  LA: 0.80421
[Test AUPRC]  -  LA: 0.80823
[Test F1-max]  -  LA: 0.83721
Epoch: 25 | Loss: 1.2516944480012171e-05  | Negative Loss: 0.0
[Test ROC-AUC]  -  SA: 0.00000,  LA: 0.80536
[Test AUPRC]  -  LA: 0.80868
[Test F1-max]  -  LA: 0.83721
Epoch: 26 | Loss: 9.536724974168465e-06  | Negative Loss: 0.0
[Test ROC-AUC]  -  SA: 0.00000,  LA: 0.80651
[Test AUPRC]  -  LA: 0.80928
[Test F1-max]  -  LA: 0.83721
Epoch: 27 | Loss: 6.794919954700163e-06  | Negative Loss: 0.0
[Test ROC-AUC]  -  SA: 0.00000,  LA: 0.80536
[Test AUPRC]  -  LA: 0.80751
[Test F1-max]  -  LA: 0.83721
Epoch: 28 | Loss: 5.245203283266164e-06  | Negative Loss: 0.0
[Test ROC-AUC]  -  SA: 0.00000,  LA: 0.80843
[Test AUPRC]  -  LA: 0.81012
[Test F1-max]  -  LA: 0.83969
Epoch: 29 | Loss: 4.053112206747755e-06  | Negative Loss: 0.0
[Test ROC-AUC]  -  SA: 0.00000,  LA: 0.80728
[Test AUPRC]  -  LA: 0.81034
[Test F1-max]  -  LA: 0.83721
Epoch: 30 | Loss: 3.457067123235902e-06  | Negative Loss: 0.0
[Test ROC-AUC]  -  SA: 0.00000,  LA: 0.81034
[Test AUPRC]  -  LA: 0.81605
[Test F1-max]  -  LA: 0.83969
Epoch: 31 | Loss: 2.741811840678565e-06  | Negative Loss: 0.0
[Test ROC-AUC]  -  SA: 0.00000,  LA: 0.81226
[Test AUPRC]  -  LA: 0.81829
[Test F1-max]  -  LA: 0.83969
Epoch: 32 | Loss: 2.3841844267735723e-06  | Negative Loss: 0.0
[Test ROC-AUC]  -  SA: 0.00000,  LA: 0.81341
[Test AUPRC]  -  LA: 0.81970
[Test F1-max]  -  LA: 0.83969
Epoch: 33 | Loss: 1.7881386611406924e-06  | Negative Loss: 0.0
[Test ROC-AUC]  -  SA: 0.00000,  LA: 0.81303
[Test AUPRC]  -  LA: 0.81713
[Test F1-max]  -  LA: 0.83969
Epoch: 34 | Loss: 1.4305110198620241e-06  | Negative Loss: 0.0
[Test ROC-AUC]  -  SA: 0.00000,  LA: 0.81418
[Test AUPRC]  -  LA: 0.81947
[Test F1-max]  -  LA: 0.83969
Epoch: 35 | Loss: 1.3113018439980806e-06  | Negative Loss: 0.0
[Test ROC-AUC]  -  SA: 0.00000,  LA: 0.81379
[Test AUPRC]  -  LA: 0.81952
[Test F1-max]  -  LA: 0.83969
Epoch: 36 | Loss: 1.192092668134137e-06  | Negative Loss: 0.0
[Test ROC-AUC]  -  SA: 0.00000,  LA: 0.81456
[Test AUPRC]  -  LA: 0.82017
[Test F1-max]  -  LA: 0.83969
Epoch: 37 | Loss: 9.536741458759934e-07  | Negative Loss: 0.0
[Test ROC-AUC]  -  SA: 0.00000,  LA: 0.81456
[Test AUPRC]  -  LA: 0.82097
[Test F1-max]  -  LA: 0.83969
Epoch: 38 | Loss: 9.536741458759934e-07  | Negative Loss: 0.0
[Test ROC-AUC]  -  SA: 0.00000,  LA: 0.81571
[Test AUPRC]  -  LA: 0.82171
[Test F1-max]  -  LA: 0.83465
Epoch: 39 | Loss: 9.536741458759934e-07  | Negative Loss: 0.0
[Test ROC-AUC]  -  SA: 0.00000,  LA: 0.81533
[Test AUPRC]  -  LA: 0.82313
[Test F1-max]  -  LA: 0.83465
Epoch: 40 | Loss: 5.960463340670685e-07  | Negative Loss: 0.0
[Test ROC-AUC]  -  SA: 0.00000,  LA: 0.81456
[Test AUPRC]  -  LA: 0.82284
[Test F1-max]  -  LA: 0.83465
Epoch: 41 | Loss: 4.7683710135970614e-07  | Negative Loss: 0.0
[Test ROC-AUC]  -  SA: 0.00000,  LA: 0.81418
[Test AUPRC]  -  LA: 0.82208
[Test F1-max]  -  LA: 0.83465
Epoch: 42 | Loss: 4.7683710135970614e-07  | Negative Loss: 0.0
[Test ROC-AUC]  -  SA: 0.00000,  LA: 0.81456
[Test AUPRC]  -  LA: 0.82312
[Test F1-max]  -  LA: 0.83465
Epoch: 43 | Loss: 4.7683710135970614e-07  | Negative Loss: 0.0
[Test ROC-AUC]  -  SA: 0.00000,  LA: 0.81418
[Test AUPRC]  -  LA: 0.82303
[Test F1-max]  -  LA: 0.83465
Epoch: 44 | Loss: 4.7683710135970614e-07  | Negative Loss: 0.0
[Test ROC-AUC]  -  SA: 0.00000,  LA: 0.81456
[Test AUPRC]  -  LA: 0.82325
[Test F1-max]  -  LA: 0.83465
Epoch: 45 | Loss: 4.7683710135970614e-07  | Negative Loss: 0.0
[Test ROC-AUC]  -  SA: 0.00000,  LA: 0.81456
[Test AUPRC]  -  LA: 0.82373
[Test F1-max]  -  LA: 0.83465
Epoch: 46 | Loss: 4.7683710135970614e-07  | Negative Loss: 0.0
[Test ROC-AUC]  -  SA: 0.00000,  LA: 0.81533
[Test AUPRC]  -  LA: 0.82412
[Test F1-max]  -  LA: 0.83465
Epoch: 47 | Loss: 4.7683710135970614e-07  | Negative Loss: 0.0
[Test ROC-AUC]  -  SA: 0.00000,  LA: 0.81494
[Test AUPRC]  -  LA: 0.82378
[Test F1-max]  -  LA: 0.83465
Epoch: 48 | Loss: 4.7683710135970614e-07  | Negative Loss: 0.0
[Test ROC-AUC]  -  SA: 0.00000,  LA: 0.81533
[Test AUPRC]  -  LA: 0.82431
[Test F1-max]  -  LA: 0.83465
Epoch: 49 | Loss: 3.576278402306343e-07  | Negative Loss: 0.0
[Test ROC-AUC]  -  SA: 0.00000,  LA: 0.81494
[Test AUPRC]  -  LA: 0.82402
[Test F1-max]  -  LA: 0.83465
Epoch: 50 | Loss: 3.576278402306343e-07  | Negative Loss: 0.0
[Test ROC-AUC]  -  SA: 0.00000,  LA: 0.81379
[Test AUPRC]  -  LA: 0.82242
[Test F1-max]  -  LA: 0.83200
Epoch: 51 | Loss: 3.576278402306343e-07  | Negative Loss: 0.0
[Test ROC-AUC]  -  SA: 0.00000,  LA: 0.81379
[Test AUPRC]  -  LA: 0.82242
[Test F1-max]  -  LA: 0.83200
Epoch: 52 | Loss: 3.576278402306343e-07  | Negative Loss: 0.0
[Test ROC-AUC]  -  SA: 0.00000,  LA: 0.81341
[Test AUPRC]  -  LA: 0.82150
[Test F1-max]  -  LA: 0.83200
Epoch: 53 | Loss: 3.576278402306343e-07  | Negative Loss: 0.0
[Test ROC-AUC]  -  SA: 0.00000,  LA: 0.81418
[Test AUPRC]  -  LA: 0.82225
[Test F1-max]  -  LA: 0.83200
Epoch: 54 | Loss: 3.576278402306343e-07  | Negative Loss: 0.0
[Test ROC-AUC]  -  SA: 0.00000,  LA: 0.81418
[Test AUPRC]  -  LA: 0.82225
[Test F1-max]  -  LA: 0.83200
Epoch: 55 | Loss: 3.576278402306343e-07  | Negative Loss: 0.0
[Test ROC-AUC]  -  SA: 0.00000,  LA: 0.81418
[Test AUPRC]  -  LA: 0.82225
[Test F1-max]  -  LA: 0.83200
Epoch: 56 | Loss: 3.576278402306343e-07  | Negative Loss: 0.0
[Test ROC-AUC]  -  SA: 0.00000,  LA: 0.81456
[Test AUPRC]  -  LA: 0.82286
[Test F1-max]  -  LA: 0.83200
Epoch: 57 | Loss: 3.576278402306343e-07  | Negative Loss: 0.0
[Test ROC-AUC]  -  SA: 0.00000,  LA: 0.81456
[Test AUPRC]  -  LA: 0.82286
[Test F1-max]  -  LA: 0.83200
Epoch: 58 | Loss: 3.576278402306343e-07  | Negative Loss: 0.0
[Test ROC-AUC]  -  SA: 0.00000,  LA: 0.81418
[Test AUPRC]  -  LA: 0.82285
[Test F1-max]  -  LA: 0.83200
Epoch: 59 | Loss: 3.576278402306343e-07  | Negative Loss: 0.0
[Test ROC-AUC]  -  SA: 0.00000,  LA: 0.81418
[Test AUPRC]  -  LA: 0.82285
[Test F1-max]  -  LA: 0.83200
Epoch: 60 | Loss: 3.576278402306343e-07  | Negative Loss: 0.0
[Test ROC-AUC]  -  SA: 0.00000,  LA: 0.81379
[Test AUPRC]  -  LA: 0.82269
[Test F1-max]  -  LA: 0.83200
Epoch: 61 | Loss: 3.576278402306343e-07  | Negative Loss: 0.0
[Test ROC-AUC]  -  SA: 0.00000,  LA: 0.81379
[Test AUPRC]  -  LA: 0.82269
[Test F1-max]  -  LA: 0.83200
Epoch: 62 | Loss: 3.576278402306343e-07  | Negative Loss: 0.0
[Test ROC-AUC]  -  SA: 0.00000,  LA: 0.81418
[Test AUPRC]  -  LA: 0.82313
[Test F1-max]  -  LA: 0.83200
Epoch: 63 | Loss: 2.3841856489070778e-07  | Negative Loss: 0.0
[Test ROC-AUC]  -  SA: 0.00000,  LA: 0.81456
[Test AUPRC]  -  LA: 0.82335
[Test F1-max]  -  LA: 0.83200
Epoch: 64 | Loss: 2.3841856489070778e-07  | Negative Loss: 0.0
[Test ROC-AUC]  -  SA: 0.00000,  LA: 0.81456
[Test AUPRC]  -  LA: 0.82335
[Test F1-max]  -  LA: 0.83200
Epoch: 65 | Loss: 2.3841856489070778e-07  | Negative Loss: 0.0
[Test ROC-AUC]  -  SA: 0.00000,  LA: 0.81494
[Test AUPRC]  -  LA: 0.82393
[Test F1-max]  -  LA: 0.83200
Epoch: 66 | Loss: 2.3841856489070778e-07  | Negative Loss: 0.0
[Test ROC-AUC]  -  SA: 0.00000,  LA: 0.81494
[Test AUPRC]  -  LA: 0.82393
[Test F1-max]  -  LA: 0.83200
Epoch: 67 | Loss: 2.3841856489070778e-07  | Negative Loss: 0.0
[Test ROC-AUC]  -  SA: 0.00000,  LA: 0.81456
[Test AUPRC]  -  LA: 0.82362
[Test F1-max]  -  LA: 0.83200
Epoch: 68 | Loss: 2.3841856489070778e-07  | Negative Loss: 0.0
[Test ROC-AUC]  -  SA: 0.00000,  LA: 0.81456
[Test AUPRC]  -  LA: 0.82362
[Test F1-max]  -  LA: 0.83200
Epoch: 69 | Loss: 2.3841856489070778e-07  | Negative Loss: 0.0
[Test ROC-AUC]  -  SA: 0.00000,  LA: 0.81456
[Test AUPRC]  -  LA: 0.82362
[Test F1-max]  -  LA: 0.83200
Epoch: 70 | Loss: 2.3841856489070778e-07  | Negative Loss: 0.0
[Test ROC-AUC]  -  SA: 0.00000,  LA: 0.81456
[Test AUPRC]  -  LA: 0.82362
[Test F1-max]  -  LA: 0.83200
Epoch: 71 | Loss: 2.3841856489070778e-07  | Negative Loss: 0.0
[Test ROC-AUC]  -  SA: 0.00000,  LA: 0.81456
[Test AUPRC]  -  LA: 0.82362
[Test F1-max]  -  LA: 0.83200
Epoch: 72 | Loss: 2.3841856489070778e-07  | Negative Loss: 0.0
[Test ROC-AUC]  -  SA: 0.00000,  LA: 0.81494
[Test AUPRC]  -  LA: 0.82389
[Test F1-max]  -  LA: 0.83200
Epoch: 73 | Loss: 2.3841856489070778e-07  | Negative Loss: 0.0
[Test ROC-AUC]  -  SA: 0.00000,  LA: 0.81494
[Test AUPRC]  -  LA: 0.82389
[Test F1-max]  -  LA: 0.83200
Epoch: 74 | Loss: 2.3841856489070778e-07  | Negative Loss: 0.0
[Test ROC-AUC]  -  SA: 0.00000,  LA: 0.81533
[Test AUPRC]  -  LA: 0.82432
[Test F1-max]  -  LA: 0.83200
Epoch: 75 | Loss: 1.1920928244535389e-07  | Negative Loss: 0.0
[Test ROC-AUC]  -  SA: 0.00000,  LA: 0.81533
[Test AUPRC]  -  LA: 0.82432
[Test F1-max]  -  LA: 0.83200
Epoch: 76 | Loss: 1.1920928244535389e-07  | Negative Loss: 0.0
[Test ROC-AUC]  -  SA: 0.00000,  LA: 0.81494
[Test AUPRC]  -  LA: 0.82416
[Test F1-max]  -  LA: 0.83200
Epoch: 77 | Loss: 1.1920928244535389e-07  | Negative Loss: 0.0
[Test ROC-AUC]  -  SA: 0.00000,  LA: 0.81494
[Test AUPRC]  -  LA: 0.82416
[Test F1-max]  -  LA: 0.83200
Epoch: 78 | Loss: 1.1920928244535389e-07  | Negative Loss: 0.0
[Test ROC-AUC]  -  SA: 0.00000,  LA: 0.81494
[Test AUPRC]  -  LA: 0.82416
[Test F1-max]  -  LA: 0.83200
Epoch: 79 | Loss: 1.1920928244535389e-07  | Negative Loss: 0.0
[Test ROC-AUC]  -  SA: 0.00000,  LA: 0.81494
[Test AUPRC]  -  LA: 0.82416
[Test F1-max]  -  LA: 0.83200
Epoch: 80 | Loss: 1.1920928244535389e-07  | Negative Loss: 0.0
[Test ROC-AUC]  -  SA: 0.00000,  LA: 0.81494
[Test AUPRC]  -  LA: 0.82416
[Test F1-max]  -  LA: 0.83200
Epoch: 81 | Loss: 1.1920928244535389e-07  | Negative Loss: 0.0
[Test ROC-AUC]  -  SA: 0.00000,  LA: 0.81494
[Test AUPRC]  -  LA: 0.82416
[Test F1-max]  -  LA: 0.83200
Epoch: 82 | Loss: 1.1920928244535389e-07  | Negative Loss: 0.0
[Test ROC-AUC]  -  SA: 0.00000,  LA: 0.81494
[Test AUPRC]  -  LA: 0.82416
[Test F1-max]  -  LA: 0.83200
Epoch: 83 | Loss: 1.1920928244535389e-07  | Negative Loss: 0.0
[Test ROC-AUC]  -  SA: 0.00000,  LA: 0.81494
[Test AUPRC]  -  LA: 0.82416
[Test F1-max]  -  LA: 0.83200
Epoch: 84 | Loss: 1.1920928244535389e-07  | Negative Loss: 0.0
[Test ROC-AUC]  -  SA: 0.00000,  LA: 0.81456
[Test AUPRC]  -  LA: 0.82389
[Test F1-max]  -  LA: 0.83200
Epoch: 85 | Loss: 1.1920928244535389e-07  | Negative Loss: 0.0
[Test ROC-AUC]  -  SA: 0.00000,  LA: 0.81456
[Test AUPRC]  -  LA: 0.82389
[Test F1-max]  -  LA: 0.83200
Epoch: 86 | Loss: 1.1920928244535389e-07  | Negative Loss: 0.0
[Test ROC-AUC]  -  SA: 0.00000,  LA: 0.81456
[Test AUPRC]  -  LA: 0.82389
[Test F1-max]  -  LA: 0.83200
Epoch: 87 | Loss: 1.1920928244535389e-07  | Negative Loss: 0.0
[Test ROC-AUC]  -  SA: 0.00000,  LA: 0.81456
[Test AUPRC]  -  LA: 0.82389
[Test F1-max]  -  LA: 0.83200
Epoch: 88 | Loss: 1.1920928244535389e-07  | Negative Loss: 0.0
[Test ROC-AUC]  -  SA: 0.00000,  LA: 0.81456
[Test AUPRC]  -  LA: 0.82389
[Test F1-max]  -  LA: 0.83200
Epoch: 89 | Loss: 1.1920928244535389e-07  | Negative Loss: 0.0
[Test ROC-AUC]  -  SA: 0.00000,  LA: 0.81456
[Test AUPRC]  -  LA: 0.82389
[Test F1-max]  -  LA: 0.83200
Epoch: 90 | Loss: 1.1920928244535389e-07  | Negative Loss: 0.0
[Test ROC-AUC]  -  SA: 0.00000,  LA: 0.81456
[Test AUPRC]  -  LA: 0.82389
[Test F1-max]  -  LA: 0.83200
Epoch: 91 | Loss: 1.1920928244535389e-07  | Negative Loss: 0.0
[Test ROC-AUC]  -  SA: 0.00000,  LA: 0.81456
[Test AUPRC]  -  LA: 0.82389
[Test F1-max]  -  LA: 0.83200
Epoch: 92 | Loss: 1.1920928244535389e-07  | Negative Loss: 0.0
[Test ROC-AUC]  -  SA: 0.00000,  LA: 0.81456
[Test AUPRC]  -  LA: 0.82389
[Test F1-max]  -  LA: 0.83200
Epoch: 93 | Loss: 1.1920928244535389e-07  | Negative Loss: 0.0
[Test ROC-AUC]  -  SA: 0.00000,  LA: 0.81456
[Test AUPRC]  -  LA: 0.82389
[Test F1-max]  -  LA: 0.83200
Epoch: 94 | Loss: 1.1920928244535389e-07  | Negative Loss: 0.0
[Test ROC-AUC]  -  SA: 0.00000,  LA: 0.81456
[Test AUPRC]  -  LA: 0.82389
[Test F1-max]  -  LA: 0.83200
Epoch: 95 | Loss: 1.1920928244535389e-07  | Negative Loss: 0.0
[Test ROC-AUC]  -  SA: 0.00000,  LA: 0.81456
[Test AUPRC]  -  LA: 0.82389
[Test F1-max]  -  LA: 0.83200
Epoch: 96 | Loss: 1.1920928244535389e-07  | Negative Loss: 0.0
[Test ROC-AUC]  -  SA: 0.00000,  LA: 0.81456
[Test AUPRC]  -  LA: 0.82389
[Test F1-max]  -  LA: 0.83200
Epoch: 97 | Loss: 1.1920928244535389e-07  | Negative Loss: 0.0
[Test ROC-AUC]  -  SA: 0.00000,  LA: 0.81456
[Test AUPRC]  -  LA: 0.82389
[Test F1-max]  -  LA: 0.83200
Epoch: 98 | Loss: 1.1920928244535389e-07  | Negative Loss: 0.0
[Test ROC-AUC]  -  SA: 0.00000,  LA: 0.81456
[Test AUPRC]  -  LA: 0.82389
[Test F1-max]  -  LA: 0.83200
Epoch: 99 | Loss: 1.1920928244535389e-07  | Negative Loss: 0.0
Time consumption: 100.50042819976807
Best LA AUC: 0.8157088122605365
Best LA AUPC: 0.8243226381608777
Best LA F1-max: 0.8396946564885496
[Result] Experiment result appended to ./results/train_hybrid_result.csv

[END] 2026-03-29 10:52:37
[RETURN CODE] 0
