[START] 2026-03-29 11:51:34
[GPU] 0
[TASK] 97/150
[NAME] pcb2_winclip
[REPEAT] 2/5
[COMMAND] python train_hybrid.py --data_name pcb2 --mask True --text True --double_encoder True --few_shot True --shot 1 --hybrid_model winclip --hybrid_weight 0.3 --hybrid_batch_size 16 --epoch 100 --log True --lr 5e-4 --detection True --preprocess True

/home/seungeon/miniconda3/envs/LAB/lib/python3.10/site-packages/timm/models/layers/__init__.py:48: FutureWarning: Importing from timm.models.layers is deprecated, please import via timm.layers
  warnings.warn(f"Importing from {__name__} is deprecated, please import via timm.layers", FutureWarning)
/home/seungeon/Workspace/side/vlm/train_hybrid.py:18: DeprecationWarning: The distutils package is deprecated and slated for removal in Python 3.12. Use setuptools or check PEP 632 for potential alternatives
  from distutils.util import strtobool
Torch version: 2.9.1+cu128
cuda is loaded for process
here?
In my local computer
Namespace(epoch=100, gpu_number='0', data_name='pcb2', lr=0.0005, batch_size=6, shuffle=True, seed=0, tag='default', model_name='ViT-B-32', pretrained_name='laion2b_s34b_b79k', lora=1, default=False, foundation='CLIP', detection=1, preprocess=1, num_rule=0, object_names=['a photo of PCB'], objects_for_rules=[['a photo of PCB'], ['a photo of PCB'], ['a photo of PCB'], ['a photo of PCB']], texts_for_rules=[['a photo of PCB'], ['a photo of PCB'], ['a photo of PCB'], ['a photo of PCB']], mask=1, text=1, score='mean', ciriculam_learning=False, few_shot=1, shot=1, log=1, neg_loss=0, double_encoder=1, pretrained_count_path=None, ris=0, rule_select='', rule_list=[], num_negative=5, hybrid_model='winclip', hybrid_weight=0.3, hybrid_class_name='', hybrid_batch_size=16, hybrid_backbone='ViT-B-16-plus-240', hybrid_pretrained_dataset='laion400m_e32', hybrid_scales=[2, 3], hybrid_img_resize=240, hybrid_img_cropsize=240, hybrid_resolution=400, hybrid_promptad_epoch=100, hybrid_promptad_lr=0.002, hybrid_promptad_momentum=0.9, hybrid_promptad_weight_decay=0.0005, hybrid_promptad_eta_min=1e-05, hybrid_promptad_lambda1=0.001, hybrid_promptad_n_ctx=4, hybrid_promptad_n_pro=3, hybrid_promptad_n_ctx_ab=1, hybrid_promptad_n_pro_ab=4, early_stop_k=10, result_log_path='./results/train_hybrid_result.csv')
[Hybrid] method=winclip, class_name=pcb2, train=1, eval=200, base_path=/data3/seungeon/data/image/visa/pcb2
grid 240 16 (15, 15)
[Hybrid-only] LA_AUC=0.62780, LA_AUPRC=0.62288, LA_F1=0.69930
[Data Description]
- Train: 1
- Test: 200

Train Start
[Test ROC-AUC]  -  SA: 0.00000,  LA: 0.50240
[Test AUPRC]  -  LA: 0.50265
[Test F1-max]  -  LA: 0.67133
Epoch: 0 | Loss: 12.2332763671875  | Negative Loss: 0.0
[Test ROC-AUC]  -  SA: 0.00000,  LA: 0.50020
[Test AUPRC]  -  LA: 0.50073
[Test F1-max]  -  LA: 0.67133
Epoch: 1 | Loss: 12.03171443939209  | Negative Loss: 0.0
[Test ROC-AUC]  -  SA: 0.00000,  LA: 0.51410
[Test AUPRC]  -  LA: 0.51609
[Test F1-max]  -  LA: 0.66901
Epoch: 2 | Loss: 9.15008544921875  | Negative Loss: 0.0
[Test ROC-AUC]  -  SA: 0.00000,  LA: 0.53540
[Test AUPRC]  -  LA: 0.55368
[Test F1-max]  -  LA: 0.67114
Epoch: 3 | Loss: 5.070549964904785  | Negative Loss: 0.0
[Test ROC-AUC]  -  SA: 0.00000,  LA: 0.54710
[Test AUPRC]  -  LA: 0.57625
[Test F1-max]  -  LA: 0.67797
Epoch: 4 | Loss: 1.6494722366333008  | Negative Loss: 0.0
[Test ROC-AUC]  -  SA: 0.00000,  LA: 0.55490
[Test AUPRC]  -  LA: 0.57642
[Test F1-max]  -  LA: 0.67797
Epoch: 5 | Loss: 0.3298865258693695  | Negative Loss: 0.0
[Test ROC-AUC]  -  SA: 0.00000,  LA: 0.56660
[Test AUPRC]  -  LA: 0.59310
[Test F1-max]  -  LA: 0.67797
Epoch: 6 | Loss: 0.07752545922994614  | Negative Loss: 0.0
[Test ROC-AUC]  -  SA: 0.00000,  LA: 0.57920
[Test AUPRC]  -  LA: 0.61458
[Test F1-max]  -  LA: 0.67797
Epoch: 7 | Loss: 0.025684483349323273  | Negative Loss: 0.0
[Test ROC-AUC]  -  SA: 0.00000,  LA: 0.58950
[Test AUPRC]  -  LA: 0.62747
[Test F1-max]  -  LA: 0.67797
Epoch: 8 | Loss: 0.010471061803400517  | Negative Loss: 0.0
[Test ROC-AUC]  -  SA: 0.00000,  LA: 0.59980
[Test AUPRC]  -  LA: 0.64148
[Test F1-max]  -  LA: 0.67797
Epoch: 9 | Loss: 0.004997890908271074  | Negative Loss: 0.0
[Test ROC-AUC]  -  SA: 0.00000,  LA: 0.60880
[Test AUPRC]  -  LA: 0.64953
[Test F1-max]  -  LA: 0.67797
Epoch: 10 | Loss: 0.002587278140708804  | Negative Loss: 0.0
[Test ROC-AUC]  -  SA: 0.00000,  LA: 0.61230
[Test AUPRC]  -  LA: 0.64806
[Test F1-max]  -  LA: 0.67832
Epoch: 11 | Loss: 0.0014389086281880736  | Negative Loss: 0.0
[Test ROC-AUC]  -  SA: 0.00000,  LA: 0.61990
[Test AUPRC]  -  LA: 0.65248
[Test F1-max]  -  LA: 0.67820
Epoch: 12 | Loss: 0.0008437567739747465  | Negative Loss: 0.0
[Test ROC-AUC]  -  SA: 0.00000,  LA: 0.62200
[Test AUPRC]  -  LA: 0.65013
[Test F1-max]  -  LA: 0.67820
Epoch: 13 | Loss: 0.0005129815544933081  | Negative Loss: 0.0
[Test ROC-AUC]  -  SA: 0.00000,  LA: 0.62480
[Test AUPRC]  -  LA: 0.64794
[Test F1-max]  -  LA: 0.68310
Epoch: 14 | Loss: 0.0003234947216697037  | Negative Loss: 0.0
[Test ROC-AUC]  -  SA: 0.00000,  LA: 0.62780
[Test AUPRC]  -  LA: 0.64727
[Test F1-max]  -  LA: 0.68551
Epoch: 15 | Loss: 0.00021110240777488798  | Negative Loss: 0.0
[Test ROC-AUC]  -  SA: 0.00000,  LA: 0.63180
[Test AUPRC]  -  LA: 0.64604
[Test F1-max]  -  LA: 0.68794
Epoch: 16 | Loss: 0.00014220869343262166  | Negative Loss: 0.0
[Test ROC-AUC]  -  SA: 0.00000,  LA: 0.63360
[Test AUPRC]  -  LA: 0.64338
[Test F1-max]  -  LA: 0.69039
Epoch: 17 | Loss: 9.774779755389318e-05  | Negative Loss: 0.0
[Test ROC-AUC]  -  SA: 0.00000,  LA: 0.63720
[Test AUPRC]  -  LA: 0.64356
[Test F1-max]  -  LA: 0.69039
Epoch: 18 | Loss: 6.818582187406719e-05  | Negative Loss: 0.0
[Test ROC-AUC]  -  SA: 0.00000,  LA: 0.63760
[Test AUPRC]  -  LA: 0.64303
[Test F1-max]  -  LA: 0.68772
Epoch: 19 | Loss: 4.851721314480528e-05  | Negative Loss: 0.0
[Test ROC-AUC]  -  SA: 0.00000,  LA: 0.63600
[Test AUPRC]  -  LA: 0.64039
[Test F1-max]  -  LA: 0.69258
Epoch: 20 | Loss: 3.5047021810896695e-05  | Negative Loss: 0.0
[Test ROC-AUC]  -  SA: 0.00000,  LA: 0.63550
[Test AUPRC]  -  LA: 0.63977
[Test F1-max]  -  LA: 0.69258
Epoch: 21 | Loss: 2.5748926418600604e-05  | Negative Loss: 0.0
[Test ROC-AUC]  -  SA: 0.00000,  LA: 0.63650
[Test AUPRC]  -  LA: 0.63989
[Test F1-max]  -  LA: 0.69258
Epoch: 22 | Loss: 1.9192537365597673e-05  | Negative Loss: 0.0
[Test ROC-AUC]  -  SA: 0.00000,  LA: 0.63750
[Test AUPRC]  -  LA: 0.64046
[Test F1-max]  -  LA: 0.69258
Epoch: 23 | Loss: 1.4543442375725135e-05  | Negative Loss: 0.0
[Test ROC-AUC]  -  SA: 0.00000,  LA: 0.63750
[Test AUPRC]  -  LA: 0.63987
[Test F1-max]  -  LA: 0.69258
Epoch: 24 | Loss: 1.1324828847136814e-05  | Negative Loss: 0.0
[Test ROC-AUC]  -  SA: 0.00000,  LA: 0.63790
[Test AUPRC]  -  LA: 0.63931
[Test F1-max]  -  LA: 0.69258
Epoch: 25 | Loss: 8.702245395397767e-06  | Negative Loss: 0.0
[Test ROC-AUC]  -  SA: 0.00000,  LA: 0.63590
[Test AUPRC]  -  LA: 0.63798
[Test F1-max]  -  LA: 0.69039
Epoch: 26 | Loss: 7.033327165117953e-06  | Negative Loss: 0.0
[Test ROC-AUC]  -  SA: 0.00000,  LA: 0.63570
[Test AUPRC]  -  LA: 0.63791
[Test F1-max]  -  LA: 0.69039
Epoch: 27 | Loss: 5.483614131662762e-06  | Negative Loss: 0.0
[Test ROC-AUC]  -  SA: 0.00000,  LA: 0.63500
[Test AUPRC]  -  LA: 0.63772
[Test F1-max]  -  LA: 0.69065
Epoch: 28 | Loss: 4.529944362730021e-06  | Negative Loss: 0.0
[Test ROC-AUC]  -  SA: 0.00000,  LA: 0.63510
[Test AUPRC]  -  LA: 0.63649
[Test F1-max]  -  LA: 0.69065
Epoch: 29 | Loss: 3.6954820643586572e-06  | Negative Loss: 0.0
[Test ROC-AUC]  -  SA: 0.00000,  LA: 0.63620
[Test AUPRC]  -  LA: 0.63728
[Test F1-max]  -  LA: 0.69065
Epoch: 30 | Loss: 3.0994374355941545e-06  | Negative Loss: 0.0
[Test ROC-AUC]  -  SA: 0.00000,  LA: 0.63590
[Test AUPRC]  -  LA: 0.63724
[Test F1-max]  -  LA: 0.69014
Epoch: 31 | Loss: 2.7418104764365125e-06  | Negative Loss: 0.0
[Test ROC-AUC]  -  SA: 0.00000,  LA: 0.63610
[Test AUPRC]  -  LA: 0.63727
[Test F1-max]  -  LA: 0.69014
Epoch: 32 | Loss: 2.2649742277280893e-06  | Negative Loss: 0.0
[Test ROC-AUC]  -  SA: 0.00000,  LA: 0.63540
[Test AUPRC]  -  LA: 0.63637
[Test F1-max]  -  LA: 0.69204
Epoch: 33 | Loss: 1.7881377516459906e-06  | Negative Loss: 0.0
[Test ROC-AUC]  -  SA: 0.00000,  LA: 0.63550
[Test AUPRC]  -  LA: 0.63659
[Test F1-max]  -  LA: 0.69204
Epoch: 34 | Loss: 1.5497195136049413e-06  | Negative Loss: 0.0
[Test ROC-AUC]  -  SA: 0.00000,  LA: 0.63550
[Test AUPRC]  -  LA: 0.63669
[Test F1-max]  -  LA: 0.69204
Epoch: 35 | Loss: 1.4305104514278355e-06  | Negative Loss: 0.0
[Test ROC-AUC]  -  SA: 0.00000,  LA: 0.63460
[Test AUPRC]  -  LA: 0.63564
[Test F1-max]  -  LA: 0.69204
Epoch: 36 | Loss: 1.1920922133867862e-06  | Negative Loss: 0.0
[Test ROC-AUC]  -  SA: 0.00000,  LA: 0.63415
[Test AUPRC]  -  LA: 0.63545
[Test F1-max]  -  LA: 0.69204
Epoch: 37 | Loss: 1.0728830375228426e-06  | Negative Loss: 0.0
[Test ROC-AUC]  -  SA: 0.00000,  LA: 0.63380
[Test AUPRC]  -  LA: 0.63511
[Test F1-max]  -  LA: 0.69204
Epoch: 38 | Loss: 9.536738616588991e-07  | Negative Loss: 0.0
[Test ROC-AUC]  -  SA: 0.00000,  LA: 0.63370
[Test AUPRC]  -  LA: 0.63498
[Test F1-max]  -  LA: 0.69204
Epoch: 39 | Loss: 9.536738616588991e-07  | Negative Loss: 0.0
[Test ROC-AUC]  -  SA: 0.00000,  LA: 0.63350
[Test AUPRC]  -  LA: 0.63481
[Test F1-max]  -  LA: 0.69204
Epoch: 40 | Loss: 8.344646857949556e-07  | Negative Loss: 0.0
[Test ROC-AUC]  -  SA: 0.00000,  LA: 0.63345
[Test AUPRC]  -  LA: 0.63472
[Test F1-max]  -  LA: 0.69204
Epoch: 41 | Loss: 7.152555099310121e-07  | Negative Loss: 0.0
[Test ROC-AUC]  -  SA: 0.00000,  LA: 0.63370
[Test AUPRC]  -  LA: 0.63508
[Test F1-max]  -  LA: 0.69204
Epoch: 42 | Loss: 7.152555099310121e-07  | Negative Loss: 0.0
[Test ROC-AUC]  -  SA: 0.00000,  LA: 0.63430
[Test AUPRC]  -  LA: 0.63557
[Test F1-max]  -  LA: 0.69204
Epoch: 43 | Loss: 7.152555099310121e-07  | Negative Loss: 0.0
[Test ROC-AUC]  -  SA: 0.00000,  LA: 0.63450
[Test AUPRC]  -  LA: 0.63561
[Test F1-max]  -  LA: 0.69204
Epoch: 44 | Loss: 5.960462772236497e-07  | Negative Loss: 0.0
[Test ROC-AUC]  -  SA: 0.00000,  LA: 0.63490
[Test AUPRC]  -  LA: 0.63590
[Test F1-max]  -  LA: 0.69204
Epoch: 45 | Loss: 5.960462772236497e-07  | Negative Loss: 0.0
[Test ROC-AUC]  -  SA: 0.00000,  LA: 0.63470
[Test AUPRC]  -  LA: 0.63545
[Test F1-max]  -  LA: 0.69204
Epoch: 46 | Loss: 5.960462772236497e-07  | Negative Loss: 0.0
[Test ROC-AUC]  -  SA: 0.00000,  LA: 0.63480
[Test AUPRC]  -  LA: 0.63546
[Test F1-max]  -  LA: 0.69204
Epoch: 47 | Loss: 4.768370445162873e-07  | Negative Loss: 0.0
[Test ROC-AUC]  -  SA: 0.00000,  LA: 0.63480
[Test AUPRC]  -  LA: 0.63523
[Test F1-max]  -  LA: 0.69444
Epoch: 48 | Loss: 4.768370445162873e-07  | Negative Loss: 0.0
[Test ROC-AUC]  -  SA: 0.00000,  LA: 0.63480
[Test AUPRC]  -  LA: 0.63529
[Test F1-max]  -  LA: 0.69444
Epoch: 49 | Loss: 4.768370445162873e-07  | Negative Loss: 0.0
[Test ROC-AUC]  -  SA: 0.00000,  LA: 0.63450
[Test AUPRC]  -  LA: 0.63494
[Test F1-max]  -  LA: 0.69444
Epoch: 50 | Loss: 4.768370445162873e-07  | Negative Loss: 0.0
[Test ROC-AUC]  -  SA: 0.00000,  LA: 0.63430
[Test AUPRC]  -  LA: 0.63481
[Test F1-max]  -  LA: 0.69444
Epoch: 51 | Loss: 4.768370445162873e-07  | Negative Loss: 0.0
[Test ROC-AUC]  -  SA: 0.00000,  LA: 0.63415
[Test AUPRC]  -  LA: 0.63474
[Test F1-max]  -  LA: 0.69444
Epoch: 52 | Loss: 3.576278118089249e-07  | Negative Loss: 0.0
[Test ROC-AUC]  -  SA: 0.00000,  LA: 0.63420
[Test AUPRC]  -  LA: 0.63476
[Test F1-max]  -  LA: 0.69444
Epoch: 53 | Loss: 3.576278118089249e-07  | Negative Loss: 0.0
[Test ROC-AUC]  -  SA: 0.00000,  LA: 0.63410
[Test AUPRC]  -  LA: 0.63465
[Test F1-max]  -  LA: 0.69444
Epoch: 54 | Loss: 3.576278118089249e-07  | Negative Loss: 0.0
[Test ROC-AUC]  -  SA: 0.00000,  LA: 0.63420
[Test AUPRC]  -  LA: 0.63470
[Test F1-max]  -  LA: 0.69444
Epoch: 55 | Loss: 3.576278118089249e-07  | Negative Loss: 0.0
[Test ROC-AUC]  -  SA: 0.00000,  LA: 0.63410
[Test AUPRC]  -  LA: 0.63465
[Test F1-max]  -  LA: 0.69444
Epoch: 56 | Loss: 3.576278118089249e-07  | Negative Loss: 0.0
[Test ROC-AUC]  -  SA: 0.00000,  LA: 0.63400
[Test AUPRC]  -  LA: 0.63460
[Test F1-max]  -  LA: 0.69444
Epoch: 57 | Loss: 3.576278118089249e-07  | Negative Loss: 0.0
[Test ROC-AUC]  -  SA: 0.00000,  LA: 0.63365
[Test AUPRC]  -  LA: 0.63435
[Test F1-max]  -  LA: 0.69444
Epoch: 58 | Loss: 3.576278118089249e-07  | Negative Loss: 0.0
[Test ROC-AUC]  -  SA: 0.00000,  LA: 0.63340
[Test AUPRC]  -  LA: 0.63425
[Test F1-max]  -  LA: 0.69686
Epoch: 59 | Loss: 3.576278118089249e-07  | Negative Loss: 0.0
[Test ROC-AUC]  -  SA: 0.00000,  LA: 0.63340
[Test AUPRC]  -  LA: 0.63425
[Test F1-max]  -  LA: 0.69686
Epoch: 60 | Loss: 3.576278118089249e-07  | Negative Loss: 0.0
[Test ROC-AUC]  -  SA: 0.00000,  LA: 0.63340
[Test AUPRC]  -  LA: 0.63425
[Test F1-max]  -  LA: 0.69686
Epoch: 61 | Loss: 3.576278118089249e-07  | Negative Loss: 0.0
[Test ROC-AUC]  -  SA: 0.00000,  LA: 0.63330
[Test AUPRC]  -  LA: 0.63420
[Test F1-max]  -  LA: 0.69686
Epoch: 62 | Loss: 3.576278118089249e-07  | Negative Loss: 0.0
[Test ROC-AUC]  -  SA: 0.00000,  LA: 0.63330
[Test AUPRC]  -  LA: 0.63420
[Test F1-max]  -  LA: 0.69686
Epoch: 63 | Loss: 3.576278118089249e-07  | Negative Loss: 0.0
[Test ROC-AUC]  -  SA: 0.00000,  LA: 0.63320
[Test AUPRC]  -  LA: 0.63410
[Test F1-max]  -  LA: 0.69686
Epoch: 64 | Loss: 3.576278118089249e-07  | Negative Loss: 0.0
[Test ROC-AUC]  -  SA: 0.00000,  LA: 0.63320
[Test AUPRC]  -  LA: 0.63410
[Test F1-max]  -  LA: 0.69686
Epoch: 65 | Loss: 3.576278118089249e-07  | Negative Loss: 0.0
[Test ROC-AUC]  -  SA: 0.00000,  LA: 0.63320
[Test AUPRC]  -  LA: 0.63410
[Test F1-max]  -  LA: 0.69686
Epoch: 66 | Loss: 2.3841855067985307e-07  | Negative Loss: 0.0
[Test ROC-AUC]  -  SA: 0.00000,  LA: 0.63320
[Test AUPRC]  -  LA: 0.63410
[Test F1-max]  -  LA: 0.69686
Epoch: 67 | Loss: 2.3841855067985307e-07  | Negative Loss: 0.0
[Test ROC-AUC]  -  SA: 0.00000,  LA: 0.63305
[Test AUPRC]  -  LA: 0.63399
[Test F1-max]  -  LA: 0.69686
Epoch: 68 | Loss: 2.3841855067985307e-07  | Negative Loss: 0.0
[Test ROC-AUC]  -  SA: 0.00000,  LA: 0.63300
[Test AUPRC]  -  LA: 0.63395
[Test F1-max]  -  LA: 0.69686
Epoch: 69 | Loss: 2.3841855067985307e-07  | Negative Loss: 0.0
[Test ROC-AUC]  -  SA: 0.00000,  LA: 0.63300
[Test AUPRC]  -  LA: 0.63395
[Test F1-max]  -  LA: 0.69686
Epoch: 70 | Loss: 2.3841855067985307e-07  | Negative Loss: 0.0
[Test ROC-AUC]  -  SA: 0.00000,  LA: 0.63300
[Test AUPRC]  -  LA: 0.63395
[Test F1-max]  -  LA: 0.69686
Epoch: 71 | Loss: 2.3841855067985307e-07  | Negative Loss: 0.0
[Test ROC-AUC]  -  SA: 0.00000,  LA: 0.63290
[Test AUPRC]  -  LA: 0.63392
[Test F1-max]  -  LA: 0.69686
Epoch: 72 | Loss: 2.3841855067985307e-07  | Negative Loss: 0.0
[Test ROC-AUC]  -  SA: 0.00000,  LA: 0.63270
[Test AUPRC]  -  LA: 0.63379
[Test F1-max]  -  LA: 0.69686
Epoch: 73 | Loss: 2.3841855067985307e-07  | Negative Loss: 0.0
[Test ROC-AUC]  -  SA: 0.00000,  LA: 0.63250
[Test AUPRC]  -  LA: 0.63366
[Test F1-max]  -  LA: 0.69686
Epoch: 74 | Loss: 2.3841855067985307e-07  | Negative Loss: 0.0
[Test ROC-AUC]  -  SA: 0.00000,  LA: 0.63250
[Test AUPRC]  -  LA: 0.63366
[Test F1-max]  -  LA: 0.69686
Epoch: 75 | Loss: 2.3841855067985307e-07  | Negative Loss: 0.0
[Test ROC-AUC]  -  SA: 0.00000,  LA: 0.63250
[Test AUPRC]  -  LA: 0.63366
[Test F1-max]  -  LA: 0.69686
Epoch: 76 | Loss: 2.3841855067985307e-07  | Negative Loss: 0.0
[Test ROC-AUC]  -  SA: 0.00000,  LA: 0.63250
[Test AUPRC]  -  LA: 0.63366
[Test F1-max]  -  LA: 0.69686
Epoch: 77 | Loss: 2.3841855067985307e-07  | Negative Loss: 0.0
[Test ROC-AUC]  -  SA: 0.00000,  LA: 0.63250
[Test AUPRC]  -  LA: 0.63366
[Test F1-max]  -  LA: 0.69686
Epoch: 78 | Loss: 2.3841855067985307e-07  | Negative Loss: 0.0
[Test ROC-AUC]  -  SA: 0.00000,  LA: 0.63245
[Test AUPRC]  -  LA: 0.63363
[Test F1-max]  -  LA: 0.69686
Epoch: 79 | Loss: 2.3841855067985307e-07  | Negative Loss: 0.0
[Test ROC-AUC]  -  SA: 0.00000,  LA: 0.63250
[Test AUPRC]  -  LA: 0.63366
[Test F1-max]  -  LA: 0.69686
Epoch: 80 | Loss: 2.3841855067985307e-07  | Negative Loss: 0.0
[Test ROC-AUC]  -  SA: 0.00000,  LA: 0.63245
[Test AUPRC]  -  LA: 0.63363
[Test F1-max]  -  LA: 0.69686
Epoch: 81 | Loss: 2.3841855067985307e-07  | Negative Loss: 0.0
[Test ROC-AUC]  -  SA: 0.00000,  LA: 0.63245
[Test AUPRC]  -  LA: 0.63363
[Test F1-max]  -  LA: 0.69686
Epoch: 82 | Loss: 2.3841855067985307e-07  | Negative Loss: 0.0
[Test ROC-AUC]  -  SA: 0.00000,  LA: 0.63245
[Test AUPRC]  -  LA: 0.63363
[Test F1-max]  -  LA: 0.69686
Epoch: 83 | Loss: 2.3841855067985307e-07  | Negative Loss: 0.0
[Test ROC-AUC]  -  SA: 0.00000,  LA: 0.63245
[Test AUPRC]  -  LA: 0.63363
[Test F1-max]  -  LA: 0.69686
Epoch: 84 | Loss: 2.3841855067985307e-07  | Negative Loss: 0.0
[Test ROC-AUC]  -  SA: 0.00000,  LA: 0.63250
[Test AUPRC]  -  LA: 0.63366
[Test F1-max]  -  LA: 0.69686
Epoch: 85 | Loss: 2.3841855067985307e-07  | Negative Loss: 0.0
[Test ROC-AUC]  -  SA: 0.00000,  LA: 0.63240
[Test AUPRC]  -  LA: 0.63363
[Test F1-max]  -  LA: 0.69686
Epoch: 86 | Loss: 2.3841855067985307e-07  | Negative Loss: 0.0
[Test ROC-AUC]  -  SA: 0.00000,  LA: 0.63240
[Test AUPRC]  -  LA: 0.63363
[Test F1-max]  -  LA: 0.69686
Epoch: 87 | Loss: 2.3841855067985307e-07  | Negative Loss: 0.0
[Test ROC-AUC]  -  SA: 0.00000,  LA: 0.63240
[Test AUPRC]  -  LA: 0.63363
[Test F1-max]  -  LA: 0.69686
Epoch: 88 | Loss: 2.3841855067985307e-07  | Negative Loss: 0.0
[Test ROC-AUC]  -  SA: 0.00000,  LA: 0.63230
[Test AUPRC]  -  LA: 0.63359
[Test F1-max]  -  LA: 0.69686
Epoch: 89 | Loss: 2.3841855067985307e-07  | Negative Loss: 0.0
[Test ROC-AUC]  -  SA: 0.00000,  LA: 0.63235
[Test AUPRC]  -  LA: 0.63361
[Test F1-max]  -  LA: 0.69686
Epoch: 90 | Loss: 2.3841855067985307e-07  | Negative Loss: 0.0
[Test ROC-AUC]  -  SA: 0.00000,  LA: 0.63230
[Test AUPRC]  -  LA: 0.63356
[Test F1-max]  -  LA: 0.69686
Epoch: 91 | Loss: 2.3841855067985307e-07  | Negative Loss: 0.0
[Test ROC-AUC]  -  SA: 0.00000,  LA: 0.63230
[Test AUPRC]  -  LA: 0.63356
[Test F1-max]  -  LA: 0.69686
Epoch: 92 | Loss: 2.3841855067985307e-07  | Negative Loss: 0.0
[Test ROC-AUC]  -  SA: 0.00000,  LA: 0.63220
[Test AUPRC]  -  LA: 0.63352
[Test F1-max]  -  LA: 0.69686
Epoch: 93 | Loss: 2.3841855067985307e-07  | Negative Loss: 0.0
[Test ROC-AUC]  -  SA: 0.00000,  LA: 0.63220
[Test AUPRC]  -  LA: 0.63352
[Test F1-max]  -  LA: 0.69686
Epoch: 94 | Loss: 2.3841855067985307e-07  | Negative Loss: 0.0
[Test ROC-AUC]  -  SA: 0.00000,  LA: 0.63220
[Test AUPRC]  -  LA: 0.63352
[Test F1-max]  -  LA: 0.69686
Epoch: 95 | Loss: 2.3841855067985307e-07  | Negative Loss: 0.0
[Test ROC-AUC]  -  SA: 0.00000,  LA: 0.63220
[Test AUPRC]  -  LA: 0.63352
[Test F1-max]  -  LA: 0.69686
Epoch: 96 | Loss: 2.3841855067985307e-07  | Negative Loss: 0.0
[Test ROC-AUC]  -  SA: 0.00000,  LA: 0.63220
[Test AUPRC]  -  LA: 0.63352
[Test F1-max]  -  LA: 0.69686
Epoch: 97 | Loss: 2.3841855067985307e-07  | Negative Loss: 0.0
[Test ROC-AUC]  -  SA: 0.00000,  LA: 0.63220
[Test AUPRC]  -  LA: 0.63352
[Test F1-max]  -  LA: 0.69686
Epoch: 98 | Loss: 2.3841855067985307e-07  | Negative Loss: 0.0
[Test ROC-AUC]  -  SA: 0.00000,  LA: 0.63210
[Test AUPRC]  -  LA: 0.63338
[Test F1-max]  -  LA: 0.69686
Epoch: 99 | Loss: 2.3841855067985307e-07  | Negative Loss: 0.0
Time consumption: 130.97996950149536
Best LA AUC: 0.6378999999999999
Best LA AUPC: 0.6524816201397097
Best LA F1-max: 0.6968641114982579
[Result] Experiment result appended to ./results/train_hybrid_result.csv

[END] 2026-03-29 11:57:46
[RETURN CODE] 0
