[START] 2026-03-29 11:27:38
[GPU] 0
[TASK] 72/150
[NAME] pcb1_promptad
[REPEAT] 2/5
[COMMAND] python train_hybrid.py --data_name pcb1 --mask True --text True --double_encoder True --few_shot True --shot 1 --hybrid_model promptad --hybrid_weight 0.3 --hybrid_batch_size 16 --epoch 100 --log True --lr 5e-4 --detection True --preprocess True

/home/seungeon/miniconda3/envs/LAB/lib/python3.10/site-packages/timm/models/layers/__init__.py:48: FutureWarning: Importing from timm.models.layers is deprecated, please import via timm.layers
  warnings.warn(f"Importing from {__name__} is deprecated, please import via timm.layers", FutureWarning)
/home/seungeon/Workspace/side/vlm/train_hybrid.py:18: DeprecationWarning: The distutils package is deprecated and slated for removal in Python 3.12. Use setuptools or check PEP 632 for potential alternatives
  from distutils.util import strtobool
Torch version: 2.9.1+cu128
cuda is loaded for process
here?
In my local computer
Namespace(epoch=100, gpu_number='0', data_name='pcb1', lr=0.0005, batch_size=6, shuffle=True, seed=0, tag='default', model_name='ViT-B-32', pretrained_name='laion2b_s34b_b79k', lora=1, default=False, foundation='CLIP', detection=1, preprocess=1, num_rule=0, object_names=['a photo of PCB'], objects_for_rules=[['a photo of PCB'], ['a photo of PCB'], ['a photo of PCB'], ['a photo of PCB']], texts_for_rules=[['a photo of PCB'], ['a photo of PCB'], ['a photo of PCB'], ['a photo of PCB']], mask=1, text=1, score='mean', ciriculam_learning=False, few_shot=1, shot=1, log=1, neg_loss=0, double_encoder=1, pretrained_count_path=None, ris=0, rule_select='', rule_list=[], num_negative=5, hybrid_model='promptad', hybrid_weight=0.3, hybrid_class_name='', hybrid_batch_size=16, hybrid_backbone='ViT-B-16-plus-240', hybrid_pretrained_dataset='laion400m_e32', hybrid_scales=[2, 3], hybrid_img_resize=240, hybrid_img_cropsize=240, hybrid_resolution=400, hybrid_promptad_epoch=100, hybrid_promptad_lr=0.002, hybrid_promptad_momentum=0.9, hybrid_promptad_weight_decay=0.0005, hybrid_promptad_eta_min=1e-05, hybrid_promptad_lambda1=0.001, hybrid_promptad_n_ctx=4, hybrid_promptad_n_pro=3, hybrid_promptad_n_ctx_ab=1, hybrid_promptad_n_pro_ab=4, early_stop_k=10, result_log_path='./results/train_hybrid_result.csv')
[Hybrid] method=promptad, class_name=pcb1, train=1, eval=200, base_path=/data3/seungeon/data/image/visa/pcb1
[Hybrid-only] LA_AUC=0.82610, LA_AUPRC=0.82485, LA_F1=0.76415
[Data Description]
- Train: 1
- Test: 200

Train Start
[Test ROC-AUC]  -  SA: 0.00000,  LA: 0.44710
[Test AUPRC]  -  LA: 0.44941
[Test F1-max]  -  LA: 0.66667
Epoch: 0 | Loss: 5.648336887359619  | Negative Loss: 0.0
[Test ROC-AUC]  -  SA: 0.00000,  LA: 0.45150
[Test AUPRC]  -  LA: 0.45090
[Test F1-max]  -  LA: 0.66667
Epoch: 1 | Loss: 5.534473896026611  | Negative Loss: 0.0
[Test ROC-AUC]  -  SA: 0.00000,  LA: 0.65790
[Test AUPRC]  -  LA: 0.61859
[Test F1-max]  -  LA: 0.69784
Epoch: 2 | Loss: 3.6798133850097656  | Negative Loss: 0.0
[Test ROC-AUC]  -  SA: 0.00000,  LA: 0.81360
[Test AUPRC]  -  LA: 0.82374
[Test F1-max]  -  LA: 0.75122
Epoch: 3 | Loss: 1.6364682912826538  | Negative Loss: 0.0
[Test ROC-AUC]  -  SA: 0.00000,  LA: 0.83690
[Test AUPRC]  -  LA: 0.86033
[Test F1-max]  -  LA: 0.76190
Epoch: 4 | Loss: 0.48144227266311646  | Negative Loss: 0.0
[Test ROC-AUC]  -  SA: 0.00000,  LA: 0.83770
[Test AUPRC]  -  LA: 0.86504
[Test F1-max]  -  LA: 0.76364
Epoch: 5 | Loss: 0.132770836353302  | Negative Loss: 0.0
[Test ROC-AUC]  -  SA: 0.00000,  LA: 0.83880
[Test AUPRC]  -  LA: 0.87044
[Test F1-max]  -  LA: 0.76923
Epoch: 6 | Loss: 0.043193332850933075  | Negative Loss: 0.0
[Test ROC-AUC]  -  SA: 0.00000,  LA: 0.83530
[Test AUPRC]  -  LA: 0.87052
[Test F1-max]  -  LA: 0.77647
Epoch: 7 | Loss: 0.015941329300403595  | Negative Loss: 0.0
[Test ROC-AUC]  -  SA: 0.00000,  LA: 0.83640
[Test AUPRC]  -  LA: 0.87146
[Test F1-max]  -  LA: 0.77647
Epoch: 8 | Loss: 0.0066808187402784824  | Negative Loss: 0.0
[Test ROC-AUC]  -  SA: 0.00000,  LA: 0.83630
[Test AUPRC]  -  LA: 0.87176
[Test F1-max]  -  LA: 0.78363
Epoch: 9 | Loss: 0.0031413151882588863  | Negative Loss: 0.0
[Test ROC-AUC]  -  SA: 0.00000,  LA: 0.83800
[Test AUPRC]  -  LA: 0.87282
[Test F1-max]  -  LA: 0.78363
Epoch: 10 | Loss: 0.0016199495876207948  | Negative Loss: 0.0
[Test ROC-AUC]  -  SA: 0.00000,  LA: 0.83800
[Test AUPRC]  -  LA: 0.87254
[Test F1-max]  -  LA: 0.78363
Epoch: 11 | Loss: 0.0008803801611065865  | Negative Loss: 0.0
[Test ROC-AUC]  -  SA: 0.00000,  LA: 0.83830
[Test AUPRC]  -  LA: 0.87224
[Test F1-max]  -  LA: 0.78363
Epoch: 12 | Loss: 0.0005009622545912862  | Negative Loss: 0.0
[Test ROC-AUC]  -  SA: 0.00000,  LA: 0.83715
[Test AUPRC]  -  LA: 0.87104
[Test F1-max]  -  LA: 0.78363
Epoch: 13 | Loss: 0.00029573115170933306  | Negative Loss: 0.0
[Test ROC-AUC]  -  SA: 0.00000,  LA: 0.83820
[Test AUPRC]  -  LA: 0.87164
[Test F1-max]  -  LA: 0.78363
Epoch: 14 | Loss: 0.00018035319226328284  | Negative Loss: 0.0
[Test ROC-AUC]  -  SA: 0.00000,  LA: 0.83860
[Test AUPRC]  -  LA: 0.87159
[Test F1-max]  -  LA: 0.77907
Epoch: 15 | Loss: 0.00011312538845231757  | Negative Loss: 0.0
[Test ROC-AUC]  -  SA: 0.00000,  LA: 0.83770
[Test AUPRC]  -  LA: 0.87032
[Test F1-max]  -  LA: 0.77907
Epoch: 16 | Loss: 7.307348278118297e-05  | Negative Loss: 0.0
[Test ROC-AUC]  -  SA: 0.00000,  LA: 0.83830
[Test AUPRC]  -  LA: 0.87033
[Test F1-max]  -  LA: 0.77457
Epoch: 17 | Loss: 4.827895463677123e-05  | Negative Loss: 0.0
[Test ROC-AUC]  -  SA: 0.00000,  LA: 0.83970
[Test AUPRC]  -  LA: 0.87098
[Test F1-max]  -  LA: 0.77273
Epoch: 18 | Loss: 3.2782176276668906e-05  | Negative Loss: 0.0
[Test ROC-AUC]  -  SA: 0.00000,  LA: 0.84060
[Test AUPRC]  -  LA: 0.87141
[Test F1-max]  -  LA: 0.77273
Epoch: 19 | Loss: 2.25303738261573e-05  | Negative Loss: 0.0
[Test ROC-AUC]  -  SA: 0.00000,  LA: 0.84180
[Test AUPRC]  -  LA: 0.87216
[Test F1-max]  -  LA: 0.77273
Epoch: 20 | Loss: 1.597395385033451e-05  | Negative Loss: 0.0
[Test ROC-AUC]  -  SA: 0.00000,  LA: 0.84230
[Test AUPRC]  -  LA: 0.87223
[Test F1-max]  -  LA: 0.77273
Epoch: 21 | Loss: 1.1563253792701289e-05  | Negative Loss: 0.0
[Test ROC-AUC]  -  SA: 0.00000,  LA: 0.84295
[Test AUPRC]  -  LA: 0.87266
[Test F1-max]  -  LA: 0.77273
Epoch: 22 | Loss: 8.463833182759117e-06  | Negative Loss: 0.0
[Test ROC-AUC]  -  SA: 0.00000,  LA: 0.84370
[Test AUPRC]  -  LA: 0.87254
[Test F1-max]  -  LA: 0.77273
Epoch: 23 | Loss: 6.198868049978046e-06  | Negative Loss: 0.0
[Test ROC-AUC]  -  SA: 0.00000,  LA: 0.84380
[Test AUPRC]  -  LA: 0.87259
[Test F1-max]  -  LA: 0.77273
Epoch: 24 | Loss: 4.768362941831583e-06  | Negative Loss: 0.0
[Test ROC-AUC]  -  SA: 0.00000,  LA: 0.84480
[Test AUPRC]  -  LA: 0.87315
[Test F1-max]  -  LA: 0.76923
Epoch: 25 | Loss: 3.695482519106008e-06  | Negative Loss: 0.0
[Test ROC-AUC]  -  SA: 0.00000,  LA: 0.84530
[Test AUPRC]  -  LA: 0.87341
[Test F1-max]  -  LA: 0.76923
Epoch: 26 | Loss: 2.9802288281643996e-06  | Negative Loss: 0.0
[Test ROC-AUC]  -  SA: 0.00000,  LA: 0.84570
[Test AUPRC]  -  LA: 0.87349
[Test F1-max]  -  LA: 0.76923
Epoch: 27 | Loss: 2.384183744652546e-06  | Negative Loss: 0.0
[Test ROC-AUC]  -  SA: 0.00000,  LA: 0.84660
[Test AUPRC]  -  LA: 0.87379
[Test F1-max]  -  LA: 0.76923
Epoch: 28 | Loss: 1.9073472685704473e-06  | Negative Loss: 0.0
[Test ROC-AUC]  -  SA: 0.00000,  LA: 0.84700
[Test AUPRC]  -  LA: 0.87392
[Test F1-max]  -  LA: 0.77348
Epoch: 29 | Loss: 1.668929030529398e-06  | Negative Loss: 0.0
[Test ROC-AUC]  -  SA: 0.00000,  LA: 0.84690
[Test AUPRC]  -  LA: 0.87396
[Test F1-max]  -  LA: 0.77348
Epoch: 30 | Loss: 1.3113015029375674e-06  | Negative Loss: 0.0
[Test ROC-AUC]  -  SA: 0.00000,  LA: 0.84640
[Test AUPRC]  -  LA: 0.87338
[Test F1-max]  -  LA: 0.77011
Epoch: 31 | Loss: 1.0728831512096804e-06  | Negative Loss: 0.0
[Test ROC-AUC]  -  SA: 0.00000,  LA: 0.84630
[Test AUPRC]  -  LA: 0.87314
[Test F1-max]  -  LA: 0.77011
Epoch: 32 | Loss: 9.536739753457368e-07  | Negative Loss: 0.0
[Test ROC-AUC]  -  SA: 0.00000,  LA: 0.84710
[Test AUPRC]  -  LA: 0.87358
[Test F1-max]  -  LA: 0.77011
Epoch: 33 | Loss: 8.344647994817933e-07  | Negative Loss: 0.0
[Test ROC-AUC]  -  SA: 0.00000,  LA: 0.84720
[Test AUPRC]  -  LA: 0.87374
[Test F1-max]  -  LA: 0.76923
Epoch: 34 | Loss: 5.960462772236497e-07  | Negative Loss: 0.0
[Test ROC-AUC]  -  SA: 0.00000,  LA: 0.84750
[Test AUPRC]  -  LA: 0.87381
[Test F1-max]  -  LA: 0.76923
Epoch: 35 | Loss: 5.960462772236497e-07  | Negative Loss: 0.0
[Test ROC-AUC]  -  SA: 0.00000,  LA: 0.84770
[Test AUPRC]  -  LA: 0.87381
[Test F1-max]  -  LA: 0.76923
Epoch: 36 | Loss: 4.768370445162873e-07  | Negative Loss: 0.0
[Test ROC-AUC]  -  SA: 0.00000,  LA: 0.84800
[Test AUPRC]  -  LA: 0.87392
[Test F1-max]  -  LA: 0.76923
Epoch: 37 | Loss: 4.768370445162873e-07  | Negative Loss: 0.0
[Test ROC-AUC]  -  SA: 0.00000,  LA: 0.84810
[Test AUPRC]  -  LA: 0.87399
[Test F1-max]  -  LA: 0.76995
Epoch: 38 | Loss: 3.576278118089249e-07  | Negative Loss: 0.0
[Test ROC-AUC]  -  SA: 0.00000,  LA: 0.84810
[Test AUPRC]  -  LA: 0.87401
[Test F1-max]  -  LA: 0.76995
Epoch: 39 | Loss: 3.576278118089249e-07  | Negative Loss: 0.0
[Test ROC-AUC]  -  SA: 0.00000,  LA: 0.84860
[Test AUPRC]  -  LA: 0.87444
[Test F1-max]  -  LA: 0.76995
Epoch: 40 | Loss: 3.576278118089249e-07  | Negative Loss: 0.0
[Test ROC-AUC]  -  SA: 0.00000,  LA: 0.84880
[Test AUPRC]  -  LA: 0.87462
[Test F1-max]  -  LA: 0.76995
Epoch: 41 | Loss: 3.576278118089249e-07  | Negative Loss: 0.0
[Test ROC-AUC]  -  SA: 0.00000,  LA: 0.84850
[Test AUPRC]  -  LA: 0.87444
[Test F1-max]  -  LA: 0.76923
Epoch: 42 | Loss: 2.3841855067985307e-07  | Negative Loss: 0.0
[Test ROC-AUC]  -  SA: 0.00000,  LA: 0.84850
[Test AUPRC]  -  LA: 0.87448
[Test F1-max]  -  LA: 0.76923
Epoch: 43 | Loss: 2.3841855067985307e-07  | Negative Loss: 0.0
[Test ROC-AUC]  -  SA: 0.00000,  LA: 0.84880
[Test AUPRC]  -  LA: 0.87479
[Test F1-max]  -  LA: 0.76923
Epoch: 44 | Loss: 2.3841855067985307e-07  | Negative Loss: 0.0
[Test ROC-AUC]  -  SA: 0.00000,  LA: 0.84890
[Test AUPRC]  -  LA: 0.87484
[Test F1-max]  -  LA: 0.76923
Epoch: 45 | Loss: 2.3841855067985307e-07  | Negative Loss: 0.0
[Test ROC-AUC]  -  SA: 0.00000,  LA: 0.84890
[Test AUPRC]  -  LA: 0.87484
[Test F1-max]  -  LA: 0.76923
Epoch: 46 | Loss: 2.3841855067985307e-07  | Negative Loss: 0.0
[Test ROC-AUC]  -  SA: 0.00000,  LA: 0.84900
[Test AUPRC]  -  LA: 0.87495
[Test F1-max]  -  LA: 0.77095
Epoch: 47 | Loss: 2.3841855067985307e-07  | Negative Loss: 0.0
[Test ROC-AUC]  -  SA: 0.00000,  LA: 0.84900
[Test AUPRC]  -  LA: 0.87500
[Test F1-max]  -  LA: 0.77095
Epoch: 48 | Loss: 2.3841855067985307e-07  | Negative Loss: 0.0
[Test ROC-AUC]  -  SA: 0.00000,  LA: 0.84885
[Test AUPRC]  -  LA: 0.87475
[Test F1-max]  -  LA: 0.77095
Epoch: 49 | Loss: 2.3841855067985307e-07  | Negative Loss: 0.0
[Test ROC-AUC]  -  SA: 0.00000,  LA: 0.84880
[Test AUPRC]  -  LA: 0.87472
[Test F1-max]  -  LA: 0.77095
Epoch: 50 | Loss: 2.3841855067985307e-07  | Negative Loss: 0.0
[Test ROC-AUC]  -  SA: 0.00000,  LA: 0.84890
[Test AUPRC]  -  LA: 0.87476
[Test F1-max]  -  LA: 0.77095
Epoch: 51 | Loss: 2.3841855067985307e-07  | Negative Loss: 0.0
[Test ROC-AUC]  -  SA: 0.00000,  LA: 0.84870
[Test AUPRC]  -  LA: 0.87461
[Test F1-max]  -  LA: 0.77095
Epoch: 52 | Loss: 2.3841855067985307e-07  | Negative Loss: 0.0
[Test ROC-AUC]  -  SA: 0.00000,  LA: 0.84825
[Test AUPRC]  -  LA: 0.87431
[Test F1-max]  -  LA: 0.77095
Epoch: 53 | Loss: 1.1920928244535389e-07  | Negative Loss: 0.0
[Test ROC-AUC]  -  SA: 0.00000,  LA: 0.84830
[Test AUPRC]  -  LA: 0.87405
[Test F1-max]  -  LA: 0.77095
Epoch: 54 | Loss: 1.1920928244535389e-07  | Negative Loss: 0.0
[Test ROC-AUC]  -  SA: 0.00000,  LA: 0.84820
[Test AUPRC]  -  LA: 0.87393
[Test F1-max]  -  LA: 0.77095
Epoch: 55 | Loss: 1.1920928244535389e-07  | Negative Loss: 0.0
[Test ROC-AUC]  -  SA: 0.00000,  LA: 0.84850
[Test AUPRC]  -  LA: 0.87426
[Test F1-max]  -  LA: 0.77095
Epoch: 56 | Loss: 1.1920928244535389e-07  | Negative Loss: 0.0
[Test ROC-AUC]  -  SA: 0.00000,  LA: 0.84840
[Test AUPRC]  -  LA: 0.87400
[Test F1-max]  -  LA: 0.77095
Epoch: 57 | Loss: 1.1920928244535389e-07  | Negative Loss: 0.0
[Test ROC-AUC]  -  SA: 0.00000,  LA: 0.84845
[Test AUPRC]  -  LA: 0.87404
[Test F1-max]  -  LA: 0.77095
Epoch: 58 | Loss: 1.1920928244535389e-07  | Negative Loss: 0.0
[Test ROC-AUC]  -  SA: 0.00000,  LA: 0.84850
[Test AUPRC]  -  LA: 0.87407
[Test F1-max]  -  LA: 0.77095
Epoch: 59 | Loss: 1.1920928244535389e-07  | Negative Loss: 0.0
[Test ROC-AUC]  -  SA: 0.00000,  LA: 0.84860
[Test AUPRC]  -  LA: 0.87415
[Test F1-max]  -  LA: 0.77095
Epoch: 60 | Loss: 1.1920928244535389e-07  | Negative Loss: 0.0
[Test ROC-AUC]  -  SA: 0.00000,  LA: 0.84845
[Test AUPRC]  -  LA: 0.87411
[Test F1-max]  -  LA: 0.77095
Epoch: 61 | Loss: 1.1920928244535389e-07  | Negative Loss: 0.0
[Test ROC-AUC]  -  SA: 0.00000,  LA: 0.84865
[Test AUPRC]  -  LA: 0.87422
[Test F1-max]  -  LA: 0.77095
Epoch: 62 | Loss: 1.1920928244535389e-07  | Negative Loss: 0.0
[Test ROC-AUC]  -  SA: 0.00000,  LA: 0.84860
[Test AUPRC]  -  LA: 0.87422
[Test F1-max]  -  LA: 0.77095
Epoch: 63 | Loss: 1.1920928244535389e-07  | Negative Loss: 0.0
[Test ROC-AUC]  -  SA: 0.00000,  LA: 0.84875
[Test AUPRC]  -  LA: 0.87428
[Test F1-max]  -  LA: 0.77095
Epoch: 64 | Loss: 1.1920928244535389e-07  | Negative Loss: 0.0
[Test ROC-AUC]  -  SA: 0.00000,  LA: 0.84900
[Test AUPRC]  -  LA: 0.87445
[Test F1-max]  -  LA: 0.77095
Epoch: 65 | Loss: 1.1920928244535389e-07  | Negative Loss: 0.0
[Test ROC-AUC]  -  SA: 0.00000,  LA: 0.84900
[Test AUPRC]  -  LA: 0.87445
[Test F1-max]  -  LA: 0.77095
Epoch: 66 | Loss: 1.1920928244535389e-07  | Negative Loss: 0.0
[Test ROC-AUC]  -  SA: 0.00000,  LA: 0.84900
[Test AUPRC]  -  LA: 0.87445
[Test F1-max]  -  LA: 0.77095
Epoch: 67 | Loss: 1.1920928244535389e-07  | Negative Loss: 0.0
[Test ROC-AUC]  -  SA: 0.00000,  LA: 0.84910
[Test AUPRC]  -  LA: 0.87449
[Test F1-max]  -  LA: 0.77095
Epoch: 68 | Loss: 1.1920928244535389e-07  | Negative Loss: 0.0
[Test ROC-AUC]  -  SA: 0.00000,  LA: 0.84920
[Test AUPRC]  -  LA: 0.87458
[Test F1-max]  -  LA: 0.77095
Epoch: 69 | Loss: 1.1920928244535389e-07  | Negative Loss: 0.0
[Test ROC-AUC]  -  SA: 0.00000,  LA: 0.84910
[Test AUPRC]  -  LA: 0.87451
[Test F1-max]  -  LA: 0.77095
Epoch: 70 | Loss: 1.1920928244535389e-07  | Negative Loss: 0.0
[Test ROC-AUC]  -  SA: 0.00000,  LA: 0.84920
[Test AUPRC]  -  LA: 0.87454
[Test F1-max]  -  LA: 0.77095
Epoch: 71 | Loss: 1.1920928244535389e-07  | Negative Loss: 0.0
[Test ROC-AUC]  -  SA: 0.00000,  LA: 0.84920
[Test AUPRC]  -  LA: 0.87454
[Test F1-max]  -  LA: 0.77095
Epoch: 72 | Loss: 1.1920928244535389e-07  | Negative Loss: 0.0
[Test ROC-AUC]  -  SA: 0.00000,  LA: 0.84910
[Test AUPRC]  -  LA: 0.87450
[Test F1-max]  -  LA: 0.77095
Epoch: 73 | Loss: 1.1920928244535389e-07  | Negative Loss: 0.0
[Test ROC-AUC]  -  SA: 0.00000,  LA: 0.84920
[Test AUPRC]  -  LA: 0.87457
[Test F1-max]  -  LA: 0.77095
Epoch: 74 | Loss: 1.1920928244535389e-07  | Negative Loss: 0.0
[Test ROC-AUC]  -  SA: 0.00000,  LA: 0.84920
[Test AUPRC]  -  LA: 0.87457
[Test F1-max]  -  LA: 0.77095
Epoch: 75 | Loss: 1.1920928244535389e-07  | Negative Loss: 0.0
[Test ROC-AUC]  -  SA: 0.00000,  LA: 0.84940
[Test AUPRC]  -  LA: 0.87472
[Test F1-max]  -  LA: 0.77095
Epoch: 76 | Loss: 1.1920928244535389e-07  | Negative Loss: 0.0
[Test ROC-AUC]  -  SA: 0.00000,  LA: 0.84950
[Test AUPRC]  -  LA: 0.87477
[Test F1-max]  -  LA: 0.77095
Epoch: 77 | Loss: 1.1920928244535389e-07  | Negative Loss: 0.0
[Test ROC-AUC]  -  SA: 0.00000,  LA: 0.84950
[Test AUPRC]  -  LA: 0.87477
[Test F1-max]  -  LA: 0.77095
Epoch: 78 | Loss: 1.1920928244535389e-07  | Negative Loss: 0.0
[Test ROC-AUC]  -  SA: 0.00000,  LA: 0.84940
[Test AUPRC]  -  LA: 0.87468
[Test F1-max]  -  LA: 0.77095
Epoch: 79 | Loss: 1.1920928244535389e-07  | Negative Loss: 0.0
[Test ROC-AUC]  -  SA: 0.00000,  LA: 0.84950
[Test AUPRC]  -  LA: 0.87475
[Test F1-max]  -  LA: 0.77095
Epoch: 80 | Loss: 1.1920928244535389e-07  | Negative Loss: 0.0
[Test ROC-AUC]  -  SA: 0.00000,  LA: 0.84965
[Test AUPRC]  -  LA: 0.87485
[Test F1-max]  -  LA: 0.77095
Epoch: 81 | Loss: 1.1920928244535389e-07  | Negative Loss: 0.0
[Test ROC-AUC]  -  SA: 0.00000,  LA: 0.84970
[Test AUPRC]  -  LA: 0.87488
[Test F1-max]  -  LA: 0.77095
Epoch: 82 | Loss: 1.1920928244535389e-07  | Negative Loss: 0.0
[Test ROC-AUC]  -  SA: 0.00000,  LA: 0.84970
[Test AUPRC]  -  LA: 0.87488
[Test F1-max]  -  LA: 0.77095
Epoch: 83 | Loss: 1.1920928244535389e-07  | Negative Loss: 0.0
[Test ROC-AUC]  -  SA: 0.00000,  LA: 0.84980
[Test AUPRC]  -  LA: 0.87493
[Test F1-max]  -  LA: 0.77095
Epoch: 84 | Loss: 1.1920928244535389e-07  | Negative Loss: 0.0
[Test ROC-AUC]  -  SA: 0.00000,  LA: 0.84990
[Test AUPRC]  -  LA: 0.87496
[Test F1-max]  -  LA: 0.77095
Epoch: 85 | Loss: 1.1920928244535389e-07  | Negative Loss: 0.0
[Test ROC-AUC]  -  SA: 0.00000,  LA: 0.84985
[Test AUPRC]  -  LA: 0.87480
[Test F1-max]  -  LA: 0.77095
Epoch: 86 | Loss: 1.1920928244535389e-07  | Negative Loss: 0.0
[Test ROC-AUC]  -  SA: 0.00000,  LA: 0.84970
[Test AUPRC]  -  LA: 0.87459
[Test F1-max]  -  LA: 0.77095
Epoch: 87 | Loss: 1.1920928244535389e-07  | Negative Loss: 0.0
[Test ROC-AUC]  -  SA: 0.00000,  LA: 0.84970
[Test AUPRC]  -  LA: 0.87459
[Test F1-max]  -  LA: 0.77143
Epoch: 88 | Loss: 1.1920928244535389e-07  | Negative Loss: 0.0
[Test ROC-AUC]  -  SA: 0.00000,  LA: 0.84970
[Test AUPRC]  -  LA: 0.87459
[Test F1-max]  -  LA: 0.77143
Epoch: 89 | Loss: 1.1920928244535389e-07  | Negative Loss: 0.0
[Test ROC-AUC]  -  SA: 0.00000,  LA: 0.84965
[Test AUPRC]  -  LA: 0.87457
[Test F1-max]  -  LA: 0.77143
Epoch: 90 | Loss: 1.1920928244535389e-07  | Negative Loss: 0.0
[Test ROC-AUC]  -  SA: 0.00000,  LA: 0.84965
[Test AUPRC]  -  LA: 0.87457
[Test F1-max]  -  LA: 0.77143
Epoch: 91 | Loss: 1.1920928244535389e-07  | Negative Loss: 0.0
[Test ROC-AUC]  -  SA: 0.00000,  LA: 0.84970
[Test AUPRC]  -  LA: 0.87459
[Test F1-max]  -  LA: 0.77143
Epoch: 92 | Loss: 1.1920928244535389e-07  | Negative Loss: 0.0
[Test ROC-AUC]  -  SA: 0.00000,  LA: 0.84960
[Test AUPRC]  -  LA: 0.87455
[Test F1-max]  -  LA: 0.77143
Epoch: 93 | Loss: 1.1920928244535389e-07  | Negative Loss: 0.0
[Test ROC-AUC]  -  SA: 0.00000,  LA: 0.84970
[Test AUPRC]  -  LA: 0.87459
[Test F1-max]  -  LA: 0.77143
Epoch: 94 | Loss: 1.1920928244535389e-07  | Negative Loss: 0.0
[Test ROC-AUC]  -  SA: 0.00000,  LA: 0.84965
[Test AUPRC]  -  LA: 0.87457
[Test F1-max]  -  LA: 0.77143
Epoch: 95 | Loss: 1.1920928244535389e-07  | Negative Loss: 0.0
[Test ROC-AUC]  -  SA: 0.00000,  LA: 0.84970
[Test AUPRC]  -  LA: 0.87459
[Test F1-max]  -  LA: 0.77143
Epoch: 96 | Loss: 1.1920928244535389e-07  | Negative Loss: 0.0
[Test ROC-AUC]  -  SA: 0.00000,  LA: 0.84970
[Test AUPRC]  -  LA: 0.87459
[Test F1-max]  -  LA: 0.77143
Epoch: 97 | Loss: 1.1920928244535389e-07  | Negative Loss: 0.0
[Test ROC-AUC]  -  SA: 0.00000,  LA: 0.84960
[Test AUPRC]  -  LA: 0.87451
[Test F1-max]  -  LA: 0.77143
Epoch: 98 | Loss: 1.1920928244535389e-07  | Negative Loss: 0.0
[Test ROC-AUC]  -  SA: 0.00000,  LA: 0.84960
[Test AUPRC]  -  LA: 0.87451
[Test F1-max]  -  LA: 0.77143
Epoch: 99 | Loss: 1.1920928244535389e-07  | Negative Loss: 0.0
Time consumption: 130.7093117237091
Best LA AUC: 0.8498999999999999
Best LA AUPC: 0.8750048203907725
Best LA F1-max: 0.7836257309941521
[Result] Experiment result appended to ./results/train_hybrid_result.csv

[END] 2026-03-29 11:31:32
[RETURN CODE] 0
