[START] 2026-03-29 10:45:19
[GPU] 0
[TASK] 5/150
[NAME] cable_promptad
[REPEAT] 5/5
[COMMAND] python train_hybrid.py --data_name cable --mask True --text True --double_encoder True --few_shot True --shot 1 --hybrid_model promptad --hybrid_weight 0.3 --hybrid_batch_size 16 --epoch 100 --log True --lr 5e-4 --detection True --preprocess True

/home/seungeon/miniconda3/envs/LAB/lib/python3.10/site-packages/timm/models/layers/__init__.py:48: FutureWarning: Importing from timm.models.layers is deprecated, please import via timm.layers
  warnings.warn(f"Importing from {__name__} is deprecated, please import via timm.layers", FutureWarning)
/home/seungeon/Workspace/side/vlm/train_hybrid.py:18: DeprecationWarning: The distutils package is deprecated and slated for removal in Python 3.12. Use setuptools or check PEP 632 for potential alternatives
  from distutils.util import strtobool
Torch version: 2.9.1+cu128
cuda is loaded for process
here?
In my local computer
Namespace(epoch=100, gpu_number='0', data_name='cable', lr=0.0005, batch_size=6, shuffle=True, seed=0, tag='default', model_name='ViT-B-32', pretrained_name='laion2b_s34b_b79k', lora=1, default=False, foundation='CLIP', detection=1, preprocess=1, num_rule=0, object_names=['a photo of cable'], objects_for_rules=[['a photo of cable'], ['a photo of cable'], ['a photo of cable'], ['a photo of cable'], ['a photo of cable']], texts_for_rules=[['a photo of cable'], ['a photo of cable'], ['a photo of cable'], ['a photo of cable'], ['a photo of cable']], mask=1, text=1, score='mean', ciriculam_learning=False, few_shot=1, shot=1, log=1, neg_loss=0, double_encoder=1, pretrained_count_path=None, ris=0, rule_select='', rule_list=[], num_negative=5, hybrid_model='promptad', hybrid_weight=0.3, hybrid_class_name='', hybrid_batch_size=16, hybrid_backbone='ViT-B-16-plus-240', hybrid_pretrained_dataset='laion400m_e32', hybrid_scales=[2, 3], hybrid_img_resize=240, hybrid_img_cropsize=240, hybrid_resolution=400, hybrid_promptad_epoch=100, hybrid_promptad_lr=0.002, hybrid_promptad_momentum=0.9, hybrid_promptad_weight_decay=0.0005, hybrid_promptad_eta_min=1e-05, hybrid_promptad_lambda1=0.001, hybrid_promptad_n_ctx=4, hybrid_promptad_n_pro=3, hybrid_promptad_n_ctx_ab=1, hybrid_promptad_n_pro_ab=4, early_stop_k=10, result_log_path='./results/train_hybrid_result.csv')
[Hybrid] method=promptad, class_name=cable, train=1, eval=103, base_path=/data3/seungeon/data/image/mvtec_ad/cable
[Hybrid-only] LA_AUC=0.72165, LA_AUPRC=0.74909, LA_F1=0.77778
[Data Description]
- Train: 1
- Test: 103

Train Start
[Test ROC-AUC]  -  SA: 0.00000,  LA: 0.52452
[Test AUPRC]  -  LA: 0.56792
[Test F1-max]  -  LA: 0.74359
Epoch: 0 | Loss: 3.552931547164917  | Negative Loss: 0.0
[Test ROC-AUC]  -  SA: 0.00000,  LA: 0.52490
[Test AUPRC]  -  LA: 0.56767
[Test F1-max]  -  LA: 0.74359
Epoch: 1 | Loss: 3.4602575302124023  | Negative Loss: 0.0
[Test ROC-AUC]  -  SA: 0.00000,  LA: 0.54138
[Test AUPRC]  -  LA: 0.58124
[Test F1-max]  -  LA: 0.74839
Epoch: 2 | Loss: 2.340810775756836  | Negative Loss: 0.0
[Test ROC-AUC]  -  SA: 0.00000,  LA: 0.56322
[Test AUPRC]  -  LA: 0.59040
[Test F1-max]  -  LA: 0.75325
Epoch: 3 | Loss: 1.1522047519683838  | Negative Loss: 0.0
[Test ROC-AUC]  -  SA: 0.00000,  LA: 0.59770
[Test AUPRC]  -  LA: 0.60466
[Test F1-max]  -  LA: 0.76389
Epoch: 4 | Loss: 0.44101083278656006  | Negative Loss: 0.0
[Test ROC-AUC]  -  SA: 0.00000,  LA: 0.61916
[Test AUPRC]  -  LA: 0.62775
[Test F1-max]  -  LA: 0.75325
Epoch: 5 | Loss: 0.15728482604026794  | Negative Loss: 0.0
[Test ROC-AUC]  -  SA: 0.00000,  LA: 0.63295
[Test AUPRC]  -  LA: 0.64199
[Test F1-max]  -  LA: 0.75325
Epoch: 6 | Loss: 0.05974716320633888  | Negative Loss: 0.0
[Test ROC-AUC]  -  SA: 0.00000,  LA: 0.63716
[Test AUPRC]  -  LA: 0.65024
[Test F1-max]  -  LA: 0.75325
Epoch: 7 | Loss: 0.024634772911667824  | Negative Loss: 0.0
[Test ROC-AUC]  -  SA: 0.00000,  LA: 0.64023
[Test AUPRC]  -  LA: 0.65430
[Test F1-max]  -  LA: 0.75714
Epoch: 8 | Loss: 0.011179869994521141  | Negative Loss: 0.0
[Test ROC-AUC]  -  SA: 0.00000,  LA: 0.64444
[Test AUPRC]  -  LA: 0.65593
[Test F1-max]  -  LA: 0.75714
Epoch: 9 | Loss: 0.005706041119992733  | Negative Loss: 0.0
[Test ROC-AUC]  -  SA: 0.00000,  LA: 0.64444
[Test AUPRC]  -  LA: 0.66441
[Test F1-max]  -  LA: 0.75497
Epoch: 10 | Loss: 0.003088391153141856  | Negative Loss: 0.0
[Test ROC-AUC]  -  SA: 0.00000,  LA: 0.63716
[Test AUPRC]  -  LA: 0.65999
[Test F1-max]  -  LA: 0.75817
Epoch: 11 | Loss: 0.0017566297901794314  | Negative Loss: 0.0
[Test ROC-AUC]  -  SA: 0.00000,  LA: 0.63257
[Test AUPRC]  -  LA: 0.65064
[Test F1-max]  -  LA: 0.75817
Epoch: 12 | Loss: 0.0010422940831631422  | Negative Loss: 0.0
[Test ROC-AUC]  -  SA: 0.00000,  LA: 0.63257
[Test AUPRC]  -  LA: 0.65122
[Test F1-max]  -  LA: 0.75817
Epoch: 13 | Loss: 0.0006416272954083979  | Negative Loss: 0.0
[Test ROC-AUC]  -  SA: 0.00000,  LA: 0.63142
[Test AUPRC]  -  LA: 0.63793
[Test F1-max]  -  LA: 0.75817
Epoch: 14 | Loss: 0.00040861673187464476  | Negative Loss: 0.0
[Test ROC-AUC]  -  SA: 0.00000,  LA: 0.62759
[Test AUPRC]  -  LA: 0.63505
[Test F1-max]  -  LA: 0.75817
Epoch: 15 | Loss: 0.00026880207587964833  | Negative Loss: 0.0
[Test ROC-AUC]  -  SA: 0.00000,  LA: 0.62452
[Test AUPRC]  -  LA: 0.63082
[Test F1-max]  -  LA: 0.76316
Epoch: 16 | Loss: 0.00018095264385920018  | Negative Loss: 0.0
[Test ROC-AUC]  -  SA: 0.00000,  LA: 0.62529
[Test AUPRC]  -  LA: 0.63176
[Test F1-max]  -  LA: 0.75817
Epoch: 17 | Loss: 0.00012528545630630106  | Negative Loss: 0.0
[Test ROC-AUC]  -  SA: 0.00000,  LA: 0.62375
[Test AUPRC]  -  LA: 0.62913
[Test F1-max]  -  LA: 0.75817
Epoch: 18 | Loss: 8.904750575311482e-05  | Negative Loss: 0.0
[Test ROC-AUC]  -  SA: 0.00000,  LA: 0.62529
[Test AUPRC]  -  LA: 0.62993
[Test F1-max]  -  LA: 0.75817
Epoch: 19 | Loss: 6.449122884077951e-05  | Negative Loss: 0.0
[Test ROC-AUC]  -  SA: 0.00000,  LA: 0.62874
[Test AUPRC]  -  LA: 0.63150
[Test F1-max]  -  LA: 0.75817
Epoch: 20 | Loss: 4.744474063045345e-05  | Negative Loss: 0.0
[Test ROC-AUC]  -  SA: 0.00000,  LA: 0.62989
[Test AUPRC]  -  LA: 0.63256
[Test F1-max]  -  LA: 0.75817
Epoch: 21 | Loss: 3.564325743354857e-05  | Negative Loss: 0.0
[Test ROC-AUC]  -  SA: 0.00000,  LA: 0.63142
[Test AUPRC]  -  LA: 0.63320
[Test F1-max]  -  LA: 0.75817
Epoch: 22 | Loss: 2.7417940145824105e-05  | Negative Loss: 0.0
[Test ROC-AUC]  -  SA: 0.00000,  LA: 0.63180
[Test AUPRC]  -  LA: 0.63205
[Test F1-max]  -  LA: 0.75325
Epoch: 23 | Loss: 2.1338340957299806e-05  | Negative Loss: 0.0
[Test ROC-AUC]  -  SA: 0.00000,  LA: 0.63180
[Test AUPRC]  -  LA: 0.63204
[Test F1-max]  -  LA: 0.75325
Epoch: 24 | Loss: 1.6808433429105207e-05  | Negative Loss: 0.0
[Test ROC-AUC]  -  SA: 0.00000,  LA: 0.63372
[Test AUPRC]  -  LA: 0.63310
[Test F1-max]  -  LA: 0.75325
Epoch: 25 | Loss: 1.3709017366636544e-05  | Negative Loss: 0.0
[Test ROC-AUC]  -  SA: 0.00000,  LA: 0.63563
[Test AUPRC]  -  LA: 0.63373
[Test F1-max]  -  LA: 0.75325
Epoch: 26 | Loss: 1.0609594028210267e-05  | Negative Loss: 0.0
[Test ROC-AUC]  -  SA: 0.00000,  LA: 0.63678
[Test AUPRC]  -  LA: 0.63454
[Test F1-max]  -  LA: 0.75325
Epoch: 27 | Loss: 8.940673069446348e-06  | Negative Loss: 0.0
[Test ROC-AUC]  -  SA: 0.00000,  LA: 0.63870
[Test AUPRC]  -  LA: 0.63654
[Test F1-max]  -  LA: 0.75325
Epoch: 28 | Loss: 7.748586540401448e-06  | Negative Loss: 0.0
[Test ROC-AUC]  -  SA: 0.00000,  LA: 0.64253
[Test AUPRC]  -  LA: 0.63980
[Test F1-max]  -  LA: 0.75325
Epoch: 29 | Loss: 6.4372898123110645e-06  | Negative Loss: 0.0
[Test ROC-AUC]  -  SA: 0.00000,  LA: 0.64330
[Test AUPRC]  -  LA: 0.64074
[Test F1-max]  -  LA: 0.75325
Epoch: 30 | Loss: 5.722036803490482e-06  | Negative Loss: 0.0
[Test ROC-AUC]  -  SA: 0.00000,  LA: 0.64368
[Test AUPRC]  -  LA: 0.64121
[Test F1-max]  -  LA: 0.75325
Epoch: 31 | Loss: 4.649155926017556e-06  | Negative Loss: 0.0
[Test ROC-AUC]  -  SA: 0.00000,  LA: 0.64521
[Test AUPRC]  -  LA: 0.64192
[Test F1-max]  -  LA: 0.75325
Epoch: 32 | Loss: 3.9339015529549215e-06  | Negative Loss: 0.0
[Test ROC-AUC]  -  SA: 0.00000,  LA: 0.64674
[Test AUPRC]  -  LA: 0.64324
[Test F1-max]  -  LA: 0.75325
Epoch: 33 | Loss: 3.576274821170955e-06  | Negative Loss: 0.0
[Test ROC-AUC]  -  SA: 0.00000,  LA: 0.64598
[Test AUPRC]  -  LA: 0.64234
[Test F1-max]  -  LA: 0.75325
Epoch: 34 | Loss: 3.0994383450888563e-06  | Negative Loss: 0.0
[Test ROC-AUC]  -  SA: 0.00000,  LA: 0.64674
[Test AUPRC]  -  LA: 0.64253
[Test F1-max]  -  LA: 0.75325
Epoch: 35 | Loss: 2.622602096380433e-06  | Negative Loss: 0.0
[Test ROC-AUC]  -  SA: 0.00000,  LA: 0.64598
[Test AUPRC]  -  LA: 0.64172
[Test F1-max]  -  LA: 0.75325
Epoch: 36 | Loss: 2.3841839720262215e-06  | Negative Loss: 0.0
[Test ROC-AUC]  -  SA: 0.00000,  LA: 0.64713
[Test AUPRC]  -  LA: 0.64236
[Test F1-max]  -  LA: 0.75325
Epoch: 37 | Loss: 2.1457656202983344e-06  | Negative Loss: 0.0
[Test ROC-AUC]  -  SA: 0.00000,  LA: 0.64828
[Test AUPRC]  -  LA: 0.65571
[Test F1-max]  -  LA: 0.75325
Epoch: 38 | Loss: 2.0265565581212286e-06  | Negative Loss: 0.0
[Test ROC-AUC]  -  SA: 0.00000,  LA: 0.64866
[Test AUPRC]  -  LA: 0.65565
[Test F1-max]  -  LA: 0.75325
Epoch: 39 | Loss: 1.907347382257285e-06  | Negative Loss: 0.0
[Test ROC-AUC]  -  SA: 0.00000,  LA: 0.64904
[Test AUPRC]  -  LA: 0.65582
[Test F1-max]  -  LA: 0.75325
Epoch: 40 | Loss: 1.6689291442162357e-06  | Negative Loss: 0.0
[Test ROC-AUC]  -  SA: 0.00000,  LA: 0.64866
[Test AUPRC]  -  LA: 0.65292
[Test F1-max]  -  LA: 0.75325
Epoch: 41 | Loss: 1.5497198546654545e-06  | Negative Loss: 0.0
[Test ROC-AUC]  -  SA: 0.00000,  LA: 0.64904
[Test AUPRC]  -  LA: 0.65306
[Test F1-max]  -  LA: 0.75362
Epoch: 42 | Loss: 1.4305107924883487e-06  | Negative Loss: 0.0
[Test ROC-AUC]  -  SA: 0.00000,  LA: 0.64885
[Test AUPRC]  -  LA: 0.65284
[Test F1-max]  -  LA: 0.75362
Epoch: 43 | Loss: 1.3113016166244051e-06  | Negative Loss: 0.0
[Test ROC-AUC]  -  SA: 0.00000,  LA: 0.64904
[Test AUPRC]  -  LA: 0.65287
[Test F1-max]  -  LA: 0.75362
Epoch: 44 | Loss: 1.3113016166244051e-06  | Negative Loss: 0.0
[Test ROC-AUC]  -  SA: 0.00000,  LA: 0.64981
[Test AUPRC]  -  LA: 0.65312
[Test F1-max]  -  LA: 0.75362
Epoch: 45 | Loss: 1.3113016166244051e-06  | Negative Loss: 0.0
[Test ROC-AUC]  -  SA: 0.00000,  LA: 0.64904
[Test AUPRC]  -  LA: 0.64971
[Test F1-max]  -  LA: 0.75362
Epoch: 46 | Loss: 1.1920924407604616e-06  | Negative Loss: 0.0
[Test ROC-AUC]  -  SA: 0.00000,  LA: 0.64828
[Test AUPRC]  -  LA: 0.64904
[Test F1-max]  -  LA: 0.75362
Epoch: 47 | Loss: 1.1920924407604616e-06  | Negative Loss: 0.0
[Test ROC-AUC]  -  SA: 0.00000,  LA: 0.64828
[Test AUPRC]  -  LA: 0.64905
[Test F1-max]  -  LA: 0.75362
Epoch: 48 | Loss: 1.1920924407604616e-06  | Negative Loss: 0.0
[Test ROC-AUC]  -  SA: 0.00000,  LA: 0.64866
[Test AUPRC]  -  LA: 0.64923
[Test F1-max]  -  LA: 0.75362
Epoch: 49 | Loss: 1.072883264896518e-06  | Negative Loss: 0.0
[Test ROC-AUC]  -  SA: 0.00000,  LA: 0.64904
[Test AUPRC]  -  LA: 0.64938
[Test F1-max]  -  LA: 0.75362
Epoch: 50 | Loss: 1.072883264896518e-06  | Negative Loss: 0.0
[Test ROC-AUC]  -  SA: 0.00000,  LA: 0.64904
[Test AUPRC]  -  LA: 0.64912
[Test F1-max]  -  LA: 0.75362
Epoch: 51 | Loss: 9.536739753457368e-07  | Negative Loss: 0.0
[Test ROC-AUC]  -  SA: 0.00000,  LA: 0.64904
[Test AUPRC]  -  LA: 0.64912
[Test F1-max]  -  LA: 0.75362
Epoch: 52 | Loss: 8.344646857949556e-07  | Negative Loss: 0.0
[Test ROC-AUC]  -  SA: 0.00000,  LA: 0.64828
[Test AUPRC]  -  LA: 0.64849
[Test F1-max]  -  LA: 0.75362
Epoch: 53 | Loss: 8.344646857949556e-07  | Negative Loss: 0.0
[Test ROC-AUC]  -  SA: 0.00000,  LA: 0.64904
[Test AUPRC]  -  LA: 0.64883
[Test F1-max]  -  LA: 0.75362
Epoch: 54 | Loss: 7.152555099310121e-07  | Negative Loss: 0.0
[Test ROC-AUC]  -  SA: 0.00000,  LA: 0.64904
[Test AUPRC]  -  LA: 0.64883
[Test F1-max]  -  LA: 0.75362
Epoch: 55 | Loss: 7.152555099310121e-07  | Negative Loss: 0.0
[Test ROC-AUC]  -  SA: 0.00000,  LA: 0.64981
[Test AUPRC]  -  LA: 0.64930
[Test F1-max]  -  LA: 0.75362
Epoch: 56 | Loss: 7.152555099310121e-07  | Negative Loss: 0.0
[Test ROC-AUC]  -  SA: 0.00000,  LA: 0.65019
[Test AUPRC]  -  LA: 0.64945
[Test F1-max]  -  LA: 0.75362
Epoch: 57 | Loss: 7.152555099310121e-07  | Negative Loss: 0.0
[Test ROC-AUC]  -  SA: 0.00000,  LA: 0.65019
[Test AUPRC]  -  LA: 0.64945
[Test F1-max]  -  LA: 0.75362
Epoch: 58 | Loss: 7.152555099310121e-07  | Negative Loss: 0.0
[Test ROC-AUC]  -  SA: 0.00000,  LA: 0.65057
[Test AUPRC]  -  LA: 0.64968
[Test F1-max]  -  LA: 0.75362
Epoch: 59 | Loss: 7.152555099310121e-07  | Negative Loss: 0.0
[Test ROC-AUC]  -  SA: 0.00000,  LA: 0.65057
[Test AUPRC]  -  LA: 0.64968
[Test F1-max]  -  LA: 0.75362
Epoch: 60 | Loss: 7.152555099310121e-07  | Negative Loss: 0.0
[Test ROC-AUC]  -  SA: 0.00000,  LA: 0.65096
[Test AUPRC]  -  LA: 0.64983
[Test F1-max]  -  LA: 0.75362
Epoch: 61 | Loss: 7.152555099310121e-07  | Negative Loss: 0.0
[Test ROC-AUC]  -  SA: 0.00000,  LA: 0.65096
[Test AUPRC]  -  LA: 0.64983
[Test F1-max]  -  LA: 0.75362
Epoch: 62 | Loss: 5.960462772236497e-07  | Negative Loss: 0.0
[Test ROC-AUC]  -  SA: 0.00000,  LA: 0.65057
[Test AUPRC]  -  LA: 0.64961
[Test F1-max]  -  LA: 0.75362
Epoch: 63 | Loss: 5.960462772236497e-07  | Negative Loss: 0.0
[Test ROC-AUC]  -  SA: 0.00000,  LA: 0.65134
[Test AUPRC]  -  LA: 0.64991
[Test F1-max]  -  LA: 0.75362
Epoch: 64 | Loss: 5.960462772236497e-07  | Negative Loss: 0.0
[Test ROC-AUC]  -  SA: 0.00000,  LA: 0.65172
[Test AUPRC]  -  LA: 0.65012
[Test F1-max]  -  LA: 0.75362
Epoch: 65 | Loss: 5.960462772236497e-07  | Negative Loss: 0.0
[Test ROC-AUC]  -  SA: 0.00000,  LA: 0.65172
[Test AUPRC]  -  LA: 0.65012
[Test F1-max]  -  LA: 0.75362
Epoch: 66 | Loss: 5.960462772236497e-07  | Negative Loss: 0.0
[Test ROC-AUC]  -  SA: 0.00000,  LA: 0.65211
[Test AUPRC]  -  LA: 0.65098
[Test F1-max]  -  LA: 0.75362
Epoch: 67 | Loss: 5.960462772236497e-07  | Negative Loss: 0.0
[Test ROC-AUC]  -  SA: 0.00000,  LA: 0.65211
[Test AUPRC]  -  LA: 0.65098
[Test F1-max]  -  LA: 0.75362
Epoch: 68 | Loss: 5.960462772236497e-07  | Negative Loss: 0.0
[Test ROC-AUC]  -  SA: 0.00000,  LA: 0.65249
[Test AUPRC]  -  LA: 0.65113
[Test F1-max]  -  LA: 0.75362
Epoch: 69 | Loss: 5.960462772236497e-07  | Negative Loss: 0.0
[Test ROC-AUC]  -  SA: 0.00000,  LA: 0.65268
[Test AUPRC]  -  LA: 0.65140
[Test F1-max]  -  LA: 0.75362
Epoch: 70 | Loss: 5.960462772236497e-07  | Negative Loss: 0.0
[Test ROC-AUC]  -  SA: 0.00000,  LA: 0.65326
[Test AUPRC]  -  LA: 0.65209
[Test F1-max]  -  LA: 0.75362
Epoch: 71 | Loss: 5.960462772236497e-07  | Negative Loss: 0.0
[Test ROC-AUC]  -  SA: 0.00000,  LA: 0.65326
[Test AUPRC]  -  LA: 0.65209
[Test F1-max]  -  LA: 0.75362
Epoch: 72 | Loss: 5.960462772236497e-07  | Negative Loss: 0.0
[Test ROC-AUC]  -  SA: 0.00000,  LA: 0.65326
[Test AUPRC]  -  LA: 0.65209
[Test F1-max]  -  LA: 0.75362
Epoch: 73 | Loss: 5.960462772236497e-07  | Negative Loss: 0.0
[Test ROC-AUC]  -  SA: 0.00000,  LA: 0.65326
[Test AUPRC]  -  LA: 0.65209
[Test F1-max]  -  LA: 0.75362
Epoch: 74 | Loss: 5.960462772236497e-07  | Negative Loss: 0.0
[Test ROC-AUC]  -  SA: 0.00000,  LA: 0.65364
[Test AUPRC]  -  LA: 0.65239
[Test F1-max]  -  LA: 0.75362
Epoch: 75 | Loss: 5.960462772236497e-07  | Negative Loss: 0.0
[Test ROC-AUC]  -  SA: 0.00000,  LA: 0.65364
[Test AUPRC]  -  LA: 0.65239
[Test F1-max]  -  LA: 0.75362
Epoch: 76 | Loss: 5.960462772236497e-07  | Negative Loss: 0.0
[Test ROC-AUC]  -  SA: 0.00000,  LA: 0.65364
[Test AUPRC]  -  LA: 0.65239
[Test F1-max]  -  LA: 0.75362
Epoch: 77 | Loss: 5.960462772236497e-07  | Negative Loss: 0.0
[Test ROC-AUC]  -  SA: 0.00000,  LA: 0.65326
[Test AUPRC]  -  LA: 0.65221
[Test F1-max]  -  LA: 0.75362
Epoch: 78 | Loss: 5.960462772236497e-07  | Negative Loss: 0.0
[Test ROC-AUC]  -  SA: 0.00000,  LA: 0.65307
[Test AUPRC]  -  LA: 0.65180
[Test F1-max]  -  LA: 0.75362
Epoch: 79 | Loss: 5.960462772236497e-07  | Negative Loss: 0.0
[Test ROC-AUC]  -  SA: 0.00000,  LA: 0.65326
[Test AUPRC]  -  LA: 0.65221
[Test F1-max]  -  LA: 0.75362
Epoch: 80 | Loss: 5.960462772236497e-07  | Negative Loss: 0.0
[Test ROC-AUC]  -  SA: 0.00000,  LA: 0.65326
[Test AUPRC]  -  LA: 0.65221
[Test F1-max]  -  LA: 0.75362
Epoch: 81 | Loss: 4.768370445162873e-07  | Negative Loss: 0.0
[Test ROC-AUC]  -  SA: 0.00000,  LA: 0.65326
[Test AUPRC]  -  LA: 0.65221
[Test F1-max]  -  LA: 0.75362
Epoch: 82 | Loss: 4.768370445162873e-07  | Negative Loss: 0.0
[Test ROC-AUC]  -  SA: 0.00000,  LA: 0.65364
[Test AUPRC]  -  LA: 0.65248
[Test F1-max]  -  LA: 0.75362
Epoch: 83 | Loss: 4.768370445162873e-07  | Negative Loss: 0.0
[Test ROC-AUC]  -  SA: 0.00000,  LA: 0.65287
[Test AUPRC]  -  LA: 0.63871
[Test F1-max]  -  LA: 0.75362
Epoch: 84 | Loss: 4.768370445162873e-07  | Negative Loss: 0.0
[Test ROC-AUC]  -  SA: 0.00000,  LA: 0.65326
[Test AUPRC]  -  LA: 0.63896
[Test F1-max]  -  LA: 0.75362
Epoch: 85 | Loss: 4.768370445162873e-07  | Negative Loss: 0.0
[Test ROC-AUC]  -  SA: 0.00000,  LA: 0.65364
[Test AUPRC]  -  LA: 0.63920
[Test F1-max]  -  LA: 0.75362
Epoch: 86 | Loss: 4.768370445162873e-07  | Negative Loss: 0.0
[Test ROC-AUC]  -  SA: 0.00000,  LA: 0.65364
[Test AUPRC]  -  LA: 0.63920
[Test F1-max]  -  LA: 0.75362
Epoch: 87 | Loss: 4.768370445162873e-07  | Negative Loss: 0.0
[Test ROC-AUC]  -  SA: 0.00000,  LA: 0.65364
[Test AUPRC]  -  LA: 0.63920
[Test F1-max]  -  LA: 0.75362
Epoch: 88 | Loss: 4.768370445162873e-07  | Negative Loss: 0.0
[Test ROC-AUC]  -  SA: 0.00000,  LA: 0.65364
[Test AUPRC]  -  LA: 0.63920
[Test F1-max]  -  LA: 0.75362
Epoch: 89 | Loss: 4.768370445162873e-07  | Negative Loss: 0.0
[Test ROC-AUC]  -  SA: 0.00000,  LA: 0.65364
[Test AUPRC]  -  LA: 0.63920
[Test F1-max]  -  LA: 0.75362
Epoch: 90 | Loss: 3.576278118089249e-07  | Negative Loss: 0.0
[Test ROC-AUC]  -  SA: 0.00000,  LA: 0.65287
[Test AUPRC]  -  LA: 0.63864
[Test F1-max]  -  LA: 0.75362
Epoch: 91 | Loss: 3.576278118089249e-07  | Negative Loss: 0.0
[Test ROC-AUC]  -  SA: 0.00000,  LA: 0.65287
[Test AUPRC]  -  LA: 0.63864
[Test F1-max]  -  LA: 0.75362
Epoch: 92 | Loss: 3.576278118089249e-07  | Negative Loss: 0.0
[Test ROC-AUC]  -  SA: 0.00000,  LA: 0.65287
[Test AUPRC]  -  LA: 0.63864
[Test F1-max]  -  LA: 0.75362
Epoch: 93 | Loss: 3.576278118089249e-07  | Negative Loss: 0.0
[Test ROC-AUC]  -  SA: 0.00000,  LA: 0.65287
[Test AUPRC]  -  LA: 0.63864
[Test F1-max]  -  LA: 0.75362
Epoch: 94 | Loss: 3.576278118089249e-07  | Negative Loss: 0.0
[Test ROC-AUC]  -  SA: 0.00000,  LA: 0.65287
[Test AUPRC]  -  LA: 0.63864
[Test F1-max]  -  LA: 0.75362
Epoch: 95 | Loss: 3.576278118089249e-07  | Negative Loss: 0.0
[Test ROC-AUC]  -  SA: 0.00000,  LA: 0.65326
[Test AUPRC]  -  LA: 0.63917
[Test F1-max]  -  LA: 0.75362
Epoch: 96 | Loss: 3.576278118089249e-07  | Negative Loss: 0.0
[Test ROC-AUC]  -  SA: 0.00000,  LA: 0.65287
[Test AUPRC]  -  LA: 0.63900
[Test F1-max]  -  LA: 0.75362
Epoch: 97 | Loss: 3.576278118089249e-07  | Negative Loss: 0.0
[Test ROC-AUC]  -  SA: 0.00000,  LA: 0.65326
[Test AUPRC]  -  LA: 0.63927
[Test F1-max]  -  LA: 0.75362
Epoch: 98 | Loss: 3.576278118089249e-07  | Negative Loss: 0.0
[Test ROC-AUC]  -  SA: 0.00000,  LA: 0.65402
[Test AUPRC]  -  LA: 0.64031
[Test F1-max]  -  LA: 0.75362
Epoch: 99 | Loss: 3.576278118089249e-07  | Negative Loss: 0.0
Time consumption: 101.33478331565857
Best LA AUC: 0.6540229885057471
Best LA AUPC: 0.6644072632824797
Best LA F1-max: 0.763888888888889
[Result] Experiment result appended to ./results/train_hybrid_result.csv

[END] 2026-03-29 10:48:27
[RETURN CODE] 0
