[START] 2026-03-29 10:55:47
[GPU] 0
[TASK] 17/150
[NAME] cable_promptad
[REPEAT] 2/5
[COMMAND] python train_hybrid.py --data_name cable --mask True --text True --double_encoder True --few_shot True --shot 5 --hybrid_model promptad --hybrid_weight 0.3 --hybrid_batch_size 16 --epoch 100 --log True --lr 5e-4 --detection True --preprocess True

/home/seungeon/miniconda3/envs/LAB/lib/python3.10/site-packages/timm/models/layers/__init__.py:48: FutureWarning: Importing from timm.models.layers is deprecated, please import via timm.layers
  warnings.warn(f"Importing from {__name__} is deprecated, please import via timm.layers", FutureWarning)
/home/seungeon/Workspace/side/vlm/train_hybrid.py:18: DeprecationWarning: The distutils package is deprecated and slated for removal in Python 3.12. Use setuptools or check PEP 632 for potential alternatives
  from distutils.util import strtobool
Torch version: 2.9.1+cu128
cuda is loaded for process
here?
In my local computer
Namespace(epoch=100, gpu_number='0', data_name='cable', lr=0.0005, batch_size=6, shuffle=True, seed=0, tag='default', model_name='ViT-B-32', pretrained_name='laion2b_s34b_b79k', lora=1, default=False, foundation='CLIP', detection=1, preprocess=1, num_rule=0, object_names=['a photo of cable'], objects_for_rules=[['a photo of cable'], ['a photo of cable'], ['a photo of cable'], ['a photo of cable'], ['a photo of cable']], texts_for_rules=[['a photo of cable'], ['a photo of cable'], ['a photo of cable'], ['a photo of cable'], ['a photo of cable']], mask=1, text=1, score='mean', ciriculam_learning=False, few_shot=1, shot=5, log=1, neg_loss=0, double_encoder=1, pretrained_count_path=None, ris=0, rule_select='', rule_list=[], num_negative=5, hybrid_model='promptad', hybrid_weight=0.3, hybrid_class_name='', hybrid_batch_size=16, hybrid_backbone='ViT-B-16-plus-240', hybrid_pretrained_dataset='laion400m_e32', hybrid_scales=[2, 3], hybrid_img_resize=240, hybrid_img_cropsize=240, hybrid_resolution=400, hybrid_promptad_epoch=100, hybrid_promptad_lr=0.002, hybrid_promptad_momentum=0.9, hybrid_promptad_weight_decay=0.0005, hybrid_promptad_eta_min=1e-05, hybrid_promptad_lambda1=0.001, hybrid_promptad_n_ctx=4, hybrid_promptad_n_pro=3, hybrid_promptad_n_ctx_ab=1, hybrid_promptad_n_pro_ab=4, early_stop_k=10, result_log_path='./results/train_hybrid_result.csv')
[Hybrid] method=promptad, class_name=cable, train=5, eval=103, base_path=/data3/seungeon/data/image/mvtec_ad/cable
[Hybrid-only] LA_AUC=0.86820, LA_AUPRC=0.88421, LA_F1=0.82258
[Data Description]
- Train: 5
- Test: 103

Train Start
[Test ROC-AUC]  -  SA: 0.00000,  LA: 0.51877
[Test AUPRC]  -  LA: 0.60025
[Test F1-max]  -  LA: 0.73418
Epoch: 0 | Loss: 16.493026733398438  | Negative Loss: 0.0
[Test ROC-AUC]  -  SA: 0.00000,  LA: 0.52414
[Test AUPRC]  -  LA: 0.60670
[Test F1-max]  -  LA: 0.73418
Epoch: 1 | Loss: 16.330995559692383  | Negative Loss: 0.0
[Test ROC-AUC]  -  SA: 0.00000,  LA: 0.60307
[Test AUPRC]  -  LA: 0.66436
[Test F1-max]  -  LA: 0.73885
Epoch: 2 | Loss: 14.304449081420898  | Negative Loss: 0.0
[Test ROC-AUC]  -  SA: 0.00000,  LA: 0.67203
[Test AUPRC]  -  LA: 0.70586
[Test F1-max]  -  LA: 0.75177
Epoch: 3 | Loss: 10.844199180603027  | Negative Loss: 0.0
[Test ROC-AUC]  -  SA: 0.00000,  LA: 0.70077
[Test AUPRC]  -  LA: 0.73311
[Test F1-max]  -  LA: 0.75714
Epoch: 4 | Loss: 6.586821556091309  | Negative Loss: 0.0
[Test ROC-AUC]  -  SA: 0.00000,  LA: 0.70268
[Test AUPRC]  -  LA: 0.74448
[Test F1-max]  -  LA: 0.77698
Epoch: 5 | Loss: 2.892103910446167  | Negative Loss: 0.0
[Test ROC-AUC]  -  SA: 0.00000,  LA: 0.70421
[Test AUPRC]  -  LA: 0.74208
[Test F1-max]  -  LA: 0.78832
Epoch: 6 | Loss: 0.9005542993545532  | Negative Loss: 0.0
[Test ROC-AUC]  -  SA: 0.00000,  LA: 0.70268
[Test AUPRC]  -  LA: 0.72589
[Test F1-max]  -  LA: 0.79433
Epoch: 7 | Loss: 0.26533716917037964  | Negative Loss: 0.0
[Test ROC-AUC]  -  SA: 0.00000,  LA: 0.70383
[Test AUPRC]  -  LA: 0.72311
[Test F1-max]  -  LA: 0.79412
Epoch: 8 | Loss: 0.08709093928337097  | Negative Loss: 0.0
[Test ROC-AUC]  -  SA: 0.00000,  LA: 0.69655
[Test AUPRC]  -  LA: 0.69813
[Test F1-max]  -  LA: 0.78832
Epoch: 9 | Loss: 0.032654769718647  | Negative Loss: 0.0
[Test ROC-AUC]  -  SA: 0.00000,  LA: 0.69732
[Test AUPRC]  -  LA: 0.69794
[Test F1-max]  -  LA: 0.79412
Epoch: 10 | Loss: 0.013442649506032467  | Negative Loss: 0.0
[Test ROC-AUC]  -  SA: 0.00000,  LA: 0.69770
[Test AUPRC]  -  LA: 0.70970
[Test F1-max]  -  LA: 0.79412
Epoch: 11 | Loss: 0.005990542471408844  | Negative Loss: 0.0
[Test ROC-AUC]  -  SA: 0.00000,  LA: 0.69847
[Test AUPRC]  -  LA: 0.71033
[Test F1-max]  -  LA: 0.79412
Epoch: 12 | Loss: 0.0028406318742781878  | Negative Loss: 0.0
[Test ROC-AUC]  -  SA: 0.00000,  LA: 0.70307
[Test AUPRC]  -  LA: 0.70164
[Test F1-max]  -  LA: 0.78832
Epoch: 13 | Loss: 0.0014088333118706942  | Negative Loss: 0.0
[Test ROC-AUC]  -  SA: 0.00000,  LA: 0.70613
[Test AUPRC]  -  LA: 0.70694
[Test F1-max]  -  LA: 0.79137
Epoch: 14 | Loss: 0.0007306146435439587  | Negative Loss: 0.0
[Test ROC-AUC]  -  SA: 0.00000,  LA: 0.71034
[Test AUPRC]  -  LA: 0.71273
[Test F1-max]  -  LA: 0.79137
Epoch: 15 | Loss: 0.0003933227271772921  | Negative Loss: 0.0
[Test ROC-AUC]  -  SA: 0.00000,  LA: 0.71609
[Test AUPRC]  -  LA: 0.71895
[Test F1-max]  -  LA: 0.79137
Epoch: 16 | Loss: 0.00021882967848796397  | Negative Loss: 0.0
[Test ROC-AUC]  -  SA: 0.00000,  LA: 0.71916
[Test AUPRC]  -  LA: 0.72184
[Test F1-max]  -  LA: 0.79137
Epoch: 17 | Loss: 0.0001256652467418462  | Negative Loss: 0.0
[Test ROC-AUC]  -  SA: 0.00000,  LA: 0.73027
[Test AUPRC]  -  LA: 0.73389
[Test F1-max]  -  LA: 0.79412
Epoch: 18 | Loss: 7.445620576618239e-05  | Negative Loss: 0.0
[Test ROC-AUC]  -  SA: 0.00000,  LA: 0.73793
[Test AUPRC]  -  LA: 0.73919
[Test F1-max]  -  LA: 0.79710
Epoch: 19 | Loss: 4.534647086984478e-05  | Negative Loss: 0.0
[Test ROC-AUC]  -  SA: 0.00000,  LA: 0.74751
[Test AUPRC]  -  LA: 0.74854
[Test F1-max]  -  LA: 0.79710
Epoch: 20 | Loss: 2.8466876756283455e-05  | Negative Loss: 0.0
[Test ROC-AUC]  -  SA: 0.00000,  LA: 0.75364
[Test AUPRC]  -  LA: 0.76708
[Test F1-max]  -  LA: 0.79710
Epoch: 21 | Loss: 1.842962774389889e-05  | Negative Loss: 0.0
[Test ROC-AUC]  -  SA: 0.00000,  LA: 0.75862
[Test AUPRC]  -  LA: 0.77357
[Test F1-max]  -  LA: 0.79710
Epoch: 22 | Loss: 1.194471406051889e-05  | Negative Loss: 0.0
[Test ROC-AUC]  -  SA: 0.00000,  LA: 0.76475
[Test AUPRC]  -  LA: 0.77714
[Test F1-max]  -  LA: 0.80000
Epoch: 23 | Loss: 8.130047717713751e-06  | Negative Loss: 0.0
[Test ROC-AUC]  -  SA: 0.00000,  LA: 0.77203
[Test AUPRC]  -  LA: 0.78204
[Test F1-max]  -  LA: 0.80000
Epoch: 24 | Loss: 5.6266653700731695e-06  | Negative Loss: 0.0
[Test ROC-AUC]  -  SA: 0.00000,  LA: 0.77854
[Test AUPRC]  -  LA: 0.78683
[Test F1-max]  -  LA: 0.80000
Epoch: 25 | Loss: 3.933899733965518e-06  | Negative Loss: 0.0
[Test ROC-AUC]  -  SA: 0.00000,  LA: 0.78736
[Test AUPRC]  -  LA: 0.80518
[Test F1-max]  -  LA: 0.80292
Epoch: 26 | Loss: 2.7894939194084145e-06  | Negative Loss: 0.0
[Test ROC-AUC]  -  SA: 0.00000,  LA: 0.79310
[Test AUPRC]  -  LA: 0.81255
[Test F1-max]  -  LA: 0.80292
Epoch: 27 | Loss: 2.16960711441061e-06  | Negative Loss: 0.0
[Test ROC-AUC]  -  SA: 0.00000,  LA: 0.79885
[Test AUPRC]  -  LA: 0.81558
[Test F1-max]  -  LA: 0.80292
Epoch: 28 | Loss: 1.5974032976373564e-06  | Negative Loss: 0.0
[Test ROC-AUC]  -  SA: 0.00000,  LA: 0.79962
[Test AUPRC]  -  LA: 0.81600
[Test F1-max]  -  LA: 0.80000
Epoch: 29 | Loss: 1.12056670786842e-06  | Negative Loss: 0.0
[Test ROC-AUC]  -  SA: 0.00000,  LA: 0.80268
[Test AUPRC]  -  LA: 0.82090
[Test F1-max]  -  LA: 0.80576
Epoch: 30 | Loss: 8.82148356140533e-07  | Negative Loss: 0.0
[Test ROC-AUC]  -  SA: 0.00000,  LA: 0.80613
[Test AUPRC]  -  LA: 0.82478
[Test F1-max]  -  LA: 0.80576
Epoch: 31 | Loss: 6.437299475692271e-07  | Negative Loss: 0.0
[Test ROC-AUC]  -  SA: 0.00000,  LA: 0.80805
[Test AUPRC]  -  LA: 0.82588
[Test F1-max]  -  LA: 0.80576
Epoch: 32 | Loss: 5.483626068780723e-07  | Negative Loss: 0.0
[Test ROC-AUC]  -  SA: 0.00000,  LA: 0.80920
[Test AUPRC]  -  LA: 0.82644
[Test F1-max]  -  LA: 0.80576
Epoch: 33 | Loss: 4.768370729379967e-07  | Negative Loss: 0.0
[Test ROC-AUC]  -  SA: 0.00000,  LA: 0.81034
[Test AUPRC]  -  LA: 0.82784
[Test F1-max]  -  LA: 0.80576
Epoch: 34 | Loss: 4.053114821545023e-07  | Negative Loss: 0.0
[Test ROC-AUC]  -  SA: 0.00000,  LA: 0.81303
[Test AUPRC]  -  LA: 0.83313
[Test F1-max]  -  LA: 0.80576
Epoch: 35 | Loss: 3.814696469817136e-07  | Negative Loss: 0.0
[Test ROC-AUC]  -  SA: 0.00000,  LA: 0.81494
[Test AUPRC]  -  LA: 0.83544
[Test F1-max]  -  LA: 0.80576
Epoch: 36 | Loss: 2.861022494471399e-07  | Negative Loss: 0.0
[Test ROC-AUC]  -  SA: 0.00000,  LA: 0.81609
[Test AUPRC]  -  LA: 0.83625
[Test F1-max]  -  LA: 0.80672
Epoch: 37 | Loss: 2.1457670129620965e-07  | Negative Loss: 0.0
[Test ROC-AUC]  -  SA: 0.00000,  LA: 0.81686
[Test AUPRC]  -  LA: 0.83677
[Test F1-max]  -  LA: 0.80672
Epoch: 38 | Loss: 1.4305113893442467e-07  | Negative Loss: 0.0
[Test ROC-AUC]  -  SA: 0.00000,  LA: 0.81762
[Test AUPRC]  -  LA: 0.83729
[Test F1-max]  -  LA: 0.80882
Epoch: 39 | Loss: 1.4305113893442467e-07  | Negative Loss: 0.0
[Test ROC-AUC]  -  SA: 0.00000,  LA: 0.82107
[Test AUPRC]  -  LA: 0.84022
[Test F1-max]  -  LA: 0.81667
Epoch: 40 | Loss: 1.1920927533992653e-07  | Negative Loss: 0.0
[Test ROC-AUC]  -  SA: 0.00000,  LA: 0.82184
[Test AUPRC]  -  LA: 0.84112
[Test F1-max]  -  LA: 0.81667
Epoch: 41 | Loss: 1.1920927533992653e-07  | Negative Loss: 0.0
[Test ROC-AUC]  -  SA: 0.00000,  LA: 0.82184
[Test AUPRC]  -  LA: 0.84112
[Test F1-max]  -  LA: 0.81667
Epoch: 42 | Loss: 1.1920927533992653e-07  | Negative Loss: 0.0
[Test ROC-AUC]  -  SA: 0.00000,  LA: 0.82222
[Test AUPRC]  -  LA: 0.84141
[Test F1-max]  -  LA: 0.81667
Epoch: 43 | Loss: 1.1920927533992653e-07  | Negative Loss: 0.0
[Test ROC-AUC]  -  SA: 0.00000,  LA: 0.82222
[Test AUPRC]  -  LA: 0.84120
[Test F1-max]  -  LA: 0.81667
Epoch: 44 | Loss: 1.1920927533992653e-07  | Negative Loss: 0.0
[Test ROC-AUC]  -  SA: 0.00000,  LA: 0.82222
[Test AUPRC]  -  LA: 0.84120
[Test F1-max]  -  LA: 0.81667
Epoch: 45 | Loss: 1.1920927533992653e-07  | Negative Loss: 0.0
[Test ROC-AUC]  -  SA: 0.00000,  LA: 0.82261
[Test AUPRC]  -  LA: 0.84159
[Test F1-max]  -  LA: 0.81667
Epoch: 46 | Loss: 9.536742595628311e-08  | Negative Loss: 0.0
[Test ROC-AUC]  -  SA: 0.00000,  LA: 0.82337
[Test AUPRC]  -  LA: 0.84265
[Test F1-max]  -  LA: 0.81667
Epoch: 47 | Loss: 9.536742595628311e-08  | Negative Loss: 0.0
[Test ROC-AUC]  -  SA: 0.00000,  LA: 0.82375
[Test AUPRC]  -  LA: 0.84291
[Test F1-max]  -  LA: 0.81667
Epoch: 48 | Loss: 9.536742595628311e-08  | Negative Loss: 0.0
[Test ROC-AUC]  -  SA: 0.00000,  LA: 0.82414
[Test AUPRC]  -  LA: 0.84333
[Test F1-max]  -  LA: 0.81667
Epoch: 49 | Loss: 9.536742595628311e-08  | Negative Loss: 0.0
[Test ROC-AUC]  -  SA: 0.00000,  LA: 0.82452
[Test AUPRC]  -  LA: 0.84364
[Test F1-max]  -  LA: 0.81667
Epoch: 50 | Loss: 7.152556946721234e-08  | Negative Loss: 0.0
[Test ROC-AUC]  -  SA: 0.00000,  LA: 0.82452
[Test AUPRC]  -  LA: 0.84364
[Test F1-max]  -  LA: 0.81667
Epoch: 51 | Loss: 4.768371297814156e-08  | Negative Loss: 0.0
[Test ROC-AUC]  -  SA: 0.00000,  LA: 0.82452
[Test AUPRC]  -  LA: 0.84364
[Test F1-max]  -  LA: 0.81667
Epoch: 52 | Loss: 4.768371297814156e-08  | Negative Loss: 0.0
[Test ROC-AUC]  -  SA: 0.00000,  LA: 0.82452
[Test AUPRC]  -  LA: 0.84364
[Test F1-max]  -  LA: 0.81667
Epoch: 53 | Loss: 4.768371297814156e-08  | Negative Loss: 0.0
[Test ROC-AUC]  -  SA: 0.00000,  LA: 0.82452
[Test AUPRC]  -  LA: 0.84387
[Test F1-max]  -  LA: 0.81667
Epoch: 54 | Loss: 2.384185648907078e-08  | Negative Loss: 0.0
[Test ROC-AUC]  -  SA: 0.00000,  LA: 0.82452
[Test AUPRC]  -  LA: 0.84387
[Test F1-max]  -  LA: 0.81667
Epoch: 55 | Loss: 2.384185648907078e-08  | Negative Loss: 0.0
[Test ROC-AUC]  -  SA: 0.00000,  LA: 0.82452
[Test AUPRC]  -  LA: 0.84387
[Test F1-max]  -  LA: 0.81667
Epoch: 56 | Loss: 2.384185648907078e-08  | Negative Loss: 0.0
[Test ROC-AUC]  -  SA: 0.00000,  LA: 0.82414
[Test AUPRC]  -  LA: 0.84359
[Test F1-max]  -  LA: 0.81667
Epoch: 57 | Loss: 2.384185648907078e-08  | Negative Loss: 0.0
[Test ROC-AUC]  -  SA: 0.00000,  LA: 0.82414
[Test AUPRC]  -  LA: 0.84359
[Test F1-max]  -  LA: 0.81667
Epoch: 58 | Loss: 2.384185648907078e-08  | Negative Loss: 0.0
[Test ROC-AUC]  -  SA: 0.00000,  LA: 0.82452
[Test AUPRC]  -  LA: 0.84375
[Test F1-max]  -  LA: 0.81667
Epoch: 59 | Loss: 2.384185648907078e-08  | Negative Loss: 0.0
[Test ROC-AUC]  -  SA: 0.00000,  LA: 0.82452
[Test AUPRC]  -  LA: 0.84375
[Test F1-max]  -  LA: 0.81667
Epoch: 60 | Loss: 2.384185648907078e-08  | Negative Loss: 0.0
[Test ROC-AUC]  -  SA: 0.00000,  LA: 0.82414
[Test AUPRC]  -  LA: 0.84360
[Test F1-max]  -  LA: 0.81667
Epoch: 61 | Loss: 2.384185648907078e-08  | Negative Loss: 0.0
[Test ROC-AUC]  -  SA: 0.00000,  LA: 0.82452
[Test AUPRC]  -  LA: 0.84401
[Test F1-max]  -  LA: 0.81667
Epoch: 62 | Loss: 0.0  | Negative Loss: 0.0
Time consumption: 66.97223806381226
Best LA AUC: 0.824521072796935
Best LA AUPC: 0.8440139127390501
Best LA F1-max: 0.8166666666666667
[Result] Experiment result appended to ./results/train_hybrid_result.csv

[END] 2026-03-29 10:58:39
[RETURN CODE] 0
