[START] 2026-03-18 15:57:35
[GPU] 1
[INDEX] 32/40
[COMMAND] python train_hybrid.py --data_name orange_juice --mask True --text True --double_encoder True --few_shot True --shot 5 --hybrid_model promptad --hybrid_weight 0.3 --hybrid_batch_size 16 --epoch 100 --log True --lr 5e-4 --detection True --preprocess True

/home/seungeon/miniconda3/envs/LAB/lib/python3.10/site-packages/timm/models/layers/__init__.py:48: FutureWarning: Importing from timm.models.layers is deprecated, please import via timm.layers
  warnings.warn(f"Importing from {__name__} is deprecated, please import via timm.layers", FutureWarning)
/home/seungeon/Workspace/side/vlm/train_hybrid.py:18: DeprecationWarning: The distutils package is deprecated and slated for removal in Python 3.12. Use setuptools or check PEP 632 for potential alternatives
  from distutils.util import strtobool
Torch version: 2.9.1+cu128
cuda is loaded for process
here?
In my local computer
Namespace(epoch=100, gpu_number='0', data_name='orange_juice', lr=0.0005, batch_size=6, shuffle=True, seed=0, tag='default', model_name='ViT-B-32', pretrained_name='laion2b_s34b_b79k', lora=1, default=False, foundation='CLIP', detection=1, preprocess=1, num_rule=0, object_names=['a orange picture label', 'a 100% text label', 'a bottle cap', 'a black background'], objects_for_rules=[['a orange picture label'], ['a orange picture label', 'a 100% text label'], ['a orange picture label'], ['a 100% text label'], ['a orange picture label', 'a 100% text label']], texts_for_rules=[['a photo of orange picture label'], ['a photo of orange picture label and 100% text label'], ['a photo of orange picture label'], ['a photo of 100% text label'], ['a photo of orange picture label and 100% text label']], mask=1, text=1, score='mean', ciriculam_learning=False, few_shot=1, shot=5, log=1, neg_loss=0, double_encoder=1, pretrained_count_path=None, ris=0, rule_select='', rule_list=[], num_negative=5, hybrid_model='promptad', hybrid_weight=0.3, hybrid_class_name='', hybrid_batch_size=16, hybrid_backbone='ViT-B-16-plus-240', hybrid_pretrained_dataset='laion400m_e32', hybrid_scales=[2, 3], hybrid_img_resize=240, hybrid_img_cropsize=240, hybrid_resolution=400, hybrid_promptad_epoch=100, hybrid_promptad_lr=0.002, hybrid_promptad_momentum=0.9, hybrid_promptad_weight_decay=0.0005, hybrid_promptad_eta_min=1e-05, hybrid_promptad_lambda1=0.001, hybrid_promptad_n_ctx=4, hybrid_promptad_n_pro=3, hybrid_promptad_n_ctx_ab=1, hybrid_promptad_n_pro_ab=4, early_stop_k=10, result_log_path='./results/train_hybrid_result.csv')
[Hybrid] method=promptad, class_name=juice_bottle, train=5, eval=78, base_path=/data3/seungeon/data/image/mvtec_loco_anomaly_detection/orange_juice
[Hybrid-only] LA_AUC=0.82935, LA_AUPRC=0.64562, LA_F1=0.75758
[Data Description]
- Train: 5
- Test: 78

Train Start
[Test ROC-AUC]  -  SA: 0.00000,  LA: 0.49754
[Test AUPRC]  -  LA: 0.34093
[Test F1-max]  -  LA: 0.57426
Epoch: 0 | Loss: 13.11075210571289  | Negative Loss: 0.0
[Test ROC-AUC]  -  SA: 0.00000,  LA: 0.51232
[Test AUPRC]  -  LA: 0.34868
[Test F1-max]  -  LA: 0.57426
Epoch: 1 | Loss: 13.005390167236328  | Negative Loss: 0.0
[Test ROC-AUC]  -  SA: 0.00000,  LA: 0.63125
[Test AUPRC]  -  LA: 0.43527
[Test F1-max]  -  LA: 0.60606
Epoch: 2 | Loss: 11.73343563079834  | Negative Loss: 0.0
[Test ROC-AUC]  -  SA: 0.00000,  LA: 0.71992
[Test AUPRC]  -  LA: 0.50955
[Test F1-max]  -  LA: 0.65909
Epoch: 3 | Loss: 9.59996509552002  | Negative Loss: 0.0
[Test ROC-AUC]  -  SA: 0.00000,  LA: 0.76284
[Test AUPRC]  -  LA: 0.60171
[Test F1-max]  -  LA: 0.69136
Epoch: 4 | Loss: 6.8658833503723145  | Negative Loss: 0.0
[Test ROC-AUC]  -  SA: 0.00000,  LA: 0.78044
[Test AUPRC]  -  LA: 0.62229
[Test F1-max]  -  LA: 0.70886
Epoch: 5 | Loss: 4.221683502197266  | Negative Loss: 0.0
[Test ROC-AUC]  -  SA: 0.00000,  LA: 0.78466
[Test AUPRC]  -  LA: 0.64150
[Test F1-max]  -  LA: 0.72222
Epoch: 6 | Loss: 2.341002941131592  | Negative Loss: 0.0
[Test ROC-AUC]  -  SA: 0.00000,  LA: 0.78184
[Test AUPRC]  -  LA: 0.62497
[Test F1-max]  -  LA: 0.72222
Epoch: 7 | Loss: 1.3013230562210083  | Negative Loss: 0.0
[Test ROC-AUC]  -  SA: 0.00000,  LA: 0.79381
[Test AUPRC]  -  LA: 0.65153
[Test F1-max]  -  LA: 0.73973
Epoch: 8 | Loss: 0.7532485723495483  | Negative Loss: 0.0
[Test ROC-AUC]  -  SA: 0.00000,  LA: 0.79944
[Test AUPRC]  -  LA: 0.65669
[Test F1-max]  -  LA: 0.73973
Epoch: 9 | Loss: 0.44129472970962524  | Negative Loss: 0.0
[Test ROC-AUC]  -  SA: 0.00000,  LA: 0.80507
[Test AUPRC]  -  LA: 0.66412
[Test F1-max]  -  LA: 0.74286
Epoch: 10 | Loss: 0.25261545181274414  | Negative Loss: 0.0
[Test ROC-AUC]  -  SA: 0.00000,  LA: 0.81070
[Test AUPRC]  -  LA: 0.67590
[Test F1-max]  -  LA: 0.74627
Epoch: 11 | Loss: 0.13837341964244843  | Negative Loss: 0.0
[Test ROC-AUC]  -  SA: 0.00000,  LA: 0.81351
[Test AUPRC]  -  LA: 0.68304
[Test F1-max]  -  LA: 0.75000
Epoch: 12 | Loss: 0.07253837585449219  | Negative Loss: 0.0
[Test ROC-AUC]  -  SA: 0.00000,  LA: 0.82055
[Test AUPRC]  -  LA: 0.69040
[Test F1-max]  -  LA: 0.76056
Epoch: 13 | Loss: 0.03723946213722229  | Negative Loss: 0.0
[Test ROC-AUC]  -  SA: 0.00000,  LA: 0.82477
[Test AUPRC]  -  LA: 0.69994
[Test F1-max]  -  LA: 0.75000
Epoch: 14 | Loss: 0.01901950314640999  | Negative Loss: 0.0
[Test ROC-AUC]  -  SA: 0.00000,  LA: 0.82548
[Test AUPRC]  -  LA: 0.69684
[Test F1-max]  -  LA: 0.75000
Epoch: 15 | Loss: 0.009758555330336094  | Negative Loss: 0.0
[Test ROC-AUC]  -  SA: 0.00000,  LA: 0.82618
[Test AUPRC]  -  LA: 0.69615
[Test F1-max]  -  LA: 0.75000
Epoch: 16 | Loss: 0.00504694040864706  | Negative Loss: 0.0
[Test ROC-AUC]  -  SA: 0.00000,  LA: 0.82970
[Test AUPRC]  -  LA: 0.69680
[Test F1-max]  -  LA: 0.75362
Epoch: 17 | Loss: 0.0026594686787575483  | Negative Loss: 0.0
[Test ROC-AUC]  -  SA: 0.00000,  LA: 0.83392
[Test AUPRC]  -  LA: 0.70475
[Test F1-max]  -  LA: 0.75362
Epoch: 18 | Loss: 0.0014375073369592428  | Negative Loss: 0.0
[Test ROC-AUC]  -  SA: 0.00000,  LA: 0.83673
[Test AUPRC]  -  LA: 0.71711
[Test F1-max]  -  LA: 0.75362
Epoch: 19 | Loss: 0.0007973219617269933  | Negative Loss: 0.0
[Test ROC-AUC]  -  SA: 0.00000,  LA: 0.83603
[Test AUPRC]  -  LA: 0.70980
[Test F1-max]  -  LA: 0.75362
Epoch: 20 | Loss: 0.0004536662017926574  | Negative Loss: 0.0
[Test ROC-AUC]  -  SA: 0.00000,  LA: 0.83533
[Test AUPRC]  -  LA: 0.69763
[Test F1-max]  -  LA: 0.76471
Epoch: 21 | Loss: 0.00026463711401447654  | Negative Loss: 0.0
[Test ROC-AUC]  -  SA: 0.00000,  LA: 0.83673
[Test AUPRC]  -  LA: 0.69888
[Test F1-max]  -  LA: 0.76471
Epoch: 22 | Loss: 0.00015848941984586418  | Negative Loss: 0.0
[Test ROC-AUC]  -  SA: 0.00000,  LA: 0.84236
[Test AUPRC]  -  LA: 0.70744
[Test F1-max]  -  LA: 0.76471
Epoch: 23 | Loss: 9.741356916492805e-05  | Negative Loss: 0.0
[Test ROC-AUC]  -  SA: 0.00000,  LA: 0.84729
[Test AUPRC]  -  LA: 0.71818
[Test F1-max]  -  LA: 0.76471
Epoch: 24 | Loss: 6.153412687126547e-05  | Negative Loss: 0.0
[Test ROC-AUC]  -  SA: 0.00000,  LA: 0.84870
[Test AUPRC]  -  LA: 0.71880
[Test F1-max]  -  LA: 0.77612
Epoch: 25 | Loss: 3.988671596744098e-05  | Negative Loss: 0.0
[Test ROC-AUC]  -  SA: 0.00000,  LA: 0.84940
[Test AUPRC]  -  LA: 0.71960
[Test F1-max]  -  LA: 0.77612
Epoch: 26 | Loss: 2.64879890892189e-05  | Negative Loss: 0.0
[Test ROC-AUC]  -  SA: 0.00000,  LA: 0.85081
[Test AUPRC]  -  LA: 0.72078
[Test F1-max]  -  LA: 0.77612
Epoch: 27 | Loss: 1.816734584281221e-05  | Negative Loss: 0.0
[Test ROC-AUC]  -  SA: 0.00000,  LA: 0.85011
[Test AUPRC]  -  LA: 0.72083
[Test F1-max]  -  LA: 0.76471
Epoch: 28 | Loss: 1.2707637324638199e-05  | Negative Loss: 0.0
[Test ROC-AUC]  -  SA: 0.00000,  LA: 0.85011
[Test AUPRC]  -  LA: 0.72083
[Test F1-max]  -  LA: 0.76471
Epoch: 29 | Loss: 9.01218481885735e-06  | Negative Loss: 0.0
[Test ROC-AUC]  -  SA: 0.00000,  LA: 0.84940
[Test AUPRC]  -  LA: 0.72021
[Test F1-max]  -  LA: 0.76471
Epoch: 30 | Loss: 6.6995417000725865e-06  | Negative Loss: 0.0
[Test ROC-AUC]  -  SA: 0.00000,  LA: 0.85011
[Test AUPRC]  -  LA: 0.72053
[Test F1-max]  -  LA: 0.76471
Epoch: 31 | Loss: 4.911411906505236e-06  | Negative Loss: 0.0
[Test ROC-AUC]  -  SA: 0.00000,  LA: 0.85151
[Test AUPRC]  -  LA: 0.72217
[Test F1-max]  -  LA: 0.76471
Epoch: 32 | Loss: 3.7431650525832083e-06  | Negative Loss: 0.0
[Test ROC-AUC]  -  SA: 0.00000,  LA: 0.85222
[Test AUPRC]  -  LA: 0.72128
[Test F1-max]  -  LA: 0.76471
Epoch: 33 | Loss: 2.9563866519310977e-06  | Negative Loss: 0.0
[Test ROC-AUC]  -  SA: 0.00000,  LA: 0.85292
[Test AUPRC]  -  LA: 0.72342
[Test F1-max]  -  LA: 0.76471
Epoch: 34 | Loss: 2.408025011391146e-06  | Negative Loss: 0.0
[Test ROC-AUC]  -  SA: 0.00000,  LA: 0.85433
[Test AUPRC]  -  LA: 0.72504
[Test F1-max]  -  LA: 0.76471
Epoch: 35 | Loss: 1.8596634845380322e-06  | Negative Loss: 0.0
[Test ROC-AUC]  -  SA: 0.00000,  LA: 0.85433
[Test AUPRC]  -  LA: 0.72856
[Test F1-max]  -  LA: 0.76471
Epoch: 36 | Loss: 1.5020360706330393e-06  | Negative Loss: 0.0
[Test ROC-AUC]  -  SA: 0.00000,  LA: 0.85362
[Test AUPRC]  -  LA: 0.72689
[Test F1-max]  -  LA: 0.76471
Epoch: 37 | Loss: 1.2159341622464126e-06  | Negative Loss: 0.0
[Test ROC-AUC]  -  SA: 0.00000,  LA: 0.85503
[Test AUPRC]  -  LA: 0.73158
[Test F1-max]  -  LA: 0.76471
Epoch: 38 | Loss: 1.0251992534904275e-06  | Negative Loss: 0.0
[Test ROC-AUC]  -  SA: 0.00000,  LA: 0.85644
[Test AUPRC]  -  LA: 0.73386
[Test F1-max]  -  LA: 0.76471
Epoch: 39 | Loss: 8.583065209677443e-07  | Negative Loss: 0.0
[Test ROC-AUC]  -  SA: 0.00000,  LA: 0.85574
[Test AUPRC]  -  LA: 0.73182
[Test F1-max]  -  LA: 0.76471
Epoch: 40 | Loss: 7.390972882603819e-07  | Negative Loss: 0.0
[Test ROC-AUC]  -  SA: 0.00000,  LA: 0.85644
[Test AUPRC]  -  LA: 0.73131
[Test F1-max]  -  LA: 0.76471
Epoch: 41 | Loss: 6.437299475692271e-07  | Negative Loss: 0.0
[Test ROC-AUC]  -  SA: 0.00000,  LA: 0.85644
[Test AUPRC]  -  LA: 0.73131
[Test F1-max]  -  LA: 0.76471
Epoch: 42 | Loss: 5.245207148618647e-07  | Negative Loss: 0.0
[Test ROC-AUC]  -  SA: 0.00000,  LA: 0.85644
[Test AUPRC]  -  LA: 0.73123
[Test F1-max]  -  LA: 0.76471
Epoch: 43 | Loss: 4.7683701609457785e-07  | Negative Loss: 0.0
[Test ROC-AUC]  -  SA: 0.00000,  LA: 0.85644
[Test AUPRC]  -  LA: 0.73105
[Test F1-max]  -  LA: 0.76471
Epoch: 44 | Loss: 4.768370729379967e-07  | Negative Loss: 0.0
[Test ROC-AUC]  -  SA: 0.00000,  LA: 0.85785
[Test AUPRC]  -  LA: 0.73175
[Test F1-max]  -  LA: 0.76471
Epoch: 45 | Loss: 3.814696469817136e-07  | Negative Loss: 0.0
[Test ROC-AUC]  -  SA: 0.00000,  LA: 0.85996
[Test AUPRC]  -  LA: 0.73342
[Test F1-max]  -  LA: 0.76712
Epoch: 46 | Loss: 3.576278118089249e-07  | Negative Loss: 0.0
[Test ROC-AUC]  -  SA: 0.00000,  LA: 0.85925
[Test AUPRC]  -  LA: 0.73269
[Test F1-max]  -  LA: 0.76712
Epoch: 47 | Loss: 3.337859766361362e-07  | Negative Loss: 0.0
[Test ROC-AUC]  -  SA: 0.00000,  LA: 0.86137
[Test AUPRC]  -  LA: 0.73464
[Test F1-max]  -  LA: 0.77778
Epoch: 48 | Loss: 3.337859766361362e-07  | Negative Loss: 0.0
[Test ROC-AUC]  -  SA: 0.00000,  LA: 0.86207
[Test AUPRC]  -  LA: 0.73548
[Test F1-max]  -  LA: 0.77778
Epoch: 49 | Loss: 2.861022494471399e-07  | Negative Loss: 0.0
[Test ROC-AUC]  -  SA: 0.00000,  LA: 0.86277
[Test AUPRC]  -  LA: 0.73609
[Test F1-max]  -  LA: 0.77778
Epoch: 50 | Loss: 2.861022494471399e-07  | Negative Loss: 0.0
[Test ROC-AUC]  -  SA: 0.00000,  LA: 0.86348
[Test AUPRC]  -  LA: 0.73824
[Test F1-max]  -  LA: 0.77778
Epoch: 51 | Loss: 2.622603858526418e-07  | Negative Loss: 0.0
[Test ROC-AUC]  -  SA: 0.00000,  LA: 0.86348
[Test AUPRC]  -  LA: 0.73824
[Test F1-max]  -  LA: 0.77778
Epoch: 52 | Loss: 2.3841853646899835e-07  | Negative Loss: 0.0
[Test ROC-AUC]  -  SA: 0.00000,  LA: 0.86418
[Test AUPRC]  -  LA: 0.73896
[Test F1-max]  -  LA: 0.77778
Epoch: 53 | Loss: 2.3841853646899835e-07  | Negative Loss: 0.0
[Test ROC-AUC]  -  SA: 0.00000,  LA: 0.86418
[Test AUPRC]  -  LA: 0.73896
[Test F1-max]  -  LA: 0.77778
Epoch: 54 | Loss: 2.1457670129620965e-07  | Negative Loss: 0.0
[Test ROC-AUC]  -  SA: 0.00000,  LA: 0.86383
[Test AUPRC]  -  LA: 0.73711
[Test F1-max]  -  LA: 0.77778
Epoch: 55 | Loss: 2.1457670129620965e-07  | Negative Loss: 0.0
[Test ROC-AUC]  -  SA: 0.00000,  LA: 0.86418
[Test AUPRC]  -  LA: 0.73570
[Test F1-max]  -  LA: 0.78788
Epoch: 56 | Loss: 2.1457670129620965e-07  | Negative Loss: 0.0
[Test ROC-AUC]  -  SA: 0.00000,  LA: 0.86418
[Test AUPRC]  -  LA: 0.73570
[Test F1-max]  -  LA: 0.78788
Epoch: 57 | Loss: 2.1457670129620965e-07  | Negative Loss: 0.0
[Test ROC-AUC]  -  SA: 0.00000,  LA: 0.86418
[Test AUPRC]  -  LA: 0.73570
[Test F1-max]  -  LA: 0.78788
Epoch: 58 | Loss: 2.1457670129620965e-07  | Negative Loss: 0.0
[Test ROC-AUC]  -  SA: 0.00000,  LA: 0.86488
[Test AUPRC]  -  LA: 0.73604
[Test F1-max]  -  LA: 0.78788
Epoch: 59 | Loss: 2.1457670129620965e-07  | Negative Loss: 0.0
[Test ROC-AUC]  -  SA: 0.00000,  LA: 0.86488
[Test AUPRC]  -  LA: 0.73604
[Test F1-max]  -  LA: 0.78788
Epoch: 60 | Loss: 1.668929883180681e-07  | Negative Loss: 0.0
[Test ROC-AUC]  -  SA: 0.00000,  LA: 0.86488
[Test AUPRC]  -  LA: 0.73604
[Test F1-max]  -  LA: 0.78788
Epoch: 61 | Loss: 1.4305113893442467e-07  | Negative Loss: 0.0
[Test ROC-AUC]  -  SA: 0.00000,  LA: 0.86559
[Test AUPRC]  -  LA: 0.73737
[Test F1-max]  -  LA: 0.78788
Epoch: 62 | Loss: 1.4305113893442467e-07  | Negative Loss: 0.0
[Test ROC-AUC]  -  SA: 0.00000,  LA: 0.86559
[Test AUPRC]  -  LA: 0.73737
[Test F1-max]  -  LA: 0.78788
Epoch: 63 | Loss: 1.4305113893442467e-07  | Negative Loss: 0.0
[Test ROC-AUC]  -  SA: 0.00000,  LA: 0.86559
[Test AUPRC]  -  LA: 0.73737
[Test F1-max]  -  LA: 0.78788
Epoch: 64 | Loss: 1.4305113893442467e-07  | Negative Loss: 0.0
[Test ROC-AUC]  -  SA: 0.00000,  LA: 0.86559
[Test AUPRC]  -  LA: 0.73733
[Test F1-max]  -  LA: 0.78788
Epoch: 65 | Loss: 1.4305113893442467e-07  | Negative Loss: 0.0
[Test ROC-AUC]  -  SA: 0.00000,  LA: 0.86559
[Test AUPRC]  -  LA: 0.73737
[Test F1-max]  -  LA: 0.78788
Epoch: 66 | Loss: 1.4305113893442467e-07  | Negative Loss: 0.0
[Test ROC-AUC]  -  SA: 0.00000,  LA: 0.86559
[Test AUPRC]  -  LA: 0.73737
[Test F1-max]  -  LA: 0.78788
Epoch: 67 | Loss: 1.4305113893442467e-07  | Negative Loss: 0.0
[Test ROC-AUC]  -  SA: 0.00000,  LA: 0.86559
[Test AUPRC]  -  LA: 0.73737
[Test F1-max]  -  LA: 0.78788
Epoch: 68 | Loss: 1.4305113893442467e-07  | Negative Loss: 0.0
[Test ROC-AUC]  -  SA: 0.00000,  LA: 0.86559
[Test AUPRC]  -  LA: 0.73737
[Test F1-max]  -  LA: 0.78788
Epoch: 69 | Loss: 1.4305113893442467e-07  | Negative Loss: 0.0
[Test ROC-AUC]  -  SA: 0.00000,  LA: 0.86559
[Test AUPRC]  -  LA: 0.73737
[Test F1-max]  -  LA: 0.78788
Epoch: 70 | Loss: 1.4305113893442467e-07  | Negative Loss: 0.0
[Test ROC-AUC]  -  SA: 0.00000,  LA: 0.86559
[Test AUPRC]  -  LA: 0.73737
[Test F1-max]  -  LA: 0.78788
Epoch: 71 | Loss: 1.4305113893442467e-07  | Negative Loss: 0.0
[Test ROC-AUC]  -  SA: 0.00000,  LA: 0.86629
[Test AUPRC]  -  LA: 0.73772
[Test F1-max]  -  LA: 0.78788
Epoch: 72 | Loss: 1.4305113893442467e-07  | Negative Loss: 0.0
[Test ROC-AUC]  -  SA: 0.00000,  LA: 0.86629
[Test AUPRC]  -  LA: 0.73772
[Test F1-max]  -  LA: 0.78788
Epoch: 73 | Loss: 1.4305113893442467e-07  | Negative Loss: 0.0
[Test ROC-AUC]  -  SA: 0.00000,  LA: 0.86629
[Test AUPRC]  -  LA: 0.73772
[Test F1-max]  -  LA: 0.78788
Epoch: 74 | Loss: 1.4305113893442467e-07  | Negative Loss: 0.0
[Test ROC-AUC]  -  SA: 0.00000,  LA: 0.86629
[Test AUPRC]  -  LA: 0.73772
[Test F1-max]  -  LA: 0.78788
Epoch: 75 | Loss: 1.4305113893442467e-07  | Negative Loss: 0.0
[Test ROC-AUC]  -  SA: 0.00000,  LA: 0.86664
[Test AUPRC]  -  LA: 0.73977
[Test F1-max]  -  LA: 0.78788
Epoch: 76 | Loss: 1.4305113893442467e-07  | Negative Loss: 0.0
[Test ROC-AUC]  -  SA: 0.00000,  LA: 0.86664
[Test AUPRC]  -  LA: 0.73977
[Test F1-max]  -  LA: 0.78788
Epoch: 77 | Loss: 1.4305113893442467e-07  | Negative Loss: 0.0
[Test ROC-AUC]  -  SA: 0.00000,  LA: 0.86700
[Test AUPRC]  -  LA: 0.74162
[Test F1-max]  -  LA: 0.78788
Epoch: 78 | Loss: 1.4305113893442467e-07  | Negative Loss: 0.0
[Test ROC-AUC]  -  SA: 0.00000,  LA: 0.86700
[Test AUPRC]  -  LA: 0.74162
[Test F1-max]  -  LA: 0.78788
Epoch: 79 | Loss: 1.4305113893442467e-07  | Negative Loss: 0.0
[Test ROC-AUC]  -  SA: 0.00000,  LA: 0.86700
[Test AUPRC]  -  LA: 0.74162
[Test F1-max]  -  LA: 0.78788
Epoch: 80 | Loss: 1.4305113893442467e-07  | Negative Loss: 0.0
[Test ROC-AUC]  -  SA: 0.00000,  LA: 0.86700
[Test AUPRC]  -  LA: 0.74162
[Test F1-max]  -  LA: 0.78788
Epoch: 81 | Loss: 1.4305113893442467e-07  | Negative Loss: 0.0
[Test ROC-AUC]  -  SA: 0.00000,  LA: 0.86700
[Test AUPRC]  -  LA: 0.74162
[Test F1-max]  -  LA: 0.78788
Epoch: 82 | Loss: 1.4305113893442467e-07  | Negative Loss: 0.0
[Test ROC-AUC]  -  SA: 0.00000,  LA: 0.86700
[Test AUPRC]  -  LA: 0.74162
[Test F1-max]  -  LA: 0.78788
Epoch: 83 | Loss: 1.4305113893442467e-07  | Negative Loss: 0.0
[Test ROC-AUC]  -  SA: 0.00000,  LA: 0.86700
[Test AUPRC]  -  LA: 0.74158
[Test F1-max]  -  LA: 0.78788
Epoch: 84 | Loss: 1.4305113893442467e-07  | Negative Loss: 0.0
[Test ROC-AUC]  -  SA: 0.00000,  LA: 0.86664
[Test AUPRC]  -  LA: 0.73977
[Test F1-max]  -  LA: 0.78788
Epoch: 85 | Loss: 1.4305113893442467e-07  | Negative Loss: 0.0
[Test ROC-AUC]  -  SA: 0.00000,  LA: 0.86735
[Test AUPRC]  -  LA: 0.74237
[Test F1-max]  -  LA: 0.78788
Epoch: 86 | Loss: 1.4305113893442467e-07  | Negative Loss: 0.0
[Test ROC-AUC]  -  SA: 0.00000,  LA: 0.86700
[Test AUPRC]  -  LA: 0.74032
[Test F1-max]  -  LA: 0.78788
Epoch: 87 | Loss: 1.4305113893442467e-07  | Negative Loss: 0.0
[Test ROC-AUC]  -  SA: 0.00000,  LA: 0.86700
[Test AUPRC]  -  LA: 0.74032
[Test F1-max]  -  LA: 0.78788
Epoch: 88 | Loss: 1.4305113893442467e-07  | Negative Loss: 0.0
[Test ROC-AUC]  -  SA: 0.00000,  LA: 0.86700
[Test AUPRC]  -  LA: 0.74032
[Test F1-max]  -  LA: 0.78788
Epoch: 89 | Loss: 1.4305113893442467e-07  | Negative Loss: 0.0
[Test ROC-AUC]  -  SA: 0.00000,  LA: 0.86700
[Test AUPRC]  -  LA: 0.74032
[Test F1-max]  -  LA: 0.78788
Epoch: 90 | Loss: 1.4305113893442467e-07  | Negative Loss: 0.0
[Test ROC-AUC]  -  SA: 0.00000,  LA: 0.86700
[Test AUPRC]  -  LA: 0.74032
[Test F1-max]  -  LA: 0.78788
Epoch: 91 | Loss: 1.4305113893442467e-07  | Negative Loss: 0.0
[Test ROC-AUC]  -  SA: 0.00000,  LA: 0.86700
[Test AUPRC]  -  LA: 0.74032
[Test F1-max]  -  LA: 0.78788
Epoch: 92 | Loss: 1.4305113893442467e-07  | Negative Loss: 0.0
[Test ROC-AUC]  -  SA: 0.00000,  LA: 0.86700
[Test AUPRC]  -  LA: 0.73862
[Test F1-max]  -  LA: 0.78788
Epoch: 93 | Loss: 1.4305113893442467e-07  | Negative Loss: 0.0
[Test ROC-AUC]  -  SA: 0.00000,  LA: 0.86700
[Test AUPRC]  -  LA: 0.73862
[Test F1-max]  -  LA: 0.78788
Epoch: 94 | Loss: 1.4305113893442467e-07  | Negative Loss: 0.0
[Test ROC-AUC]  -  SA: 0.00000,  LA: 0.86700
[Test AUPRC]  -  LA: 0.73862
[Test F1-max]  -  LA: 0.78788
Epoch: 95 | Loss: 1.4305113893442467e-07  | Negative Loss: 0.0
[Test ROC-AUC]  -  SA: 0.00000,  LA: 0.86700
[Test AUPRC]  -  LA: 0.73862
[Test F1-max]  -  LA: 0.78788
Epoch: 96 | Loss: 1.4305113893442467e-07  | Negative Loss: 0.0
[Test ROC-AUC]  -  SA: 0.00000,  LA: 0.86700
[Test AUPRC]  -  LA: 0.73862
[Test F1-max]  -  LA: 0.78788
Epoch: 97 | Loss: 1.4305113893442467e-07  | Negative Loss: 0.0
[Test ROC-AUC]  -  SA: 0.00000,  LA: 0.86700
[Test AUPRC]  -  LA: 0.73862
[Test F1-max]  -  LA: 0.78788
Epoch: 98 | Loss: 1.4305113893442467e-07  | Negative Loss: 0.0
[Test ROC-AUC]  -  SA: 0.00000,  LA: 0.86700
[Test AUPRC]  -  LA: 0.73862
[Test F1-max]  -  LA: 0.78788
Epoch: 99 | Loss: 1.4305113893442467e-07  | Negative Loss: 0.0
Time consumption: 89.54695010185242
Best LA AUC: 0.8673469387755102
Best LA AUPC: 0.7423679344682215
Best LA F1-max: 0.787878787878788
[Result] Experiment result appended to ./results/train_hybrid_result.csv

[END] 2026-03-18 16:00:50
[RETURN CODE] 0
