[START] 2026-03-18 16:14:39
[GPU] 1
[INDEX] 38/40
[COMMAND] python train_hybrid.py --data_name orange_juice --mask True --text True --double_encoder True --few_shot True --shot 5 --hybrid_model promptad --hybrid_weight 0.3 --hybrid_batch_size 16 --epoch 100 --log True --lr 5e-4 --detection True --preprocess True

/home/seungeon/miniconda3/envs/LAB/lib/python3.10/site-packages/timm/models/layers/__init__.py:48: FutureWarning: Importing from timm.models.layers is deprecated, please import via timm.layers
  warnings.warn(f"Importing from {__name__} is deprecated, please import via timm.layers", FutureWarning)
/home/seungeon/Workspace/side/vlm/train_hybrid.py:18: DeprecationWarning: The distutils package is deprecated and slated for removal in Python 3.12. Use setuptools or check PEP 632 for potential alternatives
  from distutils.util import strtobool
Torch version: 2.9.1+cu128
cuda is loaded for process
here?
In my local computer
Namespace(epoch=100, gpu_number='0', data_name='orange_juice', lr=0.0005, batch_size=6, shuffle=True, seed=0, tag='default', model_name='ViT-B-32', pretrained_name='laion2b_s34b_b79k', lora=1, default=False, foundation='CLIP', detection=1, preprocess=1, num_rule=0, object_names=['a orange picture label', 'a 100% text label', 'a bottle cap', 'a black background'], objects_for_rules=[['a orange picture label'], ['a orange picture label', 'a 100% text label'], ['a orange picture label'], ['a 100% text label'], ['a orange picture label', 'a 100% text label']], texts_for_rules=[['a photo of orange picture label'], ['a photo of orange picture label and 100% text label'], ['a photo of orange picture label'], ['a photo of 100% text label'], ['a photo of orange picture label and 100% text label']], mask=1, text=1, score='mean', ciriculam_learning=False, few_shot=1, shot=5, log=1, neg_loss=0, double_encoder=1, pretrained_count_path=None, ris=0, rule_select='', rule_list=[], num_negative=5, hybrid_model='promptad', hybrid_weight=0.3, hybrid_class_name='', hybrid_batch_size=16, hybrid_backbone='ViT-B-16-plus-240', hybrid_pretrained_dataset='laion400m_e32', hybrid_scales=[2, 3], hybrid_img_resize=240, hybrid_img_cropsize=240, hybrid_resolution=400, hybrid_promptad_epoch=100, hybrid_promptad_lr=0.002, hybrid_promptad_momentum=0.9, hybrid_promptad_weight_decay=0.0005, hybrid_promptad_eta_min=1e-05, hybrid_promptad_lambda1=0.001, hybrid_promptad_n_ctx=4, hybrid_promptad_n_pro=3, hybrid_promptad_n_ctx_ab=1, hybrid_promptad_n_pro_ab=4, early_stop_k=10, result_log_path='./results/train_hybrid_result.csv')
[Hybrid] method=promptad, class_name=juice_bottle, train=5, eval=78, base_path=/data3/seungeon/data/image/mvtec_loco_anomaly_detection/orange_juice
[Hybrid-only] LA_AUC=0.88142, LA_AUPRC=0.75692, LA_F1=0.79412
[Data Description]
- Train: 5
- Test: 78

Train Start
[Test ROC-AUC]  -  SA: 0.00000,  LA: 0.55454
[Test AUPRC]  -  LA: 0.38942
[Test F1-max]  -  LA: 0.58000
Epoch: 0 | Loss: 7.593197822570801  | Negative Loss: 0.0
[Test ROC-AUC]  -  SA: 0.00000,  LA: 0.55735
[Test AUPRC]  -  LA: 0.39063
[Test F1-max]  -  LA: 0.58000
Epoch: 1 | Loss: 7.5016255378723145  | Negative Loss: 0.0
[Test ROC-AUC]  -  SA: 0.00000,  LA: 0.66502
[Test AUPRC]  -  LA: 0.50174
[Test F1-max]  -  LA: 0.60976
Epoch: 2 | Loss: 6.5926923751831055  | Negative Loss: 0.0
[Test ROC-AUC]  -  SA: 0.00000,  LA: 0.76847
[Test AUPRC]  -  LA: 0.59179
[Test F1-max]  -  LA: 0.66667
Epoch: 3 | Loss: 5.139589309692383  | Negative Loss: 0.0
[Test ROC-AUC]  -  SA: 0.00000,  LA: 0.82090
[Test AUPRC]  -  LA: 0.68137
[Test F1-max]  -  LA: 0.70175
Epoch: 4 | Loss: 3.5140652656555176  | Negative Loss: 0.0
[Test ROC-AUC]  -  SA: 0.00000,  LA: 0.84940
[Test AUPRC]  -  LA: 0.73432
[Test F1-max]  -  LA: 0.74194
Epoch: 5 | Loss: 2.149670124053955  | Negative Loss: 0.0
[Test ROC-AUC]  -  SA: 0.00000,  LA: 0.87333
[Test AUPRC]  -  LA: 0.79683
[Test F1-max]  -  LA: 0.77143
Epoch: 6 | Loss: 1.2052860260009766  | Negative Loss: 0.0
[Test ROC-AUC]  -  SA: 0.00000,  LA: 0.87966
[Test AUPRC]  -  LA: 0.80764
[Test F1-max]  -  LA: 0.76471
Epoch: 7 | Loss: 0.6378134489059448  | Negative Loss: 0.0
[Test ROC-AUC]  -  SA: 0.00000,  LA: 0.87685
[Test AUPRC]  -  LA: 0.80596
[Test F1-max]  -  LA: 0.75000
Epoch: 8 | Loss: 0.32115840911865234  | Negative Loss: 0.0
[Test ROC-AUC]  -  SA: 0.00000,  LA: 0.87896
[Test AUPRC]  -  LA: 0.80828
[Test F1-max]  -  LA: 0.75000
Epoch: 9 | Loss: 0.15748153626918793  | Negative Loss: 0.0
[Test ROC-AUC]  -  SA: 0.00000,  LA: 0.88107
[Test AUPRC]  -  LA: 0.80555
[Test F1-max]  -  LA: 0.75000
Epoch: 10 | Loss: 0.07609991729259491  | Negative Loss: 0.0
[Test ROC-AUC]  -  SA: 0.00000,  LA: 0.88318
[Test AUPRC]  -  LA: 0.80810
[Test F1-max]  -  LA: 0.75000
Epoch: 11 | Loss: 0.03675895929336548  | Negative Loss: 0.0
[Test ROC-AUC]  -  SA: 0.00000,  LA: 0.89092
[Test AUPRC]  -  LA: 0.82122
[Test F1-max]  -  LA: 0.75472
Epoch: 12 | Loss: 0.017972126603126526  | Negative Loss: 0.0
[Test ROC-AUC]  -  SA: 0.00000,  LA: 0.89163
[Test AUPRC]  -  LA: 0.82283
[Test F1-max]  -  LA: 0.76712
Epoch: 13 | Loss: 0.008987504988908768  | Negative Loss: 0.0
[Test ROC-AUC]  -  SA: 0.00000,  LA: 0.89163
[Test AUPRC]  -  LA: 0.81414
[Test F1-max]  -  LA: 0.77143
Epoch: 14 | Loss: 0.004632490687072277  | Negative Loss: 0.0
[Test ROC-AUC]  -  SA: 0.00000,  LA: 0.89514
[Test AUPRC]  -  LA: 0.81761
[Test F1-max]  -  LA: 0.77778
Epoch: 15 | Loss: 0.002460072748363018  | Negative Loss: 0.0
[Test ROC-AUC]  -  SA: 0.00000,  LA: 0.89514
[Test AUPRC]  -  LA: 0.81308
[Test F1-max]  -  LA: 0.80000
Epoch: 16 | Loss: 0.0013445242075249553  | Negative Loss: 0.0
[Test ROC-AUC]  -  SA: 0.00000,  LA: 0.89796
[Test AUPRC]  -  LA: 0.81225
[Test F1-max]  -  LA: 0.80000
Epoch: 17 | Loss: 0.0007551901508122683  | Negative Loss: 0.0
[Test ROC-AUC]  -  SA: 0.00000,  LA: 0.90077
[Test AUPRC]  -  LA: 0.81501
[Test F1-max]  -  LA: 0.80000
Epoch: 18 | Loss: 0.00043559743789955974  | Negative Loss: 0.0
[Test ROC-AUC]  -  SA: 0.00000,  LA: 0.90077
[Test AUPRC]  -  LA: 0.81514
[Test F1-max]  -  LA: 0.79452
Epoch: 19 | Loss: 0.00025809716316871345  | Negative Loss: 0.0
[Test ROC-AUC]  -  SA: 0.00000,  LA: 0.90640
[Test AUPRC]  -  LA: 0.82920
[Test F1-max]  -  LA: 0.80556
Epoch: 20 | Loss: 0.00015725524281151593  | Negative Loss: 0.0
[Test ROC-AUC]  -  SA: 0.00000,  LA: 0.90711
[Test AUPRC]  -  LA: 0.82846
[Test F1-max]  -  LA: 0.80645
Epoch: 21 | Loss: 9.817849058890715e-05  | Negative Loss: 0.0
[Test ROC-AUC]  -  SA: 0.00000,  LA: 0.91063
[Test AUPRC]  -  LA: 0.83570
[Test F1-max]  -  LA: 0.81250
Epoch: 22 | Loss: 6.289385783020407e-05  | Negative Loss: 0.0
[Test ROC-AUC]  -  SA: 0.00000,  LA: 0.91344
[Test AUPRC]  -  LA: 0.83850
[Test F1-max]  -  LA: 0.82353
Epoch: 23 | Loss: 4.1293671529274434e-05  | Negative Loss: 0.0
[Test ROC-AUC]  -  SA: 0.00000,  LA: 0.91485
[Test AUPRC]  -  LA: 0.84039
[Test F1-max]  -  LA: 0.82353
Epoch: 24 | Loss: 2.787093399092555e-05  | Negative Loss: 0.0
[Test ROC-AUC]  -  SA: 0.00000,  LA: 0.91696
[Test AUPRC]  -  LA: 0.84441
[Test F1-max]  -  LA: 0.82353
Epoch: 25 | Loss: 1.9121072909911163e-05  | Negative Loss: 0.0
[Test ROC-AUC]  -  SA: 0.00000,  LA: 0.91696
[Test AUPRC]  -  LA: 0.84395
[Test F1-max]  -  LA: 0.83077
Epoch: 26 | Loss: 1.3518284504243638e-05  | Negative Loss: 0.0
[Test ROC-AUC]  -  SA: 0.00000,  LA: 0.91837
[Test AUPRC]  -  LA: 0.84741
[Test F1-max]  -  LA: 0.83077
Epoch: 27 | Loss: 9.679768481873907e-06  | Negative Loss: 0.0
[Test ROC-AUC]  -  SA: 0.00000,  LA: 0.92118
[Test AUPRC]  -  LA: 0.85056
[Test F1-max]  -  LA: 0.83871
Epoch: 28 | Loss: 7.128701327019371e-06  | Negative Loss: 0.0
[Test ROC-AUC]  -  SA: 0.00000,  LA: 0.92118
[Test AUPRC]  -  LA: 0.84444
[Test F1-max]  -  LA: 0.84375
Epoch: 29 | Loss: 5.388251793192467e-06  | Negative Loss: 0.0
[Test ROC-AUC]  -  SA: 0.00000,  LA: 0.91977
[Test AUPRC]  -  LA: 0.84208
[Test F1-max]  -  LA: 0.84375
Epoch: 30 | Loss: 4.076952791365329e-06  | Negative Loss: 0.0
[Test ROC-AUC]  -  SA: 0.00000,  LA: 0.92189
[Test AUPRC]  -  LA: 0.84488
[Test F1-max]  -  LA: 0.84375
Epoch: 31 | Loss: 3.1948059131536866e-06  | Negative Loss: 0.0
[Test ROC-AUC]  -  SA: 0.00000,  LA: 0.92189
[Test AUPRC]  -  LA: 0.84266
[Test F1-max]  -  LA: 0.84375
Epoch: 32 | Loss: 2.527235210436629e-06  | Negative Loss: 0.0
[Test ROC-AUC]  -  SA: 0.00000,  LA: 0.92118
[Test AUPRC]  -  LA: 0.84281
[Test F1-max]  -  LA: 0.84375
Epoch: 33 | Loss: 2.050398506980855e-06  | Negative Loss: 0.0
[Test ROC-AUC]  -  SA: 0.00000,  LA: 0.92189
[Test AUPRC]  -  LA: 0.84454
[Test F1-max]  -  LA: 0.84375
Epoch: 34 | Loss: 1.7166128145618131e-06  | Negative Loss: 0.0
[Test ROC-AUC]  -  SA: 0.00000,  LA: 0.92189
[Test AUPRC]  -  LA: 0.84454
[Test F1-max]  -  LA: 0.84375
Epoch: 35 | Loss: 1.4066690710023977e-06  | Negative Loss: 0.0
[Test ROC-AUC]  -  SA: 0.00000,  LA: 0.92189
[Test AUPRC]  -  LA: 0.84454
[Test F1-max]  -  LA: 0.84375
Epoch: 36 | Loss: 1.1920924407604616e-06  | Negative Loss: 0.0
[Test ROC-AUC]  -  SA: 0.00000,  LA: 0.92259
[Test AUPRC]  -  LA: 0.84520
[Test F1-max]  -  LA: 0.84375
Epoch: 37 | Loss: 1.001357759378152e-06  | Negative Loss: 0.0
[Test ROC-AUC]  -  SA: 0.00000,  LA: 0.92259
[Test AUPRC]  -  LA: 0.84520
[Test F1-max]  -  LA: 0.84375
Epoch: 38 | Loss: 8.821484698273707e-07  | Negative Loss: 0.0
[Test ROC-AUC]  -  SA: 0.00000,  LA: 0.92259
[Test AUPRC]  -  LA: 0.84520
[Test F1-max]  -  LA: 0.84375
Epoch: 39 | Loss: 8.106229643090046e-07  | Negative Loss: 0.0
[Test ROC-AUC]  -  SA: 0.00000,  LA: 0.92329
[Test AUPRC]  -  LA: 0.84603
[Test F1-max]  -  LA: 0.84375
Epoch: 40 | Loss: 6.675718964288535e-07  | Negative Loss: 0.0
[Test ROC-AUC]  -  SA: 0.00000,  LA: 0.92400
[Test AUPRC]  -  LA: 0.84683
[Test F1-max]  -  LA: 0.84375
Epoch: 41 | Loss: 5.960463340670685e-07  | Negative Loss: 0.0
[Test ROC-AUC]  -  SA: 0.00000,  LA: 0.92400
[Test AUPRC]  -  LA: 0.84238
[Test F1-max]  -  LA: 0.84375
Epoch: 42 | Loss: 5.483626068780723e-07  | Negative Loss: 0.0
[Test ROC-AUC]  -  SA: 0.00000,  LA: 0.92470
[Test AUPRC]  -  LA: 0.84317
[Test F1-max]  -  LA: 0.85714
Epoch: 43 | Loss: 5.006789365324948e-07  | Negative Loss: 0.0
[Test ROC-AUC]  -  SA: 0.00000,  LA: 0.92400
[Test AUPRC]  -  LA: 0.84272
[Test F1-max]  -  LA: 0.85714
Epoch: 44 | Loss: 4.7683710135970614e-07  | Negative Loss: 0.0
[Test ROC-AUC]  -  SA: 0.00000,  LA: 0.92400
[Test AUPRC]  -  LA: 0.84272
[Test F1-max]  -  LA: 0.85714
Epoch: 45 | Loss: 4.7683710135970614e-07  | Negative Loss: 0.0
[Test ROC-AUC]  -  SA: 0.00000,  LA: 0.92400
[Test AUPRC]  -  LA: 0.84272
[Test F1-max]  -  LA: 0.85714
Epoch: 46 | Loss: 4.2915337417070987e-07  | Negative Loss: 0.0
[Test ROC-AUC]  -  SA: 0.00000,  LA: 0.92400
[Test AUPRC]  -  LA: 0.84514
[Test F1-max]  -  LA: 0.84375
Epoch: 47 | Loss: 4.0531153899792116e-07  | Negative Loss: 0.0
[Test ROC-AUC]  -  SA: 0.00000,  LA: 0.92329
[Test AUPRC]  -  LA: 0.84433
[Test F1-max]  -  LA: 0.84375
Epoch: 48 | Loss: 3.814696469817136e-07  | Negative Loss: 0.0
[Test ROC-AUC]  -  SA: 0.00000,  LA: 0.92329
[Test AUPRC]  -  LA: 0.84433
[Test F1-max]  -  LA: 0.84375
Epoch: 49 | Loss: 3.576278118089249e-07  | Negative Loss: 0.0
[Test ROC-AUC]  -  SA: 0.00000,  LA: 0.92400
[Test AUPRC]  -  LA: 0.84550
[Test F1-max]  -  LA: 0.84375
Epoch: 50 | Loss: 3.576278118089249e-07  | Negative Loss: 0.0
[Test ROC-AUC]  -  SA: 0.00000,  LA: 0.92470
[Test AUPRC]  -  LA: 0.84844
[Test F1-max]  -  LA: 0.84375
Epoch: 51 | Loss: 3.337859766361362e-07  | Negative Loss: 0.0
[Test ROC-AUC]  -  SA: 0.00000,  LA: 0.92540
[Test AUPRC]  -  LA: 0.84914
[Test F1-max]  -  LA: 0.84848
Epoch: 52 | Loss: 3.337859766361362e-07  | Negative Loss: 0.0
[Test ROC-AUC]  -  SA: 0.00000,  LA: 0.92540
[Test AUPRC]  -  LA: 0.84914
[Test F1-max]  -  LA: 0.84848
Epoch: 53 | Loss: 3.337859766361362e-07  | Negative Loss: 0.0
[Test ROC-AUC]  -  SA: 0.00000,  LA: 0.92540
[Test AUPRC]  -  LA: 0.84914
[Test F1-max]  -  LA: 0.84848
Epoch: 54 | Loss: 2.861022494471399e-07  | Negative Loss: 0.0
[Test ROC-AUC]  -  SA: 0.00000,  LA: 0.92540
[Test AUPRC]  -  LA: 0.84914
[Test F1-max]  -  LA: 0.84848
Epoch: 55 | Loss: 2.861022494471399e-07  | Negative Loss: 0.0
[Test ROC-AUC]  -  SA: 0.00000,  LA: 0.92540
[Test AUPRC]  -  LA: 0.84914
[Test F1-max]  -  LA: 0.84848
Epoch: 56 | Loss: 2.3841855067985307e-07  | Negative Loss: 0.0
[Test ROC-AUC]  -  SA: 0.00000,  LA: 0.92540
[Test AUPRC]  -  LA: 0.84914
[Test F1-max]  -  LA: 0.84848
Epoch: 57 | Loss: 2.3841855067985307e-07  | Negative Loss: 0.0
[Test ROC-AUC]  -  SA: 0.00000,  LA: 0.92540
[Test AUPRC]  -  LA: 0.84914
[Test F1-max]  -  LA: 0.84848
Epoch: 58 | Loss: 1.907348377017115e-07  | Negative Loss: 0.0
[Test ROC-AUC]  -  SA: 0.00000,  LA: 0.92540
[Test AUPRC]  -  LA: 0.84914
[Test F1-max]  -  LA: 0.84848
Epoch: 59 | Loss: 1.668929883180681e-07  | Negative Loss: 0.0
[Test ROC-AUC]  -  SA: 0.00000,  LA: 0.92540
[Test AUPRC]  -  LA: 0.84914
[Test F1-max]  -  LA: 0.84848
Epoch: 60 | Loss: 1.668929883180681e-07  | Negative Loss: 0.0
[Test ROC-AUC]  -  SA: 0.00000,  LA: 0.92540
[Test AUPRC]  -  LA: 0.84914
[Test F1-max]  -  LA: 0.84848
Epoch: 61 | Loss: 1.668929883180681e-07  | Negative Loss: 0.0
[Test ROC-AUC]  -  SA: 0.00000,  LA: 0.92540
[Test AUPRC]  -  LA: 0.84914
[Test F1-max]  -  LA: 0.84848
Epoch: 62 | Loss: 1.668929883180681e-07  | Negative Loss: 0.0
[Test ROC-AUC]  -  SA: 0.00000,  LA: 0.92540
[Test AUPRC]  -  LA: 0.84914
[Test F1-max]  -  LA: 0.84848
Epoch: 63 | Loss: 1.4305113893442467e-07  | Negative Loss: 0.0
[Test ROC-AUC]  -  SA: 0.00000,  LA: 0.92540
[Test AUPRC]  -  LA: 0.84914
[Test F1-max]  -  LA: 0.84848
Epoch: 64 | Loss: 1.4305113893442467e-07  | Negative Loss: 0.0
[Test ROC-AUC]  -  SA: 0.00000,  LA: 0.92540
[Test AUPRC]  -  LA: 0.84914
[Test F1-max]  -  LA: 0.84848
Epoch: 65 | Loss: 1.4305113893442467e-07  | Negative Loss: 0.0
[Test ROC-AUC]  -  SA: 0.00000,  LA: 0.92540
[Test AUPRC]  -  LA: 0.84914
[Test F1-max]  -  LA: 0.84848
Epoch: 66 | Loss: 1.1920927533992653e-07  | Negative Loss: 0.0
[Test ROC-AUC]  -  SA: 0.00000,  LA: 0.92540
[Test AUPRC]  -  LA: 0.84914
[Test F1-max]  -  LA: 0.84848
Epoch: 67 | Loss: 1.1920927533992653e-07  | Negative Loss: 0.0
[Test ROC-AUC]  -  SA: 0.00000,  LA: 0.92540
[Test AUPRC]  -  LA: 0.84914
[Test F1-max]  -  LA: 0.84848
Epoch: 68 | Loss: 1.1920927533992653e-07  | Negative Loss: 0.0
[Test ROC-AUC]  -  SA: 0.00000,  LA: 0.92540
[Test AUPRC]  -  LA: 0.84914
[Test F1-max]  -  LA: 0.84848
Epoch: 69 | Loss: 1.1920927533992653e-07  | Negative Loss: 0.0
[Test ROC-AUC]  -  SA: 0.00000,  LA: 0.92540
[Test AUPRC]  -  LA: 0.84914
[Test F1-max]  -  LA: 0.84848
Epoch: 70 | Loss: 1.1920927533992653e-07  | Negative Loss: 0.0
[Test ROC-AUC]  -  SA: 0.00000,  LA: 0.92540
[Test AUPRC]  -  LA: 0.84914
[Test F1-max]  -  LA: 0.84848
Epoch: 71 | Loss: 1.1920927533992653e-07  | Negative Loss: 0.0
[Test ROC-AUC]  -  SA: 0.00000,  LA: 0.92540
[Test AUPRC]  -  LA: 0.84914
[Test F1-max]  -  LA: 0.84848
Epoch: 72 | Loss: 1.1920927533992653e-07  | Negative Loss: 0.0
[Test ROC-AUC]  -  SA: 0.00000,  LA: 0.92540
[Test AUPRC]  -  LA: 0.84914
[Test F1-max]  -  LA: 0.84848
Epoch: 73 | Loss: 1.1920927533992653e-07  | Negative Loss: 0.0
[Test ROC-AUC]  -  SA: 0.00000,  LA: 0.92540
[Test AUPRC]  -  LA: 0.84914
[Test F1-max]  -  LA: 0.84848
Epoch: 74 | Loss: 1.1920927533992653e-07  | Negative Loss: 0.0
[Test ROC-AUC]  -  SA: 0.00000,  LA: 0.92540
[Test AUPRC]  -  LA: 0.84914
[Test F1-max]  -  LA: 0.84848
Epoch: 75 | Loss: 1.1920927533992653e-07  | Negative Loss: 0.0
[Test ROC-AUC]  -  SA: 0.00000,  LA: 0.92611
[Test AUPRC]  -  LA: 0.85027
[Test F1-max]  -  LA: 0.84848
Epoch: 76 | Loss: 1.1920927533992653e-07  | Negative Loss: 0.0
[Test ROC-AUC]  -  SA: 0.00000,  LA: 0.92611
[Test AUPRC]  -  LA: 0.85027
[Test F1-max]  -  LA: 0.84848
Epoch: 77 | Loss: 1.1920927533992653e-07  | Negative Loss: 0.0
[Test ROC-AUC]  -  SA: 0.00000,  LA: 0.92611
[Test AUPRC]  -  LA: 0.85027
[Test F1-max]  -  LA: 0.84848
Epoch: 78 | Loss: 1.1920927533992653e-07  | Negative Loss: 0.0
[Test ROC-AUC]  -  SA: 0.00000,  LA: 0.92540
[Test AUPRC]  -  LA: 0.84854
[Test F1-max]  -  LA: 0.84848
Epoch: 79 | Loss: 1.1920927533992653e-07  | Negative Loss: 0.0
[Test ROC-AUC]  -  SA: 0.00000,  LA: 0.92540
[Test AUPRC]  -  LA: 0.84854
[Test F1-max]  -  LA: 0.84848
Epoch: 80 | Loss: 1.1920927533992653e-07  | Negative Loss: 0.0
[Test ROC-AUC]  -  SA: 0.00000,  LA: 0.92540
[Test AUPRC]  -  LA: 0.84854
[Test F1-max]  -  LA: 0.84848
Epoch: 81 | Loss: 1.1920927533992653e-07  | Negative Loss: 0.0
[Test ROC-AUC]  -  SA: 0.00000,  LA: 0.92540
[Test AUPRC]  -  LA: 0.84854
[Test F1-max]  -  LA: 0.84848
Epoch: 82 | Loss: 1.1920927533992653e-07  | Negative Loss: 0.0
[Test ROC-AUC]  -  SA: 0.00000,  LA: 0.92540
[Test AUPRC]  -  LA: 0.84854
[Test F1-max]  -  LA: 0.84848
Epoch: 83 | Loss: 1.1920927533992653e-07  | Negative Loss: 0.0
[Test ROC-AUC]  -  SA: 0.00000,  LA: 0.92540
[Test AUPRC]  -  LA: 0.84854
[Test F1-max]  -  LA: 0.84848
Epoch: 84 | Loss: 1.1920927533992653e-07  | Negative Loss: 0.0
[Test ROC-AUC]  -  SA: 0.00000,  LA: 0.92540
[Test AUPRC]  -  LA: 0.84854
[Test F1-max]  -  LA: 0.84848
Epoch: 85 | Loss: 1.1920927533992653e-07  | Negative Loss: 0.0
[Test ROC-AUC]  -  SA: 0.00000,  LA: 0.92540
[Test AUPRC]  -  LA: 0.84854
[Test F1-max]  -  LA: 0.84848
Epoch: 86 | Loss: 1.1920927533992653e-07  | Negative Loss: 0.0
[Test ROC-AUC]  -  SA: 0.00000,  LA: 0.92540
[Test AUPRC]  -  LA: 0.84854
[Test F1-max]  -  LA: 0.84848
Epoch: 87 | Loss: 1.1920927533992653e-07  | Negative Loss: 0.0
[Test ROC-AUC]  -  SA: 0.00000,  LA: 0.92540
[Test AUPRC]  -  LA: 0.84854
[Test F1-max]  -  LA: 0.84848
Epoch: 88 | Loss: 1.1920927533992653e-07  | Negative Loss: 0.0
[Test ROC-AUC]  -  SA: 0.00000,  LA: 0.92540
[Test AUPRC]  -  LA: 0.84854
[Test F1-max]  -  LA: 0.84848
Epoch: 89 | Loss: 1.1920927533992653e-07  | Negative Loss: 0.0
[Test ROC-AUC]  -  SA: 0.00000,  LA: 0.92540
[Test AUPRC]  -  LA: 0.84854
[Test F1-max]  -  LA: 0.84848
Epoch: 90 | Loss: 1.1920927533992653e-07  | Negative Loss: 0.0
[Test ROC-AUC]  -  SA: 0.00000,  LA: 0.92540
[Test AUPRC]  -  LA: 0.84854
[Test F1-max]  -  LA: 0.84848
Epoch: 91 | Loss: 1.1920927533992653e-07  | Negative Loss: 0.0
[Test ROC-AUC]  -  SA: 0.00000,  LA: 0.92540
[Test AUPRC]  -  LA: 0.84854
[Test F1-max]  -  LA: 0.84848
Epoch: 92 | Loss: 1.1920927533992653e-07  | Negative Loss: 0.0
[Test ROC-AUC]  -  SA: 0.00000,  LA: 0.92540
[Test AUPRC]  -  LA: 0.84854
[Test F1-max]  -  LA: 0.84848
Epoch: 93 | Loss: 1.1920927533992653e-07  | Negative Loss: 0.0
[Test ROC-AUC]  -  SA: 0.00000,  LA: 0.92540
[Test AUPRC]  -  LA: 0.84854
[Test F1-max]  -  LA: 0.84848
Epoch: 94 | Loss: 1.1920927533992653e-07  | Negative Loss: 0.0
[Test ROC-AUC]  -  SA: 0.00000,  LA: 0.92540
[Test AUPRC]  -  LA: 0.84854
[Test F1-max]  -  LA: 0.84848
Epoch: 95 | Loss: 1.1920927533992653e-07  | Negative Loss: 0.0
[Test ROC-AUC]  -  SA: 0.00000,  LA: 0.92611
[Test AUPRC]  -  LA: 0.85002
[Test F1-max]  -  LA: 0.84848
Epoch: 96 | Loss: 1.1920927533992653e-07  | Negative Loss: 0.0
[Test ROC-AUC]  -  SA: 0.00000,  LA: 0.92611
[Test AUPRC]  -  LA: 0.85002
[Test F1-max]  -  LA: 0.84848
Epoch: 97 | Loss: 1.1920927533992653e-07  | Negative Loss: 0.0
[Test ROC-AUC]  -  SA: 0.00000,  LA: 0.92611
[Test AUPRC]  -  LA: 0.85002
[Test F1-max]  -  LA: 0.84848
Epoch: 98 | Loss: 1.1920927533992653e-07  | Negative Loss: 0.0
[Test ROC-AUC]  -  SA: 0.00000,  LA: 0.92611
[Test AUPRC]  -  LA: 0.85002
[Test F1-max]  -  LA: 0.84848
Epoch: 99 | Loss: 1.1920927533992653e-07  | Negative Loss: 0.0
Time consumption: 89.18448996543884
Best LA AUC: 0.9261083743842364
Best LA AUPC: 0.8505586492944337
Best LA F1-max: 0.8571428571428571
[Result] Experiment result appended to ./results/train_hybrid_result.csv

[END] 2026-03-18 16:17:54
[RETURN CODE] 0
