[START] 2026-03-18 14:06:56
[GPU] 1
[INDEX] 2/40
[COMMAND] python train_hybrid.py --data_name screw_bag --mask True --text True --double_encoder True --few_shot True --shot 5 --hybrid_model winclip --hybrid_weight 0.3 --hybrid_batch_size 16 --epoch 100 --log True --lr 5e-4 --detection True --preprocess True

/home/seungeon/miniconda3/envs/LAB/lib/python3.10/site-packages/timm/models/layers/__init__.py:48: FutureWarning: Importing from timm.models.layers is deprecated, please import via timm.layers
  warnings.warn(f"Importing from {__name__} is deprecated, please import via timm.layers", FutureWarning)
/home/seungeon/Workspace/side/vlm/train_hybrid.py:18: DeprecationWarning: The distutils package is deprecated and slated for removal in Python 3.12. Use setuptools or check PEP 632 for potential alternatives
  from distutils.util import strtobool
Torch version: 2.9.1+cu128
cuda is loaded for process
here?
In my local computer
Namespace(epoch=100, gpu_number='0', data_name='screw_bag', lr=0.0005, batch_size=6, shuffle=True, seed=0, tag='default', model_name='ViT-B-32', pretrained_name='laion2b_s34b_b79k', lora=1, default=False, foundation='CLIP', detection=1, preprocess=1, num_rule=0, object_names=['long_bolt', 'short_bolt', 'hexagonal nut', 'round washer', 'plastic bag', 'background'], objects_for_rules=[['long_bolt', 'short_bolt'], ['short_bolt'], ['long_bolt'], ['hexagonal nut'], ['round washer']], texts_for_rules=[['two bolts'], ['short bolt'], ['long bolt'], ['hexagonal nut'], ['round washer']], mask=1, text=1, score='mean', ciriculam_learning=False, few_shot=1, shot=5, log=1, neg_loss=0, double_encoder=1, pretrained_count_path=None, ris=0, rule_select='', rule_list=[], num_negative=5, hybrid_model='winclip', hybrid_weight=0.3, hybrid_class_name='', hybrid_batch_size=16, hybrid_backbone='ViT-B-16-plus-240', hybrid_pretrained_dataset='laion400m_e32', hybrid_scales=[2, 3], hybrid_img_resize=240, hybrid_img_cropsize=240, hybrid_resolution=400, hybrid_promptad_epoch=100, hybrid_promptad_lr=0.002, hybrid_promptad_momentum=0.9, hybrid_promptad_weight_decay=0.0005, hybrid_promptad_eta_min=1e-05, hybrid_promptad_lambda1=0.001, hybrid_promptad_n_ctx=4, hybrid_promptad_n_pro=3, hybrid_promptad_n_ctx_ab=1, hybrid_promptad_n_pro_ab=4, early_stop_k=10, result_log_path='./results/train_hybrid_result.csv')
[Hybrid] method=winclip, class_name=screw_bag, train=5, eval=259, base_path=/data3/seungeon/data/image/mvtec_loco_anomaly_detection/screw_bag
grid 240 16 (15, 15)
[Hybrid-only] LA_AUC=0.55971, LA_AUPRC=0.51874, LA_F1=0.64690
[Data Description]
- Train: 5
- Test: 259

Train Start
[Test ROC-AUC]  -  SA: 0.00000,  LA: 0.57832
[Test AUPRC]  -  LA: 0.55997
[Test F1-max]  -  LA: 0.64042
Epoch: 0 | Loss: 16.228174209594727  | Negative Loss: 0.0
[Test ROC-AUC]  -  SA: 0.00000,  LA: 0.57939
[Test AUPRC]  -  LA: 0.56154
[Test F1-max]  -  LA: 0.64140
Epoch: 1 | Loss: 16.08599281311035  | Negative Loss: 0.0
[Test ROC-AUC]  -  SA: 0.00000,  LA: 0.58101
[Test AUPRC]  -  LA: 0.56142
[Test F1-max]  -  LA: 0.64042
Epoch: 2 | Loss: 14.548583030700684  | Negative Loss: 0.0
[Test ROC-AUC]  -  SA: 0.00000,  LA: 0.58472
[Test AUPRC]  -  LA: 0.55409
[Test F1-max]  -  LA: 0.64220
Epoch: 3 | Loss: 11.832483291625977  | Negative Loss: 0.0
[Test ROC-AUC]  -  SA: 0.00000,  LA: 0.59800
[Test AUPRC]  -  LA: 0.55802
[Test F1-max]  -  LA: 0.64042
Epoch: 4 | Loss: 8.256546020507812  | Negative Loss: 0.0
[Test ROC-AUC]  -  SA: 0.00000,  LA: 0.60470
[Test AUPRC]  -  LA: 0.56575
[Test F1-max]  -  LA: 0.64426
Epoch: 5 | Loss: 4.618992805480957  | Negative Loss: 0.0
[Test ROC-AUC]  -  SA: 0.00000,  LA: 0.60847
[Test AUPRC]  -  LA: 0.57648
[Test F1-max]  -  LA: 0.64362
Epoch: 6 | Loss: 2.03798770904541  | Negative Loss: 0.0
[Test ROC-AUC]  -  SA: 0.00000,  LA: 0.60518
[Test AUPRC]  -  LA: 0.58093
[Test F1-max]  -  LA: 0.64191
Epoch: 7 | Loss: 0.767201840877533  | Negative Loss: 0.0
[Test ROC-AUC]  -  SA: 0.00000,  LA: 0.61021
[Test AUPRC]  -  LA: 0.59574
[Test F1-max]  -  LA: 0.64042
Epoch: 8 | Loss: 0.27635449171066284  | Negative Loss: 0.0
[Test ROC-AUC]  -  SA: 0.00000,  LA: 0.61834
[Test AUPRC]  -  LA: 0.60934
[Test F1-max]  -  LA: 0.64042
Epoch: 9 | Loss: 0.10238499939441681  | Negative Loss: 0.0
[Test ROC-AUC]  -  SA: 0.00000,  LA: 0.62397
[Test AUPRC]  -  LA: 0.61494
[Test F1-max]  -  LA: 0.64042
Epoch: 10 | Loss: 0.03955593705177307  | Negative Loss: 0.0
[Test ROC-AUC]  -  SA: 0.00000,  LA: 0.61727
[Test AUPRC]  -  LA: 0.60709
[Test F1-max]  -  LA: 0.64095
Epoch: 11 | Loss: 0.015868237242102623  | Negative Loss: 0.0
[Test ROC-AUC]  -  SA: 0.00000,  LA: 0.60835
[Test AUPRC]  -  LA: 0.59909
[Test F1-max]  -  LA: 0.64042
Epoch: 12 | Loss: 0.006648398470133543  | Negative Loss: 0.0
[Test ROC-AUC]  -  SA: 0.00000,  LA: 0.59842
[Test AUPRC]  -  LA: 0.58766
[Test F1-max]  -  LA: 0.64380
Epoch: 13 | Loss: 0.002880744868889451  | Negative Loss: 0.0
[Test ROC-AUC]  -  SA: 0.00000,  LA: 0.59004
[Test AUPRC]  -  LA: 0.57631
[Test F1-max]  -  LA: 0.64380
Epoch: 14 | Loss: 0.0012881221482530236  | Negative Loss: 0.0
[Test ROC-AUC]  -  SA: 0.00000,  LA: 0.58556
[Test AUPRC]  -  LA: 0.57023
[Test F1-max]  -  LA: 0.64211
Epoch: 15 | Loss: 0.0005931876366958022  | Negative Loss: 0.0
[Test ROC-AUC]  -  SA: 0.00000,  LA: 0.57993
[Test AUPRC]  -  LA: 0.56211
[Test F1-max]  -  LA: 0.64211
Epoch: 16 | Loss: 0.0002819375949911773  | Negative Loss: 0.0
[Test ROC-AUC]  -  SA: 0.00000,  LA: 0.57622
[Test AUPRC]  -  LA: 0.55756
[Test F1-max]  -  LA: 0.64191
Epoch: 17 | Loss: 0.00013842179032508284  | Negative Loss: 0.0
[Test ROC-AUC]  -  SA: 0.00000,  LA: 0.57335
[Test AUPRC]  -  LA: 0.55184
[Test F1-max]  -  LA: 0.64151
Epoch: 18 | Loss: 7.009399269009009e-05  | Negative Loss: 0.0
[Test ROC-AUC]  -  SA: 0.00000,  LA: 0.57210
[Test AUPRC]  -  LA: 0.54675
[Test F1-max]  -  LA: 0.64171
Epoch: 19 | Loss: 3.676383857964538e-05  | Negative Loss: 0.0
[Test ROC-AUC]  -  SA: 0.00000,  LA: 0.57060
[Test AUPRC]  -  LA: 0.54436
[Test F1-max]  -  LA: 0.64343
[Early Stopping] LA AUROC dropped for 10 consecutive epochs. Stop at epoch 21/100.
Time consumption: 37.35154700279236
Best LA AUC: 0.6239679310757449
Best LA AUPC: 0.6149374774255827
Best LA F1-max: 0.6442577030812325
[Result] Experiment result appended to ./results/train_hybrid_result.csv

[END] 2026-03-18 14:11:46
[RETURN CODE] 0
