[START] 2026-03-18 16:11:24
[GPU] 1
[INDEX] 37/40
[COMMAND] python train_hybrid.py --data_name orange_juice --mask True --text True --double_encoder True --few_shot True --shot 5 --hybrid_model promptad --hybrid_weight 0.3 --hybrid_batch_size 16 --epoch 100 --log True --lr 5e-4 --detection True --preprocess True

/home/seungeon/miniconda3/envs/LAB/lib/python3.10/site-packages/timm/models/layers/__init__.py:48: FutureWarning: Importing from timm.models.layers is deprecated, please import via timm.layers
  warnings.warn(f"Importing from {__name__} is deprecated, please import via timm.layers", FutureWarning)
/home/seungeon/Workspace/side/vlm/train_hybrid.py:18: DeprecationWarning: The distutils package is deprecated and slated for removal in Python 3.12. Use setuptools or check PEP 632 for potential alternatives
  from distutils.util import strtobool
Torch version: 2.9.1+cu128
cuda is loaded for process
here?
In my local computer
Namespace(epoch=100, gpu_number='0', data_name='orange_juice', lr=0.0005, batch_size=6, shuffle=True, seed=0, tag='default', model_name='ViT-B-32', pretrained_name='laion2b_s34b_b79k', lora=1, default=False, foundation='CLIP', detection=1, preprocess=1, num_rule=0, object_names=['a orange picture label', 'a 100% text label', 'a bottle cap', 'a black background'], objects_for_rules=[['a orange picture label'], ['a orange picture label', 'a 100% text label'], ['a orange picture label'], ['a 100% text label'], ['a orange picture label', 'a 100% text label']], texts_for_rules=[['a photo of orange picture label'], ['a photo of orange picture label and 100% text label'], ['a photo of orange picture label'], ['a photo of 100% text label'], ['a photo of orange picture label and 100% text label']], mask=1, text=1, score='mean', ciriculam_learning=False, few_shot=1, shot=5, log=1, neg_loss=0, double_encoder=1, pretrained_count_path=None, ris=0, rule_select='', rule_list=[], num_negative=5, hybrid_model='promptad', hybrid_weight=0.3, hybrid_class_name='', hybrid_batch_size=16, hybrid_backbone='ViT-B-16-plus-240', hybrid_pretrained_dataset='laion400m_e32', hybrid_scales=[2, 3], hybrid_img_resize=240, hybrid_img_cropsize=240, hybrid_resolution=400, hybrid_promptad_epoch=100, hybrid_promptad_lr=0.002, hybrid_promptad_momentum=0.9, hybrid_promptad_weight_decay=0.0005, hybrid_promptad_eta_min=1e-05, hybrid_promptad_lambda1=0.001, hybrid_promptad_n_ctx=4, hybrid_promptad_n_pro=3, hybrid_promptad_n_ctx_ab=1, hybrid_promptad_n_pro_ab=4, early_stop_k=10, result_log_path='./results/train_hybrid_result.csv')
[Hybrid] method=promptad, class_name=juice_bottle, train=5, eval=78, base_path=/data3/seungeon/data/image/mvtec_loco_anomaly_detection/orange_juice
[Hybrid-only] LA_AUC=0.90394, LA_AUPRC=0.78908, LA_F1=0.81818
[Data Description]
- Train: 5
- Test: 78

Train Start
[Test ROC-AUC]  -  SA: 0.00000,  LA: 0.42998
[Test AUPRC]  -  LA: 0.31127
[Test F1-max]  -  LA: 0.56863
Epoch: 0 | Loss: 3.9151573181152344  | Negative Loss: 0.0
[Test ROC-AUC]  -  SA: 0.00000,  LA: 0.43702
[Test AUPRC]  -  LA: 0.31539
[Test F1-max]  -  LA: 0.56863
Epoch: 1 | Loss: 3.858238935470581  | Negative Loss: 0.0
[Test ROC-AUC]  -  SA: 0.00000,  LA: 0.61576
[Test AUPRC]  -  LA: 0.41491
[Test F1-max]  -  LA: 0.60526
Epoch: 2 | Loss: 3.2183144092559814  | Negative Loss: 0.0
[Test ROC-AUC]  -  SA: 0.00000,  LA: 0.77270
[Test AUPRC]  -  LA: 0.63001
[Test F1-max]  -  LA: 0.70886
Epoch: 3 | Loss: 2.2760558128356934  | Negative Loss: 0.0
[Test ROC-AUC]  -  SA: 0.00000,  LA: 0.83814
[Test AUPRC]  -  LA: 0.72721
[Test F1-max]  -  LA: 0.73684
Epoch: 4 | Loss: 1.3670574426651  | Negative Loss: 0.0
[Test ROC-AUC]  -  SA: 0.00000,  LA: 0.85714
[Test AUPRC]  -  LA: 0.76038
[Test F1-max]  -  LA: 0.74359
Epoch: 5 | Loss: 0.7330868244171143  | Negative Loss: 0.0
[Test ROC-AUC]  -  SA: 0.00000,  LA: 0.87192
[Test AUPRC]  -  LA: 0.77969
[Test F1-max]  -  LA: 0.76316
Epoch: 6 | Loss: 0.38435283303260803  | Negative Loss: 0.0
[Test ROC-AUC]  -  SA: 0.00000,  LA: 0.87192
[Test AUPRC]  -  LA: 0.76234
[Test F1-max]  -  LA: 0.77333
Epoch: 7 | Loss: 0.20438334345817566  | Negative Loss: 0.0
[Test ROC-AUC]  -  SA: 0.00000,  LA: 0.86981
[Test AUPRC]  -  LA: 0.75768
[Test F1-max]  -  LA: 0.77143
Epoch: 8 | Loss: 0.1098845899105072  | Negative Loss: 0.0
[Test ROC-AUC]  -  SA: 0.00000,  LA: 0.87544
[Test AUPRC]  -  LA: 0.75930
[Test F1-max]  -  LA: 0.78261
Epoch: 9 | Loss: 0.05937061086297035  | Negative Loss: 0.0
[Test ROC-AUC]  -  SA: 0.00000,  LA: 0.88529
[Test AUPRC]  -  LA: 0.77318
[Test F1-max]  -  LA: 0.78261
Epoch: 10 | Loss: 0.032319121062755585  | Negative Loss: 0.0
[Test ROC-AUC]  -  SA: 0.00000,  LA: 0.88811
[Test AUPRC]  -  LA: 0.78164
[Test F1-max]  -  LA: 0.77143
Epoch: 11 | Loss: 0.017758751288056374  | Negative Loss: 0.0
[Test ROC-AUC]  -  SA: 0.00000,  LA: 0.88881
[Test AUPRC]  -  LA: 0.77553
[Test F1-max]  -  LA: 0.77143
Epoch: 12 | Loss: 0.009849051013588905  | Negative Loss: 0.0
[Test ROC-AUC]  -  SA: 0.00000,  LA: 0.89796
[Test AUPRC]  -  LA: 0.79788
[Test F1-max]  -  LA: 0.78431
Epoch: 13 | Loss: 0.005532540380954742  | Negative Loss: 0.0
[Test ROC-AUC]  -  SA: 0.00000,  LA: 0.89866
[Test AUPRC]  -  LA: 0.79872
[Test F1-max]  -  LA: 0.79412
Epoch: 14 | Loss: 0.0031562363728880882  | Negative Loss: 0.0
[Test ROC-AUC]  -  SA: 0.00000,  LA: 0.90148
[Test AUPRC]  -  LA: 0.78017
[Test F1-max]  -  LA: 0.80769
Epoch: 15 | Loss: 0.0018298139329999685  | Negative Loss: 0.0
[Test ROC-AUC]  -  SA: 0.00000,  LA: 0.90289
[Test AUPRC]  -  LA: 0.78163
[Test F1-max]  -  LA: 0.80769
Epoch: 16 | Loss: 0.0010789863299578428  | Negative Loss: 0.0
[Test ROC-AUC]  -  SA: 0.00000,  LA: 0.90640
[Test AUPRC]  -  LA: 0.76017
[Test F1-max]  -  LA: 0.80769
Epoch: 17 | Loss: 0.0006480669835582376  | Negative Loss: 0.0
[Test ROC-AUC]  -  SA: 0.00000,  LA: 0.90852
[Test AUPRC]  -  LA: 0.76323
[Test F1-max]  -  LA: 0.81356
Epoch: 18 | Loss: 0.00039758835919201374  | Negative Loss: 0.0
[Test ROC-AUC]  -  SA: 0.00000,  LA: 0.91133
[Test AUPRC]  -  LA: 0.77430
[Test F1-max]  -  LA: 0.81481
Epoch: 19 | Loss: 0.00024936755653470755  | Negative Loss: 0.0
[Test ROC-AUC]  -  SA: 0.00000,  LA: 0.91203
[Test AUPRC]  -  LA: 0.77495
[Test F1-max]  -  LA: 0.81481
Epoch: 20 | Loss: 0.00015989977691788226  | Negative Loss: 0.0
[Test ROC-AUC]  -  SA: 0.00000,  LA: 0.91344
[Test AUPRC]  -  LA: 0.77582
[Test F1-max]  -  LA: 0.81356
Epoch: 21 | Loss: 0.00010478170588612556  | Negative Loss: 0.0
[Test ROC-AUC]  -  SA: 0.00000,  LA: 0.91485
[Test AUPRC]  -  LA: 0.77707
[Test F1-max]  -  LA: 0.81356
Epoch: 22 | Loss: 7.011743582552299e-05  | Negative Loss: 0.0
[Test ROC-AUC]  -  SA: 0.00000,  LA: 0.91555
[Test AUPRC]  -  LA: 0.77831
[Test F1-max]  -  LA: 0.81481
Epoch: 23 | Loss: 4.808833546121605e-05  | Negative Loss: 0.0
[Test ROC-AUC]  -  SA: 0.00000,  LA: 0.91696
[Test AUPRC]  -  LA: 0.78057
[Test F1-max]  -  LA: 0.82759
Epoch: 24 | Loss: 3.3568994695087895e-05  | Negative Loss: 0.0
[Test ROC-AUC]  -  SA: 0.00000,  LA: 0.91837
[Test AUPRC]  -  LA: 0.78146
[Test F1-max]  -  LA: 0.82759
Epoch: 25 | Loss: 2.3984734070836566e-05  | Negative Loss: 0.0
[Test ROC-AUC]  -  SA: 0.00000,  LA: 0.91977
[Test AUPRC]  -  LA: 0.78889
[Test F1-max]  -  LA: 0.82759
Epoch: 26 | Loss: 1.7499831301392987e-05  | Negative Loss: 0.0
[Test ROC-AUC]  -  SA: 0.00000,  LA: 0.92259
[Test AUPRC]  -  LA: 0.79407
[Test F1-max]  -  LA: 0.82759
Epoch: 27 | Loss: 1.2946076822117902e-05  | Negative Loss: 0.0
[Test ROC-AUC]  -  SA: 0.00000,  LA: 0.92400
[Test AUPRC]  -  LA: 0.79495
[Test F1-max]  -  LA: 0.82759
Epoch: 28 | Loss: 9.894341019389685e-06  | Negative Loss: 0.0
[Test ROC-AUC]  -  SA: 0.00000,  LA: 0.92611
[Test AUPRC]  -  LA: 0.80107
[Test F1-max]  -  LA: 0.82759
Epoch: 29 | Loss: 7.67706114856992e-06  | Negative Loss: 0.0
[Test ROC-AUC]  -  SA: 0.00000,  LA: 0.92892
[Test AUPRC]  -  LA: 0.80362
[Test F1-max]  -  LA: 0.83636
Epoch: 30 | Loss: 6.079662398406072e-06  | Negative Loss: 0.0
[Test ROC-AUC]  -  SA: 0.00000,  LA: 0.92822
[Test AUPRC]  -  LA: 0.80223
[Test F1-max]  -  LA: 0.83636
Epoch: 31 | Loss: 4.768364306073636e-06  | Negative Loss: 0.0
[Test ROC-AUC]  -  SA: 0.00000,  LA: 0.92752
[Test AUPRC]  -  LA: 0.80173
[Test F1-max]  -  LA: 0.83636
Epoch: 32 | Loss: 3.957743501814548e-06  | Negative Loss: 0.0
[Test ROC-AUC]  -  SA: 0.00000,  LA: 0.92822
[Test AUPRC]  -  LA: 0.80385
[Test F1-max]  -  LA: 0.84211
Epoch: 33 | Loss: 3.218647407265962e-06  | Negative Loss: 0.0
[Test ROC-AUC]  -  SA: 0.00000,  LA: 0.92892
[Test AUPRC]  -  LA: 0.80430
[Test F1-max]  -  LA: 0.84211
Epoch: 34 | Loss: 2.6702857667260105e-06  | Negative Loss: 0.0
[Test ROC-AUC]  -  SA: 0.00000,  LA: 0.92892
[Test AUPRC]  -  LA: 0.80618
[Test F1-max]  -  LA: 0.84211
Epoch: 35 | Loss: 2.2172912395035382e-06  | Negative Loss: 0.0
[Test ROC-AUC]  -  SA: 0.00000,  LA: 0.92892
[Test AUPRC]  -  LA: 0.80618
[Test F1-max]  -  LA: 0.84211
Epoch: 36 | Loss: 1.9073474959441228e-06  | Negative Loss: 0.0
[Test ROC-AUC]  -  SA: 0.00000,  LA: 0.92892
[Test AUPRC]  -  LA: 0.80542
[Test F1-max]  -  LA: 0.84375
Epoch: 37 | Loss: 1.6689291442162357e-06  | Negative Loss: 0.0
[Test ROC-AUC]  -  SA: 0.00000,  LA: 0.92892
[Test AUPRC]  -  LA: 0.80542
[Test F1-max]  -  LA: 0.84375
Epoch: 38 | Loss: 1.4543526276611374e-06  | Negative Loss: 0.0
[Test ROC-AUC]  -  SA: 0.00000,  LA: 0.92963
[Test AUPRC]  -  LA: 0.80596
[Test F1-max]  -  LA: 0.84375
Epoch: 39 | Loss: 1.3351434517971938e-06  | Negative Loss: 0.0
[Test ROC-AUC]  -  SA: 0.00000,  LA: 0.92963
[Test AUPRC]  -  LA: 0.80713
[Test F1-max]  -  LA: 0.84375
Epoch: 40 | Loss: 1.2159342759332503e-06  | Negative Loss: 0.0
[Test ROC-AUC]  -  SA: 0.00000,  LA: 0.92963
[Test AUPRC]  -  LA: 0.80713
[Test F1-max]  -  LA: 0.84375
Epoch: 41 | Loss: 1.1444087704148842e-06  | Negative Loss: 0.0
[Test ROC-AUC]  -  SA: 0.00000,  LA: 0.92963
[Test AUPRC]  -  LA: 0.80713
[Test F1-max]  -  LA: 0.84375
Epoch: 42 | Loss: 1.001357759378152e-06  | Negative Loss: 0.0
[Test ROC-AUC]  -  SA: 0.00000,  LA: 0.92963
[Test AUPRC]  -  LA: 0.80713
[Test F1-max]  -  LA: 0.84375
Epoch: 43 | Loss: 9.059903050001594e-07  | Negative Loss: 0.0
[Test ROC-AUC]  -  SA: 0.00000,  LA: 0.92892
[Test AUPRC]  -  LA: 0.80555
[Test F1-max]  -  LA: 0.84375
Epoch: 44 | Loss: 8.106229643090046e-07  | Negative Loss: 0.0
[Test ROC-AUC]  -  SA: 0.00000,  LA: 0.92892
[Test AUPRC]  -  LA: 0.80555
[Test F1-max]  -  LA: 0.84375
Epoch: 45 | Loss: 7.62939350806846e-07  | Negative Loss: 0.0
[Test ROC-AUC]  -  SA: 0.00000,  LA: 0.92892
[Test AUPRC]  -  LA: 0.80555
[Test F1-max]  -  LA: 0.84375
Epoch: 46 | Loss: 7.390974587906385e-07  | Negative Loss: 0.0
[Test ROC-AUC]  -  SA: 0.00000,  LA: 0.92752
[Test AUPRC]  -  LA: 0.80315
[Test F1-max]  -  LA: 0.83636
Epoch: 47 | Loss: 6.437300612560648e-07  | Negative Loss: 0.0
[Test ROC-AUC]  -  SA: 0.00000,  LA: 0.92752
[Test AUPRC]  -  LA: 0.80315
[Test F1-max]  -  LA: 0.83636
Epoch: 48 | Loss: 6.198881692398572e-07  | Negative Loss: 0.0
[Test ROC-AUC]  -  SA: 0.00000,  LA: 0.92752
[Test AUPRC]  -  LA: 0.80315
[Test F1-max]  -  LA: 0.83636
Epoch: 49 | Loss: 5.960463340670685e-07  | Negative Loss: 0.0
[Test ROC-AUC]  -  SA: 0.00000,  LA: 0.92752
[Test AUPRC]  -  LA: 0.80315
[Test F1-max]  -  LA: 0.83636
Epoch: 50 | Loss: 5.245208285487024e-07  | Negative Loss: 0.0
[Test ROC-AUC]  -  SA: 0.00000,  LA: 0.92752
[Test AUPRC]  -  LA: 0.80315
[Test F1-max]  -  LA: 0.83636
Epoch: 51 | Loss: 5.006789933759137e-07  | Negative Loss: 0.0
[Test ROC-AUC]  -  SA: 0.00000,  LA: 0.92822
[Test AUPRC]  -  LA: 0.80372
[Test F1-max]  -  LA: 0.83636
Epoch: 52 | Loss: 4.7683710135970614e-07  | Negative Loss: 0.0
[Test ROC-AUC]  -  SA: 0.00000,  LA: 0.92822
[Test AUPRC]  -  LA: 0.80372
[Test F1-max]  -  LA: 0.83636
Epoch: 53 | Loss: 4.5299526618691743e-07  | Negative Loss: 0.0
[Test ROC-AUC]  -  SA: 0.00000,  LA: 0.92822
[Test AUPRC]  -  LA: 0.80372
[Test F1-max]  -  LA: 0.83636
Epoch: 54 | Loss: 4.5299526618691743e-07  | Negative Loss: 0.0
[Test ROC-AUC]  -  SA: 0.00000,  LA: 0.92787
[Test AUPRC]  -  LA: 0.80364
[Test F1-max]  -  LA: 0.83077
Epoch: 55 | Loss: 4.291534025924193e-07  | Negative Loss: 0.0
[Test ROC-AUC]  -  SA: 0.00000,  LA: 0.92752
[Test AUPRC]  -  LA: 0.80420
[Test F1-max]  -  LA: 0.83077
Epoch: 56 | Loss: 3.81469675403423e-07  | Negative Loss: 0.0
[Test ROC-AUC]  -  SA: 0.00000,  LA: 0.92752
[Test AUPRC]  -  LA: 0.80420
[Test F1-max]  -  LA: 0.83077
Epoch: 57 | Loss: 3.814696469817136e-07  | Negative Loss: 0.0
[Test ROC-AUC]  -  SA: 0.00000,  LA: 0.92752
[Test AUPRC]  -  LA: 0.80420
[Test F1-max]  -  LA: 0.83077
Epoch: 58 | Loss: 3.814696469817136e-07  | Negative Loss: 0.0
[Test ROC-AUC]  -  SA: 0.00000,  LA: 0.92752
[Test AUPRC]  -  LA: 0.80420
[Test F1-max]  -  LA: 0.83077
Epoch: 59 | Loss: 3.81469675403423e-07  | Negative Loss: 0.0
[Test ROC-AUC]  -  SA: 0.00000,  LA: 0.92822
[Test AUPRC]  -  LA: 0.80479
[Test F1-max]  -  LA: 0.83077
Epoch: 60 | Loss: 3.814696469817136e-07  | Negative Loss: 0.0
[Test ROC-AUC]  -  SA: 0.00000,  LA: 0.92822
[Test AUPRC]  -  LA: 0.80479
[Test F1-max]  -  LA: 0.83077
Epoch: 61 | Loss: 3.81469675403423e-07  | Negative Loss: 0.0
[Test ROC-AUC]  -  SA: 0.00000,  LA: 0.92822
[Test AUPRC]  -  LA: 0.80479
[Test F1-max]  -  LA: 0.83077
Epoch: 62 | Loss: 3.81469675403423e-07  | Negative Loss: 0.0
[Test ROC-AUC]  -  SA: 0.00000,  LA: 0.92822
[Test AUPRC]  -  LA: 0.80479
[Test F1-max]  -  LA: 0.83077
Epoch: 63 | Loss: 3.576278118089249e-07  | Negative Loss: 0.0
[Test ROC-AUC]  -  SA: 0.00000,  LA: 0.92822
[Test AUPRC]  -  LA: 0.80479
[Test F1-max]  -  LA: 0.83077
Epoch: 64 | Loss: 3.576278118089249e-07  | Negative Loss: 0.0
[Test ROC-AUC]  -  SA: 0.00000,  LA: 0.92822
[Test AUPRC]  -  LA: 0.80479
[Test F1-max]  -  LA: 0.83077
Epoch: 65 | Loss: 3.576278118089249e-07  | Negative Loss: 0.0
[Test ROC-AUC]  -  SA: 0.00000,  LA: 0.92822
[Test AUPRC]  -  LA: 0.80479
[Test F1-max]  -  LA: 0.83077
Epoch: 66 | Loss: 3.576278118089249e-07  | Negative Loss: 0.0
[Test ROC-AUC]  -  SA: 0.00000,  LA: 0.92822
[Test AUPRC]  -  LA: 0.80479
[Test F1-max]  -  LA: 0.83077
Epoch: 67 | Loss: 3.337859766361362e-07  | Negative Loss: 0.0
[Test ROC-AUC]  -  SA: 0.00000,  LA: 0.92822
[Test AUPRC]  -  LA: 0.80479
[Test F1-max]  -  LA: 0.83077
Epoch: 68 | Loss: 3.337859766361362e-07  | Negative Loss: 0.0
[Test ROC-AUC]  -  SA: 0.00000,  LA: 0.92822
[Test AUPRC]  -  LA: 0.80479
[Test F1-max]  -  LA: 0.83077
Epoch: 69 | Loss: 3.099440846199286e-07  | Negative Loss: 0.0
[Test ROC-AUC]  -  SA: 0.00000,  LA: 0.92822
[Test AUPRC]  -  LA: 0.80479
[Test F1-max]  -  LA: 0.83077
Epoch: 70 | Loss: 3.099440846199286e-07  | Negative Loss: 0.0
[Test ROC-AUC]  -  SA: 0.00000,  LA: 0.92822
[Test AUPRC]  -  LA: 0.80479
[Test F1-max]  -  LA: 0.83077
Epoch: 71 | Loss: 2.861022494471399e-07  | Negative Loss: 0.0
[Test ROC-AUC]  -  SA: 0.00000,  LA: 0.92822
[Test AUPRC]  -  LA: 0.80479
[Test F1-max]  -  LA: 0.83077
Epoch: 72 | Loss: 2.622604142743512e-07  | Negative Loss: 0.0
[Test ROC-AUC]  -  SA: 0.00000,  LA: 0.92822
[Test AUPRC]  -  LA: 0.80479
[Test F1-max]  -  LA: 0.83077
Epoch: 73 | Loss: 2.3841855067985307e-07  | Negative Loss: 0.0
[Test ROC-AUC]  -  SA: 0.00000,  LA: 0.92822
[Test AUPRC]  -  LA: 0.80479
[Test F1-max]  -  LA: 0.83077
Epoch: 74 | Loss: 2.3841855067985307e-07  | Negative Loss: 0.0
[Test ROC-AUC]  -  SA: 0.00000,  LA: 0.92752
[Test AUPRC]  -  LA: 0.80306
[Test F1-max]  -  LA: 0.83077
Epoch: 75 | Loss: 2.3841855067985307e-07  | Negative Loss: 0.0
[Test ROC-AUC]  -  SA: 0.00000,  LA: 0.92752
[Test AUPRC]  -  LA: 0.80306
[Test F1-max]  -  LA: 0.83077
Epoch: 76 | Loss: 2.3841855067985307e-07  | Negative Loss: 0.0
[Test ROC-AUC]  -  SA: 0.00000,  LA: 0.92681
[Test AUPRC]  -  LA: 0.80199
[Test F1-max]  -  LA: 0.83077
Epoch: 77 | Loss: 2.3841855067985307e-07  | Negative Loss: 0.0
[Test ROC-AUC]  -  SA: 0.00000,  LA: 0.92646
[Test AUPRC]  -  LA: 0.80161
[Test F1-max]  -  LA: 0.83077
Epoch: 78 | Loss: 2.1457670129620965e-07  | Negative Loss: 0.0
[Test ROC-AUC]  -  SA: 0.00000,  LA: 0.92681
[Test AUPRC]  -  LA: 0.80206
[Test F1-max]  -  LA: 0.83077
Epoch: 79 | Loss: 2.1457670129620965e-07  | Negative Loss: 0.0
[Test ROC-AUC]  -  SA: 0.00000,  LA: 0.92681
[Test AUPRC]  -  LA: 0.80206
[Test F1-max]  -  LA: 0.83077
Epoch: 80 | Loss: 2.1457670129620965e-07  | Negative Loss: 0.0
[Test ROC-AUC]  -  SA: 0.00000,  LA: 0.92681
[Test AUPRC]  -  LA: 0.80206
[Test F1-max]  -  LA: 0.83077
Epoch: 81 | Loss: 2.1457670129620965e-07  | Negative Loss: 0.0
[Test ROC-AUC]  -  SA: 0.00000,  LA: 0.92752
[Test AUPRC]  -  LA: 0.80282
[Test F1-max]  -  LA: 0.83077
Epoch: 82 | Loss: 2.1457670129620965e-07  | Negative Loss: 0.0
[Test ROC-AUC]  -  SA: 0.00000,  LA: 0.92752
[Test AUPRC]  -  LA: 0.80282
[Test F1-max]  -  LA: 0.83077
Epoch: 83 | Loss: 2.1457670129620965e-07  | Negative Loss: 0.0
[Test ROC-AUC]  -  SA: 0.00000,  LA: 0.92892
[Test AUPRC]  -  LA: 0.80543
[Test F1-max]  -  LA: 0.83333
Epoch: 84 | Loss: 2.1457670129620965e-07  | Negative Loss: 0.0
[Test ROC-AUC]  -  SA: 0.00000,  LA: 0.92892
[Test AUPRC]  -  LA: 0.80543
[Test F1-max]  -  LA: 0.83333
Epoch: 85 | Loss: 2.1457670129620965e-07  | Negative Loss: 0.0
[Test ROC-AUC]  -  SA: 0.00000,  LA: 0.92892
[Test AUPRC]  -  LA: 0.80543
[Test F1-max]  -  LA: 0.83333
Epoch: 86 | Loss: 2.1457670129620965e-07  | Negative Loss: 0.0
[Test ROC-AUC]  -  SA: 0.00000,  LA: 0.92963
[Test AUPRC]  -  LA: 0.80637
[Test F1-max]  -  LA: 0.84746
Epoch: 87 | Loss: 2.1457670129620965e-07  | Negative Loss: 0.0
[Test ROC-AUC]  -  SA: 0.00000,  LA: 0.92963
[Test AUPRC]  -  LA: 0.80637
[Test F1-max]  -  LA: 0.84746
Epoch: 88 | Loss: 2.1457670129620965e-07  | Negative Loss: 0.0
[Test ROC-AUC]  -  SA: 0.00000,  LA: 0.93033
[Test AUPRC]  -  LA: 0.80832
[Test F1-max]  -  LA: 0.84746
Epoch: 89 | Loss: 2.1457670129620965e-07  | Negative Loss: 0.0
[Test ROC-AUC]  -  SA: 0.00000,  LA: 0.93103
[Test AUPRC]  -  LA: 0.80913
[Test F1-max]  -  LA: 0.84746
Epoch: 90 | Loss: 2.1457670129620965e-07  | Negative Loss: 0.0
[Test ROC-AUC]  -  SA: 0.00000,  LA: 0.93174
[Test AUPRC]  -  LA: 0.80999
[Test F1-max]  -  LA: 0.85246
Epoch: 91 | Loss: 2.1457670129620965e-07  | Negative Loss: 0.0
[Test ROC-AUC]  -  SA: 0.00000,  LA: 0.93103
[Test AUPRC]  -  LA: 0.80905
[Test F1-max]  -  LA: 0.85246
Epoch: 92 | Loss: 2.1457670129620965e-07  | Negative Loss: 0.0
[Test ROC-AUC]  -  SA: 0.00000,  LA: 0.93103
[Test AUPRC]  -  LA: 0.80905
[Test F1-max]  -  LA: 0.85246
Epoch: 93 | Loss: 2.1457670129620965e-07  | Negative Loss: 0.0
[Test ROC-AUC]  -  SA: 0.00000,  LA: 0.93103
[Test AUPRC]  -  LA: 0.80905
[Test F1-max]  -  LA: 0.85246
Epoch: 94 | Loss: 2.1457670129620965e-07  | Negative Loss: 0.0
[Test ROC-AUC]  -  SA: 0.00000,  LA: 0.93103
[Test AUPRC]  -  LA: 0.80905
[Test F1-max]  -  LA: 0.85246
Epoch: 95 | Loss: 2.1457670129620965e-07  | Negative Loss: 0.0
[Test ROC-AUC]  -  SA: 0.00000,  LA: 0.93103
[Test AUPRC]  -  LA: 0.80904
[Test F1-max]  -  LA: 0.85246
Epoch: 96 | Loss: 2.1457670129620965e-07  | Negative Loss: 0.0
[Test ROC-AUC]  -  SA: 0.00000,  LA: 0.93103
[Test AUPRC]  -  LA: 0.80905
[Test F1-max]  -  LA: 0.85246
Epoch: 97 | Loss: 2.1457670129620965e-07  | Negative Loss: 0.0
[Test ROC-AUC]  -  SA: 0.00000,  LA: 0.93103
[Test AUPRC]  -  LA: 0.80905
[Test F1-max]  -  LA: 0.85246
Epoch: 98 | Loss: 2.1457670129620965e-07  | Negative Loss: 0.0
[Test ROC-AUC]  -  SA: 0.00000,  LA: 0.93174
[Test AUPRC]  -  LA: 0.80999
[Test F1-max]  -  LA: 0.85246
Epoch: 99 | Loss: 2.1457670129620965e-07  | Negative Loss: 0.0
Time consumption: 89.50685048103333
Best LA AUC: 0.9317382125263899
Best LA AUPC: 0.8099910387916616
Best LA F1-max: 0.8524590163934426
[Result] Experiment result appended to ./results/train_hybrid_result.csv

[END] 2026-03-18 16:14:39
[RETURN CODE] 0
