[START] 2026-03-18 15:29:33
[GPU] 1
[INDEX] 25/40
[COMMAND] python train_hybrid.py --data_name screw_bag --mask True --text True --double_encoder True --few_shot True --shot 5 --hybrid_model promptad --hybrid_weight 0.3 --hybrid_batch_size 16 --epoch 100 --log True --lr 5e-4 --detection True --preprocess True

/home/seungeon/miniconda3/envs/LAB/lib/python3.10/site-packages/timm/models/layers/__init__.py:48: FutureWarning: Importing from timm.models.layers is deprecated, please import via timm.layers
  warnings.warn(f"Importing from {__name__} is deprecated, please import via timm.layers", FutureWarning)
/home/seungeon/Workspace/side/vlm/train_hybrid.py:18: DeprecationWarning: The distutils package is deprecated and slated for removal in Python 3.12. Use setuptools or check PEP 632 for potential alternatives
  from distutils.util import strtobool
Torch version: 2.9.1+cu128
cuda is loaded for process
here?
In my local computer
Namespace(epoch=100, gpu_number='0', data_name='screw_bag', lr=0.0005, batch_size=6, shuffle=True, seed=0, tag='default', model_name='ViT-B-32', pretrained_name='laion2b_s34b_b79k', lora=1, default=False, foundation='CLIP', detection=1, preprocess=1, num_rule=0, object_names=['long_bolt', 'short_bolt', 'hexagonal nut', 'round washer', 'plastic bag', 'background'], objects_for_rules=[['long_bolt', 'short_bolt'], ['short_bolt'], ['long_bolt'], ['hexagonal nut'], ['round washer']], texts_for_rules=[['two bolts'], ['short bolt'], ['long bolt'], ['hexagonal nut'], ['round washer']], mask=1, text=1, score='mean', ciriculam_learning=False, few_shot=1, shot=5, log=1, neg_loss=0, double_encoder=1, pretrained_count_path=None, ris=0, rule_select='', rule_list=[], num_negative=5, hybrid_model='promptad', hybrid_weight=0.3, hybrid_class_name='', hybrid_batch_size=16, hybrid_backbone='ViT-B-16-plus-240', hybrid_pretrained_dataset='laion400m_e32', hybrid_scales=[2, 3], hybrid_img_resize=240, hybrid_img_cropsize=240, hybrid_resolution=400, hybrid_promptad_epoch=100, hybrid_promptad_lr=0.002, hybrid_promptad_momentum=0.9, hybrid_promptad_weight_decay=0.0005, hybrid_promptad_eta_min=1e-05, hybrid_promptad_lambda1=0.001, hybrid_promptad_n_ctx=4, hybrid_promptad_n_pro=3, hybrid_promptad_n_ctx_ab=1, hybrid_promptad_n_pro_ab=4, early_stop_k=10, result_log_path='./results/train_hybrid_result.csv')
[Hybrid] method=promptad, class_name=screw_bag, train=5, eval=259, base_path=/data3/seungeon/data/image/mvtec_loco_anomaly_detection/screw_bag
[Hybrid-only] LA_AUC=0.67847, LA_AUPRC=0.63186, LA_F1=0.67712
[Data Description]
- Train: 5
- Test: 259

Train Start
[Test ROC-AUC]  -  SA: 0.00000,  LA: 0.42108
[Test AUPRC]  -  LA: 0.40140
[Test F1-max]  -  LA: 0.64211
Epoch: 0 | Loss: 6.887286186218262  | Negative Loss: 0.0
[Test ROC-AUC]  -  SA: 0.00000,  LA: 0.42037
[Test AUPRC]  -  LA: 0.40111
[Test F1-max]  -  LA: 0.64211
Epoch: 1 | Loss: 6.779069423675537  | Negative Loss: 0.0
[Test ROC-AUC]  -  SA: 0.00000,  LA: 0.43161
[Test AUPRC]  -  LA: 0.40799
[Test F1-max]  -  LA: 0.64211
Epoch: 2 | Loss: 5.7458696365356445  | Negative Loss: 0.0
[Test ROC-AUC]  -  SA: 0.00000,  LA: 0.45854
[Test AUPRC]  -  LA: 0.42792
[Test F1-max]  -  LA: 0.64211
Epoch: 3 | Loss: 4.101486682891846  | Negative Loss: 0.0
[Test ROC-AUC]  -  SA: 0.00000,  LA: 0.50634
[Test AUPRC]  -  LA: 0.46680
[Test F1-max]  -  LA: 0.64211
Epoch: 4 | Loss: 2.3155527114868164  | Negative Loss: 0.0
[Test ROC-AUC]  -  SA: 0.00000,  LA: 0.55857
[Test AUPRC]  -  LA: 0.52106
[Test F1-max]  -  LA: 0.64042
Epoch: 5 | Loss: 1.0406122207641602  | Negative Loss: 0.0
[Test ROC-AUC]  -  SA: 0.00000,  LA: 0.58269
[Test AUPRC]  -  LA: 0.56925
[Test F1-max]  -  LA: 0.64042
Epoch: 6 | Loss: 0.41916215419769287  | Negative Loss: 0.0
[Test ROC-AUC]  -  SA: 0.00000,  LA: 0.60192
[Test AUPRC]  -  LA: 0.58443
[Test F1-max]  -  LA: 0.64348
Epoch: 7 | Loss: 0.17103126645088196  | Negative Loss: 0.0
[Test ROC-AUC]  -  SA: 0.00000,  LA: 0.61206
[Test AUPRC]  -  LA: 0.59215
[Test F1-max]  -  LA: 0.64088
Epoch: 8 | Loss: 0.07410192489624023  | Negative Loss: 0.0
[Test ROC-AUC]  -  SA: 0.00000,  LA: 0.61248
[Test AUPRC]  -  LA: 0.59589
[Test F1-max]  -  LA: 0.64110
Epoch: 9 | Loss: 0.03388635814189911  | Negative Loss: 0.0
[Test ROC-AUC]  -  SA: 0.00000,  LA: 0.61368
[Test AUPRC]  -  LA: 0.59529
[Test F1-max]  -  LA: 0.64110
Epoch: 10 | Loss: 0.01617143116891384  | Negative Loss: 0.0
[Test ROC-AUC]  -  SA: 0.00000,  LA: 0.61601
[Test AUPRC]  -  LA: 0.59140
[Test F1-max]  -  LA: 0.64110
Epoch: 11 | Loss: 0.00808218214660883  | Negative Loss: 0.0
[Test ROC-AUC]  -  SA: 0.00000,  LA: 0.61894
[Test AUPRC]  -  LA: 0.58993
[Test F1-max]  -  LA: 0.64110
Epoch: 12 | Loss: 0.004180572926998138  | Negative Loss: 0.0
[Test ROC-AUC]  -  SA: 0.00000,  LA: 0.62169
[Test AUPRC]  -  LA: 0.59282
[Test F1-max]  -  LA: 0.64463
Epoch: 13 | Loss: 0.002231332240626216  | Negative Loss: 0.0
[Test ROC-AUC]  -  SA: 0.00000,  LA: 0.62546
[Test AUPRC]  -  LA: 0.59661
[Test F1-max]  -  LA: 0.64463
Epoch: 14 | Loss: 0.0012286037672311068  | Negative Loss: 0.0
[Test ROC-AUC]  -  SA: 0.00000,  LA: 0.62567
[Test AUPRC]  -  LA: 0.59397
[Test F1-max]  -  LA: 0.64481
Epoch: 15 | Loss: 0.0006950403330847621  | Negative Loss: 0.0
[Test ROC-AUC]  -  SA: 0.00000,  LA: 0.62639
[Test AUPRC]  -  LA: 0.59767
[Test F1-max]  -  LA: 0.64674
Epoch: 16 | Loss: 0.00040433346293866634  | Negative Loss: 0.0
[Test ROC-AUC]  -  SA: 0.00000,  LA: 0.62863
[Test AUPRC]  -  LA: 0.59965
[Test F1-max]  -  LA: 0.64674
Epoch: 17 | Loss: 0.0002416996139800176  | Negative Loss: 0.0
[Test ROC-AUC]  -  SA: 0.00000,  LA: 0.63109
[Test AUPRC]  -  LA: 0.59371
[Test F1-max]  -  LA: 0.64815
Epoch: 18 | Loss: 0.0001485073153162375  | Negative Loss: 0.0
[Test ROC-AUC]  -  SA: 0.00000,  LA: 0.63569
[Test AUPRC]  -  LA: 0.59562
[Test F1-max]  -  LA: 0.65231
Epoch: 19 | Loss: 9.350627078674734e-05  | Negative Loss: 0.0
[Test ROC-AUC]  -  SA: 0.00000,  LA: 0.63851
[Test AUPRC]  -  LA: 0.59620
[Test F1-max]  -  LA: 0.65031
Epoch: 20 | Loss: 6.024773028912023e-05  | Negative Loss: 0.0
[Test ROC-AUC]  -  SA: 0.00000,  LA: 0.64371
[Test AUPRC]  -  LA: 0.59859
[Test F1-max]  -  LA: 0.65294
Epoch: 21 | Loss: 3.991097764810547e-05  | Negative Loss: 0.0
[Test ROC-AUC]  -  SA: 0.00000,  LA: 0.64742
[Test AUPRC]  -  LA: 0.60149
[Test F1-max]  -  LA: 0.65875
Epoch: 22 | Loss: 2.6941161195281893e-05  | Negative Loss: 0.0
[Test ROC-AUC]  -  SA: 0.00000,  LA: 0.64964
[Test AUPRC]  -  LA: 0.60191
[Test F1-max]  -  LA: 0.65875
Epoch: 23 | Loss: 1.8739632650977e-05  | Negative Loss: 0.0
[Test ROC-AUC]  -  SA: 0.00000,  LA: 0.65221
[Test AUPRC]  -  LA: 0.60330
[Test F1-max]  -  LA: 0.65875
Epoch: 24 | Loss: 1.3184512681618799e-05  | Negative Loss: 0.0
[Test ROC-AUC]  -  SA: 0.00000,  LA: 0.65373
[Test AUPRC]  -  LA: 0.60940
[Test F1-max]  -  LA: 0.65875
Epoch: 25 | Loss: 9.536724064673763e-06  | Negative Loss: 0.0
[Test ROC-AUC]  -  SA: 0.00000,  LA: 0.65628
[Test AUPRC]  -  LA: 0.61409
[Test F1-max]  -  LA: 0.66055
Epoch: 26 | Loss: 7.081021522026276e-06  | Negative Loss: 0.0
[Test ROC-AUC]  -  SA: 0.00000,  LA: 0.65789
[Test AUPRC]  -  LA: 0.61457
[Test F1-max]  -  LA: 0.66258
Epoch: 27 | Loss: 5.316728220350342e-06  | Negative Loss: 0.0
[Test ROC-AUC]  -  SA: 0.00000,  LA: 0.65924
[Test AUPRC]  -  LA: 0.61563
[Test F1-max]  -  LA: 0.66258
Epoch: 28 | Loss: 4.0054287637758534e-06  | Negative Loss: 0.0
[Test ROC-AUC]  -  SA: 0.00000,  LA: 0.66103
[Test AUPRC]  -  LA: 0.61757
[Test F1-max]  -  LA: 0.66276
Epoch: 29 | Loss: 3.075597533097607e-06  | Negative Loss: 0.0
[Test ROC-AUC]  -  SA: 0.00000,  LA: 0.66178
[Test AUPRC]  -  LA: 0.61726
[Test F1-max]  -  LA: 0.66276
Epoch: 30 | Loss: 2.479551767464727e-06  | Negative Loss: 0.0
[Test ROC-AUC]  -  SA: 0.00000,  LA: 0.66292
[Test AUPRC]  -  LA: 0.61559
[Test F1-max]  -  LA: 0.66469
Epoch: 31 | Loss: 1.978873342523002e-06  | Negative Loss: 0.0
[Test ROC-AUC]  -  SA: 0.00000,  LA: 0.66286
[Test AUPRC]  -  LA: 0.61479
[Test F1-max]  -  LA: 0.66866
Epoch: 32 | Loss: 1.573561803525081e-06  | Negative Loss: 0.0
[Test ROC-AUC]  -  SA: 0.00000,  LA: 0.66361
[Test AUPRC]  -  LA: 0.61475
[Test F1-max]  -  LA: 0.66871
Epoch: 33 | Loss: 1.3113017303112429e-06  | Negative Loss: 0.0
[Test ROC-AUC]  -  SA: 0.00000,  LA: 0.66531
[Test AUPRC]  -  LA: 0.61563
[Test F1-max]  -  LA: 0.66873
Epoch: 34 | Loss: 1.1205669352420955e-06  | Negative Loss: 0.0
[Test ROC-AUC]  -  SA: 0.00000,  LA: 0.66651
[Test AUPRC]  -  LA: 0.61744
[Test F1-max]  -  LA: 0.67485
Epoch: 35 | Loss: 9.298322538597859e-07  | Negative Loss: 0.0
[Test ROC-AUC]  -  SA: 0.00000,  LA: 0.66684
[Test AUPRC]  -  LA: 0.61752
[Test F1-max]  -  LA: 0.67485
Epoch: 36 | Loss: 8.344647994817933e-07  | Negative Loss: 0.0
[Test ROC-AUC]  -  SA: 0.00000,  LA: 0.66752
[Test AUPRC]  -  LA: 0.61844
[Test F1-max]  -  LA: 0.67485
Epoch: 37 | Loss: 7.152556236178498e-07  | Negative Loss: 0.0
[Test ROC-AUC]  -  SA: 0.00000,  LA: 0.66767
[Test AUPRC]  -  LA: 0.61794
[Test F1-max]  -  LA: 0.67284
Epoch: 38 | Loss: 5.722044988942798e-07  | Negative Loss: 0.0
[Test ROC-AUC]  -  SA: 0.00000,  LA: 0.66878
[Test AUPRC]  -  LA: 0.61864
[Test F1-max]  -  LA: 0.67290
Epoch: 39 | Loss: 5.245208285487024e-07  | Negative Loss: 0.0
[Test ROC-AUC]  -  SA: 0.00000,  LA: 0.66956
[Test AUPRC]  -  LA: 0.62296
[Test F1-max]  -  LA: 0.67290
Epoch: 40 | Loss: 4.52995237765208e-07  | Negative Loss: 0.0
[Test ROC-AUC]  -  SA: 0.00000,  LA: 0.66959
[Test AUPRC]  -  LA: 0.62261
[Test F1-max]  -  LA: 0.67290
Epoch: 41 | Loss: 4.2915337417070987e-07  | Negative Loss: 0.0
[Test ROC-AUC]  -  SA: 0.00000,  LA: 0.67022
[Test AUPRC]  -  LA: 0.62265
[Test F1-max]  -  LA: 0.67290
Epoch: 42 | Loss: 3.814696469817136e-07  | Negative Loss: 0.0
[Test ROC-AUC]  -  SA: 0.00000,  LA: 0.67120
[Test AUPRC]  -  LA: 0.62685
[Test F1-max]  -  LA: 0.67290
Epoch: 43 | Loss: 3.576278118089249e-07  | Negative Loss: 0.0
[Test ROC-AUC]  -  SA: 0.00000,  LA: 0.67102
[Test AUPRC]  -  LA: 0.62641
[Test F1-max]  -  LA: 0.67290
Epoch: 44 | Loss: 3.099441414633475e-07  | Negative Loss: 0.0
[Test ROC-AUC]  -  SA: 0.00000,  LA: 0.67156
[Test AUPRC]  -  LA: 0.62685
[Test F1-max]  -  LA: 0.67290
Epoch: 45 | Loss: 2.622604142743512e-07  | Negative Loss: 0.0
[Test ROC-AUC]  -  SA: 0.00000,  LA: 0.67189
[Test AUPRC]  -  LA: 0.62650
[Test F1-max]  -  LA: 0.67290
Epoch: 46 | Loss: 2.3841855067985307e-07  | Negative Loss: 0.0
[Test ROC-AUC]  -  SA: 0.00000,  LA: 0.67192
[Test AUPRC]  -  LA: 0.62693
[Test F1-max]  -  LA: 0.67081
Epoch: 47 | Loss: 2.1457671550706436e-07  | Negative Loss: 0.0
[Test ROC-AUC]  -  SA: 0.00000,  LA: 0.67222
[Test AUPRC]  -  LA: 0.62727
[Test F1-max]  -  LA: 0.67081
Epoch: 48 | Loss: 2.1457671550706436e-07  | Negative Loss: 0.0
[Test ROC-AUC]  -  SA: 0.00000,  LA: 0.67261
[Test AUPRC]  -  LA: 0.62759
[Test F1-max]  -  LA: 0.67081
Epoch: 49 | Loss: 2.1457671550706436e-07  | Negative Loss: 0.0
[Test ROC-AUC]  -  SA: 0.00000,  LA: 0.67276
[Test AUPRC]  -  LA: 0.62744
[Test F1-max]  -  LA: 0.67081
Epoch: 50 | Loss: 2.1457671550706436e-07  | Negative Loss: 0.0
[Test ROC-AUC]  -  SA: 0.00000,  LA: 0.67330
[Test AUPRC]  -  LA: 0.62796
[Test F1-max]  -  LA: 0.67081
Epoch: 51 | Loss: 2.1457671550706436e-07  | Negative Loss: 0.0
[Test ROC-AUC]  -  SA: 0.00000,  LA: 0.67342
[Test AUPRC]  -  LA: 0.62802
[Test F1-max]  -  LA: 0.67081
Epoch: 52 | Loss: 2.1457671550706436e-07  | Negative Loss: 0.0
[Test ROC-AUC]  -  SA: 0.00000,  LA: 0.67375
[Test AUPRC]  -  LA: 0.62833
[Test F1-max]  -  LA: 0.67081
Epoch: 53 | Loss: 2.1457671550706436e-07  | Negative Loss: 0.0
[Test ROC-AUC]  -  SA: 0.00000,  LA: 0.67429
[Test AUPRC]  -  LA: 0.62948
[Test F1-max]  -  LA: 0.67081
Epoch: 54 | Loss: 1.9073485191256623e-07  | Negative Loss: 0.0
[Test ROC-AUC]  -  SA: 0.00000,  LA: 0.67458
[Test AUPRC]  -  LA: 0.62884
[Test F1-max]  -  LA: 0.67081
Epoch: 55 | Loss: 1.9073485191256623e-07  | Negative Loss: 0.0
[Test ROC-AUC]  -  SA: 0.00000,  LA: 0.67440
[Test AUPRC]  -  LA: 0.62829
[Test F1-max]  -  LA: 0.67081
Epoch: 56 | Loss: 1.668929883180681e-07  | Negative Loss: 0.0
[Test ROC-AUC]  -  SA: 0.00000,  LA: 0.67434
[Test AUPRC]  -  LA: 0.62840
[Test F1-max]  -  LA: 0.67081
Epoch: 57 | Loss: 1.668929883180681e-07  | Negative Loss: 0.0
[Test ROC-AUC]  -  SA: 0.00000,  LA: 0.67467
[Test AUPRC]  -  LA: 0.62870
[Test F1-max]  -  LA: 0.67081
Epoch: 58 | Loss: 1.668929883180681e-07  | Negative Loss: 0.0
[Test ROC-AUC]  -  SA: 0.00000,  LA: 0.67488
[Test AUPRC]  -  LA: 0.62868
[Test F1-max]  -  LA: 0.67290
Epoch: 59 | Loss: 1.668929883180681e-07  | Negative Loss: 0.0
[Test ROC-AUC]  -  SA: 0.00000,  LA: 0.67500
[Test AUPRC]  -  LA: 0.62923
[Test F1-max]  -  LA: 0.67290
Epoch: 60 | Loss: 1.668929883180681e-07  | Negative Loss: 0.0
[Test ROC-AUC]  -  SA: 0.00000,  LA: 0.67497
[Test AUPRC]  -  LA: 0.62931
[Test F1-max]  -  LA: 0.67290
Epoch: 61 | Loss: 1.668929883180681e-07  | Negative Loss: 0.0
[Test ROC-AUC]  -  SA: 0.00000,  LA: 0.67488
[Test AUPRC]  -  LA: 0.62925
[Test F1-max]  -  LA: 0.67290
Epoch: 62 | Loss: 1.668929883180681e-07  | Negative Loss: 0.0
[Test ROC-AUC]  -  SA: 0.00000,  LA: 0.67512
[Test AUPRC]  -  LA: 0.62944
[Test F1-max]  -  LA: 0.67290
Epoch: 63 | Loss: 1.668929883180681e-07  | Negative Loss: 0.0
[Test ROC-AUC]  -  SA: 0.00000,  LA: 0.67536
[Test AUPRC]  -  LA: 0.62956
[Test F1-max]  -  LA: 0.67290
Epoch: 64 | Loss: 1.668929883180681e-07  | Negative Loss: 0.0
[Test ROC-AUC]  -  SA: 0.00000,  LA: 0.67545
[Test AUPRC]  -  LA: 0.62959
[Test F1-max]  -  LA: 0.67290
Epoch: 65 | Loss: 1.668929883180681e-07  | Negative Loss: 0.0
[Test ROC-AUC]  -  SA: 0.00000,  LA: 0.67557
[Test AUPRC]  -  LA: 0.62972
[Test F1-max]  -  LA: 0.67081
Epoch: 66 | Loss: 1.668929883180681e-07  | Negative Loss: 0.0
[Test ROC-AUC]  -  SA: 0.00000,  LA: 0.67593
[Test AUPRC]  -  LA: 0.62983
[Test F1-max]  -  LA: 0.67081
Epoch: 67 | Loss: 1.668929883180681e-07  | Negative Loss: 0.0
[Test ROC-AUC]  -  SA: 0.00000,  LA: 0.67590
[Test AUPRC]  -  LA: 0.62967
[Test F1-max]  -  LA: 0.67081
Epoch: 68 | Loss: 1.668929883180681e-07  | Negative Loss: 0.0
[Test ROC-AUC]  -  SA: 0.00000,  LA: 0.67578
[Test AUPRC]  -  LA: 0.62951
[Test F1-max]  -  LA: 0.67081
Epoch: 69 | Loss: 1.668929883180681e-07  | Negative Loss: 0.0
[Test ROC-AUC]  -  SA: 0.00000,  LA: 0.67575
[Test AUPRC]  -  LA: 0.62953
[Test F1-max]  -  LA: 0.67081
Epoch: 70 | Loss: 1.668929883180681e-07  | Negative Loss: 0.0
[Test ROC-AUC]  -  SA: 0.00000,  LA: 0.67572
[Test AUPRC]  -  LA: 0.62931
[Test F1-max]  -  LA: 0.67081
Epoch: 71 | Loss: 1.668929883180681e-07  | Negative Loss: 0.0
[Test ROC-AUC]  -  SA: 0.00000,  LA: 0.67581
[Test AUPRC]  -  LA: 0.62944
[Test F1-max]  -  LA: 0.67081
Epoch: 72 | Loss: 1.668929883180681e-07  | Negative Loss: 0.0
[Test ROC-AUC]  -  SA: 0.00000,  LA: 0.67569
[Test AUPRC]  -  LA: 0.62925
[Test F1-max]  -  LA: 0.67081
Epoch: 73 | Loss: 1.668929883180681e-07  | Negative Loss: 0.0
[Test ROC-AUC]  -  SA: 0.00000,  LA: 0.67578
[Test AUPRC]  -  LA: 0.62960
[Test F1-max]  -  LA: 0.67081
Epoch: 74 | Loss: 1.668929883180681e-07  | Negative Loss: 0.0
[Test ROC-AUC]  -  SA: 0.00000,  LA: 0.67566
[Test AUPRC]  -  LA: 0.62950
[Test F1-max]  -  LA: 0.67081
Epoch: 75 | Loss: 1.668929883180681e-07  | Negative Loss: 0.0
[Test ROC-AUC]  -  SA: 0.00000,  LA: 0.67551
[Test AUPRC]  -  LA: 0.62930
[Test F1-max]  -  LA: 0.67081
Epoch: 76 | Loss: 1.668929883180681e-07  | Negative Loss: 0.0
[Test ROC-AUC]  -  SA: 0.00000,  LA: 0.67581
[Test AUPRC]  -  LA: 0.62949
[Test F1-max]  -  LA: 0.67081
Epoch: 77 | Loss: 1.668929883180681e-07  | Negative Loss: 0.0
[Test ROC-AUC]  -  SA: 0.00000,  LA: 0.67581
[Test AUPRC]  -  LA: 0.62952
[Test F1-max]  -  LA: 0.67081
Epoch: 78 | Loss: 1.668929883180681e-07  | Negative Loss: 0.0
[Test ROC-AUC]  -  SA: 0.00000,  LA: 0.67599
[Test AUPRC]  -  LA: 0.62977
[Test F1-max]  -  LA: 0.67081
Epoch: 79 | Loss: 1.668929883180681e-07  | Negative Loss: 0.0
[Test ROC-AUC]  -  SA: 0.00000,  LA: 0.67590
[Test AUPRC]  -  LA: 0.62973
[Test F1-max]  -  LA: 0.67081
Epoch: 80 | Loss: 1.668929883180681e-07  | Negative Loss: 0.0
[Test ROC-AUC]  -  SA: 0.00000,  LA: 0.67581
[Test AUPRC]  -  LA: 0.62965
[Test F1-max]  -  LA: 0.67081
Epoch: 81 | Loss: 1.668929883180681e-07  | Negative Loss: 0.0
[Test ROC-AUC]  -  SA: 0.00000,  LA: 0.67581
[Test AUPRC]  -  LA: 0.62965
[Test F1-max]  -  LA: 0.67081
Epoch: 82 | Loss: 1.668929883180681e-07  | Negative Loss: 0.0
[Test ROC-AUC]  -  SA: 0.00000,  LA: 0.67566
[Test AUPRC]  -  LA: 0.62954
[Test F1-max]  -  LA: 0.67081
Epoch: 83 | Loss: 1.668929883180681e-07  | Negative Loss: 0.0
[Test ROC-AUC]  -  SA: 0.00000,  LA: 0.67569
[Test AUPRC]  -  LA: 0.62959
[Test F1-max]  -  LA: 0.67081
Epoch: 84 | Loss: 1.668929883180681e-07  | Negative Loss: 0.0
[Test ROC-AUC]  -  SA: 0.00000,  LA: 0.67572
[Test AUPRC]  -  LA: 0.62961
[Test F1-max]  -  LA: 0.67081
Epoch: 85 | Loss: 1.668929883180681e-07  | Negative Loss: 0.0
[Test ROC-AUC]  -  SA: 0.00000,  LA: 0.67572
[Test AUPRC]  -  LA: 0.62925
[Test F1-max]  -  LA: 0.67081
Epoch: 86 | Loss: 1.668929883180681e-07  | Negative Loss: 0.0
[Test ROC-AUC]  -  SA: 0.00000,  LA: 0.67566
[Test AUPRC]  -  LA: 0.62925
[Test F1-max]  -  LA: 0.67081
Epoch: 87 | Loss: 1.668929883180681e-07  | Negative Loss: 0.0
[Test ROC-AUC]  -  SA: 0.00000,  LA: 0.67566
[Test AUPRC]  -  LA: 0.62921
[Test F1-max]  -  LA: 0.67081
Epoch: 88 | Loss: 1.668929883180681e-07  | Negative Loss: 0.0
[Test ROC-AUC]  -  SA: 0.00000,  LA: 0.67584
[Test AUPRC]  -  LA: 0.63108
[Test F1-max]  -  LA: 0.67081
Epoch: 89 | Loss: 1.668929883180681e-07  | Negative Loss: 0.0
[Test ROC-AUC]  -  SA: 0.00000,  LA: 0.67593
[Test AUPRC]  -  LA: 0.63110
[Test F1-max]  -  LA: 0.67081
Epoch: 90 | Loss: 1.4305112472356996e-07  | Negative Loss: 0.0
[Test ROC-AUC]  -  SA: 0.00000,  LA: 0.67569
[Test AUPRC]  -  LA: 0.63089
[Test F1-max]  -  LA: 0.67081
Epoch: 91 | Loss: 1.4305112472356996e-07  | Negative Loss: 0.0
[Test ROC-AUC]  -  SA: 0.00000,  LA: 0.67587
[Test AUPRC]  -  LA: 0.63107
[Test F1-max]  -  LA: 0.67081
Epoch: 92 | Loss: 1.4305112472356996e-07  | Negative Loss: 0.0
[Test ROC-AUC]  -  SA: 0.00000,  LA: 0.67584
[Test AUPRC]  -  LA: 0.63104
[Test F1-max]  -  LA: 0.67081
Epoch: 93 | Loss: 1.4305112472356996e-07  | Negative Loss: 0.0
[Test ROC-AUC]  -  SA: 0.00000,  LA: 0.67584
[Test AUPRC]  -  LA: 0.63107
[Test F1-max]  -  LA: 0.66873
Epoch: 94 | Loss: 1.4305112472356996e-07  | Negative Loss: 0.0
[Test ROC-AUC]  -  SA: 0.00000,  LA: 0.67566
[Test AUPRC]  -  LA: 0.63094
[Test F1-max]  -  LA: 0.66873
Epoch: 95 | Loss: 1.4305112472356996e-07  | Negative Loss: 0.0
[Test ROC-AUC]  -  SA: 0.00000,  LA: 0.67584
[Test AUPRC]  -  LA: 0.63112
[Test F1-max]  -  LA: 0.66873
Epoch: 96 | Loss: 1.4305112472356996e-07  | Negative Loss: 0.0
[Test ROC-AUC]  -  SA: 0.00000,  LA: 0.67590
[Test AUPRC]  -  LA: 0.63118
[Test F1-max]  -  LA: 0.66873
Epoch: 97 | Loss: 1.4305112472356996e-07  | Negative Loss: 0.0
[Test ROC-AUC]  -  SA: 0.00000,  LA: 0.67596
[Test AUPRC]  -  LA: 0.63117
[Test F1-max]  -  LA: 0.66873
Epoch: 98 | Loss: 1.4305112472356996e-07  | Negative Loss: 0.0
[Test ROC-AUC]  -  SA: 0.00000,  LA: 0.67599
[Test AUPRC]  -  LA: 0.63114
[Test F1-max]  -  LA: 0.66873
Epoch: 99 | Loss: 1.4305112472356996e-07  | Negative Loss: 0.0
Time consumption: 175.03092527389526
Best LA AUC: 0.6759901878664593
Best LA AUPC: 0.6311795597951504
Best LA F1-max: 0.6748466257668712
[Result] Experiment result appended to ./results/train_hybrid_result.csv

[END] 2026-03-18 15:34:38
[RETURN CODE] 0
