[START] 2026-03-18 14:53:29
[GPU] 1
[INDEX] 11/40
[COMMAND] python train_hybrid.py --data_name orange_juice --mask True --text True --double_encoder True --few_shot True --shot 5 --hybrid_model winclip --hybrid_weight 0.3 --hybrid_batch_size 16 --epoch 100 --log True --lr 5e-4 --detection True --preprocess True

/home/seungeon/miniconda3/envs/LAB/lib/python3.10/site-packages/timm/models/layers/__init__.py:48: FutureWarning: Importing from timm.models.layers is deprecated, please import via timm.layers
  warnings.warn(f"Importing from {__name__} is deprecated, please import via timm.layers", FutureWarning)
/home/seungeon/Workspace/side/vlm/train_hybrid.py:18: DeprecationWarning: The distutils package is deprecated and slated for removal in Python 3.12. Use setuptools or check PEP 632 for potential alternatives
  from distutils.util import strtobool
Torch version: 2.9.1+cu128
cuda is loaded for process
here?
In my local computer
Namespace(epoch=100, gpu_number='0', data_name='orange_juice', lr=0.0005, batch_size=6, shuffle=True, seed=0, tag='default', model_name='ViT-B-32', pretrained_name='laion2b_s34b_b79k', lora=1, default=False, foundation='CLIP', detection=1, preprocess=1, num_rule=0, object_names=['a orange picture label', 'a 100% text label', 'a bottle cap', 'a black background'], objects_for_rules=[['a orange picture label'], ['a orange picture label', 'a 100% text label'], ['a orange picture label'], ['a 100% text label'], ['a orange picture label', 'a 100% text label']], texts_for_rules=[['a photo of orange picture label'], ['a photo of orange picture label and 100% text label'], ['a photo of orange picture label'], ['a photo of 100% text label'], ['a photo of orange picture label and 100% text label']], mask=1, text=1, score='mean', ciriculam_learning=False, few_shot=1, shot=5, log=1, neg_loss=0, double_encoder=1, pretrained_count_path=None, ris=0, rule_select='', rule_list=[], num_negative=5, hybrid_model='winclip', hybrid_weight=0.3, hybrid_class_name='', hybrid_batch_size=16, hybrid_backbone='ViT-B-16-plus-240', hybrid_pretrained_dataset='laion400m_e32', hybrid_scales=[2, 3], hybrid_img_resize=240, hybrid_img_cropsize=240, hybrid_resolution=400, hybrid_promptad_epoch=100, hybrid_promptad_lr=0.002, hybrid_promptad_momentum=0.9, hybrid_promptad_weight_decay=0.0005, hybrid_promptad_eta_min=1e-05, hybrid_promptad_lambda1=0.001, hybrid_promptad_n_ctx=4, hybrid_promptad_n_pro=3, hybrid_promptad_n_ctx_ab=1, hybrid_promptad_n_pro_ab=4, early_stop_k=10, result_log_path='./results/train_hybrid_result.csv')
[Hybrid] method=winclip, class_name=juice_bottle, train=5, eval=78, base_path=/data3/seungeon/data/image/mvtec_loco_anomaly_detection/orange_juice
grid 240 16 (15, 15)
[Hybrid-only] LA_AUC=0.62632, LA_AUPRC=0.39663, LA_F1=0.66667
[Data Description]
- Train: 5
- Test: 78

Train Start
[Test ROC-AUC]  -  SA: 0.00000,  LA: 0.55172
[Test AUPRC]  -  LA: 0.35918
[Test F1-max]  -  LA: 0.64368
Epoch: 0 | Loss: 14.959964752197266  | Negative Loss: 0.0
[Test ROC-AUC]  -  SA: 0.00000,  LA: 0.55172
[Test AUPRC]  -  LA: 0.35918
[Test F1-max]  -  LA: 0.64368
Epoch: 1 | Loss: 14.819150924682617  | Negative Loss: 0.0
[Test ROC-AUC]  -  SA: 0.00000,  LA: 0.61858
[Test AUPRC]  -  LA: 0.39545
[Test F1-max]  -  LA: 0.65116
Epoch: 2 | Loss: 13.31594467163086  | Negative Loss: 0.0
[Test ROC-AUC]  -  SA: 0.00000,  LA: 0.74877
[Test AUPRC]  -  LA: 0.57862
[Test F1-max]  -  LA: 0.71429
Epoch: 3 | Loss: 10.793771743774414  | Negative Loss: 0.0
[Test ROC-AUC]  -  SA: 0.00000,  LA: 0.84307
[Test AUPRC]  -  LA: 0.70838
[Test F1-max]  -  LA: 0.75362
Epoch: 4 | Loss: 7.556416988372803  | Negative Loss: 0.0
[Test ROC-AUC]  -  SA: 0.00000,  LA: 0.85433
[Test AUPRC]  -  LA: 0.72649
[Test F1-max]  -  LA: 0.75410
Epoch: 5 | Loss: 4.371224880218506  | Negative Loss: 0.0
[Test ROC-AUC]  -  SA: 0.00000,  LA: 0.85855
[Test AUPRC]  -  LA: 0.71906
[Test F1-max]  -  LA: 0.77419
Epoch: 6 | Loss: 2.0906403064727783  | Negative Loss: 0.0
[Test ROC-AUC]  -  SA: 0.00000,  LA: 0.87051
[Test AUPRC]  -  LA: 0.73307
[Test F1-max]  -  LA: 0.79365
Epoch: 7 | Loss: 0.9322715401649475  | Negative Loss: 0.0
[Test ROC-AUC]  -  SA: 0.00000,  LA: 0.87333
[Test AUPRC]  -  LA: 0.76252
[Test F1-max]  -  LA: 0.80645
Epoch: 8 | Loss: 0.42017239332199097  | Negative Loss: 0.0
[Test ROC-AUC]  -  SA: 0.00000,  LA: 0.87403
[Test AUPRC]  -  LA: 0.76496
[Test F1-max]  -  LA: 0.78125
Epoch: 9 | Loss: 0.19409310817718506  | Negative Loss: 0.0
[Test ROC-AUC]  -  SA: 0.00000,  LA: 0.87474
[Test AUPRC]  -  LA: 0.76928
[Test F1-max]  -  LA: 0.78788
Epoch: 10 | Loss: 0.09364891052246094  | Negative Loss: 0.0
[Test ROC-AUC]  -  SA: 0.00000,  LA: 0.87262
[Test AUPRC]  -  LA: 0.75940
[Test F1-max]  -  LA: 0.78788
Epoch: 11 | Loss: 0.04705771058797836  | Negative Loss: 0.0
[Test ROC-AUC]  -  SA: 0.00000,  LA: 0.87333
[Test AUPRC]  -  LA: 0.75100
[Test F1-max]  -  LA: 0.80000
Epoch: 12 | Loss: 0.024437077343463898  | Negative Loss: 0.0
[Test ROC-AUC]  -  SA: 0.00000,  LA: 0.86629
[Test AUPRC]  -  LA: 0.74100
[Test F1-max]  -  LA: 0.78261
Epoch: 13 | Loss: 0.013101113960146904  | Negative Loss: 0.0
[Test ROC-AUC]  -  SA: 0.00000,  LA: 0.86137
[Test AUPRC]  -  LA: 0.72742
[Test F1-max]  -  LA: 0.77778
Epoch: 14 | Loss: 0.007236738223582506  | Negative Loss: 0.0
[Test ROC-AUC]  -  SA: 0.00000,  LA: 0.85081
[Test AUPRC]  -  LA: 0.68399
[Test F1-max]  -  LA: 0.77143
Epoch: 15 | Loss: 0.004121692851185799  | Negative Loss: 0.0
[Test ROC-AUC]  -  SA: 0.00000,  LA: 0.84166
[Test AUPRC]  -  LA: 0.67144
[Test F1-max]  -  LA: 0.75676
Epoch: 16 | Loss: 0.002414924092590809  | Negative Loss: 0.0
[Test ROC-AUC]  -  SA: 0.00000,  LA: 0.82688
[Test AUPRC]  -  LA: 0.64534
[Test F1-max]  -  LA: 0.74627
Epoch: 17 | Loss: 0.0014519032556563616  | Negative Loss: 0.0
[Test ROC-AUC]  -  SA: 0.00000,  LA: 0.80718
[Test AUPRC]  -  LA: 0.61817
[Test F1-max]  -  LA: 0.73973
Epoch: 18 | Loss: 0.0008960140403360128  | Negative Loss: 0.0
[Test ROC-AUC]  -  SA: 0.00000,  LA: 0.79240
[Test AUPRC]  -  LA: 0.59138
[Test F1-max]  -  LA: 0.72727
Epoch: 19 | Loss: 0.0005660118767991662  | Negative Loss: 0.0
[Test ROC-AUC]  -  SA: 0.00000,  LA: 0.78255
[Test AUPRC]  -  LA: 0.57455
[Test F1-max]  -  LA: 0.72727
Epoch: 20 | Loss: 0.0003653754247352481  | Negative Loss: 0.0
[Test ROC-AUC]  -  SA: 0.00000,  LA: 0.76355
[Test AUPRC]  -  LA: 0.54278
[Test F1-max]  -  LA: 0.72500
Epoch: 21 | Loss: 0.0002414961054455489  | Negative Loss: 0.0
[Test ROC-AUC]  -  SA: 0.00000,  LA: 0.75510
[Test AUPRC]  -  LA: 0.53222
[Test F1-max]  -  LA: 0.72000
[Early Stopping] LA AUROC dropped for 10 consecutive epochs. Stop at epoch 23/100.
Time consumption: 20.51013159751892
Best LA AUC: 0.8747361013370866
Best LA AUPC: 0.7692831022508184
Best LA F1-max: 0.8064516129032258
[Result] Experiment result appended to ./results/train_hybrid_result.csv

[END] 2026-03-18 14:55:45
[RETURN CODE] 0
