[START] 2026-03-18 16:08:06
[GPU] 1
[INDEX] 36/40
[COMMAND] python train_hybrid.py --data_name orange_juice --mask True --text True --double_encoder True --few_shot True --shot 5 --hybrid_model promptad --hybrid_weight 0.3 --hybrid_batch_size 16 --epoch 100 --log True --lr 5e-4 --detection True --preprocess True

/home/seungeon/miniconda3/envs/LAB/lib/python3.10/site-packages/timm/models/layers/__init__.py:48: FutureWarning: Importing from timm.models.layers is deprecated, please import via timm.layers
  warnings.warn(f"Importing from {__name__} is deprecated, please import via timm.layers", FutureWarning)
/home/seungeon/Workspace/side/vlm/train_hybrid.py:18: DeprecationWarning: The distutils package is deprecated and slated for removal in Python 3.12. Use setuptools or check PEP 632 for potential alternatives
  from distutils.util import strtobool
Torch version: 2.9.1+cu128
cuda is loaded for process
here?
In my local computer
Namespace(epoch=100, gpu_number='0', data_name='orange_juice', lr=0.0005, batch_size=6, shuffle=True, seed=0, tag='default', model_name='ViT-B-32', pretrained_name='laion2b_s34b_b79k', lora=1, default=False, foundation='CLIP', detection=1, preprocess=1, num_rule=0, object_names=['a orange picture label', 'a 100% text label', 'a bottle cap', 'a black background'], objects_for_rules=[['a orange picture label'], ['a orange picture label', 'a 100% text label'], ['a orange picture label'], ['a 100% text label'], ['a orange picture label', 'a 100% text label']], texts_for_rules=[['a photo of orange picture label'], ['a photo of orange picture label and 100% text label'], ['a photo of orange picture label'], ['a photo of 100% text label'], ['a photo of orange picture label and 100% text label']], mask=1, text=1, score='mean', ciriculam_learning=False, few_shot=1, shot=5, log=1, neg_loss=0, double_encoder=1, pretrained_count_path=None, ris=0, rule_select='', rule_list=[], num_negative=5, hybrid_model='promptad', hybrid_weight=0.3, hybrid_class_name='', hybrid_batch_size=16, hybrid_backbone='ViT-B-16-plus-240', hybrid_pretrained_dataset='laion400m_e32', hybrid_scales=[2, 3], hybrid_img_resize=240, hybrid_img_cropsize=240, hybrid_resolution=400, hybrid_promptad_epoch=100, hybrid_promptad_lr=0.002, hybrid_promptad_momentum=0.9, hybrid_promptad_weight_decay=0.0005, hybrid_promptad_eta_min=1e-05, hybrid_promptad_lambda1=0.001, hybrid_promptad_n_ctx=4, hybrid_promptad_n_pro=3, hybrid_promptad_n_ctx_ab=1, hybrid_promptad_n_pro_ab=4, early_stop_k=10, result_log_path='./results/train_hybrid_result.csv')
[Hybrid] method=promptad, class_name=juice_bottle, train=5, eval=78, base_path=/data3/seungeon/data/image/mvtec_loco_anomaly_detection/orange_juice
[Hybrid-only] LA_AUC=0.90992, LA_AUPRC=0.78992, LA_F1=0.86154
[Data Description]
- Train: 5
- Test: 78

Train Start
[Test ROC-AUC]  -  SA: 0.00000,  LA: 0.58902
[Test AUPRC]  -  LA: 0.41053
[Test F1-max]  -  LA: 0.63736
Epoch: 0 | Loss: 14.208623886108398  | Negative Loss: 0.0
[Test ROC-AUC]  -  SA: 0.00000,  LA: 0.59676
[Test AUPRC]  -  LA: 0.41460
[Test F1-max]  -  LA: 0.63736
Epoch: 1 | Loss: 14.0927095413208  | Negative Loss: 0.0
[Test ROC-AUC]  -  SA: 0.00000,  LA: 0.69951
[Test AUPRC]  -  LA: 0.53177
[Test F1-max]  -  LA: 0.65909
Epoch: 2 | Loss: 12.995235443115234  | Negative Loss: 0.0
[Test ROC-AUC]  -  SA: 0.00000,  LA: 0.78888
[Test AUPRC]  -  LA: 0.64994
[Test F1-max]  -  LA: 0.72000
Epoch: 3 | Loss: 11.059216499328613  | Negative Loss: 0.0
[Test ROC-AUC]  -  SA: 0.00000,  LA: 0.82125
[Test AUPRC]  -  LA: 0.69988
[Test F1-max]  -  LA: 0.72222
Epoch: 4 | Loss: 8.433793067932129  | Negative Loss: 0.0
[Test ROC-AUC]  -  SA: 0.00000,  LA: 0.83181
[Test AUPRC]  -  LA: 0.72117
[Test F1-max]  -  LA: 0.73418
Epoch: 5 | Loss: 5.674955368041992  | Negative Loss: 0.0
[Test ROC-AUC]  -  SA: 0.00000,  LA: 0.85362
[Test AUPRC]  -  LA: 0.77733
[Test F1-max]  -  LA: 0.74359
Epoch: 6 | Loss: 3.432640552520752  | Negative Loss: 0.0
[Test ROC-AUC]  -  SA: 0.00000,  LA: 0.86629
[Test AUPRC]  -  LA: 0.80501
[Test F1-max]  -  LA: 0.74627
Epoch: 7 | Loss: 1.911004900932312  | Negative Loss: 0.0
[Test ROC-AUC]  -  SA: 0.00000,  LA: 0.87192
[Test AUPRC]  -  LA: 0.81007
[Test F1-max]  -  LA: 0.75758
Epoch: 8 | Loss: 1.0068262815475464  | Negative Loss: 0.0
[Test ROC-AUC]  -  SA: 0.00000,  LA: 0.87474
[Test AUPRC]  -  LA: 0.80577
[Test F1-max]  -  LA: 0.77143
Epoch: 9 | Loss: 0.5197951793670654  | Negative Loss: 0.0
[Test ROC-AUC]  -  SA: 0.00000,  LA: 0.87544
[Test AUPRC]  -  LA: 0.80038
[Test F1-max]  -  LA: 0.78261
Epoch: 10 | Loss: 0.26864704489707947  | Negative Loss: 0.0
[Test ROC-AUC]  -  SA: 0.00000,  LA: 0.87051
[Test AUPRC]  -  LA: 0.78989
[Test F1-max]  -  LA: 0.77143
Epoch: 11 | Loss: 0.13811472058296204  | Negative Loss: 0.0
[Test ROC-AUC]  -  SA: 0.00000,  LA: 0.86911
[Test AUPRC]  -  LA: 0.79594
[Test F1-max]  -  LA: 0.75362
Epoch: 12 | Loss: 0.07035493105649948  | Negative Loss: 0.0
[Test ROC-AUC]  -  SA: 0.00000,  LA: 0.87262
[Test AUPRC]  -  LA: 0.80286
[Test F1-max]  -  LA: 0.75000
Epoch: 13 | Loss: 0.03617648407816887  | Negative Loss: 0.0
[Test ROC-AUC]  -  SA: 0.00000,  LA: 0.87403
[Test AUPRC]  -  LA: 0.80779
[Test F1-max]  -  LA: 0.74627
Epoch: 14 | Loss: 0.01902477815747261  | Negative Loss: 0.0
[Test ROC-AUC]  -  SA: 0.00000,  LA: 0.87755
[Test AUPRC]  -  LA: 0.80617
[Test F1-max]  -  LA: 0.76056
Epoch: 15 | Loss: 0.010224580764770508  | Negative Loss: 0.0
[Test ROC-AUC]  -  SA: 0.00000,  LA: 0.88388
[Test AUPRC]  -  LA: 0.81998
[Test F1-max]  -  LA: 0.76056
Epoch: 16 | Loss: 0.005624041892588139  | Negative Loss: 0.0
[Test ROC-AUC]  -  SA: 0.00000,  LA: 0.88740
[Test AUPRC]  -  LA: 0.82422
[Test F1-max]  -  LA: 0.77143
Epoch: 17 | Loss: 0.003167699556797743  | Negative Loss: 0.0
[Test ROC-AUC]  -  SA: 0.00000,  LA: 0.89092
[Test AUPRC]  -  LA: 0.82634
[Test F1-max]  -  LA: 0.78261
Epoch: 18 | Loss: 0.0018278753850609064  | Negative Loss: 0.0
[Test ROC-AUC]  -  SA: 0.00000,  LA: 0.89374
[Test AUPRC]  -  LA: 0.83028
[Test F1-max]  -  LA: 0.79412
Epoch: 19 | Loss: 0.001079852576367557  | Negative Loss: 0.0
[Test ROC-AUC]  -  SA: 0.00000,  LA: 0.89585
[Test AUPRC]  -  LA: 0.83307
[Test F1-max]  -  LA: 0.80000
Epoch: 20 | Loss: 0.0006548986420966685  | Negative Loss: 0.0
[Test ROC-AUC]  -  SA: 0.00000,  LA: 0.90007
[Test AUPRC]  -  LA: 0.83834
[Test F1-max]  -  LA: 0.81818
Epoch: 21 | Loss: 0.00040668132714927197  | Negative Loss: 0.0
[Test ROC-AUC]  -  SA: 0.00000,  LA: 0.90359
[Test AUPRC]  -  LA: 0.84389
[Test F1-max]  -  LA: 0.82353
Epoch: 22 | Loss: 0.0002584925387054682  | Negative Loss: 0.0
[Test ROC-AUC]  -  SA: 0.00000,  LA: 0.90711
[Test AUPRC]  -  LA: 0.84880
[Test F1-max]  -  LA: 0.83077
Epoch: 23 | Loss: 0.0001682414294918999  | Negative Loss: 0.0
[Test ROC-AUC]  -  SA: 0.00000,  LA: 0.90781
[Test AUPRC]  -  LA: 0.84946
[Test F1-max]  -  LA: 0.83582
Epoch: 24 | Loss: 0.00011214736878173426  | Negative Loss: 0.0
[Test ROC-AUC]  -  SA: 0.00000,  LA: 0.90852
[Test AUPRC]  -  LA: 0.85134
[Test F1-max]  -  LA: 0.83582
Epoch: 25 | Loss: 7.62917406973429e-05  | Negative Loss: 0.0
[Test ROC-AUC]  -  SA: 0.00000,  LA: 0.91063
[Test AUPRC]  -  LA: 0.85463
[Test F1-max]  -  LA: 0.84848
Epoch: 26 | Loss: 5.316626265994273e-05  | Negative Loss: 0.0
[Test ROC-AUC]  -  SA: 0.00000,  LA: 0.91203
[Test AUPRC]  -  LA: 0.85466
[Test F1-max]  -  LA: 0.84848
Epoch: 27 | Loss: 3.7836478441022336e-05  | Negative Loss: 0.0
[Test ROC-AUC]  -  SA: 0.00000,  LA: 0.91274
[Test AUPRC]  -  LA: 0.85614
[Test F1-max]  -  LA: 0.84848
Epoch: 28 | Loss: 2.748937185970135e-05  | Negative Loss: 0.0
[Test ROC-AUC]  -  SA: 0.00000,  LA: 0.91414
[Test AUPRC]  -  LA: 0.85861
[Test F1-max]  -  LA: 0.84848
Epoch: 29 | Loss: 2.0408469936228357e-05  | Negative Loss: 0.0
[Test ROC-AUC]  -  SA: 0.00000,  LA: 0.91485
[Test AUPRC]  -  LA: 0.85914
[Test F1-max]  -  LA: 0.84848
Epoch: 30 | Loss: 1.535406590846833e-05  | Negative Loss: 0.0
[Test ROC-AUC]  -  SA: 0.00000,  LA: 0.91485
[Test AUPRC]  -  LA: 0.85741
[Test F1-max]  -  LA: 0.84848
Epoch: 31 | Loss: 1.182550477096811e-05  | Negative Loss: 0.0
[Test ROC-AUC]  -  SA: 0.00000,  LA: 0.91626
[Test AUPRC]  -  LA: 0.85949
[Test F1-max]  -  LA: 0.84848
Epoch: 32 | Loss: 9.274448530049995e-06  | Negative Loss: 0.0
[Test ROC-AUC]  -  SA: 0.00000,  LA: 0.91626
[Test AUPRC]  -  LA: 0.85949
[Test F1-max]  -  LA: 0.84848
Epoch: 33 | Loss: 7.343271136051044e-06  | Negative Loss: 0.0
[Test ROC-AUC]  -  SA: 0.00000,  LA: 0.91766
[Test AUPRC]  -  LA: 0.85954
[Test F1-max]  -  LA: 0.84848
Epoch: 34 | Loss: 5.912766937399283e-06  | Negative Loss: 0.0
[Test ROC-AUC]  -  SA: 0.00000,  LA: 0.91977
[Test AUPRC]  -  LA: 0.86112
[Test F1-max]  -  LA: 0.84848
Epoch: 35 | Loss: 4.911412815999938e-06  | Negative Loss: 0.0
[Test ROC-AUC]  -  SA: 0.00000,  LA: 0.92118
[Test AUPRC]  -  LA: 0.86315
[Test F1-max]  -  LA: 0.84848
Epoch: 36 | Loss: 4.005425580544397e-06  | Negative Loss: 0.0
[Test ROC-AUC]  -  SA: 0.00000,  LA: 0.92118
[Test AUPRC]  -  LA: 0.86315
[Test F1-max]  -  LA: 0.84848
Epoch: 37 | Loss: 3.4332226732658455e-06  | Negative Loss: 0.0
[Test ROC-AUC]  -  SA: 0.00000,  LA: 0.92189
[Test AUPRC]  -  LA: 0.86293
[Test F1-max]  -  LA: 0.84848
Epoch: 38 | Loss: 2.9087032089591958e-06  | Negative Loss: 0.0
[Test ROC-AUC]  -  SA: 0.00000,  LA: 0.92189
[Test AUPRC]  -  LA: 0.86293
[Test F1-max]  -  LA: 0.84848
Epoch: 39 | Loss: 2.5272343009419274e-06  | Negative Loss: 0.0
[Test ROC-AUC]  -  SA: 0.00000,  LA: 0.92048
[Test AUPRC]  -  LA: 0.85600
[Test F1-max]  -  LA: 0.84848
Epoch: 40 | Loss: 2.2172907847561873e-06  | Negative Loss: 0.0
[Test ROC-AUC]  -  SA: 0.00000,  LA: 0.91977
[Test AUPRC]  -  LA: 0.85408
[Test F1-max]  -  LA: 0.84848
Epoch: 41 | Loss: 2.002714609261602e-06  | Negative Loss: 0.0
[Test ROC-AUC]  -  SA: 0.00000,  LA: 0.92118
[Test AUPRC]  -  LA: 0.85622
[Test F1-max]  -  LA: 0.84848
Epoch: 42 | Loss: 1.7404544223609264e-06  | Negative Loss: 0.0
[Test ROC-AUC]  -  SA: 0.00000,  LA: 0.92189
[Test AUPRC]  -  LA: 0.85680
[Test F1-max]  -  LA: 0.84848
Epoch: 43 | Loss: 1.5735615761514055e-06  | Negative Loss: 0.0
[Test ROC-AUC]  -  SA: 0.00000,  LA: 0.92118
[Test AUPRC]  -  LA: 0.85445
[Test F1-max]  -  LA: 0.84848
Epoch: 44 | Loss: 1.4066688436287222e-06  | Negative Loss: 0.0
[Test ROC-AUC]  -  SA: 0.00000,  LA: 0.92118
[Test AUPRC]  -  LA: 0.85297
[Test F1-max]  -  LA: 0.84848
Epoch: 45 | Loss: 1.3113015029375674e-06  | Negative Loss: 0.0
[Test ROC-AUC]  -  SA: 0.00000,  LA: 0.92189
[Test AUPRC]  -  LA: 0.85434
[Test F1-max]  -  LA: 0.84848
Epoch: 46 | Loss: 1.2159341622464126e-06  | Negative Loss: 0.0
[Test ROC-AUC]  -  SA: 0.00000,  LA: 0.92189
[Test AUPRC]  -  LA: 0.85434
[Test F1-max]  -  LA: 0.84848
Epoch: 47 | Loss: 1.1444086567280465e-06  | Negative Loss: 0.0
[Test ROC-AUC]  -  SA: 0.00000,  LA: 0.92189
[Test AUPRC]  -  LA: 0.85434
[Test F1-max]  -  LA: 0.84848
Epoch: 48 | Loss: 1.0490413160368917e-06  | Negative Loss: 0.0
[Test ROC-AUC]  -  SA: 0.00000,  LA: 0.92189
[Test AUPRC]  -  LA: 0.85434
[Test F1-max]  -  LA: 0.84848
Epoch: 49 | Loss: 9.775158105185255e-07  | Negative Loss: 0.0
[Test ROC-AUC]  -  SA: 0.00000,  LA: 0.92189
[Test AUPRC]  -  LA: 0.85434
[Test F1-max]  -  LA: 0.84848
Epoch: 50 | Loss: 9.298320264861104e-07  | Negative Loss: 0.0
[Test ROC-AUC]  -  SA: 0.00000,  LA: 0.92189
[Test AUPRC]  -  LA: 0.85434
[Test F1-max]  -  LA: 0.84848
Epoch: 51 | Loss: 8.82148356140533e-07  | Negative Loss: 0.0
[Test ROC-AUC]  -  SA: 0.00000,  LA: 0.92189
[Test AUPRC]  -  LA: 0.85434
[Test F1-max]  -  LA: 0.84848
Epoch: 52 | Loss: 8.58306634654582e-07  | Negative Loss: 0.0
[Test ROC-AUC]  -  SA: 0.00000,  LA: 0.92189
[Test AUPRC]  -  LA: 0.85434
[Test F1-max]  -  LA: 0.84848
Epoch: 53 | Loss: 7.867810154493782e-07  | Negative Loss: 0.0
[Test ROC-AUC]  -  SA: 0.00000,  LA: 0.92189
[Test AUPRC]  -  LA: 0.85434
[Test F1-max]  -  LA: 0.84848
Epoch: 54 | Loss: 7.867810154493782e-07  | Negative Loss: 0.0
[Test ROC-AUC]  -  SA: 0.00000,  LA: 0.92259
[Test AUPRC]  -  LA: 0.85522
[Test F1-max]  -  LA: 0.84848
Epoch: 55 | Loss: 7.629392939634272e-07  | Negative Loss: 0.0
[Test ROC-AUC]  -  SA: 0.00000,  LA: 0.92259
[Test AUPRC]  -  LA: 0.85522
[Test F1-max]  -  LA: 0.84848
Epoch: 56 | Loss: 7.629392939634272e-07  | Negative Loss: 0.0
[Test ROC-AUC]  -  SA: 0.00000,  LA: 0.92259
[Test AUPRC]  -  LA: 0.85520
[Test F1-max]  -  LA: 0.84848
Epoch: 57 | Loss: 7.152555099310121e-07  | Negative Loss: 0.0
[Test ROC-AUC]  -  SA: 0.00000,  LA: 0.92259
[Test AUPRC]  -  LA: 0.85521
[Test F1-max]  -  LA: 0.84848
Epoch: 58 | Loss: 6.914136747582234e-07  | Negative Loss: 0.0
[Test ROC-AUC]  -  SA: 0.00000,  LA: 0.92259
[Test AUPRC]  -  LA: 0.85522
[Test F1-max]  -  LA: 0.84848
Epoch: 59 | Loss: 6.675718395854346e-07  | Negative Loss: 0.0
[Test ROC-AUC]  -  SA: 0.00000,  LA: 0.92329
[Test AUPRC]  -  LA: 0.85635
[Test F1-max]  -  LA: 0.84848
Epoch: 60 | Loss: 6.437300044126459e-07  | Negative Loss: 0.0
[Test ROC-AUC]  -  SA: 0.00000,  LA: 0.92329
[Test AUPRC]  -  LA: 0.85635
[Test F1-max]  -  LA: 0.84848
Epoch: 61 | Loss: 6.437299475692271e-07  | Negative Loss: 0.0
[Test ROC-AUC]  -  SA: 0.00000,  LA: 0.92329
[Test AUPRC]  -  LA: 0.85635
[Test F1-max]  -  LA: 0.84848
Epoch: 62 | Loss: 6.198881692398572e-07  | Negative Loss: 0.0
[Test ROC-AUC]  -  SA: 0.00000,  LA: 0.92329
[Test AUPRC]  -  LA: 0.85635
[Test F1-max]  -  LA: 0.84848
Epoch: 63 | Loss: 5.960462772236497e-07  | Negative Loss: 0.0
[Test ROC-AUC]  -  SA: 0.00000,  LA: 0.92329
[Test AUPRC]  -  LA: 0.85635
[Test F1-max]  -  LA: 0.84848
Epoch: 64 | Loss: 5.722044988942798e-07  | Negative Loss: 0.0
[Test ROC-AUC]  -  SA: 0.00000,  LA: 0.92329
[Test AUPRC]  -  LA: 0.85635
[Test F1-max]  -  LA: 0.84848
Epoch: 65 | Loss: 5.72204442050861e-07  | Negative Loss: 0.0
[Test ROC-AUC]  -  SA: 0.00000,  LA: 0.92329
[Test AUPRC]  -  LA: 0.85635
[Test F1-max]  -  LA: 0.84848
Epoch: 66 | Loss: 5.483626068780723e-07  | Negative Loss: 0.0
[Test ROC-AUC]  -  SA: 0.00000,  LA: 0.92329
[Test AUPRC]  -  LA: 0.85635
[Test F1-max]  -  LA: 0.84848
Epoch: 67 | Loss: 5.483626068780723e-07  | Negative Loss: 0.0
[Test ROC-AUC]  -  SA: 0.00000,  LA: 0.92329
[Test AUPRC]  -  LA: 0.85635
[Test F1-max]  -  LA: 0.84848
Epoch: 68 | Loss: 5.245207717052836e-07  | Negative Loss: 0.0
[Test ROC-AUC]  -  SA: 0.00000,  LA: 0.92259
[Test AUPRC]  -  LA: 0.85433
[Test F1-max]  -  LA: 0.84848
Epoch: 69 | Loss: 5.245207717052836e-07  | Negative Loss: 0.0
[Test ROC-AUC]  -  SA: 0.00000,  LA: 0.92189
[Test AUPRC]  -  LA: 0.85161
[Test F1-max]  -  LA: 0.84848
Epoch: 70 | Loss: 5.245207717052836e-07  | Negative Loss: 0.0
[Test ROC-AUC]  -  SA: 0.00000,  LA: 0.92189
[Test AUPRC]  -  LA: 0.85161
[Test F1-max]  -  LA: 0.84848
Epoch: 71 | Loss: 5.245207717052836e-07  | Negative Loss: 0.0
[Test ROC-AUC]  -  SA: 0.00000,  LA: 0.92189
[Test AUPRC]  -  LA: 0.85161
[Test F1-max]  -  LA: 0.84848
Epoch: 72 | Loss: 5.245207717052836e-07  | Negative Loss: 0.0
[Test ROC-AUC]  -  SA: 0.00000,  LA: 0.92189
[Test AUPRC]  -  LA: 0.85161
[Test F1-max]  -  LA: 0.84848
Epoch: 73 | Loss: 5.245207717052836e-07  | Negative Loss: 0.0
[Test ROC-AUC]  -  SA: 0.00000,  LA: 0.92259
[Test AUPRC]  -  LA: 0.85293
[Test F1-max]  -  LA: 0.84848
Epoch: 74 | Loss: 5.245207717052836e-07  | Negative Loss: 0.0
[Test ROC-AUC]  -  SA: 0.00000,  LA: 0.92259
[Test AUPRC]  -  LA: 0.85292
[Test F1-max]  -  LA: 0.84848
Epoch: 75 | Loss: 5.245207717052836e-07  | Negative Loss: 0.0
[Test ROC-AUC]  -  SA: 0.00000,  LA: 0.92224
[Test AUPRC]  -  LA: 0.85299
[Test F1-max]  -  LA: 0.84848
Epoch: 76 | Loss: 5.245207717052836e-07  | Negative Loss: 0.0
[Test ROC-AUC]  -  SA: 0.00000,  LA: 0.92259
[Test AUPRC]  -  LA: 0.85362
[Test F1-max]  -  LA: 0.84848
Epoch: 77 | Loss: 5.245207717052836e-07  | Negative Loss: 0.0
[Test ROC-AUC]  -  SA: 0.00000,  LA: 0.92259
[Test AUPRC]  -  LA: 0.85362
[Test F1-max]  -  LA: 0.84848
Epoch: 78 | Loss: 5.00678879689076e-07  | Negative Loss: 0.0
[Test ROC-AUC]  -  SA: 0.00000,  LA: 0.92259
[Test AUPRC]  -  LA: 0.85362
[Test F1-max]  -  LA: 0.84848
Epoch: 79 | Loss: 5.00678879689076e-07  | Negative Loss: 0.0
[Test ROC-AUC]  -  SA: 0.00000,  LA: 0.92259
[Test AUPRC]  -  LA: 0.85362
[Test F1-max]  -  LA: 0.84848
Epoch: 80 | Loss: 4.768370729379967e-07  | Negative Loss: 0.0
[Test ROC-AUC]  -  SA: 0.00000,  LA: 0.92259
[Test AUPRC]  -  LA: 0.85362
[Test F1-max]  -  LA: 0.84848
Epoch: 81 | Loss: 4.5299520934349857e-07  | Negative Loss: 0.0
[Test ROC-AUC]  -  SA: 0.00000,  LA: 0.92329
[Test AUPRC]  -  LA: 0.85485
[Test F1-max]  -  LA: 0.84848
Epoch: 82 | Loss: 4.2915337417070987e-07  | Negative Loss: 0.0
[Test ROC-AUC]  -  SA: 0.00000,  LA: 0.92329
[Test AUPRC]  -  LA: 0.85485
[Test F1-max]  -  LA: 0.84848
Epoch: 83 | Loss: 4.2915337417070987e-07  | Negative Loss: 0.0
[Test ROC-AUC]  -  SA: 0.00000,  LA: 0.92329
[Test AUPRC]  -  LA: 0.85485
[Test F1-max]  -  LA: 0.84848
Epoch: 84 | Loss: 4.2915337417070987e-07  | Negative Loss: 0.0
[Test ROC-AUC]  -  SA: 0.00000,  LA: 0.92329
[Test AUPRC]  -  LA: 0.85485
[Test F1-max]  -  LA: 0.84848
Epoch: 85 | Loss: 4.2915337417070987e-07  | Negative Loss: 0.0
[Test ROC-AUC]  -  SA: 0.00000,  LA: 0.92329
[Test AUPRC]  -  LA: 0.85485
[Test F1-max]  -  LA: 0.84848
Epoch: 86 | Loss: 4.2915337417070987e-07  | Negative Loss: 0.0
[Test ROC-AUC]  -  SA: 0.00000,  LA: 0.92329
[Test AUPRC]  -  LA: 0.85485
[Test F1-max]  -  LA: 0.84848
Epoch: 87 | Loss: 4.2915334574900044e-07  | Negative Loss: 0.0
[Test ROC-AUC]  -  SA: 0.00000,  LA: 0.92329
[Test AUPRC]  -  LA: 0.85485
[Test F1-max]  -  LA: 0.84848
Epoch: 88 | Loss: 4.2915334574900044e-07  | Negative Loss: 0.0
[Test ROC-AUC]  -  SA: 0.00000,  LA: 0.92329
[Test AUPRC]  -  LA: 0.85485
[Test F1-max]  -  LA: 0.84848
Epoch: 89 | Loss: 4.2915337417070987e-07  | Negative Loss: 0.0
[Test ROC-AUC]  -  SA: 0.00000,  LA: 0.92329
[Test AUPRC]  -  LA: 0.85485
[Test F1-max]  -  LA: 0.84848
Epoch: 90 | Loss: 4.2915337417070987e-07  | Negative Loss: 0.0
[Test ROC-AUC]  -  SA: 0.00000,  LA: 0.92329
[Test AUPRC]  -  LA: 0.85485
[Test F1-max]  -  LA: 0.84848
Epoch: 91 | Loss: 4.2915337417070987e-07  | Negative Loss: 0.0
[Test ROC-AUC]  -  SA: 0.00000,  LA: 0.92329
[Test AUPRC]  -  LA: 0.85485
[Test F1-max]  -  LA: 0.84848
Epoch: 92 | Loss: 4.2915334574900044e-07  | Negative Loss: 0.0
[Test ROC-AUC]  -  SA: 0.00000,  LA: 0.92329
[Test AUPRC]  -  LA: 0.85485
[Test F1-max]  -  LA: 0.84848
Epoch: 93 | Loss: 4.2915337417070987e-07  | Negative Loss: 0.0
[Test ROC-AUC]  -  SA: 0.00000,  LA: 0.92329
[Test AUPRC]  -  LA: 0.85485
[Test F1-max]  -  LA: 0.84848
Epoch: 94 | Loss: 4.2915337417070987e-07  | Negative Loss: 0.0
[Test ROC-AUC]  -  SA: 0.00000,  LA: 0.92329
[Test AUPRC]  -  LA: 0.85485
[Test F1-max]  -  LA: 0.84848
Epoch: 95 | Loss: 4.2915337417070987e-07  | Negative Loss: 0.0
[Test ROC-AUC]  -  SA: 0.00000,  LA: 0.92329
[Test AUPRC]  -  LA: 0.85485
[Test F1-max]  -  LA: 0.84848
Epoch: 96 | Loss: 4.2915337417070987e-07  | Negative Loss: 0.0
[Test ROC-AUC]  -  SA: 0.00000,  LA: 0.92329
[Test AUPRC]  -  LA: 0.85485
[Test F1-max]  -  LA: 0.84848
Epoch: 97 | Loss: 4.2915337417070987e-07  | Negative Loss: 0.0
[Test ROC-AUC]  -  SA: 0.00000,  LA: 0.92329
[Test AUPRC]  -  LA: 0.85485
[Test F1-max]  -  LA: 0.84848
Epoch: 98 | Loss: 4.2915337417070987e-07  | Negative Loss: 0.0
[Test ROC-AUC]  -  SA: 0.00000,  LA: 0.92329
[Test AUPRC]  -  LA: 0.85485
[Test F1-max]  -  LA: 0.84848
Epoch: 99 | Loss: 4.0531153899792116e-07  | Negative Loss: 0.0
Time consumption: 93.0630407333374
Best LA AUC: 0.9232934553131598
Best LA AUPC: 0.863152944593091
Best LA F1-max: 0.8484848484848485
[Result] Experiment result appended to ./results/train_hybrid_result.csv

[END] 2026-03-18 16:11:24
[RETURN CODE] 0
