[START] 2026-03-18 15:37:42
[GPU] 1
[INDEX] 27/40
[COMMAND] python train_hybrid.py --data_name screw_bag --mask True --text True --double_encoder True --few_shot True --shot 5 --hybrid_model promptad --hybrid_weight 0.3 --hybrid_batch_size 16 --epoch 100 --log True --lr 5e-4 --detection True --preprocess True

/home/seungeon/miniconda3/envs/LAB/lib/python3.10/site-packages/timm/models/layers/__init__.py:48: FutureWarning: Importing from timm.models.layers is deprecated, please import via timm.layers
  warnings.warn(f"Importing from {__name__} is deprecated, please import via timm.layers", FutureWarning)
/home/seungeon/Workspace/side/vlm/train_hybrid.py:18: DeprecationWarning: The distutils package is deprecated and slated for removal in Python 3.12. Use setuptools or check PEP 632 for potential alternatives
  from distutils.util import strtobool
Torch version: 2.9.1+cu128
cuda is loaded for process
here?
In my local computer
Namespace(epoch=100, gpu_number='0', data_name='screw_bag', lr=0.0005, batch_size=6, shuffle=True, seed=0, tag='default', model_name='ViT-B-32', pretrained_name='laion2b_s34b_b79k', lora=1, default=False, foundation='CLIP', detection=1, preprocess=1, num_rule=0, object_names=['long_bolt', 'short_bolt', 'hexagonal nut', 'round washer', 'plastic bag', 'background'], objects_for_rules=[['long_bolt', 'short_bolt'], ['short_bolt'], ['long_bolt'], ['hexagonal nut'], ['round washer']], texts_for_rules=[['two bolts'], ['short bolt'], ['long bolt'], ['hexagonal nut'], ['round washer']], mask=1, text=1, score='mean', ciriculam_learning=False, few_shot=1, shot=5, log=1, neg_loss=0, double_encoder=1, pretrained_count_path=None, ris=0, rule_select='', rule_list=[], num_negative=5, hybrid_model='promptad', hybrid_weight=0.3, hybrid_class_name='', hybrid_batch_size=16, hybrid_backbone='ViT-B-16-plus-240', hybrid_pretrained_dataset='laion400m_e32', hybrid_scales=[2, 3], hybrid_img_resize=240, hybrid_img_cropsize=240, hybrid_resolution=400, hybrid_promptad_epoch=100, hybrid_promptad_lr=0.002, hybrid_promptad_momentum=0.9, hybrid_promptad_weight_decay=0.0005, hybrid_promptad_eta_min=1e-05, hybrid_promptad_lambda1=0.001, hybrid_promptad_n_ctx=4, hybrid_promptad_n_pro=3, hybrid_promptad_n_ctx_ab=1, hybrid_promptad_n_pro_ab=4, early_stop_k=10, result_log_path='./results/train_hybrid_result.csv')
[Hybrid] method=promptad, class_name=screw_bag, train=5, eval=259, base_path=/data3/seungeon/data/image/mvtec_loco_anomaly_detection/screw_bag
[Hybrid-only] LA_AUC=0.66334, LA_AUPRC=0.60855, LA_F1=0.67267
[Data Description]
- Train: 5
- Test: 259

Train Start
[Test ROC-AUC]  -  SA: 0.00000,  LA: 0.52244
[Test AUPRC]  -  LA: 0.48439
[Test F1-max]  -  LA: 0.64865
Epoch: 0 | Loss: 14.577248573303223  | Negative Loss: 0.0
[Test ROC-AUC]  -  SA: 0.00000,  LA: 0.52202
[Test AUPRC]  -  LA: 0.48374
[Test F1-max]  -  LA: 0.64865
Epoch: 1 | Loss: 14.41611099243164  | Negative Loss: 0.0
[Test ROC-AUC]  -  SA: 0.00000,  LA: 0.52483
[Test AUPRC]  -  LA: 0.48586
[Test F1-max]  -  LA: 0.64516
Epoch: 2 | Loss: 12.933563232421875  | Negative Loss: 0.0
[Test ROC-AUC]  -  SA: 0.00000,  LA: 0.53662
[Test AUPRC]  -  LA: 0.49692
[Test F1-max]  -  LA: 0.64674
Epoch: 3 | Loss: 10.231173515319824  | Negative Loss: 0.0
[Test ROC-AUC]  -  SA: 0.00000,  LA: 0.54798
[Test AUPRC]  -  LA: 0.50736
[Test F1-max]  -  LA: 0.64516
Epoch: 4 | Loss: 6.69608736038208  | Negative Loss: 0.0
[Test ROC-AUC]  -  SA: 0.00000,  LA: 0.55786
[Test AUPRC]  -  LA: 0.53294
[Test F1-max]  -  LA: 0.64380
Epoch: 5 | Loss: 3.443533420562744  | Negative Loss: 0.0
[Test ROC-AUC]  -  SA: 0.00000,  LA: 0.56198
[Test AUPRC]  -  LA: 0.54455
[Test F1-max]  -  LA: 0.64706
Epoch: 6 | Loss: 1.4673478603363037  | Negative Loss: 0.0
[Test ROC-AUC]  -  SA: 0.00000,  LA: 0.57359
[Test AUPRC]  -  LA: 0.56153
[Test F1-max]  -  LA: 0.64721
Epoch: 7 | Loss: 0.5847436189651489  | Negative Loss: 0.0
[Test ROC-AUC]  -  SA: 0.00000,  LA: 0.58101
[Test AUPRC]  -  LA: 0.57728
[Test F1-max]  -  LA: 0.64894
Epoch: 8 | Loss: 0.23714594542980194  | Negative Loss: 0.0
[Test ROC-AUC]  -  SA: 0.00000,  LA: 0.58711
[Test AUPRC]  -  LA: 0.58686
[Test F1-max]  -  LA: 0.64550
Epoch: 9 | Loss: 0.1013757735490799  | Negative Loss: 0.0
[Test ROC-AUC]  -  SA: 0.00000,  LA: 0.59734
[Test AUPRC]  -  LA: 0.59254
[Test F1-max]  -  LA: 0.64533
Epoch: 10 | Loss: 0.045332249253988266  | Negative Loss: 0.0
[Test ROC-AUC]  -  SA: 0.00000,  LA: 0.60410
[Test AUPRC]  -  LA: 0.60411
[Test F1-max]  -  LA: 0.64533
Epoch: 11 | Loss: 0.020842434838414192  | Negative Loss: 0.0
[Test ROC-AUC]  -  SA: 0.00000,  LA: 0.60985
[Test AUPRC]  -  LA: 0.60768
[Test F1-max]  -  LA: 0.64380
Epoch: 12 | Loss: 0.00995288323611021  | Negative Loss: 0.0
[Test ROC-AUC]  -  SA: 0.00000,  LA: 0.61134
[Test AUPRC]  -  LA: 0.61184
[Test F1-max]  -  LA: 0.64658
Epoch: 13 | Loss: 0.004895111545920372  | Negative Loss: 0.0
[Test ROC-AUC]  -  SA: 0.00000,  LA: 0.61320
[Test AUPRC]  -  LA: 0.61300
[Test F1-max]  -  LA: 0.64481
Epoch: 14 | Loss: 0.0024712220765650272  | Negative Loss: 0.0
[Test ROC-AUC]  -  SA: 0.00000,  LA: 0.61715
[Test AUPRC]  -  LA: 0.61653
[Test F1-max]  -  LA: 0.64463
Epoch: 15 | Loss: 0.001282449346035719  | Negative Loss: 0.0
[Test ROC-AUC]  -  SA: 0.00000,  LA: 0.62026
[Test AUPRC]  -  LA: 0.61829
[Test F1-max]  -  LA: 0.64481
Epoch: 16 | Loss: 0.0006846030009910464  | Negative Loss: 0.0
[Test ROC-AUC]  -  SA: 0.00000,  LA: 0.62143
[Test AUPRC]  -  LA: 0.61801
[Test F1-max]  -  LA: 0.64533
Epoch: 17 | Loss: 0.0003765862784348428  | Negative Loss: 0.0
[Test ROC-AUC]  -  SA: 0.00000,  LA: 0.62516
[Test AUPRC]  -  LA: 0.61933
[Test F1-max]  -  LA: 0.64550
Epoch: 18 | Loss: 0.00021354503405746073  | Negative Loss: 0.0
[Test ROC-AUC]  -  SA: 0.00000,  LA: 0.62768
[Test AUPRC]  -  LA: 0.61828
[Test F1-max]  -  LA: 0.64706
Epoch: 19 | Loss: 0.0001244760787812993  | Negative Loss: 0.0
[Test ROC-AUC]  -  SA: 0.00000,  LA: 0.62974
[Test AUPRC]  -  LA: 0.61718
[Test F1-max]  -  LA: 0.64721
Epoch: 20 | Loss: 7.44811404729262e-05  | Negative Loss: 0.0
[Test ROC-AUC]  -  SA: 0.00000,  LA: 0.63163
[Test AUPRC]  -  LA: 0.61721
[Test F1-max]  -  LA: 0.64894
Epoch: 21 | Loss: 4.582373003358953e-05  | Negative Loss: 0.0
[Test ROC-AUC]  -  SA: 0.00000,  LA: 0.63408
[Test AUPRC]  -  LA: 0.61749
[Test F1-max]  -  LA: 0.64894
Epoch: 22 | Loss: 2.8991567887715064e-05  | Negative Loss: 0.0
[Test ROC-AUC]  -  SA: 0.00000,  LA: 0.63701
[Test AUPRC]  -  LA: 0.61900
[Test F1-max]  -  LA: 0.65359
Epoch: 23 | Loss: 1.8787326553137973e-05  | Negative Loss: 0.0
[Test ROC-AUC]  -  SA: 0.00000,  LA: 0.63866
[Test AUPRC]  -  LA: 0.61836
[Test F1-max]  -  LA: 0.65359
Epoch: 24 | Loss: 1.2516949936980382e-05  | Negative Loss: 0.0
[Test ROC-AUC]  -  SA: 0.00000,  LA: 0.64138
[Test AUPRC]  -  LA: 0.61591
[Test F1-max]  -  LA: 0.65359
Epoch: 25 | Loss: 8.535373126505874e-06  | Negative Loss: 0.0
[Test ROC-AUC]  -  SA: 0.00000,  LA: 0.64350
[Test AUPRC]  -  LA: 0.61553
[Test F1-max]  -  LA: 0.65161
Epoch: 26 | Loss: 6.055825906514656e-06  | Negative Loss: 0.0
[Test ROC-AUC]  -  SA: 0.00000,  LA: 0.64416
[Test AUPRC]  -  LA: 0.61433
[Test F1-max]  -  LA: 0.65409
Epoch: 27 | Loss: 4.315373189456295e-06  | Negative Loss: 0.0
[Test ROC-AUC]  -  SA: 0.00000,  LA: 0.64524
[Test AUPRC]  -  LA: 0.61349
[Test F1-max]  -  LA: 0.65615
Epoch: 28 | Loss: 3.147123607050162e-06  | Negative Loss: 0.0
[Test ROC-AUC]  -  SA: 0.00000,  LA: 0.64530
[Test AUPRC]  -  LA: 0.61302
[Test F1-max]  -  LA: 0.65584
Epoch: 29 | Loss: 2.288817313456093e-06  | Negative Loss: 0.0
[Test ROC-AUC]  -  SA: 0.00000,  LA: 0.64587
[Test AUPRC]  -  LA: 0.61112
[Test F1-max]  -  LA: 0.65584
Epoch: 30 | Loss: 1.7881387748275301e-06  | Negative Loss: 0.0
[Test ROC-AUC]  -  SA: 0.00000,  LA: 0.64664
[Test AUPRC]  -  LA: 0.61287
[Test F1-max]  -  LA: 0.65409
Epoch: 31 | Loss: 1.358985514343658e-06  | Negative Loss: 0.0
[Test ROC-AUC]  -  SA: 0.00000,  LA: 0.64823
[Test AUPRC]  -  LA: 0.61126
[Test F1-max]  -  LA: 0.65409
Epoch: 32 | Loss: 1.144408884101722e-06  | Negative Loss: 0.0
[Test ROC-AUC]  -  SA: 0.00000,  LA: 0.64928
[Test AUPRC]  -  LA: 0.61172
[Test F1-max]  -  LA: 0.65798
Epoch: 33 | Loss: 9.775159242053633e-07  | Negative Loss: 0.0
[Test ROC-AUC]  -  SA: 0.00000,  LA: 0.65005
[Test AUPRC]  -  LA: 0.60901
[Test F1-max]  -  LA: 0.65625
Epoch: 34 | Loss: 7.390974587906385e-07  | Negative Loss: 0.0
[Test ROC-AUC]  -  SA: 0.00000,  LA: 0.65107
[Test AUPRC]  -  LA: 0.60806
[Test F1-max]  -  LA: 0.65625
Epoch: 35 | Loss: 6.19888282926695e-07  | Negative Loss: 0.0
[Test ROC-AUC]  -  SA: 0.00000,  LA: 0.65131
[Test AUPRC]  -  LA: 0.60693
[Test F1-max]  -  LA: 0.65625
Epoch: 36 | Loss: 4.5299526618691743e-07  | Negative Loss: 0.0
[Test ROC-AUC]  -  SA: 0.00000,  LA: 0.65155
[Test AUPRC]  -  LA: 0.60685
[Test F1-max]  -  LA: 0.65625
Epoch: 37 | Loss: 3.8146970382513246e-07  | Negative Loss: 0.0
[Test ROC-AUC]  -  SA: 0.00000,  LA: 0.65191
[Test AUPRC]  -  LA: 0.60687
[Test F1-max]  -  LA: 0.65625
Epoch: 38 | Loss: 3.8146970382513246e-07  | Negative Loss: 0.0
[Test ROC-AUC]  -  SA: 0.00000,  LA: 0.65257
[Test AUPRC]  -  LA: 0.60591
[Test F1-max]  -  LA: 0.65625
Epoch: 39 | Loss: 3.337859766361362e-07  | Negative Loss: 0.0
[Test ROC-AUC]  -  SA: 0.00000,  LA: 0.65334
[Test AUPRC]  -  LA: 0.60176
[Test F1-max]  -  LA: 0.65625
Epoch: 40 | Loss: 2.622604142743512e-07  | Negative Loss: 0.0
[Test ROC-AUC]  -  SA: 0.00000,  LA: 0.65370
[Test AUPRC]  -  LA: 0.60157
[Test F1-max]  -  LA: 0.65625
Epoch: 41 | Loss: 2.622604142743512e-07  | Negative Loss: 0.0
[Test ROC-AUC]  -  SA: 0.00000,  LA: 0.65409
[Test AUPRC]  -  LA: 0.60159
[Test F1-max]  -  LA: 0.65625
Epoch: 42 | Loss: 2.622604142743512e-07  | Negative Loss: 0.0
[Test ROC-AUC]  -  SA: 0.00000,  LA: 0.65415
[Test AUPRC]  -  LA: 0.60158
[Test F1-max]  -  LA: 0.65625
Epoch: 43 | Loss: 1.9073485191256623e-07  | Negative Loss: 0.0
[Test ROC-AUC]  -  SA: 0.00000,  LA: 0.65430
[Test AUPRC]  -  LA: 0.60163
[Test F1-max]  -  LA: 0.65625
Epoch: 44 | Loss: 1.9073485191256623e-07  | Negative Loss: 0.0
[Test ROC-AUC]  -  SA: 0.00000,  LA: 0.65469
[Test AUPRC]  -  LA: 0.60152
[Test F1-max]  -  LA: 0.65625
Epoch: 45 | Loss: 1.668929883180681e-07  | Negative Loss: 0.0
[Test ROC-AUC]  -  SA: 0.00000,  LA: 0.65466
[Test AUPRC]  -  LA: 0.60144
[Test F1-max]  -  LA: 0.65625
Epoch: 46 | Loss: 1.4305113893442467e-07  | Negative Loss: 0.0
[Test ROC-AUC]  -  SA: 0.00000,  LA: 0.65544
[Test AUPRC]  -  LA: 0.60175
[Test F1-max]  -  LA: 0.65625
Epoch: 47 | Loss: 1.1920928244535389e-07  | Negative Loss: 0.0
[Test ROC-AUC]  -  SA: 0.00000,  LA: 0.65592
[Test AUPRC]  -  LA: 0.60168
[Test F1-max]  -  LA: 0.65625
Epoch: 48 | Loss: 9.536742595628311e-08  | Negative Loss: 0.0
[Test ROC-AUC]  -  SA: 0.00000,  LA: 0.65598
[Test AUPRC]  -  LA: 0.60117
[Test F1-max]  -  LA: 0.65831
Epoch: 49 | Loss: 7.152556946721234e-08  | Negative Loss: 0.0
[Test ROC-AUC]  -  SA: 0.00000,  LA: 0.65601
[Test AUPRC]  -  LA: 0.60106
[Test F1-max]  -  LA: 0.65831
Epoch: 50 | Loss: 7.152556946721234e-08  | Negative Loss: 0.0
[Test ROC-AUC]  -  SA: 0.00000,  LA: 0.65628
[Test AUPRC]  -  LA: 0.60108
[Test F1-max]  -  LA: 0.65831
Epoch: 51 | Loss: 7.152556946721234e-08  | Negative Loss: 0.0
[Test ROC-AUC]  -  SA: 0.00000,  LA: 0.65658
[Test AUPRC]  -  LA: 0.60116
[Test F1-max]  -  LA: 0.65831
Epoch: 52 | Loss: 7.152556946721234e-08  | Negative Loss: 0.0
[Test ROC-AUC]  -  SA: 0.00000,  LA: 0.65672
[Test AUPRC]  -  LA: 0.60155
[Test F1-max]  -  LA: 0.65831
Epoch: 53 | Loss: 7.152556946721234e-08  | Negative Loss: 0.0
[Test ROC-AUC]  -  SA: 0.00000,  LA: 0.65684
[Test AUPRC]  -  LA: 0.60160
[Test F1-max]  -  LA: 0.65831
Epoch: 54 | Loss: 7.152556946721234e-08  | Negative Loss: 0.0
[Test ROC-AUC]  -  SA: 0.00000,  LA: 0.65678
[Test AUPRC]  -  LA: 0.60146
[Test F1-max]  -  LA: 0.65831
Epoch: 55 | Loss: 7.152556946721234e-08  | Negative Loss: 0.0
[Test ROC-AUC]  -  SA: 0.00000,  LA: 0.65693
[Test AUPRC]  -  LA: 0.60147
[Test F1-max]  -  LA: 0.65831
Epoch: 56 | Loss: 2.384185648907078e-08  | Negative Loss: 0.0
[Test ROC-AUC]  -  SA: 0.00000,  LA: 0.65723
[Test AUPRC]  -  LA: 0.60155
[Test F1-max]  -  LA: 0.65831
Epoch: 57 | Loss: 2.384185648907078e-08  | Negative Loss: 0.0
[Test ROC-AUC]  -  SA: 0.00000,  LA: 0.65723
[Test AUPRC]  -  LA: 0.60135
[Test F1-max]  -  LA: 0.65831
Epoch: 58 | Loss: 2.384185648907078e-08  | Negative Loss: 0.0
[Test ROC-AUC]  -  SA: 0.00000,  LA: 0.65729
[Test AUPRC]  -  LA: 0.60138
[Test F1-max]  -  LA: 0.65831
Epoch: 59 | Loss: 2.384185648907078e-08  | Negative Loss: 0.0
[Test ROC-AUC]  -  SA: 0.00000,  LA: 0.65735
[Test AUPRC]  -  LA: 0.60136
[Test F1-max]  -  LA: 0.65831
Epoch: 60 | Loss: 2.384185648907078e-08  | Negative Loss: 0.0
[Test ROC-AUC]  -  SA: 0.00000,  LA: 0.65762
[Test AUPRC]  -  LA: 0.60139
[Test F1-max]  -  LA: 0.65831
Epoch: 61 | Loss: 2.384185648907078e-08  | Negative Loss: 0.0
[Test ROC-AUC]  -  SA: 0.00000,  LA: 0.65753
[Test AUPRC]  -  LA: 0.60246
[Test F1-max]  -  LA: 0.65831
Epoch: 62 | Loss: 2.384185648907078e-08  | Negative Loss: 0.0
[Test ROC-AUC]  -  SA: 0.00000,  LA: 0.65717
[Test AUPRC]  -  LA: 0.60208
[Test F1-max]  -  LA: 0.65831
Epoch: 63 | Loss: 2.384185648907078e-08  | Negative Loss: 0.0
[Test ROC-AUC]  -  SA: 0.00000,  LA: 0.65708
[Test AUPRC]  -  LA: 0.60195
[Test F1-max]  -  LA: 0.65831
Epoch: 64 | Loss: 2.384185648907078e-08  | Negative Loss: 0.0
[Test ROC-AUC]  -  SA: 0.00000,  LA: 0.65723
[Test AUPRC]  -  LA: 0.60224
[Test F1-max]  -  LA: 0.65831
Epoch: 65 | Loss: 2.384185648907078e-08  | Negative Loss: 0.0
[Test ROC-AUC]  -  SA: 0.00000,  LA: 0.65687
[Test AUPRC]  -  LA: 0.60186
[Test F1-max]  -  LA: 0.65831
Epoch: 66 | Loss: 2.384185648907078e-08  | Negative Loss: 0.0
[Test ROC-AUC]  -  SA: 0.00000,  LA: 0.65717
[Test AUPRC]  -  LA: 0.60215
[Test F1-max]  -  LA: 0.65831
Epoch: 67 | Loss: 2.384185648907078e-08  | Negative Loss: 0.0
[Test ROC-AUC]  -  SA: 0.00000,  LA: 0.65717
[Test AUPRC]  -  LA: 0.60217
[Test F1-max]  -  LA: 0.65831
Epoch: 68 | Loss: 2.384185648907078e-08  | Negative Loss: 0.0
[Test ROC-AUC]  -  SA: 0.00000,  LA: 0.65720
[Test AUPRC]  -  LA: 0.60225
[Test F1-max]  -  LA: 0.65831
Epoch: 69 | Loss: 2.384185648907078e-08  | Negative Loss: 0.0
[Test ROC-AUC]  -  SA: 0.00000,  LA: 0.65726
[Test AUPRC]  -  LA: 0.60238
[Test F1-max]  -  LA: 0.65831
Epoch: 70 | Loss: 2.384185648907078e-08  | Negative Loss: 0.0
[Test ROC-AUC]  -  SA: 0.00000,  LA: 0.65729
[Test AUPRC]  -  LA: 0.60245
[Test F1-max]  -  LA: 0.65831
Epoch: 71 | Loss: 2.384185648907078e-08  | Negative Loss: 0.0
[Test ROC-AUC]  -  SA: 0.00000,  LA: 0.65747
[Test AUPRC]  -  LA: 0.60265
[Test F1-max]  -  LA: 0.65831
Epoch: 72 | Loss: 2.384185648907078e-08  | Negative Loss: 0.0
[Test ROC-AUC]  -  SA: 0.00000,  LA: 0.65759
[Test AUPRC]  -  LA: 0.60283
[Test F1-max]  -  LA: 0.65625
Epoch: 73 | Loss: 2.384185648907078e-08  | Negative Loss: 0.0
[Test ROC-AUC]  -  SA: 0.00000,  LA: 0.65750
[Test AUPRC]  -  LA: 0.60276
[Test F1-max]  -  LA: 0.65625
Epoch: 74 | Loss: 2.384185648907078e-08  | Negative Loss: 0.0
[Test ROC-AUC]  -  SA: 0.00000,  LA: 0.65735
[Test AUPRC]  -  LA: 0.60255
[Test F1-max]  -  LA: 0.65625
Epoch: 75 | Loss: 2.384185648907078e-08  | Negative Loss: 0.0
[Test ROC-AUC]  -  SA: 0.00000,  LA: 0.65735
[Test AUPRC]  -  LA: 0.60256
[Test F1-max]  -  LA: 0.65625
Epoch: 76 | Loss: 2.384185648907078e-08  | Negative Loss: 0.0
[Test ROC-AUC]  -  SA: 0.00000,  LA: 0.65753
[Test AUPRC]  -  LA: 0.60282
[Test F1-max]  -  LA: 0.65625
Epoch: 77 | Loss: 2.384185648907078e-08  | Negative Loss: 0.0
[Test ROC-AUC]  -  SA: 0.00000,  LA: 0.65747
[Test AUPRC]  -  LA: 0.60256
[Test F1-max]  -  LA: 0.65625
Epoch: 78 | Loss: 2.384185648907078e-08  | Negative Loss: 0.0
[Test ROC-AUC]  -  SA: 0.00000,  LA: 0.65741
[Test AUPRC]  -  LA: 0.60253
[Test F1-max]  -  LA: 0.65625
Epoch: 79 | Loss: 2.384185648907078e-08  | Negative Loss: 0.0
[Test ROC-AUC]  -  SA: 0.00000,  LA: 0.65732
[Test AUPRC]  -  LA: 0.60252
[Test F1-max]  -  LA: 0.65625
Epoch: 80 | Loss: 2.384185648907078e-08  | Negative Loss: 0.0
[Test ROC-AUC]  -  SA: 0.00000,  LA: 0.65714
[Test AUPRC]  -  LA: 0.60237
[Test F1-max]  -  LA: 0.65625
Epoch: 81 | Loss: 2.384185648907078e-08  | Negative Loss: 0.0
[Test ROC-AUC]  -  SA: 0.00000,  LA: 0.65711
[Test AUPRC]  -  LA: 0.60257
[Test F1-max]  -  LA: 0.65625
Epoch: 82 | Loss: 2.384185648907078e-08  | Negative Loss: 0.0
[Test ROC-AUC]  -  SA: 0.00000,  LA: 0.65741
[Test AUPRC]  -  LA: 0.60296
[Test F1-max]  -  LA: 0.65625
Epoch: 83 | Loss: 2.384185648907078e-08  | Negative Loss: 0.0
[Test ROC-AUC]  -  SA: 0.00000,  LA: 0.65753
[Test AUPRC]  -  LA: 0.60294
[Test F1-max]  -  LA: 0.65625
Epoch: 84 | Loss: 2.384185648907078e-08  | Negative Loss: 0.0
[Test ROC-AUC]  -  SA: 0.00000,  LA: 0.65783
[Test AUPRC]  -  LA: 0.60325
[Test F1-max]  -  LA: 0.65625
Epoch: 85 | Loss: 2.384185648907078e-08  | Negative Loss: 0.0
[Test ROC-AUC]  -  SA: 0.00000,  LA: 0.65807
[Test AUPRC]  -  LA: 0.60288
[Test F1-max]  -  LA: 0.65625
Epoch: 86 | Loss: 2.384185648907078e-08  | Negative Loss: 0.0
[Test ROC-AUC]  -  SA: 0.00000,  LA: 0.65813
[Test AUPRC]  -  LA: 0.60277
[Test F1-max]  -  LA: 0.65625
Epoch: 87 | Loss: 2.384185648907078e-08  | Negative Loss: 0.0
[Test ROC-AUC]  -  SA: 0.00000,  LA: 0.65834
[Test AUPRC]  -  LA: 0.60311
[Test F1-max]  -  LA: 0.65625
Epoch: 88 | Loss: 2.384185648907078e-08  | Negative Loss: 0.0
[Test ROC-AUC]  -  SA: 0.00000,  LA: 0.65861
[Test AUPRC]  -  LA: 0.60353
[Test F1-max]  -  LA: 0.65831
Epoch: 89 | Loss: 2.384185648907078e-08  | Negative Loss: 0.0
[Test ROC-AUC]  -  SA: 0.00000,  LA: 0.65879
[Test AUPRC]  -  LA: 0.60407
[Test F1-max]  -  LA: 0.65831
Epoch: 90 | Loss: 2.384185648907078e-08  | Negative Loss: 0.0
[Test ROC-AUC]  -  SA: 0.00000,  LA: 0.65918
[Test AUPRC]  -  LA: 0.60453
[Test F1-max]  -  LA: 0.65831
Epoch: 91 | Loss: 2.384185648907078e-08  | Negative Loss: 0.0
[Test ROC-AUC]  -  SA: 0.00000,  LA: 0.65927
[Test AUPRC]  -  LA: 0.60496
[Test F1-max]  -  LA: 0.65831
Epoch: 92 | Loss: 2.384185648907078e-08  | Negative Loss: 0.0
[Test ROC-AUC]  -  SA: 0.00000,  LA: 0.65906
[Test AUPRC]  -  LA: 0.60485
[Test F1-max]  -  LA: 0.65831
Epoch: 93 | Loss: 2.384185648907078e-08  | Negative Loss: 0.0
[Test ROC-AUC]  -  SA: 0.00000,  LA: 0.65921
[Test AUPRC]  -  LA: 0.60553
[Test F1-max]  -  LA: 0.65831
Epoch: 94 | Loss: 2.384185648907078e-08  | Negative Loss: 0.0
[Test ROC-AUC]  -  SA: 0.00000,  LA: 0.65933
[Test AUPRC]  -  LA: 0.60561
[Test F1-max]  -  LA: 0.65831
Epoch: 95 | Loss: 2.384185648907078e-08  | Negative Loss: 0.0
[Test ROC-AUC]  -  SA: 0.00000,  LA: 0.65936
[Test AUPRC]  -  LA: 0.60547
[Test F1-max]  -  LA: 0.65831
Epoch: 96 | Loss: 2.384185648907078e-08  | Negative Loss: 0.0
[Test ROC-AUC]  -  SA: 0.00000,  LA: 0.65957
[Test AUPRC]  -  LA: 0.60555
[Test F1-max]  -  LA: 0.65831
Epoch: 97 | Loss: 2.384185648907078e-08  | Negative Loss: 0.0
[Test ROC-AUC]  -  SA: 0.00000,  LA: 0.65963
[Test AUPRC]  -  LA: 0.60886
[Test F1-max]  -  LA: 0.65831
Epoch: 98 | Loss: 2.384185648907078e-08  | Negative Loss: 0.0
[Test ROC-AUC]  -  SA: 0.00000,  LA: 0.65960
[Test AUPRC]  -  LA: 0.60868
[Test F1-max]  -  LA: 0.65831
Epoch: 99 | Loss: 2.384185648907078e-08  | Negative Loss: 0.0
Time consumption: 175.08688640594482
Best LA AUC: 0.6596266602847911
Best LA AUPC: 0.6193341444066949
Best LA F1-max: 0.658307210031348
[Result] Experiment result appended to ./results/train_hybrid_result.csv

[END] 2026-03-18 15:42:46
[RETURN CODE] 0
