[START] 2026-03-18 16:21:09
[GPU] 1
[INDEX] 40/40
[COMMAND] python train_hybrid.py --data_name orange_juice --mask True --text True --double_encoder True --few_shot True --shot 5 --hybrid_model promptad --hybrid_weight 0.3 --hybrid_batch_size 16 --epoch 100 --log True --lr 5e-4 --detection True --preprocess True

/home/seungeon/miniconda3/envs/LAB/lib/python3.10/site-packages/timm/models/layers/__init__.py:48: FutureWarning: Importing from timm.models.layers is deprecated, please import via timm.layers
  warnings.warn(f"Importing from {__name__} is deprecated, please import via timm.layers", FutureWarning)
/home/seungeon/Workspace/side/vlm/train_hybrid.py:18: DeprecationWarning: The distutils package is deprecated and slated for removal in Python 3.12. Use setuptools or check PEP 632 for potential alternatives
  from distutils.util import strtobool
Torch version: 2.9.1+cu128
cuda is loaded for process
here?
In my local computer
Namespace(epoch=100, gpu_number='0', data_name='orange_juice', lr=0.0005, batch_size=6, shuffle=True, seed=0, tag='default', model_name='ViT-B-32', pretrained_name='laion2b_s34b_b79k', lora=1, default=False, foundation='CLIP', detection=1, preprocess=1, num_rule=0, object_names=['a orange picture label', 'a 100% text label', 'a bottle cap', 'a black background'], objects_for_rules=[['a orange picture label'], ['a orange picture label', 'a 100% text label'], ['a orange picture label'], ['a 100% text label'], ['a orange picture label', 'a 100% text label']], texts_for_rules=[['a photo of orange picture label'], ['a photo of orange picture label and 100% text label'], ['a photo of orange picture label'], ['a photo of 100% text label'], ['a photo of orange picture label and 100% text label']], mask=1, text=1, score='mean', ciriculam_learning=False, few_shot=1, shot=5, log=1, neg_loss=0, double_encoder=1, pretrained_count_path=None, ris=0, rule_select='', rule_list=[], num_negative=5, hybrid_model='promptad', hybrid_weight=0.3, hybrid_class_name='', hybrid_batch_size=16, hybrid_backbone='ViT-B-16-plus-240', hybrid_pretrained_dataset='laion400m_e32', hybrid_scales=[2, 3], hybrid_img_resize=240, hybrid_img_cropsize=240, hybrid_resolution=400, hybrid_promptad_epoch=100, hybrid_promptad_lr=0.002, hybrid_promptad_momentum=0.9, hybrid_promptad_weight_decay=0.0005, hybrid_promptad_eta_min=1e-05, hybrid_promptad_lambda1=0.001, hybrid_promptad_n_ctx=4, hybrid_promptad_n_pro=3, hybrid_promptad_n_ctx_ab=1, hybrid_promptad_n_pro_ab=4, early_stop_k=10, result_log_path='./results/train_hybrid_result.csv')
[Hybrid] method=promptad, class_name=juice_bottle, train=5, eval=78, base_path=/data3/seungeon/data/image/mvtec_loco_anomaly_detection/orange_juice
[Hybrid-only] LA_AUC=0.85925, LA_AUPRC=0.68900, LA_F1=0.75000
[Data Description]
- Train: 5
- Test: 78

Train Start
[Test ROC-AUC]  -  SA: 0.00000,  LA: 0.69599
[Test AUPRC]  -  LA: 0.46260
[Test F1-max]  -  LA: 0.65116
Epoch: 0 | Loss: 16.43608856201172  | Negative Loss: 0.0
[Test ROC-AUC]  -  SA: 0.00000,  LA: 0.70021
[Test AUPRC]  -  LA: 0.46476
[Test F1-max]  -  LA: 0.65882
Epoch: 1 | Loss: 16.313644409179688  | Negative Loss: 0.0
[Test ROC-AUC]  -  SA: 0.00000,  LA: 0.74384
[Test AUPRC]  -  LA: 0.52459
[Test F1-max]  -  LA: 0.69231
Epoch: 2 | Loss: 14.955458641052246  | Negative Loss: 0.0
[Test ROC-AUC]  -  SA: 0.00000,  LA: 0.83392
[Test AUPRC]  -  LA: 0.74233
[Test F1-max]  -  LA: 0.71053
Epoch: 3 | Loss: 12.61679744720459  | Negative Loss: 0.0
[Test ROC-AUC]  -  SA: 0.00000,  LA: 0.85222
[Test AUPRC]  -  LA: 0.79838
[Test F1-max]  -  LA: 0.71429
Epoch: 4 | Loss: 9.643150329589844  | Negative Loss: 0.0
[Test ROC-AUC]  -  SA: 0.00000,  LA: 0.85503
[Test AUPRC]  -  LA: 0.79779
[Test F1-max]  -  LA: 0.72727
Epoch: 5 | Loss: 6.667288780212402  | Negative Loss: 0.0
[Test ROC-AUC]  -  SA: 0.00000,  LA: 0.85644
[Test AUPRC]  -  LA: 0.79722
[Test F1-max]  -  LA: 0.73973
Epoch: 6 | Loss: 4.1694488525390625  | Negative Loss: 0.0
[Test ROC-AUC]  -  SA: 0.00000,  LA: 0.85644
[Test AUPRC]  -  LA: 0.79631
[Test F1-max]  -  LA: 0.73239
Epoch: 7 | Loss: 2.3845114707946777  | Negative Loss: 0.0
[Test ROC-AUC]  -  SA: 0.00000,  LA: 0.85644
[Test AUPRC]  -  LA: 0.79307
[Test F1-max]  -  LA: 0.75362
Epoch: 8 | Loss: 1.2595667839050293  | Negative Loss: 0.0
[Test ROC-AUC]  -  SA: 0.00000,  LA: 0.85855
[Test AUPRC]  -  LA: 0.80015
[Test F1-max]  -  LA: 0.76471
Epoch: 9 | Loss: 0.6578940153121948  | Negative Loss: 0.0
[Test ROC-AUC]  -  SA: 0.00000,  LA: 0.85222
[Test AUPRC]  -  LA: 0.78959
[Test F1-max]  -  LA: 0.76471
Epoch: 10 | Loss: 0.3521342873573303  | Negative Loss: 0.0
[Test ROC-AUC]  -  SA: 0.00000,  LA: 0.84518
[Test AUPRC]  -  LA: 0.77938
[Test F1-max]  -  LA: 0.74667
Epoch: 11 | Loss: 0.18751965463161469  | Negative Loss: 0.0
[Test ROC-AUC]  -  SA: 0.00000,  LA: 0.84377
[Test AUPRC]  -  LA: 0.77740
[Test F1-max]  -  LA: 0.74667
Epoch: 12 | Loss: 0.097271628677845  | Negative Loss: 0.0
[Test ROC-AUC]  -  SA: 0.00000,  LA: 0.84799
[Test AUPRC]  -  LA: 0.77556
[Test F1-max]  -  LA: 0.74667
Epoch: 13 | Loss: 0.049121879041194916  | Negative Loss: 0.0
[Test ROC-AUC]  -  SA: 0.00000,  LA: 0.84940
[Test AUPRC]  -  LA: 0.77271
[Test F1-max]  -  LA: 0.75676
Epoch: 14 | Loss: 0.02443934790790081  | Negative Loss: 0.0
[Test ROC-AUC]  -  SA: 0.00000,  LA: 0.85011
[Test AUPRC]  -  LA: 0.77475
[Test F1-max]  -  LA: 0.75676
Epoch: 15 | Loss: 0.012105808593332767  | Negative Loss: 0.0
[Test ROC-AUC]  -  SA: 0.00000,  LA: 0.85292
[Test AUPRC]  -  LA: 0.77843
[Test F1-max]  -  LA: 0.75676
Epoch: 16 | Loss: 0.006039098836481571  | Negative Loss: 0.0
[Test ROC-AUC]  -  SA: 0.00000,  LA: 0.85644
[Test AUPRC]  -  LA: 0.78162
[Test F1-max]  -  LA: 0.75676
Epoch: 17 | Loss: 0.0030541857704520226  | Negative Loss: 0.0
[Test ROC-AUC]  -  SA: 0.00000,  LA: 0.85925
[Test AUPRC]  -  LA: 0.78774
[Test F1-max]  -  LA: 0.75676
Epoch: 18 | Loss: 0.0015737750800326467  | Negative Loss: 0.0
[Test ROC-AUC]  -  SA: 0.00000,  LA: 0.86488
[Test AUPRC]  -  LA: 0.79288
[Test F1-max]  -  LA: 0.76712
Epoch: 19 | Loss: 0.0008257092558778822  | Negative Loss: 0.0
[Test ROC-AUC]  -  SA: 0.00000,  LA: 0.86559
[Test AUPRC]  -  LA: 0.79173
[Test F1-max]  -  LA: 0.76712
Epoch: 20 | Loss: 0.00044244431774131954  | Negative Loss: 0.0
[Test ROC-AUC]  -  SA: 0.00000,  LA: 0.86629
[Test AUPRC]  -  LA: 0.79502
[Test F1-max]  -  LA: 0.76712
Epoch: 21 | Loss: 0.00024311368179041892  | Negative Loss: 0.0
[Test ROC-AUC]  -  SA: 0.00000,  LA: 0.86981
[Test AUPRC]  -  LA: 0.79973
[Test F1-max]  -  LA: 0.76712
Epoch: 22 | Loss: 0.00013717786350753158  | Negative Loss: 0.0
[Test ROC-AUC]  -  SA: 0.00000,  LA: 0.87262
[Test AUPRC]  -  LA: 0.80364
[Test F1-max]  -  LA: 0.76712
Epoch: 23 | Loss: 7.953367457957938e-05  | Negative Loss: 0.0
[Test ROC-AUC]  -  SA: 0.00000,  LA: 0.87474
[Test AUPRC]  -  LA: 0.80509
[Test F1-max]  -  LA: 0.76712
Epoch: 24 | Loss: 4.739663199870847e-05  | Negative Loss: 0.0
[Test ROC-AUC]  -  SA: 0.00000,  LA: 0.87544
[Test AUPRC]  -  LA: 0.80529
[Test F1-max]  -  LA: 0.76712
Epoch: 25 | Loss: 2.90866955765523e-05  | Negative Loss: 0.0
[Test ROC-AUC]  -  SA: 0.00000,  LA: 0.87755
[Test AUPRC]  -  LA: 0.80891
[Test F1-max]  -  LA: 0.76712
Epoch: 26 | Loss: 1.82865587703418e-05  | Negative Loss: 0.0
[Test ROC-AUC]  -  SA: 0.00000,  LA: 0.88037
[Test AUPRC]  -  LA: 0.81213
[Test F1-max]  -  LA: 0.76923
Epoch: 27 | Loss: 1.1801657819887623e-05  | Negative Loss: 0.0
[Test ROC-AUC]  -  SA: 0.00000,  LA: 0.88037
[Test AUPRC]  -  LA: 0.81213
[Test F1-max]  -  LA: 0.76923
Epoch: 28 | Loss: 7.891627319622785e-06  | Negative Loss: 0.0
[Test ROC-AUC]  -  SA: 0.00000,  LA: 0.88248
[Test AUPRC]  -  LA: 0.81354
[Test F1-max]  -  LA: 0.76923
Epoch: 29 | Loss: 5.412089194578584e-06  | Negative Loss: 0.0
[Test ROC-AUC]  -  SA: 0.00000,  LA: 0.88248
[Test AUPRC]  -  LA: 0.81432
[Test F1-max]  -  LA: 0.76712
Epoch: 30 | Loss: 3.6716398881253554e-06  | Negative Loss: 0.0
[Test ROC-AUC]  -  SA: 0.00000,  LA: 0.88107
[Test AUPRC]  -  LA: 0.81290
[Test F1-max]  -  LA: 0.76712
Epoch: 31 | Loss: 2.6702848572313087e-06  | Negative Loss: 0.0
[Test ROC-AUC]  -  SA: 0.00000,  LA: 0.88107
[Test AUPRC]  -  LA: 0.81314
[Test F1-max]  -  LA: 0.76712
Epoch: 32 | Loss: 1.9073471548836096e-06  | Negative Loss: 0.0
[Test ROC-AUC]  -  SA: 0.00000,  LA: 0.88107
[Test AUPRC]  -  LA: 0.81314
[Test F1-max]  -  LA: 0.76712
Epoch: 33 | Loss: 1.5020360706330393e-06  | Negative Loss: 0.0
[Test ROC-AUC]  -  SA: 0.00000,  LA: 0.88107
[Test AUPRC]  -  LA: 0.81307
[Test F1-max]  -  LA: 0.76712
Epoch: 34 | Loss: 1.096724986382469e-06  | Negative Loss: 0.0
[Test ROC-AUC]  -  SA: 0.00000,  LA: 0.88248
[Test AUPRC]  -  LA: 0.81476
[Test F1-max]  -  LA: 0.76712
Epoch: 35 | Loss: 8.58306634654582e-07  | Negative Loss: 0.0
[Test ROC-AUC]  -  SA: 0.00000,  LA: 0.88388
[Test AUPRC]  -  LA: 0.81633
[Test F1-max]  -  LA: 0.76712
Epoch: 36 | Loss: 6.198881123964384e-07  | Negative Loss: 0.0
[Test ROC-AUC]  -  SA: 0.00000,  LA: 0.88388
[Test AUPRC]  -  LA: 0.81636
[Test F1-max]  -  LA: 0.76471
Epoch: 37 | Loss: 4.768370729379967e-07  | Negative Loss: 0.0
[Test ROC-AUC]  -  SA: 0.00000,  LA: 0.88318
[Test AUPRC]  -  LA: 0.81558
[Test F1-max]  -  LA: 0.76923
Epoch: 38 | Loss: 3.814696469817136e-07  | Negative Loss: 0.0
[Test ROC-AUC]  -  SA: 0.00000,  LA: 0.88388
[Test AUPRC]  -  LA: 0.81719
[Test F1-max]  -  LA: 0.76923
Epoch: 39 | Loss: 3.576278118089249e-07  | Negative Loss: 0.0
[Test ROC-AUC]  -  SA: 0.00000,  LA: 0.88459
[Test AUPRC]  -  LA: 0.81874
[Test F1-max]  -  LA: 0.76923
Epoch: 40 | Loss: 2.861022494471399e-07  | Negative Loss: 0.0
[Test ROC-AUC]  -  SA: 0.00000,  LA: 0.88459
[Test AUPRC]  -  LA: 0.81874
[Test F1-max]  -  LA: 0.76923
Epoch: 41 | Loss: 2.3841853646899835e-07  | Negative Loss: 0.0
[Test ROC-AUC]  -  SA: 0.00000,  LA: 0.88459
[Test AUPRC]  -  LA: 0.81874
[Test F1-max]  -  LA: 0.76923
Epoch: 42 | Loss: 2.1457670129620965e-07  | Negative Loss: 0.0
[Test ROC-AUC]  -  SA: 0.00000,  LA: 0.88529
[Test AUPRC]  -  LA: 0.81928
[Test F1-max]  -  LA: 0.77143
Epoch: 43 | Loss: 1.907348377017115e-07  | Negative Loss: 0.0
[Test ROC-AUC]  -  SA: 0.00000,  LA: 0.88529
[Test AUPRC]  -  LA: 0.81928
[Test F1-max]  -  LA: 0.77143
Epoch: 44 | Loss: 1.668929883180681e-07  | Negative Loss: 0.0
[Test ROC-AUC]  -  SA: 0.00000,  LA: 0.88600
[Test AUPRC]  -  LA: 0.82022
[Test F1-max]  -  LA: 0.77143
Epoch: 45 | Loss: 1.4305113893442467e-07  | Negative Loss: 0.0
[Test ROC-AUC]  -  SA: 0.00000,  LA: 0.88670
[Test AUPRC]  -  LA: 0.82099
[Test F1-max]  -  LA: 0.77143
Epoch: 46 | Loss: 1.1920927533992653e-07  | Negative Loss: 0.0
[Test ROC-AUC]  -  SA: 0.00000,  LA: 0.88811
[Test AUPRC]  -  LA: 0.82278
[Test F1-max]  -  LA: 0.77143
Epoch: 47 | Loss: 1.1920927533992653e-07  | Negative Loss: 0.0
[Test ROC-AUC]  -  SA: 0.00000,  LA: 0.88811
[Test AUPRC]  -  LA: 0.82278
[Test F1-max]  -  LA: 0.77143
Epoch: 48 | Loss: 1.1920927533992653e-07  | Negative Loss: 0.0
[Test ROC-AUC]  -  SA: 0.00000,  LA: 0.88740
[Test AUPRC]  -  LA: 0.82086
[Test F1-max]  -  LA: 0.77143
Epoch: 49 | Loss: 1.1920927533992653e-07  | Negative Loss: 0.0
[Test ROC-AUC]  -  SA: 0.00000,  LA: 0.88740
[Test AUPRC]  -  LA: 0.82086
[Test F1-max]  -  LA: 0.77143
Epoch: 50 | Loss: 1.1920927533992653e-07  | Negative Loss: 0.0
[Test ROC-AUC]  -  SA: 0.00000,  LA: 0.88811
[Test AUPRC]  -  LA: 0.82200
[Test F1-max]  -  LA: 0.77143
Epoch: 51 | Loss: 1.1920927533992653e-07  | Negative Loss: 0.0
[Test ROC-AUC]  -  SA: 0.00000,  LA: 0.88811
[Test AUPRC]  -  LA: 0.82200
[Test F1-max]  -  LA: 0.77143
Epoch: 52 | Loss: 1.1920927533992653e-07  | Negative Loss: 0.0
[Test ROC-AUC]  -  SA: 0.00000,  LA: 0.88881
[Test AUPRC]  -  LA: 0.82278
[Test F1-max]  -  LA: 0.77143
Epoch: 53 | Loss: 9.536742595628311e-08  | Negative Loss: 0.0
[Test ROC-AUC]  -  SA: 0.00000,  LA: 0.88881
[Test AUPRC]  -  LA: 0.82278
[Test F1-max]  -  LA: 0.77143
Epoch: 54 | Loss: 9.536742595628311e-08  | Negative Loss: 0.0
[Test ROC-AUC]  -  SA: 0.00000,  LA: 0.88881
[Test AUPRC]  -  LA: 0.82278
[Test F1-max]  -  LA: 0.77143
Epoch: 55 | Loss: 9.536742595628311e-08  | Negative Loss: 0.0
[Test ROC-AUC]  -  SA: 0.00000,  LA: 0.88881
[Test AUPRC]  -  LA: 0.82278
[Test F1-max]  -  LA: 0.77143
Epoch: 56 | Loss: 9.536742595628311e-08  | Negative Loss: 0.0
[Test ROC-AUC]  -  SA: 0.00000,  LA: 0.88881
[Test AUPRC]  -  LA: 0.82278
[Test F1-max]  -  LA: 0.77143
Epoch: 57 | Loss: 9.536742595628311e-08  | Negative Loss: 0.0
[Test ROC-AUC]  -  SA: 0.00000,  LA: 0.88881
[Test AUPRC]  -  LA: 0.82277
[Test F1-max]  -  LA: 0.77143
Epoch: 58 | Loss: 9.536742595628311e-08  | Negative Loss: 0.0
[Test ROC-AUC]  -  SA: 0.00000,  LA: 0.88881
[Test AUPRC]  -  LA: 0.82278
[Test F1-max]  -  LA: 0.77143
Epoch: 59 | Loss: 9.536742595628311e-08  | Negative Loss: 0.0
[Test ROC-AUC]  -  SA: 0.00000,  LA: 0.88881
[Test AUPRC]  -  LA: 0.82278
[Test F1-max]  -  LA: 0.77143
Epoch: 60 | Loss: 9.536742595628311e-08  | Negative Loss: 0.0
[Test ROC-AUC]  -  SA: 0.00000,  LA: 0.88881
[Test AUPRC]  -  LA: 0.82278
[Test F1-max]  -  LA: 0.77143
Epoch: 61 | Loss: 7.152556946721234e-08  | Negative Loss: 0.0
[Test ROC-AUC]  -  SA: 0.00000,  LA: 0.88881
[Test AUPRC]  -  LA: 0.82278
[Test F1-max]  -  LA: 0.77143
Epoch: 62 | Loss: 7.152556946721234e-08  | Negative Loss: 0.0
[Test ROC-AUC]  -  SA: 0.00000,  LA: 0.88881
[Test AUPRC]  -  LA: 0.82278
[Test F1-max]  -  LA: 0.77143
Epoch: 63 | Loss: 4.768371297814156e-08  | Negative Loss: 0.0
[Test ROC-AUC]  -  SA: 0.00000,  LA: 0.88881
[Test AUPRC]  -  LA: 0.82278
[Test F1-max]  -  LA: 0.77143
Epoch: 64 | Loss: 4.768371297814156e-08  | Negative Loss: 0.0
[Test ROC-AUC]  -  SA: 0.00000,  LA: 0.88881
[Test AUPRC]  -  LA: 0.82278
[Test F1-max]  -  LA: 0.77143
Epoch: 65 | Loss: 4.768371297814156e-08  | Negative Loss: 0.0
[Test ROC-AUC]  -  SA: 0.00000,  LA: 0.88881
[Test AUPRC]  -  LA: 0.82278
[Test F1-max]  -  LA: 0.77143
Epoch: 66 | Loss: 4.768371297814156e-08  | Negative Loss: 0.0
[Test ROC-AUC]  -  SA: 0.00000,  LA: 0.88881
[Test AUPRC]  -  LA: 0.82278
[Test F1-max]  -  LA: 0.77143
Epoch: 67 | Loss: 2.384185648907078e-08  | Negative Loss: 0.0
[Test ROC-AUC]  -  SA: 0.00000,  LA: 0.88881
[Test AUPRC]  -  LA: 0.82278
[Test F1-max]  -  LA: 0.77143
Epoch: 68 | Loss: 2.384185648907078e-08  | Negative Loss: 0.0
[Test ROC-AUC]  -  SA: 0.00000,  LA: 0.88881
[Test AUPRC]  -  LA: 0.82278
[Test F1-max]  -  LA: 0.77143
Epoch: 69 | Loss: 2.384185648907078e-08  | Negative Loss: 0.0
[Test ROC-AUC]  -  SA: 0.00000,  LA: 0.88881
[Test AUPRC]  -  LA: 0.82278
[Test F1-max]  -  LA: 0.77143
Epoch: 70 | Loss: 2.384185648907078e-08  | Negative Loss: 0.0
[Test ROC-AUC]  -  SA: 0.00000,  LA: 0.88881
[Test AUPRC]  -  LA: 0.82278
[Test F1-max]  -  LA: 0.77143
Epoch: 71 | Loss: 2.384185648907078e-08  | Negative Loss: 0.0
[Test ROC-AUC]  -  SA: 0.00000,  LA: 0.88881
[Test AUPRC]  -  LA: 0.82278
[Test F1-max]  -  LA: 0.77143
Epoch: 72 | Loss: 2.384185648907078e-08  | Negative Loss: 0.0
[Test ROC-AUC]  -  SA: 0.00000,  LA: 0.88881
[Test AUPRC]  -  LA: 0.82278
[Test F1-max]  -  LA: 0.77143
Epoch: 73 | Loss: 2.384185648907078e-08  | Negative Loss: 0.0
[Test ROC-AUC]  -  SA: 0.00000,  LA: 0.88881
[Test AUPRC]  -  LA: 0.82278
[Test F1-max]  -  LA: 0.77143
Epoch: 74 | Loss: 2.384185648907078e-08  | Negative Loss: 0.0
[Test ROC-AUC]  -  SA: 0.00000,  LA: 0.88881
[Test AUPRC]  -  LA: 0.82278
[Test F1-max]  -  LA: 0.77143
Epoch: 75 | Loss: 2.384185648907078e-08  | Negative Loss: 0.0
[Test ROC-AUC]  -  SA: 0.00000,  LA: 0.88881
[Test AUPRC]  -  LA: 0.82278
[Test F1-max]  -  LA: 0.77143
Epoch: 76 | Loss: 2.384185648907078e-08  | Negative Loss: 0.0
[Test ROC-AUC]  -  SA: 0.00000,  LA: 0.88881
[Test AUPRC]  -  LA: 0.82278
[Test F1-max]  -  LA: 0.77143
Epoch: 77 | Loss: 2.384185648907078e-08  | Negative Loss: 0.0
[Test ROC-AUC]  -  SA: 0.00000,  LA: 0.88881
[Test AUPRC]  -  LA: 0.82278
[Test F1-max]  -  LA: 0.77143
Epoch: 78 | Loss: 2.384185648907078e-08  | Negative Loss: 0.0
[Test ROC-AUC]  -  SA: 0.00000,  LA: 0.88881
[Test AUPRC]  -  LA: 0.82278
[Test F1-max]  -  LA: 0.77143
Epoch: 79 | Loss: 2.384185648907078e-08  | Negative Loss: 0.0
[Test ROC-AUC]  -  SA: 0.00000,  LA: 0.88881
[Test AUPRC]  -  LA: 0.82278
[Test F1-max]  -  LA: 0.77143
Epoch: 80 | Loss: 2.384185648907078e-08  | Negative Loss: 0.0
[Test ROC-AUC]  -  SA: 0.00000,  LA: 0.88881
[Test AUPRC]  -  LA: 0.82278
[Test F1-max]  -  LA: 0.77143
Epoch: 81 | Loss: 2.384185648907078e-08  | Negative Loss: 0.0
[Test ROC-AUC]  -  SA: 0.00000,  LA: 0.88881
[Test AUPRC]  -  LA: 0.82278
[Test F1-max]  -  LA: 0.77143
Epoch: 82 | Loss: 2.384185648907078e-08  | Negative Loss: 0.0
[Test ROC-AUC]  -  SA: 0.00000,  LA: 0.88881
[Test AUPRC]  -  LA: 0.82278
[Test F1-max]  -  LA: 0.77143
Epoch: 83 | Loss: 2.384185648907078e-08  | Negative Loss: 0.0
[Test ROC-AUC]  -  SA: 0.00000,  LA: 0.88881
[Test AUPRC]  -  LA: 0.82278
[Test F1-max]  -  LA: 0.77143
Epoch: 84 | Loss: 2.384185648907078e-08  | Negative Loss: 0.0
[Test ROC-AUC]  -  SA: 0.00000,  LA: 0.88881
[Test AUPRC]  -  LA: 0.82278
[Test F1-max]  -  LA: 0.77143
Epoch: 85 | Loss: 2.384185648907078e-08  | Negative Loss: 0.0
[Test ROC-AUC]  -  SA: 0.00000,  LA: 0.88881
[Test AUPRC]  -  LA: 0.82278
[Test F1-max]  -  LA: 0.77143
Epoch: 86 | Loss: 2.384185648907078e-08  | Negative Loss: 0.0
[Test ROC-AUC]  -  SA: 0.00000,  LA: 0.88881
[Test AUPRC]  -  LA: 0.82278
[Test F1-max]  -  LA: 0.77143
Epoch: 87 | Loss: 2.384185648907078e-08  | Negative Loss: 0.0
[Test ROC-AUC]  -  SA: 0.00000,  LA: 0.88881
[Test AUPRC]  -  LA: 0.82278
[Test F1-max]  -  LA: 0.77143
Epoch: 88 | Loss: 0.0  | Negative Loss: 0.0
Time consumption: 79.07912135124207
Best LA AUC: 0.88881069669247
Best LA AUPC: 0.8227817993856685
Best LA F1-max: 0.7714285714285715
[Result] Experiment result appended to ./results/train_hybrid_result.csv

[END] 2026-03-18 16:24:13
[RETURN CODE] 0
