[START] 2026-03-18 15:46:05
[GPU] 1
[INDEX] 29/40
[COMMAND] python train_hybrid.py --data_name screw_bag --mask True --text True --double_encoder True --few_shot True --shot 5 --hybrid_model promptad --hybrid_weight 0.3 --hybrid_batch_size 16 --epoch 100 --log True --lr 5e-4 --detection True --preprocess True

/home/seungeon/miniconda3/envs/LAB/lib/python3.10/site-packages/timm/models/layers/__init__.py:48: FutureWarning: Importing from timm.models.layers is deprecated, please import via timm.layers
  warnings.warn(f"Importing from {__name__} is deprecated, please import via timm.layers", FutureWarning)
/home/seungeon/Workspace/side/vlm/train_hybrid.py:18: DeprecationWarning: The distutils package is deprecated and slated for removal in Python 3.12. Use setuptools or check PEP 632 for potential alternatives
  from distutils.util import strtobool
Torch version: 2.9.1+cu128
cuda is loaded for process
here?
In my local computer
Namespace(epoch=100, gpu_number='0', data_name='screw_bag', lr=0.0005, batch_size=6, shuffle=True, seed=0, tag='default', model_name='ViT-B-32', pretrained_name='laion2b_s34b_b79k', lora=1, default=False, foundation='CLIP', detection=1, preprocess=1, num_rule=0, object_names=['long_bolt', 'short_bolt', 'hexagonal nut', 'round washer', 'plastic bag', 'background'], objects_for_rules=[['long_bolt', 'short_bolt'], ['short_bolt'], ['long_bolt'], ['hexagonal nut'], ['round washer']], texts_for_rules=[['two bolts'], ['short bolt'], ['long bolt'], ['hexagonal nut'], ['round washer']], mask=1, text=1, score='mean', ciriculam_learning=False, few_shot=1, shot=5, log=1, neg_loss=0, double_encoder=1, pretrained_count_path=None, ris=0, rule_select='', rule_list=[], num_negative=5, hybrid_model='promptad', hybrid_weight=0.3, hybrid_class_name='', hybrid_batch_size=16, hybrid_backbone='ViT-B-16-plus-240', hybrid_pretrained_dataset='laion400m_e32', hybrid_scales=[2, 3], hybrid_img_resize=240, hybrid_img_cropsize=240, hybrid_resolution=400, hybrid_promptad_epoch=100, hybrid_promptad_lr=0.002, hybrid_promptad_momentum=0.9, hybrid_promptad_weight_decay=0.0005, hybrid_promptad_eta_min=1e-05, hybrid_promptad_lambda1=0.001, hybrid_promptad_n_ctx=4, hybrid_promptad_n_pro=3, hybrid_promptad_n_ctx_ab=1, hybrid_promptad_n_pro_ab=4, early_stop_k=10, result_log_path='./results/train_hybrid_result.csv')
[Hybrid] method=promptad, class_name=screw_bag, train=5, eval=259, base_path=/data3/seungeon/data/image/mvtec_loco_anomaly_detection/screw_bag
[Hybrid-only] LA_AUC=0.61583, LA_AUPRC=0.53870, LA_F1=0.66873
[Data Description]
- Train: 5
- Test: 259

Train Start
[Test ROC-AUC]  -  SA: 0.00000,  LA: 0.53063
[Test AUPRC]  -  LA: 0.49508
[Test F1-max]  -  LA: 0.64865
Epoch: 0 | Loss: 10.381436347961426  | Negative Loss: 0.0
[Test ROC-AUC]  -  SA: 0.00000,  LA: 0.53009
[Test AUPRC]  -  LA: 0.49474
[Test F1-max]  -  LA: 0.64690
Epoch: 1 | Loss: 10.238608360290527  | Negative Loss: 0.0
[Test ROC-AUC]  -  SA: 0.00000,  LA: 0.52974
[Test AUPRC]  -  LA: 0.49444
[Test F1-max]  -  LA: 0.64674
Epoch: 2 | Loss: 8.920631408691406  | Negative Loss: 0.0
[Test ROC-AUC]  -  SA: 0.00000,  LA: 0.53739
[Test AUPRC]  -  LA: 0.49798
[Test F1-max]  -  LA: 0.65067
Epoch: 3 | Loss: 6.822675704956055  | Negative Loss: 0.0
[Test ROC-AUC]  -  SA: 0.00000,  LA: 0.54661
[Test AUPRC]  -  LA: 0.49866
[Test F1-max]  -  LA: 0.65405
Epoch: 4 | Loss: 4.442622184753418  | Negative Loss: 0.0
[Test ROC-AUC]  -  SA: 0.00000,  LA: 0.55498
[Test AUPRC]  -  LA: 0.50133
[Test F1-max]  -  LA: 0.64706
Epoch: 5 | Loss: 2.4517407417297363  | Negative Loss: 0.0
[Test ROC-AUC]  -  SA: 0.00000,  LA: 0.56486
[Test AUPRC]  -  LA: 0.51799
[Test F1-max]  -  LA: 0.64444
Epoch: 6 | Loss: 1.1674474477767944  | Negative Loss: 0.0
[Test ROC-AUC]  -  SA: 0.00000,  LA: 0.57563
[Test AUPRC]  -  LA: 0.52635
[Test F1-max]  -  LA: 0.64865
Epoch: 7 | Loss: 0.5032655000686646  | Negative Loss: 0.0
[Test ROC-AUC]  -  SA: 0.00000,  LA: 0.58251
[Test AUPRC]  -  LA: 0.53158
[Test F1-max]  -  LA: 0.64690
Epoch: 8 | Loss: 0.20576722919940948  | Negative Loss: 0.0
[Test ROC-AUC]  -  SA: 0.00000,  LA: 0.58690
[Test AUPRC]  -  LA: 0.53405
[Test F1-max]  -  LA: 0.64690
Epoch: 9 | Loss: 0.08339834213256836  | Negative Loss: 0.0
[Test ROC-AUC]  -  SA: 0.00000,  LA: 0.58406
[Test AUPRC]  -  LA: 0.53824
[Test F1-max]  -  LA: 0.64850
Epoch: 10 | Loss: 0.03426375985145569  | Negative Loss: 0.0
[Test ROC-AUC]  -  SA: 0.00000,  LA: 0.58346
[Test AUPRC]  -  LA: 0.54091
[Test F1-max]  -  LA: 0.65054
Epoch: 11 | Loss: 0.014421160332858562  | Negative Loss: 0.0
[Test ROC-AUC]  -  SA: 0.00000,  LA: 0.58113
[Test AUPRC]  -  LA: 0.53828
[Test F1-max]  -  LA: 0.64848
Epoch: 12 | Loss: 0.006245885509997606  | Negative Loss: 0.0
[Test ROC-AUC]  -  SA: 0.00000,  LA: 0.57449
[Test AUPRC]  -  LA: 0.53110
[Test F1-max]  -  LA: 0.64550
Epoch: 13 | Loss: 0.0027939998544752598  | Negative Loss: 0.0
[Test ROC-AUC]  -  SA: 0.00000,  LA: 0.57269
[Test AUPRC]  -  LA: 0.52460
[Test F1-max]  -  LA: 0.64624
Epoch: 14 | Loss: 0.001291335909627378  | Negative Loss: 0.0
[Test ROC-AUC]  -  SA: 0.00000,  LA: 0.57341
[Test AUPRC]  -  LA: 0.52405
[Test F1-max]  -  LA: 0.64804
Epoch: 15 | Loss: 0.0006153069552965462  | Negative Loss: 0.0
[Test ROC-AUC]  -  SA: 0.00000,  LA: 0.57557
[Test AUPRC]  -  LA: 0.52198
[Test F1-max]  -  LA: 0.64804
Epoch: 16 | Loss: 0.00030144400079734623  | Negative Loss: 0.0
[Test ROC-AUC]  -  SA: 0.00000,  LA: 0.57916
[Test AUPRC]  -  LA: 0.52421
[Test F1-max]  -  LA: 0.64723
Epoch: 17 | Loss: 0.00015246545081026852  | Negative Loss: 0.0
[Test ROC-AUC]  -  SA: 0.00000,  LA: 0.58023
[Test AUPRC]  -  LA: 0.52267
[Test F1-max]  -  LA: 0.64550
Epoch: 18 | Loss: 7.967859710333869e-05  | Negative Loss: 0.0
[Test ROC-AUC]  -  SA: 0.00000,  LA: 0.58245
[Test AUPRC]  -  LA: 0.52320
[Test F1-max]  -  LA: 0.64624
Epoch: 19 | Loss: 4.286739931558259e-05  | Negative Loss: 0.0
[Test ROC-AUC]  -  SA: 0.00000,  LA: 0.58651
[Test AUPRC]  -  LA: 0.52288
[Test F1-max]  -  LA: 0.64740
Epoch: 20 | Loss: 2.3746410079183988e-05  | Negative Loss: 0.0
[Test ROC-AUC]  -  SA: 0.00000,  LA: 0.59244
[Test AUPRC]  -  LA: 0.52606
[Test F1-max]  -  LA: 0.65689
Epoch: 21 | Loss: 1.366135802527424e-05  | Negative Loss: 0.0
[Test ROC-AUC]  -  SA: 0.00000,  LA: 0.59603
[Test AUPRC]  -  LA: 0.52857
[Test F1-max]  -  LA: 0.65889
Epoch: 22 | Loss: 8.058537787292153e-06  | Negative Loss: 0.0
[Test ROC-AUC]  -  SA: 0.00000,  LA: 0.59875
[Test AUPRC]  -  LA: 0.53628
[Test F1-max]  -  LA: 0.66276
Epoch: 23 | Loss: 4.863735284743598e-06  | Negative Loss: 0.0
[Test ROC-AUC]  -  SA: 0.00000,  LA: 0.60066
[Test AUPRC]  -  LA: 0.53562
[Test F1-max]  -  LA: 0.66469
Epoch: 24 | Loss: 3.0279147722467314e-06  | Negative Loss: 0.0
[Test ROC-AUC]  -  SA: 0.00000,  LA: 0.60261
[Test AUPRC]  -  LA: 0.53021
[Test F1-max]  -  LA: 0.66469
Epoch: 25 | Loss: 1.9788735698966775e-06  | Negative Loss: 0.0
[Test ROC-AUC]  -  SA: 0.00000,  LA: 0.60434
[Test AUPRC]  -  LA: 0.53256
[Test F1-max]  -  LA: 0.66082
Epoch: 26 | Loss: 1.2636181736525032e-06  | Negative Loss: 0.0
[Test ROC-AUC]  -  SA: 0.00000,  LA: 0.60719
[Test AUPRC]  -  LA: 0.53504
[Test F1-max]  -  LA: 0.66276
Epoch: 27 | Loss: 8.583067483414197e-07  | Negative Loss: 0.0
[Test ROC-AUC]  -  SA: 0.00000,  LA: 0.60931
[Test AUPRC]  -  LA: 0.53714
[Test F1-max]  -  LA: 0.65889
Epoch: 28 | Loss: 5.960463340670685e-07  | Negative Loss: 0.0
[Test ROC-AUC]  -  SA: 0.00000,  LA: 0.61128
[Test AUPRC]  -  LA: 0.53770
[Test F1-max]  -  LA: 0.65882
Epoch: 29 | Loss: 4.7683712978141557e-07  | Negative Loss: 0.0
[Test ROC-AUC]  -  SA: 0.00000,  LA: 0.61401
[Test AUPRC]  -  LA: 0.53925
[Test F1-max]  -  LA: 0.65689
Epoch: 30 | Loss: 3.0994411304163805e-07  | Negative Loss: 0.0
[Test ROC-AUC]  -  SA: 0.00000,  LA: 0.61398
[Test AUPRC]  -  LA: 0.53750
[Test F1-max]  -  LA: 0.65689
Epoch: 31 | Loss: 2.1457671550706436e-07  | Negative Loss: 0.0
[Test ROC-AUC]  -  SA: 0.00000,  LA: 0.61511
[Test AUPRC]  -  LA: 0.53790
[Test F1-max]  -  LA: 0.65517
Epoch: 32 | Loss: 1.1920928244535389e-07  | Negative Loss: 0.0
[Test ROC-AUC]  -  SA: 0.00000,  LA: 0.61598
[Test AUPRC]  -  LA: 0.53737
[Test F1-max]  -  LA: 0.65517
Epoch: 33 | Loss: 9.536742595628311e-08  | Negative Loss: 0.0
[Test ROC-AUC]  -  SA: 0.00000,  LA: 0.61688
[Test AUPRC]  -  LA: 0.53801
[Test F1-max]  -  LA: 0.65635
Epoch: 34 | Loss: 4.768371297814156e-08  | Negative Loss: 0.0
[Test ROC-AUC]  -  SA: 0.00000,  LA: 0.61757
[Test AUPRC]  -  LA: 0.53830
[Test F1-max]  -  LA: 0.65635
Epoch: 35 | Loss: 0.0  | Negative Loss: 0.0
Time consumption: 62.9460825920105
Best LA AUC: 0.6175661122412348
Best LA AUPC: 0.5409078855773504
Best LA F1-max: 0.6646884272997033
[Result] Experiment result appended to ./results/train_hybrid_result.csv

[END] 2026-03-18 15:49:16
[RETURN CODE] 0
