[START] 2026-03-18 16:00:50
[GPU] 1
[INDEX] 33/40
[COMMAND] python train_hybrid.py --data_name orange_juice --mask True --text True --double_encoder True --few_shot True --shot 5 --hybrid_model promptad --hybrid_weight 0.3 --hybrid_batch_size 16 --epoch 100 --log True --lr 5e-4 --detection True --preprocess True

/home/seungeon/miniconda3/envs/LAB/lib/python3.10/site-packages/timm/models/layers/__init__.py:48: FutureWarning: Importing from timm.models.layers is deprecated, please import via timm.layers
  warnings.warn(f"Importing from {__name__} is deprecated, please import via timm.layers", FutureWarning)
/home/seungeon/Workspace/side/vlm/train_hybrid.py:18: DeprecationWarning: The distutils package is deprecated and slated for removal in Python 3.12. Use setuptools or check PEP 632 for potential alternatives
  from distutils.util import strtobool
Torch version: 2.9.1+cu128
cuda is loaded for process
here?
In my local computer
Namespace(epoch=100, gpu_number='0', data_name='orange_juice', lr=0.0005, batch_size=6, shuffle=True, seed=0, tag='default', model_name='ViT-B-32', pretrained_name='laion2b_s34b_b79k', lora=1, default=False, foundation='CLIP', detection=1, preprocess=1, num_rule=0, object_names=['a orange picture label', 'a 100% text label', 'a bottle cap', 'a black background'], objects_for_rules=[['a orange picture label'], ['a orange picture label', 'a 100% text label'], ['a orange picture label'], ['a 100% text label'], ['a orange picture label', 'a 100% text label']], texts_for_rules=[['a photo of orange picture label'], ['a photo of orange picture label and 100% text label'], ['a photo of orange picture label'], ['a photo of 100% text label'], ['a photo of orange picture label and 100% text label']], mask=1, text=1, score='mean', ciriculam_learning=False, few_shot=1, shot=5, log=1, neg_loss=0, double_encoder=1, pretrained_count_path=None, ris=0, rule_select='', rule_list=[], num_negative=5, hybrid_model='promptad', hybrid_weight=0.3, hybrid_class_name='', hybrid_batch_size=16, hybrid_backbone='ViT-B-16-plus-240', hybrid_pretrained_dataset='laion400m_e32', hybrid_scales=[2, 3], hybrid_img_resize=240, hybrid_img_cropsize=240, hybrid_resolution=400, hybrid_promptad_epoch=100, hybrid_promptad_lr=0.002, hybrid_promptad_momentum=0.9, hybrid_promptad_weight_decay=0.0005, hybrid_promptad_eta_min=1e-05, hybrid_promptad_lambda1=0.001, hybrid_promptad_n_ctx=4, hybrid_promptad_n_pro=3, hybrid_promptad_n_ctx_ab=1, hybrid_promptad_n_pro_ab=4, early_stop_k=10, result_log_path='./results/train_hybrid_result.csv')
[Hybrid] method=promptad, class_name=juice_bottle, train=5, eval=78, base_path=/data3/seungeon/data/image/mvtec_loco_anomaly_detection/orange_juice
[Hybrid-only] LA_AUC=0.89268, LA_AUPRC=0.78298, LA_F1=0.82353
[Data Description]
- Train: 5
- Test: 78

Train Start
[Test ROC-AUC]  -  SA: 0.00000,  LA: 0.68614
[Test AUPRC]  -  LA: 0.53001
[Test F1-max]  -  LA: 0.65169
Epoch: 0 | Loss: 15.787466049194336  | Negative Loss: 0.0
[Test ROC-AUC]  -  SA: 0.00000,  LA: 0.69317
[Test AUPRC]  -  LA: 0.53419
[Test F1-max]  -  LA: 0.65169
Epoch: 1 | Loss: 15.674720764160156  | Negative Loss: 0.0
[Test ROC-AUC]  -  SA: 0.00000,  LA: 0.76918
[Test AUPRC]  -  LA: 0.63637
[Test F1-max]  -  LA: 0.70886
Epoch: 2 | Loss: 14.480594635009766  | Negative Loss: 0.0
[Test ROC-AUC]  -  SA: 0.00000,  LA: 0.84659
[Test AUPRC]  -  LA: 0.75822
[Test F1-max]  -  LA: 0.74359
Epoch: 3 | Loss: 12.425552368164062  | Negative Loss: 0.0
[Test ROC-AUC]  -  SA: 0.00000,  LA: 0.89163
[Test AUPRC]  -  LA: 0.82303
[Test F1-max]  -  LA: 0.79452
Epoch: 4 | Loss: 9.805721282958984  | Negative Loss: 0.0
[Test ROC-AUC]  -  SA: 0.00000,  LA: 0.90711
[Test AUPRC]  -  LA: 0.85071
[Test F1-max]  -  LA: 0.82857
Epoch: 5 | Loss: 7.054465293884277  | Negative Loss: 0.0
[Test ROC-AUC]  -  SA: 0.00000,  LA: 0.90570
[Test AUPRC]  -  LA: 0.83925
[Test F1-max]  -  LA: 0.81690
Epoch: 6 | Loss: 4.567811489105225  | Negative Loss: 0.0
[Test ROC-AUC]  -  SA: 0.00000,  LA: 0.90077
[Test AUPRC]  -  LA: 0.82249
[Test F1-max]  -  LA: 0.81159
Epoch: 7 | Loss: 2.689985990524292  | Negative Loss: 0.0
[Test ROC-AUC]  -  SA: 0.00000,  LA: 0.90289
[Test AUPRC]  -  LA: 0.82172
[Test F1-max]  -  LA: 0.80000
Epoch: 8 | Loss: 1.5694581270217896  | Negative Loss: 0.0
[Test ROC-AUC]  -  SA: 0.00000,  LA: 0.90429
[Test AUPRC]  -  LA: 0.81936
[Test F1-max]  -  LA: 0.81159
Epoch: 9 | Loss: 0.9348647594451904  | Negative Loss: 0.0
[Test ROC-AUC]  -  SA: 0.00000,  LA: 0.91485
[Test AUPRC]  -  LA: 0.84013
[Test F1-max]  -  LA: 0.83077
Epoch: 10 | Loss: 0.5376158356666565  | Negative Loss: 0.0
[Test ROC-AUC]  -  SA: 0.00000,  LA: 0.91203
[Test AUPRC]  -  LA: 0.84017
[Test F1-max]  -  LA: 0.80556
Epoch: 11 | Loss: 0.28661054372787476  | Negative Loss: 0.0
[Test ROC-AUC]  -  SA: 0.00000,  LA: 0.91063
[Test AUPRC]  -  LA: 0.84291
[Test F1-max]  -  LA: 0.81159
Epoch: 12 | Loss: 0.13924331963062286  | Negative Loss: 0.0
[Test ROC-AUC]  -  SA: 0.00000,  LA: 0.91274
[Test AUPRC]  -  LA: 0.85181
[Test F1-max]  -  LA: 0.81159
Epoch: 13 | Loss: 0.0628858208656311  | Negative Loss: 0.0
[Test ROC-AUC]  -  SA: 0.00000,  LA: 0.91203
[Test AUPRC]  -  LA: 0.85670
[Test F1-max]  -  LA: 0.79452
Epoch: 14 | Loss: 0.027356378734111786  | Negative Loss: 0.0
[Test ROC-AUC]  -  SA: 0.00000,  LA: 0.90992
[Test AUPRC]  -  LA: 0.85370
[Test F1-max]  -  LA: 0.79452
Epoch: 15 | Loss: 0.011762091889977455  | Negative Loss: 0.0
[Test ROC-AUC]  -  SA: 0.00000,  LA: 0.90852
[Test AUPRC]  -  LA: 0.85030
[Test F1-max]  -  LA: 0.80556
Epoch: 16 | Loss: 0.00507543096318841  | Negative Loss: 0.0
[Test ROC-AUC]  -  SA: 0.00000,  LA: 0.90992
[Test AUPRC]  -  LA: 0.85027
[Test F1-max]  -  LA: 0.82857
Epoch: 17 | Loss: 0.0022160233929753304  | Negative Loss: 0.0
[Test ROC-AUC]  -  SA: 0.00000,  LA: 0.90992
[Test AUPRC]  -  LA: 0.84848
[Test F1-max]  -  LA: 0.81159
Epoch: 18 | Loss: 0.000985410064458847  | Negative Loss: 0.0
[Test ROC-AUC]  -  SA: 0.00000,  LA: 0.90992
[Test AUPRC]  -  LA: 0.85241
[Test F1-max]  -  LA: 0.80556
Epoch: 19 | Loss: 0.0004487978294491768  | Negative Loss: 0.0
[Test ROC-AUC]  -  SA: 0.00000,  LA: 0.91274
[Test AUPRC]  -  LA: 0.85681
[Test F1-max]  -  LA: 0.80556
Epoch: 20 | Loss: 0.00021019788982812315  | Negative Loss: 0.0
[Test ROC-AUC]  -  SA: 0.00000,  LA: 0.91555
[Test AUPRC]  -  LA: 0.86104
[Test F1-max]  -  LA: 0.81159
Epoch: 21 | Loss: 0.00010146732529392466  | Negative Loss: 0.0
[Test ROC-AUC]  -  SA: 0.00000,  LA: 0.91977
[Test AUPRC]  -  LA: 0.86768
[Test F1-max]  -  LA: 0.82857
Epoch: 22 | Loss: 5.068690370535478e-05  | Negative Loss: 0.0
[Test ROC-AUC]  -  SA: 0.00000,  LA: 0.91977
[Test AUPRC]  -  LA: 0.86768
[Test F1-max]  -  LA: 0.82857
Epoch: 23 | Loss: 2.6106603399966843e-05  | Negative Loss: 0.0
[Test ROC-AUC]  -  SA: 0.00000,  LA: 0.92189
[Test AUPRC]  -  LA: 0.87275
[Test F1-max]  -  LA: 0.82857
Epoch: 24 | Loss: 1.3923579899710603e-05  | Negative Loss: 0.0
[Test ROC-AUC]  -  SA: 0.00000,  LA: 0.92400
[Test AUPRC]  -  LA: 0.87882
[Test F1-max]  -  LA: 0.82857
Epoch: 25 | Loss: 7.700900823692791e-06  | Negative Loss: 0.0
[Test ROC-AUC]  -  SA: 0.00000,  LA: 0.92470
[Test AUPRC]  -  LA: 0.87946
[Test F1-max]  -  LA: 0.82857
Epoch: 26 | Loss: 4.410737346915994e-06  | Negative Loss: 0.0
[Test ROC-AUC]  -  SA: 0.00000,  LA: 0.92822
[Test AUPRC]  -  LA: 0.88443
[Test F1-max]  -  LA: 0.82857
Epoch: 27 | Loss: 2.5987606022681575e-06  | Negative Loss: 0.0
[Test ROC-AUC]  -  SA: 0.00000,  LA: 0.92963
[Test AUPRC]  -  LA: 0.88663
[Test F1-max]  -  LA: 0.82857
Epoch: 28 | Loss: 1.6450874227302847e-06  | Negative Loss: 0.0
[Test ROC-AUC]  -  SA: 0.00000,  LA: 0.92963
[Test AUPRC]  -  LA: 0.88663
[Test F1-max]  -  LA: 0.82857
Epoch: 29 | Loss: 9.298321401729481e-07  | Negative Loss: 0.0
[Test ROC-AUC]  -  SA: 0.00000,  LA: 0.93033
[Test AUPRC]  -  LA: 0.88814
[Test F1-max]  -  LA: 0.82857
Epoch: 30 | Loss: 6.437300612560648e-07  | Negative Loss: 0.0
[Test ROC-AUC]  -  SA: 0.00000,  LA: 0.93103
[Test AUPRC]  -  LA: 0.89052
[Test F1-max]  -  LA: 0.82857
Epoch: 31 | Loss: 3.81469675403423e-07  | Negative Loss: 0.0
[Test ROC-AUC]  -  SA: 0.00000,  LA: 0.93174
[Test AUPRC]  -  LA: 0.89121
[Test F1-max]  -  LA: 0.82857
Epoch: 32 | Loss: 2.3841855067985307e-07  | Negative Loss: 0.0
[Test ROC-AUC]  -  SA: 0.00000,  LA: 0.93315
[Test AUPRC]  -  LA: 0.89303
[Test F1-max]  -  LA: 0.84058
Epoch: 33 | Loss: 1.668929883180681e-07  | Negative Loss: 0.0
[Test ROC-AUC]  -  SA: 0.00000,  LA: 0.93385
[Test AUPRC]  -  LA: 0.89376
[Test F1-max]  -  LA: 0.84058
Epoch: 34 | Loss: 7.152556946721234e-08  | Negative Loss: 0.0
[Test ROC-AUC]  -  SA: 0.00000,  LA: 0.93455
[Test AUPRC]  -  LA: 0.89454
[Test F1-max]  -  LA: 0.84058
Epoch: 35 | Loss: 4.768371297814156e-08  | Negative Loss: 0.0
[Test ROC-AUC]  -  SA: 0.00000,  LA: 0.93596
[Test AUPRC]  -  LA: 0.89588
[Test F1-max]  -  LA: 0.84058
Epoch: 36 | Loss: 4.768371297814156e-08  | Negative Loss: 0.0
[Test ROC-AUC]  -  SA: 0.00000,  LA: 0.93737
[Test AUPRC]  -  LA: 0.89788
[Test F1-max]  -  LA: 0.84058
Epoch: 37 | Loss: 2.384185648907078e-08  | Negative Loss: 0.0
[Test ROC-AUC]  -  SA: 0.00000,  LA: 0.93878
[Test AUPRC]  -  LA: 0.90064
[Test F1-max]  -  LA: 0.84058
Epoch: 38 | Loss: 2.384185648907078e-08  | Negative Loss: 0.0
[Test ROC-AUC]  -  SA: 0.00000,  LA: 0.93948
[Test AUPRC]  -  LA: 0.90136
[Test F1-max]  -  LA: 0.84058
Epoch: 39 | Loss: 0.0  | Negative Loss: 0.0
Time consumption: 35.76842522621155
Best LA AUC: 0.9394792399718508
Best LA AUPC: 0.9013607307966416
Best LA F1-max: 0.8405797101449275
[Result] Experiment result appended to ./results/train_hybrid_result.csv

[END] 2026-03-18 16:03:10
[RETURN CODE] 0
