[START] 2026-03-18 21:22:11
[GPU] 0
[TASK] 49/60
[NAME] yellow_splicing_promptad
[REPEAT] 9/10
[COMMAND] python train_hybrid.py --data_name yellow_splicing --mask True --text True --double_encoder True --few_shot True --shot 1 --hybrid_model promptad --hybrid_weight 0.3 --hybrid_batch_size 16 --epoch 100 --log True --lr 5e-4 --detection True --preprocess True

/home/seungeon/miniconda3/envs/LAB/lib/python3.10/site-packages/timm/models/layers/__init__.py:48: FutureWarning: Importing from timm.models.layers is deprecated, please import via timm.layers
  warnings.warn(f"Importing from {__name__} is deprecated, please import via timm.layers", FutureWarning)
/home/seungeon/Workspace/side/vlm/train_hybrid.py:18: DeprecationWarning: The distutils package is deprecated and slated for removal in Python 3.12. Use setuptools or check PEP 632 for potential alternatives
  from distutils.util import strtobool
Torch version: 2.9.1+cu128
cuda is loaded for process
here?
In my local computer
Namespace(epoch=100, gpu_number='0', data_name='yellow_splicing', lr=0.0005, batch_size=6, shuffle=True, seed=0, tag='default', model_name='ViT-B-32', pretrained_name='laion2b_s34b_b79k', lora=1, default=False, foundation='CLIP', detection=1, preprocess=1, num_rule=0, object_names=['a photo of orange connector', 'a photo of yellow cable', 'a photo of red cable', 'a photo of blue cable', 'a photo of metal panel'], objects_for_rules=[['a photo of orange connector'], ['a photo of orange connector'], ['a photo of yellow cable'], ['a photo of yellow cable'], ['a photo of orange connector'], ['a photo of orange connector', 'a photo of yellow cable']], texts_for_rules=[['a photo of orange connector'], ['a photo of orange connector'], ['a photo of yellow cable'], ['a photo of yellow cable'], ['a photo of orange connector'], ['a photo of orange connector and yellow cable']], mask=1, text=1, score='mean', ciriculam_learning=False, few_shot=1, shot=1, log=1, neg_loss=0, double_encoder=1, pretrained_count_path=None, ris=0, rule_select='', rule_list=[], num_negative=5, hybrid_model='promptad', hybrid_weight=0.3, hybrid_class_name='', hybrid_batch_size=16, hybrid_backbone='ViT-B-16-plus-240', hybrid_pretrained_dataset='laion400m_e32', hybrid_scales=[2, 3], hybrid_img_resize=240, hybrid_img_cropsize=240, hybrid_resolution=400, hybrid_promptad_epoch=100, hybrid_promptad_lr=0.002, hybrid_promptad_momentum=0.9, hybrid_promptad_weight_decay=0.0005, hybrid_promptad_eta_min=1e-05, hybrid_promptad_lambda1=0.001, hybrid_promptad_n_ctx=4, hybrid_promptad_n_pro=3, hybrid_promptad_n_ctx_ab=1, hybrid_promptad_n_pro_ab=4, early_stop_k=10, result_log_path='./results/train_hybrid_result.csv')
[Hybrid] method=promptad, class_name=splicing_connectors, train=1, eval=68, base_path=/data3/seungeon/data/image/mvtec_loco_anomaly_detection/yellow_splicing
[Hybrid-only] LA_AUC=0.67551, LA_AUPRC=0.70768, LA_F1=0.75789
[Data Description]
- Train: 1
- Test: 68

Train Start
[Test ROC-AUC]  -  SA: 0.00000,  LA: 0.48364
[Test AUPRC]  -  LA: 0.55645
[Test F1-max]  -  LA: 0.72897
Epoch: 0 | Loss: 11.22258186340332  | Negative Loss: 0.0
[Test ROC-AUC]  -  SA: 0.00000,  LA: 0.48983
[Test AUPRC]  -  LA: 0.56056
[Test F1-max]  -  LA: 0.72897
Epoch: 1 | Loss: 11.136040687561035  | Negative Loss: 0.0
[Test ROC-AUC]  -  SA: 0.00000,  LA: 0.51194
[Test AUPRC]  -  LA: 0.57449
[Test F1-max]  -  LA: 0.72897
Epoch: 2 | Loss: 10.141687393188477  | Negative Loss: 0.0
[Test ROC-AUC]  -  SA: 0.00000,  LA: 0.54288
[Test AUPRC]  -  LA: 0.59972
[Test F1-max]  -  LA: 0.73786
Epoch: 3 | Loss: 8.665529251098633  | Negative Loss: 0.0
[Test ROC-AUC]  -  SA: 0.00000,  LA: 0.57206
[Test AUPRC]  -  LA: 0.65152
[Test F1-max]  -  LA: 0.75248
Epoch: 4 | Loss: 7.025076866149902  | Negative Loss: 0.0
[Test ROC-AUC]  -  SA: 0.00000,  LA: 0.59151
[Test AUPRC]  -  LA: 0.70026
[Test F1-max]  -  LA: 0.74510
Epoch: 5 | Loss: 5.495913982391357  | Negative Loss: 0.0
[Test ROC-AUC]  -  SA: 0.00000,  LA: 0.60566
[Test AUPRC]  -  LA: 0.73227
[Test F1-max]  -  LA: 0.75728
Epoch: 6 | Loss: 4.181852340698242  | Negative Loss: 0.0
[Test ROC-AUC]  -  SA: 0.00000,  LA: 0.60256
[Test AUPRC]  -  LA: 0.73428
[Test F1-max]  -  LA: 0.76471
Epoch: 7 | Loss: 3.1120243072509766  | Negative Loss: 0.0
[Test ROC-AUC]  -  SA: 0.00000,  LA: 0.61008
[Test AUPRC]  -  LA: 0.73802
[Test F1-max]  -  LA: 0.76471
Epoch: 8 | Loss: 2.287480115890503  | Negative Loss: 0.0
[Test ROC-AUC]  -  SA: 0.00000,  LA: 0.61362
[Test AUPRC]  -  LA: 0.73794
[Test F1-max]  -  LA: 0.76471
Epoch: 9 | Loss: 1.6616220474243164  | Negative Loss: 0.0
[Test ROC-AUC]  -  SA: 0.00000,  LA: 0.61362
[Test AUPRC]  -  LA: 0.73437
[Test F1-max]  -  LA: 0.77228
Epoch: 10 | Loss: 1.1989104747772217  | Negative Loss: 0.0
[Test ROC-AUC]  -  SA: 0.00000,  LA: 0.61538
[Test AUPRC]  -  LA: 0.73455
[Test F1-max]  -  LA: 0.76471
Epoch: 11 | Loss: 0.8498305678367615  | Negative Loss: 0.0
[Test ROC-AUC]  -  SA: 0.00000,  LA: 0.62246
[Test AUPRC]  -  LA: 0.74023
[Test F1-max]  -  LA: 0.76768
Epoch: 12 | Loss: 0.5902079343795776  | Negative Loss: 0.0
[Test ROC-AUC]  -  SA: 0.00000,  LA: 0.62688
[Test AUPRC]  -  LA: 0.74155
[Test F1-max]  -  LA: 0.76768
Epoch: 13 | Loss: 0.39897391200065613  | Negative Loss: 0.0
[Test ROC-AUC]  -  SA: 0.00000,  LA: 0.63749
[Test AUPRC]  -  LA: 0.74791
[Test F1-max]  -  LA: 0.76768
Epoch: 14 | Loss: 0.2632138133049011  | Negative Loss: 0.0
[Test ROC-AUC]  -  SA: 0.00000,  LA: 0.64191
[Test AUPRC]  -  LA: 0.75083
[Test F1-max]  -  LA: 0.76768
Epoch: 15 | Loss: 0.17236369848251343  | Negative Loss: 0.0
[Test ROC-AUC]  -  SA: 0.00000,  LA: 0.64810
[Test AUPRC]  -  LA: 0.75345
[Test F1-max]  -  LA: 0.76768
Epoch: 16 | Loss: 0.11166517436504364  | Negative Loss: 0.0
[Test ROC-AUC]  -  SA: 0.00000,  LA: 0.65959
[Test AUPRC]  -  LA: 0.76014
[Test F1-max]  -  LA: 0.77551
Epoch: 17 | Loss: 0.07176955044269562  | Negative Loss: 0.0
[Test ROC-AUC]  -  SA: 0.00000,  LA: 0.66578
[Test AUPRC]  -  LA: 0.76025
[Test F1-max]  -  LA: 0.77551
Epoch: 18 | Loss: 0.04601489007472992  | Negative Loss: 0.0
[Test ROC-AUC]  -  SA: 0.00000,  LA: 0.66844
[Test AUPRC]  -  LA: 0.76042
[Test F1-max]  -  LA: 0.78351
Epoch: 19 | Loss: 0.02956688404083252  | Negative Loss: 0.0
[Test ROC-AUC]  -  SA: 0.00000,  LA: 0.67020
[Test AUPRC]  -  LA: 0.76030
[Test F1-max]  -  LA: 0.78351
Epoch: 20 | Loss: 0.01909656450152397  | Negative Loss: 0.0
[Test ROC-AUC]  -  SA: 0.00000,  LA: 0.66932
[Test AUPRC]  -  LA: 0.75531
[Test F1-max]  -  LA: 0.79167
Epoch: 21 | Loss: 0.012410370633006096  | Negative Loss: 0.0
[Test ROC-AUC]  -  SA: 0.00000,  LA: 0.67197
[Test AUPRC]  -  LA: 0.75573
[Test F1-max]  -  LA: 0.79570
Epoch: 22 | Loss: 0.008153918199241161  | Negative Loss: 0.0
[Test ROC-AUC]  -  SA: 0.00000,  LA: 0.67551
[Test AUPRC]  -  LA: 0.75829
[Test F1-max]  -  LA: 0.80000
Epoch: 23 | Loss: 0.005427925381809473  | Negative Loss: 0.0
[Test ROC-AUC]  -  SA: 0.00000,  LA: 0.68081
[Test AUPRC]  -  LA: 0.76070
[Test F1-max]  -  LA: 0.80000
Epoch: 24 | Loss: 0.0036565586924552917  | Negative Loss: 0.0
[Test ROC-AUC]  -  SA: 0.00000,  LA: 0.67949
[Test AUPRC]  -  LA: 0.75742
[Test F1-max]  -  LA: 0.79592
Epoch: 25 | Loss: 0.0024977182038128376  | Negative Loss: 0.0
[Test ROC-AUC]  -  SA: 0.00000,  LA: 0.67993
[Test AUPRC]  -  LA: 0.75589
[Test F1-max]  -  LA: 0.79592
Epoch: 26 | Loss: 0.0017311973497271538  | Negative Loss: 0.0
[Test ROC-AUC]  -  SA: 0.00000,  LA: 0.67728
[Test AUPRC]  -  LA: 0.75226
[Test F1-max]  -  LA: 0.79592
Epoch: 27 | Loss: 0.0012185154482722282  | Negative Loss: 0.0
[Test ROC-AUC]  -  SA: 0.00000,  LA: 0.67462
[Test AUPRC]  -  LA: 0.74792
[Test F1-max]  -  LA: 0.80412
Epoch: 28 | Loss: 0.0008719281759113073  | Negative Loss: 0.0
[Test ROC-AUC]  -  SA: 0.00000,  LA: 0.67639
[Test AUPRC]  -  LA: 0.74882
[Test F1-max]  -  LA: 0.80412
Epoch: 29 | Loss: 0.0006346786976791918  | Negative Loss: 0.0
[Test ROC-AUC]  -  SA: 0.00000,  LA: 0.67728
[Test AUPRC]  -  LA: 0.74672
[Test F1-max]  -  LA: 0.80412
Epoch: 30 | Loss: 0.000469742517452687  | Negative Loss: 0.0
[Test ROC-AUC]  -  SA: 0.00000,  LA: 0.68170
[Test AUPRC]  -  LA: 0.75007
[Test F1-max]  -  LA: 0.80412
Epoch: 31 | Loss: 0.0003543740604072809  | Negative Loss: 0.0
[Test ROC-AUC]  -  SA: 0.00000,  LA: 0.68435
[Test AUPRC]  -  LA: 0.75167
[Test F1-max]  -  LA: 0.80412
Epoch: 32 | Loss: 0.00027177634183317423  | Negative Loss: 0.0
[Test ROC-AUC]  -  SA: 0.00000,  LA: 0.68258
[Test AUPRC]  -  LA: 0.74872
[Test F1-max]  -  LA: 0.80412
Epoch: 33 | Loss: 0.00021217978792265058  | Negative Loss: 0.0
[Test ROC-AUC]  -  SA: 0.00000,  LA: 0.68435
[Test AUPRC]  -  LA: 0.75142
[Test F1-max]  -  LA: 0.80412
Epoch: 34 | Loss: 0.00016819627489894629  | Negative Loss: 0.0
[Test ROC-AUC]  -  SA: 0.00000,  LA: 0.68700
[Test AUPRC]  -  LA: 0.75390
[Test F1-max]  -  LA: 0.80412
Epoch: 35 | Loss: 0.00013517811021301895  | Negative Loss: 0.0
[Test ROC-AUC]  -  SA: 0.00000,  LA: 0.68700
[Test AUPRC]  -  LA: 0.75390
[Test F1-max]  -  LA: 0.80412
Epoch: 36 | Loss: 0.0001103842951124534  | Negative Loss: 0.0
[Test ROC-AUC]  -  SA: 0.00000,  LA: 0.68789
[Test AUPRC]  -  LA: 0.75424
[Test F1-max]  -  LA: 0.80412
Epoch: 37 | Loss: 9.119270544033498e-05  | Negative Loss: 0.0
[Test ROC-AUC]  -  SA: 0.00000,  LA: 0.68877
[Test AUPRC]  -  LA: 0.75347
[Test F1-max]  -  LA: 0.80412
Epoch: 38 | Loss: 7.653066859347746e-05  | Negative Loss: 0.0
[Test ROC-AUC]  -  SA: 0.00000,  LA: 0.68966
[Test AUPRC]  -  LA: 0.75566
[Test F1-max]  -  LA: 0.80412
Epoch: 39 | Loss: 6.520625902339816e-05  | Negative Loss: 0.0
[Test ROC-AUC]  -  SA: 0.00000,  LA: 0.69231
[Test AUPRC]  -  LA: 0.75671
[Test F1-max]  -  LA: 0.80435
Epoch: 40 | Loss: 5.590825094259344e-05  | Negative Loss: 0.0
[Test ROC-AUC]  -  SA: 0.00000,  LA: 0.69231
[Test AUPRC]  -  LA: 0.75644
[Test F1-max]  -  LA: 0.80435
Epoch: 41 | Loss: 4.87559154862538e-05  | Negative Loss: 0.0
[Test ROC-AUC]  -  SA: 0.00000,  LA: 0.69408
[Test AUPRC]  -  LA: 0.75714
[Test F1-max]  -  LA: 0.80435
Epoch: 42 | Loss: 4.267639815225266e-05  | Negative Loss: 0.0
[Test ROC-AUC]  -  SA: 0.00000,  LA: 0.69408
[Test AUPRC]  -  LA: 0.75714
[Test F1-max]  -  LA: 0.80435
Epoch: 43 | Loss: 3.790813934756443e-05  | Negative Loss: 0.0
[Test ROC-AUC]  -  SA: 0.00000,  LA: 0.69319
[Test AUPRC]  -  LA: 0.75495
[Test F1-max]  -  LA: 0.80435
Epoch: 44 | Loss: 3.385510353837162e-05  | Negative Loss: 0.0
[Test ROC-AUC]  -  SA: 0.00000,  LA: 0.69408
[Test AUPRC]  -  LA: 0.75569
[Test F1-max]  -  LA: 0.80435
Epoch: 45 | Loss: 3.075572385569103e-05  | Negative Loss: 0.0
[Test ROC-AUC]  -  SA: 0.00000,  LA: 0.69496
[Test AUPRC]  -  LA: 0.75612
[Test F1-max]  -  LA: 0.80435
Epoch: 46 | Loss: 2.7894748200196773e-05  | Negative Loss: 0.0
[Test ROC-AUC]  -  SA: 0.00000,  LA: 0.69496
[Test AUPRC]  -  LA: 0.75612
[Test F1-max]  -  LA: 0.80435
Epoch: 47 | Loss: 2.551059878896922e-05  | Negative Loss: 0.0
[Test ROC-AUC]  -  SA: 0.00000,  LA: 0.69496
[Test AUPRC]  -  LA: 0.75612
[Test F1-max]  -  LA: 0.80435
Epoch: 48 | Loss: 2.3603279259987175e-05  | Negative Loss: 0.0
[Test ROC-AUC]  -  SA: 0.00000,  LA: 0.69496
[Test AUPRC]  -  LA: 0.75612
[Test F1-max]  -  LA: 0.80435
Epoch: 49 | Loss: 2.193437103414908e-05  | Negative Loss: 0.0
[Test ROC-AUC]  -  SA: 0.00000,  LA: 0.69496
[Test AUPRC]  -  LA: 0.75490
[Test F1-max]  -  LA: 0.80435
Epoch: 50 | Loss: 2.0623087038984522e-05  | Negative Loss: 0.0
[Test ROC-AUC]  -  SA: 0.00000,  LA: 0.69496
[Test AUPRC]  -  LA: 0.75316
[Test F1-max]  -  LA: 0.80435
Epoch: 51 | Loss: 1.9192590116290376e-05  | Negative Loss: 0.0
[Test ROC-AUC]  -  SA: 0.00000,  LA: 0.69673
[Test AUPRC]  -  LA: 0.75402
[Test F1-max]  -  LA: 0.80435
Epoch: 52 | Loss: 1.811971924325917e-05  | Negative Loss: 0.0
[Test ROC-AUC]  -  SA: 0.00000,  LA: 0.69584
[Test AUPRC]  -  LA: 0.75368
[Test F1-max]  -  LA: 0.80412
Epoch: 53 | Loss: 1.7166054021799937e-05  | Negative Loss: 0.0
[Test ROC-AUC]  -  SA: 0.00000,  LA: 0.69673
[Test AUPRC]  -  LA: 0.75405
[Test F1-max]  -  LA: 0.80412
Epoch: 54 | Loss: 1.6331596270902082e-05  | Negative Loss: 0.0
[Test ROC-AUC]  -  SA: 0.00000,  LA: 0.69761
[Test AUPRC]  -  LA: 0.75462
[Test F1-max]  -  LA: 0.80412
Epoch: 55 | Loss: 1.573555709910579e-05  | Negative Loss: 0.0
[Test ROC-AUC]  -  SA: 0.00000,  LA: 0.69761
[Test AUPRC]  -  LA: 0.75462
[Test F1-max]  -  LA: 0.80412
Epoch: 56 | Loss: 1.5020306818769313e-05  | Negative Loss: 0.0
[Test ROC-AUC]  -  SA: 0.00000,  LA: 0.69761
[Test AUPRC]  -  LA: 0.75462
[Test F1-max]  -  LA: 0.80412
Epoch: 57 | Loss: 1.4424265827983618e-05  | Negative Loss: 0.0
[Test ROC-AUC]  -  SA: 0.00000,  LA: 0.69850
[Test AUPRC]  -  LA: 0.75517
[Test F1-max]  -  LA: 0.80412
Epoch: 58 | Loss: 1.39474323077593e-05  | Negative Loss: 0.0
[Test ROC-AUC]  -  SA: 0.00000,  LA: 0.69938
[Test AUPRC]  -  LA: 0.75572
[Test F1-max]  -  LA: 0.80412
Epoch: 59 | Loss: 1.3470598787534982e-05  | Negative Loss: 0.0
[Test ROC-AUC]  -  SA: 0.00000,  LA: 0.70027
[Test AUPRC]  -  LA: 0.75614
[Test F1-max]  -  LA: 0.80412
Epoch: 60 | Loss: 1.3112974556861445e-05  | Negative Loss: 0.0
[Test ROC-AUC]  -  SA: 0.00000,  LA: 0.70027
[Test AUPRC]  -  LA: 0.75614
[Test F1-max]  -  LA: 0.80412
Epoch: 61 | Loss: 1.2636141036637127e-05  | Negative Loss: 0.0
[Test ROC-AUC]  -  SA: 0.00000,  LA: 0.70027
[Test AUPRC]  -  LA: 0.75614
[Test F1-max]  -  LA: 0.80412
Epoch: 62 | Loss: 1.2278514986974187e-05  | Negative Loss: 0.0
[Test ROC-AUC]  -  SA: 0.00000,  LA: 0.70027
[Test AUPRC]  -  LA: 0.75614
[Test F1-max]  -  LA: 0.80412
Epoch: 63 | Loss: 1.2040098226862028e-05  | Negative Loss: 0.0
[Test ROC-AUC]  -  SA: 0.00000,  LA: 0.70115
[Test AUPRC]  -  LA: 0.75668
[Test F1-max]  -  LA: 0.80412
Epoch: 64 | Loss: 1.168247308669379e-05  | Negative Loss: 0.0
[Test ROC-AUC]  -  SA: 0.00000,  LA: 0.69982
[Test AUPRC]  -  LA: 0.75570
[Test F1-max]  -  LA: 0.80412
Epoch: 65 | Loss: 1.132484703703085e-05  | Negative Loss: 0.0
[Test ROC-AUC]  -  SA: 0.00000,  LA: 0.69938
[Test AUPRC]  -  LA: 0.75533
[Test F1-max]  -  LA: 0.80412
Epoch: 66 | Loss: 1.1086429367423989e-05  | Negative Loss: 0.0
[Test ROC-AUC]  -  SA: 0.00000,  LA: 0.70115
[Test AUPRC]  -  LA: 0.75720
[Test F1-max]  -  LA: 0.80412
Epoch: 67 | Loss: 1.096722098736791e-05  | Negative Loss: 0.0
[Test ROC-AUC]  -  SA: 0.00000,  LA: 0.70115
[Test AUPRC]  -  LA: 0.75720
[Test F1-max]  -  LA: 0.80412
Epoch: 68 | Loss: 1.072880422725575e-05  | Negative Loss: 0.0
[Test ROC-AUC]  -  SA: 0.00000,  LA: 0.70115
[Test AUPRC]  -  LA: 0.75720
[Test F1-max]  -  LA: 0.80412
Epoch: 69 | Loss: 1.0609595847199671e-05  | Negative Loss: 0.0
[Test ROC-AUC]  -  SA: 0.00000,  LA: 0.70115
[Test AUPRC]  -  LA: 0.75720
[Test F1-max]  -  LA: 0.80412
Epoch: 70 | Loss: 1.0490387467143591e-05  | Negative Loss: 0.0
[Test ROC-AUC]  -  SA: 0.00000,  LA: 0.70115
[Test AUPRC]  -  LA: 0.75720
[Test F1-max]  -  LA: 0.80412
Epoch: 71 | Loss: 1.013276050798595e-05  | Negative Loss: 0.0
[Test ROC-AUC]  -  SA: 0.00000,  LA: 0.70203
[Test AUPRC]  -  LA: 0.75863
[Test F1-max]  -  LA: 0.80412
Epoch: 72 | Loss: 1.001355212792987e-05  | Negative Loss: 0.0
[Test ROC-AUC]  -  SA: 0.00000,  LA: 0.70203
[Test AUPRC]  -  LA: 0.75863
[Test F1-max]  -  LA: 0.80412
Epoch: 73 | Loss: 9.89434374787379e-06  | Negative Loss: 0.0
[Test ROC-AUC]  -  SA: 0.00000,  LA: 0.70203
[Test AUPRC]  -  LA: 0.75863
[Test F1-max]  -  LA: 0.80412
Epoch: 74 | Loss: 9.775135367817711e-06  | Negative Loss: 0.0
[Test ROC-AUC]  -  SA: 0.00000,  LA: 0.70115
[Test AUPRC]  -  LA: 0.75624
[Test F1-max]  -  LA: 0.80412
Epoch: 75 | Loss: 9.775135367817711e-06  | Negative Loss: 0.0
[Test ROC-AUC]  -  SA: 0.00000,  LA: 0.70115
[Test AUPRC]  -  LA: 0.75624
[Test F1-max]  -  LA: 0.80412
Epoch: 76 | Loss: 9.65592607826693e-06  | Negative Loss: 0.0
[Test ROC-AUC]  -  SA: 0.00000,  LA: 0.70115
[Test AUPRC]  -  LA: 0.75624
[Test F1-max]  -  LA: 0.80412
Epoch: 77 | Loss: 9.536718607705552e-06  | Negative Loss: 0.0
[Test ROC-AUC]  -  SA: 0.00000,  LA: 0.70115
[Test AUPRC]  -  LA: 0.75624
[Test F1-max]  -  LA: 0.80412
Epoch: 78 | Loss: 9.536718607705552e-06  | Negative Loss: 0.0
[Test ROC-AUC]  -  SA: 0.00000,  LA: 0.70115
[Test AUPRC]  -  LA: 0.75624
[Test F1-max]  -  LA: 0.80412
Epoch: 79 | Loss: 9.417509318154771e-06  | Negative Loss: 0.0
[Test ROC-AUC]  -  SA: 0.00000,  LA: 0.70115
[Test AUPRC]  -  LA: 0.75624
[Test F1-max]  -  LA: 0.80412
Epoch: 80 | Loss: 9.417509318154771e-06  | Negative Loss: 0.0
[Test ROC-AUC]  -  SA: 0.00000,  LA: 0.70115
[Test AUPRC]  -  LA: 0.75624
[Test F1-max]  -  LA: 0.80412
Epoch: 81 | Loss: 9.05988326849183e-06  | Negative Loss: 0.0
[Test ROC-AUC]  -  SA: 0.00000,  LA: 0.70203
[Test AUPRC]  -  LA: 0.75656
[Test F1-max]  -  LA: 0.80851
Epoch: 82 | Loss: 9.05988326849183e-06  | Negative Loss: 0.0
[Test ROC-AUC]  -  SA: 0.00000,  LA: 0.70203
[Test AUPRC]  -  LA: 0.75656
[Test F1-max]  -  LA: 0.80851
Epoch: 83 | Loss: 8.94067397894105e-06  | Negative Loss: 0.0
[Test ROC-AUC]  -  SA: 0.00000,  LA: 0.70203
[Test AUPRC]  -  LA: 0.75656
[Test F1-max]  -  LA: 0.80851
Epoch: 84 | Loss: 8.94067397894105e-06  | Negative Loss: 0.0
[Test ROC-AUC]  -  SA: 0.00000,  LA: 0.70203
[Test AUPRC]  -  LA: 0.75656
[Test F1-max]  -  LA: 0.80851
Epoch: 85 | Loss: 8.82146559888497e-06  | Negative Loss: 0.0
[Test ROC-AUC]  -  SA: 0.00000,  LA: 0.70203
[Test AUPRC]  -  LA: 0.75656
[Test F1-max]  -  LA: 0.80851
Epoch: 86 | Loss: 8.82146559888497e-06  | Negative Loss: 0.0
[Test ROC-AUC]  -  SA: 0.00000,  LA: 0.70203
[Test AUPRC]  -  LA: 0.75656
[Test F1-max]  -  LA: 0.80851
Epoch: 87 | Loss: 8.70225721882889e-06  | Negative Loss: 0.0
[Test ROC-AUC]  -  SA: 0.00000,  LA: 0.70203
[Test AUPRC]  -  LA: 0.75656
[Test F1-max]  -  LA: 0.80851
Epoch: 88 | Loss: 8.70225721882889e-06  | Negative Loss: 0.0
[Test ROC-AUC]  -  SA: 0.00000,  LA: 0.70203
[Test AUPRC]  -  LA: 0.75656
[Test F1-max]  -  LA: 0.80851
Epoch: 89 | Loss: 8.583048838772811e-06  | Negative Loss: 0.0
[Test ROC-AUC]  -  SA: 0.00000,  LA: 0.70203
[Test AUPRC]  -  LA: 0.75656
[Test F1-max]  -  LA: 0.80851
Epoch: 90 | Loss: 8.583048838772811e-06  | Negative Loss: 0.0
[Test ROC-AUC]  -  SA: 0.00000,  LA: 0.70115
[Test AUPRC]  -  LA: 0.75607
[Test F1-max]  -  LA: 0.80851
Epoch: 91 | Loss: 8.463840458716732e-06  | Negative Loss: 0.0
[Test ROC-AUC]  -  SA: 0.00000,  LA: 0.70115
[Test AUPRC]  -  LA: 0.75607
[Test F1-max]  -  LA: 0.80851
Epoch: 92 | Loss: 8.463840458716732e-06  | Negative Loss: 0.0
[Test ROC-AUC]  -  SA: 0.00000,  LA: 0.70115
[Test AUPRC]  -  LA: 0.75607
[Test F1-max]  -  LA: 0.80851
Epoch: 93 | Loss: 8.463840458716732e-06  | Negative Loss: 0.0
[Test ROC-AUC]  -  SA: 0.00000,  LA: 0.70115
[Test AUPRC]  -  LA: 0.75607
[Test F1-max]  -  LA: 0.80851
Epoch: 94 | Loss: 8.34463116916595e-06  | Negative Loss: 0.0
[Test ROC-AUC]  -  SA: 0.00000,  LA: 0.70115
[Test AUPRC]  -  LA: 0.75607
[Test F1-max]  -  LA: 0.80851
Epoch: 95 | Loss: 8.34463116916595e-06  | Negative Loss: 0.0
[Test ROC-AUC]  -  SA: 0.00000,  LA: 0.70203
[Test AUPRC]  -  LA: 0.75656
[Test F1-max]  -  LA: 0.80851
Epoch: 96 | Loss: 7.98700511950301e-06  | Negative Loss: 0.0
[Test ROC-AUC]  -  SA: 0.00000,  LA: 0.70115
[Test AUPRC]  -  LA: 0.75622
[Test F1-max]  -  LA: 0.80851
Epoch: 97 | Loss: 7.98700511950301e-06  | Negative Loss: 0.0
[Test ROC-AUC]  -  SA: 0.00000,  LA: 0.70115
[Test AUPRC]  -  LA: 0.75622
[Test F1-max]  -  LA: 0.80851
Epoch: 98 | Loss: 7.98700511950301e-06  | Negative Loss: 0.0
[Test ROC-AUC]  -  SA: 0.00000,  LA: 0.70203
[Test AUPRC]  -  LA: 0.75715
[Test F1-max]  -  LA: 0.80851
Epoch: 99 | Loss: 7.867795829952229e-06  | Negative Loss: 0.0
Time consumption: 95.12997007369995
Best LA AUC: 0.7020335985853228
Best LA AUPC: 0.7607000621409702
Best LA F1-max: 0.8085106382978723
[Result] Experiment result appended to ./results/train_hybrid_result.csv

[END] 2026-03-18 21:25:12
[RETURN CODE] 0
