[START] 2026-03-18 21:15:12
[GPU] 0
[TASK] 40/60
[NAME] red_splicing_winclip
[REPEAT] 10/10
[COMMAND] python train_hybrid.py --data_name red_splicing --mask True --text True --double_encoder True --few_shot True --shot 1 --hybrid_model winclip --hybrid_weight 0.3 --hybrid_batch_size 16 --epoch 100 --log True --lr 5e-4 --detection True --preprocess True

/home/seungeon/miniconda3/envs/LAB/lib/python3.10/site-packages/timm/models/layers/__init__.py:48: FutureWarning: Importing from timm.models.layers is deprecated, please import via timm.layers
  warnings.warn(f"Importing from {__name__} is deprecated, please import via timm.layers", FutureWarning)
/home/seungeon/Workspace/side/vlm/train_hybrid.py:18: DeprecationWarning: The distutils package is deprecated and slated for removal in Python 3.12. Use setuptools or check PEP 632 for potential alternatives
  from distutils.util import strtobool
Torch version: 2.9.1+cu128
cuda is loaded for process
here?
In my local computer
Namespace(epoch=100, gpu_number='0', data_name='red_splicing', lr=0.0005, batch_size=6, shuffle=True, seed=0, tag='default', model_name='ViT-B-32', pretrained_name='laion2b_s34b_b79k', lora=1, default=False, foundation='CLIP', detection=1, preprocess=1, num_rule=0, object_names=['a photo of orange connector', 'a photo of red cable', 'a photo of yellow cable', 'a photo of blue cable', 'a photo of metal panel'], objects_for_rules=[['a photo of orange connector'], ['a photo of orange connector'], ['a photo of red cable'], ['a photo of red cable'], ['a photo of orange connector'], ['a photo of orange connector', 'a photo of red cable']], texts_for_rules=[['a photo of orange connector'], ['a photo of orange connector'], ['a photo of red cable'], ['a photo of red cable'], ['a photo of orange connector'], ['a photo of orange connector and red cable']], mask=1, text=1, score='mean', ciriculam_learning=False, few_shot=1, shot=1, log=1, neg_loss=0, double_encoder=1, pretrained_count_path=None, ris=0, rule_select='', rule_list=[], num_negative=5, hybrid_model='winclip', hybrid_weight=0.3, hybrid_class_name='', hybrid_batch_size=16, hybrid_backbone='ViT-B-16-plus-240', hybrid_pretrained_dataset='laion400m_e32', hybrid_scales=[2, 3], hybrid_img_resize=240, hybrid_img_cropsize=240, hybrid_resolution=400, hybrid_promptad_epoch=100, hybrid_promptad_lr=0.002, hybrid_promptad_momentum=0.9, hybrid_promptad_weight_decay=0.0005, hybrid_promptad_eta_min=1e-05, hybrid_promptad_lambda1=0.001, hybrid_promptad_n_ctx=4, hybrid_promptad_n_pro=3, hybrid_promptad_n_ctx_ab=1, hybrid_promptad_n_pro_ab=4, early_stop_k=10, result_log_path='./results/train_hybrid_result.csv')
[Hybrid] method=winclip, class_name=splicing_connectors, train=1, eval=89, base_path=/data3/seungeon/data/image/mvtec_loco_anomaly_detection/red_splicing
grid 240 16 (15, 15)
[Hybrid-only] LA_AUC=0.61071, LA_AUPRC=0.49619, LA_F1=0.67227
[Data Description]
- Train: 1
- Test: 89

Train Start
[Test ROC-AUC]  -  SA: 0.00000,  LA: 0.62806
[Test AUPRC]  -  LA: 0.57081
[Test F1-max]  -  LA: 0.63830
Epoch: 0 | Loss: 12.101322174072266  | Negative Loss: 0.0
[Test ROC-AUC]  -  SA: 0.00000,  LA: 0.62959
[Test AUPRC]  -  LA: 0.57043
[Test F1-max]  -  LA: 0.63830
Epoch: 1 | Loss: 11.985740661621094  | Negative Loss: 0.0
[Test ROC-AUC]  -  SA: 0.00000,  LA: 0.65102
[Test AUPRC]  -  LA: 0.58152
[Test F1-max]  -  LA: 0.66667
Epoch: 2 | Loss: 10.70769214630127  | Negative Loss: 0.0
[Test ROC-AUC]  -  SA: 0.00000,  LA: 0.66837
[Test AUPRC]  -  LA: 0.58359
[Test F1-max]  -  LA: 0.71287
Epoch: 3 | Loss: 8.878289222717285  | Negative Loss: 0.0
[Test ROC-AUC]  -  SA: 0.00000,  LA: 0.67602
[Test AUPRC]  -  LA: 0.56793
[Test F1-max]  -  LA: 0.72549
Epoch: 4 | Loss: 6.945125102996826  | Negative Loss: 0.0
[Test ROC-AUC]  -  SA: 0.00000,  LA: 0.67959
[Test AUPRC]  -  LA: 0.54573
[Test F1-max]  -  LA: 0.70588
Epoch: 5 | Loss: 5.322623252868652  | Negative Loss: 0.0
[Test ROC-AUC]  -  SA: 0.00000,  LA: 0.67143
[Test AUPRC]  -  LA: 0.54348
[Test F1-max]  -  LA: 0.70000
Epoch: 6 | Loss: 4.0905070304870605  | Negative Loss: 0.0
[Test ROC-AUC]  -  SA: 0.00000,  LA: 0.66224
[Test AUPRC]  -  LA: 0.54472
[Test F1-max]  -  LA: 0.68468
Epoch: 7 | Loss: 3.1381683349609375  | Negative Loss: 0.0
[Test ROC-AUC]  -  SA: 0.00000,  LA: 0.66378
[Test AUPRC]  -  LA: 0.55053
[Test F1-max]  -  LA: 0.69027
Epoch: 8 | Loss: 2.38956880569458  | Negative Loss: 0.0
[Test ROC-AUC]  -  SA: 0.00000,  LA: 0.67551
[Test AUPRC]  -  LA: 0.55823
[Test F1-max]  -  LA: 0.69643
Epoch: 9 | Loss: 1.7956997156143188  | Negative Loss: 0.0
[Test ROC-AUC]  -  SA: 0.00000,  LA: 0.68571
[Test AUPRC]  -  LA: 0.56484
[Test F1-max]  -  LA: 0.69643
Epoch: 10 | Loss: 1.3230957984924316  | Negative Loss: 0.0
[Test ROC-AUC]  -  SA: 0.00000,  LA: 0.68724
[Test AUPRC]  -  LA: 0.56525
[Test F1-max]  -  LA: 0.69643
Epoch: 11 | Loss: 0.9541345834732056  | Negative Loss: 0.0
[Test ROC-AUC]  -  SA: 0.00000,  LA: 0.68622
[Test AUPRC]  -  LA: 0.56329
[Test F1-max]  -  LA: 0.69643
Epoch: 12 | Loss: 0.6729821562767029  | Negative Loss: 0.0
[Test ROC-AUC]  -  SA: 0.00000,  LA: 0.68112
[Test AUPRC]  -  LA: 0.55887
[Test F1-max]  -  LA: 0.69643
Epoch: 13 | Loss: 0.4648035168647766  | Negative Loss: 0.0
[Test ROC-AUC]  -  SA: 0.00000,  LA: 0.68163
[Test AUPRC]  -  LA: 0.56031
[Test F1-max]  -  LA: 0.69643
Epoch: 14 | Loss: 0.3147324323654175  | Negative Loss: 0.0
[Test ROC-AUC]  -  SA: 0.00000,  LA: 0.68827
[Test AUPRC]  -  LA: 0.56682
[Test F1-max]  -  LA: 0.70370
Epoch: 15 | Loss: 0.20811855792999268  | Negative Loss: 0.0
[Test ROC-AUC]  -  SA: 0.00000,  LA: 0.69235
[Test AUPRC]  -  LA: 0.57168
[Test F1-max]  -  LA: 0.70909
Epoch: 16 | Loss: 0.13483744859695435  | Negative Loss: 0.0
[Test ROC-AUC]  -  SA: 0.00000,  LA: 0.69337
[Test AUPRC]  -  LA: 0.57360
[Test F1-max]  -  LA: 0.72381
Epoch: 17 | Loss: 0.086170494556427  | Negative Loss: 0.0
[Test ROC-AUC]  -  SA: 0.00000,  LA: 0.69643
[Test AUPRC]  -  LA: 0.57398
[Test F1-max]  -  LA: 0.73585
Epoch: 18 | Loss: 0.054906006902456284  | Negative Loss: 0.0
[Test ROC-AUC]  -  SA: 0.00000,  LA: 0.69796
[Test AUPRC]  -  LA: 0.57524
[Test F1-max]  -  LA: 0.73585
Epoch: 19 | Loss: 0.035085197538137436  | Negative Loss: 0.0
[Test ROC-AUC]  -  SA: 0.00000,  LA: 0.69898
[Test AUPRC]  -  LA: 0.57476
[Test F1-max]  -  LA: 0.73585
Epoch: 20 | Loss: 0.02251327782869339  | Negative Loss: 0.0
[Test ROC-AUC]  -  SA: 0.00000,  LA: 0.70357
[Test AUPRC]  -  LA: 0.59529
[Test F1-max]  -  LA: 0.73585
Epoch: 21 | Loss: 0.014561467804014683  | Negative Loss: 0.0
[Test ROC-AUC]  -  SA: 0.00000,  LA: 0.70102
[Test AUPRC]  -  LA: 0.58415
[Test F1-max]  -  LA: 0.73585
Epoch: 22 | Loss: 0.009500304237008095  | Negative Loss: 0.0
[Test ROC-AUC]  -  SA: 0.00000,  LA: 0.70357
[Test AUPRC]  -  LA: 0.58114
[Test F1-max]  -  LA: 0.73786
Epoch: 23 | Loss: 0.006264232564717531  | Negative Loss: 0.0
[Test ROC-AUC]  -  SA: 0.00000,  LA: 0.70102
[Test AUPRC]  -  LA: 0.57443
[Test F1-max]  -  LA: 0.73786
Epoch: 24 | Loss: 0.004191205836832523  | Negative Loss: 0.0
[Test ROC-AUC]  -  SA: 0.00000,  LA: 0.70714
[Test AUPRC]  -  LA: 0.57777
[Test F1-max]  -  LA: 0.73786
Epoch: 25 | Loss: 0.0028469206299632788  | Negative Loss: 0.0
[Test ROC-AUC]  -  SA: 0.00000,  LA: 0.70255
[Test AUPRC]  -  LA: 0.57095
[Test F1-max]  -  LA: 0.73786
Epoch: 26 | Loss: 0.0019678373355418444  | Negative Loss: 0.0
[Test ROC-AUC]  -  SA: 0.00000,  LA: 0.70153
[Test AUPRC]  -  LA: 0.56628
[Test F1-max]  -  LA: 0.73786
Epoch: 27 | Loss: 0.0013821313623338938  | Negative Loss: 0.0
[Test ROC-AUC]  -  SA: 0.00000,  LA: 0.70408
[Test AUPRC]  -  LA: 0.56779
[Test F1-max]  -  LA: 0.73786
Epoch: 28 | Loss: 0.0009872324299067259  | Negative Loss: 0.0
[Test ROC-AUC]  -  SA: 0.00000,  LA: 0.70663
[Test AUPRC]  -  LA: 0.57015
[Test F1-max]  -  LA: 0.73786
Epoch: 29 | Loss: 0.0007176623912528157  | Negative Loss: 0.0
[Test ROC-AUC]  -  SA: 0.00000,  LA: 0.70663
[Test AUPRC]  -  LA: 0.55235
[Test F1-max]  -  LA: 0.72917
Epoch: 30 | Loss: 0.0005307847168296576  | Negative Loss: 0.0
[Test ROC-AUC]  -  SA: 0.00000,  LA: 0.70510
[Test AUPRC]  -  LA: 0.54922
[Test F1-max]  -  LA: 0.72917
Epoch: 31 | Loss: 0.0003993196878582239  | Negative Loss: 0.0
[Test ROC-AUC]  -  SA: 0.00000,  LA: 0.70459
[Test AUPRC]  -  LA: 0.54932
[Test F1-max]  -  LA: 0.72917
Epoch: 32 | Loss: 0.00030575302662327886  | Negative Loss: 0.0
[Test ROC-AUC]  -  SA: 0.00000,  LA: 0.70459
[Test AUPRC]  -  LA: 0.54824
[Test F1-max]  -  LA: 0.72917
Epoch: 33 | Loss: 0.0002378108911216259  | Negative Loss: 0.0
[Test ROC-AUC]  -  SA: 0.00000,  LA: 0.70510
[Test AUPRC]  -  LA: 0.54685
[Test F1-max]  -  LA: 0.72917
Epoch: 34 | Loss: 0.00018822404672391713  | Negative Loss: 0.0
[Test ROC-AUC]  -  SA: 0.00000,  LA: 0.70459
[Test AUPRC]  -  LA: 0.54678
[Test F1-max]  -  LA: 0.72549
Epoch: 35 | Loss: 0.00015127172810025513  | Negative Loss: 0.0
[Test ROC-AUC]  -  SA: 0.00000,  LA: 0.70459
[Test AUPRC]  -  LA: 0.54661
[Test F1-max]  -  LA: 0.72549
Epoch: 36 | Loss: 0.0001232591166626662  | Negative Loss: 0.0
[Test ROC-AUC]  -  SA: 0.00000,  LA: 0.70102
[Test AUPRC]  -  LA: 0.54370
[Test F1-max]  -  LA: 0.72549
Epoch: 37 | Loss: 0.00010204085992882028  | Negative Loss: 0.0
[Test ROC-AUC]  -  SA: 0.00000,  LA: 0.70204
[Test AUPRC]  -  LA: 0.54442
[Test F1-max]  -  LA: 0.72549
Epoch: 38 | Loss: 8.54714380693622e-05  | Negative Loss: 0.0
[Test ROC-AUC]  -  SA: 0.00000,  LA: 0.70153
[Test AUPRC]  -  LA: 0.54479
[Test F1-max]  -  LA: 0.72549
Epoch: 39 | Loss: 7.283568993443623e-05  | Negative Loss: 0.0
[Test ROC-AUC]  -  SA: 0.00000,  LA: 0.70102
[Test AUPRC]  -  LA: 0.54392
[Test F1-max]  -  LA: 0.73267
Epoch: 40 | Loss: 6.246478005778044e-05  | Negative Loss: 0.0
[Test ROC-AUC]  -  SA: 0.00000,  LA: 0.69898
[Test AUPRC]  -  LA: 0.54202
[Test F1-max]  -  LA: 0.72549
Epoch: 41 | Loss: 5.423954644356854e-05  | Negative Loss: 0.0
[Test ROC-AUC]  -  SA: 0.00000,  LA: 0.70153
[Test AUPRC]  -  LA: 0.54542
[Test F1-max]  -  LA: 0.72549
Epoch: 42 | Loss: 4.7802393964957446e-05  | Negative Loss: 0.0
[Test ROC-AUC]  -  SA: 0.00000,  LA: 0.70102
[Test AUPRC]  -  LA: 0.54563
[Test F1-max]  -  LA: 0.72549
Epoch: 43 | Loss: 4.243808871251531e-05  | Negative Loss: 0.0
[Test ROC-AUC]  -  SA: 0.00000,  LA: 0.69541
[Test AUPRC]  -  LA: 0.54128
[Test F1-max]  -  LA: 0.72549
Epoch: 44 | Loss: 3.802742139669135e-05  | Negative Loss: 0.0
[Test ROC-AUC]  -  SA: 0.00000,  LA: 0.69592
[Test AUPRC]  -  LA: 0.54228
[Test F1-max]  -  LA: 0.72549
Epoch: 45 | Loss: 3.4331995266256854e-05  | Negative Loss: 0.0
[Test ROC-AUC]  -  SA: 0.00000,  LA: 0.69490
[Test AUPRC]  -  LA: 0.54142
[Test F1-max]  -  LA: 0.72549
Epoch: 46 | Loss: 3.1351810321211815e-05  | Negative Loss: 0.0
[Test ROC-AUC]  -  SA: 0.00000,  LA: 0.69388
[Test AUPRC]  -  LA: 0.54120
[Test F1-max]  -  LA: 0.72549
Epoch: 47 | Loss: 2.884845162043348e-05  | Negative Loss: 0.0
[Test ROC-AUC]  -  SA: 0.00000,  LA: 0.69337
[Test AUPRC]  -  LA: 0.54103
[Test F1-max]  -  LA: 0.72549
Epoch: 48 | Loss: 2.6464293114258908e-05  | Negative Loss: 0.0
[Test ROC-AUC]  -  SA: 0.00000,  LA: 0.69541
[Test AUPRC]  -  LA: 0.54379
[Test F1-max]  -  LA: 0.72549
Epoch: 49 | Loss: 2.4795386707410216e-05  | Negative Loss: 0.0
[Test ROC-AUC]  -  SA: 0.00000,  LA: 0.69439
[Test AUPRC]  -  LA: 0.54326
[Test F1-max]  -  LA: 0.72549
Epoch: 50 | Loss: 2.3126474843593314e-05  | Negative Loss: 0.0
[Test ROC-AUC]  -  SA: 0.00000,  LA: 0.69439
[Test AUPRC]  -  LA: 0.54395
[Test F1-max]  -  LA: 0.72549
Epoch: 51 | Loss: 2.1815185391460545e-05  | Negative Loss: 0.0
[Test ROC-AUC]  -  SA: 0.00000,  LA: 0.69439
[Test AUPRC]  -  LA: 0.54454
[Test F1-max]  -  LA: 0.72549
Epoch: 52 | Loss: 2.0503895939327776e-05  | Negative Loss: 0.0
[Test ROC-AUC]  -  SA: 0.00000,  LA: 0.69388
[Test AUPRC]  -  LA: 0.54381
[Test F1-max]  -  LA: 0.72549
Epoch: 53 | Loss: 1.9550232536857948e-05  | Negative Loss: 0.0
[Test ROC-AUC]  -  SA: 0.00000,  LA: 0.69286
[Test AUPRC]  -  LA: 0.54312
[Test F1-max]  -  LA: 0.72549
Epoch: 54 | Loss: 1.8596565496409312e-05  | Negative Loss: 0.0
[Test ROC-AUC]  -  SA: 0.00000,  LA: 0.69286
[Test AUPRC]  -  LA: 0.54281
[Test F1-max]  -  LA: 0.72549
Epoch: 55 | Loss: 1.7762107745511457e-05  | Negative Loss: 0.0
[Test ROC-AUC]  -  SA: 0.00000,  LA: 0.69286
[Test AUPRC]  -  LA: 0.54330
[Test F1-max]  -  LA: 0.72549
Epoch: 56 | Loss: 1.69276481756242e-05  | Negative Loss: 0.0
[Test ROC-AUC]  -  SA: 0.00000,  LA: 0.69337
[Test AUPRC]  -  LA: 0.54371
[Test F1-max]  -  LA: 0.72549
Epoch: 57 | Loss: 1.6450816474389285e-05  | Negative Loss: 0.0
[Test ROC-AUC]  -  SA: 0.00000,  LA: 0.69388
[Test AUPRC]  -  LA: 0.54453
[Test F1-max]  -  LA: 0.72549
Epoch: 58 | Loss: 1.585477548360359e-05  | Negative Loss: 0.0
[Test ROC-AUC]  -  SA: 0.00000,  LA: 0.69388
[Test AUPRC]  -  LA: 0.54453
[Test F1-max]  -  LA: 0.72549
Epoch: 59 | Loss: 1.537794196337927e-05  | Negative Loss: 0.0
[Test ROC-AUC]  -  SA: 0.00000,  LA: 0.69388
[Test AUPRC]  -  LA: 0.54453
[Test F1-max]  -  LA: 0.72549
Epoch: 60 | Loss: 1.4781899153604172e-05  | Negative Loss: 0.0
[Test ROC-AUC]  -  SA: 0.00000,  LA: 0.69286
[Test AUPRC]  -  LA: 0.54323
[Test F1-max]  -  LA: 0.72549
Epoch: 61 | Loss: 1.4424273103941232e-05  | Negative Loss: 0.0
[Test ROC-AUC]  -  SA: 0.00000,  LA: 0.69286
[Test AUPRC]  -  LA: 0.54323
[Test F1-max]  -  LA: 0.72549
Epoch: 62 | Loss: 1.4066648873267695e-05  | Negative Loss: 0.0
[Test ROC-AUC]  -  SA: 0.00000,  LA: 0.69286
[Test AUPRC]  -  LA: 0.54343
[Test F1-max]  -  LA: 0.72549
Epoch: 63 | Loss: 1.3709022823604755e-05  | Negative Loss: 0.0
[Test ROC-AUC]  -  SA: 0.00000,  LA: 0.69235
[Test AUPRC]  -  LA: 0.54309
[Test F1-max]  -  LA: 0.72549
Epoch: 64 | Loss: 1.3589815353043377e-05  | Negative Loss: 0.0
[Test ROC-AUC]  -  SA: 0.00000,  LA: 0.69337
[Test AUPRC]  -  LA: 0.54489
[Test F1-max]  -  LA: 0.72549
Epoch: 65 | Loss: 1.3232189303380437e-05  | Negative Loss: 0.0
[Test ROC-AUC]  -  SA: 0.00000,  LA: 0.69286
[Test AUPRC]  -  LA: 0.54430
[Test F1-max]  -  LA: 0.72549
Epoch: 66 | Loss: 1.3112980923324358e-05  | Negative Loss: 0.0
[Test ROC-AUC]  -  SA: 0.00000,  LA: 0.69286
[Test AUPRC]  -  LA: 0.54430
[Test F1-max]  -  LA: 0.72549
Epoch: 67 | Loss: 1.2516937204054557e-05  | Negative Loss: 0.0
[Test ROC-AUC]  -  SA: 0.00000,  LA: 0.69235
[Test AUPRC]  -  LA: 0.54400
[Test F1-max]  -  LA: 0.72549
Epoch: 68 | Loss: 1.2397728823998477e-05  | Negative Loss: 0.0
[Test ROC-AUC]  -  SA: 0.00000,  LA: 0.69107
[Test AUPRC]  -  LA: 0.54321
[Test F1-max]  -  LA: 0.72549
Epoch: 69 | Loss: 1.2278520443942398e-05  | Negative Loss: 0.0
[Test ROC-AUC]  -  SA: 0.00000,  LA: 0.69082
[Test AUPRC]  -  LA: 0.54306
[Test F1-max]  -  LA: 0.72549
Epoch: 70 | Loss: 1.2159312063886318e-05  | Negative Loss: 0.0
[Test ROC-AUC]  -  SA: 0.00000,  LA: 0.69082
[Test AUPRC]  -  LA: 0.54306
[Test F1-max]  -  LA: 0.72549
Epoch: 71 | Loss: 1.1920894394279458e-05  | Negative Loss: 0.0
[Test ROC-AUC]  -  SA: 0.00000,  LA: 0.69031
[Test AUPRC]  -  LA: 0.54283
[Test F1-max]  -  LA: 0.72549
Epoch: 72 | Loss: 1.1682476724672597e-05  | Negative Loss: 0.0
[Test ROC-AUC]  -  SA: 0.00000,  LA: 0.69082
[Test AUPRC]  -  LA: 0.54308
[Test F1-max]  -  LA: 0.72549
Epoch: 73 | Loss: 1.1563268344616517e-05  | Negative Loss: 0.0
[Test ROC-AUC]  -  SA: 0.00000,  LA: 0.69082
[Test AUPRC]  -  LA: 0.54308
[Test F1-max]  -  LA: 0.72549
Epoch: 74 | Loss: 1.1444059964560438e-05  | Negative Loss: 0.0
[Test ROC-AUC]  -  SA: 0.00000,  LA: 0.69082
[Test AUPRC]  -  LA: 0.54308
[Test F1-max]  -  LA: 0.72549
Epoch: 75 | Loss: 1.1444059964560438e-05  | Negative Loss: 0.0
[Test ROC-AUC]  -  SA: 0.00000,  LA: 0.69184
[Test AUPRC]  -  LA: 0.54501
[Test F1-max]  -  LA: 0.72549
Epoch: 76 | Loss: 1.1324851584504358e-05  | Negative Loss: 0.0
[Test ROC-AUC]  -  SA: 0.00000,  LA: 0.69235
[Test AUPRC]  -  LA: 0.54572
[Test F1-max]  -  LA: 0.72549
Epoch: 77 | Loss: 1.1205643204448279e-05  | Negative Loss: 0.0
[Test ROC-AUC]  -  SA: 0.00000,  LA: 0.69235
[Test AUPRC]  -  LA: 0.54572
[Test F1-max]  -  LA: 0.72549
Epoch: 78 | Loss: 1.10864348243922e-05  | Negative Loss: 0.0
[Test ROC-AUC]  -  SA: 0.00000,  LA: 0.69235
[Test AUPRC]  -  LA: 0.54572
[Test F1-max]  -  LA: 0.72549
Epoch: 79 | Loss: 1.10864348243922e-05  | Negative Loss: 0.0
[Test ROC-AUC]  -  SA: 0.00000,  LA: 0.69184
[Test AUPRC]  -  LA: 0.54538
[Test F1-max]  -  LA: 0.72549
Epoch: 80 | Loss: 1.0848017154785339e-05  | Negative Loss: 0.0
[Test ROC-AUC]  -  SA: 0.00000,  LA: 0.69184
[Test AUPRC]  -  LA: 0.54538
[Test F1-max]  -  LA: 0.72549
Epoch: 81 | Loss: 1.0728809684223961e-05  | Negative Loss: 0.0
[Test ROC-AUC]  -  SA: 0.00000,  LA: 0.69184
[Test AUPRC]  -  LA: 0.54538
[Test F1-max]  -  LA: 0.72549
Epoch: 82 | Loss: 1.0728809684223961e-05  | Negative Loss: 0.0
[Test ROC-AUC]  -  SA: 0.00000,  LA: 0.69184
[Test AUPRC]  -  LA: 0.54538
[Test F1-max]  -  LA: 0.72549
Epoch: 83 | Loss: 1.0371181815571617e-05  | Negative Loss: 0.0
[Test ROC-AUC]  -  SA: 0.00000,  LA: 0.69184
[Test AUPRC]  -  LA: 0.54538
[Test F1-max]  -  LA: 0.72549
Epoch: 84 | Loss: 1.0371181815571617e-05  | Negative Loss: 0.0
[Test ROC-AUC]  -  SA: 0.00000,  LA: 0.69184
[Test AUPRC]  -  LA: 0.54538
[Test F1-max]  -  LA: 0.72549
Epoch: 85 | Loss: 1.0251972526020836e-05  | Negative Loss: 0.0
[Test ROC-AUC]  -  SA: 0.00000,  LA: 0.69184
[Test AUPRC]  -  LA: 0.54538
[Test F1-max]  -  LA: 0.72549
Epoch: 86 | Loss: 1.0251972526020836e-05  | Negative Loss: 0.0
[Test ROC-AUC]  -  SA: 0.00000,  LA: 0.69133
[Test AUPRC]  -  LA: 0.54491
[Test F1-max]  -  LA: 0.72549
Epoch: 87 | Loss: 1.0013555765908677e-05  | Negative Loss: 0.0
[Test ROC-AUC]  -  SA: 0.00000,  LA: 0.69184
[Test AUPRC]  -  LA: 0.54532
[Test F1-max]  -  LA: 0.72549
Epoch: 88 | Loss: 1.0013555765908677e-05  | Negative Loss: 0.0
[Test ROC-AUC]  -  SA: 0.00000,  LA: 0.69235
[Test AUPRC]  -  LA: 0.54639
[Test F1-max]  -  LA: 0.72549
Epoch: 89 | Loss: 9.894346476357896e-06  | Negative Loss: 0.0
[Test ROC-AUC]  -  SA: 0.00000,  LA: 0.69235
[Test AUPRC]  -  LA: 0.54639
[Test F1-max]  -  LA: 0.72549
Epoch: 90 | Loss: 9.894346476357896e-06  | Negative Loss: 0.0
[Test ROC-AUC]  -  SA: 0.00000,  LA: 0.69235
[Test AUPRC]  -  LA: 0.54639
[Test F1-max]  -  LA: 0.72549
Epoch: 91 | Loss: 9.655929716245737e-06  | Negative Loss: 0.0
[Test ROC-AUC]  -  SA: 0.00000,  LA: 0.69235
[Test AUPRC]  -  LA: 0.54639
[Test F1-max]  -  LA: 0.72549
Epoch: 92 | Loss: 9.655929716245737e-06  | Negative Loss: 0.0
[Test ROC-AUC]  -  SA: 0.00000,  LA: 0.69235
[Test AUPRC]  -  LA: 0.54639
[Test F1-max]  -  LA: 0.72549
Epoch: 93 | Loss: 9.536721336189657e-06  | Negative Loss: 0.0
[Test ROC-AUC]  -  SA: 0.00000,  LA: 0.69235
[Test AUPRC]  -  LA: 0.54639
[Test F1-max]  -  LA: 0.72549
Epoch: 94 | Loss: 9.536721336189657e-06  | Negative Loss: 0.0
[Test ROC-AUC]  -  SA: 0.00000,  LA: 0.69184
[Test AUPRC]  -  LA: 0.54592
[Test F1-max]  -  LA: 0.72549
Epoch: 95 | Loss: 9.417512956133578e-06  | Negative Loss: 0.0
[Test ROC-AUC]  -  SA: 0.00000,  LA: 0.69235
[Test AUPRC]  -  LA: 0.54619
[Test F1-max]  -  LA: 0.72549
Epoch: 96 | Loss: 9.417512956133578e-06  | Negative Loss: 0.0
[Test ROC-AUC]  -  SA: 0.00000,  LA: 0.69235
[Test AUPRC]  -  LA: 0.54619
[Test F1-max]  -  LA: 0.72549
Epoch: 97 | Loss: 9.298304576077498e-06  | Negative Loss: 0.0
[Test ROC-AUC]  -  SA: 0.00000,  LA: 0.69184
[Test AUPRC]  -  LA: 0.54712
[Test F1-max]  -  LA: 0.72549
Epoch: 98 | Loss: 9.298304576077498e-06  | Negative Loss: 0.0
[Test ROC-AUC]  -  SA: 0.00000,  LA: 0.69235
[Test AUPRC]  -  LA: 0.54806
[Test F1-max]  -  LA: 0.72549
Epoch: 99 | Loss: 9.298304576077498e-06  | Negative Loss: 0.0
Time consumption: 108.55228042602539
Best LA AUC: 0.7071428571428571
Best LA AUPC: 0.5952922203816957
Best LA F1-max: 0.7378640776699029
[Result] Experiment result appended to ./results/train_hybrid_result.csv

[END] 2026-03-18 21:19:10
[RETURN CODE] 0
