[START] 2026-03-18 21:25:12
[GPU] 0
[TASK] 53/60
[NAME] yellow_splicing_winclip
[REPEAT] 3/10
[COMMAND] python train_hybrid.py --data_name yellow_splicing --mask True --text True --double_encoder True --few_shot True --shot 1 --hybrid_model winclip --hybrid_weight 0.3 --hybrid_batch_size 16 --epoch 100 --log True --lr 5e-4 --detection True --preprocess True

/home/seungeon/miniconda3/envs/LAB/lib/python3.10/site-packages/timm/models/layers/__init__.py:48: FutureWarning: Importing from timm.models.layers is deprecated, please import via timm.layers
  warnings.warn(f"Importing from {__name__} is deprecated, please import via timm.layers", FutureWarning)
/home/seungeon/Workspace/side/vlm/train_hybrid.py:18: DeprecationWarning: The distutils package is deprecated and slated for removal in Python 3.12. Use setuptools or check PEP 632 for potential alternatives
  from distutils.util import strtobool
Torch version: 2.9.1+cu128
cuda is loaded for process
here?
In my local computer
Namespace(epoch=100, gpu_number='0', data_name='yellow_splicing', lr=0.0005, batch_size=6, shuffle=True, seed=0, tag='default', model_name='ViT-B-32', pretrained_name='laion2b_s34b_b79k', lora=1, default=False, foundation='CLIP', detection=1, preprocess=1, num_rule=0, object_names=['a photo of orange connector', 'a photo of yellow cable', 'a photo of red cable', 'a photo of blue cable', 'a photo of metal panel'], objects_for_rules=[['a photo of orange connector'], ['a photo of orange connector'], ['a photo of yellow cable'], ['a photo of yellow cable'], ['a photo of orange connector'], ['a photo of orange connector', 'a photo of yellow cable']], texts_for_rules=[['a photo of orange connector'], ['a photo of orange connector'], ['a photo of yellow cable'], ['a photo of yellow cable'], ['a photo of orange connector'], ['a photo of orange connector and yellow cable']], mask=1, text=1, score='mean', ciriculam_learning=False, few_shot=1, shot=1, log=1, neg_loss=0, double_encoder=1, pretrained_count_path=None, ris=0, rule_select='', rule_list=[], num_negative=5, hybrid_model='winclip', hybrid_weight=0.3, hybrid_class_name='', hybrid_batch_size=16, hybrid_backbone='ViT-B-16-plus-240', hybrid_pretrained_dataset='laion400m_e32', hybrid_scales=[2, 3], hybrid_img_resize=240, hybrid_img_cropsize=240, hybrid_resolution=400, hybrid_promptad_epoch=100, hybrid_promptad_lr=0.002, hybrid_promptad_momentum=0.9, hybrid_promptad_weight_decay=0.0005, hybrid_promptad_eta_min=1e-05, hybrid_promptad_lambda1=0.001, hybrid_promptad_n_ctx=4, hybrid_promptad_n_pro=3, hybrid_promptad_n_ctx_ab=1, hybrid_promptad_n_pro_ab=4, early_stop_k=10, result_log_path='./results/train_hybrid_result.csv')
[Hybrid] method=winclip, class_name=splicing_connectors, train=1, eval=68, base_path=/data3/seungeon/data/image/mvtec_loco_anomaly_detection/yellow_splicing
grid 240 16 (15, 15)
[Hybrid-only] LA_AUC=0.72414, LA_AUPRC=0.80918, LA_F1=0.74286
[Data Description]
- Train: 1
- Test: 68

Train Start
[Test ROC-AUC]  -  SA: 0.00000,  LA: 0.60920
[Test AUPRC]  -  LA: 0.71242
[Test F1-max]  -  LA: 0.76000
Epoch: 0 | Loss: 6.853720664978027  | Negative Loss: 0.0
[Test ROC-AUC]  -  SA: 0.00000,  LA: 0.61185
[Test AUPRC]  -  LA: 0.71225
[Test F1-max]  -  LA: 0.76000
Epoch: 1 | Loss: 6.799147605895996  | Negative Loss: 0.0
[Test ROC-AUC]  -  SA: 0.00000,  LA: 0.60920
[Test AUPRC]  -  LA: 0.71243
[Test F1-max]  -  LA: 0.76768
Epoch: 2 | Loss: 6.192391395568848  | Negative Loss: 0.0
[Test ROC-AUC]  -  SA: 0.00000,  LA: 0.61450
[Test AUPRC]  -  LA: 0.69434
[Test F1-max]  -  LA: 0.76000
Epoch: 3 | Loss: 5.279648303985596  | Negative Loss: 0.0
[Test ROC-AUC]  -  SA: 0.00000,  LA: 0.61273
[Test AUPRC]  -  LA: 0.65850
[Test F1-max]  -  LA: 0.74510
Epoch: 4 | Loss: 4.254269123077393  | Negative Loss: 0.0
[Test ROC-AUC]  -  SA: 0.00000,  LA: 0.61981
[Test AUPRC]  -  LA: 0.65424
[Test F1-max]  -  LA: 0.76471
Epoch: 5 | Loss: 3.301574468612671  | Negative Loss: 0.0
[Test ROC-AUC]  -  SA: 0.00000,  LA: 0.61627
[Test AUPRC]  -  LA: 0.65658
[Test F1-max]  -  LA: 0.77228
Epoch: 6 | Loss: 2.4974513053894043  | Negative Loss: 0.0
[Test ROC-AUC]  -  SA: 0.00000,  LA: 0.61715
[Test AUPRC]  -  LA: 0.65982
[Test F1-max]  -  LA: 0.77228
Epoch: 7 | Loss: 1.8560091257095337  | Negative Loss: 0.0
[Test ROC-AUC]  -  SA: 0.00000,  LA: 0.62069
[Test AUPRC]  -  LA: 0.66356
[Test F1-max]  -  LA: 0.77228
Epoch: 8 | Loss: 1.3483328819274902  | Negative Loss: 0.0
[Test ROC-AUC]  -  SA: 0.00000,  LA: 0.62423
[Test AUPRC]  -  LA: 0.66659
[Test F1-max]  -  LA: 0.77228
Epoch: 9 | Loss: 0.9503023624420166  | Negative Loss: 0.0
[Test ROC-AUC]  -  SA: 0.00000,  LA: 0.62688
[Test AUPRC]  -  LA: 0.67024
[Test F1-max]  -  LA: 0.77228
Epoch: 10 | Loss: 0.652653157711029  | Negative Loss: 0.0
[Test ROC-AUC]  -  SA: 0.00000,  LA: 0.62511
[Test AUPRC]  -  LA: 0.67160
[Test F1-max]  -  LA: 0.77228
Epoch: 11 | Loss: 0.4343682527542114  | Negative Loss: 0.0
[Test ROC-AUC]  -  SA: 0.00000,  LA: 0.63484
[Test AUPRC]  -  LA: 0.68684
[Test F1-max]  -  LA: 0.77228
Epoch: 12 | Loss: 0.2813410758972168  | Negative Loss: 0.0
[Test ROC-AUC]  -  SA: 0.00000,  LA: 0.63749
[Test AUPRC]  -  LA: 0.68930
[Test F1-max]  -  LA: 0.77228
Epoch: 13 | Loss: 0.17847606539726257  | Negative Loss: 0.0
[Test ROC-AUC]  -  SA: 0.00000,  LA: 0.64545
[Test AUPRC]  -  LA: 0.69728
[Test F1-max]  -  LA: 0.77228
Epoch: 14 | Loss: 0.11107168346643448  | Negative Loss: 0.0
[Test ROC-AUC]  -  SA: 0.00000,  LA: 0.65429
[Test AUPRC]  -  LA: 0.70288
[Test F1-max]  -  LA: 0.77228
Epoch: 15 | Loss: 0.06785781681537628  | Negative Loss: 0.0
[Test ROC-AUC]  -  SA: 0.00000,  LA: 0.67286
[Test AUPRC]  -  LA: 0.73040
[Test F1-max]  -  LA: 0.77228
Epoch: 16 | Loss: 0.04100557416677475  | Negative Loss: 0.0
[Test ROC-AUC]  -  SA: 0.00000,  LA: 0.69054
[Test AUPRC]  -  LA: 0.74117
[Test F1-max]  -  LA: 0.77228
Epoch: 17 | Loss: 0.024651311337947845  | Negative Loss: 0.0
[Test ROC-AUC]  -  SA: 0.00000,  LA: 0.70292
[Test AUPRC]  -  LA: 0.74766
[Test F1-max]  -  LA: 0.77273
Epoch: 18 | Loss: 0.014802712947130203  | Negative Loss: 0.0
[Test ROC-AUC]  -  SA: 0.00000,  LA: 0.72149
[Test AUPRC]  -  LA: 0.76761
[Test F1-max]  -  LA: 0.78652
Epoch: 19 | Loss: 0.00892062671482563  | Negative Loss: 0.0
[Test ROC-AUC]  -  SA: 0.00000,  LA: 0.73121
[Test AUPRC]  -  LA: 0.77273
[Test F1-max]  -  LA: 0.79545
Epoch: 20 | Loss: 0.005409214645624161  | Negative Loss: 0.0
[Test ROC-AUC]  -  SA: 0.00000,  LA: 0.73740
[Test AUPRC]  -  LA: 0.78322
[Test F1-max]  -  LA: 0.79545
Epoch: 21 | Loss: 0.003310603089630604  | Negative Loss: 0.0
[Test ROC-AUC]  -  SA: 0.00000,  LA: 0.74271
[Test AUPRC]  -  LA: 0.79154
[Test F1-max]  -  LA: 0.78652
Epoch: 22 | Loss: 0.0020530112087726593  | Negative Loss: 0.0
[Test ROC-AUC]  -  SA: 0.00000,  LA: 0.74359
[Test AUPRC]  -  LA: 0.78886
[Test F1-max]  -  LA: 0.78652
Epoch: 23 | Loss: 0.0012912229867652059  | Negative Loss: 0.0
[Test ROC-AUC]  -  SA: 0.00000,  LA: 0.74889
[Test AUPRC]  -  LA: 0.79700
[Test F1-max]  -  LA: 0.79545
Epoch: 24 | Loss: 0.0008271920378319919  | Negative Loss: 0.0
[Test ROC-AUC]  -  SA: 0.00000,  LA: 0.74978
[Test AUPRC]  -  LA: 0.79991
[Test F1-max]  -  LA: 0.79012
Epoch: 25 | Loss: 0.0005397279746830463  | Negative Loss: 0.0
[Test ROC-AUC]  -  SA: 0.00000,  LA: 0.74978
[Test AUPRC]  -  LA: 0.80435
[Test F1-max]  -  LA: 0.79012
Epoch: 26 | Loss: 0.00035879696952179074  | Negative Loss: 0.0
[Test ROC-AUC]  -  SA: 0.00000,  LA: 0.75066
[Test AUPRC]  -  LA: 0.80502
[Test F1-max]  -  LA: 0.79012
Epoch: 27 | Loss: 0.00024317631323356181  | Negative Loss: 0.0
[Test ROC-AUC]  -  SA: 0.00000,  LA: 0.75332
[Test AUPRC]  -  LA: 0.80804
[Test F1-max]  -  LA: 0.79012
Epoch: 28 | Loss: 0.0001681991998339072  | Negative Loss: 0.0
[Test ROC-AUC]  -  SA: 0.00000,  LA: 0.75420
[Test AUPRC]  -  LA: 0.80863
[Test F1-max]  -  LA: 0.78049
Epoch: 29 | Loss: 0.00011872990580741316  | Negative Loss: 0.0
[Test ROC-AUC]  -  SA: 0.00000,  LA: 0.75508
[Test AUPRC]  -  LA: 0.81269
[Test F1-max]  -  LA: 0.78049
Epoch: 30 | Loss: 8.535254164598882e-05  | Negative Loss: 0.0
[Test ROC-AUC]  -  SA: 0.00000,  LA: 0.75243
[Test AUPRC]  -  LA: 0.81158
[Test F1-max]  -  LA: 0.78049
Epoch: 31 | Loss: 6.282258254941553e-05  | Negative Loss: 0.0
[Test ROC-AUC]  -  SA: 0.00000,  LA: 0.75243
[Test AUPRC]  -  LA: 0.81271
[Test F1-max]  -  LA: 0.78049
Epoch: 32 | Loss: 4.732568413601257e-05  | Negative Loss: 0.0
[Test ROC-AUC]  -  SA: 0.00000,  LA: 0.75066
[Test AUPRC]  -  LA: 0.81198
[Test F1-max]  -  LA: 0.78049
Epoch: 33 | Loss: 3.576255403459072e-05  | Negative Loss: 0.0
[Test ROC-AUC]  -  SA: 0.00000,  LA: 0.74889
[Test AUPRC]  -  LA: 0.81418
[Test F1-max]  -  LA: 0.78049
Epoch: 34 | Loss: 2.8014041163260117e-05  | Negative Loss: 0.0
[Test ROC-AUC]  -  SA: 0.00000,  LA: 0.74889
[Test AUPRC]  -  LA: 0.81453
[Test F1-max]  -  LA: 0.78049
Epoch: 35 | Loss: 2.229204801551532e-05  | Negative Loss: 0.0
[Test ROC-AUC]  -  SA: 0.00000,  LA: 0.74978
[Test AUPRC]  -  LA: 0.81716
[Test F1-max]  -  LA: 0.78049
Epoch: 36 | Loss: 1.7762125935405493e-05  | Negative Loss: 0.0
[Test ROC-AUC]  -  SA: 0.00000,  LA: 0.74978
[Test AUPRC]  -  LA: 0.81716
[Test F1-max]  -  LA: 0.78049
Epoch: 37 | Loss: 1.4424286746361759e-05  | Negative Loss: 0.0
[Test ROC-AUC]  -  SA: 0.00000,  LA: 0.74713
[Test AUPRC]  -  LA: 0.81577
[Test F1-max]  -  LA: 0.78049
Epoch: 38 | Loss: 1.2040112778777257e-05  | Negative Loss: 0.0
[Test ROC-AUC]  -  SA: 0.00000,  LA: 0.74713
[Test AUPRC]  -  LA: 0.81577
[Test F1-max]  -  LA: 0.78049
Epoch: 39 | Loss: 1.001356213237159e-05  | Negative Loss: 0.0
[Test ROC-AUC]  -  SA: 0.00000,  LA: 0.74978
[Test AUPRC]  -  LA: 0.81780
[Test F1-max]  -  LA: 0.78049
Epoch: 40 | Loss: 8.702264494786505e-06  | Negative Loss: 0.0
[Test ROC-AUC]  -  SA: 0.00000,  LA: 0.74801
[Test AUPRC]  -  LA: 0.81543
[Test F1-max]  -  LA: 0.78049
Epoch: 41 | Loss: 7.390965947706718e-06  | Negative Loss: 0.0
[Test ROC-AUC]  -  SA: 0.00000,  LA: 0.74801
[Test AUPRC]  -  LA: 0.81574
[Test F1-max]  -  LA: 0.78049
Epoch: 42 | Loss: 6.5565036493353546e-06  | Negative Loss: 0.0
[Test ROC-AUC]  -  SA: 0.00000,  LA: 0.74801
[Test AUPRC]  -  LA: 0.81585
[Test F1-max]  -  LA: 0.78049
Epoch: 43 | Loss: 5.722039531974588e-06  | Negative Loss: 0.0
[Test ROC-AUC]  -  SA: 0.00000,  LA: 0.74713
[Test AUPRC]  -  LA: 0.81489
[Test F1-max]  -  LA: 0.78049
Epoch: 44 | Loss: 5.245203738013515e-06  | Negative Loss: 0.0
[Test ROC-AUC]  -  SA: 0.00000,  LA: 0.74713
[Test AUPRC]  -  LA: 0.81489
[Test F1-max]  -  LA: 0.78049
Epoch: 45 | Loss: 4.410740075400099e-06  | Negative Loss: 0.0
[Test ROC-AUC]  -  SA: 0.00000,  LA: 0.74801
[Test AUPRC]  -  LA: 0.81563
[Test F1-max]  -  LA: 0.78049
Epoch: 46 | Loss: 3.933903826691676e-06  | Negative Loss: 0.0
[Test ROC-AUC]  -  SA: 0.00000,  LA: 0.74801
[Test AUPRC]  -  LA: 0.81563
[Test F1-max]  -  LA: 0.78049
Epoch: 47 | Loss: 3.6954852475901134e-06  | Negative Loss: 0.0
[Test ROC-AUC]  -  SA: 0.00000,  LA: 0.74624
[Test AUPRC]  -  LA: 0.81437
[Test F1-max]  -  LA: 0.78049
Epoch: 48 | Loss: 3.337858061058796e-06  | Negative Loss: 0.0
[Test ROC-AUC]  -  SA: 0.00000,  LA: 0.74624
[Test AUPRC]  -  LA: 0.81437
[Test F1-max]  -  LA: 0.78049
Epoch: 49 | Loss: 3.0994399367045844e-06  | Negative Loss: 0.0
[Test ROC-AUC]  -  SA: 0.00000,  LA: 0.74624
[Test AUPRC]  -  LA: 0.81437
[Test F1-max]  -  LA: 0.78049
Epoch: 50 | Loss: 2.861021357603022e-06  | Negative Loss: 0.0
[Test ROC-AUC]  -  SA: 0.00000,  LA: 0.74624
[Test AUPRC]  -  LA: 0.81437
[Test F1-max]  -  LA: 0.78049
Epoch: 51 | Loss: 2.861021357603022e-06  | Negative Loss: 0.0
[Test ROC-AUC]  -  SA: 0.00000,  LA: 0.74624
[Test AUPRC]  -  LA: 0.81437
[Test F1-max]  -  LA: 0.78049
Epoch: 52 | Loss: 2.622603005875135e-06  | Negative Loss: 0.0
[Test ROC-AUC]  -  SA: 0.00000,  LA: 0.74624
[Test AUPRC]  -  LA: 0.81437
[Test F1-max]  -  LA: 0.78049
Epoch: 53 | Loss: 2.503393943698029e-06  | Negative Loss: 0.0
[Test ROC-AUC]  -  SA: 0.00000,  LA: 0.74713
[Test AUPRC]  -  LA: 0.81591
[Test F1-max]  -  LA: 0.78049
Epoch: 54 | Loss: 2.3841848815209232e-06  | Negative Loss: 0.0
[Test ROC-AUC]  -  SA: 0.00000,  LA: 0.74713
[Test AUPRC]  -  LA: 0.81591
[Test F1-max]  -  LA: 0.78049
Epoch: 55 | Loss: 2.264975591970142e-06  | Negative Loss: 0.0
[Test ROC-AUC]  -  SA: 0.00000,  LA: 0.74713
[Test AUPRC]  -  LA: 0.81542
[Test F1-max]  -  LA: 0.78049
Epoch: 56 | Loss: 2.264975591970142e-06  | Negative Loss: 0.0
[Test ROC-AUC]  -  SA: 0.00000,  LA: 0.74713
[Test AUPRC]  -  LA: 0.81542
[Test F1-max]  -  LA: 0.78049
Epoch: 57 | Loss: 2.1457663024193607e-06  | Negative Loss: 0.0
[Test ROC-AUC]  -  SA: 0.00000,  LA: 0.74801
[Test AUPRC]  -  LA: 0.81571
[Test F1-max]  -  LA: 0.78049
Epoch: 58 | Loss: 2.0265570128685795e-06  | Negative Loss: 0.0
[Test ROC-AUC]  -  SA: 0.00000,  LA: 0.74889
[Test AUPRC]  -  LA: 0.81653
[Test F1-max]  -  LA: 0.78049
Epoch: 59 | Loss: 2.0265570128685795e-06  | Negative Loss: 0.0
[Test ROC-AUC]  -  SA: 0.00000,  LA: 0.74889
[Test AUPRC]  -  LA: 0.81653
[Test F1-max]  -  LA: 0.78049
Epoch: 60 | Loss: 1.7881388885143679e-06  | Negative Loss: 0.0
[Test ROC-AUC]  -  SA: 0.00000,  LA: 0.74889
[Test AUPRC]  -  LA: 0.81653
[Test F1-max]  -  LA: 0.78049
Epoch: 61 | Loss: 1.7881388885143679e-06  | Negative Loss: 0.0
[Test ROC-AUC]  -  SA: 0.00000,  LA: 0.74889
[Test AUPRC]  -  LA: 0.81653
[Test F1-max]  -  LA: 0.78049
Epoch: 62 | Loss: 1.7881388885143679e-06  | Negative Loss: 0.0
[Test ROC-AUC]  -  SA: 0.00000,  LA: 0.74801
[Test AUPRC]  -  LA: 0.81525
[Test F1-max]  -  LA: 0.78049
Epoch: 63 | Loss: 1.7881388885143679e-06  | Negative Loss: 0.0
[Test ROC-AUC]  -  SA: 0.00000,  LA: 0.74801
[Test AUPRC]  -  LA: 0.81525
[Test F1-max]  -  LA: 0.78049
Epoch: 64 | Loss: 1.7881388885143679e-06  | Negative Loss: 0.0
[Test ROC-AUC]  -  SA: 0.00000,  LA: 0.74801
[Test AUPRC]  -  LA: 0.81525
[Test F1-max]  -  LA: 0.78049
Epoch: 65 | Loss: 1.7881388885143679e-06  | Negative Loss: 0.0
[Test ROC-AUC]  -  SA: 0.00000,  LA: 0.74801
[Test AUPRC]  -  LA: 0.81525
[Test F1-max]  -  LA: 0.78049
Epoch: 66 | Loss: 1.6689295989635866e-06  | Negative Loss: 0.0
[Test ROC-AUC]  -  SA: 0.00000,  LA: 0.74801
[Test AUPRC]  -  LA: 0.81525
[Test F1-max]  -  LA: 0.78049
Epoch: 67 | Loss: 1.5497203094128054e-06  | Negative Loss: 0.0
[Test ROC-AUC]  -  SA: 0.00000,  LA: 0.74713
[Test AUPRC]  -  LA: 0.81492
[Test F1-max]  -  LA: 0.78049
Epoch: 68 | Loss: 1.4305110198620241e-06  | Negative Loss: 0.0
[Test ROC-AUC]  -  SA: 0.00000,  LA: 0.74713
[Test AUPRC]  -  LA: 0.81492
[Test F1-max]  -  LA: 0.78049
Epoch: 69 | Loss: 1.4305110198620241e-06  | Negative Loss: 0.0
[Test ROC-AUC]  -  SA: 0.00000,  LA: 0.74713
[Test AUPRC]  -  LA: 0.81492
[Test F1-max]  -  LA: 0.78049
Epoch: 70 | Loss: 1.4305110198620241e-06  | Negative Loss: 0.0
[Test ROC-AUC]  -  SA: 0.00000,  LA: 0.74624
[Test AUPRC]  -  LA: 0.81448
[Test F1-max]  -  LA: 0.77500
Epoch: 71 | Loss: 1.4305110198620241e-06  | Negative Loss: 0.0
[Test ROC-AUC]  -  SA: 0.00000,  LA: 0.74624
[Test AUPRC]  -  LA: 0.81448
[Test F1-max]  -  LA: 0.77500
Epoch: 72 | Loss: 1.4305110198620241e-06  | Negative Loss: 0.0
[Test ROC-AUC]  -  SA: 0.00000,  LA: 0.74713
[Test AUPRC]  -  LA: 0.81520
[Test F1-max]  -  LA: 0.77500
Epoch: 73 | Loss: 1.4305110198620241e-06  | Negative Loss: 0.0
[Test ROC-AUC]  -  SA: 0.00000,  LA: 0.74713
[Test AUPRC]  -  LA: 0.81520
[Test F1-max]  -  LA: 0.77500
Epoch: 74 | Loss: 1.4305110198620241e-06  | Negative Loss: 0.0
[Test ROC-AUC]  -  SA: 0.00000,  LA: 0.74713
[Test AUPRC]  -  LA: 0.81520
[Test F1-max]  -  LA: 0.77500
Epoch: 75 | Loss: 1.4305110198620241e-06  | Negative Loss: 0.0
[Test ROC-AUC]  -  SA: 0.00000,  LA: 0.74801
[Test AUPRC]  -  LA: 0.81564
[Test F1-max]  -  LA: 0.78049
Epoch: 76 | Loss: 1.3113019576849183e-06  | Negative Loss: 0.0
[Test ROC-AUC]  -  SA: 0.00000,  LA: 0.74801
[Test AUPRC]  -  LA: 0.81564
[Test F1-max]  -  LA: 0.78049
Epoch: 77 | Loss: 1.3113019576849183e-06  | Negative Loss: 0.0
[Test ROC-AUC]  -  SA: 0.00000,  LA: 0.74801
[Test AUPRC]  -  LA: 0.81564
[Test F1-max]  -  LA: 0.78049
Epoch: 78 | Loss: 1.3113019576849183e-06  | Negative Loss: 0.0
[Test ROC-AUC]  -  SA: 0.00000,  LA: 0.74801
[Test AUPRC]  -  LA: 0.81564
[Test F1-max]  -  LA: 0.78049
Epoch: 79 | Loss: 1.3113019576849183e-06  | Negative Loss: 0.0
[Test ROC-AUC]  -  SA: 0.00000,  LA: 0.74801
[Test AUPRC]  -  LA: 0.81564
[Test F1-max]  -  LA: 0.78049
Epoch: 80 | Loss: 1.192092668134137e-06  | Negative Loss: 0.0
[Test ROC-AUC]  -  SA: 0.00000,  LA: 0.74801
[Test AUPRC]  -  LA: 0.81564
[Test F1-max]  -  LA: 0.78049
Epoch: 81 | Loss: 1.192092668134137e-06  | Negative Loss: 0.0
[Test ROC-AUC]  -  SA: 0.00000,  LA: 0.74801
[Test AUPRC]  -  LA: 0.81564
[Test F1-max]  -  LA: 0.78049
Epoch: 82 | Loss: 1.192092668134137e-06  | Negative Loss: 0.0
[Test ROC-AUC]  -  SA: 0.00000,  LA: 0.74801
[Test AUPRC]  -  LA: 0.81564
[Test F1-max]  -  LA: 0.78049
Epoch: 83 | Loss: 1.192092668134137e-06  | Negative Loss: 0.0
[Test ROC-AUC]  -  SA: 0.00000,  LA: 0.74801
[Test AUPRC]  -  LA: 0.81605
[Test F1-max]  -  LA: 0.78049
Epoch: 84 | Loss: 1.192092668134137e-06  | Negative Loss: 0.0
[Test ROC-AUC]  -  SA: 0.00000,  LA: 0.74889
[Test AUPRC]  -  LA: 0.81638
[Test F1-max]  -  LA: 0.78049
Epoch: 85 | Loss: 1.192092668134137e-06  | Negative Loss: 0.0
[Test ROC-AUC]  -  SA: 0.00000,  LA: 0.74801
[Test AUPRC]  -  LA: 0.81594
[Test F1-max]  -  LA: 0.77500
Epoch: 86 | Loss: 1.192092668134137e-06  | Negative Loss: 0.0
[Test ROC-AUC]  -  SA: 0.00000,  LA: 0.74889
[Test AUPRC]  -  LA: 0.81638
[Test F1-max]  -  LA: 0.78049
Epoch: 87 | Loss: 1.192092668134137e-06  | Negative Loss: 0.0
[Test ROC-AUC]  -  SA: 0.00000,  LA: 0.74801
[Test AUPRC]  -  LA: 0.81594
[Test F1-max]  -  LA: 0.77500
Epoch: 88 | Loss: 1.192092668134137e-06  | Negative Loss: 0.0
[Test ROC-AUC]  -  SA: 0.00000,  LA: 0.74801
[Test AUPRC]  -  LA: 0.81594
[Test F1-max]  -  LA: 0.77500
Epoch: 89 | Loss: 1.192092668134137e-06  | Negative Loss: 0.0
[Test ROC-AUC]  -  SA: 0.00000,  LA: 0.74801
[Test AUPRC]  -  LA: 0.81594
[Test F1-max]  -  LA: 0.77500
Epoch: 90 | Loss: 1.192092668134137e-06  | Negative Loss: 0.0
[Test ROC-AUC]  -  SA: 0.00000,  LA: 0.74801
[Test AUPRC]  -  LA: 0.81594
[Test F1-max]  -  LA: 0.77500
Epoch: 91 | Loss: 1.192092668134137e-06  | Negative Loss: 0.0
[Test ROC-AUC]  -  SA: 0.00000,  LA: 0.74801
[Test AUPRC]  -  LA: 0.81594
[Test F1-max]  -  LA: 0.77500
Epoch: 92 | Loss: 1.192092668134137e-06  | Negative Loss: 0.0
[Test ROC-AUC]  -  SA: 0.00000,  LA: 0.74801
[Test AUPRC]  -  LA: 0.81594
[Test F1-max]  -  LA: 0.77500
Epoch: 93 | Loss: 1.192092668134137e-06  | Negative Loss: 0.0
[Test ROC-AUC]  -  SA: 0.00000,  LA: 0.74801
[Test AUPRC]  -  LA: 0.81594
[Test F1-max]  -  LA: 0.77500
Epoch: 94 | Loss: 1.192092668134137e-06  | Negative Loss: 0.0
[Test ROC-AUC]  -  SA: 0.00000,  LA: 0.74801
[Test AUPRC]  -  LA: 0.81594
[Test F1-max]  -  LA: 0.77500
Epoch: 95 | Loss: 1.192092668134137e-06  | Negative Loss: 0.0
[Test ROC-AUC]  -  SA: 0.00000,  LA: 0.74801
[Test AUPRC]  -  LA: 0.81594
[Test F1-max]  -  LA: 0.77500
Epoch: 96 | Loss: 1.192092668134137e-06  | Negative Loss: 0.0
[Test ROC-AUC]  -  SA: 0.00000,  LA: 0.74801
[Test AUPRC]  -  LA: 0.81594
[Test F1-max]  -  LA: 0.77500
Epoch: 97 | Loss: 1.192092668134137e-06  | Negative Loss: 0.0
[Test ROC-AUC]  -  SA: 0.00000,  LA: 0.74801
[Test AUPRC]  -  LA: 0.81594
[Test F1-max]  -  LA: 0.77500
Epoch: 98 | Loss: 1.192092668134137e-06  | Negative Loss: 0.0
[Test ROC-AUC]  -  SA: 0.00000,  LA: 0.74801
[Test AUPRC]  -  LA: 0.81594
[Test F1-max]  -  LA: 0.77500
Epoch: 99 | Loss: 1.192092668134137e-06  | Negative Loss: 0.0
Time consumption: 95.71988320350647
Best LA AUC: 0.7550839964633068
Best LA AUPC: 0.8178001394742074
Best LA F1-max: 0.7954545454545455
[Result] Experiment result appended to ./results/train_hybrid_result.csv

[END] 2026-03-18 21:28:44
[RETURN CODE] 0
