[START] 2026-03-18 21:19:10
[GPU] 0
[TASK] 45/60
[NAME] yellow_splicing_promptad
[REPEAT] 5/10
[COMMAND] python train_hybrid.py --data_name yellow_splicing --mask True --text True --double_encoder True --few_shot True --shot 1 --hybrid_model promptad --hybrid_weight 0.3 --hybrid_batch_size 16 --epoch 100 --log True --lr 5e-4 --detection True --preprocess True

/home/seungeon/miniconda3/envs/LAB/lib/python3.10/site-packages/timm/models/layers/__init__.py:48: FutureWarning: Importing from timm.models.layers is deprecated, please import via timm.layers
  warnings.warn(f"Importing from {__name__} is deprecated, please import via timm.layers", FutureWarning)
/home/seungeon/Workspace/side/vlm/train_hybrid.py:18: DeprecationWarning: The distutils package is deprecated and slated for removal in Python 3.12. Use setuptools or check PEP 632 for potential alternatives
  from distutils.util import strtobool
Torch version: 2.9.1+cu128
cuda is loaded for process
here?
In my local computer
Namespace(epoch=100, gpu_number='0', data_name='yellow_splicing', lr=0.0005, batch_size=6, shuffle=True, seed=0, tag='default', model_name='ViT-B-32', pretrained_name='laion2b_s34b_b79k', lora=1, default=False, foundation='CLIP', detection=1, preprocess=1, num_rule=0, object_names=['a photo of orange connector', 'a photo of yellow cable', 'a photo of red cable', 'a photo of blue cable', 'a photo of metal panel'], objects_for_rules=[['a photo of orange connector'], ['a photo of orange connector'], ['a photo of yellow cable'], ['a photo of yellow cable'], ['a photo of orange connector'], ['a photo of orange connector', 'a photo of yellow cable']], texts_for_rules=[['a photo of orange connector'], ['a photo of orange connector'], ['a photo of yellow cable'], ['a photo of yellow cable'], ['a photo of orange connector'], ['a photo of orange connector and yellow cable']], mask=1, text=1, score='mean', ciriculam_learning=False, few_shot=1, shot=1, log=1, neg_loss=0, double_encoder=1, pretrained_count_path=None, ris=0, rule_select='', rule_list=[], num_negative=5, hybrid_model='promptad', hybrid_weight=0.3, hybrid_class_name='', hybrid_batch_size=16, hybrid_backbone='ViT-B-16-plus-240', hybrid_pretrained_dataset='laion400m_e32', hybrid_scales=[2, 3], hybrid_img_resize=240, hybrid_img_cropsize=240, hybrid_resolution=400, hybrid_promptad_epoch=100, hybrid_promptad_lr=0.002, hybrid_promptad_momentum=0.9, hybrid_promptad_weight_decay=0.0005, hybrid_promptad_eta_min=1e-05, hybrid_promptad_lambda1=0.001, hybrid_promptad_n_ctx=4, hybrid_promptad_n_pro=3, hybrid_promptad_n_ctx_ab=1, hybrid_promptad_n_pro_ab=4, early_stop_k=10, result_log_path='./results/train_hybrid_result.csv')
[Hybrid] method=promptad, class_name=splicing_connectors, train=1, eval=68, base_path=/data3/seungeon/data/image/mvtec_loco_anomaly_detection/yellow_splicing
[Hybrid-only] LA_AUC=0.65429, LA_AUPRC=0.72868, LA_F1=0.76087
[Data Description]
- Train: 1
- Test: 68

Train Start
[Test ROC-AUC]  -  SA: 0.00000,  LA: 0.52520
[Test AUPRC]  -  LA: 0.60861
[Test F1-max]  -  LA: 0.75728
Epoch: 0 | Loss: 14.671772956848145  | Negative Loss: 0.0
[Test ROC-AUC]  -  SA: 0.00000,  LA: 0.53139
[Test AUPRC]  -  LA: 0.61559
[Test F1-max]  -  LA: 0.75728
Epoch: 1 | Loss: 14.569930076599121  | Negative Loss: 0.0
[Test ROC-AUC]  -  SA: 0.00000,  LA: 0.54553
[Test AUPRC]  -  LA: 0.62826
[Test F1-max]  -  LA: 0.75728
Epoch: 2 | Loss: 13.363417625427246  | Negative Loss: 0.0
[Test ROC-AUC]  -  SA: 0.00000,  LA: 0.58886
[Test AUPRC]  -  LA: 0.66060
[Test F1-max]  -  LA: 0.77228
Epoch: 3 | Loss: 11.524225234985352  | Negative Loss: 0.0
[Test ROC-AUC]  -  SA: 0.00000,  LA: 0.61538
[Test AUPRC]  -  LA: 0.63676
[Test F1-max]  -  LA: 0.75728
Epoch: 4 | Loss: 9.316390037536621  | Negative Loss: 0.0
[Test ROC-AUC]  -  SA: 0.00000,  LA: 0.62599
[Test AUPRC]  -  LA: 0.64331
[Test F1-max]  -  LA: 0.75248
Epoch: 5 | Loss: 7.204176902770996  | Negative Loss: 0.0
[Test ROC-AUC]  -  SA: 0.00000,  LA: 0.62157
[Test AUPRC]  -  LA: 0.66890
[Test F1-max]  -  LA: 0.75728
Epoch: 6 | Loss: 5.538903713226318  | Negative Loss: 0.0
[Test ROC-AUC]  -  SA: 0.00000,  LA: 0.61627
[Test AUPRC]  -  LA: 0.69107
[Test F1-max]  -  LA: 0.75728
Epoch: 7 | Loss: 4.2884111404418945  | Negative Loss: 0.0
[Test ROC-AUC]  -  SA: 0.00000,  LA: 0.61273
[Test AUPRC]  -  LA: 0.68889
[Test F1-max]  -  LA: 0.76000
Epoch: 8 | Loss: 3.277283191680908  | Negative Loss: 0.0
[Test ROC-AUC]  -  SA: 0.00000,  LA: 0.60920
[Test AUPRC]  -  LA: 0.68668
[Test F1-max]  -  LA: 0.76000
Epoch: 9 | Loss: 2.4879891872406006  | Negative Loss: 0.0
[Test ROC-AUC]  -  SA: 0.00000,  LA: 0.60654
[Test AUPRC]  -  LA: 0.68275
[Test F1-max]  -  LA: 0.76000
Epoch: 10 | Loss: 1.8811924457550049  | Negative Loss: 0.0
[Test ROC-AUC]  -  SA: 0.00000,  LA: 0.60654
[Test AUPRC]  -  LA: 0.68314
[Test F1-max]  -  LA: 0.76471
Epoch: 11 | Loss: 1.396815538406372  | Negative Loss: 0.0
[Test ROC-AUC]  -  SA: 0.00000,  LA: 0.60920
[Test AUPRC]  -  LA: 0.69111
[Test F1-max]  -  LA: 0.76000
Epoch: 12 | Loss: 1.0223972797393799  | Negative Loss: 0.0
[Test ROC-AUC]  -  SA: 0.00000,  LA: 0.61892
[Test AUPRC]  -  LA: 0.69789
[Test F1-max]  -  LA: 0.77228
Epoch: 13 | Loss: 0.7369470000267029  | Negative Loss: 0.0
[Test ROC-AUC]  -  SA: 0.00000,  LA: 0.62069
[Test AUPRC]  -  LA: 0.69873
[Test F1-max]  -  LA: 0.77228
Epoch: 14 | Loss: 0.5205811858177185  | Negative Loss: 0.0
[Test ROC-AUC]  -  SA: 0.00000,  LA: 0.61981
[Test AUPRC]  -  LA: 0.69257
[Test F1-max]  -  LA: 0.77228
Epoch: 15 | Loss: 0.36076200008392334  | Negative Loss: 0.0
[Test ROC-AUC]  -  SA: 0.00000,  LA: 0.61981
[Test AUPRC]  -  LA: 0.69265
[Test F1-max]  -  LA: 0.77228
Epoch: 16 | Loss: 0.24621783196926117  | Negative Loss: 0.0
[Test ROC-AUC]  -  SA: 0.00000,  LA: 0.61981
[Test AUPRC]  -  LA: 0.69173
[Test F1-max]  -  LA: 0.77228
Epoch: 17 | Loss: 0.166093647480011  | Negative Loss: 0.0
[Test ROC-AUC]  -  SA: 0.00000,  LA: 0.62423
[Test AUPRC]  -  LA: 0.69355
[Test F1-max]  -  LA: 0.77228
Epoch: 18 | Loss: 0.11098196357488632  | Negative Loss: 0.0
[Test ROC-AUC]  -  SA: 0.00000,  LA: 0.62776
[Test AUPRC]  -  LA: 0.69447
[Test F1-max]  -  LA: 0.77228
Epoch: 19 | Loss: 0.073814757168293  | Negative Loss: 0.0
[Test ROC-AUC]  -  SA: 0.00000,  LA: 0.63130
[Test AUPRC]  -  LA: 0.69629
[Test F1-max]  -  LA: 0.76768
Epoch: 20 | Loss: 0.04900237172842026  | Negative Loss: 0.0
[Test ROC-AUC]  -  SA: 0.00000,  LA: 0.63926
[Test AUPRC]  -  LA: 0.69971
[Test F1-max]  -  LA: 0.77551
Epoch: 21 | Loss: 0.03250866010785103  | Negative Loss: 0.0
[Test ROC-AUC]  -  SA: 0.00000,  LA: 0.64721
[Test AUPRC]  -  LA: 0.70554
[Test F1-max]  -  LA: 0.77551
Epoch: 22 | Loss: 0.021616963669657707  | Negative Loss: 0.0
[Test ROC-AUC]  -  SA: 0.00000,  LA: 0.65517
[Test AUPRC]  -  LA: 0.71488
[Test F1-max]  -  LA: 0.77551
Epoch: 23 | Loss: 0.014458077028393745  | Negative Loss: 0.0
[Test ROC-AUC]  -  SA: 0.00000,  LA: 0.66755
[Test AUPRC]  -  LA: 0.72354
[Test F1-max]  -  LA: 0.77551
Epoch: 24 | Loss: 0.009772823192179203  | Negative Loss: 0.0
[Test ROC-AUC]  -  SA: 0.00000,  LA: 0.67551
[Test AUPRC]  -  LA: 0.71989
[Test F1-max]  -  LA: 0.78351
Epoch: 25 | Loss: 0.006683573126792908  | Negative Loss: 0.0
[Test ROC-AUC]  -  SA: 0.00000,  LA: 0.68523
[Test AUPRC]  -  LA: 0.72730
[Test F1-max]  -  LA: 0.79167
Epoch: 26 | Loss: 0.004632244817912579  | Negative Loss: 0.0
[Test ROC-AUC]  -  SA: 0.00000,  LA: 0.68877
[Test AUPRC]  -  LA: 0.71843
[Test F1-max]  -  LA: 0.79167
Epoch: 27 | Loss: 0.0032585696317255497  | Negative Loss: 0.0
[Test ROC-AUC]  -  SA: 0.00000,  LA: 0.69584
[Test AUPRC]  -  LA: 0.72489
[Test F1-max]  -  LA: 0.79167
Epoch: 28 | Loss: 0.002325186040252447  | Negative Loss: 0.0
[Test ROC-AUC]  -  SA: 0.00000,  LA: 0.70027
[Test AUPRC]  -  LA: 0.72856
[Test F1-max]  -  LA: 0.79167
Epoch: 29 | Loss: 0.0016843922203406692  | Negative Loss: 0.0
[Test ROC-AUC]  -  SA: 0.00000,  LA: 0.70557
[Test AUPRC]  -  LA: 0.72143
[Test F1-max]  -  LA: 0.79167
Epoch: 30 | Loss: 0.0012393107172101736  | Negative Loss: 0.0
[Test ROC-AUC]  -  SA: 0.00000,  LA: 0.71176
[Test AUPRC]  -  LA: 0.72589
[Test F1-max]  -  LA: 0.80000
Epoch: 31 | Loss: 0.000925940927118063  | Negative Loss: 0.0
[Test ROC-AUC]  -  SA: 0.00000,  LA: 0.71795
[Test AUPRC]  -  LA: 0.73116
[Test F1-max]  -  LA: 0.80851
Epoch: 32 | Loss: 0.0007029821281321347  | Negative Loss: 0.0
[Test ROC-AUC]  -  SA: 0.00000,  LA: 0.72325
[Test AUPRC]  -  LA: 0.73608
[Test F1-max]  -  LA: 0.80851
Epoch: 33 | Loss: 0.0005423336406238377  | Negative Loss: 0.0
[Test ROC-AUC]  -  SA: 0.00000,  LA: 0.73033
[Test AUPRC]  -  LA: 0.74224
[Test F1-max]  -  LA: 0.81720
Epoch: 34 | Loss: 0.0004247002652846277  | Negative Loss: 0.0
[Test ROC-AUC]  -  SA: 0.00000,  LA: 0.74005
[Test AUPRC]  -  LA: 0.73421
[Test F1-max]  -  LA: 0.81720
Epoch: 35 | Loss: 0.0003376928507350385  | Negative Loss: 0.0
[Test ROC-AUC]  -  SA: 0.00000,  LA: 0.74271
[Test AUPRC]  -  LA: 0.73556
[Test F1-max]  -  LA: 0.81720
Epoch: 36 | Loss: 0.0002724947116803378  | Negative Loss: 0.0
[Test ROC-AUC]  -  SA: 0.00000,  LA: 0.74624
[Test AUPRC]  -  LA: 0.73584
[Test F1-max]  -  LA: 0.81720
Epoch: 37 | Loss: 0.0002229094534413889  | Negative Loss: 0.0
[Test ROC-AUC]  -  SA: 0.00000,  LA: 0.74624
[Test AUPRC]  -  LA: 0.73161
[Test F1-max]  -  LA: 0.81720
Epoch: 38 | Loss: 0.00018500458099879324  | Negative Loss: 0.0
[Test ROC-AUC]  -  SA: 0.00000,  LA: 0.75066
[Test AUPRC]  -  LA: 0.73130
[Test F1-max]  -  LA: 0.81720
Epoch: 39 | Loss: 0.0001553238689666614  | Negative Loss: 0.0
[Test ROC-AUC]  -  SA: 0.00000,  LA: 0.75862
[Test AUPRC]  -  LA: 0.75415
[Test F1-max]  -  LA: 0.81720
Epoch: 40 | Loss: 0.00013219885295256972  | Negative Loss: 0.0
[Test ROC-AUC]  -  SA: 0.00000,  LA: 0.76569
[Test AUPRC]  -  LA: 0.76962
[Test F1-max]  -  LA: 0.81720
Epoch: 41 | Loss: 0.00011360329517628998  | Negative Loss: 0.0
[Test ROC-AUC]  -  SA: 0.00000,  LA: 0.76923
[Test AUPRC]  -  LA: 0.77569
[Test F1-max]  -  LA: 0.81720
Epoch: 42 | Loss: 9.882209997158498e-05  | Negative Loss: 0.0
[Test ROC-AUC]  -  SA: 0.00000,  LA: 0.77188
[Test AUPRC]  -  LA: 0.77667
[Test F1-max]  -  LA: 0.81818
Epoch: 43 | Loss: 8.690171671332791e-05  | Negative Loss: 0.0
[Test ROC-AUC]  -  SA: 0.00000,  LA: 0.77011
[Test AUPRC]  -  LA: 0.77219
[Test F1-max]  -  LA: 0.82759
Epoch: 44 | Loss: 7.688852929277346e-05  | Negative Loss: 0.0
[Test ROC-AUC]  -  SA: 0.00000,  LA: 0.77365
[Test AUPRC]  -  LA: 0.77544
[Test F1-max]  -  LA: 0.82759
Epoch: 45 | Loss: 6.902099994476885e-05  | Negative Loss: 0.0
[Test ROC-AUC]  -  SA: 0.00000,  LA: 0.77542
[Test AUPRC]  -  LA: 0.77674
[Test F1-max]  -  LA: 0.82759
Epoch: 46 | Loss: 6.222628871910274e-05  | Negative Loss: 0.0
[Test ROC-AUC]  -  SA: 0.00000,  LA: 0.77542
[Test AUPRC]  -  LA: 0.77625
[Test F1-max]  -  LA: 0.82353
Epoch: 47 | Loss: 5.6623612181283534e-05  | Negative Loss: 0.0
[Test ROC-AUC]  -  SA: 0.00000,  LA: 0.77277
[Test AUPRC]  -  LA: 0.77364
[Test F1-max]  -  LA: 0.82353
Epoch: 48 | Loss: 5.173616227693856e-05  | Negative Loss: 0.0
[Test ROC-AUC]  -  SA: 0.00000,  LA: 0.77365
[Test AUPRC]  -  LA: 0.77757
[Test F1-max]  -  LA: 0.82353
Epoch: 49 | Loss: 4.792155959876254e-05  | Negative Loss: 0.0
[Test ROC-AUC]  -  SA: 0.00000,  LA: 0.77100
[Test AUPRC]  -  LA: 0.77462
[Test F1-max]  -  LA: 0.82353
Epoch: 50 | Loss: 4.434536094777286e-05  | Negative Loss: 0.0
[Test ROC-AUC]  -  SA: 0.00000,  LA: 0.77188
[Test AUPRC]  -  LA: 0.77531
[Test F1-max]  -  LA: 0.82105
Epoch: 51 | Loss: 4.136519055464305e-05  | Negative Loss: 0.0
[Test ROC-AUC]  -  SA: 0.00000,  LA: 0.77277
[Test AUPRC]  -  LA: 0.77712
[Test F1-max]  -  LA: 0.82105
Epoch: 52 | Loss: 3.8742633478250355e-05  | Negative Loss: 0.0
[Test ROC-AUC]  -  SA: 0.00000,  LA: 0.77188
[Test AUPRC]  -  LA: 0.77554
[Test F1-max]  -  LA: 0.82105
Epoch: 53 | Loss: 3.6477700632531196e-05  | Negative Loss: 0.0
[Test ROC-AUC]  -  SA: 0.00000,  LA: 0.77365
[Test AUPRC]  -  LA: 0.77555
[Test F1-max]  -  LA: 0.82105
Epoch: 54 | Loss: 3.457038474152796e-05  | Negative Loss: 0.0
[Test ROC-AUC]  -  SA: 0.00000,  LA: 0.77277
[Test AUPRC]  -  LA: 0.77502
[Test F1-max]  -  LA: 0.82105
Epoch: 55 | Loss: 3.2782278140075505e-05  | Negative Loss: 0.0
[Test ROC-AUC]  -  SA: 0.00000,  LA: 0.77188
[Test AUPRC]  -  LA: 0.77382
[Test F1-max]  -  LA: 0.82105
Epoch: 56 | Loss: 3.135178849333897e-05  | Negative Loss: 0.0
[Test ROC-AUC]  -  SA: 0.00000,  LA: 0.77277
[Test AUPRC]  -  LA: 0.77982
[Test F1-max]  -  LA: 0.82105
Epoch: 57 | Loss: 3.004050813615322e-05  | Negative Loss: 0.0
[Test ROC-AUC]  -  SA: 0.00000,  LA: 0.77277
[Test AUPRC]  -  LA: 0.77967
[Test F1-max]  -  LA: 0.82105
Epoch: 58 | Loss: 2.884843161155004e-05  | Negative Loss: 0.0
[Test ROC-AUC]  -  SA: 0.00000,  LA: 0.77542
[Test AUPRC]  -  LA: 0.78107
[Test F1-max]  -  LA: 0.82105
Epoch: 59 | Loss: 2.789477184705902e-05  | Negative Loss: 0.0
[Test ROC-AUC]  -  SA: 0.00000,  LA: 0.77630
[Test AUPRC]  -  LA: 0.78165
[Test F1-max]  -  LA: 0.82105
Epoch: 60 | Loss: 2.6821900974027812e-05  | Negative Loss: 0.0
[Test ROC-AUC]  -  SA: 0.00000,  LA: 0.77630
[Test AUPRC]  -  LA: 0.78165
[Test F1-max]  -  LA: 0.82105
Epoch: 61 | Loss: 2.5987446861108765e-05  | Negative Loss: 0.0
[Test ROC-AUC]  -  SA: 0.00000,  LA: 0.77719
[Test AUPRC]  -  LA: 0.78193
[Test F1-max]  -  LA: 0.82105
Epoch: 62 | Loss: 2.52722020377405e-05  | Negative Loss: 0.0
[Test ROC-AUC]  -  SA: 0.00000,  LA: 0.77807
[Test AUPRC]  -  LA: 0.78243
[Test F1-max]  -  LA: 0.82105
Epoch: 63 | Loss: 2.4556953576393425e-05  | Negative Loss: 0.0
[Test ROC-AUC]  -  SA: 0.00000,  LA: 0.77719
[Test AUPRC]  -  LA: 0.78147
[Test F1-max]  -  LA: 0.82105
Epoch: 64 | Loss: 2.3960916223586537e-05  | Negative Loss: 0.0
[Test ROC-AUC]  -  SA: 0.00000,  LA: 0.77807
[Test AUPRC]  -  LA: 0.78199
[Test F1-max]  -  LA: 0.82105
Epoch: 65 | Loss: 2.336487523280084e-05  | Negative Loss: 0.0
[Test ROC-AUC]  -  SA: 0.00000,  LA: 0.77896
[Test AUPRC]  -  LA: 0.78248
[Test F1-max]  -  LA: 0.82105
Epoch: 66 | Loss: 2.288804535055533e-05  | Negative Loss: 0.0
[Test ROC-AUC]  -  SA: 0.00000,  LA: 0.77807
[Test AUPRC]  -  LA: 0.78149
[Test F1-max]  -  LA: 0.82105
Epoch: 67 | Loss: 2.2292004359769635e-05  | Negative Loss: 0.0
[Test ROC-AUC]  -  SA: 0.00000,  LA: 0.77896
[Test AUPRC]  -  LA: 0.78487
[Test F1-max]  -  LA: 0.82105
Epoch: 68 | Loss: 2.1934380129096098e-05  | Negative Loss: 0.0
[Test ROC-AUC]  -  SA: 0.00000,  LA: 0.77896
[Test AUPRC]  -  LA: 0.78487
[Test F1-max]  -  LA: 0.82105
Epoch: 69 | Loss: 2.157675589842256e-05  | Negative Loss: 0.0
[Test ROC-AUC]  -  SA: 0.00000,  LA: 0.77896
[Test AUPRC]  -  LA: 0.78487
[Test F1-max]  -  LA: 0.82105
Epoch: 70 | Loss: 2.121913348673843e-05  | Negative Loss: 0.0
[Test ROC-AUC]  -  SA: 0.00000,  LA: 0.77896
[Test AUPRC]  -  LA: 0.78487
[Test F1-max]  -  LA: 0.82105
Epoch: 71 | Loss: 2.0861509256064892e-05  | Negative Loss: 0.0
[Test ROC-AUC]  -  SA: 0.00000,  LA: 0.77896
[Test AUPRC]  -  LA: 0.78487
[Test F1-max]  -  LA: 0.82105
Epoch: 72 | Loss: 2.0503885025391355e-05  | Negative Loss: 0.0
[Test ROC-AUC]  -  SA: 0.00000,  LA: 0.77896
[Test AUPRC]  -  LA: 0.78485
[Test F1-max]  -  LA: 0.82979
Epoch: 73 | Loss: 2.0265468265279196e-05  | Negative Loss: 0.0
[Test ROC-AUC]  -  SA: 0.00000,  LA: 0.77807
[Test AUPRC]  -  LA: 0.78360
[Test F1-max]  -  LA: 0.82979
Epoch: 74 | Loss: 1.9907845853595063e-05  | Negative Loss: 0.0
[Test ROC-AUC]  -  SA: 0.00000,  LA: 0.77719
[Test AUPRC]  -  LA: 0.78228
[Test F1-max]  -  LA: 0.82979
Epoch: 75 | Loss: 1.9788636564044282e-05  | Negative Loss: 0.0
[Test ROC-AUC]  -  SA: 0.00000,  LA: 0.77630
[Test AUPRC]  -  LA: 0.78091
[Test F1-max]  -  LA: 0.82979
Epoch: 76 | Loss: 1.9550221622921526e-05  | Negative Loss: 0.0
[Test ROC-AUC]  -  SA: 0.00000,  LA: 0.77542
[Test AUPRC]  -  LA: 0.78048
[Test F1-max]  -  LA: 0.82979
Epoch: 77 | Loss: 1.9431012333370745e-05  | Negative Loss: 0.0
[Test ROC-AUC]  -  SA: 0.00000,  LA: 0.77542
[Test AUPRC]  -  LA: 0.78048
[Test F1-max]  -  LA: 0.82979
Epoch: 78 | Loss: 1.8954178813146427e-05  | Negative Loss: 0.0
[Test ROC-AUC]  -  SA: 0.00000,  LA: 0.77630
[Test AUPRC]  -  LA: 0.78128
[Test F1-max]  -  LA: 0.82979
Epoch: 79 | Loss: 1.8834973161574453e-05  | Negative Loss: 0.0
[Test ROC-AUC]  -  SA: 0.00000,  LA: 0.77719
[Test AUPRC]  -  LA: 0.78418
[Test F1-max]  -  LA: 0.82979
Epoch: 80 | Loss: 1.859655458247289e-05  | Negative Loss: 0.0
[Test ROC-AUC]  -  SA: 0.00000,  LA: 0.77719
[Test AUPRC]  -  LA: 0.78418
[Test F1-max]  -  LA: 0.82979
Epoch: 81 | Loss: 1.8477347111911513e-05  | Negative Loss: 0.0
[Test ROC-AUC]  -  SA: 0.00000,  LA: 0.77807
[Test AUPRC]  -  LA: 0.78453
[Test F1-max]  -  LA: 0.82979
Epoch: 82 | Loss: 1.8238930351799354e-05  | Negative Loss: 0.0
[Test ROC-AUC]  -  SA: 0.00000,  LA: 0.77807
[Test AUPRC]  -  LA: 0.78453
[Test F1-max]  -  LA: 0.82979
Epoch: 83 | Loss: 1.80005154106766e-05  | Negative Loss: 0.0
[Test ROC-AUC]  -  SA: 0.00000,  LA: 0.77719
[Test AUPRC]  -  LA: 0.78417
[Test F1-max]  -  LA: 0.82979
Epoch: 84 | Loss: 1.7881306121125817e-05  | Negative Loss: 0.0
[Test ROC-AUC]  -  SA: 0.00000,  LA: 0.77719
[Test AUPRC]  -  LA: 0.78417
[Test F1-max]  -  LA: 0.82979
Epoch: 85 | Loss: 1.764288936101366e-05  | Negative Loss: 0.0
[Test ROC-AUC]  -  SA: 0.00000,  LA: 0.77719
[Test AUPRC]  -  LA: 0.78417
[Test F1-max]  -  LA: 0.82979
Epoch: 86 | Loss: 1.764288936101366e-05  | Negative Loss: 0.0
[Test ROC-AUC]  -  SA: 0.00000,  LA: 0.77719
[Test AUPRC]  -  LA: 0.78417
[Test F1-max]  -  LA: 0.82979
Epoch: 87 | Loss: 1.752368189045228e-05  | Negative Loss: 0.0
[Test ROC-AUC]  -  SA: 0.00000,  LA: 0.77719
[Test AUPRC]  -  LA: 0.78417
[Test F1-max]  -  LA: 0.82979
Epoch: 88 | Loss: 1.728526513034012e-05  | Negative Loss: 0.0
[Test ROC-AUC]  -  SA: 0.00000,  LA: 0.77719
[Test AUPRC]  -  LA: 0.78417
[Test F1-max]  -  LA: 0.82979
Epoch: 89 | Loss: 1.7166057659778744e-05  | Negative Loss: 0.0
[Test ROC-AUC]  -  SA: 0.00000,  LA: 0.77719
[Test AUPRC]  -  LA: 0.78417
[Test F1-max]  -  LA: 0.82979
Epoch: 90 | Loss: 1.692763908067718e-05  | Negative Loss: 0.0
[Test ROC-AUC]  -  SA: 0.00000,  LA: 0.77630
[Test AUPRC]  -  LA: 0.78373
[Test F1-max]  -  LA: 0.82979
Epoch: 91 | Loss: 1.6689224139554426e-05  | Negative Loss: 0.0
[Test ROC-AUC]  -  SA: 0.00000,  LA: 0.77542
[Test AUPRC]  -  LA: 0.78330
[Test F1-max]  -  LA: 0.82979
Epoch: 92 | Loss: 1.6570014850003645e-05  | Negative Loss: 0.0
[Test ROC-AUC]  -  SA: 0.00000,  LA: 0.77542
[Test AUPRC]  -  LA: 0.78330
[Test F1-max]  -  LA: 0.82979
Epoch: 93 | Loss: 1.6570014850003645e-05  | Negative Loss: 0.0
[Test ROC-AUC]  -  SA: 0.00000,  LA: 0.77630
[Test AUPRC]  -  LA: 0.78592
[Test F1-max]  -  LA: 0.82979
Epoch: 94 | Loss: 1.6450807379442267e-05  | Negative Loss: 0.0
[Test ROC-AUC]  -  SA: 0.00000,  LA: 0.77542
[Test AUPRC]  -  LA: 0.78559
[Test F1-max]  -  LA: 0.82105
Epoch: 95 | Loss: 1.6212390619330108e-05  | Negative Loss: 0.0
[Test ROC-AUC]  -  SA: 0.00000,  LA: 0.77542
[Test AUPRC]  -  LA: 0.78559
[Test F1-max]  -  LA: 0.82105
Epoch: 96 | Loss: 1.609318314876873e-05  | Negative Loss: 0.0
[Test ROC-AUC]  -  SA: 0.00000,  LA: 0.77542
[Test AUPRC]  -  LA: 0.78559
[Test F1-max]  -  LA: 0.82105
Epoch: 97 | Loss: 1.597397385921795e-05  | Negative Loss: 0.0
[Test ROC-AUC]  -  SA: 0.00000,  LA: 0.77542
[Test AUPRC]  -  LA: 0.78559
[Test F1-max]  -  LA: 0.82105
Epoch: 98 | Loss: 1.5735555280116387e-05  | Negative Loss: 0.0
[Test ROC-AUC]  -  SA: 0.00000,  LA: 0.77630
[Test AUPRC]  -  LA: 0.78622
[Test F1-max]  -  LA: 0.82105
Epoch: 99 | Loss: 1.5497138520004228e-05  | Negative Loss: 0.0
Time consumption: 95.7910270690918
Best LA AUC: 0.7789566755083996
Best LA AUPC: 0.786218729378517
Best LA F1-max: 0.8297872340425533
[Result] Experiment result appended to ./results/train_hybrid_result.csv

[END] 2026-03-18 21:22:11
[RETURN CODE] 0
