[START] 2026-03-18 13:44:06
[GPU] 3
[INDEX] 3/4
[COMMAND] python train_hybrid.py --data_name red_splicing --mask True --text True --double_encoder True --few_shot True --shot 5 --hybrid_model winclip --hybrid_weight 0.3 --hybrid_batch_size 16 --epoch 100 --log True --lr 5e-4 --detection True --preprocess True

/home/seungeon/miniconda3/envs/LAB/lib/python3.10/site-packages/timm/models/layers/__init__.py:48: FutureWarning: Importing from timm.models.layers is deprecated, please import via timm.layers
  warnings.warn(f"Importing from {__name__} is deprecated, please import via timm.layers", FutureWarning)
/home/seungeon/Workspace/side/vlm/train_hybrid.py:18: DeprecationWarning: The distutils package is deprecated and slated for removal in Python 3.12. Use setuptools or check PEP 632 for potential alternatives
  from distutils.util import strtobool
Torch version: 2.9.1+cu128
cuda is loaded for process
here?
In my local computer
Namespace(epoch=100, gpu_number='0', data_name='red_splicing', lr=0.0005, batch_size=6, shuffle=True, seed=0, tag='default', model_name='ViT-B-32', pretrained_name='laion2b_s34b_b79k', lora=1, default=False, foundation='CLIP', detection=1, preprocess=1, num_rule=0, object_names=['a photo of orange connector', 'a photo of red cable', 'a photo of yellow cable', 'a photo of blue cable', 'a photo of metal panel'], objects_for_rules=[['a photo of orange connector'], ['a photo of orange connector'], ['a photo of red cable'], ['a photo of red cable'], ['a photo of orange connector'], ['a photo of orange connector', 'a photo of red cable']], texts_for_rules=[['a photo of orange connector'], ['a photo of orange connector'], ['a photo of red cable'], ['a photo of red cable'], ['a photo of orange connector'], ['a photo of orange connector and red cable']], mask=1, text=1, score='mean', ciriculam_learning=False, few_shot=1, shot=5, log=1, neg_loss=0, double_encoder=1, pretrained_count_path=None, ris=0, rule_select='', rule_list=[], num_negative=5, hybrid_model='winclip', hybrid_weight=0.3, hybrid_class_name='', hybrid_batch_size=16, hybrid_backbone='ViT-B-16-plus-240', hybrid_pretrained_dataset='laion400m_e32', hybrid_scales=[2, 3], hybrid_img_resize=240, hybrid_img_cropsize=240, hybrid_resolution=400, hybrid_promptad_epoch=100, hybrid_promptad_lr=0.002, hybrid_promptad_momentum=0.9, hybrid_promptad_weight_decay=0.0005, hybrid_promptad_eta_min=1e-05, hybrid_promptad_lambda1=0.001, hybrid_promptad_n_ctx=4, hybrid_promptad_n_pro=3, hybrid_promptad_n_ctx_ab=1, hybrid_promptad_n_pro_ab=4, early_stop_k=10, result_log_path='./results/train_hybrid_result.csv')
[Hybrid] method=winclip, class_name=splicing_connectors, train=5, eval=89, base_path=/data3/seungeon/data/image/mvtec_loco_anomaly_detection/red_splicing
grid 240 16 (15, 15)
[Hybrid-only] LA_AUC=0.69949, LA_AUPRC=0.57541, LA_F1=0.69811
[Data Description]
- Train: 5
- Test: 89

Train Start
[Test ROC-AUC]  -  SA: 0.00000,  LA: 0.62959
[Test AUPRC]  -  LA: 0.53372
[Test F1-max]  -  LA: 0.66102
Epoch: 0 | Loss: 16.3784122467041  | Negative Loss: 0.0
[Test ROC-AUC]  -  SA: 0.00000,  LA: 0.63469
[Test AUPRC]  -  LA: 0.53832
[Test F1-max]  -  LA: 0.66102
Epoch: 1 | Loss: 16.28046417236328  | Negative Loss: 0.0
[Test ROC-AUC]  -  SA: 0.00000,  LA: 0.64745
[Test AUPRC]  -  LA: 0.54117
[Test F1-max]  -  LA: 0.67826
Epoch: 2 | Loss: 15.22526741027832  | Negative Loss: 0.0
[Test ROC-AUC]  -  SA: 0.00000,  LA: 0.64643
[Test AUPRC]  -  LA: 0.52981
[Test F1-max]  -  LA: 0.69027
Epoch: 3 | Loss: 13.427606582641602  | Negative Loss: 0.0
[Test ROC-AUC]  -  SA: 0.00000,  LA: 0.64796
[Test AUPRC]  -  LA: 0.58868
[Test F1-max]  -  LA: 0.70370
Epoch: 4 | Loss: 11.098689079284668  | Negative Loss: 0.0
[Test ROC-AUC]  -  SA: 0.00000,  LA: 0.64745
[Test AUPRC]  -  LA: 0.60040
[Test F1-max]  -  LA: 0.69565
Epoch: 5 | Loss: 8.627859115600586  | Negative Loss: 0.0
[Test ROC-AUC]  -  SA: 0.00000,  LA: 0.64286
[Test AUPRC]  -  LA: 0.59880
[Test F1-max]  -  LA: 0.68421
Epoch: 6 | Loss: 6.365705490112305  | Negative Loss: 0.0
[Test ROC-AUC]  -  SA: 0.00000,  LA: 0.63367
[Test AUPRC]  -  LA: 0.60418
[Test F1-max]  -  LA: 0.66667
Epoch: 7 | Loss: 4.598667144775391  | Negative Loss: 0.0
[Test ROC-AUC]  -  SA: 0.00000,  LA: 0.64286
[Test AUPRC]  -  LA: 0.61540
[Test F1-max]  -  LA: 0.66116
Epoch: 8 | Loss: 3.2885050773620605  | Negative Loss: 0.0
[Test ROC-AUC]  -  SA: 0.00000,  LA: 0.65255
[Test AUPRC]  -  LA: 0.62060
[Test F1-max]  -  LA: 0.66667
Epoch: 9 | Loss: 2.3095502853393555  | Negative Loss: 0.0
[Test ROC-AUC]  -  SA: 0.00000,  LA: 0.65918
[Test AUPRC]  -  LA: 0.62089
[Test F1-max]  -  LA: 0.67227
Epoch: 10 | Loss: 1.599299430847168  | Negative Loss: 0.0
[Test ROC-AUC]  -  SA: 0.00000,  LA: 0.67041
[Test AUPRC]  -  LA: 0.63206
[Test F1-max]  -  LA: 0.67227
Epoch: 11 | Loss: 1.1012362241744995  | Negative Loss: 0.0
[Test ROC-AUC]  -  SA: 0.00000,  LA: 0.68010
[Test AUPRC]  -  LA: 0.63973
[Test F1-max]  -  LA: 0.67227
Epoch: 12 | Loss: 0.7530531883239746  | Negative Loss: 0.0
[Test ROC-AUC]  -  SA: 0.00000,  LA: 0.68469
[Test AUPRC]  -  LA: 0.64185
[Test F1-max]  -  LA: 0.67227
Epoch: 13 | Loss: 0.5106129050254822  | Negative Loss: 0.0
[Test ROC-AUC]  -  SA: 0.00000,  LA: 0.68878
[Test AUPRC]  -  LA: 0.65023
[Test F1-max]  -  LA: 0.67797
Epoch: 14 | Loss: 0.34138813614845276  | Negative Loss: 0.0
[Test ROC-AUC]  -  SA: 0.00000,  LA: 0.70255
[Test AUPRC]  -  LA: 0.66369
[Test F1-max]  -  LA: 0.68468
Epoch: 15 | Loss: 0.22326651215553284  | Negative Loss: 0.0
[Test ROC-AUC]  -  SA: 0.00000,  LA: 0.71735
[Test AUPRC]  -  LA: 0.67335
[Test F1-max]  -  LA: 0.70270
Epoch: 16 | Loss: 0.1430903524160385  | Negative Loss: 0.0
[Test ROC-AUC]  -  SA: 0.00000,  LA: 0.72755
[Test AUPRC]  -  LA: 0.67550
[Test F1-max]  -  LA: 0.70909
Epoch: 17 | Loss: 0.09084639698266983  | Negative Loss: 0.0
[Test ROC-AUC]  -  SA: 0.00000,  LA: 0.74439
[Test AUPRC]  -  LA: 0.68520
[Test F1-max]  -  LA: 0.72381
Epoch: 18 | Loss: 0.05750591680407524  | Negative Loss: 0.0
[Test ROC-AUC]  -  SA: 0.00000,  LA: 0.75204
[Test AUPRC]  -  LA: 0.68505
[Test F1-max]  -  LA: 0.72727
Epoch: 19 | Loss: 0.03662324324250221  | Negative Loss: 0.0
[Test ROC-AUC]  -  SA: 0.00000,  LA: 0.75663
[Test AUPRC]  -  LA: 0.67579
[Test F1-max]  -  LA: 0.73394
Epoch: 20 | Loss: 0.023480216041207314  | Negative Loss: 0.0
[Test ROC-AUC]  -  SA: 0.00000,  LA: 0.76684
[Test AUPRC]  -  LA: 0.68031
[Test F1-max]  -  LA: 0.74074
Epoch: 21 | Loss: 0.015164453536272049  | Negative Loss: 0.0
[Test ROC-AUC]  -  SA: 0.00000,  LA: 0.77755
[Test AUPRC]  -  LA: 0.67774
[Test F1-max]  -  LA: 0.74286
Epoch: 22 | Loss: 0.009893850423395634  | Negative Loss: 0.0
[Test ROC-AUC]  -  SA: 0.00000,  LA: 0.78622
[Test AUPRC]  -  LA: 0.69089
[Test F1-max]  -  LA: 0.74468
Epoch: 23 | Loss: 0.006531949155032635  | Negative Loss: 0.0
[Test ROC-AUC]  -  SA: 0.00000,  LA: 0.78929
[Test AUPRC]  -  LA: 0.69232
[Test F1-max]  -  LA: 0.75269
Epoch: 24 | Loss: 0.0043772002682089806  | Negative Loss: 0.0
[Test ROC-AUC]  -  SA: 0.00000,  LA: 0.79541
[Test AUPRC]  -  LA: 0.68837
[Test F1-max]  -  LA: 0.76087
Epoch: 25 | Loss: 0.0029776832088828087  | Negative Loss: 0.0
[Test ROC-AUC]  -  SA: 0.00000,  LA: 0.79949
[Test AUPRC]  -  LA: 0.67457
[Test F1-max]  -  LA: 0.76087
Epoch: 26 | Loss: 0.0020587812177836895  | Negative Loss: 0.0
[Test ROC-AUC]  -  SA: 0.00000,  LA: 0.79949
[Test AUPRC]  -  LA: 0.66883
[Test F1-max]  -  LA: 0.76923
Epoch: 27 | Loss: 0.001448323717340827  | Negative Loss: 0.0
[Test ROC-AUC]  -  SA: 0.00000,  LA: 0.79949
[Test AUPRC]  -  LA: 0.66706
[Test F1-max]  -  LA: 0.76923
Epoch: 28 | Loss: 0.0010367509676143527  | Negative Loss: 0.0
[Test ROC-AUC]  -  SA: 0.00000,  LA: 0.80051
[Test AUPRC]  -  LA: 0.66639
[Test F1-max]  -  LA: 0.77778
Epoch: 29 | Loss: 0.0007549927104264498  | Negative Loss: 0.0
[Test ROC-AUC]  -  SA: 0.00000,  LA: 0.80000
[Test AUPRC]  -  LA: 0.66795
[Test F1-max]  -  LA: 0.76404
Epoch: 30 | Loss: 0.0005594348767772317  | Negative Loss: 0.0
[Test ROC-AUC]  -  SA: 0.00000,  LA: 0.80255
[Test AUPRC]  -  LA: 0.66646
[Test F1-max]  -  LA: 0.76596
Epoch: 31 | Loss: 0.00042165210470557213  | Negative Loss: 0.0
[Test ROC-AUC]  -  SA: 0.00000,  LA: 0.80204
[Test AUPRC]  -  LA: 0.66738
[Test F1-max]  -  LA: 0.77419
Epoch: 32 | Loss: 0.0003230917500331998  | Negative Loss: 0.0
[Test ROC-AUC]  -  SA: 0.00000,  LA: 0.80306
[Test AUPRC]  -  LA: 0.66788
[Test F1-max]  -  LA: 0.77419
Epoch: 33 | Loss: 0.00025160444783978164  | Negative Loss: 0.0
[Test ROC-AUC]  -  SA: 0.00000,  LA: 0.80306
[Test AUPRC]  -  LA: 0.66808
[Test F1-max]  -  LA: 0.77419
Epoch: 34 | Loss: 0.00019892235286533833  | Negative Loss: 0.0
[Test ROC-AUC]  -  SA: 0.00000,  LA: 0.80051
[Test AUPRC]  -  LA: 0.66580
[Test F1-max]  -  LA: 0.76596
Epoch: 35 | Loss: 0.00015970751701388508  | Negative Loss: 0.0
[Test ROC-AUC]  -  SA: 0.00000,  LA: 0.80204
[Test AUPRC]  -  LA: 0.66801
[Test F1-max]  -  LA: 0.76923
Epoch: 36 | Loss: 0.00013000362378079444  | Negative Loss: 0.0
[Test ROC-AUC]  -  SA: 0.00000,  LA: 0.80051
[Test AUPRC]  -  LA: 0.66524
[Test F1-max]  -  LA: 0.76923
Epoch: 37 | Loss: 0.00010730809299275279  | Negative Loss: 0.0
[Test ROC-AUC]  -  SA: 0.00000,  LA: 0.80051
[Test AUPRC]  -  LA: 0.66470
[Test F1-max]  -  LA: 0.76923
Epoch: 38 | Loss: 8.966635505203158e-05  | Negative Loss: 0.0
[Test ROC-AUC]  -  SA: 0.00000,  LA: 0.80102
[Test AUPRC]  -  LA: 0.66447
[Test F1-max]  -  LA: 0.77778
Epoch: 39 | Loss: 7.595810166094452e-05  | Negative Loss: 0.0
[Test ROC-AUC]  -  SA: 0.00000,  LA: 0.80051
[Test AUPRC]  -  LA: 0.66544
[Test F1-max]  -  LA: 0.77778
Epoch: 40 | Loss: 6.508676597150043e-05  | Negative Loss: 0.0
[Test ROC-AUC]  -  SA: 0.00000,  LA: 0.80051
[Test AUPRC]  -  LA: 0.66544
[Test F1-max]  -  LA: 0.77778
Epoch: 41 | Loss: 5.631334352074191e-05  | Negative Loss: 0.0
[Test ROC-AUC]  -  SA: 0.00000,  LA: 0.79898
[Test AUPRC]  -  LA: 0.66395
[Test F1-max]  -  LA: 0.77778
Epoch: 42 | Loss: 4.932793672196567e-05  | Negative Loss: 0.0
[Test ROC-AUC]  -  SA: 0.00000,  LA: 0.79949
[Test AUPRC]  -  LA: 0.66445
[Test F1-max]  -  LA: 0.77778
Epoch: 43 | Loss: 4.358224759926088e-05  | Negative Loss: 0.0
[Test ROC-AUC]  -  SA: 0.00000,  LA: 0.80000
[Test AUPRC]  -  LA: 0.66824
[Test F1-max]  -  LA: 0.77778
Epoch: 44 | Loss: 3.888553328579292e-05  | Negative Loss: 0.0
[Test ROC-AUC]  -  SA: 0.00000,  LA: 0.80000
[Test AUPRC]  -  LA: 0.66824
[Test F1-max]  -  LA: 0.77778
Epoch: 45 | Loss: 3.499941522022709e-05  | Negative Loss: 0.0
[Test ROC-AUC]  -  SA: 0.00000,  LA: 0.80102
[Test AUPRC]  -  LA: 0.67033
[Test F1-max]  -  LA: 0.77778
Epoch: 46 | Loss: 3.1733157811686397e-05  | Negative Loss: 0.0
[Test ROC-AUC]  -  SA: 0.00000,  LA: 0.80102
[Test AUPRC]  -  LA: 0.67033
[Test F1-max]  -  LA: 0.77778
Epoch: 47 | Loss: 2.8967560865567066e-05  | Negative Loss: 0.0
[Test ROC-AUC]  -  SA: 0.00000,  LA: 0.80051
[Test AUPRC]  -  LA: 0.67008
[Test F1-max]  -  LA: 0.77778
Epoch: 48 | Loss: 2.667879016371444e-05  | Negative Loss: 0.0
[Test ROC-AUC]  -  SA: 0.00000,  LA: 0.80000
[Test AUPRC]  -  LA: 0.66906
[Test F1-max]  -  LA: 0.77778
Epoch: 49 | Loss: 2.4652266802149825e-05  | Negative Loss: 0.0
[Test ROC-AUC]  -  SA: 0.00000,  LA: 0.80000
[Test AUPRC]  -  LA: 0.66906
[Test F1-max]  -  LA: 0.77778
Epoch: 50 | Loss: 2.298336403327994e-05  | Negative Loss: 0.0
[Test ROC-AUC]  -  SA: 0.00000,  LA: 0.79949
[Test AUPRC]  -  LA: 0.66881
[Test F1-max]  -  LA: 0.77778
Epoch: 51 | Loss: 2.1529034711420536e-05  | Negative Loss: 0.0
[Test ROC-AUC]  -  SA: 0.00000,  LA: 0.79898
[Test AUPRC]  -  LA: 0.66843
[Test F1-max]  -  LA: 0.77778
Epoch: 52 | Loss: 2.0289277017582208e-05  | Negative Loss: 0.0
[Test ROC-AUC]  -  SA: 0.00000,  LA: 0.79949
[Test AUPRC]  -  LA: 0.66839
[Test F1-max]  -  LA: 0.77778
Epoch: 53 | Loss: 1.9144885300192982e-05  | Negative Loss: 0.0
[Test ROC-AUC]  -  SA: 0.00000,  LA: 0.79949
[Test AUPRC]  -  LA: 0.66839
[Test F1-max]  -  LA: 0.77778
Epoch: 54 | Loss: 1.8262748199049383e-05  | Negative Loss: 0.0
[Test ROC-AUC]  -  SA: 0.00000,  LA: 0.79898
[Test AUPRC]  -  LA: 0.66772
[Test F1-max]  -  LA: 0.77778
Epoch: 55 | Loss: 1.740445259201806e-05  | Negative Loss: 0.0
[Test ROC-AUC]  -  SA: 0.00000,  LA: 0.79847
[Test AUPRC]  -  LA: 0.66704
[Test F1-max]  -  LA: 0.77778
Epoch: 56 | Loss: 1.666536263655871e-05  | Negative Loss: 0.0
[Test ROC-AUC]  -  SA: 0.00000,  LA: 0.79847
[Test AUPRC]  -  LA: 0.66704
[Test F1-max]  -  LA: 0.77778
Epoch: 57 | Loss: 1.6045483789639547e-05  | Negative Loss: 0.0
[Test ROC-AUC]  -  SA: 0.00000,  LA: 0.79847
[Test AUPRC]  -  LA: 0.66704
[Test F1-max]  -  LA: 0.77778
Epoch: 58 | Loss: 1.547328611195553e-05  | Negative Loss: 0.0
[Test ROC-AUC]  -  SA: 0.00000,  LA: 0.79923
[Test AUPRC]  -  LA: 0.66760
[Test F1-max]  -  LA: 0.77778
Epoch: 59 | Loss: 1.4924928109394386e-05  | Negative Loss: 0.0
[Test ROC-AUC]  -  SA: 0.00000,  LA: 0.79949
[Test AUPRC]  -  LA: 0.66778
[Test F1-max]  -  LA: 0.77778
Epoch: 60 | Loss: 1.4471936083282344e-05  | Negative Loss: 0.0
[Test ROC-AUC]  -  SA: 0.00000,  LA: 0.79949
[Test AUPRC]  -  LA: 0.66778
[Test F1-max]  -  LA: 0.77778
Epoch: 61 | Loss: 1.4066627954889555e-05  | Negative Loss: 0.0
[Test ROC-AUC]  -  SA: 0.00000,  LA: 0.79898
[Test AUPRC]  -  LA: 0.66708
[Test F1-max]  -  LA: 0.77778
Epoch: 62 | Loss: 1.3685162230103742e-05  | Negative Loss: 0.0
[Test ROC-AUC]  -  SA: 0.00000,  LA: 0.79898
[Test AUPRC]  -  LA: 0.66708
[Test F1-max]  -  LA: 0.77778
Epoch: 63 | Loss: 1.3351379493542481e-05  | Negative Loss: 0.0
[Test ROC-AUC]  -  SA: 0.00000,  LA: 0.79898
[Test AUPRC]  -  LA: 0.66708
[Test F1-max]  -  LA: 0.77778
Epoch: 64 | Loss: 1.3065281564195175e-05  | Negative Loss: 0.0
[Test ROC-AUC]  -  SA: 0.00000,  LA: 0.80051
[Test AUPRC]  -  LA: 0.66850
[Test F1-max]  -  LA: 0.77778
Epoch: 65 | Loss: 1.273149700864451e-05  | Negative Loss: 0.0
[Test ROC-AUC]  -  SA: 0.00000,  LA: 0.80051
[Test AUPRC]  -  LA: 0.66850
[Test F1-max]  -  LA: 0.77778
Epoch: 66 | Loss: 1.2469237844925374e-05  | Negative Loss: 0.0
[Test ROC-AUC]  -  SA: 0.00000,  LA: 0.80026
[Test AUPRC]  -  LA: 0.66837
[Test F1-max]  -  LA: 0.77778
Epoch: 67 | Loss: 1.2230821994307917e-05  | Negative Loss: 0.0
[Test ROC-AUC]  -  SA: 0.00000,  LA: 0.80051
[Test AUPRC]  -  LA: 0.66861
[Test F1-max]  -  LA: 0.77778
Epoch: 68 | Loss: 1.2063930626027286e-05  | Negative Loss: 0.0
[Test ROC-AUC]  -  SA: 0.00000,  LA: 0.80051
[Test AUPRC]  -  LA: 0.66861
[Test F1-max]  -  LA: 0.77778
Epoch: 69 | Loss: 1.1849355360027403e-05  | Negative Loss: 0.0
[Test ROC-AUC]  -  SA: 0.00000,  LA: 0.80051
[Test AUPRC]  -  LA: 0.66861
[Test F1-max]  -  LA: 0.77778
Epoch: 70 | Loss: 1.1658622497634497e-05  | Negative Loss: 0.0
[Test ROC-AUC]  -  SA: 0.00000,  LA: 0.80000
[Test AUPRC]  -  LA: 0.66838
[Test F1-max]  -  LA: 0.77778
Epoch: 71 | Loss: 1.1491730219859164e-05  | Negative Loss: 0.0
[Test ROC-AUC]  -  SA: 0.00000,  LA: 0.80000
[Test AUPRC]  -  LA: 0.66838
[Test F1-max]  -  LA: 0.77778
Epoch: 72 | Loss: 1.1300997357466258e-05  | Negative Loss: 0.0
[Test ROC-AUC]  -  SA: 0.00000,  LA: 0.80000
[Test AUPRC]  -  LA: 0.66838
[Test F1-max]  -  LA: 0.77778
Epoch: 73 | Loss: 1.1181788977410179e-05  | Negative Loss: 0.0
[Test ROC-AUC]  -  SA: 0.00000,  LA: 0.80000
[Test AUPRC]  -  LA: 0.66838
[Test F1-max]  -  LA: 0.77778
Epoch: 74 | Loss: 1.1086423000961076e-05  | Negative Loss: 0.0
[Test ROC-AUC]  -  SA: 0.00000,  LA: 0.80000
[Test AUPRC]  -  LA: 0.66838
[Test F1-max]  -  LA: 0.77778
Epoch: 75 | Loss: 1.0919529813691042e-05  | Negative Loss: 0.0
[Test ROC-AUC]  -  SA: 0.00000,  LA: 0.80000
[Test AUPRC]  -  LA: 0.66838
[Test F1-max]  -  LA: 0.77778
Epoch: 76 | Loss: 1.0800321433634963e-05  | Negative Loss: 0.0
[Test ROC-AUC]  -  SA: 0.00000,  LA: 0.80000
[Test AUPRC]  -  LA: 0.66838
[Test F1-max]  -  LA: 0.77778
Epoch: 77 | Loss: 1.0704956366680562e-05  | Negative Loss: 0.0
[Test ROC-AUC]  -  SA: 0.00000,  LA: 0.80000
[Test AUPRC]  -  LA: 0.66838
[Test F1-max]  -  LA: 0.77778
Epoch: 78 | Loss: 1.0585747077129781e-05  | Negative Loss: 0.0
[Test ROC-AUC]  -  SA: 0.00000,  LA: 0.79949
[Test AUPRC]  -  LA: 0.66789
[Test F1-max]  -  LA: 0.77778
Epoch: 79 | Loss: 1.0466539606568404e-05  | Negative Loss: 0.0
[Test ROC-AUC]  -  SA: 0.00000,  LA: 0.79898
[Test AUPRC]  -  LA: 0.66740
[Test F1-max]  -  LA: 0.77778
Epoch: 80 | Loss: 1.03711727206246e-05  | Negative Loss: 0.0
[Test ROC-AUC]  -  SA: 0.00000,  LA: 0.79745
[Test AUPRC]  -  LA: 0.66629
[Test F1-max]  -  LA: 0.77778
Epoch: 81 | Loss: 1.0299647328793071e-05  | Negative Loss: 0.0
[Test ROC-AUC]  -  SA: 0.00000,  LA: 0.79847
[Test AUPRC]  -  LA: 0.66760
[Test F1-max]  -  LA: 0.77778
Epoch: 82 | Loss: 1.0204280442849267e-05  | Negative Loss: 0.0
[Test ROC-AUC]  -  SA: 0.00000,  LA: 0.79847
[Test AUPRC]  -  LA: 0.66760
[Test F1-max]  -  LA: 0.77778
Epoch: 83 | Loss: 1.0132755051017739e-05  | Negative Loss: 0.0
[Test ROC-AUC]  -  SA: 0.00000,  LA: 0.79847
[Test AUPRC]  -  LA: 0.66760
[Test F1-max]  -  LA: 0.77778
Epoch: 84 | Loss: 1.0037388165073935e-05  | Negative Loss: 0.0
[Test ROC-AUC]  -  SA: 0.00000,  LA: 0.79847
[Test AUPRC]  -  LA: 0.66760
[Test F1-max]  -  LA: 0.77778
Epoch: 85 | Loss: 9.965863682737108e-06  | Negative Loss: 0.0
[Test ROC-AUC]  -  SA: 0.00000,  LA: 0.79847
[Test AUPRC]  -  LA: 0.66760
[Test F1-max]  -  LA: 0.77778
Epoch: 86 | Loss: 9.870496796793304e-06  | Negative Loss: 0.0
[Test ROC-AUC]  -  SA: 0.00000,  LA: 0.79847
[Test AUPRC]  -  LA: 0.66760
[Test F1-max]  -  LA: 0.77778
Epoch: 87 | Loss: 9.822813808568753e-06  | Negative Loss: 0.0
[Test ROC-AUC]  -  SA: 0.00000,  LA: 0.79847
[Test AUPRC]  -  LA: 0.66760
[Test F1-max]  -  LA: 0.77778
Epoch: 88 | Loss: 9.751289326231927e-06  | Negative Loss: 0.0
[Test ROC-AUC]  -  SA: 0.00000,  LA: 0.79847
[Test AUPRC]  -  LA: 0.66760
[Test F1-max]  -  LA: 0.77778
Epoch: 89 | Loss: 9.65592062129872e-06  | Negative Loss: 0.0
[Test ROC-AUC]  -  SA: 0.00000,  LA: 0.79847
[Test AUPRC]  -  LA: 0.66760
[Test F1-max]  -  LA: 0.77778
Epoch: 90 | Loss: 9.560553735354915e-06  | Negative Loss: 0.0
[Test ROC-AUC]  -  SA: 0.00000,  LA: 0.79847
[Test AUPRC]  -  LA: 0.66760
[Test F1-max]  -  LA: 0.77778
Epoch: 91 | Loss: 9.489029253018089e-06  | Negative Loss: 0.0
[Test ROC-AUC]  -  SA: 0.00000,  LA: 0.79847
[Test AUPRC]  -  LA: 0.66760
[Test F1-max]  -  LA: 0.77778
Epoch: 92 | Loss: 9.441346264793538e-06  | Negative Loss: 0.0
[Test ROC-AUC]  -  SA: 0.00000,  LA: 0.79898
[Test AUPRC]  -  LA: 0.66806
[Test F1-max]  -  LA: 0.77778
Epoch: 93 | Loss: 9.36982087296201e-06  | Negative Loss: 0.0
[Test ROC-AUC]  -  SA: 0.00000,  LA: 0.79898
[Test AUPRC]  -  LA: 0.66806
[Test F1-max]  -  LA: 0.77778
Epoch: 94 | Loss: 9.345979378849734e-06  | Negative Loss: 0.0
[Test ROC-AUC]  -  SA: 0.00000,  LA: 0.79898
[Test AUPRC]  -  LA: 0.66806
[Test F1-max]  -  LA: 0.77778
Epoch: 95 | Loss: 9.25061249290593e-06  | Negative Loss: 0.0
[Test ROC-AUC]  -  SA: 0.00000,  LA: 0.79898
[Test AUPRC]  -  LA: 0.66806
[Test F1-max]  -  LA: 0.77778
Epoch: 96 | Loss: 9.25061249290593e-06  | Negative Loss: 0.0
[Test ROC-AUC]  -  SA: 0.00000,  LA: 0.79898
[Test AUPRC]  -  LA: 0.66806
[Test F1-max]  -  LA: 0.77778
Epoch: 97 | Loss: 9.179087101074401e-06  | Negative Loss: 0.0
[Test ROC-AUC]  -  SA: 0.00000,  LA: 0.79898
[Test AUPRC]  -  LA: 0.66806
[Test F1-max]  -  LA: 0.77778
Epoch: 98 | Loss: 9.107561709242873e-06  | Negative Loss: 0.0
[Test ROC-AUC]  -  SA: 0.00000,  LA: 0.79898
[Test AUPRC]  -  LA: 0.66806
[Test F1-max]  -  LA: 0.77778
Epoch: 99 | Loss: 9.083720215130597e-06  | Negative Loss: 0.0
Time consumption: 112.90231847763062
Best LA AUC: 0.8030612244897959
Best LA AUPC: 0.6923199097371129
Best LA F1-max: 0.7777777777777777
[Result] Experiment result appended to ./results/train_hybrid_result.csv

[END] 2026-03-18 13:48:05
[RETURN CODE] 0
