[START] 2026-03-18 18:18:35
[GPU] 3
[INDEX] 80/80
[COMMAND] python train_hybrid.py --data_name yellow_splicing --mask True --text True --double_encoder True --few_shot True --shot 5 --hybrid_model promptad --hybrid_weight 0.3 --hybrid_batch_size 16 --epoch 100 --log True --lr 5e-4 --detection True --preprocess True

/home/seungeon/miniconda3/envs/LAB/lib/python3.10/site-packages/timm/models/layers/__init__.py:48: FutureWarning: Importing from timm.models.layers is deprecated, please import via timm.layers
  warnings.warn(f"Importing from {__name__} is deprecated, please import via timm.layers", FutureWarning)
/home/seungeon/Workspace/side/vlm/train_hybrid.py:18: DeprecationWarning: The distutils package is deprecated and slated for removal in Python 3.12. Use setuptools or check PEP 632 for potential alternatives
  from distutils.util import strtobool
Torch version: 2.9.1+cu128
cuda is loaded for process
here?
In my local computer
Namespace(epoch=100, gpu_number='0', data_name='yellow_splicing', lr=0.0005, batch_size=6, shuffle=True, seed=0, tag='default', model_name='ViT-B-32', pretrained_name='laion2b_s34b_b79k', lora=1, default=False, foundation='CLIP', detection=1, preprocess=1, num_rule=0, object_names=['a photo of orange connector', 'a photo of yellow cable', 'a photo of red cable', 'a photo of blue cable', 'a photo of metal panel'], objects_for_rules=[['a photo of orange connector'], ['a photo of orange connector'], ['a photo of yellow cable'], ['a photo of yellow cable'], ['a photo of orange connector'], ['a photo of orange connector', 'a photo of yellow cable']], texts_for_rules=[['a photo of orange connector'], ['a photo of orange connector'], ['a photo of yellow cable'], ['a photo of yellow cable'], ['a photo of orange connector'], ['a photo of orange connector and yellow cable']], mask=1, text=1, score='mean', ciriculam_learning=False, few_shot=1, shot=5, log=1, neg_loss=0, double_encoder=1, pretrained_count_path=None, ris=0, rule_select='', rule_list=[], num_negative=5, hybrid_model='promptad', hybrid_weight=0.3, hybrid_class_name='', hybrid_batch_size=16, hybrid_backbone='ViT-B-16-plus-240', hybrid_pretrained_dataset='laion400m_e32', hybrid_scales=[2, 3], hybrid_img_resize=240, hybrid_img_cropsize=240, hybrid_resolution=400, hybrid_promptad_epoch=100, hybrid_promptad_lr=0.002, hybrid_promptad_momentum=0.9, hybrid_promptad_weight_decay=0.0005, hybrid_promptad_eta_min=1e-05, hybrid_promptad_lambda1=0.001, hybrid_promptad_n_ctx=4, hybrid_promptad_n_pro=3, hybrid_promptad_n_ctx_ab=1, hybrid_promptad_n_pro_ab=4, early_stop_k=10, result_log_path='./results/train_hybrid_result.csv')
[Hybrid] method=promptad, class_name=splicing_connectors, train=5, eval=68, base_path=/data3/seungeon/data/image/mvtec_loco_anomaly_detection/yellow_splicing
[Hybrid-only] LA_AUC=0.75464, LA_AUPRC=0.75797, LA_F1=0.81250
[Data Description]
- Train: 5
- Test: 68

Train Start
[Test ROC-AUC]  -  SA: 0.00000,  LA: 0.64898
[Test AUPRC]  -  LA: 0.75509
[Test F1-max]  -  LA: 0.73585
Epoch: 0 | Loss: 16.448116302490234  | Negative Loss: 0.0
[Test ROC-AUC]  -  SA: 0.00000,  LA: 0.65429
[Test AUPRC]  -  LA: 0.75672
[Test F1-max]  -  LA: 0.73786
Epoch: 1 | Loss: 16.36148452758789  | Negative Loss: 0.0
[Test ROC-AUC]  -  SA: 0.00000,  LA: 0.67197
[Test AUPRC]  -  LA: 0.76220
[Test F1-max]  -  LA: 0.75000
Epoch: 2 | Loss: 15.268660545349121  | Negative Loss: 0.0
[Test ROC-AUC]  -  SA: 0.00000,  LA: 0.68435
[Test AUPRC]  -  LA: 0.75521
[Test F1-max]  -  LA: 0.75000
Epoch: 3 | Loss: 13.403934478759766  | Negative Loss: 0.0
[Test ROC-AUC]  -  SA: 0.00000,  LA: 0.69938
[Test AUPRC]  -  LA: 0.75180
[Test F1-max]  -  LA: 0.76471
Epoch: 4 | Loss: 10.949613571166992  | Negative Loss: 0.0
[Test ROC-AUC]  -  SA: 0.00000,  LA: 0.70469
[Test AUPRC]  -  LA: 0.76248
[Test F1-max]  -  LA: 0.78788
Epoch: 5 | Loss: 8.419203758239746  | Negative Loss: 0.0
[Test ROC-AUC]  -  SA: 0.00000,  LA: 0.67462
[Test AUPRC]  -  LA: 0.74528
[Test F1-max]  -  LA: 0.78000
Epoch: 6 | Loss: 6.191499710083008  | Negative Loss: 0.0
[Test ROC-AUC]  -  SA: 0.00000,  LA: 0.68612
[Test AUPRC]  -  LA: 0.75915
[Test F1-max]  -  LA: 0.77228
Epoch: 7 | Loss: 4.40512752532959  | Negative Loss: 0.0
[Test ROC-AUC]  -  SA: 0.00000,  LA: 0.70115
[Test AUPRC]  -  LA: 0.77236
[Test F1-max]  -  LA: 0.77228
Epoch: 8 | Loss: 3.0650131702423096  | Negative Loss: 0.0
[Test ROC-AUC]  -  SA: 0.00000,  LA: 0.71530
[Test AUPRC]  -  LA: 0.77770
[Test F1-max]  -  LA: 0.77228
Epoch: 9 | Loss: 2.1331944465637207  | Negative Loss: 0.0
[Test ROC-AUC]  -  SA: 0.00000,  LA: 0.72767
[Test AUPRC]  -  LA: 0.77825
[Test F1-max]  -  LA: 0.78000
Epoch: 10 | Loss: 1.5203098058700562  | Negative Loss: 0.0
[Test ROC-AUC]  -  SA: 0.00000,  LA: 0.74005
[Test AUPRC]  -  LA: 0.79475
[Test F1-max]  -  LA: 0.78000
Epoch: 11 | Loss: 1.1114120483398438  | Negative Loss: 0.0
[Test ROC-AUC]  -  SA: 0.00000,  LA: 0.73298
[Test AUPRC]  -  LA: 0.78622
[Test F1-max]  -  LA: 0.77895
Epoch: 12 | Loss: 0.8190599679946899  | Negative Loss: 0.0
[Test ROC-AUC]  -  SA: 0.00000,  LA: 0.74094
[Test AUPRC]  -  LA: 0.78905
[Test F1-max]  -  LA: 0.78261
Epoch: 13 | Loss: 0.594228982925415  | Negative Loss: 0.0
[Test ROC-AUC]  -  SA: 0.00000,  LA: 0.74359
[Test AUPRC]  -  LA: 0.78764
[Test F1-max]  -  LA: 0.78788
Epoch: 14 | Loss: 0.4197121262550354  | Negative Loss: 0.0
[Test ROC-AUC]  -  SA: 0.00000,  LA: 0.74889
[Test AUPRC]  -  LA: 0.79165
[Test F1-max]  -  LA: 0.79167
Epoch: 15 | Loss: 0.2877928614616394  | Negative Loss: 0.0
[Test ROC-AUC]  -  SA: 0.00000,  LA: 0.75597
[Test AUPRC]  -  LA: 0.80083
[Test F1-max]  -  LA: 0.79167
Epoch: 16 | Loss: 0.19142495095729828  | Negative Loss: 0.0
[Test ROC-AUC]  -  SA: 0.00000,  LA: 0.76216
[Test AUPRC]  -  LA: 0.80404
[Test F1-max]  -  LA: 0.79545
Epoch: 17 | Loss: 0.12346702069044113  | Negative Loss: 0.0
[Test ROC-AUC]  -  SA: 0.00000,  LA: 0.76835
[Test AUPRC]  -  LA: 0.80883
[Test F1-max]  -  LA: 0.79592
Epoch: 18 | Loss: 0.07788233458995819  | Negative Loss: 0.0
[Test ROC-AUC]  -  SA: 0.00000,  LA: 0.77896
[Test AUPRC]  -  LA: 0.81318
[Test F1-max]  -  LA: 0.81250
Epoch: 19 | Loss: 0.0482991486787796  | Negative Loss: 0.0
[Test ROC-AUC]  -  SA: 0.00000,  LA: 0.78691
[Test AUPRC]  -  LA: 0.81373
[Test F1-max]  -  LA: 0.82979
Epoch: 20 | Loss: 0.029704701155424118  | Negative Loss: 0.0
[Test ROC-AUC]  -  SA: 0.00000,  LA: 0.79134
[Test AUPRC]  -  LA: 0.81441
[Test F1-max]  -  LA: 0.82979
Epoch: 21 | Loss: 0.018310001119971275  | Negative Loss: 0.0
[Test ROC-AUC]  -  SA: 0.00000,  LA: 0.79222
[Test AUPRC]  -  LA: 0.81373
[Test F1-max]  -  LA: 0.83516
Epoch: 22 | Loss: 0.011386062949895859  | Negative Loss: 0.0
[Test ROC-AUC]  -  SA: 0.00000,  LA: 0.78957
[Test AUPRC]  -  LA: 0.81166
[Test F1-max]  -  LA: 0.83516
Epoch: 23 | Loss: 0.00715981237590313  | Negative Loss: 0.0
[Test ROC-AUC]  -  SA: 0.00000,  LA: 0.78868
[Test AUPRC]  -  LA: 0.80837
[Test F1-max]  -  LA: 0.83516
Epoch: 24 | Loss: 0.0045651625841856  | Negative Loss: 0.0
[Test ROC-AUC]  -  SA: 0.00000,  LA: 0.78780
[Test AUPRC]  -  LA: 0.80629
[Test F1-max]  -  LA: 0.84444
Epoch: 25 | Loss: 0.002964022336527705  | Negative Loss: 0.0
[Test ROC-AUC]  -  SA: 0.00000,  LA: 0.78780
[Test AUPRC]  -  LA: 0.80591
[Test F1-max]  -  LA: 0.84444
Epoch: 26 | Loss: 0.0019620826933532953  | Negative Loss: 0.0
[Test ROC-AUC]  -  SA: 0.00000,  LA: 0.79222
[Test AUPRC]  -  LA: 0.81123
[Test F1-max]  -  LA: 0.84444
Epoch: 27 | Loss: 0.0013254254590719938  | Negative Loss: 0.0
[Test ROC-AUC]  -  SA: 0.00000,  LA: 0.79576
[Test AUPRC]  -  LA: 0.81734
[Test F1-max]  -  LA: 0.84444
Epoch: 28 | Loss: 0.0009144525974988937  | Negative Loss: 0.0
[Test ROC-AUC]  -  SA: 0.00000,  LA: 0.79752
[Test AUPRC]  -  LA: 0.81331
[Test F1-max]  -  LA: 0.84444
Epoch: 29 | Loss: 0.0006451985682360828  | Negative Loss: 0.0
[Test ROC-AUC]  -  SA: 0.00000,  LA: 0.79841
[Test AUPRC]  -  LA: 0.81307
[Test F1-max]  -  LA: 0.84444
Epoch: 30 | Loss: 0.00046523206401616335  | Negative Loss: 0.0
[Test ROC-AUC]  -  SA: 0.00000,  LA: 0.80018
[Test AUPRC]  -  LA: 0.81663
[Test F1-max]  -  LA: 0.84444
Epoch: 31 | Loss: 0.00034276352380402386  | Negative Loss: 0.0
[Test ROC-AUC]  -  SA: 0.00000,  LA: 0.80195
[Test AUPRC]  -  LA: 0.81869
[Test F1-max]  -  LA: 0.84444
Epoch: 32 | Loss: 0.0002579736174084246  | Negative Loss: 0.0
[Test ROC-AUC]  -  SA: 0.00000,  LA: 0.80195
[Test AUPRC]  -  LA: 0.81910
[Test F1-max]  -  LA: 0.84444
Epoch: 33 | Loss: 0.00019821024034172297  | Negative Loss: 0.0
[Test ROC-AUC]  -  SA: 0.00000,  LA: 0.80637
[Test AUPRC]  -  LA: 0.82504
[Test F1-max]  -  LA: 0.84444
Epoch: 34 | Loss: 0.00015529931988567114  | Negative Loss: 0.0
[Test ROC-AUC]  -  SA: 0.00000,  LA: 0.80725
[Test AUPRC]  -  LA: 0.82612
[Test F1-max]  -  LA: 0.84444
Epoch: 35 | Loss: 0.00012397361570037901  | Negative Loss: 0.0
[Test ROC-AUC]  -  SA: 0.00000,  LA: 0.81079
[Test AUPRC]  -  LA: 0.82915
[Test F1-max]  -  LA: 0.84444
Epoch: 36 | Loss: 0.00010068158007925376  | Negative Loss: 0.0
[Test ROC-AUC]  -  SA: 0.00000,  LA: 0.81256
[Test AUPRC]  -  LA: 0.83061
[Test F1-max]  -  LA: 0.84444
Epoch: 37 | Loss: 8.318252366734669e-05  | Negative Loss: 0.0
[Test ROC-AUC]  -  SA: 0.00000,  LA: 0.81432
[Test AUPRC]  -  LA: 0.83281
[Test F1-max]  -  LA: 0.85057
Epoch: 38 | Loss: 6.966473301872611e-05  | Negative Loss: 0.0
[Test ROC-AUC]  -  SA: 0.00000,  LA: 0.81432
[Test AUPRC]  -  LA: 0.83300
[Test F1-max]  -  LA: 0.84444
Epoch: 39 | Loss: 5.931771011091769e-05  | Negative Loss: 0.0
[Test ROC-AUC]  -  SA: 0.00000,  LA: 0.81521
[Test AUPRC]  -  LA: 0.83496
[Test F1-max]  -  LA: 0.84444
Epoch: 40 | Loss: 5.11163379997015e-05  | Negative Loss: 0.0
[Test ROC-AUC]  -  SA: 0.00000,  LA: 0.81521
[Test AUPRC]  -  LA: 0.83496
[Test F1-max]  -  LA: 0.84444
Epoch: 41 | Loss: 4.4512300519272685e-05  | Negative Loss: 0.0
[Test ROC-AUC]  -  SA: 0.00000,  LA: 0.81344
[Test AUPRC]  -  LA: 0.83414
[Test F1-max]  -  LA: 0.84444
Epoch: 42 | Loss: 3.936255961889401e-05  | Negative Loss: 0.0
[Test ROC-AUC]  -  SA: 0.00000,  LA: 0.81432
[Test AUPRC]  -  LA: 0.83493
[Test F1-max]  -  LA: 0.84091
Epoch: 43 | Loss: 3.5071101592620835e-05  | Negative Loss: 0.0
[Test ROC-AUC]  -  SA: 0.00000,  LA: 0.81432
[Test AUPRC]  -  LA: 0.83493
[Test F1-max]  -  LA: 0.84091
Epoch: 44 | Loss: 3.149488111375831e-05  | Negative Loss: 0.0
[Test ROC-AUC]  -  SA: 0.00000,  LA: 0.81256
[Test AUPRC]  -  LA: 0.83154
[Test F1-max]  -  LA: 0.84091
Epoch: 45 | Loss: 2.865773785742931e-05  | Negative Loss: 0.0
[Test ROC-AUC]  -  SA: 0.00000,  LA: 0.81167
[Test AUPRC]  -  LA: 0.82952
[Test F1-max]  -  LA: 0.84091
Epoch: 46 | Loss: 2.622589818201959e-05  | Negative Loss: 0.0
[Test ROC-AUC]  -  SA: 0.00000,  LA: 0.81167
[Test AUPRC]  -  LA: 0.82963
[Test F1-max]  -  LA: 0.84091
Epoch: 47 | Loss: 2.4151680918294005e-05  | Negative Loss: 0.0
[Test ROC-AUC]  -  SA: 0.00000,  LA: 0.81344
[Test AUPRC]  -  LA: 0.83061
[Test F1-max]  -  LA: 0.84091
Epoch: 48 | Loss: 2.2435086066252552e-05  | Negative Loss: 0.0
[Test ROC-AUC]  -  SA: 0.00000,  LA: 0.81432
[Test AUPRC]  -  LA: 0.83145
[Test F1-max]  -  LA: 0.84091
Epoch: 49 | Loss: 2.0909219529130496e-05  | Negative Loss: 0.0
[Test ROC-AUC]  -  SA: 0.00000,  LA: 0.81521
[Test AUPRC]  -  LA: 0.83182
[Test F1-max]  -  LA: 0.84444
Epoch: 50 | Loss: 1.9669454559334554e-05  | Negative Loss: 0.0
[Test ROC-AUC]  -  SA: 0.00000,  LA: 0.81432
[Test AUPRC]  -  LA: 0.83077
[Test F1-max]  -  LA: 0.84444
Epoch: 51 | Loss: 1.8572738554212265e-05  | Negative Loss: 0.0
[Test ROC-AUC]  -  SA: 0.00000,  LA: 0.81432
[Test AUPRC]  -  LA: 0.83077
[Test F1-max]  -  LA: 0.84444
Epoch: 52 | Loss: 1.7595230019651353e-05  | Negative Loss: 0.0
[Test ROC-AUC]  -  SA: 0.00000,  LA: 0.81521
[Test AUPRC]  -  LA: 0.83115
[Test F1-max]  -  LA: 0.85393
Epoch: 53 | Loss: 1.6736927136662416e-05  | Negative Loss: 0.0
[Test ROC-AUC]  -  SA: 0.00000,  LA: 0.81432
[Test AUPRC]  -  LA: 0.83002
[Test F1-max]  -  LA: 0.85393
Epoch: 54 | Loss: 1.5973993868101388e-05  | Negative Loss: 0.0
[Test ROC-AUC]  -  SA: 0.00000,  LA: 0.81344
[Test AUPRC]  -  LA: 0.83008
[Test F1-max]  -  LA: 0.85393
Epoch: 55 | Loss: 1.5330268070101738e-05  | Negative Loss: 0.0
[Test ROC-AUC]  -  SA: 0.00000,  LA: 0.81432
[Test AUPRC]  -  LA: 0.83159
[Test F1-max]  -  LA: 0.85393
Epoch: 56 | Loss: 1.4805749742663465e-05  | Negative Loss: 0.0
[Test ROC-AUC]  -  SA: 0.00000,  LA: 0.81432
[Test AUPRC]  -  LA: 0.83159
[Test F1-max]  -  LA: 0.85393
Epoch: 57 | Loss: 1.4209706932888366e-05  | Negative Loss: 0.0
[Test ROC-AUC]  -  SA: 0.00000,  LA: 0.81432
[Test AUPRC]  -  LA: 0.83159
[Test F1-max]  -  LA: 0.85393
Epoch: 58 | Loss: 1.3756714906776324e-05  | Negative Loss: 0.0
[Test ROC-AUC]  -  SA: 0.00000,  LA: 0.81432
[Test AUPRC]  -  LA: 0.83159
[Test F1-max]  -  LA: 0.85393
Epoch: 59 | Loss: 1.3375245544011705e-05  | Negative Loss: 0.0
[Test ROC-AUC]  -  SA: 0.00000,  LA: 0.81609
[Test AUPRC]  -  LA: 0.83278
[Test F1-max]  -  LA: 0.85393
Epoch: 60 | Loss: 1.2969936506124213e-05  | Negative Loss: 0.0
[Test ROC-AUC]  -  SA: 0.00000,  LA: 0.81609
[Test AUPRC]  -  LA: 0.83278
[Test F1-max]  -  LA: 0.85393
Epoch: 61 | Loss: 1.265999617316993e-05  | Negative Loss: 0.0
[Test ROC-AUC]  -  SA: 0.00000,  LA: 0.81521
[Test AUPRC]  -  LA: 0.83236
[Test F1-max]  -  LA: 0.85393
Epoch: 62 | Loss: 1.2326210708124563e-05  | Negative Loss: 0.0
[Test ROC-AUC]  -  SA: 0.00000,  LA: 0.81609
[Test AUPRC]  -  LA: 0.83424
[Test F1-max]  -  LA: 0.85393
Epoch: 63 | Loss: 1.1992426152573898e-05  | Negative Loss: 0.0
[Test ROC-AUC]  -  SA: 0.00000,  LA: 0.81609
[Test AUPRC]  -  LA: 0.83554
[Test F1-max]  -  LA: 0.85393
Epoch: 64 | Loss: 1.1777850886574015e-05  | Negative Loss: 0.0
[Test ROC-AUC]  -  SA: 0.00000,  LA: 0.81609
[Test AUPRC]  -  LA: 0.83554
[Test F1-max]  -  LA: 0.85393
Epoch: 65 | Loss: 1.1539432307472453e-05  | Negative Loss: 0.0
[Test ROC-AUC]  -  SA: 0.00000,  LA: 0.81698
[Test AUPRC]  -  LA: 0.83611
[Test F1-max]  -  LA: 0.85393
Epoch: 66 | Loss: 1.130101372837089e-05  | Negative Loss: 0.0
[Test ROC-AUC]  -  SA: 0.00000,  LA: 0.81609
[Test AUPRC]  -  LA: 0.83565
[Test F1-max]  -  LA: 0.85393
Epoch: 67 | Loss: 1.1134123269584961e-05  | Negative Loss: 0.0
[Test ROC-AUC]  -  SA: 0.00000,  LA: 0.81609
[Test AUPRC]  -  LA: 0.83565
[Test F1-max]  -  LA: 0.85393
Epoch: 68 | Loss: 1.0967230991809629e-05  | Negative Loss: 0.0
[Test ROC-AUC]  -  SA: 0.00000,  LA: 0.81609
[Test AUPRC]  -  LA: 0.83565
[Test F1-max]  -  LA: 0.85393
Epoch: 69 | Loss: 1.077649631042732e-05  | Negative Loss: 0.0
[Test ROC-AUC]  -  SA: 0.00000,  LA: 0.81609
[Test AUPRC]  -  LA: 0.83564
[Test F1-max]  -  LA: 0.85393
Epoch: 70 | Loss: 1.0609604032651987e-05  | Negative Loss: 0.0
[Test ROC-AUC]  -  SA: 0.00000,  LA: 0.81609
[Test AUPRC]  -  LA: 0.83565
[Test F1-max]  -  LA: 0.85393
Epoch: 71 | Loss: 1.0442712664371356e-05  | Negative Loss: 0.0
[Test ROC-AUC]  -  SA: 0.00000,  LA: 0.81609
[Test AUPRC]  -  LA: 0.83615
[Test F1-max]  -  LA: 0.85393
Epoch: 72 | Loss: 1.02996618807083e-05  | Negative Loss: 0.0
[Test ROC-AUC]  -  SA: 0.00000,  LA: 0.81521
[Test AUPRC]  -  LA: 0.83568
[Test F1-max]  -  LA: 0.85393
Epoch: 73 | Loss: 1.0204294085269794e-05  | Negative Loss: 0.0
[Test ROC-AUC]  -  SA: 0.00000,  LA: 0.81521
[Test AUPRC]  -  LA: 0.83568
[Test F1-max]  -  LA: 0.85393
Epoch: 74 | Loss: 1.0085085705213714e-05  | Negative Loss: 0.0
[Test ROC-AUC]  -  SA: 0.00000,  LA: 0.81521
[Test AUPRC]  -  LA: 0.83568
[Test F1-max]  -  LA: 0.85393
Epoch: 75 | Loss: 9.98971881926991e-06  | Negative Loss: 0.0
[Test ROC-AUC]  -  SA: 0.00000,  LA: 0.81521
[Test AUPRC]  -  LA: 0.83568
[Test F1-max]  -  LA: 0.85393
Epoch: 76 | Loss: 9.798985047382303e-06  | Negative Loss: 0.0
[Test ROC-AUC]  -  SA: 0.00000,  LA: 0.81521
[Test AUPRC]  -  LA: 0.83566
[Test F1-max]  -  LA: 0.85393
Epoch: 77 | Loss: 9.775142643775325e-06  | Negative Loss: 0.0
[Test ROC-AUC]  -  SA: 0.00000,  LA: 0.81521
[Test AUPRC]  -  LA: 0.83568
[Test F1-max]  -  LA: 0.85393
Epoch: 78 | Loss: 9.63209276960697e-06  | Negative Loss: 0.0
[Test ROC-AUC]  -  SA: 0.00000,  LA: 0.81521
[Test AUPRC]  -  LA: 0.83567
[Test F1-max]  -  LA: 0.85393
Epoch: 79 | Loss: 9.536724974168465e-06  | Negative Loss: 0.0
[Test ROC-AUC]  -  SA: 0.00000,  LA: 0.81521
[Test AUPRC]  -  LA: 0.83568
[Test F1-max]  -  LA: 0.85393
Epoch: 80 | Loss: 9.44135808822466e-06  | Negative Loss: 0.0
[Test ROC-AUC]  -  SA: 0.00000,  LA: 0.81521
[Test AUPRC]  -  LA: 0.83568
[Test F1-max]  -  LA: 0.85393
Epoch: 81 | Loss: 9.393674190505408e-06  | Negative Loss: 0.0
[Test ROC-AUC]  -  SA: 0.00000,  LA: 0.81521
[Test AUPRC]  -  LA: 0.83568
[Test F1-max]  -  LA: 0.85393
Epoch: 82 | Loss: 9.226781912730075e-06  | Negative Loss: 0.0
[Test ROC-AUC]  -  SA: 0.00000,  LA: 0.81609
[Test AUPRC]  -  LA: 0.83678
[Test F1-max]  -  LA: 0.85393
Epoch: 83 | Loss: 9.2029404186178e-06  | Negative Loss: 0.0
[Test ROC-AUC]  -  SA: 0.00000,  LA: 0.81521
[Test AUPRC]  -  LA: 0.83503
[Test F1-max]  -  LA: 0.85393
Epoch: 84 | Loss: 9.13141411729157e-06  | Negative Loss: 0.0
[Test ROC-AUC]  -  SA: 0.00000,  LA: 0.81432
[Test AUPRC]  -  LA: 0.83315
[Test F1-max]  -  LA: 0.85393
Epoch: 85 | Loss: 9.036048140842468e-06  | Negative Loss: 0.0
[Test ROC-AUC]  -  SA: 0.00000,  LA: 0.81432
[Test AUPRC]  -  LA: 0.83315
[Test F1-max]  -  LA: 0.85393
Epoch: 86 | Loss: 8.940681254898664e-06  | Negative Loss: 0.0
[Test ROC-AUC]  -  SA: 0.00000,  LA: 0.81344
[Test AUPRC]  -  LA: 0.82972
[Test F1-max]  -  LA: 0.85393
Epoch: 87 | Loss: 8.869155863067135e-06  | Negative Loss: 0.0
[Test ROC-AUC]  -  SA: 0.00000,  LA: 0.81344
[Test AUPRC]  -  LA: 0.82972
[Test F1-max]  -  LA: 0.85393
Epoch: 88 | Loss: 8.845313459460158e-06  | Negative Loss: 0.0
[Test ROC-AUC]  -  SA: 0.00000,  LA: 0.81432
[Test AUPRC]  -  LA: 0.83078
[Test F1-max]  -  LA: 0.85393
Epoch: 89 | Loss: 8.797629561740905e-06  | Negative Loss: 0.0
[Test ROC-AUC]  -  SA: 0.00000,  LA: 0.81521
[Test AUPRC]  -  LA: 0.83142
[Test F1-max]  -  LA: 0.85393
Epoch: 90 | Loss: 8.678421181684826e-06  | Negative Loss: 0.0
[Test ROC-AUC]  -  SA: 0.00000,  LA: 0.81521
[Test AUPRC]  -  LA: 0.83142
[Test F1-max]  -  LA: 0.85393
Epoch: 91 | Loss: 8.559211892134044e-06  | Negative Loss: 0.0
[Test ROC-AUC]  -  SA: 0.00000,  LA: 0.81521
[Test AUPRC]  -  LA: 0.83142
[Test F1-max]  -  LA: 0.85393
Epoch: 92 | Loss: 8.511527994414791e-06  | Negative Loss: 0.0
[Test ROC-AUC]  -  SA: 0.00000,  LA: 0.81521
[Test AUPRC]  -  LA: 0.83142
[Test F1-max]  -  LA: 0.85393
Epoch: 93 | Loss: 8.46384500619024e-06  | Negative Loss: 0.0
[Test ROC-AUC]  -  SA: 0.00000,  LA: 0.81609
[Test AUPRC]  -  LA: 0.83189
[Test F1-max]  -  LA: 0.85393
Epoch: 94 | Loss: 8.440003512077965e-06  | Negative Loss: 0.0
[Test ROC-AUC]  -  SA: 0.00000,  LA: 0.81609
[Test AUPRC]  -  LA: 0.83189
[Test F1-max]  -  LA: 0.85393
Epoch: 95 | Loss: 8.416161108470988e-06  | Negative Loss: 0.0
[Test ROC-AUC]  -  SA: 0.00000,  LA: 0.81609
[Test AUPRC]  -  LA: 0.83189
[Test F1-max]  -  LA: 0.85393
Epoch: 96 | Loss: 8.320794222527184e-06  | Negative Loss: 0.0
[Test ROC-AUC]  -  SA: 0.00000,  LA: 0.81609
[Test AUPRC]  -  LA: 0.83189
[Test F1-max]  -  LA: 0.85393
Epoch: 97 | Loss: 8.177743438864127e-06  | Negative Loss: 0.0
[Test ROC-AUC]  -  SA: 0.00000,  LA: 0.81609
[Test AUPRC]  -  LA: 0.83189
[Test F1-max]  -  LA: 0.85393
Epoch: 98 | Loss: 8.15390103525715e-06  | Negative Loss: 0.0
[Test ROC-AUC]  -  SA: 0.00000,  LA: 0.81609
[Test AUPRC]  -  LA: 0.83189
[Test F1-max]  -  LA: 0.85393
Epoch: 99 | Loss: 8.130059541144874e-06  | Negative Loss: 0.0
Time consumption: 96.34272193908691
Best LA AUC: 0.8169761273209549
Best LA AUPC: 0.8367771321897878
Best LA F1-max: 0.853932584269663
[Result] Experiment result appended to ./results/train_hybrid_result.csv

[END] 2026-03-18 18:22:03
[RETURN CODE] 0
