[START] 2026-03-18 14:27:49
[GPU] 3
[INDEX] 10/80
[COMMAND] python train_hybrid.py --data_name cherry_juice --mask True --text True --double_encoder True --few_shot True --shot 5 --hybrid_model winclip --hybrid_weight 0.3 --hybrid_batch_size 16 --epoch 100 --log True --lr 5e-4 --detection True --preprocess True

/home/seungeon/miniconda3/envs/LAB/lib/python3.10/site-packages/timm/models/layers/__init__.py:48: FutureWarning: Importing from timm.models.layers is deprecated, please import via timm.layers
  warnings.warn(f"Importing from {__name__} is deprecated, please import via timm.layers", FutureWarning)
/home/seungeon/Workspace/side/vlm/train_hybrid.py:18: DeprecationWarning: The distutils package is deprecated and slated for removal in Python 3.12. Use setuptools or check PEP 632 for potential alternatives
  from distutils.util import strtobool
Torch version: 2.9.1+cu128
cuda is loaded for process
here?
In my local computer
Namespace(epoch=100, gpu_number='0', data_name='cherry_juice', lr=0.0005, batch_size=6, shuffle=True, seed=0, tag='default', model_name='ViT-B-32', pretrained_name='laion2b_s34b_b79k', lora=1, default=False, foundation='CLIP', detection=1, preprocess=1, num_rule=0, object_names=['a photo of cherry picture label', 'a photo of 100% text label', 'a photo of bottle cap', 'a photo of black background'], objects_for_rules=[['a photo of cherry picture label'], ['a photo of cherry picture label', 'a photo of 100% text label'], ['a photo of cherry picture label'], ['a photo of 100% text label'], ['a photo of cherry picture label', 'a photo of 100% text label']], texts_for_rules=[['a photo of cherry picture label'], ['a photo of cherry picture label and 100% text label'], ['a photo of cherry picture label'], ['a photo of 100% text label'], ['a photo of fruit picture label and 100% text label']], mask=1, text=1, score='mean', ciriculam_learning=False, few_shot=1, shot=5, log=1, neg_loss=0, double_encoder=1, pretrained_count_path=None, ris=0, rule_select='', rule_list=[], num_negative=5, hybrid_model='winclip', hybrid_weight=0.3, hybrid_class_name='', hybrid_batch_size=16, hybrid_backbone='ViT-B-16-plus-240', hybrid_pretrained_dataset='laion400m_e32', hybrid_scales=[2, 3], hybrid_img_resize=240, hybrid_img_cropsize=240, hybrid_resolution=400, hybrid_promptad_epoch=100, hybrid_promptad_lr=0.002, hybrid_promptad_momentum=0.9, hybrid_promptad_weight_decay=0.0005, hybrid_promptad_eta_min=1e-05, hybrid_promptad_lambda1=0.001, hybrid_promptad_n_ctx=4, hybrid_promptad_n_pro=3, hybrid_promptad_n_ctx_ab=1, hybrid_promptad_n_pro_ab=4, early_stop_k=10, result_log_path='./results/train_hybrid_result.csv')
[Hybrid] method=winclip, class_name=juice_bottle, train=5, eval=73, base_path=/data3/seungeon/data/image/mvtec_loco_anomaly_detection/cherry_juice
grid 240 16 (15, 15)
[Hybrid-only] LA_AUC=0.80564, LA_AUPRC=0.67313, LA_F1=0.77500
[Data Description]
- Train: 5
- Test: 73

Train Start
[Test ROC-AUC]  -  SA: 0.00000,  LA: 0.80488
[Test AUPRC]  -  LA: 0.66482
[Test F1-max]  -  LA: 0.76543
Epoch: 0 | Loss: 9.762336730957031  | Negative Loss: 0.0
[Test ROC-AUC]  -  SA: 0.00000,  LA: 0.80793
[Test AUPRC]  -  LA: 0.66581
[Test F1-max]  -  LA: 0.76543
Epoch: 1 | Loss: 9.668621063232422  | Negative Loss: 0.0
[Test ROC-AUC]  -  SA: 0.00000,  LA: 0.83841
[Test AUPRC]  -  LA: 0.69075
[Test F1-max]  -  LA: 0.77333
Epoch: 2 | Loss: 8.644984245300293  | Negative Loss: 0.0
[Test ROC-AUC]  -  SA: 0.00000,  LA: 0.86433
[Test AUPRC]  -  LA: 0.74685
[Test F1-max]  -  LA: 0.80519
Epoch: 3 | Loss: 6.9871602058410645  | Negative Loss: 0.0
[Test ROC-AUC]  -  SA: 0.00000,  LA: 0.88415
[Test AUPRC]  -  LA: 0.79982
[Test F1-max]  -  LA: 0.82051
Epoch: 4 | Loss: 5.015296459197998  | Negative Loss: 0.0
[Test ROC-AUC]  -  SA: 0.00000,  LA: 0.90396
[Test AUPRC]  -  LA: 0.87443
[Test F1-max]  -  LA: 0.83117
Epoch: 5 | Loss: 3.1882054805755615  | Negative Loss: 0.0
[Test ROC-AUC]  -  SA: 0.00000,  LA: 0.91082
[Test AUPRC]  -  LA: 0.89662
[Test F1-max]  -  LA: 0.80519
Epoch: 6 | Loss: 1.82200288772583  | Negative Loss: 0.0
[Test ROC-AUC]  -  SA: 0.00000,  LA: 0.91159
[Test AUPRC]  -  LA: 0.90033
[Test F1-max]  -  LA: 0.80000
Epoch: 7 | Loss: 1.00675630569458  | Negative Loss: 0.0
[Test ROC-AUC]  -  SA: 0.00000,  LA: 0.91311
[Test AUPRC]  -  LA: 0.89597
[Test F1-max]  -  LA: 0.81159
Epoch: 8 | Loss: 0.5823423862457275  | Negative Loss: 0.0
[Test ROC-AUC]  -  SA: 0.00000,  LA: 0.91768
[Test AUPRC]  -  LA: 0.89957
[Test F1-max]  -  LA: 0.82667
Epoch: 9 | Loss: 0.34615635871887207  | Negative Loss: 0.0
[Test ROC-AUC]  -  SA: 0.00000,  LA: 0.91692
[Test AUPRC]  -  LA: 0.89267
[Test F1-max]  -  LA: 0.82051
Epoch: 10 | Loss: 0.20227932929992676  | Negative Loss: 0.0
[Test ROC-AUC]  -  SA: 0.00000,  LA: 0.91311
[Test AUPRC]  -  LA: 0.87836
[Test F1-max]  -  LA: 0.82857
Epoch: 11 | Loss: 0.11598493903875351  | Negative Loss: 0.0
[Test ROC-AUC]  -  SA: 0.00000,  LA: 0.90930
[Test AUPRC]  -  LA: 0.86214
[Test F1-max]  -  LA: 0.84211
Epoch: 12 | Loss: 0.06591305136680603  | Negative Loss: 0.0
[Test ROC-AUC]  -  SA: 0.00000,  LA: 0.91006
[Test AUPRC]  -  LA: 0.86063
[Test F1-max]  -  LA: 0.85333
Epoch: 13 | Loss: 0.03733159229159355  | Negative Loss: 0.0
[Test ROC-AUC]  -  SA: 0.00000,  LA: 0.91082
[Test AUPRC]  -  LA: 0.85654
[Test F1-max]  -  LA: 0.84211
Epoch: 14 | Loss: 0.02127024531364441  | Negative Loss: 0.0
[Test ROC-AUC]  -  SA: 0.00000,  LA: 0.91082
[Test AUPRC]  -  LA: 0.85254
[Test F1-max]  -  LA: 0.84211
Epoch: 15 | Loss: 0.012281454168260098  | Negative Loss: 0.0
[Test ROC-AUC]  -  SA: 0.00000,  LA: 0.90320
[Test AUPRC]  -  LA: 0.83347
[Test F1-max]  -  LA: 0.84211
Epoch: 16 | Loss: 0.007192044518887997  | Negative Loss: 0.0
[Test ROC-AUC]  -  SA: 0.00000,  LA: 0.90320
[Test AUPRC]  -  LA: 0.82964
[Test F1-max]  -  LA: 0.84932
Epoch: 17 | Loss: 0.004274277947843075  | Negative Loss: 0.0
[Test ROC-AUC]  -  SA: 0.00000,  LA: 0.90396
[Test AUPRC]  -  LA: 0.82936
[Test F1-max]  -  LA: 0.86486
Epoch: 18 | Loss: 0.0025850441306829453  | Negative Loss: 0.0
[Test ROC-AUC]  -  SA: 0.00000,  LA: 0.90473
[Test AUPRC]  -  LA: 0.82947
[Test F1-max]  -  LA: 0.86486
Epoch: 19 | Loss: 0.0015924961771816015  | Negative Loss: 0.0
[Test ROC-AUC]  -  SA: 0.00000,  LA: 0.89939
[Test AUPRC]  -  LA: 0.82169
[Test F1-max]  -  LA: 0.86486
Epoch: 20 | Loss: 0.0010000705951824784  | Negative Loss: 0.0
[Test ROC-AUC]  -  SA: 0.00000,  LA: 0.89863
[Test AUPRC]  -  LA: 0.81132
[Test F1-max]  -  LA: 0.86486
Epoch: 21 | Loss: 0.0006403642473742366  | Negative Loss: 0.0
[Test ROC-AUC]  -  SA: 0.00000,  LA: 0.89634
[Test AUPRC]  -  LA: 0.80892
[Test F1-max]  -  LA: 0.85333
Epoch: 22 | Loss: 0.00041807550587691367  | Negative Loss: 0.0
[Test ROC-AUC]  -  SA: 0.00000,  LA: 0.89710
[Test AUPRC]  -  LA: 0.80975
[Test F1-max]  -  LA: 0.86111
Epoch: 23 | Loss: 0.0002789692662190646  | Negative Loss: 0.0
[Test ROC-AUC]  -  SA: 0.00000,  LA: 0.89253
[Test AUPRC]  -  LA: 0.80190
[Test F1-max]  -  LA: 0.84932
Epoch: 24 | Loss: 0.00019041176710743457  | Negative Loss: 0.0
[Test ROC-AUC]  -  SA: 0.00000,  LA: 0.89177
[Test AUPRC]  -  LA: 0.79985
[Test F1-max]  -  LA: 0.85333
Epoch: 25 | Loss: 0.00013272120850160718  | Negative Loss: 0.0
[Test ROC-AUC]  -  SA: 0.00000,  LA: 0.89177
[Test AUPRC]  -  LA: 0.79985
[Test F1-max]  -  LA: 0.85333
Epoch: 26 | Loss: 9.448202035855502e-05  | Negative Loss: 0.0
[Test ROC-AUC]  -  SA: 0.00000,  LA: 0.89101
[Test AUPRC]  -  LA: 0.79962
[Test F1-max]  -  LA: 0.84932
Epoch: 27 | Loss: 6.871050572954118e-05  | Negative Loss: 0.0
[Test ROC-AUC]  -  SA: 0.00000,  LA: 0.88567
[Test AUPRC]  -  LA: 0.79455
[Test F1-max]  -  LA: 0.84211
Epoch: 28 | Loss: 5.0972939789062366e-05  | Negative Loss: 0.0
[Test ROC-AUC]  -  SA: 0.00000,  LA: 0.88491
[Test AUPRC]  -  LA: 0.79386
[Test F1-max]  -  LA: 0.84211
Epoch: 29 | Loss: 3.850405482808128e-05  | Negative Loss: 0.0
[Test ROC-AUC]  -  SA: 0.00000,  LA: 0.88415
[Test AUPRC]  -  LA: 0.79336
[Test F1-max]  -  LA: 0.83117
Epoch: 30 | Loss: 2.963510632980615e-05  | Negative Loss: 0.0
[Test ROC-AUC]  -  SA: 0.00000,  LA: 0.87957
[Test AUPRC]  -  LA: 0.78739
[Test F1-max]  -  LA: 0.83117
Epoch: 31 | Loss: 2.326945286768023e-05  | Negative Loss: 0.0
[Test ROC-AUC]  -  SA: 0.00000,  LA: 0.87652
[Test AUPRC]  -  LA: 0.78501
[Test F1-max]  -  LA: 0.83117
Epoch: 32 | Loss: 1.8596521840663627e-05  | Negative Loss: 0.0
[Test ROC-AUC]  -  SA: 0.00000,  LA: 0.87576
[Test AUPRC]  -  LA: 0.78447
[Test F1-max]  -  LA: 0.83117
Epoch: 33 | Loss: 1.4996445315773599e-05  | Negative Loss: 0.0
[Test ROC-AUC]  -  SA: 0.00000,  LA: 0.87424
[Test AUPRC]  -  LA: 0.78334
[Test F1-max]  -  LA: 0.83117
Epoch: 34 | Loss: 1.2350026736385189e-05  | Negative Loss: 0.0
[Test ROC-AUC]  -  SA: 0.00000,  LA: 0.87195
[Test AUPRC]  -  LA: 0.78016
[Test F1-max]  -  LA: 0.83117
Epoch: 35 | Loss: 1.0275802196701989e-05  | Negative Loss: 0.0
[Test ROC-AUC]  -  SA: 0.00000,  LA: 0.87195
[Test AUPRC]  -  LA: 0.78016
[Test F1-max]  -  LA: 0.83117
Epoch: 36 | Loss: 8.678408448759e-06  | Negative Loss: 0.0
[Test ROC-AUC]  -  SA: 0.00000,  LA: 0.86966
[Test AUPRC]  -  LA: 0.77767
[Test F1-max]  -  LA: 0.83117
Epoch: 37 | Loss: 7.4863223744614515e-06  | Negative Loss: 0.0
[Test ROC-AUC]  -  SA: 0.00000,  LA: 0.86738
[Test AUPRC]  -  LA: 0.77495
[Test F1-max]  -  LA: 0.83117
Epoch: 38 | Loss: 6.48497007205151e-06  | Negative Loss: 0.0
[Test ROC-AUC]  -  SA: 0.00000,  LA: 0.86662
[Test AUPRC]  -  LA: 0.77440
[Test F1-max]  -  LA: 0.83117
Epoch: 39 | Loss: 5.6981921261467505e-06  | Negative Loss: 0.0
[Test ROC-AUC]  -  SA: 0.00000,  LA: 0.86662
[Test AUPRC]  -  LA: 0.77461
[Test F1-max]  -  LA: 0.83117
Epoch: 40 | Loss: 5.03062256029807e-06  | Negative Loss: 0.0
[Test ROC-AUC]  -  SA: 0.00000,  LA: 0.86509
[Test AUPRC]  -  LA: 0.77283
[Test F1-max]  -  LA: 0.83117
Epoch: 41 | Loss: 4.506103778112447e-06  | Negative Loss: 0.0
[Test ROC-AUC]  -  SA: 0.00000,  LA: 0.86280
[Test AUPRC]  -  LA: 0.77021
[Test F1-max]  -  LA: 0.83117
Epoch: 42 | Loss: 4.076951881870627e-06  | Negative Loss: 0.0
[Test ROC-AUC]  -  SA: 0.00000,  LA: 0.86280
[Test AUPRC]  -  LA: 0.77021
[Test F1-max]  -  LA: 0.83117
Epoch: 43 | Loss: 3.7193249227129854e-06  | Negative Loss: 0.0
[Test ROC-AUC]  -  SA: 0.00000,  LA: 0.86204
[Test AUPRC]  -  LA: 0.76949
[Test F1-max]  -  LA: 0.83117
Epoch: 44 | Loss: 3.3616979635553434e-06  | Negative Loss: 0.0
[Test ROC-AUC]  -  SA: 0.00000,  LA: 0.86128
[Test AUPRC]  -  LA: 0.76852
[Test F1-max]  -  LA: 0.83117
Epoch: 45 | Loss: 3.09943766296783e-06  | Negative Loss: 0.0
[Test ROC-AUC]  -  SA: 0.00000,  LA: 0.86052
[Test AUPRC]  -  LA: 0.76795
[Test F1-max]  -  LA: 0.83117
Epoch: 46 | Loss: 2.8371778171276674e-06  | Negative Loss: 0.0
[Test ROC-AUC]  -  SA: 0.00000,  LA: 0.85976
[Test AUPRC]  -  LA: 0.76695
[Test F1-max]  -  LA: 0.83117
Epoch: 47 | Loss: 2.694127260838286e-06  | Negative Loss: 0.0
[Test ROC-AUC]  -  SA: 0.00000,  LA: 0.85899
[Test AUPRC]  -  LA: 0.76637
[Test F1-max]  -  LA: 0.83117
Epoch: 48 | Loss: 2.503392806829652e-06  | Negative Loss: 0.0
[Test ROC-AUC]  -  SA: 0.00000,  LA: 0.85747
[Test AUPRC]  -  LA: 0.76427
[Test F1-max]  -  LA: 0.83117
Epoch: 49 | Loss: 2.336500301680644e-06  | Negative Loss: 0.0
[Test ROC-AUC]  -  SA: 0.00000,  LA: 0.85671
[Test AUPRC]  -  LA: 0.76369
[Test F1-max]  -  LA: 0.83117
Epoch: 50 | Loss: 2.2411327336158138e-06  | Negative Loss: 0.0
[Test ROC-AUC]  -  SA: 0.00000,  LA: 0.85671
[Test AUPRC]  -  LA: 0.76369
[Test F1-max]  -  LA: 0.83117
Epoch: 51 | Loss: 2.1457656202983344e-06  | Negative Loss: 0.0
[Test ROC-AUC]  -  SA: 0.00000,  LA: 0.85595
[Test AUPRC]  -  LA: 0.76279
[Test F1-max]  -  LA: 0.83117
Epoch: 52 | Loss: 2.0742400010931306e-06  | Negative Loss: 0.0
[Test ROC-AUC]  -  SA: 0.00000,  LA: 0.85518
[Test AUPRC]  -  LA: 0.76158
[Test F1-max]  -  LA: 0.83117
Epoch: 53 | Loss: 1.9311889900563983e-06  | Negative Loss: 0.0
[Test ROC-AUC]  -  SA: 0.00000,  LA: 0.85518
[Test AUPRC]  -  LA: 0.76158
[Test F1-max]  -  LA: 0.83117
Epoch: 54 | Loss: 1.8835054333976586e-06  | Negative Loss: 0.0
[Test ROC-AUC]  -  SA: 0.00000,  LA: 0.85518
[Test AUPRC]  -  LA: 0.76158
[Test F1-max]  -  LA: 0.83117
Epoch: 55 | Loss: 1.7642962575337151e-06  | Negative Loss: 0.0
[Test ROC-AUC]  -  SA: 0.00000,  LA: 0.85518
[Test AUPRC]  -  LA: 0.76158
[Test F1-max]  -  LA: 0.83117
Epoch: 56 | Loss: 1.7166125871881377e-06  | Negative Loss: 0.0
[Test ROC-AUC]  -  SA: 0.00000,  LA: 0.85518
[Test AUPRC]  -  LA: 0.76158
[Test F1-max]  -  LA: 0.83117
Epoch: 57 | Loss: 1.6689289168425603e-06  | Negative Loss: 0.0
[Test ROC-AUC]  -  SA: 0.00000,  LA: 0.85518
[Test AUPRC]  -  LA: 0.76158
[Test F1-max]  -  LA: 0.83117
Epoch: 58 | Loss: 1.5974035250110319e-06  | Negative Loss: 0.0
[Test ROC-AUC]  -  SA: 0.00000,  LA: 0.85518
[Test AUPRC]  -  LA: 0.76158
[Test F1-max]  -  LA: 0.83117
Epoch: 59 | Loss: 1.525877905805828e-06  | Negative Loss: 0.0
[Test ROC-AUC]  -  SA: 0.00000,  LA: 0.85442
[Test AUPRC]  -  LA: 0.76032
[Test F1-max]  -  LA: 0.83117
Epoch: 60 | Loss: 1.525877905805828e-06  | Negative Loss: 0.0
[Test ROC-AUC]  -  SA: 0.00000,  LA: 0.85442
[Test AUPRC]  -  LA: 0.76032
[Test F1-max]  -  LA: 0.83117
Epoch: 61 | Loss: 1.502036184319877e-06  | Negative Loss: 0.0
[Test ROC-AUC]  -  SA: 0.00000,  LA: 0.85442
[Test AUPRC]  -  LA: 0.76032
[Test F1-max]  -  LA: 0.83117
Epoch: 62 | Loss: 1.4781942354602506e-06  | Negative Loss: 0.0
[Test ROC-AUC]  -  SA: 0.00000,  LA: 0.85442
[Test AUPRC]  -  LA: 0.76032
[Test F1-max]  -  LA: 0.83117
Epoch: 63 | Loss: 1.4066688436287222e-06  | Negative Loss: 0.0
[Test ROC-AUC]  -  SA: 0.00000,  LA: 0.85442
[Test AUPRC]  -  LA: 0.76032
[Test F1-max]  -  LA: 0.83117
Epoch: 64 | Loss: 1.3828270084559335e-06  | Negative Loss: 0.0
[Test ROC-AUC]  -  SA: 0.00000,  LA: 0.85442
[Test AUPRC]  -  LA: 0.76032
[Test F1-max]  -  LA: 0.83117
Epoch: 65 | Loss: 1.3589851732831448e-06  | Negative Loss: 0.0
[Test ROC-AUC]  -  SA: 0.00000,  LA: 0.85442
[Test AUPRC]  -  LA: 0.76032
[Test F1-max]  -  LA: 0.83117
Epoch: 66 | Loss: 1.3351432244235184e-06  | Negative Loss: 0.0
[Test ROC-AUC]  -  SA: 0.00000,  LA: 0.85442
[Test AUPRC]  -  LA: 0.76032
[Test F1-max]  -  LA: 0.83117
Epoch: 67 | Loss: 1.3113013892507297e-06  | Negative Loss: 0.0
[Test ROC-AUC]  -  SA: 0.00000,  LA: 0.85442
[Test AUPRC]  -  LA: 0.76032
[Test F1-max]  -  LA: 0.83117
Epoch: 68 | Loss: 1.287459554077941e-06  | Negative Loss: 0.0
[Test ROC-AUC]  -  SA: 0.00000,  LA: 0.85366
[Test AUPRC]  -  LA: 0.75939
[Test F1-max]  -  LA: 0.83117
Epoch: 69 | Loss: 1.2397759974192013e-06  | Negative Loss: 0.0
[Test ROC-AUC]  -  SA: 0.00000,  LA: 0.85366
[Test AUPRC]  -  LA: 0.75939
[Test F1-max]  -  LA: 0.83117
Epoch: 70 | Loss: 1.2397759974192013e-06  | Negative Loss: 0.0
[Test ROC-AUC]  -  SA: 0.00000,  LA: 0.85366
[Test AUPRC]  -  LA: 0.75939
[Test F1-max]  -  LA: 0.83117
Epoch: 71 | Loss: 1.2397758837323636e-06  | Negative Loss: 0.0
[Test ROC-AUC]  -  SA: 0.00000,  LA: 0.85366
[Test AUPRC]  -  LA: 0.75939
[Test F1-max]  -  LA: 0.83117
Epoch: 72 | Loss: 1.2159341622464126e-06  | Negative Loss: 0.0
[Test ROC-AUC]  -  SA: 0.00000,  LA: 0.85366
[Test AUPRC]  -  LA: 0.75939
[Test F1-max]  -  LA: 0.83117
Epoch: 73 | Loss: 1.2159341622464126e-06  | Negative Loss: 0.0
[Test ROC-AUC]  -  SA: 0.00000,  LA: 0.85366
[Test AUPRC]  -  LA: 0.75939
[Test F1-max]  -  LA: 0.83117
Epoch: 74 | Loss: 1.2159341622464126e-06  | Negative Loss: 0.0
[Test ROC-AUC]  -  SA: 0.00000,  LA: 0.85366
[Test AUPRC]  -  LA: 0.75939
[Test F1-max]  -  LA: 0.83117
Epoch: 75 | Loss: 1.1682504919008352e-06  | Negative Loss: 0.0
[Test ROC-AUC]  -  SA: 0.00000,  LA: 0.85366
[Test AUPRC]  -  LA: 0.75939
[Test F1-max]  -  LA: 0.83117
Epoch: 76 | Loss: 1.1682504919008352e-06  | Negative Loss: 0.0
[Test ROC-AUC]  -  SA: 0.00000,  LA: 0.85366
[Test AUPRC]  -  LA: 0.75939
[Test F1-max]  -  LA: 0.83117
Epoch: 77 | Loss: 1.1682504919008352e-06  | Negative Loss: 0.0
[Test ROC-AUC]  -  SA: 0.00000,  LA: 0.85366
[Test AUPRC]  -  LA: 0.75939
[Test F1-max]  -  LA: 0.83117
Epoch: 78 | Loss: 1.1444086567280465e-06  | Negative Loss: 0.0
[Test ROC-AUC]  -  SA: 0.00000,  LA: 0.85366
[Test AUPRC]  -  LA: 0.75939
[Test F1-max]  -  LA: 0.83117
Epoch: 79 | Loss: 1.1444086567280465e-06  | Negative Loss: 0.0
[Test ROC-AUC]  -  SA: 0.00000,  LA: 0.85366
[Test AUPRC]  -  LA: 0.75939
[Test F1-max]  -  LA: 0.83117
Epoch: 80 | Loss: 1.1444086567280465e-06  | Negative Loss: 0.0
[Test ROC-AUC]  -  SA: 0.00000,  LA: 0.85366
[Test AUPRC]  -  LA: 0.75939
[Test F1-max]  -  LA: 0.83117
Epoch: 81 | Loss: 1.1444086567280465e-06  | Negative Loss: 0.0
[Test ROC-AUC]  -  SA: 0.00000,  LA: 0.85366
[Test AUPRC]  -  LA: 0.75939
[Test F1-max]  -  LA: 0.83117
Epoch: 82 | Loss: 1.1444086567280465e-06  | Negative Loss: 0.0
[Test ROC-AUC]  -  SA: 0.00000,  LA: 0.85366
[Test AUPRC]  -  LA: 0.75939
[Test F1-max]  -  LA: 0.83117
Epoch: 83 | Loss: 1.096724986382469e-06  | Negative Loss: 0.0
[Test ROC-AUC]  -  SA: 0.00000,  LA: 0.85366
[Test AUPRC]  -  LA: 0.75939
[Test F1-max]  -  LA: 0.83117
Epoch: 84 | Loss: 1.096724986382469e-06  | Negative Loss: 0.0
[Test ROC-AUC]  -  SA: 0.00000,  LA: 0.85366
[Test AUPRC]  -  LA: 0.75939
[Test F1-max]  -  LA: 0.83117
Epoch: 85 | Loss: 1.096724986382469e-06  | Negative Loss: 0.0
[Test ROC-AUC]  -  SA: 0.00000,  LA: 0.85366
[Test AUPRC]  -  LA: 0.75939
[Test F1-max]  -  LA: 0.83117
Epoch: 86 | Loss: 1.096724986382469e-06  | Negative Loss: 0.0
[Test ROC-AUC]  -  SA: 0.00000,  LA: 0.85366
[Test AUPRC]  -  LA: 0.75939
[Test F1-max]  -  LA: 0.83117
Epoch: 87 | Loss: 1.0490413160368917e-06  | Negative Loss: 0.0
[Test ROC-AUC]  -  SA: 0.00000,  LA: 0.85366
[Test AUPRC]  -  LA: 0.75939
[Test F1-max]  -  LA: 0.83117
Epoch: 88 | Loss: 1.0490413160368917e-06  | Negative Loss: 0.0
[Test ROC-AUC]  -  SA: 0.00000,  LA: 0.85366
[Test AUPRC]  -  LA: 0.75939
[Test F1-max]  -  LA: 0.83117
Epoch: 89 | Loss: 1.0490413160368917e-06  | Negative Loss: 0.0
[Test ROC-AUC]  -  SA: 0.00000,  LA: 0.85290
[Test AUPRC]  -  LA: 0.75858
[Test F1-max]  -  LA: 0.83117
Epoch: 90 | Loss: 1.0490413160368917e-06  | Negative Loss: 0.0
[Test ROC-AUC]  -  SA: 0.00000,  LA: 0.85290
[Test AUPRC]  -  LA: 0.75858
[Test F1-max]  -  LA: 0.83117
Epoch: 91 | Loss: 1.0490413160368917e-06  | Negative Loss: 0.0
[Test ROC-AUC]  -  SA: 0.00000,  LA: 0.85290
[Test AUPRC]  -  LA: 0.75858
[Test F1-max]  -  LA: 0.83117
Epoch: 92 | Loss: 1.0490413160368917e-06  | Negative Loss: 0.0
[Test ROC-AUC]  -  SA: 0.00000,  LA: 0.85290
[Test AUPRC]  -  LA: 0.75858
[Test F1-max]  -  LA: 0.83117
Epoch: 93 | Loss: 1.0490413160368917e-06  | Negative Loss: 0.0
[Test ROC-AUC]  -  SA: 0.00000,  LA: 0.85290
[Test AUPRC]  -  LA: 0.75858
[Test F1-max]  -  LA: 0.83117
Epoch: 94 | Loss: 1.025199480864103e-06  | Negative Loss: 0.0
[Test ROC-AUC]  -  SA: 0.00000,  LA: 0.85290
[Test AUPRC]  -  LA: 0.75858
[Test F1-max]  -  LA: 0.83117
Epoch: 95 | Loss: 1.025199480864103e-06  | Negative Loss: 0.0
[Test ROC-AUC]  -  SA: 0.00000,  LA: 0.85290
[Test AUPRC]  -  LA: 0.75858
[Test F1-max]  -  LA: 0.83117
Epoch: 96 | Loss: 1.0013576456913142e-06  | Negative Loss: 0.0
[Test ROC-AUC]  -  SA: 0.00000,  LA: 0.85290
[Test AUPRC]  -  LA: 0.75858
[Test F1-max]  -  LA: 0.83117
Epoch: 97 | Loss: 1.0013576456913142e-06  | Negative Loss: 0.0
[Test ROC-AUC]  -  SA: 0.00000,  LA: 0.85290
[Test AUPRC]  -  LA: 0.75858
[Test F1-max]  -  LA: 0.83117
Epoch: 98 | Loss: 1.0013575320044765e-06  | Negative Loss: 0.0
[Test ROC-AUC]  -  SA: 0.00000,  LA: 0.85290
[Test AUPRC]  -  LA: 0.75858
[Test F1-max]  -  LA: 0.83117
Epoch: 99 | Loss: 1.0013576456913142e-06  | Negative Loss: 0.0
Time consumption: 87.77002453804016
Best LA AUC: 0.9176829268292683
Best LA AUPC: 0.9003321654165599
Best LA F1-max: 0.8648648648648648
[Result] Experiment result appended to ./results/train_hybrid_result.csv

[END] 2026-03-18 14:31:11
[RETURN CODE] 0
