[START] 2026-03-18 16:04:59
[GPU] 3
[INDEX] 38/80
[COMMAND] python train_hybrid.py --data_name yellow_splicing --mask True --text True --double_encoder True --few_shot True --shot 5 --hybrid_model winclip --hybrid_weight 0.3 --hybrid_batch_size 16 --epoch 100 --log True --lr 5e-4 --detection True --preprocess True

/home/seungeon/miniconda3/envs/LAB/lib/python3.10/site-packages/timm/models/layers/__init__.py:48: FutureWarning: Importing from timm.models.layers is deprecated, please import via timm.layers
  warnings.warn(f"Importing from {__name__} is deprecated, please import via timm.layers", FutureWarning)
/home/seungeon/Workspace/side/vlm/train_hybrid.py:18: DeprecationWarning: The distutils package is deprecated and slated for removal in Python 3.12. Use setuptools or check PEP 632 for potential alternatives
  from distutils.util import strtobool
Torch version: 2.9.1+cu128
cuda is loaded for process
here?
In my local computer
Namespace(epoch=100, gpu_number='0', data_name='yellow_splicing', lr=0.0005, batch_size=6, shuffle=True, seed=0, tag='default', model_name='ViT-B-32', pretrained_name='laion2b_s34b_b79k', lora=1, default=False, foundation='CLIP', detection=1, preprocess=1, num_rule=0, object_names=['a photo of orange connector', 'a photo of yellow cable', 'a photo of red cable', 'a photo of blue cable', 'a photo of metal panel'], objects_for_rules=[['a photo of orange connector'], ['a photo of orange connector'], ['a photo of yellow cable'], ['a photo of yellow cable'], ['a photo of orange connector'], ['a photo of orange connector', 'a photo of yellow cable']], texts_for_rules=[['a photo of orange connector'], ['a photo of orange connector'], ['a photo of yellow cable'], ['a photo of yellow cable'], ['a photo of orange connector'], ['a photo of orange connector and yellow cable']], mask=1, text=1, score='mean', ciriculam_learning=False, few_shot=1, shot=5, log=1, neg_loss=0, double_encoder=1, pretrained_count_path=None, ris=0, rule_select='', rule_list=[], num_negative=5, hybrid_model='winclip', hybrid_weight=0.3, hybrid_class_name='', hybrid_batch_size=16, hybrid_backbone='ViT-B-16-plus-240', hybrid_pretrained_dataset='laion400m_e32', hybrid_scales=[2, 3], hybrid_img_resize=240, hybrid_img_cropsize=240, hybrid_resolution=400, hybrid_promptad_epoch=100, hybrid_promptad_lr=0.002, hybrid_promptad_momentum=0.9, hybrid_promptad_weight_decay=0.0005, hybrid_promptad_eta_min=1e-05, hybrid_promptad_lambda1=0.001, hybrid_promptad_n_ctx=4, hybrid_promptad_n_pro=3, hybrid_promptad_n_ctx_ab=1, hybrid_promptad_n_pro_ab=4, early_stop_k=10, result_log_path='./results/train_hybrid_result.csv')
[Hybrid] method=winclip, class_name=splicing_connectors, train=5, eval=68, base_path=/data3/seungeon/data/image/mvtec_loco_anomaly_detection/yellow_splicing
grid 240 16 (15, 15)
[Hybrid-only] LA_AUC=0.76039, LA_AUPRC=0.83346, LA_F1=0.78161
[Data Description]
- Train: 5
- Test: 68

Train Start
[Test ROC-AUC]  -  SA: 0.00000,  LA: 0.72591
[Test AUPRC]  -  LA: 0.78970
[Test F1-max]  -  LA: 0.75789
Epoch: 0 | Loss: 12.817842483520508  | Negative Loss: 0.0
[Test ROC-AUC]  -  SA: 0.00000,  LA: 0.72237
[Test AUPRC]  -  LA: 0.78687
[Test F1-max]  -  LA: 0.75789
Epoch: 1 | Loss: 12.746152877807617  | Negative Loss: 0.0
[Test ROC-AUC]  -  SA: 0.00000,  LA: 0.73386
[Test AUPRC]  -  LA: 0.77976
[Test F1-max]  -  LA: 0.76596
Epoch: 2 | Loss: 11.882623672485352  | Negative Loss: 0.0
[Test ROC-AUC]  -  SA: 0.00000,  LA: 0.71883
[Test AUPRC]  -  LA: 0.74973
[Test F1-max]  -  LA: 0.79070
Epoch: 3 | Loss: 10.444148063659668  | Negative Loss: 0.0
[Test ROC-AUC]  -  SA: 0.00000,  LA: 0.70911
[Test AUPRC]  -  LA: 0.71505
[Test F1-max]  -  LA: 0.79545
Epoch: 4 | Loss: 8.653657913208008  | Negative Loss: 0.0
[Test ROC-AUC]  -  SA: 0.00000,  LA: 0.71530
[Test AUPRC]  -  LA: 0.70272
[Test F1-max]  -  LA: 0.78571
Epoch: 5 | Loss: 6.910544395446777  | Negative Loss: 0.0
[Test ROC-AUC]  -  SA: 0.00000,  LA: 0.71441
[Test AUPRC]  -  LA: 0.70520
[Test F1-max]  -  LA: 0.77778
Epoch: 6 | Loss: 5.464391708374023  | Negative Loss: 0.0
[Test ROC-AUC]  -  SA: 0.00000,  LA: 0.72060
[Test AUPRC]  -  LA: 0.71728
[Test F1-max]  -  LA: 0.77778
Epoch: 7 | Loss: 4.3219404220581055  | Negative Loss: 0.0
[Test ROC-AUC]  -  SA: 0.00000,  LA: 0.72060
[Test AUPRC]  -  LA: 0.72154
[Test F1-max]  -  LA: 0.76768
Epoch: 8 | Loss: 3.3772711753845215  | Negative Loss: 0.0
[Test ROC-AUC]  -  SA: 0.00000,  LA: 0.73298
[Test AUPRC]  -  LA: 0.73076
[Test F1-max]  -  LA: 0.77419
Epoch: 9 | Loss: 2.547438144683838  | Negative Loss: 0.0
[Test ROC-AUC]  -  SA: 0.00000,  LA: 0.72767
[Test AUPRC]  -  LA: 0.73305
[Test F1-max]  -  LA: 0.76596
Epoch: 10 | Loss: 1.8314738273620605  | Negative Loss: 0.0
[Test ROC-AUC]  -  SA: 0.00000,  LA: 0.73121
[Test AUPRC]  -  LA: 0.73697
[Test F1-max]  -  LA: 0.76923
Epoch: 11 | Loss: 1.2499775886535645  | Negative Loss: 0.0
[Test ROC-AUC]  -  SA: 0.00000,  LA: 0.73298
[Test AUPRC]  -  LA: 0.75892
[Test F1-max]  -  LA: 0.77228
Epoch: 12 | Loss: 0.8096824288368225  | Negative Loss: 0.0
[Test ROC-AUC]  -  SA: 0.00000,  LA: 0.73828
[Test AUPRC]  -  LA: 0.75910
[Test F1-max]  -  LA: 0.77419
Epoch: 13 | Loss: 0.5012063980102539  | Negative Loss: 0.0
[Test ROC-AUC]  -  SA: 0.00000,  LA: 0.74271
[Test AUPRC]  -  LA: 0.75926
[Test F1-max]  -  LA: 0.77419
Epoch: 14 | Loss: 0.29868900775909424  | Negative Loss: 0.0
[Test ROC-AUC]  -  SA: 0.00000,  LA: 0.74624
[Test AUPRC]  -  LA: 0.76000
[Test F1-max]  -  LA: 0.79012
Epoch: 15 | Loss: 0.17350098490715027  | Negative Loss: 0.0
[Test ROC-AUC]  -  SA: 0.00000,  LA: 0.75508
[Test AUPRC]  -  LA: 0.77516
[Test F1-max]  -  LA: 0.80000
Epoch: 16 | Loss: 0.09860623627901077  | Negative Loss: 0.0
[Test ROC-AUC]  -  SA: 0.00000,  LA: 0.77011
[Test AUPRC]  -  LA: 0.80243
[Test F1-max]  -  LA: 0.80000
Epoch: 17 | Loss: 0.05522669106721878  | Negative Loss: 0.0
[Test ROC-AUC]  -  SA: 0.00000,  LA: 0.78249
[Test AUPRC]  -  LA: 0.80764
[Test F1-max]  -  LA: 0.80460
Epoch: 18 | Loss: 0.030743319541215897  | Negative Loss: 0.0
[Test ROC-AUC]  -  SA: 0.00000,  LA: 0.78426
[Test AUPRC]  -  LA: 0.81067
[Test F1-max]  -  LA: 0.82353
Epoch: 19 | Loss: 0.017090220004320145  | Negative Loss: 0.0
[Test ROC-AUC]  -  SA: 0.00000,  LA: 0.78868
[Test AUPRC]  -  LA: 0.81821
[Test F1-max]  -  LA: 0.82353
Epoch: 20 | Loss: 0.00952423457056284  | Negative Loss: 0.0
[Test ROC-AUC]  -  SA: 0.00000,  LA: 0.79487
[Test AUPRC]  -  LA: 0.82222
[Test F1-max]  -  LA: 0.82353
Epoch: 21 | Loss: 0.005354396067559719  | Negative Loss: 0.0
[Test ROC-AUC]  -  SA: 0.00000,  LA: 0.80283
[Test AUPRC]  -  LA: 0.82969
[Test F1-max]  -  LA: 0.82759
Epoch: 22 | Loss: 0.00305121554993093  | Negative Loss: 0.0
[Test ROC-AUC]  -  SA: 0.00000,  LA: 0.80637
[Test AUPRC]  -  LA: 0.83717
[Test F1-max]  -  LA: 0.83721
Epoch: 23 | Loss: 0.001765779103152454  | Negative Loss: 0.0
[Test ROC-AUC]  -  SA: 0.00000,  LA: 0.81079
[Test AUPRC]  -  LA: 0.84493
[Test F1-max]  -  LA: 0.82759
Epoch: 24 | Loss: 0.0010407641530036926  | Negative Loss: 0.0
[Test ROC-AUC]  -  SA: 0.00000,  LA: 0.80902
[Test AUPRC]  -  LA: 0.84466
[Test F1-max]  -  LA: 0.82353
Epoch: 25 | Loss: 0.000626037479378283  | Negative Loss: 0.0
[Test ROC-AUC]  -  SA: 0.00000,  LA: 0.80990
[Test AUPRC]  -  LA: 0.84919
[Test F1-max]  -  LA: 0.82353
Epoch: 26 | Loss: 0.000384603685233742  | Negative Loss: 0.0
[Test ROC-AUC]  -  SA: 0.00000,  LA: 0.80902
[Test AUPRC]  -  LA: 0.84934
[Test F1-max]  -  LA: 0.82353
Epoch: 27 | Loss: 0.00024150332319550216  | Negative Loss: 0.0
[Test ROC-AUC]  -  SA: 0.00000,  LA: 0.81079
[Test AUPRC]  -  LA: 0.85299
[Test F1-max]  -  LA: 0.81481
Epoch: 28 | Loss: 0.0001550851739011705  | Negative Loss: 0.0
[Test ROC-AUC]  -  SA: 0.00000,  LA: 0.80725
[Test AUPRC]  -  LA: 0.85260
[Test F1-max]  -  LA: 0.81481
Epoch: 29 | Loss: 0.0001018259281408973  | Negative Loss: 0.0
[Test ROC-AUC]  -  SA: 0.00000,  LA: 0.81256
[Test AUPRC]  -  LA: 0.85897
[Test F1-max]  -  LA: 0.82500
Epoch: 30 | Loss: 6.842492439318448e-05  | Negative Loss: 0.0
[Test ROC-AUC]  -  SA: 0.00000,  LA: 0.81256
[Test AUPRC]  -  LA: 0.85897
[Test F1-max]  -  LA: 0.82500
Epoch: 31 | Loss: 4.708709457190707e-05  | Negative Loss: 0.0
[Test ROC-AUC]  -  SA: 0.00000,  LA: 0.81256
[Test AUPRC]  -  LA: 0.86026
[Test F1-max]  -  LA: 0.82500
Epoch: 32 | Loss: 3.309221574454568e-05  | Negative Loss: 0.0
[Test ROC-AUC]  -  SA: 0.00000,  LA: 0.81079
[Test AUPRC]  -  LA: 0.85923
[Test F1-max]  -  LA: 0.82500
Epoch: 33 | Loss: 2.3794023945811205e-05  | Negative Loss: 0.0
[Test ROC-AUC]  -  SA: 0.00000,  LA: 0.81167
[Test AUPRC]  -  LA: 0.86111
[Test F1-max]  -  LA: 0.82500
Epoch: 34 | Loss: 1.745216104609426e-05  | Negative Loss: 0.0
[Test ROC-AUC]  -  SA: 0.00000,  LA: 0.80813
[Test AUPRC]  -  LA: 0.86087
[Test F1-max]  -  LA: 0.80488
Epoch: 35 | Loss: 1.3065292478131596e-05  | Negative Loss: 0.0
[Test ROC-AUC]  -  SA: 0.00000,  LA: 0.80813
[Test AUPRC]  -  LA: 0.86064
[Test F1-max]  -  LA: 0.80488
Epoch: 36 | Loss: 1.0037395441031549e-05  | Negative Loss: 0.0
[Test ROC-AUC]  -  SA: 0.00000,  LA: 0.80548
[Test AUPRC]  -  LA: 0.85866
[Test F1-max]  -  LA: 0.80435
Epoch: 37 | Loss: 7.796271347615402e-06  | Negative Loss: 0.0
[Test ROC-AUC]  -  SA: 0.00000,  LA: 0.80460
[Test AUPRC]  -  LA: 0.85813
[Test F1-max]  -  LA: 0.80435
Epoch: 38 | Loss: 6.1988730521989055e-06  | Negative Loss: 0.0
[Test ROC-AUC]  -  SA: 0.00000,  LA: 0.80283
[Test AUPRC]  -  LA: 0.85707
[Test F1-max]  -  LA: 0.80435
Epoch: 39 | Loss: 5.006783339922549e-06  | Negative Loss: 0.0
[Test ROC-AUC]  -  SA: 0.00000,  LA: 0.80283
[Test AUPRC]  -  LA: 0.85660
[Test F1-max]  -  LA: 0.80435
Epoch: 40 | Loss: 4.124637143831933e-06  | Negative Loss: 0.0
[Test ROC-AUC]  -  SA: 0.00000,  LA: 0.79929
[Test AUPRC]  -  LA: 0.85437
[Test F1-max]  -  LA: 0.80435
Epoch: 41 | Loss: 3.3616988730500452e-06  | Negative Loss: 0.0
[Test ROC-AUC]  -  SA: 0.00000,  LA: 0.80018
[Test AUPRC]  -  LA: 0.85516
[Test F1-max]  -  LA: 0.80435
Epoch: 42 | Loss: 2.884862169594271e-06  | Negative Loss: 0.0
[Test ROC-AUC]  -  SA: 0.00000,  LA: 0.79929
[Test AUPRC]  -  LA: 0.85473
[Test F1-max]  -  LA: 0.80435
Epoch: 43 | Loss: 2.4318678697454743e-06  | Negative Loss: 0.0
[Test ROC-AUC]  -  SA: 0.00000,  LA: 0.79841
[Test AUPRC]  -  LA: 0.85416
[Test F1-max]  -  LA: 0.80435
Epoch: 44 | Loss: 2.121924126186059e-06  | Negative Loss: 0.0
[Test ROC-AUC]  -  SA: 0.00000,  LA: 0.79841
[Test AUPRC]  -  LA: 0.85416
[Test F1-max]  -  LA: 0.80435
Epoch: 45 | Loss: 1.8358221041125944e-06  | Negative Loss: 0.0
[Test ROC-AUC]  -  SA: 0.00000,  LA: 0.79752
[Test AUPRC]  -  LA: 0.85370
[Test F1-max]  -  LA: 0.80435
Epoch: 46 | Loss: 1.6212454738706583e-06  | Negative Loss: 0.0
[Test ROC-AUC]  -  SA: 0.00000,  LA: 0.79752
[Test AUPRC]  -  LA: 0.85370
[Test F1-max]  -  LA: 0.80435
Epoch: 47 | Loss: 1.4305107924883487e-06  | Negative Loss: 0.0
[Test ROC-AUC]  -  SA: 0.00000,  LA: 0.79841
[Test AUPRC]  -  LA: 0.85525
[Test F1-max]  -  LA: 0.80435
Epoch: 48 | Loss: 1.2874598951384542e-06  | Negative Loss: 0.0
[Test ROC-AUC]  -  SA: 0.00000,  LA: 0.79929
[Test AUPRC]  -  LA: 0.85642
[Test F1-max]  -  LA: 0.80435
Epoch: 49 | Loss: 1.168250605587673e-06  | Negative Loss: 0.0
[Test ROC-AUC]  -  SA: 0.00000,  LA: 0.79929
[Test AUPRC]  -  LA: 0.85642
[Test F1-max]  -  LA: 0.80435
Epoch: 50 | Loss: 1.0967251000693068e-06  | Negative Loss: 0.0
[Test ROC-AUC]  -  SA: 0.00000,  LA: 0.80018
[Test AUPRC]  -  LA: 0.85737
[Test F1-max]  -  LA: 0.80435
Epoch: 51 | Loss: 1.001357759378152e-06  | Negative Loss: 0.0
[Test ROC-AUC]  -  SA: 0.00000,  LA: 0.80018
[Test AUPRC]  -  LA: 0.85737
[Test F1-max]  -  LA: 0.80435
Epoch: 52 | Loss: 9.536740890325746e-07  | Negative Loss: 0.0
[Test ROC-AUC]  -  SA: 0.00000,  LA: 0.80018
[Test AUPRC]  -  LA: 0.85737
[Test F1-max]  -  LA: 0.80435
Epoch: 53 | Loss: 8.583067483414197e-07  | Negative Loss: 0.0
[Test ROC-AUC]  -  SA: 0.00000,  LA: 0.80018
[Test AUPRC]  -  LA: 0.85737
[Test F1-max]  -  LA: 0.80435
Epoch: 54 | Loss: 8.344647994817933e-07  | Negative Loss: 0.0
[Test ROC-AUC]  -  SA: 0.00000,  LA: 0.80018
[Test AUPRC]  -  LA: 0.85737
[Test F1-max]  -  LA: 0.80435
Epoch: 55 | Loss: 8.344647994817933e-07  | Negative Loss: 0.0
[Test ROC-AUC]  -  SA: 0.00000,  LA: 0.80018
[Test AUPRC]  -  LA: 0.85737
[Test F1-max]  -  LA: 0.80435
Epoch: 56 | Loss: 7.390974587906385e-07  | Negative Loss: 0.0
[Test ROC-AUC]  -  SA: 0.00000,  LA: 0.80018
[Test AUPRC]  -  LA: 0.85737
[Test F1-max]  -  LA: 0.80435
Epoch: 57 | Loss: 7.152556236178498e-07  | Negative Loss: 0.0
[Test ROC-AUC]  -  SA: 0.00000,  LA: 0.80018
[Test AUPRC]  -  LA: 0.85737
[Test F1-max]  -  LA: 0.80435
Epoch: 58 | Loss: 7.152556236178498e-07  | Negative Loss: 0.0
[Test ROC-AUC]  -  SA: 0.00000,  LA: 0.80018
[Test AUPRC]  -  LA: 0.85737
[Test F1-max]  -  LA: 0.80435
Epoch: 59 | Loss: 6.437300612560648e-07  | Negative Loss: 0.0
[Test ROC-AUC]  -  SA: 0.00000,  LA: 0.80018
[Test AUPRC]  -  LA: 0.85737
[Test F1-max]  -  LA: 0.80435
Epoch: 60 | Loss: 6.437300612560648e-07  | Negative Loss: 0.0
[Test ROC-AUC]  -  SA: 0.00000,  LA: 0.80106
[Test AUPRC]  -  LA: 0.85868
[Test F1-max]  -  LA: 0.80435
Epoch: 61 | Loss: 5.960463340670685e-07  | Negative Loss: 0.0
[Test ROC-AUC]  -  SA: 0.00000,  LA: 0.80106
[Test AUPRC]  -  LA: 0.85868
[Test F1-max]  -  LA: 0.80435
Epoch: 62 | Loss: 5.483626637214911e-07  | Negative Loss: 0.0
[Test ROC-AUC]  -  SA: 0.00000,  LA: 0.80106
[Test AUPRC]  -  LA: 0.85868
[Test F1-max]  -  LA: 0.80435
Epoch: 63 | Loss: 5.483626637214911e-07  | Negative Loss: 0.0
[Test ROC-AUC]  -  SA: 0.00000,  LA: 0.79929
[Test AUPRC]  -  LA: 0.85637
[Test F1-max]  -  LA: 0.80435
Epoch: 64 | Loss: 5.483626637214911e-07  | Negative Loss: 0.0
[Test ROC-AUC]  -  SA: 0.00000,  LA: 0.79929
[Test AUPRC]  -  LA: 0.85637
[Test F1-max]  -  LA: 0.80435
Epoch: 65 | Loss: 5.483626637214911e-07  | Negative Loss: 0.0
[Test ROC-AUC]  -  SA: 0.00000,  LA: 0.79841
[Test AUPRC]  -  LA: 0.85610
[Test F1-max]  -  LA: 0.80435
Epoch: 66 | Loss: 5.483626637214911e-07  | Negative Loss: 0.0
[Test ROC-AUC]  -  SA: 0.00000,  LA: 0.79841
[Test AUPRC]  -  LA: 0.85610
[Test F1-max]  -  LA: 0.80435
Epoch: 67 | Loss: 5.006789365324948e-07  | Negative Loss: 0.0
[Test ROC-AUC]  -  SA: 0.00000,  LA: 0.79841
[Test AUPRC]  -  LA: 0.85610
[Test F1-max]  -  LA: 0.80435
Epoch: 68 | Loss: 5.006789933759137e-07  | Negative Loss: 0.0
[Test ROC-AUC]  -  SA: 0.00000,  LA: 0.79752
[Test AUPRC]  -  LA: 0.85444
[Test F1-max]  -  LA: 0.80435
Epoch: 69 | Loss: 5.006789933759137e-07  | Negative Loss: 0.0
[Test ROC-AUC]  -  SA: 0.00000,  LA: 0.79752
[Test AUPRC]  -  LA: 0.85444
[Test F1-max]  -  LA: 0.80435
Epoch: 70 | Loss: 5.006789933759137e-07  | Negative Loss: 0.0
[Test ROC-AUC]  -  SA: 0.00000,  LA: 0.79752
[Test AUPRC]  -  LA: 0.85444
[Test F1-max]  -  LA: 0.80435
Epoch: 71 | Loss: 5.006789933759137e-07  | Negative Loss: 0.0
[Test ROC-AUC]  -  SA: 0.00000,  LA: 0.79752
[Test AUPRC]  -  LA: 0.85444
[Test F1-max]  -  LA: 0.80435
Epoch: 72 | Loss: 5.006789933759137e-07  | Negative Loss: 0.0
[Test ROC-AUC]  -  SA: 0.00000,  LA: 0.79752
[Test AUPRC]  -  LA: 0.85444
[Test F1-max]  -  LA: 0.80435
Epoch: 73 | Loss: 5.006789933759137e-07  | Negative Loss: 0.0
[Test ROC-AUC]  -  SA: 0.00000,  LA: 0.79752
[Test AUPRC]  -  LA: 0.85444
[Test F1-max]  -  LA: 0.80435
Epoch: 74 | Loss: 5.006789933759137e-07  | Negative Loss: 0.0
[Test ROC-AUC]  -  SA: 0.00000,  LA: 0.79752
[Test AUPRC]  -  LA: 0.85444
[Test F1-max]  -  LA: 0.80435
Epoch: 75 | Loss: 5.006789365324948e-07  | Negative Loss: 0.0
[Test ROC-AUC]  -  SA: 0.00000,  LA: 0.79752
[Test AUPRC]  -  LA: 0.85444
[Test F1-max]  -  LA: 0.80435
Epoch: 76 | Loss: 4.7683710135970614e-07  | Negative Loss: 0.0
[Test ROC-AUC]  -  SA: 0.00000,  LA: 0.79752
[Test AUPRC]  -  LA: 0.85444
[Test F1-max]  -  LA: 0.80435
Epoch: 77 | Loss: 4.7683710135970614e-07  | Negative Loss: 0.0
[Test ROC-AUC]  -  SA: 0.00000,  LA: 0.79752
[Test AUPRC]  -  LA: 0.85444
[Test F1-max]  -  LA: 0.80435
Epoch: 78 | Loss: 4.7683710135970614e-07  | Negative Loss: 0.0
[Test ROC-AUC]  -  SA: 0.00000,  LA: 0.79752
[Test AUPRC]  -  LA: 0.85444
[Test F1-max]  -  LA: 0.80435
Epoch: 79 | Loss: 4.7683710135970614e-07  | Negative Loss: 0.0
[Test ROC-AUC]  -  SA: 0.00000,  LA: 0.79752
[Test AUPRC]  -  LA: 0.85444
[Test F1-max]  -  LA: 0.80435
Epoch: 80 | Loss: 4.7683710135970614e-07  | Negative Loss: 0.0
[Test ROC-AUC]  -  SA: 0.00000,  LA: 0.79752
[Test AUPRC]  -  LA: 0.85444
[Test F1-max]  -  LA: 0.80435
Epoch: 81 | Loss: 4.7683710135970614e-07  | Negative Loss: 0.0
[Test ROC-AUC]  -  SA: 0.00000,  LA: 0.79664
[Test AUPRC]  -  LA: 0.85419
[Test F1-max]  -  LA: 0.80435
Epoch: 82 | Loss: 4.52995237765208e-07  | Negative Loss: 0.0
[Test ROC-AUC]  -  SA: 0.00000,  LA: 0.79752
[Test AUPRC]  -  LA: 0.85444
[Test F1-max]  -  LA: 0.80435
Epoch: 83 | Loss: 4.52995237765208e-07  | Negative Loss: 0.0
[Test ROC-AUC]  -  SA: 0.00000,  LA: 0.79752
[Test AUPRC]  -  LA: 0.85444
[Test F1-max]  -  LA: 0.80435
Epoch: 84 | Loss: 4.52995237765208e-07  | Negative Loss: 0.0
[Test ROC-AUC]  -  SA: 0.00000,  LA: 0.79841
[Test AUPRC]  -  LA: 0.85610
[Test F1-max]  -  LA: 0.80435
Epoch: 85 | Loss: 4.52995237765208e-07  | Negative Loss: 0.0
[Test ROC-AUC]  -  SA: 0.00000,  LA: 0.79841
[Test AUPRC]  -  LA: 0.85610
[Test F1-max]  -  LA: 0.80435
Epoch: 86 | Loss: 4.52995237765208e-07  | Negative Loss: 0.0
[Test ROC-AUC]  -  SA: 0.00000,  LA: 0.79841
[Test AUPRC]  -  LA: 0.85610
[Test F1-max]  -  LA: 0.80435
Epoch: 87 | Loss: 4.52995237765208e-07  | Negative Loss: 0.0
[Test ROC-AUC]  -  SA: 0.00000,  LA: 0.79841
[Test AUPRC]  -  LA: 0.85610
[Test F1-max]  -  LA: 0.80435
Epoch: 88 | Loss: 4.52995237765208e-07  | Negative Loss: 0.0
[Test ROC-AUC]  -  SA: 0.00000,  LA: 0.79841
[Test AUPRC]  -  LA: 0.85610
[Test F1-max]  -  LA: 0.80435
Epoch: 89 | Loss: 4.52995237765208e-07  | Negative Loss: 0.0
[Test ROC-AUC]  -  SA: 0.00000,  LA: 0.79841
[Test AUPRC]  -  LA: 0.85610
[Test F1-max]  -  LA: 0.80435
Epoch: 90 | Loss: 4.52995237765208e-07  | Negative Loss: 0.0
[Test ROC-AUC]  -  SA: 0.00000,  LA: 0.79841
[Test AUPRC]  -  LA: 0.85610
[Test F1-max]  -  LA: 0.80435
Epoch: 91 | Loss: 4.52995237765208e-07  | Negative Loss: 0.0
[Test ROC-AUC]  -  SA: 0.00000,  LA: 0.79841
[Test AUPRC]  -  LA: 0.85610
[Test F1-max]  -  LA: 0.80435
Epoch: 92 | Loss: 4.52995237765208e-07  | Negative Loss: 0.0
[Test ROC-AUC]  -  SA: 0.00000,  LA: 0.79841
[Test AUPRC]  -  LA: 0.85610
[Test F1-max]  -  LA: 0.80435
Epoch: 93 | Loss: 4.52995237765208e-07  | Negative Loss: 0.0
[Test ROC-AUC]  -  SA: 0.00000,  LA: 0.79752
[Test AUPRC]  -  LA: 0.85560
[Test F1-max]  -  LA: 0.80435
Epoch: 94 | Loss: 4.52995237765208e-07  | Negative Loss: 0.0
[Test ROC-AUC]  -  SA: 0.00000,  LA: 0.79752
[Test AUPRC]  -  LA: 0.85560
[Test F1-max]  -  LA: 0.80435
Epoch: 95 | Loss: 4.52995237765208e-07  | Negative Loss: 0.0
[Test ROC-AUC]  -  SA: 0.00000,  LA: 0.79752
[Test AUPRC]  -  LA: 0.85560
[Test F1-max]  -  LA: 0.80435
Epoch: 96 | Loss: 4.52995237765208e-07  | Negative Loss: 0.0
[Test ROC-AUC]  -  SA: 0.00000,  LA: 0.79752
[Test AUPRC]  -  LA: 0.85560
[Test F1-max]  -  LA: 0.80435
Epoch: 97 | Loss: 4.52995237765208e-07  | Negative Loss: 0.0
[Test ROC-AUC]  -  SA: 0.00000,  LA: 0.79752
[Test AUPRC]  -  LA: 0.85560
[Test F1-max]  -  LA: 0.80435
Epoch: 98 | Loss: 4.52995237765208e-07  | Negative Loss: 0.0
[Test ROC-AUC]  -  SA: 0.00000,  LA: 0.79752
[Test AUPRC]  -  LA: 0.85560
[Test F1-max]  -  LA: 0.80435
Epoch: 99 | Loss: 4.52995237765208e-07  | Negative Loss: 0.0
Time consumption: 96.46930766105652
Best LA AUC: 0.812555260831123
Best LA AUPC: 0.8611070250033931
Best LA F1-max: 0.8372093023255814
[Result] Experiment result appended to ./results/train_hybrid_result.csv

[END] 2026-03-18 16:08:31
[RETURN CODE] 0
