[START] 2026-03-18 16:01:29
[GPU] 3
[INDEX] 37/80
[COMMAND] python train_hybrid.py --data_name yellow_splicing --mask True --text True --double_encoder True --few_shot True --shot 5 --hybrid_model winclip --hybrid_weight 0.3 --hybrid_batch_size 16 --epoch 100 --log True --lr 5e-4 --detection True --preprocess True

/home/seungeon/miniconda3/envs/LAB/lib/python3.10/site-packages/timm/models/layers/__init__.py:48: FutureWarning: Importing from timm.models.layers is deprecated, please import via timm.layers
  warnings.warn(f"Importing from {__name__} is deprecated, please import via timm.layers", FutureWarning)
/home/seungeon/Workspace/side/vlm/train_hybrid.py:18: DeprecationWarning: The distutils package is deprecated and slated for removal in Python 3.12. Use setuptools or check PEP 632 for potential alternatives
  from distutils.util import strtobool
Torch version: 2.9.1+cu128
cuda is loaded for process
here?
In my local computer
Namespace(epoch=100, gpu_number='0', data_name='yellow_splicing', lr=0.0005, batch_size=6, shuffle=True, seed=0, tag='default', model_name='ViT-B-32', pretrained_name='laion2b_s34b_b79k', lora=1, default=False, foundation='CLIP', detection=1, preprocess=1, num_rule=0, object_names=['a photo of orange connector', 'a photo of yellow cable', 'a photo of red cable', 'a photo of blue cable', 'a photo of metal panel'], objects_for_rules=[['a photo of orange connector'], ['a photo of orange connector'], ['a photo of yellow cable'], ['a photo of yellow cable'], ['a photo of orange connector'], ['a photo of orange connector', 'a photo of yellow cable']], texts_for_rules=[['a photo of orange connector'], ['a photo of orange connector'], ['a photo of yellow cable'], ['a photo of yellow cable'], ['a photo of orange connector'], ['a photo of orange connector and yellow cable']], mask=1, text=1, score='mean', ciriculam_learning=False, few_shot=1, shot=5, log=1, neg_loss=0, double_encoder=1, pretrained_count_path=None, ris=0, rule_select='', rule_list=[], num_negative=5, hybrid_model='winclip', hybrid_weight=0.3, hybrid_class_name='', hybrid_batch_size=16, hybrid_backbone='ViT-B-16-plus-240', hybrid_pretrained_dataset='laion400m_e32', hybrid_scales=[2, 3], hybrid_img_resize=240, hybrid_img_cropsize=240, hybrid_resolution=400, hybrid_promptad_epoch=100, hybrid_promptad_lr=0.002, hybrid_promptad_momentum=0.9, hybrid_promptad_weight_decay=0.0005, hybrid_promptad_eta_min=1e-05, hybrid_promptad_lambda1=0.001, hybrid_promptad_n_ctx=4, hybrid_promptad_n_pro=3, hybrid_promptad_n_ctx_ab=1, hybrid_promptad_n_pro_ab=4, early_stop_k=10, result_log_path='./results/train_hybrid_result.csv')
[Hybrid] method=winclip, class_name=splicing_connectors, train=5, eval=68, base_path=/data3/seungeon/data/image/mvtec_loco_anomaly_detection/yellow_splicing
grid 240 16 (15, 15)
[Hybrid-only] LA_AUC=0.73033, LA_AUPRC=0.81301, LA_F1=0.77419
[Data Description]
- Train: 5
- Test: 68

Train Start
[Test ROC-AUC]  -  SA: 0.00000,  LA: 0.60301
[Test AUPRC]  -  LA: 0.66248
[Test F1-max]  -  LA: 0.74286
Epoch: 0 | Loss: 14.218162536621094  | Negative Loss: 0.0
[Test ROC-AUC]  -  SA: 0.00000,  LA: 0.60124
[Test AUPRC]  -  LA: 0.65769
[Test F1-max]  -  LA: 0.74286
Epoch: 1 | Loss: 14.113561630249023  | Negative Loss: 0.0
[Test ROC-AUC]  -  SA: 0.00000,  LA: 0.59947
[Test AUPRC]  -  LA: 0.65388
[Test F1-max]  -  LA: 0.75000
Epoch: 2 | Loss: 13.135494232177734  | Negative Loss: 0.0
[Test ROC-AUC]  -  SA: 0.00000,  LA: 0.58886
[Test AUPRC]  -  LA: 0.63763
[Test F1-max]  -  LA: 0.75728
Epoch: 3 | Loss: 11.471094131469727  | Negative Loss: 0.0
[Test ROC-AUC]  -  SA: 0.00000,  LA: 0.60124
[Test AUPRC]  -  LA: 0.62815
[Test F1-max]  -  LA: 0.75510
Epoch: 4 | Loss: 9.361990928649902  | Negative Loss: 0.0
[Test ROC-AUC]  -  SA: 0.00000,  LA: 0.60831
[Test AUPRC]  -  LA: 0.62935
[Test F1-max]  -  LA: 0.76087
Epoch: 5 | Loss: 7.239083766937256  | Negative Loss: 0.0
[Test ROC-AUC]  -  SA: 0.00000,  LA: 0.62157
[Test AUPRC]  -  LA: 0.63136
[Test F1-max]  -  LA: 0.77083
Epoch: 6 | Loss: 5.548335075378418  | Negative Loss: 0.0
[Test ROC-AUC]  -  SA: 0.00000,  LA: 0.64633
[Test AUPRC]  -  LA: 0.66461
[Test F1-max]  -  LA: 0.77083
Epoch: 7 | Loss: 4.297996520996094  | Negative Loss: 0.0
[Test ROC-AUC]  -  SA: 0.00000,  LA: 0.65252
[Test AUPRC]  -  LA: 0.67947
[Test F1-max]  -  LA: 0.76471
Epoch: 8 | Loss: 3.3035805225372314  | Negative Loss: 0.0
[Test ROC-AUC]  -  SA: 0.00000,  LA: 0.67109
[Test AUPRC]  -  LA: 0.69593
[Test F1-max]  -  LA: 0.76471
Epoch: 9 | Loss: 2.491530656814575  | Negative Loss: 0.0
[Test ROC-AUC]  -  SA: 0.00000,  LA: 0.69584
[Test AUPRC]  -  LA: 0.72157
[Test F1-max]  -  LA: 0.76768
Epoch: 10 | Loss: 1.8247222900390625  | Negative Loss: 0.0
[Test ROC-AUC]  -  SA: 0.00000,  LA: 0.70645
[Test AUPRC]  -  LA: 0.72896
[Test F1-max]  -  LA: 0.76768
Epoch: 11 | Loss: 1.2949663400650024  | Negative Loss: 0.0
[Test ROC-AUC]  -  SA: 0.00000,  LA: 0.71441
[Test AUPRC]  -  LA: 0.75233
[Test F1-max]  -  LA: 0.77551
Epoch: 12 | Loss: 0.8872033357620239  | Negative Loss: 0.0
[Test ROC-AUC]  -  SA: 0.00000,  LA: 0.71883
[Test AUPRC]  -  LA: 0.76613
[Test F1-max]  -  LA: 0.77551
Epoch: 13 | Loss: 0.5872050523757935  | Negative Loss: 0.0
[Test ROC-AUC]  -  SA: 0.00000,  LA: 0.72237
[Test AUPRC]  -  LA: 0.76908
[Test F1-max]  -  LA: 0.78261
Epoch: 14 | Loss: 0.3738974630832672  | Negative Loss: 0.0
[Test ROC-AUC]  -  SA: 0.00000,  LA: 0.72149
[Test AUPRC]  -  LA: 0.76603
[Test F1-max]  -  LA: 0.78261
Epoch: 15 | Loss: 0.2303560972213745  | Negative Loss: 0.0
[Test ROC-AUC]  -  SA: 0.00000,  LA: 0.72502
[Test AUPRC]  -  LA: 0.76712
[Test F1-max]  -  LA: 0.78351
Epoch: 16 | Loss: 0.13821685314178467  | Negative Loss: 0.0
[Test ROC-AUC]  -  SA: 0.00000,  LA: 0.71972
[Test AUPRC]  -  LA: 0.75674
[Test F1-max]  -  LA: 0.79167
Epoch: 17 | Loss: 0.08159448951482773  | Negative Loss: 0.0
[Test ROC-AUC]  -  SA: 0.00000,  LA: 0.72414
[Test AUPRC]  -  LA: 0.75863
[Test F1-max]  -  LA: 0.80000
Epoch: 18 | Loss: 0.04769657179713249  | Negative Loss: 0.0
[Test ROC-AUC]  -  SA: 0.00000,  LA: 0.72679
[Test AUPRC]  -  LA: 0.76772
[Test F1-max]  -  LA: 0.80000
Epoch: 19 | Loss: 0.028004365041851997  | Negative Loss: 0.0
[Test ROC-AUC]  -  SA: 0.00000,  LA: 0.73298
[Test AUPRC]  -  LA: 0.77071
[Test F1-max]  -  LA: 0.79570
Epoch: 20 | Loss: 0.016614975407719612  | Negative Loss: 0.0
[Test ROC-AUC]  -  SA: 0.00000,  LA: 0.73652
[Test AUPRC]  -  LA: 0.77577
[Test F1-max]  -  LA: 0.79167
Epoch: 21 | Loss: 0.010006477124989033  | Negative Loss: 0.0
[Test ROC-AUC]  -  SA: 0.00000,  LA: 0.74094
[Test AUPRC]  -  LA: 0.78786
[Test F1-max]  -  LA: 0.78351
Epoch: 22 | Loss: 0.0061149001121521  | Negative Loss: 0.0
[Test ROC-AUC]  -  SA: 0.00000,  LA: 0.74359
[Test AUPRC]  -  LA: 0.79164
[Test F1-max]  -  LA: 0.78351
Epoch: 23 | Loss: 0.003799035679548979  | Negative Loss: 0.0
[Test ROC-AUC]  -  SA: 0.00000,  LA: 0.75066
[Test AUPRC]  -  LA: 0.79732
[Test F1-max]  -  LA: 0.78351
Epoch: 24 | Loss: 0.00239933910779655  | Negative Loss: 0.0
[Test ROC-AUC]  -  SA: 0.00000,  LA: 0.75332
[Test AUPRC]  -  LA: 0.80506
[Test F1-max]  -  LA: 0.78351
Epoch: 25 | Loss: 0.0015434923116117716  | Negative Loss: 0.0
[Test ROC-AUC]  -  SA: 0.00000,  LA: 0.75508
[Test AUPRC]  -  LA: 0.80589
[Test F1-max]  -  LA: 0.78351
Epoch: 26 | Loss: 0.0010126761626452208  | Negative Loss: 0.0
[Test ROC-AUC]  -  SA: 0.00000,  LA: 0.75597
[Test AUPRC]  -  LA: 0.80759
[Test F1-max]  -  LA: 0.78351
Epoch: 27 | Loss: 0.0006781209376640618  | Negative Loss: 0.0
[Test ROC-AUC]  -  SA: 0.00000,  LA: 0.75508
[Test AUPRC]  -  LA: 0.80499
[Test F1-max]  -  LA: 0.78351
Epoch: 28 | Loss: 0.00046314974315464497  | Negative Loss: 0.0
[Test ROC-AUC]  -  SA: 0.00000,  LA: 0.74978
[Test AUPRC]  -  LA: 0.80040
[Test F1-max]  -  LA: 0.78351
Epoch: 29 | Loss: 0.0003224849933758378  | Negative Loss: 0.0
[Test ROC-AUC]  -  SA: 0.00000,  LA: 0.75155
[Test AUPRC]  -  LA: 0.80209
[Test F1-max]  -  LA: 0.78261
Epoch: 30 | Loss: 0.00022889381216373295  | Negative Loss: 0.0
[Test ROC-AUC]  -  SA: 0.00000,  LA: 0.74889
[Test AUPRC]  -  LA: 0.79692
[Test F1-max]  -  LA: 0.78261
Epoch: 31 | Loss: 0.0001657424436416477  | Negative Loss: 0.0
[Test ROC-AUC]  -  SA: 0.00000,  LA: 0.74889
[Test AUPRC]  -  LA: 0.79692
[Test F1-max]  -  LA: 0.78261
Epoch: 32 | Loss: 0.00012225772661622614  | Negative Loss: 0.0
[Test ROC-AUC]  -  SA: 0.00000,  LA: 0.74713
[Test AUPRC]  -  LA: 0.79249
[Test F1-max]  -  LA: 0.78261
Epoch: 33 | Loss: 9.186082752421498e-05  | Negative Loss: 0.0
[Test ROC-AUC]  -  SA: 0.00000,  LA: 0.74713
[Test AUPRC]  -  LA: 0.79422
[Test F1-max]  -  LA: 0.78261
Epoch: 34 | Loss: 7.028471736703068e-05  | Negative Loss: 0.0
[Test ROC-AUC]  -  SA: 0.00000,  LA: 0.74713
[Test AUPRC]  -  LA: 0.79477
[Test F1-max]  -  LA: 0.78261
Epoch: 35 | Loss: 5.490714465850033e-05  | Negative Loss: 0.0
[Test ROC-AUC]  -  SA: 0.00000,  LA: 0.74801
[Test AUPRC]  -  LA: 0.79441
[Test F1-max]  -  LA: 0.78261
Epoch: 36 | Loss: 4.3534822907531634e-05  | Negative Loss: 0.0
[Test ROC-AUC]  -  SA: 0.00000,  LA: 0.74757
[Test AUPRC]  -  LA: 0.79384
[Test F1-max]  -  LA: 0.78261
Epoch: 37 | Loss: 3.497573925415054e-05  | Negative Loss: 0.0
[Test ROC-AUC]  -  SA: 0.00000,  LA: 0.74713
[Test AUPRC]  -  LA: 0.79336
[Test F1-max]  -  LA: 0.78261
Epoch: 38 | Loss: 2.8610053050215356e-05  | Negative Loss: 0.0
[Test ROC-AUC]  -  SA: 0.00000,  LA: 0.74713
[Test AUPRC]  -  LA: 0.79432
[Test F1-max]  -  LA: 0.78261
Epoch: 39 | Loss: 2.372252674831543e-05  | Negative Loss: 0.0
[Test ROC-AUC]  -  SA: 0.00000,  LA: 0.74889
[Test AUPRC]  -  LA: 0.79922
[Test F1-max]  -  LA: 0.78261
Epoch: 40 | Loss: 1.9907867681467906e-05  | Negative Loss: 0.0
[Test ROC-AUC]  -  SA: 0.00000,  LA: 0.74889
[Test AUPRC]  -  LA: 0.79922
[Test F1-max]  -  LA: 0.78261
Epoch: 41 | Loss: 1.697534207778517e-05  | Negative Loss: 0.0
[Test ROC-AUC]  -  SA: 0.00000,  LA: 0.74801
[Test AUPRC]  -  LA: 0.79866
[Test F1-max]  -  LA: 0.78261
Epoch: 42 | Loss: 1.4662696230516303e-05  | Negative Loss: 0.0
[Test ROC-AUC]  -  SA: 0.00000,  LA: 0.74978
[Test AUPRC]  -  LA: 0.80107
[Test F1-max]  -  LA: 0.78261
Epoch: 43 | Loss: 1.2755359421134926e-05  | Negative Loss: 0.0
[Test ROC-AUC]  -  SA: 0.00000,  LA: 0.74801
[Test AUPRC]  -  LA: 0.79977
[Test F1-max]  -  LA: 0.78261
Epoch: 44 | Loss: 1.1253328921156935e-05  | Negative Loss: 0.0
[Test ROC-AUC]  -  SA: 0.00000,  LA: 0.74713
[Test AUPRC]  -  LA: 0.79887
[Test F1-max]  -  LA: 0.78261
Epoch: 45 | Loss: 1.0013558494392782e-05  | Negative Loss: 0.0
[Test ROC-AUC]  -  SA: 0.00000,  LA: 0.74713
[Test AUPRC]  -  LA: 0.79887
[Test F1-max]  -  LA: 0.78261
Epoch: 46 | Loss: 9.012204827740788e-06  | Negative Loss: 0.0
[Test ROC-AUC]  -  SA: 0.00000,  LA: 0.74713
[Test AUPRC]  -  LA: 0.79915
[Test F1-max]  -  LA: 0.78261
Epoch: 47 | Loss: 8.177743438864127e-06  | Negative Loss: 0.0
[Test ROC-AUC]  -  SA: 0.00000,  LA: 0.74713
[Test AUPRC]  -  LA: 0.79915
[Test F1-max]  -  LA: 0.78261
Epoch: 48 | Loss: 7.486331469408469e-06  | Negative Loss: 0.0
[Test ROC-AUC]  -  SA: 0.00000,  LA: 0.74536
[Test AUPRC]  -  LA: 0.79620
[Test F1-max]  -  LA: 0.78261
Epoch: 49 | Loss: 6.914128789503593e-06  | Negative Loss: 0.0
[Test ROC-AUC]  -  SA: 0.00000,  LA: 0.74624
[Test AUPRC]  -  LA: 0.79763
[Test F1-max]  -  LA: 0.78261
Epoch: 50 | Loss: 6.389609552570619e-06  | Negative Loss: 0.0
[Test ROC-AUC]  -  SA: 0.00000,  LA: 0.74624
[Test AUPRC]  -  LA: 0.79763
[Test F1-max]  -  LA: 0.78261
Epoch: 51 | Loss: 5.9604567468340974e-06  | Negative Loss: 0.0
[Test ROC-AUC]  -  SA: 0.00000,  LA: 0.74624
[Test AUPRC]  -  LA: 0.79763
[Test F1-max]  -  LA: 0.78261
Epoch: 52 | Loss: 5.555145889957203e-06  | Negative Loss: 0.0
[Test ROC-AUC]  -  SA: 0.00000,  LA: 0.74624
[Test AUPRC]  -  LA: 0.79763
[Test F1-max]  -  LA: 0.78261
Epoch: 53 | Loss: 5.245202373771463e-06  | Negative Loss: 0.0
[Test ROC-AUC]  -  SA: 0.00000,  LA: 0.74713
[Test AUPRC]  -  LA: 0.79873
[Test F1-max]  -  LA: 0.78261
Epoch: 54 | Loss: 4.9829427553049754e-06  | Negative Loss: 0.0
[Test ROC-AUC]  -  SA: 0.00000,  LA: 0.74713
[Test AUPRC]  -  LA: 0.79873
[Test F1-max]  -  LA: 0.78261
Epoch: 55 | Loss: 4.768367034557741e-06  | Negative Loss: 0.0
[Test ROC-AUC]  -  SA: 0.00000,  LA: 0.74713
[Test AUPRC]  -  LA: 0.79873
[Test F1-max]  -  LA: 0.78261
Epoch: 56 | Loss: 4.553790404315805e-06  | Negative Loss: 0.0
[Test ROC-AUC]  -  SA: 0.00000,  LA: 0.74713
[Test AUPRC]  -  LA: 0.79873
[Test F1-max]  -  LA: 0.78261
Epoch: 57 | Loss: 4.339213774073869e-06  | Negative Loss: 0.0
[Test ROC-AUC]  -  SA: 0.00000,  LA: 0.74713
[Test AUPRC]  -  LA: 0.79870
[Test F1-max]  -  LA: 0.78261
Epoch: 58 | Loss: 4.196163445158163e-06  | Negative Loss: 0.0
[Test ROC-AUC]  -  SA: 0.00000,  LA: 0.74713
[Test AUPRC]  -  LA: 0.79873
[Test F1-max]  -  LA: 0.78261
Epoch: 59 | Loss: 4.053112206747755e-06  | Negative Loss: 0.0
[Test ROC-AUC]  -  SA: 0.00000,  LA: 0.74713
[Test AUPRC]  -  LA: 0.79873
[Test F1-max]  -  LA: 0.78261
Epoch: 60 | Loss: 3.910061423084699e-06  | Negative Loss: 0.0
[Test ROC-AUC]  -  SA: 0.00000,  LA: 0.74713
[Test AUPRC]  -  LA: 0.79873
[Test F1-max]  -  LA: 0.78261
Epoch: 61 | Loss: 3.8146943097672192e-06  | Negative Loss: 0.0
[Test ROC-AUC]  -  SA: 0.00000,  LA: 0.74713
[Test AUPRC]  -  LA: 0.79873
[Test F1-max]  -  LA: 0.78261
Epoch: 62 | Loss: 3.6954847928427625e-06  | Negative Loss: 0.0
[Test ROC-AUC]  -  SA: 0.00000,  LA: 0.74713
[Test AUPRC]  -  LA: 0.79873
[Test F1-max]  -  LA: 0.78261
Epoch: 63 | Loss: 3.6001179068989586e-06  | Negative Loss: 0.0
[Test ROC-AUC]  -  SA: 0.00000,  LA: 0.74801
[Test AUPRC]  -  LA: 0.79907
[Test F1-max]  -  LA: 0.78261
Epoch: 64 | Loss: 3.5047505662078038e-06  | Negative Loss: 0.0
[Test ROC-AUC]  -  SA: 0.00000,  LA: 0.74801
[Test AUPRC]  -  LA: 0.79907
[Test F1-max]  -  LA: 0.78261
Epoch: 65 | Loss: 3.4809086173481774e-06  | Negative Loss: 0.0
[Test ROC-AUC]  -  SA: 0.00000,  LA: 0.74801
[Test AUPRC]  -  LA: 0.79907
[Test F1-max]  -  LA: 0.78261
Epoch: 66 | Loss: 3.337857606311445e-06  | Negative Loss: 0.0
[Test ROC-AUC]  -  SA: 0.00000,  LA: 0.74801
[Test AUPRC]  -  LA: 0.79907
[Test F1-max]  -  LA: 0.78261
Epoch: 67 | Loss: 3.3140156574518187e-06  | Negative Loss: 0.0
[Test ROC-AUC]  -  SA: 0.00000,  LA: 0.74801
[Test AUPRC]  -  LA: 0.79907
[Test F1-max]  -  LA: 0.78261
Epoch: 68 | Loss: 3.290174163339543e-06  | Negative Loss: 0.0
[Test ROC-AUC]  -  SA: 0.00000,  LA: 0.74801
[Test AUPRC]  -  LA: 0.79907
[Test F1-max]  -  LA: 0.78261
Epoch: 69 | Loss: 3.2424904929939657e-06  | Negative Loss: 0.0
[Test ROC-AUC]  -  SA: 0.00000,  LA: 0.74713
[Test AUPRC]  -  LA: 0.79847
[Test F1-max]  -  LA: 0.78261
Epoch: 70 | Loss: 3.194806595274713e-06  | Negative Loss: 0.0
[Test ROC-AUC]  -  SA: 0.00000,  LA: 0.74713
[Test AUPRC]  -  LA: 0.79847
[Test F1-max]  -  LA: 0.78261
Epoch: 71 | Loss: 3.1232812034431845e-06  | Negative Loss: 0.0
[Test ROC-AUC]  -  SA: 0.00000,  LA: 0.74624
[Test AUPRC]  -  LA: 0.79819
[Test F1-max]  -  LA: 0.78261
Epoch: 72 | Loss: 3.0994394819572335e-06  | Negative Loss: 0.0
[Test ROC-AUC]  -  SA: 0.00000,  LA: 0.74624
[Test AUPRC]  -  LA: 0.79819
[Test F1-max]  -  LA: 0.78261
Epoch: 73 | Loss: 3.0755973057239316e-06  | Negative Loss: 0.0
[Test ROC-AUC]  -  SA: 0.00000,  LA: 0.74624
[Test AUPRC]  -  LA: 0.79819
[Test F1-max]  -  LA: 0.78261
Epoch: 74 | Loss: 3.0517555842379807e-06  | Negative Loss: 0.0
[Test ROC-AUC]  -  SA: 0.00000,  LA: 0.74624
[Test AUPRC]  -  LA: 0.79819
[Test F1-max]  -  LA: 0.78261
Epoch: 75 | Loss: 2.980229965032777e-06  | Negative Loss: 0.0
[Test ROC-AUC]  -  SA: 0.00000,  LA: 0.74624
[Test AUPRC]  -  LA: 0.79819
[Test F1-max]  -  LA: 0.78261
Epoch: 76 | Loss: 2.9563886982941767e-06  | Negative Loss: 0.0
[Test ROC-AUC]  -  SA: 0.00000,  LA: 0.74624
[Test AUPRC]  -  LA: 0.79819
[Test F1-max]  -  LA: 0.78261
Epoch: 77 | Loss: 2.9563884709205013e-06  | Negative Loss: 0.0
[Test ROC-AUC]  -  SA: 0.00000,  LA: 0.74624
[Test AUPRC]  -  LA: 0.79819
[Test F1-max]  -  LA: 0.78261
Epoch: 78 | Loss: 2.9087050279485993e-06  | Negative Loss: 0.0
[Test ROC-AUC]  -  SA: 0.00000,  LA: 0.74624
[Test AUPRC]  -  LA: 0.79819
[Test F1-max]  -  LA: 0.78261
Epoch: 79 | Loss: 2.884863079088973e-06  | Negative Loss: 0.0
[Test ROC-AUC]  -  SA: 0.00000,  LA: 0.74624
[Test AUPRC]  -  LA: 0.79819
[Test F1-max]  -  LA: 0.78261
Epoch: 80 | Loss: 2.884863079088973e-06  | Negative Loss: 0.0
[Test ROC-AUC]  -  SA: 0.00000,  LA: 0.74624
[Test AUPRC]  -  LA: 0.79819
[Test F1-max]  -  LA: 0.78261
Epoch: 81 | Loss: 2.884863079088973e-06  | Negative Loss: 0.0
[Test ROC-AUC]  -  SA: 0.00000,  LA: 0.74624
[Test AUPRC]  -  LA: 0.79819
[Test F1-max]  -  LA: 0.78261
Epoch: 82 | Loss: 2.861021357603022e-06  | Negative Loss: 0.0
[Test ROC-AUC]  -  SA: 0.00000,  LA: 0.74624
[Test AUPRC]  -  LA: 0.79819
[Test F1-max]  -  LA: 0.78261
Epoch: 83 | Loss: 2.8371794087433955e-06  | Negative Loss: 0.0
[Test ROC-AUC]  -  SA: 0.00000,  LA: 0.74624
[Test AUPRC]  -  LA: 0.79819
[Test F1-max]  -  LA: 0.78261
Epoch: 84 | Loss: 2.789495738397818e-06  | Negative Loss: 0.0
[Test ROC-AUC]  -  SA: 0.00000,  LA: 0.74624
[Test AUPRC]  -  LA: 0.79819
[Test F1-max]  -  LA: 0.78261
Epoch: 85 | Loss: 2.789495738397818e-06  | Negative Loss: 0.0
[Test ROC-AUC]  -  SA: 0.00000,  LA: 0.74624
[Test AUPRC]  -  LA: 0.79819
[Test F1-max]  -  LA: 0.78261
Epoch: 86 | Loss: 2.765653562164516e-06  | Negative Loss: 0.0
[Test ROC-AUC]  -  SA: 0.00000,  LA: 0.74624
[Test AUPRC]  -  LA: 0.79819
[Test F1-max]  -  LA: 0.78261
Epoch: 87 | Loss: 2.741811840678565e-06  | Negative Loss: 0.0
[Test ROC-AUC]  -  SA: 0.00000,  LA: 0.74624
[Test AUPRC]  -  LA: 0.79819
[Test F1-max]  -  LA: 0.78261
Epoch: 88 | Loss: 2.741811840678565e-06  | Negative Loss: 0.0
[Test ROC-AUC]  -  SA: 0.00000,  LA: 0.74624
[Test AUPRC]  -  LA: 0.79819
[Test F1-max]  -  LA: 0.78261
Epoch: 89 | Loss: 2.741811840678565e-06  | Negative Loss: 0.0
[Test ROC-AUC]  -  SA: 0.00000,  LA: 0.74624
[Test AUPRC]  -  LA: 0.79819
[Test F1-max]  -  LA: 0.78261
Epoch: 90 | Loss: 2.6941283977066632e-06  | Negative Loss: 0.0
[Test ROC-AUC]  -  SA: 0.00000,  LA: 0.74713
[Test AUPRC]  -  LA: 0.80022
[Test F1-max]  -  LA: 0.78261
Epoch: 91 | Loss: 2.694128170332988e-06  | Negative Loss: 0.0
[Test ROC-AUC]  -  SA: 0.00000,  LA: 0.74713
[Test AUPRC]  -  LA: 0.80022
[Test F1-max]  -  LA: 0.78261
Epoch: 92 | Loss: 2.6941283977066632e-06  | Negative Loss: 0.0
[Test ROC-AUC]  -  SA: 0.00000,  LA: 0.74713
[Test AUPRC]  -  LA: 0.80022
[Test F1-max]  -  LA: 0.78261
Epoch: 93 | Loss: 2.694128170332988e-06  | Negative Loss: 0.0
[Test ROC-AUC]  -  SA: 0.00000,  LA: 0.74713
[Test AUPRC]  -  LA: 0.80022
[Test F1-max]  -  LA: 0.78261
Epoch: 94 | Loss: 2.6941283977066632e-06  | Negative Loss: 0.0
[Test ROC-AUC]  -  SA: 0.00000,  LA: 0.74713
[Test AUPRC]  -  LA: 0.79760
[Test F1-max]  -  LA: 0.78261
Epoch: 95 | Loss: 2.6941283977066632e-06  | Negative Loss: 0.0
[Test ROC-AUC]  -  SA: 0.00000,  LA: 0.74713
[Test AUPRC]  -  LA: 0.79760
[Test F1-max]  -  LA: 0.78261
Epoch: 96 | Loss: 2.670286448847037e-06  | Negative Loss: 0.0
[Test ROC-AUC]  -  SA: 0.00000,  LA: 0.74801
[Test AUPRC]  -  LA: 0.79889
[Test F1-max]  -  LA: 0.78261
Epoch: 97 | Loss: 2.6464444999874104e-06  | Negative Loss: 0.0
[Test ROC-AUC]  -  SA: 0.00000,  LA: 0.74801
[Test AUPRC]  -  LA: 0.79889
[Test F1-max]  -  LA: 0.78261
Epoch: 98 | Loss: 2.6464444999874104e-06  | Negative Loss: 0.0
[Test ROC-AUC]  -  SA: 0.00000,  LA: 0.74801
[Test AUPRC]  -  LA: 0.79889
[Test F1-max]  -  LA: 0.78261
Epoch: 99 | Loss: 2.6226027785014594e-06  | Negative Loss: 0.0
Time consumption: 94.8499345779419
Best LA AUC: 0.7559681697612732
Best LA AUPC: 0.8075910467104209
Best LA F1-max: 0.8
[Result] Experiment result appended to ./results/train_hybrid_result.csv

[END] 2026-03-18 16:04:59
[RETURN CODE] 0
