[START] 2026-03-18 17:27:12
[GPU] 3
[INDEX] 64/80
[COMMAND] python train_hybrid.py --data_name red_splicing --mask True --text True --double_encoder True --few_shot True --shot 5 --hybrid_model promptad --hybrid_weight 0.3 --hybrid_batch_size 16 --epoch 100 --log True --lr 5e-4 --detection True --preprocess True

/home/seungeon/miniconda3/envs/LAB/lib/python3.10/site-packages/timm/models/layers/__init__.py:48: FutureWarning: Importing from timm.models.layers is deprecated, please import via timm.layers
  warnings.warn(f"Importing from {__name__} is deprecated, please import via timm.layers", FutureWarning)
/home/seungeon/Workspace/side/vlm/train_hybrid.py:18: DeprecationWarning: The distutils package is deprecated and slated for removal in Python 3.12. Use setuptools or check PEP 632 for potential alternatives
  from distutils.util import strtobool
Torch version: 2.9.1+cu128
cuda is loaded for process
here?
In my local computer
Namespace(epoch=100, gpu_number='0', data_name='red_splicing', lr=0.0005, batch_size=6, shuffle=True, seed=0, tag='default', model_name='ViT-B-32', pretrained_name='laion2b_s34b_b79k', lora=1, default=False, foundation='CLIP', detection=1, preprocess=1, num_rule=0, object_names=['a photo of orange connector', 'a photo of red cable', 'a photo of yellow cable', 'a photo of blue cable', 'a photo of metal panel'], objects_for_rules=[['a photo of orange connector'], ['a photo of orange connector'], ['a photo of red cable'], ['a photo of red cable'], ['a photo of orange connector'], ['a photo of orange connector', 'a photo of red cable']], texts_for_rules=[['a photo of orange connector'], ['a photo of orange connector'], ['a photo of red cable'], ['a photo of red cable'], ['a photo of orange connector'], ['a photo of orange connector and red cable']], mask=1, text=1, score='mean', ciriculam_learning=False, few_shot=1, shot=5, log=1, neg_loss=0, double_encoder=1, pretrained_count_path=None, ris=0, rule_select='', rule_list=[], num_negative=5, hybrid_model='promptad', hybrid_weight=0.3, hybrid_class_name='', hybrid_batch_size=16, hybrid_backbone='ViT-B-16-plus-240', hybrid_pretrained_dataset='laion400m_e32', hybrid_scales=[2, 3], hybrid_img_resize=240, hybrid_img_cropsize=240, hybrid_resolution=400, hybrid_promptad_epoch=100, hybrid_promptad_lr=0.002, hybrid_promptad_momentum=0.9, hybrid_promptad_weight_decay=0.0005, hybrid_promptad_eta_min=1e-05, hybrid_promptad_lambda1=0.001, hybrid_promptad_n_ctx=4, hybrid_promptad_n_pro=3, hybrid_promptad_n_ctx_ab=1, hybrid_promptad_n_pro_ab=4, early_stop_k=10, result_log_path='./results/train_hybrid_result.csv')
[Hybrid] method=promptad, class_name=splicing_connectors, train=5, eval=89, base_path=/data3/seungeon/data/image/mvtec_loco_anomaly_detection/red_splicing
[Hybrid-only] LA_AUC=0.81684, LA_AUPRC=0.66356, LA_F1=0.80808
[Data Description]
- Train: 5
- Test: 89

Train Start
[Test ROC-AUC]  -  SA: 0.00000,  LA: 0.67653
[Test AUPRC]  -  LA: 0.56996
[Test F1-max]  -  LA: 0.70796
Epoch: 0 | Loss: 15.085578918457031  | Negative Loss: 0.0
[Test ROC-AUC]  -  SA: 0.00000,  LA: 0.67755
[Test AUPRC]  -  LA: 0.57356
[Test F1-max]  -  LA: 0.70796
Epoch: 1 | Loss: 14.987371444702148  | Negative Loss: 0.0
[Test ROC-AUC]  -  SA: 0.00000,  LA: 0.72347
[Test AUPRC]  -  LA: 0.63786
[Test F1-max]  -  LA: 0.72222
Epoch: 2 | Loss: 14.025017738342285  | Negative Loss: 0.0
[Test ROC-AUC]  -  SA: 0.00000,  LA: 0.76735
[Test AUPRC]  -  LA: 0.70738
[Test F1-max]  -  LA: 0.73118
Epoch: 3 | Loss: 12.409116744995117  | Negative Loss: 0.0
[Test ROC-AUC]  -  SA: 0.00000,  LA: 0.77449
[Test AUPRC]  -  LA: 0.71570
[Test F1-max]  -  LA: 0.73118
Epoch: 4 | Loss: 10.409308433532715  | Negative Loss: 0.0
[Test ROC-AUC]  -  SA: 0.00000,  LA: 0.76735
[Test AUPRC]  -  LA: 0.71219
[Test F1-max]  -  LA: 0.71429
Epoch: 5 | Loss: 8.408306121826172  | Negative Loss: 0.0
[Test ROC-AUC]  -  SA: 0.00000,  LA: 0.77347
[Test AUPRC]  -  LA: 0.71455
[Test F1-max]  -  LA: 0.71264
Epoch: 6 | Loss: 6.674694538116455  | Negative Loss: 0.0
[Test ROC-AUC]  -  SA: 0.00000,  LA: 0.77194
[Test AUPRC]  -  LA: 0.70002
[Test F1-max]  -  LA: 0.72000
Epoch: 7 | Loss: 5.243610382080078  | Negative Loss: 0.0
[Test ROC-AUC]  -  SA: 0.00000,  LA: 0.76684
[Test AUPRC]  -  LA: 0.69513
[Test F1-max]  -  LA: 0.73267
Epoch: 8 | Loss: 4.088008403778076  | Negative Loss: 0.0
[Test ROC-AUC]  -  SA: 0.00000,  LA: 0.76735
[Test AUPRC]  -  LA: 0.69765
[Test F1-max]  -  LA: 0.73267
Epoch: 9 | Loss: 3.108475923538208  | Negative Loss: 0.0
[Test ROC-AUC]  -  SA: 0.00000,  LA: 0.76837
[Test AUPRC]  -  LA: 0.69983
[Test F1-max]  -  LA: 0.72381
Epoch: 10 | Loss: 2.2900242805480957  | Negative Loss: 0.0
[Test ROC-AUC]  -  SA: 0.00000,  LA: 0.76327
[Test AUPRC]  -  LA: 0.69786
[Test F1-max]  -  LA: 0.71154
Epoch: 11 | Loss: 1.6219813823699951  | Negative Loss: 0.0
[Test ROC-AUC]  -  SA: 0.00000,  LA: 0.76378
[Test AUPRC]  -  LA: 0.69539
[Test F1-max]  -  LA: 0.71579
Epoch: 12 | Loss: 1.1013903617858887  | Negative Loss: 0.0
[Test ROC-AUC]  -  SA: 0.00000,  LA: 0.76224
[Test AUPRC]  -  LA: 0.69065
[Test F1-max]  -  LA: 0.71560
Epoch: 13 | Loss: 0.7153434753417969  | Negative Loss: 0.0
[Test ROC-AUC]  -  SA: 0.00000,  LA: 0.77143
[Test AUPRC]  -  LA: 0.70680
[Test F1-max]  -  LA: 0.72222
Epoch: 14 | Loss: 0.44452911615371704  | Negative Loss: 0.0
[Test ROC-AUC]  -  SA: 0.00000,  LA: 0.77806
[Test AUPRC]  -  LA: 0.70843
[Test F1-max]  -  LA: 0.72917
Epoch: 15 | Loss: 0.2645932734012604  | Negative Loss: 0.0
[Test ROC-AUC]  -  SA: 0.00000,  LA: 0.79133
[Test AUPRC]  -  LA: 0.71776
[Test F1-max]  -  LA: 0.73585
Epoch: 16 | Loss: 0.1526251882314682  | Negative Loss: 0.0
[Test ROC-AUC]  -  SA: 0.00000,  LA: 0.79847
[Test AUPRC]  -  LA: 0.71449
[Test F1-max]  -  LA: 0.74286
Epoch: 17 | Loss: 0.08618789911270142  | Negative Loss: 0.0
[Test ROC-AUC]  -  SA: 0.00000,  LA: 0.80816
[Test AUPRC]  -  LA: 0.72521
[Test F1-max]  -  LA: 0.75556
Epoch: 18 | Loss: 0.04810009524226189  | Negative Loss: 0.0
[Test ROC-AUC]  -  SA: 0.00000,  LA: 0.82041
[Test AUPRC]  -  LA: 0.73705
[Test F1-max]  -  LA: 0.76768
Epoch: 19 | Loss: 0.026813028380274773  | Negative Loss: 0.0
[Test ROC-AUC]  -  SA: 0.00000,  LA: 0.82653
[Test AUPRC]  -  LA: 0.72442
[Test F1-max]  -  LA: 0.77895
Epoch: 20 | Loss: 0.015022139996290207  | Negative Loss: 0.0
[Test ROC-AUC]  -  SA: 0.00000,  LA: 0.83418
[Test AUPRC]  -  LA: 0.73536
[Test F1-max]  -  LA: 0.78261
Epoch: 21 | Loss: 0.008495754562318325  | Negative Loss: 0.0
[Test ROC-AUC]  -  SA: 0.00000,  LA: 0.83929
[Test AUPRC]  -  LA: 0.73952
[Test F1-max]  -  LA: 0.79121
Epoch: 22 | Loss: 0.004862516652792692  | Negative Loss: 0.0
[Test ROC-AUC]  -  SA: 0.00000,  LA: 0.84643
[Test AUPRC]  -  LA: 0.74906
[Test F1-max]  -  LA: 0.80435
Epoch: 23 | Loss: 0.0028272869531065226  | Negative Loss: 0.0
[Test ROC-AUC]  -  SA: 0.00000,  LA: 0.85459
[Test AUPRC]  -  LA: 0.75755
[Test F1-max]  -  LA: 0.81319
Epoch: 24 | Loss: 0.0016732519725337625  | Negative Loss: 0.0
[Test ROC-AUC]  -  SA: 0.00000,  LA: 0.86020
[Test AUPRC]  -  LA: 0.76274
[Test F1-max]  -  LA: 0.81319
Epoch: 25 | Loss: 0.001009517116472125  | Negative Loss: 0.0
[Test ROC-AUC]  -  SA: 0.00000,  LA: 0.86276
[Test AUPRC]  -  LA: 0.76338
[Test F1-max]  -  LA: 0.82609
Epoch: 26 | Loss: 0.000622084888163954  | Negative Loss: 0.0
[Test ROC-AUC]  -  SA: 0.00000,  LA: 0.86480
[Test AUPRC]  -  LA: 0.76157
[Test F1-max]  -  LA: 0.82609
Epoch: 27 | Loss: 0.00039194602868519723  | Negative Loss: 0.0
[Test ROC-AUC]  -  SA: 0.00000,  LA: 0.86378
[Test AUPRC]  -  LA: 0.75691
[Test F1-max]  -  LA: 0.82609
Epoch: 28 | Loss: 0.00025254051433876157  | Negative Loss: 0.0
[Test ROC-AUC]  -  SA: 0.00000,  LA: 0.86173
[Test AUPRC]  -  LA: 0.74928
[Test F1-max]  -  LA: 0.82222
Epoch: 29 | Loss: 0.00016638505621813238  | Negative Loss: 0.0
[Test ROC-AUC]  -  SA: 0.00000,  LA: 0.86122
[Test AUPRC]  -  LA: 0.74620
[Test F1-max]  -  LA: 0.81319
Epoch: 30 | Loss: 0.00011219639418413863  | Negative Loss: 0.0
[Test ROC-AUC]  -  SA: 0.00000,  LA: 0.86633
[Test AUPRC]  -  LA: 0.74628
[Test F1-max]  -  LA: 0.81395
Epoch: 31 | Loss: 7.736517727607861e-05  | Negative Loss: 0.0
[Test ROC-AUC]  -  SA: 0.00000,  LA: 0.86531
[Test AUPRC]  -  LA: 0.74163
[Test F1-max]  -  LA: 0.82353
Epoch: 32 | Loss: 5.454933489090763e-05  | Negative Loss: 0.0
[Test ROC-AUC]  -  SA: 0.00000,  LA: 0.86224
[Test AUPRC]  -  LA: 0.73987
[Test F1-max]  -  LA: 0.81395
Epoch: 33 | Loss: 3.92909423680976e-05  | Negative Loss: 0.0
[Test ROC-AUC]  -  SA: 0.00000,  LA: 0.85714
[Test AUPRC]  -  LA: 0.73399
[Test F1-max]  -  LA: 0.81395
Epoch: 34 | Loss: 2.8967615435249172e-05  | Negative Loss: 0.0
[Test ROC-AUC]  -  SA: 0.00000,  LA: 0.85561
[Test AUPRC]  -  LA: 0.73256
[Test F1-max]  -  LA: 0.80460
Epoch: 35 | Loss: 2.1767478756373748e-05  | Negative Loss: 0.0
[Test ROC-AUC]  -  SA: 0.00000,  LA: 0.85102
[Test AUPRC]  -  LA: 0.72724
[Test F1-max]  -  LA: 0.80460
Epoch: 36 | Loss: 1.6736899851821363e-05  | Negative Loss: 0.0
[Test ROC-AUC]  -  SA: 0.00000,  LA: 0.84694
[Test AUPRC]  -  LA: 0.72301
[Test F1-max]  -  LA: 0.80460
Epoch: 37 | Loss: 1.3112970918882638e-05  | Negative Loss: 0.0
[Test ROC-AUC]  -  SA: 0.00000,  LA: 0.84745
[Test AUPRC]  -  LA: 0.72389
[Test F1-max]  -  LA: 0.80460
Epoch: 38 | Loss: 1.0371176358603407e-05  | Negative Loss: 0.0
[Test ROC-AUC]  -  SA: 0.00000,  LA: 0.84286
[Test AUPRC]  -  LA: 0.71873
[Test F1-max]  -  LA: 0.80460
Epoch: 39 | Loss: 8.463837730232626e-06  | Negative Loss: 0.0
[Test ROC-AUC]  -  SA: 0.00000,  LA: 0.84337
[Test AUPRC]  -  LA: 0.71937
[Test F1-max]  -  LA: 0.80460
Epoch: 40 | Loss: 6.914124242030084e-06  | Negative Loss: 0.0
[Test ROC-AUC]  -  SA: 0.00000,  LA: 0.84133
[Test AUPRC]  -  LA: 0.71667
[Test F1-max]  -  LA: 0.80460
Epoch: 41 | Loss: 5.745876933360705e-06  | Negative Loss: 0.0
[Test ROC-AUC]  -  SA: 0.00000,  LA: 0.83622
[Test AUPRC]  -  LA: 0.70753
[Test F1-max]  -  LA: 0.80000
Epoch: 42 | Loss: 4.86373119201744e-06  | Negative Loss: 0.0
[Test ROC-AUC]  -  SA: 0.00000,  LA: 0.83520
[Test AUPRC]  -  LA: 0.70588
[Test F1-max]  -  LA: 0.78652
Epoch: 43 | Loss: 4.124636234337231e-06  | Negative Loss: 0.0
[Test ROC-AUC]  -  SA: 0.00000,  LA: 0.82959
[Test AUPRC]  -  LA: 0.69977
[Test F1-max]  -  LA: 0.78261
Epoch: 44 | Loss: 3.6001163152832305e-06  | Negative Loss: 0.0
[Test ROC-AUC]  -  SA: 0.00000,  LA: 0.82704
[Test AUPRC]  -  LA: 0.69577
[Test F1-max]  -  LA: 0.78261
Epoch: 45 | Loss: 3.1709637369203847e-06  | Negative Loss: 0.0
[Test ROC-AUC]  -  SA: 0.00000,  LA: 0.82551
[Test AUPRC]  -  LA: 0.69283
[Test F1-max]  -  LA: 0.78261
Epoch: 46 | Loss: 2.741811158557539e-06  | Negative Loss: 0.0
[Test ROC-AUC]  -  SA: 0.00000,  LA: 0.82296
[Test AUPRC]  -  LA: 0.69090
[Test F1-max]  -  LA: 0.76923
Epoch: 47 | Loss: 2.479551085343701e-06  | Negative Loss: 0.0
[Test ROC-AUC]  -  SA: 0.00000,  LA: 0.81888
[Test AUPRC]  -  LA: 0.68649
[Test F1-max]  -  LA: 0.76596
Epoch: 48 | Loss: 2.2411329609894892e-06  | Negative Loss: 0.0
[Test ROC-AUC]  -  SA: 0.00000,  LA: 0.81429
[Test AUPRC]  -  LA: 0.68250
[Test F1-max]  -  LA: 0.76596
Epoch: 49 | Loss: 2.074240228466806e-06  | Negative Loss: 0.0
[Test ROC-AUC]  -  SA: 0.00000,  LA: 0.81173
[Test AUPRC]  -  LA: 0.67979
[Test F1-max]  -  LA: 0.76596
[Early Stopping] LA AUROC dropped for 10 consecutive epochs. Stop at epoch 51/100.
Time consumption: 55.38596844673157
Best LA AUC: 0.8663265306122448
Best LA AUPC: 0.7633822063696518
Best LA F1-max: 0.8260869565217392
[Result] Experiment result appended to ./results/train_hybrid_result.csv

[END] 2026-03-18 17:30:01
[RETURN CODE] 0
