[START] 2026-03-18 15:30:09
[GPU] 3
[INDEX] 28/80
[COMMAND] python train_hybrid.py --data_name red_splicing --mask True --text True --double_encoder True --few_shot True --shot 5 --hybrid_model winclip --hybrid_weight 0.3 --hybrid_batch_size 16 --epoch 100 --log True --lr 5e-4 --detection True --preprocess True

/home/seungeon/miniconda3/envs/LAB/lib/python3.10/site-packages/timm/models/layers/__init__.py:48: FutureWarning: Importing from timm.models.layers is deprecated, please import via timm.layers
  warnings.warn(f"Importing from {__name__} is deprecated, please import via timm.layers", FutureWarning)
/home/seungeon/Workspace/side/vlm/train_hybrid.py:18: DeprecationWarning: The distutils package is deprecated and slated for removal in Python 3.12. Use setuptools or check PEP 632 for potential alternatives
  from distutils.util import strtobool
Torch version: 2.9.1+cu128
cuda is loaded for process
here?
In my local computer
Namespace(epoch=100, gpu_number='0', data_name='red_splicing', lr=0.0005, batch_size=6, shuffle=True, seed=0, tag='default', model_name='ViT-B-32', pretrained_name='laion2b_s34b_b79k', lora=1, default=False, foundation='CLIP', detection=1, preprocess=1, num_rule=0, object_names=['a photo of orange connector', 'a photo of red cable', 'a photo of yellow cable', 'a photo of blue cable', 'a photo of metal panel'], objects_for_rules=[['a photo of orange connector'], ['a photo of orange connector'], ['a photo of red cable'], ['a photo of red cable'], ['a photo of orange connector'], ['a photo of orange connector', 'a photo of red cable']], texts_for_rules=[['a photo of orange connector'], ['a photo of orange connector'], ['a photo of red cable'], ['a photo of red cable'], ['a photo of orange connector'], ['a photo of orange connector and red cable']], mask=1, text=1, score='mean', ciriculam_learning=False, few_shot=1, shot=5, log=1, neg_loss=0, double_encoder=1, pretrained_count_path=None, ris=0, rule_select='', rule_list=[], num_negative=5, hybrid_model='winclip', hybrid_weight=0.3, hybrid_class_name='', hybrid_batch_size=16, hybrid_backbone='ViT-B-16-plus-240', hybrid_pretrained_dataset='laion400m_e32', hybrid_scales=[2, 3], hybrid_img_resize=240, hybrid_img_cropsize=240, hybrid_resolution=400, hybrid_promptad_epoch=100, hybrid_promptad_lr=0.002, hybrid_promptad_momentum=0.9, hybrid_promptad_weight_decay=0.0005, hybrid_promptad_eta_min=1e-05, hybrid_promptad_lambda1=0.001, hybrid_promptad_n_ctx=4, hybrid_promptad_n_pro=3, hybrid_promptad_n_ctx_ab=1, hybrid_promptad_n_pro_ab=4, early_stop_k=10, result_log_path='./results/train_hybrid_result.csv')
[Hybrid] method=winclip, class_name=splicing_connectors, train=5, eval=89, base_path=/data3/seungeon/data/image/mvtec_loco_anomaly_detection/red_splicing
grid 240 16 (15, 15)
[Hybrid-only] LA_AUC=0.69796, LA_AUPRC=0.57152, LA_F1=0.69474
[Data Description]
- Train: 5
- Test: 89

Train Start
[Test ROC-AUC]  -  SA: 0.00000,  LA: 0.70612
[Test AUPRC]  -  LA: 0.60015
[Test F1-max]  -  LA: 0.71429
Epoch: 0 | Loss: 17.63144302368164  | Negative Loss: 0.0
[Test ROC-AUC]  -  SA: 0.00000,  LA: 0.70663
[Test AUPRC]  -  LA: 0.60163
[Test F1-max]  -  LA: 0.71429
Epoch: 1 | Loss: 17.5256404876709  | Negative Loss: 0.0
[Test ROC-AUC]  -  SA: 0.00000,  LA: 0.71990
[Test AUPRC]  -  LA: 0.60731
[Test F1-max]  -  LA: 0.73684
Epoch: 2 | Loss: 16.306928634643555  | Negative Loss: 0.0
[Test ROC-AUC]  -  SA: 0.00000,  LA: 0.73980
[Test AUPRC]  -  LA: 0.64175
[Test F1-max]  -  LA: 0.74227
Epoch: 3 | Loss: 14.279748916625977  | Negative Loss: 0.0
[Test ROC-AUC]  -  SA: 0.00000,  LA: 0.75612
[Test AUPRC]  -  LA: 0.65727
[Test F1-max]  -  LA: 0.73333
Epoch: 4 | Loss: 11.761033058166504  | Negative Loss: 0.0
[Test ROC-AUC]  -  SA: 0.00000,  LA: 0.77143
[Test AUPRC]  -  LA: 0.67127
[Test F1-max]  -  LA: 0.72727
Epoch: 5 | Loss: 9.394247055053711  | Negative Loss: 0.0
[Test ROC-AUC]  -  SA: 0.00000,  LA: 0.77041
[Test AUPRC]  -  LA: 0.67329
[Test F1-max]  -  LA: 0.71845
Epoch: 6 | Loss: 7.406394004821777  | Negative Loss: 0.0
[Test ROC-AUC]  -  SA: 0.00000,  LA: 0.76480
[Test AUPRC]  -  LA: 0.67618
[Test F1-max]  -  LA: 0.72727
Epoch: 7 | Loss: 5.766748428344727  | Negative Loss: 0.0
[Test ROC-AUC]  -  SA: 0.00000,  LA: 0.76786
[Test AUPRC]  -  LA: 0.69089
[Test F1-max]  -  LA: 0.72897
Epoch: 8 | Loss: 4.426229953765869  | Negative Loss: 0.0
[Test ROC-AUC]  -  SA: 0.00000,  LA: 0.76276
[Test AUPRC]  -  LA: 0.67732
[Test F1-max]  -  LA: 0.72727
Epoch: 9 | Loss: 3.3628625869750977  | Negative Loss: 0.0
[Test ROC-AUC]  -  SA: 0.00000,  LA: 0.75969
[Test AUPRC]  -  LA: 0.66588
[Test F1-max]  -  LA: 0.73077
Epoch: 10 | Loss: 2.5328369140625  | Negative Loss: 0.0
[Test ROC-AUC]  -  SA: 0.00000,  LA: 0.76633
[Test AUPRC]  -  LA: 0.68149
[Test F1-max]  -  LA: 0.74286
Epoch: 11 | Loss: 1.8723819255828857  | Negative Loss: 0.0
[Test ROC-AUC]  -  SA: 0.00000,  LA: 0.77092
[Test AUPRC]  -  LA: 0.68774
[Test F1-max]  -  LA: 0.75000
Epoch: 12 | Loss: 1.3463757038116455  | Negative Loss: 0.0
[Test ROC-AUC]  -  SA: 0.00000,  LA: 0.77959
[Test AUPRC]  -  LA: 0.70354
[Test F1-max]  -  LA: 0.75728
Epoch: 13 | Loss: 0.9333575963973999  | Negative Loss: 0.0
[Test ROC-AUC]  -  SA: 0.00000,  LA: 0.79133
[Test AUPRC]  -  LA: 0.72588
[Test F1-max]  -  LA: 0.76471
Epoch: 14 | Loss: 0.6189359426498413  | Negative Loss: 0.0
[Test ROC-AUC]  -  SA: 0.00000,  LA: 0.79694
[Test AUPRC]  -  LA: 0.73354
[Test F1-max]  -  LA: 0.76471
Epoch: 15 | Loss: 0.3927513062953949  | Negative Loss: 0.0
[Test ROC-AUC]  -  SA: 0.00000,  LA: 0.80408
[Test AUPRC]  -  LA: 0.74194
[Test F1-max]  -  LA: 0.76471
Epoch: 16 | Loss: 0.23900660872459412  | Negative Loss: 0.0
[Test ROC-AUC]  -  SA: 0.00000,  LA: 0.80867
[Test AUPRC]  -  LA: 0.74369
[Test F1-max]  -  LA: 0.77228
Epoch: 17 | Loss: 0.14074663817882538  | Negative Loss: 0.0
[Test ROC-AUC]  -  SA: 0.00000,  LA: 0.81378
[Test AUPRC]  -  LA: 0.74689
[Test F1-max]  -  LA: 0.78788
Epoch: 18 | Loss: 0.08160983771085739  | Negative Loss: 0.0
[Test ROC-AUC]  -  SA: 0.00000,  LA: 0.80561
[Test AUPRC]  -  LA: 0.72855
[Test F1-max]  -  LA: 0.76471
Epoch: 19 | Loss: 0.047120895236730576  | Negative Loss: 0.0
[Test ROC-AUC]  -  SA: 0.00000,  LA: 0.80102
[Test AUPRC]  -  LA: 0.71102
[Test F1-max]  -  LA: 0.76289
Epoch: 20 | Loss: 0.027315547689795494  | Negative Loss: 0.0
[Test ROC-AUC]  -  SA: 0.00000,  LA: 0.79541
[Test AUPRC]  -  LA: 0.70395
[Test F1-max]  -  LA: 0.76289
Epoch: 21 | Loss: 0.01604967936873436  | Negative Loss: 0.0
[Test ROC-AUC]  -  SA: 0.00000,  LA: 0.79643
[Test AUPRC]  -  LA: 0.70884
[Test F1-max]  -  LA: 0.76289
Epoch: 22 | Loss: 0.009621651843190193  | Negative Loss: 0.0
[Test ROC-AUC]  -  SA: 0.00000,  LA: 0.79286
[Test AUPRC]  -  LA: 0.70402
[Test F1-max]  -  LA: 0.75472
Epoch: 23 | Loss: 0.005890713073313236  | Negative Loss: 0.0
[Test ROC-AUC]  -  SA: 0.00000,  LA: 0.78724
[Test AUPRC]  -  LA: 0.69768
[Test F1-max]  -  LA: 0.74747
Epoch: 24 | Loss: 0.0036916311364620924  | Negative Loss: 0.0
[Test ROC-AUC]  -  SA: 0.00000,  LA: 0.78520
[Test AUPRC]  -  LA: 0.68825
[Test F1-max]  -  LA: 0.75510
Epoch: 25 | Loss: 0.002370458096265793  | Negative Loss: 0.0
[Test ROC-AUC]  -  SA: 0.00000,  LA: 0.78214
[Test AUPRC]  -  LA: 0.66624
[Test F1-max]  -  LA: 0.75510
Epoch: 26 | Loss: 0.001556374249048531  | Negative Loss: 0.0
[Test ROC-AUC]  -  SA: 0.00000,  LA: 0.78010
[Test AUPRC]  -  LA: 0.65944
[Test F1-max]  -  LA: 0.75510
Epoch: 27 | Loss: 0.0010444573126733303  | Negative Loss: 0.0
[Test ROC-AUC]  -  SA: 0.00000,  LA: 0.77806
[Test AUPRC]  -  LA: 0.65497
[Test F1-max]  -  LA: 0.75510
Epoch: 28 | Loss: 0.0007162371184676886  | Negative Loss: 0.0
[Test ROC-AUC]  -  SA: 0.00000,  LA: 0.77755
[Test AUPRC]  -  LA: 0.65612
[Test F1-max]  -  LA: 0.75510
Epoch: 29 | Loss: 0.0005012898473069072  | Negative Loss: 0.0
[Test ROC-AUC]  -  SA: 0.00000,  LA: 0.77704
[Test AUPRC]  -  LA: 0.65617
[Test F1-max]  -  LA: 0.75510
Epoch: 30 | Loss: 0.00035807554377242923  | Negative Loss: 0.0
[Test ROC-AUC]  -  SA: 0.00000,  LA: 0.77500
[Test AUPRC]  -  LA: 0.65049
[Test F1-max]  -  LA: 0.75510
Epoch: 31 | Loss: 0.00026076665380969644  | Negative Loss: 0.0
[Test ROC-AUC]  -  SA: 0.00000,  LA: 0.77500
[Test AUPRC]  -  LA: 0.64513
[Test F1-max]  -  LA: 0.75510
Epoch: 32 | Loss: 0.00019322961452417076  | Negative Loss: 0.0
[Test ROC-AUC]  -  SA: 0.00000,  LA: 0.77551
[Test AUPRC]  -  LA: 0.64606
[Test F1-max]  -  LA: 0.74747
Epoch: 33 | Loss: 0.00014566880417987704  | Negative Loss: 0.0
[Test ROC-AUC]  -  SA: 0.00000,  LA: 0.77653
[Test AUPRC]  -  LA: 0.64946
[Test F1-max]  -  LA: 0.74747
Epoch: 34 | Loss: 0.00011157695553265512  | Negative Loss: 0.0
[Test ROC-AUC]  -  SA: 0.00000,  LA: 0.77449
[Test AUPRC]  -  LA: 0.64606
[Test F1-max]  -  LA: 0.74227
Epoch: 35 | Loss: 8.671105024404824e-05  | Negative Loss: 0.0
[Test ROC-AUC]  -  SA: 0.00000,  LA: 0.77653
[Test AUPRC]  -  LA: 0.64950
[Test F1-max]  -  LA: 0.73913
Epoch: 36 | Loss: 6.854422099422663e-05  | Negative Loss: 0.0
[Test ROC-AUC]  -  SA: 0.00000,  LA: 0.77602
[Test AUPRC]  -  LA: 0.64926
[Test F1-max]  -  LA: 0.73913
Epoch: 37 | Loss: 5.4859388910699636e-05  | Negative Loss: 0.0
[Test ROC-AUC]  -  SA: 0.00000,  LA: 0.77551
[Test AUPRC]  -  LA: 0.64906
[Test F1-max]  -  LA: 0.74468
Epoch: 38 | Loss: 4.455995076568797e-05  | Negative Loss: 0.0
[Test ROC-AUC]  -  SA: 0.00000,  LA: 0.77704
[Test AUPRC]  -  LA: 0.65086
[Test F1-max]  -  LA: 0.74468
Epoch: 39 | Loss: 3.671613376354799e-05  | Negative Loss: 0.0
[Test ROC-AUC]  -  SA: 0.00000,  LA: 0.77806
[Test AUPRC]  -  LA: 0.65151
[Test F1-max]  -  LA: 0.74468
Epoch: 40 | Loss: 3.051735257031396e-05  | Negative Loss: 0.0
[Test ROC-AUC]  -  SA: 0.00000,  LA: 0.77653
[Test AUPRC]  -  LA: 0.64812
[Test F1-max]  -  LA: 0.74468
Epoch: 41 | Loss: 2.5677518351585604e-05  | Negative Loss: 0.0
[Test ROC-AUC]  -  SA: 0.00000,  LA: 0.77653
[Test AUPRC]  -  LA: 0.64794
[Test F1-max]  -  LA: 0.74468
Epoch: 42 | Loss: 2.1910549548920244e-05  | Negative Loss: 0.0
[Test ROC-AUC]  -  SA: 0.00000,  LA: 0.77602
[Test AUPRC]  -  LA: 0.64773
[Test F1-max]  -  LA: 0.74468
Epoch: 43 | Loss: 1.8858821931644343e-05  | Negative Loss: 0.0
[Test ROC-AUC]  -  SA: 0.00000,  LA: 0.77551
[Test AUPRC]  -  LA: 0.64736
[Test F1-max]  -  LA: 0.74468
Epoch: 44 | Loss: 1.640313166717533e-05  | Negative Loss: 0.0
[Test ROC-AUC]  -  SA: 0.00000,  LA: 0.77602
[Test AUPRC]  -  LA: 0.64639
[Test F1-max]  -  LA: 0.74725
Epoch: 45 | Loss: 1.4448112779064104e-05  | Negative Loss: 0.0
[Test ROC-AUC]  -  SA: 0.00000,  LA: 0.77551
[Test AUPRC]  -  LA: 0.64477
[Test F1-max]  -  LA: 0.74725
Epoch: 46 | Loss: 1.2803036952391267e-05  | Negative Loss: 0.0
[Test ROC-AUC]  -  SA: 0.00000,  LA: 0.77551
[Test AUPRC]  -  LA: 0.64485
[Test F1-max]  -  LA: 0.74725
Epoch: 47 | Loss: 1.1491742952784989e-05  | Negative Loss: 0.0
[Test ROC-AUC]  -  SA: 0.00000,  LA: 0.77551
[Test AUPRC]  -  LA: 0.64485
[Test F1-max]  -  LA: 0.74725
Epoch: 48 | Loss: 1.034733941196464e-05  | Negative Loss: 0.0
[Test ROC-AUC]  -  SA: 0.00000,  LA: 0.77551
[Test AUPRC]  -  LA: 0.64485
[Test F1-max]  -  LA: 0.74725
Epoch: 49 | Loss: 9.369828148919623e-06  | Negative Loss: 0.0
[Test ROC-AUC]  -  SA: 0.00000,  LA: 0.77500
[Test AUPRC]  -  LA: 0.64463
[Test F1-max]  -  LA: 0.74725
Epoch: 50 | Loss: 8.654576049593743e-06  | Negative Loss: 0.0
[Test ROC-AUC]  -  SA: 0.00000,  LA: 0.77500
[Test AUPRC]  -  LA: 0.64463
[Test F1-max]  -  LA: 0.74725
Epoch: 51 | Loss: 7.987006028997712e-06  | Negative Loss: 0.0
[Test ROC-AUC]  -  SA: 0.00000,  LA: 0.77500
[Test AUPRC]  -  LA: 0.64463
[Test F1-max]  -  LA: 0.74725
Epoch: 52 | Loss: 7.343278412008658e-06  | Negative Loss: 0.0
[Test ROC-AUC]  -  SA: 0.00000,  LA: 0.77551
[Test AUPRC]  -  LA: 0.64502
[Test F1-max]  -  LA: 0.74725
Epoch: 53 | Loss: 6.842601578682661e-06  | Negative Loss: 0.0
[Test ROC-AUC]  -  SA: 0.00000,  LA: 0.77602
[Test AUPRC]  -  LA: 0.64819
[Test F1-max]  -  LA: 0.74725
Epoch: 54 | Loss: 6.4611331254127435e-06  | Negative Loss: 0.0
[Test ROC-AUC]  -  SA: 0.00000,  LA: 0.77653
[Test AUPRC]  -  LA: 0.64885
[Test F1-max]  -  LA: 0.74725
Epoch: 55 | Loss: 6.0558227232832e-06  | Negative Loss: 0.0
[Test ROC-AUC]  -  SA: 0.00000,  LA: 0.77704
[Test AUPRC]  -  LA: 0.64934
[Test F1-max]  -  LA: 0.74725
Epoch: 56 | Loss: 5.674353815265931e-06  | Negative Loss: 0.0
[Test ROC-AUC]  -  SA: 0.00000,  LA: 0.77704
[Test AUPRC]  -  LA: 0.64934
[Test F1-max]  -  LA: 0.74725
Epoch: 57 | Loss: 5.459778094518697e-06  | Negative Loss: 0.0
[Test ROC-AUC]  -  SA: 0.00000,  LA: 0.77704
[Test AUPRC]  -  LA: 0.64934
[Test F1-max]  -  LA: 0.74725
Epoch: 58 | Loss: 5.173676527192583e-06  | Negative Loss: 0.0
[Test ROC-AUC]  -  SA: 0.00000,  LA: 0.77704
[Test AUPRC]  -  LA: 0.64934
[Test F1-max]  -  LA: 0.74725
Epoch: 59 | Loss: 4.959100351697998e-06  | Negative Loss: 0.0
[Test ROC-AUC]  -  SA: 0.00000,  LA: 0.77755
[Test AUPRC]  -  LA: 0.64986
[Test F1-max]  -  LA: 0.74725
Epoch: 60 | Loss: 4.744524176203413e-06  | Negative Loss: 0.0
[Test ROC-AUC]  -  SA: 0.00000,  LA: 0.77857
[Test AUPRC]  -  LA: 0.65138
[Test F1-max]  -  LA: 0.74725
Epoch: 61 | Loss: 4.6253153413999826e-06  | Negative Loss: 0.0
[Test ROC-AUC]  -  SA: 0.00000,  LA: 0.77857
[Test AUPRC]  -  LA: 0.65138
[Test F1-max]  -  LA: 0.74725
Epoch: 62 | Loss: 4.434580660017673e-06  | Negative Loss: 0.0
[Test ROC-AUC]  -  SA: 0.00000,  LA: 0.77806
[Test AUPRC]  -  LA: 0.65071
[Test F1-max]  -  LA: 0.74725
Epoch: 63 | Loss: 4.267688382242341e-06  | Negative Loss: 0.0
[Test ROC-AUC]  -  SA: 0.00000,  LA: 0.77755
[Test AUPRC]  -  LA: 0.64945
[Test F1-max]  -  LA: 0.74725
Epoch: 64 | Loss: 4.076953700860031e-06  | Negative Loss: 0.0
[Test ROC-AUC]  -  SA: 0.00000,  LA: 0.77806
[Test AUPRC]  -  LA: 0.64982
[Test F1-max]  -  LA: 0.74725
Epoch: 65 | Loss: 4.0054283090285026e-06  | Negative Loss: 0.0
[Test ROC-AUC]  -  SA: 0.00000,  LA: 0.77857
[Test AUPRC]  -  LA: 0.65016
[Test F1-max]  -  LA: 0.74725
Epoch: 66 | Loss: 3.862377525365446e-06  | Negative Loss: 0.0
[Test ROC-AUC]  -  SA: 0.00000,  LA: 0.77908
[Test AUPRC]  -  LA: 0.65059
[Test F1-max]  -  LA: 0.74725
Epoch: 67 | Loss: 3.76700972992694e-06  | Negative Loss: 0.0
[Test ROC-AUC]  -  SA: 0.00000,  LA: 0.77959
[Test AUPRC]  -  LA: 0.65090
[Test F1-max]  -  LA: 0.75269
Epoch: 68 | Loss: 3.6716426166094607e-06  | Negative Loss: 0.0
[Test ROC-AUC]  -  SA: 0.00000,  LA: 0.77959
[Test AUPRC]  -  LA: 0.65090
[Test F1-max]  -  LA: 0.75269
Epoch: 69 | Loss: 3.5762755032919813e-06  | Negative Loss: 0.0
[Test ROC-AUC]  -  SA: 0.00000,  LA: 0.78010
[Test AUPRC]  -  LA: 0.65121
[Test F1-max]  -  LA: 0.76087
Epoch: 70 | Loss: 3.504750111460453e-06  | Negative Loss: 0.0
[Test ROC-AUC]  -  SA: 0.00000,  LA: 0.78010
[Test AUPRC]  -  LA: 0.65121
[Test F1-max]  -  LA: 0.76087
Epoch: 71 | Loss: 3.4332247196289245e-06  | Negative Loss: 0.0
[Test ROC-AUC]  -  SA: 0.00000,  LA: 0.78010
[Test AUPRC]  -  LA: 0.65121
[Test F1-max]  -  LA: 0.76087
Epoch: 72 | Loss: 3.3378571515640942e-06  | Negative Loss: 0.0
[Test ROC-AUC]  -  SA: 0.00000,  LA: 0.77959
[Test AUPRC]  -  LA: 0.64767
[Test F1-max]  -  LA: 0.76087
Epoch: 73 | Loss: 3.3140154300781433e-06  | Negative Loss: 0.0
[Test ROC-AUC]  -  SA: 0.00000,  LA: 0.77959
[Test AUPRC]  -  LA: 0.64767
[Test F1-max]  -  LA: 0.76087
Epoch: 74 | Loss: 3.2901739359658677e-06  | Negative Loss: 0.0
[Test ROC-AUC]  -  SA: 0.00000,  LA: 0.77959
[Test AUPRC]  -  LA: 0.64767
[Test F1-max]  -  LA: 0.76087
Epoch: 75 | Loss: 3.194806595274713e-06  | Negative Loss: 0.0
[Test ROC-AUC]  -  SA: 0.00000,  LA: 0.78010
[Test AUPRC]  -  LA: 0.64860
[Test F1-max]  -  LA: 0.76087
Epoch: 76 | Loss: 3.14712269755546e-06  | Negative Loss: 0.0
[Test ROC-AUC]  -  SA: 0.00000,  LA: 0.78010
[Test AUPRC]  -  LA: 0.64860
[Test F1-max]  -  LA: 0.76087
Epoch: 77 | Loss: 3.099439254583558e-06  | Negative Loss: 0.0
[Test ROC-AUC]  -  SA: 0.00000,  LA: 0.78010
[Test AUPRC]  -  LA: 0.64860
[Test F1-max]  -  LA: 0.76087
Epoch: 78 | Loss: 3.0517553568643052e-06  | Negative Loss: 0.0
[Test ROC-AUC]  -  SA: 0.00000,  LA: 0.78010
[Test AUPRC]  -  LA: 0.64860
[Test F1-max]  -  LA: 0.76087
Epoch: 79 | Loss: 3.0040719138924032e-06  | Negative Loss: 0.0
[Test ROC-AUC]  -  SA: 0.00000,  LA: 0.78010
[Test AUPRC]  -  LA: 0.64860
[Test F1-max]  -  LA: 0.76087
Epoch: 80 | Loss: 2.9563880161731504e-06  | Negative Loss: 0.0
[Test ROC-AUC]  -  SA: 0.00000,  LA: 0.78061
[Test AUPRC]  -  LA: 0.64898
[Test F1-max]  -  LA: 0.76087
Epoch: 81 | Loss: 2.9325462946871994e-06  | Negative Loss: 0.0
[Test ROC-AUC]  -  SA: 0.00000,  LA: 0.78061
[Test AUPRC]  -  LA: 0.64898
[Test F1-max]  -  LA: 0.76087
Epoch: 82 | Loss: 2.9325462946871994e-06  | Negative Loss: 0.0
[Test ROC-AUC]  -  SA: 0.00000,  LA: 0.78087
[Test AUPRC]  -  LA: 0.64926
[Test F1-max]  -  LA: 0.76087
Epoch: 83 | Loss: 2.932546067313524e-06  | Negative Loss: 0.0
[Test ROC-AUC]  -  SA: 0.00000,  LA: 0.78112
[Test AUPRC]  -  LA: 0.64953
[Test F1-max]  -  LA: 0.76087
Epoch: 84 | Loss: 2.861020902855671e-06  | Negative Loss: 0.0
[Test ROC-AUC]  -  SA: 0.00000,  LA: 0.78112
[Test AUPRC]  -  LA: 0.64953
[Test F1-max]  -  LA: 0.76087
Epoch: 85 | Loss: 2.8133372325100936e-06  | Negative Loss: 0.0
[Test ROC-AUC]  -  SA: 0.00000,  LA: 0.78112
[Test AUPRC]  -  LA: 0.64953
[Test F1-max]  -  LA: 0.76087
Epoch: 86 | Loss: 2.789495283650467e-06  | Negative Loss: 0.0
[Test ROC-AUC]  -  SA: 0.00000,  LA: 0.78214
[Test AUPRC]  -  LA: 0.65042
[Test F1-max]  -  LA: 0.76087
Epoch: 87 | Loss: 2.789495283650467e-06  | Negative Loss: 0.0
[Test ROC-AUC]  -  SA: 0.00000,  LA: 0.78214
[Test AUPRC]  -  LA: 0.65042
[Test F1-max]  -  LA: 0.76087
Epoch: 88 | Loss: 2.7179698918189388e-06  | Negative Loss: 0.0
[Test ROC-AUC]  -  SA: 0.00000,  LA: 0.78214
[Test AUPRC]  -  LA: 0.65042
[Test F1-max]  -  LA: 0.76087
Epoch: 89 | Loss: 2.6941279429593123e-06  | Negative Loss: 0.0
[Test ROC-AUC]  -  SA: 0.00000,  LA: 0.78214
[Test AUPRC]  -  LA: 0.65042
[Test F1-max]  -  LA: 0.76087
Epoch: 90 | Loss: 2.6702862214733614e-06  | Negative Loss: 0.0
[Test ROC-AUC]  -  SA: 0.00000,  LA: 0.78214
[Test AUPRC]  -  LA: 0.65042
[Test F1-max]  -  LA: 0.76087
Epoch: 91 | Loss: 2.6702862214733614e-06  | Negative Loss: 0.0
[Test ROC-AUC]  -  SA: 0.00000,  LA: 0.78214
[Test AUPRC]  -  LA: 0.65042
[Test F1-max]  -  LA: 0.76087
Epoch: 92 | Loss: 2.622602551127784e-06  | Negative Loss: 0.0
[Test ROC-AUC]  -  SA: 0.00000,  LA: 0.78214
[Test AUPRC]  -  LA: 0.65042
[Test F1-max]  -  LA: 0.76087
Epoch: 93 | Loss: 2.5987606022681575e-06  | Negative Loss: 0.0
[Test ROC-AUC]  -  SA: 0.00000,  LA: 0.78214
[Test AUPRC]  -  LA: 0.65042
[Test F1-max]  -  LA: 0.76087
Epoch: 94 | Loss: 2.574919108155882e-06  | Negative Loss: 0.0
[Test ROC-AUC]  -  SA: 0.00000,  LA: 0.78214
[Test AUPRC]  -  LA: 0.65042
[Test F1-max]  -  LA: 0.76087
Epoch: 95 | Loss: 2.574919108155882e-06  | Negative Loss: 0.0
[Test ROC-AUC]  -  SA: 0.00000,  LA: 0.78214
[Test AUPRC]  -  LA: 0.65042
[Test F1-max]  -  LA: 0.76087
Epoch: 96 | Loss: 2.574919108155882e-06  | Negative Loss: 0.0
[Test ROC-AUC]  -  SA: 0.00000,  LA: 0.78214
[Test AUPRC]  -  LA: 0.65042
[Test F1-max]  -  LA: 0.76087
Epoch: 97 | Loss: 2.5510771592962556e-06  | Negative Loss: 0.0
[Test ROC-AUC]  -  SA: 0.00000,  LA: 0.78214
[Test AUPRC]  -  LA: 0.65042
[Test F1-max]  -  LA: 0.76087
Epoch: 98 | Loss: 2.5272354378103046e-06  | Negative Loss: 0.0
[Test ROC-AUC]  -  SA: 0.00000,  LA: 0.78214
[Test AUPRC]  -  LA: 0.65042
[Test F1-max]  -  LA: 0.76087
Epoch: 99 | Loss: 2.5033937163243536e-06  | Negative Loss: 0.0
Time consumption: 108.8257200717926
Best LA AUC: 0.8137755102040817
Best LA AUPC: 0.7468878014492645
Best LA F1-max: 0.7878787878787878
[Result] Experiment result appended to ./results/train_hybrid_result.csv

[END] 2026-03-18 15:34:06
[RETURN CODE] 0
