[START] 2026-03-18 18:01:13
[GPU] 3
[INDEX] 75/80
[COMMAND] python train_hybrid.py --data_name yellow_splicing --mask True --text True --double_encoder True --few_shot True --shot 5 --hybrid_model promptad --hybrid_weight 0.3 --hybrid_batch_size 16 --epoch 100 --log True --lr 5e-4 --detection True --preprocess True

/home/seungeon/miniconda3/envs/LAB/lib/python3.10/site-packages/timm/models/layers/__init__.py:48: FutureWarning: Importing from timm.models.layers is deprecated, please import via timm.layers
  warnings.warn(f"Importing from {__name__} is deprecated, please import via timm.layers", FutureWarning)
/home/seungeon/Workspace/side/vlm/train_hybrid.py:18: DeprecationWarning: The distutils package is deprecated and slated for removal in Python 3.12. Use setuptools or check PEP 632 for potential alternatives
  from distutils.util import strtobool
Torch version: 2.9.1+cu128
cuda is loaded for process
here?
In my local computer
Namespace(epoch=100, gpu_number='0', data_name='yellow_splicing', lr=0.0005, batch_size=6, shuffle=True, seed=0, tag='default', model_name='ViT-B-32', pretrained_name='laion2b_s34b_b79k', lora=1, default=False, foundation='CLIP', detection=1, preprocess=1, num_rule=0, object_names=['a photo of orange connector', 'a photo of yellow cable', 'a photo of red cable', 'a photo of blue cable', 'a photo of metal panel'], objects_for_rules=[['a photo of orange connector'], ['a photo of orange connector'], ['a photo of yellow cable'], ['a photo of yellow cable'], ['a photo of orange connector'], ['a photo of orange connector', 'a photo of yellow cable']], texts_for_rules=[['a photo of orange connector'], ['a photo of orange connector'], ['a photo of yellow cable'], ['a photo of yellow cable'], ['a photo of orange connector'], ['a photo of orange connector and yellow cable']], mask=1, text=1, score='mean', ciriculam_learning=False, few_shot=1, shot=5, log=1, neg_loss=0, double_encoder=1, pretrained_count_path=None, ris=0, rule_select='', rule_list=[], num_negative=5, hybrid_model='promptad', hybrid_weight=0.3, hybrid_class_name='', hybrid_batch_size=16, hybrid_backbone='ViT-B-16-plus-240', hybrid_pretrained_dataset='laion400m_e32', hybrid_scales=[2, 3], hybrid_img_resize=240, hybrid_img_cropsize=240, hybrid_resolution=400, hybrid_promptad_epoch=100, hybrid_promptad_lr=0.002, hybrid_promptad_momentum=0.9, hybrid_promptad_weight_decay=0.0005, hybrid_promptad_eta_min=1e-05, hybrid_promptad_lambda1=0.001, hybrid_promptad_n_ctx=4, hybrid_promptad_n_pro=3, hybrid_promptad_n_ctx_ab=1, hybrid_promptad_n_pro_ab=4, early_stop_k=10, result_log_path='./results/train_hybrid_result.csv')
[Hybrid] method=promptad, class_name=splicing_connectors, train=5, eval=68, base_path=/data3/seungeon/data/image/mvtec_loco_anomaly_detection/yellow_splicing
[Hybrid-only] LA_AUC=0.73961, LA_AUPRC=0.78626, LA_F1=0.76596
[Data Description]
- Train: 5
- Test: 68

Train Start
[Test ROC-AUC]  -  SA: 0.00000,  LA: 0.66401
[Test AUPRC]  -  LA: 0.73879
[Test F1-max]  -  LA: 0.75000
Epoch: 0 | Loss: 10.542400360107422  | Negative Loss: 0.0
[Test ROC-AUC]  -  SA: 0.00000,  LA: 0.66490
[Test AUPRC]  -  LA: 0.74089
[Test F1-max]  -  LA: 0.75000
Epoch: 1 | Loss: 10.48043441772461  | Negative Loss: 0.0
[Test ROC-AUC]  -  SA: 0.00000,  LA: 0.70734
[Test AUPRC]  -  LA: 0.77796
[Test F1-max]  -  LA: 0.75000
Epoch: 2 | Loss: 9.840362548828125  | Negative Loss: 0.0
[Test ROC-AUC]  -  SA: 0.00000,  LA: 0.72856
[Test AUPRC]  -  LA: 0.78200
[Test F1-max]  -  LA: 0.77108
Epoch: 3 | Loss: 8.764877319335938  | Negative Loss: 0.0
[Test ROC-AUC]  -  SA: 0.00000,  LA: 0.70822
[Test AUPRC]  -  LA: 0.77561
[Test F1-max]  -  LA: 0.76543
Epoch: 4 | Loss: 7.412088394165039  | Negative Loss: 0.0
[Test ROC-AUC]  -  SA: 0.00000,  LA: 0.70203
[Test AUPRC]  -  LA: 0.78012
[Test F1-max]  -  LA: 0.75862
Epoch: 5 | Loss: 6.081416130065918  | Negative Loss: 0.0
[Test ROC-AUC]  -  SA: 0.00000,  LA: 0.68877
[Test AUPRC]  -  LA: 0.76904
[Test F1-max]  -  LA: 0.75556
Epoch: 6 | Loss: 4.919534683227539  | Negative Loss: 0.0
[Test ROC-AUC]  -  SA: 0.00000,  LA: 0.68523
[Test AUPRC]  -  LA: 0.76587
[Test F1-max]  -  LA: 0.75000
Epoch: 7 | Loss: 3.9326698780059814  | Negative Loss: 0.0
[Test ROC-AUC]  -  SA: 0.00000,  LA: 0.67993
[Test AUPRC]  -  LA: 0.76091
[Test F1-max]  -  LA: 0.75000
Epoch: 8 | Loss: 3.0881991386413574  | Negative Loss: 0.0
[Test ROC-AUC]  -  SA: 0.00000,  LA: 0.67551
[Test AUPRC]  -  LA: 0.75653
[Test F1-max]  -  LA: 0.75000
Epoch: 9 | Loss: 2.3584280014038086  | Negative Loss: 0.0
[Test ROC-AUC]  -  SA: 0.00000,  LA: 0.66844
[Test AUPRC]  -  LA: 0.75167
[Test F1-max]  -  LA: 0.75000
Epoch: 10 | Loss: 1.72878098487854  | Negative Loss: 0.0
[Test ROC-AUC]  -  SA: 0.00000,  LA: 0.67286
[Test AUPRC]  -  LA: 0.75280
[Test F1-max]  -  LA: 0.75000
Epoch: 11 | Loss: 1.2062368392944336  | Negative Loss: 0.0
[Test ROC-AUC]  -  SA: 0.00000,  LA: 0.67639
[Test AUPRC]  -  LA: 0.75430
[Test F1-max]  -  LA: 0.75728
Epoch: 12 | Loss: 0.7986471652984619  | Negative Loss: 0.0
[Test ROC-AUC]  -  SA: 0.00000,  LA: 0.67905
[Test AUPRC]  -  LA: 0.75578
[Test F1-max]  -  LA: 0.76471
Epoch: 13 | Loss: 0.49984070658683777  | Negative Loss: 0.0
[Test ROC-AUC]  -  SA: 0.00000,  LA: 0.68877
[Test AUPRC]  -  LA: 0.76056
[Test F1-max]  -  LA: 0.76768
Epoch: 14 | Loss: 0.2971145212650299  | Negative Loss: 0.0
[Test ROC-AUC]  -  SA: 0.00000,  LA: 0.69054
[Test AUPRC]  -  LA: 0.75836
[Test F1-max]  -  LA: 0.77228
Epoch: 15 | Loss: 0.16909578442573547  | Negative Loss: 0.0
[Test ROC-AUC]  -  SA: 0.00000,  LA: 0.69938
[Test AUPRC]  -  LA: 0.75782
[Test F1-max]  -  LA: 0.78000
Epoch: 16 | Loss: 0.09319683909416199  | Negative Loss: 0.0
[Test ROC-AUC]  -  SA: 0.00000,  LA: 0.70115
[Test AUPRC]  -  LA: 0.75965
[Test F1-max]  -  LA: 0.78788
Epoch: 17 | Loss: 0.05030437186360359  | Negative Loss: 0.0
[Test ROC-AUC]  -  SA: 0.00000,  LA: 0.70734
[Test AUPRC]  -  LA: 0.75956
[Test F1-max]  -  LA: 0.78788
Epoch: 18 | Loss: 0.026810647919774055  | Negative Loss: 0.0
[Test ROC-AUC]  -  SA: 0.00000,  LA: 0.71530
[Test AUPRC]  -  LA: 0.76297
[Test F1-max]  -  LA: 0.78788
Epoch: 19 | Loss: 0.014211061410605907  | Negative Loss: 0.0
[Test ROC-AUC]  -  SA: 0.00000,  LA: 0.72767
[Test AUPRC]  -  LA: 0.77139
[Test F1-max]  -  LA: 0.79592
Epoch: 20 | Loss: 0.007558086421340704  | Negative Loss: 0.0
[Test ROC-AUC]  -  SA: 0.00000,  LA: 0.73917
[Test AUPRC]  -  LA: 0.77579
[Test F1-max]  -  LA: 0.80412
Epoch: 21 | Loss: 0.004059504251927137  | Negative Loss: 0.0
[Test ROC-AUC]  -  SA: 0.00000,  LA: 0.74536
[Test AUPRC]  -  LA: 0.77942
[Test F1-max]  -  LA: 0.80412
Epoch: 22 | Loss: 0.002211111132055521  | Negative Loss: 0.0
[Test ROC-AUC]  -  SA: 0.00000,  LA: 0.75332
[Test AUPRC]  -  LA: 0.78403
[Test F1-max]  -  LA: 0.81395
Epoch: 23 | Loss: 0.0012273869942873716  | Negative Loss: 0.0
[Test ROC-AUC]  -  SA: 0.00000,  LA: 0.75950
[Test AUPRC]  -  LA: 0.78640
[Test F1-max]  -  LA: 0.81395
Epoch: 24 | Loss: 0.0006954109994694591  | Negative Loss: 0.0
[Test ROC-AUC]  -  SA: 0.00000,  LA: 0.77365
[Test AUPRC]  -  LA: 0.79897
[Test F1-max]  -  LA: 0.80412
Epoch: 25 | Loss: 0.00040334323421120644  | Negative Loss: 0.0
[Test ROC-AUC]  -  SA: 0.00000,  LA: 0.77454
[Test AUPRC]  -  LA: 0.79977
[Test F1-max]  -  LA: 0.80412
Epoch: 26 | Loss: 0.00023969211906660348  | Negative Loss: 0.0
[Test ROC-AUC]  -  SA: 0.00000,  LA: 0.77719
[Test AUPRC]  -  LA: 0.80252
[Test F1-max]  -  LA: 0.80412
Epoch: 27 | Loss: 0.00014631199883297086  | Negative Loss: 0.0
[Test ROC-AUC]  -  SA: 0.00000,  LA: 0.78161
[Test AUPRC]  -  LA: 0.81229
[Test F1-max]  -  LA: 0.80412
Epoch: 28 | Loss: 9.164585208054632e-05  | Negative Loss: 0.0
[Test ROC-AUC]  -  SA: 0.00000,  LA: 0.78249
[Test AUPRC]  -  LA: 0.81629
[Test F1-max]  -  LA: 0.80412
Epoch: 29 | Loss: 5.884073470951989e-05  | Negative Loss: 0.0
[Test ROC-AUC]  -  SA: 0.00000,  LA: 0.78161
[Test AUPRC]  -  LA: 0.81686
[Test F1-max]  -  LA: 0.79592
Epoch: 30 | Loss: 3.871874287142418e-05  | Negative Loss: 0.0
[Test ROC-AUC]  -  SA: 0.00000,  LA: 0.78338
[Test AUPRC]  -  LA: 0.82190
[Test F1-max]  -  LA: 0.79592
Epoch: 31 | Loss: 2.615431003505364e-05  | Negative Loss: 0.0
[Test ROC-AUC]  -  SA: 0.00000,  LA: 0.78161
[Test AUPRC]  -  LA: 0.82069
[Test F1-max]  -  LA: 0.79592
Epoch: 32 | Loss: 1.8095868654199876e-05  | Negative Loss: 0.0
[Test ROC-AUC]  -  SA: 0.00000,  LA: 0.77807
[Test AUPRC]  -  LA: 0.82012
[Test F1-max]  -  LA: 0.79592
Epoch: 33 | Loss: 1.2874550520791672e-05  | Negative Loss: 0.0
[Test ROC-AUC]  -  SA: 0.00000,  LA: 0.77454
[Test AUPRC]  -  LA: 0.81916
[Test F1-max]  -  LA: 0.79592
Epoch: 34 | Loss: 9.32213879423216e-06  | Negative Loss: 0.0
[Test ROC-AUC]  -  SA: 0.00000,  LA: 0.77188
[Test AUPRC]  -  LA: 0.81557
[Test F1-max]  -  LA: 0.79592
Epoch: 35 | Loss: 6.842597031209152e-06  | Negative Loss: 0.0
[Test ROC-AUC]  -  SA: 0.00000,  LA: 0.76835
[Test AUPRC]  -  LA: 0.81545
[Test F1-max]  -  LA: 0.79592
Epoch: 36 | Loss: 5.197516202315455e-06  | Negative Loss: 0.0
[Test ROC-AUC]  -  SA: 0.00000,  LA: 0.76746
[Test AUPRC]  -  LA: 0.81460
[Test F1-max]  -  LA: 0.79592
Epoch: 37 | Loss: 3.981584541179473e-06  | Negative Loss: 0.0
[Test ROC-AUC]  -  SA: 0.00000,  LA: 0.76658
[Test AUPRC]  -  LA: 0.81692
[Test F1-max]  -  LA: 0.79592
Epoch: 38 | Loss: 3.123279839201132e-06  | Negative Loss: 0.0
[Test ROC-AUC]  -  SA: 0.00000,  LA: 0.76569
[Test AUPRC]  -  LA: 0.81719
[Test F1-max]  -  LA: 0.79592
Epoch: 39 | Loss: 2.5272347556892782e-06  | Negative Loss: 0.0
[Test ROC-AUC]  -  SA: 0.00000,  LA: 0.76569
[Test AUPRC]  -  LA: 0.82062
[Test F1-max]  -  LA: 0.79592
Epoch: 40 | Loss: 2.0503982796071796e-06  | Negative Loss: 0.0
[Test ROC-AUC]  -  SA: 0.00000,  LA: 0.76216
[Test AUPRC]  -  LA: 0.81652
[Test F1-max]  -  LA: 0.79592
Epoch: 41 | Loss: 1.6689289168425603e-06  | Negative Loss: 0.0
[Test ROC-AUC]  -  SA: 0.00000,  LA: 0.76304
[Test AUPRC]  -  LA: 0.81797
[Test F1-max]  -  LA: 0.79592
Epoch: 42 | Loss: 1.3589851732831448e-06  | Negative Loss: 0.0
[Test ROC-AUC]  -  SA: 0.00000,  LA: 0.76304
[Test AUPRC]  -  LA: 0.81483
[Test F1-max]  -  LA: 0.79592
Epoch: 43 | Loss: 1.1682504919008352e-06  | Negative Loss: 0.0
[Test ROC-AUC]  -  SA: 0.00000,  LA: 0.76569
[Test AUPRC]  -  LA: 0.81753
[Test F1-max]  -  LA: 0.79592
Epoch: 44 | Loss: 1.025199480864103e-06  | Negative Loss: 0.0
[Test ROC-AUC]  -  SA: 0.00000,  LA: 0.76393
[Test AUPRC]  -  LA: 0.81603
[Test F1-max]  -  LA: 0.79592
Epoch: 45 | Loss: 9.059902481567406e-07  | Negative Loss: 0.0
[Test ROC-AUC]  -  SA: 0.00000,  LA: 0.76216
[Test AUPRC]  -  LA: 0.81412
[Test F1-max]  -  LA: 0.79592
Epoch: 46 | Loss: 7.867811291362159e-07  | Negative Loss: 0.0
[Test ROC-AUC]  -  SA: 0.00000,  LA: 0.76304
[Test AUPRC]  -  LA: 0.81448
[Test F1-max]  -  LA: 0.79592
Epoch: 47 | Loss: 6.914136747582234e-07  | Negative Loss: 0.0
[Test ROC-AUC]  -  SA: 0.00000,  LA: 0.76393
[Test AUPRC]  -  LA: 0.81471
[Test F1-max]  -  LA: 0.79592
Epoch: 48 | Loss: 6.437299475692271e-07  | Negative Loss: 0.0
[Test ROC-AUC]  -  SA: 0.00000,  LA: 0.76304
[Test AUPRC]  -  LA: 0.81480
[Test F1-max]  -  LA: 0.79592
Epoch: 49 | Loss: 5.483626637214911e-07  | Negative Loss: 0.0
[Test ROC-AUC]  -  SA: 0.00000,  LA: 0.76569
[Test AUPRC]  -  LA: 0.81924
[Test F1-max]  -  LA: 0.79592
Epoch: 50 | Loss: 5.245207148618647e-07  | Negative Loss: 0.0
[Test ROC-AUC]  -  SA: 0.00000,  LA: 0.76393
[Test AUPRC]  -  LA: 0.81834
[Test F1-max]  -  LA: 0.79592
Epoch: 51 | Loss: 4.2915334574900044e-07  | Negative Loss: 0.0
[Test ROC-AUC]  -  SA: 0.00000,  LA: 0.76569
[Test AUPRC]  -  LA: 0.82108
[Test F1-max]  -  LA: 0.79592
Epoch: 52 | Loss: 4.2915334574900044e-07  | Negative Loss: 0.0
[Test ROC-AUC]  -  SA: 0.00000,  LA: 0.76481
[Test AUPRC]  -  LA: 0.82055
[Test F1-max]  -  LA: 0.79592
Epoch: 53 | Loss: 4.0531151057621173e-07  | Negative Loss: 0.0
[Test ROC-AUC]  -  SA: 0.00000,  LA: 0.76393
[Test AUPRC]  -  LA: 0.81909
[Test F1-max]  -  LA: 0.79592
Epoch: 54 | Loss: 3.814696469817136e-07  | Negative Loss: 0.0
[Test ROC-AUC]  -  SA: 0.00000,  LA: 0.76304
[Test AUPRC]  -  LA: 0.81851
[Test F1-max]  -  LA: 0.79592
Epoch: 55 | Loss: 3.337859766361362e-07  | Negative Loss: 0.0
[Test ROC-AUC]  -  SA: 0.00000,  LA: 0.76304
[Test AUPRC]  -  LA: 0.81851
[Test F1-max]  -  LA: 0.79592
Epoch: 56 | Loss: 2.861022494471399e-07  | Negative Loss: 0.0
[Test ROC-AUC]  -  SA: 0.00000,  LA: 0.76216
[Test AUPRC]  -  LA: 0.81801
[Test F1-max]  -  LA: 0.79592
Epoch: 57 | Loss: 2.861022494471399e-07  | Negative Loss: 0.0
[Test ROC-AUC]  -  SA: 0.00000,  LA: 0.76127
[Test AUPRC]  -  LA: 0.81647
[Test F1-max]  -  LA: 0.79592
Epoch: 58 | Loss: 2.861022494471399e-07  | Negative Loss: 0.0
[Test ROC-AUC]  -  SA: 0.00000,  LA: 0.75950
[Test AUPRC]  -  LA: 0.81524
[Test F1-max]  -  LA: 0.79592
Epoch: 59 | Loss: 2.861022494471399e-07  | Negative Loss: 0.0
[Test ROC-AUC]  -  SA: 0.00000,  LA: 0.75862
[Test AUPRC]  -  LA: 0.81478
[Test F1-max]  -  LA: 0.79592
Epoch: 60 | Loss: 2.861022494471399e-07  | Negative Loss: 0.0
[Test ROC-AUC]  -  SA: 0.00000,  LA: 0.75862
[Test AUPRC]  -  LA: 0.81478
[Test F1-max]  -  LA: 0.79592
Epoch: 61 | Loss: 2.861022494471399e-07  | Negative Loss: 0.0
[Test ROC-AUC]  -  SA: 0.00000,  LA: 0.75862
[Test AUPRC]  -  LA: 0.81573
[Test F1-max]  -  LA: 0.79592
Epoch: 62 | Loss: 2.861022494471399e-07  | Negative Loss: 0.0
[Test ROC-AUC]  -  SA: 0.00000,  LA: 0.75862
[Test AUPRC]  -  LA: 0.81573
[Test F1-max]  -  LA: 0.79592
Epoch: 63 | Loss: 2.861022494471399e-07  | Negative Loss: 0.0
[Test ROC-AUC]  -  SA: 0.00000,  LA: 0.75774
[Test AUPRC]  -  LA: 0.81538
[Test F1-max]  -  LA: 0.79592
Epoch: 64 | Loss: 2.3841853646899835e-07  | Negative Loss: 0.0
[Test ROC-AUC]  -  SA: 0.00000,  LA: 0.75774
[Test AUPRC]  -  LA: 0.81538
[Test F1-max]  -  LA: 0.79592
Epoch: 65 | Loss: 2.3841853646899835e-07  | Negative Loss: 0.0
[Test ROC-AUC]  -  SA: 0.00000,  LA: 0.75685
[Test AUPRC]  -  LA: 0.81485
[Test F1-max]  -  LA: 0.79592
Epoch: 66 | Loss: 2.3841853646899835e-07  | Negative Loss: 0.0
[Test ROC-AUC]  -  SA: 0.00000,  LA: 0.75685
[Test AUPRC]  -  LA: 0.81486
[Test F1-max]  -  LA: 0.79592
Epoch: 67 | Loss: 2.1457670129620965e-07  | Negative Loss: 0.0
[Test ROC-AUC]  -  SA: 0.00000,  LA: 0.75862
[Test AUPRC]  -  LA: 0.81554
[Test F1-max]  -  LA: 0.79592
Epoch: 68 | Loss: 2.1457670129620965e-07  | Negative Loss: 0.0
[Test ROC-AUC]  -  SA: 0.00000,  LA: 0.75862
[Test AUPRC]  -  LA: 0.81554
[Test F1-max]  -  LA: 0.79592
Epoch: 69 | Loss: 2.1457670129620965e-07  | Negative Loss: 0.0
[Test ROC-AUC]  -  SA: 0.00000,  LA: 0.75862
[Test AUPRC]  -  LA: 0.81554
[Test F1-max]  -  LA: 0.79592
Epoch: 70 | Loss: 2.1457670129620965e-07  | Negative Loss: 0.0
[Test ROC-AUC]  -  SA: 0.00000,  LA: 0.75862
[Test AUPRC]  -  LA: 0.81554
[Test F1-max]  -  LA: 0.79592
Epoch: 71 | Loss: 2.1457670129620965e-07  | Negative Loss: 0.0
[Test ROC-AUC]  -  SA: 0.00000,  LA: 0.75685
[Test AUPRC]  -  LA: 0.81393
[Test F1-max]  -  LA: 0.79592
Epoch: 72 | Loss: 2.1457670129620965e-07  | Negative Loss: 0.0
[Test ROC-AUC]  -  SA: 0.00000,  LA: 0.75597
[Test AUPRC]  -  LA: 0.81341
[Test F1-max]  -  LA: 0.79592
Epoch: 73 | Loss: 2.1457670129620965e-07  | Negative Loss: 0.0
[Test ROC-AUC]  -  SA: 0.00000,  LA: 0.75597
[Test AUPRC]  -  LA: 0.81341
[Test F1-max]  -  LA: 0.79592
Epoch: 74 | Loss: 2.1457670129620965e-07  | Negative Loss: 0.0
[Test ROC-AUC]  -  SA: 0.00000,  LA: 0.75420
[Test AUPRC]  -  LA: 0.81076
[Test F1-max]  -  LA: 0.79592
Epoch: 75 | Loss: 2.1457670129620965e-07  | Negative Loss: 0.0
[Test ROC-AUC]  -  SA: 0.00000,  LA: 0.75420
[Test AUPRC]  -  LA: 0.81076
[Test F1-max]  -  LA: 0.79592
Epoch: 76 | Loss: 2.1457670129620965e-07  | Negative Loss: 0.0
[Test ROC-AUC]  -  SA: 0.00000,  LA: 0.75420
[Test AUPRC]  -  LA: 0.81076
[Test F1-max]  -  LA: 0.79592
Epoch: 77 | Loss: 1.907348377017115e-07  | Negative Loss: 0.0
[Test ROC-AUC]  -  SA: 0.00000,  LA: 0.75508
[Test AUPRC]  -  LA: 0.81187
[Test F1-max]  -  LA: 0.79592
Epoch: 78 | Loss: 1.907348377017115e-07  | Negative Loss: 0.0
[Test ROC-AUC]  -  SA: 0.00000,  LA: 0.75508
[Test AUPRC]  -  LA: 0.81187
[Test F1-max]  -  LA: 0.79592
Epoch: 79 | Loss: 1.668929883180681e-07  | Negative Loss: 0.0
[Test ROC-AUC]  -  SA: 0.00000,  LA: 0.75508
[Test AUPRC]  -  LA: 0.81187
[Test F1-max]  -  LA: 0.79592
Epoch: 80 | Loss: 1.668929883180681e-07  | Negative Loss: 0.0
[Test ROC-AUC]  -  SA: 0.00000,  LA: 0.75508
[Test AUPRC]  -  LA: 0.81187
[Test F1-max]  -  LA: 0.79592
Epoch: 81 | Loss: 1.668929883180681e-07  | Negative Loss: 0.0
[Test ROC-AUC]  -  SA: 0.00000,  LA: 0.75508
[Test AUPRC]  -  LA: 0.81187
[Test F1-max]  -  LA: 0.79592
Epoch: 82 | Loss: 1.668929883180681e-07  | Negative Loss: 0.0
[Test ROC-AUC]  -  SA: 0.00000,  LA: 0.75508
[Test AUPRC]  -  LA: 0.81187
[Test F1-max]  -  LA: 0.79592
Epoch: 83 | Loss: 1.668929883180681e-07  | Negative Loss: 0.0
[Test ROC-AUC]  -  SA: 0.00000,  LA: 0.75508
[Test AUPRC]  -  LA: 0.81187
[Test F1-max]  -  LA: 0.79592
Epoch: 84 | Loss: 1.668929883180681e-07  | Negative Loss: 0.0
[Test ROC-AUC]  -  SA: 0.00000,  LA: 0.75597
[Test AUPRC]  -  LA: 0.81222
[Test F1-max]  -  LA: 0.79592
Epoch: 85 | Loss: 1.668929883180681e-07  | Negative Loss: 0.0
[Test ROC-AUC]  -  SA: 0.00000,  LA: 0.75508
[Test AUPRC]  -  LA: 0.81058
[Test F1-max]  -  LA: 0.79592
Epoch: 86 | Loss: 1.668929883180681e-07  | Negative Loss: 0.0
[Test ROC-AUC]  -  SA: 0.00000,  LA: 0.75420
[Test AUPRC]  -  LA: 0.80948
[Test F1-max]  -  LA: 0.79592
Epoch: 87 | Loss: 1.668929883180681e-07  | Negative Loss: 0.0
[Test ROC-AUC]  -  SA: 0.00000,  LA: 0.75420
[Test AUPRC]  -  LA: 0.80948
[Test F1-max]  -  LA: 0.79592
Epoch: 88 | Loss: 1.668929883180681e-07  | Negative Loss: 0.0
[Test ROC-AUC]  -  SA: 0.00000,  LA: 0.75420
[Test AUPRC]  -  LA: 0.80948
[Test F1-max]  -  LA: 0.79592
Epoch: 89 | Loss: 1.668929883180681e-07  | Negative Loss: 0.0
[Test ROC-AUC]  -  SA: 0.00000,  LA: 0.75420
[Test AUPRC]  -  LA: 0.80948
[Test F1-max]  -  LA: 0.79592
Epoch: 90 | Loss: 1.668929883180681e-07  | Negative Loss: 0.0
[Test ROC-AUC]  -  SA: 0.00000,  LA: 0.75420
[Test AUPRC]  -  LA: 0.81068
[Test F1-max]  -  LA: 0.79592
Epoch: 91 | Loss: 1.668929883180681e-07  | Negative Loss: 0.0
[Test ROC-AUC]  -  SA: 0.00000,  LA: 0.75420
[Test AUPRC]  -  LA: 0.81068
[Test F1-max]  -  LA: 0.79592
Epoch: 92 | Loss: 1.668929883180681e-07  | Negative Loss: 0.0
[Test ROC-AUC]  -  SA: 0.00000,  LA: 0.75420
[Test AUPRC]  -  LA: 0.81068
[Test F1-max]  -  LA: 0.79592
Epoch: 93 | Loss: 1.668929883180681e-07  | Negative Loss: 0.0
[Test ROC-AUC]  -  SA: 0.00000,  LA: 0.75420
[Test AUPRC]  -  LA: 0.81068
[Test F1-max]  -  LA: 0.79592
Epoch: 94 | Loss: 1.668929883180681e-07  | Negative Loss: 0.0
[Test ROC-AUC]  -  SA: 0.00000,  LA: 0.75332
[Test AUPRC]  -  LA: 0.81027
[Test F1-max]  -  LA: 0.79592
Epoch: 95 | Loss: 1.668929883180681e-07  | Negative Loss: 0.0
[Test ROC-AUC]  -  SA: 0.00000,  LA: 0.75332
[Test AUPRC]  -  LA: 0.81027
[Test F1-max]  -  LA: 0.79592
Epoch: 96 | Loss: 1.668929883180681e-07  | Negative Loss: 0.0
[Test ROC-AUC]  -  SA: 0.00000,  LA: 0.75332
[Test AUPRC]  -  LA: 0.81027
[Test F1-max]  -  LA: 0.79592
Epoch: 97 | Loss: 1.668929883180681e-07  | Negative Loss: 0.0
[Test ROC-AUC]  -  SA: 0.00000,  LA: 0.75332
[Test AUPRC]  -  LA: 0.81027
[Test F1-max]  -  LA: 0.79592
Epoch: 98 | Loss: 1.668929883180681e-07  | Negative Loss: 0.0
[Test ROC-AUC]  -  SA: 0.00000,  LA: 0.75332
[Test AUPRC]  -  LA: 0.81027
[Test F1-max]  -  LA: 0.79592
Epoch: 99 | Loss: 1.668929883180681e-07  | Negative Loss: 0.0
Time consumption: 96.55795550346375
Best LA AUC: 0.7833775419982316
Best LA AUPC: 0.821903097070379
Best LA F1-max: 0.813953488372093
[Result] Experiment result appended to ./results/train_hybrid_result.csv

[END] 2026-03-18 18:04:41
[RETURN CODE] 0
