[START] 2026-03-18 16:53:51
[GPU] 3
[INDEX] 54/80
[COMMAND] python train_hybrid.py --data_name blue_splicing --mask True --text True --double_encoder True --few_shot True --shot 5 --hybrid_model promptad --hybrid_weight 0.3 --hybrid_batch_size 16 --epoch 100 --log True --lr 5e-4 --detection True --preprocess True

/home/seungeon/miniconda3/envs/LAB/lib/python3.10/site-packages/timm/models/layers/__init__.py:48: FutureWarning: Importing from timm.models.layers is deprecated, please import via timm.layers
  warnings.warn(f"Importing from {__name__} is deprecated, please import via timm.layers", FutureWarning)
/home/seungeon/Workspace/side/vlm/train_hybrid.py:18: DeprecationWarning: The distutils package is deprecated and slated for removal in Python 3.12. Use setuptools or check PEP 632 for potential alternatives
  from distutils.util import strtobool
Torch version: 2.9.1+cu128
cuda is loaded for process
here?
In my local computer
Namespace(epoch=100, gpu_number='0', data_name='blue_splicing', lr=0.0005, batch_size=6, shuffle=True, seed=0, tag='default', model_name='ViT-B-32', pretrained_name='laion2b_s34b_b79k', lora=1, default=False, foundation='CLIP', detection=1, preprocess=1, num_rule=0, object_names=['a photo of orange connector', 'a photo of blue cable', 'a photo of yellow cable', 'a photo of red cable', 'a photo of metal panel'], objects_for_rules=[['a photo of orange connector'], ['a photo of orange connector'], ['a photo of blue cable'], ['a photo of blue cable'], ['a photo of orange connector'], ['a photo of orange connector', 'a photo of blue cable']], texts_for_rules=[['a photo of orange connector'], ['a photo of orange connector'], ['a photo of cable'], ['a photo of yellow cable'], ['a photo of blue cable'], ['a photo of orange connector and blue cable']], mask=1, text=1, score='mean', ciriculam_learning=False, few_shot=1, shot=5, log=1, neg_loss=0, double_encoder=1, pretrained_count_path=None, ris=0, rule_select='', rule_list=[], num_negative=5, hybrid_model='promptad', hybrid_weight=0.3, hybrid_class_name='', hybrid_batch_size=16, hybrid_backbone='ViT-B-16-plus-240', hybrid_pretrained_dataset='laion400m_e32', hybrid_scales=[2, 3], hybrid_img_resize=240, hybrid_img_cropsize=240, hybrid_resolution=400, hybrid_promptad_epoch=100, hybrid_promptad_lr=0.002, hybrid_promptad_momentum=0.9, hybrid_promptad_weight_decay=0.0005, hybrid_promptad_eta_min=1e-05, hybrid_promptad_lambda1=0.001, hybrid_promptad_n_ctx=4, hybrid_promptad_n_pro=3, hybrid_promptad_n_ctx_ab=1, hybrid_promptad_n_pro_ab=4, early_stop_k=10, result_log_path='./results/train_hybrid_result.csv')
[Hybrid] method=promptad, class_name=splicing_connectors, train=5, eval=70, base_path=/data3/seungeon/data/image/mvtec_loco_anomaly_detection/blue_splicing
[Hybrid-only] LA_AUC=0.74500, LA_AUPRC=0.74050, LA_F1=0.81633
[Data Description]
- Train: 5
- Test: 70

Train Start
[Test ROC-AUC]  -  SA: 0.00000,  LA: 0.44000
[Test AUPRC]  -  LA: 0.51317
[Test F1-max]  -  LA: 0.73394
Epoch: 0 | Loss: 15.180978775024414  | Negative Loss: 0.0
[Test ROC-AUC]  -  SA: 0.00000,  LA: 0.44083
[Test AUPRC]  -  LA: 0.51245
[Test F1-max]  -  LA: 0.73394
Epoch: 1 | Loss: 15.07653522491455  | Negative Loss: 0.0
[Test ROC-AUC]  -  SA: 0.00000,  LA: 0.47583
[Test AUPRC]  -  LA: 0.53889
[Test F1-max]  -  LA: 0.73394
Epoch: 2 | Loss: 13.948939323425293  | Negative Loss: 0.0
[Test ROC-AUC]  -  SA: 0.00000,  LA: 0.52833
[Test AUPRC]  -  LA: 0.60110
[Test F1-max]  -  LA: 0.74074
Epoch: 3 | Loss: 12.124128341674805  | Negative Loss: 0.0
[Test ROC-AUC]  -  SA: 0.00000,  LA: 0.56500
[Test AUPRC]  -  LA: 0.63051
[Test F1-max]  -  LA: 0.76190
Epoch: 4 | Loss: 9.979976654052734  | Negative Loss: 0.0
[Test ROC-AUC]  -  SA: 0.00000,  LA: 0.57333
[Test AUPRC]  -  LA: 0.62057
[Test F1-max]  -  LA: 0.76923
Epoch: 5 | Loss: 7.915316104888916  | Negative Loss: 0.0
[Test ROC-AUC]  -  SA: 0.00000,  LA: 0.60000
[Test AUPRC]  -  LA: 0.61745
[Test F1-max]  -  LA: 0.77670
Epoch: 6 | Loss: 6.115171909332275  | Negative Loss: 0.0
[Test ROC-AUC]  -  SA: 0.00000,  LA: 0.63250
[Test AUPRC]  -  LA: 0.63978
[Test F1-max]  -  LA: 0.79208
Epoch: 7 | Loss: 4.6278533935546875  | Negative Loss: 0.0
[Test ROC-AUC]  -  SA: 0.00000,  LA: 0.64667
[Test AUPRC]  -  LA: 0.66433
[Test F1-max]  -  LA: 0.80000
Epoch: 8 | Loss: 3.429597854614258  | Negative Loss: 0.0
[Test ROC-AUC]  -  SA: 0.00000,  LA: 0.64500
[Test AUPRC]  -  LA: 0.63238
[Test F1-max]  -  LA: 0.80808
Epoch: 9 | Loss: 2.4766359329223633  | Negative Loss: 0.0
[Test ROC-AUC]  -  SA: 0.00000,  LA: 0.64667
[Test AUPRC]  -  LA: 0.63029
[Test F1-max]  -  LA: 0.80412
Epoch: 10 | Loss: 1.746614933013916  | Negative Loss: 0.0
[Test ROC-AUC]  -  SA: 0.00000,  LA: 0.65417
[Test AUPRC]  -  LA: 0.62919
[Test F1-max]  -  LA: 0.80412
Epoch: 11 | Loss: 1.2016535997390747  | Negative Loss: 0.0
[Test ROC-AUC]  -  SA: 0.00000,  LA: 0.65750
[Test AUPRC]  -  LA: 0.63048
[Test F1-max]  -  LA: 0.80412
Epoch: 12 | Loss: 0.8029558658599854  | Negative Loss: 0.0
[Test ROC-AUC]  -  SA: 0.00000,  LA: 0.66250
[Test AUPRC]  -  LA: 0.63391
[Test F1-max]  -  LA: 0.80000
Epoch: 13 | Loss: 0.5211006999015808  | Negative Loss: 0.0
[Test ROC-AUC]  -  SA: 0.00000,  LA: 0.65833
[Test AUPRC]  -  LA: 0.62778
[Test F1-max]  -  LA: 0.80412
Epoch: 14 | Loss: 0.32931384444236755  | Negative Loss: 0.0
[Test ROC-AUC]  -  SA: 0.00000,  LA: 0.65583
[Test AUPRC]  -  LA: 0.62550
[Test F1-max]  -  LA: 0.80412
Epoch: 15 | Loss: 0.20358934998512268  | Negative Loss: 0.0
[Test ROC-AUC]  -  SA: 0.00000,  LA: 0.66000
[Test AUPRC]  -  LA: 0.64803
[Test F1-max]  -  LA: 0.80412
Epoch: 16 | Loss: 0.12398387491703033  | Negative Loss: 0.0
[Test ROC-AUC]  -  SA: 0.00000,  LA: 0.66667
[Test AUPRC]  -  LA: 0.65537
[Test F1-max]  -  LA: 0.80851
Epoch: 17 | Loss: 0.0747811421751976  | Negative Loss: 0.0
[Test ROC-AUC]  -  SA: 0.00000,  LA: 0.67167
[Test AUPRC]  -  LA: 0.63783
[Test F1-max]  -  LA: 0.81720
Epoch: 18 | Loss: 0.04518933594226837  | Negative Loss: 0.0
[Test ROC-AUC]  -  SA: 0.00000,  LA: 0.67667
[Test AUPRC]  -  LA: 0.63854
[Test F1-max]  -  LA: 0.81720
Epoch: 19 | Loss: 0.02749938890337944  | Negative Loss: 0.0
[Test ROC-AUC]  -  SA: 0.00000,  LA: 0.67917
[Test AUPRC]  -  LA: 0.63858
[Test F1-max]  -  LA: 0.81720
Epoch: 20 | Loss: 0.016889795660972595  | Negative Loss: 0.0
[Test ROC-AUC]  -  SA: 0.00000,  LA: 0.68083
[Test AUPRC]  -  LA: 0.63913
[Test F1-max]  -  LA: 0.81319
Epoch: 21 | Loss: 0.010442353785037994  | Negative Loss: 0.0
[Test ROC-AUC]  -  SA: 0.00000,  LA: 0.68500
[Test AUPRC]  -  LA: 0.64251
[Test F1-max]  -  LA: 0.81319
Epoch: 22 | Loss: 0.006513091269880533  | Negative Loss: 0.0
[Test ROC-AUC]  -  SA: 0.00000,  LA: 0.68667
[Test AUPRC]  -  LA: 0.64021
[Test F1-max]  -  LA: 0.82222
Epoch: 23 | Loss: 0.004105089697986841  | Negative Loss: 0.0
[Test ROC-AUC]  -  SA: 0.00000,  LA: 0.68667
[Test AUPRC]  -  LA: 0.64211
[Test F1-max]  -  LA: 0.81319
Epoch: 24 | Loss: 0.0026199771091341972  | Negative Loss: 0.0
[Test ROC-AUC]  -  SA: 0.00000,  LA: 0.68500
[Test AUPRC]  -  LA: 0.64162
[Test F1-max]  -  LA: 0.81319
Epoch: 25 | Loss: 0.0016968883574008942  | Negative Loss: 0.0
[Test ROC-AUC]  -  SA: 0.00000,  LA: 0.68417
[Test AUPRC]  -  LA: 0.64261
[Test F1-max]  -  LA: 0.80808
Epoch: 26 | Loss: 0.0011167759075760841  | Negative Loss: 0.0
[Test ROC-AUC]  -  SA: 0.00000,  LA: 0.68667
[Test AUPRC]  -  LA: 0.64147
[Test F1-max]  -  LA: 0.80808
Epoch: 27 | Loss: 0.0007480985950678587  | Negative Loss: 0.0
[Test ROC-AUC]  -  SA: 0.00000,  LA: 0.68167
[Test AUPRC]  -  LA: 0.63573
[Test F1-max]  -  LA: 0.80808
Epoch: 28 | Loss: 0.0005100349662825465  | Negative Loss: 0.0
[Test ROC-AUC]  -  SA: 0.00000,  LA: 0.68167
[Test AUPRC]  -  LA: 0.63809
[Test F1-max]  -  LA: 0.80808
Epoch: 29 | Loss: 0.000354212214006111  | Negative Loss: 0.0
[Test ROC-AUC]  -  SA: 0.00000,  LA: 0.68500
[Test AUPRC]  -  LA: 0.64048
[Test F1-max]  -  LA: 0.80808
Epoch: 30 | Loss: 0.00025089638074859977  | Negative Loss: 0.0
[Test ROC-AUC]  -  SA: 0.00000,  LA: 0.68583
[Test AUPRC]  -  LA: 0.64018
[Test F1-max]  -  LA: 0.80808
Epoch: 31 | Loss: 0.00018097544671036303  | Negative Loss: 0.0
[Test ROC-AUC]  -  SA: 0.00000,  LA: 0.68750
[Test AUPRC]  -  LA: 0.64282
[Test F1-max]  -  LA: 0.80808
Epoch: 32 | Loss: 0.00013320002472028136  | Negative Loss: 0.0
[Test ROC-AUC]  -  SA: 0.00000,  LA: 0.69000
[Test AUPRC]  -  LA: 0.64484
[Test F1-max]  -  LA: 0.80808
Epoch: 33 | Loss: 9.989484533434734e-05  | Negative Loss: 0.0
[Test ROC-AUC]  -  SA: 0.00000,  LA: 0.69000
[Test AUPRC]  -  LA: 0.64555
[Test F1-max]  -  LA: 0.81633
Epoch: 34 | Loss: 7.629244646523148e-05  | Negative Loss: 0.0
[Test ROC-AUC]  -  SA: 0.00000,  LA: 0.68833
[Test AUPRC]  -  LA: 0.64367
[Test F1-max]  -  LA: 0.81633
Epoch: 35 | Loss: 5.9365309425629675e-05  | Negative Loss: 0.0
[Test ROC-AUC]  -  SA: 0.00000,  LA: 0.69167
[Test AUPRC]  -  LA: 0.64561
[Test F1-max]  -  LA: 0.81633
Epoch: 36 | Loss: 4.7039397031767294e-05  | Negative Loss: 0.0
[Test ROC-AUC]  -  SA: 0.00000,  LA: 0.69250
[Test AUPRC]  -  LA: 0.64659
[Test F1-max]  -  LA: 0.81633
Epoch: 37 | Loss: 3.788432513829321e-05  | Negative Loss: 0.0
[Test ROC-AUC]  -  SA: 0.00000,  LA: 0.69417
[Test AUPRC]  -  LA: 0.64873
[Test F1-max]  -  LA: 0.81633
Epoch: 38 | Loss: 3.0946466722525656e-05  | Negative Loss: 0.0
[Test ROC-AUC]  -  SA: 0.00000,  LA: 0.69000
[Test AUPRC]  -  LA: 0.64687
[Test F1-max]  -  LA: 0.81633
Epoch: 39 | Loss: 2.572518314991612e-05  | Negative Loss: 0.0
[Test ROC-AUC]  -  SA: 0.00000,  LA: 0.69000
[Test AUPRC]  -  LA: 0.64698
[Test F1-max]  -  LA: 0.81633
Epoch: 40 | Loss: 2.164827674278058e-05  | Negative Loss: 0.0
[Test ROC-AUC]  -  SA: 0.00000,  LA: 0.68833
[Test AUPRC]  -  LA: 0.64580
[Test F1-max]  -  LA: 0.81633
Epoch: 41 | Loss: 1.847734529292211e-05  | Negative Loss: 0.0
[Test ROC-AUC]  -  SA: 0.00000,  LA: 0.68917
[Test AUPRC]  -  LA: 0.64775
[Test F1-max]  -  LA: 0.82474
Epoch: 42 | Loss: 1.60216568474425e-05  | Negative Loss: 0.0
[Test ROC-AUC]  -  SA: 0.00000,  LA: 0.69000
[Test AUPRC]  -  LA: 0.64817
[Test F1-max]  -  LA: 0.82474
Epoch: 43 | Loss: 1.3971271982882172e-05  | Negative Loss: 0.0
[Test ROC-AUC]  -  SA: 0.00000,  LA: 0.69000
[Test AUPRC]  -  LA: 0.64893
[Test F1-max]  -  LA: 0.82474
Epoch: 44 | Loss: 1.2326196156209335e-05  | Negative Loss: 0.0
[Test ROC-AUC]  -  SA: 0.00000,  LA: 0.68750
[Test AUPRC]  -  LA: 0.64755
[Test F1-max]  -  LA: 0.82474
Epoch: 45 | Loss: 1.101490397559246e-05  | Negative Loss: 0.0
[Test ROC-AUC]  -  SA: 0.00000,  LA: 0.68667
[Test AUPRC]  -  LA: 0.64717
[Test F1-max]  -  LA: 0.82474
Epoch: 46 | Loss: 9.918183422996663e-06  | Negative Loss: 0.0
[Test ROC-AUC]  -  SA: 0.00000,  LA: 0.68667
[Test AUPRC]  -  LA: 0.64717
[Test F1-max]  -  LA: 0.82474
Epoch: 47 | Loss: 9.059882358997129e-06  | Negative Loss: 0.0
[Test ROC-AUC]  -  SA: 0.00000,  LA: 0.68667
[Test AUPRC]  -  LA: 0.64734
[Test F1-max]  -  LA: 0.82474
Epoch: 48 | Loss: 8.296946361951996e-06  | Negative Loss: 0.0
[Test ROC-AUC]  -  SA: 0.00000,  LA: 0.68583
[Test AUPRC]  -  LA: 0.64640
[Test F1-max]  -  LA: 0.82474
Epoch: 49 | Loss: 7.67706114856992e-06  | Negative Loss: 0.0
[Test ROC-AUC]  -  SA: 0.00000,  LA: 0.68500
[Test AUPRC]  -  LA: 0.64591
[Test F1-max]  -  LA: 0.82474
Epoch: 50 | Loss: 7.081017429300118e-06  | Negative Loss: 0.0
[Test ROC-AUC]  -  SA: 0.00000,  LA: 0.68583
[Test AUPRC]  -  LA: 0.64633
[Test F1-max]  -  LA: 0.82474
Epoch: 51 | Loss: 6.628023584198672e-06  | Negative Loss: 0.0
[Test ROC-AUC]  -  SA: 0.00000,  LA: 0.68917
[Test AUPRC]  -  LA: 0.65176
[Test F1-max]  -  LA: 0.82474
Epoch: 52 | Loss: 6.198871233209502e-06  | Negative Loss: 0.0
[Test ROC-AUC]  -  SA: 0.00000,  LA: 0.68833
[Test AUPRC]  -  LA: 0.65099
[Test F1-max]  -  LA: 0.82474
Epoch: 53 | Loss: 5.841245183546562e-06  | Negative Loss: 0.0
[Test ROC-AUC]  -  SA: 0.00000,  LA: 0.68833
[Test AUPRC]  -  LA: 0.65100
[Test F1-max]  -  LA: 0.82474
Epoch: 54 | Loss: 5.507459718501195e-06  | Negative Loss: 0.0
[Test ROC-AUC]  -  SA: 0.00000,  LA: 0.68917
[Test AUPRC]  -  LA: 0.65235
[Test F1-max]  -  LA: 0.82474
Epoch: 55 | Loss: 5.29288354300661e-06  | Negative Loss: 0.0
[Test ROC-AUC]  -  SA: 0.00000,  LA: 0.68917
[Test AUPRC]  -  LA: 0.65212
[Test F1-max]  -  LA: 0.82474
Epoch: 56 | Loss: 5.054465873399749e-06  | Negative Loss: 0.0
[Test ROC-AUC]  -  SA: 0.00000,  LA: 0.69000
[Test AUPRC]  -  LA: 0.65291
[Test F1-max]  -  LA: 0.82474
Epoch: 57 | Loss: 4.816048203792889e-06  | Negative Loss: 0.0
[Test ROC-AUC]  -  SA: 0.00000,  LA: 0.69083
[Test AUPRC]  -  LA: 0.65395
[Test F1-max]  -  LA: 0.82474
Epoch: 58 | Loss: 4.672997420129832e-06  | Negative Loss: 0.0
[Test ROC-AUC]  -  SA: 0.00000,  LA: 0.69083
[Test AUPRC]  -  LA: 0.65395
[Test F1-max]  -  LA: 0.82474
Epoch: 59 | Loss: 4.482263193494873e-06  | Negative Loss: 0.0
[Test ROC-AUC]  -  SA: 0.00000,  LA: 0.69083
[Test AUPRC]  -  LA: 0.65395
[Test F1-max]  -  LA: 0.82474
Epoch: 60 | Loss: 4.363053903944092e-06  | Negative Loss: 0.0
[Test ROC-AUC]  -  SA: 0.00000,  LA: 0.68833
[Test AUPRC]  -  LA: 0.65136
[Test F1-max]  -  LA: 0.82474
Epoch: 61 | Loss: 4.196161171421409e-06  | Negative Loss: 0.0
[Test ROC-AUC]  -  SA: 0.00000,  LA: 0.68583
[Test AUPRC]  -  LA: 0.64985
[Test F1-max]  -  LA: 0.82474
Epoch: 62 | Loss: 4.100794285477605e-06  | Negative Loss: 0.0
[Test ROC-AUC]  -  SA: 0.00000,  LA: 0.68583
[Test AUPRC]  -  LA: 0.65021
[Test F1-max]  -  LA: 0.82474
Epoch: 63 | Loss: 4.005427399533801e-06  | Negative Loss: 0.0
[Test ROC-AUC]  -  SA: 0.00000,  LA: 0.68625
[Test AUPRC]  -  LA: 0.65064
[Test F1-max]  -  LA: 0.82474
Epoch: 64 | Loss: 3.9339015529549215e-06  | Negative Loss: 0.0
[Test ROC-AUC]  -  SA: 0.00000,  LA: 0.68667
[Test AUPRC]  -  LA: 0.65105
[Test F1-max]  -  LA: 0.82474
Epoch: 65 | Loss: 3.8385346670111176e-06  | Negative Loss: 0.0
[Test ROC-AUC]  -  SA: 0.00000,  LA: 0.68833
[Test AUPRC]  -  LA: 0.65300
[Test F1-max]  -  LA: 0.82474
Epoch: 66 | Loss: 3.79085099666554e-06  | Negative Loss: 0.0
[Test ROC-AUC]  -  SA: 0.00000,  LA: 0.68833
[Test AUPRC]  -  LA: 0.65300
[Test F1-max]  -  LA: 0.82474
Epoch: 67 | Loss: 3.7193256048340118e-06  | Negative Loss: 0.0
[Test ROC-AUC]  -  SA: 0.00000,  LA: 0.68750
[Test AUPRC]  -  LA: 0.65249
[Test F1-max]  -  LA: 0.82474
Epoch: 68 | Loss: 3.6239580367691815e-06  | Negative Loss: 0.0
[Test ROC-AUC]  -  SA: 0.00000,  LA: 0.68917
[Test AUPRC]  -  LA: 0.65508
[Test F1-max]  -  LA: 0.82474
Epoch: 69 | Loss: 3.6001163152832305e-06  | Negative Loss: 0.0
[Test ROC-AUC]  -  SA: 0.00000,  LA: 0.68917
[Test AUPRC]  -  LA: 0.65508
[Test F1-max]  -  LA: 0.82474
Epoch: 70 | Loss: 3.552432644937653e-06  | Negative Loss: 0.0
[Test ROC-AUC]  -  SA: 0.00000,  LA: 0.68833
[Test AUPRC]  -  LA: 0.65458
[Test F1-max]  -  LA: 0.82474
Epoch: 71 | Loss: 3.4809072531061247e-06  | Negative Loss: 0.0
[Test ROC-AUC]  -  SA: 0.00000,  LA: 0.68750
[Test AUPRC]  -  LA: 0.65392
[Test F1-max]  -  LA: 0.82474
Epoch: 72 | Loss: 3.4332235827605473e-06  | Negative Loss: 0.0
[Test ROC-AUC]  -  SA: 0.00000,  LA: 0.68750
[Test AUPRC]  -  LA: 0.65392
[Test F1-max]  -  LA: 0.82474
Epoch: 73 | Loss: 3.4093818612745963e-06  | Negative Loss: 0.0
[Test ROC-AUC]  -  SA: 0.00000,  LA: 0.68833
[Test AUPRC]  -  LA: 0.65442
[Test F1-max]  -  LA: 0.82474
Epoch: 74 | Loss: 3.4093818612745963e-06  | Negative Loss: 0.0
[Test ROC-AUC]  -  SA: 0.00000,  LA: 0.68833
[Test AUPRC]  -  LA: 0.65442
[Test F1-max]  -  LA: 0.82474
Epoch: 75 | Loss: 3.3616984183026943e-06  | Negative Loss: 0.0
[Test ROC-AUC]  -  SA: 0.00000,  LA: 0.68833
[Test AUPRC]  -  LA: 0.65442
[Test F1-max]  -  LA: 0.82474
Epoch: 76 | Loss: 3.290173026471166e-06  | Negative Loss: 0.0
[Test ROC-AUC]  -  SA: 0.00000,  LA: 0.68833
[Test AUPRC]  -  LA: 0.65442
[Test F1-max]  -  LA: 0.82474
Epoch: 77 | Loss: 3.2663310776115395e-06  | Negative Loss: 0.0
[Test ROC-AUC]  -  SA: 0.00000,  LA: 0.68917
[Test AUPRC]  -  LA: 0.65536
[Test F1-max]  -  LA: 0.82474
Epoch: 78 | Loss: 3.242489128751913e-06  | Negative Loss: 0.0
[Test ROC-AUC]  -  SA: 0.00000,  LA: 0.69000
[Test AUPRC]  -  LA: 0.65575
[Test F1-max]  -  LA: 0.82474
Epoch: 79 | Loss: 3.218647407265962e-06  | Negative Loss: 0.0
[Test ROC-AUC]  -  SA: 0.00000,  LA: 0.68917
[Test AUPRC]  -  LA: 0.65462
[Test F1-max]  -  LA: 0.82474
Epoch: 80 | Loss: 3.218647407265962e-06  | Negative Loss: 0.0
[Test ROC-AUC]  -  SA: 0.00000,  LA: 0.69000
[Test AUPRC]  -  LA: 0.65553
[Test F1-max]  -  LA: 0.82474
Epoch: 81 | Loss: 3.1948054584063357e-06  | Negative Loss: 0.0
[Test ROC-AUC]  -  SA: 0.00000,  LA: 0.69000
[Test AUPRC]  -  LA: 0.65553
[Test F1-max]  -  LA: 0.82474
Epoch: 82 | Loss: 3.1232800665748073e-06  | Negative Loss: 0.0
[Test ROC-AUC]  -  SA: 0.00000,  LA: 0.69000
[Test AUPRC]  -  LA: 0.65553
[Test F1-max]  -  LA: 0.82474
Epoch: 83 | Loss: 3.1232800665748073e-06  | Negative Loss: 0.0
[Test ROC-AUC]  -  SA: 0.00000,  LA: 0.69000
[Test AUPRC]  -  LA: 0.65553
[Test F1-max]  -  LA: 0.82474
Epoch: 84 | Loss: 3.1232800665748073e-06  | Negative Loss: 0.0
[Test ROC-AUC]  -  SA: 0.00000,  LA: 0.69167
[Test AUPRC]  -  LA: 0.65701
[Test F1-max]  -  LA: 0.82474
Epoch: 85 | Loss: 3.0994383450888563e-06  | Negative Loss: 0.0
[Test ROC-AUC]  -  SA: 0.00000,  LA: 0.69167
[Test AUPRC]  -  LA: 0.65691
[Test F1-max]  -  LA: 0.82474
Epoch: 86 | Loss: 3.0994383450888563e-06  | Negative Loss: 0.0
[Test ROC-AUC]  -  SA: 0.00000,  LA: 0.69167
[Test AUPRC]  -  LA: 0.65691
[Test F1-max]  -  LA: 0.82474
Epoch: 87 | Loss: 3.0994383450888563e-06  | Negative Loss: 0.0
[Test ROC-AUC]  -  SA: 0.00000,  LA: 0.69167
[Test AUPRC]  -  LA: 0.65691
[Test F1-max]  -  LA: 0.82474
Epoch: 88 | Loss: 3.0994383450888563e-06  | Negative Loss: 0.0
[Test ROC-AUC]  -  SA: 0.00000,  LA: 0.69083
[Test AUPRC]  -  LA: 0.65650
[Test F1-max]  -  LA: 0.82474
Epoch: 89 | Loss: 3.0994383450888563e-06  | Negative Loss: 0.0
[Test ROC-AUC]  -  SA: 0.00000,  LA: 0.69000
[Test AUPRC]  -  LA: 0.65538
[Test F1-max]  -  LA: 0.82474
Epoch: 90 | Loss: 3.0755966236029053e-06  | Negative Loss: 0.0
[Test ROC-AUC]  -  SA: 0.00000,  LA: 0.69000
[Test AUPRC]  -  LA: 0.65475
[Test F1-max]  -  LA: 0.82474
Epoch: 91 | Loss: 3.0755966236029053e-06  | Negative Loss: 0.0
[Test ROC-AUC]  -  SA: 0.00000,  LA: 0.69083
[Test AUPRC]  -  LA: 0.65514
[Test F1-max]  -  LA: 0.82474
Epoch: 92 | Loss: 3.004071231771377e-06  | Negative Loss: 0.0
[Test ROC-AUC]  -  SA: 0.00000,  LA: 0.69250
[Test AUPRC]  -  LA: 0.65605
[Test F1-max]  -  LA: 0.82474
Epoch: 93 | Loss: 3.0040710043977015e-06  | Negative Loss: 0.0
[Test ROC-AUC]  -  SA: 0.00000,  LA: 0.69250
[Test AUPRC]  -  LA: 0.65446
[Test F1-max]  -  LA: 0.82474
Epoch: 94 | Loss: 3.004071231771377e-06  | Negative Loss: 0.0
[Test ROC-AUC]  -  SA: 0.00000,  LA: 0.69417
[Test AUPRC]  -  LA: 0.65536
[Test F1-max]  -  LA: 0.82474
Epoch: 95 | Loss: 2.980229510285426e-06  | Negative Loss: 0.0
[Test ROC-AUC]  -  SA: 0.00000,  LA: 0.69500
[Test AUPRC]  -  LA: 0.65744
[Test F1-max]  -  LA: 0.82474
Epoch: 96 | Loss: 2.980229510285426e-06  | Negative Loss: 0.0
[Test ROC-AUC]  -  SA: 0.00000,  LA: 0.69500
[Test AUPRC]  -  LA: 0.65744
[Test F1-max]  -  LA: 0.82474
Epoch: 97 | Loss: 2.980229510285426e-06  | Negative Loss: 0.0
[Test ROC-AUC]  -  SA: 0.00000,  LA: 0.69500
[Test AUPRC]  -  LA: 0.65714
[Test F1-max]  -  LA: 0.82474
Epoch: 98 | Loss: 2.9563875614257995e-06  | Negative Loss: 0.0
[Test ROC-AUC]  -  SA: 0.00000,  LA: 0.69500
[Test AUPRC]  -  LA: 0.65713
[Test F1-max]  -  LA: 0.82474
Epoch: 99 | Loss: 2.9563875614257995e-06  | Negative Loss: 0.0
Time consumption: 97.2826874256134
Best LA AUC: 0.6950000000000001
Best LA AUPC: 0.6643345851648857
Best LA F1-max: 0.8247422680412371
[Result] Experiment result appended to ./results/train_hybrid_result.csv

[END] 2026-03-18 16:57:22
[RETURN CODE] 0
