[START] 2026-03-18 15:36:42
[GPU] 3
[INDEX] 30/80
[COMMAND] python train_hybrid.py --data_name red_splicing --mask True --text True --double_encoder True --few_shot True --shot 5 --hybrid_model winclip --hybrid_weight 0.3 --hybrid_batch_size 16 --epoch 100 --log True --lr 5e-4 --detection True --preprocess True

/home/seungeon/miniconda3/envs/LAB/lib/python3.10/site-packages/timm/models/layers/__init__.py:48: FutureWarning: Importing from timm.models.layers is deprecated, please import via timm.layers
  warnings.warn(f"Importing from {__name__} is deprecated, please import via timm.layers", FutureWarning)
/home/seungeon/Workspace/side/vlm/train_hybrid.py:18: DeprecationWarning: The distutils package is deprecated and slated for removal in Python 3.12. Use setuptools or check PEP 632 for potential alternatives
  from distutils.util import strtobool
Torch version: 2.9.1+cu128
cuda is loaded for process
here?
In my local computer
Namespace(epoch=100, gpu_number='0', data_name='red_splicing', lr=0.0005, batch_size=6, shuffle=True, seed=0, tag='default', model_name='ViT-B-32', pretrained_name='laion2b_s34b_b79k', lora=1, default=False, foundation='CLIP', detection=1, preprocess=1, num_rule=0, object_names=['a photo of orange connector', 'a photo of red cable', 'a photo of yellow cable', 'a photo of blue cable', 'a photo of metal panel'], objects_for_rules=[['a photo of orange connector'], ['a photo of orange connector'], ['a photo of red cable'], ['a photo of red cable'], ['a photo of orange connector'], ['a photo of orange connector', 'a photo of red cable']], texts_for_rules=[['a photo of orange connector'], ['a photo of orange connector'], ['a photo of red cable'], ['a photo of red cable'], ['a photo of orange connector'], ['a photo of orange connector and red cable']], mask=1, text=1, score='mean', ciriculam_learning=False, few_shot=1, shot=5, log=1, neg_loss=0, double_encoder=1, pretrained_count_path=None, ris=0, rule_select='', rule_list=[], num_negative=5, hybrid_model='winclip', hybrid_weight=0.3, hybrid_class_name='', hybrid_batch_size=16, hybrid_backbone='ViT-B-16-plus-240', hybrid_pretrained_dataset='laion400m_e32', hybrid_scales=[2, 3], hybrid_img_resize=240, hybrid_img_cropsize=240, hybrid_resolution=400, hybrid_promptad_epoch=100, hybrid_promptad_lr=0.002, hybrid_promptad_momentum=0.9, hybrid_promptad_weight_decay=0.0005, hybrid_promptad_eta_min=1e-05, hybrid_promptad_lambda1=0.001, hybrid_promptad_n_ctx=4, hybrid_promptad_n_pro=3, hybrid_promptad_n_ctx_ab=1, hybrid_promptad_n_pro_ab=4, early_stop_k=10, result_log_path='./results/train_hybrid_result.csv')
[Hybrid] method=winclip, class_name=splicing_connectors, train=5, eval=89, base_path=/data3/seungeon/data/image/mvtec_loco_anomaly_detection/red_splicing
grid 240 16 (15, 15)
[Hybrid-only] LA_AUC=0.66582, LA_AUPRC=0.53568, LA_F1=0.68519
[Data Description]
- Train: 5
- Test: 89

Train Start
[Test ROC-AUC]  -  SA: 0.00000,  LA: 0.62296
[Test AUPRC]  -  LA: 0.52503
[Test F1-max]  -  LA: 0.65041
Epoch: 0 | Loss: 12.980791091918945  | Negative Loss: 0.0
[Test ROC-AUC]  -  SA: 0.00000,  LA: 0.62500
[Test AUPRC]  -  LA: 0.52771
[Test F1-max]  -  LA: 0.65041
Epoch: 1 | Loss: 12.908858299255371  | Negative Loss: 0.0
[Test ROC-AUC]  -  SA: 0.00000,  LA: 0.66378
[Test AUPRC]  -  LA: 0.56830
[Test F1-max]  -  LA: 0.67241
Epoch: 2 | Loss: 11.975190162658691  | Negative Loss: 0.0
[Test ROC-AUC]  -  SA: 0.00000,  LA: 0.69184
[Test AUPRC]  -  LA: 0.62975
[Test F1-max]  -  LA: 0.70175
Epoch: 3 | Loss: 10.431751251220703  | Negative Loss: 0.0
[Test ROC-AUC]  -  SA: 0.00000,  LA: 0.71888
[Test AUPRC]  -  LA: 0.67088
[Test F1-max]  -  LA: 0.70370
Epoch: 4 | Loss: 8.513689994812012  | Negative Loss: 0.0
[Test ROC-AUC]  -  SA: 0.00000,  LA: 0.74541
[Test AUPRC]  -  LA: 0.73104
[Test F1-max]  -  LA: 0.70909
Epoch: 5 | Loss: 6.61234712600708  | Negative Loss: 0.0
[Test ROC-AUC]  -  SA: 0.00000,  LA: 0.76684
[Test AUPRC]  -  LA: 0.74436
[Test F1-max]  -  LA: 0.72222
Epoch: 6 | Loss: 4.974493503570557  | Negative Loss: 0.0
[Test ROC-AUC]  -  SA: 0.00000,  LA: 0.77347
[Test AUPRC]  -  LA: 0.74853
[Test F1-max]  -  LA: 0.73585
Epoch: 7 | Loss: 3.698575496673584  | Negative Loss: 0.0
[Test ROC-AUC]  -  SA: 0.00000,  LA: 0.78571
[Test AUPRC]  -  LA: 0.75020
[Test F1-max]  -  LA: 0.74766
Epoch: 8 | Loss: 2.7162435054779053  | Negative Loss: 0.0
[Test ROC-AUC]  -  SA: 0.00000,  LA: 0.79745
[Test AUPRC]  -  LA: 0.75888
[Test F1-max]  -  LA: 0.74074
Epoch: 9 | Loss: 1.9756669998168945  | Negative Loss: 0.0
[Test ROC-AUC]  -  SA: 0.00000,  LA: 0.81020
[Test AUPRC]  -  LA: 0.76701
[Test F1-max]  -  LA: 0.76190
Epoch: 10 | Loss: 1.4060657024383545  | Negative Loss: 0.0
[Test ROC-AUC]  -  SA: 0.00000,  LA: 0.82449
[Test AUPRC]  -  LA: 0.77569
[Test F1-max]  -  LA: 0.77551
Epoch: 11 | Loss: 0.9732155799865723  | Negative Loss: 0.0
[Test ROC-AUC]  -  SA: 0.00000,  LA: 0.83265
[Test AUPRC]  -  LA: 0.75793
[Test F1-max]  -  LA: 0.78723
Epoch: 12 | Loss: 0.6516586542129517  | Negative Loss: 0.0
[Test ROC-AUC]  -  SA: 0.00000,  LA: 0.83571
[Test AUPRC]  -  LA: 0.76445
[Test F1-max]  -  LA: 0.79208
Epoch: 13 | Loss: 0.42077040672302246  | Negative Loss: 0.0
[Test ROC-AUC]  -  SA: 0.00000,  LA: 0.84235
[Test AUPRC]  -  LA: 0.76565
[Test F1-max]  -  LA: 0.79208
Epoch: 14 | Loss: 0.26224973797798157  | Negative Loss: 0.0
[Test ROC-AUC]  -  SA: 0.00000,  LA: 0.84490
[Test AUPRC]  -  LA: 0.75662
[Test F1-max]  -  LA: 0.80000
Epoch: 15 | Loss: 0.1582825779914856  | Negative Loss: 0.0
[Test ROC-AUC]  -  SA: 0.00000,  LA: 0.84286
[Test AUPRC]  -  LA: 0.73157
[Test F1-max]  -  LA: 0.80851
Epoch: 16 | Loss: 0.09344015270471573  | Negative Loss: 0.0
[Test ROC-AUC]  -  SA: 0.00000,  LA: 0.84184
[Test AUPRC]  -  LA: 0.72784
[Test F1-max]  -  LA: 0.80851
Epoch: 17 | Loss: 0.05432035028934479  | Negative Loss: 0.0
[Test ROC-AUC]  -  SA: 0.00000,  LA: 0.84133
[Test AUPRC]  -  LA: 0.72968
[Test F1-max]  -  LA: 0.80851
Epoch: 18 | Loss: 0.03146623075008392  | Negative Loss: 0.0
[Test ROC-AUC]  -  SA: 0.00000,  LA: 0.83980
[Test AUPRC]  -  LA: 0.72896
[Test F1-max]  -  LA: 0.81720
Epoch: 19 | Loss: 0.01819218322634697  | Negative Loss: 0.0
[Test ROC-AUC]  -  SA: 0.00000,  LA: 0.84184
[Test AUPRC]  -  LA: 0.73140
[Test F1-max]  -  LA: 0.81720
Epoch: 20 | Loss: 0.010535962879657745  | Negative Loss: 0.0
[Test ROC-AUC]  -  SA: 0.00000,  LA: 0.84031
[Test AUPRC]  -  LA: 0.71388
[Test F1-max]  -  LA: 0.82105
Epoch: 21 | Loss: 0.006160418502986431  | Negative Loss: 0.0
[Test ROC-AUC]  -  SA: 0.00000,  LA: 0.83929
[Test AUPRC]  -  LA: 0.71226
[Test F1-max]  -  LA: 0.82105
Epoch: 22 | Loss: 0.003653392195701599  | Negative Loss: 0.0
[Test ROC-AUC]  -  SA: 0.00000,  LA: 0.83622
[Test AUPRC]  -  LA: 0.69229
[Test F1-max]  -  LA: 0.82105
Epoch: 23 | Loss: 0.002200269140303135  | Negative Loss: 0.0
[Test ROC-AUC]  -  SA: 0.00000,  LA: 0.83265
[Test AUPRC]  -  LA: 0.68796
[Test F1-max]  -  LA: 0.81250
Epoch: 24 | Loss: 0.0013464437797665596  | Negative Loss: 0.0
[Test ROC-AUC]  -  SA: 0.00000,  LA: 0.83112
[Test AUPRC]  -  LA: 0.68684
[Test F1-max]  -  LA: 0.80851
Epoch: 25 | Loss: 0.000839217915199697  | Negative Loss: 0.0
[Test ROC-AUC]  -  SA: 0.00000,  LA: 0.82806
[Test AUPRC]  -  LA: 0.68341
[Test F1-max]  -  LA: 0.80000
Epoch: 26 | Loss: 0.0005340530187822878  | Negative Loss: 0.0
[Test ROC-AUC]  -  SA: 0.00000,  LA: 0.82296
[Test AUPRC]  -  LA: 0.67645
[Test F1-max]  -  LA: 0.80000
Epoch: 27 | Loss: 0.0003472474927548319  | Negative Loss: 0.0
[Test ROC-AUC]  -  SA: 0.00000,  LA: 0.81837
[Test AUPRC]  -  LA: 0.67220
[Test F1-max]  -  LA: 0.79570
Epoch: 28 | Loss: 0.00023075043282005936  | Negative Loss: 0.0
[Test ROC-AUC]  -  SA: 0.00000,  LA: 0.81684
[Test AUPRC]  -  LA: 0.66916
[Test F1-max]  -  LA: 0.79570
Epoch: 29 | Loss: 0.0001566339924465865  | Negative Loss: 0.0
[Test ROC-AUC]  -  SA: 0.00000,  LA: 0.81633
[Test AUPRC]  -  LA: 0.67000
[Test F1-max]  -  LA: 0.79570
[Early Stopping] LA AUROC dropped for 10 consecutive epochs. Stop at epoch 31/100.
Time consumption: 35.022929668426514
Best LA AUC: 0.8448979591836735
Best LA AUPC: 0.7756942096248779
Best LA F1-max: 0.8210526315789474
[Result] Experiment result appended to ./results/train_hybrid_result.csv

[END] 2026-03-18 15:39:30
[RETURN CODE] 0
