[START] 2026-03-18 14:06:53
[GPU] 3
[INDEX] 3/80
[COMMAND] python train_hybrid.py --data_name cherry_juice --mask True --text True --double_encoder True --few_shot True --shot 5 --hybrid_model winclip --hybrid_weight 0.3 --hybrid_batch_size 16 --epoch 100 --log True --lr 5e-4 --detection True --preprocess True

/home/seungeon/miniconda3/envs/LAB/lib/python3.10/site-packages/timm/models/layers/__init__.py:48: FutureWarning: Importing from timm.models.layers is deprecated, please import via timm.layers
  warnings.warn(f"Importing from {__name__} is deprecated, please import via timm.layers", FutureWarning)
/home/seungeon/Workspace/side/vlm/train_hybrid.py:18: DeprecationWarning: The distutils package is deprecated and slated for removal in Python 3.12. Use setuptools or check PEP 632 for potential alternatives
  from distutils.util import strtobool
Torch version: 2.9.1+cu128
cuda is loaded for process
here?
In my local computer
Namespace(epoch=100, gpu_number='0', data_name='cherry_juice', lr=0.0005, batch_size=6, shuffle=True, seed=0, tag='default', model_name='ViT-B-32', pretrained_name='laion2b_s34b_b79k', lora=1, default=False, foundation='CLIP', detection=1, preprocess=1, num_rule=0, object_names=['a photo of cherry picture label', 'a photo of 100% text label', 'a photo of bottle cap', 'a photo of black background'], objects_for_rules=[['a photo of cherry picture label'], ['a photo of cherry picture label', 'a photo of 100% text label'], ['a photo of cherry picture label'], ['a photo of 100% text label'], ['a photo of cherry picture label', 'a photo of 100% text label']], texts_for_rules=[['a photo of cherry picture label'], ['a photo of cherry picture label and 100% text label'], ['a photo of cherry picture label'], ['a photo of 100% text label'], ['a photo of fruit picture label and 100% text label']], mask=1, text=1, score='mean', ciriculam_learning=False, few_shot=1, shot=5, log=1, neg_loss=0, double_encoder=1, pretrained_count_path=None, ris=0, rule_select='', rule_list=[], num_negative=5, hybrid_model='winclip', hybrid_weight=0.3, hybrid_class_name='', hybrid_batch_size=16, hybrid_backbone='ViT-B-16-plus-240', hybrid_pretrained_dataset='laion400m_e32', hybrid_scales=[2, 3], hybrid_img_resize=240, hybrid_img_cropsize=240, hybrid_resolution=400, hybrid_promptad_epoch=100, hybrid_promptad_lr=0.002, hybrid_promptad_momentum=0.9, hybrid_promptad_weight_decay=0.0005, hybrid_promptad_eta_min=1e-05, hybrid_promptad_lambda1=0.001, hybrid_promptad_n_ctx=4, hybrid_promptad_n_pro=3, hybrid_promptad_n_ctx_ab=1, hybrid_promptad_n_pro_ab=4, early_stop_k=10, result_log_path='./results/train_hybrid_result.csv')
[Hybrid] method=winclip, class_name=juice_bottle, train=5, eval=73, base_path=/data3/seungeon/data/image/mvtec_loco_anomaly_detection/cherry_juice
grid 240 16 (15, 15)
[Hybrid-only] LA_AUC=0.78659, LA_AUPRC=0.65321, LA_F1=0.76923
[Data Description]
- Train: 5
- Test: 73

Train Start
[Test ROC-AUC]  -  SA: 0.00000,  LA: 0.72637
[Test AUPRC]  -  LA: 0.55288
[Test F1-max]  -  LA: 0.74074
Epoch: 0 | Loss: 9.234996795654297  | Negative Loss: 0.0
[Test ROC-AUC]  -  SA: 0.00000,  LA: 0.72409
[Test AUPRC]  -  LA: 0.55139
[Test F1-max]  -  LA: 0.74074
Epoch: 1 | Loss: 9.128094673156738  | Negative Loss: 0.0
[Test ROC-AUC]  -  SA: 0.00000,  LA: 0.79573
[Test AUPRC]  -  LA: 0.63118
[Test F1-max]  -  LA: 0.78947
Epoch: 2 | Loss: 8.02003288269043  | Negative Loss: 0.0
[Test ROC-AUC]  -  SA: 0.00000,  LA: 0.85442
[Test AUPRC]  -  LA: 0.68419
[Test F1-max]  -  LA: 0.86111
Epoch: 3 | Loss: 6.2455830574035645  | Negative Loss: 0.0
[Test ROC-AUC]  -  SA: 0.00000,  LA: 0.86738
[Test AUPRC]  -  LA: 0.73546
[Test F1-max]  -  LA: 0.84932
Epoch: 4 | Loss: 4.217429161071777  | Negative Loss: 0.0
[Test ROC-AUC]  -  SA: 0.00000,  LA: 0.87652
[Test AUPRC]  -  LA: 0.76050
[Test F1-max]  -  LA: 0.84932
Epoch: 5 | Loss: 2.5873682498931885  | Negative Loss: 0.0
[Test ROC-AUC]  -  SA: 0.00000,  LA: 0.89024
[Test AUPRC]  -  LA: 0.80229
[Test F1-max]  -  LA: 0.84507
Epoch: 6 | Loss: 1.6032984256744385  | Negative Loss: 0.0
[Test ROC-AUC]  -  SA: 0.00000,  LA: 0.89863
[Test AUPRC]  -  LA: 0.82904
[Test F1-max]  -  LA: 0.85294
Epoch: 7 | Loss: 1.0468690395355225  | Negative Loss: 0.0
[Test ROC-AUC]  -  SA: 0.00000,  LA: 0.89939
[Test AUPRC]  -  LA: 0.80228
[Test F1-max]  -  LA: 0.84507
Epoch: 8 | Loss: 0.6935555338859558  | Negative Loss: 0.0
[Test ROC-AUC]  -  SA: 0.00000,  LA: 0.89482
[Test AUPRC]  -  LA: 0.79627
[Test F1-max]  -  LA: 0.84507
Epoch: 9 | Loss: 0.4381813704967499  | Negative Loss: 0.0
[Test ROC-AUC]  -  SA: 0.00000,  LA: 0.89787
[Test AUPRC]  -  LA: 0.79973
[Test F1-max]  -  LA: 0.84507
Epoch: 10 | Loss: 0.2579505741596222  | Negative Loss: 0.0
[Test ROC-AUC]  -  SA: 0.00000,  LA: 0.89863
[Test AUPRC]  -  LA: 0.79742
[Test F1-max]  -  LA: 0.85714
Epoch: 11 | Loss: 0.14127124845981598  | Negative Loss: 0.0
[Test ROC-AUC]  -  SA: 0.00000,  LA: 0.89710
[Test AUPRC]  -  LA: 0.79352
[Test F1-max]  -  LA: 0.85714
Epoch: 12 | Loss: 0.07421937584877014  | Negative Loss: 0.0
[Test ROC-AUC]  -  SA: 0.00000,  LA: 0.89863
[Test AUPRC]  -  LA: 0.79039
[Test F1-max]  -  LA: 0.86486
Epoch: 13 | Loss: 0.03827458620071411  | Negative Loss: 0.0
[Test ROC-AUC]  -  SA: 0.00000,  LA: 0.89634
[Test AUPRC]  -  LA: 0.78586
[Test F1-max]  -  LA: 0.86486
Epoch: 14 | Loss: 0.019673537462949753  | Negative Loss: 0.0
[Test ROC-AUC]  -  SA: 0.00000,  LA: 0.89482
[Test AUPRC]  -  LA: 0.78374
[Test F1-max]  -  LA: 0.87671
Epoch: 15 | Loss: 0.010151389986276627  | Negative Loss: 0.0
[Test ROC-AUC]  -  SA: 0.00000,  LA: 0.89634
[Test AUPRC]  -  LA: 0.76149
[Test F1-max]  -  LA: 0.87671
Epoch: 16 | Loss: 0.0053260731510818005  | Negative Loss: 0.0
[Test ROC-AUC]  -  SA: 0.00000,  LA: 0.89710
[Test AUPRC]  -  LA: 0.76351
[Test F1-max]  -  LA: 0.86957
Epoch: 17 | Loss: 0.002855622209608555  | Negative Loss: 0.0
[Test ROC-AUC]  -  SA: 0.00000,  LA: 0.89329
[Test AUPRC]  -  LA: 0.75883
[Test F1-max]  -  LA: 0.86957
Epoch: 18 | Loss: 0.001568206469528377  | Negative Loss: 0.0
[Test ROC-AUC]  -  SA: 0.00000,  LA: 0.89177
[Test AUPRC]  -  LA: 0.75377
[Test F1-max]  -  LA: 0.85714
Epoch: 19 | Loss: 0.0008825311670079827  | Negative Loss: 0.0
[Test ROC-AUC]  -  SA: 0.00000,  LA: 0.88567
[Test AUPRC]  -  LA: 0.74735
[Test F1-max]  -  LA: 0.85333
Epoch: 20 | Loss: 0.0005097818211652339  | Negative Loss: 0.0
[Test ROC-AUC]  -  SA: 0.00000,  LA: 0.88034
[Test AUPRC]  -  LA: 0.74198
[Test F1-max]  -  LA: 0.84507
Epoch: 21 | Loss: 0.0003024080360773951  | Negative Loss: 0.0
[Test ROC-AUC]  -  SA: 0.00000,  LA: 0.87348
[Test AUPRC]  -  LA: 0.72799
[Test F1-max]  -  LA: 0.84507
Epoch: 22 | Loss: 0.00018466965411789715  | Negative Loss: 0.0
[Test ROC-AUC]  -  SA: 0.00000,  LA: 0.87195
[Test AUPRC]  -  LA: 0.72732
[Test F1-max]  -  LA: 0.84507
Epoch: 23 | Loss: 0.00011567711771931499  | Negative Loss: 0.0
[Test ROC-AUC]  -  SA: 0.00000,  LA: 0.86509
[Test AUPRC]  -  LA: 0.71953
[Test F1-max]  -  LA: 0.83333
Epoch: 24 | Loss: 7.448051474057138e-05  | Negative Loss: 0.0
[Test ROC-AUC]  -  SA: 0.00000,  LA: 0.86280
[Test AUPRC]  -  LA: 0.71693
[Test F1-max]  -  LA: 0.83333
Epoch: 25 | Loss: 4.920897481497377e-05  | Negative Loss: 0.0
[Test ROC-AUC]  -  SA: 0.00000,  LA: 0.86204
[Test AUPRC]  -  LA: 0.71780
[Test F1-max]  -  LA: 0.84507
Epoch: 26 | Loss: 3.3306794648524374e-05  | Negative Loss: 0.0
[Test ROC-AUC]  -  SA: 0.00000,  LA: 0.85976
[Test AUPRC]  -  LA: 0.71200
[Test F1-max]  -  LA: 0.84507
[Early Stopping] LA AUROC dropped for 10 consecutive epochs. Stop at epoch 28/100.
Time consumption: 23.954626321792603
Best LA AUC: 0.899390243902439
Best LA AUPC: 0.8290401367704151
Best LA F1-max: 0.8767123287671234
[Result] Experiment result appended to ./results/train_hybrid_result.csv

[END] 2026-03-18 14:09:18
[RETURN CODE] 0
