[START] 2026-03-18 16:08:31
[GPU] 3
[INDEX] 39/80
[COMMAND] python train_hybrid.py --data_name yellow_splicing --mask True --text True --double_encoder True --few_shot True --shot 5 --hybrid_model winclip --hybrid_weight 0.3 --hybrid_batch_size 16 --epoch 100 --log True --lr 5e-4 --detection True --preprocess True

/home/seungeon/miniconda3/envs/LAB/lib/python3.10/site-packages/timm/models/layers/__init__.py:48: FutureWarning: Importing from timm.models.layers is deprecated, please import via timm.layers
  warnings.warn(f"Importing from {__name__} is deprecated, please import via timm.layers", FutureWarning)
/home/seungeon/Workspace/side/vlm/train_hybrid.py:18: DeprecationWarning: The distutils package is deprecated and slated for removal in Python 3.12. Use setuptools or check PEP 632 for potential alternatives
  from distutils.util import strtobool
Torch version: 2.9.1+cu128
cuda is loaded for process
here?
In my local computer
Namespace(epoch=100, gpu_number='0', data_name='yellow_splicing', lr=0.0005, batch_size=6, shuffle=True, seed=0, tag='default', model_name='ViT-B-32', pretrained_name='laion2b_s34b_b79k', lora=1, default=False, foundation='CLIP', detection=1, preprocess=1, num_rule=0, object_names=['a photo of orange connector', 'a photo of yellow cable', 'a photo of red cable', 'a photo of blue cable', 'a photo of metal panel'], objects_for_rules=[['a photo of orange connector'], ['a photo of orange connector'], ['a photo of yellow cable'], ['a photo of yellow cable'], ['a photo of orange connector'], ['a photo of orange connector', 'a photo of yellow cable']], texts_for_rules=[['a photo of orange connector'], ['a photo of orange connector'], ['a photo of yellow cable'], ['a photo of yellow cable'], ['a photo of orange connector'], ['a photo of orange connector and yellow cable']], mask=1, text=1, score='mean', ciriculam_learning=False, few_shot=1, shot=5, log=1, neg_loss=0, double_encoder=1, pretrained_count_path=None, ris=0, rule_select='', rule_list=[], num_negative=5, hybrid_model='winclip', hybrid_weight=0.3, hybrid_class_name='', hybrid_batch_size=16, hybrid_backbone='ViT-B-16-plus-240', hybrid_pretrained_dataset='laion400m_e32', hybrid_scales=[2, 3], hybrid_img_resize=240, hybrid_img_cropsize=240, hybrid_resolution=400, hybrid_promptad_epoch=100, hybrid_promptad_lr=0.002, hybrid_promptad_momentum=0.9, hybrid_promptad_weight_decay=0.0005, hybrid_promptad_eta_min=1e-05, hybrid_promptad_lambda1=0.001, hybrid_promptad_n_ctx=4, hybrid_promptad_n_pro=3, hybrid_promptad_n_ctx_ab=1, hybrid_promptad_n_pro_ab=4, early_stop_k=10, result_log_path='./results/train_hybrid_result.csv')
[Hybrid] method=winclip, class_name=splicing_connectors, train=5, eval=68, base_path=/data3/seungeon/data/image/mvtec_loco_anomaly_detection/yellow_splicing
grid 240 16 (15, 15)
[Hybrid-only] LA_AUC=0.58444, LA_AUPRC=0.74914, LA_F1=0.74286
[Data Description]
- Train: 5
- Test: 68

Train Start
[Test ROC-AUC]  -  SA: 0.00000,  LA: 0.52431
[Test AUPRC]  -  LA: 0.59177
[Test F1-max]  -  LA: 0.73585
Epoch: 0 | Loss: 16.615705490112305  | Negative Loss: 0.0
[Test ROC-AUC]  -  SA: 0.00000,  LA: 0.52343
[Test AUPRC]  -  LA: 0.59112
[Test F1-max]  -  LA: 0.73585
Epoch: 1 | Loss: 16.526216506958008  | Negative Loss: 0.0
[Test ROC-AUC]  -  SA: 0.00000,  LA: 0.53227
[Test AUPRC]  -  LA: 0.59858
[Test F1-max]  -  LA: 0.73786
Epoch: 2 | Loss: 15.497926712036133  | Negative Loss: 0.0
[Test ROC-AUC]  -  SA: 0.00000,  LA: 0.53758
[Test AUPRC]  -  LA: 0.57508
[Test F1-max]  -  LA: 0.75000
Epoch: 3 | Loss: 13.811066627502441  | Negative Loss: 0.0
[Test ROC-AUC]  -  SA: 0.00000,  LA: 0.56499
[Test AUPRC]  -  LA: 0.59032
[Test F1-max]  -  LA: 0.77228
Epoch: 4 | Loss: 11.713829040527344  | Negative Loss: 0.0
[Test ROC-AUC]  -  SA: 0.00000,  LA: 0.58355
[Test AUPRC]  -  LA: 0.59799
[Test F1-max]  -  LA: 0.77228
Epoch: 5 | Loss: 9.595344543457031  | Negative Loss: 0.0
[Test ROC-AUC]  -  SA: 0.00000,  LA: 0.59770
[Test AUPRC]  -  LA: 0.62696
[Test F1-max]  -  LA: 0.78000
Epoch: 6 | Loss: 7.784468173980713  | Negative Loss: 0.0
[Test ROC-AUC]  -  SA: 0.00000,  LA: 0.61273
[Test AUPRC]  -  LA: 0.64219
[Test F1-max]  -  LA: 0.77228
Epoch: 7 | Loss: 6.314976215362549  | Negative Loss: 0.0
[Test ROC-AUC]  -  SA: 0.00000,  LA: 0.62069
[Test AUPRC]  -  LA: 0.65331
[Test F1-max]  -  LA: 0.76768
Epoch: 8 | Loss: 5.086371421813965  | Negative Loss: 0.0
[Test ROC-AUC]  -  SA: 0.00000,  LA: 0.61981
[Test AUPRC]  -  LA: 0.66557
[Test F1-max]  -  LA: 0.78000
Epoch: 9 | Loss: 3.9867920875549316  | Negative Loss: 0.0
[Test ROC-AUC]  -  SA: 0.00000,  LA: 0.61715
[Test AUPRC]  -  LA: 0.68216
[Test F1-max]  -  LA: 0.78000
Epoch: 10 | Loss: 3.005138397216797  | Negative Loss: 0.0
[Test ROC-AUC]  -  SA: 0.00000,  LA: 0.62246
[Test AUPRC]  -  LA: 0.68883
[Test F1-max]  -  LA: 0.78000
Epoch: 11 | Loss: 2.176018238067627  | Negative Loss: 0.0
[Test ROC-AUC]  -  SA: 0.00000,  LA: 0.63660
[Test AUPRC]  -  LA: 0.70511
[Test F1-max]  -  LA: 0.78000
Epoch: 12 | Loss: 1.504321813583374  | Negative Loss: 0.0
[Test ROC-AUC]  -  SA: 0.00000,  LA: 0.64987
[Test AUPRC]  -  LA: 0.71749
[Test F1-max]  -  LA: 0.78000
Epoch: 13 | Loss: 0.9949547648429871  | Negative Loss: 0.0
[Test ROC-AUC]  -  SA: 0.00000,  LA: 0.66401
[Test AUPRC]  -  LA: 0.73607
[Test F1-max]  -  LA: 0.78000
Epoch: 14 | Loss: 0.6270215511322021  | Negative Loss: 0.0
[Test ROC-AUC]  -  SA: 0.00000,  LA: 0.66490
[Test AUPRC]  -  LA: 0.73967
[Test F1-max]  -  LA: 0.77228
Epoch: 15 | Loss: 0.3764975368976593  | Negative Loss: 0.0
[Test ROC-AUC]  -  SA: 0.00000,  LA: 0.66844
[Test AUPRC]  -  LA: 0.73726
[Test F1-max]  -  LA: 0.77228
Epoch: 16 | Loss: 0.2165529578924179  | Negative Loss: 0.0
[Test ROC-AUC]  -  SA: 0.00000,  LA: 0.66932
[Test AUPRC]  -  LA: 0.73442
[Test F1-max]  -  LA: 0.77228
Epoch: 17 | Loss: 0.12147051095962524  | Negative Loss: 0.0
[Test ROC-AUC]  -  SA: 0.00000,  LA: 0.67639
[Test AUPRC]  -  LA: 0.74450
[Test F1-max]  -  LA: 0.77228
Epoch: 18 | Loss: 0.06676297634840012  | Negative Loss: 0.0
[Test ROC-AUC]  -  SA: 0.00000,  LA: 0.66932
[Test AUPRC]  -  LA: 0.73560
[Test F1-max]  -  LA: 0.77228
Epoch: 19 | Loss: 0.036325205117464066  | Negative Loss: 0.0
[Test ROC-AUC]  -  SA: 0.00000,  LA: 0.66755
[Test AUPRC]  -  LA: 0.73645
[Test F1-max]  -  LA: 0.77228
Epoch: 20 | Loss: 0.019748207181692123  | Negative Loss: 0.0
[Test ROC-AUC]  -  SA: 0.00000,  LA: 0.66844
[Test AUPRC]  -  LA: 0.73364
[Test F1-max]  -  LA: 0.77228
Epoch: 21 | Loss: 0.010803734883666039  | Negative Loss: 0.0
[Test ROC-AUC]  -  SA: 0.00000,  LA: 0.66578
[Test AUPRC]  -  LA: 0.73473
[Test F1-max]  -  LA: 0.77228
Epoch: 22 | Loss: 0.005969085264950991  | Negative Loss: 0.0
[Test ROC-AUC]  -  SA: 0.00000,  LA: 0.66313
[Test AUPRC]  -  LA: 0.73841
[Test F1-max]  -  LA: 0.77228
Epoch: 23 | Loss: 0.0033519957214593887  | Negative Loss: 0.0
[Test ROC-AUC]  -  SA: 0.00000,  LA: 0.65959
[Test AUPRC]  -  LA: 0.73468
[Test F1-max]  -  LA: 0.77228
Epoch: 24 | Loss: 0.0019131576409563422  | Negative Loss: 0.0
[Test ROC-AUC]  -  SA: 0.00000,  LA: 0.65871
[Test AUPRC]  -  LA: 0.73575
[Test F1-max]  -  LA: 0.77228
Epoch: 25 | Loss: 0.0011118364054709673  | Negative Loss: 0.0
[Test ROC-AUC]  -  SA: 0.00000,  LA: 0.65782
[Test AUPRC]  -  LA: 0.73130
[Test F1-max]  -  LA: 0.77228
Epoch: 26 | Loss: 0.0006600792403332889  | Negative Loss: 0.0
[Test ROC-AUC]  -  SA: 0.00000,  LA: 0.65606
[Test AUPRC]  -  LA: 0.73199
[Test F1-max]  -  LA: 0.77228
Epoch: 27 | Loss: 0.0004005060181953013  | Negative Loss: 0.0
[Test ROC-AUC]  -  SA: 0.00000,  LA: 0.65164
[Test AUPRC]  -  LA: 0.72838
[Test F1-max]  -  LA: 0.77228
Epoch: 28 | Loss: 0.00024875171948224306  | Negative Loss: 0.0
[Test ROC-AUC]  -  SA: 0.00000,  LA: 0.65252
[Test AUPRC]  -  LA: 0.73063
[Test F1-max]  -  LA: 0.77228
Epoch: 29 | Loss: 0.00015851880016271025  | Negative Loss: 0.0
[Test ROC-AUC]  -  SA: 0.00000,  LA: 0.65340
[Test AUPRC]  -  LA: 0.72973
[Test F1-max]  -  LA: 0.77228
Epoch: 30 | Loss: 0.00010351893433835357  | Negative Loss: 0.0
[Test ROC-AUC]  -  SA: 0.00000,  LA: 0.64810
[Test AUPRC]  -  LA: 0.72764
[Test F1-max]  -  LA: 0.76471
Epoch: 31 | Loss: 6.925952766323462e-05  | Negative Loss: 0.0
[Test ROC-AUC]  -  SA: 0.00000,  LA: 0.64987
[Test AUPRC]  -  LA: 0.72498
[Test F1-max]  -  LA: 0.76471
Epoch: 32 | Loss: 4.751632150146179e-05  | Negative Loss: 0.0
[Test ROC-AUC]  -  SA: 0.00000,  LA: 0.64898
[Test AUPRC]  -  LA: 0.72037
[Test F1-max]  -  LA: 0.76471
Epoch: 33 | Loss: 3.3330674341414124e-05  | Negative Loss: 0.0
[Test ROC-AUC]  -  SA: 0.00000,  LA: 0.65164
[Test AUPRC]  -  LA: 0.72477
[Test F1-max]  -  LA: 0.76471
Epoch: 34 | Loss: 2.393710019532591e-05  | Negative Loss: 0.0
[Test ROC-AUC]  -  SA: 0.00000,  LA: 0.64898
[Test AUPRC]  -  LA: 0.72343
[Test F1-max]  -  LA: 0.76471
Epoch: 35 | Loss: 1.754754157445859e-05  | Negative Loss: 0.0
[Test ROC-AUC]  -  SA: 0.00000,  LA: 0.64810
[Test AUPRC]  -  LA: 0.72461
[Test F1-max]  -  LA: 0.76471
Epoch: 36 | Loss: 1.308914306719089e-05  | Negative Loss: 0.0
[Test ROC-AUC]  -  SA: 0.00000,  LA: 0.64898
[Test AUPRC]  -  LA: 0.72670
[Test F1-max]  -  LA: 0.76471
Epoch: 37 | Loss: 9.989717000280507e-06  | Negative Loss: 0.0
[Test ROC-AUC]  -  SA: 0.00000,  LA: 0.64721
[Test AUPRC]  -  LA: 0.72667
[Test F1-max]  -  LA: 0.75728
Epoch: 38 | Loss: 7.84395797381876e-06  | Negative Loss: 0.0
[Test ROC-AUC]  -  SA: 0.00000,  LA: 0.64368
[Test AUPRC]  -  LA: 0.72554
[Test F1-max]  -  LA: 0.75000
Epoch: 39 | Loss: 6.198874871188309e-06  | Negative Loss: 0.0
[Test ROC-AUC]  -  SA: 0.00000,  LA: 0.64103
[Test AUPRC]  -  LA: 0.72456
[Test F1-max]  -  LA: 0.75000
Epoch: 40 | Loss: 5.030626653024228e-06  | Negative Loss: 0.0
[Test ROC-AUC]  -  SA: 0.00000,  LA: 0.64103
[Test AUPRC]  -  LA: 0.72557
[Test F1-max]  -  LA: 0.75000
Epoch: 41 | Loss: 4.148480002186261e-06  | Negative Loss: 0.0
[Test ROC-AUC]  -  SA: 0.00000,  LA: 0.64191
[Test AUPRC]  -  LA: 0.72741
[Test F1-max]  -  LA: 0.75000
Epoch: 42 | Loss: 3.409383225516649e-06  | Negative Loss: 0.0
[Test ROC-AUC]  -  SA: 0.00000,  LA: 0.64368
[Test AUPRC]  -  LA: 0.73662
[Test F1-max]  -  LA: 0.75000
Epoch: 43 | Loss: 2.9087050279485993e-06  | Negative Loss: 0.0
[Test ROC-AUC]  -  SA: 0.00000,  LA: 0.64279
[Test AUPRC]  -  LA: 0.73615
[Test F1-max]  -  LA: 0.75000
Epoch: 44 | Loss: 2.4795519948384026e-06  | Negative Loss: 0.0
[Test ROC-AUC]  -  SA: 0.00000,  LA: 0.64279
[Test AUPRC]  -  LA: 0.73615
[Test F1-max]  -  LA: 0.75000
Epoch: 45 | Loss: 2.169608251278987e-06  | Negative Loss: 0.0
[Test ROC-AUC]  -  SA: 0.00000,  LA: 0.64279
[Test AUPRC]  -  LA: 0.73615
[Test F1-max]  -  LA: 0.75000
Epoch: 46 | Loss: 1.8835060018318472e-06  | Negative Loss: 0.0
[Test ROC-AUC]  -  SA: 0.00000,  LA: 0.64279
[Test AUPRC]  -  LA: 0.73615
[Test F1-max]  -  LA: 0.75000
Epoch: 47 | Loss: 1.7404551044819527e-06  | Negative Loss: 0.0
[Test ROC-AUC]  -  SA: 0.00000,  LA: 0.64103
[Test AUPRC]  -  LA: 0.73492
[Test F1-max]  -  LA: 0.75000
Epoch: 48 | Loss: 1.4543529687216505e-06  | Negative Loss: 0.0
[Test ROC-AUC]  -  SA: 0.00000,  LA: 0.64191
[Test AUPRC]  -  LA: 0.73531
[Test F1-max]  -  LA: 0.75000
Epoch: 49 | Loss: 1.3351436791708693e-06  | Negative Loss: 0.0
[Test ROC-AUC]  -  SA: 0.00000,  LA: 0.64191
[Test AUPRC]  -  LA: 0.73531
[Test F1-max]  -  LA: 0.75000
Epoch: 50 | Loss: 1.2397763384797145e-06  | Negative Loss: 0.0
[Test ROC-AUC]  -  SA: 0.00000,  LA: 0.64103
[Test AUPRC]  -  LA: 0.73241
[Test F1-max]  -  LA: 0.75000
Epoch: 51 | Loss: 1.0728833785833558e-06  | Negative Loss: 0.0
[Test ROC-AUC]  -  SA: 0.00000,  LA: 0.64103
[Test AUPRC]  -  LA: 0.73241
[Test F1-max]  -  LA: 0.75000
Epoch: 52 | Loss: 1.001357759378152e-06  | Negative Loss: 0.0
[Test ROC-AUC]  -  SA: 0.00000,  LA: 0.64103
[Test AUPRC]  -  LA: 0.73241
[Test F1-max]  -  LA: 0.75000
Epoch: 53 | Loss: 9.298323107032047e-07  | Negative Loss: 0.0
[Test ROC-AUC]  -  SA: 0.00000,  LA: 0.64191
[Test AUPRC]  -  LA: 0.73370
[Test F1-max]  -  LA: 0.75000
Epoch: 54 | Loss: 9.059904186869971e-07  | Negative Loss: 0.0
[Test ROC-AUC]  -  SA: 0.00000,  LA: 0.64279
[Test AUPRC]  -  LA: 0.73947
[Test F1-max]  -  LA: 0.75000
Epoch: 55 | Loss: 8.583067483414197e-07  | Negative Loss: 0.0
[Test ROC-AUC]  -  SA: 0.00000,  LA: 0.64279
[Test AUPRC]  -  LA: 0.73947
[Test F1-max]  -  LA: 0.75000
Epoch: 56 | Loss: 8.34464913168631e-07  | Negative Loss: 0.0
[Test ROC-AUC]  -  SA: 0.00000,  LA: 0.64279
[Test AUPRC]  -  LA: 0.73947
[Test F1-max]  -  LA: 0.75000
Epoch: 57 | Loss: 8.106230211524235e-07  | Negative Loss: 0.0
[Test ROC-AUC]  -  SA: 0.00000,  LA: 0.64191
[Test AUPRC]  -  LA: 0.73623
[Test F1-max]  -  LA: 0.75000
Epoch: 58 | Loss: 7.390974587906385e-07  | Negative Loss: 0.0
[Test ROC-AUC]  -  SA: 0.00000,  LA: 0.64191
[Test AUPRC]  -  LA: 0.73623
[Test F1-max]  -  LA: 0.75000
Epoch: 59 | Loss: 6.675718964288535e-07  | Negative Loss: 0.0
[Test ROC-AUC]  -  SA: 0.00000,  LA: 0.64103
[Test AUPRC]  -  LA: 0.73593
[Test F1-max]  -  LA: 0.75000
Epoch: 60 | Loss: 6.675718964288535e-07  | Negative Loss: 0.0
[Test ROC-AUC]  -  SA: 0.00000,  LA: 0.64103
[Test AUPRC]  -  LA: 0.73593
[Test F1-max]  -  LA: 0.75000
Epoch: 61 | Loss: 6.675719532722724e-07  | Negative Loss: 0.0
[Test ROC-AUC]  -  SA: 0.00000,  LA: 0.64103
[Test AUPRC]  -  LA: 0.73593
[Test F1-max]  -  LA: 0.75000
Epoch: 62 | Loss: 6.437300612560648e-07  | Negative Loss: 0.0
[Test ROC-AUC]  -  SA: 0.00000,  LA: 0.64103
[Test AUPRC]  -  LA: 0.73593
[Test F1-max]  -  LA: 0.75000
Epoch: 63 | Loss: 6.437300612560648e-07  | Negative Loss: 0.0
[Test ROC-AUC]  -  SA: 0.00000,  LA: 0.64103
[Test AUPRC]  -  LA: 0.73593
[Test F1-max]  -  LA: 0.75000
Epoch: 64 | Loss: 6.437300612560648e-07  | Negative Loss: 0.0
[Test ROC-AUC]  -  SA: 0.00000,  LA: 0.64014
[Test AUPRC]  -  LA: 0.73565
[Test F1-max]  -  LA: 0.75000
Epoch: 65 | Loss: 6.198882260832761e-07  | Negative Loss: 0.0
[Test ROC-AUC]  -  SA: 0.00000,  LA: 0.64014
[Test AUPRC]  -  LA: 0.73565
[Test F1-max]  -  LA: 0.75000
Epoch: 66 | Loss: 6.198882260832761e-07  | Negative Loss: 0.0
[Test ROC-AUC]  -  SA: 0.00000,  LA: 0.64014
[Test AUPRC]  -  LA: 0.73565
[Test F1-max]  -  LA: 0.75000
Epoch: 67 | Loss: 5.960463909104874e-07  | Negative Loss: 0.0
[Test ROC-AUC]  -  SA: 0.00000,  LA: 0.64014
[Test AUPRC]  -  LA: 0.73565
[Test F1-max]  -  LA: 0.75000
Epoch: 68 | Loss: 5.960463909104874e-07  | Negative Loss: 0.0
[Test ROC-AUC]  -  SA: 0.00000,  LA: 0.64014
[Test AUPRC]  -  LA: 0.73565
[Test F1-max]  -  LA: 0.75000
Epoch: 69 | Loss: 5.722044988942798e-07  | Negative Loss: 0.0
[Test ROC-AUC]  -  SA: 0.00000,  LA: 0.64014
[Test AUPRC]  -  LA: 0.73565
[Test F1-max]  -  LA: 0.75000
Epoch: 70 | Loss: 5.483626637214911e-07  | Negative Loss: 0.0
[Test ROC-AUC]  -  SA: 0.00000,  LA: 0.64103
[Test AUPRC]  -  LA: 0.73889
[Test F1-max]  -  LA: 0.75000
Epoch: 71 | Loss: 5.483626637214911e-07  | Negative Loss: 0.0
[Test ROC-AUC]  -  SA: 0.00000,  LA: 0.64103
[Test AUPRC]  -  LA: 0.73889
[Test F1-max]  -  LA: 0.75000
Epoch: 72 | Loss: 5.483626637214911e-07  | Negative Loss: 0.0
[Test ROC-AUC]  -  SA: 0.00000,  LA: 0.64103
[Test AUPRC]  -  LA: 0.73889
[Test F1-max]  -  LA: 0.75000
Epoch: 73 | Loss: 5.483626637214911e-07  | Negative Loss: 0.0
[Test ROC-AUC]  -  SA: 0.00000,  LA: 0.64103
[Test AUPRC]  -  LA: 0.73889
[Test F1-max]  -  LA: 0.75000
Epoch: 74 | Loss: 5.245208285487024e-07  | Negative Loss: 0.0
[Test ROC-AUC]  -  SA: 0.00000,  LA: 0.64103
[Test AUPRC]  -  LA: 0.73889
[Test F1-max]  -  LA: 0.75000
Epoch: 75 | Loss: 4.7683710135970614e-07  | Negative Loss: 0.0
[Test ROC-AUC]  -  SA: 0.00000,  LA: 0.64103
[Test AUPRC]  -  LA: 0.73889
[Test F1-max]  -  LA: 0.75000
Epoch: 76 | Loss: 4.5299526618691743e-07  | Negative Loss: 0.0
[Test ROC-AUC]  -  SA: 0.00000,  LA: 0.64103
[Test AUPRC]  -  LA: 0.73889
[Test F1-max]  -  LA: 0.75000
Epoch: 77 | Loss: 4.5299526618691743e-07  | Negative Loss: 0.0
[Test ROC-AUC]  -  SA: 0.00000,  LA: 0.64103
[Test AUPRC]  -  LA: 0.73889
[Test F1-max]  -  LA: 0.75000
Epoch: 78 | Loss: 4.5299526618691743e-07  | Negative Loss: 0.0
[Test ROC-AUC]  -  SA: 0.00000,  LA: 0.64103
[Test AUPRC]  -  LA: 0.73889
[Test F1-max]  -  LA: 0.75000
Epoch: 79 | Loss: 4.5299526618691743e-07  | Negative Loss: 0.0
[Test ROC-AUC]  -  SA: 0.00000,  LA: 0.64103
[Test AUPRC]  -  LA: 0.73889
[Test F1-max]  -  LA: 0.75000
Epoch: 80 | Loss: 4.2915337417070987e-07  | Negative Loss: 0.0
[Test ROC-AUC]  -  SA: 0.00000,  LA: 0.64103
[Test AUPRC]  -  LA: 0.73889
[Test F1-max]  -  LA: 0.75000
Epoch: 81 | Loss: 4.2915337417070987e-07  | Negative Loss: 0.0
[Test ROC-AUC]  -  SA: 0.00000,  LA: 0.64103
[Test AUPRC]  -  LA: 0.73889
[Test F1-max]  -  LA: 0.75000
Epoch: 82 | Loss: 4.2915337417070987e-07  | Negative Loss: 0.0
[Test ROC-AUC]  -  SA: 0.00000,  LA: 0.64103
[Test AUPRC]  -  LA: 0.73889
[Test F1-max]  -  LA: 0.75000
Epoch: 83 | Loss: 4.2915337417070987e-07  | Negative Loss: 0.0
[Test ROC-AUC]  -  SA: 0.00000,  LA: 0.64103
[Test AUPRC]  -  LA: 0.73889
[Test F1-max]  -  LA: 0.75000
Epoch: 84 | Loss: 4.2915337417070987e-07  | Negative Loss: 0.0
[Test ROC-AUC]  -  SA: 0.00000,  LA: 0.64103
[Test AUPRC]  -  LA: 0.73889
[Test F1-max]  -  LA: 0.75000
Epoch: 85 | Loss: 4.2915337417070987e-07  | Negative Loss: 0.0
[Test ROC-AUC]  -  SA: 0.00000,  LA: 0.64103
[Test AUPRC]  -  LA: 0.73889
[Test F1-max]  -  LA: 0.75000
Epoch: 86 | Loss: 4.2915337417070987e-07  | Negative Loss: 0.0
[Test ROC-AUC]  -  SA: 0.00000,  LA: 0.64103
[Test AUPRC]  -  LA: 0.73889
[Test F1-max]  -  LA: 0.75000
Epoch: 87 | Loss: 4.2915337417070987e-07  | Negative Loss: 0.0
[Test ROC-AUC]  -  SA: 0.00000,  LA: 0.64103
[Test AUPRC]  -  LA: 0.73889
[Test F1-max]  -  LA: 0.75000
Epoch: 88 | Loss: 4.2915337417070987e-07  | Negative Loss: 0.0
[Test ROC-AUC]  -  SA: 0.00000,  LA: 0.64103
[Test AUPRC]  -  LA: 0.73889
[Test F1-max]  -  LA: 0.75000
Epoch: 89 | Loss: 4.2915337417070987e-07  | Negative Loss: 0.0
[Test ROC-AUC]  -  SA: 0.00000,  LA: 0.64103
[Test AUPRC]  -  LA: 0.73889
[Test F1-max]  -  LA: 0.75000
Epoch: 90 | Loss: 4.2915337417070987e-07  | Negative Loss: 0.0
[Test ROC-AUC]  -  SA: 0.00000,  LA: 0.64103
[Test AUPRC]  -  LA: 0.73889
[Test F1-max]  -  LA: 0.75000
Epoch: 91 | Loss: 4.2915337417070987e-07  | Negative Loss: 0.0
[Test ROC-AUC]  -  SA: 0.00000,  LA: 0.64103
[Test AUPRC]  -  LA: 0.73889
[Test F1-max]  -  LA: 0.75000
Epoch: 92 | Loss: 4.2915337417070987e-07  | Negative Loss: 0.0
[Test ROC-AUC]  -  SA: 0.00000,  LA: 0.64103
[Test AUPRC]  -  LA: 0.73889
[Test F1-max]  -  LA: 0.75000
Epoch: 93 | Loss: 4.2915337417070987e-07  | Negative Loss: 0.0
[Test ROC-AUC]  -  SA: 0.00000,  LA: 0.64103
[Test AUPRC]  -  LA: 0.73889
[Test F1-max]  -  LA: 0.75000
Epoch: 94 | Loss: 4.2915337417070987e-07  | Negative Loss: 0.0
[Test ROC-AUC]  -  SA: 0.00000,  LA: 0.64103
[Test AUPRC]  -  LA: 0.73889
[Test F1-max]  -  LA: 0.75000
Epoch: 95 | Loss: 4.2915337417070987e-07  | Negative Loss: 0.0
[Test ROC-AUC]  -  SA: 0.00000,  LA: 0.64103
[Test AUPRC]  -  LA: 0.73889
[Test F1-max]  -  LA: 0.75000
Epoch: 96 | Loss: 4.2915337417070987e-07  | Negative Loss: 0.0
[Test ROC-AUC]  -  SA: 0.00000,  LA: 0.64103
[Test AUPRC]  -  LA: 0.73889
[Test F1-max]  -  LA: 0.75000
Epoch: 97 | Loss: 4.2915337417070987e-07  | Negative Loss: 0.0
[Test ROC-AUC]  -  SA: 0.00000,  LA: 0.64103
[Test AUPRC]  -  LA: 0.73889
[Test F1-max]  -  LA: 0.75000
Epoch: 98 | Loss: 4.0531153899792116e-07  | Negative Loss: 0.0
[Test ROC-AUC]  -  SA: 0.00000,  LA: 0.64103
[Test AUPRC]  -  LA: 0.73889
[Test F1-max]  -  LA: 0.75000
Epoch: 99 | Loss: 4.0531153899792116e-07  | Negative Loss: 0.0
Time consumption: 96.38779520988464
Best LA AUC: 0.6763925729442971
Best LA AUPC: 0.7445030241679478
Best LA F1-max: 0.78
[Result] Experiment result appended to ./results/train_hybrid_result.csv

[END] 2026-03-18 16:12:03
[RETURN CODE] 0
