[START] 2026-03-18 14:12:46
[GPU] 3
[INDEX] 5/80
[COMMAND] python train_hybrid.py --data_name cherry_juice --mask True --text True --double_encoder True --few_shot True --shot 5 --hybrid_model winclip --hybrid_weight 0.3 --hybrid_batch_size 16 --epoch 100 --log True --lr 5e-4 --detection True --preprocess True

/home/seungeon/miniconda3/envs/LAB/lib/python3.10/site-packages/timm/models/layers/__init__.py:48: FutureWarning: Importing from timm.models.layers is deprecated, please import via timm.layers
  warnings.warn(f"Importing from {__name__} is deprecated, please import via timm.layers", FutureWarning)
/home/seungeon/Workspace/side/vlm/train_hybrid.py:18: DeprecationWarning: The distutils package is deprecated and slated for removal in Python 3.12. Use setuptools or check PEP 632 for potential alternatives
  from distutils.util import strtobool
Torch version: 2.9.1+cu128
cuda is loaded for process
here?
In my local computer
Namespace(epoch=100, gpu_number='0', data_name='cherry_juice', lr=0.0005, batch_size=6, shuffle=True, seed=0, tag='default', model_name='ViT-B-32', pretrained_name='laion2b_s34b_b79k', lora=1, default=False, foundation='CLIP', detection=1, preprocess=1, num_rule=0, object_names=['a photo of cherry picture label', 'a photo of 100% text label', 'a photo of bottle cap', 'a photo of black background'], objects_for_rules=[['a photo of cherry picture label'], ['a photo of cherry picture label', 'a photo of 100% text label'], ['a photo of cherry picture label'], ['a photo of 100% text label'], ['a photo of cherry picture label', 'a photo of 100% text label']], texts_for_rules=[['a photo of cherry picture label'], ['a photo of cherry picture label and 100% text label'], ['a photo of cherry picture label'], ['a photo of 100% text label'], ['a photo of fruit picture label and 100% text label']], mask=1, text=1, score='mean', ciriculam_learning=False, few_shot=1, shot=5, log=1, neg_loss=0, double_encoder=1, pretrained_count_path=None, ris=0, rule_select='', rule_list=[], num_negative=5, hybrid_model='winclip', hybrid_weight=0.3, hybrid_class_name='', hybrid_batch_size=16, hybrid_backbone='ViT-B-16-plus-240', hybrid_pretrained_dataset='laion400m_e32', hybrid_scales=[2, 3], hybrid_img_resize=240, hybrid_img_cropsize=240, hybrid_resolution=400, hybrid_promptad_epoch=100, hybrid_promptad_lr=0.002, hybrid_promptad_momentum=0.9, hybrid_promptad_weight_decay=0.0005, hybrid_promptad_eta_min=1e-05, hybrid_promptad_lambda1=0.001, hybrid_promptad_n_ctx=4, hybrid_promptad_n_pro=3, hybrid_promptad_n_ctx_ab=1, hybrid_promptad_n_pro_ab=4, early_stop_k=10, result_log_path='./results/train_hybrid_result.csv')
[Hybrid] method=winclip, class_name=juice_bottle, train=5, eval=73, base_path=/data3/seungeon/data/image/mvtec_loco_anomaly_detection/cherry_juice
grid 240 16 (15, 15)
[Hybrid-only] LA_AUC=0.77896, LA_AUPRC=0.66723, LA_F1=0.73418
[Data Description]
- Train: 5
- Test: 73

Train Start
[Test ROC-AUC]  -  SA: 0.00000,  LA: 0.69893
[Test AUPRC]  -  LA: 0.63208
[Test F1-max]  -  LA: 0.71264
Epoch: 0 | Loss: 13.383421897888184  | Negative Loss: 0.0
[Test ROC-AUC]  -  SA: 0.00000,  LA: 0.70122
[Test AUPRC]  -  LA: 0.63329
[Test F1-max]  -  LA: 0.71264
Epoch: 1 | Loss: 13.284469604492188  | Negative Loss: 0.0
[Test ROC-AUC]  -  SA: 0.00000,  LA: 0.76372
[Test AUPRC]  -  LA: 0.72816
[Test F1-max]  -  LA: 0.72941
Epoch: 2 | Loss: 12.145634651184082  | Negative Loss: 0.0
[Test ROC-AUC]  -  SA: 0.00000,  LA: 0.85671
[Test AUPRC]  -  LA: 0.81654
[Test F1-max]  -  LA: 0.78481
Epoch: 3 | Loss: 10.149822235107422  | Negative Loss: 0.0
[Test ROC-AUC]  -  SA: 0.00000,  LA: 0.89634
[Test AUPRC]  -  LA: 0.86285
[Test F1-max]  -  LA: 0.83117
Epoch: 4 | Loss: 7.49759578704834  | Negative Loss: 0.0
[Test ROC-AUC]  -  SA: 0.00000,  LA: 0.90015
[Test AUPRC]  -  LA: 0.86267
[Test F1-max]  -  LA: 0.84211
Epoch: 5 | Loss: 4.738628387451172  | Negative Loss: 0.0
[Test ROC-AUC]  -  SA: 0.00000,  LA: 0.89710
[Test AUPRC]  -  LA: 0.84613
[Test F1-max]  -  LA: 0.84932
Epoch: 6 | Loss: 2.6634583473205566  | Negative Loss: 0.0
[Test ROC-AUC]  -  SA: 0.00000,  LA: 0.90244
[Test AUPRC]  -  LA: 0.84909
[Test F1-max]  -  LA: 0.84932
Epoch: 7 | Loss: 1.5043933391571045  | Negative Loss: 0.0
[Test ROC-AUC]  -  SA: 0.00000,  LA: 0.90854
[Test AUPRC]  -  LA: 0.86041
[Test F1-max]  -  LA: 0.87671
Epoch: 8 | Loss: 0.9081790447235107  | Negative Loss: 0.0
[Test ROC-AUC]  -  SA: 0.00000,  LA: 0.90625
[Test AUPRC]  -  LA: 0.85009
[Test F1-max]  -  LA: 0.87671
Epoch: 9 | Loss: 0.5717127919197083  | Negative Loss: 0.0
[Test ROC-AUC]  -  SA: 0.00000,  LA: 0.90777
[Test AUPRC]  -  LA: 0.84833
[Test F1-max]  -  LA: 0.86486
Epoch: 10 | Loss: 0.3653004467487335  | Negative Loss: 0.0
[Test ROC-AUC]  -  SA: 0.00000,  LA: 0.90777
[Test AUPRC]  -  LA: 0.84110
[Test F1-max]  -  LA: 0.86567
Epoch: 11 | Loss: 0.22911448776721954  | Negative Loss: 0.0
[Test ROC-AUC]  -  SA: 0.00000,  LA: 0.90625
[Test AUPRC]  -  LA: 0.83933
[Test F1-max]  -  LA: 0.86567
Epoch: 12 | Loss: 0.1412038505077362  | Negative Loss: 0.0
[Test ROC-AUC]  -  SA: 0.00000,  LA: 0.90396
[Test AUPRC]  -  LA: 0.83269
[Test F1-max]  -  LA: 0.86567
Epoch: 13 | Loss: 0.08465219289064407  | Negative Loss: 0.0
[Test ROC-AUC]  -  SA: 0.00000,  LA: 0.90015
[Test AUPRC]  -  LA: 0.82598
[Test F1-max]  -  LA: 0.85294
Epoch: 14 | Loss: 0.04958266019821167  | Negative Loss: 0.0
[Test ROC-AUC]  -  SA: 0.00000,  LA: 0.89787
[Test AUPRC]  -  LA: 0.82212
[Test F1-max]  -  LA: 0.85294
Epoch: 15 | Loss: 0.028721630573272705  | Negative Loss: 0.0
[Test ROC-AUC]  -  SA: 0.00000,  LA: 0.90091
[Test AUPRC]  -  LA: 0.82741
[Test F1-max]  -  LA: 0.85294
Epoch: 16 | Loss: 0.016574684530496597  | Negative Loss: 0.0
[Test ROC-AUC]  -  SA: 0.00000,  LA: 0.89787
[Test AUPRC]  -  LA: 0.80936
[Test F1-max]  -  LA: 0.85294
Epoch: 17 | Loss: 0.009619388729333878  | Negative Loss: 0.0
[Test ROC-AUC]  -  SA: 0.00000,  LA: 0.89863
[Test AUPRC]  -  LA: 0.79893
[Test F1-max]  -  LA: 0.85294
Epoch: 18 | Loss: 0.005631883628666401  | Negative Loss: 0.0
[Test ROC-AUC]  -  SA: 0.00000,  LA: 0.89787
[Test AUPRC]  -  LA: 0.80014
[Test F1-max]  -  LA: 0.83333
Epoch: 19 | Loss: 0.003345041535794735  | Negative Loss: 0.0
[Test ROC-AUC]  -  SA: 0.00000,  LA: 0.89558
[Test AUPRC]  -  LA: 0.79611
[Test F1-max]  -  LA: 0.83333
Epoch: 20 | Loss: 0.002023025881499052  | Negative Loss: 0.0
[Test ROC-AUC]  -  SA: 0.00000,  LA: 0.89024
[Test AUPRC]  -  LA: 0.78516
[Test F1-max]  -  LA: 0.83077
Epoch: 21 | Loss: 0.0012491351226344705  | Negative Loss: 0.0
[Test ROC-AUC]  -  SA: 0.00000,  LA: 0.89024
[Test AUPRC]  -  LA: 0.79311
[Test F1-max]  -  LA: 0.83077
Epoch: 22 | Loss: 0.0007892181165516376  | Negative Loss: 0.0
[Test ROC-AUC]  -  SA: 0.00000,  LA: 0.88948
[Test AUPRC]  -  LA: 0.79026
[Test F1-max]  -  LA: 0.83077
Epoch: 23 | Loss: 0.0005107971373945475  | Negative Loss: 0.0
[Test ROC-AUC]  -  SA: 0.00000,  LA: 0.88491
[Test AUPRC]  -  LA: 0.78496
[Test F1-max]  -  LA: 0.82857
Epoch: 24 | Loss: 0.0003386363969184458  | Negative Loss: 0.0
[Test ROC-AUC]  -  SA: 0.00000,  LA: 0.88262
[Test AUPRC]  -  LA: 0.78025
[Test F1-max]  -  LA: 0.82857
Epoch: 25 | Loss: 0.00022941341740079224  | Negative Loss: 0.0
[Test ROC-AUC]  -  SA: 0.00000,  LA: 0.87957
[Test AUPRC]  -  LA: 0.77775
[Test F1-max]  -  LA: 0.81690
Epoch: 26 | Loss: 0.00015899342542979866  | Negative Loss: 0.0
[Test ROC-AUC]  -  SA: 0.00000,  LA: 0.87881
[Test AUPRC]  -  LA: 0.77707
[Test F1-max]  -  LA: 0.81690
Epoch: 27 | Loss: 0.00011267270019743592  | Negative Loss: 0.0
[Test ROC-AUC]  -  SA: 0.00000,  LA: 0.87500
[Test AUPRC]  -  LA: 0.77412
[Test F1-max]  -  LA: 0.80000
Epoch: 28 | Loss: 8.151329529937357e-05  | Negative Loss: 0.0
[Test ROC-AUC]  -  SA: 0.00000,  LA: 0.87195
[Test AUPRC]  -  LA: 0.77125
[Test F1-max]  -  LA: 0.80000
Epoch: 29 | Loss: 6.0318809119053185e-05  | Negative Loss: 0.0
[Test ROC-AUC]  -  SA: 0.00000,  LA: 0.86738
[Test AUPRC]  -  LA: 0.76647
[Test F1-max]  -  LA: 0.79365
Epoch: 30 | Loss: 4.5465811126632616e-05  | Negative Loss: 0.0
[Test ROC-AUC]  -  SA: 0.00000,  LA: 0.86662
[Test AUPRC]  -  LA: 0.76567
[Test F1-max]  -  LA: 0.78788
Epoch: 31 | Loss: 3.504717460600659e-05  | Negative Loss: 0.0
[Test ROC-AUC]  -  SA: 0.00000,  LA: 0.86280
[Test AUPRC]  -  LA: 0.76389
[Test F1-max]  -  LA: 0.78788
[Early Stopping] LA AUROC dropped for 10 consecutive epochs. Stop at epoch 33/100.
Time consumption: 28.60535430908203
Best LA AUC: 0.9085365853658537
Best LA AUPC: 0.862849878660755
Best LA F1-max: 0.8767123287671234
[Result] Experiment result appended to ./results/train_hybrid_result.csv

[END] 2026-03-18 14:15:10
[RETURN CODE] 0
