[START] 2026-03-18 16:57:22
[GPU] 3
[INDEX] 55/80
[COMMAND] python train_hybrid.py --data_name blue_splicing --mask True --text True --double_encoder True --few_shot True --shot 5 --hybrid_model promptad --hybrid_weight 0.3 --hybrid_batch_size 16 --epoch 100 --log True --lr 5e-4 --detection True --preprocess True

/home/seungeon/miniconda3/envs/LAB/lib/python3.10/site-packages/timm/models/layers/__init__.py:48: FutureWarning: Importing from timm.models.layers is deprecated, please import via timm.layers
  warnings.warn(f"Importing from {__name__} is deprecated, please import via timm.layers", FutureWarning)
/home/seungeon/Workspace/side/vlm/train_hybrid.py:18: DeprecationWarning: The distutils package is deprecated and slated for removal in Python 3.12. Use setuptools or check PEP 632 for potential alternatives
  from distutils.util import strtobool
Torch version: 2.9.1+cu128
cuda is loaded for process
here?
In my local computer
Namespace(epoch=100, gpu_number='0', data_name='blue_splicing', lr=0.0005, batch_size=6, shuffle=True, seed=0, tag='default', model_name='ViT-B-32', pretrained_name='laion2b_s34b_b79k', lora=1, default=False, foundation='CLIP', detection=1, preprocess=1, num_rule=0, object_names=['a photo of orange connector', 'a photo of blue cable', 'a photo of yellow cable', 'a photo of red cable', 'a photo of metal panel'], objects_for_rules=[['a photo of orange connector'], ['a photo of orange connector'], ['a photo of blue cable'], ['a photo of blue cable'], ['a photo of orange connector'], ['a photo of orange connector', 'a photo of blue cable']], texts_for_rules=[['a photo of orange connector'], ['a photo of orange connector'], ['a photo of cable'], ['a photo of yellow cable'], ['a photo of blue cable'], ['a photo of orange connector and blue cable']], mask=1, text=1, score='mean', ciriculam_learning=False, few_shot=1, shot=5, log=1, neg_loss=0, double_encoder=1, pretrained_count_path=None, ris=0, rule_select='', rule_list=[], num_negative=5, hybrid_model='promptad', hybrid_weight=0.3, hybrid_class_name='', hybrid_batch_size=16, hybrid_backbone='ViT-B-16-plus-240', hybrid_pretrained_dataset='laion400m_e32', hybrid_scales=[2, 3], hybrid_img_resize=240, hybrid_img_cropsize=240, hybrid_resolution=400, hybrid_promptad_epoch=100, hybrid_promptad_lr=0.002, hybrid_promptad_momentum=0.9, hybrid_promptad_weight_decay=0.0005, hybrid_promptad_eta_min=1e-05, hybrid_promptad_lambda1=0.001, hybrid_promptad_n_ctx=4, hybrid_promptad_n_pro=3, hybrid_promptad_n_ctx_ab=1, hybrid_promptad_n_pro_ab=4, early_stop_k=10, result_log_path='./results/train_hybrid_result.csv')
[Hybrid] method=promptad, class_name=splicing_connectors, train=5, eval=70, base_path=/data3/seungeon/data/image/mvtec_loco_anomaly_detection/blue_splicing
[Hybrid-only] LA_AUC=0.64625, LA_AUPRC=0.67692, LA_F1=0.79592
[Data Description]
- Train: 5
- Test: 70

Train Start
[Test ROC-AUC]  -  SA: 0.00000,  LA: 0.56750
[Test AUPRC]  -  LA: 0.60397
[Test F1-max]  -  LA: 0.76190
Epoch: 0 | Loss: 10.88817310333252  | Negative Loss: 0.0
[Test ROC-AUC]  -  SA: 0.00000,  LA: 0.57083
[Test AUPRC]  -  LA: 0.60903
[Test F1-max]  -  LA: 0.76190
Epoch: 1 | Loss: 10.817533493041992  | Negative Loss: 0.0
[Test ROC-AUC]  -  SA: 0.00000,  LA: 0.64000
[Test AUPRC]  -  LA: 0.65170
[Test F1-max]  -  LA: 0.75728
Epoch: 2 | Loss: 10.10693645477295  | Negative Loss: 0.0
[Test ROC-AUC]  -  SA: 0.00000,  LA: 0.69583
[Test AUPRC]  -  LA: 0.71293
[Test F1-max]  -  LA: 0.76471
Epoch: 3 | Loss: 8.960378646850586  | Negative Loss: 0.0
[Test ROC-AUC]  -  SA: 0.00000,  LA: 0.75250
[Test AUPRC]  -  LA: 0.79782
[Test F1-max]  -  LA: 0.79545
Epoch: 4 | Loss: 7.551710605621338  | Negative Loss: 0.0
[Test ROC-AUC]  -  SA: 0.00000,  LA: 0.76250
[Test AUPRC]  -  LA: 0.80972
[Test F1-max]  -  LA: 0.79167
Epoch: 5 | Loss: 6.151996612548828  | Negative Loss: 0.0
[Test ROC-AUC]  -  SA: 0.00000,  LA: 0.78417
[Test AUPRC]  -  LA: 0.82239
[Test F1-max]  -  LA: 0.80851
Epoch: 6 | Loss: 4.9439005851745605  | Negative Loss: 0.0
[Test ROC-AUC]  -  SA: 0.00000,  LA: 0.78417
[Test AUPRC]  -  LA: 0.78553
[Test F1-max]  -  LA: 0.81720
Epoch: 7 | Loss: 3.931245803833008  | Negative Loss: 0.0
[Test ROC-AUC]  -  SA: 0.00000,  LA: 0.79333
[Test AUPRC]  -  LA: 0.78427
[Test F1-max]  -  LA: 0.82105
Epoch: 8 | Loss: 3.0892281532287598  | Negative Loss: 0.0
[Test ROC-AUC]  -  SA: 0.00000,  LA: 0.80333
[Test AUPRC]  -  LA: 0.78393
[Test F1-max]  -  LA: 0.82222
Epoch: 9 | Loss: 2.387470245361328  | Negative Loss: 0.0
[Test ROC-AUC]  -  SA: 0.00000,  LA: 0.80917
[Test AUPRC]  -  LA: 0.78923
[Test F1-max]  -  LA: 0.83516
Epoch: 10 | Loss: 1.8090564012527466  | Negative Loss: 0.0
[Test ROC-AUC]  -  SA: 0.00000,  LA: 0.80250
[Test AUPRC]  -  LA: 0.81203
[Test F1-max]  -  LA: 0.84444
Epoch: 11 | Loss: 1.3219819068908691  | Negative Loss: 0.0
[Test ROC-AUC]  -  SA: 0.00000,  LA: 0.79333
[Test AUPRC]  -  LA: 0.80709
[Test F1-max]  -  LA: 0.84091
Epoch: 12 | Loss: 0.9268450736999512  | Negative Loss: 0.0
[Test ROC-AUC]  -  SA: 0.00000,  LA: 0.79917
[Test AUPRC]  -  LA: 0.80852
[Test F1-max]  -  LA: 0.84706
Epoch: 13 | Loss: 0.6201304793357849  | Negative Loss: 0.0
[Test ROC-AUC]  -  SA: 0.00000,  LA: 0.81083
[Test AUPRC]  -  LA: 0.82679
[Test F1-max]  -  LA: 0.84706
Epoch: 14 | Loss: 0.3948526382446289  | Negative Loss: 0.0
[Test ROC-AUC]  -  SA: 0.00000,  LA: 0.81333
[Test AUPRC]  -  LA: 0.83243
[Test F1-max]  -  LA: 0.83721
Epoch: 15 | Loss: 0.24071259796619415  | Negative Loss: 0.0
[Test ROC-AUC]  -  SA: 0.00000,  LA: 0.81417
[Test AUPRC]  -  LA: 0.83509
[Test F1-max]  -  LA: 0.82759
Epoch: 16 | Loss: 0.14173024892807007  | Negative Loss: 0.0
[Test ROC-AUC]  -  SA: 0.00000,  LA: 0.80750
[Test AUPRC]  -  LA: 0.83152
[Test F1-max]  -  LA: 0.81818
Epoch: 17 | Loss: 0.08159475773572922  | Negative Loss: 0.0
[Test ROC-AUC]  -  SA: 0.00000,  LA: 0.79833
[Test AUPRC]  -  LA: 0.83084
[Test F1-max]  -  LA: 0.81250
Epoch: 18 | Loss: 0.04637281224131584  | Negative Loss: 0.0
[Test ROC-AUC]  -  SA: 0.00000,  LA: 0.78500
[Test AUPRC]  -  LA: 0.81832
[Test F1-max]  -  LA: 0.81250
Epoch: 19 | Loss: 0.026250574737787247  | Negative Loss: 0.0
[Test ROC-AUC]  -  SA: 0.00000,  LA: 0.77167
[Test AUPRC]  -  LA: 0.81274
[Test F1-max]  -  LA: 0.80435
Epoch: 20 | Loss: 0.01485750637948513  | Negative Loss: 0.0
[Test ROC-AUC]  -  SA: 0.00000,  LA: 0.75583
[Test AUPRC]  -  LA: 0.78272
[Test F1-max]  -  LA: 0.79592
Epoch: 21 | Loss: 0.008450686000287533  | Negative Loss: 0.0
[Test ROC-AUC]  -  SA: 0.00000,  LA: 0.74917
[Test AUPRC]  -  LA: 0.76808
[Test F1-max]  -  LA: 0.79592
Epoch: 22 | Loss: 0.004840123932808638  | Negative Loss: 0.0
[Test ROC-AUC]  -  SA: 0.00000,  LA: 0.73167
[Test AUPRC]  -  LA: 0.74977
[Test F1-max]  -  LA: 0.78788
Epoch: 23 | Loss: 0.0027976841665804386  | Negative Loss: 0.0
[Test ROC-AUC]  -  SA: 0.00000,  LA: 0.72417
[Test AUPRC]  -  LA: 0.71982
[Test F1-max]  -  LA: 0.78788
Epoch: 24 | Loss: 0.0016369698569178581  | Negative Loss: 0.0
[Test ROC-AUC]  -  SA: 0.00000,  LA: 0.71750
[Test AUPRC]  -  LA: 0.71230
[Test F1-max]  -  LA: 0.78788
Epoch: 25 | Loss: 0.0009727283613756299  | Negative Loss: 0.0
[Test ROC-AUC]  -  SA: 0.00000,  LA: 0.71417
[Test AUPRC]  -  LA: 0.71213
[Test F1-max]  -  LA: 0.78431
[Early Stopping] LA AUROC dropped for 10 consecutive epochs. Stop at epoch 27/100.
Time consumption: 26.138469696044922
Best LA AUC: 0.8141666666666667
Best LA AUPC: 0.8350911368637643
Best LA F1-max: 0.8470588235294118
[Result] Experiment result appended to ./results/train_hybrid_result.csv

[END] 2026-03-18 16:59:39
[RETURN CODE] 0
