[START] 2026-03-18 17:44:35
[GPU] 3
[INDEX] 70/80
[COMMAND] python train_hybrid.py --data_name red_splicing --mask True --text True --double_encoder True --few_shot True --shot 5 --hybrid_model promptad --hybrid_weight 0.3 --hybrid_batch_size 16 --epoch 100 --log True --lr 5e-4 --detection True --preprocess True

/home/seungeon/miniconda3/envs/LAB/lib/python3.10/site-packages/timm/models/layers/__init__.py:48: FutureWarning: Importing from timm.models.layers is deprecated, please import via timm.layers
  warnings.warn(f"Importing from {__name__} is deprecated, please import via timm.layers", FutureWarning)
/home/seungeon/Workspace/side/vlm/train_hybrid.py:18: DeprecationWarning: The distutils package is deprecated and slated for removal in Python 3.12. Use setuptools or check PEP 632 for potential alternatives
  from distutils.util import strtobool
Torch version: 2.9.1+cu128
cuda is loaded for process
here?
In my local computer
Namespace(epoch=100, gpu_number='0', data_name='red_splicing', lr=0.0005, batch_size=6, shuffle=True, seed=0, tag='default', model_name='ViT-B-32', pretrained_name='laion2b_s34b_b79k', lora=1, default=False, foundation='CLIP', detection=1, preprocess=1, num_rule=0, object_names=['a photo of orange connector', 'a photo of red cable', 'a photo of yellow cable', 'a photo of blue cable', 'a photo of metal panel'], objects_for_rules=[['a photo of orange connector'], ['a photo of orange connector'], ['a photo of red cable'], ['a photo of red cable'], ['a photo of orange connector'], ['a photo of orange connector', 'a photo of red cable']], texts_for_rules=[['a photo of orange connector'], ['a photo of orange connector'], ['a photo of red cable'], ['a photo of red cable'], ['a photo of orange connector'], ['a photo of orange connector and red cable']], mask=1, text=1, score='mean', ciriculam_learning=False, few_shot=1, shot=5, log=1, neg_loss=0, double_encoder=1, pretrained_count_path=None, ris=0, rule_select='', rule_list=[], num_negative=5, hybrid_model='promptad', hybrid_weight=0.3, hybrid_class_name='', hybrid_batch_size=16, hybrid_backbone='ViT-B-16-plus-240', hybrid_pretrained_dataset='laion400m_e32', hybrid_scales=[2, 3], hybrid_img_resize=240, hybrid_img_cropsize=240, hybrid_resolution=400, hybrid_promptad_epoch=100, hybrid_promptad_lr=0.002, hybrid_promptad_momentum=0.9, hybrid_promptad_weight_decay=0.0005, hybrid_promptad_eta_min=1e-05, hybrid_promptad_lambda1=0.001, hybrid_promptad_n_ctx=4, hybrid_promptad_n_pro=3, hybrid_promptad_n_ctx_ab=1, hybrid_promptad_n_pro_ab=4, early_stop_k=10, result_log_path='./results/train_hybrid_result.csv')
[Hybrid] method=promptad, class_name=splicing_connectors, train=5, eval=89, base_path=/data3/seungeon/data/image/mvtec_loco_anomaly_detection/red_splicing
[Hybrid-only] LA_AUC=0.79133, LA_AUPRC=0.69894, LA_F1=0.79208
[Data Description]
- Train: 5
- Test: 89

Train Start
[Test ROC-AUC]  -  SA: 0.00000,  LA: 0.53980
[Test AUPRC]  -  LA: 0.44971
[Test F1-max]  -  LA: 0.63415
Epoch: 0 | Loss: 15.902276992797852  | Negative Loss: 0.0
[Test ROC-AUC]  -  SA: 0.00000,  LA: 0.54337
[Test AUPRC]  -  LA: 0.45262
[Test F1-max]  -  LA: 0.63415
Epoch: 1 | Loss: 15.798027038574219  | Negative Loss: 0.0
[Test ROC-AUC]  -  SA: 0.00000,  LA: 0.58010
[Test AUPRC]  -  LA: 0.50896
[Test F1-max]  -  LA: 0.63793
Epoch: 2 | Loss: 14.874177932739258  | Negative Loss: 0.0
[Test ROC-AUC]  -  SA: 0.00000,  LA: 0.62883
[Test AUPRC]  -  LA: 0.53949
[Test F1-max]  -  LA: 0.64516
Epoch: 3 | Loss: 13.24720573425293  | Negative Loss: 0.0
[Test ROC-AUC]  -  SA: 0.00000,  LA: 0.67296
[Test AUPRC]  -  LA: 0.55417
[Test F1-max]  -  LA: 0.69231
Epoch: 4 | Loss: 11.164878845214844  | Negative Loss: 0.0
[Test ROC-AUC]  -  SA: 0.00000,  LA: 0.68469
[Test AUPRC]  -  LA: 0.55282
[Test F1-max]  -  LA: 0.72072
Epoch: 5 | Loss: 9.128785133361816  | Negative Loss: 0.0
[Test ROC-AUC]  -  SA: 0.00000,  LA: 0.69745
[Test AUPRC]  -  LA: 0.59478
[Test F1-max]  -  LA: 0.72549
Epoch: 6 | Loss: 7.400816440582275  | Negative Loss: 0.0
[Test ROC-AUC]  -  SA: 0.00000,  LA: 0.70791
[Test AUPRC]  -  LA: 0.62249
[Test F1-max]  -  LA: 0.72222
Epoch: 7 | Loss: 6.034712791442871  | Negative Loss: 0.0
[Test ROC-AUC]  -  SA: 0.00000,  LA: 0.72092
[Test AUPRC]  -  LA: 0.64916
[Test F1-max]  -  LA: 0.72222
Epoch: 8 | Loss: 4.951984405517578  | Negative Loss: 0.0
[Test ROC-AUC]  -  SA: 0.00000,  LA: 0.73929
[Test AUPRC]  -  LA: 0.67604
[Test F1-max]  -  LA: 0.71845
Epoch: 9 | Loss: 4.014248371124268  | Negative Loss: 0.0
[Test ROC-AUC]  -  SA: 0.00000,  LA: 0.75816
[Test AUPRC]  -  LA: 0.70180
[Test F1-max]  -  LA: 0.73267
Epoch: 10 | Loss: 3.2015461921691895  | Negative Loss: 0.0
[Test ROC-AUC]  -  SA: 0.00000,  LA: 0.77143
[Test AUPRC]  -  LA: 0.71082
[Test F1-max]  -  LA: 0.74227
Epoch: 11 | Loss: 2.5068905353546143  | Negative Loss: 0.0
[Test ROC-AUC]  -  SA: 0.00000,  LA: 0.78622
[Test AUPRC]  -  LA: 0.71540
[Test F1-max]  -  LA: 0.75000
Epoch: 12 | Loss: 1.9249799251556396  | Negative Loss: 0.0
[Test ROC-AUC]  -  SA: 0.00000,  LA: 0.79184
[Test AUPRC]  -  LA: 0.72048
[Test F1-max]  -  LA: 0.76087
Epoch: 13 | Loss: 1.4396288394927979  | Negative Loss: 0.0
[Test ROC-AUC]  -  SA: 0.00000,  LA: 0.79745
[Test AUPRC]  -  LA: 0.70848
[Test F1-max]  -  LA: 0.76190
Epoch: 14 | Loss: 1.0389635562896729  | Negative Loss: 0.0
[Test ROC-AUC]  -  SA: 0.00000,  LA: 0.80357
[Test AUPRC]  -  LA: 0.71473
[Test F1-max]  -  LA: 0.76190
Epoch: 15 | Loss: 0.7235051393508911  | Negative Loss: 0.0
[Test ROC-AUC]  -  SA: 0.00000,  LA: 0.80765
[Test AUPRC]  -  LA: 0.72172
[Test F1-max]  -  LA: 0.77670
Epoch: 16 | Loss: 0.48949000239372253  | Negative Loss: 0.0
[Test ROC-AUC]  -  SA: 0.00000,  LA: 0.81276
[Test AUPRC]  -  LA: 0.73024
[Test F1-max]  -  LA: 0.78431
Epoch: 17 | Loss: 0.3227189779281616  | Negative Loss: 0.0
[Test ROC-AUC]  -  SA: 0.00000,  LA: 0.81888
[Test AUPRC]  -  LA: 0.71905
[Test F1-max]  -  LA: 0.78431
Epoch: 18 | Loss: 0.208397775888443  | Negative Loss: 0.0
[Test ROC-AUC]  -  SA: 0.00000,  LA: 0.82449
[Test AUPRC]  -  LA: 0.74572
[Test F1-max]  -  LA: 0.78431
Epoch: 19 | Loss: 0.13189803063869476  | Negative Loss: 0.0
[Test ROC-AUC]  -  SA: 0.00000,  LA: 0.82704
[Test AUPRC]  -  LA: 0.74763
[Test F1-max]  -  LA: 0.78788
Epoch: 20 | Loss: 0.08245578408241272  | Negative Loss: 0.0
[Test ROC-AUC]  -  SA: 0.00000,  LA: 0.83418
[Test AUPRC]  -  LA: 0.75321
[Test F1-max]  -  LA: 0.79208
Epoch: 21 | Loss: 0.051524095237255096  | Negative Loss: 0.0
[Test ROC-AUC]  -  SA: 0.00000,  LA: 0.83724
[Test AUPRC]  -  LA: 0.76587
[Test F1-max]  -  LA: 0.79592
Epoch: 22 | Loss: 0.03234367445111275  | Negative Loss: 0.0
[Test ROC-AUC]  -  SA: 0.00000,  LA: 0.84082
[Test AUPRC]  -  LA: 0.76986
[Test F1-max]  -  LA: 0.80000
Epoch: 23 | Loss: 0.02043560892343521  | Negative Loss: 0.0
[Test ROC-AUC]  -  SA: 0.00000,  LA: 0.84694
[Test AUPRC]  -  LA: 0.77759
[Test F1-max]  -  LA: 0.80808
Epoch: 24 | Loss: 0.013014847412705421  | Negative Loss: 0.0
[Test ROC-AUC]  -  SA: 0.00000,  LA: 0.85102
[Test AUPRC]  -  LA: 0.78625
[Test F1-max]  -  LA: 0.80808
Epoch: 25 | Loss: 0.008368341252207756  | Negative Loss: 0.0
[Test ROC-AUC]  -  SA: 0.00000,  LA: 0.85255
[Test AUPRC]  -  LA: 0.79124
[Test F1-max]  -  LA: 0.80808
Epoch: 26 | Loss: 0.005452369339764118  | Negative Loss: 0.0
[Test ROC-AUC]  -  SA: 0.00000,  LA: 0.85459
[Test AUPRC]  -  LA: 0.79134
[Test F1-max]  -  LA: 0.80808
Epoch: 27 | Loss: 0.0036053613293915987  | Negative Loss: 0.0
[Test ROC-AUC]  -  SA: 0.00000,  LA: 0.85510
[Test AUPRC]  -  LA: 0.79151
[Test F1-max]  -  LA: 0.80808
Epoch: 28 | Loss: 0.0024235753808170557  | Negative Loss: 0.0
[Test ROC-AUC]  -  SA: 0.00000,  LA: 0.85714
[Test AUPRC]  -  LA: 0.79646
[Test F1-max]  -  LA: 0.80808
Epoch: 29 | Loss: 0.0016572801396250725  | Negative Loss: 0.0
[Test ROC-AUC]  -  SA: 0.00000,  LA: 0.85918
[Test AUPRC]  -  LA: 0.79543
[Test F1-max]  -  LA: 0.80808
Epoch: 30 | Loss: 0.0011527620954439044  | Negative Loss: 0.0
[Test ROC-AUC]  -  SA: 0.00000,  LA: 0.86173
[Test AUPRC]  -  LA: 0.79673
[Test F1-max]  -  LA: 0.80808
Epoch: 31 | Loss: 0.0008153032977133989  | Negative Loss: 0.0
[Test ROC-AUC]  -  SA: 0.00000,  LA: 0.86224
[Test AUPRC]  -  LA: 0.80081
[Test F1-max]  -  LA: 0.80808
Epoch: 32 | Loss: 0.0005872396286576986  | Negative Loss: 0.0
[Test ROC-AUC]  -  SA: 0.00000,  LA: 0.86327
[Test AUPRC]  -  LA: 0.80501
[Test F1-max]  -  LA: 0.80412
Epoch: 33 | Loss: 0.0004310306394472718  | Negative Loss: 0.0
[Test ROC-AUC]  -  SA: 0.00000,  LA: 0.86429
[Test AUPRC]  -  LA: 0.80194
[Test F1-max]  -  LA: 0.80808
Epoch: 34 | Loss: 0.00032213458325713873  | Negative Loss: 0.0
[Test ROC-AUC]  -  SA: 0.00000,  LA: 0.86378
[Test AUPRC]  -  LA: 0.79869
[Test F1-max]  -  LA: 0.80899
Epoch: 35 | Loss: 0.0002452516637276858  | Negative Loss: 0.0
[Test ROC-AUC]  -  SA: 0.00000,  LA: 0.86429
[Test AUPRC]  -  LA: 0.79502
[Test F1-max]  -  LA: 0.80899
Epoch: 36 | Loss: 0.000189894693903625  | Negative Loss: 0.0
[Test ROC-AUC]  -  SA: 0.00000,  LA: 0.86327
[Test AUPRC]  -  LA: 0.78807
[Test F1-max]  -  LA: 0.80899
Epoch: 37 | Loss: 0.0001495087635703385  | Negative Loss: 0.0
[Test ROC-AUC]  -  SA: 0.00000,  LA: 0.86224
[Test AUPRC]  -  LA: 0.76992
[Test F1-max]  -  LA: 0.80899
Epoch: 38 | Loss: 0.00011963618453592062  | Negative Loss: 0.0
[Test ROC-AUC]  -  SA: 0.00000,  LA: 0.86224
[Test AUPRC]  -  LA: 0.76992
[Test F1-max]  -  LA: 0.80899
Epoch: 39 | Loss: 9.717792272567749e-05  | Negative Loss: 0.0
[Test ROC-AUC]  -  SA: 0.00000,  LA: 0.86173
[Test AUPRC]  -  LA: 0.76952
[Test F1-max]  -  LA: 0.81818
Epoch: 40 | Loss: 7.998842193046585e-05  | Negative Loss: 0.0
[Test ROC-AUC]  -  SA: 0.00000,  LA: 0.86071
[Test AUPRC]  -  LA: 0.76770
[Test F1-max]  -  LA: 0.81818
Epoch: 41 | Loss: 6.689954170724377e-05  | Negative Loss: 0.0
[Test ROC-AUC]  -  SA: 0.00000,  LA: 0.86020
[Test AUPRC]  -  LA: 0.76732
[Test F1-max]  -  LA: 0.80899
Epoch: 42 | Loss: 5.650469393003732e-05  | Negative Loss: 0.0
[Test ROC-AUC]  -  SA: 0.00000,  LA: 0.85969
[Test AUPRC]  -  LA: 0.76693
[Test F1-max]  -  LA: 0.80899
Epoch: 43 | Loss: 4.8350913857575506e-05  | Negative Loss: 0.0
[Test ROC-AUC]  -  SA: 0.00000,  LA: 0.85867
[Test AUPRC]  -  LA: 0.76487
[Test F1-max]  -  LA: 0.80899
Epoch: 44 | Loss: 4.1866020183078945e-05  | Negative Loss: 0.0
[Test ROC-AUC]  -  SA: 0.00000,  LA: 0.85612
[Test AUPRC]  -  LA: 0.76170
[Test F1-max]  -  LA: 0.80899
Epoch: 45 | Loss: 3.66208769264631e-05  | Negative Loss: 0.0
[Test ROC-AUC]  -  SA: 0.00000,  LA: 0.85510
[Test AUPRC]  -  LA: 0.76051
[Test F1-max]  -  LA: 0.80899
Epoch: 46 | Loss: 3.230555012123659e-05  | Negative Loss: 0.0
[Test ROC-AUC]  -  SA: 0.00000,  LA: 0.85561
[Test AUPRC]  -  LA: 0.77113
[Test F1-max]  -  LA: 0.80435
Epoch: 47 | Loss: 2.8729305995511822e-05  | Negative Loss: 0.0
[Test ROC-AUC]  -  SA: 0.00000,  LA: 0.85510
[Test AUPRC]  -  LA: 0.77068
[Test F1-max]  -  LA: 0.80435
Epoch: 48 | Loss: 2.5844465199043043e-05  | Negative Loss: 0.0
[Test ROC-AUC]  -  SA: 0.00000,  LA: 0.85459
[Test AUPRC]  -  LA: 0.76975
[Test F1-max]  -  LA: 0.80435
Epoch: 49 | Loss: 2.3317246814258397e-05  | Negative Loss: 0.0
[Test ROC-AUC]  -  SA: 0.00000,  LA: 0.85408
[Test AUPRC]  -  LA: 0.76926
[Test F1-max]  -  LA: 0.80435
Epoch: 50 | Loss: 2.1314546756912023e-05  | Negative Loss: 0.0
[Test ROC-AUC]  -  SA: 0.00000,  LA: 0.85408
[Test AUPRC]  -  LA: 0.76926
[Test F1-max]  -  LA: 0.80435
Epoch: 51 | Loss: 1.9574101315811276e-05  | Negative Loss: 0.0
[Test ROC-AUC]  -  SA: 0.00000,  LA: 0.85459
[Test AUPRC]  -  LA: 0.76976
[Test F1-max]  -  LA: 0.80435
Epoch: 52 | Loss: 1.8072074453812093e-05  | Negative Loss: 0.0
[Test ROC-AUC]  -  SA: 0.00000,  LA: 0.85561
[Test AUPRC]  -  LA: 0.77056
[Test F1-max]  -  LA: 0.81319
Epoch: 53 | Loss: 1.6760779544711113e-05  | Negative Loss: 0.0
[Test ROC-AUC]  -  SA: 0.00000,  LA: 0.85561
[Test AUPRC]  -  LA: 0.77056
[Test F1-max]  -  LA: 0.81319
Epoch: 54 | Loss: 1.5664059901610017e-05  | Negative Loss: 0.0
[Test ROC-AUC]  -  SA: 0.00000,  LA: 0.85561
[Test AUPRC]  -  LA: 0.77033
[Test F1-max]  -  LA: 0.81319
Epoch: 55 | Loss: 1.4710390132677276e-05  | Negative Loss: 0.0
[Test ROC-AUC]  -  SA: 0.00000,  LA: 0.85561
[Test AUPRC]  -  LA: 0.77010
[Test F1-max]  -  LA: 0.81319
Epoch: 56 | Loss: 1.3923612641519867e-05  | Negative Loss: 0.0
[Test ROC-AUC]  -  SA: 0.00000,  LA: 0.85536
[Test AUPRC]  -  LA: 0.76971
[Test F1-max]  -  LA: 0.81319
Epoch: 57 | Loss: 1.3112994565744884e-05  | Negative Loss: 0.0
[Test ROC-AUC]  -  SA: 0.00000,  LA: 0.85561
[Test AUPRC]  -  LA: 0.77010
[Test F1-max]  -  LA: 0.81319
Epoch: 58 | Loss: 1.2516949936980382e-05  | Negative Loss: 0.0
[Test ROC-AUC]  -  SA: 0.00000,  LA: 0.85561
[Test AUPRC]  -  LA: 0.77169
[Test F1-max]  -  LA: 0.81319
Epoch: 59 | Loss: 1.1920905308215879e-05  | Negative Loss: 0.0
[Test ROC-AUC]  -  SA: 0.00000,  LA: 0.85561
[Test AUPRC]  -  LA: 0.77169
[Test F1-max]  -  LA: 0.81319
Epoch: 60 | Loss: 1.1420228474889882e-05  | Negative Loss: 0.0
[Test ROC-AUC]  -  SA: 0.00000,  LA: 0.85561
[Test AUPRC]  -  LA: 0.77169
[Test F1-max]  -  LA: 0.81319
Epoch: 61 | Loss: 1.094339313567616e-05  | Negative Loss: 0.0
[Test ROC-AUC]  -  SA: 0.00000,  LA: 0.85663
[Test AUPRC]  -  LA: 0.77523
[Test F1-max]  -  LA: 0.81319
Epoch: 62 | Loss: 1.051424078468699e-05  | Negative Loss: 0.0
[Test ROC-AUC]  -  SA: 0.00000,  LA: 0.85663
[Test AUPRC]  -  LA: 0.77523
[Test F1-max]  -  LA: 0.81319
Epoch: 63 | Loss: 1.0204297723248601e-05  | Negative Loss: 0.0
[Test ROC-AUC]  -  SA: 0.00000,  LA: 0.85612
[Test AUPRC]  -  LA: 0.77473
[Test F1-max]  -  LA: 0.81319
Epoch: 64 | Loss: 9.846670764090959e-06  | Negative Loss: 0.0
[Test ROC-AUC]  -  SA: 0.00000,  LA: 0.85561
[Test AUPRC]  -  LA: 0.77437
[Test F1-max]  -  LA: 0.80435
Epoch: 65 | Loss: 9.584411600371823e-06  | Negative Loss: 0.0
[Test ROC-AUC]  -  SA: 0.00000,  LA: 0.85561
[Test AUPRC]  -  LA: 0.77437
[Test F1-max]  -  LA: 0.80435
Epoch: 66 | Loss: 9.274468538933434e-06  | Negative Loss: 0.0
[Test ROC-AUC]  -  SA: 0.00000,  LA: 0.85561
[Test AUPRC]  -  LA: 0.77437
[Test F1-max]  -  LA: 0.80435
Epoch: 67 | Loss: 9.083732948056422e-06  | Negative Loss: 0.0
[Test ROC-AUC]  -  SA: 0.00000,  LA: 0.85561
[Test AUPRC]  -  LA: 0.77437
[Test F1-max]  -  LA: 0.80435
Epoch: 68 | Loss: 8.869157682056539e-06  | Negative Loss: 0.0
[Test ROC-AUC]  -  SA: 0.00000,  LA: 0.85561
[Test AUPRC]  -  LA: 0.77437
[Test F1-max]  -  LA: 0.80435
Epoch: 69 | Loss: 8.6068976088427e-06  | Negative Loss: 0.0
[Test ROC-AUC]  -  SA: 0.00000,  LA: 0.85561
[Test AUPRC]  -  LA: 0.77437
[Test F1-max]  -  LA: 0.80435
Epoch: 70 | Loss: 8.440005331067368e-06  | Negative Loss: 0.0
[Test ROC-AUC]  -  SA: 0.00000,  LA: 0.85561
[Test AUPRC]  -  LA: 0.77437
[Test F1-max]  -  LA: 0.80435
Epoch: 71 | Loss: 8.225428246078081e-06  | Negative Loss: 0.0
[Test ROC-AUC]  -  SA: 0.00000,  LA: 0.85612
[Test AUPRC]  -  LA: 0.77466
[Test F1-max]  -  LA: 0.80435
Epoch: 72 | Loss: 8.034695383685175e-06  | Negative Loss: 0.0
[Test ROC-AUC]  -  SA: 0.00000,  LA: 0.85612
[Test AUPRC]  -  LA: 0.77466
[Test F1-max]  -  LA: 0.80435
Epoch: 73 | Loss: 7.987011485965922e-06  | Negative Loss: 0.0
[Test ROC-AUC]  -  SA: 0.00000,  LA: 0.85561
[Test AUPRC]  -  LA: 0.77437
[Test F1-max]  -  LA: 0.80435
Epoch: 74 | Loss: 7.796277714078315e-06  | Negative Loss: 0.0
[Test ROC-AUC]  -  SA: 0.00000,  LA: 0.85561
[Test AUPRC]  -  LA: 0.77437
[Test F1-max]  -  LA: 0.80435
Epoch: 75 | Loss: 7.700909918639809e-06  | Negative Loss: 0.0
[Test ROC-AUC]  -  SA: 0.00000,  LA: 0.85561
[Test AUPRC]  -  LA: 0.77437
[Test F1-max]  -  LA: 0.80435
Epoch: 76 | Loss: 7.557859134976752e-06  | Negative Loss: 0.0
[Test ROC-AUC]  -  SA: 0.00000,  LA: 0.85561
[Test AUPRC]  -  LA: 0.77437
[Test F1-max]  -  LA: 0.80435
Epoch: 77 | Loss: 7.486333288397873e-06  | Negative Loss: 0.0
[Test ROC-AUC]  -  SA: 0.00000,  LA: 0.85561
[Test AUPRC]  -  LA: 0.77437
[Test F1-max]  -  LA: 0.80435
Epoch: 78 | Loss: 7.414808351313695e-06  | Negative Loss: 0.0
[Test ROC-AUC]  -  SA: 0.00000,  LA: 0.85561
[Test AUPRC]  -  LA: 0.77437
[Test F1-max]  -  LA: 0.80435
Epoch: 79 | Loss: 7.295599061762914e-06  | Negative Loss: 0.0
[Test ROC-AUC]  -  SA: 0.00000,  LA: 0.85561
[Test AUPRC]  -  LA: 0.77437
[Test F1-max]  -  LA: 0.80435
Epoch: 80 | Loss: 7.247915618791012e-06  | Negative Loss: 0.0
[Test ROC-AUC]  -  SA: 0.00000,  LA: 0.85561
[Test AUPRC]  -  LA: 0.77437
[Test F1-max]  -  LA: 0.80435
Epoch: 81 | Loss: 7.104865289875306e-06  | Negative Loss: 0.0
[Test ROC-AUC]  -  SA: 0.00000,  LA: 0.85561
[Test AUPRC]  -  LA: 0.77437
[Test F1-max]  -  LA: 0.80435
Epoch: 82 | Loss: 7.033339443296427e-06  | Negative Loss: 0.0
[Test ROC-AUC]  -  SA: 0.00000,  LA: 0.85510
[Test AUPRC]  -  LA: 0.77409
[Test F1-max]  -  LA: 0.80435
Epoch: 83 | Loss: 6.937972102605272e-06  | Negative Loss: 0.0
[Test ROC-AUC]  -  SA: 0.00000,  LA: 0.85561
[Test AUPRC]  -  LA: 0.77455
[Test F1-max]  -  LA: 0.80435
Epoch: 84 | Loss: 6.914130153745646e-06  | Negative Loss: 0.0
[Test ROC-AUC]  -  SA: 0.00000,  LA: 0.85561
[Test AUPRC]  -  LA: 0.77455
[Test F1-max]  -  LA: 0.80435
Epoch: 85 | Loss: 6.842604761914117e-06  | Negative Loss: 0.0
[Test ROC-AUC]  -  SA: 0.00000,  LA: 0.85510
[Test AUPRC]  -  LA: 0.77290
[Test F1-max]  -  LA: 0.80435
Epoch: 86 | Loss: 6.77107982482994e-06  | Negative Loss: 0.0
[Test ROC-AUC]  -  SA: 0.00000,  LA: 0.85510
[Test AUPRC]  -  LA: 0.77290
[Test F1-max]  -  LA: 0.80435
Epoch: 87 | Loss: 6.747237875970313e-06  | Negative Loss: 0.0
[Test ROC-AUC]  -  SA: 0.00000,  LA: 0.85459
[Test AUPRC]  -  LA: 0.77255
[Test F1-max]  -  LA: 0.80435
Epoch: 88 | Loss: 6.699554432998411e-06  | Negative Loss: 0.0
[Test ROC-AUC]  -  SA: 0.00000,  LA: 0.85459
[Test AUPRC]  -  LA: 0.77255
[Test F1-max]  -  LA: 0.80435
Epoch: 89 | Loss: 6.628029041166883e-06  | Negative Loss: 0.0
[Test ROC-AUC]  -  SA: 0.00000,  LA: 0.85459
[Test AUPRC]  -  LA: 0.77255
[Test F1-max]  -  LA: 0.80435
Epoch: 90 | Loss: 6.5565036493353546e-06  | Negative Loss: 0.0
[Test ROC-AUC]  -  SA: 0.00000,  LA: 0.85408
[Test AUPRC]  -  LA: 0.77217
[Test F1-max]  -  LA: 0.80435
Epoch: 91 | Loss: 6.484977802756475e-06  | Negative Loss: 0.0
[Test ROC-AUC]  -  SA: 0.00000,  LA: 0.85408
[Test AUPRC]  -  LA: 0.77217
[Test F1-max]  -  LA: 0.80435
Epoch: 92 | Loss: 6.437294359784573e-06  | Negative Loss: 0.0
[Test ROC-AUC]  -  SA: 0.00000,  LA: 0.85408
[Test AUPRC]  -  LA: 0.77217
[Test F1-max]  -  LA: 0.80435
Epoch: 93 | Loss: 6.3896104620653205e-06  | Negative Loss: 0.0
[Test ROC-AUC]  -  SA: 0.00000,  LA: 0.85357
[Test AUPRC]  -  LA: 0.77190
[Test F1-max]  -  LA: 0.80435
Epoch: 94 | Loss: 6.318085070233792e-06  | Negative Loss: 0.0
[Test ROC-AUC]  -  SA: 0.00000,  LA: 0.85357
[Test AUPRC]  -  LA: 0.77190
[Test F1-max]  -  LA: 0.80435
Epoch: 95 | Loss: 6.318085070233792e-06  | Negative Loss: 0.0
[Test ROC-AUC]  -  SA: 0.00000,  LA: 0.85357
[Test AUPRC]  -  LA: 0.77190
[Test F1-max]  -  LA: 0.80435
Epoch: 96 | Loss: 6.246559678402264e-06  | Negative Loss: 0.0
[Test ROC-AUC]  -  SA: 0.00000,  LA: 0.85306
[Test AUPRC]  -  LA: 0.76935
[Test F1-max]  -  LA: 0.80435
Epoch: 97 | Loss: 6.222718184289988e-06  | Negative Loss: 0.0
[Test ROC-AUC]  -  SA: 0.00000,  LA: 0.85306
[Test AUPRC]  -  LA: 0.76935
[Test F1-max]  -  LA: 0.80435
Epoch: 98 | Loss: 6.175034286570735e-06  | Negative Loss: 0.0
[Test ROC-AUC]  -  SA: 0.00000,  LA: 0.85306
[Test AUPRC]  -  LA: 0.76935
[Test F1-max]  -  LA: 0.80435
Epoch: 99 | Loss: 6.127350843598833e-06  | Negative Loss: 0.0
Time consumption: 108.8519058227539
Best LA AUC: 0.8642857142857143
Best LA AUPC: 0.8050125738222674
Best LA F1-max: 0.8181818181818182
[Result] Experiment result appended to ./results/train_hybrid_result.csv

[END] 2026-03-18 17:48:16
[RETURN CODE] 0
