[START] 2026-03-18 18:11:36
[GPU] 3
[INDEX] 78/80
[COMMAND] python train_hybrid.py --data_name yellow_splicing --mask True --text True --double_encoder True --few_shot True --shot 5 --hybrid_model promptad --hybrid_weight 0.3 --hybrid_batch_size 16 --epoch 100 --log True --lr 5e-4 --detection True --preprocess True

/home/seungeon/miniconda3/envs/LAB/lib/python3.10/site-packages/timm/models/layers/__init__.py:48: FutureWarning: Importing from timm.models.layers is deprecated, please import via timm.layers
  warnings.warn(f"Importing from {__name__} is deprecated, please import via timm.layers", FutureWarning)
/home/seungeon/Workspace/side/vlm/train_hybrid.py:18: DeprecationWarning: The distutils package is deprecated and slated for removal in Python 3.12. Use setuptools or check PEP 632 for potential alternatives
  from distutils.util import strtobool
Torch version: 2.9.1+cu128
cuda is loaded for process
here?
In my local computer
Namespace(epoch=100, gpu_number='0', data_name='yellow_splicing', lr=0.0005, batch_size=6, shuffle=True, seed=0, tag='default', model_name='ViT-B-32', pretrained_name='laion2b_s34b_b79k', lora=1, default=False, foundation='CLIP', detection=1, preprocess=1, num_rule=0, object_names=['a photo of orange connector', 'a photo of yellow cable', 'a photo of red cable', 'a photo of blue cable', 'a photo of metal panel'], objects_for_rules=[['a photo of orange connector'], ['a photo of orange connector'], ['a photo of yellow cable'], ['a photo of yellow cable'], ['a photo of orange connector'], ['a photo of orange connector', 'a photo of yellow cable']], texts_for_rules=[['a photo of orange connector'], ['a photo of orange connector'], ['a photo of yellow cable'], ['a photo of yellow cable'], ['a photo of orange connector'], ['a photo of orange connector and yellow cable']], mask=1, text=1, score='mean', ciriculam_learning=False, few_shot=1, shot=5, log=1, neg_loss=0, double_encoder=1, pretrained_count_path=None, ris=0, rule_select='', rule_list=[], num_negative=5, hybrid_model='promptad', hybrid_weight=0.3, hybrid_class_name='', hybrid_batch_size=16, hybrid_backbone='ViT-B-16-plus-240', hybrid_pretrained_dataset='laion400m_e32', hybrid_scales=[2, 3], hybrid_img_resize=240, hybrid_img_cropsize=240, hybrid_resolution=400, hybrid_promptad_epoch=100, hybrid_promptad_lr=0.002, hybrid_promptad_momentum=0.9, hybrid_promptad_weight_decay=0.0005, hybrid_promptad_eta_min=1e-05, hybrid_promptad_lambda1=0.001, hybrid_promptad_n_ctx=4, hybrid_promptad_n_pro=3, hybrid_promptad_n_ctx_ab=1, hybrid_promptad_n_pro_ab=4, early_stop_k=10, result_log_path='./results/train_hybrid_result.csv')
[Hybrid] method=promptad, class_name=splicing_connectors, train=5, eval=68, base_path=/data3/seungeon/data/image/mvtec_loco_anomaly_detection/yellow_splicing
[Hybrid-only] LA_AUC=0.73828, LA_AUPRC=0.77585, LA_F1=0.79070
[Data Description]
- Train: 5
- Test: 68

Train Start
[Test ROC-AUC]  -  SA: 0.00000,  LA: 0.52343
[Test AUPRC]  -  LA: 0.62925
[Test F1-max]  -  LA: 0.73585
Epoch: 0 | Loss: 15.595015525817871  | Negative Loss: 0.0
[Test ROC-AUC]  -  SA: 0.00000,  LA: 0.52431
[Test AUPRC]  -  LA: 0.62807
[Test F1-max]  -  LA: 0.73585
Epoch: 1 | Loss: 15.491451263427734  | Negative Loss: 0.0
[Test ROC-AUC]  -  SA: 0.00000,  LA: 0.56852
[Test AUPRC]  -  LA: 0.65287
[Test F1-max]  -  LA: 0.73585
Epoch: 2 | Loss: 14.387325286865234  | Negative Loss: 0.0
[Test ROC-AUC]  -  SA: 0.00000,  LA: 0.61892
[Test AUPRC]  -  LA: 0.68062
[Test F1-max]  -  LA: 0.74286
Epoch: 3 | Loss: 12.581226348876953  | Negative Loss: 0.0
[Test ROC-AUC]  -  SA: 0.00000,  LA: 0.65694
[Test AUPRC]  -  LA: 0.73583
[Test F1-max]  -  LA: 0.74286
Epoch: 4 | Loss: 10.470003128051758  | Negative Loss: 0.0
[Test ROC-AUC]  -  SA: 0.00000,  LA: 0.67905
[Test AUPRC]  -  LA: 0.75998
[Test F1-max]  -  LA: 0.74286
Epoch: 5 | Loss: 8.454432487487793  | Negative Loss: 0.0
[Test ROC-AUC]  -  SA: 0.00000,  LA: 0.68258
[Test AUPRC]  -  LA: 0.75521
[Test F1-max]  -  LA: 0.75000
Epoch: 6 | Loss: 6.7646989822387695  | Negative Loss: 0.0
[Test ROC-AUC]  -  SA: 0.00000,  LA: 0.68700
[Test AUPRC]  -  LA: 0.76146
[Test F1-max]  -  LA: 0.75000
Epoch: 7 | Loss: 5.350619316101074  | Negative Loss: 0.0
[Test ROC-AUC]  -  SA: 0.00000,  LA: 0.68081
[Test AUPRC]  -  LA: 0.75665
[Test F1-max]  -  LA: 0.75000
Epoch: 8 | Loss: 4.140974998474121  | Negative Loss: 0.0
[Test ROC-AUC]  -  SA: 0.00000,  LA: 0.68170
[Test AUPRC]  -  LA: 0.76090
[Test F1-max]  -  LA: 0.75000
Epoch: 9 | Loss: 3.136486530303955  | Negative Loss: 0.0
[Test ROC-AUC]  -  SA: 0.00000,  LA: 0.67993
[Test AUPRC]  -  LA: 0.75808
[Test F1-max]  -  LA: 0.75728
Epoch: 10 | Loss: 2.311584949493408  | Negative Loss: 0.0
[Test ROC-AUC]  -  SA: 0.00000,  LA: 0.67462
[Test AUPRC]  -  LA: 0.75611
[Test F1-max]  -  LA: 0.75728
Epoch: 11 | Loss: 1.6278976202011108  | Negative Loss: 0.0
[Test ROC-AUC]  -  SA: 0.00000,  LA: 0.67109
[Test AUPRC]  -  LA: 0.75562
[Test F1-max]  -  LA: 0.75000
Epoch: 12 | Loss: 1.0859025716781616  | Negative Loss: 0.0
[Test ROC-AUC]  -  SA: 0.00000,  LA: 0.66667
[Test AUPRC]  -  LA: 0.75294
[Test F1-max]  -  LA: 0.75000
Epoch: 13 | Loss: 0.6871812343597412  | Negative Loss: 0.0
[Test ROC-AUC]  -  SA: 0.00000,  LA: 0.66490
[Test AUPRC]  -  LA: 0.74912
[Test F1-max]  -  LA: 0.75000
Epoch: 14 | Loss: 0.4144490957260132  | Negative Loss: 0.0
[Test ROC-AUC]  -  SA: 0.00000,  LA: 0.66490
[Test AUPRC]  -  LA: 0.74828
[Test F1-max]  -  LA: 0.75000
Epoch: 15 | Loss: 0.2414473593235016  | Negative Loss: 0.0
[Test ROC-AUC]  -  SA: 0.00000,  LA: 0.66844
[Test AUPRC]  -  LA: 0.74200
[Test F1-max]  -  LA: 0.75000
Epoch: 16 | Loss: 0.1378563940525055  | Negative Loss: 0.0
[Test ROC-AUC]  -  SA: 0.00000,  LA: 0.67639
[Test AUPRC]  -  LA: 0.72958
[Test F1-max]  -  LA: 0.75728
Epoch: 17 | Loss: 0.07815965265035629  | Negative Loss: 0.0
[Test ROC-AUC]  -  SA: 0.00000,  LA: 0.68966
[Test AUPRC]  -  LA: 0.73340
[Test F1-max]  -  LA: 0.76289
Epoch: 18 | Loss: 0.04420718178153038  | Negative Loss: 0.0
[Test ROC-AUC]  -  SA: 0.00000,  LA: 0.70115
[Test AUPRC]  -  LA: 0.73950
[Test F1-max]  -  LA: 0.78351
Epoch: 19 | Loss: 0.025163037702441216  | Negative Loss: 0.0
[Test ROC-AUC]  -  SA: 0.00000,  LA: 0.71088
[Test AUPRC]  -  LA: 0.74587
[Test F1-max]  -  LA: 0.78351
Epoch: 20 | Loss: 0.01447024941444397  | Negative Loss: 0.0
[Test ROC-AUC]  -  SA: 0.00000,  LA: 0.71883
[Test AUPRC]  -  LA: 0.74248
[Test F1-max]  -  LA: 0.79167
Epoch: 21 | Loss: 0.008461123332381248  | Negative Loss: 0.0
[Test ROC-AUC]  -  SA: 0.00000,  LA: 0.72591
[Test AUPRC]  -  LA: 0.74208
[Test F1-max]  -  LA: 0.78788
Epoch: 22 | Loss: 0.005031601060181856  | Negative Loss: 0.0
[Test ROC-AUC]  -  SA: 0.00000,  LA: 0.72856
[Test AUPRC]  -  LA: 0.73900
[Test F1-max]  -  LA: 0.79592
Epoch: 23 | Loss: 0.0030501692090183496  | Negative Loss: 0.0
[Test ROC-AUC]  -  SA: 0.00000,  LA: 0.73475
[Test AUPRC]  -  LA: 0.74097
[Test F1-max]  -  LA: 0.79592
Epoch: 24 | Loss: 0.0018856459064409137  | Negative Loss: 0.0
[Test ROC-AUC]  -  SA: 0.00000,  LA: 0.74005
[Test AUPRC]  -  LA: 0.74709
[Test F1-max]  -  LA: 0.80412
Epoch: 25 | Loss: 0.0011896173236891627  | Negative Loss: 0.0
[Test ROC-AUC]  -  SA: 0.00000,  LA: 0.74713
[Test AUPRC]  -  LA: 0.75113
[Test F1-max]  -  LA: 0.80412
Epoch: 26 | Loss: 0.0007663421565666795  | Negative Loss: 0.0
[Test ROC-AUC]  -  SA: 0.00000,  LA: 0.75155
[Test AUPRC]  -  LA: 0.75263
[Test F1-max]  -  LA: 0.80412
Epoch: 27 | Loss: 0.0005041895201429725  | Negative Loss: 0.0
[Test ROC-AUC]  -  SA: 0.00000,  LA: 0.75774
[Test AUPRC]  -  LA: 0.75527
[Test F1-max]  -  LA: 0.81395
Epoch: 28 | Loss: 0.00033873895881697536  | Negative Loss: 0.0
[Test ROC-AUC]  -  SA: 0.00000,  LA: 0.75862
[Test AUPRC]  -  LA: 0.72791
[Test F1-max]  -  LA: 0.81395
Epoch: 29 | Loss: 0.00023261074966285378  | Negative Loss: 0.0
[Test ROC-AUC]  -  SA: 0.00000,  LA: 0.76039
[Test AUPRC]  -  LA: 0.72374
[Test F1-max]  -  LA: 0.81818
Epoch: 30 | Loss: 0.00016321429575327784  | Negative Loss: 0.0
[Test ROC-AUC]  -  SA: 0.00000,  LA: 0.76569
[Test AUPRC]  -  LA: 0.72672
[Test F1-max]  -  LA: 0.82105
Epoch: 31 | Loss: 0.00011708372039720416  | Negative Loss: 0.0
[Test ROC-AUC]  -  SA: 0.00000,  LA: 0.76658
[Test AUPRC]  -  LA: 0.72730
[Test F1-max]  -  LA: 0.82105
Epoch: 32 | Loss: 8.570950740249828e-05  | Negative Loss: 0.0
[Test ROC-AUC]  -  SA: 0.00000,  LA: 0.76835
[Test AUPRC]  -  LA: 0.72781
[Test F1-max]  -  LA: 0.82105
Epoch: 33 | Loss: 6.399045378202572e-05  | Negative Loss: 0.0
[Test ROC-AUC]  -  SA: 0.00000,  LA: 0.77011
[Test AUPRC]  -  LA: 0.72947
[Test F1-max]  -  LA: 0.82105
Epoch: 34 | Loss: 4.8684443754609674e-05  | Negative Loss: 0.0
[Test ROC-AUC]  -  SA: 0.00000,  LA: 0.77719
[Test AUPRC]  -  LA: 0.73553
[Test F1-max]  -  LA: 0.82105
Epoch: 35 | Loss: 3.766975714825094e-05  | Negative Loss: 0.0
[Test ROC-AUC]  -  SA: 0.00000,  LA: 0.77365
[Test AUPRC]  -  LA: 0.73339
[Test F1-max]  -  LA: 0.82105
Epoch: 36 | Loss: 2.9706718123634346e-05  | Negative Loss: 0.0
[Test ROC-AUC]  -  SA: 0.00000,  LA: 0.77365
[Test AUPRC]  -  LA: 0.73362
[Test F1-max]  -  LA: 0.82105
Epoch: 37 | Loss: 2.372249582549557e-05  | Negative Loss: 0.0
[Test ROC-AUC]  -  SA: 0.00000,  LA: 0.77365
[Test AUPRC]  -  LA: 0.73430
[Test F1-max]  -  LA: 0.81250
Epoch: 38 | Loss: 1.9287963368697092e-05  | Negative Loss: 0.0
[Test ROC-AUC]  -  SA: 0.00000,  LA: 0.77630
[Test AUPRC]  -  LA: 0.73672
[Test F1-max]  -  LA: 0.81250
Epoch: 39 | Loss: 1.5973975678207353e-05  | Negative Loss: 0.0
[Test ROC-AUC]  -  SA: 0.00000,  LA: 0.77630
[Test AUPRC]  -  LA: 0.73623
[Test F1-max]  -  LA: 0.81250
Epoch: 40 | Loss: 1.3422918527794536e-05  | Negative Loss: 0.0
[Test ROC-AUC]  -  SA: 0.00000,  LA: 0.77542
[Test AUPRC]  -  LA: 0.73599
[Test F1-max]  -  LA: 0.81250
Epoch: 41 | Loss: 1.1324848856020253e-05  | Negative Loss: 0.0
[Test ROC-AUC]  -  SA: 0.00000,  LA: 0.77454
[Test AUPRC]  -  LA: 0.73683
[Test F1-max]  -  LA: 0.81250
Epoch: 42 | Loss: 9.679769391368609e-06  | Negative Loss: 0.0
[Test ROC-AUC]  -  SA: 0.00000,  LA: 0.77630
[Test AUPRC]  -  LA: 0.74082
[Test F1-max]  -  LA: 0.81319
Epoch: 43 | Loss: 8.439998055109754e-06  | Negative Loss: 0.0
[Test ROC-AUC]  -  SA: 0.00000,  LA: 0.77277
[Test AUPRC]  -  LA: 0.73823
[Test F1-max]  -  LA: 0.81319
Epoch: 44 | Loss: 7.390960945485858e-06  | Negative Loss: 0.0
[Test ROC-AUC]  -  SA: 0.00000,  LA: 0.77011
[Test AUPRC]  -  LA: 0.73740
[Test F1-max]  -  LA: 0.81319
Epoch: 45 | Loss: 6.532657153002219e-06  | Negative Loss: 0.0
[Test ROC-AUC]  -  SA: 0.00000,  LA: 0.77542
[Test AUPRC]  -  LA: 0.74252
[Test F1-max]  -  LA: 0.81720
Epoch: 46 | Loss: 5.865087587153539e-06  | Negative Loss: 0.0
[Test ROC-AUC]  -  SA: 0.00000,  LA: 0.77454
[Test AUPRC]  -  LA: 0.74108
[Test F1-max]  -  LA: 0.82609
Epoch: 47 | Loss: 5.340568350220565e-06  | Negative Loss: 0.0
[Test ROC-AUC]  -  SA: 0.00000,  LA: 0.77365
[Test AUPRC]  -  LA: 0.74356
[Test F1-max]  -  LA: 0.82609
Epoch: 48 | Loss: 4.863733011006843e-06  | Negative Loss: 0.0
[Test ROC-AUC]  -  SA: 0.00000,  LA: 0.77277
[Test AUPRC]  -  LA: 0.74299
[Test F1-max]  -  LA: 0.82609
Epoch: 49 | Loss: 4.482263648242224e-06  | Negative Loss: 0.0
[Test ROC-AUC]  -  SA: 0.00000,  LA: 0.77277
[Test AUPRC]  -  LA: 0.74307
[Test F1-max]  -  LA: 0.82609
Epoch: 50 | Loss: 4.1484786379442085e-06  | Negative Loss: 0.0
[Test ROC-AUC]  -  SA: 0.00000,  LA: 0.77188
[Test AUPRC]  -  LA: 0.74251
[Test F1-max]  -  LA: 0.82609
Epoch: 51 | Loss: 3.8385351217584684e-06  | Negative Loss: 0.0
[Test ROC-AUC]  -  SA: 0.00000,  LA: 0.77100
[Test AUPRC]  -  LA: 0.74138
[Test F1-max]  -  LA: 0.82609
Epoch: 52 | Loss: 3.6001172247779323e-06  | Negative Loss: 0.0
[Test ROC-AUC]  -  SA: 0.00000,  LA: 0.77188
[Test AUPRC]  -  LA: 0.74501
[Test F1-max]  -  LA: 0.82609
Epoch: 53 | Loss: 3.4332242648815736e-06  | Negative Loss: 0.0
[Test ROC-AUC]  -  SA: 0.00000,  LA: 0.77011
[Test AUPRC]  -  LA: 0.74422
[Test F1-max]  -  LA: 0.81720
Epoch: 54 | Loss: 3.242490038246615e-06  | Negative Loss: 0.0
[Test ROC-AUC]  -  SA: 0.00000,  LA: 0.76923
[Test AUPRC]  -  LA: 0.74387
[Test F1-max]  -  LA: 0.81720
Epoch: 55 | Loss: 3.0517553568643052e-06  | Negative Loss: 0.0
[Test ROC-AUC]  -  SA: 0.00000,  LA: 0.77011
[Test AUPRC]  -  LA: 0.74537
[Test F1-max]  -  LA: 0.81720
Epoch: 56 | Loss: 2.9325462946871994e-06  | Negative Loss: 0.0
[Test ROC-AUC]  -  SA: 0.00000,  LA: 0.77100
[Test AUPRC]  -  LA: 0.74574
[Test F1-max]  -  LA: 0.81720
Epoch: 57 | Loss: 2.7656533347908407e-06  | Negative Loss: 0.0
[Test ROC-AUC]  -  SA: 0.00000,  LA: 0.77100
[Test AUPRC]  -  LA: 0.74574
[Test F1-max]  -  LA: 0.81720
Epoch: 58 | Loss: 2.694128170332988e-06  | Negative Loss: 0.0
[Test ROC-AUC]  -  SA: 0.00000,  LA: 0.77100
[Test AUPRC]  -  LA: 0.74574
[Test F1-max]  -  LA: 0.81720
Epoch: 59 | Loss: 2.5272349830629537e-06  | Negative Loss: 0.0
[Test ROC-AUC]  -  SA: 0.00000,  LA: 0.77100
[Test AUPRC]  -  LA: 0.74574
[Test F1-max]  -  LA: 0.81720
Epoch: 60 | Loss: 2.4795515400910517e-06  | Negative Loss: 0.0
[Test ROC-AUC]  -  SA: 0.00000,  LA: 0.77188
[Test AUPRC]  -  LA: 0.74626
[Test F1-max]  -  LA: 0.81720
Epoch: 61 | Loss: 2.431867642371799e-06  | Negative Loss: 0.0
[Test ROC-AUC]  -  SA: 0.00000,  LA: 0.77277
[Test AUPRC]  -  LA: 0.74706
[Test F1-max]  -  LA: 0.81720
Epoch: 62 | Loss: 2.2888170860824175e-06  | Negative Loss: 0.0
[Test ROC-AUC]  -  SA: 0.00000,  LA: 0.77100
[Test AUPRC]  -  LA: 0.74911
[Test F1-max]  -  LA: 0.80899
Epoch: 63 | Loss: 2.2411331883631647e-06  | Negative Loss: 0.0
[Test ROC-AUC]  -  SA: 0.00000,  LA: 0.77011
[Test AUPRC]  -  LA: 0.74831
[Test F1-max]  -  LA: 0.80899
Epoch: 64 | Loss: 2.1934495180175873e-06  | Negative Loss: 0.0
[Test ROC-AUC]  -  SA: 0.00000,  LA: 0.76923
[Test AUPRC]  -  LA: 0.74790
[Test F1-max]  -  LA: 0.80899
Epoch: 65 | Loss: 2.098082404700108e-06  | Negative Loss: 0.0
[Test ROC-AUC]  -  SA: 0.00000,  LA: 0.76923
[Test AUPRC]  -  LA: 0.74779
[Test F1-max]  -  LA: 0.81818
Epoch: 66 | Loss: 2.0742404558404814e-06  | Negative Loss: 0.0
[Test ROC-AUC]  -  SA: 0.00000,  LA: 0.76923
[Test AUPRC]  -  LA: 0.74779
[Test F1-max]  -  LA: 0.81818
Epoch: 67 | Loss: 2.050398506980855e-06  | Negative Loss: 0.0
[Test ROC-AUC]  -  SA: 0.00000,  LA: 0.77011
[Test AUPRC]  -  LA: 0.74922
[Test F1-max]  -  LA: 0.81818
Epoch: 68 | Loss: 2.050398506980855e-06  | Negative Loss: 0.0
[Test ROC-AUC]  -  SA: 0.00000,  LA: 0.77011
[Test AUPRC]  -  LA: 0.74969
[Test F1-max]  -  LA: 0.81818
Epoch: 69 | Loss: 2.002715064008953e-06  | Negative Loss: 0.0
[Test ROC-AUC]  -  SA: 0.00000,  LA: 0.77100
[Test AUPRC]  -  LA: 0.75071
[Test F1-max]  -  LA: 0.81818
Epoch: 70 | Loss: 1.9311892174300738e-06  | Negative Loss: 0.0
[Test ROC-AUC]  -  SA: 0.00000,  LA: 0.77188
[Test AUPRC]  -  LA: 0.75151
[Test F1-max]  -  LA: 0.81818
Epoch: 71 | Loss: 1.9311892174300738e-06  | Negative Loss: 0.0
[Test ROC-AUC]  -  SA: 0.00000,  LA: 0.77277
[Test AUPRC]  -  LA: 0.75184
[Test F1-max]  -  LA: 0.81818
Epoch: 72 | Loss: 1.8835057744581718e-06  | Negative Loss: 0.0
[Test ROC-AUC]  -  SA: 0.00000,  LA: 0.77365
[Test AUPRC]  -  LA: 0.75274
[Test F1-max]  -  LA: 0.81818
Epoch: 73 | Loss: 1.859663939285383e-06  | Negative Loss: 0.0
[Test ROC-AUC]  -  SA: 0.00000,  LA: 0.77365
[Test AUPRC]  -  LA: 0.75274
[Test F1-max]  -  LA: 0.81818
Epoch: 74 | Loss: 1.8358221041125944e-06  | Negative Loss: 0.0
[Test ROC-AUC]  -  SA: 0.00000,  LA: 0.77365
[Test AUPRC]  -  LA: 0.75274
[Test F1-max]  -  LA: 0.81818
Epoch: 75 | Loss: 1.7881383200801793e-06  | Negative Loss: 0.0
[Test ROC-AUC]  -  SA: 0.00000,  LA: 0.77277
[Test AUPRC]  -  LA: 0.75194
[Test F1-max]  -  LA: 0.81818
Epoch: 76 | Loss: 1.7881383200801793e-06  | Negative Loss: 0.0
[Test ROC-AUC]  -  SA: 0.00000,  LA: 0.77277
[Test AUPRC]  -  LA: 0.75194
[Test F1-max]  -  LA: 0.81818
Epoch: 77 | Loss: 1.7881383200801793e-06  | Negative Loss: 0.0
[Test ROC-AUC]  -  SA: 0.00000,  LA: 0.77277
[Test AUPRC]  -  LA: 0.75194
[Test F1-max]  -  LA: 0.81818
Epoch: 78 | Loss: 1.7881383200801793e-06  | Negative Loss: 0.0
[Test ROC-AUC]  -  SA: 0.00000,  LA: 0.77188
[Test AUPRC]  -  LA: 0.75104
[Test F1-max]  -  LA: 0.81818
Epoch: 79 | Loss: 1.7881383200801793e-06  | Negative Loss: 0.0
[Test ROC-AUC]  -  SA: 0.00000,  LA: 0.77100
[Test AUPRC]  -  LA: 0.75056
[Test F1-max]  -  LA: 0.81818
Epoch: 80 | Loss: 1.7642964849073905e-06  | Negative Loss: 0.0
[Test ROC-AUC]  -  SA: 0.00000,  LA: 0.77100
[Test AUPRC]  -  LA: 0.75056
[Test F1-max]  -  LA: 0.81818
Epoch: 81 | Loss: 1.7642964849073905e-06  | Negative Loss: 0.0
[Test ROC-AUC]  -  SA: 0.00000,  LA: 0.77100
[Test AUPRC]  -  LA: 0.75056
[Test F1-max]  -  LA: 0.81818
Epoch: 82 | Loss: 1.7404547634214396e-06  | Negative Loss: 0.0
[Test ROC-AUC]  -  SA: 0.00000,  LA: 0.77100
[Test AUPRC]  -  LA: 0.75056
[Test F1-max]  -  LA: 0.81818
Epoch: 83 | Loss: 1.7404547634214396e-06  | Negative Loss: 0.0
[Test ROC-AUC]  -  SA: 0.00000,  LA: 0.77100
[Test AUPRC]  -  LA: 0.75056
[Test F1-max]  -  LA: 0.81818
Epoch: 84 | Loss: 1.7404547634214396e-06  | Negative Loss: 0.0
[Test ROC-AUC]  -  SA: 0.00000,  LA: 0.77100
[Test AUPRC]  -  LA: 0.75055
[Test F1-max]  -  LA: 0.81818
Epoch: 85 | Loss: 1.7166130419354886e-06  | Negative Loss: 0.0
[Test ROC-AUC]  -  SA: 0.00000,  LA: 0.76923
[Test AUPRC]  -  LA: 0.74630
[Test F1-max]  -  LA: 0.81818
Epoch: 86 | Loss: 1.7166130419354886e-06  | Negative Loss: 0.0
[Test ROC-AUC]  -  SA: 0.00000,  LA: 0.76835
[Test AUPRC]  -  LA: 0.74537
[Test F1-max]  -  LA: 0.81818
Epoch: 87 | Loss: 1.6689291442162357e-06  | Negative Loss: 0.0
[Test ROC-AUC]  -  SA: 0.00000,  LA: 0.76835
[Test AUPRC]  -  LA: 0.74537
[Test F1-max]  -  LA: 0.81818
Epoch: 88 | Loss: 1.6450874227302847e-06  | Negative Loss: 0.0
[Test ROC-AUC]  -  SA: 0.00000,  LA: 0.76923
[Test AUPRC]  -  LA: 0.74617
[Test F1-max]  -  LA: 0.81818
Epoch: 89 | Loss: 1.6450874227302847e-06  | Negative Loss: 0.0
[Test ROC-AUC]  -  SA: 0.00000,  LA: 0.76923
[Test AUPRC]  -  LA: 0.74617
[Test F1-max]  -  LA: 0.81818
Epoch: 90 | Loss: 1.6450874227302847e-06  | Negative Loss: 0.0
[Test ROC-AUC]  -  SA: 0.00000,  LA: 0.77011
[Test AUPRC]  -  LA: 0.74663
[Test F1-max]  -  LA: 0.81818
Epoch: 91 | Loss: 1.6212454738706583e-06  | Negative Loss: 0.0
[Test ROC-AUC]  -  SA: 0.00000,  LA: 0.77011
[Test AUPRC]  -  LA: 0.74663
[Test F1-max]  -  LA: 0.81818
Epoch: 92 | Loss: 1.5974037523847073e-06  | Negative Loss: 0.0
[Test ROC-AUC]  -  SA: 0.00000,  LA: 0.77011
[Test AUPRC]  -  LA: 0.74663
[Test F1-max]  -  LA: 0.81818
Epoch: 93 | Loss: 1.5974036386978696e-06  | Negative Loss: 0.0
[Test ROC-AUC]  -  SA: 0.00000,  LA: 0.76923
[Test AUPRC]  -  LA: 0.74617
[Test F1-max]  -  LA: 0.81818
Epoch: 94 | Loss: 1.5974036386978696e-06  | Negative Loss: 0.0
[Test ROC-AUC]  -  SA: 0.00000,  LA: 0.77011
[Test AUPRC]  -  LA: 0.74659
[Test F1-max]  -  LA: 0.81818
Epoch: 95 | Loss: 1.5974037523847073e-06  | Negative Loss: 0.0
[Test ROC-AUC]  -  SA: 0.00000,  LA: 0.77100
[Test AUPRC]  -  LA: 0.74752
[Test F1-max]  -  LA: 0.81818
Epoch: 96 | Loss: 1.5974037523847073e-06  | Negative Loss: 0.0
[Test ROC-AUC]  -  SA: 0.00000,  LA: 0.77100
[Test AUPRC]  -  LA: 0.74752
[Test F1-max]  -  LA: 0.81818
Epoch: 97 | Loss: 1.5974037523847073e-06  | Negative Loss: 0.0
[Test ROC-AUC]  -  SA: 0.00000,  LA: 0.77100
[Test AUPRC]  -  LA: 0.74752
[Test F1-max]  -  LA: 0.81818
Epoch: 98 | Loss: 1.5974036386978696e-06  | Negative Loss: 0.0
[Test ROC-AUC]  -  SA: 0.00000,  LA: 0.77100
[Test AUPRC]  -  LA: 0.74752
[Test F1-max]  -  LA: 0.81818
Epoch: 99 | Loss: 1.5974037523847073e-06  | Negative Loss: 0.0
Time consumption: 96.10950636863708
Best LA AUC: 0.7771883289124668
Best LA AUPC: 0.7614554662985257
Best LA F1-max: 0.8260869565217391
[Result] Experiment result appended to ./results/train_hybrid_result.csv

[END] 2026-03-18 18:15:03
[RETURN CODE] 0
