[START] 2026-03-19 11:37:09
[GPU] 3
[TASK] 152/160
[NAME] yellow_splicing_winclip
[REPEAT] 2/10
[COMMAND] python train_hybrid.py --data_name yellow_splicing --mask True --text True --double_encoder True --few_shot True --shot 5 --hybrid_model winclip --hybrid_weight 0.3 --hybrid_batch_size 16 --epoch 100 --log True --lr 5e-4 --detection True --preprocess True

/home/seungeon/miniconda3/envs/LAB/lib/python3.10/site-packages/timm/models/layers/__init__.py:48: FutureWarning: Importing from timm.models.layers is deprecated, please import via timm.layers
  warnings.warn(f"Importing from {__name__} is deprecated, please import via timm.layers", FutureWarning)
/home/seungeon/Workspace/side/vlm/train_hybrid.py:18: DeprecationWarning: The distutils package is deprecated and slated for removal in Python 3.12. Use setuptools or check PEP 632 for potential alternatives
  from distutils.util import strtobool
Torch version: 2.9.1+cu128
cuda is loaded for process
here?
In my local computer
Namespace(epoch=100, gpu_number='0', data_name='yellow_splicing', lr=0.0005, batch_size=6, shuffle=True, seed=0, tag='default', model_name='ViT-B-32', pretrained_name='laion2b_s34b_b79k', lora=1, default=False, foundation='CLIP', detection=1, preprocess=1, num_rule=0, object_names=['a photo of orange connector', 'a photo of yellow cable', 'a photo of red cable', 'a photo of blue cable', 'a photo of metal panel'], objects_for_rules=[['a photo of orange connector'], ['a photo of orange connector'], ['a photo of yellow cable'], ['a photo of yellow cable'], ['a photo of orange connector'], ['a photo of orange connector', 'a photo of yellow cable']], texts_for_rules=[['a photo of orange connector'], ['a photo of orange connector'], ['a photo of yellow cable'], ['a photo of yellow cable'], ['a photo of orange connector'], ['a photo of orange connector and yellow cable']], mask=1, text=1, score='mean', ciriculam_learning=False, few_shot=1, shot=5, log=1, neg_loss=0, double_encoder=1, pretrained_count_path=None, ris=0, rule_select='', rule_list=[], num_negative=5, hybrid_model='winclip', hybrid_weight=0.3, hybrid_class_name='', hybrid_batch_size=16, hybrid_backbone='ViT-B-16-plus-240', hybrid_pretrained_dataset='laion400m_e32', hybrid_scales=[2, 3], hybrid_img_resize=240, hybrid_img_cropsize=240, hybrid_resolution=400, hybrid_promptad_epoch=100, hybrid_promptad_lr=0.002, hybrid_promptad_momentum=0.9, hybrid_promptad_weight_decay=0.0005, hybrid_promptad_eta_min=1e-05, hybrid_promptad_lambda1=0.001, hybrid_promptad_n_ctx=4, hybrid_promptad_n_pro=3, hybrid_promptad_n_ctx_ab=1, hybrid_promptad_n_pro_ab=4, early_stop_k=10, result_log_path='./results/train_hybrid_result.csv')
[Hybrid] method=winclip, class_name=splicing_connectors, train=5, eval=68, base_path=/data3/seungeon/data/image/mvtec_loco_anomaly_detection/yellow_splicing
grid 240 16 (15, 15)
[Hybrid-only] LA_AUC=0.55703, LA_AUPRC=0.72357, LA_F1=0.73585
[Data Description]
- Train: 5
- Test: 68

Train Start
[Test ROC-AUC]  -  SA: 0.00000,  LA: 0.51547
[Test AUPRC]  -  LA: 0.69032
[Test F1-max]  -  LA: 0.72897
Epoch: 0 | Loss: 12.792206764221191  | Negative Loss: 0.0
[Test ROC-AUC]  -  SA: 0.00000,  LA: 0.51813
[Test AUPRC]  -  LA: 0.69365
[Test F1-max]  -  LA: 0.72897
Epoch: 1 | Loss: 12.730143547058105  | Negative Loss: 0.0
[Test ROC-AUC]  -  SA: 0.00000,  LA: 0.53492
[Test AUPRC]  -  LA: 0.69434
[Test F1-max]  -  LA: 0.72897
Epoch: 2 | Loss: 11.826041221618652  | Negative Loss: 0.0
[Test ROC-AUC]  -  SA: 0.00000,  LA: 0.55438
[Test AUPRC]  -  LA: 0.67893
[Test F1-max]  -  LA: 0.73267
Epoch: 3 | Loss: 10.285246849060059  | Negative Loss: 0.0
[Test ROC-AUC]  -  SA: 0.00000,  LA: 0.56676
[Test AUPRC]  -  LA: 0.65068
[Test F1-max]  -  LA: 0.74510
Epoch: 4 | Loss: 8.276213645935059  | Negative Loss: 0.0
[Test ROC-AUC]  -  SA: 0.00000,  LA: 0.58532
[Test AUPRC]  -  LA: 0.65196
[Test F1-max]  -  LA: 0.75510
Epoch: 5 | Loss: 6.145967483520508  | Negative Loss: 0.0
[Test ROC-AUC]  -  SA: 0.00000,  LA: 0.58886
[Test AUPRC]  -  LA: 0.66338
[Test F1-max]  -  LA: 0.76000
Epoch: 6 | Loss: 4.323399066925049  | Negative Loss: 0.0
[Test ROC-AUC]  -  SA: 0.00000,  LA: 0.59416
[Test AUPRC]  -  LA: 0.66570
[Test F1-max]  -  LA: 0.75510
Epoch: 7 | Loss: 3.045173168182373  | Negative Loss: 0.0
[Test ROC-AUC]  -  SA: 0.00000,  LA: 0.60566
[Test AUPRC]  -  LA: 0.68263
[Test F1-max]  -  LA: 0.75728
Epoch: 8 | Loss: 2.2115423679351807  | Negative Loss: 0.0
[Test ROC-AUC]  -  SA: 0.00000,  LA: 0.60743
[Test AUPRC]  -  LA: 0.68664
[Test F1-max]  -  LA: 0.75728
Epoch: 9 | Loss: 1.6272403001785278  | Negative Loss: 0.0
[Test ROC-AUC]  -  SA: 0.00000,  LA: 0.60477
[Test AUPRC]  -  LA: 0.68558
[Test F1-max]  -  LA: 0.75728
Epoch: 10 | Loss: 1.2043739557266235  | Negative Loss: 0.0
[Test ROC-AUC]  -  SA: 0.00000,  LA: 0.61185
[Test AUPRC]  -  LA: 0.69392
[Test F1-max]  -  LA: 0.75728
Epoch: 11 | Loss: 0.8867039680480957  | Negative Loss: 0.0
[Test ROC-AUC]  -  SA: 0.00000,  LA: 0.60301
[Test AUPRC]  -  LA: 0.66776
[Test F1-max]  -  LA: 0.75248
Epoch: 12 | Loss: 0.6454958915710449  | Negative Loss: 0.0
[Test ROC-AUC]  -  SA: 0.00000,  LA: 0.61273
[Test AUPRC]  -  LA: 0.68314
[Test F1-max]  -  LA: 0.75248
Epoch: 13 | Loss: 0.46431946754455566  | Negative Loss: 0.0
[Test ROC-AUC]  -  SA: 0.00000,  LA: 0.62069
[Test AUPRC]  -  LA: 0.68652
[Test F1-max]  -  LA: 0.75248
Epoch: 14 | Loss: 0.3278776705265045  | Negative Loss: 0.0
[Test ROC-AUC]  -  SA: 0.00000,  LA: 0.62334
[Test AUPRC]  -  LA: 0.68793
[Test F1-max]  -  LA: 0.75248
Epoch: 15 | Loss: 0.22573766112327576  | Negative Loss: 0.0
[Test ROC-AUC]  -  SA: 0.00000,  LA: 0.63307
[Test AUPRC]  -  LA: 0.69131
[Test F1-max]  -  LA: 0.76768
Epoch: 16 | Loss: 0.15252894163131714  | Negative Loss: 0.0
[Test ROC-AUC]  -  SA: 0.00000,  LA: 0.63307
[Test AUPRC]  -  LA: 0.69535
[Test F1-max]  -  LA: 0.76289
Epoch: 17 | Loss: 0.10170859843492508  | Negative Loss: 0.0
[Test ROC-AUC]  -  SA: 0.00000,  LA: 0.63749
[Test AUPRC]  -  LA: 0.69677
[Test F1-max]  -  LA: 0.76289
Epoch: 18 | Loss: 0.06680813431739807  | Negative Loss: 0.0
[Test ROC-AUC]  -  SA: 0.00000,  LA: 0.62511
[Test AUPRC]  -  LA: 0.68406
[Test F1-max]  -  LA: 0.75248
Epoch: 19 | Loss: 0.04349983111023903  | Negative Loss: 0.0
[Test ROC-AUC]  -  SA: 0.00000,  LA: 0.61450
[Test AUPRC]  -  LA: 0.68032
[Test F1-max]  -  LA: 0.75000
Epoch: 20 | Loss: 0.028250712901353836  | Negative Loss: 0.0
[Test ROC-AUC]  -  SA: 0.00000,  LA: 0.60743
[Test AUPRC]  -  LA: 0.67949
[Test F1-max]  -  LA: 0.75000
Epoch: 21 | Loss: 0.01838095113635063  | Negative Loss: 0.0
[Test ROC-AUC]  -  SA: 0.00000,  LA: 0.60389
[Test AUPRC]  -  LA: 0.67793
[Test F1-max]  -  LA: 0.75000
Epoch: 22 | Loss: 0.012041190639138222  | Negative Loss: 0.0
[Test ROC-AUC]  -  SA: 0.00000,  LA: 0.60477
[Test AUPRC]  -  LA: 0.68376
[Test F1-max]  -  LA: 0.75000
Epoch: 23 | Loss: 0.007981130853295326  | Negative Loss: 0.0
[Test ROC-AUC]  -  SA: 0.00000,  LA: 0.59947
[Test AUPRC]  -  LA: 0.68250
[Test F1-max]  -  LA: 0.75000
Epoch: 24 | Loss: 0.005366540513932705  | Negative Loss: 0.0
[Test ROC-AUC]  -  SA: 0.00000,  LA: 0.59770
[Test AUPRC]  -  LA: 0.69363
[Test F1-max]  -  LA: 0.75000
Epoch: 25 | Loss: 0.003668159246444702  | Negative Loss: 0.0
[Test ROC-AUC]  -  SA: 0.00000,  LA: 0.59682
[Test AUPRC]  -  LA: 0.69183
[Test F1-max]  -  LA: 0.75000
Epoch: 26 | Loss: 0.00255201430991292  | Negative Loss: 0.0
[Test ROC-AUC]  -  SA: 0.00000,  LA: 0.59416
[Test AUPRC]  -  LA: 0.69096
[Test F1-max]  -  LA: 0.75000
Epoch: 27 | Loss: 0.0018076857086271048  | Negative Loss: 0.0
[Test ROC-AUC]  -  SA: 0.00000,  LA: 0.59063
[Test AUPRC]  -  LA: 0.68864
[Test F1-max]  -  LA: 0.75000
Epoch: 28 | Loss: 0.0013038530014455318  | Negative Loss: 0.0
[Test ROC-AUC]  -  SA: 0.00000,  LA: 0.58974
[Test AUPRC]  -  LA: 0.68909
[Test F1-max]  -  LA: 0.75000
Epoch: 29 | Loss: 0.0009570650872774422  | Negative Loss: 0.0
[Test ROC-AUC]  -  SA: 0.00000,  LA: 0.59151
[Test AUPRC]  -  LA: 0.69334
[Test F1-max]  -  LA: 0.75000
Epoch: 30 | Loss: 0.0007148767472244799  | Negative Loss: 0.0
[Test ROC-AUC]  -  SA: 0.00000,  LA: 0.58974
[Test AUPRC]  -  LA: 0.69490
[Test F1-max]  -  LA: 0.74510
Epoch: 31 | Loss: 0.0005433954065665603  | Negative Loss: 0.0
[Test ROC-AUC]  -  SA: 0.00000,  LA: 0.58886
[Test AUPRC]  -  LA: 0.69965
[Test F1-max]  -  LA: 0.74510
Epoch: 32 | Loss: 0.00042026114533655345  | Negative Loss: 0.0
[Test ROC-AUC]  -  SA: 0.00000,  LA: 0.58709
[Test AUPRC]  -  LA: 0.70193
[Test F1-max]  -  LA: 0.74510
Epoch: 33 | Loss: 0.0003303956473246217  | Negative Loss: 0.0
[Test ROC-AUC]  -  SA: 0.00000,  LA: 0.58444
[Test AUPRC]  -  LA: 0.69980
[Test F1-max]  -  LA: 0.74286
Epoch: 34 | Loss: 0.0002637444413267076  | Negative Loss: 0.0
[Test ROC-AUC]  -  SA: 0.00000,  LA: 0.58444
[Test AUPRC]  -  LA: 0.70025
[Test F1-max]  -  LA: 0.74286
Epoch: 35 | Loss: 0.00021353980991989374  | Negative Loss: 0.0
[Test ROC-AUC]  -  SA: 0.00000,  LA: 0.58090
[Test AUPRC]  -  LA: 0.69834
[Test F1-max]  -  LA: 0.74286
Epoch: 36 | Loss: 0.0001753490068949759  | Negative Loss: 0.0
[Test ROC-AUC]  -  SA: 0.00000,  LA: 0.58002
[Test AUPRC]  -  LA: 0.69799
[Test F1-max]  -  LA: 0.74286
Epoch: 37 | Loss: 0.00014578756236005574  | Negative Loss: 0.0
[Test ROC-AUC]  -  SA: 0.00000,  LA: 0.58002
[Test AUPRC]  -  LA: 0.69893
[Test F1-max]  -  LA: 0.74286
Epoch: 38 | Loss: 0.0001227340690093115  | Negative Loss: 0.0
[Test ROC-AUC]  -  SA: 0.00000,  LA: 0.58002
[Test AUPRC]  -  LA: 0.69893
[Test F1-max]  -  LA: 0.74286
Epoch: 39 | Loss: 0.00010454377479618415  | Negative Loss: 0.0
[Test ROC-AUC]  -  SA: 0.00000,  LA: 0.58090
[Test AUPRC]  -  LA: 0.70052
[Test F1-max]  -  LA: 0.74286
Epoch: 40 | Loss: 9.009633504319936e-05  | Negative Loss: 0.0
[Test ROC-AUC]  -  SA: 0.00000,  LA: 0.58267
[Test AUPRC]  -  LA: 0.70433
[Test F1-max]  -  LA: 0.74286
Epoch: 41 | Loss: 7.841431943234056e-05  | Negative Loss: 0.0
[Test ROC-AUC]  -  SA: 0.00000,  LA: 0.58090
[Test AUPRC]  -  LA: 0.70278
[Test F1-max]  -  LA: 0.74286
Epoch: 42 | Loss: 6.890176882734522e-05  | Negative Loss: 0.0
[Test ROC-AUC]  -  SA: 0.00000,  LA: 0.58002
[Test AUPRC]  -  LA: 0.70601
[Test F1-max]  -  LA: 0.74286
Epoch: 43 | Loss: 6.12011062912643e-05  | Negative Loss: 0.0
[Test ROC-AUC]  -  SA: 0.00000,  LA: 0.57825
[Test AUPRC]  -  LA: 0.70450
[Test F1-max]  -  LA: 0.74286
Epoch: 44 | Loss: 5.4620944865746424e-05  | Negative Loss: 0.0
[Test ROC-AUC]  -  SA: 0.00000,  LA: 0.57560
[Test AUPRC]  -  LA: 0.70364
[Test F1-max]  -  LA: 0.74286
Epoch: 45 | Loss: 4.935203105560504e-05  | Negative Loss: 0.0
[Test ROC-AUC]  -  SA: 0.00000,  LA: 0.57737
[Test AUPRC]  -  LA: 0.70478
[Test F1-max]  -  LA: 0.74286
Epoch: 46 | Loss: 4.477450420381501e-05  | Negative Loss: 0.0
[Test ROC-AUC]  -  SA: 0.00000,  LA: 0.57825
[Test AUPRC]  -  LA: 0.70520
[Test F1-max]  -  LA: 0.74286
Epoch: 47 | Loss: 4.100757359992713e-05  | Negative Loss: 0.0
[Test ROC-AUC]  -  SA: 0.00000,  LA: 0.57648
[Test AUPRC]  -  LA: 0.70341
[Test F1-max]  -  LA: 0.74286
Epoch: 48 | Loss: 3.7717458326369524e-05  | Negative Loss: 0.0
[Test ROC-AUC]  -  SA: 0.00000,  LA: 0.57560
[Test AUPRC]  -  LA: 0.70273
[Test F1-max]  -  LA: 0.74286
Epoch: 49 | Loss: 3.4928012610180303e-05  | Negative Loss: 0.0
[Test ROC-AUC]  -  SA: 0.00000,  LA: 0.57560
[Test AUPRC]  -  LA: 0.70273
[Test F1-max]  -  LA: 0.74286
Epoch: 50 | Loss: 3.2543866836931556e-05  | Negative Loss: 0.0
[Test ROC-AUC]  -  SA: 0.00000,  LA: 0.57560
[Test AUPRC]  -  LA: 0.70273
[Test F1-max]  -  LA: 0.74286
Epoch: 51 | Loss: 3.0493500162265263e-05  | Negative Loss: 0.0
[Test ROC-AUC]  -  SA: 0.00000,  LA: 0.57560
[Test AUPRC]  -  LA: 0.70273
[Test F1-max]  -  LA: 0.74286
Epoch: 52 | Loss: 2.8705388103844598e-05  | Negative Loss: 0.0
[Test ROC-AUC]  -  SA: 0.00000,  LA: 0.57648
[Test AUPRC]  -  LA: 0.70393
[Test F1-max]  -  LA: 0.74286
Epoch: 53 | Loss: 2.7131849492434412e-05  | Negative Loss: 0.0
[Test ROC-AUC]  -  SA: 0.00000,  LA: 0.57648
[Test AUPRC]  -  LA: 0.70393
[Test F1-max]  -  LA: 0.74286
Epoch: 54 | Loss: 2.5725195882841945e-05  | Negative Loss: 0.0
[Test ROC-AUC]  -  SA: 0.00000,  LA: 0.57648
[Test AUPRC]  -  LA: 0.70393
[Test F1-max]  -  LA: 0.74286
Epoch: 55 | Loss: 2.448543455102481e-05  | Negative Loss: 0.0
[Test ROC-AUC]  -  SA: 0.00000,  LA: 0.57648
[Test AUPRC]  -  LA: 0.70393
[Test F1-max]  -  LA: 0.74286
Epoch: 56 | Loss: 2.3388722183881328e-05  | Negative Loss: 0.0
[Test ROC-AUC]  -  SA: 0.00000,  LA: 0.57737
[Test AUPRC]  -  LA: 0.70430
[Test F1-max]  -  LA: 0.74286
Epoch: 57 | Loss: 2.24350587814115e-05  | Negative Loss: 0.0
[Test ROC-AUC]  -  SA: 0.00000,  LA: 0.57737
[Test AUPRC]  -  LA: 0.70430
[Test F1-max]  -  LA: 0.74286
Epoch: 58 | Loss: 2.152907836716622e-05  | Negative Loss: 0.0
[Test ROC-AUC]  -  SA: 0.00000,  LA: 0.57737
[Test AUPRC]  -  LA: 0.70430
[Test F1-max]  -  LA: 0.74286
Epoch: 59 | Loss: 2.0766146917594597e-05  | Negative Loss: 0.0
[Test ROC-AUC]  -  SA: 0.00000,  LA: 0.57737
[Test AUPRC]  -  LA: 0.70430
[Test F1-max]  -  LA: 0.74286
Epoch: 60 | Loss: 2.0122424757573754e-05  | Negative Loss: 0.0
[Test ROC-AUC]  -  SA: 0.00000,  LA: 0.57648
[Test AUPRC]  -  LA: 0.70382
[Test F1-max]  -  LA: 0.74286
Epoch: 61 | Loss: 1.9502542272675782e-05  | Negative Loss: 0.0
[Test ROC-AUC]  -  SA: 0.00000,  LA: 0.57648
[Test AUPRC]  -  LA: 0.70382
[Test F1-max]  -  LA: 0.74286
Epoch: 62 | Loss: 1.8930342776002362e-05  | Negative Loss: 0.0
[Test ROC-AUC]  -  SA: 0.00000,  LA: 0.57648
[Test AUPRC]  -  LA: 0.70382
[Test F1-max]  -  LA: 0.74286
Epoch: 63 | Loss: 1.8381984773441218e-05  | Negative Loss: 0.0
[Test ROC-AUC]  -  SA: 0.00000,  LA: 0.57648
[Test AUPRC]  -  LA: 0.70382
[Test F1-max]  -  LA: 0.74286
Epoch: 64 | Loss: 1.7928992747329175e-05  | Negative Loss: 0.0
[Test ROC-AUC]  -  SA: 0.00000,  LA: 0.57648
[Test AUPRC]  -  LA: 0.70382
[Test F1-max]  -  LA: 0.74286
Epoch: 65 | Loss: 1.7523685528431088e-05  | Negative Loss: 0.0
[Test ROC-AUC]  -  SA: 0.00000,  LA: 0.57648
[Test AUPRC]  -  LA: 0.70382
[Test F1-max]  -  LA: 0.74286
Epoch: 66 | Loss: 1.707069532130845e-05  | Negative Loss: 0.0
[Test ROC-AUC]  -  SA: 0.00000,  LA: 0.57560
[Test AUPRC]  -  LA: 0.70344
[Test F1-max]  -  LA: 0.74286
Epoch: 67 | Loss: 1.676075225987006e-05  | Negative Loss: 0.0
[Test ROC-AUC]  -  SA: 0.00000,  LA: 0.57560
[Test AUPRC]  -  LA: 0.70344
[Test F1-max]  -  LA: 0.74286
Epoch: 68 | Loss: 1.645080919843167e-05  | Negative Loss: 0.0
[Test ROC-AUC]  -  SA: 0.00000,  LA: 0.57560
[Test AUPRC]  -  LA: 0.70344
[Test F1-max]  -  LA: 0.74286
Epoch: 69 | Loss: 1.611702646187041e-05  | Negative Loss: 0.0
[Test ROC-AUC]  -  SA: 0.00000,  LA: 0.57560
[Test AUPRC]  -  LA: 0.70344
[Test F1-max]  -  LA: 0.74286
Epoch: 70 | Loss: 1.585476638865657e-05  | Negative Loss: 0.0
[Test ROC-AUC]  -  SA: 0.00000,  LA: 0.57560
[Test AUPRC]  -  LA: 0.70344
[Test F1-max]  -  LA: 0.74286
Epoch: 71 | Loss: 1.559250995342154e-05  | Negative Loss: 0.0
[Test ROC-AUC]  -  SA: 0.00000,  LA: 0.57560
[Test AUPRC]  -  LA: 0.70344
[Test F1-max]  -  LA: 0.74286
Epoch: 72 | Loss: 1.5330251699197106e-05  | Negative Loss: 0.0
[Test ROC-AUC]  -  SA: 0.00000,  LA: 0.57560
[Test AUPRC]  -  LA: 0.70344
[Test F1-max]  -  LA: 0.74286
Epoch: 73 | Loss: 1.5139517017814796e-05  | Negative Loss: 0.0
[Test ROC-AUC]  -  SA: 0.00000,  LA: 0.57560
[Test AUPRC]  -  LA: 0.70344
[Test F1-max]  -  LA: 0.74286
Epoch: 74 | Loss: 1.490110116719734e-05  | Negative Loss: 0.0
[Test ROC-AUC]  -  SA: 0.00000,  LA: 0.57560
[Test AUPRC]  -  LA: 0.70344
[Test F1-max]  -  LA: 0.74286
Epoch: 75 | Loss: 1.4686525901197456e-05  | Negative Loss: 0.0
[Test ROC-AUC]  -  SA: 0.00000,  LA: 0.57560
[Test AUPRC]  -  LA: 0.70344
[Test F1-max]  -  LA: 0.74286
Epoch: 76 | Loss: 1.4591159015253652e-05  | Negative Loss: 0.0
[Test ROC-AUC]  -  SA: 0.00000,  LA: 0.57560
[Test AUPRC]  -  LA: 0.70344
[Test F1-max]  -  LA: 0.74286
Epoch: 77 | Loss: 1.4376582839759067e-05  | Negative Loss: 0.0
[Test ROC-AUC]  -  SA: 0.00000,  LA: 0.57560
[Test AUPRC]  -  LA: 0.70344
[Test F1-max]  -  LA: 0.74286
Epoch: 78 | Loss: 1.4281216863309965e-05  | Negative Loss: 0.0
[Test ROC-AUC]  -  SA: 0.00000,  LA: 0.57515
[Test AUPRC]  -  LA: 0.70322
[Test F1-max]  -  LA: 0.74286
Epoch: 79 | Loss: 1.4090483091422357e-05  | Negative Loss: 0.0
[Test ROC-AUC]  -  SA: 0.00000,  LA: 0.57471
[Test AUPRC]  -  LA: 0.70299
[Test F1-max]  -  LA: 0.74286
Epoch: 80 | Loss: 1.3923590813647024e-05  | Negative Loss: 0.0
[Test ROC-AUC]  -  SA: 0.00000,  LA: 0.57471
[Test AUPRC]  -  LA: 0.70299
[Test F1-max]  -  LA: 0.74286
Epoch: 81 | Loss: 1.378054093947867e-05  | Negative Loss: 0.0
[Test ROC-AUC]  -  SA: 0.00000,  LA: 0.57471
[Test AUPRC]  -  LA: 0.70299
[Test F1-max]  -  LA: 0.74286
Epoch: 82 | Loss: 1.366133255942259e-05  | Negative Loss: 0.0
[Test ROC-AUC]  -  SA: 0.00000,  LA: 0.57471
[Test AUPRC]  -  LA: 0.70299
[Test F1-max]  -  LA: 0.74286
Epoch: 83 | Loss: 1.3565965673478786e-05  | Negative Loss: 0.0
[Test ROC-AUC]  -  SA: 0.00000,  LA: 0.57471
[Test AUPRC]  -  LA: 0.70299
[Test F1-max]  -  LA: 0.74286
Epoch: 84 | Loss: 1.3422915799310431e-05  | Negative Loss: 0.0
[Test ROC-AUC]  -  SA: 0.00000,  LA: 0.57471
[Test AUPRC]  -  LA: 0.70299
[Test F1-max]  -  LA: 0.74286
Epoch: 85 | Loss: 1.3327547094377223e-05  | Negative Loss: 0.0
[Test ROC-AUC]  -  SA: 0.00000,  LA: 0.57560
[Test AUPRC]  -  LA: 0.70450
[Test F1-max]  -  LA: 0.74286
Epoch: 86 | Loss: 1.3184497220208868e-05  | Negative Loss: 0.0
[Test ROC-AUC]  -  SA: 0.00000,  LA: 0.57560
[Test AUPRC]  -  LA: 0.70450
[Test F1-max]  -  LA: 0.74286
Epoch: 87 | Loss: 1.3041446436545812e-05  | Negative Loss: 0.0
[Test ROC-AUC]  -  SA: 0.00000,  LA: 0.57560
[Test AUPRC]  -  LA: 0.70450
[Test F1-max]  -  LA: 0.74286
Epoch: 88 | Loss: 1.2969921954208985e-05  | Negative Loss: 0.0
[Test ROC-AUC]  -  SA: 0.00000,  LA: 0.57560
[Test AUPRC]  -  LA: 0.70450
[Test F1-max]  -  LA: 0.74286
Epoch: 89 | Loss: 1.2898397471872158e-05  | Negative Loss: 0.0
[Test ROC-AUC]  -  SA: 0.00000,  LA: 0.57560
[Test AUPRC]  -  LA: 0.70450
[Test F1-max]  -  LA: 0.74286
Epoch: 90 | Loss: 1.2731504284602124e-05  | Negative Loss: 0.0
[Test ROC-AUC]  -  SA: 0.00000,  LA: 0.57560
[Test AUPRC]  -  LA: 0.70450
[Test F1-max]  -  LA: 0.74286
Epoch: 91 | Loss: 1.2659978892770596e-05  | Negative Loss: 0.0
[Test ROC-AUC]  -  SA: 0.00000,  LA: 0.57560
[Test AUPRC]  -  LA: 0.70450
[Test F1-max]  -  LA: 0.74286
Epoch: 92 | Loss: 1.2612294995051343e-05  | Negative Loss: 0.0
[Test ROC-AUC]  -  SA: 0.00000,  LA: 0.57560
[Test AUPRC]  -  LA: 0.70450
[Test F1-max]  -  LA: 0.74286
Epoch: 93 | Loss: 1.2493087524489965e-05  | Negative Loss: 0.0
[Test ROC-AUC]  -  SA: 0.00000,  LA: 0.57560
[Test AUPRC]  -  LA: 0.70450
[Test F1-max]  -  LA: 0.74286
Epoch: 94 | Loss: 1.2445404536265414e-05  | Negative Loss: 0.0
[Test ROC-AUC]  -  SA: 0.00000,  LA: 0.57560
[Test AUPRC]  -  LA: 0.70450
[Test F1-max]  -  LA: 0.74286
Epoch: 95 | Loss: 1.2350036740826908e-05  | Negative Loss: 0.0
[Test ROC-AUC]  -  SA: 0.00000,  LA: 0.57560
[Test AUPRC]  -  LA: 0.70450
[Test F1-max]  -  LA: 0.74286
Epoch: 96 | Loss: 1.2254670764377806e-05  | Negative Loss: 0.0
[Test ROC-AUC]  -  SA: 0.00000,  LA: 0.57560
[Test AUPRC]  -  LA: 0.70450
[Test F1-max]  -  LA: 0.74286
Epoch: 97 | Loss: 1.2135460565332323e-05  | Negative Loss: 0.0
[Test ROC-AUC]  -  SA: 0.00000,  LA: 0.57560
[Test AUPRC]  -  LA: 0.70450
[Test F1-max]  -  LA: 0.74286
Epoch: 98 | Loss: 1.2087777577107772e-05  | Negative Loss: 0.0
[Test ROC-AUC]  -  SA: 0.00000,  LA: 0.57560
[Test AUPRC]  -  LA: 0.70450
[Test F1-max]  -  LA: 0.74286
Epoch: 99 | Loss: 1.2016253094770946e-05  | Negative Loss: 0.0
Time consumption: 96.4733145236969
Best LA AUC: 0.6374889478337754
Best LA AUPC: 0.7060107116547691
Best LA F1-max: 0.7676767676767675
[Result] Experiment result appended to ./results/train_hybrid_result.csv

[END] 2026-03-19 11:40:41
[RETURN CODE] 0
