[START] 2026-03-19 10:16:20
[GPU] 3
[TASK] 60/160
[NAME] blue_splicing_winclip
[REPEAT] 10/10
[COMMAND] python train_hybrid.py --data_name blue_splicing --mask True --text True --double_encoder True --few_shot True --shot 1 --hybrid_model winclip --hybrid_weight 0.3 --hybrid_batch_size 16 --epoch 100 --log True --lr 5e-4 --detection True --preprocess True

/home/seungeon/miniconda3/envs/LAB/lib/python3.10/site-packages/timm/models/layers/__init__.py:48: FutureWarning: Importing from timm.models.layers is deprecated, please import via timm.layers
  warnings.warn(f"Importing from {__name__} is deprecated, please import via timm.layers", FutureWarning)
/home/seungeon/Workspace/side/vlm/train_hybrid.py:18: DeprecationWarning: The distutils package is deprecated and slated for removal in Python 3.12. Use setuptools or check PEP 632 for potential alternatives
  from distutils.util import strtobool
Torch version: 2.9.1+cu128
cuda is loaded for process
here?
In my local computer
Namespace(epoch=100, gpu_number='0', data_name='blue_splicing', lr=0.0005, batch_size=6, shuffle=True, seed=0, tag='default', model_name='ViT-B-32', pretrained_name='laion2b_s34b_b79k', lora=1, default=False, foundation='CLIP', detection=1, preprocess=1, num_rule=0, object_names=['a photo of orange connector', 'a photo of blue cable', 'a photo of yellow cable', 'a photo of red cable', 'a photo of metal panel'], objects_for_rules=[['a photo of orange connector'], ['a photo of orange connector'], ['a photo of blue cable'], ['a photo of blue cable'], ['a photo of orange connector'], ['a photo of orange connector', 'a photo of blue cable']], texts_for_rules=[['a photo of orange connector'], ['a photo of orange connector'], ['a photo of cable'], ['a photo of yellow cable'], ['a photo of blue cable'], ['a photo of orange connector and blue cable']], mask=1, text=1, score='mean', ciriculam_learning=False, few_shot=1, shot=1, log=1, neg_loss=0, double_encoder=1, pretrained_count_path=None, ris=0, rule_select='', rule_list=[], num_negative=5, hybrid_model='winclip', hybrid_weight=0.3, hybrid_class_name='', hybrid_batch_size=16, hybrid_backbone='ViT-B-16-plus-240', hybrid_pretrained_dataset='laion400m_e32', hybrid_scales=[2, 3], hybrid_img_resize=240, hybrid_img_cropsize=240, hybrid_resolution=400, hybrid_promptad_epoch=100, hybrid_promptad_lr=0.002, hybrid_promptad_momentum=0.9, hybrid_promptad_weight_decay=0.0005, hybrid_promptad_eta_min=1e-05, hybrid_promptad_lambda1=0.001, hybrid_promptad_n_ctx=4, hybrid_promptad_n_pro=3, hybrid_promptad_n_ctx_ab=1, hybrid_promptad_n_pro_ab=4, early_stop_k=10, result_log_path='./results/train_hybrid_result.csv')
[Hybrid] method=winclip, class_name=splicing_connectors, train=1, eval=70, base_path=/data3/seungeon/data/image/mvtec_loco_anomaly_detection/blue_splicing
grid 240 16 (15, 15)
[Hybrid-only] LA_AUC=0.70167, LA_AUPRC=0.76279, LA_F1=0.77895
[Data Description]
- Train: 1
- Test: 70

Train Start
[Test ROC-AUC]  -  SA: 0.00000,  LA: 0.57583
[Test AUPRC]  -  LA: 0.60977
[Test F1-max]  -  LA: 0.74074
Epoch: 0 | Loss: 10.67883586883545  | Negative Loss: 0.0
[Test ROC-AUC]  -  SA: 0.00000,  LA: 0.57833
[Test AUPRC]  -  LA: 0.61021
[Test F1-max]  -  LA: 0.74074
Epoch: 1 | Loss: 10.598931312561035  | Negative Loss: 0.0
[Test ROC-AUC]  -  SA: 0.00000,  LA: 0.62500
[Test AUPRC]  -  LA: 0.64139
[Test F1-max]  -  LA: 0.75728
Epoch: 2 | Loss: 9.630362510681152  | Negative Loss: 0.0
[Test ROC-AUC]  -  SA: 0.00000,  LA: 0.65417
[Test AUPRC]  -  LA: 0.66315
[Test F1-max]  -  LA: 0.78000
Epoch: 3 | Loss: 8.1933012008667  | Negative Loss: 0.0
[Test ROC-AUC]  -  SA: 0.00000,  LA: 0.66500
[Test AUPRC]  -  LA: 0.69392
[Test F1-max]  -  LA: 0.78431
Epoch: 4 | Loss: 6.653223991394043  | Negative Loss: 0.0
[Test ROC-AUC]  -  SA: 0.00000,  LA: 0.67750
[Test AUPRC]  -  LA: 0.73585
[Test F1-max]  -  LA: 0.78431
Epoch: 5 | Loss: 5.237789630889893  | Negative Loss: 0.0
[Test ROC-AUC]  -  SA: 0.00000,  LA: 0.69417
[Test AUPRC]  -  LA: 0.74172
[Test F1-max]  -  LA: 0.78431
Epoch: 6 | Loss: 4.032032012939453  | Negative Loss: 0.0
[Test ROC-AUC]  -  SA: 0.00000,  LA: 0.70750
[Test AUPRC]  -  LA: 0.75443
[Test F1-max]  -  LA: 0.79208
Epoch: 7 | Loss: 3.091362476348877  | Negative Loss: 0.0
[Test ROC-AUC]  -  SA: 0.00000,  LA: 0.71083
[Test AUPRC]  -  LA: 0.76011
[Test F1-max]  -  LA: 0.78431
Epoch: 8 | Loss: 2.33707332611084  | Negative Loss: 0.0
[Test ROC-AUC]  -  SA: 0.00000,  LA: 0.70833
[Test AUPRC]  -  LA: 0.75710
[Test F1-max]  -  LA: 0.78431
Epoch: 9 | Loss: 1.7317229509353638  | Negative Loss: 0.0
[Test ROC-AUC]  -  SA: 0.00000,  LA: 0.71000
[Test AUPRC]  -  LA: 0.75861
[Test F1-max]  -  LA: 0.78431
Epoch: 10 | Loss: 1.2538721561431885  | Negative Loss: 0.0
[Test ROC-AUC]  -  SA: 0.00000,  LA: 0.71250
[Test AUPRC]  -  LA: 0.76045
[Test F1-max]  -  LA: 0.78431
Epoch: 11 | Loss: 0.8882596492767334  | Negative Loss: 0.0
[Test ROC-AUC]  -  SA: 0.00000,  LA: 0.72250
[Test AUPRC]  -  LA: 0.77163
[Test F1-max]  -  LA: 0.78431
Epoch: 12 | Loss: 0.6145389080047607  | Negative Loss: 0.0
[Test ROC-AUC]  -  SA: 0.00000,  LA: 0.73583
[Test AUPRC]  -  LA: 0.77968
[Test F1-max]  -  LA: 0.78431
Epoch: 13 | Loss: 0.4170352518558502  | Negative Loss: 0.0
[Test ROC-AUC]  -  SA: 0.00000,  LA: 0.73750
[Test AUPRC]  -  LA: 0.77525
[Test F1-max]  -  LA: 0.78431
Epoch: 14 | Loss: 0.2828545868396759  | Negative Loss: 0.0
[Test ROC-AUC]  -  SA: 0.00000,  LA: 0.73833
[Test AUPRC]  -  LA: 0.77593
[Test F1-max]  -  LA: 0.79070
Epoch: 15 | Loss: 0.1899397075176239  | Negative Loss: 0.0
[Test ROC-AUC]  -  SA: 0.00000,  LA: 0.74000
[Test AUPRC]  -  LA: 0.77764
[Test F1-max]  -  LA: 0.79208
Epoch: 16 | Loss: 0.12611886858940125  | Negative Loss: 0.0
[Test ROC-AUC]  -  SA: 0.00000,  LA: 0.74000
[Test AUPRC]  -  LA: 0.77090
[Test F1-max]  -  LA: 0.79167
Epoch: 17 | Loss: 0.08285091072320938  | Negative Loss: 0.0
[Test ROC-AUC]  -  SA: 0.00000,  LA: 0.73333
[Test AUPRC]  -  LA: 0.76529
[Test F1-max]  -  LA: 0.79167
Epoch: 18 | Loss: 0.053908541798591614  | Negative Loss: 0.0
[Test ROC-AUC]  -  SA: 0.00000,  LA: 0.73750
[Test AUPRC]  -  LA: 0.76534
[Test F1-max]  -  LA: 0.80000
Epoch: 19 | Loss: 0.03500409424304962  | Negative Loss: 0.0
[Test ROC-AUC]  -  SA: 0.00000,  LA: 0.73833
[Test AUPRC]  -  LA: 0.76990
[Test F1-max]  -  LA: 0.80000
Epoch: 20 | Loss: 0.02269226498901844  | Negative Loss: 0.0
[Test ROC-AUC]  -  SA: 0.00000,  LA: 0.73417
[Test AUPRC]  -  LA: 0.76470
[Test F1-max]  -  LA: 0.80851
Epoch: 21 | Loss: 0.014812043868005276  | Negative Loss: 0.0
[Test ROC-AUC]  -  SA: 0.00000,  LA: 0.73333
[Test AUPRC]  -  LA: 0.76318
[Test F1-max]  -  LA: 0.80851
Epoch: 22 | Loss: 0.009742192924022675  | Negative Loss: 0.0
[Test ROC-AUC]  -  SA: 0.00000,  LA: 0.73417
[Test AUPRC]  -  LA: 0.76294
[Test F1-max]  -  LA: 0.80851
Epoch: 23 | Loss: 0.006467191502451897  | Negative Loss: 0.0
[Test ROC-AUC]  -  SA: 0.00000,  LA: 0.73250
[Test AUPRC]  -  LA: 0.76151
[Test F1-max]  -  LA: 0.80851
Epoch: 24 | Loss: 0.0043435730040073395  | Negative Loss: 0.0
[Test ROC-AUC]  -  SA: 0.00000,  LA: 0.73333
[Test AUPRC]  -  LA: 0.76092
[Test F1-max]  -  LA: 0.81720
Epoch: 25 | Loss: 0.002963128499686718  | Negative Loss: 0.0
[Test ROC-AUC]  -  SA: 0.00000,  LA: 0.73167
[Test AUPRC]  -  LA: 0.75621
[Test F1-max]  -  LA: 0.81720
Epoch: 26 | Loss: 0.0020515790674835443  | Negative Loss: 0.0
[Test ROC-AUC]  -  SA: 0.00000,  LA: 0.73667
[Test AUPRC]  -  LA: 0.75979
[Test F1-max]  -  LA: 0.81720
Epoch: 27 | Loss: 0.0014434916665777564  | Negative Loss: 0.0
[Test ROC-AUC]  -  SA: 0.00000,  LA: 0.73667
[Test AUPRC]  -  LA: 0.75861
[Test F1-max]  -  LA: 0.81720
Epoch: 28 | Loss: 0.0010326916817575693  | Negative Loss: 0.0
[Test ROC-AUC]  -  SA: 0.00000,  LA: 0.73583
[Test AUPRC]  -  LA: 0.75466
[Test F1-max]  -  LA: 0.81720
Epoch: 29 | Loss: 0.0007512373849749565  | Negative Loss: 0.0
[Test ROC-AUC]  -  SA: 0.00000,  LA: 0.73250
[Test AUPRC]  -  LA: 0.75375
[Test F1-max]  -  LA: 0.80000
Epoch: 30 | Loss: 0.0005566298495978117  | Negative Loss: 0.0
[Test ROC-AUC]  -  SA: 0.00000,  LA: 0.73167
[Test AUPRC]  -  LA: 0.75150
[Test F1-max]  -  LA: 0.80000
Epoch: 31 | Loss: 0.0004194526991341263  | Negative Loss: 0.0
[Test ROC-AUC]  -  SA: 0.00000,  LA: 0.73000
[Test AUPRC]  -  LA: 0.74910
[Test F1-max]  -  LA: 0.80000
Epoch: 32 | Loss: 0.00032148079480975866  | Negative Loss: 0.0
[Test ROC-AUC]  -  SA: 0.00000,  LA: 0.72583
[Test AUPRC]  -  LA: 0.74466
[Test F1-max]  -  LA: 0.80000
Epoch: 33 | Loss: 0.00025044233188964427  | Negative Loss: 0.0
[Test ROC-AUC]  -  SA: 0.00000,  LA: 0.72667
[Test AUPRC]  -  LA: 0.74819
[Test F1-max]  -  LA: 0.80000
Epoch: 34 | Loss: 0.00019823464390356094  | Negative Loss: 0.0
[Test ROC-AUC]  -  SA: 0.00000,  LA: 0.72583
[Test AUPRC]  -  LA: 0.74677
[Test F1-max]  -  LA: 0.80000
Epoch: 35 | Loss: 0.0001593760389368981  | Negative Loss: 0.0
[Test ROC-AUC]  -  SA: 0.00000,  LA: 0.72750
[Test AUPRC]  -  LA: 0.74776
[Test F1-max]  -  LA: 0.80000
Epoch: 36 | Loss: 0.0001299335854128003  | Negative Loss: 0.0
[Test ROC-AUC]  -  SA: 0.00000,  LA: 0.72500
[Test AUPRC]  -  LA: 0.74608
[Test F1-max]  -  LA: 0.80000
Epoch: 37 | Loss: 0.00010740444122347981  | Negative Loss: 0.0
[Test ROC-AUC]  -  SA: 0.00000,  LA: 0.72667
[Test AUPRC]  -  LA: 0.74958
[Test F1-max]  -  LA: 0.80000
Epoch: 38 | Loss: 9.000079444376752e-05  | Negative Loss: 0.0
[Test ROC-AUC]  -  SA: 0.00000,  LA: 0.72667
[Test AUPRC]  -  LA: 0.74989
[Test F1-max]  -  LA: 0.80000
Epoch: 39 | Loss: 7.641155389137566e-05  | Negative Loss: 0.0
[Test ROC-AUC]  -  SA: 0.00000,  LA: 0.72583
[Test AUPRC]  -  LA: 0.74793
[Test F1-max]  -  LA: 0.80000
Epoch: 40 | Loss: 6.568312528543174e-05  | Negative Loss: 0.0
[Test ROC-AUC]  -  SA: 0.00000,  LA: 0.72750
[Test AUPRC]  -  LA: 0.75024
[Test F1-max]  -  LA: 0.80412
Epoch: 41 | Loss: 5.7100340200122446e-05  | Negative Loss: 0.0
[Test ROC-AUC]  -  SA: 0.00000,  LA: 0.72750
[Test AUPRC]  -  LA: 0.75024
[Test F1-max]  -  LA: 0.80412
Epoch: 42 | Loss: 5.0067199481418356e-05  | Negative Loss: 0.0
[Test ROC-AUC]  -  SA: 0.00000,  LA: 0.72917
[Test AUPRC]  -  LA: 0.75185
[Test F1-max]  -  LA: 0.80412
Epoch: 43 | Loss: 4.434530274011195e-05  | Negative Loss: 0.0
[Test ROC-AUC]  -  SA: 0.00000,  LA: 0.73000
[Test AUPRC]  -  LA: 0.75222
[Test F1-max]  -  LA: 0.80412
Epoch: 44 | Loss: 3.9815455238567665e-05  | Negative Loss: 0.0
[Test ROC-AUC]  -  SA: 0.00000,  LA: 0.73000
[Test AUPRC]  -  LA: 0.75205
[Test F1-max]  -  LA: 0.80412
Epoch: 45 | Loss: 3.588163235690445e-05  | Negative Loss: 0.0
[Test ROC-AUC]  -  SA: 0.00000,  LA: 0.72833
[Test AUPRC]  -  LA: 0.74986
[Test F1-max]  -  LA: 0.80412
Epoch: 46 | Loss: 3.278225631220266e-05  | Negative Loss: 0.0
[Test ROC-AUC]  -  SA: 0.00000,  LA: 0.72667
[Test AUPRC]  -  LA: 0.74889
[Test F1-max]  -  LA: 0.80412
Epoch: 47 | Loss: 2.9921277018729597e-05  | Negative Loss: 0.0
[Test ROC-AUC]  -  SA: 0.00000,  LA: 0.72750
[Test AUPRC]  -  LA: 0.74926
[Test F1-max]  -  LA: 0.80412
Epoch: 48 | Loss: 2.7656338716042228e-05  | Negative Loss: 0.0
[Test ROC-AUC]  -  SA: 0.00000,  LA: 0.72583
[Test AUPRC]  -  LA: 0.74790
[Test F1-max]  -  LA: 0.80412
Epoch: 49 | Loss: 2.5629811716498807e-05  | Negative Loss: 0.0
[Test ROC-AUC]  -  SA: 0.00000,  LA: 0.72667
[Test AUPRC]  -  LA: 0.74945
[Test F1-max]  -  LA: 0.80412
Epoch: 50 | Loss: 2.396090712863952e-05  | Negative Loss: 0.0
[Test ROC-AUC]  -  SA: 0.00000,  LA: 0.72500
[Test AUPRC]  -  LA: 0.74684
[Test F1-max]  -  LA: 0.80808
Epoch: 51 | Loss: 2.253041384392418e-05  | Negative Loss: 0.0
[Test ROC-AUC]  -  SA: 0.00000,  LA: 0.72583
[Test AUPRC]  -  LA: 0.74769
[Test F1-max]  -  LA: 0.80808
Epoch: 52 | Loss: 2.1219126210780814e-05  | Negative Loss: 0.0
[Test ROC-AUC]  -  SA: 0.00000,  LA: 0.72583
[Test AUPRC]  -  LA: 0.74769
[Test F1-max]  -  LA: 0.80808
Epoch: 53 | Loss: 2.0146255337749608e-05  | Negative Loss: 0.0
[Test ROC-AUC]  -  SA: 0.00000,  LA: 0.72583
[Test AUPRC]  -  LA: 0.74769
[Test F1-max]  -  LA: 0.80808
Epoch: 54 | Loss: 1.9192593754269183e-05  | Negative Loss: 0.0
[Test ROC-AUC]  -  SA: 0.00000,  LA: 0.72583
[Test AUPRC]  -  LA: 0.74769
[Test F1-max]  -  LA: 0.80808
Epoch: 55 | Loss: 1.835813782236073e-05  | Negative Loss: 0.0
[Test ROC-AUC]  -  SA: 0.00000,  LA: 0.72750
[Test AUPRC]  -  LA: 0.75058
[Test F1-max]  -  LA: 0.80808
Epoch: 56 | Loss: 1.7523680071462877e-05  | Negative Loss: 0.0
[Test ROC-AUC]  -  SA: 0.00000,  LA: 0.72750
[Test AUPRC]  -  LA: 0.75058
[Test F1-max]  -  LA: 0.80808
Epoch: 57 | Loss: 1.7046848370227963e-05  | Negative Loss: 0.0
[Test ROC-AUC]  -  SA: 0.00000,  LA: 0.72750
[Test AUPRC]  -  LA: 0.75058
[Test F1-max]  -  LA: 0.80808
Epoch: 58 | Loss: 1.6450807379442267e-05  | Negative Loss: 0.0
[Test ROC-AUC]  -  SA: 0.00000,  LA: 0.72667
[Test AUPRC]  -  LA: 0.74961
[Test F1-max]  -  LA: 0.80808
Epoch: 59 | Loss: 1.5973975678207353e-05  | Negative Loss: 0.0
[Test ROC-AUC]  -  SA: 0.00000,  LA: 0.72667
[Test AUPRC]  -  LA: 0.74961
[Test F1-max]  -  LA: 0.80808
Epoch: 60 | Loss: 1.5377932868432254e-05  | Negative Loss: 0.0
[Test ROC-AUC]  -  SA: 0.00000,  LA: 0.72750
[Test AUPRC]  -  LA: 0.75030
[Test F1-max]  -  LA: 0.80808
Epoch: 61 | Loss: 1.5139517017814796e-05  | Negative Loss: 0.0
[Test ROC-AUC]  -  SA: 0.00000,  LA: 0.72750
[Test AUPRC]  -  LA: 0.75030
[Test F1-max]  -  LA: 0.80808
Epoch: 62 | Loss: 1.4543475117534399e-05  | Negative Loss: 0.0
[Test ROC-AUC]  -  SA: 0.00000,  LA: 0.72750
[Test AUPRC]  -  LA: 0.75030
[Test F1-max]  -  LA: 0.80808
Epoch: 63 | Loss: 1.430505835742224e-05  | Negative Loss: 0.0
[Test ROC-AUC]  -  SA: 0.00000,  LA: 0.72667
[Test AUPRC]  -  LA: 0.74747
[Test F1-max]  -  LA: 0.80808
Epoch: 64 | Loss: 1.4066642506804783e-05  | Negative Loss: 0.0
[Test ROC-AUC]  -  SA: 0.00000,  LA: 0.72667
[Test AUPRC]  -  LA: 0.74747
[Test F1-max]  -  LA: 0.80808
Epoch: 65 | Loss: 1.3470598787534982e-05  | Negative Loss: 0.0
[Test ROC-AUC]  -  SA: 0.00000,  LA: 0.72667
[Test AUPRC]  -  LA: 0.74848
[Test F1-max]  -  LA: 0.80808
Epoch: 66 | Loss: 1.3232182027422823e-05  | Negative Loss: 0.0
[Test ROC-AUC]  -  SA: 0.00000,  LA: 0.72667
[Test AUPRC]  -  LA: 0.74848
[Test F1-max]  -  LA: 0.80808
Epoch: 67 | Loss: 1.2993765267310664e-05  | Negative Loss: 0.0
[Test ROC-AUC]  -  SA: 0.00000,  LA: 0.72625
[Test AUPRC]  -  LA: 0.74831
[Test F1-max]  -  LA: 0.80808
Epoch: 68 | Loss: 1.2874555977759883e-05  | Negative Loss: 0.0
[Test ROC-AUC]  -  SA: 0.00000,  LA: 0.72583
[Test AUPRC]  -  LA: 0.74814
[Test F1-max]  -  LA: 0.80808
Epoch: 69 | Loss: 1.2516931747086346e-05  | Negative Loss: 0.0
[Test ROC-AUC]  -  SA: 0.00000,  LA: 0.72583
[Test AUPRC]  -  LA: 0.74814
[Test F1-max]  -  LA: 0.80808
Epoch: 70 | Loss: 1.2278514077479485e-05  | Negative Loss: 0.0
[Test ROC-AUC]  -  SA: 0.00000,  LA: 0.72583
[Test AUPRC]  -  LA: 0.74814
[Test F1-max]  -  LA: 0.80808
Epoch: 71 | Loss: 1.2159306606918108e-05  | Negative Loss: 0.0
[Test ROC-AUC]  -  SA: 0.00000,  LA: 0.72583
[Test AUPRC]  -  LA: 0.74814
[Test F1-max]  -  LA: 0.80808
Epoch: 72 | Loss: 1.2040097317367326e-05  | Negative Loss: 0.0
[Test ROC-AUC]  -  SA: 0.00000,  LA: 0.72667
[Test AUPRC]  -  LA: 0.74888
[Test F1-max]  -  LA: 0.80808
Epoch: 73 | Loss: 1.1920889846805949e-05  | Negative Loss: 0.0
[Test ROC-AUC]  -  SA: 0.00000,  LA: 0.72667
[Test AUPRC]  -  LA: 0.74888
[Test F1-max]  -  LA: 0.80808
Epoch: 74 | Loss: 1.1801682376244571e-05  | Negative Loss: 0.0
[Test ROC-AUC]  -  SA: 0.00000,  LA: 0.72833
[Test AUPRC]  -  LA: 0.75130
[Test F1-max]  -  LA: 0.80808
Epoch: 75 | Loss: 1.168247308669379e-05  | Negative Loss: 0.0
[Test ROC-AUC]  -  SA: 0.00000,  LA: 0.72750
[Test AUPRC]  -  LA: 0.75056
[Test F1-max]  -  LA: 0.80808
Epoch: 76 | Loss: 1.1444056326581631e-05  | Negative Loss: 0.0
[Test ROC-AUC]  -  SA: 0.00000,  LA: 0.72667
[Test AUPRC]  -  LA: 0.74951
[Test F1-max]  -  LA: 0.80808
Epoch: 77 | Loss: 1.1444056326581631e-05  | Negative Loss: 0.0
[Test ROC-AUC]  -  SA: 0.00000,  LA: 0.72708
[Test AUPRC]  -  LA: 0.75042
[Test F1-max]  -  LA: 0.80808
Epoch: 78 | Loss: 1.120563865697477e-05  | Negative Loss: 0.0
[Test ROC-AUC]  -  SA: 0.00000,  LA: 0.72833
[Test AUPRC]  -  LA: 0.75293
[Test F1-max]  -  LA: 0.80808
Epoch: 79 | Loss: 1.108643027691869e-05  | Negative Loss: 0.0
[Test ROC-AUC]  -  SA: 0.00000,  LA: 0.72833
[Test AUPRC]  -  LA: 0.75293
[Test F1-max]  -  LA: 0.80808
Epoch: 80 | Loss: 1.108643027691869e-05  | Negative Loss: 0.0
[Test ROC-AUC]  -  SA: 0.00000,  LA: 0.72833
[Test AUPRC]  -  LA: 0.75293
[Test F1-max]  -  LA: 0.80808
Epoch: 81 | Loss: 1.0967221896862611e-05  | Negative Loss: 0.0
[Test ROC-AUC]  -  SA: 0.00000,  LA: 0.72833
[Test AUPRC]  -  LA: 0.75293
[Test F1-max]  -  LA: 0.80808
Epoch: 82 | Loss: 1.0848013516806532e-05  | Negative Loss: 0.0
[Test ROC-AUC]  -  SA: 0.00000,  LA: 0.72833
[Test AUPRC]  -  LA: 0.75293
[Test F1-max]  -  LA: 0.80808
Epoch: 83 | Loss: 1.0848013516806532e-05  | Negative Loss: 0.0
[Test ROC-AUC]  -  SA: 0.00000,  LA: 0.72750
[Test AUPRC]  -  LA: 0.75244
[Test F1-max]  -  LA: 0.80808
Epoch: 84 | Loss: 1.0728805136750452e-05  | Negative Loss: 0.0
[Test ROC-AUC]  -  SA: 0.00000,  LA: 0.72750
[Test AUPRC]  -  LA: 0.75244
[Test F1-max]  -  LA: 0.80808
Epoch: 85 | Loss: 1.0728805136750452e-05  | Negative Loss: 0.0
[Test ROC-AUC]  -  SA: 0.00000,  LA: 0.72750
[Test AUPRC]  -  LA: 0.75244
[Test F1-max]  -  LA: 0.80808
Epoch: 86 | Loss: 1.0609596756694373e-05  | Negative Loss: 0.0
[Test ROC-AUC]  -  SA: 0.00000,  LA: 0.72833
[Test AUPRC]  -  LA: 0.75318
[Test F1-max]  -  LA: 0.80808
Epoch: 87 | Loss: 1.0609596756694373e-05  | Negative Loss: 0.0
[Test ROC-AUC]  -  SA: 0.00000,  LA: 0.72917
[Test AUPRC]  -  LA: 0.75349
[Test F1-max]  -  LA: 0.80808
Epoch: 88 | Loss: 1.0371179087087512e-05  | Negative Loss: 0.0
[Test ROC-AUC]  -  SA: 0.00000,  LA: 0.73000
[Test AUPRC]  -  LA: 0.75406
[Test F1-max]  -  LA: 0.80808
Epoch: 89 | Loss: 1.0371179087087512e-05  | Negative Loss: 0.0
[Test ROC-AUC]  -  SA: 0.00000,  LA: 0.73000
[Test AUPRC]  -  LA: 0.75364
[Test F1-max]  -  LA: 0.80851
Epoch: 90 | Loss: 1.0251970707031433e-05  | Negative Loss: 0.0
[Test ROC-AUC]  -  SA: 0.00000,  LA: 0.73000
[Test AUPRC]  -  LA: 0.75364
[Test F1-max]  -  LA: 0.80851
Epoch: 91 | Loss: 1.0251970707031433e-05  | Negative Loss: 0.0
[Test ROC-AUC]  -  SA: 0.00000,  LA: 0.73000
[Test AUPRC]  -  LA: 0.75364
[Test F1-max]  -  LA: 0.80851
Epoch: 92 | Loss: 1.0132762326975353e-05  | Negative Loss: 0.0
[Test ROC-AUC]  -  SA: 0.00000,  LA: 0.73000
[Test AUPRC]  -  LA: 0.75364
[Test F1-max]  -  LA: 0.80851
Epoch: 93 | Loss: 1.0013553037424572e-05  | Negative Loss: 0.0
[Test ROC-AUC]  -  SA: 0.00000,  LA: 0.73000
[Test AUPRC]  -  LA: 0.75364
[Test F1-max]  -  LA: 0.80851
Epoch: 94 | Loss: 9.894344657368492e-06  | Negative Loss: 0.0
[Test ROC-AUC]  -  SA: 0.00000,  LA: 0.73000
[Test AUPRC]  -  LA: 0.75364
[Test F1-max]  -  LA: 0.80851
Epoch: 95 | Loss: 9.894344657368492e-06  | Negative Loss: 0.0
[Test ROC-AUC]  -  SA: 0.00000,  LA: 0.73000
[Test AUPRC]  -  LA: 0.75364
[Test F1-max]  -  LA: 0.80851
Epoch: 96 | Loss: 9.775135367817711e-06  | Negative Loss: 0.0
[Test ROC-AUC]  -  SA: 0.00000,  LA: 0.73000
[Test AUPRC]  -  LA: 0.75364
[Test F1-max]  -  LA: 0.80851
Epoch: 97 | Loss: 9.775135367817711e-06  | Negative Loss: 0.0
[Test ROC-AUC]  -  SA: 0.00000,  LA: 0.72917
[Test AUPRC]  -  LA: 0.75314
[Test F1-max]  -  LA: 0.80851
Epoch: 98 | Loss: 9.655926987761632e-06  | Negative Loss: 0.0
[Test ROC-AUC]  -  SA: 0.00000,  LA: 0.72833
[Test AUPRC]  -  LA: 0.75257
[Test F1-max]  -  LA: 0.80851
Epoch: 99 | Loss: 9.655926987761632e-06  | Negative Loss: 0.0
Time consumption: 95.79071259498596
Best LA AUC: 0.74
Best LA AUPC: 0.7796760843371191
Best LA F1-max: 0.8172043010752688
[Result] Experiment result appended to ./results/train_hybrid_result.csv

[END] 2026-03-19 10:19:50
[RETURN CODE] 0
