[START] 2026-03-19 10:29:35
[GPU] 3
[TASK] 76/160
[NAME] blue_splicing_winclip
[REPEAT] 6/10
[COMMAND] python train_hybrid.py --data_name blue_splicing --mask True --text True --double_encoder True --few_shot True --shot 5 --hybrid_model winclip --hybrid_weight 0.3 --hybrid_batch_size 16 --epoch 100 --log True --lr 5e-4 --detection True --preprocess True

/home/seungeon/miniconda3/envs/LAB/lib/python3.10/site-packages/timm/models/layers/__init__.py:48: FutureWarning: Importing from timm.models.layers is deprecated, please import via timm.layers
  warnings.warn(f"Importing from {__name__} is deprecated, please import via timm.layers", FutureWarning)
/home/seungeon/Workspace/side/vlm/train_hybrid.py:18: DeprecationWarning: The distutils package is deprecated and slated for removal in Python 3.12. Use setuptools or check PEP 632 for potential alternatives
  from distutils.util import strtobool
Torch version: 2.9.1+cu128
cuda is loaded for process
here?
In my local computer
Namespace(epoch=100, gpu_number='0', data_name='blue_splicing', lr=0.0005, batch_size=6, shuffle=True, seed=0, tag='default', model_name='ViT-B-32', pretrained_name='laion2b_s34b_b79k', lora=1, default=False, foundation='CLIP', detection=1, preprocess=1, num_rule=0, object_names=['a photo of orange connector', 'a photo of blue cable', 'a photo of yellow cable', 'a photo of red cable', 'a photo of metal panel'], objects_for_rules=[['a photo of orange connector'], ['a photo of orange connector'], ['a photo of blue cable'], ['a photo of blue cable'], ['a photo of orange connector'], ['a photo of orange connector', 'a photo of blue cable']], texts_for_rules=[['a photo of orange connector'], ['a photo of orange connector'], ['a photo of cable'], ['a photo of yellow cable'], ['a photo of blue cable'], ['a photo of orange connector and blue cable']], mask=1, text=1, score='mean', ciriculam_learning=False, few_shot=1, shot=5, log=1, neg_loss=0, double_encoder=1, pretrained_count_path=None, ris=0, rule_select='', rule_list=[], num_negative=5, hybrid_model='winclip', hybrid_weight=0.3, hybrid_class_name='', hybrid_batch_size=16, hybrid_backbone='ViT-B-16-plus-240', hybrid_pretrained_dataset='laion400m_e32', hybrid_scales=[2, 3], hybrid_img_resize=240, hybrid_img_cropsize=240, hybrid_resolution=400, hybrid_promptad_epoch=100, hybrid_promptad_lr=0.002, hybrid_promptad_momentum=0.9, hybrid_promptad_weight_decay=0.0005, hybrid_promptad_eta_min=1e-05, hybrid_promptad_lambda1=0.001, hybrid_promptad_n_ctx=4, hybrid_promptad_n_pro=3, hybrid_promptad_n_ctx_ab=1, hybrid_promptad_n_pro_ab=4, early_stop_k=10, result_log_path='./results/train_hybrid_result.csv')
[Hybrid] method=winclip, class_name=splicing_connectors, train=5, eval=70, base_path=/data3/seungeon/data/image/mvtec_loco_anomaly_detection/blue_splicing
grid 240 16 (15, 15)
[Hybrid-only] LA_AUC=0.66667, LA_AUPRC=0.71503, LA_F1=0.77895
[Data Description]
- Train: 5
- Test: 70

Train Start
[Test ROC-AUC]  -  SA: 0.00000,  LA: 0.58333
[Test AUPRC]  -  LA: 0.60569
[Test F1-max]  -  LA: 0.76923
Epoch: 0 | Loss: 17.476852416992188  | Negative Loss: 0.0
[Test ROC-AUC]  -  SA: 0.00000,  LA: 0.58250
[Test AUPRC]  -  LA: 0.60529
[Test F1-max]  -  LA: 0.76087
Epoch: 1 | Loss: 17.3646240234375  | Negative Loss: 0.0
[Test ROC-AUC]  -  SA: 0.00000,  LA: 0.61500
[Test AUPRC]  -  LA: 0.61082
[Test F1-max]  -  LA: 0.76596
Epoch: 2 | Loss: 16.10870361328125  | Negative Loss: 0.0
[Test ROC-AUC]  -  SA: 0.00000,  LA: 0.64583
[Test AUPRC]  -  LA: 0.64895
[Test F1-max]  -  LA: 0.76923
Epoch: 3 | Loss: 14.054535865783691  | Negative Loss: 0.0
[Test ROC-AUC]  -  SA: 0.00000,  LA: 0.69000
[Test AUPRC]  -  LA: 0.71209
[Test F1-max]  -  LA: 0.76923
Epoch: 4 | Loss: 11.550169944763184  | Negative Loss: 0.0
[Test ROC-AUC]  -  SA: 0.00000,  LA: 0.71917
[Test AUPRC]  -  LA: 0.75067
[Test F1-max]  -  LA: 0.76923
Epoch: 5 | Loss: 9.123686790466309  | Negative Loss: 0.0
[Test ROC-AUC]  -  SA: 0.00000,  LA: 0.74667
[Test AUPRC]  -  LA: 0.79150
[Test F1-max]  -  LA: 0.78000
Epoch: 6 | Loss: 7.063896656036377  | Negative Loss: 0.0
[Test ROC-AUC]  -  SA: 0.00000,  LA: 0.76250
[Test AUPRC]  -  LA: 0.80678
[Test F1-max]  -  LA: 0.78431
Epoch: 7 | Loss: 5.322353839874268  | Negative Loss: 0.0
[Test ROC-AUC]  -  SA: 0.00000,  LA: 0.76667
[Test AUPRC]  -  LA: 0.81037
[Test F1-max]  -  LA: 0.78788
Epoch: 8 | Loss: 3.853595018386841  | Negative Loss: 0.0
[Test ROC-AUC]  -  SA: 0.00000,  LA: 0.75917
[Test AUPRC]  -  LA: 0.80084
[Test F1-max]  -  LA: 0.79208
Epoch: 9 | Loss: 2.670604944229126  | Negative Loss: 0.0
[Test ROC-AUC]  -  SA: 0.00000,  LA: 0.76333
[Test AUPRC]  -  LA: 0.80687
[Test F1-max]  -  LA: 0.79208
Epoch: 10 | Loss: 1.8029999732971191  | Negative Loss: 0.0
[Test ROC-AUC]  -  SA: 0.00000,  LA: 0.76333
[Test AUPRC]  -  LA: 0.80721
[Test F1-max]  -  LA: 0.79208
Epoch: 11 | Loss: 1.1904560327529907  | Negative Loss: 0.0
[Test ROC-AUC]  -  SA: 0.00000,  LA: 0.76417
[Test AUPRC]  -  LA: 0.81057
[Test F1-max]  -  LA: 0.79208
Epoch: 12 | Loss: 0.763818621635437  | Negative Loss: 0.0
[Test ROC-AUC]  -  SA: 0.00000,  LA: 0.76583
[Test AUPRC]  -  LA: 0.81697
[Test F1-max]  -  LA: 0.79208
Epoch: 13 | Loss: 0.4743599593639374  | Negative Loss: 0.0
[Test ROC-AUC]  -  SA: 0.00000,  LA: 0.75917
[Test AUPRC]  -  LA: 0.81224
[Test F1-max]  -  LA: 0.80000
Epoch: 14 | Loss: 0.28563299775123596  | Negative Loss: 0.0
[Test ROC-AUC]  -  SA: 0.00000,  LA: 0.75833
[Test AUPRC]  -  LA: 0.80862
[Test F1-max]  -  LA: 0.80000
Epoch: 15 | Loss: 0.16759249567985535  | Negative Loss: 0.0
[Test ROC-AUC]  -  SA: 0.00000,  LA: 0.76083
[Test AUPRC]  -  LA: 0.81283
[Test F1-max]  -  LA: 0.79208
Epoch: 16 | Loss: 0.09672205150127411  | Negative Loss: 0.0
[Test ROC-AUC]  -  SA: 0.00000,  LA: 0.76750
[Test AUPRC]  -  LA: 0.81900
[Test F1-max]  -  LA: 0.79208
Epoch: 17 | Loss: 0.05532578378915787  | Negative Loss: 0.0
[Test ROC-AUC]  -  SA: 0.00000,  LA: 0.76750
[Test AUPRC]  -  LA: 0.81480
[Test F1-max]  -  LA: 0.80000
Epoch: 18 | Loss: 0.03166421875357628  | Negative Loss: 0.0
[Test ROC-AUC]  -  SA: 0.00000,  LA: 0.76667
[Test AUPRC]  -  LA: 0.80970
[Test F1-max]  -  LA: 0.80000
Epoch: 19 | Loss: 0.01829596608877182  | Negative Loss: 0.0
[Test ROC-AUC]  -  SA: 0.00000,  LA: 0.76667
[Test AUPRC]  -  LA: 0.81054
[Test F1-max]  -  LA: 0.80000
Epoch: 20 | Loss: 0.010744597762823105  | Negative Loss: 0.0
[Test ROC-AUC]  -  SA: 0.00000,  LA: 0.76167
[Test AUPRC]  -  LA: 0.80848
[Test F1-max]  -  LA: 0.80412
Epoch: 21 | Loss: 0.006444042548537254  | Negative Loss: 0.0
[Test ROC-AUC]  -  SA: 0.00000,  LA: 0.76167
[Test AUPRC]  -  LA: 0.81319
[Test F1-max]  -  LA: 0.80808
Epoch: 22 | Loss: 0.0039470139890909195  | Negative Loss: 0.0
[Test ROC-AUC]  -  SA: 0.00000,  LA: 0.75917
[Test AUPRC]  -  LA: 0.81513
[Test F1-max]  -  LA: 0.80808
Epoch: 23 | Loss: 0.002472320105880499  | Negative Loss: 0.0
[Test ROC-AUC]  -  SA: 0.00000,  LA: 0.75667
[Test AUPRC]  -  LA: 0.81379
[Test F1-max]  -  LA: 0.81633
Epoch: 24 | Loss: 0.0015824774745851755  | Negative Loss: 0.0
[Test ROC-AUC]  -  SA: 0.00000,  LA: 0.75333
[Test AUPRC]  -  LA: 0.80989
[Test F1-max]  -  LA: 0.81633
Epoch: 25 | Loss: 0.0010349417570978403  | Negative Loss: 0.0
[Test ROC-AUC]  -  SA: 0.00000,  LA: 0.75250
[Test AUPRC]  -  LA: 0.80874
[Test F1-max]  -  LA: 0.81633
Epoch: 26 | Loss: 0.0006908094510436058  | Negative Loss: 0.0
[Test ROC-AUC]  -  SA: 0.00000,  LA: 0.74750
[Test AUPRC]  -  LA: 0.79997
[Test F1-max]  -  LA: 0.81633
Epoch: 27 | Loss: 0.0004710057401098311  | Negative Loss: 0.0
[Test ROC-AUC]  -  SA: 0.00000,  LA: 0.74167
[Test AUPRC]  -  LA: 0.79055
[Test F1-max]  -  LA: 0.81633
Epoch: 28 | Loss: 0.0003275207709521055  | Negative Loss: 0.0
[Test ROC-AUC]  -  SA: 0.00000,  LA: 0.74167
[Test AUPRC]  -  LA: 0.78940
[Test F1-max]  -  LA: 0.81633
Epoch: 29 | Loss: 0.00023249618243426085  | Negative Loss: 0.0
[Test ROC-AUC]  -  SA: 0.00000,  LA: 0.74000
[Test AUPRC]  -  LA: 0.78779
[Test F1-max]  -  LA: 0.81633
Epoch: 30 | Loss: 0.00016829452943056822  | Negative Loss: 0.0
[Test ROC-AUC]  -  SA: 0.00000,  LA: 0.73583
[Test AUPRC]  -  LA: 0.78387
[Test F1-max]  -  LA: 0.81633
Epoch: 31 | Loss: 0.00012416555546224117  | Negative Loss: 0.0
[Test ROC-AUC]  -  SA: 0.00000,  LA: 0.73500
[Test AUPRC]  -  LA: 0.78228
[Test F1-max]  -  LA: 0.81633
Epoch: 32 | Loss: 9.326770668849349e-05  | Negative Loss: 0.0
[Test ROC-AUC]  -  SA: 0.00000,  LA: 0.73333
[Test AUPRC]  -  LA: 0.78013
[Test F1-max]  -  LA: 0.81633
Epoch: 33 | Loss: 7.131001621019095e-05  | Negative Loss: 0.0
[Test ROC-AUC]  -  SA: 0.00000,  LA: 0.73083
[Test AUPRC]  -  LA: 0.77712
[Test F1-max]  -  LA: 0.81633
Epoch: 34 | Loss: 5.552709262701683e-05  | Negative Loss: 0.0
[Test ROC-AUC]  -  SA: 0.00000,  LA: 0.73000
[Test AUPRC]  -  LA: 0.77671
[Test F1-max]  -  LA: 0.81633
Epoch: 35 | Loss: 4.398784221848473e-05  | Negative Loss: 0.0
[Test ROC-AUC]  -  SA: 0.00000,  LA: 0.73250
[Test AUPRC]  -  LA: 0.77851
[Test F1-max]  -  LA: 0.81633
Epoch: 36 | Loss: 3.54525946022477e-05  | Negative Loss: 0.0
[Test ROC-AUC]  -  SA: 0.00000,  LA: 0.73250
[Test AUPRC]  -  LA: 0.77851
[Test F1-max]  -  LA: 0.81633
Epoch: 37 | Loss: 2.8943848519702442e-05  | Negative Loss: 0.0
[Test ROC-AUC]  -  SA: 0.00000,  LA: 0.73083
[Test AUPRC]  -  LA: 0.77653
[Test F1-max]  -  LA: 0.81633
Epoch: 38 | Loss: 2.38655829889467e-05  | Negative Loss: 0.0
[Test ROC-AUC]  -  SA: 0.00000,  LA: 0.73000
[Test AUPRC]  -  LA: 0.77470
[Test F1-max]  -  LA: 0.81633
Epoch: 39 | Loss: 2.0074763597222045e-05  | Negative Loss: 0.0
[Test ROC-AUC]  -  SA: 0.00000,  LA: 0.72750
[Test AUPRC]  -  LA: 0.77236
[Test F1-max]  -  LA: 0.81633
Epoch: 40 | Loss: 1.7046868379111402e-05  | Negative Loss: 0.0
[Test ROC-AUC]  -  SA: 0.00000,  LA: 0.72750
[Test AUPRC]  -  LA: 0.77236
[Test F1-max]  -  LA: 0.81633
Epoch: 41 | Loss: 1.471038194722496e-05  | Negative Loss: 0.0
[Test ROC-AUC]  -  SA: 0.00000,  LA: 0.72750
[Test AUPRC]  -  LA: 0.77236
[Test F1-max]  -  LA: 0.81633
Epoch: 42 | Loss: 1.2731518836517353e-05  | Negative Loss: 0.0
[Test ROC-AUC]  -  SA: 0.00000,  LA: 0.72750
[Test AUPRC]  -  LA: 0.77236
[Test F1-max]  -  LA: 0.81633
Epoch: 43 | Loss: 1.1134121450595558e-05  | Negative Loss: 0.0
[Test ROC-AUC]  -  SA: 0.00000,  LA: 0.72750
[Test AUPRC]  -  LA: 0.77236
[Test F1-max]  -  LA: 0.81633
Epoch: 44 | Loss: 9.965875506168231e-06  | Negative Loss: 0.0
[Test ROC-AUC]  -  SA: 0.00000,  LA: 0.72667
[Test AUPRC]  -  LA: 0.77060
[Test F1-max]  -  LA: 0.81633
Epoch: 45 | Loss: 8.82147105585318e-06  | Negative Loss: 0.0
[Test ROC-AUC]  -  SA: 0.00000,  LA: 0.72667
[Test AUPRC]  -  LA: 0.77054
[Test F1-max]  -  LA: 0.81633
Epoch: 46 | Loss: 7.987008757481817e-06  | Negative Loss: 0.0
[Test ROC-AUC]  -  SA: 0.00000,  LA: 0.72750
[Test AUPRC]  -  LA: 0.77090
[Test F1-max]  -  LA: 0.81633
Epoch: 47 | Loss: 7.200230356829707e-06  | Negative Loss: 0.0
[Test ROC-AUC]  -  SA: 0.00000,  LA: 0.72833
[Test AUPRC]  -  LA: 0.76994
[Test F1-max]  -  LA: 0.81633
Epoch: 48 | Loss: 6.62802767692483e-06  | Negative Loss: 0.0
[Test ROC-AUC]  -  SA: 0.00000,  LA: 0.72750
[Test AUPRC]  -  LA: 0.76931
[Test F1-max]  -  LA: 0.81633
Epoch: 49 | Loss: 6.079666036384879e-06  | Negative Loss: 0.0
[Test ROC-AUC]  -  SA: 0.00000,  LA: 0.72750
[Test AUPRC]  -  LA: 0.76931
[Test F1-max]  -  LA: 0.81633
Epoch: 50 | Loss: 5.650513230648357e-06  | Negative Loss: 0.0
[Test ROC-AUC]  -  SA: 0.00000,  LA: 0.72750
[Test AUPRC]  -  LA: 0.76931
[Test F1-max]  -  LA: 0.81633
Epoch: 51 | Loss: 5.245203283266164e-06  | Negative Loss: 0.0
[Test ROC-AUC]  -  SA: 0.00000,  LA: 0.72667
[Test AUPRC]  -  LA: 0.76545
[Test F1-max]  -  LA: 0.81633
Epoch: 52 | Loss: 5.006784704164602e-06  | Negative Loss: 0.0
[Test ROC-AUC]  -  SA: 0.00000,  LA: 0.72583
[Test AUPRC]  -  LA: 0.76428
[Test F1-max]  -  LA: 0.81633
Epoch: 53 | Loss: 4.720683136838488e-06  | Negative Loss: 0.0
[Test ROC-AUC]  -  SA: 0.00000,  LA: 0.72583
[Test AUPRC]  -  LA: 0.76428
[Test F1-max]  -  LA: 0.81633
Epoch: 54 | Loss: 4.410739620652748e-06  | Negative Loss: 0.0
[Test ROC-AUC]  -  SA: 0.00000,  LA: 0.72583
[Test AUPRC]  -  LA: 0.76428
[Test F1-max]  -  LA: 0.81633
Epoch: 55 | Loss: 4.196162990410812e-06  | Negative Loss: 0.0
[Test ROC-AUC]  -  SA: 0.00000,  LA: 0.72667
[Test AUPRC]  -  LA: 0.76459
[Test F1-max]  -  LA: 0.81633
Epoch: 56 | Loss: 3.981586814916227e-06  | Negative Loss: 0.0
[Test ROC-AUC]  -  SA: 0.00000,  LA: 0.72583
[Test AUPRC]  -  LA: 0.76423
[Test F1-max]  -  LA: 0.81633
Epoch: 57 | Loss: 3.83853603125317e-06  | Negative Loss: 0.0
[Test ROC-AUC]  -  SA: 0.00000,  LA: 0.72667
[Test AUPRC]  -  LA: 0.76540
[Test F1-max]  -  LA: 0.81633
Epoch: 58 | Loss: 3.6954852475901134e-06  | Negative Loss: 0.0
[Test ROC-AUC]  -  SA: 0.00000,  LA: 0.72667
[Test AUPRC]  -  LA: 0.76540
[Test F1-max]  -  LA: 0.81633
Epoch: 59 | Loss: 3.576276412786683e-06  | Negative Loss: 0.0
[Test ROC-AUC]  -  SA: 0.00000,  LA: 0.72667
[Test AUPRC]  -  LA: 0.76540
[Test F1-max]  -  LA: 0.81633
Epoch: 60 | Loss: 3.457066668488551e-06  | Negative Loss: 0.0
[Test ROC-AUC]  -  SA: 0.00000,  LA: 0.72583
[Test AUPRC]  -  LA: 0.76482
[Test F1-max]  -  LA: 0.81633
Epoch: 61 | Loss: 3.3140161121991696e-06  | Negative Loss: 0.0
[Test ROC-AUC]  -  SA: 0.00000,  LA: 0.72583
[Test AUPRC]  -  LA: 0.76482
[Test F1-max]  -  LA: 0.81633
Epoch: 62 | Loss: 3.266332441853592e-06  | Negative Loss: 0.0
[Test ROC-AUC]  -  SA: 0.00000,  LA: 0.72583
[Test AUPRC]  -  LA: 0.76482
[Test F1-max]  -  LA: 0.81633
Epoch: 63 | Loss: 3.147123152302811e-06  | Negative Loss: 0.0
[Test ROC-AUC]  -  SA: 0.00000,  LA: 0.72583
[Test AUPRC]  -  LA: 0.76482
[Test F1-max]  -  LA: 0.81633
Epoch: 64 | Loss: 3.0755977604712825e-06  | Negative Loss: 0.0
[Test ROC-AUC]  -  SA: 0.00000,  LA: 0.72583
[Test AUPRC]  -  LA: 0.76482
[Test F1-max]  -  LA: 0.81633
Epoch: 65 | Loss: 3.0279138627520297e-06  | Negative Loss: 0.0
[Test ROC-AUC]  -  SA: 0.00000,  LA: 0.72583
[Test AUPRC]  -  LA: 0.76482
[Test F1-max]  -  LA: 0.81633
Epoch: 66 | Loss: 2.9802304197801277e-06  | Negative Loss: 0.0
[Test ROC-AUC]  -  SA: 0.00000,  LA: 0.72583
[Test AUPRC]  -  LA: 0.76482
[Test F1-max]  -  LA: 0.81633
Epoch: 67 | Loss: 2.9325467494345503e-06  | Negative Loss: 0.0
[Test ROC-AUC]  -  SA: 0.00000,  LA: 0.72583
[Test AUPRC]  -  LA: 0.76482
[Test F1-max]  -  LA: 0.81633
Epoch: 68 | Loss: 2.8610211302293465e-06  | Negative Loss: 0.0
[Test ROC-AUC]  -  SA: 0.00000,  LA: 0.72583
[Test AUPRC]  -  LA: 0.76482
[Test F1-max]  -  LA: 0.81633
Epoch: 69 | Loss: 2.8133376872574445e-06  | Negative Loss: 0.0
[Test ROC-AUC]  -  SA: 0.00000,  LA: 0.72583
[Test AUPRC]  -  LA: 0.76482
[Test F1-max]  -  LA: 0.81633
Epoch: 70 | Loss: 2.789495738397818e-06  | Negative Loss: 0.0
[Test ROC-AUC]  -  SA: 0.00000,  LA: 0.72583
[Test AUPRC]  -  LA: 0.76482
[Test F1-max]  -  LA: 0.81633
Epoch: 71 | Loss: 2.6941283977066632e-06  | Negative Loss: 0.0
[Test ROC-AUC]  -  SA: 0.00000,  LA: 0.72583
[Test AUPRC]  -  LA: 0.76482
[Test F1-max]  -  LA: 0.81633
Epoch: 72 | Loss: 2.6226027785014594e-06  | Negative Loss: 0.0
[Test ROC-AUC]  -  SA: 0.00000,  LA: 0.72583
[Test AUPRC]  -  LA: 0.76482
[Test F1-max]  -  LA: 0.81633
Epoch: 73 | Loss: 2.5987610570155084e-06  | Negative Loss: 0.0
[Test ROC-AUC]  -  SA: 0.00000,  LA: 0.72583
[Test AUPRC]  -  LA: 0.76482
[Test F1-max]  -  LA: 0.81633
Epoch: 74 | Loss: 2.574919562903233e-06  | Negative Loss: 0.0
[Test ROC-AUC]  -  SA: 0.00000,  LA: 0.72583
[Test AUPRC]  -  LA: 0.76482
[Test F1-max]  -  LA: 0.81633
Epoch: 75 | Loss: 2.5510776140436064e-06  | Negative Loss: 0.0
[Test ROC-AUC]  -  SA: 0.00000,  LA: 0.72583
[Test AUPRC]  -  LA: 0.76482
[Test F1-max]  -  LA: 0.81633
Epoch: 76 | Loss: 2.5510776140436064e-06  | Negative Loss: 0.0
[Test ROC-AUC]  -  SA: 0.00000,  LA: 0.72583
[Test AUPRC]  -  LA: 0.76482
[Test F1-max]  -  LA: 0.81633
Epoch: 77 | Loss: 2.5033937163243536e-06  | Negative Loss: 0.0
[Test ROC-AUC]  -  SA: 0.00000,  LA: 0.72583
[Test AUPRC]  -  LA: 0.76482
[Test F1-max]  -  LA: 0.81633
Epoch: 78 | Loss: 2.4557102733524516e-06  | Negative Loss: 0.0
[Test ROC-AUC]  -  SA: 0.00000,  LA: 0.72583
[Test AUPRC]  -  LA: 0.76482
[Test F1-max]  -  LA: 0.81633
Epoch: 79 | Loss: 2.4557102733524516e-06  | Negative Loss: 0.0
[Test ROC-AUC]  -  SA: 0.00000,  LA: 0.72500
[Test AUPRC]  -  LA: 0.76435
[Test F1-max]  -  LA: 0.81633
Epoch: 80 | Loss: 2.4080263756331988e-06  | Negative Loss: 0.0
[Test ROC-AUC]  -  SA: 0.00000,  LA: 0.72500
[Test AUPRC]  -  LA: 0.76435
[Test F1-max]  -  LA: 0.81633
Epoch: 81 | Loss: 2.3841844267735723e-06  | Negative Loss: 0.0
[Test ROC-AUC]  -  SA: 0.00000,  LA: 0.72500
[Test AUPRC]  -  LA: 0.76435
[Test F1-max]  -  LA: 0.81633
Epoch: 82 | Loss: 2.3603427052876214e-06  | Negative Loss: 0.0
[Test ROC-AUC]  -  SA: 0.00000,  LA: 0.72500
[Test AUPRC]  -  LA: 0.76435
[Test F1-max]  -  LA: 0.81633
Epoch: 83 | Loss: 2.3603427052876214e-06  | Negative Loss: 0.0
[Test ROC-AUC]  -  SA: 0.00000,  LA: 0.72417
[Test AUPRC]  -  LA: 0.76318
[Test F1-max]  -  LA: 0.81633
Epoch: 84 | Loss: 2.3365009838016704e-06  | Negative Loss: 0.0
[Test ROC-AUC]  -  SA: 0.00000,  LA: 0.72417
[Test AUPRC]  -  LA: 0.76290
[Test F1-max]  -  LA: 0.81633
Epoch: 85 | Loss: 2.3365009838016704e-06  | Negative Loss: 0.0
[Test ROC-AUC]  -  SA: 0.00000,  LA: 0.72417
[Test AUPRC]  -  LA: 0.76290
[Test F1-max]  -  LA: 0.81633
Epoch: 86 | Loss: 2.312659034942044e-06  | Negative Loss: 0.0
[Test ROC-AUC]  -  SA: 0.00000,  LA: 0.72333
[Test AUPRC]  -  LA: 0.76254
[Test F1-max]  -  LA: 0.81633
Epoch: 87 | Loss: 2.264975591970142e-06  | Negative Loss: 0.0
[Test ROC-AUC]  -  SA: 0.00000,  LA: 0.72500
[Test AUPRC]  -  LA: 0.76413
[Test F1-max]  -  LA: 0.81633
Epoch: 88 | Loss: 2.217291694250889e-06  | Negative Loss: 0.0
[Test ROC-AUC]  -  SA: 0.00000,  LA: 0.72417
[Test AUPRC]  -  LA: 0.76377
[Test F1-max]  -  LA: 0.81633
Epoch: 89 | Loss: 2.193449972764938e-06  | Negative Loss: 0.0
[Test ROC-AUC]  -  SA: 0.00000,  LA: 0.72417
[Test AUPRC]  -  LA: 0.76377
[Test F1-max]  -  LA: 0.81633
Epoch: 90 | Loss: 2.193449972764938e-06  | Negative Loss: 0.0
[Test ROC-AUC]  -  SA: 0.00000,  LA: 0.72417
[Test AUPRC]  -  LA: 0.76377
[Test F1-max]  -  LA: 0.81633
Epoch: 91 | Loss: 2.193449972764938e-06  | Negative Loss: 0.0
[Test ROC-AUC]  -  SA: 0.00000,  LA: 0.72417
[Test AUPRC]  -  LA: 0.76377
[Test F1-max]  -  LA: 0.81633
Epoch: 92 | Loss: 2.193449972764938e-06  | Negative Loss: 0.0
[Test ROC-AUC]  -  SA: 0.00000,  LA: 0.72417
[Test AUPRC]  -  LA: 0.76377
[Test F1-max]  -  LA: 0.81633
Epoch: 93 | Loss: 2.193449972764938e-06  | Negative Loss: 0.0
[Test ROC-AUC]  -  SA: 0.00000,  LA: 0.72417
[Test AUPRC]  -  LA: 0.76377
[Test F1-max]  -  LA: 0.81633
Epoch: 94 | Loss: 2.169608251278987e-06  | Negative Loss: 0.0
[Test ROC-AUC]  -  SA: 0.00000,  LA: 0.72417
[Test AUPRC]  -  LA: 0.76377
[Test F1-max]  -  LA: 0.81633
Epoch: 95 | Loss: 2.169608251278987e-06  | Negative Loss: 0.0
[Test ROC-AUC]  -  SA: 0.00000,  LA: 0.72417
[Test AUPRC]  -  LA: 0.76377
[Test F1-max]  -  LA: 0.81633
Epoch: 96 | Loss: 2.169608251278987e-06  | Negative Loss: 0.0
[Test ROC-AUC]  -  SA: 0.00000,  LA: 0.72417
[Test AUPRC]  -  LA: 0.76377
[Test F1-max]  -  LA: 0.81633
Epoch: 97 | Loss: 2.1457663024193607e-06  | Negative Loss: 0.0
[Test ROC-AUC]  -  SA: 0.00000,  LA: 0.72417
[Test AUPRC]  -  LA: 0.76377
[Test F1-max]  -  LA: 0.81633
Epoch: 98 | Loss: 2.1219243535597343e-06  | Negative Loss: 0.0
[Test ROC-AUC]  -  SA: 0.00000,  LA: 0.72417
[Test AUPRC]  -  LA: 0.76377
[Test F1-max]  -  LA: 0.81633
Epoch: 99 | Loss: 2.1219243535597343e-06  | Negative Loss: 0.0
Time consumption: 97.8674807548523
Best LA AUC: 0.7675000000000001
Best LA AUPC: 0.8189964399747681
Best LA F1-max: 0.8163265306122449
[Result] Experiment result appended to ./results/train_hybrid_result.csv

[END] 2026-03-19 10:33:07
[RETURN CODE] 0
