[START] 2026-03-19 10:01:20
[GPU] 3
[TASK] 42/160
[NAME] blue_splicing_promptad
[REPEAT] 2/10
[COMMAND] python train_hybrid.py --data_name blue_splicing --mask True --text True --double_encoder True --few_shot True --shot 1 --hybrid_model promptad --hybrid_weight 0.3 --hybrid_batch_size 16 --epoch 100 --log True --lr 5e-4 --detection True --preprocess True

/home/seungeon/miniconda3/envs/LAB/lib/python3.10/site-packages/timm/models/layers/__init__.py:48: FutureWarning: Importing from timm.models.layers is deprecated, please import via timm.layers
  warnings.warn(f"Importing from {__name__} is deprecated, please import via timm.layers", FutureWarning)
/home/seungeon/Workspace/side/vlm/train_hybrid.py:18: DeprecationWarning: The distutils package is deprecated and slated for removal in Python 3.12. Use setuptools or check PEP 632 for potential alternatives
  from distutils.util import strtobool
Torch version: 2.9.1+cu128
cuda is loaded for process
here?
In my local computer
Namespace(epoch=100, gpu_number='0', data_name='blue_splicing', lr=0.0005, batch_size=6, shuffle=True, seed=0, tag='default', model_name='ViT-B-32', pretrained_name='laion2b_s34b_b79k', lora=1, default=False, foundation='CLIP', detection=1, preprocess=1, num_rule=0, object_names=['a photo of orange connector', 'a photo of blue cable', 'a photo of yellow cable', 'a photo of red cable', 'a photo of metal panel'], objects_for_rules=[['a photo of orange connector'], ['a photo of orange connector'], ['a photo of blue cable'], ['a photo of blue cable'], ['a photo of orange connector'], ['a photo of orange connector', 'a photo of blue cable']], texts_for_rules=[['a photo of orange connector'], ['a photo of orange connector'], ['a photo of cable'], ['a photo of yellow cable'], ['a photo of blue cable'], ['a photo of orange connector and blue cable']], mask=1, text=1, score='mean', ciriculam_learning=False, few_shot=1, shot=1, log=1, neg_loss=0, double_encoder=1, pretrained_count_path=None, ris=0, rule_select='', rule_list=[], num_negative=5, hybrid_model='promptad', hybrid_weight=0.3, hybrid_class_name='', hybrid_batch_size=16, hybrid_backbone='ViT-B-16-plus-240', hybrid_pretrained_dataset='laion400m_e32', hybrid_scales=[2, 3], hybrid_img_resize=240, hybrid_img_cropsize=240, hybrid_resolution=400, hybrid_promptad_epoch=100, hybrid_promptad_lr=0.002, hybrid_promptad_momentum=0.9, hybrid_promptad_weight_decay=0.0005, hybrid_promptad_eta_min=1e-05, hybrid_promptad_lambda1=0.001, hybrid_promptad_n_ctx=4, hybrid_promptad_n_pro=3, hybrid_promptad_n_ctx_ab=1, hybrid_promptad_n_pro_ab=4, early_stop_k=10, result_log_path='./results/train_hybrid_result.csv')
[Hybrid] method=promptad, class_name=splicing_connectors, train=1, eval=70, base_path=/data3/seungeon/data/image/mvtec_loco_anomaly_detection/blue_splicing
[Hybrid-only] LA_AUC=0.65833, LA_AUPRC=0.66212, LA_F1=0.78431
[Data Description]
- Train: 1
- Test: 70

Train Start
[Test ROC-AUC]  -  SA: 0.00000,  LA: 0.42083
[Test AUPRC]  -  LA: 0.49987
[Test F1-max]  -  LA: 0.72897
Epoch: 0 | Loss: 10.87521743774414  | Negative Loss: 0.0
[Test ROC-AUC]  -  SA: 0.00000,  LA: 0.42333
[Test AUPRC]  -  LA: 0.50189
[Test F1-max]  -  LA: 0.72897
Epoch: 1 | Loss: 10.798601150512695  | Negative Loss: 0.0
[Test ROC-AUC]  -  SA: 0.00000,  LA: 0.44250
[Test AUPRC]  -  LA: 0.52116
[Test F1-max]  -  LA: 0.74074
Epoch: 2 | Loss: 9.895731925964355  | Negative Loss: 0.0
[Test ROC-AUC]  -  SA: 0.00000,  LA: 0.49500
[Test AUPRC]  -  LA: 0.61038
[Test F1-max]  -  LA: 0.75472
Epoch: 3 | Loss: 8.539589881896973  | Negative Loss: 0.0
[Test ROC-AUC]  -  SA: 0.00000,  LA: 0.54000
[Test AUPRC]  -  LA: 0.64113
[Test F1-max]  -  LA: 0.75472
Epoch: 4 | Loss: 7.028619766235352  | Negative Loss: 0.0
[Test ROC-AUC]  -  SA: 0.00000,  LA: 0.57083
[Test AUPRC]  -  LA: 0.65253
[Test F1-max]  -  LA: 0.75472
Epoch: 5 | Loss: 5.57886266708374  | Negative Loss: 0.0
[Test ROC-AUC]  -  SA: 0.00000,  LA: 0.59750
[Test AUPRC]  -  LA: 0.66330
[Test F1-max]  -  LA: 0.75000
Epoch: 6 | Loss: 4.271381378173828  | Negative Loss: 0.0
[Test ROC-AUC]  -  SA: 0.00000,  LA: 0.62083
[Test AUPRC]  -  LA: 0.68346
[Test F1-max]  -  LA: 0.75472
Epoch: 7 | Loss: 3.2480642795562744  | Negative Loss: 0.0
[Test ROC-AUC]  -  SA: 0.00000,  LA: 0.63083
[Test AUPRC]  -  LA: 0.68983
[Test F1-max]  -  LA: 0.75472
Epoch: 8 | Loss: 2.414252758026123  | Negative Loss: 0.0
[Test ROC-AUC]  -  SA: 0.00000,  LA: 0.64500
[Test AUPRC]  -  LA: 0.69641
[Test F1-max]  -  LA: 0.76190
Epoch: 9 | Loss: 1.7584339380264282  | Negative Loss: 0.0
[Test ROC-AUC]  -  SA: 0.00000,  LA: 0.65333
[Test AUPRC]  -  LA: 0.70475
[Test F1-max]  -  LA: 0.76923
Epoch: 10 | Loss: 1.2407541275024414  | Negative Loss: 0.0
[Test ROC-AUC]  -  SA: 0.00000,  LA: 0.66000
[Test AUPRC]  -  LA: 0.70998
[Test F1-max]  -  LA: 0.76923
Epoch: 11 | Loss: 0.8413845896720886  | Negative Loss: 0.0
[Test ROC-AUC]  -  SA: 0.00000,  LA: 0.65667
[Test AUPRC]  -  LA: 0.70220
[Test F1-max]  -  LA: 0.76923
Epoch: 12 | Loss: 0.5497825145721436  | Negative Loss: 0.0
[Test ROC-AUC]  -  SA: 0.00000,  LA: 0.66000
[Test AUPRC]  -  LA: 0.70002
[Test F1-max]  -  LA: 0.76923
Epoch: 13 | Loss: 0.34758394956588745  | Negative Loss: 0.0
[Test ROC-AUC]  -  SA: 0.00000,  LA: 0.65583
[Test AUPRC]  -  LA: 0.69771
[Test F1-max]  -  LA: 0.76923
Epoch: 14 | Loss: 0.21301977336406708  | Negative Loss: 0.0
[Test ROC-AUC]  -  SA: 0.00000,  LA: 0.65667
[Test AUPRC]  -  LA: 0.69782
[Test F1-max]  -  LA: 0.76923
Epoch: 15 | Loss: 0.1282312124967575  | Negative Loss: 0.0
[Test ROC-AUC]  -  SA: 0.00000,  LA: 0.65667
[Test AUPRC]  -  LA: 0.69597
[Test F1-max]  -  LA: 0.76923
Epoch: 16 | Loss: 0.07658614963293076  | Negative Loss: 0.0
[Test ROC-AUC]  -  SA: 0.00000,  LA: 0.65333
[Test AUPRC]  -  LA: 0.68682
[Test F1-max]  -  LA: 0.76190
Epoch: 17 | Loss: 0.04553353413939476  | Negative Loss: 0.0
[Test ROC-AUC]  -  SA: 0.00000,  LA: 0.65917
[Test AUPRC]  -  LA: 0.69819
[Test F1-max]  -  LA: 0.76190
Epoch: 18 | Loss: 0.02706863544881344  | Negative Loss: 0.0
[Test ROC-AUC]  -  SA: 0.00000,  LA: 0.66333
[Test AUPRC]  -  LA: 0.70243
[Test F1-max]  -  LA: 0.76190
Epoch: 19 | Loss: 0.016204385086894035  | Negative Loss: 0.0
[Test ROC-AUC]  -  SA: 0.00000,  LA: 0.66750
[Test AUPRC]  -  LA: 0.70595
[Test F1-max]  -  LA: 0.76190
Epoch: 20 | Loss: 0.009791301563382149  | Negative Loss: 0.0
[Test ROC-AUC]  -  SA: 0.00000,  LA: 0.67000
[Test AUPRC]  -  LA: 0.70664
[Test F1-max]  -  LA: 0.76190
Epoch: 21 | Loss: 0.005986766889691353  | Negative Loss: 0.0
[Test ROC-AUC]  -  SA: 0.00000,  LA: 0.67083
[Test AUPRC]  -  LA: 0.70759
[Test F1-max]  -  LA: 0.76190
Epoch: 22 | Loss: 0.00370875746011734  | Negative Loss: 0.0
[Test ROC-AUC]  -  SA: 0.00000,  LA: 0.67083
[Test AUPRC]  -  LA: 0.70099
[Test F1-max]  -  LA: 0.76190
Epoch: 23 | Loss: 0.0023327989038079977  | Negative Loss: 0.0
[Test ROC-AUC]  -  SA: 0.00000,  LA: 0.67333
[Test AUPRC]  -  LA: 0.70531
[Test F1-max]  -  LA: 0.76190
Epoch: 24 | Loss: 0.0014939606189727783  | Negative Loss: 0.0
[Test ROC-AUC]  -  SA: 0.00000,  LA: 0.67500
[Test AUPRC]  -  LA: 0.70932
[Test F1-max]  -  LA: 0.76190
Epoch: 25 | Loss: 0.0009750595199875534  | Negative Loss: 0.0
[Test ROC-AUC]  -  SA: 0.00000,  LA: 0.67417
[Test AUPRC]  -  LA: 0.70886
[Test F1-max]  -  LA: 0.76190
Epoch: 26 | Loss: 0.0006493665277957916  | Negative Loss: 0.0
[Test ROC-AUC]  -  SA: 0.00000,  LA: 0.67333
[Test AUPRC]  -  LA: 0.70780
[Test F1-max]  -  LA: 0.76190
Epoch: 27 | Loss: 0.0004415114235598594  | Negative Loss: 0.0
[Test ROC-AUC]  -  SA: 0.00000,  LA: 0.67500
[Test AUPRC]  -  LA: 0.70915
[Test F1-max]  -  LA: 0.76190
Epoch: 28 | Loss: 0.0003062294563278556  | Negative Loss: 0.0
[Test ROC-AUC]  -  SA: 0.00000,  LA: 0.67417
[Test AUPRC]  -  LA: 0.70794
[Test F1-max]  -  LA: 0.76190
Epoch: 29 | Loss: 0.0002167128404835239  | Negative Loss: 0.0
[Test ROC-AUC]  -  SA: 0.00000,  LA: 0.67417
[Test AUPRC]  -  LA: 0.70795
[Test F1-max]  -  LA: 0.76190
Epoch: 30 | Loss: 0.00015639752382412553  | Negative Loss: 0.0
[Test ROC-AUC]  -  SA: 0.00000,  LA: 0.67250
[Test AUPRC]  -  LA: 0.71041
[Test F1-max]  -  LA: 0.76190
Epoch: 31 | Loss: 0.00011527263268362731  | Negative Loss: 0.0
[Test ROC-AUC]  -  SA: 0.00000,  LA: 0.67333
[Test AUPRC]  -  LA: 0.71107
[Test F1-max]  -  LA: 0.76190
Epoch: 32 | Loss: 8.654439443489537e-05  | Negative Loss: 0.0
[Test ROC-AUC]  -  SA: 0.00000,  LA: 0.67417
[Test AUPRC]  -  LA: 0.71164
[Test F1-max]  -  LA: 0.76190
Epoch: 33 | Loss: 6.616024620598182e-05  | Negative Loss: 0.0
[Test ROC-AUC]  -  SA: 0.00000,  LA: 0.67583
[Test AUPRC]  -  LA: 0.71258
[Test F1-max]  -  LA: 0.76190
Epoch: 34 | Loss: 5.1497867389116436e-05  | Negative Loss: 0.0
[Test ROC-AUC]  -  SA: 0.00000,  LA: 0.67333
[Test AUPRC]  -  LA: 0.70917
[Test F1-max]  -  LA: 0.76190
Epoch: 35 | Loss: 4.0769231418380514e-05  | Negative Loss: 0.0
[Test ROC-AUC]  -  SA: 0.00000,  LA: 0.67250
[Test AUPRC]  -  LA: 0.70864
[Test F1-max]  -  LA: 0.76190
Epoch: 36 | Loss: 3.266312342020683e-05  | Negative Loss: 0.0
[Test ROC-AUC]  -  SA: 0.00000,  LA: 0.67167
[Test AUPRC]  -  LA: 0.70801
[Test F1-max]  -  LA: 0.76190
Epoch: 37 | Loss: 2.682194099179469e-05  | Negative Loss: 0.0
[Test ROC-AUC]  -  SA: 0.00000,  LA: 0.67250
[Test AUPRC]  -  LA: 0.70818
[Test F1-max]  -  LA: 0.76190
Epoch: 38 | Loss: 2.217282417404931e-05  | Negative Loss: 0.0
[Test ROC-AUC]  -  SA: 0.00000,  LA: 0.67083
[Test AUPRC]  -  LA: 0.70445
[Test F1-max]  -  LA: 0.76190
Epoch: 39 | Loss: 1.8715785699896514e-05  | Negative Loss: 0.0
[Test ROC-AUC]  -  SA: 0.00000,  LA: 0.67083
[Test AUPRC]  -  LA: 0.70445
[Test F1-max]  -  LA: 0.76190
Epoch: 40 | Loss: 1.5854782759561203e-05  | Negative Loss: 0.0
[Test ROC-AUC]  -  SA: 0.00000,  LA: 0.67083
[Test AUPRC]  -  LA: 0.70445
[Test F1-max]  -  LA: 0.76190
Epoch: 41 | Loss: 1.3709029190067668e-05  | Negative Loss: 0.0
[Test ROC-AUC]  -  SA: 0.00000,  LA: 0.67083
[Test AUPRC]  -  LA: 0.70648
[Test F1-max]  -  LA: 0.76190
Epoch: 42 | Loss: 1.1920898941752966e-05  | Negative Loss: 0.0
[Test ROC-AUC]  -  SA: 0.00000,  LA: 0.67000
[Test AUPRC]  -  LA: 0.70620
[Test F1-max]  -  LA: 0.76190
Epoch: 43 | Loss: 1.0490393833606504e-05  | Negative Loss: 0.0
[Test ROC-AUC]  -  SA: 0.00000,  LA: 0.66917
[Test AUPRC]  -  LA: 0.70530
[Test F1-max]  -  LA: 0.76190
Epoch: 44 | Loss: 9.536724064673763e-06  | Negative Loss: 0.0
[Test ROC-AUC]  -  SA: 0.00000,  LA: 0.67000
[Test AUPRC]  -  LA: 0.70660
[Test F1-max]  -  LA: 0.76190
Epoch: 45 | Loss: 8.46384500619024e-06  | Negative Loss: 0.0
[Test ROC-AUC]  -  SA: 0.00000,  LA: 0.67000
[Test AUPRC]  -  LA: 0.70660
[Test F1-max]  -  LA: 0.76190
Epoch: 46 | Loss: 7.629382707818877e-06  | Negative Loss: 0.0
[Test ROC-AUC]  -  SA: 0.00000,  LA: 0.66917
[Test AUPRC]  -  LA: 0.70620
[Test F1-max]  -  LA: 0.76190
Epoch: 47 | Loss: 6.914128789503593e-06  | Negative Loss: 0.0
[Test ROC-AUC]  -  SA: 0.00000,  LA: 0.66833
[Test AUPRC]  -  LA: 0.70584
[Test F1-max]  -  LA: 0.76190
Epoch: 48 | Loss: 6.4372934502898715e-06  | Negative Loss: 0.0
[Test ROC-AUC]  -  SA: 0.00000,  LA: 0.66833
[Test AUPRC]  -  LA: 0.70618
[Test F1-max]  -  LA: 0.76190
Epoch: 49 | Loss: 5.960457201581448e-06  | Negative Loss: 0.0
[Test ROC-AUC]  -  SA: 0.00000,  LA: 0.66833
[Test AUPRC]  -  LA: 0.70618
[Test F1-max]  -  LA: 0.76190
Epoch: 50 | Loss: 5.483621407620376e-06  | Negative Loss: 0.0
[Test ROC-AUC]  -  SA: 0.00000,  LA: 0.66750
[Test AUPRC]  -  LA: 0.70568
[Test F1-max]  -  LA: 0.76190
Epoch: 51 | Loss: 5.2452028285188135e-06  | Negative Loss: 0.0
[Test ROC-AUC]  -  SA: 0.00000,  LA: 0.66750
[Test AUPRC]  -  LA: 0.70568
[Test F1-max]  -  LA: 0.76190
Epoch: 52 | Loss: 5.006785158911953e-06  | Negative Loss: 0.0
[Test ROC-AUC]  -  SA: 0.00000,  LA: 0.66917
[Test AUPRC]  -  LA: 0.70803
[Test F1-max]  -  LA: 0.76190
Epoch: 53 | Loss: 4.768367034557741e-06  | Negative Loss: 0.0
[Test ROC-AUC]  -  SA: 0.00000,  LA: 0.67000
[Test AUPRC]  -  LA: 0.70830
[Test F1-max]  -  LA: 0.76190
Epoch: 54 | Loss: 4.410739620652748e-06  | Negative Loss: 0.0
[Test ROC-AUC]  -  SA: 0.00000,  LA: 0.67000
[Test AUPRC]  -  LA: 0.70830
[Test F1-max]  -  LA: 0.76190
Epoch: 55 | Loss: 4.291530785849318e-06  | Negative Loss: 0.0
[Test ROC-AUC]  -  SA: 0.00000,  LA: 0.67000
[Test AUPRC]  -  LA: 0.70830
[Test F1-max]  -  LA: 0.76190
Epoch: 56 | Loss: 4.053112206747755e-06  | Negative Loss: 0.0
[Test ROC-AUC]  -  SA: 0.00000,  LA: 0.67083
[Test AUPRC]  -  LA: 0.70986
[Test F1-max]  -  LA: 0.76190
Epoch: 57 | Loss: 3.933903826691676e-06  | Negative Loss: 0.0
[Test ROC-AUC]  -  SA: 0.00000,  LA: 0.67083
[Test AUPRC]  -  LA: 0.70986
[Test F1-max]  -  LA: 0.76190
Epoch: 58 | Loss: 3.8146945371408947e-06  | Negative Loss: 0.0
[Test ROC-AUC]  -  SA: 0.00000,  LA: 0.67000
[Test AUPRC]  -  LA: 0.70631
[Test F1-max]  -  LA: 0.76190
Epoch: 59 | Loss: 3.8146945371408947e-06  | Negative Loss: 0.0
[Test ROC-AUC]  -  SA: 0.00000,  LA: 0.67000
[Test AUPRC]  -  LA: 0.70631
[Test F1-max]  -  LA: 0.76190
Epoch: 60 | Loss: 3.5762761854130076e-06  | Negative Loss: 0.0
[Test ROC-AUC]  -  SA: 0.00000,  LA: 0.67000
[Test AUPRC]  -  LA: 0.70631
[Test F1-max]  -  LA: 0.76190
Epoch: 61 | Loss: 3.4570668958622264e-06  | Negative Loss: 0.0
[Test ROC-AUC]  -  SA: 0.00000,  LA: 0.67000
[Test AUPRC]  -  LA: 0.70631
[Test F1-max]  -  LA: 0.76190
Epoch: 62 | Loss: 3.3378578336851206e-06  | Negative Loss: 0.0
[Test ROC-AUC]  -  SA: 0.00000,  LA: 0.67000
[Test AUPRC]  -  LA: 0.70631
[Test F1-max]  -  LA: 0.76190
Epoch: 63 | Loss: 3.3378578336851206e-06  | Negative Loss: 0.0
[Test ROC-AUC]  -  SA: 0.00000,  LA: 0.67000
[Test AUPRC]  -  LA: 0.70631
[Test F1-max]  -  LA: 0.76190
Epoch: 64 | Loss: 3.2186485441343393e-06  | Negative Loss: 0.0
[Test ROC-AUC]  -  SA: 0.00000,  LA: 0.67000
[Test AUPRC]  -  LA: 0.70631
[Test F1-max]  -  LA: 0.76190
Epoch: 65 | Loss: 2.9802301924064523e-06  | Negative Loss: 0.0
[Test ROC-AUC]  -  SA: 0.00000,  LA: 0.67000
[Test AUPRC]  -  LA: 0.70631
[Test F1-max]  -  LA: 0.76190
Epoch: 66 | Loss: 2.9802301924064523e-06  | Negative Loss: 0.0
[Test ROC-AUC]  -  SA: 0.00000,  LA: 0.66917
[Test AUPRC]  -  LA: 0.70593
[Test F1-max]  -  LA: 0.76190
Epoch: 67 | Loss: 2.8610211302293465e-06  | Negative Loss: 0.0
[Test ROC-AUC]  -  SA: 0.00000,  LA: 0.66917
[Test AUPRC]  -  LA: 0.70593
[Test F1-max]  -  LA: 0.76190
Epoch: 68 | Loss: 2.8610211302293465e-06  | Negative Loss: 0.0
[Test ROC-AUC]  -  SA: 0.00000,  LA: 0.66917
[Test AUPRC]  -  LA: 0.70593
[Test F1-max]  -  LA: 0.76190
Epoch: 69 | Loss: 2.741811840678565e-06  | Negative Loss: 0.0
[Test ROC-AUC]  -  SA: 0.00000,  LA: 0.66917
[Test AUPRC]  -  LA: 0.70593
[Test F1-max]  -  LA: 0.76190
Epoch: 70 | Loss: 2.741811840678565e-06  | Negative Loss: 0.0
[Test ROC-AUC]  -  SA: 0.00000,  LA: 0.66917
[Test AUPRC]  -  LA: 0.70593
[Test F1-max]  -  LA: 0.76190
Epoch: 71 | Loss: 2.741811840678565e-06  | Negative Loss: 0.0
[Test ROC-AUC]  -  SA: 0.00000,  LA: 0.66917
[Test AUPRC]  -  LA: 0.70593
[Test F1-max]  -  LA: 0.76190
Epoch: 72 | Loss: 2.741811840678565e-06  | Negative Loss: 0.0
[Test ROC-AUC]  -  SA: 0.00000,  LA: 0.66833
[Test AUPRC]  -  LA: 0.70589
[Test F1-max]  -  LA: 0.76190
Epoch: 73 | Loss: 2.741811840678565e-06  | Negative Loss: 0.0
[Test ROC-AUC]  -  SA: 0.00000,  LA: 0.66833
[Test AUPRC]  -  LA: 0.70589
[Test F1-max]  -  LA: 0.76190
Epoch: 74 | Loss: 2.741811840678565e-06  | Negative Loss: 0.0
[Test ROC-AUC]  -  SA: 0.00000,  LA: 0.66833
[Test AUPRC]  -  LA: 0.70589
[Test F1-max]  -  LA: 0.76190
Epoch: 75 | Loss: 2.622603005875135e-06  | Negative Loss: 0.0
[Test ROC-AUC]  -  SA: 0.00000,  LA: 0.66750
[Test AUPRC]  -  LA: 0.70434
[Test F1-max]  -  LA: 0.76190
Epoch: 76 | Loss: 2.622603005875135e-06  | Negative Loss: 0.0
[Test ROC-AUC]  -  SA: 0.00000,  LA: 0.66833
[Test AUPRC]  -  LA: 0.70475
[Test F1-max]  -  LA: 0.76190
Epoch: 77 | Loss: 2.622603005875135e-06  | Negative Loss: 0.0
[Test ROC-AUC]  -  SA: 0.00000,  LA: 0.66833
[Test AUPRC]  -  LA: 0.70475
[Test F1-max]  -  LA: 0.76190
Epoch: 78 | Loss: 2.622603005875135e-06  | Negative Loss: 0.0
[Test ROC-AUC]  -  SA: 0.00000,  LA: 0.66833
[Test AUPRC]  -  LA: 0.70475
[Test F1-max]  -  LA: 0.76190
Epoch: 79 | Loss: 2.622603005875135e-06  | Negative Loss: 0.0
[Test ROC-AUC]  -  SA: 0.00000,  LA: 0.66833
[Test AUPRC]  -  LA: 0.70475
[Test F1-max]  -  LA: 0.76190
Epoch: 80 | Loss: 2.622603005875135e-06  | Negative Loss: 0.0
[Test ROC-AUC]  -  SA: 0.00000,  LA: 0.66833
[Test AUPRC]  -  LA: 0.70475
[Test F1-max]  -  LA: 0.76190
Epoch: 81 | Loss: 2.622603005875135e-06  | Negative Loss: 0.0
[Test ROC-AUC]  -  SA: 0.00000,  LA: 0.66833
[Test AUPRC]  -  LA: 0.70603
[Test F1-max]  -  LA: 0.76190
Epoch: 82 | Loss: 2.622603005875135e-06  | Negative Loss: 0.0
[Test ROC-AUC]  -  SA: 0.00000,  LA: 0.66833
[Test AUPRC]  -  LA: 0.70603
[Test F1-max]  -  LA: 0.76190
Epoch: 83 | Loss: 2.5033937163243536e-06  | Negative Loss: 0.0
[Test ROC-AUC]  -  SA: 0.00000,  LA: 0.66833
[Test AUPRC]  -  LA: 0.70603
[Test F1-max]  -  LA: 0.76190
Epoch: 84 | Loss: 2.5033937163243536e-06  | Negative Loss: 0.0
[Test ROC-AUC]  -  SA: 0.00000,  LA: 0.66833
[Test AUPRC]  -  LA: 0.70603
[Test F1-max]  -  LA: 0.76190
Epoch: 85 | Loss: 2.5033937163243536e-06  | Negative Loss: 0.0
[Test ROC-AUC]  -  SA: 0.00000,  LA: 0.66833
[Test AUPRC]  -  LA: 0.70603
[Test F1-max]  -  LA: 0.76190
Epoch: 86 | Loss: 2.5033937163243536e-06  | Negative Loss: 0.0
[Test ROC-AUC]  -  SA: 0.00000,  LA: 0.66833
[Test AUPRC]  -  LA: 0.70603
[Test F1-max]  -  LA: 0.76190
Epoch: 87 | Loss: 2.3841844267735723e-06  | Negative Loss: 0.0
[Test ROC-AUC]  -  SA: 0.00000,  LA: 0.66833
[Test AUPRC]  -  LA: 0.70603
[Test F1-max]  -  LA: 0.76190
Epoch: 88 | Loss: 2.3841844267735723e-06  | Negative Loss: 0.0
[Test ROC-AUC]  -  SA: 0.00000,  LA: 0.66833
[Test AUPRC]  -  LA: 0.70603
[Test F1-max]  -  LA: 0.76190
Epoch: 89 | Loss: 2.3841844267735723e-06  | Negative Loss: 0.0
[Test ROC-AUC]  -  SA: 0.00000,  LA: 0.66833
[Test AUPRC]  -  LA: 0.70603
[Test F1-max]  -  LA: 0.76190
Epoch: 90 | Loss: 2.3841844267735723e-06  | Negative Loss: 0.0
[Test ROC-AUC]  -  SA: 0.00000,  LA: 0.66833
[Test AUPRC]  -  LA: 0.70603
[Test F1-max]  -  LA: 0.76190
Epoch: 91 | Loss: 2.3841844267735723e-06  | Negative Loss: 0.0
[Test ROC-AUC]  -  SA: 0.00000,  LA: 0.66833
[Test AUPRC]  -  LA: 0.70603
[Test F1-max]  -  LA: 0.76190
Epoch: 92 | Loss: 2.3841844267735723e-06  | Negative Loss: 0.0
[Test ROC-AUC]  -  SA: 0.00000,  LA: 0.66833
[Test AUPRC]  -  LA: 0.70603
[Test F1-max]  -  LA: 0.76190
Epoch: 93 | Loss: 2.3841844267735723e-06  | Negative Loss: 0.0
[Test ROC-AUC]  -  SA: 0.00000,  LA: 0.66833
[Test AUPRC]  -  LA: 0.70603
[Test F1-max]  -  LA: 0.76190
Epoch: 94 | Loss: 2.3841844267735723e-06  | Negative Loss: 0.0
[Test ROC-AUC]  -  SA: 0.00000,  LA: 0.66833
[Test AUPRC]  -  LA: 0.70603
[Test F1-max]  -  LA: 0.76190
Epoch: 95 | Loss: 2.3841844267735723e-06  | Negative Loss: 0.0
[Test ROC-AUC]  -  SA: 0.00000,  LA: 0.66833
[Test AUPRC]  -  LA: 0.70603
[Test F1-max]  -  LA: 0.76190
Epoch: 96 | Loss: 2.3841844267735723e-06  | Negative Loss: 0.0
[Test ROC-AUC]  -  SA: 0.00000,  LA: 0.66833
[Test AUPRC]  -  LA: 0.70603
[Test F1-max]  -  LA: 0.76190
Epoch: 97 | Loss: 2.3841844267735723e-06  | Negative Loss: 0.0
[Test ROC-AUC]  -  SA: 0.00000,  LA: 0.67000
[Test AUPRC]  -  LA: 0.70684
[Test F1-max]  -  LA: 0.76190
Epoch: 98 | Loss: 2.3841844267735723e-06  | Negative Loss: 0.0
[Test ROC-AUC]  -  SA: 0.00000,  LA: 0.67000
[Test AUPRC]  -  LA: 0.70684
[Test F1-max]  -  LA: 0.76190
Epoch: 99 | Loss: 2.3841844267735723e-06  | Negative Loss: 0.0
Time consumption: 95.81322836875916
Best LA AUC: 0.6758333333333333
Best LA AUPC: 0.7125779056772381
Best LA F1-max: 0.7692307692307693
[Result] Experiment result appended to ./results/train_hybrid_result.csv

[END] 2026-03-19 10:04:20
[RETURN CODE] 0
