[START] 2026-03-19 09:37:15
[GPU] 3
[TASK] 17/160
[NAME] breakfast_winclip
[REPEAT] 7/10
[COMMAND] python train_hybrid.py --data_name breakfast --mask True --text True --double_encoder True --few_shot True --shot 1 --hybrid_model winclip --hybrid_weight 0.3 --hybrid_batch_size 16 --epoch 100 --log True --lr 5e-4 --detection True --preprocess True

/home/seungeon/miniconda3/envs/LAB/lib/python3.10/site-packages/timm/models/layers/__init__.py:48: FutureWarning: Importing from timm.models.layers is deprecated, please import via timm.layers
  warnings.warn(f"Importing from {__name__} is deprecated, please import via timm.layers", FutureWarning)
/home/seungeon/Workspace/side/vlm/train_hybrid.py:18: DeprecationWarning: The distutils package is deprecated and slated for removal in Python 3.12. Use setuptools or check PEP 632 for potential alternatives
  from distutils.util import strtobool
Torch version: 2.9.1+cu128
cuda is loaded for process
here?
In my local computer
Namespace(epoch=100, gpu_number='0', data_name='breakfast', lr=0.0005, batch_size=6, shuffle=True, seed=0, tag='default', model_name='ViT-B-32', pretrained_name='laion2b_s34b_b79k', lora=1, default=False, foundation='CLIP', detection=1, preprocess=1, num_rule=0, object_names=['a mandarin', 'a peach', 'an almonds', 'a banana chips', 'an oat cereal'], objects_for_rules=[['a mandarin'], ['a peach'], ['an oat cereal'], ['an almonds'], ['a banana chips'], ['an almonds', 'a banana chips', 'an oat cereal'], ['an almonds', 'a banana chips']], texts_for_rules=[['mandarins'], ['peach'], ['oat cereal'], ['almonds'], ['banana chips'], ['almonds, banana chips and oat cereal'], ['almonds and banana chips']], mask=1, text=1, score='mean', ciriculam_learning=False, few_shot=1, shot=1, log=1, neg_loss=0, double_encoder=1, pretrained_count_path=None, ris=0, rule_select='', rule_list=[], num_negative=5, hybrid_model='winclip', hybrid_weight=0.3, hybrid_class_name='', hybrid_batch_size=16, hybrid_backbone='ViT-B-16-plus-240', hybrid_pretrained_dataset='laion400m_e32', hybrid_scales=[2, 3], hybrid_img_resize=240, hybrid_img_cropsize=240, hybrid_resolution=400, hybrid_promptad_epoch=100, hybrid_promptad_lr=0.002, hybrid_promptad_momentum=0.9, hybrid_promptad_weight_decay=0.0005, hybrid_promptad_eta_min=1e-05, hybrid_promptad_lambda1=0.001, hybrid_promptad_n_ctx=4, hybrid_promptad_n_pro=3, hybrid_promptad_n_ctx_ab=1, hybrid_promptad_n_pro_ab=4, early_stop_k=10, result_log_path='./results/train_hybrid_result.csv')
[Hybrid] method=winclip, class_name=breakfast_box, train=1, eval=185, base_path=/data3/seungeon/data/image/mvtec_loco_anomaly_detection/breakfast_box
grid 240 16 (15, 15)
[Hybrid-only] LA_AUC=0.67830, LA_AUPRC=0.68867, LA_F1=0.76628
[Data Description]
- Train: 1
- Test: 185

Train Start
[Test ROC-AUC]  -  SA: 0.00000,  LA: 0.67895
[Test AUPRC]  -  LA: 0.67396
[Test F1-max]  -  LA: 0.75486
Epoch: 0 | Loss: 18.721599578857422  | Negative Loss: 0.0
[Test ROC-AUC]  -  SA: 0.00000,  LA: 0.68120
[Test AUPRC]  -  LA: 0.67687
[Test F1-max]  -  LA: 0.75486
Epoch: 1 | Loss: 18.624555587768555  | Negative Loss: 0.0
[Test ROC-AUC]  -  SA: 0.00000,  LA: 0.69820
[Test AUPRC]  -  LA: 0.69596
[Test F1-max]  -  LA: 0.76494
Epoch: 2 | Loss: 17.31338882446289  | Negative Loss: 0.0
[Test ROC-AUC]  -  SA: 0.00000,  LA: 0.72147
[Test AUPRC]  -  LA: 0.71837
[Test F1-max]  -  LA: 0.77733
Epoch: 3 | Loss: 15.161738395690918  | Negative Loss: 0.0
[Test ROC-AUC]  -  SA: 0.00000,  LA: 0.74415
[Test AUPRC]  -  LA: 0.75111
[Test F1-max]  -  LA: 0.78862
Epoch: 4 | Loss: 12.52410888671875  | Negative Loss: 0.0
[Test ROC-AUC]  -  SA: 0.00000,  LA: 0.75490
[Test AUPRC]  -  LA: 0.76276
[Test F1-max]  -  LA: 0.80159
Epoch: 5 | Loss: 9.69542121887207  | Negative Loss: 0.0
[Test ROC-AUC]  -  SA: 0.00000,  LA: 0.75868
[Test AUPRC]  -  LA: 0.76786
[Test F1-max]  -  LA: 0.79839
Epoch: 6 | Loss: 7.16232967376709  | Negative Loss: 0.0
[Test ROC-AUC]  -  SA: 0.00000,  LA: 0.75408
[Test AUPRC]  -  LA: 0.76605
[Test F1-max]  -  LA: 0.80328
Epoch: 7 | Loss: 5.007228851318359  | Negative Loss: 0.0
[Test ROC-AUC]  -  SA: 0.00000,  LA: 0.74557
[Test AUPRC]  -  LA: 0.75983
[Test F1-max]  -  LA: 0.80000
Epoch: 8 | Loss: 3.43345046043396  | Negative Loss: 0.0
[Test ROC-AUC]  -  SA: 0.00000,  LA: 0.73766
[Test AUPRC]  -  LA: 0.75296
[Test F1-max]  -  LA: 0.80000
Epoch: 9 | Loss: 2.4014272689819336  | Negative Loss: 0.0
[Test ROC-AUC]  -  SA: 0.00000,  LA: 0.73222
[Test AUPRC]  -  LA: 0.75149
[Test F1-max]  -  LA: 0.80632
Epoch: 10 | Loss: 1.7431013584136963  | Negative Loss: 0.0
[Test ROC-AUC]  -  SA: 0.00000,  LA: 0.73222
[Test AUPRC]  -  LA: 0.75214
[Test F1-max]  -  LA: 0.80632
Epoch: 11 | Loss: 1.3120036125183105  | Negative Loss: 0.0
[Test ROC-AUC]  -  SA: 0.00000,  LA: 0.73435
[Test AUPRC]  -  LA: 0.75431
[Test F1-max]  -  LA: 0.80952
Epoch: 12 | Loss: 1.0301594734191895  | Negative Loss: 0.0
[Test ROC-AUC]  -  SA: 0.00000,  LA: 0.73848
[Test AUPRC]  -  LA: 0.75835
[Test F1-max]  -  LA: 0.80952
Epoch: 13 | Loss: 0.8357328176498413  | Negative Loss: 0.0
[Test ROC-AUC]  -  SA: 0.00000,  LA: 0.74108
[Test AUPRC]  -  LA: 0.76010
[Test F1-max]  -  LA: 0.80632
Epoch: 14 | Loss: 0.6889474391937256  | Negative Loss: 0.0
[Test ROC-AUC]  -  SA: 0.00000,  LA: 0.74392
[Test AUPRC]  -  LA: 0.76203
[Test F1-max]  -  LA: 0.80632
Epoch: 15 | Loss: 0.5698150992393494  | Negative Loss: 0.0
[Test ROC-AUC]  -  SA: 0.00000,  LA: 0.74557
[Test AUPRC]  -  LA: 0.76446
[Test F1-max]  -  LA: 0.80315
Epoch: 16 | Loss: 0.4700000584125519  | Negative Loss: 0.0
[Test ROC-AUC]  -  SA: 0.00000,  LA: 0.74793
[Test AUPRC]  -  LA: 0.76686
[Test F1-max]  -  LA: 0.80488
Epoch: 17 | Loss: 0.3846345543861389  | Negative Loss: 0.0
[Test ROC-AUC]  -  SA: 0.00000,  LA: 0.75195
[Test AUPRC]  -  LA: 0.77054
[Test F1-max]  -  LA: 0.80488
Epoch: 18 | Loss: 0.3108643889427185  | Negative Loss: 0.0
[Test ROC-AUC]  -  SA: 0.00000,  LA: 0.75443
[Test AUPRC]  -  LA: 0.77199
[Test F1-max]  -  LA: 0.80488
Epoch: 19 | Loss: 0.24675221741199493  | Negative Loss: 0.0
[Test ROC-AUC]  -  SA: 0.00000,  LA: 0.75667
[Test AUPRC]  -  LA: 0.77430
[Test F1-max]  -  LA: 0.80645
Epoch: 20 | Loss: 0.19202807545661926  | Negative Loss: 0.0
[Test ROC-AUC]  -  SA: 0.00000,  LA: 0.75915
[Test AUPRC]  -  LA: 0.77494
[Test F1-max]  -  LA: 0.80321
Epoch: 21 | Loss: 0.14705733954906464  | Negative Loss: 0.0
[Test ROC-AUC]  -  SA: 0.00000,  LA: 0.76022
[Test AUPRC]  -  LA: 0.77566
[Test F1-max]  -  LA: 0.80321
Epoch: 22 | Loss: 0.11127122491598129  | Negative Loss: 0.0
[Test ROC-AUC]  -  SA: 0.00000,  LA: 0.76270
[Test AUPRC]  -  LA: 0.77620
[Test F1-max]  -  LA: 0.80478
Epoch: 23 | Loss: 0.08311717957258224  | Negative Loss: 0.0
[Test ROC-AUC]  -  SA: 0.00000,  LA: 0.76352
[Test AUPRC]  -  LA: 0.77613
[Test F1-max]  -  LA: 0.80321
Epoch: 24 | Loss: 0.0619560107588768  | Negative Loss: 0.0
[Test ROC-AUC]  -  SA: 0.00000,  LA: 0.76471
[Test AUPRC]  -  LA: 0.77460
[Test F1-max]  -  LA: 0.80321
Epoch: 25 | Loss: 0.04600195586681366  | Negative Loss: 0.0
[Test ROC-AUC]  -  SA: 0.00000,  LA: 0.76518
[Test AUPRC]  -  LA: 0.77524
[Test F1-max]  -  LA: 0.80321
Epoch: 26 | Loss: 0.034342505037784576  | Negative Loss: 0.0
[Test ROC-AUC]  -  SA: 0.00000,  LA: 0.76601
[Test AUPRC]  -  LA: 0.77489
[Test F1-max]  -  LA: 0.80321
Epoch: 27 | Loss: 0.02576841600239277  | Negative Loss: 0.0
[Test ROC-AUC]  -  SA: 0.00000,  LA: 0.76577
[Test AUPRC]  -  LA: 0.77401
[Test F1-max]  -  LA: 0.80159
Epoch: 28 | Loss: 0.01945013925433159  | Negative Loss: 0.0
[Test ROC-AUC]  -  SA: 0.00000,  LA: 0.76530
[Test AUPRC]  -  LA: 0.77544
[Test F1-max]  -  LA: 0.80162
Epoch: 29 | Loss: 0.014810877852141857  | Negative Loss: 0.0
[Test ROC-AUC]  -  SA: 0.00000,  LA: 0.76624
[Test AUPRC]  -  LA: 0.77644
[Test F1-max]  -  LA: 0.80162
Epoch: 30 | Loss: 0.011392476037144661  | Negative Loss: 0.0
[Test ROC-AUC]  -  SA: 0.00000,  LA: 0.76624
[Test AUPRC]  -  LA: 0.77619
[Test F1-max]  -  LA: 0.80000
Epoch: 31 | Loss: 0.008841115981340408  | Negative Loss: 0.0
[Test ROC-AUC]  -  SA: 0.00000,  LA: 0.76754
[Test AUPRC]  -  LA: 0.77790
[Test F1-max]  -  LA: 0.80000
Epoch: 32 | Loss: 0.006929166615009308  | Negative Loss: 0.0
[Test ROC-AUC]  -  SA: 0.00000,  LA: 0.76825
[Test AUPRC]  -  LA: 0.77883
[Test F1-max]  -  LA: 0.80000
Epoch: 33 | Loss: 0.0054859076626598835  | Negative Loss: 0.0
[Test ROC-AUC]  -  SA: 0.00000,  LA: 0.76754
[Test AUPRC]  -  LA: 0.77743
[Test F1-max]  -  LA: 0.80000
Epoch: 34 | Loss: 0.004389934241771698  | Negative Loss: 0.0
[Test ROC-AUC]  -  SA: 0.00000,  LA: 0.76766
[Test AUPRC]  -  LA: 0.77772
[Test F1-max]  -  LA: 0.80000
Epoch: 35 | Loss: 0.0035481927916407585  | Negative Loss: 0.0
[Test ROC-AUC]  -  SA: 0.00000,  LA: 0.76766
[Test AUPRC]  -  LA: 0.77806
[Test F1-max]  -  LA: 0.80000
Epoch: 36 | Loss: 0.0028999901842325926  | Negative Loss: 0.0
[Test ROC-AUC]  -  SA: 0.00000,  LA: 0.76730
[Test AUPRC]  -  LA: 0.77732
[Test F1-max]  -  LA: 0.80000
Epoch: 37 | Loss: 0.002396824536845088  | Negative Loss: 0.0
[Test ROC-AUC]  -  SA: 0.00000,  LA: 0.76671
[Test AUPRC]  -  LA: 0.77801
[Test F1-max]  -  LA: 0.80321
Epoch: 38 | Loss: 0.002001676708459854  | Negative Loss: 0.0
[Test ROC-AUC]  -  SA: 0.00000,  LA: 0.76624
[Test AUPRC]  -  LA: 0.77666
[Test F1-max]  -  LA: 0.80321
Epoch: 39 | Loss: 0.001688612625002861  | Negative Loss: 0.0
[Test ROC-AUC]  -  SA: 0.00000,  LA: 0.76624
[Test AUPRC]  -  LA: 0.77641
[Test F1-max]  -  LA: 0.80321
Epoch: 40 | Loss: 0.0014390192227438092  | Negative Loss: 0.0
[Test ROC-AUC]  -  SA: 0.00000,  LA: 0.76541
[Test AUPRC]  -  LA: 0.77619
[Test F1-max]  -  LA: 0.80321
Epoch: 41 | Loss: 0.0012388951145112514  | Negative Loss: 0.0
[Test ROC-AUC]  -  SA: 0.00000,  LA: 0.76524
[Test AUPRC]  -  LA: 0.77629
[Test F1-max]  -  LA: 0.80321
Epoch: 42 | Loss: 0.0010769570944830775  | Negative Loss: 0.0
[Test ROC-AUC]  -  SA: 0.00000,  LA: 0.76494
[Test AUPRC]  -  LA: 0.77592
[Test F1-max]  -  LA: 0.80321
Epoch: 43 | Loss: 0.0009447676129639149  | Negative Loss: 0.0
[Test ROC-AUC]  -  SA: 0.00000,  LA: 0.76388
[Test AUPRC]  -  LA: 0.77546
[Test F1-max]  -  LA: 0.80000
Epoch: 44 | Loss: 0.0008359066559933126  | Negative Loss: 0.0
[Test ROC-AUC]  -  SA: 0.00000,  LA: 0.76376
[Test AUPRC]  -  LA: 0.77529
[Test F1-max]  -  LA: 0.80000
Epoch: 45 | Loss: 0.0007454980514012277  | Negative Loss: 0.0
[Test ROC-AUC]  -  SA: 0.00000,  LA: 0.76412
[Test AUPRC]  -  LA: 0.77626
[Test F1-max]  -  LA: 0.80000
Epoch: 46 | Loss: 0.0006697341450490057  | Negative Loss: 0.0
[Test ROC-AUC]  -  SA: 0.00000,  LA: 0.76459
[Test AUPRC]  -  LA: 0.77731
[Test F1-max]  -  LA: 0.79839
Epoch: 47 | Loss: 0.0006061166059225798  | Negative Loss: 0.0
[Test ROC-AUC]  -  SA: 0.00000,  LA: 0.76388
[Test AUPRC]  -  LA: 0.77662
[Test F1-max]  -  LA: 0.79839
Epoch: 48 | Loss: 0.0005522649153135717  | Negative Loss: 0.0
[Test ROC-AUC]  -  SA: 0.00000,  LA: 0.76341
[Test AUPRC]  -  LA: 0.77616
[Test F1-max]  -  LA: 0.79839
Epoch: 49 | Loss: 0.000506512587890029  | Negative Loss: 0.0
[Test ROC-AUC]  -  SA: 0.00000,  LA: 0.76293
[Test AUPRC]  -  LA: 0.77565
[Test F1-max]  -  LA: 0.79839
Epoch: 50 | Loss: 0.0004674308584071696  | Negative Loss: 0.0
[Test ROC-AUC]  -  SA: 0.00000,  LA: 0.76293
[Test AUPRC]  -  LA: 0.77589
[Test F1-max]  -  LA: 0.80162
Epoch: 51 | Loss: 0.00043359052506275475  | Negative Loss: 0.0
[Test ROC-AUC]  -  SA: 0.00000,  LA: 0.76329
[Test AUPRC]  -  LA: 0.77620
[Test F1-max]  -  LA: 0.80162
Epoch: 52 | Loss: 0.00040439635631628335  | Negative Loss: 0.0
[Test ROC-AUC]  -  SA: 0.00000,  LA: 0.76282
[Test AUPRC]  -  LA: 0.77557
[Test F1-max]  -  LA: 0.80162
Epoch: 53 | Loss: 0.00037901464384049177  | Negative Loss: 0.0
[Test ROC-AUC]  -  SA: 0.00000,  LA: 0.76293
[Test AUPRC]  -  LA: 0.77621
[Test F1-max]  -  LA: 0.79839
Epoch: 54 | Loss: 0.0003568498359527439  | Negative Loss: 0.0
[Test ROC-AUC]  -  SA: 0.00000,  LA: 0.76270
[Test AUPRC]  -  LA: 0.77598
[Test F1-max]  -  LA: 0.79839
Epoch: 55 | Loss: 0.0003371870261617005  | Negative Loss: 0.0
[Test ROC-AUC]  -  SA: 0.00000,  LA: 0.76270
[Test AUPRC]  -  LA: 0.77597
[Test F1-max]  -  LA: 0.79839
Epoch: 56 | Loss: 0.0003200264764018357  | Negative Loss: 0.0
[Test ROC-AUC]  -  SA: 0.00000,  LA: 0.76258
[Test AUPRC]  -  LA: 0.77587
[Test F1-max]  -  LA: 0.79839
Epoch: 57 | Loss: 0.00030477243126370013  | Negative Loss: 0.0
[Test ROC-AUC]  -  SA: 0.00000,  LA: 0.76246
[Test AUPRC]  -  LA: 0.77573
[Test F1-max]  -  LA: 0.79839
Epoch: 58 | Loss: 0.0002911865885835141  | Negative Loss: 0.0
[Test ROC-AUC]  -  SA: 0.00000,  LA: 0.76270
[Test AUPRC]  -  LA: 0.77589
[Test F1-max]  -  LA: 0.79839
Epoch: 59 | Loss: 0.0002789114660117775  | Negative Loss: 0.0
[Test ROC-AUC]  -  SA: 0.00000,  LA: 0.76258
[Test AUPRC]  -  LA: 0.77593
[Test F1-max]  -  LA: 0.79839
Epoch: 60 | Loss: 0.00026806636014953256  | Negative Loss: 0.0
[Test ROC-AUC]  -  SA: 0.00000,  LA: 0.76258
[Test AUPRC]  -  LA: 0.77608
[Test F1-max]  -  LA: 0.79839
Epoch: 61 | Loss: 0.0002582937595434487  | Negative Loss: 0.0
[Test ROC-AUC]  -  SA: 0.00000,  LA: 0.76246
[Test AUPRC]  -  LA: 0.77593
[Test F1-max]  -  LA: 0.79839
Epoch: 62 | Loss: 0.0002492360945325345  | Negative Loss: 0.0
[Test ROC-AUC]  -  SA: 0.00000,  LA: 0.76199
[Test AUPRC]  -  LA: 0.77548
[Test F1-max]  -  LA: 0.79839
Epoch: 63 | Loss: 0.0002412510075373575  | Negative Loss: 0.0
[Test ROC-AUC]  -  SA: 0.00000,  LA: 0.76187
[Test AUPRC]  -  LA: 0.77551
[Test F1-max]  -  LA: 0.79681
Epoch: 64 | Loss: 0.0002339809580007568  | Negative Loss: 0.0
[Test ROC-AUC]  -  SA: 0.00000,  LA: 0.76211
[Test AUPRC]  -  LA: 0.77565
[Test F1-max]  -  LA: 0.79681
Epoch: 65 | Loss: 0.00022730676573701203  | Negative Loss: 0.0
[Test ROC-AUC]  -  SA: 0.00000,  LA: 0.76211
[Test AUPRC]  -  LA: 0.77499
[Test F1-max]  -  LA: 0.79681
Epoch: 66 | Loss: 0.0002211092651123181  | Negative Loss: 0.0
[Test ROC-AUC]  -  SA: 0.00000,  LA: 0.76223
[Test AUPRC]  -  LA: 0.77528
[Test F1-max]  -  LA: 0.79681
Epoch: 67 | Loss: 0.00021550763631239533  | Negative Loss: 0.0
[Test ROC-AUC]  -  SA: 0.00000,  LA: 0.76199
[Test AUPRC]  -  LA: 0.77512
[Test F1-max]  -  LA: 0.79681
Epoch: 68 | Loss: 0.00021026353351771832  | Negative Loss: 0.0
[Test ROC-AUC]  -  SA: 0.00000,  LA: 0.76140
[Test AUPRC]  -  LA: 0.77479
[Test F1-max]  -  LA: 0.79681
Epoch: 69 | Loss: 0.0002056153170997277  | Negative Loss: 0.0
[Test ROC-AUC]  -  SA: 0.00000,  LA: 0.76093
[Test AUPRC]  -  LA: 0.77451
[Test F1-max]  -  LA: 0.79681
Epoch: 70 | Loss: 0.0002010862808674574  | Negative Loss: 0.0
[Test ROC-AUC]  -  SA: 0.00000,  LA: 0.76081
[Test AUPRC]  -  LA: 0.77444
[Test F1-max]  -  LA: 0.79681
Epoch: 71 | Loss: 0.0001970339653780684  | Negative Loss: 0.0
[Test ROC-AUC]  -  SA: 0.00000,  LA: 0.76104
[Test AUPRC]  -  LA: 0.77466
[Test F1-max]  -  LA: 0.79681
Epoch: 72 | Loss: 0.0001932199957082048  | Negative Loss: 0.0
[Test ROC-AUC]  -  SA: 0.00000,  LA: 0.76104
[Test AUPRC]  -  LA: 0.77466
[Test F1-max]  -  LA: 0.79681
Epoch: 73 | Loss: 0.00018952522077597678  | Negative Loss: 0.0
[Test ROC-AUC]  -  SA: 0.00000,  LA: 0.76140
[Test AUPRC]  -  LA: 0.77526
[Test F1-max]  -  LA: 0.79681
Epoch: 74 | Loss: 0.0001861879718489945  | Negative Loss: 0.0
[Test ROC-AUC]  -  SA: 0.00000,  LA: 0.76140
[Test AUPRC]  -  LA: 0.77526
[Test F1-max]  -  LA: 0.79681
Epoch: 75 | Loss: 0.00018296990310773253  | Negative Loss: 0.0
[Test ROC-AUC]  -  SA: 0.00000,  LA: 0.76140
[Test AUPRC]  -  LA: 0.77525
[Test F1-max]  -  LA: 0.79681
Epoch: 76 | Loss: 0.00017987102910410613  | Negative Loss: 0.0
[Test ROC-AUC]  -  SA: 0.00000,  LA: 0.76152
[Test AUPRC]  -  LA: 0.77533
[Test F1-max]  -  LA: 0.79681
Epoch: 77 | Loss: 0.00017701050092000514  | Negative Loss: 0.0
[Test ROC-AUC]  -  SA: 0.00000,  LA: 0.76152
[Test AUPRC]  -  LA: 0.77536
[Test F1-max]  -  LA: 0.79681
Epoch: 78 | Loss: 0.0001742691674735397  | Negative Loss: 0.0
[Test ROC-AUC]  -  SA: 0.00000,  LA: 0.76163
[Test AUPRC]  -  LA: 0.77541
[Test F1-max]  -  LA: 0.79681
Epoch: 79 | Loss: 0.00017152780492324382  | Negative Loss: 0.0
[Test ROC-AUC]  -  SA: 0.00000,  LA: 0.76175
[Test AUPRC]  -  LA: 0.77551
[Test F1-max]  -  LA: 0.79681
Epoch: 80 | Loss: 0.00016890562255866826  | Negative Loss: 0.0
[Test ROC-AUC]  -  SA: 0.00000,  LA: 0.76175
[Test AUPRC]  -  LA: 0.77545
[Test F1-max]  -  LA: 0.79681
Epoch: 81 | Loss: 0.0001665218296693638  | Negative Loss: 0.0
[Test ROC-AUC]  -  SA: 0.00000,  LA: 0.76187
[Test AUPRC]  -  LA: 0.77552
[Test F1-max]  -  LA: 0.79681
Epoch: 82 | Loss: 0.00016425721696577966  | Negative Loss: 0.0
[Test ROC-AUC]  -  SA: 0.00000,  LA: 0.76175
[Test AUPRC]  -  LA: 0.77542
[Test F1-max]  -  LA: 0.79681
Epoch: 83 | Loss: 0.00016199260426219553  | Negative Loss: 0.0
[Test ROC-AUC]  -  SA: 0.00000,  LA: 0.76163
[Test AUPRC]  -  LA: 0.77533
[Test F1-max]  -  LA: 0.79681
Epoch: 84 | Loss: 0.00015984718629624695  | Negative Loss: 0.0
[Test ROC-AUC]  -  SA: 0.00000,  LA: 0.76163
[Test AUPRC]  -  LA: 0.77533
[Test F1-max]  -  LA: 0.79681
Epoch: 85 | Loss: 0.0001578209485160187  | Negative Loss: 0.0
[Test ROC-AUC]  -  SA: 0.00000,  LA: 0.76140
[Test AUPRC]  -  LA: 0.77516
[Test F1-max]  -  LA: 0.79681
Epoch: 86 | Loss: 0.00015591389092151076  | Negative Loss: 0.0
[Test ROC-AUC]  -  SA: 0.00000,  LA: 0.76116
[Test AUPRC]  -  LA: 0.77489
[Test F1-max]  -  LA: 0.79681
Epoch: 87 | Loss: 0.00015400683332700282  | Negative Loss: 0.0
[Test ROC-AUC]  -  SA: 0.00000,  LA: 0.76104
[Test AUPRC]  -  LA: 0.77475
[Test F1-max]  -  LA: 0.79681
Epoch: 88 | Loss: 0.0001520997757324949  | Negative Loss: 0.0
[Test ROC-AUC]  -  SA: 0.00000,  LA: 0.76116
[Test AUPRC]  -  LA: 0.77483
[Test F1-max]  -  LA: 0.79681
Epoch: 89 | Loss: 0.00015031189832370728  | Negative Loss: 0.0
[Test ROC-AUC]  -  SA: 0.00000,  LA: 0.76116
[Test AUPRC]  -  LA: 0.77483
[Test F1-max]  -  LA: 0.79681
Epoch: 90 | Loss: 0.00014852402091491967  | Negative Loss: 0.0
[Test ROC-AUC]  -  SA: 0.00000,  LA: 0.76104
[Test AUPRC]  -  LA: 0.77474
[Test F1-max]  -  LA: 0.79681
Epoch: 91 | Loss: 0.00014673614350613207  | Negative Loss: 0.0
[Test ROC-AUC]  -  SA: 0.00000,  LA: 0.76069
[Test AUPRC]  -  LA: 0.77452
[Test F1-max]  -  LA: 0.79681
Epoch: 92 | Loss: 0.00014506746083498  | Negative Loss: 0.0
[Test ROC-AUC]  -  SA: 0.00000,  LA: 0.76069
[Test AUPRC]  -  LA: 0.77455
[Test F1-max]  -  LA: 0.79681
Epoch: 93 | Loss: 0.00014339876361191273  | Negative Loss: 0.0
[Test ROC-AUC]  -  SA: 0.00000,  LA: 0.76069
[Test AUPRC]  -  LA: 0.77455
[Test F1-max]  -  LA: 0.79681
Epoch: 94 | Loss: 0.000141849261126481  | Negative Loss: 0.0
[Test ROC-AUC]  -  SA: 0.00000,  LA: 0.76069
[Test AUPRC]  -  LA: 0.77455
[Test F1-max]  -  LA: 0.79681
Epoch: 95 | Loss: 0.00014029975864104927  | Negative Loss: 0.0
[Test ROC-AUC]  -  SA: 0.00000,  LA: 0.76057
[Test AUPRC]  -  LA: 0.77450
[Test F1-max]  -  LA: 0.79681
Epoch: 96 | Loss: 0.00013875025615561754  | Negative Loss: 0.0
[Test ROC-AUC]  -  SA: 0.00000,  LA: 0.76034
[Test AUPRC]  -  LA: 0.77434
[Test F1-max]  -  LA: 0.79681
Epoch: 97 | Loss: 0.00013720073911827058  | Negative Loss: 0.0
[Test ROC-AUC]  -  SA: 0.00000,  LA: 0.76057
[Test AUPRC]  -  LA: 0.77476
[Test F1-max]  -  LA: 0.79681
Epoch: 98 | Loss: 0.00013565122208092362  | Negative Loss: 0.0
[Test ROC-AUC]  -  SA: 0.00000,  LA: 0.76057
[Test AUPRC]  -  LA: 0.77478
[Test F1-max]  -  LA: 0.79681
Epoch: 99 | Loss: 0.0001342208997812122  | Negative Loss: 0.0
Time consumption: 179.69003772735596
Best LA AUC: 0.7682494684620836
Best LA AUPC: 0.7788327605078125
Best LA F1-max: 0.8095238095238095
[Result] Experiment result appended to ./results/train_hybrid_result.csv

[END] 2026-03-19 09:43:30
[RETURN CODE] 0
