[START] 2026-03-19 11:26:04
[GPU] 3
[TASK] 141/160
[NAME] yellow_splicing_promptad
[REPEAT] 1/10
[COMMAND] python train_hybrid.py --data_name yellow_splicing --mask True --text True --double_encoder True --few_shot True --shot 5 --hybrid_model promptad --hybrid_weight 0.3 --hybrid_batch_size 16 --epoch 100 --log True --lr 5e-4 --detection True --preprocess True

/home/seungeon/miniconda3/envs/LAB/lib/python3.10/site-packages/timm/models/layers/__init__.py:48: FutureWarning: Importing from timm.models.layers is deprecated, please import via timm.layers
  warnings.warn(f"Importing from {__name__} is deprecated, please import via timm.layers", FutureWarning)
/home/seungeon/Workspace/side/vlm/train_hybrid.py:18: DeprecationWarning: The distutils package is deprecated and slated for removal in Python 3.12. Use setuptools or check PEP 632 for potential alternatives
  from distutils.util import strtobool
Torch version: 2.9.1+cu128
cuda is loaded for process
here?
In my local computer
Namespace(epoch=100, gpu_number='0', data_name='yellow_splicing', lr=0.0005, batch_size=6, shuffle=True, seed=0, tag='default', model_name='ViT-B-32', pretrained_name='laion2b_s34b_b79k', lora=1, default=False, foundation='CLIP', detection=1, preprocess=1, num_rule=0, object_names=['a photo of orange connector', 'a photo of yellow cable', 'a photo of red cable', 'a photo of blue cable', 'a photo of metal panel'], objects_for_rules=[['a photo of orange connector'], ['a photo of orange connector'], ['a photo of yellow cable'], ['a photo of yellow cable'], ['a photo of orange connector'], ['a photo of orange connector', 'a photo of yellow cable']], texts_for_rules=[['a photo of orange connector'], ['a photo of orange connector'], ['a photo of yellow cable'], ['a photo of yellow cable'], ['a photo of orange connector'], ['a photo of orange connector and yellow cable']], mask=1, text=1, score='mean', ciriculam_learning=False, few_shot=1, shot=5, log=1, neg_loss=0, double_encoder=1, pretrained_count_path=None, ris=0, rule_select='', rule_list=[], num_negative=5, hybrid_model='promptad', hybrid_weight=0.3, hybrid_class_name='', hybrid_batch_size=16, hybrid_backbone='ViT-B-16-plus-240', hybrid_pretrained_dataset='laion400m_e32', hybrid_scales=[2, 3], hybrid_img_resize=240, hybrid_img_cropsize=240, hybrid_resolution=400, hybrid_promptad_epoch=100, hybrid_promptad_lr=0.002, hybrid_promptad_momentum=0.9, hybrid_promptad_weight_decay=0.0005, hybrid_promptad_eta_min=1e-05, hybrid_promptad_lambda1=0.001, hybrid_promptad_n_ctx=4, hybrid_promptad_n_pro=3, hybrid_promptad_n_ctx_ab=1, hybrid_promptad_n_pro_ab=4, early_stop_k=10, result_log_path='./results/train_hybrid_result.csv')
[Hybrid] method=promptad, class_name=splicing_connectors, train=5, eval=68, base_path=/data3/seungeon/data/image/mvtec_loco_anomaly_detection/yellow_splicing
[Hybrid-only] LA_AUC=0.69231, LA_AUPRC=0.75148, LA_F1=0.78261
[Data Description]
- Train: 5
- Test: 68

Train Start
[Test ROC-AUC]  -  SA: 0.00000,  LA: 0.43148
[Test AUPRC]  -  LA: 0.50303
[Test F1-max]  -  LA: 0.73585
Epoch: 0 | Loss: 8.92710018157959  | Negative Loss: 0.0
[Test ROC-AUC]  -  SA: 0.00000,  LA: 0.43236
[Test AUPRC]  -  LA: 0.50342
[Test F1-max]  -  LA: 0.73585
Epoch: 1 | Loss: 8.882646560668945  | Negative Loss: 0.0
[Test ROC-AUC]  -  SA: 0.00000,  LA: 0.46950
[Test AUPRC]  -  LA: 0.52148
[Test F1-max]  -  LA: 0.74000
Epoch: 2 | Loss: 8.41401481628418  | Negative Loss: 0.0
[Test ROC-AUC]  -  SA: 0.00000,  LA: 0.52785
[Test AUPRC]  -  LA: 0.55910
[Test F1-max]  -  LA: 0.74000
Epoch: 3 | Loss: 7.626776695251465  | Negative Loss: 0.0
[Test ROC-AUC]  -  SA: 0.00000,  LA: 0.58355
[Test AUPRC]  -  LA: 0.64170
[Test F1-max]  -  LA: 0.74747
Epoch: 4 | Loss: 6.627206802368164  | Negative Loss: 0.0
[Test ROC-AUC]  -  SA: 0.00000,  LA: 0.64014
[Test AUPRC]  -  LA: 0.70584
[Test F1-max]  -  LA: 0.76289
Epoch: 5 | Loss: 5.624855995178223  | Negative Loss: 0.0
[Test ROC-AUC]  -  SA: 0.00000,  LA: 0.68081
[Test AUPRC]  -  LA: 0.73388
[Test F1-max]  -  LA: 0.78351
Epoch: 6 | Loss: 4.700621128082275  | Negative Loss: 0.0
[Test ROC-AUC]  -  SA: 0.00000,  LA: 0.69496
[Test AUPRC]  -  LA: 0.74059
[Test F1-max]  -  LA: 0.79121
Epoch: 7 | Loss: 3.8610997200012207  | Negative Loss: 0.0
[Test ROC-AUC]  -  SA: 0.00000,  LA: 0.69850
[Test AUPRC]  -  LA: 0.72837
[Test F1-max]  -  LA: 0.80000
Epoch: 8 | Loss: 3.1193807125091553  | Negative Loss: 0.0
[Test ROC-AUC]  -  SA: 0.00000,  LA: 0.70911
[Test AUPRC]  -  LA: 0.74148
[Test F1-max]  -  LA: 0.80899
Epoch: 9 | Loss: 2.443018674850464  | Negative Loss: 0.0
[Test ROC-AUC]  -  SA: 0.00000,  LA: 0.71353
[Test AUPRC]  -  LA: 0.74851
[Test F1-max]  -  LA: 0.80000
Epoch: 10 | Loss: 1.8255609273910522  | Negative Loss: 0.0
[Test ROC-AUC]  -  SA: 0.00000,  LA: 0.70999
[Test AUPRC]  -  LA: 0.74977
[Test F1-max]  -  LA: 0.80000
Epoch: 11 | Loss: 1.2950809001922607  | Negative Loss: 0.0
[Test ROC-AUC]  -  SA: 0.00000,  LA: 0.70027
[Test AUPRC]  -  LA: 0.72985
[Test F1-max]  -  LA: 0.79121
Epoch: 12 | Loss: 0.8606730699539185  | Negative Loss: 0.0
[Test ROC-AUC]  -  SA: 0.00000,  LA: 0.68258
[Test AUPRC]  -  LA: 0.71286
[Test F1-max]  -  LA: 0.79121
Epoch: 13 | Loss: 0.5387058258056641  | Negative Loss: 0.0
[Test ROC-AUC]  -  SA: 0.00000,  LA: 0.67816
[Test AUPRC]  -  LA: 0.70885
[Test F1-max]  -  LA: 0.79121
Epoch: 14 | Loss: 0.32139474153518677  | Negative Loss: 0.0
[Test ROC-AUC]  -  SA: 0.00000,  LA: 0.66755
[Test AUPRC]  -  LA: 0.67695
[Test F1-max]  -  LA: 0.79121
Epoch: 15 | Loss: 0.18358518183231354  | Negative Loss: 0.0
[Test ROC-AUC]  -  SA: 0.00000,  LA: 0.66313
[Test AUPRC]  -  LA: 0.67147
[Test F1-max]  -  LA: 0.78788
Epoch: 16 | Loss: 0.10151413083076477  | Negative Loss: 0.0
[Test ROC-AUC]  -  SA: 0.00000,  LA: 0.66225
[Test AUPRC]  -  LA: 0.66816
[Test F1-max]  -  LA: 0.78788
Epoch: 17 | Loss: 0.05474075302481651  | Negative Loss: 0.0
[Test ROC-AUC]  -  SA: 0.00000,  LA: 0.65429
[Test AUPRC]  -  LA: 0.65854
[Test F1-max]  -  LA: 0.78000
Epoch: 18 | Loss: 0.028994303196668625  | Negative Loss: 0.0
[Test ROC-AUC]  -  SA: 0.00000,  LA: 0.65252
[Test AUPRC]  -  LA: 0.65501
[Test F1-max]  -  LA: 0.78351
Epoch: 19 | Loss: 0.015196939930319786  | Negative Loss: 0.0
[Test ROC-AUC]  -  SA: 0.00000,  LA: 0.65517
[Test AUPRC]  -  LA: 0.68685
[Test F1-max]  -  LA: 0.78351
Epoch: 20 | Loss: 0.007938810624182224  | Negative Loss: 0.0
[Test ROC-AUC]  -  SA: 0.00000,  LA: 0.65429
[Test AUPRC]  -  LA: 0.68554
[Test F1-max]  -  LA: 0.78788
Epoch: 21 | Loss: 0.004154933150857687  | Negative Loss: 0.0
[Test ROC-AUC]  -  SA: 0.00000,  LA: 0.65252
[Test AUPRC]  -  LA: 0.68427
[Test F1-max]  -  LA: 0.78788
Epoch: 22 | Loss: 0.0021906031761318445  | Negative Loss: 0.0
[Test ROC-AUC]  -  SA: 0.00000,  LA: 0.65517
[Test AUPRC]  -  LA: 0.68635
[Test F1-max]  -  LA: 0.79592
Epoch: 23 | Loss: 0.0011710950639098883  | Negative Loss: 0.0
[Test ROC-AUC]  -  SA: 0.00000,  LA: 0.65164
[Test AUPRC]  -  LA: 0.68481
[Test F1-max]  -  LA: 0.79592
Epoch: 24 | Loss: 0.0006368040340021253  | Negative Loss: 0.0
[Test ROC-AUC]  -  SA: 0.00000,  LA: 0.64898
[Test AUPRC]  -  LA: 0.68829
[Test F1-max]  -  LA: 0.79592
Epoch: 25 | Loss: 0.00035311965621076524  | Negative Loss: 0.0
[Test ROC-AUC]  -  SA: 0.00000,  LA: 0.65164
[Test AUPRC]  -  LA: 0.69310
[Test F1-max]  -  LA: 0.78788
Epoch: 26 | Loss: 0.00020002482051495463  | Negative Loss: 0.0
[Test ROC-AUC]  -  SA: 0.00000,  LA: 0.65075
[Test AUPRC]  -  LA: 0.69219
[Test F1-max]  -  LA: 0.78788
Epoch: 27 | Loss: 0.0001159162784460932  | Negative Loss: 0.0
[Test ROC-AUC]  -  SA: 0.00000,  LA: 0.64633
[Test AUPRC]  -  LA: 0.69394
[Test F1-max]  -  LA: 0.78788
Epoch: 28 | Loss: 6.894964462844655e-05  | Negative Loss: 0.0
[Test ROC-AUC]  -  SA: 0.00000,  LA: 0.64279
[Test AUPRC]  -  LA: 0.69401
[Test F1-max]  -  LA: 0.78788
Epoch: 29 | Loss: 4.198513488518074e-05  | Negative Loss: 0.0
[Test ROC-AUC]  -  SA: 0.00000,  LA: 0.64279
[Test AUPRC]  -  LA: 0.69537
[Test F1-max]  -  LA: 0.78788
Epoch: 30 | Loss: 2.6225894544040784e-05  | Negative Loss: 0.0
[Test ROC-AUC]  -  SA: 0.00000,  LA: 0.64279
[Test AUPRC]  -  LA: 0.69713
[Test F1-max]  -  LA: 0.78788
Epoch: 31 | Loss: 1.680844980000984e-05  | Negative Loss: 0.0
[Test ROC-AUC]  -  SA: 0.00000,  LA: 0.64633
[Test AUPRC]  -  LA: 0.70523
[Test F1-max]  -  LA: 0.78788
Epoch: 32 | Loss: 1.111027904698858e-05  | Negative Loss: 0.0
[Test ROC-AUC]  -  SA: 0.00000,  LA: 0.64368
[Test AUPRC]  -  LA: 0.70459
[Test F1-max]  -  LA: 0.78788
Epoch: 33 | Loss: 7.557856406492647e-06  | Negative Loss: 0.0
[Test ROC-AUC]  -  SA: 0.00000,  LA: 0.64633
[Test AUPRC]  -  LA: 0.71164
[Test F1-max]  -  LA: 0.78788
Epoch: 34 | Loss: 5.221360879659187e-06  | Negative Loss: 0.0
[Test ROC-AUC]  -  SA: 0.00000,  LA: 0.64721
[Test AUPRC]  -  LA: 0.71453
[Test F1-max]  -  LA: 0.78788
Epoch: 35 | Loss: 3.6239596283849096e-06  | Negative Loss: 0.0
[Test ROC-AUC]  -  SA: 0.00000,  LA: 0.64721
[Test AUPRC]  -  LA: 0.71655
[Test F1-max]  -  LA: 0.78788
Epoch: 36 | Loss: 2.6941283977066632e-06  | Negative Loss: 0.0
[Test ROC-AUC]  -  SA: 0.00000,  LA: 0.64633
[Test AUPRC]  -  LA: 0.71689
[Test F1-max]  -  LA: 0.78788
Epoch: 37 | Loss: 1.9311896721774247e-06  | Negative Loss: 0.0
[Test ROC-AUC]  -  SA: 0.00000,  LA: 0.64810
[Test AUPRC]  -  LA: 0.72011
[Test F1-max]  -  LA: 0.78788
Epoch: 38 | Loss: 1.525878360553179e-06  | Negative Loss: 0.0
[Test ROC-AUC]  -  SA: 0.00000,  LA: 0.64987
[Test AUPRC]  -  LA: 0.72143
[Test F1-max]  -  LA: 0.78788
Epoch: 39 | Loss: 1.1205670489289332e-06  | Negative Loss: 0.0
[Test ROC-AUC]  -  SA: 0.00000,  LA: 0.64987
[Test AUPRC]  -  LA: 0.72191
[Test F1-max]  -  LA: 0.78788
Epoch: 40 | Loss: 9.298322538597859e-07  | Negative Loss: 0.0
[Test ROC-AUC]  -  SA: 0.00000,  LA: 0.65252
[Test AUPRC]  -  LA: 0.72482
[Test F1-max]  -  LA: 0.78788
Epoch: 41 | Loss: 7.390974587906385e-07  | Negative Loss: 0.0
[Test ROC-AUC]  -  SA: 0.00000,  LA: 0.65429
[Test AUPRC]  -  LA: 0.72640
[Test F1-max]  -  LA: 0.78788
Epoch: 42 | Loss: 5.483626068780723e-07  | Negative Loss: 0.0
[Test ROC-AUC]  -  SA: 0.00000,  LA: 0.65340
[Test AUPRC]  -  LA: 0.72656
[Test F1-max]  -  LA: 0.78788
Epoch: 43 | Loss: 4.291534025924193e-07  | Negative Loss: 0.0
[Test ROC-AUC]  -  SA: 0.00000,  LA: 0.65252
[Test AUPRC]  -  LA: 0.72531
[Test F1-max]  -  LA: 0.78788
Epoch: 44 | Loss: 4.0531153899792116e-07  | Negative Loss: 0.0
[Test ROC-AUC]  -  SA: 0.00000,  LA: 0.65340
[Test AUPRC]  -  LA: 0.70857
[Test F1-max]  -  LA: 0.78788
Epoch: 45 | Loss: 3.576278402306343e-07  | Negative Loss: 0.0
[Test ROC-AUC]  -  SA: 0.00000,  LA: 0.65517
[Test AUPRC]  -  LA: 0.71128
[Test F1-max]  -  LA: 0.78788
Epoch: 46 | Loss: 2.622604142743512e-07  | Negative Loss: 0.0
[Test ROC-AUC]  -  SA: 0.00000,  LA: 0.65517
[Test AUPRC]  -  LA: 0.71211
[Test F1-max]  -  LA: 0.78788
Epoch: 47 | Loss: 2.622604142743512e-07  | Negative Loss: 0.0
[Test ROC-AUC]  -  SA: 0.00000,  LA: 0.65429
[Test AUPRC]  -  LA: 0.71160
[Test F1-max]  -  LA: 0.78788
Epoch: 48 | Loss: 2.384185791015625e-07  | Negative Loss: 0.0
[Test ROC-AUC]  -  SA: 0.00000,  LA: 0.65429
[Test AUPRC]  -  LA: 0.71067
[Test F1-max]  -  LA: 0.78788
Epoch: 49 | Loss: 1.9073485191256623e-07  | Negative Loss: 0.0
[Test ROC-AUC]  -  SA: 0.00000,  LA: 0.65606
[Test AUPRC]  -  LA: 0.71269
[Test F1-max]  -  LA: 0.78788
Epoch: 50 | Loss: 1.4305112472356996e-07  | Negative Loss: 0.0
[Test ROC-AUC]  -  SA: 0.00000,  LA: 0.65694
[Test AUPRC]  -  LA: 0.71303
[Test F1-max]  -  LA: 0.78788
Epoch: 51 | Loss: 1.1920928244535389e-07  | Negative Loss: 0.0
[Test ROC-AUC]  -  SA: 0.00000,  LA: 0.65694
[Test AUPRC]  -  LA: 0.71259
[Test F1-max]  -  LA: 0.78788
Epoch: 52 | Loss: 1.1920928244535389e-07  | Negative Loss: 0.0
[Test ROC-AUC]  -  SA: 0.00000,  LA: 0.65782
[Test AUPRC]  -  LA: 0.71362
[Test F1-max]  -  LA: 0.78788
Epoch: 53 | Loss: 1.1920928244535389e-07  | Negative Loss: 0.0
[Test ROC-AUC]  -  SA: 0.00000,  LA: 0.65782
[Test AUPRC]  -  LA: 0.71362
[Test F1-max]  -  LA: 0.78788
Epoch: 54 | Loss: 1.1920928244535389e-07  | Negative Loss: 0.0
[Test ROC-AUC]  -  SA: 0.00000,  LA: 0.65606
[Test AUPRC]  -  LA: 0.71163
[Test F1-max]  -  LA: 0.78788
Epoch: 55 | Loss: 9.536742595628311e-08  | Negative Loss: 0.0
[Test ROC-AUC]  -  SA: 0.00000,  LA: 0.65517
[Test AUPRC]  -  LA: 0.71032
[Test F1-max]  -  LA: 0.78788
Epoch: 56 | Loss: 9.536742595628311e-08  | Negative Loss: 0.0
[Test ROC-AUC]  -  SA: 0.00000,  LA: 0.65340
[Test AUPRC]  -  LA: 0.70911
[Test F1-max]  -  LA: 0.78788
Epoch: 57 | Loss: 7.152556946721234e-08  | Negative Loss: 0.0
[Test ROC-AUC]  -  SA: 0.00000,  LA: 0.65429
[Test AUPRC]  -  LA: 0.71001
[Test F1-max]  -  LA: 0.78788
Epoch: 58 | Loss: 2.384185648907078e-08  | Negative Loss: 0.0
[Test ROC-AUC]  -  SA: 0.00000,  LA: 0.65606
[Test AUPRC]  -  LA: 0.71320
[Test F1-max]  -  LA: 0.78788
Epoch: 59 | Loss: 2.384185648907078e-08  | Negative Loss: 0.0
[Test ROC-AUC]  -  SA: 0.00000,  LA: 0.65606
[Test AUPRC]  -  LA: 0.71320
[Test F1-max]  -  LA: 0.78788
Epoch: 60 | Loss: 2.384185648907078e-08  | Negative Loss: 0.0
[Test ROC-AUC]  -  SA: 0.00000,  LA: 0.65606
[Test AUPRC]  -  LA: 0.71320
[Test F1-max]  -  LA: 0.78788
Epoch: 61 | Loss: 2.384185648907078e-08  | Negative Loss: 0.0
[Test ROC-AUC]  -  SA: 0.00000,  LA: 0.65871
[Test AUPRC]  -  LA: 0.71636
[Test F1-max]  -  LA: 0.78788
Epoch: 62 | Loss: 2.384185648907078e-08  | Negative Loss: 0.0
[Test ROC-AUC]  -  SA: 0.00000,  LA: 0.65959
[Test AUPRC]  -  LA: 0.71721
[Test F1-max]  -  LA: 0.78788
Epoch: 63 | Loss: 2.384185648907078e-08  | Negative Loss: 0.0
[Test ROC-AUC]  -  SA: 0.00000,  LA: 0.65871
[Test AUPRC]  -  LA: 0.71585
[Test F1-max]  -  LA: 0.78788
Epoch: 64 | Loss: 2.384185648907078e-08  | Negative Loss: 0.0
[Test ROC-AUC]  -  SA: 0.00000,  LA: 0.66048
[Test AUPRC]  -  LA: 0.71821
[Test F1-max]  -  LA: 0.78788
Epoch: 65 | Loss: 2.384185648907078e-08  | Negative Loss: 0.0
[Test ROC-AUC]  -  SA: 0.00000,  LA: 0.65915
[Test AUPRC]  -  LA: 0.71560
[Test F1-max]  -  LA: 0.78788
Epoch: 66 | Loss: 2.384185648907078e-08  | Negative Loss: 0.0
[Test ROC-AUC]  -  SA: 0.00000,  LA: 0.65827
[Test AUPRC]  -  LA: 0.71487
[Test F1-max]  -  LA: 0.78788
Epoch: 67 | Loss: 2.384185648907078e-08  | Negative Loss: 0.0
[Test ROC-AUC]  -  SA: 0.00000,  LA: 0.65782
[Test AUPRC]  -  LA: 0.71438
[Test F1-max]  -  LA: 0.78788
Epoch: 68 | Loss: 2.384185648907078e-08  | Negative Loss: 0.0
[Test ROC-AUC]  -  SA: 0.00000,  LA: 0.65606
[Test AUPRC]  -  LA: 0.71222
[Test F1-max]  -  LA: 0.78788
Epoch: 69 | Loss: 2.384185648907078e-08  | Negative Loss: 0.0
[Test ROC-AUC]  -  SA: 0.00000,  LA: 0.65694
[Test AUPRC]  -  LA: 0.71323
[Test F1-max]  -  LA: 0.78788
Epoch: 70 | Loss: 2.384185648907078e-08  | Negative Loss: 0.0
[Test ROC-AUC]  -  SA: 0.00000,  LA: 0.65606
[Test AUPRC]  -  LA: 0.71275
[Test F1-max]  -  LA: 0.78788
Epoch: 71 | Loss: 2.384185648907078e-08  | Negative Loss: 0.0
[Test ROC-AUC]  -  SA: 0.00000,  LA: 0.65517
[Test AUPRC]  -  LA: 0.71234
[Test F1-max]  -  LA: 0.78788
Epoch: 72 | Loss: 2.384185648907078e-08  | Negative Loss: 0.0
[Test ROC-AUC]  -  SA: 0.00000,  LA: 0.65694
[Test AUPRC]  -  LA: 0.71417
[Test F1-max]  -  LA: 0.78788
Epoch: 73 | Loss: 2.384185648907078e-08  | Negative Loss: 0.0
[Test ROC-AUC]  -  SA: 0.00000,  LA: 0.65561
[Test AUPRC]  -  LA: 0.71257
[Test F1-max]  -  LA: 0.78788
Epoch: 74 | Loss: 2.384185648907078e-08  | Negative Loss: 0.0
[Test ROC-AUC]  -  SA: 0.00000,  LA: 0.65252
[Test AUPRC]  -  LA: 0.70729
[Test F1-max]  -  LA: 0.78788
Epoch: 75 | Loss: 2.384185648907078e-08  | Negative Loss: 0.0
[Test ROC-AUC]  -  SA: 0.00000,  LA: 0.65252
[Test AUPRC]  -  LA: 0.70729
[Test F1-max]  -  LA: 0.78788
Epoch: 76 | Loss: 2.384185648907078e-08  | Negative Loss: 0.0
[Test ROC-AUC]  -  SA: 0.00000,  LA: 0.65252
[Test AUPRC]  -  LA: 0.70729
[Test F1-max]  -  LA: 0.78788
Epoch: 77 | Loss: 2.384185648907078e-08  | Negative Loss: 0.0
[Test ROC-AUC]  -  SA: 0.00000,  LA: 0.65606
[Test AUPRC]  -  LA: 0.71021
[Test F1-max]  -  LA: 0.78788
Epoch: 78 | Loss: 2.384185648907078e-08  | Negative Loss: 0.0
[Test ROC-AUC]  -  SA: 0.00000,  LA: 0.65782
[Test AUPRC]  -  LA: 0.71360
[Test F1-max]  -  LA: 0.78788
Epoch: 79 | Loss: 2.384185648907078e-08  | Negative Loss: 0.0
[Test ROC-AUC]  -  SA: 0.00000,  LA: 0.65782
[Test AUPRC]  -  LA: 0.71360
[Test F1-max]  -  LA: 0.78788
Epoch: 80 | Loss: 2.384185648907078e-08  | Negative Loss: 0.0
[Test ROC-AUC]  -  SA: 0.00000,  LA: 0.65871
[Test AUPRC]  -  LA: 0.71408
[Test F1-max]  -  LA: 0.78788
Epoch: 81 | Loss: 2.384185648907078e-08  | Negative Loss: 0.0
[Test ROC-AUC]  -  SA: 0.00000,  LA: 0.65782
[Test AUPRC]  -  LA: 0.71378
[Test F1-max]  -  LA: 0.78788
Epoch: 82 | Loss: 2.384185648907078e-08  | Negative Loss: 0.0
[Test ROC-AUC]  -  SA: 0.00000,  LA: 0.65694
[Test AUPRC]  -  LA: 0.71340
[Test F1-max]  -  LA: 0.78788
Epoch: 83 | Loss: 2.384185648907078e-08  | Negative Loss: 0.0
[Test ROC-AUC]  -  SA: 0.00000,  LA: 0.65782
[Test AUPRC]  -  LA: 0.71400
[Test F1-max]  -  LA: 0.78788
Epoch: 84 | Loss: 2.384185648907078e-08  | Negative Loss: 0.0
[Test ROC-AUC]  -  SA: 0.00000,  LA: 0.65694
[Test AUPRC]  -  LA: 0.71280
[Test F1-max]  -  LA: 0.78788
Epoch: 85 | Loss: 2.384185648907078e-08  | Negative Loss: 0.0
[Test ROC-AUC]  -  SA: 0.00000,  LA: 0.65782
[Test AUPRC]  -  LA: 0.71327
[Test F1-max]  -  LA: 0.78788
Epoch: 86 | Loss: 2.384185648907078e-08  | Negative Loss: 0.0
[Test ROC-AUC]  -  SA: 0.00000,  LA: 0.65694
[Test AUPRC]  -  LA: 0.71202
[Test F1-max]  -  LA: 0.78788
Epoch: 87 | Loss: 2.384185648907078e-08  | Negative Loss: 0.0
[Test ROC-AUC]  -  SA: 0.00000,  LA: 0.65694
[Test AUPRC]  -  LA: 0.71202
[Test F1-max]  -  LA: 0.78788
Epoch: 88 | Loss: 2.384185648907078e-08  | Negative Loss: 0.0
[Test ROC-AUC]  -  SA: 0.00000,  LA: 0.65694
[Test AUPRC]  -  LA: 0.71348
[Test F1-max]  -  LA: 0.78788
Epoch: 89 | Loss: 2.384185648907078e-08  | Negative Loss: 0.0
[Test ROC-AUC]  -  SA: 0.00000,  LA: 0.65517
[Test AUPRC]  -  LA: 0.71226
[Test F1-max]  -  LA: 0.78788
Epoch: 90 | Loss: 2.384185648907078e-08  | Negative Loss: 0.0
[Test ROC-AUC]  -  SA: 0.00000,  LA: 0.65429
[Test AUPRC]  -  LA: 0.71127
[Test F1-max]  -  LA: 0.78788
Epoch: 91 | Loss: 2.384185648907078e-08  | Negative Loss: 0.0
[Test ROC-AUC]  -  SA: 0.00000,  LA: 0.65429
[Test AUPRC]  -  LA: 0.71127
[Test F1-max]  -  LA: 0.78788
Epoch: 92 | Loss: 2.384185648907078e-08  | Negative Loss: 0.0
[Test ROC-AUC]  -  SA: 0.00000,  LA: 0.65340
[Test AUPRC]  -  LA: 0.70996
[Test F1-max]  -  LA: 0.78788
Epoch: 93 | Loss: 2.384185648907078e-08  | Negative Loss: 0.0
[Test ROC-AUC]  -  SA: 0.00000,  LA: 0.65429
[Test AUPRC]  -  LA: 0.71032
[Test F1-max]  -  LA: 0.78788
Epoch: 94 | Loss: 2.384185648907078e-08  | Negative Loss: 0.0
[Test ROC-AUC]  -  SA: 0.00000,  LA: 0.65517
[Test AUPRC]  -  LA: 0.71097
[Test F1-max]  -  LA: 0.78788
Epoch: 95 | Loss: 2.384185648907078e-08  | Negative Loss: 0.0
[Test ROC-AUC]  -  SA: 0.00000,  LA: 0.65517
[Test AUPRC]  -  LA: 0.71097
[Test F1-max]  -  LA: 0.78788
Epoch: 96 | Loss: 2.384185648907078e-08  | Negative Loss: 0.0
[Test ROC-AUC]  -  SA: 0.00000,  LA: 0.65606
[Test AUPRC]  -  LA: 0.71142
[Test F1-max]  -  LA: 0.78788
Epoch: 97 | Loss: 2.384185648907078e-08  | Negative Loss: 0.0
[Test ROC-AUC]  -  SA: 0.00000,  LA: 0.65517
[Test AUPRC]  -  LA: 0.71038
[Test F1-max]  -  LA: 0.78788
Epoch: 98 | Loss: 2.384185648907078e-08  | Negative Loss: 0.0
[Test ROC-AUC]  -  SA: 0.00000,  LA: 0.65517
[Test AUPRC]  -  LA: 0.71038
[Test F1-max]  -  LA: 0.78788
Epoch: 99 | Loss: 2.384185648907078e-08  | Negative Loss: 0.0
Time consumption: 96.25377321243286
Best LA AUC: 0.713527851458886
Best LA AUPC: 0.7497678850784042
Best LA F1-max: 0.8089887640449438
[Result] Experiment result appended to ./results/train_hybrid_result.csv

[END] 2026-03-19 11:30:04
[RETURN CODE] 0
