[START] 2026-03-19 11:19:10
[GPU] 3
[TASK] 134/160
[NAME] yellow_splicing_winclip
[REPEAT] 4/10
[COMMAND] python train_hybrid.py --data_name yellow_splicing --mask True --text True --double_encoder True --few_shot True --shot 1 --hybrid_model winclip --hybrid_weight 0.3 --hybrid_batch_size 16 --epoch 100 --log True --lr 5e-4 --detection True --preprocess True

/home/seungeon/miniconda3/envs/LAB/lib/python3.10/site-packages/timm/models/layers/__init__.py:48: FutureWarning: Importing from timm.models.layers is deprecated, please import via timm.layers
  warnings.warn(f"Importing from {__name__} is deprecated, please import via timm.layers", FutureWarning)
/home/seungeon/Workspace/side/vlm/train_hybrid.py:18: DeprecationWarning: The distutils package is deprecated and slated for removal in Python 3.12. Use setuptools or check PEP 632 for potential alternatives
  from distutils.util import strtobool
Torch version: 2.9.1+cu128
cuda is loaded for process
here?
In my local computer
Namespace(epoch=100, gpu_number='0', data_name='yellow_splicing', lr=0.0005, batch_size=6, shuffle=True, seed=0, tag='default', model_name='ViT-B-32', pretrained_name='laion2b_s34b_b79k', lora=1, default=False, foundation='CLIP', detection=1, preprocess=1, num_rule=0, object_names=['a photo of orange connector', 'a photo of yellow cable', 'a photo of red cable', 'a photo of blue cable', 'a photo of metal panel'], objects_for_rules=[['a photo of orange connector'], ['a photo of orange connector'], ['a photo of yellow cable'], ['a photo of yellow cable'], ['a photo of orange connector'], ['a photo of orange connector', 'a photo of yellow cable']], texts_for_rules=[['a photo of orange connector'], ['a photo of orange connector'], ['a photo of yellow cable'], ['a photo of yellow cable'], ['a photo of orange connector'], ['a photo of orange connector and yellow cable']], mask=1, text=1, score='mean', ciriculam_learning=False, few_shot=1, shot=1, log=1, neg_loss=0, double_encoder=1, pretrained_count_path=None, ris=0, rule_select='', rule_list=[], num_negative=5, hybrid_model='winclip', hybrid_weight=0.3, hybrid_class_name='', hybrid_batch_size=16, hybrid_backbone='ViT-B-16-plus-240', hybrid_pretrained_dataset='laion400m_e32', hybrid_scales=[2, 3], hybrid_img_resize=240, hybrid_img_cropsize=240, hybrid_resolution=400, hybrid_promptad_epoch=100, hybrid_promptad_lr=0.002, hybrid_promptad_momentum=0.9, hybrid_promptad_weight_decay=0.0005, hybrid_promptad_eta_min=1e-05, hybrid_promptad_lambda1=0.001, hybrid_promptad_n_ctx=4, hybrid_promptad_n_pro=3, hybrid_promptad_n_ctx_ab=1, hybrid_promptad_n_pro_ab=4, early_stop_k=10, result_log_path='./results/train_hybrid_result.csv')
[Hybrid] method=winclip, class_name=splicing_connectors, train=1, eval=68, base_path=/data3/seungeon/data/image/mvtec_loco_anomaly_detection/yellow_splicing
grid 240 16 (15, 15)
[Hybrid-only] LA_AUC=0.73298, LA_AUPRC=0.82714, LA_F1=0.75000
[Data Description]
- Train: 1
- Test: 68

Train Start
[Test ROC-AUC]  -  SA: 0.00000,  LA: 0.62865
[Test AUPRC]  -  LA: 0.75049
[Test F1-max]  -  LA: 0.74286
Epoch: 0 | Loss: 9.141156196594238  | Negative Loss: 0.0
[Test ROC-AUC]  -  SA: 0.00000,  LA: 0.62953
[Test AUPRC]  -  LA: 0.75446
[Test F1-max]  -  LA: 0.74286
Epoch: 1 | Loss: 9.070145606994629  | Negative Loss: 0.0
[Test ROC-AUC]  -  SA: 0.00000,  LA: 0.62069
[Test AUPRC]  -  LA: 0.74798
[Test F1-max]  -  LA: 0.74286
Epoch: 2 | Loss: 8.161130905151367  | Negative Loss: 0.0
[Test ROC-AUC]  -  SA: 0.00000,  LA: 0.63395
[Test AUPRC]  -  LA: 0.75547
[Test F1-max]  -  LA: 0.75000
Epoch: 3 | Loss: 6.831112861633301  | Negative Loss: 0.0
[Test ROC-AUC]  -  SA: 0.00000,  LA: 0.60654
[Test AUPRC]  -  LA: 0.72391
[Test F1-max]  -  LA: 0.75728
Epoch: 4 | Loss: 5.449154376983643  | Negative Loss: 0.0
[Test ROC-AUC]  -  SA: 0.00000,  LA: 0.57737
[Test AUPRC]  -  LA: 0.68903
[Test F1-max]  -  LA: 0.75728
Epoch: 5 | Loss: 4.341282367706299  | Negative Loss: 0.0
[Test ROC-AUC]  -  SA: 0.00000,  LA: 0.56057
[Test AUPRC]  -  LA: 0.66530
[Test F1-max]  -  LA: 0.75728
Epoch: 6 | Loss: 3.4505929946899414  | Negative Loss: 0.0
[Test ROC-AUC]  -  SA: 0.00000,  LA: 0.55791
[Test AUPRC]  -  LA: 0.66884
[Test F1-max]  -  LA: 0.76471
Epoch: 7 | Loss: 2.7045352458953857  | Negative Loss: 0.0
[Test ROC-AUC]  -  SA: 0.00000,  LA: 0.56057
[Test AUPRC]  -  LA: 0.66630
[Test F1-max]  -  LA: 0.77228
Epoch: 8 | Loss: 2.084831476211548  | Negative Loss: 0.0
[Test ROC-AUC]  -  SA: 0.00000,  LA: 0.57206
[Test AUPRC]  -  LA: 0.68161
[Test F1-max]  -  LA: 0.78000
Epoch: 9 | Loss: 1.5560898780822754  | Negative Loss: 0.0
[Test ROC-AUC]  -  SA: 0.00000,  LA: 0.58179
[Test AUPRC]  -  LA: 0.69420
[Test F1-max]  -  LA: 0.78000
Epoch: 10 | Loss: 1.1301175355911255  | Negative Loss: 0.0
[Test ROC-AUC]  -  SA: 0.00000,  LA: 0.59240
[Test AUPRC]  -  LA: 0.70259
[Test F1-max]  -  LA: 0.78000
Epoch: 11 | Loss: 0.8025380373001099  | Negative Loss: 0.0
[Test ROC-AUC]  -  SA: 0.00000,  LA: 0.59328
[Test AUPRC]  -  LA: 0.70516
[Test F1-max]  -  LA: 0.78000
Epoch: 12 | Loss: 0.5554187297821045  | Negative Loss: 0.0
[Test ROC-AUC]  -  SA: 0.00000,  LA: 0.60743
[Test AUPRC]  -  LA: 0.71185
[Test F1-max]  -  LA: 0.78000
Epoch: 13 | Loss: 0.37342941761016846  | Negative Loss: 0.0
[Test ROC-AUC]  -  SA: 0.00000,  LA: 0.61362
[Test AUPRC]  -  LA: 0.72643
[Test F1-max]  -  LA: 0.78000
Epoch: 14 | Loss: 0.24593429267406464  | Negative Loss: 0.0
[Test ROC-AUC]  -  SA: 0.00000,  LA: 0.61804
[Test AUPRC]  -  LA: 0.72591
[Test F1-max]  -  LA: 0.78000
Epoch: 15 | Loss: 0.1599646359682083  | Negative Loss: 0.0
[Test ROC-AUC]  -  SA: 0.00000,  LA: 0.62246
[Test AUPRC]  -  LA: 0.72849
[Test F1-max]  -  LA: 0.78000
Epoch: 16 | Loss: 0.10284122824668884  | Negative Loss: 0.0
[Test ROC-AUC]  -  SA: 0.00000,  LA: 0.63660
[Test AUPRC]  -  LA: 0.73991
[Test F1-max]  -  LA: 0.78000
Epoch: 17 | Loss: 0.06544194370508194  | Negative Loss: 0.0
[Test ROC-AUC]  -  SA: 0.00000,  LA: 0.64810
[Test AUPRC]  -  LA: 0.74858
[Test F1-max]  -  LA: 0.78000
Epoch: 18 | Loss: 0.04149071127176285  | Negative Loss: 0.0
[Test ROC-AUC]  -  SA: 0.00000,  LA: 0.65782
[Test AUPRC]  -  LA: 0.75063
[Test F1-max]  -  LA: 0.78788
Epoch: 19 | Loss: 0.026380786672234535  | Negative Loss: 0.0
[Test ROC-AUC]  -  SA: 0.00000,  LA: 0.67109
[Test AUPRC]  -  LA: 0.75823
[Test F1-max]  -  LA: 0.78788
Epoch: 20 | Loss: 0.016833141446113586  | Negative Loss: 0.0
[Test ROC-AUC]  -  SA: 0.00000,  LA: 0.67993
[Test AUPRC]  -  LA: 0.76404
[Test F1-max]  -  LA: 0.78788
Epoch: 21 | Loss: 0.010835147462785244  | Negative Loss: 0.0
[Test ROC-AUC]  -  SA: 0.00000,  LA: 0.68700
[Test AUPRC]  -  LA: 0.76432
[Test F1-max]  -  LA: 0.78351
Epoch: 22 | Loss: 0.007042304612696171  | Negative Loss: 0.0
[Test ROC-AUC]  -  SA: 0.00000,  LA: 0.69584
[Test AUPRC]  -  LA: 0.76959
[Test F1-max]  -  LA: 0.78351
Epoch: 23 | Loss: 0.004631080664694309  | Negative Loss: 0.0
[Test ROC-AUC]  -  SA: 0.00000,  LA: 0.70292
[Test AUPRC]  -  LA: 0.77342
[Test F1-max]  -  LA: 0.78351
Epoch: 24 | Loss: 0.0030829610768705606  | Negative Loss: 0.0
[Test ROC-AUC]  -  SA: 0.00000,  LA: 0.70645
[Test AUPRC]  -  LA: 0.77441
[Test F1-max]  -  LA: 0.77895
Epoch: 25 | Loss: 0.0020862084347754717  | Negative Loss: 0.0
[Test ROC-AUC]  -  SA: 0.00000,  LA: 0.70822
[Test AUPRC]  -  LA: 0.77357
[Test F1-max]  -  LA: 0.77551
Epoch: 26 | Loss: 0.0014347229152917862  | Negative Loss: 0.0
[Test ROC-AUC]  -  SA: 0.00000,  LA: 0.71264
[Test AUPRC]  -  LA: 0.77467
[Test F1-max]  -  LA: 0.77895
Epoch: 27 | Loss: 0.0010032863356173038  | Negative Loss: 0.0
[Test ROC-AUC]  -  SA: 0.00000,  LA: 0.72149
[Test AUPRC]  -  LA: 0.77891
[Test F1-max]  -  LA: 0.79167
Epoch: 28 | Loss: 0.0007140713278204203  | Negative Loss: 0.0
[Test ROC-AUC]  -  SA: 0.00000,  LA: 0.71618
[Test AUPRC]  -  LA: 0.77288
[Test F1-max]  -  LA: 0.78351
Epoch: 29 | Loss: 0.000516951666213572  | Negative Loss: 0.0
[Test ROC-AUC]  -  SA: 0.00000,  LA: 0.71972
[Test AUPRC]  -  LA: 0.77609
[Test F1-max]  -  LA: 0.78351
Epoch: 30 | Loss: 0.00038084134575910866  | Negative Loss: 0.0
[Test ROC-AUC]  -  SA: 0.00000,  LA: 0.72237
[Test AUPRC]  -  LA: 0.77856
[Test F1-max]  -  LA: 0.78351
Epoch: 31 | Loss: 0.00028560718055814505  | Negative Loss: 0.0
[Test ROC-AUC]  -  SA: 0.00000,  LA: 0.72325
[Test AUPRC]  -  LA: 0.77936
[Test F1-max]  -  LA: 0.78351
Epoch: 32 | Loss: 0.0002179039001930505  | Negative Loss: 0.0
[Test ROC-AUC]  -  SA: 0.00000,  LA: 0.72502
[Test AUPRC]  -  LA: 0.77991
[Test F1-max]  -  LA: 0.78351
Epoch: 33 | Loss: 0.00016903231153264642  | Negative Loss: 0.0
[Test ROC-AUC]  -  SA: 0.00000,  LA: 0.72502
[Test AUPRC]  -  LA: 0.77946
[Test F1-max]  -  LA: 0.78351
Epoch: 34 | Loss: 0.00013351037341635674  | Negative Loss: 0.0
[Test ROC-AUC]  -  SA: 0.00000,  LA: 0.73210
[Test AUPRC]  -  LA: 0.78652
[Test F1-max]  -  LA: 0.78788
Epoch: 35 | Loss: 0.00010680894047254696  | Negative Loss: 0.0
[Test ROC-AUC]  -  SA: 0.00000,  LA: 0.73121
[Test AUPRC]  -  LA: 0.78745
[Test F1-max]  -  LA: 0.78788
Epoch: 36 | Loss: 8.69018622324802e-05  | Negative Loss: 0.0
[Test ROC-AUC]  -  SA: 0.00000,  LA: 0.73386
[Test AUPRC]  -  LA: 0.79099
[Test F1-max]  -  LA: 0.78788
Epoch: 37 | Loss: 7.176282815635204e-05  | Negative Loss: 0.0
[Test ROC-AUC]  -  SA: 0.00000,  LA: 0.73475
[Test AUPRC]  -  LA: 0.79236
[Test F1-max]  -  LA: 0.78788
Epoch: 38 | Loss: 6.008067066431977e-05  | Negative Loss: 0.0
[Test ROC-AUC]  -  SA: 0.00000,  LA: 0.73652
[Test AUPRC]  -  LA: 0.79555
[Test F1-max]  -  LA: 0.78788
Epoch: 39 | Loss: 5.0782578910002485e-05  | Negative Loss: 0.0
[Test ROC-AUC]  -  SA: 0.00000,  LA: 0.73652
[Test AUPRC]  -  LA: 0.79555
[Test F1-max]  -  LA: 0.78788
Epoch: 40 | Loss: 4.3510968680493534e-05  | Negative Loss: 0.0
[Test ROC-AUC]  -  SA: 0.00000,  LA: 0.73475
[Test AUPRC]  -  LA: 0.79563
[Test F1-max]  -  LA: 0.78788
Epoch: 41 | Loss: 3.766981535591185e-05  | Negative Loss: 0.0
[Test ROC-AUC]  -  SA: 0.00000,  LA: 0.73475
[Test AUPRC]  -  LA: 0.79911
[Test F1-max]  -  LA: 0.78788
Epoch: 42 | Loss: 3.3139935112558305e-05  | Negative Loss: 0.0
[Test ROC-AUC]  -  SA: 0.00000,  LA: 0.73386
[Test AUPRC]  -  LA: 0.79946
[Test F1-max]  -  LA: 0.78788
Epoch: 43 | Loss: 2.932529241661541e-05  | Negative Loss: 0.0
[Test ROC-AUC]  -  SA: 0.00000,  LA: 0.73210
[Test AUPRC]  -  LA: 0.79862
[Test F1-max]  -  LA: 0.78788
Epoch: 44 | Loss: 2.610667797853239e-05  | Negative Loss: 0.0
[Test ROC-AUC]  -  SA: 0.00000,  LA: 0.73298
[Test AUPRC]  -  LA: 0.79965
[Test F1-max]  -  LA: 0.78788
Epoch: 45 | Loss: 2.3603313820785843e-05  | Negative Loss: 0.0
[Test ROC-AUC]  -  SA: 0.00000,  LA: 0.73386
[Test AUPRC]  -  LA: 0.80008
[Test F1-max]  -  LA: 0.78788
Epoch: 46 | Loss: 2.1457568436744623e-05  | Negative Loss: 0.0
[Test ROC-AUC]  -  SA: 0.00000,  LA: 0.73386
[Test AUPRC]  -  LA: 0.80008
[Test F1-max]  -  LA: 0.78788
Epoch: 47 | Loss: 1.9669445464387536e-05  | Negative Loss: 0.0
[Test ROC-AUC]  -  SA: 0.00000,  LA: 0.73386
[Test AUPRC]  -  LA: 0.80170
[Test F1-max]  -  LA: 0.78788
Epoch: 48 | Loss: 1.8119737433153205e-05  | Negative Loss: 0.0
[Test ROC-AUC]  -  SA: 0.00000,  LA: 0.73298
[Test AUPRC]  -  LA: 0.80250
[Test F1-max]  -  LA: 0.78788
Epoch: 49 | Loss: 1.6808446162031032e-05  | Negative Loss: 0.0
[Test ROC-AUC]  -  SA: 0.00000,  LA: 0.73386
[Test AUPRC]  -  LA: 0.80350
[Test F1-max]  -  LA: 0.78788
Epoch: 50 | Loss: 1.5616362361470237e-05  | Negative Loss: 0.0
[Test ROC-AUC]  -  SA: 0.00000,  LA: 0.73298
[Test AUPRC]  -  LA: 0.80318
[Test F1-max]  -  LA: 0.78788
Epoch: 51 | Loss: 1.478190279158298e-05  | Negative Loss: 0.0
[Test ROC-AUC]  -  SA: 0.00000,  LA: 0.73298
[Test AUPRC]  -  LA: 0.80318
[Test F1-max]  -  LA: 0.78788
Epoch: 52 | Loss: 1.3947443221695721e-05  | Negative Loss: 0.0
[Test ROC-AUC]  -  SA: 0.00000,  LA: 0.73298
[Test AUPRC]  -  LA: 0.80318
[Test F1-max]  -  LA: 0.78788
Epoch: 53 | Loss: 1.3112983651808463e-05  | Negative Loss: 0.0
[Test ROC-AUC]  -  SA: 0.00000,  LA: 0.73298
[Test AUPRC]  -  LA: 0.80318
[Test F1-max]  -  LA: 0.78788
Epoch: 54 | Loss: 1.2516939932538662e-05  | Negative Loss: 0.0
[Test ROC-AUC]  -  SA: 0.00000,  LA: 0.73475
[Test AUPRC]  -  LA: 0.80481
[Test F1-max]  -  LA: 0.78788
Epoch: 55 | Loss: 1.2040105502819642e-05  | Negative Loss: 0.0
[Test ROC-AUC]  -  SA: 0.00000,  LA: 0.73298
[Test AUPRC]  -  LA: 0.80416
[Test F1-max]  -  LA: 0.78788
Epoch: 56 | Loss: 1.1444061783549841e-05  | Negative Loss: 0.0
[Test ROC-AUC]  -  SA: 0.00000,  LA: 0.73298
[Test AUPRC]  -  LA: 0.80416
[Test F1-max]  -  LA: 0.78788
Epoch: 57 | Loss: 1.084801806428004e-05  | Negative Loss: 0.0
[Test ROC-AUC]  -  SA: 0.00000,  LA: 0.73298
[Test AUPRC]  -  LA: 0.80416
[Test F1-max]  -  LA: 0.78788
Epoch: 58 | Loss: 1.0609601304167882e-05  | Negative Loss: 0.0
[Test ROC-AUC]  -  SA: 0.00000,  LA: 0.73298
[Test AUPRC]  -  LA: 0.80416
[Test F1-max]  -  LA: 0.78788
Epoch: 59 | Loss: 1.0251975254504941e-05  | Negative Loss: 0.0
[Test ROC-AUC]  -  SA: 0.00000,  LA: 0.73298
[Test AUPRC]  -  LA: 0.80416
[Test F1-max]  -  LA: 0.78788
Epoch: 60 | Loss: 9.77513991529122e-06  | Negative Loss: 0.0
[Test ROC-AUC]  -  SA: 0.00000,  LA: 0.73298
[Test AUPRC]  -  LA: 0.80416
[Test F1-max]  -  LA: 0.78788
Epoch: 61 | Loss: 9.655932444729842e-06  | Negative Loss: 0.0
[Test ROC-AUC]  -  SA: 0.00000,  LA: 0.73386
[Test AUPRC]  -  LA: 0.80447
[Test F1-max]  -  LA: 0.78788
Epoch: 62 | Loss: 9.298304576077498e-06  | Negative Loss: 0.0
[Test ROC-AUC]  -  SA: 0.00000,  LA: 0.73475
[Test AUPRC]  -  LA: 0.80516
[Test F1-max]  -  LA: 0.78788
Epoch: 63 | Loss: 9.179096196021419e-06  | Negative Loss: 0.0
[Test ROC-AUC]  -  SA: 0.00000,  LA: 0.73386
[Test AUPRC]  -  LA: 0.80488
[Test F1-max]  -  LA: 0.78351
Epoch: 64 | Loss: 9.05988781596534e-06  | Negative Loss: 0.0
[Test ROC-AUC]  -  SA: 0.00000,  LA: 0.73386
[Test AUPRC]  -  LA: 0.80488
[Test F1-max]  -  LA: 0.78351
Epoch: 65 | Loss: 8.583051567256916e-06  | Negative Loss: 0.0
[Test ROC-AUC]  -  SA: 0.00000,  LA: 0.73298
[Test AUPRC]  -  LA: 0.80283
[Test F1-max]  -  LA: 0.78351
Epoch: 66 | Loss: 8.463843187200837e-06  | Negative Loss: 0.0
[Test ROC-AUC]  -  SA: 0.00000,  LA: 0.73210
[Test AUPRC]  -  LA: 0.80059
[Test F1-max]  -  LA: 0.78351
Epoch: 67 | Loss: 8.344633897650056e-06  | Negative Loss: 0.0
[Test ROC-AUC]  -  SA: 0.00000,  LA: 0.73210
[Test AUPRC]  -  LA: 0.80059
[Test F1-max]  -  LA: 0.78351
Epoch: 68 | Loss: 8.225425517593976e-06  | Negative Loss: 0.0
[Test ROC-AUC]  -  SA: 0.00000,  LA: 0.73475
[Test AUPRC]  -  LA: 0.80253
[Test F1-max]  -  LA: 0.78788
Epoch: 69 | Loss: 8.225425517593976e-06  | Negative Loss: 0.0
[Test ROC-AUC]  -  SA: 0.00000,  LA: 0.73298
[Test AUPRC]  -  LA: 0.80190
[Test F1-max]  -  LA: 0.78788
Epoch: 70 | Loss: 7.987007847987115e-06  | Negative Loss: 0.0
[Test ROC-AUC]  -  SA: 0.00000,  LA: 0.73210
[Test AUPRC]  -  LA: 0.80055
[Test F1-max]  -  LA: 0.78788
Epoch: 71 | Loss: 7.748590178380255e-06  | Negative Loss: 0.0
[Test ROC-AUC]  -  SA: 0.00000,  LA: 0.73386
[Test AUPRC]  -  LA: 0.80221
[Test F1-max]  -  LA: 0.78788
Epoch: 72 | Loss: 7.748590178380255e-06  | Negative Loss: 0.0
[Test ROC-AUC]  -  SA: 0.00000,  LA: 0.73386
[Test AUPRC]  -  LA: 0.80221
[Test F1-max]  -  LA: 0.78788
Epoch: 73 | Loss: 7.510172508773394e-06  | Negative Loss: 0.0
[Test ROC-AUC]  -  SA: 0.00000,  LA: 0.73386
[Test AUPRC]  -  LA: 0.80221
[Test F1-max]  -  LA: 0.78788
Epoch: 74 | Loss: 7.510172508773394e-06  | Negative Loss: 0.0
[Test ROC-AUC]  -  SA: 0.00000,  LA: 0.73386
[Test AUPRC]  -  LA: 0.80221
[Test F1-max]  -  LA: 0.78788
Epoch: 75 | Loss: 7.390963219222613e-06  | Negative Loss: 0.0
[Test ROC-AUC]  -  SA: 0.00000,  LA: 0.73386
[Test AUPRC]  -  LA: 0.80221
[Test F1-max]  -  LA: 0.78788
Epoch: 76 | Loss: 7.390963219222613e-06  | Negative Loss: 0.0
[Test ROC-AUC]  -  SA: 0.00000,  LA: 0.73386
[Test AUPRC]  -  LA: 0.80221
[Test F1-max]  -  LA: 0.78788
Epoch: 77 | Loss: 7.152545549615752e-06  | Negative Loss: 0.0
[Test ROC-AUC]  -  SA: 0.00000,  LA: 0.73386
[Test AUPRC]  -  LA: 0.80221
[Test F1-max]  -  LA: 0.78788
Epoch: 78 | Loss: 7.152545549615752e-06  | Negative Loss: 0.0
[Test ROC-AUC]  -  SA: 0.00000,  LA: 0.73386
[Test AUPRC]  -  LA: 0.80221
[Test F1-max]  -  LA: 0.78788
Epoch: 79 | Loss: 7.0333371695596725e-06  | Negative Loss: 0.0
[Test ROC-AUC]  -  SA: 0.00000,  LA: 0.73386
[Test AUPRC]  -  LA: 0.80221
[Test F1-max]  -  LA: 0.78788
Epoch: 80 | Loss: 7.0333371695596725e-06  | Negative Loss: 0.0
[Test ROC-AUC]  -  SA: 0.00000,  LA: 0.73386
[Test AUPRC]  -  LA: 0.80221
[Test F1-max]  -  LA: 0.78788
Epoch: 81 | Loss: 6.914127880008891e-06  | Negative Loss: 0.0
[Test ROC-AUC]  -  SA: 0.00000,  LA: 0.73298
[Test AUPRC]  -  LA: 0.80168
[Test F1-max]  -  LA: 0.78788
Epoch: 82 | Loss: 6.794919499952812e-06  | Negative Loss: 0.0
[Test ROC-AUC]  -  SA: 0.00000,  LA: 0.73298
[Test AUPRC]  -  LA: 0.80168
[Test F1-max]  -  LA: 0.78788
Epoch: 83 | Loss: 6.794919499952812e-06  | Negative Loss: 0.0
[Test ROC-AUC]  -  SA: 0.00000,  LA: 0.73298
[Test AUPRC]  -  LA: 0.80168
[Test F1-max]  -  LA: 0.78788
Epoch: 84 | Loss: 6.794919499952812e-06  | Negative Loss: 0.0
[Test ROC-AUC]  -  SA: 0.00000,  LA: 0.73298
[Test AUPRC]  -  LA: 0.80168
[Test F1-max]  -  LA: 0.78788
Epoch: 85 | Loss: 6.6757102104020305e-06  | Negative Loss: 0.0
[Test ROC-AUC]  -  SA: 0.00000,  LA: 0.73298
[Test AUPRC]  -  LA: 0.80168
[Test F1-max]  -  LA: 0.78788
Epoch: 86 | Loss: 6.6757102104020305e-06  | Negative Loss: 0.0
[Test ROC-AUC]  -  SA: 0.00000,  LA: 0.73386
[Test AUPRC]  -  LA: 0.80264
[Test F1-max]  -  LA: 0.78788
Epoch: 87 | Loss: 6.556500920851249e-06  | Negative Loss: 0.0
[Test ROC-AUC]  -  SA: 0.00000,  LA: 0.73386
[Test AUPRC]  -  LA: 0.80264
[Test F1-max]  -  LA: 0.78788
Epoch: 88 | Loss: 6.437292086047819e-06  | Negative Loss: 0.0
[Test ROC-AUC]  -  SA: 0.00000,  LA: 0.73386
[Test AUPRC]  -  LA: 0.80264
[Test F1-max]  -  LA: 0.78788
Epoch: 89 | Loss: 6.3180832512443885e-06  | Negative Loss: 0.0
[Test ROC-AUC]  -  SA: 0.00000,  LA: 0.73386
[Test AUPRC]  -  LA: 0.80264
[Test F1-max]  -  LA: 0.78788
Epoch: 90 | Loss: 6.3180832512443885e-06  | Negative Loss: 0.0
[Test ROC-AUC]  -  SA: 0.00000,  LA: 0.73386
[Test AUPRC]  -  LA: 0.80264
[Test F1-max]  -  LA: 0.78788
Epoch: 91 | Loss: 6.3180832512443885e-06  | Negative Loss: 0.0
[Test ROC-AUC]  -  SA: 0.00000,  LA: 0.73386
[Test AUPRC]  -  LA: 0.80264
[Test F1-max]  -  LA: 0.78788
Epoch: 92 | Loss: 6.198874416440958e-06  | Negative Loss: 0.0
[Test ROC-AUC]  -  SA: 0.00000,  LA: 0.73475
[Test AUPRC]  -  LA: 0.80331
[Test F1-max]  -  LA: 0.78788
Epoch: 93 | Loss: 6.198874416440958e-06  | Negative Loss: 0.0
[Test ROC-AUC]  -  SA: 0.00000,  LA: 0.73475
[Test AUPRC]  -  LA: 0.80331
[Test F1-max]  -  LA: 0.78788
Epoch: 94 | Loss: 6.198874416440958e-06  | Negative Loss: 0.0
[Test ROC-AUC]  -  SA: 0.00000,  LA: 0.73431
[Test AUPRC]  -  LA: 0.80318
[Test F1-max]  -  LA: 0.78351
Epoch: 95 | Loss: 6.198874416440958e-06  | Negative Loss: 0.0
[Test ROC-AUC]  -  SA: 0.00000,  LA: 0.73475
[Test AUPRC]  -  LA: 0.80331
[Test F1-max]  -  LA: 0.78788
Epoch: 96 | Loss: 6.079665581637528e-06  | Negative Loss: 0.0
[Test ROC-AUC]  -  SA: 0.00000,  LA: 0.73475
[Test AUPRC]  -  LA: 0.80331
[Test F1-max]  -  LA: 0.78788
Epoch: 97 | Loss: 5.9604562920867465e-06  | Negative Loss: 0.0
[Test ROC-AUC]  -  SA: 0.00000,  LA: 0.73475
[Test AUPRC]  -  LA: 0.80349
[Test F1-max]  -  LA: 0.78351
Epoch: 98 | Loss: 5.9604562920867465e-06  | Negative Loss: 0.0
[Test ROC-AUC]  -  SA: 0.00000,  LA: 0.73475
[Test AUPRC]  -  LA: 0.80349
[Test F1-max]  -  LA: 0.78351
Epoch: 99 | Loss: 5.9604562920867465e-06  | Negative Loss: 0.0
Time consumption: 94.18444848060608
Best LA AUC: 0.7365163572060124
Best LA AUPC: 0.8051567745899546
Best LA F1-max: 0.7916666666666666
[Result] Experiment result appended to ./results/train_hybrid_result.csv

[END] 2026-03-19 11:22:36
[RETURN CODE] 0
