[START] 2026-03-19 10:12:49
[GPU] 3
[TASK] 56/160
[NAME] blue_splicing_winclip
[REPEAT] 6/10
[COMMAND] python train_hybrid.py --data_name blue_splicing --mask True --text True --double_encoder True --few_shot True --shot 1 --hybrid_model winclip --hybrid_weight 0.3 --hybrid_batch_size 16 --epoch 100 --log True --lr 5e-4 --detection True --preprocess True

/home/seungeon/miniconda3/envs/LAB/lib/python3.10/site-packages/timm/models/layers/__init__.py:48: FutureWarning: Importing from timm.models.layers is deprecated, please import via timm.layers
  warnings.warn(f"Importing from {__name__} is deprecated, please import via timm.layers", FutureWarning)
/home/seungeon/Workspace/side/vlm/train_hybrid.py:18: DeprecationWarning: The distutils package is deprecated and slated for removal in Python 3.12. Use setuptools or check PEP 632 for potential alternatives
  from distutils.util import strtobool
Torch version: 2.9.1+cu128
cuda is loaded for process
here?
In my local computer
Namespace(epoch=100, gpu_number='0', data_name='blue_splicing', lr=0.0005, batch_size=6, shuffle=True, seed=0, tag='default', model_name='ViT-B-32', pretrained_name='laion2b_s34b_b79k', lora=1, default=False, foundation='CLIP', detection=1, preprocess=1, num_rule=0, object_names=['a photo of orange connector', 'a photo of blue cable', 'a photo of yellow cable', 'a photo of red cable', 'a photo of metal panel'], objects_for_rules=[['a photo of orange connector'], ['a photo of orange connector'], ['a photo of blue cable'], ['a photo of blue cable'], ['a photo of orange connector'], ['a photo of orange connector', 'a photo of blue cable']], texts_for_rules=[['a photo of orange connector'], ['a photo of orange connector'], ['a photo of cable'], ['a photo of yellow cable'], ['a photo of blue cable'], ['a photo of orange connector and blue cable']], mask=1, text=1, score='mean', ciriculam_learning=False, few_shot=1, shot=1, log=1, neg_loss=0, double_encoder=1, pretrained_count_path=None, ris=0, rule_select='', rule_list=[], num_negative=5, hybrid_model='winclip', hybrid_weight=0.3, hybrid_class_name='', hybrid_batch_size=16, hybrid_backbone='ViT-B-16-plus-240', hybrid_pretrained_dataset='laion400m_e32', hybrid_scales=[2, 3], hybrid_img_resize=240, hybrid_img_cropsize=240, hybrid_resolution=400, hybrid_promptad_epoch=100, hybrid_promptad_lr=0.002, hybrid_promptad_momentum=0.9, hybrid_promptad_weight_decay=0.0005, hybrid_promptad_eta_min=1e-05, hybrid_promptad_lambda1=0.001, hybrid_promptad_n_ctx=4, hybrid_promptad_n_pro=3, hybrid_promptad_n_ctx_ab=1, hybrid_promptad_n_pro_ab=4, early_stop_k=10, result_log_path='./results/train_hybrid_result.csv')
[Hybrid] method=winclip, class_name=splicing_connectors, train=1, eval=70, base_path=/data3/seungeon/data/image/mvtec_loco_anomaly_detection/blue_splicing
grid 240 16 (15, 15)
[Hybrid-only] LA_AUC=0.65500, LA_AUPRC=0.69884, LA_F1=0.77895
[Data Description]
- Train: 1
- Test: 70

Train Start
[Test ROC-AUC]  -  SA: 0.00000,  LA: 0.67333
[Test AUPRC]  -  LA: 0.72466
[Test F1-max]  -  LA: 0.77228
Epoch: 0 | Loss: 17.688735961914062  | Negative Loss: 0.0
[Test ROC-AUC]  -  SA: 0.00000,  LA: 0.67583
[Test AUPRC]  -  LA: 0.72559
[Test F1-max]  -  LA: 0.77228
Epoch: 1 | Loss: 17.558570861816406  | Negative Loss: 0.0
[Test ROC-AUC]  -  SA: 0.00000,  LA: 0.69750
[Test AUPRC]  -  LA: 0.74905
[Test F1-max]  -  LA: 0.79121
Epoch: 2 | Loss: 16.055889129638672  | Negative Loss: 0.0
[Test ROC-AUC]  -  SA: 0.00000,  LA: 0.70333
[Test AUPRC]  -  LA: 0.76864
[Test F1-max]  -  LA: 0.77228
Epoch: 3 | Loss: 13.770650863647461  | Negative Loss: 0.0
[Test ROC-AUC]  -  SA: 0.00000,  LA: 0.68833
[Test AUPRC]  -  LA: 0.75954
[Test F1-max]  -  LA: 0.75728
Epoch: 4 | Loss: 11.20242691040039  | Negative Loss: 0.0
[Test ROC-AUC]  -  SA: 0.00000,  LA: 0.68750
[Test AUPRC]  -  LA: 0.77481
[Test F1-max]  -  LA: 0.75728
Epoch: 5 | Loss: 8.836050987243652  | Negative Loss: 0.0
[Test ROC-AUC]  -  SA: 0.00000,  LA: 0.68750
[Test AUPRC]  -  LA: 0.77314
[Test F1-max]  -  LA: 0.76190
Epoch: 6 | Loss: 6.886914253234863  | Negative Loss: 0.0
[Test ROC-AUC]  -  SA: 0.00000,  LA: 0.68750
[Test AUPRC]  -  LA: 0.77069
[Test F1-max]  -  LA: 0.76923
Epoch: 7 | Loss: 5.347795486450195  | Negative Loss: 0.0
[Test ROC-AUC]  -  SA: 0.00000,  LA: 0.67833
[Test AUPRC]  -  LA: 0.75960
[Test F1-max]  -  LA: 0.76923
Epoch: 8 | Loss: 4.10213565826416  | Negative Loss: 0.0
[Test ROC-AUC]  -  SA: 0.00000,  LA: 0.67167
[Test AUPRC]  -  LA: 0.74593
[Test F1-max]  -  LA: 0.76923
Epoch: 9 | Loss: 3.1317849159240723  | Negative Loss: 0.0
[Test ROC-AUC]  -  SA: 0.00000,  LA: 0.66417
[Test AUPRC]  -  LA: 0.73780
[Test F1-max]  -  LA: 0.76923
Epoch: 10 | Loss: 2.351466655731201  | Negative Loss: 0.0
[Test ROC-AUC]  -  SA: 0.00000,  LA: 0.66000
[Test AUPRC]  -  LA: 0.73555
[Test F1-max]  -  LA: 0.76923
Epoch: 11 | Loss: 1.7468652725219727  | Negative Loss: 0.0
[Test ROC-AUC]  -  SA: 0.00000,  LA: 0.65917
[Test AUPRC]  -  LA: 0.73497
[Test F1-max]  -  LA: 0.76923
Epoch: 12 | Loss: 1.2876123189926147  | Negative Loss: 0.0
[Test ROC-AUC]  -  SA: 0.00000,  LA: 0.65833
[Test AUPRC]  -  LA: 0.73466
[Test F1-max]  -  LA: 0.76923
Epoch: 13 | Loss: 0.9450650811195374  | Negative Loss: 0.0
[Test ROC-AUC]  -  SA: 0.00000,  LA: 0.66167
[Test AUPRC]  -  LA: 0.73587
[Test F1-max]  -  LA: 0.76923
Epoch: 14 | Loss: 0.6770182847976685  | Negative Loss: 0.0
[Test ROC-AUC]  -  SA: 0.00000,  LA: 0.66667
[Test AUPRC]  -  LA: 0.73921
[Test F1-max]  -  LA: 0.76923
Epoch: 15 | Loss: 0.4745866656303406  | Negative Loss: 0.0
[Test ROC-AUC]  -  SA: 0.00000,  LA: 0.66917
[Test AUPRC]  -  LA: 0.74108
[Test F1-max]  -  LA: 0.76923
Epoch: 16 | Loss: 0.3282341957092285  | Negative Loss: 0.0
[Test ROC-AUC]  -  SA: 0.00000,  LA: 0.67167
[Test AUPRC]  -  LA: 0.74784
[Test F1-max]  -  LA: 0.77670
Epoch: 17 | Loss: 0.22366338968276978  | Negative Loss: 0.0
[Test ROC-AUC]  -  SA: 0.00000,  LA: 0.67917
[Test AUPRC]  -  LA: 0.75274
[Test F1-max]  -  LA: 0.77670
Epoch: 18 | Loss: 0.15142934024333954  | Negative Loss: 0.0
[Test ROC-AUC]  -  SA: 0.00000,  LA: 0.68667
[Test AUPRC]  -  LA: 0.76382
[Test F1-max]  -  LA: 0.78431
Epoch: 19 | Loss: 0.10174526274204254  | Negative Loss: 0.0
[Test ROC-AUC]  -  SA: 0.00000,  LA: 0.69083
[Test AUPRC]  -  LA: 0.76619
[Test F1-max]  -  LA: 0.78431
Epoch: 20 | Loss: 0.06853432953357697  | Negative Loss: 0.0
[Test ROC-AUC]  -  SA: 0.00000,  LA: 0.69333
[Test AUPRC]  -  LA: 0.77031
[Test F1-max]  -  LA: 0.78431
Epoch: 21 | Loss: 0.04633628576993942  | Negative Loss: 0.0
[Test ROC-AUC]  -  SA: 0.00000,  LA: 0.70083
[Test AUPRC]  -  LA: 0.77788
[Test F1-max]  -  LA: 0.78431
Epoch: 22 | Loss: 0.03147290274500847  | Negative Loss: 0.0
[Test ROC-AUC]  -  SA: 0.00000,  LA: 0.70750
[Test AUPRC]  -  LA: 0.78243
[Test F1-max]  -  LA: 0.78431
Epoch: 23 | Loss: 0.021540727466344833  | Negative Loss: 0.0
[Test ROC-AUC]  -  SA: 0.00000,  LA: 0.70917
[Test AUPRC]  -  LA: 0.78968
[Test F1-max]  -  LA: 0.78431
Epoch: 24 | Loss: 0.014880066737532616  | Negative Loss: 0.0
[Test ROC-AUC]  -  SA: 0.00000,  LA: 0.70833
[Test AUPRC]  -  LA: 0.79096
[Test F1-max]  -  LA: 0.78431
Epoch: 25 | Loss: 0.01038470957428217  | Negative Loss: 0.0
[Test ROC-AUC]  -  SA: 0.00000,  LA: 0.70667
[Test AUPRC]  -  LA: 0.78738
[Test F1-max]  -  LA: 0.78431
Epoch: 26 | Loss: 0.007328736130148172  | Negative Loss: 0.0
[Test ROC-AUC]  -  SA: 0.00000,  LA: 0.70417
[Test AUPRC]  -  LA: 0.77590
[Test F1-max]  -  LA: 0.78431
Epoch: 27 | Loss: 0.005237807519733906  | Negative Loss: 0.0
[Test ROC-AUC]  -  SA: 0.00000,  LA: 0.70333
[Test AUPRC]  -  LA: 0.77512
[Test F1-max]  -  LA: 0.78431
Epoch: 28 | Loss: 0.003796396544203162  | Negative Loss: 0.0
[Test ROC-AUC]  -  SA: 0.00000,  LA: 0.70500
[Test AUPRC]  -  LA: 0.77143
[Test F1-max]  -  LA: 0.78431
Epoch: 29 | Loss: 0.002793257823213935  | Negative Loss: 0.0
[Test ROC-AUC]  -  SA: 0.00000,  LA: 0.70667
[Test AUPRC]  -  LA: 0.76756
[Test F1-max]  -  LA: 0.78431
Epoch: 30 | Loss: 0.002085553016513586  | Negative Loss: 0.0
[Test ROC-AUC]  -  SA: 0.00000,  LA: 0.70833
[Test AUPRC]  -  LA: 0.76579
[Test F1-max]  -  LA: 0.78431
Epoch: 31 | Loss: 0.0015793219208717346  | Negative Loss: 0.0
[Test ROC-AUC]  -  SA: 0.00000,  LA: 0.71417
[Test AUPRC]  -  LA: 0.76500
[Test F1-max]  -  LA: 0.78431
Epoch: 32 | Loss: 0.0012132185511291027  | Negative Loss: 0.0
[Test ROC-AUC]  -  SA: 0.00000,  LA: 0.71083
[Test AUPRC]  -  LA: 0.76340
[Test F1-max]  -  LA: 0.78431
Epoch: 33 | Loss: 0.0009461992303840816  | Negative Loss: 0.0
[Test ROC-AUC]  -  SA: 0.00000,  LA: 0.71000
[Test AUPRC]  -  LA: 0.76057
[Test F1-max]  -  LA: 0.78431
Epoch: 34 | Loss: 0.0007488637929782271  | Negative Loss: 0.0
[Test ROC-AUC]  -  SA: 0.00000,  LA: 0.70833
[Test AUPRC]  -  LA: 0.75925
[Test F1-max]  -  LA: 0.78431
Epoch: 35 | Loss: 0.000601208652369678  | Negative Loss: 0.0
[Test ROC-AUC]  -  SA: 0.00000,  LA: 0.71000
[Test AUPRC]  -  LA: 0.76324
[Test F1-max]  -  LA: 0.78431
Epoch: 36 | Loss: 0.0004891796270385385  | Negative Loss: 0.0
[Test ROC-AUC]  -  SA: 0.00000,  LA: 0.70833
[Test AUPRC]  -  LA: 0.76150
[Test F1-max]  -  LA: 0.78431
Epoch: 37 | Loss: 0.00040324724977836013  | Negative Loss: 0.0
[Test ROC-AUC]  -  SA: 0.00000,  LA: 0.70917
[Test AUPRC]  -  LA: 0.76128
[Test F1-max]  -  LA: 0.78431
Epoch: 38 | Loss: 0.0003366205783095211  | Negative Loss: 0.0
[Test ROC-AUC]  -  SA: 0.00000,  LA: 0.70583
[Test AUPRC]  -  LA: 0.75197
[Test F1-max]  -  LA: 0.78431
Epoch: 39 | Loss: 0.0002846527786459774  | Negative Loss: 0.0
[Test ROC-AUC]  -  SA: 0.00000,  LA: 0.70333
[Test AUPRC]  -  LA: 0.74999
[Test F1-max]  -  LA: 0.78431
Epoch: 40 | Loss: 0.0002431730245007202  | Negative Loss: 0.0
[Test ROC-AUC]  -  SA: 0.00000,  LA: 0.70167
[Test AUPRC]  -  LA: 0.74990
[Test F1-max]  -  LA: 0.78431
Epoch: 41 | Loss: 0.00021015551465097815  | Negative Loss: 0.0
[Test ROC-AUC]  -  SA: 0.00000,  LA: 0.70333
[Test AUPRC]  -  LA: 0.75176
[Test F1-max]  -  LA: 0.78431
Epoch: 42 | Loss: 0.00018357430235482752  | Negative Loss: 0.0
[Test ROC-AUC]  -  SA: 0.00000,  LA: 0.70250
[Test AUPRC]  -  LA: 0.75103
[Test F1-max]  -  LA: 0.78431
Epoch: 43 | Loss: 0.00016187995788641274  | Negative Loss: 0.0
[Test ROC-AUC]  -  SA: 0.00000,  LA: 0.70667
[Test AUPRC]  -  LA: 0.75419
[Test F1-max]  -  LA: 0.78431
Epoch: 44 | Loss: 0.00014411905431188643  | Negative Loss: 0.0
[Test ROC-AUC]  -  SA: 0.00000,  LA: 0.70583
[Test AUPRC]  -  LA: 0.75307
[Test F1-max]  -  LA: 0.78431
Epoch: 45 | Loss: 0.0001293380482820794  | Negative Loss: 0.0
[Test ROC-AUC]  -  SA: 0.00000,  LA: 0.70667
[Test AUPRC]  -  LA: 0.75321
[Test F1-max]  -  LA: 0.78788
Epoch: 46 | Loss: 0.00011717942106770352  | Negative Loss: 0.0
[Test ROC-AUC]  -  SA: 0.00000,  LA: 0.70583
[Test AUPRC]  -  LA: 0.75278
[Test F1-max]  -  LA: 0.78788
Epoch: 47 | Loss: 0.00010692796058719978  | Negative Loss: 0.0
[Test ROC-AUC]  -  SA: 0.00000,  LA: 0.70667
[Test AUPRC]  -  LA: 0.75290
[Test F1-max]  -  LA: 0.78788
Epoch: 48 | Loss: 9.81069024419412e-05  | Negative Loss: 0.0
[Test ROC-AUC]  -  SA: 0.00000,  LA: 0.70667
[Test AUPRC]  -  LA: 0.75368
[Test F1-max]  -  LA: 0.78788
Epoch: 49 | Loss: 9.083546319743618e-05  | Negative Loss: 0.0
[Test ROC-AUC]  -  SA: 0.00000,  LA: 0.70583
[Test AUPRC]  -  LA: 0.75299
[Test F1-max]  -  LA: 0.78788
Epoch: 50 | Loss: 8.463683479931206e-05  | Negative Loss: 0.0
[Test ROC-AUC]  -  SA: 0.00000,  LA: 0.70417
[Test AUPRC]  -  LA: 0.75172
[Test F1-max]  -  LA: 0.78788
Epoch: 51 | Loss: 7.903422374511138e-05  | Negative Loss: 0.0
[Test ROC-AUC]  -  SA: 0.00000,  LA: 0.70500
[Test AUPRC]  -  LA: 0.75200
[Test F1-max]  -  LA: 0.79592
Epoch: 52 | Loss: 7.426601951010525e-05  | Negative Loss: 0.0
[Test ROC-AUC]  -  SA: 0.00000,  LA: 0.70333
[Test AUPRC]  -  LA: 0.75130
[Test F1-max]  -  LA: 0.79592
Epoch: 53 | Loss: 7.021304190857336e-05  | Negative Loss: 0.0
[Test ROC-AUC]  -  SA: 0.00000,  LA: 0.70333
[Test AUPRC]  -  LA: 0.75206
[Test F1-max]  -  LA: 0.79592
Epoch: 54 | Loss: 6.663687963737175e-05  | Negative Loss: 0.0
[Test ROC-AUC]  -  SA: 0.00000,  LA: 0.70250
[Test AUPRC]  -  LA: 0.75109
[Test F1-max]  -  LA: 0.79592
Epoch: 55 | Loss: 6.353753997245803e-05  | Negative Loss: 0.0
[Test ROC-AUC]  -  SA: 0.00000,  LA: 0.70167
[Test AUPRC]  -  LA: 0.75045
[Test F1-max]  -  LA: 0.79592
Epoch: 56 | Loss: 6.067659705877304e-05  | Negative Loss: 0.0
[Test ROC-AUC]  -  SA: 0.00000,  LA: 0.69917
[Test AUPRC]  -  LA: 0.73775
[Test F1-max]  -  LA: 0.79592
Epoch: 57 | Loss: 5.841169331688434e-05  | Negative Loss: 0.0
[Test ROC-AUC]  -  SA: 0.00000,  LA: 0.69833
[Test AUPRC]  -  LA: 0.73732
[Test F1-max]  -  LA: 0.79592
Epoch: 58 | Loss: 5.626598431263119e-05  | Negative Loss: 0.0
[Test ROC-AUC]  -  SA: 0.00000,  LA: 0.69833
[Test AUPRC]  -  LA: 0.73732
[Test F1-max]  -  LA: 0.79592
Epoch: 59 | Loss: 5.435868661152199e-05  | Negative Loss: 0.0
[Test ROC-AUC]  -  SA: 0.00000,  LA: 0.69833
[Test AUPRC]  -  LA: 0.73732
[Test F1-max]  -  LA: 0.79592
Epoch: 60 | Loss: 5.245138527243398e-05  | Negative Loss: 0.0
[Test ROC-AUC]  -  SA: 0.00000,  LA: 0.69750
[Test AUPRC]  -  LA: 0.73600
[Test F1-max]  -  LA: 0.79592
Epoch: 61 | Loss: 5.102091017761268e-05  | Negative Loss: 0.0
[Test ROC-AUC]  -  SA: 0.00000,  LA: 0.69750
[Test AUPRC]  -  LA: 0.73600
[Test F1-max]  -  LA: 0.79592
Epoch: 62 | Loss: 4.959043872077018e-05  | Negative Loss: 0.0
[Test ROC-AUC]  -  SA: 0.00000,  LA: 0.69667
[Test AUPRC]  -  LA: 0.73530
[Test F1-max]  -  LA: 0.79592
Epoch: 63 | Loss: 4.8279162001563236e-05  | Negative Loss: 0.0
[Test ROC-AUC]  -  SA: 0.00000,  LA: 0.69583
[Test AUPRC]  -  LA: 0.73481
[Test F1-max]  -  LA: 0.79592
Epoch: 64 | Loss: 4.720630022347905e-05  | Negative Loss: 0.0
[Test ROC-AUC]  -  SA: 0.00000,  LA: 0.69583
[Test AUPRC]  -  LA: 0.73481
[Test F1-max]  -  LA: 0.79592
Epoch: 65 | Loss: 4.613344572135247e-05  | Negative Loss: 0.0
[Test ROC-AUC]  -  SA: 0.00000,  LA: 0.69750
[Test AUPRC]  -  LA: 0.73546
[Test F1-max]  -  LA: 0.79592
Epoch: 66 | Loss: 4.529899888439104e-05  | Negative Loss: 0.0
[Test ROC-AUC]  -  SA: 0.00000,  LA: 0.69750
[Test AUPRC]  -  LA: 0.73546
[Test F1-max]  -  LA: 0.79592
Epoch: 67 | Loss: 4.434534639585763e-05  | Negative Loss: 0.0
[Test ROC-AUC]  -  SA: 0.00000,  LA: 0.69750
[Test AUPRC]  -  LA: 0.73546
[Test F1-max]  -  LA: 0.79592
Epoch: 68 | Loss: 4.363010521046817e-05  | Negative Loss: 0.0
[Test ROC-AUC]  -  SA: 0.00000,  LA: 0.69833
[Test AUPRC]  -  LA: 0.73598
[Test F1-max]  -  LA: 0.79592
Epoch: 69 | Loss: 4.279565473552793e-05  | Negative Loss: 0.0
[Test ROC-AUC]  -  SA: 0.00000,  LA: 0.69833
[Test AUPRC]  -  LA: 0.73598
[Test F1-max]  -  LA: 0.79592
Epoch: 70 | Loss: 4.219961920171045e-05  | Negative Loss: 0.0
[Test ROC-AUC]  -  SA: 0.00000,  LA: 0.69833
[Test AUPRC]  -  LA: 0.73598
[Test F1-max]  -  LA: 0.79592
Epoch: 71 | Loss: 4.148437801632099e-05  | Negative Loss: 0.0
[Test ROC-AUC]  -  SA: 0.00000,  LA: 0.69833
[Test AUPRC]  -  LA: 0.73598
[Test F1-max]  -  LA: 0.79592
Epoch: 72 | Loss: 4.1007551772054285e-05  | Negative Loss: 0.0
[Test ROC-AUC]  -  SA: 0.00000,  LA: 0.69917
[Test AUPRC]  -  LA: 0.73731
[Test F1-max]  -  LA: 0.79592
Epoch: 73 | Loss: 4.041151987621561e-05  | Negative Loss: 0.0
[Test ROC-AUC]  -  SA: 0.00000,  LA: 0.69917
[Test AUPRC]  -  LA: 0.73731
[Test F1-max]  -  LA: 0.79592
Epoch: 74 | Loss: 3.981548434239812e-05  | Negative Loss: 0.0
[Test ROC-AUC]  -  SA: 0.00000,  LA: 0.69917
[Test AUPRC]  -  LA: 0.73731
[Test F1-max]  -  LA: 0.79592
Epoch: 75 | Loss: 3.933865446015261e-05  | Negative Loss: 0.0
[Test ROC-AUC]  -  SA: 0.00000,  LA: 0.69917
[Test AUPRC]  -  LA: 0.73731
[Test F1-max]  -  LA: 0.79592
Epoch: 76 | Loss: 3.910024315700866e-05  | Negative Loss: 0.0
[Test ROC-AUC]  -  SA: 0.00000,  LA: 0.69917
[Test AUPRC]  -  LA: 0.73731
[Test F1-max]  -  LA: 0.79592
Epoch: 77 | Loss: 3.862341327476315e-05  | Negative Loss: 0.0
[Test ROC-AUC]  -  SA: 0.00000,  LA: 0.69917
[Test AUPRC]  -  LA: 0.73731
[Test F1-max]  -  LA: 0.79592
Epoch: 78 | Loss: 3.802737410296686e-05  | Negative Loss: 0.0
[Test ROC-AUC]  -  SA: 0.00000,  LA: 0.69917
[Test AUPRC]  -  LA: 0.73731
[Test F1-max]  -  LA: 0.79592
Epoch: 79 | Loss: 3.778896279982291e-05  | Negative Loss: 0.0
[Test ROC-AUC]  -  SA: 0.00000,  LA: 0.69917
[Test AUPRC]  -  LA: 0.73753
[Test F1-max]  -  LA: 0.79592
Epoch: 80 | Loss: 3.743134584510699e-05  | Negative Loss: 0.0
[Test ROC-AUC]  -  SA: 0.00000,  LA: 0.70083
[Test AUPRC]  -  LA: 0.73925
[Test F1-max]  -  LA: 0.79592
Epoch: 81 | Loss: 3.7073717976454645e-05  | Negative Loss: 0.0
[Test ROC-AUC]  -  SA: 0.00000,  LA: 0.70083
[Test AUPRC]  -  LA: 0.73925
[Test F1-max]  -  LA: 0.79592
Epoch: 82 | Loss: 3.659689173218794e-05  | Negative Loss: 0.0
[Test ROC-AUC]  -  SA: 0.00000,  LA: 0.70083
[Test AUPRC]  -  LA: 0.73925
[Test F1-max]  -  LA: 0.79592
Epoch: 83 | Loss: 3.623927113949321e-05  | Negative Loss: 0.0
[Test ROC-AUC]  -  SA: 0.00000,  LA: 0.70083
[Test AUPRC]  -  LA: 0.73925
[Test F1-max]  -  LA: 0.79592
Epoch: 84 | Loss: 3.6000859836349264e-05  | Negative Loss: 0.0
[Test ROC-AUC]  -  SA: 0.00000,  LA: 0.70083
[Test AUPRC]  -  LA: 0.73925
[Test F1-max]  -  LA: 0.79592
Epoch: 85 | Loss: 3.564323560567573e-05  | Negative Loss: 0.0
[Test ROC-AUC]  -  SA: 0.00000,  LA: 0.70083
[Test AUPRC]  -  LA: 0.73925
[Test F1-max]  -  LA: 0.79592
Epoch: 86 | Loss: 3.528561137500219e-05  | Negative Loss: 0.0
[Test ROC-AUC]  -  SA: 0.00000,  LA: 0.70083
[Test AUPRC]  -  LA: 0.73925
[Test F1-max]  -  LA: 0.79592
Epoch: 87 | Loss: 3.5047196433879435e-05  | Negative Loss: 0.0
[Test ROC-AUC]  -  SA: 0.00000,  LA: 0.70000
[Test AUPRC]  -  LA: 0.73879
[Test F1-max]  -  LA: 0.79592
Epoch: 88 | Loss: 3.4689575841184705e-05  | Negative Loss: 0.0
[Test ROC-AUC]  -  SA: 0.00000,  LA: 0.70000
[Test AUPRC]  -  LA: 0.73879
[Test F1-max]  -  LA: 0.79592
Epoch: 89 | Loss: 3.445116090006195e-05  | Negative Loss: 0.0
[Test ROC-AUC]  -  SA: 0.00000,  LA: 0.70000
[Test AUPRC]  -  LA: 0.73879
[Test F1-max]  -  LA: 0.79592
Epoch: 90 | Loss: 3.409354030736722e-05  | Negative Loss: 0.0
[Test ROC-AUC]  -  SA: 0.00000,  LA: 0.70000
[Test AUPRC]  -  LA: 0.73879
[Test F1-max]  -  LA: 0.79592
Epoch: 91 | Loss: 3.3974334655795246e-05  | Negative Loss: 0.0
[Test ROC-AUC]  -  SA: 0.00000,  LA: 0.70000
[Test AUPRC]  -  LA: 0.73879
[Test F1-max]  -  LA: 0.79592
Epoch: 92 | Loss: 3.373591971467249e-05  | Negative Loss: 0.0
[Test ROC-AUC]  -  SA: 0.00000,  LA: 0.70000
[Test AUPRC]  -  LA: 0.73879
[Test F1-max]  -  LA: 0.79592
Epoch: 93 | Loss: 3.325908619444817e-05  | Negative Loss: 0.0
[Test ROC-AUC]  -  SA: 0.00000,  LA: 0.70000
[Test AUPRC]  -  LA: 0.73879
[Test F1-max]  -  LA: 0.79592
Epoch: 94 | Loss: 3.31398805428762e-05  | Negative Loss: 0.0
[Test ROC-AUC]  -  SA: 0.00000,  LA: 0.70000
[Test AUPRC]  -  LA: 0.73879
[Test F1-max]  -  LA: 0.79592
Epoch: 95 | Loss: 3.278225995018147e-05  | Negative Loss: 0.0
[Test ROC-AUC]  -  SA: 0.00000,  LA: 0.69917
[Test AUPRC]  -  LA: 0.73832
[Test F1-max]  -  LA: 0.79592
Epoch: 96 | Loss: 3.2663054298609495e-05  | Negative Loss: 0.0
[Test ROC-AUC]  -  SA: 0.00000,  LA: 0.69917
[Test AUPRC]  -  LA: 0.73832
[Test F1-max]  -  LA: 0.79592
Epoch: 97 | Loss: 3.2543845009058714e-05  | Negative Loss: 0.0
[Test ROC-AUC]  -  SA: 0.00000,  LA: 0.69917
[Test AUPRC]  -  LA: 0.73832
[Test F1-max]  -  LA: 0.79592
Epoch: 98 | Loss: 3.20670151268132e-05  | Negative Loss: 0.0
[Test ROC-AUC]  -  SA: 0.00000,  LA: 0.69833
[Test AUPRC]  -  LA: 0.73801
[Test F1-max]  -  LA: 0.79592
Epoch: 99 | Loss: 3.182860018569045e-05  | Negative Loss: 0.0
Time consumption: 96.09825921058655
Best LA AUC: 0.7141666666666666
Best LA AUPC: 0.7909559950093836
Best LA F1-max: 0.7959183673469388
[Result] Experiment result appended to ./results/train_hybrid_result.csv

[END] 2026-03-19 10:16:20
[RETURN CODE] 0
