[START] 2026-03-18 13:39:19
[GPU] 1
[INDEX] 1/2
[COMMAND] python train_hybrid.py --data_name screw_bag --mask True --text True --double_encoder True --few_shot True --shot 5 --hybrid_model winclip --hybrid_weight 0.3 --hybrid_batch_size 16 --epoch 100 --log True --lr 5e-4 --detection True --preprocess True

/home/seungeon/miniconda3/envs/LAB/lib/python3.10/site-packages/timm/models/layers/__init__.py:48: FutureWarning: Importing from timm.models.layers is deprecated, please import via timm.layers
  warnings.warn(f"Importing from {__name__} is deprecated, please import via timm.layers", FutureWarning)
/home/seungeon/Workspace/side/vlm/train_hybrid.py:18: DeprecationWarning: The distutils package is deprecated and slated for removal in Python 3.12. Use setuptools or check PEP 632 for potential alternatives
  from distutils.util import strtobool
Torch version: 2.9.1+cu128
cuda is loaded for process
here?
In my local computer
Namespace(epoch=100, gpu_number='0', data_name='screw_bag', lr=0.0005, batch_size=6, shuffle=True, seed=0, tag='default', model_name='ViT-B-32', pretrained_name='laion2b_s34b_b79k', lora=1, default=False, foundation='CLIP', detection=1, preprocess=1, num_rule=0, object_names=['long_bolt', 'short_bolt', 'hexagonal nut', 'round washer', 'plastic bag', 'background'], objects_for_rules=[['long_bolt', 'short_bolt'], ['short_bolt'], ['long_bolt'], ['hexagonal nut'], ['round washer']], texts_for_rules=[['two bolts'], ['short bolt'], ['long bolt'], ['hexagonal nut'], ['round washer']], mask=1, text=1, score='mean', ciriculam_learning=False, few_shot=1, shot=5, log=1, neg_loss=0, double_encoder=1, pretrained_count_path=None, ris=0, rule_select='', rule_list=[], num_negative=5, hybrid_model='winclip', hybrid_weight=0.3, hybrid_class_name='', hybrid_batch_size=16, hybrid_backbone='ViT-B-16-plus-240', hybrid_pretrained_dataset='laion400m_e32', hybrid_scales=[2, 3], hybrid_img_resize=240, hybrid_img_cropsize=240, hybrid_resolution=400, hybrid_promptad_epoch=100, hybrid_promptad_lr=0.002, hybrid_promptad_momentum=0.9, hybrid_promptad_weight_decay=0.0005, hybrid_promptad_eta_min=1e-05, hybrid_promptad_lambda1=0.001, hybrid_promptad_n_ctx=4, hybrid_promptad_n_pro=3, hybrid_promptad_n_ctx_ab=1, hybrid_promptad_n_pro_ab=4, early_stop_k=10, result_log_path='./results/train_hybrid_result.csv')
[Hybrid] method=winclip, class_name=screw_bag, train=5, eval=259, base_path=/data3/seungeon/data/image/mvtec_loco_anomaly_detection/screw_bag
grid 240 16 (15, 15)
[Hybrid-only] LA_AUC=0.57180, LA_AUPRC=0.54143, LA_F1=0.64362
[Data Description]
- Train: 5
- Test: 259

Train Start
[Test ROC-AUC]  -  SA: 0.00000,  LA: 0.53027
[Test AUPRC]  -  LA: 0.48738
[Test F1-max]  -  LA: 0.64533
Epoch: 0 | Loss: 10.487058639526367  | Negative Loss: 0.0
[Test ROC-AUC]  -  SA: 0.00000,  LA: 0.53165
[Test AUPRC]  -  LA: 0.48807
[Test F1-max]  -  LA: 0.64533
Epoch: 1 | Loss: 10.361917495727539  | Negative Loss: 0.0
[Test ROC-AUC]  -  SA: 0.00000,  LA: 0.53321
[Test AUPRC]  -  LA: 0.48838
[Test F1-max]  -  LA: 0.64706
Epoch: 2 | Loss: 9.036699295043945  | Negative Loss: 0.0
[Test ROC-AUC]  -  SA: 0.00000,  LA: 0.53985
[Test AUPRC]  -  LA: 0.49462
[Test F1-max]  -  LA: 0.64894
Epoch: 3 | Loss: 6.784195899963379  | Negative Loss: 0.0
[Test ROC-AUC]  -  SA: 0.00000,  LA: 0.55857
[Test AUPRC]  -  LA: 0.51749
[Test F1-max]  -  LA: 0.64706
Epoch: 4 | Loss: 4.1266679763793945  | Negative Loss: 0.0
[Test ROC-AUC]  -  SA: 0.00000,  LA: 0.58825
[Test AUPRC]  -  LA: 0.56419
[Test F1-max]  -  LA: 0.64516
Epoch: 5 | Loss: 1.9254217147827148  | Negative Loss: 0.0
[Test ROC-AUC]  -  SA: 0.00000,  LA: 0.61326
[Test AUPRC]  -  LA: 0.60352
[Test F1-max]  -  LA: 0.64624
Epoch: 6 | Loss: 0.7354373335838318  | Negative Loss: 0.0
[Test ROC-AUC]  -  SA: 0.00000,  LA: 0.63061
[Test AUPRC]  -  LA: 0.63416
[Test F1-max]  -  LA: 0.64607
Epoch: 7 | Loss: 0.2692686915397644  | Negative Loss: 0.0
[Test ROC-AUC]  -  SA: 0.00000,  LA: 0.64748
[Test AUPRC]  -  LA: 0.65096
[Test F1-max]  -  LA: 0.64533
Epoch: 8 | Loss: 0.10429348051548004  | Negative Loss: 0.0
[Test ROC-AUC]  -  SA: 0.00000,  LA: 0.65646
[Test AUPRC]  -  LA: 0.65976
[Test F1-max]  -  LA: 0.64865
Epoch: 9 | Loss: 0.04317605122923851  | Negative Loss: 0.0
[Test ROC-AUC]  -  SA: 0.00000,  LA: 0.65041
[Test AUPRC]  -  LA: 0.65368
[Test F1-max]  -  LA: 0.64667
Epoch: 10 | Loss: 0.018745826557278633  | Negative Loss: 0.0
[Test ROC-AUC]  -  SA: 0.00000,  LA: 0.64587
[Test AUPRC]  -  LA: 0.64919
[Test F1-max]  -  LA: 0.64557
Epoch: 11 | Loss: 0.008502783253788948  | Negative Loss: 0.0
[Test ROC-AUC]  -  SA: 0.00000,  LA: 0.63797
[Test AUPRC]  -  LA: 0.63946
[Test F1-max]  -  LA: 0.64042
Epoch: 12 | Loss: 0.004020864609628916  | Negative Loss: 0.0
[Test ROC-AUC]  -  SA: 0.00000,  LA: 0.62678
[Test AUPRC]  -  LA: 0.63009
[Test F1-max]  -  LA: 0.64042
Epoch: 13 | Loss: 0.001965238945558667  | Negative Loss: 0.0
[Test ROC-AUC]  -  SA: 0.00000,  LA: 0.61912
[Test AUPRC]  -  LA: 0.61798
[Test F1-max]  -  LA: 0.64042
Epoch: 14 | Loss: 0.0009941390017047524  | Negative Loss: 0.0
[Test ROC-AUC]  -  SA: 0.00000,  LA: 0.61290
[Test AUPRC]  -  LA: 0.61062
[Test F1-max]  -  LA: 0.64211
Epoch: 15 | Loss: 0.0005191175732761621  | Negative Loss: 0.0
[Test ROC-AUC]  -  SA: 0.00000,  LA: 0.60650
[Test AUPRC]  -  LA: 0.60303
[Test F1-max]  -  LA: 0.64211
Epoch: 16 | Loss: 0.0002789858262985945  | Negative Loss: 0.0
[Test ROC-AUC]  -  SA: 0.00000,  LA: 0.60051
[Test AUPRC]  -  LA: 0.59599
[Test F1-max]  -  LA: 0.64211
Epoch: 17 | Loss: 0.0001544677361380309  | Negative Loss: 0.0
[Test ROC-AUC]  -  SA: 0.00000,  LA: 0.59698
[Test AUPRC]  -  LA: 0.59077
[Test F1-max]  -  LA: 0.64211
Epoch: 18 | Loss: 8.82613385329023e-05  | Negative Loss: 0.0
[Test ROC-AUC]  -  SA: 0.00000,  LA: 0.59351
[Test AUPRC]  -  LA: 0.58429
[Test F1-max]  -  LA: 0.64211
[Early Stopping] LA AUROC dropped for 10 consecutive epochs. Stop at epoch 20/100.
Time consumption: 35.30496168136597
Best LA AUC: 0.656455665908819
Best LA AUPC: 0.6597562003404153
Best LA F1-max: 0.648936170212766
[Result] Experiment result appended to ./results/train_hybrid_result.csv

[END] 2026-03-18 13:44:22
[RETURN CODE] 0
