[START] 2026-03-18 14:47:37
[GPU] 2
[INDEX] 11/40
[COMMAND] python train_hybrid.py --data_name banana_juice --mask True --text True --double_encoder True --few_shot True --shot 5 --hybrid_model winclip --hybrid_weight 0.3 --hybrid_batch_size 16 --epoch 100 --log True --lr 5e-4 --detection True --preprocess True

/home/seungeon/miniconda3/envs/LAB/lib/python3.10/site-packages/timm/models/layers/__init__.py:48: FutureWarning: Importing from timm.models.layers is deprecated, please import via timm.layers
  warnings.warn(f"Importing from {__name__} is deprecated, please import via timm.layers", FutureWarning)
/home/seungeon/Workspace/side/vlm/train_hybrid.py:18: DeprecationWarning: The distutils package is deprecated and slated for removal in Python 3.12. Use setuptools or check PEP 632 for potential alternatives
  from distutils.util import strtobool
Torch version: 2.9.1+cu128
cuda is loaded for process
here?
In my local computer
Namespace(epoch=100, gpu_number='0', data_name='banana_juice', lr=0.0005, batch_size=6, shuffle=True, seed=0, tag='default', model_name='ViT-B-32', pretrained_name='laion2b_s34b_b79k', lora=1, default=False, foundation='CLIP', detection=1, preprocess=1, num_rule=0, object_names=['a banana picture label', 'a 100% text label', 'a bottle cap', 'a black background'], objects_for_rules=[['a banana picture label'], ['a banana picture label', 'a 100% text label'], ['a banana picture label'], ['a 100% text label'], ['a banana picture label', 'a 100% text label']], texts_for_rules=[['a photo of banana picture label'], ['a photo of banana picture label and 100% text label'], ['a photo of banana picture label'], ['a photo of 100% text label'], ['a photo of banana picture label and 100% text label']], mask=1, text=1, score='mean', ciriculam_learning=False, few_shot=1, shot=5, log=1, neg_loss=0, double_encoder=1, pretrained_count_path=None, ris=0, rule_select='', rule_list=[], num_negative=5, hybrid_model='winclip', hybrid_weight=0.3, hybrid_class_name='', hybrid_batch_size=16, hybrid_backbone='ViT-B-16-plus-240', hybrid_pretrained_dataset='laion400m_e32', hybrid_scales=[2, 3], hybrid_img_resize=240, hybrid_img_cropsize=240, hybrid_resolution=400, hybrid_promptad_epoch=100, hybrid_promptad_lr=0.002, hybrid_promptad_momentum=0.9, hybrid_promptad_weight_decay=0.0005, hybrid_promptad_eta_min=1e-05, hybrid_promptad_lambda1=0.001, hybrid_promptad_n_ctx=4, hybrid_promptad_n_pro=3, hybrid_promptad_n_ctx_ab=1, hybrid_promptad_n_pro_ab=4, early_stop_k=10, result_log_path='./results/train_hybrid_result.csv')
[Hybrid] method=winclip, class_name=juice_bottle, train=5, eval=85, base_path=/data3/seungeon/data/image/mvtec_loco_anomaly_detection/banana_juice
grid 240 16 (15, 15)
[Hybrid-only] LA_AUC=0.68065, LA_AUPRC=0.47586, LA_F1=0.67347
[Data Description]
- Train: 5
- Test: 85

Train Start
[Test ROC-AUC]  -  SA: 0.00000,  LA: 0.68823
[Test AUPRC]  -  LA: 0.50048
[Test F1-max]  -  LA: 0.68085
Epoch: 0 | Loss: 7.063637733459473  | Negative Loss: 0.0
[Test ROC-AUC]  -  SA: 0.00000,  LA: 0.68706
[Test AUPRC]  -  LA: 0.49907
[Test F1-max]  -  LA: 0.68817
Epoch: 1 | Loss: 6.980152130126953  | Negative Loss: 0.0
[Test ROC-AUC]  -  SA: 0.00000,  LA: 0.74942
[Test AUPRC]  -  LA: 0.60008
[Test F1-max]  -  LA: 0.70330
Epoch: 2 | Loss: 5.984470367431641  | Negative Loss: 0.0
[Test ROC-AUC]  -  SA: 0.00000,  LA: 0.82110
[Test AUPRC]  -  LA: 0.71433
[Test F1-max]  -  LA: 0.73333
Epoch: 3 | Loss: 4.452043056488037  | Negative Loss: 0.0
[Test ROC-AUC]  -  SA: 0.00000,  LA: 0.85082
[Test AUPRC]  -  LA: 0.77455
[Test F1-max]  -  LA: 0.77108
Epoch: 4 | Loss: 2.827518939971924  | Negative Loss: 0.0
[Test ROC-AUC]  -  SA: 0.00000,  LA: 0.86772
[Test AUPRC]  -  LA: 0.80660
[Test F1-max]  -  LA: 0.79518
Epoch: 5 | Loss: 1.6046454906463623  | Negative Loss: 0.0
[Test ROC-AUC]  -  SA: 0.00000,  LA: 0.87587
[Test AUPRC]  -  LA: 0.81603
[Test F1-max]  -  LA: 0.78049
Epoch: 6 | Loss: 0.8904564380645752  | Negative Loss: 0.0
[Test ROC-AUC]  -  SA: 0.00000,  LA: 0.89277
[Test AUPRC]  -  LA: 0.84158
[Test F1-max]  -  LA: 0.80519
Epoch: 7 | Loss: 0.4800816774368286  | Negative Loss: 0.0
[Test ROC-AUC]  -  SA: 0.00000,  LA: 0.90326
[Test AUPRC]  -  LA: 0.86080
[Test F1-max]  -  LA: 0.81013
Epoch: 8 | Loss: 0.24568209052085876  | Negative Loss: 0.0
[Test ROC-AUC]  -  SA: 0.00000,  LA: 0.90909
[Test AUPRC]  -  LA: 0.86665
[Test F1-max]  -  LA: 0.81013
Epoch: 9 | Loss: 0.12215222418308258  | Negative Loss: 0.0
[Test ROC-AUC]  -  SA: 0.00000,  LA: 0.90851
[Test AUPRC]  -  LA: 0.86316
[Test F1-max]  -  LA: 0.80000
Epoch: 10 | Loss: 0.061074305325746536  | Negative Loss: 0.0
[Test ROC-AUC]  -  SA: 0.00000,  LA: 0.90385
[Test AUPRC]  -  LA: 0.85291
[Test F1-max]  -  LA: 0.80000
Epoch: 11 | Loss: 0.0315239354968071  | Negative Loss: 0.0
[Test ROC-AUC]  -  SA: 0.00000,  LA: 0.89744
[Test AUPRC]  -  LA: 0.84569
[Test F1-max]  -  LA: 0.79452
Epoch: 12 | Loss: 0.017015207558870316  | Negative Loss: 0.0
[Test ROC-AUC]  -  SA: 0.00000,  LA: 0.89219
[Test AUPRC]  -  LA: 0.83714
[Test F1-max]  -  LA: 0.79452
Epoch: 13 | Loss: 0.009590002708137035  | Negative Loss: 0.0
[Test ROC-AUC]  -  SA: 0.00000,  LA: 0.88170
[Test AUPRC]  -  LA: 0.81531
[Test F1-max]  -  LA: 0.78873
Epoch: 14 | Loss: 0.005608847830444574  | Negative Loss: 0.0
[Test ROC-AUC]  -  SA: 0.00000,  LA: 0.87413
[Test AUPRC]  -  LA: 0.80354
[Test F1-max]  -  LA: 0.77333
Epoch: 15 | Loss: 0.003394209546968341  | Negative Loss: 0.0
[Test ROC-AUC]  -  SA: 0.00000,  LA: 0.86538
[Test AUPRC]  -  LA: 0.79220
[Test F1-max]  -  LA: 0.75949
Epoch: 16 | Loss: 0.00210868869908154  | Negative Loss: 0.0
[Test ROC-AUC]  -  SA: 0.00000,  LA: 0.85315
[Test AUPRC]  -  LA: 0.77070
[Test F1-max]  -  LA: 0.76543
Epoch: 17 | Loss: 0.0013426601653918624  | Negative Loss: 0.0
[Test ROC-AUC]  -  SA: 0.00000,  LA: 0.84149
[Test AUPRC]  -  LA: 0.74220
[Test F1-max]  -  LA: 0.76543
Epoch: 18 | Loss: 0.0008759004413150251  | Negative Loss: 0.0
[Test ROC-AUC]  -  SA: 0.00000,  LA: 0.83275
[Test AUPRC]  -  LA: 0.72176
[Test F1-max]  -  LA: 0.75949
[Early Stopping] LA AUROC dropped for 10 consecutive epochs. Stop at epoch 20/100.
Time consumption: 19.103639841079712
Best LA AUC: 0.9090909090909091
Best LA AUPC: 0.8666520832291065
Best LA F1-max: 0.810126582278481
[Result] Experiment result appended to ./results/train_hybrid_result.csv

[END] 2026-03-18 14:50:04
[RETURN CODE] 0
