[START] 2026-03-18 15:21:56
[GPU] 2
[INDEX] 23/40
[COMMAND] python train_hybrid.py --data_name pushpins --mask True --text True --double_encoder True --few_shot True --shot 5 --hybrid_model promptad --hybrid_weight 0.3 --hybrid_batch_size 16 --epoch 100 --log True --lr 5e-4 --detection True --preprocess True

/home/seungeon/miniconda3/envs/LAB/lib/python3.10/site-packages/timm/models/layers/__init__.py:48: FutureWarning: Importing from timm.models.layers is deprecated, please import via timm.layers
  warnings.warn(f"Importing from {__name__} is deprecated, please import via timm.layers", FutureWarning)
/home/seungeon/Workspace/side/vlm/train_hybrid.py:18: DeprecationWarning: The distutils package is deprecated and slated for removal in Python 3.12. Use setuptools or check PEP 632 for potential alternatives
  from distutils.util import strtobool
Torch version: 2.9.1+cu128
cuda is loaded for process
here?
In my local computer
Namespace(epoch=100, gpu_number='0', data_name='pushpins', lr=0.0005, batch_size=6, shuffle=True, seed=0, tag='default', model_name='ViT-B-32', pretrained_name='laion2b_s34b_b79k', lora=1, default=False, foundation='CLIP', detection=1, preprocess=1, num_rule=0, object_names=['yellow pushpin with metal point', 'plastic case', 'partition', 'blank'], objects_for_rules=[['yellow pushpin with metal point'], ['yellow pushpin with metal point', 'plastic case'], ['yellow pushpin with metal point'], ['yellow pushpin with metal point', 'plastic case'], ['plastic case']], texts_for_rules=[['yellow pushpin with metal point'], ['yellow pushpin with metal point and plastic case'], ['yellow pushpin with metal point'], ['yellow pushpin with metal point and plastic case'], ['plastic case']], mask=1, text=1, score='mean', ciriculam_learning=False, few_shot=1, shot=5, log=1, neg_loss=0, double_encoder=1, pretrained_count_path=None, ris=0, rule_select='', rule_list=[], num_negative=5, hybrid_model='promptad', hybrid_weight=0.3, hybrid_class_name='', hybrid_batch_size=16, hybrid_backbone='ViT-B-16-plus-240', hybrid_pretrained_dataset='laion400m_e32', hybrid_scales=[2, 3], hybrid_img_resize=240, hybrid_img_cropsize=240, hybrid_resolution=400, hybrid_promptad_epoch=100, hybrid_promptad_lr=0.002, hybrid_promptad_momentum=0.9, hybrid_promptad_weight_decay=0.0005, hybrid_promptad_eta_min=1e-05, hybrid_promptad_lambda1=0.001, hybrid_promptad_n_ctx=4, hybrid_promptad_n_pro=3, hybrid_promptad_n_ctx_ab=1, hybrid_promptad_n_pro_ab=4, early_stop_k=10, result_log_path='./results/train_hybrid_result.csv')
[Hybrid] method=promptad, class_name=pushpins, train=5, eval=229, base_path=/data3/seungeon/data/image/mvtec_loco_anomaly_detection/pushpins
[Hybrid-only] LA_AUC=0.60081, LA_AUPRC=0.69478, LA_F1=0.76880
[Data Description]
- Train: 5
- Test: 229

Train Start
[Test ROC-AUC]  -  SA: 0.00000,  LA: 0.51513
[Test AUPRC]  -  LA: 0.63543
[Test F1-max]  -  LA: 0.75410
Epoch: 0 | Loss: 9.596477508544922  | Negative Loss: 0.0
[Test ROC-AUC]  -  SA: 0.00000,  LA: 0.51855
[Test AUPRC]  -  LA: 0.63899
[Test F1-max]  -  LA: 0.75410
Epoch: 1 | Loss: 9.497560501098633  | Negative Loss: 0.0
[Test ROC-AUC]  -  SA: 0.00000,  LA: 0.54045
[Test AUPRC]  -  LA: 0.65173
[Test F1-max]  -  LA: 0.75843
Epoch: 2 | Loss: 8.341874122619629  | Negative Loss: 0.0
[Test ROC-AUC]  -  SA: 0.00000,  LA: 0.56832
[Test AUPRC]  -  LA: 0.67208
[Test F1-max]  -  LA: 0.76243
Epoch: 3 | Loss: 6.425193786621094  | Negative Loss: 0.0
[Test ROC-AUC]  -  SA: 0.00000,  LA: 0.60774
[Test AUPRC]  -  LA: 0.71031
[Test F1-max]  -  LA: 0.76833
Epoch: 4 | Loss: 4.138348579406738  | Negative Loss: 0.0
[Test ROC-AUC]  -  SA: 0.00000,  LA: 0.63155
[Test AUPRC]  -  LA: 0.72280
[Test F1-max]  -  LA: 0.76536
Epoch: 5 | Loss: 2.2592124938964844  | Negative Loss: 0.0
[Test ROC-AUC]  -  SA: 0.00000,  LA: 0.65743
[Test AUPRC]  -  LA: 0.73751
[Test F1-max]  -  LA: 0.76880
Epoch: 6 | Loss: 1.1849768161773682  | Negative Loss: 0.0
[Test ROC-AUC]  -  SA: 0.00000,  LA: 0.66643
[Test AUPRC]  -  LA: 0.74302
[Test F1-max]  -  LA: 0.77143
Epoch: 7 | Loss: 0.6456052660942078  | Negative Loss: 0.0
[Test ROC-AUC]  -  SA: 0.00000,  LA: 0.66523
[Test AUPRC]  -  LA: 0.73778
[Test F1-max]  -  LA: 0.77681
Epoch: 8 | Loss: 0.37042829394340515  | Negative Loss: 0.0
[Test ROC-AUC]  -  SA: 0.00000,  LA: 0.66746
[Test AUPRC]  -  LA: 0.73997
[Test F1-max]  -  LA: 0.78035
Epoch: 9 | Loss: 0.2207602709531784  | Negative Loss: 0.0
[Test ROC-AUC]  -  SA: 0.00000,  LA: 0.66468
[Test AUPRC]  -  LA: 0.74569
[Test F1-max]  -  LA: 0.77810
Epoch: 10 | Loss: 0.1317412257194519  | Negative Loss: 0.0
[Test ROC-AUC]  -  SA: 0.00000,  LA: 0.66189
[Test AUPRC]  -  LA: 0.74504
[Test F1-max]  -  LA: 0.77457
Epoch: 11 | Loss: 0.07730352878570557  | Negative Loss: 0.0
[Test ROC-AUC]  -  SA: 0.00000,  LA: 0.65751
[Test AUPRC]  -  LA: 0.74031
[Test F1-max]  -  LA: 0.77183
Epoch: 12 | Loss: 0.045075565576553345  | Negative Loss: 0.0
[Test ROC-AUC]  -  SA: 0.00000,  LA: 0.65409
[Test AUPRC]  -  LA: 0.73626
[Test F1-max]  -  LA: 0.77095
Epoch: 13 | Loss: 0.026500996202230453  | Negative Loss: 0.0
[Test ROC-AUC]  -  SA: 0.00000,  LA: 0.65186
[Test AUPRC]  -  LA: 0.73601
[Test F1-max]  -  LA: 0.77095
Epoch: 14 | Loss: 0.015869291499257088  | Negative Loss: 0.0
[Test ROC-AUC]  -  SA: 0.00000,  LA: 0.65034
[Test AUPRC]  -  LA: 0.73244
[Test F1-max]  -  LA: 0.77095
Epoch: 15 | Loss: 0.009710894897580147  | Negative Loss: 0.0
[Test ROC-AUC]  -  SA: 0.00000,  LA: 0.65241
[Test AUPRC]  -  LA: 0.73173
[Test F1-max]  -  LA: 0.77095
Epoch: 16 | Loss: 0.006077522877603769  | Negative Loss: 0.0
[Test ROC-AUC]  -  SA: 0.00000,  LA: 0.65313
[Test AUPRC]  -  LA: 0.73267
[Test F1-max]  -  LA: 0.77095
Epoch: 17 | Loss: 0.0038851392455399036  | Negative Loss: 0.0
[Test ROC-AUC]  -  SA: 0.00000,  LA: 0.65265
[Test AUPRC]  -  LA: 0.73393
[Test F1-max]  -  LA: 0.77095
Epoch: 18 | Loss: 0.0025280225090682507  | Negative Loss: 0.0
[Test ROC-AUC]  -  SA: 0.00000,  LA: 0.65233
[Test AUPRC]  -  LA: 0.73350
[Test F1-max]  -  LA: 0.76880
Epoch: 19 | Loss: 0.0016715415986254811  | Negative Loss: 0.0
[Test ROC-AUC]  -  SA: 0.00000,  LA: 0.65006
[Test AUPRC]  -  LA: 0.72987
[Test F1-max]  -  LA: 0.76880
Epoch: 20 | Loss: 0.0011223158799111843  | Negative Loss: 0.0
[Test ROC-AUC]  -  SA: 0.00000,  LA: 0.64907
[Test AUPRC]  -  LA: 0.72964
[Test F1-max]  -  LA: 0.76880
Epoch: 21 | Loss: 0.0007666453602723777  | Negative Loss: 0.0
[Test ROC-AUC]  -  SA: 0.00000,  LA: 0.64771
[Test AUPRC]  -  LA: 0.73130
[Test F1-max]  -  LA: 0.76880
Epoch: 22 | Loss: 0.0005328946863301098  | Negative Loss: 0.0
[Test ROC-AUC]  -  SA: 0.00000,  LA: 0.64708
[Test AUPRC]  -  LA: 0.73194
[Test F1-max]  -  LA: 0.76880
Epoch: 23 | Loss: 0.00037688115844503045  | Negative Loss: 0.0
[Test ROC-AUC]  -  SA: 0.00000,  LA: 0.64620
[Test AUPRC]  -  LA: 0.73100
[Test F1-max]  -  LA: 0.76880
Epoch: 24 | Loss: 0.0002709555556066334  | Negative Loss: 0.0
[Test ROC-AUC]  -  SA: 0.00000,  LA: 0.64525
[Test AUPRC]  -  LA: 0.73206
[Test F1-max]  -  LA: 0.76880
Epoch: 25 | Loss: 0.0001982043031603098  | Negative Loss: 0.0
[Test ROC-AUC]  -  SA: 0.00000,  LA: 0.64453
[Test AUPRC]  -  LA: 0.73122
[Test F1-max]  -  LA: 0.76880
Epoch: 26 | Loss: 0.0001472616713726893  | Negative Loss: 0.0
[Test ROC-AUC]  -  SA: 0.00000,  LA: 0.64341
[Test AUPRC]  -  LA: 0.73177
[Test F1-max]  -  LA: 0.76880
[Early Stopping] LA AUROC dropped for 10 consecutive epochs. Stop at epoch 28/100.
Time consumption: 38.629085540771484
Best LA AUC: 0.667462971810798
Best LA AUPC: 0.7456865105907753
Best LA F1-max: 0.7803468208092486
[Result] Experiment result appended to ./results/train_hybrid_result.csv

[END] 2026-03-18 15:24:41
[RETURN CODE] 0
