[START] 2026-03-18 16:10:37
[GPU] 2
[INDEX] 37/40
[COMMAND] python train_hybrid.py --data_name banana_juice --mask True --text True --double_encoder True --few_shot True --shot 5 --hybrid_model promptad --hybrid_weight 0.3 --hybrid_batch_size 16 --epoch 100 --log True --lr 5e-4 --detection True --preprocess True

/home/seungeon/miniconda3/envs/LAB/lib/python3.10/site-packages/timm/models/layers/__init__.py:48: FutureWarning: Importing from timm.models.layers is deprecated, please import via timm.layers
  warnings.warn(f"Importing from {__name__} is deprecated, please import via timm.layers", FutureWarning)
/home/seungeon/Workspace/side/vlm/train_hybrid.py:18: DeprecationWarning: The distutils package is deprecated and slated for removal in Python 3.12. Use setuptools or check PEP 632 for potential alternatives
  from distutils.util import strtobool
Torch version: 2.9.1+cu128
cuda is loaded for process
here?
In my local computer
Namespace(epoch=100, gpu_number='0', data_name='banana_juice', lr=0.0005, batch_size=6, shuffle=True, seed=0, tag='default', model_name='ViT-B-32', pretrained_name='laion2b_s34b_b79k', lora=1, default=False, foundation='CLIP', detection=1, preprocess=1, num_rule=0, object_names=['a banana picture label', 'a 100% text label', 'a bottle cap', 'a black background'], objects_for_rules=[['a banana picture label'], ['a banana picture label', 'a 100% text label'], ['a banana picture label'], ['a 100% text label'], ['a banana picture label', 'a 100% text label']], texts_for_rules=[['a photo of banana picture label'], ['a photo of banana picture label and 100% text label'], ['a photo of banana picture label'], ['a photo of 100% text label'], ['a photo of banana picture label and 100% text label']], mask=1, text=1, score='mean', ciriculam_learning=False, few_shot=1, shot=5, log=1, neg_loss=0, double_encoder=1, pretrained_count_path=None, ris=0, rule_select='', rule_list=[], num_negative=5, hybrid_model='promptad', hybrid_weight=0.3, hybrid_class_name='', hybrid_batch_size=16, hybrid_backbone='ViT-B-16-plus-240', hybrid_pretrained_dataset='laion400m_e32', hybrid_scales=[2, 3], hybrid_img_resize=240, hybrid_img_cropsize=240, hybrid_resolution=400, hybrid_promptad_epoch=100, hybrid_promptad_lr=0.002, hybrid_promptad_momentum=0.9, hybrid_promptad_weight_decay=0.0005, hybrid_promptad_eta_min=1e-05, hybrid_promptad_lambda1=0.001, hybrid_promptad_n_ctx=4, hybrid_promptad_n_pro=3, hybrid_promptad_n_ctx_ab=1, hybrid_promptad_n_pro_ab=4, early_stop_k=10, result_log_path='./results/train_hybrid_result.csv')
[Hybrid] method=promptad, class_name=juice_bottle, train=5, eval=85, base_path=/data3/seungeon/data/image/mvtec_loco_anomaly_detection/banana_juice
[Hybrid-only] LA_AUC=0.90822, LA_AUPRC=0.79834, LA_F1=0.82192
[Data Description]
- Train: 5
- Test: 85

Train Start
[Test ROC-AUC]  -  SA: 0.00000,  LA: 0.67541
[Test AUPRC]  -  LA: 0.52358
[Test F1-max]  -  LA: 0.64286
Epoch: 0 | Loss: 5.247815132141113  | Negative Loss: 0.0
[Test ROC-AUC]  -  SA: 0.00000,  LA: 0.68065
[Test AUPRC]  -  LA: 0.53049
[Test F1-max]  -  LA: 0.64286
Epoch: 1 | Loss: 5.166374683380127  | Negative Loss: 0.0
[Test ROC-AUC]  -  SA: 0.00000,  LA: 0.73834
[Test AUPRC]  -  LA: 0.61670
[Test F1-max]  -  LA: 0.66667
Epoch: 2 | Loss: 4.369088649749756  | Negative Loss: 0.0
[Test ROC-AUC]  -  SA: 0.00000,  LA: 0.81935
[Test AUPRC]  -  LA: 0.77291
[Test F1-max]  -  LA: 0.69444
Epoch: 3 | Loss: 3.15401029586792  | Negative Loss: 0.0
[Test ROC-AUC]  -  SA: 0.00000,  LA: 0.87471
[Test AUPRC]  -  LA: 0.83802
[Test F1-max]  -  LA: 0.75362
Epoch: 4 | Loss: 1.9020195007324219  | Negative Loss: 0.0
[Test ROC-AUC]  -  SA: 0.00000,  LA: 0.88462
[Test AUPRC]  -  LA: 0.85359
[Test F1-max]  -  LA: 0.77612
Epoch: 5 | Loss: 1.025519847869873  | Negative Loss: 0.0
[Test ROC-AUC]  -  SA: 0.00000,  LA: 0.88578
[Test AUPRC]  -  LA: 0.86109
[Test F1-max]  -  LA: 0.79412
Epoch: 6 | Loss: 0.5337841510772705  | Negative Loss: 0.0
[Test ROC-AUC]  -  SA: 0.00000,  LA: 0.88986
[Test AUPRC]  -  LA: 0.86967
[Test F1-max]  -  LA: 0.81250
Epoch: 7 | Loss: 0.2745632529258728  | Negative Loss: 0.0
[Test ROC-AUC]  -  SA: 0.00000,  LA: 0.88578
[Test AUPRC]  -  LA: 0.86381
[Test F1-max]  -  LA: 0.78261
Epoch: 8 | Loss: 0.142060786485672  | Negative Loss: 0.0
[Test ROC-AUC]  -  SA: 0.00000,  LA: 0.88811
[Test AUPRC]  -  LA: 0.86825
[Test F1-max]  -  LA: 0.78125
Epoch: 9 | Loss: 0.07390071451663971  | Negative Loss: 0.0
[Test ROC-AUC]  -  SA: 0.00000,  LA: 0.89336
[Test AUPRC]  -  LA: 0.87764
[Test F1-max]  -  LA: 0.80645
Epoch: 10 | Loss: 0.03875729441642761  | Negative Loss: 0.0
[Test ROC-AUC]  -  SA: 0.00000,  LA: 0.89627
[Test AUPRC]  -  LA: 0.88212
[Test F1-max]  -  LA: 0.80645
Epoch: 11 | Loss: 0.020594941452145576  | Negative Loss: 0.0
[Test ROC-AUC]  -  SA: 0.00000,  LA: 0.90326
[Test AUPRC]  -  LA: 0.88892
[Test F1-max]  -  LA: 0.80645
Epoch: 12 | Loss: 0.011137343943119049  | Negative Loss: 0.0
[Test ROC-AUC]  -  SA: 0.00000,  LA: 0.91026
[Test AUPRC]  -  LA: 0.89590
[Test F1-max]  -  LA: 0.81356
Epoch: 13 | Loss: 0.006127925589680672  | Negative Loss: 0.0
[Test ROC-AUC]  -  SA: 0.00000,  LA: 0.91375
[Test AUPRC]  -  LA: 0.89966
[Test F1-max]  -  LA: 0.81967
Epoch: 14 | Loss: 0.0034255434293299913  | Negative Loss: 0.0
[Test ROC-AUC]  -  SA: 0.00000,  LA: 0.91725
[Test AUPRC]  -  LA: 0.90174
[Test F1-max]  -  LA: 0.80000
Epoch: 15 | Loss: 0.0019470725674182177  | Negative Loss: 0.0
[Test ROC-AUC]  -  SA: 0.00000,  LA: 0.92133
[Test AUPRC]  -  LA: 0.90577
[Test F1-max]  -  LA: 0.80702
Epoch: 16 | Loss: 0.0011285376967862248  | Negative Loss: 0.0
[Test ROC-AUC]  -  SA: 0.00000,  LA: 0.92366
[Test AUPRC]  -  LA: 0.90678
[Test F1-max]  -  LA: 0.80702
Epoch: 17 | Loss: 0.0006672051968052983  | Negative Loss: 0.0
[Test ROC-AUC]  -  SA: 0.00000,  LA: 0.92716
[Test AUPRC]  -  LA: 0.90932
[Test F1-max]  -  LA: 0.81356
Epoch: 18 | Loss: 0.00040325557347387075  | Negative Loss: 0.0
[Test ROC-AUC]  -  SA: 0.00000,  LA: 0.92774
[Test AUPRC]  -  LA: 0.90854
[Test F1-max]  -  LA: 0.80702
Epoch: 19 | Loss: 0.0002492553903721273  | Negative Loss: 0.0
[Test ROC-AUC]  -  SA: 0.00000,  LA: 0.92832
[Test AUPRC]  -  LA: 0.90866
[Test F1-max]  -  LA: 0.80000
Epoch: 20 | Loss: 0.00015761403483338654  | Negative Loss: 0.0
[Test ROC-AUC]  -  SA: 0.00000,  LA: 0.92657
[Test AUPRC]  -  LA: 0.90347
[Test F1-max]  -  LA: 0.80000
Epoch: 21 | Loss: 0.00010218431998509914  | Negative Loss: 0.0
[Test ROC-AUC]  -  SA: 0.00000,  LA: 0.92657
[Test AUPRC]  -  LA: 0.90276
[Test F1-max]  -  LA: 0.80000
Epoch: 22 | Loss: 6.775771907996386e-05  | Negative Loss: 0.0
[Test ROC-AUC]  -  SA: 0.00000,  LA: 0.92774
[Test AUPRC]  -  LA: 0.90304
[Test F1-max]  -  LA: 0.80488
Epoch: 23 | Loss: 4.603824345394969e-05  | Negative Loss: 0.0
[Test ROC-AUC]  -  SA: 0.00000,  LA: 0.92716
[Test AUPRC]  -  LA: 0.90109
[Test F1-max]  -  LA: 0.80488
Epoch: 24 | Loss: 3.192406438756734e-05  | Negative Loss: 0.0
[Test ROC-AUC]  -  SA: 0.00000,  LA: 0.92599
[Test AUPRC]  -  LA: 0.89914
[Test F1-max]  -  LA: 0.80488
Epoch: 25 | Loss: 2.2554302631760947e-05  | Negative Loss: 0.0
[Test ROC-AUC]  -  SA: 0.00000,  LA: 0.92483
[Test AUPRC]  -  LA: 0.89761
[Test F1-max]  -  LA: 0.81013
Epoch: 26 | Loss: 1.635546504985541e-05  | Negative Loss: 0.0
[Test ROC-AUC]  -  SA: 0.00000,  LA: 0.92308
[Test AUPRC]  -  LA: 0.89227
[Test F1-max]  -  LA: 0.81013
Epoch: 27 | Loss: 1.2087794857507106e-05  | Negative Loss: 0.0
[Test ROC-AUC]  -  SA: 0.00000,  LA: 0.92483
[Test AUPRC]  -  LA: 0.89261
[Test F1-max]  -  LA: 0.82500
Epoch: 28 | Loss: 9.059891453944147e-06  | Negative Loss: 0.0
[Test ROC-AUC]  -  SA: 0.00000,  LA: 0.92366
[Test AUPRC]  -  LA: 0.88805
[Test F1-max]  -  LA: 0.82500
Epoch: 29 | Loss: 6.890288204886019e-06  | Negative Loss: 0.0
[Test ROC-AUC]  -  SA: 0.00000,  LA: 0.92191
[Test AUPRC]  -  LA: 0.88272
[Test F1-max]  -  LA: 0.82500
Epoch: 30 | Loss: 5.388254066929221e-06  | Negative Loss: 0.0
[Test ROC-AUC]  -  SA: 0.00000,  LA: 0.92308
[Test AUPRC]  -  LA: 0.88206
[Test F1-max]  -  LA: 0.81481
Epoch: 31 | Loss: 4.363056177680846e-06  | Negative Loss: 0.0
[Test ROC-AUC]  -  SA: 0.00000,  LA: 0.92191
[Test AUPRC]  -  LA: 0.87968
[Test F1-max]  -  LA: 0.81481
Epoch: 32 | Loss: 3.6239600831322605e-06  | Negative Loss: 0.0
[Test ROC-AUC]  -  SA: 0.00000,  LA: 0.92133
[Test AUPRC]  -  LA: 0.87751
[Test F1-max]  -  LA: 0.81579
Epoch: 33 | Loss: 2.9325469768082257e-06  | Negative Loss: 0.0
[Test ROC-AUC]  -  SA: 0.00000,  LA: 0.92133
[Test AUPRC]  -  LA: 0.87736
[Test F1-max]  -  LA: 0.82051
Epoch: 34 | Loss: 2.408026603006874e-06  | Negative Loss: 0.0
[Test ROC-AUC]  -  SA: 0.00000,  LA: 0.91958
[Test AUPRC]  -  LA: 0.87242
[Test F1-max]  -  LA: 0.83117
Epoch: 35 | Loss: 1.9788735698966775e-06  | Negative Loss: 0.0
[Test ROC-AUC]  -  SA: 0.00000,  LA: 0.91841
[Test AUPRC]  -  LA: 0.87059
[Test F1-max]  -  LA: 0.83117
Epoch: 36 | Loss: 1.6212458149311715e-06  | Negative Loss: 0.0
[Test ROC-AUC]  -  SA: 0.00000,  LA: 0.91725
[Test AUPRC]  -  LA: 0.86800
[Test F1-max]  -  LA: 0.83117
Epoch: 37 | Loss: 1.4543529687216505e-06  | Negative Loss: 0.0
[Test ROC-AUC]  -  SA: 0.00000,  LA: 0.91608
[Test AUPRC]  -  LA: 0.86412
[Test F1-max]  -  LA: 0.83117
Epoch: 38 | Loss: 1.2159345033069258e-06  | Negative Loss: 0.0
[Test ROC-AUC]  -  SA: 0.00000,  LA: 0.91492
[Test AUPRC]  -  LA: 0.86198
[Test F1-max]  -  LA: 0.83117
Epoch: 39 | Loss: 1.0967252137561445e-06  | Negative Loss: 0.0
[Test ROC-AUC]  -  SA: 0.00000,  LA: 0.91434
[Test AUPRC]  -  LA: 0.85859
[Test F1-max]  -  LA: 0.83117
Epoch: 40 | Loss: 9.298322538597859e-07  | Negative Loss: 0.0
[Test ROC-AUC]  -  SA: 0.00000,  LA: 0.91434
[Test AUPRC]  -  LA: 0.85572
[Test F1-max]  -  LA: 0.83117
Epoch: 41 | Loss: 8.344648563252122e-07  | Negative Loss: 0.0
[Test ROC-AUC]  -  SA: 0.00000,  LA: 0.91434
[Test AUPRC]  -  LA: 0.85572
[Test F1-max]  -  LA: 0.83117
Epoch: 42 | Loss: 7.867811859796348e-07  | Negative Loss: 0.0
[Test ROC-AUC]  -  SA: 0.00000,  LA: 0.91375
[Test AUPRC]  -  LA: 0.85283
[Test F1-max]  -  LA: 0.83117
Epoch: 43 | Loss: 7.390974587906385e-07  | Negative Loss: 0.0
[Test ROC-AUC]  -  SA: 0.00000,  LA: 0.91317
[Test AUPRC]  -  LA: 0.84663
[Test F1-max]  -  LA: 0.83117
Epoch: 44 | Loss: 6.675718964288535e-07  | Negative Loss: 0.0
[Test ROC-AUC]  -  SA: 0.00000,  LA: 0.91317
[Test AUPRC]  -  LA: 0.84663
[Test F1-max]  -  LA: 0.83117
Epoch: 45 | Loss: 6.437300612560648e-07  | Negative Loss: 0.0
[Test ROC-AUC]  -  SA: 0.00000,  LA: 0.91317
[Test AUPRC]  -  LA: 0.84663
[Test F1-max]  -  LA: 0.83117
Epoch: 46 | Loss: 5.960463340670685e-07  | Negative Loss: 0.0
[Test ROC-AUC]  -  SA: 0.00000,  LA: 0.91200
[Test AUPRC]  -  LA: 0.84289
[Test F1-max]  -  LA: 0.83117
Epoch: 47 | Loss: 5.722044988942798e-07  | Negative Loss: 0.0
[Test ROC-AUC]  -  SA: 0.00000,  LA: 0.91142
[Test AUPRC]  -  LA: 0.84050
[Test F1-max]  -  LA: 0.83117
Epoch: 48 | Loss: 5.483626637214911e-07  | Negative Loss: 0.0
[Test ROC-AUC]  -  SA: 0.00000,  LA: 0.91142
[Test AUPRC]  -  LA: 0.84050
[Test F1-max]  -  LA: 0.83117
Epoch: 49 | Loss: 5.245207717052836e-07  | Negative Loss: 0.0
[Test ROC-AUC]  -  SA: 0.00000,  LA: 0.91142
[Test AUPRC]  -  LA: 0.84050
[Test F1-max]  -  LA: 0.83117
Epoch: 50 | Loss: 5.006789365324948e-07  | Negative Loss: 0.0
[Test ROC-AUC]  -  SA: 0.00000,  LA: 0.91142
[Test AUPRC]  -  LA: 0.84013
[Test F1-max]  -  LA: 0.83117
Epoch: 51 | Loss: 5.006789365324948e-07  | Negative Loss: 0.0
[Test ROC-AUC]  -  SA: 0.00000,  LA: 0.91084
[Test AUPRC]  -  LA: 0.83754
[Test F1-max]  -  LA: 0.83117
Epoch: 52 | Loss: 4.7683710135970614e-07  | Negative Loss: 0.0
[Test ROC-AUC]  -  SA: 0.00000,  LA: 0.91084
[Test AUPRC]  -  LA: 0.83754
[Test F1-max]  -  LA: 0.83117
Epoch: 53 | Loss: 4.0531153899792116e-07  | Negative Loss: 0.0
[Test ROC-AUC]  -  SA: 0.00000,  LA: 0.90967
[Test AUPRC]  -  LA: 0.83336
[Test F1-max]  -  LA: 0.83117
Epoch: 54 | Loss: 4.0531153899792116e-07  | Negative Loss: 0.0
[Test ROC-AUC]  -  SA: 0.00000,  LA: 0.90967
[Test AUPRC]  -  LA: 0.83336
[Test F1-max]  -  LA: 0.83117
Epoch: 55 | Loss: 4.0531153899792116e-07  | Negative Loss: 0.0
[Test ROC-AUC]  -  SA: 0.00000,  LA: 0.90967
[Test AUPRC]  -  LA: 0.83336
[Test F1-max]  -  LA: 0.83117
Epoch: 56 | Loss: 3.8146970382513246e-07  | Negative Loss: 0.0
[Test ROC-AUC]  -  SA: 0.00000,  LA: 0.91026
[Test AUPRC]  -  LA: 0.83402
[Test F1-max]  -  LA: 0.83117
Epoch: 57 | Loss: 3.8146970382513246e-07  | Negative Loss: 0.0
[Test ROC-AUC]  -  SA: 0.00000,  LA: 0.91142
[Test AUPRC]  -  LA: 0.83578
[Test F1-max]  -  LA: 0.83117
Epoch: 58 | Loss: 3.099441414633475e-07  | Negative Loss: 0.0
[Test ROC-AUC]  -  SA: 0.00000,  LA: 0.91142
[Test AUPRC]  -  LA: 0.83578
[Test F1-max]  -  LA: 0.83117
Epoch: 59 | Loss: 3.099441414633475e-07  | Negative Loss: 0.0
[Test ROC-AUC]  -  SA: 0.00000,  LA: 0.91200
[Test AUPRC]  -  LA: 0.83639
[Test F1-max]  -  LA: 0.83117
Epoch: 60 | Loss: 3.099441414633475e-07  | Negative Loss: 0.0
[Test ROC-AUC]  -  SA: 0.00000,  LA: 0.91230
[Test AUPRC]  -  LA: 0.83787
[Test F1-max]  -  LA: 0.83117
Epoch: 61 | Loss: 3.099441414633475e-07  | Negative Loss: 0.0
[Test ROC-AUC]  -  SA: 0.00000,  LA: 0.91259
[Test AUPRC]  -  LA: 0.83921
[Test F1-max]  -  LA: 0.83117
Epoch: 62 | Loss: 2.861022494471399e-07  | Negative Loss: 0.0
[Test ROC-AUC]  -  SA: 0.00000,  LA: 0.91259
[Test AUPRC]  -  LA: 0.83921
[Test F1-max]  -  LA: 0.83117
Epoch: 63 | Loss: 2.861022494471399e-07  | Negative Loss: 0.0
[Test ROC-AUC]  -  SA: 0.00000,  LA: 0.91259
[Test AUPRC]  -  LA: 0.83921
[Test F1-max]  -  LA: 0.83117
Epoch: 64 | Loss: 2.861022494471399e-07  | Negative Loss: 0.0
[Test ROC-AUC]  -  SA: 0.00000,  LA: 0.91259
[Test AUPRC]  -  LA: 0.83921
[Test F1-max]  -  LA: 0.83117
Epoch: 65 | Loss: 2.861022494471399e-07  | Negative Loss: 0.0
[Test ROC-AUC]  -  SA: 0.00000,  LA: 0.91259
[Test AUPRC]  -  LA: 0.83921
[Test F1-max]  -  LA: 0.83117
Epoch: 66 | Loss: 2.861022494471399e-07  | Negative Loss: 0.0
[Test ROC-AUC]  -  SA: 0.00000,  LA: 0.91259
[Test AUPRC]  -  LA: 0.83921
[Test F1-max]  -  LA: 0.83117
Epoch: 67 | Loss: 2.861022494471399e-07  | Negative Loss: 0.0
[Test ROC-AUC]  -  SA: 0.00000,  LA: 0.91259
[Test AUPRC]  -  LA: 0.83921
[Test F1-max]  -  LA: 0.83117
Epoch: 68 | Loss: 2.861022494471399e-07  | Negative Loss: 0.0
[Test ROC-AUC]  -  SA: 0.00000,  LA: 0.91317
[Test AUPRC]  -  LA: 0.83986
[Test F1-max]  -  LA: 0.83117
Epoch: 69 | Loss: 2.861022494471399e-07  | Negative Loss: 0.0
[Test ROC-AUC]  -  SA: 0.00000,  LA: 0.91317
[Test AUPRC]  -  LA: 0.83986
[Test F1-max]  -  LA: 0.83117
Epoch: 70 | Loss: 2.861022494471399e-07  | Negative Loss: 0.0
[Test ROC-AUC]  -  SA: 0.00000,  LA: 0.91375
[Test AUPRC]  -  LA: 0.84244
[Test F1-max]  -  LA: 0.83117
Epoch: 71 | Loss: 2.622604142743512e-07  | Negative Loss: 0.0
[Test ROC-AUC]  -  SA: 0.00000,  LA: 0.91375
[Test AUPRC]  -  LA: 0.84244
[Test F1-max]  -  LA: 0.83117
Epoch: 72 | Loss: 2.622604142743512e-07  | Negative Loss: 0.0
[Test ROC-AUC]  -  SA: 0.00000,  LA: 0.91375
[Test AUPRC]  -  LA: 0.84244
[Test F1-max]  -  LA: 0.83117
Epoch: 73 | Loss: 2.622604142743512e-07  | Negative Loss: 0.0
[Test ROC-AUC]  -  SA: 0.00000,  LA: 0.91375
[Test AUPRC]  -  LA: 0.84244
[Test F1-max]  -  LA: 0.83117
Epoch: 74 | Loss: 2.622604142743512e-07  | Negative Loss: 0.0
[Test ROC-AUC]  -  SA: 0.00000,  LA: 0.91375
[Test AUPRC]  -  LA: 0.84244
[Test F1-max]  -  LA: 0.83117
Epoch: 75 | Loss: 2.622604142743512e-07  | Negative Loss: 0.0
[Test ROC-AUC]  -  SA: 0.00000,  LA: 0.91375
[Test AUPRC]  -  LA: 0.84244
[Test F1-max]  -  LA: 0.83117
Epoch: 76 | Loss: 2.622604142743512e-07  | Negative Loss: 0.0
[Test ROC-AUC]  -  SA: 0.00000,  LA: 0.91375
[Test AUPRC]  -  LA: 0.84244
[Test F1-max]  -  LA: 0.83117
Epoch: 77 | Loss: 2.622604142743512e-07  | Negative Loss: 0.0
[Test ROC-AUC]  -  SA: 0.00000,  LA: 0.91375
[Test AUPRC]  -  LA: 0.84244
[Test F1-max]  -  LA: 0.83117
Epoch: 78 | Loss: 2.622604142743512e-07  | Negative Loss: 0.0
[Test ROC-AUC]  -  SA: 0.00000,  LA: 0.91375
[Test AUPRC]  -  LA: 0.84244
[Test F1-max]  -  LA: 0.83117
Epoch: 79 | Loss: 2.622604142743512e-07  | Negative Loss: 0.0
[Test ROC-AUC]  -  SA: 0.00000,  LA: 0.91375
[Test AUPRC]  -  LA: 0.84244
[Test F1-max]  -  LA: 0.83117
Epoch: 80 | Loss: 2.622604142743512e-07  | Negative Loss: 0.0
[Test ROC-AUC]  -  SA: 0.00000,  LA: 0.91317
[Test AUPRC]  -  LA: 0.84084
[Test F1-max]  -  LA: 0.83117
Epoch: 81 | Loss: 2.622604142743512e-07  | Negative Loss: 0.0
[Test ROC-AUC]  -  SA: 0.00000,  LA: 0.91288
[Test AUPRC]  -  LA: 0.83895
[Test F1-max]  -  LA: 0.83117
Epoch: 82 | Loss: 2.622604142743512e-07  | Negative Loss: 0.0
[Test ROC-AUC]  -  SA: 0.00000,  LA: 0.91259
[Test AUPRC]  -  LA: 0.83678
[Test F1-max]  -  LA: 0.83117
Epoch: 83 | Loss: 2.622604142743512e-07  | Negative Loss: 0.0
[Test ROC-AUC]  -  SA: 0.00000,  LA: 0.91259
[Test AUPRC]  -  LA: 0.83678
[Test F1-max]  -  LA: 0.83117
Epoch: 84 | Loss: 2.622604142743512e-07  | Negative Loss: 0.0
[Test ROC-AUC]  -  SA: 0.00000,  LA: 0.91259
[Test AUPRC]  -  LA: 0.83678
[Test F1-max]  -  LA: 0.83117
Epoch: 85 | Loss: 2.622604142743512e-07  | Negative Loss: 0.0
[Test ROC-AUC]  -  SA: 0.00000,  LA: 0.91317
[Test AUPRC]  -  LA: 0.83748
[Test F1-max]  -  LA: 0.83117
Epoch: 86 | Loss: 2.622604142743512e-07  | Negative Loss: 0.0
[Test ROC-AUC]  -  SA: 0.00000,  LA: 0.91259
[Test AUPRC]  -  LA: 0.83678
[Test F1-max]  -  LA: 0.83117
Epoch: 87 | Loss: 2.622604142743512e-07  | Negative Loss: 0.0
[Test ROC-AUC]  -  SA: 0.00000,  LA: 0.91259
[Test AUPRC]  -  LA: 0.83678
[Test F1-max]  -  LA: 0.83117
Epoch: 88 | Loss: 2.622604142743512e-07  | Negative Loss: 0.0
[Test ROC-AUC]  -  SA: 0.00000,  LA: 0.91288
[Test AUPRC]  -  LA: 0.83895
[Test F1-max]  -  LA: 0.83117
Epoch: 89 | Loss: 2.622604142743512e-07  | Negative Loss: 0.0
[Test ROC-AUC]  -  SA: 0.00000,  LA: 0.91317
[Test AUPRC]  -  LA: 0.84084
[Test F1-max]  -  LA: 0.83117
Epoch: 90 | Loss: 2.622604142743512e-07  | Negative Loss: 0.0
[Test ROC-AUC]  -  SA: 0.00000,  LA: 0.91317
[Test AUPRC]  -  LA: 0.84084
[Test F1-max]  -  LA: 0.83117
Epoch: 91 | Loss: 2.622604142743512e-07  | Negative Loss: 0.0
[Test ROC-AUC]  -  SA: 0.00000,  LA: 0.91317
[Test AUPRC]  -  LA: 0.84084
[Test F1-max]  -  LA: 0.83117
Epoch: 92 | Loss: 2.622604142743512e-07  | Negative Loss: 0.0
[Test ROC-AUC]  -  SA: 0.00000,  LA: 0.91317
[Test AUPRC]  -  LA: 0.84084
[Test F1-max]  -  LA: 0.83117
Epoch: 93 | Loss: 2.622604142743512e-07  | Negative Loss: 0.0
[Test ROC-AUC]  -  SA: 0.00000,  LA: 0.91317
[Test AUPRC]  -  LA: 0.84084
[Test F1-max]  -  LA: 0.83117
Epoch: 94 | Loss: 2.3841855067985307e-07  | Negative Loss: 0.0
[Test ROC-AUC]  -  SA: 0.00000,  LA: 0.91434
[Test AUPRC]  -  LA: 0.84459
[Test F1-max]  -  LA: 0.83117
Epoch: 95 | Loss: 2.3841855067985307e-07  | Negative Loss: 0.0
[Test ROC-AUC]  -  SA: 0.00000,  LA: 0.91434
[Test AUPRC]  -  LA: 0.84459
[Test F1-max]  -  LA: 0.83117
Epoch: 96 | Loss: 2.3841855067985307e-07  | Negative Loss: 0.0
[Test ROC-AUC]  -  SA: 0.00000,  LA: 0.91434
[Test AUPRC]  -  LA: 0.84459
[Test F1-max]  -  LA: 0.83117
Epoch: 97 | Loss: 2.3841855067985307e-07  | Negative Loss: 0.0
[Test ROC-AUC]  -  SA: 0.00000,  LA: 0.91434
[Test AUPRC]  -  LA: 0.84459
[Test F1-max]  -  LA: 0.83117
Epoch: 98 | Loss: 2.3841855067985307e-07  | Negative Loss: 0.0
[Test ROC-AUC]  -  SA: 0.00000,  LA: 0.91434
[Test AUPRC]  -  LA: 0.84459
[Test F1-max]  -  LA: 0.83117
Epoch: 99 | Loss: 2.3841855067985307e-07  | Negative Loss: 0.0
Time consumption: 95.63670563697815
Best LA AUC: 0.9283216783216783
Best LA AUPC: 0.9093235495972095
Best LA F1-max: 0.8311688311688312
[Result] Experiment result appended to ./results/train_hybrid_result.csv

[END] 2026-03-18 16:13:57
[RETURN CODE] 0
