[START] 2026-03-18 14:20:09
[GPU] 2
[INDEX] 5/40
[COMMAND] python train_hybrid.py --data_name pushpins --mask True --text True --double_encoder True --few_shot True --shot 5 --hybrid_model winclip --hybrid_weight 0.3 --hybrid_batch_size 16 --epoch 100 --log True --lr 5e-4 --detection True --preprocess True

/home/seungeon/miniconda3/envs/LAB/lib/python3.10/site-packages/timm/models/layers/__init__.py:48: FutureWarning: Importing from timm.models.layers is deprecated, please import via timm.layers
  warnings.warn(f"Importing from {__name__} is deprecated, please import via timm.layers", FutureWarning)
/home/seungeon/Workspace/side/vlm/train_hybrid.py:18: DeprecationWarning: The distutils package is deprecated and slated for removal in Python 3.12. Use setuptools or check PEP 632 for potential alternatives
  from distutils.util import strtobool
Torch version: 2.9.1+cu128
cuda is loaded for process
here?
In my local computer
Namespace(epoch=100, gpu_number='0', data_name='pushpins', lr=0.0005, batch_size=6, shuffle=True, seed=0, tag='default', model_name='ViT-B-32', pretrained_name='laion2b_s34b_b79k', lora=1, default=False, foundation='CLIP', detection=1, preprocess=1, num_rule=0, object_names=['yellow pushpin with metal point', 'plastic case', 'partition', 'blank'], objects_for_rules=[['yellow pushpin with metal point'], ['yellow pushpin with metal point', 'plastic case'], ['yellow pushpin with metal point'], ['yellow pushpin with metal point', 'plastic case'], ['plastic case']], texts_for_rules=[['yellow pushpin with metal point'], ['yellow pushpin with metal point and plastic case'], ['yellow pushpin with metal point'], ['yellow pushpin with metal point and plastic case'], ['plastic case']], mask=1, text=1, score='mean', ciriculam_learning=False, few_shot=1, shot=5, log=1, neg_loss=0, double_encoder=1, pretrained_count_path=None, ris=0, rule_select='', rule_list=[], num_negative=5, hybrid_model='winclip', hybrid_weight=0.3, hybrid_class_name='', hybrid_batch_size=16, hybrid_backbone='ViT-B-16-plus-240', hybrid_pretrained_dataset='laion400m_e32', hybrid_scales=[2, 3], hybrid_img_resize=240, hybrid_img_cropsize=240, hybrid_resolution=400, hybrid_promptad_epoch=100, hybrid_promptad_lr=0.002, hybrid_promptad_momentum=0.9, hybrid_promptad_weight_decay=0.0005, hybrid_promptad_eta_min=1e-05, hybrid_promptad_lambda1=0.001, hybrid_promptad_n_ctx=4, hybrid_promptad_n_pro=3, hybrid_promptad_n_ctx_ab=1, hybrid_promptad_n_pro_ab=4, early_stop_k=10, result_log_path='./results/train_hybrid_result.csv')
[Hybrid] method=winclip, class_name=pushpins, train=5, eval=229, base_path=/data3/seungeon/data/image/mvtec_loco_anomaly_detection/pushpins
grid 240 16 (15, 15)
[Hybrid-only] LA_AUC=0.58417, LA_AUPRC=0.65196, LA_F1=0.76536
[Data Description]
- Train: 5
- Test: 229

Train Start
[Test ROC-AUC]  -  SA: 0.00000,  LA: 0.53010
[Test AUPRC]  -  LA: 0.61910
[Test F1-max]  -  LA: 0.75616
Epoch: 0 | Loss: 7.719449043273926  | Negative Loss: 0.0
[Test ROC-AUC]  -  SA: 0.00000,  LA: 0.52930
[Test AUPRC]  -  LA: 0.61838
[Test F1-max]  -  LA: 0.75616
Epoch: 1 | Loss: 7.633667945861816  | Negative Loss: 0.0
[Test ROC-AUC]  -  SA: 0.00000,  LA: 0.53942
[Test AUPRC]  -  LA: 0.63191
[Test F1-max]  -  LA: 0.75616
Epoch: 2 | Loss: 6.717364311218262  | Negative Loss: 0.0
[Test ROC-AUC]  -  SA: 0.00000,  LA: 0.57660
[Test AUPRC]  -  LA: 0.69307
[Test F1-max]  -  LA: 0.75900
Epoch: 3 | Loss: 5.17725133895874  | Negative Loss: 0.0
[Test ROC-AUC]  -  SA: 0.00000,  LA: 0.64134
[Test AUPRC]  -  LA: 0.74575
[Test F1-max]  -  LA: 0.75900
Epoch: 4 | Loss: 3.3842201232910156  | Negative Loss: 0.0
[Test ROC-AUC]  -  SA: 0.00000,  LA: 0.67901
[Test AUPRC]  -  LA: 0.76003
[Test F1-max]  -  LA: 0.76667
Epoch: 5 | Loss: 1.9409890174865723  | Negative Loss: 0.0
[Test ROC-AUC]  -  SA: 0.00000,  LA: 0.69621
[Test AUPRC]  -  LA: 0.75524
[Test F1-max]  -  LA: 0.76880
Epoch: 6 | Loss: 1.085443139076233  | Negative Loss: 0.0
[Test ROC-AUC]  -  SA: 0.00000,  LA: 0.71054
[Test AUPRC]  -  LA: 0.75190
[Test F1-max]  -  LA: 0.77483
Epoch: 7 | Loss: 0.6299417018890381  | Negative Loss: 0.0
[Test ROC-AUC]  -  SA: 0.00000,  LA: 0.71540
[Test AUPRC]  -  LA: 0.73768
[Test F1-max]  -  LA: 0.79461
Epoch: 8 | Loss: 0.36037927865982056  | Negative Loss: 0.0
[Test ROC-AUC]  -  SA: 0.00000,  LA: 0.72177
[Test AUPRC]  -  LA: 0.74883
[Test F1-max]  -  LA: 0.78698
Epoch: 9 | Loss: 0.19435524940490723  | Negative Loss: 0.0
[Test ROC-AUC]  -  SA: 0.00000,  LA: 0.72273
[Test AUPRC]  -  LA: 0.75488
[Test F1-max]  -  LA: 0.79403
Epoch: 10 | Loss: 0.1014750748872757  | Negative Loss: 0.0
[Test ROC-AUC]  -  SA: 0.00000,  LA: 0.72281
[Test AUPRC]  -  LA: 0.76069
[Test F1-max]  -  LA: 0.79056
Epoch: 11 | Loss: 0.05288643762469292  | Negative Loss: 0.0
[Test ROC-AUC]  -  SA: 0.00000,  LA: 0.72074
[Test AUPRC]  -  LA: 0.76283
[Test F1-max]  -  LA: 0.79128
Epoch: 12 | Loss: 0.02794480323791504  | Negative Loss: 0.0
[Test ROC-AUC]  -  SA: 0.00000,  LA: 0.71675
[Test AUPRC]  -  LA: 0.76363
[Test F1-max]  -  LA: 0.78841
Epoch: 13 | Loss: 0.015230724588036537  | Negative Loss: 0.0
[Test ROC-AUC]  -  SA: 0.00000,  LA: 0.71357
[Test AUPRC]  -  LA: 0.76661
[Test F1-max]  -  LA: 0.78841
Epoch: 14 | Loss: 0.008573561906814575  | Negative Loss: 0.0
[Test ROC-AUC]  -  SA: 0.00000,  LA: 0.70887
[Test AUPRC]  -  LA: 0.76608
[Test F1-max]  -  LA: 0.78613
Epoch: 15 | Loss: 0.004984166007488966  | Negative Loss: 0.0
[Test ROC-AUC]  -  SA: 0.00000,  LA: 0.70214
[Test AUPRC]  -  LA: 0.76535
[Test F1-max]  -  LA: 0.78386
Epoch: 16 | Loss: 0.0029792513232678175  | Negative Loss: 0.0
[Test ROC-AUC]  -  SA: 0.00000,  LA: 0.69119
[Test AUPRC]  -  LA: 0.76242
[Test F1-max]  -  LA: 0.77273
Epoch: 17 | Loss: 0.0018236614996567369  | Negative Loss: 0.0
[Test ROC-AUC]  -  SA: 0.00000,  LA: 0.67551
[Test AUPRC]  -  LA: 0.75491
[Test F1-max]  -  LA: 0.77311
Epoch: 18 | Loss: 0.0011372823501005769  | Negative Loss: 0.0
[Test ROC-AUC]  -  SA: 0.00000,  LA: 0.65667
[Test AUPRC]  -  LA: 0.73966
[Test F1-max]  -  LA: 0.77095
Epoch: 19 | Loss: 0.0007222893182188272  | Negative Loss: 0.0
[Test ROC-AUC]  -  SA: 0.00000,  LA: 0.64302
[Test AUPRC]  -  LA: 0.72590
[Test F1-max]  -  LA: 0.77183
Epoch: 20 | Loss: 0.00046774186193943024  | Negative Loss: 0.0
[Test ROC-AUC]  -  SA: 0.00000,  LA: 0.63402
[Test AUPRC]  -  LA: 0.71276
[Test F1-max]  -  LA: 0.77183
[Early Stopping] LA AUROC dropped for 10 consecutive epochs. Stop at epoch 22/100.
Time consumption: 30.044458150863647
Best LA AUC: 0.7228061793279184
Best LA AUPC: 0.7666109803524062
Best LA F1-max: 0.7946127946127945
[Result] Experiment result appended to ./results/train_hybrid_result.csv

[END] 2026-03-18 14:24:33
[RETURN CODE] 0
