[START] 2026-03-18 14:55:05
[GPU] 2
[INDEX] 14/40
[COMMAND] python train_hybrid.py --data_name banana_juice --mask True --text True --double_encoder True --few_shot True --shot 5 --hybrid_model winclip --hybrid_weight 0.3 --hybrid_batch_size 16 --epoch 100 --log True --lr 5e-4 --detection True --preprocess True

/home/seungeon/miniconda3/envs/LAB/lib/python3.10/site-packages/timm/models/layers/__init__.py:48: FutureWarning: Importing from timm.models.layers is deprecated, please import via timm.layers
  warnings.warn(f"Importing from {__name__} is deprecated, please import via timm.layers", FutureWarning)
/home/seungeon/Workspace/side/vlm/train_hybrid.py:18: DeprecationWarning: The distutils package is deprecated and slated for removal in Python 3.12. Use setuptools or check PEP 632 for potential alternatives
  from distutils.util import strtobool
Torch version: 2.9.1+cu128
cuda is loaded for process
here?
In my local computer
Namespace(epoch=100, gpu_number='0', data_name='banana_juice', lr=0.0005, batch_size=6, shuffle=True, seed=0, tag='default', model_name='ViT-B-32', pretrained_name='laion2b_s34b_b79k', lora=1, default=False, foundation='CLIP', detection=1, preprocess=1, num_rule=0, object_names=['a banana picture label', 'a 100% text label', 'a bottle cap', 'a black background'], objects_for_rules=[['a banana picture label'], ['a banana picture label', 'a 100% text label'], ['a banana picture label'], ['a 100% text label'], ['a banana picture label', 'a 100% text label']], texts_for_rules=[['a photo of banana picture label'], ['a photo of banana picture label and 100% text label'], ['a photo of banana picture label'], ['a photo of 100% text label'], ['a photo of banana picture label and 100% text label']], mask=1, text=1, score='mean', ciriculam_learning=False, few_shot=1, shot=5, log=1, neg_loss=0, double_encoder=1, pretrained_count_path=None, ris=0, rule_select='', rule_list=[], num_negative=5, hybrid_model='winclip', hybrid_weight=0.3, hybrid_class_name='', hybrid_batch_size=16, hybrid_backbone='ViT-B-16-plus-240', hybrid_pretrained_dataset='laion400m_e32', hybrid_scales=[2, 3], hybrid_img_resize=240, hybrid_img_cropsize=240, hybrid_resolution=400, hybrid_promptad_epoch=100, hybrid_promptad_lr=0.002, hybrid_promptad_momentum=0.9, hybrid_promptad_weight_decay=0.0005, hybrid_promptad_eta_min=1e-05, hybrid_promptad_lambda1=0.001, hybrid_promptad_n_ctx=4, hybrid_promptad_n_pro=3, hybrid_promptad_n_ctx_ab=1, hybrid_promptad_n_pro_ab=4, early_stop_k=10, result_log_path='./results/train_hybrid_result.csv')
[Hybrid] method=winclip, class_name=juice_bottle, train=5, eval=85, base_path=/data3/seungeon/data/image/mvtec_loco_anomaly_detection/banana_juice
grid 240 16 (15, 15)
[Hybrid-only] LA_AUC=0.69406, LA_AUPRC=0.47872, LA_F1=0.68041
[Data Description]
- Train: 5
- Test: 85

Train Start
[Test ROC-AUC]  -  SA: 0.00000,  LA: 0.63228
[Test AUPRC]  -  LA: 0.45156
[Test F1-max]  -  LA: 0.62222
Epoch: 0 | Loss: 16.6558895111084  | Negative Loss: 0.0
[Test ROC-AUC]  -  SA: 0.00000,  LA: 0.63636
[Test AUPRC]  -  LA: 0.45520
[Test F1-max]  -  LA: 0.62222
Epoch: 1 | Loss: 16.562122344970703  | Negative Loss: 0.0
[Test ROC-AUC]  -  SA: 0.00000,  LA: 0.68998
[Test AUPRC]  -  LA: 0.55215
[Test F1-max]  -  LA: 0.64583
Epoch: 2 | Loss: 15.291292190551758  | Negative Loss: 0.0
[Test ROC-AUC]  -  SA: 0.00000,  LA: 0.77797
[Test AUPRC]  -  LA: 0.64614
[Test F1-max]  -  LA: 0.68966
Epoch: 3 | Loss: 13.101534843444824  | Negative Loss: 0.0
[Test ROC-AUC]  -  SA: 0.00000,  LA: 0.82517
[Test AUPRC]  -  LA: 0.69171
[Test F1-max]  -  LA: 0.72289
Epoch: 4 | Loss: 10.230762481689453  | Negative Loss: 0.0
[Test ROC-AUC]  -  SA: 0.00000,  LA: 0.83333
[Test AUPRC]  -  LA: 0.71511
[Test F1-max]  -  LA: 0.73333
Epoch: 5 | Loss: 7.18734884262085  | Negative Loss: 0.0
[Test ROC-AUC]  -  SA: 0.00000,  LA: 0.83275
[Test AUPRC]  -  LA: 0.73860
[Test F1-max]  -  LA: 0.72727
Epoch: 6 | Loss: 4.576531887054443  | Negative Loss: 0.0
[Test ROC-AUC]  -  SA: 0.00000,  LA: 0.83392
[Test AUPRC]  -  LA: 0.73851
[Test F1-max]  -  LA: 0.73239
Epoch: 7 | Loss: 2.6621408462524414  | Negative Loss: 0.0
[Test ROC-AUC]  -  SA: 0.00000,  LA: 0.84033
[Test AUPRC]  -  LA: 0.75770
[Test F1-max]  -  LA: 0.73239
Epoch: 8 | Loss: 1.4398390054702759  | Negative Loss: 0.0
[Test ROC-AUC]  -  SA: 0.00000,  LA: 0.84441
[Test AUPRC]  -  LA: 0.75301
[Test F1-max]  -  LA: 0.74699
Epoch: 9 | Loss: 0.7517316341400146  | Negative Loss: 0.0
[Test ROC-AUC]  -  SA: 0.00000,  LA: 0.84732
[Test AUPRC]  -  LA: 0.75487
[Test F1-max]  -  LA: 0.75000
Epoch: 10 | Loss: 0.374003529548645  | Negative Loss: 0.0
[Test ROC-AUC]  -  SA: 0.00000,  LA: 0.85140
[Test AUPRC]  -  LA: 0.76819
[Test F1-max]  -  LA: 0.76190
Epoch: 11 | Loss: 0.17610107362270355  | Negative Loss: 0.0
[Test ROC-AUC]  -  SA: 0.00000,  LA: 0.84790
[Test AUPRC]  -  LA: 0.76490
[Test F1-max]  -  LA: 0.77108
Epoch: 12 | Loss: 0.07940059900283813  | Negative Loss: 0.0
[Test ROC-AUC]  -  SA: 0.00000,  LA: 0.85315
[Test AUPRC]  -  LA: 0.76846
[Test F1-max]  -  LA: 0.78049
Epoch: 13 | Loss: 0.035351600497961044  | Negative Loss: 0.0
[Test ROC-AUC]  -  SA: 0.00000,  LA: 0.84848
[Test AUPRC]  -  LA: 0.74812
[Test F1-max]  -  LA: 0.77108
Epoch: 14 | Loss: 0.015914078801870346  | Negative Loss: 0.0
[Test ROC-AUC]  -  SA: 0.00000,  LA: 0.84324
[Test AUPRC]  -  LA: 0.72584
[Test F1-max]  -  LA: 0.76744
Epoch: 15 | Loss: 0.007331117521971464  | Negative Loss: 0.0
[Test ROC-AUC]  -  SA: 0.00000,  LA: 0.84266
[Test AUPRC]  -  LA: 0.72379
[Test F1-max]  -  LA: 0.76744
Epoch: 16 | Loss: 0.003455720841884613  | Negative Loss: 0.0
[Test ROC-AUC]  -  SA: 0.00000,  LA: 0.84033
[Test AUPRC]  -  LA: 0.71947
[Test F1-max]  -  LA: 0.76744
Epoch: 17 | Loss: 0.001672648824751377  | Negative Loss: 0.0
[Test ROC-AUC]  -  SA: 0.00000,  LA: 0.83974
[Test AUPRC]  -  LA: 0.71771
[Test F1-max]  -  LA: 0.76744
Epoch: 18 | Loss: 0.0008340817876160145  | Negative Loss: 0.0
[Test ROC-AUC]  -  SA: 0.00000,  LA: 0.83508
[Test AUPRC]  -  LA: 0.71243
[Test F1-max]  -  LA: 0.76744
Epoch: 19 | Loss: 0.00042776085319928825  | Negative Loss: 0.0
[Test ROC-AUC]  -  SA: 0.00000,  LA: 0.82925
[Test AUPRC]  -  LA: 0.70341
[Test F1-max]  -  LA: 0.76744
Epoch: 20 | Loss: 0.00022548020933754742  | Negative Loss: 0.0
[Test ROC-AUC]  -  SA: 0.00000,  LA: 0.82809
[Test AUPRC]  -  LA: 0.69838
[Test F1-max]  -  LA: 0.78049
Epoch: 21 | Loss: 0.00012254239118192345  | Negative Loss: 0.0
[Test ROC-AUC]  -  SA: 0.00000,  LA: 0.82343
[Test AUPRC]  -  LA: 0.68398
[Test F1-max]  -  LA: 0.78049
Epoch: 22 | Loss: 6.856768595753238e-05  | Negative Loss: 0.0
[Test ROC-AUC]  -  SA: 0.00000,  LA: 0.82226
[Test AUPRC]  -  LA: 0.67961
[Test F1-max]  -  LA: 0.76190
[Early Stopping] LA AUROC dropped for 10 consecutive epochs. Stop at epoch 24/100.
Time consumption: 22.59270167350769
Best LA AUC: 0.8531468531468531
Best LA AUPC: 0.7684601348897668
Best LA F1-max: 0.7804878048780488
[Result] Experiment result appended to ./results/train_hybrid_result.csv

[END] 2026-03-18 14:57:47
[RETURN CODE] 0
