[START] 2026-03-18 15:51:57
[GPU] 2
[INDEX] 31/40
[COMMAND] python train_hybrid.py --data_name banana_juice --mask True --text True --double_encoder True --few_shot True --shot 5 --hybrid_model promptad --hybrid_weight 0.3 --hybrid_batch_size 16 --epoch 100 --log True --lr 5e-4 --detection True --preprocess True

/home/seungeon/miniconda3/envs/LAB/lib/python3.10/site-packages/timm/models/layers/__init__.py:48: FutureWarning: Importing from timm.models.layers is deprecated, please import via timm.layers
  warnings.warn(f"Importing from {__name__} is deprecated, please import via timm.layers", FutureWarning)
/home/seungeon/Workspace/side/vlm/train_hybrid.py:18: DeprecationWarning: The distutils package is deprecated and slated for removal in Python 3.12. Use setuptools or check PEP 632 for potential alternatives
  from distutils.util import strtobool
Torch version: 2.9.1+cu128
cuda is loaded for process
here?
In my local computer
Namespace(epoch=100, gpu_number='0', data_name='banana_juice', lr=0.0005, batch_size=6, shuffle=True, seed=0, tag='default', model_name='ViT-B-32', pretrained_name='laion2b_s34b_b79k', lora=1, default=False, foundation='CLIP', detection=1, preprocess=1, num_rule=0, object_names=['a banana picture label', 'a 100% text label', 'a bottle cap', 'a black background'], objects_for_rules=[['a banana picture label'], ['a banana picture label', 'a 100% text label'], ['a banana picture label'], ['a 100% text label'], ['a banana picture label', 'a 100% text label']], texts_for_rules=[['a photo of banana picture label'], ['a photo of banana picture label and 100% text label'], ['a photo of banana picture label'], ['a photo of 100% text label'], ['a photo of banana picture label and 100% text label']], mask=1, text=1, score='mean', ciriculam_learning=False, few_shot=1, shot=5, log=1, neg_loss=0, double_encoder=1, pretrained_count_path=None, ris=0, rule_select='', rule_list=[], num_negative=5, hybrid_model='promptad', hybrid_weight=0.3, hybrid_class_name='', hybrid_batch_size=16, hybrid_backbone='ViT-B-16-plus-240', hybrid_pretrained_dataset='laion400m_e32', hybrid_scales=[2, 3], hybrid_img_resize=240, hybrid_img_cropsize=240, hybrid_resolution=400, hybrid_promptad_epoch=100, hybrid_promptad_lr=0.002, hybrid_promptad_momentum=0.9, hybrid_promptad_weight_decay=0.0005, hybrid_promptad_eta_min=1e-05, hybrid_promptad_lambda1=0.001, hybrid_promptad_n_ctx=4, hybrid_promptad_n_pro=3, hybrid_promptad_n_ctx_ab=1, hybrid_promptad_n_pro_ab=4, early_stop_k=10, result_log_path='./results/train_hybrid_result.csv')
[Hybrid] method=promptad, class_name=juice_bottle, train=5, eval=85, base_path=/data3/seungeon/data/image/mvtec_loco_anomaly_detection/banana_juice
[Hybrid-only] LA_AUC=0.89190, LA_AUPRC=0.74542, LA_F1=0.83784
[Data Description]
- Train: 5
- Test: 85

Train Start
[Test ROC-AUC]  -  SA: 0.00000,  LA: 0.57284
[Test AUPRC]  -  LA: 0.39088
[Test F1-max]  -  LA: 0.61111
Epoch: 0 | Loss: 10.461149215698242  | Negative Loss: 0.0
[Test ROC-AUC]  -  SA: 0.00000,  LA: 0.58275
[Test AUPRC]  -  LA: 0.39706
[Test F1-max]  -  LA: 0.61682
Epoch: 1 | Loss: 10.366233825683594  | Negative Loss: 0.0
[Test ROC-AUC]  -  SA: 0.00000,  LA: 0.67599
[Test AUPRC]  -  LA: 0.46335
[Test F1-max]  -  LA: 0.67347
Epoch: 2 | Loss: 9.51746940612793  | Negative Loss: 0.0
[Test ROC-AUC]  -  SA: 0.00000,  LA: 0.80303
[Test AUPRC]  -  LA: 0.68004
[Test F1-max]  -  LA: 0.68889
Epoch: 3 | Loss: 8.02850341796875  | Negative Loss: 0.0
[Test ROC-AUC]  -  SA: 0.00000,  LA: 0.86480
[Test AUPRC]  -  LA: 0.79584
[Test F1-max]  -  LA: 0.75758
Epoch: 4 | Loss: 6.079046249389648  | Negative Loss: 0.0
[Test ROC-AUC]  -  SA: 0.00000,  LA: 0.89394
[Test AUPRC]  -  LA: 0.84644
[Test F1-max]  -  LA: 0.78788
Epoch: 5 | Loss: 4.04293155670166  | Negative Loss: 0.0
[Test ROC-AUC]  -  SA: 0.00000,  LA: 0.89219
[Test AUPRC]  -  LA: 0.85170
[Test F1-max]  -  LA: 0.77612
Epoch: 6 | Loss: 2.3987903594970703  | Negative Loss: 0.0
[Test ROC-AUC]  -  SA: 0.00000,  LA: 0.89394
[Test AUPRC]  -  LA: 0.85721
[Test F1-max]  -  LA: 0.77143
Epoch: 7 | Loss: 1.3461533784866333  | Negative Loss: 0.0
[Test ROC-AUC]  -  SA: 0.00000,  LA: 0.89918
[Test AUPRC]  -  LA: 0.86191
[Test F1-max]  -  LA: 0.78261
Epoch: 8 | Loss: 0.7107600569725037  | Negative Loss: 0.0
[Test ROC-AUC]  -  SA: 0.00000,  LA: 0.90559
[Test AUPRC]  -  LA: 0.87128
[Test F1-max]  -  LA: 0.78261
Epoch: 9 | Loss: 0.34899890422821045  | Negative Loss: 0.0
[Test ROC-AUC]  -  SA: 0.00000,  LA: 0.90618
[Test AUPRC]  -  LA: 0.87529
[Test F1-max]  -  LA: 0.77922
Epoch: 10 | Loss: 0.16152051091194153  | Negative Loss: 0.0
[Test ROC-AUC]  -  SA: 0.00000,  LA: 0.90093
[Test AUPRC]  -  LA: 0.86634
[Test F1-max]  -  LA: 0.77419
Epoch: 11 | Loss: 0.07311449199914932  | Negative Loss: 0.0
[Test ROC-AUC]  -  SA: 0.00000,  LA: 0.89744
[Test AUPRC]  -  LA: 0.85949
[Test F1-max]  -  LA: 0.76471
Epoch: 12 | Loss: 0.03336130455136299  | Negative Loss: 0.0
[Test ROC-AUC]  -  SA: 0.00000,  LA: 0.89336
[Test AUPRC]  -  LA: 0.85149
[Test F1-max]  -  LA: 0.77612
Epoch: 13 | Loss: 0.015662994235754013  | Negative Loss: 0.0
[Test ROC-AUC]  -  SA: 0.00000,  LA: 0.89044
[Test AUPRC]  -  LA: 0.84403
[Test F1-max]  -  LA: 0.77612
Epoch: 14 | Loss: 0.007589195854961872  | Negative Loss: 0.0
[Test ROC-AUC]  -  SA: 0.00000,  LA: 0.89103
[Test AUPRC]  -  LA: 0.84063
[Test F1-max]  -  LA: 0.77612
Epoch: 15 | Loss: 0.0037988247349858284  | Negative Loss: 0.0
[Test ROC-AUC]  -  SA: 0.00000,  LA: 0.88636
[Test AUPRC]  -  LA: 0.82607
[Test F1-max]  -  LA: 0.76712
Epoch: 16 | Loss: 0.0019649493042379618  | Negative Loss: 0.0
[Test ROC-AUC]  -  SA: 0.00000,  LA: 0.88345
[Test AUPRC]  -  LA: 0.81114
[Test F1-max]  -  LA: 0.77333
Epoch: 17 | Loss: 0.0010487353429198265  | Negative Loss: 0.0
[Test ROC-AUC]  -  SA: 0.00000,  LA: 0.88636
[Test AUPRC]  -  LA: 0.81379
[Test F1-max]  -  LA: 0.78947
Epoch: 18 | Loss: 0.0005746664828620851  | Negative Loss: 0.0
[Test ROC-AUC]  -  SA: 0.00000,  LA: 0.88345
[Test AUPRC]  -  LA: 0.80579
[Test F1-max]  -  LA: 0.78378
Epoch: 19 | Loss: 0.0003230360453017056  | Negative Loss: 0.0
[Test ROC-AUC]  -  SA: 0.00000,  LA: 0.88345
[Test AUPRC]  -  LA: 0.80369
[Test F1-max]  -  LA: 0.78378
Epoch: 20 | Loss: 0.0001863646466517821  | Negative Loss: 0.0
[Test ROC-AUC]  -  SA: 0.00000,  LA: 0.88112
[Test AUPRC]  -  LA: 0.79986
[Test F1-max]  -  LA: 0.78378
Epoch: 21 | Loss: 0.00011031374742742628  | Negative Loss: 0.0
[Test ROC-AUC]  -  SA: 0.00000,  LA: 0.87995
[Test AUPRC]  -  LA: 0.79602
[Test F1-max]  -  LA: 0.78873
Epoch: 22 | Loss: 6.697084609186277e-05  | Negative Loss: 0.0
[Test ROC-AUC]  -  SA: 0.00000,  LA: 0.87704
[Test AUPRC]  -  LA: 0.79148
[Test F1-max]  -  LA: 0.78873
Epoch: 23 | Loss: 4.160367461736314e-05  | Negative Loss: 0.0
[Test ROC-AUC]  -  SA: 0.00000,  LA: 0.87529
[Test AUPRC]  -  LA: 0.78409
[Test F1-max]  -  LA: 0.80556
Epoch: 24 | Loss: 2.644047162903007e-05  | Negative Loss: 0.0
[Test ROC-AUC]  -  SA: 0.00000,  LA: 0.87471
[Test AUPRC]  -  LA: 0.78011
[Test F1-max]  -  LA: 0.80556
Epoch: 25 | Loss: 1.7428334103897214e-05  | Negative Loss: 0.0
[Test ROC-AUC]  -  SA: 0.00000,  LA: 0.87471
[Test AUPRC]  -  LA: 0.77676
[Test F1-max]  -  LA: 0.80556
Epoch: 26 | Loss: 1.1682482181640808e-05  | Negative Loss: 0.0
[Test ROC-AUC]  -  SA: 0.00000,  LA: 0.87354
[Test AUPRC]  -  LA: 0.77273
[Test F1-max]  -  LA: 0.80556
Epoch: 27 | Loss: 7.987009666976519e-06  | Negative Loss: 0.0
[Test ROC-AUC]  -  SA: 0.00000,  LA: 0.87063
[Test AUPRC]  -  LA: 0.76455
[Test F1-max]  -  LA: 0.80556
Epoch: 28 | Loss: 5.5551463447045535e-06  | Negative Loss: 0.0
[Test ROC-AUC]  -  SA: 0.00000,  LA: 0.86888
[Test AUPRC]  -  LA: 0.75587
[Test F1-max]  -  LA: 0.80556
Epoch: 29 | Loss: 3.981586814916227e-06  | Negative Loss: 0.0
[Test ROC-AUC]  -  SA: 0.00000,  LA: 0.86830
[Test AUPRC]  -  LA: 0.75505
[Test F1-max]  -  LA: 0.80556
Epoch: 30 | Loss: 2.932546522060875e-06  | Negative Loss: 0.0
[Test ROC-AUC]  -  SA: 0.00000,  LA: 0.86830
[Test AUPRC]  -  LA: 0.75337
[Test F1-max]  -  LA: 0.80556
Epoch: 31 | Loss: 2.2172919216245646e-06  | Negative Loss: 0.0
[Test ROC-AUC]  -  SA: 0.00000,  LA: 0.86830
[Test AUPRC]  -  LA: 0.75221
[Test F1-max]  -  LA: 0.80000
Epoch: 32 | Loss: 1.7166131556223263e-06  | Negative Loss: 0.0
[Test ROC-AUC]  -  SA: 0.00000,  LA: 0.86772
[Test AUPRC]  -  LA: 0.75095
[Test F1-max]  -  LA: 0.79452
Epoch: 33 | Loss: 1.2636180599656655e-06  | Negative Loss: 0.0
[Test ROC-AUC]  -  SA: 0.00000,  LA: 0.86772
[Test AUPRC]  -  LA: 0.75045
[Test F1-max]  -  LA: 0.79412
Epoch: 34 | Loss: 1.001357759378152e-06  | Negative Loss: 0.0
[Test ROC-AUC]  -  SA: 0.00000,  LA: 0.86655
[Test AUPRC]  -  LA: 0.74902
[Test F1-max]  -  LA: 0.79412
Epoch: 35 | Loss: 7.867811291362159e-07  | Negative Loss: 0.0
[Test ROC-AUC]  -  SA: 0.00000,  LA: 0.86713
[Test AUPRC]  -  LA: 0.74958
[Test F1-max]  -  LA: 0.79412
Epoch: 36 | Loss: 6.675719532722724e-07  | Negative Loss: 0.0
[Test ROC-AUC]  -  SA: 0.00000,  LA: 0.86655
[Test AUPRC]  -  LA: 0.74871
[Test F1-max]  -  LA: 0.79412
Epoch: 37 | Loss: 5.483626637214911e-07  | Negative Loss: 0.0
[Test ROC-AUC]  -  SA: 0.00000,  LA: 0.86538
[Test AUPRC]  -  LA: 0.74583
[Test F1-max]  -  LA: 0.79412
Epoch: 38 | Loss: 4.7683710135970614e-07  | Negative Loss: 0.0
[Test ROC-AUC]  -  SA: 0.00000,  LA: 0.86538
[Test AUPRC]  -  LA: 0.74465
[Test F1-max]  -  LA: 0.78378
Epoch: 39 | Loss: 4.0531153899792116e-07  | Negative Loss: 0.0
[Test ROC-AUC]  -  SA: 0.00000,  LA: 0.86480
[Test AUPRC]  -  LA: 0.74277
[Test F1-max]  -  LA: 0.78378
Epoch: 40 | Loss: 3.576278402306343e-07  | Negative Loss: 0.0
[Test ROC-AUC]  -  SA: 0.00000,  LA: 0.86305
[Test AUPRC]  -  LA: 0.73403
[Test F1-max]  -  LA: 0.78378
Epoch: 41 | Loss: 2.861022494471399e-07  | Negative Loss: 0.0
[Test ROC-AUC]  -  SA: 0.00000,  LA: 0.86364
[Test AUPRC]  -  LA: 0.73524
[Test F1-max]  -  LA: 0.78378
Epoch: 42 | Loss: 2.622604142743512e-07  | Negative Loss: 0.0
[Test ROC-AUC]  -  SA: 0.00000,  LA: 0.86247
[Test AUPRC]  -  LA: 0.73389
[Test F1-max]  -  LA: 0.78378
Epoch: 43 | Loss: 2.622604142743512e-07  | Negative Loss: 0.0
[Test ROC-AUC]  -  SA: 0.00000,  LA: 0.86131
[Test AUPRC]  -  LA: 0.73272
[Test F1-max]  -  LA: 0.78378
Epoch: 44 | Loss: 2.3841855067985307e-07  | Negative Loss: 0.0
[Test ROC-AUC]  -  SA: 0.00000,  LA: 0.85897
[Test AUPRC]  -  LA: 0.72752
[Test F1-max]  -  LA: 0.78378
Epoch: 45 | Loss: 2.3841855067985307e-07  | Negative Loss: 0.0
[Test ROC-AUC]  -  SA: 0.00000,  LA: 0.85897
[Test AUPRC]  -  LA: 0.72752
[Test F1-max]  -  LA: 0.78378
Epoch: 46 | Loss: 2.3841855067985307e-07  | Negative Loss: 0.0
[Test ROC-AUC]  -  SA: 0.00000,  LA: 0.86014
[Test AUPRC]  -  LA: 0.72889
[Test F1-max]  -  LA: 0.79452
Epoch: 47 | Loss: 2.1457670129620965e-07  | Negative Loss: 0.0
[Test ROC-AUC]  -  SA: 0.00000,  LA: 0.85956
[Test AUPRC]  -  LA: 0.72826
[Test F1-max]  -  LA: 0.79452
Epoch: 48 | Loss: 2.1457670129620965e-07  | Negative Loss: 0.0
[Test ROC-AUC]  -  SA: 0.00000,  LA: 0.86131
[Test AUPRC]  -  LA: 0.73248
[Test F1-max]  -  LA: 0.79452
Epoch: 49 | Loss: 1.9073485191256623e-07  | Negative Loss: 0.0
[Test ROC-AUC]  -  SA: 0.00000,  LA: 0.86131
[Test AUPRC]  -  LA: 0.73324
[Test F1-max]  -  LA: 0.78378
Epoch: 50 | Loss: 1.668929883180681e-07  | Negative Loss: 0.0
[Test ROC-AUC]  -  SA: 0.00000,  LA: 0.86131
[Test AUPRC]  -  LA: 0.73324
[Test F1-max]  -  LA: 0.78378
Epoch: 51 | Loss: 1.4305112472356996e-07  | Negative Loss: 0.0
[Test ROC-AUC]  -  SA: 0.00000,  LA: 0.86072
[Test AUPRC]  -  LA: 0.73253
[Test F1-max]  -  LA: 0.78378
Epoch: 52 | Loss: 1.1920928244535389e-07  | Negative Loss: 0.0
[Test ROC-AUC]  -  SA: 0.00000,  LA: 0.86072
[Test AUPRC]  -  LA: 0.73253
[Test F1-max]  -  LA: 0.78378
Epoch: 53 | Loss: 1.1920928244535389e-07  | Negative Loss: 0.0
[Test ROC-AUC]  -  SA: 0.00000,  LA: 0.86014
[Test AUPRC]  -  LA: 0.73188
[Test F1-max]  -  LA: 0.78378
Epoch: 54 | Loss: 9.536742595628311e-08  | Negative Loss: 0.0
[Test ROC-AUC]  -  SA: 0.00000,  LA: 0.86014
[Test AUPRC]  -  LA: 0.73188
[Test F1-max]  -  LA: 0.78378
Epoch: 55 | Loss: 9.536742595628311e-08  | Negative Loss: 0.0
[Test ROC-AUC]  -  SA: 0.00000,  LA: 0.86014
[Test AUPRC]  -  LA: 0.73188
[Test F1-max]  -  LA: 0.78378
Epoch: 56 | Loss: 9.536742595628311e-08  | Negative Loss: 0.0
[Test ROC-AUC]  -  SA: 0.00000,  LA: 0.86014
[Test AUPRC]  -  LA: 0.73188
[Test F1-max]  -  LA: 0.78378
Epoch: 57 | Loss: 4.768371297814156e-08  | Negative Loss: 0.0
[Test ROC-AUC]  -  SA: 0.00000,  LA: 0.86014
[Test AUPRC]  -  LA: 0.73188
[Test F1-max]  -  LA: 0.78378
Epoch: 58 | Loss: 4.768371297814156e-08  | Negative Loss: 0.0
[Test ROC-AUC]  -  SA: 0.00000,  LA: 0.86014
[Test AUPRC]  -  LA: 0.73188
[Test F1-max]  -  LA: 0.78378
Epoch: 59 | Loss: 4.768371297814156e-08  | Negative Loss: 0.0
[Test ROC-AUC]  -  SA: 0.00000,  LA: 0.86014
[Test AUPRC]  -  LA: 0.73188
[Test F1-max]  -  LA: 0.78378
Epoch: 60 | Loss: 4.768371297814156e-08  | Negative Loss: 0.0
[Test ROC-AUC]  -  SA: 0.00000,  LA: 0.86014
[Test AUPRC]  -  LA: 0.73188
[Test F1-max]  -  LA: 0.78378
Epoch: 61 | Loss: 4.768371297814156e-08  | Negative Loss: 0.0
[Test ROC-AUC]  -  SA: 0.00000,  LA: 0.86014
[Test AUPRC]  -  LA: 0.73188
[Test F1-max]  -  LA: 0.78378
Epoch: 62 | Loss: 2.384185648907078e-08  | Negative Loss: 0.0
[Test ROC-AUC]  -  SA: 0.00000,  LA: 0.86014
[Test AUPRC]  -  LA: 0.73188
[Test F1-max]  -  LA: 0.78378
Epoch: 63 | Loss: 2.384185648907078e-08  | Negative Loss: 0.0
[Test ROC-AUC]  -  SA: 0.00000,  LA: 0.85956
[Test AUPRC]  -  LA: 0.73088
[Test F1-max]  -  LA: 0.78378
Epoch: 64 | Loss: 2.384185648907078e-08  | Negative Loss: 0.0
[Test ROC-AUC]  -  SA: 0.00000,  LA: 0.85956
[Test AUPRC]  -  LA: 0.73088
[Test F1-max]  -  LA: 0.78378
Epoch: 65 | Loss: 2.384185648907078e-08  | Negative Loss: 0.0
[Test ROC-AUC]  -  SA: 0.00000,  LA: 0.86131
[Test AUPRC]  -  LA: 0.73224
[Test F1-max]  -  LA: 0.78873
Epoch: 66 | Loss: 2.384185648907078e-08  | Negative Loss: 0.0
[Test ROC-AUC]  -  SA: 0.00000,  LA: 0.86072
[Test AUPRC]  -  LA: 0.73185
[Test F1-max]  -  LA: 0.78873
Epoch: 67 | Loss: 2.384185648907078e-08  | Negative Loss: 0.0
[Test ROC-AUC]  -  SA: 0.00000,  LA: 0.86014
[Test AUPRC]  -  LA: 0.73068
[Test F1-max]  -  LA: 0.78873
Epoch: 68 | Loss: 2.384185648907078e-08  | Negative Loss: 0.0
[Test ROC-AUC]  -  SA: 0.00000,  LA: 0.85956
[Test AUPRC]  -  LA: 0.72966
[Test F1-max]  -  LA: 0.78873
Epoch: 69 | Loss: 2.384185648907078e-08  | Negative Loss: 0.0
[Test ROC-AUC]  -  SA: 0.00000,  LA: 0.85956
[Test AUPRC]  -  LA: 0.72966
[Test F1-max]  -  LA: 0.78873
Epoch: 70 | Loss: 2.384185648907078e-08  | Negative Loss: 0.0
[Test ROC-AUC]  -  SA: 0.00000,  LA: 0.85897
[Test AUPRC]  -  LA: 0.72888
[Test F1-max]  -  LA: 0.78873
Epoch: 71 | Loss: 2.384185648907078e-08  | Negative Loss: 0.0
[Test ROC-AUC]  -  SA: 0.00000,  LA: 0.85897
[Test AUPRC]  -  LA: 0.72888
[Test F1-max]  -  LA: 0.78873
Epoch: 72 | Loss: 2.384185648907078e-08  | Negative Loss: 0.0
[Test ROC-AUC]  -  SA: 0.00000,  LA: 0.85897
[Test AUPRC]  -  LA: 0.72888
[Test F1-max]  -  LA: 0.78873
Epoch: 73 | Loss: 2.384185648907078e-08  | Negative Loss: 0.0
[Test ROC-AUC]  -  SA: 0.00000,  LA: 0.85897
[Test AUPRC]  -  LA: 0.72888
[Test F1-max]  -  LA: 0.78873
Epoch: 74 | Loss: 2.384185648907078e-08  | Negative Loss: 0.0
[Test ROC-AUC]  -  SA: 0.00000,  LA: 0.85839
[Test AUPRC]  -  LA: 0.72809
[Test F1-max]  -  LA: 0.78873
Epoch: 75 | Loss: 2.384185648907078e-08  | Negative Loss: 0.0
[Test ROC-AUC]  -  SA: 0.00000,  LA: 0.85839
[Test AUPRC]  -  LA: 0.72809
[Test F1-max]  -  LA: 0.78873
Epoch: 76 | Loss: 2.384185648907078e-08  | Negative Loss: 0.0
[Test ROC-AUC]  -  SA: 0.00000,  LA: 0.85723
[Test AUPRC]  -  LA: 0.72697
[Test F1-max]  -  LA: 0.78378
Epoch: 77 | Loss: 2.384185648907078e-08  | Negative Loss: 0.0
[Test ROC-AUC]  -  SA: 0.00000,  LA: 0.85664
[Test AUPRC]  -  LA: 0.72615
[Test F1-max]  -  LA: 0.78378
Epoch: 78 | Loss: 2.384185648907078e-08  | Negative Loss: 0.0
[Test ROC-AUC]  -  SA: 0.00000,  LA: 0.85664
[Test AUPRC]  -  LA: 0.72615
[Test F1-max]  -  LA: 0.78378
Epoch: 79 | Loss: 2.384185648907078e-08  | Negative Loss: 0.0
[Test ROC-AUC]  -  SA: 0.00000,  LA: 0.85606
[Test AUPRC]  -  LA: 0.72543
[Test F1-max]  -  LA: 0.78378
Epoch: 80 | Loss: 2.384185648907078e-08  | Negative Loss: 0.0
[Test ROC-AUC]  -  SA: 0.00000,  LA: 0.85606
[Test AUPRC]  -  LA: 0.72543
[Test F1-max]  -  LA: 0.78378
Epoch: 81 | Loss: 2.384185648907078e-08  | Negative Loss: 0.0
[Test ROC-AUC]  -  SA: 0.00000,  LA: 0.85664
[Test AUPRC]  -  LA: 0.72589
[Test F1-max]  -  LA: 0.78378
Epoch: 82 | Loss: 2.384185648907078e-08  | Negative Loss: 0.0
[Test ROC-AUC]  -  SA: 0.00000,  LA: 0.85664
[Test AUPRC]  -  LA: 0.72589
[Test F1-max]  -  LA: 0.78378
Epoch: 83 | Loss: 2.384185648907078e-08  | Negative Loss: 0.0
[Test ROC-AUC]  -  SA: 0.00000,  LA: 0.85606
[Test AUPRC]  -  LA: 0.72484
[Test F1-max]  -  LA: 0.78378
Epoch: 84 | Loss: 2.384185648907078e-08  | Negative Loss: 0.0
[Test ROC-AUC]  -  SA: 0.00000,  LA: 0.85606
[Test AUPRC]  -  LA: 0.72484
[Test F1-max]  -  LA: 0.78378
Epoch: 85 | Loss: 2.384185648907078e-08  | Negative Loss: 0.0
[Test ROC-AUC]  -  SA: 0.00000,  LA: 0.85606
[Test AUPRC]  -  LA: 0.72484
[Test F1-max]  -  LA: 0.78378
Epoch: 86 | Loss: 2.384185648907078e-08  | Negative Loss: 0.0
[Test ROC-AUC]  -  SA: 0.00000,  LA: 0.85693
[Test AUPRC]  -  LA: 0.72580
[Test F1-max]  -  LA: 0.78378
Epoch: 87 | Loss: 2.384185648907078e-08  | Negative Loss: 0.0
[Test ROC-AUC]  -  SA: 0.00000,  LA: 0.85723
[Test AUPRC]  -  LA: 0.72413
[Test F1-max]  -  LA: 0.79452
Epoch: 88 | Loss: 0.0  | Negative Loss: 0.0
Time consumption: 85.0513288974762
Best LA AUC: 0.9061771561771561
Best LA AUPC: 0.8752851856656303
Best LA F1-max: 0.8055555555555556
[Result] Experiment result appended to ./results/train_hybrid_result.csv

[END] 2026-03-18 15:55:07
[RETURN CODE] 0
