[START] 2026-03-18 15:03:04
[GPU] 2
[INDEX] 17/40
[COMMAND] python train_hybrid.py --data_name banana_juice --mask True --text True --double_encoder True --few_shot True --shot 5 --hybrid_model winclip --hybrid_weight 0.3 --hybrid_batch_size 16 --epoch 100 --log True --lr 5e-4 --detection True --preprocess True

/home/seungeon/miniconda3/envs/LAB/lib/python3.10/site-packages/timm/models/layers/__init__.py:48: FutureWarning: Importing from timm.models.layers is deprecated, please import via timm.layers
  warnings.warn(f"Importing from {__name__} is deprecated, please import via timm.layers", FutureWarning)
/home/seungeon/Workspace/side/vlm/train_hybrid.py:18: DeprecationWarning: The distutils package is deprecated and slated for removal in Python 3.12. Use setuptools or check PEP 632 for potential alternatives
  from distutils.util import strtobool
Torch version: 2.9.1+cu128
cuda is loaded for process
here?
In my local computer
Namespace(epoch=100, gpu_number='0', data_name='banana_juice', lr=0.0005, batch_size=6, shuffle=True, seed=0, tag='default', model_name='ViT-B-32', pretrained_name='laion2b_s34b_b79k', lora=1, default=False, foundation='CLIP', detection=1, preprocess=1, num_rule=0, object_names=['a banana picture label', 'a 100% text label', 'a bottle cap', 'a black background'], objects_for_rules=[['a banana picture label'], ['a banana picture label', 'a 100% text label'], ['a banana picture label'], ['a 100% text label'], ['a banana picture label', 'a 100% text label']], texts_for_rules=[['a photo of banana picture label'], ['a photo of banana picture label and 100% text label'], ['a photo of banana picture label'], ['a photo of 100% text label'], ['a photo of banana picture label and 100% text label']], mask=1, text=1, score='mean', ciriculam_learning=False, few_shot=1, shot=5, log=1, neg_loss=0, double_encoder=1, pretrained_count_path=None, ris=0, rule_select='', rule_list=[], num_negative=5, hybrid_model='winclip', hybrid_weight=0.3, hybrid_class_name='', hybrid_batch_size=16, hybrid_backbone='ViT-B-16-plus-240', hybrid_pretrained_dataset='laion400m_e32', hybrid_scales=[2, 3], hybrid_img_resize=240, hybrid_img_cropsize=240, hybrid_resolution=400, hybrid_promptad_epoch=100, hybrid_promptad_lr=0.002, hybrid_promptad_momentum=0.9, hybrid_promptad_weight_decay=0.0005, hybrid_promptad_eta_min=1e-05, hybrid_promptad_lambda1=0.001, hybrid_promptad_n_ctx=4, hybrid_promptad_n_pro=3, hybrid_promptad_n_ctx_ab=1, hybrid_promptad_n_pro_ab=4, early_stop_k=10, result_log_path='./results/train_hybrid_result.csv')
[Hybrid] method=winclip, class_name=juice_bottle, train=5, eval=85, base_path=/data3/seungeon/data/image/mvtec_loco_anomaly_detection/banana_juice
grid 240 16 (15, 15)
[Hybrid-only] LA_AUC=0.70455, LA_AUPRC=0.47879, LA_F1=0.71264
[Data Description]
- Train: 5
- Test: 85

Train Start
[Test ROC-AUC]  -  SA: 0.00000,  LA: 0.59149
[Test AUPRC]  -  LA: 0.40619
[Test F1-max]  -  LA: 0.64078
Epoch: 0 | Loss: 13.632314682006836  | Negative Loss: 0.0
[Test ROC-AUC]  -  SA: 0.00000,  LA: 0.59848
[Test AUPRC]  -  LA: 0.41126
[Test F1-max]  -  LA: 0.64078
Epoch: 1 | Loss: 13.500738143920898  | Negative Loss: 0.0
[Test ROC-AUC]  -  SA: 0.00000,  LA: 0.68007
[Test AUPRC]  -  LA: 0.48739
[Test F1-max]  -  LA: 0.66667
Epoch: 2 | Loss: 12.230366706848145  | Negative Loss: 0.0
[Test ROC-AUC]  -  SA: 0.00000,  LA: 0.78730
[Test AUPRC]  -  LA: 0.60181
[Test F1-max]  -  LA: 0.73563
Epoch: 3 | Loss: 10.11193561553955  | Negative Loss: 0.0
[Test ROC-AUC]  -  SA: 0.00000,  LA: 0.83974
[Test AUPRC]  -  LA: 0.68207
[Test F1-max]  -  LA: 0.79012
Epoch: 4 | Loss: 7.501848220825195  | Negative Loss: 0.0
[Test ROC-AUC]  -  SA: 0.00000,  LA: 0.86655
[Test AUPRC]  -  LA: 0.73712
[Test F1-max]  -  LA: 0.81013
Epoch: 5 | Loss: 5.011598587036133  | Negative Loss: 0.0
[Test ROC-AUC]  -  SA: 0.00000,  LA: 0.89044
[Test AUPRC]  -  LA: 0.74550
[Test F1-max]  -  LA: 0.81013
Epoch: 6 | Loss: 3.11771297454834  | Negative Loss: 0.0
[Test ROC-AUC]  -  SA: 0.00000,  LA: 0.90035
[Test AUPRC]  -  LA: 0.76660
[Test F1-max]  -  LA: 0.82051
Epoch: 7 | Loss: 1.897540807723999  | Negative Loss: 0.0
[Test ROC-AUC]  -  SA: 0.00000,  LA: 0.90618
[Test AUPRC]  -  LA: 0.77755
[Test F1-max]  -  LA: 0.83544
Epoch: 8 | Loss: 1.1302653551101685  | Negative Loss: 0.0
[Test ROC-AUC]  -  SA: 0.00000,  LA: 0.90734
[Test AUPRC]  -  LA: 0.78204
[Test F1-max]  -  LA: 0.82857
Epoch: 9 | Loss: 0.6335948705673218  | Negative Loss: 0.0
[Test ROC-AUC]  -  SA: 0.00000,  LA: 0.90967
[Test AUPRC]  -  LA: 0.78333
[Test F1-max]  -  LA: 0.83544
Epoch: 10 | Loss: 0.31761378049850464  | Negative Loss: 0.0
[Test ROC-AUC]  -  SA: 0.00000,  LA: 0.90268
[Test AUPRC]  -  LA: 0.76962
[Test F1-max]  -  LA: 0.83544
Epoch: 11 | Loss: 0.1462724804878235  | Negative Loss: 0.0
[Test ROC-AUC]  -  SA: 0.00000,  LA: 0.89161
[Test AUPRC]  -  LA: 0.74077
[Test F1-max]  -  LA: 0.83544
Epoch: 12 | Loss: 0.0657527893781662  | Negative Loss: 0.0
[Test ROC-AUC]  -  SA: 0.00000,  LA: 0.88636
[Test AUPRC]  -  LA: 0.72896
[Test F1-max]  -  LA: 0.83117
Epoch: 13 | Loss: 0.02998293563723564  | Negative Loss: 0.0
[Test ROC-AUC]  -  SA: 0.00000,  LA: 0.88520
[Test AUPRC]  -  LA: 0.72331
[Test F1-max]  -  LA: 0.84211
Epoch: 14 | Loss: 0.014115571975708008  | Negative Loss: 0.0
[Test ROC-AUC]  -  SA: 0.00000,  LA: 0.88287
[Test AUPRC]  -  LA: 0.73754
[Test F1-max]  -  LA: 0.84211
Epoch: 15 | Loss: 0.006912884768098593  | Negative Loss: 0.0
[Test ROC-AUC]  -  SA: 0.00000,  LA: 0.87704
[Test AUPRC]  -  LA: 0.72695
[Test F1-max]  -  LA: 0.83117
Epoch: 16 | Loss: 0.003509693779051304  | Negative Loss: 0.0
[Test ROC-AUC]  -  SA: 0.00000,  LA: 0.86830
[Test AUPRC]  -  LA: 0.71845
[Test F1-max]  -  LA: 0.79012
Epoch: 17 | Loss: 0.0018479791469871998  | Negative Loss: 0.0
[Test ROC-AUC]  -  SA: 0.00000,  LA: 0.86364
[Test AUPRC]  -  LA: 0.71516
[Test F1-max]  -  LA: 0.78571
Epoch: 18 | Loss: 0.001007602084428072  | Negative Loss: 0.0
[Test ROC-AUC]  -  SA: 0.00000,  LA: 0.85490
[Test AUPRC]  -  LA: 0.70512
[Test F1-max]  -  LA: 0.78571
Epoch: 19 | Loss: 0.0005672610714100301  | Negative Loss: 0.0
[Test ROC-AUC]  -  SA: 0.00000,  LA: 0.84557
[Test AUPRC]  -  LA: 0.69230
[Test F1-max]  -  LA: 0.78049
[Early Stopping] LA AUROC dropped for 10 consecutive epochs. Stop at epoch 21/100.
Time consumption: 19.82697558403015
Best LA AUC: 0.9096736596736597
Best LA AUPC: 0.7833262111920573
Best LA F1-max: 0.8421052631578948
[Result] Experiment result appended to ./results/train_hybrid_result.csv

[END] 2026-03-18 15:05:32
[RETURN CODE] 0
