[START] 2026-03-18 15:58:32
[GPU] 2
[INDEX] 33/40
[COMMAND] python train_hybrid.py --data_name banana_juice --mask True --text True --double_encoder True --few_shot True --shot 5 --hybrid_model promptad --hybrid_weight 0.3 --hybrid_batch_size 16 --epoch 100 --log True --lr 5e-4 --detection True --preprocess True

/home/seungeon/miniconda3/envs/LAB/lib/python3.10/site-packages/timm/models/layers/__init__.py:48: FutureWarning: Importing from timm.models.layers is deprecated, please import via timm.layers
  warnings.warn(f"Importing from {__name__} is deprecated, please import via timm.layers", FutureWarning)
/home/seungeon/Workspace/side/vlm/train_hybrid.py:18: DeprecationWarning: The distutils package is deprecated and slated for removal in Python 3.12. Use setuptools or check PEP 632 for potential alternatives
  from distutils.util import strtobool
Torch version: 2.9.1+cu128
cuda is loaded for process
here?
In my local computer
Namespace(epoch=100, gpu_number='0', data_name='banana_juice', lr=0.0005, batch_size=6, shuffle=True, seed=0, tag='default', model_name='ViT-B-32', pretrained_name='laion2b_s34b_b79k', lora=1, default=False, foundation='CLIP', detection=1, preprocess=1, num_rule=0, object_names=['a banana picture label', 'a 100% text label', 'a bottle cap', 'a black background'], objects_for_rules=[['a banana picture label'], ['a banana picture label', 'a 100% text label'], ['a banana picture label'], ['a 100% text label'], ['a banana picture label', 'a 100% text label']], texts_for_rules=[['a photo of banana picture label'], ['a photo of banana picture label and 100% text label'], ['a photo of banana picture label'], ['a photo of 100% text label'], ['a photo of banana picture label and 100% text label']], mask=1, text=1, score='mean', ciriculam_learning=False, few_shot=1, shot=5, log=1, neg_loss=0, double_encoder=1, pretrained_count_path=None, ris=0, rule_select='', rule_list=[], num_negative=5, hybrid_model='promptad', hybrid_weight=0.3, hybrid_class_name='', hybrid_batch_size=16, hybrid_backbone='ViT-B-16-plus-240', hybrid_pretrained_dataset='laion400m_e32', hybrid_scales=[2, 3], hybrid_img_resize=240, hybrid_img_cropsize=240, hybrid_resolution=400, hybrid_promptad_epoch=100, hybrid_promptad_lr=0.002, hybrid_promptad_momentum=0.9, hybrid_promptad_weight_decay=0.0005, hybrid_promptad_eta_min=1e-05, hybrid_promptad_lambda1=0.001, hybrid_promptad_n_ctx=4, hybrid_promptad_n_pro=3, hybrid_promptad_n_ctx_ab=1, hybrid_promptad_n_pro_ab=4, early_stop_k=10, result_log_path='./results/train_hybrid_result.csv')
[Hybrid] method=promptad, class_name=juice_bottle, train=5, eval=85, base_path=/data3/seungeon/data/image/mvtec_loco_anomaly_detection/banana_juice
[Hybrid-only] LA_AUC=0.86160, LA_AUPRC=0.76241, LA_F1=0.78481
[Data Description]
- Train: 5
- Test: 85

Train Start
[Test ROC-AUC]  -  SA: 0.00000,  LA: 0.56585
[Test AUPRC]  -  LA: 0.44862
[Test F1-max]  -  LA: 0.57778
Epoch: 0 | Loss: 8.070682525634766  | Negative Loss: 0.0
[Test ROC-AUC]  -  SA: 0.00000,  LA: 0.57051
[Test AUPRC]  -  LA: 0.45030
[Test F1-max]  -  LA: 0.57778
Epoch: 1 | Loss: 7.985004425048828  | Negative Loss: 0.0
[Test ROC-AUC]  -  SA: 0.00000,  LA: 0.67016
[Test AUPRC]  -  LA: 0.53071
[Test F1-max]  -  LA: 0.60976
Epoch: 2 | Loss: 7.122047424316406  | Negative Loss: 0.0
[Test ROC-AUC]  -  SA: 0.00000,  LA: 0.77855
[Test AUPRC]  -  LA: 0.68582
[Test F1-max]  -  LA: 0.66667
Epoch: 3 | Loss: 5.7007036209106445  | Negative Loss: 0.0
[Test ROC-AUC]  -  SA: 0.00000,  LA: 0.82517
[Test AUPRC]  -  LA: 0.73547
[Test F1-max]  -  LA: 0.72000
Epoch: 4 | Loss: 4.023094177246094  | Negative Loss: 0.0
[Test ROC-AUC]  -  SA: 0.00000,  LA: 0.84615
[Test AUPRC]  -  LA: 0.79864
[Test F1-max]  -  LA: 0.74286
Epoch: 5 | Loss: 2.571455717086792  | Negative Loss: 0.0
[Test ROC-AUC]  -  SA: 0.00000,  LA: 0.85082
[Test AUPRC]  -  LA: 0.79850
[Test F1-max]  -  LA: 0.73973
Epoch: 6 | Loss: 1.5474350452423096  | Negative Loss: 0.0
[Test ROC-AUC]  -  SA: 0.00000,  LA: 0.84907
[Test AUPRC]  -  LA: 0.79221
[Test F1-max]  -  LA: 0.75325
Epoch: 7 | Loss: 0.892186164855957  | Negative Loss: 0.0
[Test ROC-AUC]  -  SA: 0.00000,  LA: 0.84441
[Test AUPRC]  -  LA: 0.78860
[Test F1-max]  -  LA: 0.74359
Epoch: 8 | Loss: 0.48887377977371216  | Negative Loss: 0.0
[Test ROC-AUC]  -  SA: 0.00000,  LA: 0.84674
[Test AUPRC]  -  LA: 0.76452
[Test F1-max]  -  LA: 0.74359
Epoch: 9 | Loss: 0.24673330783843994  | Negative Loss: 0.0
[Test ROC-AUC]  -  SA: 0.00000,  LA: 0.85082
[Test AUPRC]  -  LA: 0.75686
[Test F1-max]  -  LA: 0.74627
Epoch: 10 | Loss: 0.11720897257328033  | Negative Loss: 0.0
[Test ROC-AUC]  -  SA: 0.00000,  LA: 0.85315
[Test AUPRC]  -  LA: 0.75325
[Test F1-max]  -  LA: 0.73529
Epoch: 11 | Loss: 0.05427410826086998  | Negative Loss: 0.0
[Test ROC-AUC]  -  SA: 0.00000,  LA: 0.85140
[Test AUPRC]  -  LA: 0.74974
[Test F1-max]  -  LA: 0.73529
Epoch: 12 | Loss: 0.025035683065652847  | Negative Loss: 0.0
[Test ROC-AUC]  -  SA: 0.00000,  LA: 0.84674
[Test AUPRC]  -  LA: 0.73094
[Test F1-max]  -  LA: 0.73563
Epoch: 13 | Loss: 0.011760273948311806  | Negative Loss: 0.0
[Test ROC-AUC]  -  SA: 0.00000,  LA: 0.84499
[Test AUPRC]  -  LA: 0.72747
[Test F1-max]  -  LA: 0.73563
Epoch: 14 | Loss: 0.005659850314259529  | Negative Loss: 0.0
[Test ROC-AUC]  -  SA: 0.00000,  LA: 0.84324
[Test AUPRC]  -  LA: 0.72404
[Test F1-max]  -  LA: 0.73684
Epoch: 15 | Loss: 0.002803110983222723  | Negative Loss: 0.0
[Test ROC-AUC]  -  SA: 0.00000,  LA: 0.84382
[Test AUPRC]  -  LA: 0.72203
[Test F1-max]  -  LA: 0.74667
Epoch: 16 | Loss: 0.0014242164324969053  | Negative Loss: 0.0
[Test ROC-AUC]  -  SA: 0.00000,  LA: 0.84207
[Test AUPRC]  -  LA: 0.72496
[Test F1-max]  -  LA: 0.74667
Epoch: 17 | Loss: 0.0007460300112143159  | Negative Loss: 0.0
[Test ROC-AUC]  -  SA: 0.00000,  LA: 0.84441
[Test AUPRC]  -  LA: 0.73305
[Test F1-max]  -  LA: 0.75949
Epoch: 18 | Loss: 0.0004028988187201321  | Negative Loss: 0.0
[Test ROC-AUC]  -  SA: 0.00000,  LA: 0.84207
[Test AUPRC]  -  LA: 0.72803
[Test F1-max]  -  LA: 0.75325
Epoch: 19 | Loss: 0.0002244147181045264  | Negative Loss: 0.0
[Test ROC-AUC]  -  SA: 0.00000,  LA: 0.84266
[Test AUPRC]  -  LA: 0.72800
[Test F1-max]  -  LA: 0.75325
Epoch: 20 | Loss: 0.00012914848048239946  | Negative Loss: 0.0
[Test ROC-AUC]  -  SA: 0.00000,  LA: 0.84499
[Test AUPRC]  -  LA: 0.73471
[Test F1-max]  -  LA: 0.76190
Epoch: 21 | Loss: 7.662671850994229e-05  | Negative Loss: 0.0
[Test ROC-AUC]  -  SA: 0.00000,  LA: 0.84499
[Test AUPRC]  -  LA: 0.73462
[Test F1-max]  -  LA: 0.76190
Epoch: 22 | Loss: 4.706344407168217e-05  | Negative Loss: 0.0
[Test ROC-AUC]  -  SA: 0.00000,  LA: 0.84382
[Test AUPRC]  -  LA: 0.73279
[Test F1-max]  -  LA: 0.76190
Epoch: 23 | Loss: 2.9802165954606608e-05  | Negative Loss: 0.0
[Test ROC-AUC]  -  SA: 0.00000,  LA: 0.84207
[Test AUPRC]  -  LA: 0.72440
[Test F1-max]  -  LA: 0.76190
Epoch: 24 | Loss: 1.9287996110506356e-05  | Negative Loss: 0.0
[Test ROC-AUC]  -  SA: 0.00000,  LA: 0.84382
[Test AUPRC]  -  LA: 0.72600
[Test F1-max]  -  LA: 0.77108
Epoch: 25 | Loss: 1.2993781638215296e-05  | Negative Loss: 0.0
[Test ROC-AUC]  -  SA: 0.00000,  LA: 0.84324
[Test AUPRC]  -  LA: 0.72366
[Test F1-max]  -  LA: 0.77108
Epoch: 26 | Loss: 8.892998266674113e-06  | Negative Loss: 0.0
[Test ROC-AUC]  -  SA: 0.00000,  LA: 0.84149
[Test AUPRC]  -  LA: 0.72031
[Test F1-max]  -  LA: 0.77108
Epoch: 27 | Loss: 6.246559223654913e-06  | Negative Loss: 0.0
[Test ROC-AUC]  -  SA: 0.00000,  LA: 0.84033
[Test AUPRC]  -  LA: 0.71691
[Test F1-max]  -  LA: 0.77647
Epoch: 28 | Loss: 4.5299489102035295e-06  | Negative Loss: 0.0
[Test ROC-AUC]  -  SA: 0.00000,  LA: 0.83916
[Test AUPRC]  -  LA: 0.71358
[Test F1-max]  -  LA: 0.78049
Epoch: 29 | Loss: 3.2901739359658677e-06  | Negative Loss: 0.0
[Test ROC-AUC]  -  SA: 0.00000,  LA: 0.83916
[Test AUPRC]  -  LA: 0.71358
[Test F1-max]  -  LA: 0.78049
Epoch: 30 | Loss: 2.5272354378103046e-06  | Negative Loss: 0.0
[Test ROC-AUC]  -  SA: 0.00000,  LA: 0.83683
[Test AUPRC]  -  LA: 0.70926
[Test F1-max]  -  LA: 0.78049
Epoch: 31 | Loss: 2.0265570128685795e-06  | Negative Loss: 0.0
[Test ROC-AUC]  -  SA: 0.00000,  LA: 0.83683
[Test AUPRC]  -  LA: 0.70926
[Test F1-max]  -  LA: 0.78049
Epoch: 32 | Loss: 1.5020364116935525e-06  | Negative Loss: 0.0
[Test ROC-AUC]  -  SA: 0.00000,  LA: 0.83741
[Test AUPRC]  -  LA: 0.70963
[Test F1-max]  -  LA: 0.78571
Epoch: 33 | Loss: 1.2397763384797145e-06  | Negative Loss: 0.0
[Test ROC-AUC]  -  SA: 0.00000,  LA: 0.83741
[Test AUPRC]  -  LA: 0.70963
[Test F1-max]  -  LA: 0.78571
Epoch: 34 | Loss: 9.536740890325746e-07  | Negative Loss: 0.0
[Test ROC-AUC]  -  SA: 0.00000,  LA: 0.83683
[Test AUPRC]  -  LA: 0.70832
[Test F1-max]  -  LA: 0.78571
Epoch: 35 | Loss: 8.106230211524235e-07  | Negative Loss: 0.0
[Test ROC-AUC]  -  SA: 0.00000,  LA: 0.83800
[Test AUPRC]  -  LA: 0.70949
[Test F1-max]  -  LA: 0.78571
Epoch: 36 | Loss: 6.437300612560648e-07  | Negative Loss: 0.0
[Test ROC-AUC]  -  SA: 0.00000,  LA: 0.83858
[Test AUPRC]  -  LA: 0.71007
[Test F1-max]  -  LA: 0.78571
Epoch: 37 | Loss: 5.722045557376987e-07  | Negative Loss: 0.0
[Test ROC-AUC]  -  SA: 0.00000,  LA: 0.83858
[Test AUPRC]  -  LA: 0.71007
[Test F1-max]  -  LA: 0.78571
Epoch: 38 | Loss: 5.006789365324948e-07  | Negative Loss: 0.0
[Test ROC-AUC]  -  SA: 0.00000,  LA: 0.83974
[Test AUPRC]  -  LA: 0.71143
[Test F1-max]  -  LA: 0.78571
Epoch: 39 | Loss: 4.053115674196306e-07  | Negative Loss: 0.0
[Test ROC-AUC]  -  SA: 0.00000,  LA: 0.83916
[Test AUPRC]  -  LA: 0.71064
[Test F1-max]  -  LA: 0.78571
Epoch: 40 | Loss: 3.81469675403423e-07  | Negative Loss: 0.0
[Test ROC-AUC]  -  SA: 0.00000,  LA: 0.83916
[Test AUPRC]  -  LA: 0.71064
[Test F1-max]  -  LA: 0.78571
Epoch: 41 | Loss: 3.0994411304163805e-07  | Negative Loss: 0.0
[Test ROC-AUC]  -  SA: 0.00000,  LA: 0.83916
[Test AUPRC]  -  LA: 0.71064
[Test F1-max]  -  LA: 0.78571
Epoch: 42 | Loss: 2.8610227786884934e-07  | Negative Loss: 0.0
[Test ROC-AUC]  -  SA: 0.00000,  LA: 0.84091
[Test AUPRC]  -  LA: 0.71249
[Test F1-max]  -  LA: 0.78571
Epoch: 43 | Loss: 2.622604142743512e-07  | Negative Loss: 0.0
[Test ROC-AUC]  -  SA: 0.00000,  LA: 0.84091
[Test AUPRC]  -  LA: 0.71249
[Test F1-max]  -  LA: 0.78571
Epoch: 44 | Loss: 2.1457670129620965e-07  | Negative Loss: 0.0
[Test ROC-AUC]  -  SA: 0.00000,  LA: 0.84149
[Test AUPRC]  -  LA: 0.71380
[Test F1-max]  -  LA: 0.78571
Epoch: 45 | Loss: 1.9073485191256623e-07  | Negative Loss: 0.0
[Test ROC-AUC]  -  SA: 0.00000,  LA: 0.84149
[Test AUPRC]  -  LA: 0.71401
[Test F1-max]  -  LA: 0.78571
Epoch: 46 | Loss: 1.9073485191256623e-07  | Negative Loss: 0.0
[Test ROC-AUC]  -  SA: 0.00000,  LA: 0.84149
[Test AUPRC]  -  LA: 0.71401
[Test F1-max]  -  LA: 0.78571
Epoch: 47 | Loss: 1.668929883180681e-07  | Negative Loss: 0.0
[Test ROC-AUC]  -  SA: 0.00000,  LA: 0.84266
[Test AUPRC]  -  LA: 0.71569
[Test F1-max]  -  LA: 0.79518
Epoch: 48 | Loss: 1.668929883180681e-07  | Negative Loss: 0.0
[Test ROC-AUC]  -  SA: 0.00000,  LA: 0.84266
[Test AUPRC]  -  LA: 0.71569
[Test F1-max]  -  LA: 0.79518
Epoch: 49 | Loss: 1.668929883180681e-07  | Negative Loss: 0.0
[Test ROC-AUC]  -  SA: 0.00000,  LA: 0.84207
[Test AUPRC]  -  LA: 0.71497
[Test F1-max]  -  LA: 0.79518
Epoch: 50 | Loss: 1.668929883180681e-07  | Negative Loss: 0.0
[Test ROC-AUC]  -  SA: 0.00000,  LA: 0.84207
[Test AUPRC]  -  LA: 0.71496
[Test F1-max]  -  LA: 0.79518
Epoch: 51 | Loss: 1.668929883180681e-07  | Negative Loss: 0.0
[Test ROC-AUC]  -  SA: 0.00000,  LA: 0.84266
[Test AUPRC]  -  LA: 0.71544
[Test F1-max]  -  LA: 0.79518
Epoch: 52 | Loss: 1.668929883180681e-07  | Negative Loss: 0.0
[Test ROC-AUC]  -  SA: 0.00000,  LA: 0.84266
[Test AUPRC]  -  LA: 0.71544
[Test F1-max]  -  LA: 0.79518
Epoch: 53 | Loss: 1.4305112472356996e-07  | Negative Loss: 0.0
[Test ROC-AUC]  -  SA: 0.00000,  LA: 0.84382
[Test AUPRC]  -  LA: 0.71768
[Test F1-max]  -  LA: 0.79518
Epoch: 54 | Loss: 1.4305112472356996e-07  | Negative Loss: 0.0
[Test ROC-AUC]  -  SA: 0.00000,  LA: 0.84382
[Test AUPRC]  -  LA: 0.71775
[Test F1-max]  -  LA: 0.79518
Epoch: 55 | Loss: 1.1920928244535389e-07  | Negative Loss: 0.0
[Test ROC-AUC]  -  SA: 0.00000,  LA: 0.84441
[Test AUPRC]  -  LA: 0.71922
[Test F1-max]  -  LA: 0.79518
Epoch: 56 | Loss: 1.1920928244535389e-07  | Negative Loss: 0.0
[Test ROC-AUC]  -  SA: 0.00000,  LA: 0.84382
[Test AUPRC]  -  LA: 0.71869
[Test F1-max]  -  LA: 0.79518
Epoch: 57 | Loss: 7.152556946721234e-08  | Negative Loss: 0.0
[Test ROC-AUC]  -  SA: 0.00000,  LA: 0.84441
[Test AUPRC]  -  LA: 0.71954
[Test F1-max]  -  LA: 0.79518
Epoch: 58 | Loss: 7.152556946721234e-08  | Negative Loss: 0.0
[Test ROC-AUC]  -  SA: 0.00000,  LA: 0.84499
[Test AUPRC]  -  LA: 0.72151
[Test F1-max]  -  LA: 0.79518
Epoch: 59 | Loss: 7.152556946721234e-08  | Negative Loss: 0.0
[Test ROC-AUC]  -  SA: 0.00000,  LA: 0.84441
[Test AUPRC]  -  LA: 0.72112
[Test F1-max]  -  LA: 0.78571
Epoch: 60 | Loss: 7.152556946721234e-08  | Negative Loss: 0.0
[Test ROC-AUC]  -  SA: 0.00000,  LA: 0.84441
[Test AUPRC]  -  LA: 0.72108
[Test F1-max]  -  LA: 0.78571
Epoch: 61 | Loss: 7.152556946721234e-08  | Negative Loss: 0.0
[Test ROC-AUC]  -  SA: 0.00000,  LA: 0.84441
[Test AUPRC]  -  LA: 0.72108
[Test F1-max]  -  LA: 0.78571
Epoch: 62 | Loss: 7.152556946721234e-08  | Negative Loss: 0.0
[Test ROC-AUC]  -  SA: 0.00000,  LA: 0.84441
[Test AUPRC]  -  LA: 0.72108
[Test F1-max]  -  LA: 0.78571
Epoch: 63 | Loss: 7.152556946721234e-08  | Negative Loss: 0.0
[Test ROC-AUC]  -  SA: 0.00000,  LA: 0.84441
[Test AUPRC]  -  LA: 0.72108
[Test F1-max]  -  LA: 0.78571
Epoch: 64 | Loss: 7.152556946721234e-08  | Negative Loss: 0.0
[Test ROC-AUC]  -  SA: 0.00000,  LA: 0.84382
[Test AUPRC]  -  LA: 0.72042
[Test F1-max]  -  LA: 0.78571
Epoch: 65 | Loss: 7.152556946721234e-08  | Negative Loss: 0.0
[Test ROC-AUC]  -  SA: 0.00000,  LA: 0.84441
[Test AUPRC]  -  LA: 0.72100
[Test F1-max]  -  LA: 0.78571
Epoch: 66 | Loss: 7.152556946721234e-08  | Negative Loss: 0.0
[Test ROC-AUC]  -  SA: 0.00000,  LA: 0.84441
[Test AUPRC]  -  LA: 0.72100
[Test F1-max]  -  LA: 0.78571
Epoch: 67 | Loss: 7.152556946721234e-08  | Negative Loss: 0.0
[Test ROC-AUC]  -  SA: 0.00000,  LA: 0.84441
[Test AUPRC]  -  LA: 0.72100
[Test F1-max]  -  LA: 0.78571
Epoch: 68 | Loss: 7.152556946721234e-08  | Negative Loss: 0.0
[Test ROC-AUC]  -  SA: 0.00000,  LA: 0.84441
[Test AUPRC]  -  LA: 0.72100
[Test F1-max]  -  LA: 0.78571
Epoch: 69 | Loss: 7.152556946721234e-08  | Negative Loss: 0.0
[Test ROC-AUC]  -  SA: 0.00000,  LA: 0.84470
[Test AUPRC]  -  LA: 0.72128
[Test F1-max]  -  LA: 0.78571
Epoch: 70 | Loss: 7.152556946721234e-08  | Negative Loss: 0.0
[Test ROC-AUC]  -  SA: 0.00000,  LA: 0.84499
[Test AUPRC]  -  LA: 0.72156
[Test F1-max]  -  LA: 0.78571
Epoch: 71 | Loss: 7.152556946721234e-08  | Negative Loss: 0.0
[Test ROC-AUC]  -  SA: 0.00000,  LA: 0.84499
[Test AUPRC]  -  LA: 0.72156
[Test F1-max]  -  LA: 0.78571
Epoch: 72 | Loss: 7.152556946721234e-08  | Negative Loss: 0.0
[Test ROC-AUC]  -  SA: 0.00000,  LA: 0.84499
[Test AUPRC]  -  LA: 0.72156
[Test F1-max]  -  LA: 0.78571
Epoch: 73 | Loss: 7.152556946721234e-08  | Negative Loss: 0.0
[Test ROC-AUC]  -  SA: 0.00000,  LA: 0.84441
[Test AUPRC]  -  LA: 0.72100
[Test F1-max]  -  LA: 0.78571
Epoch: 74 | Loss: 7.152556946721234e-08  | Negative Loss: 0.0
[Test ROC-AUC]  -  SA: 0.00000,  LA: 0.84441
[Test AUPRC]  -  LA: 0.72100
[Test F1-max]  -  LA: 0.78571
Epoch: 75 | Loss: 4.768371297814156e-08  | Negative Loss: 0.0
[Test ROC-AUC]  -  SA: 0.00000,  LA: 0.84441
[Test AUPRC]  -  LA: 0.72100
[Test F1-max]  -  LA: 0.78571
Epoch: 76 | Loss: 4.768371297814156e-08  | Negative Loss: 0.0
[Test ROC-AUC]  -  SA: 0.00000,  LA: 0.84441
[Test AUPRC]  -  LA: 0.72100
[Test F1-max]  -  LA: 0.78571
Epoch: 77 | Loss: 4.768371297814156e-08  | Negative Loss: 0.0
[Test ROC-AUC]  -  SA: 0.00000,  LA: 0.84441
[Test AUPRC]  -  LA: 0.72100
[Test F1-max]  -  LA: 0.78571
Epoch: 78 | Loss: 4.768371297814156e-08  | Negative Loss: 0.0
[Test ROC-AUC]  -  SA: 0.00000,  LA: 0.84441
[Test AUPRC]  -  LA: 0.72100
[Test F1-max]  -  LA: 0.78571
Epoch: 79 | Loss: 4.768371297814156e-08  | Negative Loss: 0.0
[Test ROC-AUC]  -  SA: 0.00000,  LA: 0.84382
[Test AUPRC]  -  LA: 0.72042
[Test F1-max]  -  LA: 0.78571
Epoch: 80 | Loss: 4.768371297814156e-08  | Negative Loss: 0.0
[Test ROC-AUC]  -  SA: 0.00000,  LA: 0.84382
[Test AUPRC]  -  LA: 0.72042
[Test F1-max]  -  LA: 0.78571
Epoch: 81 | Loss: 4.768371297814156e-08  | Negative Loss: 0.0
[Test ROC-AUC]  -  SA: 0.00000,  LA: 0.84382
[Test AUPRC]  -  LA: 0.72042
[Test F1-max]  -  LA: 0.78571
Epoch: 82 | Loss: 4.768371297814156e-08  | Negative Loss: 0.0
[Test ROC-AUC]  -  SA: 0.00000,  LA: 0.84382
[Test AUPRC]  -  LA: 0.72042
[Test F1-max]  -  LA: 0.78571
Epoch: 83 | Loss: 4.768371297814156e-08  | Negative Loss: 0.0
[Test ROC-AUC]  -  SA: 0.00000,  LA: 0.84382
[Test AUPRC]  -  LA: 0.72042
[Test F1-max]  -  LA: 0.78571
Epoch: 84 | Loss: 4.768371297814156e-08  | Negative Loss: 0.0
[Test ROC-AUC]  -  SA: 0.00000,  LA: 0.84382
[Test AUPRC]  -  LA: 0.72042
[Test F1-max]  -  LA: 0.78571
Epoch: 85 | Loss: 4.768371297814156e-08  | Negative Loss: 0.0
[Test ROC-AUC]  -  SA: 0.00000,  LA: 0.84382
[Test AUPRC]  -  LA: 0.72042
[Test F1-max]  -  LA: 0.78571
Epoch: 86 | Loss: 4.768371297814156e-08  | Negative Loss: 0.0
[Test ROC-AUC]  -  SA: 0.00000,  LA: 0.84382
[Test AUPRC]  -  LA: 0.72042
[Test F1-max]  -  LA: 0.78571
Epoch: 87 | Loss: 4.768371297814156e-08  | Negative Loss: 0.0
[Test ROC-AUC]  -  SA: 0.00000,  LA: 0.84382
[Test AUPRC]  -  LA: 0.72042
[Test F1-max]  -  LA: 0.78571
Epoch: 88 | Loss: 4.768371297814156e-08  | Negative Loss: 0.0
[Test ROC-AUC]  -  SA: 0.00000,  LA: 0.84382
[Test AUPRC]  -  LA: 0.72042
[Test F1-max]  -  LA: 0.78571
Epoch: 89 | Loss: 4.768371297814156e-08  | Negative Loss: 0.0
[Test ROC-AUC]  -  SA: 0.00000,  LA: 0.84382
[Test AUPRC]  -  LA: 0.72042
[Test F1-max]  -  LA: 0.78571
Epoch: 90 | Loss: 4.768371297814156e-08  | Negative Loss: 0.0
[Test ROC-AUC]  -  SA: 0.00000,  LA: 0.84382
[Test AUPRC]  -  LA: 0.72042
[Test F1-max]  -  LA: 0.78571
Epoch: 91 | Loss: 4.768371297814156e-08  | Negative Loss: 0.0
[Test ROC-AUC]  -  SA: 0.00000,  LA: 0.84382
[Test AUPRC]  -  LA: 0.72042
[Test F1-max]  -  LA: 0.78571
Epoch: 92 | Loss: 2.384185648907078e-08  | Negative Loss: 0.0
[Test ROC-AUC]  -  SA: 0.00000,  LA: 0.84382
[Test AUPRC]  -  LA: 0.72042
[Test F1-max]  -  LA: 0.78571
Epoch: 93 | Loss: 2.384185648907078e-08  | Negative Loss: 0.0
[Test ROC-AUC]  -  SA: 0.00000,  LA: 0.84382
[Test AUPRC]  -  LA: 0.72042
[Test F1-max]  -  LA: 0.78571
Epoch: 94 | Loss: 2.384185648907078e-08  | Negative Loss: 0.0
[Test ROC-AUC]  -  SA: 0.00000,  LA: 0.84382
[Test AUPRC]  -  LA: 0.72042
[Test F1-max]  -  LA: 0.78571
Epoch: 95 | Loss: 2.384185648907078e-08  | Negative Loss: 0.0
[Test ROC-AUC]  -  SA: 0.00000,  LA: 0.84382
[Test AUPRC]  -  LA: 0.72042
[Test F1-max]  -  LA: 0.78571
Epoch: 96 | Loss: 2.384185648907078e-08  | Negative Loss: 0.0
[Test ROC-AUC]  -  SA: 0.00000,  LA: 0.84441
[Test AUPRC]  -  LA: 0.72286
[Test F1-max]  -  LA: 0.78571
Epoch: 97 | Loss: 2.384185648907078e-08  | Negative Loss: 0.0
[Test ROC-AUC]  -  SA: 0.00000,  LA: 0.84441
[Test AUPRC]  -  LA: 0.72286
[Test F1-max]  -  LA: 0.78571
Epoch: 98 | Loss: 2.384185648907078e-08  | Negative Loss: 0.0
[Test ROC-AUC]  -  SA: 0.00000,  LA: 0.84441
[Test AUPRC]  -  LA: 0.72286
[Test F1-max]  -  LA: 0.78571
Epoch: 99 | Loss: 2.384185648907078e-08  | Negative Loss: 0.0
Time consumption: 95.59580421447754
Best LA AUC: 0.8531468531468531
Best LA AUPC: 0.7986402528267493
Best LA F1-max: 0.7951807228915663
[Result] Experiment result appended to ./results/train_hybrid_result.csv

[END] 2026-03-18 16:01:52
[RETURN CODE] 0
