[START] 2026-03-18 14:24:33
[GPU] 2
[INDEX] 6/40
[COMMAND] python train_hybrid.py --data_name pushpins --mask True --text True --double_encoder True --few_shot True --shot 5 --hybrid_model winclip --hybrid_weight 0.3 --hybrid_batch_size 16 --epoch 100 --log True --lr 5e-4 --detection True --preprocess True

/home/seungeon/miniconda3/envs/LAB/lib/python3.10/site-packages/timm/models/layers/__init__.py:48: FutureWarning: Importing from timm.models.layers is deprecated, please import via timm.layers
  warnings.warn(f"Importing from {__name__} is deprecated, please import via timm.layers", FutureWarning)
/home/seungeon/Workspace/side/vlm/train_hybrid.py:18: DeprecationWarning: The distutils package is deprecated and slated for removal in Python 3.12. Use setuptools or check PEP 632 for potential alternatives
  from distutils.util import strtobool
Torch version: 2.9.1+cu128
cuda is loaded for process
here?
In my local computer
Namespace(epoch=100, gpu_number='0', data_name='pushpins', lr=0.0005, batch_size=6, shuffle=True, seed=0, tag='default', model_name='ViT-B-32', pretrained_name='laion2b_s34b_b79k', lora=1, default=False, foundation='CLIP', detection=1, preprocess=1, num_rule=0, object_names=['yellow pushpin with metal point', 'plastic case', 'partition', 'blank'], objects_for_rules=[['yellow pushpin with metal point'], ['yellow pushpin with metal point', 'plastic case'], ['yellow pushpin with metal point'], ['yellow pushpin with metal point', 'plastic case'], ['plastic case']], texts_for_rules=[['yellow pushpin with metal point'], ['yellow pushpin with metal point and plastic case'], ['yellow pushpin with metal point'], ['yellow pushpin with metal point and plastic case'], ['plastic case']], mask=1, text=1, score='mean', ciriculam_learning=False, few_shot=1, shot=5, log=1, neg_loss=0, double_encoder=1, pretrained_count_path=None, ris=0, rule_select='', rule_list=[], num_negative=5, hybrid_model='winclip', hybrid_weight=0.3, hybrid_class_name='', hybrid_batch_size=16, hybrid_backbone='ViT-B-16-plus-240', hybrid_pretrained_dataset='laion400m_e32', hybrid_scales=[2, 3], hybrid_img_resize=240, hybrid_img_cropsize=240, hybrid_resolution=400, hybrid_promptad_epoch=100, hybrid_promptad_lr=0.002, hybrid_promptad_momentum=0.9, hybrid_promptad_weight_decay=0.0005, hybrid_promptad_eta_min=1e-05, hybrid_promptad_lambda1=0.001, hybrid_promptad_n_ctx=4, hybrid_promptad_n_pro=3, hybrid_promptad_n_ctx_ab=1, hybrid_promptad_n_pro_ab=4, early_stop_k=10, result_log_path='./results/train_hybrid_result.csv')
[Hybrid] method=winclip, class_name=pushpins, train=5, eval=229, base_path=/data3/seungeon/data/image/mvtec_loco_anomaly_detection/pushpins
grid 240 16 (15, 15)
[Hybrid-only] LA_AUC=0.56960, LA_AUPRC=0.63228, LA_F1=0.76657
[Data Description]
- Train: 5
- Test: 229

Train Start
[Test ROC-AUC]  -  SA: 0.00000,  LA: 0.57119
[Test AUPRC]  -  LA: 0.63440
[Test F1-max]  -  LA: 0.75482
Epoch: 0 | Loss: 12.342504501342773  | Negative Loss: 0.0
[Test ROC-AUC]  -  SA: 0.00000,  LA: 0.57445
[Test AUPRC]  -  LA: 0.63679
[Test F1-max]  -  LA: 0.75482
Epoch: 1 | Loss: 12.24838924407959  | Negative Loss: 0.0
[Test ROC-AUC]  -  SA: 0.00000,  LA: 0.58441
[Test AUPRC]  -  LA: 0.66693
[Test F1-max]  -  LA: 0.75346
Epoch: 2 | Loss: 11.06916332244873  | Negative Loss: 0.0
[Test ROC-AUC]  -  SA: 0.00000,  LA: 0.62645
[Test AUPRC]  -  LA: 0.71814
[Test F1-max]  -  LA: 0.75410
Epoch: 3 | Loss: 9.135448455810547  | Negative Loss: 0.0
[Test ROC-AUC]  -  SA: 0.00000,  LA: 0.66491
[Test AUPRC]  -  LA: 0.73224
[Test F1-max]  -  LA: 0.77151
Epoch: 4 | Loss: 6.822064399719238  | Negative Loss: 0.0
[Test ROC-AUC]  -  SA: 0.00000,  LA: 0.67351
[Test AUPRC]  -  LA: 0.73230
[Test F1-max]  -  LA: 0.77493
Epoch: 5 | Loss: 4.703302383422852  | Negative Loss: 0.0
[Test ROC-AUC]  -  SA: 0.00000,  LA: 0.67606
[Test AUPRC]  -  LA: 0.74170
[Test F1-max]  -  LA: 0.77576
Epoch: 6 | Loss: 3.1269490718841553  | Negative Loss: 0.0
[Test ROC-AUC]  -  SA: 0.00000,  LA: 0.67551
[Test AUPRC]  -  LA: 0.73760
[Test F1-max]  -  LA: 0.78338
Epoch: 7 | Loss: 1.9438633918762207  | Negative Loss: 0.0
[Test ROC-AUC]  -  SA: 0.00000,  LA: 0.65918
[Test AUPRC]  -  LA: 0.71426
[Test F1-max]  -  LA: 0.79279
Epoch: 8 | Loss: 1.0767816305160522  | Negative Loss: 0.0
[Test ROC-AUC]  -  SA: 0.00000,  LA: 0.64588
[Test AUPRC]  -  LA: 0.70429
[Test F1-max]  -  LA: 0.79070
Epoch: 9 | Loss: 0.5150273442268372  | Negative Loss: 0.0
[Test ROC-AUC]  -  SA: 0.00000,  LA: 0.64978
[Test AUPRC]  -  LA: 0.71015
[Test F1-max]  -  LA: 0.78788
Epoch: 10 | Loss: 0.22360461950302124  | Negative Loss: 0.0
[Test ROC-AUC]  -  SA: 0.00000,  LA: 0.66276
[Test AUPRC]  -  LA: 0.72085
[Test F1-max]  -  LA: 0.79154
Epoch: 11 | Loss: 0.09667929261922836  | Negative Loss: 0.0
[Test ROC-AUC]  -  SA: 0.00000,  LA: 0.66977
[Test AUPRC]  -  LA: 0.72710
[Test F1-max]  -  LA: 0.78916
Epoch: 12 | Loss: 0.044915247708559036  | Negative Loss: 0.0
[Test ROC-AUC]  -  SA: 0.00000,  LA: 0.67614
[Test AUPRC]  -  LA: 0.73036
[Test F1-max]  -  LA: 0.78698
Epoch: 13 | Loss: 0.023271700367331505  | Negative Loss: 0.0
[Test ROC-AUC]  -  SA: 0.00000,  LA: 0.67925
[Test AUPRC]  -  LA: 0.73719
[Test F1-max]  -  LA: 0.78313
Epoch: 14 | Loss: 0.013511616736650467  | Negative Loss: 0.0
[Test ROC-AUC]  -  SA: 0.00000,  LA: 0.67981
[Test AUPRC]  -  LA: 0.73618
[Test F1-max]  -  LA: 0.78286
Epoch: 15 | Loss: 0.008555956184864044  | Negative Loss: 0.0
[Test ROC-AUC]  -  SA: 0.00000,  LA: 0.68052
[Test AUPRC]  -  LA: 0.73998
[Test F1-max]  -  LA: 0.77966
Epoch: 16 | Loss: 0.005734347738325596  | Negative Loss: 0.0
[Test ROC-AUC]  -  SA: 0.00000,  LA: 0.67789
[Test AUPRC]  -  LA: 0.73921
[Test F1-max]  -  LA: 0.78006
Epoch: 17 | Loss: 0.003989625722169876  | Negative Loss: 0.0
[Test ROC-AUC]  -  SA: 0.00000,  LA: 0.67073
[Test AUPRC]  -  LA: 0.73513
[Test F1-max]  -  LA: 0.77976
Epoch: 18 | Loss: 0.0028382197488099337  | Negative Loss: 0.0
[Test ROC-AUC]  -  SA: 0.00000,  LA: 0.66245
[Test AUPRC]  -  LA: 0.73019
[Test F1-max]  -  LA: 0.77059
Epoch: 19 | Loss: 0.002053181640803814  | Negative Loss: 0.0
[Test ROC-AUC]  -  SA: 0.00000,  LA: 0.64700
[Test AUPRC]  -  LA: 0.72392
[Test F1-max]  -  LA: 0.76836
Epoch: 20 | Loss: 0.0015044166939333081  | Negative Loss: 0.0
[Test ROC-AUC]  -  SA: 0.00000,  LA: 0.63171
[Test AUPRC]  -  LA: 0.71322
[Test F1-max]  -  LA: 0.76836
Epoch: 21 | Loss: 0.0011139436392113566  | Negative Loss: 0.0
[Test ROC-AUC]  -  SA: 0.00000,  LA: 0.62088
[Test AUPRC]  -  LA: 0.70230
[Test F1-max]  -  LA: 0.76836
Epoch: 22 | Loss: 0.0008326570969074965  | Negative Loss: 0.0
[Test ROC-AUC]  -  SA: 0.00000,  LA: 0.61180
[Test AUPRC]  -  LA: 0.68899
[Test F1-max]  -  LA: 0.76836
Epoch: 23 | Loss: 0.0006288327858783305  | Negative Loss: 0.0
[Test ROC-AUC]  -  SA: 0.00000,  LA: 0.60583
[Test AUPRC]  -  LA: 0.67305
[Test F1-max]  -  LA: 0.76836
Epoch: 24 | Loss: 0.00048034096835181117  | Negative Loss: 0.0
[Test ROC-AUC]  -  SA: 0.00000,  LA: 0.60121
[Test AUPRC]  -  LA: 0.65417
[Test F1-max]  -  LA: 0.76620
Epoch: 25 | Loss: 0.00037115957820788026  | Negative Loss: 0.0
[Test ROC-AUC]  -  SA: 0.00000,  LA: 0.59890
[Test AUPRC]  -  LA: 0.64780
[Test F1-max]  -  LA: 0.76536
[Early Stopping] LA AUROC dropped for 10 consecutive epochs. Stop at epoch 27/100.
Time consumption: 37.02678680419922
Best LA AUC: 0.68052237617455
Best LA AUPC: 0.7416986195318482
Best LA F1-max: 0.7927927927927929
[Result] Experiment result appended to ./results/train_hybrid_result.csv

[END] 2026-03-18 14:28:57
[RETURN CODE] 0
