[START] 2026-03-18 15:10:29
[GPU] 2
[INDEX] 20/40
[COMMAND] python train_hybrid.py --data_name banana_juice --mask True --text True --double_encoder True --few_shot True --shot 5 --hybrid_model winclip --hybrid_weight 0.3 --hybrid_batch_size 16 --epoch 100 --log True --lr 5e-4 --detection True --preprocess True

/home/seungeon/miniconda3/envs/LAB/lib/python3.10/site-packages/timm/models/layers/__init__.py:48: FutureWarning: Importing from timm.models.layers is deprecated, please import via timm.layers
  warnings.warn(f"Importing from {__name__} is deprecated, please import via timm.layers", FutureWarning)
/home/seungeon/Workspace/side/vlm/train_hybrid.py:18: DeprecationWarning: The distutils package is deprecated and slated for removal in Python 3.12. Use setuptools or check PEP 632 for potential alternatives
  from distutils.util import strtobool
Torch version: 2.9.1+cu128
cuda is loaded for process
here?
In my local computer
Namespace(epoch=100, gpu_number='0', data_name='banana_juice', lr=0.0005, batch_size=6, shuffle=True, seed=0, tag='default', model_name='ViT-B-32', pretrained_name='laion2b_s34b_b79k', lora=1, default=False, foundation='CLIP', detection=1, preprocess=1, num_rule=0, object_names=['a banana picture label', 'a 100% text label', 'a bottle cap', 'a black background'], objects_for_rules=[['a banana picture label'], ['a banana picture label', 'a 100% text label'], ['a banana picture label'], ['a 100% text label'], ['a banana picture label', 'a 100% text label']], texts_for_rules=[['a photo of banana picture label'], ['a photo of banana picture label and 100% text label'], ['a photo of banana picture label'], ['a photo of 100% text label'], ['a photo of banana picture label and 100% text label']], mask=1, text=1, score='mean', ciriculam_learning=False, few_shot=1, shot=5, log=1, neg_loss=0, double_encoder=1, pretrained_count_path=None, ris=0, rule_select='', rule_list=[], num_negative=5, hybrid_model='winclip', hybrid_weight=0.3, hybrid_class_name='', hybrid_batch_size=16, hybrid_backbone='ViT-B-16-plus-240', hybrid_pretrained_dataset='laion400m_e32', hybrid_scales=[2, 3], hybrid_img_resize=240, hybrid_img_cropsize=240, hybrid_resolution=400, hybrid_promptad_epoch=100, hybrid_promptad_lr=0.002, hybrid_promptad_momentum=0.9, hybrid_promptad_weight_decay=0.0005, hybrid_promptad_eta_min=1e-05, hybrid_promptad_lambda1=0.001, hybrid_promptad_n_ctx=4, hybrid_promptad_n_pro=3, hybrid_promptad_n_ctx_ab=1, hybrid_promptad_n_pro_ab=4, early_stop_k=10, result_log_path='./results/train_hybrid_result.csv')
[Hybrid] method=winclip, class_name=juice_bottle, train=5, eval=85, base_path=/data3/seungeon/data/image/mvtec_loco_anomaly_detection/banana_juice
grid 240 16 (15, 15)
[Hybrid-only] LA_AUC=0.69231, LA_AUPRC=0.46950, LA_F1=0.68889
[Data Description]
- Train: 5
- Test: 85

Train Start
[Test ROC-AUC]  -  SA: 0.00000,  LA: 0.64744
[Test AUPRC]  -  LA: 0.44834
[Test F1-max]  -  LA: 0.65347
Epoch: 0 | Loss: 16.93311309814453  | Negative Loss: 0.0
[Test ROC-AUC]  -  SA: 0.00000,  LA: 0.65035
[Test AUPRC]  -  LA: 0.44987
[Test F1-max]  -  LA: 0.65347
Epoch: 1 | Loss: 16.823352813720703  | Negative Loss: 0.0
[Test ROC-AUC]  -  SA: 0.00000,  LA: 0.70513
[Test AUPRC]  -  LA: 0.56937
[Test F1-max]  -  LA: 0.66667
Epoch: 2 | Loss: 15.586226463317871  | Negative Loss: 0.0
[Test ROC-AUC]  -  SA: 0.00000,  LA: 0.77622
[Test AUPRC]  -  LA: 0.69384
[Test F1-max]  -  LA: 0.68966
Epoch: 3 | Loss: 13.431840896606445  | Negative Loss: 0.0
[Test ROC-AUC]  -  SA: 0.00000,  LA: 0.81002
[Test AUPRC]  -  LA: 0.71375
[Test F1-max]  -  LA: 0.70968
Epoch: 4 | Loss: 10.576557159423828  | Negative Loss: 0.0
[Test ROC-AUC]  -  SA: 0.00000,  LA: 0.81993
[Test AUPRC]  -  LA: 0.72714
[Test F1-max]  -  LA: 0.70968
Epoch: 5 | Loss: 7.486593723297119  | Negative Loss: 0.0
[Test ROC-AUC]  -  SA: 0.00000,  LA: 0.82517
[Test AUPRC]  -  LA: 0.73750
[Test F1-max]  -  LA: 0.71111
Epoch: 6 | Loss: 4.730603218078613  | Negative Loss: 0.0
[Test ROC-AUC]  -  SA: 0.00000,  LA: 0.83275
[Test AUPRC]  -  LA: 0.76052
[Test F1-max]  -  LA: 0.71795
Epoch: 7 | Loss: 2.813232183456421  | Negative Loss: 0.0
[Test ROC-AUC]  -  SA: 0.00000,  LA: 0.83974
[Test AUPRC]  -  LA: 0.76142
[Test F1-max]  -  LA: 0.74359
Epoch: 8 | Loss: 1.676131010055542  | Negative Loss: 0.0
[Test ROC-AUC]  -  SA: 0.00000,  LA: 0.84790
[Test AUPRC]  -  LA: 0.77099
[Test F1-max]  -  LA: 0.74419
Epoch: 9 | Loss: 0.9816240072250366  | Negative Loss: 0.0
[Test ROC-AUC]  -  SA: 0.00000,  LA: 0.85198
[Test AUPRC]  -  LA: 0.78374
[Test F1-max]  -  LA: 0.74667
Epoch: 10 | Loss: 0.5353740453720093  | Negative Loss: 0.0
[Test ROC-AUC]  -  SA: 0.00000,  LA: 0.85373
[Test AUPRC]  -  LA: 0.78337
[Test F1-max]  -  LA: 0.75294
Epoch: 11 | Loss: 0.26636195182800293  | Negative Loss: 0.0
[Test ROC-AUC]  -  SA: 0.00000,  LA: 0.85490
[Test AUPRC]  -  LA: 0.78484
[Test F1-max]  -  LA: 0.75294
Epoch: 12 | Loss: 0.12303487956523895  | Negative Loss: 0.0
[Test ROC-AUC]  -  SA: 0.00000,  LA: 0.85897
[Test AUPRC]  -  LA: 0.78470
[Test F1-max]  -  LA: 0.76543
Epoch: 13 | Loss: 0.05405529960989952  | Negative Loss: 0.0
[Test ROC-AUC]  -  SA: 0.00000,  LA: 0.86014
[Test AUPRC]  -  LA: 0.78036
[Test F1-max]  -  LA: 0.76543
Epoch: 14 | Loss: 0.023409908637404442  | Negative Loss: 0.0
[Test ROC-AUC]  -  SA: 0.00000,  LA: 0.85256
[Test AUPRC]  -  LA: 0.76269
[Test F1-max]  -  LA: 0.76744
Epoch: 15 | Loss: 0.01027097087353468  | Negative Loss: 0.0
[Test ROC-AUC]  -  SA: 0.00000,  LA: 0.85082
[Test AUPRC]  -  LA: 0.75163
[Test F1-max]  -  LA: 0.77647
Epoch: 16 | Loss: 0.004610183648765087  | Negative Loss: 0.0
[Test ROC-AUC]  -  SA: 0.00000,  LA: 0.84848
[Test AUPRC]  -  LA: 0.74044
[Test F1-max]  -  LA: 0.76744
Epoch: 17 | Loss: 0.002140382071956992  | Negative Loss: 0.0
[Test ROC-AUC]  -  SA: 0.00000,  LA: 0.84324
[Test AUPRC]  -  LA: 0.72976
[Test F1-max]  -  LA: 0.76744
Epoch: 18 | Loss: 0.0010319482535123825  | Negative Loss: 0.0
[Test ROC-AUC]  -  SA: 0.00000,  LA: 0.83741
[Test AUPRC]  -  LA: 0.70803
[Test F1-max]  -  LA: 0.75862
Epoch: 19 | Loss: 0.0005167938652448356  | Negative Loss: 0.0
[Test ROC-AUC]  -  SA: 0.00000,  LA: 0.83392
[Test AUPRC]  -  LA: 0.70220
[Test F1-max]  -  LA: 0.75862
Epoch: 20 | Loss: 0.0002684640057850629  | Negative Loss: 0.0
[Test ROC-AUC]  -  SA: 0.00000,  LA: 0.83217
[Test AUPRC]  -  LA: 0.69809
[Test F1-max]  -  LA: 0.76543
Epoch: 21 | Loss: 0.0001446669630240649  | Negative Loss: 0.0
[Test ROC-AUC]  -  SA: 0.00000,  LA: 0.83100
[Test AUPRC]  -  LA: 0.68190
[Test F1-max]  -  LA: 0.76543
Epoch: 22 | Loss: 8.0750702181831e-05  | Negative Loss: 0.0
[Test ROC-AUC]  -  SA: 0.00000,  LA: 0.82576
[Test AUPRC]  -  LA: 0.67195
[Test F1-max]  -  LA: 0.75949
Epoch: 23 | Loss: 4.675331729231402e-05  | Negative Loss: 0.0
[Test ROC-AUC]  -  SA: 0.00000,  LA: 0.82226
[Test AUPRC]  -  LA: 0.66688
[Test F1-max]  -  LA: 0.75000
[Early Stopping] LA AUROC dropped for 10 consecutive epochs. Stop at epoch 25/100.
Time consumption: 23.61301589012146
Best LA AUC: 0.8601398601398601
Best LA AUPC: 0.7848420422820259
Best LA F1-max: 0.7764705882352941
[Result] Experiment result appended to ./results/train_hybrid_result.csv

[END] 2026-03-18 15:12:59
[RETURN CODE] 0
