[START] 2026-03-18 15:17:26
[GPU] 2
[INDEX] 22/40
[COMMAND] python train_hybrid.py --data_name pushpins --mask True --text True --double_encoder True --few_shot True --shot 5 --hybrid_model promptad --hybrid_weight 0.3 --hybrid_batch_size 16 --epoch 100 --log True --lr 5e-4 --detection True --preprocess True

/home/seungeon/miniconda3/envs/LAB/lib/python3.10/site-packages/timm/models/layers/__init__.py:48: FutureWarning: Importing from timm.models.layers is deprecated, please import via timm.layers
  warnings.warn(f"Importing from {__name__} is deprecated, please import via timm.layers", FutureWarning)
/home/seungeon/Workspace/side/vlm/train_hybrid.py:18: DeprecationWarning: The distutils package is deprecated and slated for removal in Python 3.12. Use setuptools or check PEP 632 for potential alternatives
  from distutils.util import strtobool
Torch version: 2.9.1+cu128
cuda is loaded for process
here?
In my local computer
Namespace(epoch=100, gpu_number='0', data_name='pushpins', lr=0.0005, batch_size=6, shuffle=True, seed=0, tag='default', model_name='ViT-B-32', pretrained_name='laion2b_s34b_b79k', lora=1, default=False, foundation='CLIP', detection=1, preprocess=1, num_rule=0, object_names=['yellow pushpin with metal point', 'plastic case', 'partition', 'blank'], objects_for_rules=[['yellow pushpin with metal point'], ['yellow pushpin with metal point', 'plastic case'], ['yellow pushpin with metal point'], ['yellow pushpin with metal point', 'plastic case'], ['plastic case']], texts_for_rules=[['yellow pushpin with metal point'], ['yellow pushpin with metal point and plastic case'], ['yellow pushpin with metal point'], ['yellow pushpin with metal point and plastic case'], ['plastic case']], mask=1, text=1, score='mean', ciriculam_learning=False, few_shot=1, shot=5, log=1, neg_loss=0, double_encoder=1, pretrained_count_path=None, ris=0, rule_select='', rule_list=[], num_negative=5, hybrid_model='promptad', hybrid_weight=0.3, hybrid_class_name='', hybrid_batch_size=16, hybrid_backbone='ViT-B-16-plus-240', hybrid_pretrained_dataset='laion400m_e32', hybrid_scales=[2, 3], hybrid_img_resize=240, hybrid_img_cropsize=240, hybrid_resolution=400, hybrid_promptad_epoch=100, hybrid_promptad_lr=0.002, hybrid_promptad_momentum=0.9, hybrid_promptad_weight_decay=0.0005, hybrid_promptad_eta_min=1e-05, hybrid_promptad_lambda1=0.001, hybrid_promptad_n_ctx=4, hybrid_promptad_n_pro=3, hybrid_promptad_n_ctx_ab=1, hybrid_promptad_n_pro_ab=4, early_stop_k=10, result_log_path='./results/train_hybrid_result.csv')
[Hybrid] method=promptad, class_name=pushpins, train=5, eval=229, base_path=/data3/seungeon/data/image/mvtec_loco_anomaly_detection/pushpins
[Hybrid-only] LA_AUC=0.60057, LA_AUPRC=0.66581, LA_F1=0.76667
[Data Description]
- Train: 5
- Test: 229

Train Start
[Test ROC-AUC]  -  SA: 0.00000,  LA: 0.46122
[Test AUPRC]  -  LA: 0.55447
[Test F1-max]  -  LA: 0.75275
Epoch: 0 | Loss: 9.071440696716309  | Negative Loss: 0.0
[Test ROC-AUC]  -  SA: 0.00000,  LA: 0.46122
[Test AUPRC]  -  LA: 0.55421
[Test F1-max]  -  LA: 0.75275
Epoch: 1 | Loss: 8.967724800109863  | Negative Loss: 0.0
[Test ROC-AUC]  -  SA: 0.00000,  LA: 0.48694
[Test AUPRC]  -  LA: 0.57002
[Test F1-max]  -  LA: 0.75275
Epoch: 2 | Loss: 8.030981063842773  | Negative Loss: 0.0
[Test ROC-AUC]  -  SA: 0.00000,  LA: 0.53472
[Test AUPRC]  -  LA: 0.59847
[Test F1-max]  -  LA: 0.75706
Epoch: 3 | Loss: 6.444995880126953  | Negative Loss: 0.0
[Test ROC-AUC]  -  SA: 0.00000,  LA: 0.58433
[Test AUPRC]  -  LA: 0.63747
[Test F1-max]  -  LA: 0.76791
Epoch: 4 | Loss: 4.517441749572754  | Negative Loss: 0.0
[Test ROC-AUC]  -  SA: 0.00000,  LA: 0.61108
[Test AUPRC]  -  LA: 0.66446
[Test F1-max]  -  LA: 0.77401
Epoch: 5 | Loss: 2.845468521118164  | Negative Loss: 0.0
[Test ROC-AUC]  -  SA: 0.00000,  LA: 0.62518
[Test AUPRC]  -  LA: 0.68519
[Test F1-max]  -  LA: 0.77714
Epoch: 6 | Loss: 1.6911287307739258  | Negative Loss: 0.0
[Test ROC-AUC]  -  SA: 0.00000,  LA: 0.63036
[Test AUPRC]  -  LA: 0.68793
[Test F1-max]  -  LA: 0.77364
Epoch: 7 | Loss: 0.9403234124183655  | Negative Loss: 0.0
[Test ROC-AUC]  -  SA: 0.00000,  LA: 0.63696
[Test AUPRC]  -  LA: 0.70368
[Test F1-max]  -  LA: 0.76751
Epoch: 8 | Loss: 0.4709227383136749  | Negative Loss: 0.0
[Test ROC-AUC]  -  SA: 0.00000,  LA: 0.64111
[Test AUPRC]  -  LA: 0.71103
[Test F1-max]  -  LA: 0.76880
Epoch: 9 | Loss: 0.2169428914785385  | Negative Loss: 0.0
[Test ROC-AUC]  -  SA: 0.00000,  LA: 0.64103
[Test AUPRC]  -  LA: 0.71543
[Test F1-max]  -  LA: 0.76880
Epoch: 10 | Loss: 0.10143493115901947  | Negative Loss: 0.0
[Test ROC-AUC]  -  SA: 0.00000,  LA: 0.64254
[Test AUPRC]  -  LA: 0.71684
[Test F1-max]  -  LA: 0.76880
Epoch: 11 | Loss: 0.05055473744869232  | Negative Loss: 0.0
[Test ROC-AUC]  -  SA: 0.00000,  LA: 0.64318
[Test AUPRC]  -  LA: 0.71459
[Test F1-max]  -  LA: 0.76880
Epoch: 12 | Loss: 0.026837605983018875  | Negative Loss: 0.0
[Test ROC-AUC]  -  SA: 0.00000,  LA: 0.64421
[Test AUPRC]  -  LA: 0.71898
[Test F1-max]  -  LA: 0.76880
Epoch: 13 | Loss: 0.014859835617244244  | Negative Loss: 0.0
[Test ROC-AUC]  -  SA: 0.00000,  LA: 0.64373
[Test AUPRC]  -  LA: 0.71639
[Test F1-max]  -  LA: 0.77054
Epoch: 14 | Loss: 0.00843469612300396  | Negative Loss: 0.0
[Test ROC-AUC]  -  SA: 0.00000,  LA: 0.64302
[Test AUPRC]  -  LA: 0.71884
[Test F1-max]  -  LA: 0.77054
Epoch: 15 | Loss: 0.004887987859547138  | Negative Loss: 0.0
[Test ROC-AUC]  -  SA: 0.00000,  LA: 0.64294
[Test AUPRC]  -  LA: 0.72243
[Test F1-max]  -  LA: 0.77054
Epoch: 16 | Loss: 0.0028934741858392954  | Negative Loss: 0.0
[Test ROC-AUC]  -  SA: 0.00000,  LA: 0.64182
[Test AUPRC]  -  LA: 0.72310
[Test F1-max]  -  LA: 0.76966
Epoch: 17 | Loss: 0.0017444974509999156  | Negative Loss: 0.0
[Test ROC-AUC]  -  SA: 0.00000,  LA: 0.64118
[Test AUPRC]  -  LA: 0.72442
[Test F1-max]  -  LA: 0.77183
Epoch: 18 | Loss: 0.0010700345737859607  | Negative Loss: 0.0
[Test ROC-AUC]  -  SA: 0.00000,  LA: 0.64158
[Test AUPRC]  -  LA: 0.72740
[Test F1-max]  -  LA: 0.77401
Epoch: 19 | Loss: 0.0006688731955364347  | Negative Loss: 0.0
[Test ROC-AUC]  -  SA: 0.00000,  LA: 0.64238
[Test AUPRC]  -  LA: 0.72912
[Test F1-max]  -  LA: 0.77401
Epoch: 20 | Loss: 0.0004255040257703513  | Negative Loss: 0.0
[Test ROC-AUC]  -  SA: 0.00000,  LA: 0.64385
[Test AUPRC]  -  LA: 0.73121
[Test F1-max]  -  LA: 0.77401
Epoch: 21 | Loss: 0.0002757952024694532  | Negative Loss: 0.0
[Test ROC-AUC]  -  SA: 0.00000,  LA: 0.64453
[Test AUPRC]  -  LA: 0.73410
[Test F1-max]  -  LA: 0.77401
Epoch: 22 | Loss: 0.00018228100088890642  | Negative Loss: 0.0
[Test ROC-AUC]  -  SA: 0.00000,  LA: 0.64413
[Test AUPRC]  -  LA: 0.73455
[Test F1-max]  -  LA: 0.77401
Epoch: 23 | Loss: 0.00012285073171369731  | Negative Loss: 0.0
[Test ROC-AUC]  -  SA: 0.00000,  LA: 0.64477
[Test AUPRC]  -  LA: 0.73379
[Test F1-max]  -  LA: 0.77401
Epoch: 24 | Loss: 8.458787488052621e-05  | Negative Loss: 0.0
[Test ROC-AUC]  -  SA: 0.00000,  LA: 0.64592
[Test AUPRC]  -  LA: 0.73477
[Test F1-max]  -  LA: 0.77401
Epoch: 25 | Loss: 5.936471279710531e-05  | Negative Loss: 0.0
[Test ROC-AUC]  -  SA: 0.00000,  LA: 0.64644
[Test AUPRC]  -  LA: 0.73364
[Test F1-max]  -  LA: 0.77401
Epoch: 26 | Loss: 4.250925121596083e-05  | Negative Loss: 0.0
[Test ROC-AUC]  -  SA: 0.00000,  LA: 0.64696
[Test AUPRC]  -  LA: 0.73459
[Test F1-max]  -  LA: 0.77401
Epoch: 27 | Loss: 3.111320620519109e-05  | Negative Loss: 0.0
[Test ROC-AUC]  -  SA: 0.00000,  LA: 0.64748
[Test AUPRC]  -  LA: 0.73574
[Test F1-max]  -  LA: 0.77493
Epoch: 28 | Loss: 2.3078684534993954e-05  | Negative Loss: 0.0
[Test ROC-AUC]  -  SA: 0.00000,  LA: 0.64899
[Test AUPRC]  -  LA: 0.73715
[Test F1-max]  -  LA: 0.77493
Epoch: 29 | Loss: 1.7499789464636706e-05  | Negative Loss: 0.0
[Test ROC-AUC]  -  SA: 0.00000,  LA: 0.64939
[Test AUPRC]  -  LA: 0.73715
[Test F1-max]  -  LA: 0.77620
Epoch: 30 | Loss: 1.354209325654665e-05  | Negative Loss: 0.0
[Test ROC-AUC]  -  SA: 0.00000,  LA: 0.64963
[Test AUPRC]  -  LA: 0.73645
[Test F1-max]  -  LA: 0.77620
Epoch: 31 | Loss: 1.063341824192321e-05  | Negative Loss: 0.0
[Test ROC-AUC]  -  SA: 0.00000,  LA: 0.64891
[Test AUPRC]  -  LA: 0.73477
[Test F1-max]  -  LA: 0.77620
Epoch: 32 | Loss: 8.439986231678631e-06  | Negative Loss: 0.0
[Test ROC-AUC]  -  SA: 0.00000,  LA: 0.64915
[Test AUPRC]  -  LA: 0.73484
[Test F1-max]  -  LA: 0.77620
Epoch: 33 | Loss: 6.86643443259527e-06  | Negative Loss: 0.0
[Test ROC-AUC]  -  SA: 0.00000,  LA: 0.64951
[Test AUPRC]  -  LA: 0.73456
[Test F1-max]  -  LA: 0.77620
Epoch: 34 | Loss: 5.626664460578468e-06  | Negative Loss: 0.0
[Test ROC-AUC]  -  SA: 0.00000,  LA: 0.64879
[Test AUPRC]  -  LA: 0.73313
[Test F1-max]  -  LA: 0.77620
Epoch: 35 | Loss: 4.696836185758002e-06  | Negative Loss: 0.0
[Test ROC-AUC]  -  SA: 0.00000,  LA: 0.64915
[Test AUPRC]  -  LA: 0.73376
[Test F1-max]  -  LA: 0.77620
Epoch: 36 | Loss: 3.981583631684771e-06  | Negative Loss: 0.0
[Test ROC-AUC]  -  SA: 0.00000,  LA: 0.64931
[Test AUPRC]  -  LA: 0.73327
[Test F1-max]  -  LA: 0.77620
Epoch: 37 | Loss: 3.4093804970325436e-06  | Negative Loss: 0.0
[Test ROC-AUC]  -  SA: 0.00000,  LA: 0.64919
[Test AUPRC]  -  LA: 0.73321
[Test F1-max]  -  LA: 0.77620
Epoch: 38 | Loss: 2.9802283734170487e-06  | Negative Loss: 0.0
[Test ROC-AUC]  -  SA: 0.00000,  LA: 0.64907
[Test AUPRC]  -  LA: 0.73316
[Test F1-max]  -  LA: 0.77401
Epoch: 39 | Loss: 2.6464431357453577e-06  | Negative Loss: 0.0
[Test ROC-AUC]  -  SA: 0.00000,  LA: 0.64899
[Test AUPRC]  -  LA: 0.73328
[Test F1-max]  -  LA: 0.77401
Epoch: 40 | Loss: 2.2888161765877157e-06  | Negative Loss: 0.0
[Test ROC-AUC]  -  SA: 0.00000,  LA: 0.64939
[Test AUPRC]  -  LA: 0.73364
[Test F1-max]  -  LA: 0.77401
Epoch: 41 | Loss: 2.0027141545142513e-06  | Negative Loss: 0.0
[Test ROC-AUC]  -  SA: 0.00000,  LA: 0.64971
[Test AUPRC]  -  LA: 0.73426
[Test F1-max]  -  LA: 0.77401
Epoch: 42 | Loss: 1.8119798141924548e-06  | Negative Loss: 0.0
[Test ROC-AUC]  -  SA: 0.00000,  LA: 0.64939
[Test AUPRC]  -  LA: 0.73414
[Test F1-max]  -  LA: 0.77401
Epoch: 43 | Loss: 1.5974031839505187e-06  | Negative Loss: 0.0
[Test ROC-AUC]  -  SA: 0.00000,  LA: 0.64879
[Test AUPRC]  -  LA: 0.73371
[Test F1-max]  -  LA: 0.77401
Epoch: 44 | Loss: 1.4543522866006242e-06  | Negative Loss: 0.0
[Test ROC-AUC]  -  SA: 0.00000,  LA: 0.64899
[Test AUPRC]  -  LA: 0.73427
[Test F1-max]  -  LA: 0.77401
Epoch: 45 | Loss: 1.3351431107366807e-06  | Negative Loss: 0.0
[Test ROC-AUC]  -  SA: 0.00000,  LA: 0.64895
[Test AUPRC]  -  LA: 0.73428
[Test F1-max]  -  LA: 0.77401
Epoch: 46 | Loss: 1.2636177189051523e-06  | Negative Loss: 0.0
[Test ROC-AUC]  -  SA: 0.00000,  LA: 0.64915
[Test AUPRC]  -  LA: 0.73414
[Test F1-max]  -  LA: 0.77401
Epoch: 47 | Loss: 1.1444085430412088e-06  | Negative Loss: 0.0
[Test ROC-AUC]  -  SA: 0.00000,  LA: 0.64915
[Test AUPRC]  -  LA: 0.73430
[Test F1-max]  -  LA: 0.77401
Epoch: 48 | Loss: 1.0967248726956313e-06  | Negative Loss: 0.0
[Test ROC-AUC]  -  SA: 0.00000,  LA: 0.64919
[Test AUPRC]  -  LA: 0.73407
[Test F1-max]  -  LA: 0.77401
Epoch: 49 | Loss: 1.0251993671772652e-06  | Negative Loss: 0.0
[Test ROC-AUC]  -  SA: 0.00000,  LA: 0.64963
[Test AUPRC]  -  LA: 0.73431
[Test F1-max]  -  LA: 0.77401
Epoch: 50 | Loss: 9.775156968316878e-07  | Negative Loss: 0.0
[Test ROC-AUC]  -  SA: 0.00000,  LA: 0.64963
[Test AUPRC]  -  LA: 0.73482
[Test F1-max]  -  LA: 0.77620
Epoch: 51 | Loss: 9.059902481567406e-07  | Negative Loss: 0.0
[Test ROC-AUC]  -  SA: 0.00000,  LA: 0.64951
[Test AUPRC]  -  LA: 0.73471
[Test F1-max]  -  LA: 0.77620
Epoch: 52 | Loss: 9.059902481567406e-07  | Negative Loss: 0.0
[Test ROC-AUC]  -  SA: 0.00000,  LA: 0.64919
[Test AUPRC]  -  LA: 0.73432
[Test F1-max]  -  LA: 0.77620
Epoch: 53 | Loss: 8.583065209677443e-07  | Negative Loss: 0.0
[Test ROC-AUC]  -  SA: 0.00000,  LA: 0.64923
[Test AUPRC]  -  LA: 0.73459
[Test F1-max]  -  LA: 0.77620
Epoch: 54 | Loss: 8.106229074655857e-07  | Negative Loss: 0.0
[Test ROC-AUC]  -  SA: 0.00000,  LA: 0.64939
[Test AUPRC]  -  LA: 0.73439
[Test F1-max]  -  LA: 0.77620
Epoch: 55 | Loss: 7.867810154493782e-07  | Negative Loss: 0.0
[Test ROC-AUC]  -  SA: 0.00000,  LA: 0.64982
[Test AUPRC]  -  LA: 0.73510
[Test F1-max]  -  LA: 0.77620
Epoch: 56 | Loss: 7.629391802765895e-07  | Negative Loss: 0.0
[Test ROC-AUC]  -  SA: 0.00000,  LA: 0.64994
[Test AUPRC]  -  LA: 0.73518
[Test F1-max]  -  LA: 0.77620
Epoch: 57 | Loss: 7.390973451038008e-07  | Negative Loss: 0.0
[Test ROC-AUC]  -  SA: 0.00000,  LA: 0.65042
[Test AUPRC]  -  LA: 0.73553
[Test F1-max]  -  LA: 0.77620
Epoch: 58 | Loss: 7.152555099310121e-07  | Negative Loss: 0.0
[Test ROC-AUC]  -  SA: 0.00000,  LA: 0.65054
[Test AUPRC]  -  LA: 0.73576
[Test F1-max]  -  LA: 0.77620
Epoch: 59 | Loss: 7.152554530875932e-07  | Negative Loss: 0.0
[Test ROC-AUC]  -  SA: 0.00000,  LA: 0.65054
[Test AUPRC]  -  LA: 0.73560
[Test F1-max]  -  LA: 0.77401
Epoch: 60 | Loss: 6.914136747582234e-07  | Negative Loss: 0.0
[Test ROC-AUC]  -  SA: 0.00000,  LA: 0.65058
[Test AUPRC]  -  LA: 0.73394
[Test F1-max]  -  LA: 0.77401
Epoch: 61 | Loss: 6.914136747582234e-07  | Negative Loss: 0.0
[Test ROC-AUC]  -  SA: 0.00000,  LA: 0.65058
[Test AUPRC]  -  LA: 0.73388
[Test F1-max]  -  LA: 0.77401
Epoch: 62 | Loss: 6.437300044126459e-07  | Negative Loss: 0.0
[Test ROC-AUC]  -  SA: 0.00000,  LA: 0.65042
[Test AUPRC]  -  LA: 0.73380
[Test F1-max]  -  LA: 0.77401
Epoch: 63 | Loss: 6.198881123964384e-07  | Negative Loss: 0.0
[Test ROC-AUC]  -  SA: 0.00000,  LA: 0.65070
[Test AUPRC]  -  LA: 0.73450
[Test F1-max]  -  LA: 0.77401
Epoch: 64 | Loss: 6.198881123964384e-07  | Negative Loss: 0.0
[Test ROC-AUC]  -  SA: 0.00000,  LA: 0.65090
[Test AUPRC]  -  LA: 0.73501
[Test F1-max]  -  LA: 0.77401
Epoch: 65 | Loss: 6.198881123964384e-07  | Negative Loss: 0.0
[Test ROC-AUC]  -  SA: 0.00000,  LA: 0.65098
[Test AUPRC]  -  LA: 0.73509
[Test F1-max]  -  LA: 0.77401
Epoch: 66 | Loss: 6.198881123964384e-07  | Negative Loss: 0.0
[Test ROC-AUC]  -  SA: 0.00000,  LA: 0.65122
[Test AUPRC]  -  LA: 0.73526
[Test F1-max]  -  LA: 0.77401
Epoch: 67 | Loss: 5.960462772236497e-07  | Negative Loss: 0.0
[Test ROC-AUC]  -  SA: 0.00000,  LA: 0.65110
[Test AUPRC]  -  LA: 0.73524
[Test F1-max]  -  LA: 0.77401
Epoch: 68 | Loss: 5.960462772236497e-07  | Negative Loss: 0.0
[Test ROC-AUC]  -  SA: 0.00000,  LA: 0.65102
[Test AUPRC]  -  LA: 0.73525
[Test F1-max]  -  LA: 0.77401
Epoch: 69 | Loss: 5.960462772236497e-07  | Negative Loss: 0.0
[Test ROC-AUC]  -  SA: 0.00000,  LA: 0.65110
[Test AUPRC]  -  LA: 0.73526
[Test F1-max]  -  LA: 0.77401
Epoch: 70 | Loss: 5.960462772236497e-07  | Negative Loss: 0.0
[Test ROC-AUC]  -  SA: 0.00000,  LA: 0.65142
[Test AUPRC]  -  LA: 0.73525
[Test F1-max]  -  LA: 0.77401
Epoch: 71 | Loss: 5.960462772236497e-07  | Negative Loss: 0.0
[Test ROC-AUC]  -  SA: 0.00000,  LA: 0.65150
[Test AUPRC]  -  LA: 0.73540
[Test F1-max]  -  LA: 0.77401
Epoch: 72 | Loss: 5.960462772236497e-07  | Negative Loss: 0.0
[Test ROC-AUC]  -  SA: 0.00000,  LA: 0.65170
[Test AUPRC]  -  LA: 0.73551
[Test F1-max]  -  LA: 0.77620
Epoch: 73 | Loss: 5.72204442050861e-07  | Negative Loss: 0.0
[Test ROC-AUC]  -  SA: 0.00000,  LA: 0.65182
[Test AUPRC]  -  LA: 0.73646
[Test F1-max]  -  LA: 0.77620
Epoch: 74 | Loss: 5.483626068780723e-07  | Negative Loss: 0.0
[Test ROC-AUC]  -  SA: 0.00000,  LA: 0.65209
[Test AUPRC]  -  LA: 0.73719
[Test F1-max]  -  LA: 0.77620
Epoch: 75 | Loss: 5.483626068780723e-07  | Negative Loss: 0.0
[Test ROC-AUC]  -  SA: 0.00000,  LA: 0.65221
[Test AUPRC]  -  LA: 0.73725
[Test F1-max]  -  LA: 0.77620
Epoch: 76 | Loss: 5.483626068780723e-07  | Negative Loss: 0.0
[Test ROC-AUC]  -  SA: 0.00000,  LA: 0.65233
[Test AUPRC]  -  LA: 0.73779
[Test F1-max]  -  LA: 0.77620
Epoch: 77 | Loss: 5.483626068780723e-07  | Negative Loss: 0.0
[Test ROC-AUC]  -  SA: 0.00000,  LA: 0.65217
[Test AUPRC]  -  LA: 0.73779
[Test F1-max]  -  LA: 0.77620
Epoch: 78 | Loss: 5.483626068780723e-07  | Negative Loss: 0.0
[Test ROC-AUC]  -  SA: 0.00000,  LA: 0.65217
[Test AUPRC]  -  LA: 0.73783
[Test F1-max]  -  LA: 0.77620
Epoch: 79 | Loss: 5.483626068780723e-07  | Negative Loss: 0.0
[Test ROC-AUC]  -  SA: 0.00000,  LA: 0.65229
[Test AUPRC]  -  LA: 0.73798
[Test F1-max]  -  LA: 0.77620
Epoch: 80 | Loss: 5.483626068780723e-07  | Negative Loss: 0.0
[Test ROC-AUC]  -  SA: 0.00000,  LA: 0.65233
[Test AUPRC]  -  LA: 0.73801
[Test F1-max]  -  LA: 0.77620
Epoch: 81 | Loss: 5.483626068780723e-07  | Negative Loss: 0.0
[Test ROC-AUC]  -  SA: 0.00000,  LA: 0.65245
[Test AUPRC]  -  LA: 0.73807
[Test F1-max]  -  LA: 0.77620
Epoch: 82 | Loss: 5.245207148618647e-07  | Negative Loss: 0.0
[Test ROC-AUC]  -  SA: 0.00000,  LA: 0.65281
[Test AUPRC]  -  LA: 0.73823
[Test F1-max]  -  LA: 0.77620
Epoch: 83 | Loss: 5.245207148618647e-07  | Negative Loss: 0.0
[Test ROC-AUC]  -  SA: 0.00000,  LA: 0.65285
[Test AUPRC]  -  LA: 0.73829
[Test F1-max]  -  LA: 0.77620
Epoch: 84 | Loss: 5.245207148618647e-07  | Negative Loss: 0.0
[Test ROC-AUC]  -  SA: 0.00000,  LA: 0.65289
[Test AUPRC]  -  LA: 0.73833
[Test F1-max]  -  LA: 0.77620
Epoch: 85 | Loss: 5.006789365324948e-07  | Negative Loss: 0.0
[Test ROC-AUC]  -  SA: 0.00000,  LA: 0.65309
[Test AUPRC]  -  LA: 0.73859
[Test F1-max]  -  LA: 0.77620
Epoch: 86 | Loss: 5.00678879689076e-07  | Negative Loss: 0.0
[Test ROC-AUC]  -  SA: 0.00000,  LA: 0.65317
[Test AUPRC]  -  LA: 0.73848
[Test F1-max]  -  LA: 0.77620
Epoch: 87 | Loss: 5.006789365324948e-07  | Negative Loss: 0.0
[Test ROC-AUC]  -  SA: 0.00000,  LA: 0.65337
[Test AUPRC]  -  LA: 0.73856
[Test F1-max]  -  LA: 0.77620
Epoch: 88 | Loss: 5.00678879689076e-07  | Negative Loss: 0.0
[Test ROC-AUC]  -  SA: 0.00000,  LA: 0.65345
[Test AUPRC]  -  LA: 0.73861
[Test F1-max]  -  LA: 0.77620
Epoch: 89 | Loss: 5.006789365324948e-07  | Negative Loss: 0.0
[Test ROC-AUC]  -  SA: 0.00000,  LA: 0.65345
[Test AUPRC]  -  LA: 0.73859
[Test F1-max]  -  LA: 0.77620
Epoch: 90 | Loss: 5.006789365324948e-07  | Negative Loss: 0.0
[Test ROC-AUC]  -  SA: 0.00000,  LA: 0.65345
[Test AUPRC]  -  LA: 0.73859
[Test F1-max]  -  LA: 0.77620
Epoch: 91 | Loss: 4.768370729379967e-07  | Negative Loss: 0.0
[Test ROC-AUC]  -  SA: 0.00000,  LA: 0.65325
[Test AUPRC]  -  LA: 0.73841
[Test F1-max]  -  LA: 0.77620
Epoch: 92 | Loss: 4.768370729379967e-07  | Negative Loss: 0.0
[Test ROC-AUC]  -  SA: 0.00000,  LA: 0.65317
[Test AUPRC]  -  LA: 0.73834
[Test F1-max]  -  LA: 0.77620
Epoch: 93 | Loss: 4.7683701609457785e-07  | Negative Loss: 0.0
[Test ROC-AUC]  -  SA: 0.00000,  LA: 0.65293
[Test AUPRC]  -  LA: 0.73849
[Test F1-max]  -  LA: 0.77620
Epoch: 94 | Loss: 4.768370729379967e-07  | Negative Loss: 0.0
[Test ROC-AUC]  -  SA: 0.00000,  LA: 0.65297
[Test AUPRC]  -  LA: 0.73843
[Test F1-max]  -  LA: 0.77401
Epoch: 95 | Loss: 4.768370729379967e-07  | Negative Loss: 0.0
[Test ROC-AUC]  -  SA: 0.00000,  LA: 0.65297
[Test AUPRC]  -  LA: 0.73863
[Test F1-max]  -  LA: 0.77401
Epoch: 96 | Loss: 4.768370729379967e-07  | Negative Loss: 0.0
[Test ROC-AUC]  -  SA: 0.00000,  LA: 0.65325
[Test AUPRC]  -  LA: 0.73876
[Test F1-max]  -  LA: 0.77401
Epoch: 97 | Loss: 4.768370729379967e-07  | Negative Loss: 0.0
[Test ROC-AUC]  -  SA: 0.00000,  LA: 0.65309
[Test AUPRC]  -  LA: 0.73914
[Test F1-max]  -  LA: 0.77401
Epoch: 98 | Loss: 4.7683701609457785e-07  | Negative Loss: 0.0
[Test ROC-AUC]  -  SA: 0.00000,  LA: 0.65329
[Test AUPRC]  -  LA: 0.73943
[Test F1-max]  -  LA: 0.77401
Epoch: 99 | Loss: 4.768370729379967e-07  | Negative Loss: 0.0
Time consumption: 140.59625577926636
Best LA AUC: 0.6534480012740882
Best LA AUPC: 0.7394333199973337
Best LA F1-max: 0.7771428571428571
[Result] Experiment result appended to ./results/train_hybrid_result.csv

[END] 2026-03-18 15:21:56
[RETURN CODE] 0
