[START] 2026-03-18 15:55:07
[GPU] 2
[INDEX] 32/40
[COMMAND] python train_hybrid.py --data_name banana_juice --mask True --text True --double_encoder True --few_shot True --shot 5 --hybrid_model promptad --hybrid_weight 0.3 --hybrid_batch_size 16 --epoch 100 --log True --lr 5e-4 --detection True --preprocess True

/home/seungeon/miniconda3/envs/LAB/lib/python3.10/site-packages/timm/models/layers/__init__.py:48: FutureWarning: Importing from timm.models.layers is deprecated, please import via timm.layers
  warnings.warn(f"Importing from {__name__} is deprecated, please import via timm.layers", FutureWarning)
/home/seungeon/Workspace/side/vlm/train_hybrid.py:18: DeprecationWarning: The distutils package is deprecated and slated for removal in Python 3.12. Use setuptools or check PEP 632 for potential alternatives
  from distutils.util import strtobool
Torch version: 2.9.1+cu128
cuda is loaded for process
here?
In my local computer
Namespace(epoch=100, gpu_number='0', data_name='banana_juice', lr=0.0005, batch_size=6, shuffle=True, seed=0, tag='default', model_name='ViT-B-32', pretrained_name='laion2b_s34b_b79k', lora=1, default=False, foundation='CLIP', detection=1, preprocess=1, num_rule=0, object_names=['a banana picture label', 'a 100% text label', 'a bottle cap', 'a black background'], objects_for_rules=[['a banana picture label'], ['a banana picture label', 'a 100% text label'], ['a banana picture label'], ['a 100% text label'], ['a banana picture label', 'a 100% text label']], texts_for_rules=[['a photo of banana picture label'], ['a photo of banana picture label and 100% text label'], ['a photo of banana picture label'], ['a photo of 100% text label'], ['a photo of banana picture label and 100% text label']], mask=1, text=1, score='mean', ciriculam_learning=False, few_shot=1, shot=5, log=1, neg_loss=0, double_encoder=1, pretrained_count_path=None, ris=0, rule_select='', rule_list=[], num_negative=5, hybrid_model='promptad', hybrid_weight=0.3, hybrid_class_name='', hybrid_batch_size=16, hybrid_backbone='ViT-B-16-plus-240', hybrid_pretrained_dataset='laion400m_e32', hybrid_scales=[2, 3], hybrid_img_resize=240, hybrid_img_cropsize=240, hybrid_resolution=400, hybrid_promptad_epoch=100, hybrid_promptad_lr=0.002, hybrid_promptad_momentum=0.9, hybrid_promptad_weight_decay=0.0005, hybrid_promptad_eta_min=1e-05, hybrid_promptad_lambda1=0.001, hybrid_promptad_n_ctx=4, hybrid_promptad_n_pro=3, hybrid_promptad_n_ctx_ab=1, hybrid_promptad_n_pro_ab=4, early_stop_k=10, result_log_path='./results/train_hybrid_result.csv')
[Hybrid] method=promptad, class_name=juice_bottle, train=5, eval=85, base_path=/data3/seungeon/data/image/mvtec_loco_anomaly_detection/banana_juice
[Hybrid-only] LA_AUC=0.93852, LA_AUPRC=0.84332, LA_F1=0.88571
[Data Description]
- Train: 5
- Test: 85

Train Start
[Test ROC-AUC]  -  SA: 0.00000,  LA: 0.71678
[Test AUPRC]  -  LA: 0.62461
[Test F1-max]  -  LA: 0.64706
Epoch: 0 | Loss: 5.056466102600098  | Negative Loss: 0.0
[Test ROC-AUC]  -  SA: 0.00000,  LA: 0.72028
[Test AUPRC]  -  LA: 0.62739
[Test F1-max]  -  LA: 0.64706
Epoch: 1 | Loss: 4.994849681854248  | Negative Loss: 0.0
[Test ROC-AUC]  -  SA: 0.00000,  LA: 0.81119
[Test AUPRC]  -  LA: 0.76792
[Test F1-max]  -  LA: 0.69841
Epoch: 2 | Loss: 4.288854598999023  | Negative Loss: 0.0
[Test ROC-AUC]  -  SA: 0.00000,  LA: 0.88345
[Test AUPRC]  -  LA: 0.85174
[Test F1-max]  -  LA: 0.76712
Epoch: 3 | Loss: 3.206106185913086  | Negative Loss: 0.0
[Test ROC-AUC]  -  SA: 0.00000,  LA: 0.90676
[Test AUPRC]  -  LA: 0.87730
[Test F1-max]  -  LA: 0.80645
Epoch: 4 | Loss: 2.0485732555389404  | Negative Loss: 0.0
[Test ROC-AUC]  -  SA: 0.00000,  LA: 0.89977
[Test AUPRC]  -  LA: 0.85722
[Test F1-max]  -  LA: 0.79365
Epoch: 5 | Loss: 1.1673557758331299  | Negative Loss: 0.0
[Test ROC-AUC]  -  SA: 0.00000,  LA: 0.89044
[Test AUPRC]  -  LA: 0.83820
[Test F1-max]  -  LA: 0.77419
Epoch: 6 | Loss: 0.6090614795684814  | Negative Loss: 0.0
[Test ROC-AUC]  -  SA: 0.00000,  LA: 0.87471
[Test AUPRC]  -  LA: 0.81581
[Test F1-max]  -  LA: 0.75362
Epoch: 7 | Loss: 0.29799455404281616  | Negative Loss: 0.0
[Test ROC-AUC]  -  SA: 0.00000,  LA: 0.87238
[Test AUPRC]  -  LA: 0.81546
[Test F1-max]  -  LA: 0.75362
Epoch: 8 | Loss: 0.13762786984443665  | Negative Loss: 0.0
[Test ROC-AUC]  -  SA: 0.00000,  LA: 0.86189
[Test AUPRC]  -  LA: 0.79735
[Test F1-max]  -  LA: 0.74286
Epoch: 9 | Loss: 0.0631818175315857  | Negative Loss: 0.0
[Test ROC-AUC]  -  SA: 0.00000,  LA: 0.85548
[Test AUPRC]  -  LA: 0.78875
[Test F1-max]  -  LA: 0.73846
Epoch: 10 | Loss: 0.02957681566476822  | Negative Loss: 0.0
[Test ROC-AUC]  -  SA: 0.00000,  LA: 0.85897
[Test AUPRC]  -  LA: 0.79166
[Test F1-max]  -  LA: 0.74627
Epoch: 11 | Loss: 0.014339183457195759  | Negative Loss: 0.0
[Test ROC-AUC]  -  SA: 0.00000,  LA: 0.86014
[Test AUPRC]  -  LA: 0.78868
[Test F1-max]  -  LA: 0.76471
Epoch: 12 | Loss: 0.00719365943223238  | Negative Loss: 0.0
[Test ROC-AUC]  -  SA: 0.00000,  LA: 0.86247
[Test AUPRC]  -  LA: 0.79284
[Test F1-max]  -  LA: 0.75758
Epoch: 13 | Loss: 0.0037314300425350666  | Negative Loss: 0.0
[Test ROC-AUC]  -  SA: 0.00000,  LA: 0.86247
[Test AUPRC]  -  LA: 0.79244
[Test F1-max]  -  LA: 0.75758
Epoch: 14 | Loss: 0.0019978750497102737  | Negative Loss: 0.0
[Test ROC-AUC]  -  SA: 0.00000,  LA: 0.86538
[Test AUPRC]  -  LA: 0.79936
[Test F1-max]  -  LA: 0.75758
Epoch: 15 | Loss: 0.0011022866237908602  | Negative Loss: 0.0
[Test ROC-AUC]  -  SA: 0.00000,  LA: 0.86830
[Test AUPRC]  -  LA: 0.80469
[Test F1-max]  -  LA: 0.75758
Epoch: 16 | Loss: 0.0006258857902139425  | Negative Loss: 0.0
[Test ROC-AUC]  -  SA: 0.00000,  LA: 0.87238
[Test AUPRC]  -  LA: 0.81505
[Test F1-max]  -  LA: 0.76471
Epoch: 17 | Loss: 0.00036477396497502923  | Negative Loss: 0.0
[Test ROC-AUC]  -  SA: 0.00000,  LA: 0.87413
[Test AUPRC]  -  LA: 0.81500
[Test F1-max]  -  LA: 0.76471
Epoch: 18 | Loss: 0.00021783147531095892  | Negative Loss: 0.0
[Test ROC-AUC]  -  SA: 0.00000,  LA: 0.87529
[Test AUPRC]  -  LA: 0.81402
[Test F1-max]  -  LA: 0.77612
Epoch: 19 | Loss: 0.00013334289542399347  | Negative Loss: 0.0
[Test ROC-AUC]  -  SA: 0.00000,  LA: 0.87821
[Test AUPRC]  -  LA: 0.82041
[Test F1-max]  -  LA: 0.77612
Epoch: 20 | Loss: 8.375453762710094e-05  | Negative Loss: 0.0
[Test ROC-AUC]  -  SA: 0.00000,  LA: 0.88578
[Test AUPRC]  -  LA: 0.83102
[Test F1-max]  -  LA: 0.77612
Epoch: 21 | Loss: 5.373871681513265e-05  | Negative Loss: 0.0
[Test ROC-AUC]  -  SA: 0.00000,  LA: 0.88287
[Test AUPRC]  -  LA: 0.82687
[Test F1-max]  -  LA: 0.76471
Epoch: 22 | Loss: 3.54047842847649e-05  | Negative Loss: 0.0
[Test ROC-AUC]  -  SA: 0.00000,  LA: 0.88170
[Test AUPRC]  -  LA: 0.82463
[Test F1-max]  -  LA: 0.76316
Epoch: 23 | Loss: 2.372247399762273e-05  | Negative Loss: 0.0
[Test ROC-AUC]  -  SA: 0.00000,  LA: 0.87995
[Test AUPRC]  -  LA: 0.82128
[Test F1-max]  -  LA: 0.76316
Epoch: 24 | Loss: 1.6260062693618238e-05  | Negative Loss: 0.0
[Test ROC-AUC]  -  SA: 0.00000,  LA: 0.88170
[Test AUPRC]  -  LA: 0.82273
[Test F1-max]  -  LA: 0.76923
Epoch: 25 | Loss: 1.1372523658792488e-05  | Negative Loss: 0.0
[Test ROC-AUC]  -  SA: 0.00000,  LA: 0.88403
[Test AUPRC]  -  LA: 0.82447
[Test F1-max]  -  LA: 0.76923
Epoch: 26 | Loss: 8.201575838029385e-06  | Negative Loss: 0.0
[Test ROC-AUC]  -  SA: 0.00000,  LA: 0.88695
[Test AUPRC]  -  LA: 0.82785
[Test F1-max]  -  LA: 0.77647
Epoch: 27 | Loss: 5.936610250500962e-06  | Negative Loss: 0.0
[Test ROC-AUC]  -  SA: 0.00000,  LA: 0.88928
[Test AUPRC]  -  LA: 0.83004
[Test F1-max]  -  LA: 0.77647
Epoch: 28 | Loss: 4.434578841028269e-06  | Negative Loss: 0.0
[Test ROC-AUC]  -  SA: 0.00000,  LA: 0.89219
[Test AUPRC]  -  LA: 0.83530
[Test F1-max]  -  LA: 0.78571
Epoch: 29 | Loss: 3.409381633900921e-06  | Negative Loss: 0.0
[Test ROC-AUC]  -  SA: 0.00000,  LA: 0.89452
[Test AUPRC]  -  LA: 0.83753
[Test F1-max]  -  LA: 0.78571
Epoch: 30 | Loss: 2.6702857667260105e-06  | Negative Loss: 0.0
[Test ROC-AUC]  -  SA: 0.00000,  LA: 0.89627
[Test AUPRC]  -  LA: 0.84156
[Test F1-max]  -  LA: 0.79518
Epoch: 31 | Loss: 2.0503982796071796e-06  | Negative Loss: 0.0
[Test ROC-AUC]  -  SA: 0.00000,  LA: 0.89802
[Test AUPRC]  -  LA: 0.84370
[Test F1-max]  -  LA: 0.79518
Epoch: 32 | Loss: 1.6450871953566093e-06  | Negative Loss: 0.0
[Test ROC-AUC]  -  SA: 0.00000,  LA: 0.89977
[Test AUPRC]  -  LA: 0.84499
[Test F1-max]  -  LA: 0.79518
Epoch: 33 | Loss: 1.287459554077941e-06  | Negative Loss: 0.0
[Test ROC-AUC]  -  SA: 0.00000,  LA: 0.90268
[Test AUPRC]  -  LA: 0.84869
[Test F1-max]  -  LA: 0.80000
Epoch: 34 | Loss: 1.025199480864103e-06  | Negative Loss: 0.0
[Test ROC-AUC]  -  SA: 0.00000,  LA: 0.90443
[Test AUPRC]  -  LA: 0.85065
[Test F1-max]  -  LA: 0.80000
Epoch: 35 | Loss: 8.583065209677443e-07  | Negative Loss: 0.0
[Test ROC-AUC]  -  SA: 0.00000,  LA: 0.90559
[Test AUPRC]  -  LA: 0.85227
[Test F1-max]  -  LA: 0.80488
Epoch: 36 | Loss: 6.914136179148045e-07  | Negative Loss: 0.0
[Test ROC-AUC]  -  SA: 0.00000,  LA: 0.90676
[Test AUPRC]  -  LA: 0.85443
[Test F1-max]  -  LA: 0.81081
Epoch: 37 | Loss: 6.198881123964384e-07  | Negative Loss: 0.0
[Test ROC-AUC]  -  SA: 0.00000,  LA: 0.90793
[Test AUPRC]  -  LA: 0.85545
[Test F1-max]  -  LA: 0.81081
Epoch: 38 | Loss: 5.006789365324948e-07  | Negative Loss: 0.0
[Test ROC-AUC]  -  SA: 0.00000,  LA: 0.90967
[Test AUPRC]  -  LA: 0.85638
[Test F1-max]  -  LA: 0.81081
Epoch: 39 | Loss: 4.2915334574900044e-07  | Negative Loss: 0.0
[Test ROC-AUC]  -  SA: 0.00000,  LA: 0.91026
[Test AUPRC]  -  LA: 0.85657
[Test F1-max]  -  LA: 0.81081
Epoch: 40 | Loss: 3.814696469817136e-07  | Negative Loss: 0.0
[Test ROC-AUC]  -  SA: 0.00000,  LA: 0.91026
[Test AUPRC]  -  LA: 0.85422
[Test F1-max]  -  LA: 0.81481
Epoch: 41 | Loss: 3.337859766361362e-07  | Negative Loss: 0.0
[Test ROC-AUC]  -  SA: 0.00000,  LA: 0.91200
[Test AUPRC]  -  LA: 0.85653
[Test F1-max]  -  LA: 0.82500
Epoch: 42 | Loss: 3.0994411304163805e-07  | Negative Loss: 0.0
[Test ROC-AUC]  -  SA: 0.00000,  LA: 0.91259
[Test AUPRC]  -  LA: 0.85703
[Test F1-max]  -  LA: 0.82500
Epoch: 43 | Loss: 3.0994411304163805e-07  | Negative Loss: 0.0
[Test ROC-AUC]  -  SA: 0.00000,  LA: 0.91375
[Test AUPRC]  -  LA: 0.85852
[Test F1-max]  -  LA: 0.82667
Epoch: 44 | Loss: 2.861022494471399e-07  | Negative Loss: 0.0
[Test ROC-AUC]  -  SA: 0.00000,  LA: 0.91375
[Test AUPRC]  -  LA: 0.85761
[Test F1-max]  -  LA: 0.82667
Epoch: 45 | Loss: 2.622603858526418e-07  | Negative Loss: 0.0
[Test ROC-AUC]  -  SA: 0.00000,  LA: 0.91492
[Test AUPRC]  -  LA: 0.85889
[Test F1-max]  -  LA: 0.84211
Epoch: 46 | Loss: 2.1457670129620965e-07  | Negative Loss: 0.0
[Test ROC-AUC]  -  SA: 0.00000,  LA: 0.91492
[Test AUPRC]  -  LA: 0.85889
[Test F1-max]  -  LA: 0.84211
Epoch: 47 | Loss: 1.907348377017115e-07  | Negative Loss: 0.0
[Test ROC-AUC]  -  SA: 0.00000,  LA: 0.91550
[Test AUPRC]  -  LA: 0.85945
[Test F1-max]  -  LA: 0.84211
Epoch: 48 | Loss: 1.668929883180681e-07  | Negative Loss: 0.0
[Test ROC-AUC]  -  SA: 0.00000,  LA: 0.91550
[Test AUPRC]  -  LA: 0.85945
[Test F1-max]  -  LA: 0.84211
Epoch: 49 | Loss: 1.668929883180681e-07  | Negative Loss: 0.0
[Test ROC-AUC]  -  SA: 0.00000,  LA: 0.91550
[Test AUPRC]  -  LA: 0.85945
[Test F1-max]  -  LA: 0.84211
Epoch: 50 | Loss: 1.668929883180681e-07  | Negative Loss: 0.0
[Test ROC-AUC]  -  SA: 0.00000,  LA: 0.91550
[Test AUPRC]  -  LA: 0.85945
[Test F1-max]  -  LA: 0.84211
Epoch: 51 | Loss: 1.668929883180681e-07  | Negative Loss: 0.0
[Test ROC-AUC]  -  SA: 0.00000,  LA: 0.91550
[Test AUPRC]  -  LA: 0.85945
[Test F1-max]  -  LA: 0.84211
Epoch: 52 | Loss: 1.668929883180681e-07  | Negative Loss: 0.0
[Test ROC-AUC]  -  SA: 0.00000,  LA: 0.91608
[Test AUPRC]  -  LA: 0.86007
[Test F1-max]  -  LA: 0.84211
Epoch: 53 | Loss: 1.668929883180681e-07  | Negative Loss: 0.0
[Test ROC-AUC]  -  SA: 0.00000,  LA: 0.91696
[Test AUPRC]  -  LA: 0.86078
[Test F1-max]  -  LA: 0.84211
Epoch: 54 | Loss: 1.668929883180681e-07  | Negative Loss: 0.0
[Test ROC-AUC]  -  SA: 0.00000,  LA: 0.91725
[Test AUPRC]  -  LA: 0.86102
[Test F1-max]  -  LA: 0.84615
Epoch: 55 | Loss: 1.4305113893442467e-07  | Negative Loss: 0.0
[Test ROC-AUC]  -  SA: 0.00000,  LA: 0.91667
[Test AUPRC]  -  LA: 0.85812
[Test F1-max]  -  LA: 0.84615
Epoch: 56 | Loss: 1.4305113893442467e-07  | Negative Loss: 0.0
[Test ROC-AUC]  -  SA: 0.00000,  LA: 0.91725
[Test AUPRC]  -  LA: 0.85873
[Test F1-max]  -  LA: 0.84615
Epoch: 57 | Loss: 1.4305113893442467e-07  | Negative Loss: 0.0
[Test ROC-AUC]  -  SA: 0.00000,  LA: 0.91725
[Test AUPRC]  -  LA: 0.85873
[Test F1-max]  -  LA: 0.84615
Epoch: 58 | Loss: 1.4305113893442467e-07  | Negative Loss: 0.0
[Test ROC-AUC]  -  SA: 0.00000,  LA: 0.91783
[Test AUPRC]  -  LA: 0.85928
[Test F1-max]  -  LA: 0.84615
Epoch: 59 | Loss: 1.4305113893442467e-07  | Negative Loss: 0.0
[Test ROC-AUC]  -  SA: 0.00000,  LA: 0.91725
[Test AUPRC]  -  LA: 0.85608
[Test F1-max]  -  LA: 0.84615
Epoch: 60 | Loss: 1.4305113893442467e-07  | Negative Loss: 0.0
[Test ROC-AUC]  -  SA: 0.00000,  LA: 0.91725
[Test AUPRC]  -  LA: 0.85608
[Test F1-max]  -  LA: 0.84615
Epoch: 61 | Loss: 1.4305113893442467e-07  | Negative Loss: 0.0
[Test ROC-AUC]  -  SA: 0.00000,  LA: 0.91725
[Test AUPRC]  -  LA: 0.85608
[Test F1-max]  -  LA: 0.84615
Epoch: 62 | Loss: 1.4305113893442467e-07  | Negative Loss: 0.0
[Test ROC-AUC]  -  SA: 0.00000,  LA: 0.91725
[Test AUPRC]  -  LA: 0.85608
[Test F1-max]  -  LA: 0.84615
Epoch: 63 | Loss: 1.1920927533992653e-07  | Negative Loss: 0.0
[Test ROC-AUC]  -  SA: 0.00000,  LA: 0.91667
[Test AUPRC]  -  LA: 0.85511
[Test F1-max]  -  LA: 0.84615
Epoch: 64 | Loss: 1.1920927533992653e-07  | Negative Loss: 0.0
[Test ROC-AUC]  -  SA: 0.00000,  LA: 0.91667
[Test AUPRC]  -  LA: 0.85511
[Test F1-max]  -  LA: 0.84615
Epoch: 65 | Loss: 1.1920927533992653e-07  | Negative Loss: 0.0
[Test ROC-AUC]  -  SA: 0.00000,  LA: 0.91667
[Test AUPRC]  -  LA: 0.85511
[Test F1-max]  -  LA: 0.84615
Epoch: 66 | Loss: 1.1920927533992653e-07  | Negative Loss: 0.0
[Test ROC-AUC]  -  SA: 0.00000,  LA: 0.91667
[Test AUPRC]  -  LA: 0.85511
[Test F1-max]  -  LA: 0.84615
Epoch: 67 | Loss: 1.1920927533992653e-07  | Negative Loss: 0.0
[Test ROC-AUC]  -  SA: 0.00000,  LA: 0.91608
[Test AUPRC]  -  LA: 0.85339
[Test F1-max]  -  LA: 0.84615
Epoch: 68 | Loss: 1.1920927533992653e-07  | Negative Loss: 0.0
[Test ROC-AUC]  -  SA: 0.00000,  LA: 0.91608
[Test AUPRC]  -  LA: 0.85339
[Test F1-max]  -  LA: 0.84615
Epoch: 69 | Loss: 1.1920927533992653e-07  | Negative Loss: 0.0
[Test ROC-AUC]  -  SA: 0.00000,  LA: 0.91550
[Test AUPRC]  -  LA: 0.85157
[Test F1-max]  -  LA: 0.84615
Epoch: 70 | Loss: 1.1920927533992653e-07  | Negative Loss: 0.0
[Test ROC-AUC]  -  SA: 0.00000,  LA: 0.91608
[Test AUPRC]  -  LA: 0.85208
[Test F1-max]  -  LA: 0.85714
Epoch: 71 | Loss: 1.1920927533992653e-07  | Negative Loss: 0.0
[Test ROC-AUC]  -  SA: 0.00000,  LA: 0.91550
[Test AUPRC]  -  LA: 0.85153
[Test F1-max]  -  LA: 0.85714
Epoch: 72 | Loss: 1.1920927533992653e-07  | Negative Loss: 0.0
[Test ROC-AUC]  -  SA: 0.00000,  LA: 0.91550
[Test AUPRC]  -  LA: 0.85153
[Test F1-max]  -  LA: 0.85714
Epoch: 73 | Loss: 1.1920927533992653e-07  | Negative Loss: 0.0
[Test ROC-AUC]  -  SA: 0.00000,  LA: 0.91550
[Test AUPRC]  -  LA: 0.85153
[Test F1-max]  -  LA: 0.85714
Epoch: 74 | Loss: 1.1920927533992653e-07  | Negative Loss: 0.0
[Test ROC-AUC]  -  SA: 0.00000,  LA: 0.91550
[Test AUPRC]  -  LA: 0.85153
[Test F1-max]  -  LA: 0.85714
Epoch: 75 | Loss: 1.1920927533992653e-07  | Negative Loss: 0.0
[Test ROC-AUC]  -  SA: 0.00000,  LA: 0.91550
[Test AUPRC]  -  LA: 0.85153
[Test F1-max]  -  LA: 0.85714
Epoch: 76 | Loss: 1.1920927533992653e-07  | Negative Loss: 0.0
[Test ROC-AUC]  -  SA: 0.00000,  LA: 0.91550
[Test AUPRC]  -  LA: 0.85153
[Test F1-max]  -  LA: 0.85714
Epoch: 77 | Loss: 1.1920927533992653e-07  | Negative Loss: 0.0
[Test ROC-AUC]  -  SA: 0.00000,  LA: 0.91550
[Test AUPRC]  -  LA: 0.85153
[Test F1-max]  -  LA: 0.85714
Epoch: 78 | Loss: 1.1920927533992653e-07  | Negative Loss: 0.0
[Test ROC-AUC]  -  SA: 0.00000,  LA: 0.91492
[Test AUPRC]  -  LA: 0.84959
[Test F1-max]  -  LA: 0.85714
Epoch: 79 | Loss: 1.1920927533992653e-07  | Negative Loss: 0.0
[Test ROC-AUC]  -  SA: 0.00000,  LA: 0.91550
[Test AUPRC]  -  LA: 0.85025
[Test F1-max]  -  LA: 0.85714
Epoch: 80 | Loss: 1.1920927533992653e-07  | Negative Loss: 0.0
[Test ROC-AUC]  -  SA: 0.00000,  LA: 0.91434
[Test AUPRC]  -  LA: 0.84606
[Test F1-max]  -  LA: 0.85714
Epoch: 81 | Loss: 1.1920927533992653e-07  | Negative Loss: 0.0
[Test ROC-AUC]  -  SA: 0.00000,  LA: 0.91434
[Test AUPRC]  -  LA: 0.84606
[Test F1-max]  -  LA: 0.85714
Epoch: 82 | Loss: 1.1920927533992653e-07  | Negative Loss: 0.0
[Test ROC-AUC]  -  SA: 0.00000,  LA: 0.91434
[Test AUPRC]  -  LA: 0.84606
[Test F1-max]  -  LA: 0.85714
Epoch: 83 | Loss: 1.1920927533992653e-07  | Negative Loss: 0.0
[Test ROC-AUC]  -  SA: 0.00000,  LA: 0.91434
[Test AUPRC]  -  LA: 0.84606
[Test F1-max]  -  LA: 0.85714
Epoch: 84 | Loss: 1.1920927533992653e-07  | Negative Loss: 0.0
[Test ROC-AUC]  -  SA: 0.00000,  LA: 0.91434
[Test AUPRC]  -  LA: 0.84606
[Test F1-max]  -  LA: 0.85714
Epoch: 85 | Loss: 1.1920927533992653e-07  | Negative Loss: 0.0
[Test ROC-AUC]  -  SA: 0.00000,  LA: 0.91434
[Test AUPRC]  -  LA: 0.84606
[Test F1-max]  -  LA: 0.85714
Epoch: 86 | Loss: 1.1920927533992653e-07  | Negative Loss: 0.0
[Test ROC-AUC]  -  SA: 0.00000,  LA: 0.91434
[Test AUPRC]  -  LA: 0.84606
[Test F1-max]  -  LA: 0.85714
Epoch: 87 | Loss: 1.1920927533992653e-07  | Negative Loss: 0.0
[Test ROC-AUC]  -  SA: 0.00000,  LA: 0.91404
[Test AUPRC]  -  LA: 0.84574
[Test F1-max]  -  LA: 0.85714
Epoch: 88 | Loss: 1.1920927533992653e-07  | Negative Loss: 0.0
[Test ROC-AUC]  -  SA: 0.00000,  LA: 0.91375
[Test AUPRC]  -  LA: 0.84541
[Test F1-max]  -  LA: 0.85714
Epoch: 89 | Loss: 1.1920927533992653e-07  | Negative Loss: 0.0
[Test ROC-AUC]  -  SA: 0.00000,  LA: 0.91375
[Test AUPRC]  -  LA: 0.84540
[Test F1-max]  -  LA: 0.85714
Epoch: 90 | Loss: 1.1920927533992653e-07  | Negative Loss: 0.0
[Test ROC-AUC]  -  SA: 0.00000,  LA: 0.91375
[Test AUPRC]  -  LA: 0.84541
[Test F1-max]  -  LA: 0.85714
Epoch: 91 | Loss: 1.1920927533992653e-07  | Negative Loss: 0.0
[Test ROC-AUC]  -  SA: 0.00000,  LA: 0.91375
[Test AUPRC]  -  LA: 0.84541
[Test F1-max]  -  LA: 0.85714
Epoch: 92 | Loss: 1.1920927533992653e-07  | Negative Loss: 0.0
[Test ROC-AUC]  -  SA: 0.00000,  LA: 0.91375
[Test AUPRC]  -  LA: 0.84541
[Test F1-max]  -  LA: 0.85714
Epoch: 93 | Loss: 1.1920927533992653e-07  | Negative Loss: 0.0
[Test ROC-AUC]  -  SA: 0.00000,  LA: 0.91434
[Test AUPRC]  -  LA: 0.84601
[Test F1-max]  -  LA: 0.85714
Epoch: 94 | Loss: 1.1920927533992653e-07  | Negative Loss: 0.0
[Test ROC-AUC]  -  SA: 0.00000,  LA: 0.91434
[Test AUPRC]  -  LA: 0.84601
[Test F1-max]  -  LA: 0.85714
Epoch: 95 | Loss: 1.1920927533992653e-07  | Negative Loss: 0.0
[Test ROC-AUC]  -  SA: 0.00000,  LA: 0.91434
[Test AUPRC]  -  LA: 0.84601
[Test F1-max]  -  LA: 0.85714
Epoch: 96 | Loss: 9.536742595628311e-08  | Negative Loss: 0.0
[Test ROC-AUC]  -  SA: 0.00000,  LA: 0.91434
[Test AUPRC]  -  LA: 0.84601
[Test F1-max]  -  LA: 0.85714
Epoch: 97 | Loss: 9.536742595628311e-08  | Negative Loss: 0.0
[Test ROC-AUC]  -  SA: 0.00000,  LA: 0.91492
[Test AUPRC]  -  LA: 0.84661
[Test F1-max]  -  LA: 0.85714
Epoch: 98 | Loss: 9.536742595628311e-08  | Negative Loss: 0.0
[Test ROC-AUC]  -  SA: 0.00000,  LA: 0.91521
[Test AUPRC]  -  LA: 0.84736
[Test F1-max]  -  LA: 0.85714
Epoch: 99 | Loss: 9.536742595628311e-08  | Negative Loss: 0.0
Time consumption: 97.47204542160034
Best LA AUC: 0.9178321678321678
Best LA AUPC: 0.8773018255892026
Best LA F1-max: 0.8571428571428571
[Result] Experiment result appended to ./results/train_hybrid_result.csv

[END] 2026-03-18 15:58:32
[RETURN CODE] 0
