[START] 2026-03-18 18:07:22
[GPU] 0
[TASK] 64/120
[NAME] banana_juice_winclip
[REPEAT] 4/10
[COMMAND] python train_hybrid.py --data_name banana_juice --mask True --text True --double_encoder True --few_shot True --shot 1 --hybrid_model winclip --hybrid_weight 0.3 --hybrid_batch_size 16 --epoch 100 --log True --lr 5e-4 --detection True --preprocess True

/home/seungeon/miniconda3/envs/LAB/lib/python3.10/site-packages/timm/models/layers/__init__.py:48: FutureWarning: Importing from timm.models.layers is deprecated, please import via timm.layers
  warnings.warn(f"Importing from {__name__} is deprecated, please import via timm.layers", FutureWarning)
/home/seungeon/Workspace/side/vlm/train_hybrid.py:18: DeprecationWarning: The distutils package is deprecated and slated for removal in Python 3.12. Use setuptools or check PEP 632 for potential alternatives
  from distutils.util import strtobool
Torch version: 2.9.1+cu128
cuda is loaded for process
here?
In my local computer
Namespace(epoch=100, gpu_number='0', data_name='banana_juice', lr=0.0005, batch_size=6, shuffle=True, seed=0, tag='default', model_name='ViT-B-32', pretrained_name='laion2b_s34b_b79k', lora=1, default=False, foundation='CLIP', detection=1, preprocess=1, num_rule=0, object_names=['a banana picture label', 'a 100% text label', 'a bottle cap', 'a black background'], objects_for_rules=[['a banana picture label'], ['a banana picture label', 'a 100% text label'], ['a banana picture label'], ['a 100% text label'], ['a banana picture label', 'a 100% text label']], texts_for_rules=[['a photo of banana picture label'], ['a photo of banana picture label and 100% text label'], ['a photo of banana picture label'], ['a photo of 100% text label'], ['a photo of banana picture label and 100% text label']], mask=1, text=1, score='mean', ciriculam_learning=False, few_shot=1, shot=1, log=1, neg_loss=0, double_encoder=1, pretrained_count_path=None, ris=0, rule_select='', rule_list=[], num_negative=5, hybrid_model='winclip', hybrid_weight=0.3, hybrid_class_name='', hybrid_batch_size=16, hybrid_backbone='ViT-B-16-plus-240', hybrid_pretrained_dataset='laion400m_e32', hybrid_scales=[2, 3], hybrid_img_resize=240, hybrid_img_cropsize=240, hybrid_resolution=400, hybrid_promptad_epoch=100, hybrid_promptad_lr=0.002, hybrid_promptad_momentum=0.9, hybrid_promptad_weight_decay=0.0005, hybrid_promptad_eta_min=1e-05, hybrid_promptad_lambda1=0.001, hybrid_promptad_n_ctx=4, hybrid_promptad_n_pro=3, hybrid_promptad_n_ctx_ab=1, hybrid_promptad_n_pro_ab=4, early_stop_k=10, result_log_path='./results/train_hybrid_result.csv')
[Hybrid] method=winclip, class_name=juice_bottle, train=1, eval=85, base_path=/data3/seungeon/data/image/mvtec_loco_anomaly_detection/banana_juice
grid 240 16 (15, 15)
[Hybrid-only] LA_AUC=0.64918, LA_AUPRC=0.44330, LA_F1=0.66000
[Data Description]
- Train: 1
- Test: 85

Train Start
[Test ROC-AUC]  -  SA: 0.00000,  LA: 0.68182
[Test AUPRC]  -  LA: 0.47082
[Test F1-max]  -  LA: 0.68182
Epoch: 0 | Loss: 12.629505157470703  | Negative Loss: 0.0
[Test ROC-AUC]  -  SA: 0.00000,  LA: 0.68881
[Test AUPRC]  -  LA: 0.47846
[Test F1-max]  -  LA: 0.68182
Epoch: 1 | Loss: 12.483785629272461  | Negative Loss: 0.0
[Test ROC-AUC]  -  SA: 0.00000,  LA: 0.76573
[Test AUPRC]  -  LA: 0.55767
[Test F1-max]  -  LA: 0.71429
Epoch: 2 | Loss: 11.019424438476562  | Negative Loss: 0.0
[Test ROC-AUC]  -  SA: 0.00000,  LA: 0.82401
[Test AUPRC]  -  LA: 0.69483
[Test F1-max]  -  LA: 0.73973
Epoch: 3 | Loss: 8.765471458435059  | Negative Loss: 0.0
[Test ROC-AUC]  -  SA: 0.00000,  LA: 0.84091
[Test AUPRC]  -  LA: 0.72094
[Test F1-max]  -  LA: 0.75000
Epoch: 4 | Loss: 6.171351432800293  | Negative Loss: 0.0
[Test ROC-AUC]  -  SA: 0.00000,  LA: 0.82984
[Test AUPRC]  -  LA: 0.72556
[Test F1-max]  -  LA: 0.72000
Epoch: 5 | Loss: 3.8843770027160645  | Negative Loss: 0.0
[Test ROC-AUC]  -  SA: 0.00000,  LA: 0.81527
[Test AUPRC]  -  LA: 0.71625
[Test F1-max]  -  LA: 0.69880
Epoch: 6 | Loss: 2.287245512008667  | Negative Loss: 0.0
[Test ROC-AUC]  -  SA: 0.00000,  LA: 0.81294
[Test AUPRC]  -  LA: 0.69326
[Test F1-max]  -  LA: 0.69767
Epoch: 7 | Loss: 1.3592621088027954  | Negative Loss: 0.0
[Test ROC-AUC]  -  SA: 0.00000,  LA: 0.81410
[Test AUPRC]  -  LA: 0.69743
[Test F1-max]  -  LA: 0.69767
Epoch: 8 | Loss: 0.8178564310073853  | Negative Loss: 0.0
[Test ROC-AUC]  -  SA: 0.00000,  LA: 0.81527
[Test AUPRC]  -  LA: 0.69794
[Test F1-max]  -  LA: 0.69767
Epoch: 9 | Loss: 0.4887908697128296  | Negative Loss: 0.0
[Test ROC-AUC]  -  SA: 0.00000,  LA: 0.81527
[Test AUPRC]  -  LA: 0.69848
[Test F1-max]  -  LA: 0.69767
Epoch: 10 | Loss: 0.2857331931591034  | Negative Loss: 0.0
[Test ROC-AUC]  -  SA: 0.00000,  LA: 0.81177
[Test AUPRC]  -  LA: 0.69246
[Test F1-max]  -  LA: 0.69767
Epoch: 11 | Loss: 0.16563661396503448  | Negative Loss: 0.0
[Test ROC-AUC]  -  SA: 0.00000,  LA: 0.81119
[Test AUPRC]  -  LA: 0.71483
[Test F1-max]  -  LA: 0.68293
Epoch: 12 | Loss: 0.09555409103631973  | Negative Loss: 0.0
[Test ROC-AUC]  -  SA: 0.00000,  LA: 0.80886
[Test AUPRC]  -  LA: 0.68995
[Test F1-max]  -  LA: 0.69048
Epoch: 13 | Loss: 0.05520135536789894  | Negative Loss: 0.0
[Test ROC-AUC]  -  SA: 0.00000,  LA: 0.81061
[Test AUPRC]  -  LA: 0.72243
[Test F1-max]  -  LA: 0.70270
Epoch: 14 | Loss: 0.03224686533212662  | Negative Loss: 0.0
[Test ROC-AUC]  -  SA: 0.00000,  LA: 0.80944
[Test AUPRC]  -  LA: 0.72077
[Test F1-max]  -  LA: 0.70270
Epoch: 15 | Loss: 0.0190100260078907  | Negative Loss: 0.0
[Test ROC-AUC]  -  SA: 0.00000,  LA: 0.81002
[Test AUPRC]  -  LA: 0.72013
[Test F1-max]  -  LA: 0.70270
Epoch: 16 | Loss: 0.011365585029125214  | Negative Loss: 0.0
[Test ROC-AUC]  -  SA: 0.00000,  LA: 0.81177
[Test AUPRC]  -  LA: 0.73041
[Test F1-max]  -  LA: 0.71233
Epoch: 17 | Loss: 0.006915409117937088  | Negative Loss: 0.0
[Test ROC-AUC]  -  SA: 0.00000,  LA: 0.81177
[Test AUPRC]  -  LA: 0.72949
[Test F1-max]  -  LA: 0.71233
Epoch: 18 | Loss: 0.0042828102596104145  | Negative Loss: 0.0
[Test ROC-AUC]  -  SA: 0.00000,  LA: 0.81352
[Test AUPRC]  -  LA: 0.73477
[Test F1-max]  -  LA: 0.71233
Epoch: 19 | Loss: 0.002706843661144376  | Negative Loss: 0.0
[Test ROC-AUC]  -  SA: 0.00000,  LA: 0.81469
[Test AUPRC]  -  LA: 0.73057
[Test F1-max]  -  LA: 0.71605
Epoch: 20 | Loss: 0.001745588961057365  | Negative Loss: 0.0
[Test ROC-AUC]  -  SA: 0.00000,  LA: 0.81527
[Test AUPRC]  -  LA: 0.73074
[Test F1-max]  -  LA: 0.71605
Epoch: 21 | Loss: 0.0011518507963046432  | Negative Loss: 0.0
[Test ROC-AUC]  -  SA: 0.00000,  LA: 0.81469
[Test AUPRC]  -  LA: 0.73595
[Test F1-max]  -  LA: 0.71429
Epoch: 22 | Loss: 0.0007774629630148411  | Negative Loss: 0.0
[Test ROC-AUC]  -  SA: 0.00000,  LA: 0.81876
[Test AUPRC]  -  LA: 0.74347
[Test F1-max]  -  LA: 0.71429
Epoch: 23 | Loss: 0.0005343497032299638  | Negative Loss: 0.0
[Test ROC-AUC]  -  SA: 0.00000,  LA: 0.81993
[Test AUPRC]  -  LA: 0.74022
[Test F1-max]  -  LA: 0.72464
Epoch: 24 | Loss: 0.0003746426955331117  | Negative Loss: 0.0
[Test ROC-AUC]  -  SA: 0.00000,  LA: 0.82110
[Test AUPRC]  -  LA: 0.74083
[Test F1-max]  -  LA: 0.73529
Epoch: 25 | Loss: 0.00026820451603271067  | Negative Loss: 0.0
[Test ROC-AUC]  -  SA: 0.00000,  LA: 0.82110
[Test AUPRC]  -  LA: 0.74119
[Test F1-max]  -  LA: 0.73529
Epoch: 26 | Loss: 0.00019549456192180514  | Negative Loss: 0.0
[Test ROC-AUC]  -  SA: 0.00000,  LA: 0.82110
[Test AUPRC]  -  LA: 0.73828
[Test F1-max]  -  LA: 0.73529
Epoch: 27 | Loss: 0.00014531132183037698  | Negative Loss: 0.0
[Test ROC-AUC]  -  SA: 0.00000,  LA: 0.81935
[Test AUPRC]  -  LA: 0.73560
[Test F1-max]  -  LA: 0.72727
Epoch: 28 | Loss: 0.00010966981790261343  | Negative Loss: 0.0
[Test ROC-AUC]  -  SA: 0.00000,  LA: 0.81585
[Test AUPRC]  -  LA: 0.72873
[Test F1-max]  -  LA: 0.72727
Epoch: 29 | Loss: 8.439856173936278e-05  | Negative Loss: 0.0
[Test ROC-AUC]  -  SA: 0.00000,  LA: 0.81469
[Test AUPRC]  -  LA: 0.72307
[Test F1-max]  -  LA: 0.72727
Epoch: 30 | Loss: 6.627937545999885e-05  | Negative Loss: 0.0
[Test ROC-AUC]  -  SA: 0.00000,  LA: 0.81294
[Test AUPRC]  -  LA: 0.71651
[Test F1-max]  -  LA: 0.71642
Epoch: 31 | Loss: 5.268988024909049e-05  | Negative Loss: 0.0
[Test ROC-AUC]  -  SA: 0.00000,  LA: 0.81235
[Test AUPRC]  -  LA: 0.70990
[Test F1-max]  -  LA: 0.71642
Epoch: 32 | Loss: 4.267651092959568e-05  | Negative Loss: 0.0
[Test ROC-AUC]  -  SA: 0.00000,  LA: 0.81002
[Test AUPRC]  -  LA: 0.70687
[Test F1-max]  -  LA: 0.71795
Epoch: 33 | Loss: 3.504725464154035e-05  | Negative Loss: 0.0
[Test ROC-AUC]  -  SA: 0.00000,  LA: 0.80886
[Test AUPRC]  -  LA: 0.69898
[Test F1-max]  -  LA: 0.71795
Epoch: 34 | Loss: 2.908687383751385e-05  | Negative Loss: 0.0
[Test ROC-AUC]  -  SA: 0.00000,  LA: 0.80769
[Test AUPRC]  -  LA: 0.69732
[Test F1-max]  -  LA: 0.72727
Epoch: 35 | Loss: 2.4556975404266268e-05  | Negative Loss: 0.0
[Test ROC-AUC]  -  SA: 0.00000,  LA: 0.80653
[Test AUPRC]  -  LA: 0.69602
[Test F1-max]  -  LA: 0.72727
Epoch: 36 | Loss: 2.0861527445958927e-05  | Negative Loss: 0.0
[Test ROC-AUC]  -  SA: 0.00000,  LA: 0.80536
[Test AUPRC]  -  LA: 0.69508
[Test F1-max]  -  LA: 0.72727
[Early Stopping] LA AUROC dropped for 10 consecutive epochs. Stop at epoch 38/100.
Time consumption: 35.33830165863037
Best LA AUC: 0.8409090909090909
Best LA AUPC: 0.7434694007488847
Best LA F1-max: 0.7500000000000001
[Result] Experiment result appended to ./results/train_hybrid_result.csv

[END] 2026-03-18 18:10:03
[RETURN CODE] 0
