[START] 2026-03-18 17:41:49
[GPU] 0
[TASK] 44/120
[NAME] pushpins_winclip
[REPEAT] 4/10
[COMMAND] python train_hybrid.py --data_name pushpins --mask True --text True --double_encoder True --few_shot True --shot 1 --hybrid_model winclip --hybrid_weight 0.3 --hybrid_batch_size 16 --epoch 100 --log True --lr 5e-4 --detection True --preprocess True

/home/seungeon/miniconda3/envs/LAB/lib/python3.10/site-packages/timm/models/layers/__init__.py:48: FutureWarning: Importing from timm.models.layers is deprecated, please import via timm.layers
  warnings.warn(f"Importing from {__name__} is deprecated, please import via timm.layers", FutureWarning)
/home/seungeon/Workspace/side/vlm/train_hybrid.py:18: DeprecationWarning: The distutils package is deprecated and slated for removal in Python 3.12. Use setuptools or check PEP 632 for potential alternatives
  from distutils.util import strtobool
Torch version: 2.9.1+cu128
cuda is loaded for process
here?
In my local computer
Namespace(epoch=100, gpu_number='0', data_name='pushpins', lr=0.0005, batch_size=6, shuffle=True, seed=0, tag='default', model_name='ViT-B-32', pretrained_name='laion2b_s34b_b79k', lora=1, default=False, foundation='CLIP', detection=1, preprocess=1, num_rule=0, object_names=['yellow pushpin with metal point', 'plastic case', 'partition', 'blank'], objects_for_rules=[['yellow pushpin with metal point'], ['yellow pushpin with metal point', 'plastic case'], ['yellow pushpin with metal point'], ['yellow pushpin with metal point', 'plastic case'], ['plastic case']], texts_for_rules=[['yellow pushpin with metal point'], ['yellow pushpin with metal point and plastic case'], ['yellow pushpin with metal point'], ['yellow pushpin with metal point and plastic case'], ['plastic case']], mask=1, text=1, score='mean', ciriculam_learning=False, few_shot=1, shot=1, log=1, neg_loss=0, double_encoder=1, pretrained_count_path=None, ris=0, rule_select='', rule_list=[], num_negative=5, hybrid_model='winclip', hybrid_weight=0.3, hybrid_class_name='', hybrid_batch_size=16, hybrid_backbone='ViT-B-16-plus-240', hybrid_pretrained_dataset='laion400m_e32', hybrid_scales=[2, 3], hybrid_img_resize=240, hybrid_img_cropsize=240, hybrid_resolution=400, hybrid_promptad_epoch=100, hybrid_promptad_lr=0.002, hybrid_promptad_momentum=0.9, hybrid_promptad_weight_decay=0.0005, hybrid_promptad_eta_min=1e-05, hybrid_promptad_lambda1=0.001, hybrid_promptad_n_ctx=4, hybrid_promptad_n_pro=3, hybrid_promptad_n_ctx_ab=1, hybrid_promptad_n_pro_ab=4, early_stop_k=10, result_log_path='./results/train_hybrid_result.csv')
[Hybrid] method=winclip, class_name=pushpins, train=1, eval=229, base_path=/data3/seungeon/data/image/mvtec_loco_anomaly_detection/pushpins
grid 240 16 (15, 15)
[Hybrid-only] LA_AUC=0.53866, LA_AUPRC=0.61120, LA_F1=0.76000
[Data Description]
- Train: 1
- Test: 229

Train Start
[Test ROC-AUC]  -  SA: 0.00000,  LA: 0.42252
[Test AUPRC]  -  LA: 0.53688
[Test F1-max]  -  LA: 0.75824
Epoch: 0 | Loss: 6.250110149383545  | Negative Loss: 0.0
[Test ROC-AUC]  -  SA: 0.00000,  LA: 0.42403
[Test AUPRC]  -  LA: 0.53827
[Test F1-max]  -  LA: 0.75824
Epoch: 1 | Loss: 6.144444942474365  | Negative Loss: 0.0
[Test ROC-AUC]  -  SA: 0.00000,  LA: 0.44060
[Test AUPRC]  -  LA: 0.54845
[Test F1-max]  -  LA: 0.75482
Epoch: 2 | Loss: 4.824575424194336  | Negative Loss: 0.0
[Test ROC-AUC]  -  SA: 0.00000,  LA: 0.47022
[Test AUPRC]  -  LA: 0.56520
[Test F1-max]  -  LA: 0.75410
Epoch: 3 | Loss: 3.0577826499938965  | Negative Loss: 0.0
[Test ROC-AUC]  -  SA: 0.00000,  LA: 0.49275
[Test AUPRC]  -  LA: 0.58688
[Test F1-max]  -  LA: 0.76033
Epoch: 4 | Loss: 1.6412309408187866  | Negative Loss: 0.0
[Test ROC-AUC]  -  SA: 0.00000,  LA: 0.51863
[Test AUPRC]  -  LA: 0.62140
[Test F1-max]  -  LA: 0.76454
Epoch: 5 | Loss: 0.858531653881073  | Negative Loss: 0.0
[Test ROC-AUC]  -  SA: 0.00000,  LA: 0.54117
[Test AUPRC]  -  LA: 0.64032
[Test F1-max]  -  LA: 0.76667
Epoch: 6 | Loss: 0.4732501804828644  | Negative Loss: 0.0
[Test ROC-AUC]  -  SA: 0.00000,  LA: 0.55789
[Test AUPRC]  -  LA: 0.65545
[Test F1-max]  -  LA: 0.76667
Epoch: 7 | Loss: 0.2733239233493805  | Negative Loss: 0.0
[Test ROC-AUC]  -  SA: 0.00000,  LA: 0.57135
[Test AUPRC]  -  LA: 0.67413
[Test F1-max]  -  LA: 0.76667
Epoch: 8 | Loss: 0.16060514748096466  | Negative Loss: 0.0
[Test ROC-AUC]  -  SA: 0.00000,  LA: 0.57852
[Test AUPRC]  -  LA: 0.67828
[Test F1-max]  -  LA: 0.76667
Epoch: 9 | Loss: 0.09468641877174377  | Negative Loss: 0.0
[Test ROC-AUC]  -  SA: 0.00000,  LA: 0.58505
[Test AUPRC]  -  LA: 0.68119
[Test F1-max]  -  LA: 0.76667
Epoch: 10 | Loss: 0.05590986832976341  | Negative Loss: 0.0
[Test ROC-AUC]  -  SA: 0.00000,  LA: 0.58998
[Test AUPRC]  -  LA: 0.68407
[Test F1-max]  -  LA: 0.76667
Epoch: 11 | Loss: 0.03366745635867119  | Negative Loss: 0.0
[Test ROC-AUC]  -  SA: 0.00000,  LA: 0.59675
[Test AUPRC]  -  LA: 0.68082
[Test F1-max]  -  LA: 0.76880
Epoch: 12 | Loss: 0.021158350631594658  | Negative Loss: 0.0
[Test ROC-AUC]  -  SA: 0.00000,  LA: 0.60097
[Test AUPRC]  -  LA: 0.67853
[Test F1-max]  -  LA: 0.76880
Epoch: 13 | Loss: 0.013843598775565624  | Negative Loss: 0.0
[Test ROC-AUC]  -  SA: 0.00000,  LA: 0.60583
[Test AUPRC]  -  LA: 0.68057
[Test F1-max]  -  LA: 0.76880
Epoch: 14 | Loss: 0.009383360855281353  | Negative Loss: 0.0
[Test ROC-AUC]  -  SA: 0.00000,  LA: 0.60949
[Test AUPRC]  -  LA: 0.67972
[Test F1-max]  -  LA: 0.76880
Epoch: 15 | Loss: 0.006568093318492174  | Negative Loss: 0.0
[Test ROC-AUC]  -  SA: 0.00000,  LA: 0.61530
[Test AUPRC]  -  LA: 0.68705
[Test F1-max]  -  LA: 0.76880
Epoch: 16 | Loss: 0.004694812931120396  | Negative Loss: 0.0
[Test ROC-AUC]  -  SA: 0.00000,  LA: 0.62056
[Test AUPRC]  -  LA: 0.69090
[Test F1-max]  -  LA: 0.76880
Epoch: 17 | Loss: 0.0034175734035670757  | Negative Loss: 0.0
[Test ROC-AUC]  -  SA: 0.00000,  LA: 0.62518
[Test AUPRC]  -  LA: 0.69165
[Test F1-max]  -  LA: 0.76966
Epoch: 18 | Loss: 0.002529366407543421  | Negative Loss: 0.0
[Test ROC-AUC]  -  SA: 0.00000,  LA: 0.62773
[Test AUPRC]  -  LA: 0.69311
[Test F1-max]  -  LA: 0.77183
Epoch: 19 | Loss: 0.0019053841242566705  | Negative Loss: 0.0
[Test ROC-AUC]  -  SA: 0.00000,  LA: 0.62996
[Test AUPRC]  -  LA: 0.69443
[Test F1-max]  -  LA: 0.77183
Epoch: 20 | Loss: 0.001456713187508285  | Negative Loss: 0.0
[Test ROC-AUC]  -  SA: 0.00000,  LA: 0.63187
[Test AUPRC]  -  LA: 0.69625
[Test F1-max]  -  LA: 0.77401
Epoch: 21 | Loss: 0.0011284046340733767  | Negative Loss: 0.0
[Test ROC-AUC]  -  SA: 0.00000,  LA: 0.63481
[Test AUPRC]  -  LA: 0.69740
[Test F1-max]  -  LA: 0.77401
Epoch: 22 | Loss: 0.0008851199527271092  | Negative Loss: 0.0
[Test ROC-AUC]  -  SA: 0.00000,  LA: 0.63489
[Test AUPRC]  -  LA: 0.69902
[Test F1-max]  -  LA: 0.77401
Epoch: 23 | Loss: 0.0007023396901786327  | Negative Loss: 0.0
[Test ROC-AUC]  -  SA: 0.00000,  LA: 0.63657
[Test AUPRC]  -  LA: 0.70047
[Test F1-max]  -  LA: 0.77401
Epoch: 24 | Loss: 0.0005643495824187994  | Negative Loss: 0.0
[Test ROC-AUC]  -  SA: 0.00000,  LA: 0.63617
[Test AUPRC]  -  LA: 0.70042
[Test F1-max]  -  LA: 0.77401
Epoch: 25 | Loss: 0.00045864551793783903  | Negative Loss: 0.0
[Test ROC-AUC]  -  SA: 0.00000,  LA: 0.63489
[Test AUPRC]  -  LA: 0.70010
[Test F1-max]  -  LA: 0.77401
Epoch: 26 | Loss: 0.00037665205309167504  | Negative Loss: 0.0
[Test ROC-AUC]  -  SA: 0.00000,  LA: 0.63625
[Test AUPRC]  -  LA: 0.70147
[Test F1-max]  -  LA: 0.77401
Epoch: 27 | Loss: 0.00031277068774215877  | Negative Loss: 0.0
[Test ROC-AUC]  -  SA: 0.00000,  LA: 0.63529
[Test AUPRC]  -  LA: 0.70148
[Test F1-max]  -  LA: 0.76966
Epoch: 28 | Loss: 0.00026259341393597424  | Negative Loss: 0.0
[Test ROC-AUC]  -  SA: 0.00000,  LA: 0.63187
[Test AUPRC]  -  LA: 0.69924
[Test F1-max]  -  LA: 0.76751
Epoch: 29 | Loss: 0.00022218827507458627  | Negative Loss: 0.0
[Test ROC-AUC]  -  SA: 0.00000,  LA: 0.63028
[Test AUPRC]  -  LA: 0.69824
[Test F1-max]  -  LA: 0.76536
Epoch: 30 | Loss: 0.00019024481298401952  | Negative Loss: 0.0
[Test ROC-AUC]  -  SA: 0.00000,  LA: 0.62964
[Test AUPRC]  -  LA: 0.69852
[Test F1-max]  -  LA: 0.76536
Epoch: 31 | Loss: 0.00016449889517389238  | Negative Loss: 0.0
[Test ROC-AUC]  -  SA: 0.00000,  LA: 0.62693
[Test AUPRC]  -  LA: 0.70027
[Test F1-max]  -  LA: 0.76323
Epoch: 32 | Loss: 0.00014340117922984064  | Negative Loss: 0.0
[Test ROC-AUC]  -  SA: 0.00000,  LA: 0.62406
[Test AUPRC]  -  LA: 0.69906
[Test F1-max]  -  LA: 0.76323
Epoch: 33 | Loss: 0.0001259983255295083  | Negative Loss: 0.0
[Test ROC-AUC]  -  SA: 0.00000,  LA: 0.62191
[Test AUPRC]  -  LA: 0.70069
[Test F1-max]  -  LA: 0.76323
Epoch: 34 | Loss: 0.00011169445497216657  | Negative Loss: 0.0
[Test ROC-AUC]  -  SA: 0.00000,  LA: 0.61929
[Test AUPRC]  -  LA: 0.69980
[Test F1-max]  -  LA: 0.76323
Epoch: 35 | Loss: 9.9893644801341e-05  | Negative Loss: 0.0
[Test ROC-AUC]  -  SA: 0.00000,  LA: 0.61722
[Test AUPRC]  -  LA: 0.69856
[Test F1-max]  -  LA: 0.76323
Epoch: 36 | Loss: 8.964236621977761e-05  | Negative Loss: 0.0
[Test ROC-AUC]  -  SA: 0.00000,  LA: 0.61530
[Test AUPRC]  -  LA: 0.69770
[Test F1-max]  -  LA: 0.76323
[Early Stopping] LA AUROC dropped for 10 consecutive epochs. Stop at epoch 38/100.
Time consumption: 51.56010460853577
Best LA AUC: 0.6365663322185061
Best LA AUPC: 0.7014830791285465
Best LA F1-max: 0.7740112994350282
[Result] Experiment result appended to ./results/train_hybrid_result.csv

[END] 2026-03-18 17:46:26
[RETURN CODE] 0
