[START] 2026-03-18 17:25:01
[GPU] 0
[TASK] 33/120
[NAME] screw_bag_promptad
[REPEAT] 3/10
[COMMAND] python train_hybrid.py --data_name screw_bag --mask True --text True --double_encoder True --few_shot True --shot 1 --hybrid_model promptad --hybrid_weight 0.3 --hybrid_batch_size 16 --epoch 100 --log True --lr 5e-4 --detection True --preprocess True

/home/seungeon/miniconda3/envs/LAB/lib/python3.10/site-packages/timm/models/layers/__init__.py:48: FutureWarning: Importing from timm.models.layers is deprecated, please import via timm.layers
  warnings.warn(f"Importing from {__name__} is deprecated, please import via timm.layers", FutureWarning)
/home/seungeon/Workspace/side/vlm/train_hybrid.py:18: DeprecationWarning: The distutils package is deprecated and slated for removal in Python 3.12. Use setuptools or check PEP 632 for potential alternatives
  from distutils.util import strtobool
Torch version: 2.9.1+cu128
cuda is loaded for process
here?
In my local computer
Namespace(epoch=100, gpu_number='0', data_name='screw_bag', lr=0.0005, batch_size=6, shuffle=True, seed=0, tag='default', model_name='ViT-B-32', pretrained_name='laion2b_s34b_b79k', lora=1, default=False, foundation='CLIP', detection=1, preprocess=1, num_rule=0, object_names=['long_bolt', 'short_bolt', 'hexagonal nut', 'round washer', 'plastic bag', 'background'], objects_for_rules=[['long_bolt', 'short_bolt'], ['short_bolt'], ['long_bolt'], ['hexagonal nut'], ['round washer']], texts_for_rules=[['two bolts'], ['short bolt'], ['long bolt'], ['hexagonal nut'], ['round washer']], mask=1, text=1, score='mean', ciriculam_learning=False, few_shot=1, shot=1, log=1, neg_loss=0, double_encoder=1, pretrained_count_path=None, ris=0, rule_select='', rule_list=[], num_negative=5, hybrid_model='promptad', hybrid_weight=0.3, hybrid_class_name='', hybrid_batch_size=16, hybrid_backbone='ViT-B-16-plus-240', hybrid_pretrained_dataset='laion400m_e32', hybrid_scales=[2, 3], hybrid_img_resize=240, hybrid_img_cropsize=240, hybrid_resolution=400, hybrid_promptad_epoch=100, hybrid_promptad_lr=0.002, hybrid_promptad_momentum=0.9, hybrid_promptad_weight_decay=0.0005, hybrid_promptad_eta_min=1e-05, hybrid_promptad_lambda1=0.001, hybrid_promptad_n_ctx=4, hybrid_promptad_n_pro=3, hybrid_promptad_n_ctx_ab=1, hybrid_promptad_n_pro_ab=4, early_stop_k=10, result_log_path='./results/train_hybrid_result.csv')
[Hybrid] method=promptad, class_name=screw_bag, train=1, eval=259, base_path=/data3/seungeon/data/image/mvtec_loco_anomaly_detection/screw_bag
[Hybrid-only] LA_AUC=0.60778, LA_AUPRC=0.53256, LA_F1=0.65497
[Data Description]
- Train: 1
- Test: 259

Train Start
[Test ROC-AUC]  -  SA: 0.00000,  LA: 0.52130
[Test AUPRC]  -  LA: 0.48286
[Test F1-max]  -  LA: 0.64042
Epoch: 0 | Loss: 9.98875617980957  | Negative Loss: 0.0
[Test ROC-AUC]  -  SA: 0.00000,  LA: 0.52268
[Test AUPRC]  -  LA: 0.48456
[Test F1-max]  -  LA: 0.64042
Epoch: 1 | Loss: 9.826678276062012  | Negative Loss: 0.0
[Test ROC-AUC]  -  SA: 0.00000,  LA: 0.53542
[Test AUPRC]  -  LA: 0.48811
[Test F1-max]  -  LA: 0.64042
Epoch: 2 | Loss: 8.164361953735352  | Negative Loss: 0.0
[Test ROC-AUC]  -  SA: 0.00000,  LA: 0.55139
[Test AUPRC]  -  LA: 0.50156
[Test F1-max]  -  LA: 0.64943
Epoch: 3 | Loss: 5.78192138671875  | Negative Loss: 0.0
[Test ROC-AUC]  -  SA: 0.00000,  LA: 0.56318
[Test AUPRC]  -  LA: 0.50547
[Test F1-max]  -  LA: 0.64615
Epoch: 4 | Loss: 3.380206346511841  | Negative Loss: 0.0
[Test ROC-AUC]  -  SA: 0.00000,  LA: 0.57610
[Test AUPRC]  -  LA: 0.52921
[Test F1-max]  -  LA: 0.64804
Epoch: 5 | Loss: 1.6366257667541504  | Negative Loss: 0.0
[Test ROC-AUC]  -  SA: 0.00000,  LA: 0.58454
[Test AUPRC]  -  LA: 0.54266
[Test F1-max]  -  LA: 0.65075
Epoch: 6 | Loss: 0.6919195652008057  | Negative Loss: 0.0
[Test ROC-AUC]  -  SA: 0.00000,  LA: 0.58831
[Test AUPRC]  -  LA: 0.55038
[Test F1-max]  -  LA: 0.64324
Epoch: 7 | Loss: 0.28215292096138  | Negative Loss: 0.0
[Test ROC-AUC]  -  SA: 0.00000,  LA: 0.58657
[Test AUPRC]  -  LA: 0.55686
[Test F1-max]  -  LA: 0.64211
Epoch: 8 | Loss: 0.11836693435907364  | Negative Loss: 0.0
[Test ROC-AUC]  -  SA: 0.00000,  LA: 0.58412
[Test AUPRC]  -  LA: 0.55765
[Test F1-max]  -  LA: 0.64362
Epoch: 9 | Loss: 0.05159121751785278  | Negative Loss: 0.0
[Test ROC-AUC]  -  SA: 0.00000,  LA: 0.58538
[Test AUPRC]  -  LA: 0.56130
[Test F1-max]  -  LA: 0.64362
Epoch: 10 | Loss: 0.0234320517629385  | Negative Loss: 0.0
[Test ROC-AUC]  -  SA: 0.00000,  LA: 0.58825
[Test AUPRC]  -  LA: 0.56270
[Test F1-max]  -  LA: 0.64362
Epoch: 11 | Loss: 0.010833537206053734  | Negative Loss: 0.0
[Test ROC-AUC]  -  SA: 0.00000,  LA: 0.59489
[Test AUPRC]  -  LA: 0.57058
[Test F1-max]  -  LA: 0.64690
Epoch: 12 | Loss: 0.00518669793382287  | Negative Loss: 0.0
[Test ROC-AUC]  -  SA: 0.00000,  LA: 0.59824
[Test AUPRC]  -  LA: 0.57447
[Test F1-max]  -  LA: 0.64865
Epoch: 13 | Loss: 0.002581664128229022  | Negative Loss: 0.0
[Test ROC-AUC]  -  SA: 0.00000,  LA: 0.60028
[Test AUPRC]  -  LA: 0.57825
[Test F1-max]  -  LA: 0.64865
Epoch: 14 | Loss: 0.0013323875609785318  | Negative Loss: 0.0
[Test ROC-AUC]  -  SA: 0.00000,  LA: 0.60249
[Test AUPRC]  -  LA: 0.58124
[Test F1-max]  -  LA: 0.64850
Epoch: 15 | Loss: 0.0007112135062925518  | Negative Loss: 0.0
[Test ROC-AUC]  -  SA: 0.00000,  LA: 0.60536
[Test AUPRC]  -  LA: 0.58418
[Test F1-max]  -  LA: 0.65027
Epoch: 16 | Loss: 0.0003921649476978928  | Negative Loss: 0.0
[Test ROC-AUC]  -  SA: 0.00000,  LA: 0.60704
[Test AUPRC]  -  LA: 0.58664
[Test F1-max]  -  LA: 0.65385
Epoch: 17 | Loss: 0.00022219508537091315  | Negative Loss: 0.0
[Test ROC-AUC]  -  SA: 0.00000,  LA: 0.61051
[Test AUPRC]  -  LA: 0.58847
[Test F1-max]  -  LA: 0.65385
Epoch: 18 | Loss: 0.0001295766851399094  | Negative Loss: 0.0
[Test ROC-AUC]  -  SA: 0.00000,  LA: 0.61269
[Test AUPRC]  -  LA: 0.59043
[Test F1-max]  -  LA: 0.65385
Epoch: 19 | Loss: 7.736544648651034e-05  | Negative Loss: 0.0
[Test ROC-AUC]  -  SA: 0.00000,  LA: 0.61389
[Test AUPRC]  -  LA: 0.59018
[Test F1-max]  -  LA: 0.65385
Epoch: 20 | Loss: 4.732555680675432e-05  | Negative Loss: 0.0
[Test ROC-AUC]  -  SA: 0.00000,  LA: 0.61745
[Test AUPRC]  -  LA: 0.59317
[Test F1-max]  -  LA: 0.65385
Epoch: 21 | Loss: 3.015973197761923e-05  | Negative Loss: 0.0
[Test ROC-AUC]  -  SA: 0.00000,  LA: 0.61954
[Test AUPRC]  -  LA: 0.59687
[Test F1-max]  -  LA: 0.65385
Epoch: 22 | Loss: 1.9550230717868544e-05  | Negative Loss: 0.0
[Test ROC-AUC]  -  SA: 0.00000,  LA: 0.62181
[Test AUPRC]  -  LA: 0.59991
[Test F1-max]  -  LA: 0.65385
Epoch: 23 | Loss: 1.3112980013829656e-05  | Negative Loss: 0.0
[Test ROC-AUC]  -  SA: 0.00000,  LA: 0.62307
[Test AUPRC]  -  LA: 0.60063
[Test F1-max]  -  LA: 0.65385
Epoch: 24 | Loss: 8.940676707425155e-06  | Negative Loss: 0.0
[Test ROC-AUC]  -  SA: 0.00000,  LA: 0.62493
[Test AUPRC]  -  LA: 0.60182
[Test F1-max]  -  LA: 0.65507
Epoch: 25 | Loss: 6.198873506946256e-06  | Negative Loss: 0.0
[Test ROC-AUC]  -  SA: 0.00000,  LA: 0.62546
[Test AUPRC]  -  LA: 0.59995
[Test F1-max]  -  LA: 0.65565
Epoch: 26 | Loss: 4.4107387111580465e-06  | Negative Loss: 0.0
[Test ROC-AUC]  -  SA: 0.00000,  LA: 0.62768
[Test AUPRC]  -  LA: 0.60036
[Test F1-max]  -  LA: 0.65497
Epoch: 27 | Loss: 3.2186480893869884e-06  | Negative Loss: 0.0
[Test ROC-AUC]  -  SA: 0.00000,  LA: 0.62998
[Test AUPRC]  -  LA: 0.60151
[Test F1-max]  -  LA: 0.65689
Epoch: 28 | Loss: 2.5033932615770027e-06  | Negative Loss: 0.0
[Test ROC-AUC]  -  SA: 0.00000,  LA: 0.63118
[Test AUPRC]  -  LA: 0.60166
[Test F1-max]  -  LA: 0.65689
Epoch: 29 | Loss: 1.788138433767017e-06  | Negative Loss: 0.0
[Test ROC-AUC]  -  SA: 0.00000,  LA: 0.63288
[Test AUPRC]  -  LA: 0.60264
[Test F1-max]  -  LA: 0.65497
Epoch: 30 | Loss: 1.3113017303112429e-06  | Negative Loss: 0.0
[Test ROC-AUC]  -  SA: 0.00000,  LA: 0.63303
[Test AUPRC]  -  LA: 0.60252
[Test F1-max]  -  LA: 0.65294
Epoch: 31 | Loss: 1.1920925544472993e-06  | Negative Loss: 0.0
[Test ROC-AUC]  -  SA: 0.00000,  LA: 0.63396
[Test AUPRC]  -  LA: 0.60301
[Test F1-max]  -  LA: 0.65476
Epoch: 32 | Loss: 9.536740890325746e-07  | Negative Loss: 0.0
[Test ROC-AUC]  -  SA: 0.00000,  LA: 0.63492
[Test AUPRC]  -  LA: 0.60327
[Test F1-max]  -  LA: 0.65672
Epoch: 33 | Loss: 7.152556236178498e-07  | Negative Loss: 0.0
[Test ROC-AUC]  -  SA: 0.00000,  LA: 0.63581
[Test AUPRC]  -  LA: 0.60372
[Test F1-max]  -  LA: 0.65672
Epoch: 34 | Loss: 4.768370445162873e-07  | Negative Loss: 0.0
[Test ROC-AUC]  -  SA: 0.00000,  LA: 0.63716
[Test AUPRC]  -  LA: 0.60515
[Test F1-max]  -  LA: 0.65672
Epoch: 35 | Loss: 3.576278118089249e-07  | Negative Loss: 0.0
[Test ROC-AUC]  -  SA: 0.00000,  LA: 0.63824
[Test AUPRC]  -  LA: 0.60457
[Test F1-max]  -  LA: 0.65738
Epoch: 36 | Loss: 3.576278118089249e-07  | Negative Loss: 0.0
[Test ROC-AUC]  -  SA: 0.00000,  LA: 0.63866
[Test AUPRC]  -  LA: 0.60487
[Test F1-max]  -  LA: 0.65922
Epoch: 37 | Loss: 2.3841855067985307e-07  | Negative Loss: 0.0
[Test ROC-AUC]  -  SA: 0.00000,  LA: 0.63940
[Test AUPRC]  -  LA: 0.60470
[Test F1-max]  -  LA: 0.65922
Epoch: 38 | Loss: 2.3841855067985307e-07  | Negative Loss: 0.0
[Test ROC-AUC]  -  SA: 0.00000,  LA: 0.63916
[Test AUPRC]  -  LA: 0.60526
[Test F1-max]  -  LA: 0.65663
Epoch: 39 | Loss: 2.3841855067985307e-07  | Negative Loss: 0.0
[Test ROC-AUC]  -  SA: 0.00000,  LA: 0.63943
[Test AUPRC]  -  LA: 0.60480
[Test F1-max]  -  LA: 0.65730
Epoch: 40 | Loss: 2.3841855067985307e-07  | Negative Loss: 0.0
[Test ROC-AUC]  -  SA: 0.00000,  LA: 0.63970
[Test AUPRC]  -  LA: 0.60497
[Test F1-max]  -  LA: 0.65730
Epoch: 41 | Loss: 1.1920928244535389e-07  | Negative Loss: 0.0
[Test ROC-AUC]  -  SA: 0.00000,  LA: 0.64000
[Test AUPRC]  -  LA: 0.60500
[Test F1-max]  -  LA: 0.65730
Epoch: 42 | Loss: 1.1920928244535389e-07  | Negative Loss: 0.0
[Test ROC-AUC]  -  SA: 0.00000,  LA: 0.64051
[Test AUPRC]  -  LA: 0.60554
[Test F1-max]  -  LA: 0.65730
Epoch: 43 | Loss: 1.1920928244535389e-07  | Negative Loss: 0.0
[Test ROC-AUC]  -  SA: 0.00000,  LA: 0.64141
[Test AUPRC]  -  LA: 0.60407
[Test F1-max]  -  LA: 0.65861
Epoch: 44 | Loss: 1.1920928244535389e-07  | Negative Loss: 0.0
[Test ROC-AUC]  -  SA: 0.00000,  LA: 0.64174
[Test AUPRC]  -  LA: 0.60453
[Test F1-max]  -  LA: 0.65861
Epoch: 45 | Loss: 1.1920928244535389e-07  | Negative Loss: 0.0
[Test ROC-AUC]  -  SA: 0.00000,  LA: 0.64183
[Test AUPRC]  -  LA: 0.60441
[Test F1-max]  -  LA: 0.65861
Epoch: 46 | Loss: 1.1920928244535389e-07  | Negative Loss: 0.0
[Test ROC-AUC]  -  SA: 0.00000,  LA: 0.64213
[Test AUPRC]  -  LA: 0.60412
[Test F1-max]  -  LA: 0.66055
Epoch: 47 | Loss: 1.1920928244535389e-07  | Negative Loss: 0.0
[Test ROC-AUC]  -  SA: 0.00000,  LA: 0.64263
[Test AUPRC]  -  LA: 0.60433
[Test F1-max]  -  LA: 0.66061
Epoch: 48 | Loss: 1.1920928244535389e-07  | Negative Loss: 0.0
[Test ROC-AUC]  -  SA: 0.00000,  LA: 0.64275
[Test AUPRC]  -  LA: 0.60437
[Test F1-max]  -  LA: 0.66061
Epoch: 49 | Loss: 1.1920928244535389e-07  | Negative Loss: 0.0
[Test ROC-AUC]  -  SA: 0.00000,  LA: 0.64287
[Test AUPRC]  -  LA: 0.60432
[Test F1-max]  -  LA: 0.66055
Epoch: 50 | Loss: 1.1920928244535389e-07  | Negative Loss: 0.0
[Test ROC-AUC]  -  SA: 0.00000,  LA: 0.64308
[Test AUPRC]  -  LA: 0.60434
[Test F1-max]  -  LA: 0.66055
Epoch: 51 | Loss: 1.1920928244535389e-07  | Negative Loss: 0.0
[Test ROC-AUC]  -  SA: 0.00000,  LA: 0.64317
[Test AUPRC]  -  LA: 0.60515
[Test F1-max]  -  LA: 0.66055
Epoch: 52 | Loss: 1.1920928244535389e-07  | Negative Loss: 0.0
[Test ROC-AUC]  -  SA: 0.00000,  LA: 0.64335
[Test AUPRC]  -  LA: 0.60531
[Test F1-max]  -  LA: 0.66055
Epoch: 53 | Loss: 1.1920928244535389e-07  | Negative Loss: 0.0
[Test ROC-AUC]  -  SA: 0.00000,  LA: 0.64323
[Test AUPRC]  -  LA: 0.60530
[Test F1-max]  -  LA: 0.66055
Epoch: 54 | Loss: 1.1920928244535389e-07  | Negative Loss: 0.0
[Test ROC-AUC]  -  SA: 0.00000,  LA: 0.64317
[Test AUPRC]  -  LA: 0.60508
[Test F1-max]  -  LA: 0.66055
Epoch: 55 | Loss: 1.1920928244535389e-07  | Negative Loss: 0.0
[Test ROC-AUC]  -  SA: 0.00000,  LA: 0.64299
[Test AUPRC]  -  LA: 0.60450
[Test F1-max]  -  LA: 0.66055
Epoch: 56 | Loss: 1.1920928244535389e-07  | Negative Loss: 0.0
[Test ROC-AUC]  -  SA: 0.00000,  LA: 0.64329
[Test AUPRC]  -  LA: 0.60480
[Test F1-max]  -  LA: 0.66055
Epoch: 57 | Loss: 1.1920928244535389e-07  | Negative Loss: 0.0
[Test ROC-AUC]  -  SA: 0.00000,  LA: 0.64332
[Test AUPRC]  -  LA: 0.60462
[Test F1-max]  -  LA: 0.66055
Epoch: 58 | Loss: 1.1920928244535389e-07  | Negative Loss: 0.0
[Test ROC-AUC]  -  SA: 0.00000,  LA: 0.64317
[Test AUPRC]  -  LA: 0.60453
[Test F1-max]  -  LA: 0.66055
Epoch: 59 | Loss: 1.1920928244535389e-07  | Negative Loss: 0.0
[Test ROC-AUC]  -  SA: 0.00000,  LA: 0.64305
[Test AUPRC]  -  LA: 0.60432
[Test F1-max]  -  LA: 0.66055
Epoch: 60 | Loss: 1.1920928244535389e-07  | Negative Loss: 0.0
[Test ROC-AUC]  -  SA: 0.00000,  LA: 0.64308
[Test AUPRC]  -  LA: 0.60437
[Test F1-max]  -  LA: 0.66055
Epoch: 61 | Loss: 1.1920928244535389e-07  | Negative Loss: 0.0
[Test ROC-AUC]  -  SA: 0.00000,  LA: 0.64341
[Test AUPRC]  -  LA: 0.60449
[Test F1-max]  -  LA: 0.66055
Epoch: 62 | Loss: 1.1920928244535389e-07  | Negative Loss: 0.0
[Test ROC-AUC]  -  SA: 0.00000,  LA: 0.64347
[Test AUPRC]  -  LA: 0.60465
[Test F1-max]  -  LA: 0.66055
Epoch: 63 | Loss: 1.1920928244535389e-07  | Negative Loss: 0.0
[Test ROC-AUC]  -  SA: 0.00000,  LA: 0.64350
[Test AUPRC]  -  LA: 0.60469
[Test F1-max]  -  LA: 0.66055
Epoch: 64 | Loss: 1.1920928244535389e-07  | Negative Loss: 0.0
[Test ROC-AUC]  -  SA: 0.00000,  LA: 0.64335
[Test AUPRC]  -  LA: 0.60429
[Test F1-max]  -  LA: 0.66055
Epoch: 65 | Loss: 1.1920928244535389e-07  | Negative Loss: 0.0
[Test ROC-AUC]  -  SA: 0.00000,  LA: 0.64335
[Test AUPRC]  -  LA: 0.60430
[Test F1-max]  -  LA: 0.66055
Epoch: 66 | Loss: 1.1920928244535389e-07  | Negative Loss: 0.0
[Test ROC-AUC]  -  SA: 0.00000,  LA: 0.64329
[Test AUPRC]  -  LA: 0.60425
[Test F1-max]  -  LA: 0.66055
Epoch: 67 | Loss: 1.1920928244535389e-07  | Negative Loss: 0.0
[Test ROC-AUC]  -  SA: 0.00000,  LA: 0.64332
[Test AUPRC]  -  LA: 0.60430
[Test F1-max]  -  LA: 0.66055
Epoch: 68 | Loss: 1.1920928244535389e-07  | Negative Loss: 0.0
[Test ROC-AUC]  -  SA: 0.00000,  LA: 0.64341
[Test AUPRC]  -  LA: 0.60420
[Test F1-max]  -  LA: 0.66055
Epoch: 69 | Loss: 1.1920928244535389e-07  | Negative Loss: 0.0
[Test ROC-AUC]  -  SA: 0.00000,  LA: 0.64335
[Test AUPRC]  -  LA: 0.60396
[Test F1-max]  -  LA: 0.66055
Epoch: 70 | Loss: 1.1920928244535389e-07  | Negative Loss: 0.0
[Test ROC-AUC]  -  SA: 0.00000,  LA: 0.64344
[Test AUPRC]  -  LA: 0.60355
[Test F1-max]  -  LA: 0.66055
Epoch: 71 | Loss: 1.1920928244535389e-07  | Negative Loss: 0.0
[Test ROC-AUC]  -  SA: 0.00000,  LA: 0.64359
[Test AUPRC]  -  LA: 0.60364
[Test F1-max]  -  LA: 0.66055
Epoch: 72 | Loss: 1.1920928244535389e-07  | Negative Loss: 0.0
[Test ROC-AUC]  -  SA: 0.00000,  LA: 0.64380
[Test AUPRC]  -  LA: 0.60391
[Test F1-max]  -  LA: 0.66055
Epoch: 73 | Loss: 1.1920928244535389e-07  | Negative Loss: 0.0
[Test ROC-AUC]  -  SA: 0.00000,  LA: 0.64383
[Test AUPRC]  -  LA: 0.60401
[Test F1-max]  -  LA: 0.66055
Epoch: 74 | Loss: 1.1920928244535389e-07  | Negative Loss: 0.0
[Test ROC-AUC]  -  SA: 0.00000,  LA: 0.64383
[Test AUPRC]  -  LA: 0.60397
[Test F1-max]  -  LA: 0.66055
Epoch: 75 | Loss: 1.1920928244535389e-07  | Negative Loss: 0.0
[Test ROC-AUC]  -  SA: 0.00000,  LA: 0.64374
[Test AUPRC]  -  LA: 0.60378
[Test F1-max]  -  LA: 0.66055
Epoch: 76 | Loss: 1.1920928244535389e-07  | Negative Loss: 0.0
[Test ROC-AUC]  -  SA: 0.00000,  LA: 0.64371
[Test AUPRC]  -  LA: 0.60379
[Test F1-max]  -  LA: 0.66055
Epoch: 77 | Loss: 1.1920928244535389e-07  | Negative Loss: 0.0
[Test ROC-AUC]  -  SA: 0.00000,  LA: 0.64374
[Test AUPRC]  -  LA: 0.60383
[Test F1-max]  -  LA: 0.66055
Epoch: 78 | Loss: 1.1920928244535389e-07  | Negative Loss: 0.0
[Test ROC-AUC]  -  SA: 0.00000,  LA: 0.64395
[Test AUPRC]  -  LA: 0.60402
[Test F1-max]  -  LA: 0.66258
Epoch: 79 | Loss: 1.1920928244535389e-07  | Negative Loss: 0.0
[Test ROC-AUC]  -  SA: 0.00000,  LA: 0.64428
[Test AUPRC]  -  LA: 0.60424
[Test F1-max]  -  LA: 0.66258
Epoch: 80 | Loss: 1.1920928244535389e-07  | Negative Loss: 0.0
[Test ROC-AUC]  -  SA: 0.00000,  LA: 0.64419
[Test AUPRC]  -  LA: 0.60418
[Test F1-max]  -  LA: 0.66258
Epoch: 81 | Loss: 0.0  | Negative Loss: 0.0
Time consumption: 143.55575466156006
Best LA AUC: 0.6442802441067369
Best LA AUPC: 0.6055397102928762
Best LA F1-max: 0.6625766871165645
[Result] Experiment result appended to ./results/train_hybrid_result.csv

[END] 2026-03-18 17:29:10
[RETURN CODE] 0
