[START] 2026-03-18 18:29:48
[GPU] 0
[TASK] 87/120
[NAME] orange_juice_winclip
[REPEAT] 7/10
[COMMAND] python train_hybrid.py --data_name orange_juice --mask True --text True --double_encoder True --few_shot True --shot 1 --hybrid_model winclip --hybrid_weight 0.3 --hybrid_batch_size 16 --epoch 100 --log True --lr 5e-4 --detection True --preprocess True

/home/seungeon/miniconda3/envs/LAB/lib/python3.10/site-packages/timm/models/layers/__init__.py:48: FutureWarning: Importing from timm.models.layers is deprecated, please import via timm.layers
  warnings.warn(f"Importing from {__name__} is deprecated, please import via timm.layers", FutureWarning)
/home/seungeon/Workspace/side/vlm/train_hybrid.py:18: DeprecationWarning: The distutils package is deprecated and slated for removal in Python 3.12. Use setuptools or check PEP 632 for potential alternatives
  from distutils.util import strtobool
Torch version: 2.9.1+cu128
cuda is loaded for process
here?
In my local computer
Namespace(epoch=100, gpu_number='0', data_name='orange_juice', lr=0.0005, batch_size=6, shuffle=True, seed=0, tag='default', model_name='ViT-B-32', pretrained_name='laion2b_s34b_b79k', lora=1, default=False, foundation='CLIP', detection=1, preprocess=1, num_rule=0, object_names=['a orange picture label', 'a 100% text label', 'a bottle cap', 'a black background'], objects_for_rules=[['a orange picture label'], ['a orange picture label', 'a 100% text label'], ['a orange picture label'], ['a 100% text label'], ['a orange picture label', 'a 100% text label']], texts_for_rules=[['a photo of orange picture label'], ['a photo of orange picture label and 100% text label'], ['a photo of orange picture label'], ['a photo of 100% text label'], ['a photo of orange picture label and 100% text label']], mask=1, text=1, score='mean', ciriculam_learning=False, few_shot=1, shot=1, log=1, neg_loss=0, double_encoder=1, pretrained_count_path=None, ris=0, rule_select='', rule_list=[], num_negative=5, hybrid_model='winclip', hybrid_weight=0.3, hybrid_class_name='', hybrid_batch_size=16, hybrid_backbone='ViT-B-16-plus-240', hybrid_pretrained_dataset='laion400m_e32', hybrid_scales=[2, 3], hybrid_img_resize=240, hybrid_img_cropsize=240, hybrid_resolution=400, hybrid_promptad_epoch=100, hybrid_promptad_lr=0.002, hybrid_promptad_momentum=0.9, hybrid_promptad_weight_decay=0.0005, hybrid_promptad_eta_min=1e-05, hybrid_promptad_lambda1=0.001, hybrid_promptad_n_ctx=4, hybrid_promptad_n_pro=3, hybrid_promptad_n_ctx_ab=1, hybrid_promptad_n_pro_ab=4, early_stop_k=10, result_log_path='./results/train_hybrid_result.csv')
[Hybrid] method=winclip, class_name=juice_bottle, train=1, eval=78, base_path=/data3/seungeon/data/image/mvtec_loco_anomaly_detection/orange_juice
grid 240 16 (15, 15)
[Hybrid-only] LA_AUC=0.57284, LA_AUPRC=0.36883, LA_F1=0.62921
[Data Description]
- Train: 1
- Test: 78

Train Start
[Test ROC-AUC]  -  SA: 0.00000,  LA: 0.58973
[Test AUPRC]  -  LA: 0.41106
[Test F1-max]  -  LA: 0.58000
Epoch: 0 | Loss: 12.02081298828125  | Negative Loss: 0.0
[Test ROC-AUC]  -  SA: 0.00000,  LA: 0.59043
[Test AUPRC]  -  LA: 0.41339
[Test F1-max]  -  LA: 0.58000
Epoch: 1 | Loss: 11.899576187133789  | Negative Loss: 0.0
[Test ROC-AUC]  -  SA: 0.00000,  LA: 0.67910
[Test AUPRC]  -  LA: 0.58234
[Test F1-max]  -  LA: 0.58667
Epoch: 2 | Loss: 10.414412498474121  | Negative Loss: 0.0
[Test ROC-AUC]  -  SA: 0.00000,  LA: 0.78184
[Test AUPRC]  -  LA: 0.71982
[Test F1-max]  -  LA: 0.67692
Epoch: 3 | Loss: 8.106953620910645  | Negative Loss: 0.0
[Test ROC-AUC]  -  SA: 0.00000,  LA: 0.82970
[Test AUPRC]  -  LA: 0.74266
[Test F1-max]  -  LA: 0.74194
Epoch: 4 | Loss: 5.462947845458984  | Negative Loss: 0.0
[Test ROC-AUC]  -  SA: 0.00000,  LA: 0.85292
[Test AUPRC]  -  LA: 0.74946
[Test F1-max]  -  LA: 0.74667
Epoch: 5 | Loss: 3.3602917194366455  | Negative Loss: 0.0
[Test ROC-AUC]  -  SA: 0.00000,  LA: 0.85855
[Test AUPRC]  -  LA: 0.73115
[Test F1-max]  -  LA: 0.77143
Epoch: 6 | Loss: 1.9657423496246338  | Negative Loss: 0.0
[Test ROC-AUC]  -  SA: 0.00000,  LA: 0.85925
[Test AUPRC]  -  LA: 0.70629
[Test F1-max]  -  LA: 0.78873
Epoch: 7 | Loss: 1.1056592464447021  | Negative Loss: 0.0
[Test ROC-AUC]  -  SA: 0.00000,  LA: 0.86137
[Test AUPRC]  -  LA: 0.70783
[Test F1-max]  -  LA: 0.78873
Epoch: 8 | Loss: 0.599175214767456  | Negative Loss: 0.0
[Test ROC-AUC]  -  SA: 0.00000,  LA: 0.86066
[Test AUPRC]  -  LA: 0.71133
[Test F1-max]  -  LA: 0.78873
Epoch: 9 | Loss: 0.3160468339920044  | Negative Loss: 0.0
[Test ROC-AUC]  -  SA: 0.00000,  LA: 0.86137
[Test AUPRC]  -  LA: 0.71124
[Test F1-max]  -  LA: 0.79412
Epoch: 10 | Loss: 0.16806712746620178  | Negative Loss: 0.0
[Test ROC-AUC]  -  SA: 0.00000,  LA: 0.86559
[Test AUPRC]  -  LA: 0.71917
[Test F1-max]  -  LA: 0.80000
Epoch: 11 | Loss: 0.0910239964723587  | Negative Loss: 0.0
[Test ROC-AUC]  -  SA: 0.00000,  LA: 0.86629
[Test AUPRC]  -  LA: 0.71996
[Test F1-max]  -  LA: 0.78873
Epoch: 12 | Loss: 0.04979020729660988  | Negative Loss: 0.0
[Test ROC-AUC]  -  SA: 0.00000,  LA: 0.86418
[Test AUPRC]  -  LA: 0.71741
[Test F1-max]  -  LA: 0.78261
Epoch: 13 | Loss: 0.027552179992198944  | Negative Loss: 0.0
[Test ROC-AUC]  -  SA: 0.00000,  LA: 0.86418
[Test AUPRC]  -  LA: 0.72991
[Test F1-max]  -  LA: 0.78873
Epoch: 14 | Loss: 0.01560550183057785  | Negative Loss: 0.0
[Test ROC-AUC]  -  SA: 0.00000,  LA: 0.86066
[Test AUPRC]  -  LA: 0.72276
[Test F1-max]  -  LA: 0.78873
Epoch: 15 | Loss: 0.009009229019284248  | Negative Loss: 0.0
[Test ROC-AUC]  -  SA: 0.00000,  LA: 0.85574
[Test AUPRC]  -  LA: 0.71215
[Test F1-max]  -  LA: 0.77778
Epoch: 16 | Loss: 0.005288784392178059  | Negative Loss: 0.0
[Test ROC-AUC]  -  SA: 0.00000,  LA: 0.85433
[Test AUPRC]  -  LA: 0.71678
[Test F1-max]  -  LA: 0.76712
Epoch: 17 | Loss: 0.0031792582012712955  | Negative Loss: 0.0
[Test ROC-AUC]  -  SA: 0.00000,  LA: 0.85081
[Test AUPRC]  -  LA: 0.71594
[Test F1-max]  -  LA: 0.75362
Epoch: 18 | Loss: 0.0019431572873145342  | Negative Loss: 0.0
[Test ROC-AUC]  -  SA: 0.00000,  LA: 0.84729
[Test AUPRC]  -  LA: 0.71002
[Test F1-max]  -  LA: 0.75362
Epoch: 19 | Loss: 0.0012096645077690482  | Negative Loss: 0.0
[Test ROC-AUC]  -  SA: 0.00000,  LA: 0.83955
[Test AUPRC]  -  LA: 0.68559
[Test F1-max]  -  LA: 0.75325
Epoch: 20 | Loss: 0.0007680581184104085  | Negative Loss: 0.0
[Test ROC-AUC]  -  SA: 0.00000,  LA: 0.83251
[Test AUPRC]  -  LA: 0.67444
[Test F1-max]  -  LA: 0.73684
Epoch: 21 | Loss: 0.0004985983250662684  | Negative Loss: 0.0
[Test ROC-AUC]  -  SA: 0.00000,  LA: 0.82688
[Test AUPRC]  -  LA: 0.65376
[Test F1-max]  -  LA: 0.72727
Epoch: 22 | Loss: 0.00033113922108896077  | Negative Loss: 0.0
[Test ROC-AUC]  -  SA: 0.00000,  LA: 0.81773
[Test AUPRC]  -  LA: 0.64346
[Test F1-max]  -  LA: 0.72727
Epoch: 23 | Loss: 0.00022445982904173434  | Negative Loss: 0.0
[Test ROC-AUC]  -  SA: 0.00000,  LA: 0.80999
[Test AUPRC]  -  LA: 0.63754
[Test F1-max]  -  LA: 0.71605
[Early Stopping] LA AUROC dropped for 10 consecutive epochs. Stop at epoch 25/100.
Time consumption: 21.496273279190063
Best LA AUC: 0.8662913441238564
Best LA AUPC: 0.7494594037284776
Best LA F1-max: 0.8000000000000002
[Result] Experiment result appended to ./results/train_hybrid_result.csv

[END] 2026-03-18 18:32:03
[RETURN CODE] 0
