[START] 2026-03-18 17:05:42
[GPU] 0
[TASK] 23/120
[NAME] screw_bag_winclip
[REPEAT] 3/10
[COMMAND] python train_hybrid.py --data_name screw_bag --mask True --text True --double_encoder True --few_shot True --shot 1 --hybrid_model winclip --hybrid_weight 0.3 --hybrid_batch_size 16 --epoch 100 --log True --lr 5e-4 --detection True --preprocess True

/home/seungeon/miniconda3/envs/LAB/lib/python3.10/site-packages/timm/models/layers/__init__.py:48: FutureWarning: Importing from timm.models.layers is deprecated, please import via timm.layers
  warnings.warn(f"Importing from {__name__} is deprecated, please import via timm.layers", FutureWarning)
/home/seungeon/Workspace/side/vlm/train_hybrid.py:18: DeprecationWarning: The distutils package is deprecated and slated for removal in Python 3.12. Use setuptools or check PEP 632 for potential alternatives
  from distutils.util import strtobool
Torch version: 2.9.1+cu128
cuda is loaded for process
here?
In my local computer
Namespace(epoch=100, gpu_number='0', data_name='screw_bag', lr=0.0005, batch_size=6, shuffle=True, seed=0, tag='default', model_name='ViT-B-32', pretrained_name='laion2b_s34b_b79k', lora=1, default=False, foundation='CLIP', detection=1, preprocess=1, num_rule=0, object_names=['long_bolt', 'short_bolt', 'hexagonal nut', 'round washer', 'plastic bag', 'background'], objects_for_rules=[['long_bolt', 'short_bolt'], ['short_bolt'], ['long_bolt'], ['hexagonal nut'], ['round washer']], texts_for_rules=[['two bolts'], ['short bolt'], ['long bolt'], ['hexagonal nut'], ['round washer']], mask=1, text=1, score='mean', ciriculam_learning=False, few_shot=1, shot=1, log=1, neg_loss=0, double_encoder=1, pretrained_count_path=None, ris=0, rule_select='', rule_list=[], num_negative=5, hybrid_model='winclip', hybrid_weight=0.3, hybrid_class_name='', hybrid_batch_size=16, hybrid_backbone='ViT-B-16-plus-240', hybrid_pretrained_dataset='laion400m_e32', hybrid_scales=[2, 3], hybrid_img_resize=240, hybrid_img_cropsize=240, hybrid_resolution=400, hybrid_promptad_epoch=100, hybrid_promptad_lr=0.002, hybrid_promptad_momentum=0.9, hybrid_promptad_weight_decay=0.0005, hybrid_promptad_eta_min=1e-05, hybrid_promptad_lambda1=0.001, hybrid_promptad_n_ctx=4, hybrid_promptad_n_pro=3, hybrid_promptad_n_ctx_ab=1, hybrid_promptad_n_pro_ab=4, early_stop_k=10, result_log_path='./results/train_hybrid_result.csv')
[Hybrid] method=winclip, class_name=screw_bag, train=1, eval=259, base_path=/data3/seungeon/data/image/mvtec_loco_anomaly_detection/screw_bag
grid 240 16 (15, 15)
[Hybrid-only] LA_AUC=0.57030, LA_AUPRC=0.53711, LA_F1=0.64607
[Data Description]
- Train: 1
- Test: 259

Train Start
[Test ROC-AUC]  -  SA: 0.00000,  LA: 0.56677
[Test AUPRC]  -  LA: 0.53695
[Test F1-max]  -  LA: 0.64624
Epoch: 0 | Loss: 13.575136184692383  | Negative Loss: 0.0
[Test ROC-AUC]  -  SA: 0.00000,  LA: 0.56677
[Test AUPRC]  -  LA: 0.53608
[Test F1-max]  -  LA: 0.64773
Epoch: 1 | Loss: 13.358859062194824  | Negative Loss: 0.0
[Test ROC-AUC]  -  SA: 0.00000,  LA: 0.56635
[Test AUPRC]  -  LA: 0.53252
[Test F1-max]  -  LA: 0.64624
Epoch: 2 | Loss: 11.023056030273438  | Negative Loss: 0.0
[Test ROC-AUC]  -  SA: 0.00000,  LA: 0.56396
[Test AUPRC]  -  LA: 0.53824
[Test F1-max]  -  LA: 0.64804
Epoch: 3 | Loss: 7.656462669372559  | Negative Loss: 0.0
[Test ROC-AUC]  -  SA: 0.00000,  LA: 0.56049
[Test AUPRC]  -  LA: 0.54326
[Test F1-max]  -  LA: 0.64773
Epoch: 4 | Loss: 4.228428363800049  | Negative Loss: 0.0
[Test ROC-AUC]  -  SA: 0.00000,  LA: 0.55857
[Test AUPRC]  -  LA: 0.54749
[Test F1-max]  -  LA: 0.64865
Epoch: 5 | Loss: 1.798204779624939  | Negative Loss: 0.0
[Test ROC-AUC]  -  SA: 0.00000,  LA: 0.55941
[Test AUPRC]  -  LA: 0.55542
[Test F1-max]  -  LA: 0.64850
Epoch: 6 | Loss: 0.6736618280410767  | Negative Loss: 0.0
[Test ROC-AUC]  -  SA: 0.00000,  LA: 0.55863
[Test AUPRC]  -  LA: 0.55846
[Test F1-max]  -  LA: 0.64171
Epoch: 7 | Loss: 0.2562303841114044  | Negative Loss: 0.0
[Test ROC-AUC]  -  SA: 0.00000,  LA: 0.56109
[Test AUPRC]  -  LA: 0.56256
[Test F1-max]  -  LA: 0.64211
Epoch: 8 | Loss: 0.10625181347131729  | Negative Loss: 0.0
[Test ROC-AUC]  -  SA: 0.00000,  LA: 0.56222
[Test AUPRC]  -  LA: 0.56458
[Test F1-max]  -  LA: 0.64211
Epoch: 9 | Loss: 0.04768536239862442  | Negative Loss: 0.0
[Test ROC-AUC]  -  SA: 0.00000,  LA: 0.56533
[Test AUPRC]  -  LA: 0.56785
[Test F1-max]  -  LA: 0.64211
Epoch: 10 | Loss: 0.02281920425593853  | Negative Loss: 0.0
[Test ROC-AUC]  -  SA: 0.00000,  LA: 0.56641
[Test AUPRC]  -  LA: 0.57382
[Test F1-max]  -  LA: 0.64211
Epoch: 11 | Loss: 0.011670403182506561  | Negative Loss: 0.0
[Test ROC-AUC]  -  SA: 0.00000,  LA: 0.57054
[Test AUPRC]  -  LA: 0.57768
[Test F1-max]  -  LA: 0.64211
Epoch: 12 | Loss: 0.006269887555390596  | Negative Loss: 0.0
[Test ROC-AUC]  -  SA: 0.00000,  LA: 0.57335
[Test AUPRC]  -  LA: 0.58015
[Test F1-max]  -  LA: 0.64211
Epoch: 13 | Loss: 0.0035095643252134323  | Negative Loss: 0.0
[Test ROC-AUC]  -  SA: 0.00000,  LA: 0.57598
[Test AUPRC]  -  LA: 0.58221
[Test F1-max]  -  LA: 0.64211
Epoch: 14 | Loss: 0.0020334783475846052  | Negative Loss: 0.0
[Test ROC-AUC]  -  SA: 0.00000,  LA: 0.57676
[Test AUPRC]  -  LA: 0.58529
[Test F1-max]  -  LA: 0.64211
Epoch: 15 | Loss: 0.001221085200086236  | Negative Loss: 0.0
[Test ROC-AUC]  -  SA: 0.00000,  LA: 0.57688
[Test AUPRC]  -  LA: 0.58840
[Test F1-max]  -  LA: 0.64571
Epoch: 16 | Loss: 0.000755227345507592  | Negative Loss: 0.0
[Test ROC-AUC]  -  SA: 0.00000,  LA: 0.57939
[Test AUPRC]  -  LA: 0.58952
[Test F1-max]  -  LA: 0.64607
Epoch: 17 | Loss: 0.00048002193216234446  | Negative Loss: 0.0
[Test ROC-AUC]  -  SA: 0.00000,  LA: 0.58089
[Test AUPRC]  -  LA: 0.58856
[Test F1-max]  -  LA: 0.64986
Epoch: 18 | Loss: 0.0003136249724775553  | Negative Loss: 0.0
[Test ROC-AUC]  -  SA: 0.00000,  LA: 0.58065
[Test AUPRC]  -  LA: 0.58561
[Test F1-max]  -  LA: 0.64972
Epoch: 19 | Loss: 0.00020992086501792073  | Negative Loss: 0.0
[Test ROC-AUC]  -  SA: 0.00000,  LA: 0.57963
[Test AUPRC]  -  LA: 0.58201
[Test F1-max]  -  LA: 0.64789
Epoch: 20 | Loss: 0.00014340558846015483  | Negative Loss: 0.0
[Test ROC-AUC]  -  SA: 0.00000,  LA: 0.57957
[Test AUPRC]  -  LA: 0.58184
[Test F1-max]  -  LA: 0.64641
Epoch: 21 | Loss: 0.00010001500777434558  | Negative Loss: 0.0
[Test ROC-AUC]  -  SA: 0.00000,  LA: 0.57975
[Test AUPRC]  -  LA: 0.57798
[Test F1-max]  -  LA: 0.64820
Epoch: 22 | Loss: 7.140554225770757e-05  | Negative Loss: 0.0
[Test ROC-AUC]  -  SA: 0.00000,  LA: 0.57990
[Test AUPRC]  -  LA: 0.57568
[Test F1-max]  -  LA: 0.64499
Epoch: 23 | Loss: 5.209400842431933e-05  | Negative Loss: 0.0
[Test ROC-AUC]  -  SA: 0.00000,  LA: 0.57954
[Test AUPRC]  -  LA: 0.57350
[Test F1-max]  -  LA: 0.64499
Epoch: 24 | Loss: 3.850435314234346e-05  | Negative Loss: 0.0
[Test ROC-AUC]  -  SA: 0.00000,  LA: 0.57981
[Test AUPRC]  -  LA: 0.57327
[Test F1-max]  -  LA: 0.64499
Epoch: 25 | Loss: 2.93253378913505e-05  | Negative Loss: 0.0
[Test ROC-AUC]  -  SA: 0.00000,  LA: 0.57933
[Test AUPRC]  -  LA: 0.57191
[Test F1-max]  -  LA: 0.64499
Epoch: 26 | Loss: 2.2649675884167664e-05  | Negative Loss: 0.0
[Test ROC-AUC]  -  SA: 0.00000,  LA: 0.57927
[Test AUPRC]  -  LA: 0.57184
[Test F1-max]  -  LA: 0.64481
Epoch: 27 | Loss: 1.7523710994282737e-05  | Negative Loss: 0.0
[Test ROC-AUC]  -  SA: 0.00000,  LA: 0.57963
[Test AUPRC]  -  LA: 0.57168
[Test F1-max]  -  LA: 0.64658
Epoch: 28 | Loss: 1.3947451407148037e-05  | Negative Loss: 0.0
[Test ROC-AUC]  -  SA: 0.00000,  LA: 0.57945
[Test AUPRC]  -  LA: 0.57351
[Test F1-max]  -  LA: 0.64481
Epoch: 29 | Loss: 1.1324858860461973e-05  | Negative Loss: 0.0
[Test ROC-AUC]  -  SA: 0.00000,  LA: 0.57927
[Test AUPRC]  -  LA: 0.57241
[Test F1-max]  -  LA: 0.64380
Epoch: 30 | Loss: 9.417518413101789e-06  | Negative Loss: 0.0
[Test ROC-AUC]  -  SA: 0.00000,  LA: 0.57975
[Test AUPRC]  -  LA: 0.57117
[Test F1-max]  -  LA: 0.64380
Epoch: 31 | Loss: 7.748591997369658e-06  | Negative Loss: 0.0
[Test ROC-AUC]  -  SA: 0.00000,  LA: 0.57865
[Test AUPRC]  -  LA: 0.56774
[Test F1-max]  -  LA: 0.64380
Epoch: 32 | Loss: 6.556502739840653e-06  | Negative Loss: 0.0
[Test ROC-AUC]  -  SA: 0.00000,  LA: 0.57838
[Test AUPRC]  -  LA: 0.56737
[Test F1-max]  -  LA: 0.64380
Epoch: 33 | Loss: 5.602830697171157e-06  | Negative Loss: 0.0
[Test ROC-AUC]  -  SA: 0.00000,  LA: 0.57808
[Test AUPRC]  -  LA: 0.56665
[Test F1-max]  -  LA: 0.64407
Epoch: 34 | Loss: 4.768367034557741e-06  | Negative Loss: 0.0
[Test ROC-AUC]  -  SA: 0.00000,  LA: 0.57850
[Test AUPRC]  -  LA: 0.56656
[Test F1-max]  -  LA: 0.64407
Epoch: 35 | Loss: 4.291530785849318e-06  | Negative Loss: 0.0
[Test ROC-AUC]  -  SA: 0.00000,  LA: 0.57793
[Test AUPRC]  -  LA: 0.56560
[Test F1-max]  -  LA: 0.64407
Epoch: 36 | Loss: 3.6954852475901134e-06  | Negative Loss: 0.0
[Test ROC-AUC]  -  SA: 0.00000,  LA: 0.57736
[Test AUPRC]  -  LA: 0.56448
[Test F1-max]  -  LA: 0.64407
Epoch: 37 | Loss: 3.457067123235902e-06  | Negative Loss: 0.0
[Test ROC-AUC]  -  SA: 0.00000,  LA: 0.57808
[Test AUPRC]  -  LA: 0.56542
[Test F1-max]  -  LA: 0.64407
Epoch: 38 | Loss: 3.0994394819572335e-06  | Negative Loss: 0.0
[Test ROC-AUC]  -  SA: 0.00000,  LA: 0.57796
[Test AUPRC]  -  LA: 0.56502
[Test F1-max]  -  LA: 0.64407
Epoch: 39 | Loss: 2.622603005875135e-06  | Negative Loss: 0.0
[Test ROC-AUC]  -  SA: 0.00000,  LA: 0.57784
[Test AUPRC]  -  LA: 0.56478
[Test F1-max]  -  LA: 0.64407
Epoch: 40 | Loss: 2.3841846541472478e-06  | Negative Loss: 0.0
[Test ROC-AUC]  -  SA: 0.00000,  LA: 0.57784
[Test AUPRC]  -  LA: 0.56506
[Test F1-max]  -  LA: 0.64407
Epoch: 41 | Loss: 2.1457663024193607e-06  | Negative Loss: 0.0
[Test ROC-AUC]  -  SA: 0.00000,  LA: 0.57832
[Test AUPRC]  -  LA: 0.56525
[Test F1-max]  -  LA: 0.64589
Epoch: 42 | Loss: 2.0265570128685795e-06  | Negative Loss: 0.0
[Test ROC-AUC]  -  SA: 0.00000,  LA: 0.57820
[Test AUPRC]  -  LA: 0.56527
[Test F1-max]  -  LA: 0.64589
Epoch: 43 | Loss: 1.9073479506914737e-06  | Negative Loss: 0.0
[Test ROC-AUC]  -  SA: 0.00000,  LA: 0.57799
[Test AUPRC]  -  LA: 0.56411
[Test F1-max]  -  LA: 0.64589
Epoch: 44 | Loss: 1.7881386611406924e-06  | Negative Loss: 0.0
[Test ROC-AUC]  -  SA: 0.00000,  LA: 0.57784
[Test AUPRC]  -  LA: 0.56226
[Test F1-max]  -  LA: 0.64589
Epoch: 45 | Loss: 1.6689294852767489e-06  | Negative Loss: 0.0
[Test ROC-AUC]  -  SA: 0.00000,  LA: 0.57742
[Test AUPRC]  -  LA: 0.56200
[Test F1-max]  -  LA: 0.64589
Epoch: 46 | Loss: 1.5497203094128054e-06  | Negative Loss: 0.0
[Test ROC-AUC]  -  SA: 0.00000,  LA: 0.57706
[Test AUPRC]  -  LA: 0.56167
[Test F1-max]  -  LA: 0.64589
Epoch: 47 | Loss: 1.5497203094128054e-06  | Negative Loss: 0.0
[Test ROC-AUC]  -  SA: 0.00000,  LA: 0.57664
[Test AUPRC]  -  LA: 0.56076
[Test F1-max]  -  LA: 0.64589
Epoch: 48 | Loss: 1.4305111335488618e-06  | Negative Loss: 0.0
[Test ROC-AUC]  -  SA: 0.00000,  LA: 0.57646
[Test AUPRC]  -  LA: 0.56055
[Test F1-max]  -  LA: 0.64589
Epoch: 49 | Loss: 1.3113018439980806e-06  | Negative Loss: 0.0
[Test ROC-AUC]  -  SA: 0.00000,  LA: 0.57664
[Test AUPRC]  -  LA: 0.56063
[Test F1-max]  -  LA: 0.64589
Epoch: 50 | Loss: 1.3113018439980806e-06  | Negative Loss: 0.0
[Test ROC-AUC]  -  SA: 0.00000,  LA: 0.57694
[Test AUPRC]  -  LA: 0.56087
[Test F1-max]  -  LA: 0.64589
Epoch: 51 | Loss: 1.3113018439980806e-06  | Negative Loss: 0.0
[Test ROC-AUC]  -  SA: 0.00000,  LA: 0.57682
[Test AUPRC]  -  LA: 0.56085
[Test F1-max]  -  LA: 0.64407
Epoch: 52 | Loss: 1.192092668134137e-06  | Negative Loss: 0.0
[Test ROC-AUC]  -  SA: 0.00000,  LA: 0.57664
[Test AUPRC]  -  LA: 0.56030
[Test F1-max]  -  LA: 0.64387
Epoch: 53 | Loss: 1.192092668134137e-06  | Negative Loss: 0.0
[Test ROC-AUC]  -  SA: 0.00000,  LA: 0.57658
[Test AUPRC]  -  LA: 0.56010
[Test F1-max]  -  LA: 0.64387
Epoch: 54 | Loss: 1.192092668134137e-06  | Negative Loss: 0.0
[Test ROC-AUC]  -  SA: 0.00000,  LA: 0.57622
[Test AUPRC]  -  LA: 0.55902
[Test F1-max]  -  LA: 0.64387
Epoch: 55 | Loss: 1.192092668134137e-06  | Negative Loss: 0.0
[Test ROC-AUC]  -  SA: 0.00000,  LA: 0.57628
[Test AUPRC]  -  LA: 0.55891
[Test F1-max]  -  LA: 0.64387
Epoch: 56 | Loss: 1.192092668134137e-06  | Negative Loss: 0.0
[Test ROC-AUC]  -  SA: 0.00000,  LA: 0.57628
[Test AUPRC]  -  LA: 0.55896
[Test F1-max]  -  LA: 0.64387
Epoch: 57 | Loss: 1.0728833785833558e-06  | Negative Loss: 0.0
[Test ROC-AUC]  -  SA: 0.00000,  LA: 0.57604
[Test AUPRC]  -  LA: 0.55892
[Test F1-max]  -  LA: 0.64387
Epoch: 58 | Loss: 1.0728833785833558e-06  | Negative Loss: 0.0
[Test ROC-AUC]  -  SA: 0.00000,  LA: 0.57586
[Test AUPRC]  -  LA: 0.55872
[Test F1-max]  -  LA: 0.64387
Epoch: 59 | Loss: 9.536740890325746e-07  | Negative Loss: 0.0
[Test ROC-AUC]  -  SA: 0.00000,  LA: 0.57586
[Test AUPRC]  -  LA: 0.55837
[Test F1-max]  -  LA: 0.64387
Epoch: 60 | Loss: 9.536740890325746e-07  | Negative Loss: 0.0
[Test ROC-AUC]  -  SA: 0.00000,  LA: 0.57569
[Test AUPRC]  -  LA: 0.55820
[Test F1-max]  -  LA: 0.64387
Epoch: 61 | Loss: 9.536740890325746e-07  | Negative Loss: 0.0
[Test ROC-AUC]  -  SA: 0.00000,  LA: 0.57569
[Test AUPRC]  -  LA: 0.55808
[Test F1-max]  -  LA: 0.64387
Epoch: 62 | Loss: 9.536740890325746e-07  | Negative Loss: 0.0
[Test ROC-AUC]  -  SA: 0.00000,  LA: 0.57574
[Test AUPRC]  -  LA: 0.55811
[Test F1-max]  -  LA: 0.64387
Epoch: 63 | Loss: 9.536740890325746e-07  | Negative Loss: 0.0
[Test ROC-AUC]  -  SA: 0.00000,  LA: 0.57569
[Test AUPRC]  -  LA: 0.55796
[Test F1-max]  -  LA: 0.64387
Epoch: 64 | Loss: 9.536740890325746e-07  | Negative Loss: 0.0
[Test ROC-AUC]  -  SA: 0.00000,  LA: 0.57580
[Test AUPRC]  -  LA: 0.55806
[Test F1-max]  -  LA: 0.64387
Epoch: 65 | Loss: 9.536740890325746e-07  | Negative Loss: 0.0
[Test ROC-AUC]  -  SA: 0.00000,  LA: 0.57598
[Test AUPRC]  -  LA: 0.55823
[Test F1-max]  -  LA: 0.64387
Epoch: 66 | Loss: 9.536740890325746e-07  | Negative Loss: 0.0
[Test ROC-AUC]  -  SA: 0.00000,  LA: 0.57610
[Test AUPRC]  -  LA: 0.55829
[Test F1-max]  -  LA: 0.64387
Epoch: 67 | Loss: 9.536740890325746e-07  | Negative Loss: 0.0
[Test ROC-AUC]  -  SA: 0.00000,  LA: 0.57622
[Test AUPRC]  -  LA: 0.55835
[Test F1-max]  -  LA: 0.64387
Epoch: 68 | Loss: 9.536740890325746e-07  | Negative Loss: 0.0
[Test ROC-AUC]  -  SA: 0.00000,  LA: 0.57616
[Test AUPRC]  -  LA: 0.55826
[Test F1-max]  -  LA: 0.64387
Epoch: 69 | Loss: 9.536740890325746e-07  | Negative Loss: 0.0
[Test ROC-AUC]  -  SA: 0.00000,  LA: 0.57598
[Test AUPRC]  -  LA: 0.55808
[Test F1-max]  -  LA: 0.64387
Epoch: 70 | Loss: 8.34464913168631e-07  | Negative Loss: 0.0
[Test ROC-AUC]  -  SA: 0.00000,  LA: 0.57592
[Test AUPRC]  -  LA: 0.55806
[Test F1-max]  -  LA: 0.64387
Epoch: 71 | Loss: 8.34464913168631e-07  | Negative Loss: 0.0
[Test ROC-AUC]  -  SA: 0.00000,  LA: 0.57583
[Test AUPRC]  -  LA: 0.55805
[Test F1-max]  -  LA: 0.64387
Epoch: 72 | Loss: 8.34464913168631e-07  | Negative Loss: 0.0
[Test ROC-AUC]  -  SA: 0.00000,  LA: 0.57580
[Test AUPRC]  -  LA: 0.55803
[Test F1-max]  -  LA: 0.64387
Epoch: 73 | Loss: 8.34464913168631e-07  | Negative Loss: 0.0
[Test ROC-AUC]  -  SA: 0.00000,  LA: 0.57592
[Test AUPRC]  -  LA: 0.55809
[Test F1-max]  -  LA: 0.64387
Epoch: 74 | Loss: 8.34464913168631e-07  | Negative Loss: 0.0
[Test ROC-AUC]  -  SA: 0.00000,  LA: 0.57604
[Test AUPRC]  -  LA: 0.55809
[Test F1-max]  -  LA: 0.64387
Epoch: 75 | Loss: 8.34464913168631e-07  | Negative Loss: 0.0
[Test ROC-AUC]  -  SA: 0.00000,  LA: 0.57604
[Test AUPRC]  -  LA: 0.55809
[Test F1-max]  -  LA: 0.64387
Epoch: 76 | Loss: 8.34464913168631e-07  | Negative Loss: 0.0
[Test ROC-AUC]  -  SA: 0.00000,  LA: 0.57622
[Test AUPRC]  -  LA: 0.55818
[Test F1-max]  -  LA: 0.64571
Epoch: 77 | Loss: 8.34464913168631e-07  | Negative Loss: 0.0
[Test ROC-AUC]  -  SA: 0.00000,  LA: 0.57616
[Test AUPRC]  -  LA: 0.55813
[Test F1-max]  -  LA: 0.64571
Epoch: 78 | Loss: 7.152556236178498e-07  | Negative Loss: 0.0
[Test ROC-AUC]  -  SA: 0.00000,  LA: 0.57628
[Test AUPRC]  -  LA: 0.55817
[Test F1-max]  -  LA: 0.64571
Epoch: 79 | Loss: 7.152556236178498e-07  | Negative Loss: 0.0
[Test ROC-AUC]  -  SA: 0.00000,  LA: 0.57622
[Test AUPRC]  -  LA: 0.55808
[Test F1-max]  -  LA: 0.64571
Epoch: 80 | Loss: 7.152556236178498e-07  | Negative Loss: 0.0
[Test ROC-AUC]  -  SA: 0.00000,  LA: 0.57634
[Test AUPRC]  -  LA: 0.55810
[Test F1-max]  -  LA: 0.64571
Epoch: 81 | Loss: 7.152556236178498e-07  | Negative Loss: 0.0
[Test ROC-AUC]  -  SA: 0.00000,  LA: 0.57628
[Test AUPRC]  -  LA: 0.55795
[Test F1-max]  -  LA: 0.64571
Epoch: 82 | Loss: 7.152556236178498e-07  | Negative Loss: 0.0
[Test ROC-AUC]  -  SA: 0.00000,  LA: 0.57628
[Test AUPRC]  -  LA: 0.55793
[Test F1-max]  -  LA: 0.64571
Epoch: 83 | Loss: 7.152556236178498e-07  | Negative Loss: 0.0
[Test ROC-AUC]  -  SA: 0.00000,  LA: 0.57634
[Test AUPRC]  -  LA: 0.55797
[Test F1-max]  -  LA: 0.64571
Epoch: 84 | Loss: 7.152556236178498e-07  | Negative Loss: 0.0
[Test ROC-AUC]  -  SA: 0.00000,  LA: 0.57628
[Test AUPRC]  -  LA: 0.56032
[Test F1-max]  -  LA: 0.64571
Epoch: 85 | Loss: 7.152556236178498e-07  | Negative Loss: 0.0
[Test ROC-AUC]  -  SA: 0.00000,  LA: 0.57631
[Test AUPRC]  -  LA: 0.56033
[Test F1-max]  -  LA: 0.64571
Epoch: 86 | Loss: 7.152556236178498e-07  | Negative Loss: 0.0
[Test ROC-AUC]  -  SA: 0.00000,  LA: 0.57622
[Test AUPRC]  -  LA: 0.56026
[Test F1-max]  -  LA: 0.64571
Epoch: 87 | Loss: 7.152556236178498e-07  | Negative Loss: 0.0
[Test ROC-AUC]  -  SA: 0.00000,  LA: 0.57616
[Test AUPRC]  -  LA: 0.56024
[Test F1-max]  -  LA: 0.64571
Epoch: 88 | Loss: 7.152556236178498e-07  | Negative Loss: 0.0
[Test ROC-AUC]  -  SA: 0.00000,  LA: 0.57616
[Test AUPRC]  -  LA: 0.56020
[Test F1-max]  -  LA: 0.64571
Epoch: 89 | Loss: 7.152556236178498e-07  | Negative Loss: 0.0
[Test ROC-AUC]  -  SA: 0.00000,  LA: 0.57622
[Test AUPRC]  -  LA: 0.56024
[Test F1-max]  -  LA: 0.64571
Epoch: 90 | Loss: 7.152556236178498e-07  | Negative Loss: 0.0
[Test ROC-AUC]  -  SA: 0.00000,  LA: 0.57622
[Test AUPRC]  -  LA: 0.56025
[Test F1-max]  -  LA: 0.64571
Epoch: 91 | Loss: 7.152556236178498e-07  | Negative Loss: 0.0
[Test ROC-AUC]  -  SA: 0.00000,  LA: 0.57622
[Test AUPRC]  -  LA: 0.56012
[Test F1-max]  -  LA: 0.64571
Epoch: 92 | Loss: 7.152556236178498e-07  | Negative Loss: 0.0
[Test ROC-AUC]  -  SA: 0.00000,  LA: 0.57610
[Test AUPRC]  -  LA: 0.55992
[Test F1-max]  -  LA: 0.64571
Epoch: 93 | Loss: 7.152556236178498e-07  | Negative Loss: 0.0
[Test ROC-AUC]  -  SA: 0.00000,  LA: 0.57613
[Test AUPRC]  -  LA: 0.55998
[Test F1-max]  -  LA: 0.64571
Epoch: 94 | Loss: 7.152556236178498e-07  | Negative Loss: 0.0
[Test ROC-AUC]  -  SA: 0.00000,  LA: 0.57628
[Test AUPRC]  -  LA: 0.56017
[Test F1-max]  -  LA: 0.64571
Epoch: 95 | Loss: 7.152556236178498e-07  | Negative Loss: 0.0
[Test ROC-AUC]  -  SA: 0.00000,  LA: 0.57634
[Test AUPRC]  -  LA: 0.56021
[Test F1-max]  -  LA: 0.64571
Epoch: 96 | Loss: 7.152556236178498e-07  | Negative Loss: 0.0
[Test ROC-AUC]  -  SA: 0.00000,  LA: 0.57622
[Test AUPRC]  -  LA: 0.56014
[Test F1-max]  -  LA: 0.64571
Epoch: 97 | Loss: 7.152556236178498e-07  | Negative Loss: 0.0
[Test ROC-AUC]  -  SA: 0.00000,  LA: 0.57622
[Test AUPRC]  -  LA: 0.56012
[Test F1-max]  -  LA: 0.64571
Epoch: 98 | Loss: 5.960463340670685e-07  | Negative Loss: 0.0
[Test ROC-AUC]  -  SA: 0.00000,  LA: 0.57598
[Test AUPRC]  -  LA: 0.55991
[Test F1-max]  -  LA: 0.64571
Epoch: 99 | Loss: 5.960463340670685e-07  | Negative Loss: 0.0
Time consumption: 176.28094601631165
Best LA AUC: 0.5808902716285749
Best LA AUPC: 0.58951793442285
Best LA F1-max: 0.649859943977591
[Result] Experiment result appended to ./results/train_hybrid_result.csv

[END] 2026-03-18 17:12:53
[RETURN CODE] 0
