[START] 2026-03-18 16:45:56
[GPU] 0
[TASK] 9/120
[NAME] breakfast_winclip
[REPEAT] 9/10
[COMMAND] python train_hybrid.py --data_name breakfast --mask True --text True --double_encoder True --few_shot True --shot 1 --hybrid_model winclip --hybrid_weight 0.3 --hybrid_batch_size 16 --epoch 100 --log True --lr 5e-4 --detection True --preprocess True

/home/seungeon/miniconda3/envs/LAB/lib/python3.10/site-packages/timm/models/layers/__init__.py:48: FutureWarning: Importing from timm.models.layers is deprecated, please import via timm.layers
  warnings.warn(f"Importing from {__name__} is deprecated, please import via timm.layers", FutureWarning)
/home/seungeon/Workspace/side/vlm/train_hybrid.py:18: DeprecationWarning: The distutils package is deprecated and slated for removal in Python 3.12. Use setuptools or check PEP 632 for potential alternatives
  from distutils.util import strtobool
Torch version: 2.9.1+cu128
cuda is loaded for process
here?
In my local computer
Namespace(epoch=100, gpu_number='0', data_name='breakfast', lr=0.0005, batch_size=6, shuffle=True, seed=0, tag='default', model_name='ViT-B-32', pretrained_name='laion2b_s34b_b79k', lora=1, default=False, foundation='CLIP', detection=1, preprocess=1, num_rule=0, object_names=['a mandarin', 'a peach', 'an almonds', 'a banana chips', 'an oat cereal'], objects_for_rules=[['a mandarin'], ['a peach'], ['an oat cereal'], ['an almonds'], ['a banana chips'], ['an almonds', 'a banana chips', 'an oat cereal'], ['an almonds', 'a banana chips']], texts_for_rules=[['mandarins'], ['peach'], ['oat cereal'], ['almonds'], ['banana chips'], ['almonds, banana chips and oat cereal'], ['almonds and banana chips']], mask=1, text=1, score='mean', ciriculam_learning=False, few_shot=1, shot=1, log=1, neg_loss=0, double_encoder=1, pretrained_count_path=None, ris=0, rule_select='', rule_list=[], num_negative=5, hybrid_model='winclip', hybrid_weight=0.3, hybrid_class_name='', hybrid_batch_size=16, hybrid_backbone='ViT-B-16-plus-240', hybrid_pretrained_dataset='laion400m_e32', hybrid_scales=[2, 3], hybrid_img_resize=240, hybrid_img_cropsize=240, hybrid_resolution=400, hybrid_promptad_epoch=100, hybrid_promptad_lr=0.002, hybrid_promptad_momentum=0.9, hybrid_promptad_weight_decay=0.0005, hybrid_promptad_eta_min=1e-05, hybrid_promptad_lambda1=0.001, hybrid_promptad_n_ctx=4, hybrid_promptad_n_pro=3, hybrid_promptad_n_ctx_ab=1, hybrid_promptad_n_pro_ab=4, early_stop_k=10, result_log_path='./results/train_hybrid_result.csv')
[Hybrid] method=winclip, class_name=breakfast_box, train=1, eval=185, base_path=/data3/seungeon/data/image/mvtec_loco_anomaly_detection/breakfast_box
grid 240 16 (15, 15)
[Hybrid-only] LA_AUC=0.67494, LA_AUPRC=0.67263, LA_F1=0.76613
[Data Description]
- Train: 1
- Test: 185

Train Start
[Test ROC-AUC]  -  SA: 0.00000,  LA: 0.68923
[Test AUPRC]  -  LA: 0.71006
[Test F1-max]  -  LA: 0.75486
Epoch: 0 | Loss: 11.98624038696289  | Negative Loss: 0.0
[Test ROC-AUC]  -  SA: 0.00000,  LA: 0.69265
[Test AUPRC]  -  LA: 0.71331
[Test F1-max]  -  LA: 0.75486
Epoch: 1 | Loss: 11.86902904510498  | Negative Loss: 0.0
[Test ROC-AUC]  -  SA: 0.00000,  LA: 0.74179
[Test AUPRC]  -  LA: 0.75650
[Test F1-max]  -  LA: 0.77686
Epoch: 2 | Loss: 10.503981590270996  | Negative Loss: 0.0
[Test ROC-AUC]  -  SA: 0.00000,  LA: 0.79790
[Test AUPRC]  -  LA: 0.79951
[Test F1-max]  -  LA: 0.80498
Epoch: 3 | Loss: 8.462772369384766  | Negative Loss: 0.0
[Test ROC-AUC]  -  SA: 0.00000,  LA: 0.84172
[Test AUPRC]  -  LA: 0.82987
[Test F1-max]  -  LA: 0.83478
Epoch: 4 | Loss: 6.32839298248291  | Negative Loss: 0.0
[Test ROC-AUC]  -  SA: 0.00000,  LA: 0.86511
[Test AUPRC]  -  LA: 0.84834
[Test F1-max]  -  LA: 0.85581
Epoch: 5 | Loss: 4.565585613250732  | Negative Loss: 0.0
[Test ROC-AUC]  -  SA: 0.00000,  LA: 0.88070
[Test AUPRC]  -  LA: 0.86619
[Test F1-max]  -  LA: 0.86636
Epoch: 6 | Loss: 3.294647216796875  | Negative Loss: 0.0
[Test ROC-AUC]  -  SA: 0.00000,  LA: 0.88353
[Test AUPRC]  -  LA: 0.86720
[Test F1-max]  -  LA: 0.87225
Epoch: 7 | Loss: 2.3998446464538574  | Negative Loss: 0.0
[Test ROC-AUC]  -  SA: 0.00000,  LA: 0.88696
[Test AUPRC]  -  LA: 0.86721
[Test F1-max]  -  LA: 0.88991
Epoch: 8 | Loss: 1.7775347232818604  | Negative Loss: 0.0
[Test ROC-AUC]  -  SA: 0.00000,  LA: 0.88885
[Test AUPRC]  -  LA: 0.86892
[Test F1-max]  -  LA: 0.89302
Epoch: 9 | Loss: 1.344364881515503  | Negative Loss: 0.0
[Test ROC-AUC]  -  SA: 0.00000,  LA: 0.89027
[Test AUPRC]  -  LA: 0.87177
[Test F1-max]  -  LA: 0.88263
Epoch: 10 | Loss: 1.0353238582611084  | Negative Loss: 0.0
[Test ROC-AUC]  -  SA: 0.00000,  LA: 0.88909
[Test AUPRC]  -  LA: 0.87161
[Test F1-max]  -  LA: 0.88393
Epoch: 11 | Loss: 0.8123190402984619  | Negative Loss: 0.0
[Test ROC-AUC]  -  SA: 0.00000,  LA: 0.88696
[Test AUPRC]  -  LA: 0.87080
[Test F1-max]  -  LA: 0.88000
Epoch: 12 | Loss: 0.6496546864509583  | Negative Loss: 0.0
[Test ROC-AUC]  -  SA: 0.00000,  LA: 0.88483
[Test AUPRC]  -  LA: 0.86904
[Test F1-max]  -  LA: 0.88000
Epoch: 13 | Loss: 0.527736246585846  | Negative Loss: 0.0
[Test ROC-AUC]  -  SA: 0.00000,  LA: 0.88318
[Test AUPRC]  -  LA: 0.86732
[Test F1-max]  -  LA: 0.88393
Epoch: 14 | Loss: 0.4359998106956482  | Negative Loss: 0.0
[Test ROC-AUC]  -  SA: 0.00000,  LA: 0.88235
[Test AUPRC]  -  LA: 0.86832
[Test F1-max]  -  LA: 0.88000
Epoch: 15 | Loss: 0.3612077534198761  | Negative Loss: 0.0
[Test ROC-AUC]  -  SA: 0.00000,  LA: 0.87928
[Test AUPRC]  -  LA: 0.86706
[Test F1-max]  -  LA: 0.87387
Epoch: 16 | Loss: 0.29809704422950745  | Negative Loss: 0.0
[Test ROC-AUC]  -  SA: 0.00000,  LA: 0.87798
[Test AUPRC]  -  LA: 0.86602
[Test F1-max]  -  LA: 0.87156
Epoch: 17 | Loss: 0.24409165978431702  | Negative Loss: 0.0
[Test ROC-AUC]  -  SA: 0.00000,  LA: 0.87290
[Test AUPRC]  -  LA: 0.86000
[Test F1-max]  -  LA: 0.87037
Epoch: 18 | Loss: 0.19795244932174683  | Negative Loss: 0.0
[Test ROC-AUC]  -  SA: 0.00000,  LA: 0.86841
[Test AUPRC]  -  LA: 0.85478
[Test F1-max]  -  LA: 0.86996
Epoch: 19 | Loss: 0.15891674160957336  | Negative Loss: 0.0
[Test ROC-AUC]  -  SA: 0.00000,  LA: 0.86369
[Test AUPRC]  -  LA: 0.84911
[Test F1-max]  -  LA: 0.86878
[Early Stopping] LA AUROC dropped for 10 consecutive epochs. Stop at epoch 21/100.
Time consumption: 37.99466156959534
Best LA AUC: 0.8902669501535554
Best LA AUPC: 0.8717734506135473
Best LA F1-max: 0.8930232558139535
[Result] Experiment result appended to ./results/train_hybrid_result.csv

[END] 2026-03-18 16:50:19
[RETURN CODE] 0
