[START] 2026-03-18 18:46:05
[GPU] 0
[TASK] 105/120
[NAME] cherry_juice_winclip
[REPEAT] 5/10
[COMMAND] python train_hybrid.py --data_name cherry_juice --mask True --text True --double_encoder True --few_shot True --shot 1 --hybrid_model winclip --hybrid_weight 0.3 --hybrid_batch_size 16 --epoch 100 --log True --lr 5e-4 --detection True --preprocess True

/home/seungeon/miniconda3/envs/LAB/lib/python3.10/site-packages/timm/models/layers/__init__.py:48: FutureWarning: Importing from timm.models.layers is deprecated, please import via timm.layers
  warnings.warn(f"Importing from {__name__} is deprecated, please import via timm.layers", FutureWarning)
/home/seungeon/Workspace/side/vlm/train_hybrid.py:18: DeprecationWarning: The distutils package is deprecated and slated for removal in Python 3.12. Use setuptools or check PEP 632 for potential alternatives
  from distutils.util import strtobool
Torch version: 2.9.1+cu128
cuda is loaded for process
here?
In my local computer
Namespace(epoch=100, gpu_number='0', data_name='cherry_juice', lr=0.0005, batch_size=6, shuffle=True, seed=0, tag='default', model_name='ViT-B-32', pretrained_name='laion2b_s34b_b79k', lora=1, default=False, foundation='CLIP', detection=1, preprocess=1, num_rule=0, object_names=['a photo of cherry picture label', 'a photo of 100% text label', 'a photo of bottle cap', 'a photo of black background'], objects_for_rules=[['a photo of cherry picture label'], ['a photo of cherry picture label', 'a photo of 100% text label'], ['a photo of cherry picture label'], ['a photo of 100% text label'], ['a photo of cherry picture label', 'a photo of 100% text label']], texts_for_rules=[['a photo of cherry picture label'], ['a photo of cherry picture label and 100% text label'], ['a photo of cherry picture label'], ['a photo of 100% text label'], ['a photo of fruit picture label and 100% text label']], mask=1, text=1, score='mean', ciriculam_learning=False, few_shot=1, shot=1, log=1, neg_loss=0, double_encoder=1, pretrained_count_path=None, ris=0, rule_select='', rule_list=[], num_negative=5, hybrid_model='winclip', hybrid_weight=0.3, hybrid_class_name='', hybrid_batch_size=16, hybrid_backbone='ViT-B-16-plus-240', hybrid_pretrained_dataset='laion400m_e32', hybrid_scales=[2, 3], hybrid_img_resize=240, hybrid_img_cropsize=240, hybrid_resolution=400, hybrid_promptad_epoch=100, hybrid_promptad_lr=0.002, hybrid_promptad_momentum=0.9, hybrid_promptad_weight_decay=0.0005, hybrid_promptad_eta_min=1e-05, hybrid_promptad_lambda1=0.001, hybrid_promptad_n_ctx=4, hybrid_promptad_n_pro=3, hybrid_promptad_n_ctx_ab=1, hybrid_promptad_n_pro_ab=4, early_stop_k=10, result_log_path='./results/train_hybrid_result.csv')
[Hybrid] method=winclip, class_name=juice_bottle, train=1, eval=73, base_path=/data3/seungeon/data/image/mvtec_loco_anomaly_detection/cherry_juice
grid 240 16 (15, 15)
[Hybrid-only] LA_AUC=0.74390, LA_AUPRC=0.65997, LA_F1=0.75610
[Data Description]
- Train: 1
- Test: 73

Train Start
[Test ROC-AUC]  -  SA: 0.00000,  LA: 0.73476
[Test AUPRC]  -  LA: 0.67814
[Test F1-max]  -  LA: 0.70455
Epoch: 0 | Loss: 15.562925338745117  | Negative Loss: 0.0
[Test ROC-AUC]  -  SA: 0.00000,  LA: 0.73857
[Test AUPRC]  -  LA: 0.68014
[Test F1-max]  -  LA: 0.71264
Epoch: 1 | Loss: 15.433956146240234  | Negative Loss: 0.0
[Test ROC-AUC]  -  SA: 0.00000,  LA: 0.78659
[Test AUPRC]  -  LA: 0.71881
[Test F1-max]  -  LA: 0.72289
Epoch: 2 | Loss: 13.74068832397461  | Negative Loss: 0.0
[Test ROC-AUC]  -  SA: 0.00000,  LA: 0.83765
[Test AUPRC]  -  LA: 0.74834
[Test F1-max]  -  LA: 0.78947
Epoch: 3 | Loss: 11.013300895690918  | Negative Loss: 0.0
[Test ROC-AUC]  -  SA: 0.00000,  LA: 0.85899
[Test AUPRC]  -  LA: 0.77327
[Test F1-max]  -  LA: 0.82667
Epoch: 4 | Loss: 7.76115608215332  | Negative Loss: 0.0
[Test ROC-AUC]  -  SA: 0.00000,  LA: 0.85442
[Test AUPRC]  -  LA: 0.75944
[Test F1-max]  -  LA: 0.81081
Epoch: 5 | Loss: 4.766028881072998  | Negative Loss: 0.0
[Test ROC-AUC]  -  SA: 0.00000,  LA: 0.84985
[Test AUPRC]  -  LA: 0.74579
[Test F1-max]  -  LA: 0.80519
Epoch: 6 | Loss: 2.626559257507324  | Negative Loss: 0.0
[Test ROC-AUC]  -  SA: 0.00000,  LA: 0.85442
[Test AUPRC]  -  LA: 0.79366
[Test F1-max]  -  LA: 0.78873
Epoch: 7 | Loss: 1.362508773803711  | Negative Loss: 0.0
[Test ROC-AUC]  -  SA: 0.00000,  LA: 0.85213
[Test AUPRC]  -  LA: 0.79470
[Test F1-max]  -  LA: 0.78261
Epoch: 8 | Loss: 0.7307332754135132  | Negative Loss: 0.0
[Test ROC-AUC]  -  SA: 0.00000,  LA: 0.85595
[Test AUPRC]  -  LA: 0.81771
[Test F1-max]  -  LA: 0.78378
Epoch: 9 | Loss: 0.42856553196907043  | Negative Loss: 0.0
[Test ROC-AUC]  -  SA: 0.00000,  LA: 0.85595
[Test AUPRC]  -  LA: 0.82004
[Test F1-max]  -  LA: 0.78873
Epoch: 10 | Loss: 0.2684570550918579  | Negative Loss: 0.0
[Test ROC-AUC]  -  SA: 0.00000,  LA: 0.85976
[Test AUPRC]  -  LA: 0.82760
[Test F1-max]  -  LA: 0.79452
Epoch: 11 | Loss: 0.17652437090873718  | Negative Loss: 0.0
[Test ROC-AUC]  -  SA: 0.00000,  LA: 0.86280
[Test AUPRC]  -  LA: 0.83537
[Test F1-max]  -  LA: 0.78378
Epoch: 12 | Loss: 0.11868135631084442  | Negative Loss: 0.0
[Test ROC-AUC]  -  SA: 0.00000,  LA: 0.86509
[Test AUPRC]  -  LA: 0.83685
[Test F1-max]  -  LA: 0.78378
Epoch: 13 | Loss: 0.08099353313446045  | Negative Loss: 0.0
[Test ROC-AUC]  -  SA: 0.00000,  LA: 0.86738
[Test AUPRC]  -  LA: 0.83773
[Test F1-max]  -  LA: 0.78378
Epoch: 14 | Loss: 0.05570390447974205  | Negative Loss: 0.0
[Test ROC-AUC]  -  SA: 0.00000,  LA: 0.86738
[Test AUPRC]  -  LA: 0.83307
[Test F1-max]  -  LA: 0.78378
Epoch: 15 | Loss: 0.03850651532411575  | Negative Loss: 0.0
[Test ROC-AUC]  -  SA: 0.00000,  LA: 0.86585
[Test AUPRC]  -  LA: 0.82512
[Test F1-max]  -  LA: 0.79452
Epoch: 16 | Loss: 0.026899199932813644  | Negative Loss: 0.0
[Test ROC-AUC]  -  SA: 0.00000,  LA: 0.86204
[Test AUPRC]  -  LA: 0.81348
[Test F1-max]  -  LA: 0.79452
Epoch: 17 | Loss: 0.01886729523539543  | Negative Loss: 0.0
[Test ROC-AUC]  -  SA: 0.00000,  LA: 0.86052
[Test AUPRC]  -  LA: 0.80716
[Test F1-max]  -  LA: 0.80000
Epoch: 18 | Loss: 0.013375547714531422  | Negative Loss: 0.0
[Test ROC-AUC]  -  SA: 0.00000,  LA: 0.86128
[Test AUPRC]  -  LA: 0.80298
[Test F1-max]  -  LA: 0.81081
Epoch: 19 | Loss: 0.009556164965033531  | Negative Loss: 0.0
[Test ROC-AUC]  -  SA: 0.00000,  LA: 0.85899
[Test AUPRC]  -  LA: 0.79684
[Test F1-max]  -  LA: 0.81081
Epoch: 20 | Loss: 0.006868276745080948  | Negative Loss: 0.0
[Test ROC-AUC]  -  SA: 0.00000,  LA: 0.85976
[Test AUPRC]  -  LA: 0.79295
[Test F1-max]  -  LA: 0.82667
Epoch: 21 | Loss: 0.00497073819860816  | Negative Loss: 0.0
[Test ROC-AUC]  -  SA: 0.00000,  LA: 0.85823
[Test AUPRC]  -  LA: 0.79120
[Test F1-max]  -  LA: 0.82667
Epoch: 22 | Loss: 0.003642461495473981  | Negative Loss: 0.0
[Test ROC-AUC]  -  SA: 0.00000,  LA: 0.85747
[Test AUPRC]  -  LA: 0.78905
[Test F1-max]  -  LA: 0.83784
Epoch: 23 | Loss: 0.0027043966110795736  | Negative Loss: 0.0
[Test ROC-AUC]  -  SA: 0.00000,  LA: 0.85595
[Test AUPRC]  -  LA: 0.78656
[Test F1-max]  -  LA: 0.83784
Epoch: 24 | Loss: 0.002029565628618002  | Negative Loss: 0.0
[Test ROC-AUC]  -  SA: 0.00000,  LA: 0.85518
[Test AUPRC]  -  LA: 0.78434
[Test F1-max]  -  LA: 0.83784
Epoch: 25 | Loss: 0.0015453881351277232  | Negative Loss: 0.0
[Test ROC-AUC]  -  SA: 0.00000,  LA: 0.85290
[Test AUPRC]  -  LA: 0.77886
[Test F1-max]  -  LA: 0.84211
Epoch: 26 | Loss: 0.0011936011724174023  | Negative Loss: 0.0
[Test ROC-AUC]  -  SA: 0.00000,  LA: 0.85061
[Test AUPRC]  -  LA: 0.77567
[Test F1-max]  -  LA: 0.85333
Epoch: 27 | Loss: 0.0009338092058897018  | Negative Loss: 0.0
[Test ROC-AUC]  -  SA: 0.00000,  LA: 0.85137
[Test AUPRC]  -  LA: 0.77637
[Test F1-max]  -  LA: 0.85333
Epoch: 28 | Loss: 0.0007396168075501919  | Negative Loss: 0.0
[Test ROC-AUC]  -  SA: 0.00000,  LA: 0.85213
[Test AUPRC]  -  LA: 0.77732
[Test F1-max]  -  LA: 0.85333
Epoch: 29 | Loss: 0.0005938944523222744  | Negative Loss: 0.0
[Test ROC-AUC]  -  SA: 0.00000,  LA: 0.84909
[Test AUPRC]  -  LA: 0.77298
[Test F1-max]  -  LA: 0.85333
Epoch: 30 | Loss: 0.0004835494910366833  | Negative Loss: 0.0
[Test ROC-AUC]  -  SA: 0.00000,  LA: 0.84680
[Test AUPRC]  -  LA: 0.77084
[Test F1-max]  -  LA: 0.84211
Epoch: 31 | Loss: 0.00039846095023676753  | Negative Loss: 0.0
[Test ROC-AUC]  -  SA: 0.00000,  LA: 0.84756
[Test AUPRC]  -  LA: 0.77150
[Test F1-max]  -  LA: 0.84211
Epoch: 32 | Loss: 0.0003323170531075448  | Negative Loss: 0.0
[Test ROC-AUC]  -  SA: 0.00000,  LA: 0.84756
[Test AUPRC]  -  LA: 0.77228
[Test F1-max]  -  LA: 0.84211
Epoch: 33 | Loss: 0.0002801146765705198  | Negative Loss: 0.0
[Test ROC-AUC]  -  SA: 0.00000,  LA: 0.84680
[Test AUPRC]  -  LA: 0.77128
[Test F1-max]  -  LA: 0.84211
Epoch: 34 | Loss: 0.000238756590988487  | Negative Loss: 0.0
[Test ROC-AUC]  -  SA: 0.00000,  LA: 0.84604
[Test AUPRC]  -  LA: 0.76644
[Test F1-max]  -  LA: 0.84211
Epoch: 35 | Loss: 0.0002057407546089962  | Negative Loss: 0.0
[Test ROC-AUC]  -  SA: 0.00000,  LA: 0.84451
[Test AUPRC]  -  LA: 0.76516
[Test F1-max]  -  LA: 0.83784
Epoch: 36 | Loss: 0.00017880303494166583  | Negative Loss: 0.0
[Test ROC-AUC]  -  SA: 0.00000,  LA: 0.84451
[Test AUPRC]  -  LA: 0.76516
[Test F1-max]  -  LA: 0.83784
Epoch: 37 | Loss: 0.0001571094908285886  | Negative Loss: 0.0
[Test ROC-AUC]  -  SA: 0.00000,  LA: 0.84451
[Test AUPRC]  -  LA: 0.76516
[Test F1-max]  -  LA: 0.83784
Epoch: 38 | Loss: 0.00013934912567492574  | Negative Loss: 0.0
[Test ROC-AUC]  -  SA: 0.00000,  LA: 0.84375
[Test AUPRC]  -  LA: 0.76462
[Test F1-max]  -  LA: 0.83117
Epoch: 39 | Loss: 0.00012433010851964355  | Negative Loss: 0.0
[Test ROC-AUC]  -  SA: 0.00000,  LA: 0.84375
[Test AUPRC]  -  LA: 0.76462
[Test F1-max]  -  LA: 0.83117
Epoch: 40 | Loss: 0.00011205253395019099  | Negative Loss: 0.0
[Test ROC-AUC]  -  SA: 0.00000,  LA: 0.84451
[Test AUPRC]  -  LA: 0.76668
[Test F1-max]  -  LA: 0.83117
Epoch: 41 | Loss: 0.00010168208973482251  | Negative Loss: 0.0
[Test ROC-AUC]  -  SA: 0.00000,  LA: 0.84375
[Test AUPRC]  -  LA: 0.76596
[Test F1-max]  -  LA: 0.83117
Epoch: 42 | Loss: 9.286118438467383e-05  | Negative Loss: 0.0
[Test ROC-AUC]  -  SA: 0.00000,  LA: 0.84375
[Test AUPRC]  -  LA: 0.76596
[Test F1-max]  -  LA: 0.83117
Epoch: 43 | Loss: 8.53514502523467e-05  | Negative Loss: 0.0
[Test ROC-AUC]  -  SA: 0.00000,  LA: 0.84451
[Test AUPRC]  -  LA: 0.76661
[Test F1-max]  -  LA: 0.83117
Epoch: 44 | Loss: 7.879529584897682e-05  | Negative Loss: 0.0
[Test ROC-AUC]  -  SA: 0.00000,  LA: 0.84527
[Test AUPRC]  -  LA: 0.76724
[Test F1-max]  -  LA: 0.83117
Epoch: 45 | Loss: 7.319273572647944e-05  | Negative Loss: 0.0
[Test ROC-AUC]  -  SA: 0.00000,  LA: 0.84527
[Test AUPRC]  -  LA: 0.76724
[Test F1-max]  -  LA: 0.83117
Epoch: 46 | Loss: 6.830538768554106e-05  | Negative Loss: 0.0
[Test ROC-AUC]  -  SA: 0.00000,  LA: 0.84527
[Test AUPRC]  -  LA: 0.76724
[Test F1-max]  -  LA: 0.83117
Epoch: 47 | Loss: 6.413324445020407e-05  | Negative Loss: 0.0
[Test ROC-AUC]  -  SA: 0.00000,  LA: 0.84604
[Test AUPRC]  -  LA: 0.76787
[Test F1-max]  -  LA: 0.83117
Epoch: 48 | Loss: 6.043791290721856e-05  | Negative Loss: 0.0
[Test ROC-AUC]  -  SA: 0.00000,  LA: 0.84604
[Test AUPRC]  -  LA: 0.76787
[Test F1-max]  -  LA: 0.83117
Epoch: 49 | Loss: 5.710018376703374e-05  | Negative Loss: 0.0
[Test ROC-AUC]  -  SA: 0.00000,  LA: 0.84680
[Test AUPRC]  -  LA: 0.76848
[Test F1-max]  -  LA: 0.83117
Epoch: 50 | Loss: 5.412006430560723e-05  | Negative Loss: 0.0
[Test ROC-AUC]  -  SA: 0.00000,  LA: 0.84527
[Test AUPRC]  -  LA: 0.76443
[Test F1-max]  -  LA: 0.83117
Epoch: 51 | Loss: 5.137834159540944e-05  | Negative Loss: 0.0
[Test ROC-AUC]  -  SA: 0.00000,  LA: 0.84527
[Test AUPRC]  -  LA: 0.76443
[Test F1-max]  -  LA: 0.83117
Epoch: 52 | Loss: 4.911344149149954e-05  | Negative Loss: 0.0
[Test ROC-AUC]  -  SA: 0.00000,  LA: 0.84604
[Test AUPRC]  -  LA: 0.76504
[Test F1-max]  -  LA: 0.83117
Epoch: 53 | Loss: 4.7206154704326764e-05  | Negative Loss: 0.0
[Test ROC-AUC]  -  SA: 0.00000,  LA: 0.84604
[Test AUPRC]  -  LA: 0.76504
[Test F1-max]  -  LA: 0.83117
Epoch: 54 | Loss: 4.541806993074715e-05  | Negative Loss: 0.0
[Test ROC-AUC]  -  SA: 0.00000,  LA: 0.84604
[Test AUPRC]  -  LA: 0.76504
[Test F1-max]  -  LA: 0.83117
Epoch: 55 | Loss: 4.3749187170760706e-05  | Negative Loss: 0.0
[Test ROC-AUC]  -  SA: 0.00000,  LA: 0.84604
[Test AUPRC]  -  LA: 0.76504
[Test F1-max]  -  LA: 0.83117
Epoch: 56 | Loss: 4.2199510062346235e-05  | Negative Loss: 0.0
[Test ROC-AUC]  -  SA: 0.00000,  LA: 0.84604
[Test AUPRC]  -  LA: 0.76504
[Test F1-max]  -  LA: 0.83117
Epoch: 57 | Loss: 4.088824789505452e-05  | Negative Loss: 0.0
[Test ROC-AUC]  -  SA: 0.00000,  LA: 0.84604
[Test AUPRC]  -  LA: 0.76504
[Test F1-max]  -  LA: 0.83117
Epoch: 58 | Loss: 3.945776916225441e-05  | Negative Loss: 0.0
[Test ROC-AUC]  -  SA: 0.00000,  LA: 0.84604
[Test AUPRC]  -  LA: 0.76504
[Test F1-max]  -  LA: 0.83117
Epoch: 59 | Loss: 3.8384914660127833e-05  | Negative Loss: 0.0
[Test ROC-AUC]  -  SA: 0.00000,  LA: 0.84604
[Test AUPRC]  -  LA: 0.76504
[Test F1-max]  -  LA: 0.83117
Epoch: 60 | Loss: 3.743126580957323e-05  | Negative Loss: 0.0
[Test ROC-AUC]  -  SA: 0.00000,  LA: 0.84604
[Test AUPRC]  -  LA: 0.76504
[Test F1-max]  -  LA: 0.83117
Epoch: 61 | Loss: 3.6477613321039826e-05  | Negative Loss: 0.0
[Test ROC-AUC]  -  SA: 0.00000,  LA: 0.84604
[Test AUPRC]  -  LA: 0.76504
[Test F1-max]  -  LA: 0.83117
Epoch: 62 | Loss: 3.552396083250642e-05  | Negative Loss: 0.0
[Test ROC-AUC]  -  SA: 0.00000,  LA: 0.84604
[Test AUPRC]  -  LA: 0.76504
[Test F1-max]  -  LA: 0.83117
Epoch: 63 | Loss: 3.480871964711696e-05  | Negative Loss: 0.0
[Test ROC-AUC]  -  SA: 0.00000,  LA: 0.84680
[Test AUPRC]  -  LA: 0.76563
[Test F1-max]  -  LA: 0.83117
Epoch: 64 | Loss: 3.397427644813433e-05  | Negative Loss: 0.0
[Test ROC-AUC]  -  SA: 0.00000,  LA: 0.84680
[Test AUPRC]  -  LA: 0.76563
[Test F1-max]  -  LA: 0.83117
Epoch: 65 | Loss: 3.3259035262744874e-05  | Negative Loss: 0.0
[Test ROC-AUC]  -  SA: 0.00000,  LA: 0.84680
[Test AUPRC]  -  LA: 0.76563
[Test F1-max]  -  LA: 0.83117
Epoch: 66 | Loss: 3.2663003366906196e-05  | Negative Loss: 0.0
[Test ROC-AUC]  -  SA: 0.00000,  LA: 0.84680
[Test AUPRC]  -  LA: 0.76563
[Test F1-max]  -  LA: 0.83117
Epoch: 67 | Loss: 3.206696783308871e-05  | Negative Loss: 0.0
[Test ROC-AUC]  -  SA: 0.00000,  LA: 0.84680
[Test AUPRC]  -  LA: 0.76563
[Test F1-max]  -  LA: 0.83117
Epoch: 68 | Loss: 3.1470932299271226e-05  | Negative Loss: 0.0
[Test ROC-AUC]  -  SA: 0.00000,  LA: 0.84680
[Test AUPRC]  -  LA: 0.76563
[Test F1-max]  -  LA: 0.83117
Epoch: 69 | Loss: 3.099410605500452e-05  | Negative Loss: 0.0
[Test ROC-AUC]  -  SA: 0.00000,  LA: 0.84680
[Test AUPRC]  -  LA: 0.76563
[Test F1-max]  -  LA: 0.83117
Epoch: 70 | Loss: 3.039807234017644e-05  | Negative Loss: 0.0
[Test ROC-AUC]  -  SA: 0.00000,  LA: 0.84680
[Test AUPRC]  -  LA: 0.76563
[Test F1-max]  -  LA: 0.83117
Epoch: 71 | Loss: 2.992124245793093e-05  | Negative Loss: 0.0
[Test ROC-AUC]  -  SA: 0.00000,  LA: 0.84680
[Test AUPRC]  -  LA: 0.76563
[Test F1-max]  -  LA: 0.83117
Epoch: 72 | Loss: 2.9444416213664226e-05  | Negative Loss: 0.0
[Test ROC-AUC]  -  SA: 0.00000,  LA: 0.84604
[Test AUPRC]  -  LA: 0.76460
[Test F1-max]  -  LA: 0.83117
Epoch: 73 | Loss: 2.8967586331418715e-05  | Negative Loss: 0.0
[Test ROC-AUC]  -  SA: 0.00000,  LA: 0.84604
[Test AUPRC]  -  LA: 0.76460
[Test F1-max]  -  LA: 0.83117
Epoch: 74 | Loss: 2.8609963919734582e-05  | Negative Loss: 0.0
[Test ROC-AUC]  -  SA: 0.00000,  LA: 0.84527
[Test AUPRC]  -  LA: 0.76399
[Test F1-max]  -  LA: 0.83117
Epoch: 75 | Loss: 2.813313767546788e-05  | Negative Loss: 0.0
[Test ROC-AUC]  -  SA: 0.00000,  LA: 0.84451
[Test AUPRC]  -  LA: 0.76265
[Test F1-max]  -  LA: 0.83117
Epoch: 76 | Loss: 2.7775513444794342e-05  | Negative Loss: 0.0
[Test ROC-AUC]  -  SA: 0.00000,  LA: 0.84527
[Test AUPRC]  -  LA: 0.76325
[Test F1-max]  -  LA: 0.83117
Epoch: 77 | Loss: 2.7298687200527638e-05  | Negative Loss: 0.0
[Test ROC-AUC]  -  SA: 0.00000,  LA: 0.84527
[Test AUPRC]  -  LA: 0.76325
[Test F1-max]  -  LA: 0.83117
Epoch: 78 | Loss: 2.69410629698541e-05  | Negative Loss: 0.0
[Test ROC-AUC]  -  SA: 0.00000,  LA: 0.84527
[Test AUPRC]  -  LA: 0.76325
[Test F1-max]  -  LA: 0.83117
Epoch: 79 | Loss: 2.658344055816997e-05  | Negative Loss: 0.0
[Test ROC-AUC]  -  SA: 0.00000,  LA: 0.84527
[Test AUPRC]  -  LA: 0.76325
[Test F1-max]  -  LA: 0.83117
Epoch: 80 | Loss: 2.6345027436036617e-05  | Negative Loss: 0.0
[Test ROC-AUC]  -  SA: 0.00000,  LA: 0.84604
[Test AUPRC]  -  LA: 0.76411
[Test F1-max]  -  LA: 0.83117
Epoch: 81 | Loss: 2.598740320536308e-05  | Negative Loss: 0.0
[Test ROC-AUC]  -  SA: 0.00000,  LA: 0.84604
[Test AUPRC]  -  LA: 0.76411
[Test F1-max]  -  LA: 0.83117
Epoch: 82 | Loss: 2.562978261266835e-05  | Negative Loss: 0.0
[Test ROC-AUC]  -  SA: 0.00000,  LA: 0.84604
[Test AUPRC]  -  LA: 0.76411
[Test F1-max]  -  LA: 0.83117
Epoch: 83 | Loss: 2.5391369490535e-05  | Negative Loss: 0.0
[Test ROC-AUC]  -  SA: 0.00000,  LA: 0.84604
[Test AUPRC]  -  LA: 0.76411
[Test F1-max]  -  LA: 0.83117
Epoch: 84 | Loss: 2.5033745259861462e-05  | Negative Loss: 0.0
[Test ROC-AUC]  -  SA: 0.00000,  LA: 0.84604
[Test AUPRC]  -  LA: 0.76411
[Test F1-max]  -  LA: 0.83117
Epoch: 85 | Loss: 2.479533213772811e-05  | Negative Loss: 0.0
[Test ROC-AUC]  -  SA: 0.00000,  LA: 0.84604
[Test AUPRC]  -  LA: 0.76411
[Test F1-max]  -  LA: 0.83117
Epoch: 86 | Loss: 2.4556917196605355e-05  | Negative Loss: 0.0
[Test ROC-AUC]  -  SA: 0.00000,  LA: 0.84604
[Test AUPRC]  -  LA: 0.76411
[Test F1-max]  -  LA: 0.83117
Epoch: 87 | Loss: 2.43185022554826e-05  | Negative Loss: 0.0
[Test ROC-AUC]  -  SA: 0.00000,  LA: 0.84604
[Test AUPRC]  -  LA: 0.76411
[Test F1-max]  -  LA: 0.83117
Epoch: 88 | Loss: 2.3960879843798466e-05  | Negative Loss: 0.0
[Test ROC-AUC]  -  SA: 0.00000,  LA: 0.84604
[Test AUPRC]  -  LA: 0.76411
[Test F1-max]  -  LA: 0.83117
Epoch: 89 | Loss: 2.384167237323709e-05  | Negative Loss: 0.0
[Test ROC-AUC]  -  SA: 0.00000,  LA: 0.84604
[Test AUPRC]  -  LA: 0.76411
[Test F1-max]  -  LA: 0.83117
Epoch: 90 | Loss: 2.348405178054236e-05  | Negative Loss: 0.0
[Test ROC-AUC]  -  SA: 0.00000,  LA: 0.84604
[Test AUPRC]  -  LA: 0.76411
[Test F1-max]  -  LA: 0.83117
Epoch: 91 | Loss: 2.3245636839419603e-05  | Negative Loss: 0.0
[Test ROC-AUC]  -  SA: 0.00000,  LA: 0.84604
[Test AUPRC]  -  LA: 0.76411
[Test F1-max]  -  LA: 0.83117
Epoch: 92 | Loss: 2.3007220079307444e-05  | Negative Loss: 0.0
[Test ROC-AUC]  -  SA: 0.00000,  LA: 0.84604
[Test AUPRC]  -  LA: 0.76411
[Test F1-max]  -  LA: 0.83117
Epoch: 93 | Loss: 2.276880513818469e-05  | Negative Loss: 0.0
[Test ROC-AUC]  -  SA: 0.00000,  LA: 0.84604
[Test AUPRC]  -  LA: 0.76411
[Test F1-max]  -  LA: 0.83117
Epoch: 94 | Loss: 2.2530390197061934e-05  | Negative Loss: 0.0
[Test ROC-AUC]  -  SA: 0.00000,  LA: 0.84604
[Test AUPRC]  -  LA: 0.76411
[Test F1-max]  -  LA: 0.83117
Epoch: 95 | Loss: 2.2291975255939178e-05  | Negative Loss: 0.0
[Test ROC-AUC]  -  SA: 0.00000,  LA: 0.84604
[Test AUPRC]  -  LA: 0.76411
[Test F1-max]  -  LA: 0.83117
Epoch: 96 | Loss: 2.205355849582702e-05  | Negative Loss: 0.0
[Test ROC-AUC]  -  SA: 0.00000,  LA: 0.84604
[Test AUPRC]  -  LA: 0.76411
[Test F1-max]  -  LA: 0.83117
Epoch: 97 | Loss: 2.1815143554704264e-05  | Negative Loss: 0.0
[Test ROC-AUC]  -  SA: 0.00000,  LA: 0.84604
[Test AUPRC]  -  LA: 0.76411
[Test F1-max]  -  LA: 0.83117
Epoch: 98 | Loss: 2.157672861358151e-05  | Negative Loss: 0.0
[Test ROC-AUC]  -  SA: 0.00000,  LA: 0.84604
[Test AUPRC]  -  LA: 0.76411
[Test F1-max]  -  LA: 0.83117
Epoch: 99 | Loss: 2.145752114302013e-05  | Negative Loss: 0.0
Time consumption: 85.96311855316162
Best LA AUC: 0.8673780487804879
Best LA AUPC: 0.8377293186392711
Best LA F1-max: 0.8533333333333333
[Result] Experiment result appended to ./results/train_hybrid_result.csv

[END] 2026-03-18 18:49:23
[RETURN CODE] 0
