[START] 2026-03-18 18:22:17
[GPU] 0
[TASK] 78/120
[NAME] banana_juice_promptad
[REPEAT] 8/10
[COMMAND] python train_hybrid.py --data_name banana_juice --mask True --text True --double_encoder True --few_shot True --shot 1 --hybrid_model promptad --hybrid_weight 0.3 --hybrid_batch_size 16 --epoch 100 --log True --lr 5e-4 --detection True --preprocess True

/home/seungeon/miniconda3/envs/LAB/lib/python3.10/site-packages/timm/models/layers/__init__.py:48: FutureWarning: Importing from timm.models.layers is deprecated, please import via timm.layers
  warnings.warn(f"Importing from {__name__} is deprecated, please import via timm.layers", FutureWarning)
/home/seungeon/Workspace/side/vlm/train_hybrid.py:18: DeprecationWarning: The distutils package is deprecated and slated for removal in Python 3.12. Use setuptools or check PEP 632 for potential alternatives
  from distutils.util import strtobool
Torch version: 2.9.1+cu128
cuda is loaded for process
here?
In my local computer
Namespace(epoch=100, gpu_number='0', data_name='banana_juice', lr=0.0005, batch_size=6, shuffle=True, seed=0, tag='default', model_name='ViT-B-32', pretrained_name='laion2b_s34b_b79k', lora=1, default=False, foundation='CLIP', detection=1, preprocess=1, num_rule=0, object_names=['a banana picture label', 'a 100% text label', 'a bottle cap', 'a black background'], objects_for_rules=[['a banana picture label'], ['a banana picture label', 'a 100% text label'], ['a banana picture label'], ['a 100% text label'], ['a banana picture label', 'a 100% text label']], texts_for_rules=[['a photo of banana picture label'], ['a photo of banana picture label and 100% text label'], ['a photo of banana picture label'], ['a photo of 100% text label'], ['a photo of banana picture label and 100% text label']], mask=1, text=1, score='mean', ciriculam_learning=False, few_shot=1, shot=1, log=1, neg_loss=0, double_encoder=1, pretrained_count_path=None, ris=0, rule_select='', rule_list=[], num_negative=5, hybrid_model='promptad', hybrid_weight=0.3, hybrid_class_name='', hybrid_batch_size=16, hybrid_backbone='ViT-B-16-plus-240', hybrid_pretrained_dataset='laion400m_e32', hybrid_scales=[2, 3], hybrid_img_resize=240, hybrid_img_cropsize=240, hybrid_resolution=400, hybrid_promptad_epoch=100, hybrid_promptad_lr=0.002, hybrid_promptad_momentum=0.9, hybrid_promptad_weight_decay=0.0005, hybrid_promptad_eta_min=1e-05, hybrid_promptad_lambda1=0.001, hybrid_promptad_n_ctx=4, hybrid_promptad_n_pro=3, hybrid_promptad_n_ctx_ab=1, hybrid_promptad_n_pro_ab=4, early_stop_k=10, result_log_path='./results/train_hybrid_result.csv')
[Hybrid] method=promptad, class_name=juice_bottle, train=1, eval=85, base_path=/data3/seungeon/data/image/mvtec_loco_anomaly_detection/banana_juice
[Hybrid-only] LA_AUC=0.84353, LA_AUPRC=0.66157, LA_F1=0.79487
[Data Description]
- Train: 1
- Test: 85

Train Start
[Test ROC-AUC]  -  SA: 0.00000,  LA: 0.76865
[Test AUPRC]  -  LA: 0.61088
[Test F1-max]  -  LA: 0.68354
Epoch: 0 | Loss: 11.460062026977539  | Negative Loss: 0.0
[Test ROC-AUC]  -  SA: 0.00000,  LA: 0.77448
[Test AUPRC]  -  LA: 0.61450
[Test F1-max]  -  LA: 0.68354
Epoch: 1 | Loss: 11.350493431091309  | Negative Loss: 0.0
[Test ROC-AUC]  -  SA: 0.00000,  LA: 0.81410
[Test AUPRC]  -  LA: 0.64450
[Test F1-max]  -  LA: 0.72289
Epoch: 2 | Loss: 10.114681243896484  | Negative Loss: 0.0
[Test ROC-AUC]  -  SA: 0.00000,  LA: 0.82984
[Test AUPRC]  -  LA: 0.64923
[Test F1-max]  -  LA: 0.76190
Epoch: 3 | Loss: 8.189842224121094  | Negative Loss: 0.0
[Test ROC-AUC]  -  SA: 0.00000,  LA: 0.82110
[Test AUPRC]  -  LA: 0.61915
[Test F1-max]  -  LA: 0.75000
Epoch: 4 | Loss: 5.9424543380737305  | Negative Loss: 0.0
[Test ROC-AUC]  -  SA: 0.00000,  LA: 0.81469
[Test AUPRC]  -  LA: 0.61673
[Test F1-max]  -  LA: 0.73684
Epoch: 5 | Loss: 3.9162230491638184  | Negative Loss: 0.0
[Test ROC-AUC]  -  SA: 0.00000,  LA: 0.80478
[Test AUPRC]  -  LA: 0.61549
[Test F1-max]  -  LA: 0.70455
Epoch: 6 | Loss: 2.3530843257904053  | Negative Loss: 0.0
[Test ROC-AUC]  -  SA: 0.00000,  LA: 0.80711
[Test AUPRC]  -  LA: 0.63660
[Test F1-max]  -  LA: 0.71910
Epoch: 7 | Loss: 1.3077197074890137  | Negative Loss: 0.0
[Test ROC-AUC]  -  SA: 0.00000,  LA: 0.80653
[Test AUPRC]  -  LA: 0.63577
[Test F1-max]  -  LA: 0.72289
Epoch: 8 | Loss: 0.7281109094619751  | Negative Loss: 0.0
[Test ROC-AUC]  -  SA: 0.00000,  LA: 0.80361
[Test AUPRC]  -  LA: 0.63552
[Test F1-max]  -  LA: 0.73171
Epoch: 9 | Loss: 0.4063057005405426  | Negative Loss: 0.0
[Test ROC-AUC]  -  SA: 0.00000,  LA: 0.80303
[Test AUPRC]  -  LA: 0.61268
[Test F1-max]  -  LA: 0.74074
Epoch: 10 | Loss: 0.22680029273033142  | Negative Loss: 0.0
[Test ROC-AUC]  -  SA: 0.00000,  LA: 0.80303
[Test AUPRC]  -  LA: 0.61508
[Test F1-max]  -  LA: 0.73171
Epoch: 11 | Loss: 0.12633568048477173  | Negative Loss: 0.0
[Test ROC-AUC]  -  SA: 0.00000,  LA: 0.80478
[Test AUPRC]  -  LA: 0.61801
[Test F1-max]  -  LA: 0.74074
Epoch: 12 | Loss: 0.0704590231180191  | Negative Loss: 0.0
[Test ROC-AUC]  -  SA: 0.00000,  LA: 0.80478
[Test AUPRC]  -  LA: 0.61253
[Test F1-max]  -  LA: 0.74074
Epoch: 13 | Loss: 0.03931644186377525  | Negative Loss: 0.0
[Test ROC-AUC]  -  SA: 0.00000,  LA: 0.80594
[Test AUPRC]  -  LA: 0.61402
[Test F1-max]  -  LA: 0.73171
Epoch: 14 | Loss: 0.022197682410478592  | Negative Loss: 0.0
[Test ROC-AUC]  -  SA: 0.00000,  LA: 0.80536
[Test AUPRC]  -  LA: 0.61063
[Test F1-max]  -  LA: 0.73171
Epoch: 15 | Loss: 0.012743865139782429  | Negative Loss: 0.0
[Test ROC-AUC]  -  SA: 0.00000,  LA: 0.80711
[Test AUPRC]  -  LA: 0.61128
[Test F1-max]  -  LA: 0.73171
Epoch: 16 | Loss: 0.0074075618758797646  | Negative Loss: 0.0
[Test ROC-AUC]  -  SA: 0.00000,  LA: 0.80594
[Test AUPRC]  -  LA: 0.61101
[Test F1-max]  -  LA: 0.73171
Epoch: 17 | Loss: 0.004374923650175333  | Negative Loss: 0.0
[Test ROC-AUC]  -  SA: 0.00000,  LA: 0.80711
[Test AUPRC]  -  LA: 0.61247
[Test F1-max]  -  LA: 0.73171
Epoch: 18 | Loss: 0.0026314144488424063  | Negative Loss: 0.0
[Test ROC-AUC]  -  SA: 0.00000,  LA: 0.80828
[Test AUPRC]  -  LA: 0.61428
[Test F1-max]  -  LA: 0.73171
Epoch: 19 | Loss: 0.001612044987268746  | Negative Loss: 0.0
[Test ROC-AUC]  -  SA: 0.00000,  LA: 0.81002
[Test AUPRC]  -  LA: 0.61351
[Test F1-max]  -  LA: 0.73171
Epoch: 20 | Loss: 0.0010081952204927802  | Negative Loss: 0.0
[Test ROC-AUC]  -  SA: 0.00000,  LA: 0.81119
[Test AUPRC]  -  LA: 0.61463
[Test F1-max]  -  LA: 0.73171
Epoch: 21 | Loss: 0.0006435306277126074  | Negative Loss: 0.0
[Test ROC-AUC]  -  SA: 0.00000,  LA: 0.81235
[Test AUPRC]  -  LA: 0.61476
[Test F1-max]  -  LA: 0.73171
Epoch: 22 | Loss: 0.00041958241490647197  | Negative Loss: 0.0
[Test ROC-AUC]  -  SA: 0.00000,  LA: 0.81352
[Test AUPRC]  -  LA: 0.61589
[Test F1-max]  -  LA: 0.72941
Epoch: 23 | Loss: 0.00027953050448559225  | Negative Loss: 0.0
[Test ROC-AUC]  -  SA: 0.00000,  LA: 0.81352
[Test AUPRC]  -  LA: 0.61553
[Test F1-max]  -  LA: 0.72941
Epoch: 24 | Loss: 0.00018977411673404276  | Negative Loss: 0.0
[Test ROC-AUC]  -  SA: 0.00000,  LA: 0.81469
[Test AUPRC]  -  LA: 0.61483
[Test F1-max]  -  LA: 0.72941
Epoch: 25 | Loss: 0.00013231886259745806  | Negative Loss: 0.0
[Test ROC-AUC]  -  SA: 0.00000,  LA: 0.81469
[Test AUPRC]  -  LA: 0.61483
[Test F1-max]  -  LA: 0.72941
Epoch: 26 | Loss: 9.381596464663744e-05  | Negative Loss: 0.0
[Test ROC-AUC]  -  SA: 0.00000,  LA: 0.81702
[Test AUPRC]  -  LA: 0.61502
[Test F1-max]  -  LA: 0.72941
Epoch: 27 | Loss: 6.806758028687909e-05  | Negative Loss: 0.0
[Test ROC-AUC]  -  SA: 0.00000,  LA: 0.82284
[Test AUPRC]  -  LA: 0.62196
[Test F1-max]  -  LA: 0.72941
Epoch: 28 | Loss: 5.0067399570252746e-05  | Negative Loss: 0.0
[Test ROC-AUC]  -  SA: 0.00000,  LA: 0.82343
[Test AUPRC]  -  LA: 0.62169
[Test F1-max]  -  LA: 0.73171
Epoch: 29 | Loss: 3.766985173569992e-05  | Negative Loss: 0.0
[Test ROC-AUC]  -  SA: 0.00000,  LA: 0.82517
[Test AUPRC]  -  LA: 0.62281
[Test F1-max]  -  LA: 0.73418
Epoch: 30 | Loss: 2.8967690013814718e-05  | Negative Loss: 0.0
[Test ROC-AUC]  -  SA: 0.00000,  LA: 0.82576
[Test AUPRC]  -  LA: 0.62328
[Test F1-max]  -  LA: 0.74359
Epoch: 31 | Loss: 2.2768868802813813e-05  | Negative Loss: 0.0
[Test ROC-AUC]  -  SA: 0.00000,  LA: 0.82692
[Test AUPRC]  -  LA: 0.62396
[Test F1-max]  -  LA: 0.74359
Epoch: 32 | Loss: 1.8119746528100222e-05  | Negative Loss: 0.0
[Test ROC-AUC]  -  SA: 0.00000,  LA: 0.82867
[Test AUPRC]  -  LA: 0.62540
[Test F1-max]  -  LA: 0.74359
Epoch: 33 | Loss: 1.4662698959000409e-05  | Negative Loss: 0.0
[Test ROC-AUC]  -  SA: 0.00000,  LA: 0.82925
[Test AUPRC]  -  LA: 0.62606
[Test F1-max]  -  LA: 0.74359
Epoch: 34 | Loss: 1.1920899851247668e-05  | Negative Loss: 0.0
[Test ROC-AUC]  -  SA: 0.00000,  LA: 0.82984
[Test AUPRC]  -  LA: 0.62546
[Test F1-max]  -  LA: 0.74359
Epoch: 35 | Loss: 1.0013560313382186e-05  | Negative Loss: 0.0
[Test ROC-AUC]  -  SA: 0.00000,  LA: 0.83042
[Test AUPRC]  -  LA: 0.62502
[Test F1-max]  -  LA: 0.75325
Epoch: 36 | Loss: 8.344636626134161e-06  | Negative Loss: 0.0
[Test ROC-AUC]  -  SA: 0.00000,  LA: 0.83159
[Test AUPRC]  -  LA: 0.62656
[Test F1-max]  -  LA: 0.75325
Epoch: 37 | Loss: 7.033338079054374e-06  | Negative Loss: 0.0
[Test ROC-AUC]  -  SA: 0.00000,  LA: 0.83217
[Test AUPRC]  -  LA: 0.62706
[Test F1-max]  -  LA: 0.75325
Epoch: 38 | Loss: 6.0796664911322296e-06  | Negative Loss: 0.0
[Test ROC-AUC]  -  SA: 0.00000,  LA: 0.83275
[Test AUPRC]  -  LA: 0.62753
[Test F1-max]  -  LA: 0.76316
Epoch: 39 | Loss: 5.364411663322244e-06  | Negative Loss: 0.0
[Test ROC-AUC]  -  SA: 0.00000,  LA: 0.83333
[Test AUPRC]  -  LA: 0.62803
[Test F1-max]  -  LA: 0.76316
Epoch: 40 | Loss: 4.768367034557741e-06  | Negative Loss: 0.0
[Test ROC-AUC]  -  SA: 0.00000,  LA: 0.83392
[Test AUPRC]  -  LA: 0.62833
[Test F1-max]  -  LA: 0.76316
Epoch: 41 | Loss: 4.172321496298537e-06  | Negative Loss: 0.0
[Test ROC-AUC]  -  SA: 0.00000,  LA: 0.83508
[Test AUPRC]  -  LA: 0.62946
[Test F1-max]  -  LA: 0.77333
Epoch: 42 | Loss: 3.8146945371408947e-06  | Negative Loss: 0.0
[Test ROC-AUC]  -  SA: 0.00000,  LA: 0.83508
[Test AUPRC]  -  LA: 0.62946
[Test F1-max]  -  LA: 0.77333
Epoch: 43 | Loss: 3.4570668958622264e-06  | Negative Loss: 0.0
[Test ROC-AUC]  -  SA: 0.00000,  LA: 0.83508
[Test AUPRC]  -  LA: 0.62946
[Test F1-max]  -  LA: 0.77333
Epoch: 44 | Loss: 3.099439709330909e-06  | Negative Loss: 0.0
[Test ROC-AUC]  -  SA: 0.00000,  LA: 0.83566
[Test AUPRC]  -  LA: 0.62987
[Test F1-max]  -  LA: 0.77333
Epoch: 45 | Loss: 2.9802304197801277e-06  | Negative Loss: 0.0
[Test ROC-AUC]  -  SA: 0.00000,  LA: 0.83625
[Test AUPRC]  -  LA: 0.63029
[Test F1-max]  -  LA: 0.77333
Epoch: 46 | Loss: 2.7418120680522406e-06  | Negative Loss: 0.0
[Test ROC-AUC]  -  SA: 0.00000,  LA: 0.83741
[Test AUPRC]  -  LA: 0.63187
[Test F1-max]  -  LA: 0.77333
Epoch: 47 | Loss: 2.5033937163243536e-06  | Negative Loss: 0.0
[Test ROC-AUC]  -  SA: 0.00000,  LA: 0.83800
[Test AUPRC]  -  LA: 0.63217
[Test F1-max]  -  LA: 0.77333
Epoch: 48 | Loss: 2.264975591970142e-06  | Negative Loss: 0.0
[Test ROC-AUC]  -  SA: 0.00000,  LA: 0.83800
[Test AUPRC]  -  LA: 0.63217
[Test F1-max]  -  LA: 0.77333
Epoch: 49 | Loss: 2.1457663024193607e-06  | Negative Loss: 0.0
[Test ROC-AUC]  -  SA: 0.00000,  LA: 0.83800
[Test AUPRC]  -  LA: 0.63217
[Test F1-max]  -  LA: 0.77333
Epoch: 50 | Loss: 2.0265570128685795e-06  | Negative Loss: 0.0
[Test ROC-AUC]  -  SA: 0.00000,  LA: 0.83829
[Test AUPRC]  -  LA: 0.63124
[Test F1-max]  -  LA: 0.77333
Epoch: 51 | Loss: 2.0265570128685795e-06  | Negative Loss: 0.0
[Test ROC-AUC]  -  SA: 0.00000,  LA: 0.83800
[Test AUPRC]  -  LA: 0.63124
[Test F1-max]  -  LA: 0.77333
Epoch: 52 | Loss: 1.9073479506914737e-06  | Negative Loss: 0.0
[Test ROC-AUC]  -  SA: 0.00000,  LA: 0.83741
[Test AUPRC]  -  LA: 0.62961
[Test F1-max]  -  LA: 0.77333
Epoch: 53 | Loss: 1.7881386611406924e-06  | Negative Loss: 0.0
[Test ROC-AUC]  -  SA: 0.00000,  LA: 0.83741
[Test AUPRC]  -  LA: 0.62961
[Test F1-max]  -  LA: 0.77333
Epoch: 54 | Loss: 1.7881386611406924e-06  | Negative Loss: 0.0
[Test ROC-AUC]  -  SA: 0.00000,  LA: 0.83800
[Test AUPRC]  -  LA: 0.62992
[Test F1-max]  -  LA: 0.77333
Epoch: 55 | Loss: 1.6689295989635866e-06  | Negative Loss: 0.0
[Test ROC-AUC]  -  SA: 0.00000,  LA: 0.83741
[Test AUPRC]  -  LA: 0.62825
[Test F1-max]  -  LA: 0.77333
Epoch: 56 | Loss: 1.6689295989635866e-06  | Negative Loss: 0.0
[Test ROC-AUC]  -  SA: 0.00000,  LA: 0.83741
[Test AUPRC]  -  LA: 0.62825
[Test F1-max]  -  LA: 0.77333
Epoch: 57 | Loss: 1.6689295989635866e-06  | Negative Loss: 0.0
[Test ROC-AUC]  -  SA: 0.00000,  LA: 0.83800
[Test AUPRC]  -  LA: 0.62952
[Test F1-max]  -  LA: 0.77333
Epoch: 58 | Loss: 1.5497203094128054e-06  | Negative Loss: 0.0
[Test ROC-AUC]  -  SA: 0.00000,  LA: 0.83800
[Test AUPRC]  -  LA: 0.62952
[Test F1-max]  -  LA: 0.77333
Epoch: 59 | Loss: 1.4305111335488618e-06  | Negative Loss: 0.0
[Test ROC-AUC]  -  SA: 0.00000,  LA: 0.83800
[Test AUPRC]  -  LA: 0.62952
[Test F1-max]  -  LA: 0.77333
Epoch: 60 | Loss: 1.4305111335488618e-06  | Negative Loss: 0.0
[Test ROC-AUC]  -  SA: 0.00000,  LA: 0.83800
[Test AUPRC]  -  LA: 0.62952
[Test F1-max]  -  LA: 0.77333
Epoch: 61 | Loss: 1.3113018439980806e-06  | Negative Loss: 0.0
[Test ROC-AUC]  -  SA: 0.00000,  LA: 0.83800
[Test AUPRC]  -  LA: 0.62952
[Test F1-max]  -  LA: 0.77333
Epoch: 62 | Loss: 1.3113018439980806e-06  | Negative Loss: 0.0
[Test ROC-AUC]  -  SA: 0.00000,  LA: 0.83800
[Test AUPRC]  -  LA: 0.62952
[Test F1-max]  -  LA: 0.77333
Epoch: 63 | Loss: 1.3113018439980806e-06  | Negative Loss: 0.0
[Test ROC-AUC]  -  SA: 0.00000,  LA: 0.83858
[Test AUPRC]  -  LA: 0.62984
[Test F1-max]  -  LA: 0.77333
Epoch: 64 | Loss: 1.3113018439980806e-06  | Negative Loss: 0.0
[Test ROC-AUC]  -  SA: 0.00000,  LA: 0.83858
[Test AUPRC]  -  LA: 0.62984
[Test F1-max]  -  LA: 0.77333
Epoch: 65 | Loss: 1.3113018439980806e-06  | Negative Loss: 0.0
[Test ROC-AUC]  -  SA: 0.00000,  LA: 0.83858
[Test AUPRC]  -  LA: 0.62984
[Test F1-max]  -  LA: 0.77333
Epoch: 66 | Loss: 1.3113018439980806e-06  | Negative Loss: 0.0
[Test ROC-AUC]  -  SA: 0.00000,  LA: 0.83858
[Test AUPRC]  -  LA: 0.62984
[Test F1-max]  -  LA: 0.77333
Epoch: 67 | Loss: 1.3113018439980806e-06  | Negative Loss: 0.0
[Test ROC-AUC]  -  SA: 0.00000,  LA: 0.83858
[Test AUPRC]  -  LA: 0.62984
[Test F1-max]  -  LA: 0.77333
Epoch: 68 | Loss: 1.192092668134137e-06  | Negative Loss: 0.0
[Test ROC-AUC]  -  SA: 0.00000,  LA: 0.83858
[Test AUPRC]  -  LA: 0.62984
[Test F1-max]  -  LA: 0.77333
Epoch: 69 | Loss: 1.192092668134137e-06  | Negative Loss: 0.0
[Test ROC-AUC]  -  SA: 0.00000,  LA: 0.83858
[Test AUPRC]  -  LA: 0.62984
[Test F1-max]  -  LA: 0.77333
Epoch: 70 | Loss: 1.192092668134137e-06  | Negative Loss: 0.0
[Test ROC-AUC]  -  SA: 0.00000,  LA: 0.83858
[Test AUPRC]  -  LA: 0.62984
[Test F1-max]  -  LA: 0.77333
Epoch: 71 | Loss: 1.0728833785833558e-06  | Negative Loss: 0.0
[Test ROC-AUC]  -  SA: 0.00000,  LA: 0.83858
[Test AUPRC]  -  LA: 0.62984
[Test F1-max]  -  LA: 0.77333
Epoch: 72 | Loss: 1.0728833785833558e-06  | Negative Loss: 0.0
[Test ROC-AUC]  -  SA: 0.00000,  LA: 0.83858
[Test AUPRC]  -  LA: 0.62984
[Test F1-max]  -  LA: 0.77333
Epoch: 73 | Loss: 1.0728833785833558e-06  | Negative Loss: 0.0
[Test ROC-AUC]  -  SA: 0.00000,  LA: 0.83916
[Test AUPRC]  -  LA: 0.63020
[Test F1-max]  -  LA: 0.77333
Epoch: 74 | Loss: 1.0728833785833558e-06  | Negative Loss: 0.0
[Test ROC-AUC]  -  SA: 0.00000,  LA: 0.83916
[Test AUPRC]  -  LA: 0.63020
[Test F1-max]  -  LA: 0.77333
Epoch: 75 | Loss: 1.0728833785833558e-06  | Negative Loss: 0.0
[Test ROC-AUC]  -  SA: 0.00000,  LA: 0.83916
[Test AUPRC]  -  LA: 0.63020
[Test F1-max]  -  LA: 0.77333
Epoch: 76 | Loss: 1.0728833785833558e-06  | Negative Loss: 0.0
[Test ROC-AUC]  -  SA: 0.00000,  LA: 0.83916
[Test AUPRC]  -  LA: 0.63020
[Test F1-max]  -  LA: 0.77333
Epoch: 77 | Loss: 1.0728833785833558e-06  | Negative Loss: 0.0
[Test ROC-AUC]  -  SA: 0.00000,  LA: 0.83916
[Test AUPRC]  -  LA: 0.63020
[Test F1-max]  -  LA: 0.77333
Epoch: 78 | Loss: 1.0728833785833558e-06  | Negative Loss: 0.0
[Test ROC-AUC]  -  SA: 0.00000,  LA: 0.83916
[Test AUPRC]  -  LA: 0.63020
[Test F1-max]  -  LA: 0.77333
Epoch: 79 | Loss: 1.0728833785833558e-06  | Negative Loss: 0.0
[Test ROC-AUC]  -  SA: 0.00000,  LA: 0.83916
[Test AUPRC]  -  LA: 0.63020
[Test F1-max]  -  LA: 0.77333
Epoch: 80 | Loss: 1.0728833785833558e-06  | Negative Loss: 0.0
[Test ROC-AUC]  -  SA: 0.00000,  LA: 0.83916
[Test AUPRC]  -  LA: 0.63020
[Test F1-max]  -  LA: 0.77333
Epoch: 81 | Loss: 1.0728833785833558e-06  | Negative Loss: 0.0
[Test ROC-AUC]  -  SA: 0.00000,  LA: 0.83916
[Test AUPRC]  -  LA: 0.63020
[Test F1-max]  -  LA: 0.77333
Epoch: 82 | Loss: 1.0728833785833558e-06  | Negative Loss: 0.0
[Test ROC-AUC]  -  SA: 0.00000,  LA: 0.83916
[Test AUPRC]  -  LA: 0.63020
[Test F1-max]  -  LA: 0.77333
Epoch: 83 | Loss: 1.0728833785833558e-06  | Negative Loss: 0.0
[Test ROC-AUC]  -  SA: 0.00000,  LA: 0.83916
[Test AUPRC]  -  LA: 0.63020
[Test F1-max]  -  LA: 0.77333
Epoch: 84 | Loss: 1.0728833785833558e-06  | Negative Loss: 0.0
[Test ROC-AUC]  -  SA: 0.00000,  LA: 0.83916
[Test AUPRC]  -  LA: 0.63020
[Test F1-max]  -  LA: 0.77333
Epoch: 85 | Loss: 1.0728833785833558e-06  | Negative Loss: 0.0
[Test ROC-AUC]  -  SA: 0.00000,  LA: 0.83916
[Test AUPRC]  -  LA: 0.63020
[Test F1-max]  -  LA: 0.77333
Epoch: 86 | Loss: 9.536741458759934e-07  | Negative Loss: 0.0
[Test ROC-AUC]  -  SA: 0.00000,  LA: 0.83916
[Test AUPRC]  -  LA: 0.63020
[Test F1-max]  -  LA: 0.77333
Epoch: 87 | Loss: 9.536741458759934e-07  | Negative Loss: 0.0
[Test ROC-AUC]  -  SA: 0.00000,  LA: 0.83916
[Test AUPRC]  -  LA: 0.63020
[Test F1-max]  -  LA: 0.77333
Epoch: 88 | Loss: 9.536741458759934e-07  | Negative Loss: 0.0
[Test ROC-AUC]  -  SA: 0.00000,  LA: 0.83916
[Test AUPRC]  -  LA: 0.63020
[Test F1-max]  -  LA: 0.77333
Epoch: 89 | Loss: 9.536741458759934e-07  | Negative Loss: 0.0
[Test ROC-AUC]  -  SA: 0.00000,  LA: 0.83916
[Test AUPRC]  -  LA: 0.63020
[Test F1-max]  -  LA: 0.77333
Epoch: 90 | Loss: 9.536741458759934e-07  | Negative Loss: 0.0
[Test ROC-AUC]  -  SA: 0.00000,  LA: 0.83916
[Test AUPRC]  -  LA: 0.63020
[Test F1-max]  -  LA: 0.77333
Epoch: 91 | Loss: 9.536741458759934e-07  | Negative Loss: 0.0
[Test ROC-AUC]  -  SA: 0.00000,  LA: 0.83974
[Test AUPRC]  -  LA: 0.63103
[Test F1-max]  -  LA: 0.77333
Epoch: 92 | Loss: 9.536741458759934e-07  | Negative Loss: 0.0
[Test ROC-AUC]  -  SA: 0.00000,  LA: 0.83974
[Test AUPRC]  -  LA: 0.63103
[Test F1-max]  -  LA: 0.77333
Epoch: 93 | Loss: 9.536741458759934e-07  | Negative Loss: 0.0
[Test ROC-AUC]  -  SA: 0.00000,  LA: 0.83974
[Test AUPRC]  -  LA: 0.63103
[Test F1-max]  -  LA: 0.77333
Epoch: 94 | Loss: 9.536741458759934e-07  | Negative Loss: 0.0
[Test ROC-AUC]  -  SA: 0.00000,  LA: 0.83916
[Test AUPRC]  -  LA: 0.63030
[Test F1-max]  -  LA: 0.77333
Epoch: 95 | Loss: 9.536741458759934e-07  | Negative Loss: 0.0
[Test ROC-AUC]  -  SA: 0.00000,  LA: 0.83858
[Test AUPRC]  -  LA: 0.62981
[Test F1-max]  -  LA: 0.76316
Epoch: 96 | Loss: 9.536741458759934e-07  | Negative Loss: 0.0
[Test ROC-AUC]  -  SA: 0.00000,  LA: 0.83858
[Test AUPRC]  -  LA: 0.62981
[Test F1-max]  -  LA: 0.76316
Epoch: 97 | Loss: 9.536741458759934e-07  | Negative Loss: 0.0
[Test ROC-AUC]  -  SA: 0.00000,  LA: 0.83858
[Test AUPRC]  -  LA: 0.62981
[Test F1-max]  -  LA: 0.76316
Epoch: 98 | Loss: 9.536741458759934e-07  | Negative Loss: 0.0
[Test ROC-AUC]  -  SA: 0.00000,  LA: 0.83858
[Test AUPRC]  -  LA: 0.62981
[Test F1-max]  -  LA: 0.76316
Epoch: 99 | Loss: 9.536741458759934e-07  | Negative Loss: 0.0
Time consumption: 93.52436590194702
Best LA AUC: 0.8397435897435896
Best LA AUPC: 0.6492322230984283
Best LA F1-max: 0.7733333333333333
[Result] Experiment result appended to ./results/train_hybrid_result.csv

[END] 2026-03-18 18:25:14
[RETURN CODE] 0
