[START] 2026-03-18 18:49:23
[GPU] 0
[TASK] 108/120
[NAME] cherry_juice_winclip
[REPEAT] 8/10
[COMMAND] python train_hybrid.py --data_name cherry_juice --mask True --text True --double_encoder True --few_shot True --shot 1 --hybrid_model winclip --hybrid_weight 0.3 --hybrid_batch_size 16 --epoch 100 --log True --lr 5e-4 --detection True --preprocess True

/home/seungeon/miniconda3/envs/LAB/lib/python3.10/site-packages/timm/models/layers/__init__.py:48: FutureWarning: Importing from timm.models.layers is deprecated, please import via timm.layers
  warnings.warn(f"Importing from {__name__} is deprecated, please import via timm.layers", FutureWarning)
/home/seungeon/Workspace/side/vlm/train_hybrid.py:18: DeprecationWarning: The distutils package is deprecated and slated for removal in Python 3.12. Use setuptools or check PEP 632 for potential alternatives
  from distutils.util import strtobool
Torch version: 2.9.1+cu128
cuda is loaded for process
here?
In my local computer
Namespace(epoch=100, gpu_number='0', data_name='cherry_juice', lr=0.0005, batch_size=6, shuffle=True, seed=0, tag='default', model_name='ViT-B-32', pretrained_name='laion2b_s34b_b79k', lora=1, default=False, foundation='CLIP', detection=1, preprocess=1, num_rule=0, object_names=['a photo of cherry picture label', 'a photo of 100% text label', 'a photo of bottle cap', 'a photo of black background'], objects_for_rules=[['a photo of cherry picture label'], ['a photo of cherry picture label', 'a photo of 100% text label'], ['a photo of cherry picture label'], ['a photo of 100% text label'], ['a photo of cherry picture label', 'a photo of 100% text label']], texts_for_rules=[['a photo of cherry picture label'], ['a photo of cherry picture label and 100% text label'], ['a photo of cherry picture label'], ['a photo of 100% text label'], ['a photo of fruit picture label and 100% text label']], mask=1, text=1, score='mean', ciriculam_learning=False, few_shot=1, shot=1, log=1, neg_loss=0, double_encoder=1, pretrained_count_path=None, ris=0, rule_select='', rule_list=[], num_negative=5, hybrid_model='winclip', hybrid_weight=0.3, hybrid_class_name='', hybrid_batch_size=16, hybrid_backbone='ViT-B-16-plus-240', hybrid_pretrained_dataset='laion400m_e32', hybrid_scales=[2, 3], hybrid_img_resize=240, hybrid_img_cropsize=240, hybrid_resolution=400, hybrid_promptad_epoch=100, hybrid_promptad_lr=0.002, hybrid_promptad_momentum=0.9, hybrid_promptad_weight_decay=0.0005, hybrid_promptad_eta_min=1e-05, hybrid_promptad_lambda1=0.001, hybrid_promptad_n_ctx=4, hybrid_promptad_n_pro=3, hybrid_promptad_n_ctx_ab=1, hybrid_promptad_n_pro_ab=4, early_stop_k=10, result_log_path='./results/train_hybrid_result.csv')
[Hybrid] method=winclip, class_name=juice_bottle, train=1, eval=73, base_path=/data3/seungeon/data/image/mvtec_loco_anomaly_detection/cherry_juice
grid 240 16 (15, 15)
[Hybrid-only] LA_AUC=0.77439, LA_AUPRC=0.63868, LA_F1=0.75294
[Data Description]
- Train: 1
- Test: 73

Train Start
[Test ROC-AUC]  -  SA: 0.00000,  LA: 0.69970
[Test AUPRC]  -  LA: 0.59153
[Test F1-max]  -  LA: 0.68889
Epoch: 0 | Loss: 12.525556564331055  | Negative Loss: 0.0
[Test ROC-AUC]  -  SA: 0.00000,  LA: 0.70427
[Test AUPRC]  -  LA: 0.59555
[Test F1-max]  -  LA: 0.68889
Epoch: 1 | Loss: 12.423211097717285  | Negative Loss: 0.0
[Test ROC-AUC]  -  SA: 0.00000,  LA: 0.76601
[Test AUPRC]  -  LA: 0.66647
[Test F1-max]  -  LA: 0.71642
Epoch: 2 | Loss: 11.096307754516602  | Negative Loss: 0.0
[Test ROC-AUC]  -  SA: 0.00000,  LA: 0.83460
[Test AUPRC]  -  LA: 0.72875
[Test F1-max]  -  LA: 0.76471
Epoch: 3 | Loss: 9.019752502441406  | Negative Loss: 0.0
[Test ROC-AUC]  -  SA: 0.00000,  LA: 0.86509
[Test AUPRC]  -  LA: 0.75866
[Test F1-max]  -  LA: 0.80000
Epoch: 4 | Loss: 6.614211082458496  | Negative Loss: 0.0
[Test ROC-AUC]  -  SA: 0.00000,  LA: 0.87881
[Test AUPRC]  -  LA: 0.80570
[Test F1-max]  -  LA: 0.80000
Epoch: 5 | Loss: 4.558361053466797  | Negative Loss: 0.0
[Test ROC-AUC]  -  SA: 0.00000,  LA: 0.88186
[Test AUPRC]  -  LA: 0.82379
[Test F1-max]  -  LA: 0.80519
Epoch: 6 | Loss: 3.112694263458252  | Negative Loss: 0.0
[Test ROC-AUC]  -  SA: 0.00000,  LA: 0.88948
[Test AUPRC]  -  LA: 0.84440
[Test F1-max]  -  LA: 0.81159
Epoch: 7 | Loss: 2.105602741241455  | Negative Loss: 0.0
[Test ROC-AUC]  -  SA: 0.00000,  LA: 0.89710
[Test AUPRC]  -  LA: 0.85600
[Test F1-max]  -  LA: 0.82192
Epoch: 8 | Loss: 1.3578180074691772  | Negative Loss: 0.0
[Test ROC-AUC]  -  SA: 0.00000,  LA: 0.90473
[Test AUPRC]  -  LA: 0.86218
[Test F1-max]  -  LA: 0.84507
Epoch: 9 | Loss: 0.8250480890274048  | Negative Loss: 0.0
[Test ROC-AUC]  -  SA: 0.00000,  LA: 0.90091
[Test AUPRC]  -  LA: 0.85857
[Test F1-max]  -  LA: 0.82857
Epoch: 10 | Loss: 0.47949057817459106  | Negative Loss: 0.0
[Test ROC-AUC]  -  SA: 0.00000,  LA: 0.90244
[Test AUPRC]  -  LA: 0.85473
[Test F1-max]  -  LA: 0.82857
Epoch: 11 | Loss: 0.2722291350364685  | Negative Loss: 0.0
[Test ROC-AUC]  -  SA: 0.00000,  LA: 0.90244
[Test AUPRC]  -  LA: 0.85452
[Test F1-max]  -  LA: 0.82857
Epoch: 12 | Loss: 0.15071572363376617  | Negative Loss: 0.0
[Test ROC-AUC]  -  SA: 0.00000,  LA: 0.90244
[Test AUPRC]  -  LA: 0.85315
[Test F1-max]  -  LA: 0.82857
Epoch: 13 | Loss: 0.08165036141872406  | Negative Loss: 0.0
[Test ROC-AUC]  -  SA: 0.00000,  LA: 0.90625
[Test AUPRC]  -  LA: 0.85591
[Test F1-max]  -  LA: 0.82857
Epoch: 14 | Loss: 0.043940700590610504  | Negative Loss: 0.0
[Test ROC-AUC]  -  SA: 0.00000,  LA: 0.90930
[Test AUPRC]  -  LA: 0.85800
[Test F1-max]  -  LA: 0.83333
Epoch: 15 | Loss: 0.023646477609872818  | Negative Loss: 0.0
[Test ROC-AUC]  -  SA: 0.00000,  LA: 0.91159
[Test AUPRC]  -  LA: 0.85763
[Test F1-max]  -  LA: 0.83333
Epoch: 16 | Loss: 0.012955940328538418  | Negative Loss: 0.0
[Test ROC-AUC]  -  SA: 0.00000,  LA: 0.91311
[Test AUPRC]  -  LA: 0.85796
[Test F1-max]  -  LA: 0.83333
Epoch: 17 | Loss: 0.007221958599984646  | Negative Loss: 0.0
[Test ROC-AUC]  -  SA: 0.00000,  LA: 0.91235
[Test AUPRC]  -  LA: 0.84904
[Test F1-max]  -  LA: 0.84211
Epoch: 18 | Loss: 0.004100722260773182  | Negative Loss: 0.0
[Test ROC-AUC]  -  SA: 0.00000,  LA: 0.91235
[Test AUPRC]  -  LA: 0.84768
[Test F1-max]  -  LA: 0.84507
Epoch: 19 | Loss: 0.0023826269898563623  | Negative Loss: 0.0
[Test ROC-AUC]  -  SA: 0.00000,  LA: 0.91006
[Test AUPRC]  -  LA: 0.84562
[Test F1-max]  -  LA: 0.83582
Epoch: 20 | Loss: 0.0014134874800220132  | Negative Loss: 0.0
[Test ROC-AUC]  -  SA: 0.00000,  LA: 0.91159
[Test AUPRC]  -  LA: 0.83811
[Test F1-max]  -  LA: 0.85294
Epoch: 21 | Loss: 0.0008560982532799244  | Negative Loss: 0.0
[Test ROC-AUC]  -  SA: 0.00000,  LA: 0.91006
[Test AUPRC]  -  LA: 0.83650
[Test F1-max]  -  LA: 0.85294
Epoch: 22 | Loss: 0.0005308411782607436  | Negative Loss: 0.0
[Test ROC-AUC]  -  SA: 0.00000,  LA: 0.90549
[Test AUPRC]  -  LA: 0.83687
[Test F1-max]  -  LA: 0.84058
Epoch: 23 | Loss: 0.00033707625698298216  | Negative Loss: 0.0
[Test ROC-AUC]  -  SA: 0.00000,  LA: 0.90473
[Test AUPRC]  -  LA: 0.83528
[Test F1-max]  -  LA: 0.84058
Epoch: 24 | Loss: 0.0002192056126659736  | Negative Loss: 0.0
[Test ROC-AUC]  -  SA: 0.00000,  LA: 0.90091
[Test AUPRC]  -  LA: 0.83066
[Test F1-max]  -  LA: 0.83117
Epoch: 25 | Loss: 0.00014590314822271466  | Negative Loss: 0.0
[Test ROC-AUC]  -  SA: 0.00000,  LA: 0.90091
[Test AUPRC]  -  LA: 0.83163
[Test F1-max]  -  LA: 0.83582
Epoch: 26 | Loss: 9.929713269229978e-05  | Negative Loss: 0.0
[Test ROC-AUC]  -  SA: 0.00000,  LA: 0.90015
[Test AUPRC]  -  LA: 0.82904
[Test F1-max]  -  LA: 0.84375
Epoch: 27 | Loss: 6.890092481626198e-05  | Negative Loss: 0.0
[Test ROC-AUC]  -  SA: 0.00000,  LA: 0.89405
[Test AUPRC]  -  LA: 0.81983
[Test F1-max]  -  LA: 0.83117
Epoch: 28 | Loss: 4.9113190470961854e-05  | Negative Loss: 0.0
[Test ROC-AUC]  -  SA: 0.00000,  LA: 0.89177
[Test AUPRC]  -  LA: 0.81779
[Test F1-max]  -  LA: 0.83117
Epoch: 29 | Loss: 3.552382258931175e-05  | Negative Loss: 0.0
[Test ROC-AUC]  -  SA: 0.00000,  LA: 0.89101
[Test AUPRC]  -  LA: 0.81495
[Test F1-max]  -  LA: 0.83117
Epoch: 30 | Loss: 2.6344954676460475e-05  | Negative Loss: 0.0
[Test ROC-AUC]  -  SA: 0.00000,  LA: 0.88796
[Test AUPRC]  -  LA: 0.81032
[Test F1-max]  -  LA: 0.83117
Epoch: 31 | Loss: 2.0026987840537913e-05  | Negative Loss: 0.0
[Test ROC-AUC]  -  SA: 0.00000,  LA: 0.88415
[Test AUPRC]  -  LA: 0.80310
[Test F1-max]  -  LA: 0.81579
Epoch: 32 | Loss: 1.5258687199093401e-05  | Negative Loss: 0.0
[Test ROC-AUC]  -  SA: 0.00000,  LA: 0.88034
[Test AUPRC]  -  LA: 0.79858
[Test F1-max]  -  LA: 0.81579
Epoch: 33 | Loss: 1.1801657819887623e-05  | Negative Loss: 0.0
[Test ROC-AUC]  -  SA: 0.00000,  LA: 0.87805
[Test AUPRC]  -  LA: 0.79459
[Test F1-max]  -  LA: 0.81579
Epoch: 34 | Loss: 9.536703146295622e-06  | Negative Loss: 0.0
[Test ROC-AUC]  -  SA: 0.00000,  LA: 0.87576
[Test AUPRC]  -  LA: 0.79289
[Test F1-max]  -  LA: 0.81013
Epoch: 35 | Loss: 7.74857744545443e-06  | Negative Loss: 0.0
[Test ROC-AUC]  -  SA: 0.00000,  LA: 0.87424
[Test AUPRC]  -  LA: 0.79186
[Test F1-max]  -  LA: 0.81013
[Early Stopping] LA AUROC dropped for 10 consecutive epochs. Stop at epoch 37/100.
Time consumption: 31.253085136413574
Best LA AUC: 0.913109756097561
Best LA AUPC: 0.8621754700966786
Best LA F1-max: 0.8529411764705882
[Result] Experiment result appended to ./results/train_hybrid_result.csv

[END] 2026-03-18 18:51:49
[RETURN CODE] 0
